Loaded 1002 Ancients
Nr. high coverage ancients: 517
Picking individual I0746 

Doing Individual I0746...
Using Low-Mem Cython Linear Speed Up.
Loaded Pre Processing Model: SardHDF5
Loading Individual: I0746

Loaded 1145647 variants
Loaded 4616 individuals
HDF5 loaded from ./Data/Marcus2019_1240k/mod_reich_sardinia_ancients_rev_mrg_dedup_3trm_anno.h5

Loaded 89147 variants
Loaded 2504 individuals
HDF5 loaded from ./Data/1000Genomes/HDF5/1240kHDF5/all1240/chr1.hdf5

Intersection on Positions: 89143
Nr of Matching Refs: 89143 / 89143
Full Intersection Ref/Alt Identical: 89079 / 89143
2504 / 2504 Individuals included in Reference
Extraction of 2 Haplotypes complete
Extraction of 5008 Haplotypes complete
Reduced to markers called 76321 / 89079
(Fraction SNP: 0.8567788143108925)
Successfully saved to: ./Empirical/1240k/MarcusAncsPH/I0746/chr1/
Shuffling phase of target...
Successfully loaded Data from: ./Empirical/1240k/MarcusAncsPH/I0746/chr1/
Loaded Emission Model: haploid
Loaded Transition Model: model
Loaded Post Processing Model: Standard
Minimum Genetic Map: 0.0201
Maximum Genetic Map: 2.8627
Gaps bigger than 0.1 cM: 288
Maximum Gap: 2.9476 cM
Loaded Transition and Emission Matrix:
(3, 3)
(5009, 76321)
Loaded Observations:
(2, 76321)
Memory Usage: 3640.623104 mB
Reference Number: 5008
Total Log likelihood: -26542.602
Memory Usage: 3641.07776 mB
Finished Calculation State Posteriors
Saved Zero State Posterior to ./Empirical/1240k/MarcusAncsPH/I0746/chr1/.
Successfully loaded for PP. from ./Empirical/1240k/MarcusAncsPH/I0746/chr1/
Fraction Markers in ROH: 0.4084
Merged n=0 gaps < 0.0 M
Called n=14 ROH Blocks > 1.0 cM
Longest Block: 2.655
Successfully saved to ./Empirical/1240k/MarcusAncsPH/I0746/chr1/roh.csv
Using Low-Mem Cython Linear Speed Up.
Loaded Pre Processing Model: SardHDF5
Loading Individual: I0746

Loaded 1145647 variants
Loaded 4616 individuals
HDF5 loaded from ./Data/Marcus2019_1240k/mod_reich_sardinia_ancients_rev_mrg_dedup_3trm_anno.h5

Loaded 94239 variants
Loaded 2504 individuals
HDF5 loaded from ./Data/1000Genomes/HDF5/1240kHDF5/all1240/chr2.hdf5

Intersection on Positions: 94237
Nr of Matching Refs: 94205 / 94237
Full Intersection Ref/Alt Identical: 94137 / 94237
2504 / 2504 Individuals included in Reference
Extraction of 2 Haplotypes complete
Extraction of 5008 Haplotypes complete
Reduced to markers called 79609 / 94137
(Fraction SNP: 0.8456717337497477)
Successfully saved to: ./Empirical/1240k/MarcusAncsPH/I0746/chr2/
Shuffling phase of target...
Successfully loaded Data from: ./Empirical/1240k/MarcusAncsPH/I0746/chr2/
Loaded Emission Model: haploid
Loaded Transition Model: model
Loaded Post Processing Model: Standard
Minimum Genetic Map: 0.0001
Maximum Genetic Map: 2.6883
Gaps bigger than 0.1 cM: 275
Maximum Gap: 1.8302 cM
Loaded Transition and Emission Matrix:
(3, 3)
(5009, 79609)
Loaded Observations:
(2, 79609)
Memory Usage: 3791.31904 mB
Reference Number: 5008
Total Log likelihood: -27314.982
Memory Usage: 3791.31904 mB
Finished Calculation State Posteriors
Saved Zero State Posterior to ./Empirical/1240k/MarcusAncsPH/I0746/chr2/.
Successfully loaded for PP. from ./Empirical/1240k/MarcusAncsPH/I0746/chr2/
Fraction Markers in ROH: 0.4461
Merged n=0 gaps < 0.0 M
Called n=11 ROH Blocks > 1.0 cM
Longest Block: 2.121
Successfully saved to ./Empirical/1240k/MarcusAncsPH/I0746/chr2/roh.csv
Using Low-Mem Cython Linear Speed Up.
Loaded Pre Processing Model: SardHDF5
Loading Individual: I0746

Loaded 1145647 variants
Loaded 4616 individuals
HDF5 loaded from ./Data/Marcus2019_1240k/mod_reich_sardinia_ancients_rev_mrg_dedup_3trm_anno.h5

Loaded 77652 variants
Loaded 2504 individuals
HDF5 loaded from ./Data/1000Genomes/HDF5/1240kHDF5/all1240/chr3.hdf5

Intersection on Positions: 77650
Nr of Matching Refs: 77606 / 77650
Full Intersection Ref/Alt Identical: 77553 / 77650
2504 / 2504 Individuals included in Reference
Extraction of 2 Haplotypes complete
Extraction of 5008 Haplotypes complete
Reduced to markers called 65424 / 77553
(Fraction SNP: 0.8436037290627055)
Successfully saved to: ./Empirical/1240k/MarcusAncsPH/I0746/chr3/
Shuffling phase of target...
Successfully loaded Data from: ./Empirical/1240k/MarcusAncsPH/I0746/chr3/
Loaded Emission Model: haploid
Loaded Transition Model: model
Loaded Post Processing Model: Standard
Minimum Genetic Map: 0.0000
Maximum Genetic Map: 2.2326
Gaps bigger than 0.1 cM: 251
Maximum Gap: 0.3297 cM
Loaded Transition and Emission Matrix:
(3, 3)
(5009, 65424)
Loaded Observations:
(2, 65424)
Memory Usage: 3152.19968 mB
Reference Number: 5008
Total Log likelihood: -22465.655
Memory Usage: 3152.19968 mB
Finished Calculation State Posteriors
Saved Zero State Posterior to ./Empirical/1240k/MarcusAncsPH/I0746/chr3/.
Successfully loaded for PP. from ./Empirical/1240k/MarcusAncsPH/I0746/chr3/
Fraction Markers in ROH: 0.4357
Merged n=0 gaps < 0.0 M
Called n=8 ROH Blocks > 1.0 cM
Longest Block: 1.703
Successfully saved to ./Empirical/1240k/MarcusAncsPH/I0746/chr3/roh.csv
Using Low-Mem Cython Linear Speed Up.
Loaded Pre Processing Model: SardHDF5
Loading Individual: I0746

Loaded 1145647 variants
Loaded 4616 individuals
HDF5 loaded from ./Data/Marcus2019_1240k/mod_reich_sardinia_ancients_rev_mrg_dedup_3trm_anno.h5

Loaded 68759 variants
Loaded 2504 individuals
HDF5 loaded from ./Data/1000Genomes/HDF5/1240kHDF5/all1240/chr4.hdf5

Intersection on Positions: 68759
Nr of Matching Refs: 68709 / 68759
Full Intersection Ref/Alt Identical: 68663 / 68759
2504 / 2504 Individuals included in Reference
Extraction of 2 Haplotypes complete
Extraction of 5008 Haplotypes complete
Reduced to markers called 56481 / 68663
(Fraction SNP: 0.8225827592735534)
Successfully saved to: ./Empirical/1240k/MarcusAncsPH/I0746/chr4/
Shuffling phase of target...
Successfully loaded Data from: ./Empirical/1240k/MarcusAncsPH/I0746/chr4/
Loaded Emission Model: haploid
Loaded Transition Model: model
Loaded Post Processing Model: Standard
Minimum Genetic Map: 0.0034
Maximum Genetic Map: 2.1454
Gaps bigger than 0.1 cM: 225
Maximum Gap: 2.0495 cM
Loaded Transition and Emission Matrix:
(3, 3)
(5009, 56481)
Loaded Observations:
(2, 56481)
Memory Usage: 2749.11232 mB
Reference Number: 5008
Total Log likelihood: -18643.750
Memory Usage: 2749.11232 mB
Finished Calculation State Posteriors
Saved Zero State Posterior to ./Empirical/1240k/MarcusAncsPH/I0746/chr4/.
Successfully loaded for PP. from ./Empirical/1240k/MarcusAncsPH/I0746/chr4/
Fraction Markers in ROH: 0.4748
Merged n=0 gaps < 0.0 M
Called n=10 ROH Blocks > 1.0 cM
Longest Block: 2.401
Successfully saved to ./Empirical/1240k/MarcusAncsPH/I0746/chr4/roh.csv
Using Low-Mem Cython Linear Speed Up.
Loaded Pre Processing Model: SardHDF5
Loading Individual: I0746

Loaded 1145647 variants
Loaded 4616 individuals
HDF5 loaded from ./Data/Marcus2019_1240k/mod_reich_sardinia_ancients_rev_mrg_dedup_3trm_anno.h5

Loaded 69399 variants
Loaded 2504 individuals
HDF5 loaded from ./Data/1000Genomes/HDF5/1240kHDF5/all1240/chr5.hdf5

Intersection on Positions: 69394
Nr of Matching Refs: 69307 / 69394
Full Intersection Ref/Alt Identical: 69252 / 69394
2504 / 2504 Individuals included in Reference
Extraction of 2 Haplotypes complete
Extraction of 5008 Haplotypes complete
Reduced to markers called 57833 / 69252
(Fraction SNP: 0.83510945532259)
Successfully saved to: ./Empirical/1240k/MarcusAncsPH/I0746/chr5/
Shuffling phase of target...
Successfully loaded Data from: ./Empirical/1240k/MarcusAncsPH/I0746/chr5/
Loaded Emission Model: haploid
Loaded Transition Model: model
Loaded Post Processing Model: Standard
Minimum Genetic Map: 0.0004
Maximum Genetic Map: 2.0409
Gaps bigger than 0.1 cM: 239
Maximum Gap: 1.0498 cM
Loaded Transition and Emission Matrix:
(3, 3)
(5009, 57833)
Loaded Observations:
(2, 57833)
Memory Usage: 2810.064896 mB
Reference Number: 5008
Total Log likelihood: -20189.066
Memory Usage: 2810.064896 mB
Finished Calculation State Posteriors
Saved Zero State Posterior to ./Empirical/1240k/MarcusAncsPH/I0746/chr5/.
Successfully loaded for PP. from ./Empirical/1240k/MarcusAncsPH/I0746/chr5/
Fraction Markers in ROH: 0.4228
Merged n=0 gaps < 0.0 M
Called n=11 ROH Blocks > 1.0 cM
Longest Block: 2.429
Successfully saved to ./Empirical/1240k/MarcusAncsPH/I0746/chr5/roh.csv
Using Low-Mem Cython Linear Speed Up.
Loaded Pre Processing Model: SardHDF5
Loading Individual: I0746

Loaded 1145647 variants
Loaded 4616 individuals
HDF5 loaded from ./Data/Marcus2019_1240k/mod_reich_sardinia_ancients_rev_mrg_dedup_3trm_anno.h5

Loaded 75870 variants
Loaded 2504 individuals
HDF5 loaded from ./Data/1000Genomes/HDF5/1240kHDF5/all1240/chr6.hdf5

Intersection on Positions: 75866
Nr of Matching Refs: 75743 / 75866
Full Intersection Ref/Alt Identical: 75675 / 75866
2504 / 2504 Individuals included in Reference
Extraction of 2 Haplotypes complete
Extraction of 5008 Haplotypes complete
Reduced to markers called 63792 / 75675
(Fraction SNP: 0.8429732408325075)
Successfully saved to: ./Empirical/1240k/MarcusAncsPH/I0746/chr6/
Shuffling phase of target...
Successfully loaded Data from: ./Empirical/1240k/MarcusAncsPH/I0746/chr6/
Loaded Emission Model: haploid
Loaded Transition Model: model
Loaded Post Processing Model: Standard
Minimum Genetic Map: 0.0032
Maximum Genetic Map: 1.9203
Gaps bigger than 0.1 cM: 182
Maximum Gap: 0.5072 cM
Loaded Transition and Emission Matrix:
(3, 3)
(5009, 63792)
Loaded Observations:
(2, 63792)
Memory Usage: 3078.774784 mB
Reference Number: 5008
Total Log likelihood: -22868.372
Memory Usage: 3078.774784 mB
Finished Calculation State Posteriors
Saved Zero State Posterior to ./Empirical/1240k/MarcusAncsPH/I0746/chr6/.
Successfully loaded for PP. from ./Empirical/1240k/MarcusAncsPH/I0746/chr6/
Fraction Markers in ROH: 0.3990
Merged n=0 gaps < 0.0 M
Called n=5 ROH Blocks > 1.0 cM
Longest Block: 1.452
Successfully saved to ./Empirical/1240k/MarcusAncsPH/I0746/chr6/roh.csv
Using Low-Mem Cython Linear Speed Up.
Loaded Pre Processing Model: SardHDF5
Loading Individual: I0746

Loaded 1145647 variants
Loaded 4616 individuals
HDF5 loaded from ./Data/Marcus2019_1240k/mod_reich_sardinia_ancients_rev_mrg_dedup_3trm_anno.h5

Loaded 59890 variants
Loaded 2504 individuals
HDF5 loaded from ./Data/1000Genomes/HDF5/1240kHDF5/all1240/chr7.hdf5

Intersection on Positions: 59889
Nr of Matching Refs: 59781 / 59889
Full Intersection Ref/Alt Identical: 59715 / 59889
2504 / 2504 Individuals included in Reference
Extraction of 2 Haplotypes complete
Extraction of 5008 Haplotypes complete
Reduced to markers called 49536 / 59715
(Fraction SNP: 0.8295403165033911)
Successfully saved to: ./Empirical/1240k/MarcusAncsPH/I0746/chr7/
Shuffling phase of target...
Successfully loaded Data from: ./Empirical/1240k/MarcusAncsPH/I0746/chr7/
Loaded Emission Model: haploid
Loaded Transition Model: model
Loaded Post Processing Model: Standard
Minimum Genetic Map: 0.0001
Maximum Genetic Map: 1.8715
Gaps bigger than 0.1 cM: 221
Maximum Gap: 0.8484 cM
Loaded Transition and Emission Matrix:
(3, 3)
(5009, 49536)
Loaded Observations:
(2, 49536)
Memory Usage: 2436.120576 mB
Reference Number: 5008
Total Log likelihood: -17229.276
Memory Usage: 2436.120576 mB
Finished Calculation State Posteriors
Saved Zero State Posterior to ./Empirical/1240k/MarcusAncsPH/I0746/chr7/.
Successfully loaded for PP. from ./Empirical/1240k/MarcusAncsPH/I0746/chr7/
Fraction Markers in ROH: 0.4306
Merged n=0 gaps < 0.0 M
Called n=9 ROH Blocks > 1.0 cM
Longest Block: 2.325
Successfully saved to ./Empirical/1240k/MarcusAncsPH/I0746/chr7/roh.csv
Using Low-Mem Cython Linear Speed Up.
Loaded Pre Processing Model: SardHDF5
Loading Individual: I0746

Loaded 1145647 variants
Loaded 4616 individuals
HDF5 loaded from ./Data/Marcus2019_1240k/mod_reich_sardinia_ancients_rev_mrg_dedup_3trm_anno.h5

Loaded 61133 variants
Loaded 2504 individuals
HDF5 loaded from ./Data/1000Genomes/HDF5/1240kHDF5/all1240/chr8.hdf5

Intersection on Positions: 61130
Nr of Matching Refs: 61022 / 61130
Full Intersection Ref/Alt Identical: 60960 / 61130
2504 / 2504 Individuals included in Reference
Extraction of 2 Haplotypes complete
Extraction of 5008 Haplotypes complete
Reduced to markers called 51292 / 60960
(Fraction SNP: 0.8414041994750656)
Successfully saved to: ./Empirical/1240k/MarcusAncsPH/I0746/chr8/
Shuffling phase of target...
Successfully loaded Data from: ./Empirical/1240k/MarcusAncsPH/I0746/chr8/
Loaded Emission Model: haploid
Loaded Transition Model: model
Loaded Post Processing Model: Standard
Minimum Genetic Map: 0.0000
Maximum Genetic Map: 1.6800
Gaps bigger than 0.1 cM: 150
Maximum Gap: 1.8932 cM
Loaded Transition and Emission Matrix:
(3, 3)
(5009, 51292)
Loaded Observations:
(2, 51292)
Memory Usage: 2515.29216 mB
Reference Number: 5008
Total Log likelihood: -17645.286
Memory Usage: 2515.29216 mB
Finished Calculation State Posteriors
Saved Zero State Posterior to ./Empirical/1240k/MarcusAncsPH/I0746/chr8/.
Successfully loaded for PP. from ./Empirical/1240k/MarcusAncsPH/I0746/chr8/
Fraction Markers in ROH: 0.4321
Merged n=0 gaps < 0.0 M
Called n=9 ROH Blocks > 1.0 cM
Longest Block: 1.645
Successfully saved to ./Empirical/1240k/MarcusAncsPH/I0746/chr8/roh.csv
Using Low-Mem Cython Linear Speed Up.
Loaded Pre Processing Model: SardHDF5
Loading Individual: I0746

Loaded 1145647 variants
Loaded 4616 individuals
HDF5 loaded from ./Data/Marcus2019_1240k/mod_reich_sardinia_ancients_rev_mrg_dedup_3trm_anno.h5

Loaded 50668 variants
Loaded 2504 individuals
HDF5 loaded from ./Data/1000Genomes/HDF5/1240kHDF5/all1240/chr9.hdf5

Intersection on Positions: 50668
Nr of Matching Refs: 50539 / 50668
Full Intersection Ref/Alt Identical: 50493 / 50668
2504 / 2504 Individuals included in Reference
Extraction of 2 Haplotypes complete
Extraction of 5008 Haplotypes complete
Reduced to markers called 42585 / 50493
(Fraction SNP: 0.8433842314776305)
Successfully saved to: ./Empirical/1240k/MarcusAncsPH/I0746/chr9/
Shuffling phase of target...
Successfully loaded Data from: ./Empirical/1240k/MarcusAncsPH/I0746/chr9/
Loaded Emission Model: haploid
Loaded Transition Model: model
Loaded Post Processing Model: Standard
Minimum Genetic Map: 0.0016
Maximum Genetic Map: 1.6630
Gaps bigger than 0.1 cM: 198
Maximum Gap: 1.8819 cM
Loaded Transition and Emission Matrix:
(3, 3)
(5009, 42585)
Loaded Observations:
(2, 42585)
Memory Usage: 2122.776576 mB
Reference Number: 5008
Total Log likelihood: -14603.622
Memory Usage: 2122.776576 mB
Finished Calculation State Posteriors
Saved Zero State Posterior to ./Empirical/1240k/MarcusAncsPH/I0746/chr9/.
Successfully loaded for PP. from ./Empirical/1240k/MarcusAncsPH/I0746/chr9/
Fraction Markers in ROH: 0.4434
Merged n=0 gaps < 0.0 M
Called n=10 ROH Blocks > 1.0 cM
Longest Block: 2.473
Successfully saved to ./Empirical/1240k/MarcusAncsPH/I0746/chr9/roh.csv
Using Low-Mem Cython Linear Speed Up.
Loaded Pre Processing Model: SardHDF5
Loading Individual: I0746

Loaded 1145647 variants
Loaded 4616 individuals
HDF5 loaded from ./Data/Marcus2019_1240k/mod_reich_sardinia_ancients_rev_mrg_dedup_3trm_anno.h5

Loaded 58804 variants
Loaded 2504 individuals
HDF5 loaded from ./Data/1000Genomes/HDF5/1240kHDF5/all1240/chr10.hdf5

Intersection on Positions: 58803
Nr of Matching Refs: 58657 / 58803
Full Intersection Ref/Alt Identical: 58591 / 58803
2504 / 2504 Individuals included in Reference
Extraction of 2 Haplotypes complete
Extraction of 5008 Haplotypes complete
Reduced to markers called 50129 / 58591
(Fraction SNP: 0.8555750883241453)
Successfully saved to: ./Empirical/1240k/MarcusAncsPH/I0746/chr10/
Shuffling phase of target...
Successfully loaded Data from: ./Empirical/1240k/MarcusAncsPH/I0746/chr10/
Loaded Emission Model: haploid
Loaded Transition Model: model
Loaded Post Processing Model: Standard
Minimum Genetic Map: 0.0001
Maximum Genetic Map: 1.8091
Gaps bigger than 0.1 cM: 199
Maximum Gap: 2.0335 cM
Loaded Transition and Emission Matrix:
(3, 3)
(5009, 50129)
Loaded Observations:
(2, 50129)
Memory Usage: 2463.125504 mB
Reference Number: 5008
Total Log likelihood: -17481.773
Memory Usage: 2463.125504 mB
Finished Calculation State Posteriors
Saved Zero State Posterior to ./Empirical/1240k/MarcusAncsPH/I0746/chr10/.
Successfully loaded for PP. from ./Empirical/1240k/MarcusAncsPH/I0746/chr10/
Fraction Markers in ROH: 0.4363
Merged n=0 gaps < 0.0 M
Called n=6 ROH Blocks > 1.0 cM
Longest Block: 2.874
Successfully saved to ./Empirical/1240k/MarcusAncsPH/I0746/chr10/roh.csv
Using Low-Mem Cython Linear Speed Up.
Loaded Pre Processing Model: SardHDF5
Loading Individual: I0746

Loaded 1145647 variants
Loaded 4616 individuals
HDF5 loaded from ./Data/Marcus2019_1240k/mod_reich_sardinia_ancients_rev_mrg_dedup_3trm_anno.h5

Loaded 54833 variants
Loaded 2504 individuals
HDF5 loaded from ./Data/1000Genomes/HDF5/1240kHDF5/all1240/chr11.hdf5

Intersection on Positions: 54831
Nr of Matching Refs: 54669 / 54831
Full Intersection Ref/Alt Identical: 54616 / 54831
2504 / 2504 Individuals included in Reference
Extraction of 2 Haplotypes complete
Extraction of 5008 Haplotypes complete
Reduced to markers called 46223 / 54616
(Fraction SNP: 0.8463270836384942)
Successfully saved to: ./Empirical/1240k/MarcusAncsPH/I0746/chr11/
Shuffling phase of target...
Successfully loaded Data from: ./Empirical/1240k/MarcusAncsPH/I0746/chr11/
Loaded Emission Model: haploid
Loaded Transition Model: model
Loaded Post Processing Model: Standard
Minimum Genetic Map: 0.0000
Maximum Genetic Map: 1.5822
Gaps bigger than 0.1 cM: 169
Maximum Gap: 0.5366 cM
Loaded Transition and Emission Matrix:
(3, 3)
(5009, 46223)
Loaded Observations:
(2, 46223)
Memory Usage: 2287.312896 mB
Reference Number: 5008
Total Log likelihood: -16371.247
Memory Usage: 2287.312896 mB
Finished Calculation State Posteriors
Saved Zero State Posterior to ./Empirical/1240k/MarcusAncsPH/I0746/chr11/.
Successfully loaded for PP. from ./Empirical/1240k/MarcusAncsPH/I0746/chr11/
Fraction Markers in ROH: 0.4170
Merged n=0 gaps < 0.0 M
Called n=5 ROH Blocks > 1.0 cM
Longest Block: 2.032
Successfully saved to ./Empirical/1240k/MarcusAncsPH/I0746/chr11/roh.csv
Using Low-Mem Cython Linear Speed Up.
Loaded Pre Processing Model: SardHDF5
Loading Individual: I0746

Loaded 1145647 variants
Loaded 4616 individuals
HDF5 loaded from ./Data/Marcus2019_1240k/mod_reich_sardinia_ancients_rev_mrg_dedup_3trm_anno.h5

Loaded 53911 variants
Loaded 2504 individuals
HDF5 loaded from ./Data/1000Genomes/HDF5/1240kHDF5/all1240/chr12.hdf5

Intersection on Positions: 53911
Nr of Matching Refs: 53713 / 53911
Full Intersection Ref/Alt Identical: 53672 / 53911
2504 / 2504 Individuals included in Reference
Extraction of 2 Haplotypes complete
Extraction of 5008 Haplotypes complete
Reduced to markers called 45219 / 53672
(Fraction SNP: 0.8425063347741839)
Successfully saved to: ./Empirical/1240k/MarcusAncsPH/I0746/chr12/
Shuffling phase of target...
Successfully loaded Data from: ./Empirical/1240k/MarcusAncsPH/I0746/chr12/
Loaded Emission Model: haploid
Loaded Transition Model: model
Loaded Post Processing Model: Standard
Minimum Genetic Map: 0.0009
Maximum Genetic Map: 1.7468
Gaps bigger than 0.1 cM: 208
Maximum Gap: 0.8015 cM
Loaded Transition and Emission Matrix:
(3, 3)
(5009, 45219)
Loaded Observations:
(2, 45219)
Memory Usage: 2242.052096 mB
Reference Number: 5008
Total Log likelihood: -15833.744
Memory Usage: 2242.052096 mB
Finished Calculation State Posteriors
Saved Zero State Posterior to ./Empirical/1240k/MarcusAncsPH/I0746/chr12/.
Successfully loaded for PP. from ./Empirical/1240k/MarcusAncsPH/I0746/chr12/
Fraction Markers in ROH: 0.4280
Merged n=0 gaps < 0.0 M
Called n=6 ROH Blocks > 1.0 cM
Longest Block: 2.295
Successfully saved to ./Empirical/1240k/MarcusAncsPH/I0746/chr12/roh.csv
Using Low-Mem Cython Linear Speed Up.
Loaded Pre Processing Model: SardHDF5
Loading Individual: I0746

Loaded 1145647 variants
Loaded 4616 individuals
HDF5 loaded from ./Data/Marcus2019_1240k/mod_reich_sardinia_ancients_rev_mrg_dedup_3trm_anno.h5

Loaded 39018 variants
Loaded 2504 individuals
HDF5 loaded from ./Data/1000Genomes/HDF5/1240kHDF5/all1240/chr13.hdf5

Intersection on Positions: 39015
Nr of Matching Refs: 38885 / 39015
Full Intersection Ref/Alt Identical: 38841 / 39015
2504 / 2504 Individuals included in Reference
Extraction of 2 Haplotypes complete
Extraction of 5008 Haplotypes complete
Reduced to markers called 31842 / 38841
(Fraction SNP: 0.8198038155557272)
Successfully saved to: ./Empirical/1240k/MarcusAncsPH/I0746/chr13/
Shuffling phase of target...
Successfully loaded Data from: ./Empirical/1240k/MarcusAncsPH/I0746/chr13/
Loaded Emission Model: haploid
Loaded Transition Model: model
Loaded Post Processing Model: Standard
Minimum Genetic Map: 0.0019
Maximum Genetic Map: 1.2570
Gaps bigger than 0.1 cM: 152
Maximum Gap: 1.2216 cM
Loaded Transition and Emission Matrix:
(3, 3)
(5009, 31842)
Loaded Observations:
(2, 31842)
Memory Usage: 1639.0144 mB
Reference Number: 5008
Total Log likelihood: -11076.005
Memory Usage: 1639.0144 mB
Finished Calculation State Posteriors
Saved Zero State Posterior to ./Empirical/1240k/MarcusAncsPH/I0746/chr13/.
Successfully loaded for PP. from ./Empirical/1240k/MarcusAncsPH/I0746/chr13/
Fraction Markers in ROH: 0.4186
Merged n=0 gaps < 0.0 M
Called n=4 ROH Blocks > 1.0 cM
Longest Block: 1.379
Successfully saved to ./Empirical/1240k/MarcusAncsPH/I0746/chr13/roh.csv
Using Low-Mem Cython Linear Speed Up.
Loaded Pre Processing Model: SardHDF5
Loading Individual: I0746

Loaded 1145647 variants
Loaded 4616 individuals
HDF5 loaded from ./Data/Marcus2019_1240k/mod_reich_sardinia_ancients_rev_mrg_dedup_3trm_anno.h5

Loaded 36301 variants
Loaded 2504 individuals
HDF5 loaded from ./Data/1000Genomes/HDF5/1240kHDF5/all1240/chr14.hdf5

Intersection on Positions: 36301
Nr of Matching Refs: 36166 / 36301
Full Intersection Ref/Alt Identical: 36126 / 36301
2504 / 2504 Individuals included in Reference
Extraction of 2 Haplotypes complete
Extraction of 5008 Haplotypes complete
Reduced to markers called 30292 / 36126
(Fraction SNP: 0.8385096606322316)
Successfully saved to: ./Empirical/1240k/MarcusAncsPH/I0746/chr14/
Shuffling phase of target...
Successfully loaded Data from: ./Empirical/1240k/MarcusAncsPH/I0746/chr14/
Loaded Emission Model: haploid
Loaded Transition Model: model
Loaded Post Processing Model: Standard
Minimum Genetic Map: 0.0161
Maximum Genetic Map: 1.2020
Gaps bigger than 0.1 cM: 135
Maximum Gap: 2.8508 cM
Loaded Transition and Emission Matrix:
(3, 3)
(5009, 30292)
Loaded Observations:
(2, 30292)
Memory Usage: 1569.140736 mB
Reference Number: 5008
Total Log likelihood: -10476.935
Memory Usage: 1569.140736 mB
Finished Calculation State Posteriors
Saved Zero State Posterior to ./Empirical/1240k/MarcusAncsPH/I0746/chr14/.
Successfully loaded for PP. from ./Empirical/1240k/MarcusAncsPH/I0746/chr14/
Fraction Markers in ROH: 0.4403
Merged n=0 gaps < 0.0 M
Called n=7 ROH Blocks > 1.0 cM
Longest Block: 1.489
Successfully saved to ./Empirical/1240k/MarcusAncsPH/I0746/chr14/roh.csv
Using Low-Mem Cython Linear Speed Up.
Loaded Pre Processing Model: SardHDF5
Loading Individual: I0746

Loaded 1145647 variants
Loaded 4616 individuals
HDF5 loaded from ./Data/Marcus2019_1240k/mod_reich_sardinia_ancients_rev_mrg_dedup_3trm_anno.h5

Loaded 34429 variants
Loaded 2504 individuals
HDF5 loaded from ./Data/1000Genomes/HDF5/1240kHDF5/all1240/chr15.hdf5

Intersection on Positions: 34425
Nr of Matching Refs: 34285 / 34425
Full Intersection Ref/Alt Identical: 34249 / 34425
2504 / 2504 Individuals included in Reference
Extraction of 2 Haplotypes complete
Extraction of 5008 Haplotypes complete
Reduced to markers called 29305 / 34249
(Fraction SNP: 0.8556454203042425)
Successfully saved to: ./Empirical/1240k/MarcusAncsPH/I0746/chr15/
Shuffling phase of target...
Successfully loaded Data from: ./Empirical/1240k/MarcusAncsPH/I0746/chr15/
Loaded Emission Model: haploid
Loaded Transition Model: model
Loaded Post Processing Model: Standard
Minimum Genetic Map: 0.0002
Maximum Genetic Map: 1.4135
Gaps bigger than 0.1 cM: 150
Maximum Gap: 11.4957 cM
Loaded Transition and Emission Matrix:
(3, 3)
(5009, 29305)
Loaded Observations:
(2, 29305)
Memory Usage: 1524.645888 mB
Reference Number: 5008
Total Log likelihood: -10074.926
Memory Usage: 1524.645888 mB
Finished Calculation State Posteriors
Saved Zero State Posterior to ./Empirical/1240k/MarcusAncsPH/I0746/chr15/.
Successfully loaded for PP. from ./Empirical/1240k/MarcusAncsPH/I0746/chr15/
Fraction Markers in ROH: 0.4444
Merged n=0 gaps < 0.0 M
Called n=7 ROH Blocks > 1.0 cM
Longest Block: 1.928
Successfully saved to ./Empirical/1240k/MarcusAncsPH/I0746/chr15/roh.csv
Using Low-Mem Cython Linear Speed Up.
Loaded Pre Processing Model: SardHDF5
Loading Individual: I0746

Loaded 1145647 variants
Loaded 4616 individuals
HDF5 loaded from ./Data/Marcus2019_1240k/mod_reich_sardinia_ancients_rev_mrg_dedup_3trm_anno.h5

Loaded 34402 variants
Loaded 2504 individuals
HDF5 loaded from ./Data/1000Genomes/HDF5/1240kHDF5/all1240/chr16.hdf5

Intersection on Positions: 34399
Nr of Matching Refs: 34254 / 34399
Full Intersection Ref/Alt Identical: 34201 / 34399
2504 / 2504 Individuals included in Reference
Extraction of 2 Haplotypes complete
Extraction of 5008 Haplotypes complete
Reduced to markers called 29588 / 34201
(Fraction SNP: 0.8651209028975761)
Successfully saved to: ./Empirical/1240k/MarcusAncsPH/I0746/chr16/
Shuffling phase of target...
Successfully loaded Data from: ./Empirical/1240k/MarcusAncsPH/I0746/chr16/
Loaded Emission Model: haploid
Loaded Transition Model: model
Loaded Post Processing Model: Standard
Minimum Genetic Map: -0.0000
Maximum Genetic Map: 1.3403
Gaps bigger than 0.1 cM: 168
Maximum Gap: 0.8461 cM
Loaded Transition and Emission Matrix:
(3, 3)
(5009, 29588)
Loaded Observations:
(2, 29588)
Memory Usage: 1537.41312 mB
Reference Number: 5008
Total Log likelihood: -11041.501
Memory Usage: 1537.41312 mB
Finished Calculation State Posteriors
Saved Zero State Posterior to ./Empirical/1240k/MarcusAncsPH/I0746/chr16/.
Successfully loaded for PP. from ./Empirical/1240k/MarcusAncsPH/I0746/chr16/
Fraction Markers in ROH: 0.3913
Merged n=0 gaps < 0.0 M
Called n=3 ROH Blocks > 1.0 cM
Longest Block: 1.411
Successfully saved to ./Empirical/1240k/MarcusAncsPH/I0746/chr16/roh.csv
Using Low-Mem Cython Linear Speed Up.
Loaded Pre Processing Model: SardHDF5
Loading Individual: I0746

Loaded 1145647 variants
Loaded 4616 individuals
HDF5 loaded from ./Data/Marcus2019_1240k/mod_reich_sardinia_ancients_rev_mrg_dedup_3trm_anno.h5

Loaded 29314 variants
Loaded 2504 individuals
HDF5 loaded from ./Data/1000Genomes/HDF5/1240kHDF5/all1240/chr17.hdf5

Intersection on Positions: 29313
Nr of Matching Refs: 29159 / 29313
Full Intersection Ref/Alt Identical: 29124 / 29313
2504 / 2504 Individuals included in Reference
Extraction of 2 Haplotypes complete
Extraction of 5008 Haplotypes complete
Reduced to markers called 25173 / 29124
(Fraction SNP: 0.8643386897404203)
Successfully saved to: ./Empirical/1240k/MarcusAncsPH/I0746/chr17/
Shuffling phase of target...
Successfully loaded Data from: ./Empirical/1240k/MarcusAncsPH/I0746/chr17/
Loaded Emission Model: haploid
Loaded Transition Model: model
Loaded Post Processing Model: Standard
Minimum Genetic Map: -0.0003
Maximum Genetic Map: 1.2846
Gaps bigger than 0.1 cM: 157
Maximum Gap: 1.2341 cM
Loaded Transition and Emission Matrix:
(3, 3)
(5009, 25173)
Loaded Observations:
(2, 25173)
Memory Usage: 1338.384384 mB
Reference Number: 5008
Total Log likelihood: -9273.015
Memory Usage: 1338.384384 mB
Finished Calculation State Posteriors
Saved Zero State Posterior to ./Empirical/1240k/MarcusAncsPH/I0746/chr17/.
Successfully loaded for PP. from ./Empirical/1240k/MarcusAncsPH/I0746/chr17/
Fraction Markers in ROH: 0.4108
Merged n=0 gaps < 0.0 M
Called n=6 ROH Blocks > 1.0 cM
Longest Block: 1.788
Successfully saved to ./Empirical/1240k/MarcusAncsPH/I0746/chr17/roh.csv
Using Low-Mem Cython Linear Speed Up.
Loaded Pre Processing Model: SardHDF5
Loading Individual: I0746

Loaded 1145647 variants
Loaded 4616 individuals
HDF5 loaded from ./Data/Marcus2019_1240k/mod_reich_sardinia_ancients_rev_mrg_dedup_3trm_anno.h5

Loaded 33917 variants
Loaded 2504 individuals
HDF5 loaded from ./Data/1000Genomes/HDF5/1240kHDF5/all1240/chr18.hdf5

Intersection on Positions: 33916
Nr of Matching Refs: 33774 / 33916
Full Intersection Ref/Alt Identical: 33746 / 33916
2504 / 2504 Individuals included in Reference
Extraction of 2 Haplotypes complete
Extraction of 5008 Haplotypes complete
Reduced to markers called 28363 / 33746
(Fraction SNP: 0.840484798198305)
Successfully saved to: ./Empirical/1240k/MarcusAncsPH/I0746/chr18/
Shuffling phase of target...
Successfully loaded Data from: ./Empirical/1240k/MarcusAncsPH/I0746/chr18/
Loaded Emission Model: haploid
Loaded Transition Model: model
Loaded Post Processing Model: Standard
Minimum Genetic Map: 0.0016
Maximum Genetic Map: 1.1771
Gaps bigger than 0.1 cM: 140
Maximum Gap: 0.4764 cM
Loaded Transition and Emission Matrix:
(3, 3)
(5009, 28363)
Loaded Observations:
(2, 28363)
Memory Usage: 1482.190848 mB
Reference Number: 5008
Total Log likelihood: -10195.850
Memory Usage: 1482.190848 mB
Finished Calculation State Posteriors
Saved Zero State Posterior to ./Empirical/1240k/MarcusAncsPH/I0746/chr18/.
Successfully loaded for PP. from ./Empirical/1240k/MarcusAncsPH/I0746/chr18/
Fraction Markers in ROH: 0.4162
Merged n=0 gaps < 0.0 M
Called n=5 ROH Blocks > 1.0 cM
Longest Block: 1.339
Successfully saved to ./Empirical/1240k/MarcusAncsPH/I0746/chr18/roh.csv
Using Low-Mem Cython Linear Speed Up.
Loaded Pre Processing Model: SardHDF5
Loading Individual: I0746

Loaded 1145647 variants
Loaded 4616 individuals
HDF5 loaded from ./Data/Marcus2019_1240k/mod_reich_sardinia_ancients_rev_mrg_dedup_3trm_anno.h5

Loaded 18460 variants
Loaded 2504 individuals
HDF5 loaded from ./Data/1000Genomes/HDF5/1240kHDF5/all1240/chr19.hdf5

Intersection on Positions: 18459
Nr of Matching Refs: 18381 / 18459
Full Intersection Ref/Alt Identical: 18340 / 18459
2504 / 2504 Individuals included in Reference
Extraction of 2 Haplotypes complete
Extraction of 5008 Haplotypes complete
Reduced to markers called 15794 / 18340
(Fraction SNP: 0.8611777535441657)
Successfully saved to: ./Empirical/1240k/MarcusAncsPH/I0746/chr19/
Shuffling phase of target...
Successfully loaded Data from: ./Empirical/1240k/MarcusAncsPH/I0746/chr19/
Loaded Emission Model: haploid
Loaded Transition Model: model
Loaded Post Processing Model: Standard
Minimum Genetic Map: 0.0000
Maximum Genetic Map: 1.0773
Gaps bigger than 0.1 cM: 154
Maximum Gap: 0.5964 cM
Loaded Transition and Emission Matrix:
(3, 3)
(5009, 15794)
Loaded Observations:
(2, 15794)
Memory Usage: 915.57888 mB
Reference Number: 5008
Total Log likelihood: -5786.177
Memory Usage: 915.57888 mB
Finished Calculation State Posteriors
Saved Zero State Posterior to ./Empirical/1240k/MarcusAncsPH/I0746/chr19/.
Successfully loaded for PP. from ./Empirical/1240k/MarcusAncsPH/I0746/chr19/
Fraction Markers in ROH: 0.4607
Merged n=0 gaps < 0.0 M
Called n=8 ROH Blocks > 1.0 cM
Longest Block: 2.509
Successfully saved to ./Empirical/1240k/MarcusAncsPH/I0746/chr19/roh.csv
Using Low-Mem Cython Linear Speed Up.
Loaded Pre Processing Model: SardHDF5
Loading Individual: I0746

Loaded 1145647 variants
Loaded 4616 individuals
HDF5 loaded from ./Data/Marcus2019_1240k/mod_reich_sardinia_ancients_rev_mrg_dedup_3trm_anno.h5

Loaded 29078 variants
Loaded 2504 individuals
HDF5 loaded from ./Data/1000Genomes/HDF5/1240kHDF5/all1240/chr20.hdf5

Intersection on Positions: 29077
Nr of Matching Refs: 28908 / 29077
Full Intersection Ref/Alt Identical: 28864 / 29077
2504 / 2504 Individuals included in Reference
Extraction of 2 Haplotypes complete
Extraction of 5008 Haplotypes complete
Reduced to markers called 25094 / 28864
(Fraction SNP: 0.8693874722838137)
Successfully saved to: ./Empirical/1240k/MarcusAncsPH/I0746/chr20/
Shuffling phase of target...
Successfully loaded Data from: ./Empirical/1240k/MarcusAncsPH/I0746/chr20/
Loaded Emission Model: haploid
Loaded Transition Model: model
Loaded Post Processing Model: Standard
Minimum Genetic Map: 0.0000
Maximum Genetic Map: 1.0821
Gaps bigger than 0.1 cM: 138
Maximum Gap: 0.4744 cM
Loaded Transition and Emission Matrix:
(3, 3)
(5009, 25094)
Loaded Observations:
(2, 25094)
Memory Usage: 1334.562816 mB
Reference Number: 5008
Total Log likelihood: -8669.836
Memory Usage: 1334.562816 mB
Finished Calculation State Posteriors
Saved Zero State Posterior to ./Empirical/1240k/MarcusAncsPH/I0746/chr20/.
Successfully loaded for PP. from ./Empirical/1240k/MarcusAncsPH/I0746/chr20/
Fraction Markers in ROH: 0.4438
Merged n=0 gaps < 0.0 M
Called n=2 ROH Blocks > 1.0 cM
Longest Block: 1.234
Successfully saved to ./Empirical/1240k/MarcusAncsPH/I0746/chr20/roh.csv
Using Low-Mem Cython Linear Speed Up.
Loaded Pre Processing Model: SardHDF5
Loading Individual: I0746

Loaded 1145647 variants
Loaded 4616 individuals
HDF5 loaded from ./Data/Marcus2019_1240k/mod_reich_sardinia_ancients_rev_mrg_dedup_3trm_anno.h5

Loaded 16038 variants
Loaded 2504 individuals
HDF5 loaded from ./Data/1000Genomes/HDF5/1240kHDF5/all1240/chr21.hdf5

Intersection on Positions: 16036
Nr of Matching Refs: 15949 / 16036
Full Intersection Ref/Alt Identical: 15930 / 16036
2504 / 2504 Individuals included in Reference
Extraction of 2 Haplotypes complete
Extraction of 5008 Haplotypes complete
Reduced to markers called 13253 / 15930
(Fraction SNP: 0.8319522912743251)
Successfully saved to: ./Empirical/1240k/MarcusAncsPH/I0746/chr21/
Shuffling phase of target...
Successfully loaded Data from: ./Empirical/1240k/MarcusAncsPH/I0746/chr21/
Loaded Emission Model: haploid
Loaded Transition Model: model
Loaded Post Processing Model: Standard
Minimum Genetic Map: -0.0085
Maximum Genetic Map: 0.6277
Gaps bigger than 0.1 cM: 90
Maximum Gap: 1.7443 cM
Loaded Transition and Emission Matrix:
(3, 3)
(5009, 13253)
Loaded Observations:
(2, 13253)
Memory Usage: 800.780288 mB
Reference Number: 5008
Total Log likelihood: -5013.704
Memory Usage: 800.780288 mB
Finished Calculation State Posteriors
Saved Zero State Posterior to ./Empirical/1240k/MarcusAncsPH/I0746/chr21/.
Successfully loaded for PP. from ./Empirical/1240k/MarcusAncsPH/I0746/chr21/
Fraction Markers in ROH: 0.3867
Merged n=0 gaps < 0.0 M
Called n=5 ROH Blocks > 1.0 cM
Longest Block: 1.571
Successfully saved to ./Empirical/1240k/MarcusAncsPH/I0746/chr21/roh.csv
Using Low-Mem Cython Linear Speed Up.
Loaded Pre Processing Model: SardHDF5
Loading Individual: I0746

Loaded 1145647 variants
Loaded 4616 individuals
HDF5 loaded from ./Data/Marcus2019_1240k/mod_reich_sardinia_ancients_rev_mrg_dedup_3trm_anno.h5

Loaded 15802 variants
Loaded 2504 individuals
HDF5 loaded from ./Data/1000Genomes/HDF5/1240kHDF5/all1240/chr22.hdf5

Intersection on Positions: 15802
Nr of Matching Refs: 15704 / 15802
Full Intersection Ref/Alt Identical: 15684 / 15802
2504 / 2504 Individuals included in Reference
Extraction of 2 Haplotypes complete
Extraction of 5008 Haplotypes complete
Reduced to markers called 13749 / 15684
(Fraction SNP: 0.8766258607498087)
Successfully saved to: ./Empirical/1240k/MarcusAncsPH/I0746/chr22/
Shuffling phase of target...
Successfully loaded Data from: ./Empirical/1240k/MarcusAncsPH/I0746/chr22/
Loaded Emission Model: haploid
Loaded Transition Model: model
Loaded Post Processing Model: Standard
Minimum Genetic Map: 0.0171
Maximum Genetic Map: 0.7408
Gaps bigger than 0.1 cM: 89
Maximum Gap: 1.7129 cM
Loaded Transition and Emission Matrix:
(3, 3)
(5009, 13749)
Loaded Observations:
(2, 13749)
Memory Usage: 823.144448 mB
Reference Number: 5008
Total Log likelihood: -4606.401
Memory Usage: 823.144448 mB
Finished Calculation State Posteriors
Saved Zero State Posterior to ./Empirical/1240k/MarcusAncsPH/I0746/chr22/.
Successfully loaded for PP. from ./Empirical/1240k/MarcusAncsPH/I0746/chr22/
Fraction Markers in ROH: 0.4836
Merged n=0 gaps < 0.0 M
Called n=8 ROH Blocks > 1.0 cM
Longest Block: 2.404
Successfully saved to ./Empirical/1240k/MarcusAncsPH/I0746/chr22/roh.csv
