Loaded 1002 Ancients
Nr. high coverage ancients: 517
Picking individual I0374 

Doing Individual I0374...
Using Low-Mem Cython Linear Speed Up.
Loaded Pre Processing Model: SardHDF5
Loading Individual: I0374

Loaded 1145647 variants
Loaded 4616 individuals
HDF5 loaded from ./Data/Marcus2019_1240k/mod_reich_sardinia_ancients_rev_mrg_dedup_3trm_anno.h5

Loaded 89147 variants
Loaded 2504 individuals
HDF5 loaded from ./Data/1000Genomes/HDF5/1240kHDF5/all1240/chr1.hdf5

Intersection on Positions: 89143
Nr of Matching Refs: 89143 / 89143
Full Intersection Ref/Alt Identical: 89079 / 89143
2504 / 2504 Individuals included in Reference
Extraction of 2 Haplotypes complete
Extraction of 5008 Haplotypes complete
Reduced to markers called 66388 / 89079
(Fraction SNP: 0.745271051538522)
Successfully saved to: ./Empirical/1240k/MarcusAncsPH/I0374/chr1/
Shuffling phase of target...
Successfully loaded Data from: ./Empirical/1240k/MarcusAncsPH/I0374/chr1/
Loaded Emission Model: haploid
Loaded Transition Model: model
Loaded Post Processing Model: Standard
Minimum Genetic Map: 0.0202
Maximum Genetic Map: 2.8627
Gaps bigger than 0.1 cM: 322
Maximum Gap: 2.9476 cM
Loaded Transition and Emission Matrix:
(3, 3)
(5009, 66388)
Loaded Observations:
(2, 66388)
Memory Usage: 3192.89344 mB
Reference Number: 5008
Total Log likelihood: -23352.643
Memory Usage: 3193.352192 mB
Finished Calculation State Posteriors
Saved Zero State Posterior to ./Empirical/1240k/MarcusAncsPH/I0374/chr1/.
Successfully loaded for PP. from ./Empirical/1240k/MarcusAncsPH/I0374/chr1/
Fraction Markers in ROH: 0.4012
Merged n=0 gaps < 0.0 M
Called n=11 ROH Blocks > 1.0 cM
Longest Block: 1.843
Successfully saved to ./Empirical/1240k/MarcusAncsPH/I0374/chr1/roh.csv
Using Low-Mem Cython Linear Speed Up.
Loaded Pre Processing Model: SardHDF5
Loading Individual: I0374

Loaded 1145647 variants
Loaded 4616 individuals
HDF5 loaded from ./Data/Marcus2019_1240k/mod_reich_sardinia_ancients_rev_mrg_dedup_3trm_anno.h5

Loaded 94239 variants
Loaded 2504 individuals
HDF5 loaded from ./Data/1000Genomes/HDF5/1240kHDF5/all1240/chr2.hdf5

Intersection on Positions: 94237
Nr of Matching Refs: 94205 / 94237
Full Intersection Ref/Alt Identical: 94137 / 94237
2504 / 2504 Individuals included in Reference
Extraction of 2 Haplotypes complete
Extraction of 5008 Haplotypes complete
Reduced to markers called 67902 / 94137
(Fraction SNP: 0.7213104305427197)
Successfully saved to: ./Empirical/1240k/MarcusAncsPH/I0374/chr2/
Shuffling phase of target...
Successfully loaded Data from: ./Empirical/1240k/MarcusAncsPH/I0374/chr2/
Loaded Emission Model: haploid
Loaded Transition Model: model
Loaded Post Processing Model: Standard
Minimum Genetic Map: 0.0001
Maximum Genetic Map: 2.6883
Gaps bigger than 0.1 cM: 287
Maximum Gap: 2.9097 cM
Loaded Transition and Emission Matrix:
(3, 3)
(5009, 67902)
Loaded Observations:
(2, 67902)
Memory Usage: 3263.561728 mB
Reference Number: 5008
Total Log likelihood: -23959.426
Memory Usage: 3263.561728 mB
Finished Calculation State Posteriors
Saved Zero State Posterior to ./Empirical/1240k/MarcusAncsPH/I0374/chr2/.
Successfully loaded for PP. from ./Empirical/1240k/MarcusAncsPH/I0374/chr2/
Fraction Markers in ROH: 0.4152
Merged n=0 gaps < 0.0 M
Called n=8 ROH Blocks > 1.0 cM
Longest Block: 2.142
Successfully saved to ./Empirical/1240k/MarcusAncsPH/I0374/chr2/roh.csv
Using Low-Mem Cython Linear Speed Up.
Loaded Pre Processing Model: SardHDF5
Loading Individual: I0374

Loaded 1145647 variants
Loaded 4616 individuals
HDF5 loaded from ./Data/Marcus2019_1240k/mod_reich_sardinia_ancients_rev_mrg_dedup_3trm_anno.h5

Loaded 77652 variants
Loaded 2504 individuals
HDF5 loaded from ./Data/1000Genomes/HDF5/1240kHDF5/all1240/chr3.hdf5

Intersection on Positions: 77650
Nr of Matching Refs: 77606 / 77650
Full Intersection Ref/Alt Identical: 77553 / 77650
2504 / 2504 Individuals included in Reference
Extraction of 2 Haplotypes complete
Extraction of 5008 Haplotypes complete
Reduced to markers called 55660 / 77553
(Fraction SNP: 0.7177027323249906)
Successfully saved to: ./Empirical/1240k/MarcusAncsPH/I0374/chr3/
Shuffling phase of target...
Successfully loaded Data from: ./Empirical/1240k/MarcusAncsPH/I0374/chr3/
Loaded Emission Model: haploid
Loaded Transition Model: model
Loaded Post Processing Model: Standard
Minimum Genetic Map: 0.0000
Maximum Genetic Map: 2.2326
Gaps bigger than 0.1 cM: 267
Maximum Gap: 0.3297 cM
Loaded Transition and Emission Matrix:
(3, 3)
(5009, 55660)
Loaded Observations:
(2, 55660)
Memory Usage: 2712.031232 mB
Reference Number: 5008
Total Log likelihood: -19251.953
Memory Usage: 2712.031232 mB
Finished Calculation State Posteriors
Saved Zero State Posterior to ./Empirical/1240k/MarcusAncsPH/I0374/chr3/.
Successfully loaded for PP. from ./Empirical/1240k/MarcusAncsPH/I0374/chr3/
Fraction Markers in ROH: 0.4271
Merged n=0 gaps < 0.0 M
Called n=8 ROH Blocks > 1.0 cM
Longest Block: 4.279
Successfully saved to ./Empirical/1240k/MarcusAncsPH/I0374/chr3/roh.csv
Using Low-Mem Cython Linear Speed Up.
Loaded Pre Processing Model: SardHDF5
Loading Individual: I0374

Loaded 1145647 variants
Loaded 4616 individuals
HDF5 loaded from ./Data/Marcus2019_1240k/mod_reich_sardinia_ancients_rev_mrg_dedup_3trm_anno.h5

Loaded 68759 variants
Loaded 2504 individuals
HDF5 loaded from ./Data/1000Genomes/HDF5/1240kHDF5/all1240/chr4.hdf5

Intersection on Positions: 68759
Nr of Matching Refs: 68709 / 68759
Full Intersection Ref/Alt Identical: 68663 / 68759
2504 / 2504 Individuals included in Reference
Extraction of 2 Haplotypes complete
Extraction of 5008 Haplotypes complete
Reduced to markers called 46667 / 68663
(Fraction SNP: 0.6796527969940143)
Successfully saved to: ./Empirical/1240k/MarcusAncsPH/I0374/chr4/
Shuffling phase of target...
Successfully loaded Data from: ./Empirical/1240k/MarcusAncsPH/I0374/chr4/
Loaded Emission Model: haploid
Loaded Transition Model: model
Loaded Post Processing Model: Standard
Minimum Genetic Map: 0.0034
Maximum Genetic Map: 2.1454
Gaps bigger than 0.1 cM: 258
Maximum Gap: 2.0422 cM
Loaded Transition and Emission Matrix:
(3, 3)
(5009, 46667)
Loaded Observations:
(2, 46667)
Memory Usage: 2306.695168 mB
Reference Number: 5008
Total Log likelihood: -15906.901
Memory Usage: 2306.695168 mB
Finished Calculation State Posteriors
Saved Zero State Posterior to ./Empirical/1240k/MarcusAncsPH/I0374/chr4/.
Successfully loaded for PP. from ./Empirical/1240k/MarcusAncsPH/I0374/chr4/
Fraction Markers in ROH: 0.4291
Merged n=0 gaps < 0.0 M
Called n=8 ROH Blocks > 1.0 cM
Longest Block: 2.981
Successfully saved to ./Empirical/1240k/MarcusAncsPH/I0374/chr4/roh.csv
Using Low-Mem Cython Linear Speed Up.
Loaded Pre Processing Model: SardHDF5
Loading Individual: I0374

Loaded 1145647 variants
Loaded 4616 individuals
HDF5 loaded from ./Data/Marcus2019_1240k/mod_reich_sardinia_ancients_rev_mrg_dedup_3trm_anno.h5

Loaded 69399 variants
Loaded 2504 individuals
HDF5 loaded from ./Data/1000Genomes/HDF5/1240kHDF5/all1240/chr5.hdf5

Intersection on Positions: 69394
Nr of Matching Refs: 69307 / 69394
Full Intersection Ref/Alt Identical: 69252 / 69394
2504 / 2504 Individuals included in Reference
Extraction of 2 Haplotypes complete
Extraction of 5008 Haplotypes complete
Reduced to markers called 49260 / 69252
(Fraction SNP: 0.7113151966730202)
Successfully saved to: ./Empirical/1240k/MarcusAncsPH/I0374/chr5/
Shuffling phase of target...
Successfully loaded Data from: ./Empirical/1240k/MarcusAncsPH/I0374/chr5/
Loaded Emission Model: haploid
Loaded Transition Model: model
Loaded Post Processing Model: Standard
Minimum Genetic Map: 0.0004
Maximum Genetic Map: 2.0409
Gaps bigger than 0.1 cM: 264
Maximum Gap: 1.1070 cM
Loaded Transition and Emission Matrix:
(3, 3)
(5009, 49260)
Loaded Observations:
(2, 49260)
Memory Usage: 2423.590912 mB
Reference Number: 5008
Total Log likelihood: -17228.615
Memory Usage: 2423.590912 mB
Finished Calculation State Posteriors
Saved Zero State Posterior to ./Empirical/1240k/MarcusAncsPH/I0374/chr5/.
Successfully loaded for PP. from ./Empirical/1240k/MarcusAncsPH/I0374/chr5/
Fraction Markers in ROH: 0.4147
Merged n=0 gaps < 0.0 M
Called n=6 ROH Blocks > 1.0 cM
Longest Block: 1.506
Successfully saved to ./Empirical/1240k/MarcusAncsPH/I0374/chr5/roh.csv
Using Low-Mem Cython Linear Speed Up.
Loaded Pre Processing Model: SardHDF5
Loading Individual: I0374

Loaded 1145647 variants
Loaded 4616 individuals
HDF5 loaded from ./Data/Marcus2019_1240k/mod_reich_sardinia_ancients_rev_mrg_dedup_3trm_anno.h5

Loaded 75870 variants
Loaded 2504 individuals
HDF5 loaded from ./Data/1000Genomes/HDF5/1240kHDF5/all1240/chr6.hdf5

Intersection on Positions: 75866
Nr of Matching Refs: 75743 / 75866
Full Intersection Ref/Alt Identical: 75675 / 75866
2504 / 2504 Individuals included in Reference
Extraction of 2 Haplotypes complete
Extraction of 5008 Haplotypes complete
Reduced to markers called 54183 / 75675
(Fraction SNP: 0.71599603567889)
Successfully saved to: ./Empirical/1240k/MarcusAncsPH/I0374/chr6/
Shuffling phase of target...
Successfully loaded Data from: ./Empirical/1240k/MarcusAncsPH/I0374/chr6/
Loaded Emission Model: haploid
Loaded Transition Model: model
Loaded Post Processing Model: Standard
Minimum Genetic Map: 0.0035
Maximum Genetic Map: 1.9203
Gaps bigger than 0.1 cM: 202
Maximum Gap: 0.5066 cM
Loaded Transition and Emission Matrix:
(3, 3)
(5009, 54183)
Loaded Observations:
(2, 54183)
Memory Usage: 2645.602304 mB
Reference Number: 5008
Total Log likelihood: -18425.470
Memory Usage: 2645.602304 mB
Finished Calculation State Posteriors
Saved Zero State Posterior to ./Empirical/1240k/MarcusAncsPH/I0374/chr6/.
Successfully loaded for PP. from ./Empirical/1240k/MarcusAncsPH/I0374/chr6/
Fraction Markers in ROH: 0.4239
Merged n=0 gaps < 0.0 M
Called n=4 ROH Blocks > 1.0 cM
Longest Block: 2.723
Successfully saved to ./Empirical/1240k/MarcusAncsPH/I0374/chr6/roh.csv
Using Low-Mem Cython Linear Speed Up.
Loaded Pre Processing Model: SardHDF5
Loading Individual: I0374

Loaded 1145647 variants
Loaded 4616 individuals
HDF5 loaded from ./Data/Marcus2019_1240k/mod_reich_sardinia_ancients_rev_mrg_dedup_3trm_anno.h5

Loaded 59890 variants
Loaded 2504 individuals
HDF5 loaded from ./Data/1000Genomes/HDF5/1240kHDF5/all1240/chr7.hdf5

Intersection on Positions: 59889
Nr of Matching Refs: 59781 / 59889
Full Intersection Ref/Alt Identical: 59715 / 59889
2504 / 2504 Individuals included in Reference
Extraction of 2 Haplotypes complete
Extraction of 5008 Haplotypes complete
Reduced to markers called 42306 / 59715
(Fraction SNP: 0.7084652097462949)
Successfully saved to: ./Empirical/1240k/MarcusAncsPH/I0374/chr7/
Shuffling phase of target...
Successfully loaded Data from: ./Empirical/1240k/MarcusAncsPH/I0374/chr7/
Loaded Emission Model: haploid
Loaded Transition Model: model
Loaded Post Processing Model: Standard
Minimum Genetic Map: 0.0000
Maximum Genetic Map: 1.8715
Gaps bigger than 0.1 cM: 236
Maximum Gap: 0.8416 cM
Loaded Transition and Emission Matrix:
(3, 3)
(5009, 42306)
Loaded Observations:
(2, 42306)
Memory Usage: 2110.193664 mB
Reference Number: 5008
Total Log likelihood: -14714.112
Memory Usage: 2110.193664 mB
Finished Calculation State Posteriors
Saved Zero State Posterior to ./Empirical/1240k/MarcusAncsPH/I0374/chr7/.
Successfully loaded for PP. from ./Empirical/1240k/MarcusAncsPH/I0374/chr7/
Fraction Markers in ROH: 0.4287
Merged n=0 gaps < 0.0 M
Called n=5 ROH Blocks > 1.0 cM
Longest Block: 4.806
Successfully saved to ./Empirical/1240k/MarcusAncsPH/I0374/chr7/roh.csv
Using Low-Mem Cython Linear Speed Up.
Loaded Pre Processing Model: SardHDF5
Loading Individual: I0374

Loaded 1145647 variants
Loaded 4616 individuals
HDF5 loaded from ./Data/Marcus2019_1240k/mod_reich_sardinia_ancients_rev_mrg_dedup_3trm_anno.h5

Loaded 61133 variants
Loaded 2504 individuals
HDF5 loaded from ./Data/1000Genomes/HDF5/1240kHDF5/all1240/chr8.hdf5

Intersection on Positions: 61130
Nr of Matching Refs: 61022 / 61130
Full Intersection Ref/Alt Identical: 60960 / 61130
2504 / 2504 Individuals included in Reference
Extraction of 2 Haplotypes complete
Extraction of 5008 Haplotypes complete
Reduced to markers called 43947 / 60960
(Fraction SNP: 0.7209153543307086)
Successfully saved to: ./Empirical/1240k/MarcusAncsPH/I0374/chr8/
Shuffling phase of target...
Successfully loaded Data from: ./Empirical/1240k/MarcusAncsPH/I0374/chr8/
Loaded Emission Model: haploid
Loaded Transition Model: model
Loaded Post Processing Model: Standard
Minimum Genetic Map: 0.0000
Maximum Genetic Map: 1.6800
Gaps bigger than 0.1 cM: 170
Maximum Gap: 1.8932 cM
Loaded Transition and Emission Matrix:
(3, 3)
(5009, 43947)
Loaded Observations:
(2, 43947)
Memory Usage: 2184.183808 mB
Reference Number: 5008
Total Log likelihood: -15186.476
Memory Usage: 2184.183808 mB
Finished Calculation State Posteriors
Saved Zero State Posterior to ./Empirical/1240k/MarcusAncsPH/I0374/chr8/.
Successfully loaded for PP. from ./Empirical/1240k/MarcusAncsPH/I0374/chr8/
Fraction Markers in ROH: 0.4327
Merged n=0 gaps < 0.0 M
Called n=6 ROH Blocks > 1.0 cM
Longest Block: 2.252
Successfully saved to ./Empirical/1240k/MarcusAncsPH/I0374/chr8/roh.csv
Using Low-Mem Cython Linear Speed Up.
Loaded Pre Processing Model: SardHDF5
Loading Individual: I0374

Loaded 1145647 variants
Loaded 4616 individuals
HDF5 loaded from ./Data/Marcus2019_1240k/mod_reich_sardinia_ancients_rev_mrg_dedup_3trm_anno.h5

Loaded 50668 variants
Loaded 2504 individuals
HDF5 loaded from ./Data/1000Genomes/HDF5/1240kHDF5/all1240/chr9.hdf5

Intersection on Positions: 50668
Nr of Matching Refs: 50539 / 50668
Full Intersection Ref/Alt Identical: 50493 / 50668
2504 / 2504 Individuals included in Reference
Extraction of 2 Haplotypes complete
Extraction of 5008 Haplotypes complete
Reduced to markers called 36735 / 50493
(Fraction SNP: 0.7275265878438596)
Successfully saved to: ./Empirical/1240k/MarcusAncsPH/I0374/chr9/
Shuffling phase of target...
Successfully loaded Data from: ./Empirical/1240k/MarcusAncsPH/I0374/chr9/
Loaded Emission Model: haploid
Loaded Transition Model: model
Loaded Post Processing Model: Standard
Minimum Genetic Map: 0.0016
Maximum Genetic Map: 1.6630
Gaps bigger than 0.1 cM: 221
Maximum Gap: 1.8819 cM
Loaded Transition and Emission Matrix:
(3, 3)
(5009, 36735)
Loaded Observations:
(2, 36735)
Memory Usage: 1859.063808 mB
Reference Number: 5008
Total Log likelihood: -13767.581
Memory Usage: 1859.063808 mB
Finished Calculation State Posteriors
Saved Zero State Posterior to ./Empirical/1240k/MarcusAncsPH/I0374/chr9/.
Successfully loaded for PP. from ./Empirical/1240k/MarcusAncsPH/I0374/chr9/
Fraction Markers in ROH: 0.3765
Merged n=0 gaps < 0.0 M
Called n=7 ROH Blocks > 1.0 cM
Longest Block: 1.972
Successfully saved to ./Empirical/1240k/MarcusAncsPH/I0374/chr9/roh.csv
Using Low-Mem Cython Linear Speed Up.
Loaded Pre Processing Model: SardHDF5
Loading Individual: I0374

Loaded 1145647 variants
Loaded 4616 individuals
HDF5 loaded from ./Data/Marcus2019_1240k/mod_reich_sardinia_ancients_rev_mrg_dedup_3trm_anno.h5

Loaded 58804 variants
Loaded 2504 individuals
HDF5 loaded from ./Data/1000Genomes/HDF5/1240kHDF5/all1240/chr10.hdf5

Intersection on Positions: 58803
Nr of Matching Refs: 58657 / 58803
Full Intersection Ref/Alt Identical: 58591 / 58803
2504 / 2504 Individuals included in Reference
Extraction of 2 Haplotypes complete
Extraction of 5008 Haplotypes complete
Reduced to markers called 43536 / 58591
(Fraction SNP: 0.7430492737792493)
Successfully saved to: ./Empirical/1240k/MarcusAncsPH/I0374/chr10/
Shuffling phase of target...
Successfully loaded Data from: ./Empirical/1240k/MarcusAncsPH/I0374/chr10/
Loaded Emission Model: haploid
Loaded Transition Model: model
Loaded Post Processing Model: Standard
Minimum Genetic Map: 0.0001
Maximum Genetic Map: 1.8092
Gaps bigger than 0.1 cM: 210
Maximum Gap: 2.0338 cM
Loaded Transition and Emission Matrix:
(3, 3)
(5009, 43536)
Loaded Observations:
(2, 43536)
Memory Usage: 2165.6576 mB
Reference Number: 5008
Total Log likelihood: -15041.797
Memory Usage: 2165.6576 mB
Finished Calculation State Posteriors
Saved Zero State Posterior to ./Empirical/1240k/MarcusAncsPH/I0374/chr10/.
Successfully loaded for PP. from ./Empirical/1240k/MarcusAncsPH/I0374/chr10/
Fraction Markers in ROH: 0.4160
Merged n=0 gaps < 0.0 M
Called n=7 ROH Blocks > 1.0 cM
Longest Block: 4.245
Successfully saved to ./Empirical/1240k/MarcusAncsPH/I0374/chr10/roh.csv
Using Low-Mem Cython Linear Speed Up.
Loaded Pre Processing Model: SardHDF5
Loading Individual: I0374

Loaded 1145647 variants
Loaded 4616 individuals
HDF5 loaded from ./Data/Marcus2019_1240k/mod_reich_sardinia_ancients_rev_mrg_dedup_3trm_anno.h5

Loaded 54833 variants
Loaded 2504 individuals
HDF5 loaded from ./Data/1000Genomes/HDF5/1240kHDF5/all1240/chr11.hdf5

Intersection on Positions: 54831
Nr of Matching Refs: 54669 / 54831
Full Intersection Ref/Alt Identical: 54616 / 54831
2504 / 2504 Individuals included in Reference
Extraction of 2 Haplotypes complete
Extraction of 5008 Haplotypes complete
Reduced to markers called 40281 / 54616
(Fraction SNP: 0.7375311264098433)
Successfully saved to: ./Empirical/1240k/MarcusAncsPH/I0374/chr11/
Shuffling phase of target...
Successfully loaded Data from: ./Empirical/1240k/MarcusAncsPH/I0374/chr11/
Loaded Emission Model: haploid
Loaded Transition Model: model
Loaded Post Processing Model: Standard
Minimum Genetic Map: 0.0000
Maximum Genetic Map: 1.5822
Gaps bigger than 0.1 cM: 192
Maximum Gap: 0.5366 cM
Loaded Transition and Emission Matrix:
(3, 3)
(5009, 40281)
Loaded Observations:
(2, 40281)
Memory Usage: 2018.930688 mB
Reference Number: 5008
Total Log likelihood: -14260.808
Memory Usage: 2018.930688 mB
Finished Calculation State Posteriors
Saved Zero State Posterior to ./Empirical/1240k/MarcusAncsPH/I0374/chr11/.
Successfully loaded for PP. from ./Empirical/1240k/MarcusAncsPH/I0374/chr11/
Fraction Markers in ROH: 0.4130
Merged n=0 gaps < 0.0 M
Called n=4 ROH Blocks > 1.0 cM
Longest Block: 1.417
Successfully saved to ./Empirical/1240k/MarcusAncsPH/I0374/chr11/roh.csv
Using Low-Mem Cython Linear Speed Up.
Loaded Pre Processing Model: SardHDF5
Loading Individual: I0374

Loaded 1145647 variants
Loaded 4616 individuals
HDF5 loaded from ./Data/Marcus2019_1240k/mod_reich_sardinia_ancients_rev_mrg_dedup_3trm_anno.h5

Loaded 53911 variants
Loaded 2504 individuals
HDF5 loaded from ./Data/1000Genomes/HDF5/1240kHDF5/all1240/chr12.hdf5

Intersection on Positions: 53911
Nr of Matching Refs: 53713 / 53911
Full Intersection Ref/Alt Identical: 53672 / 53911
2504 / 2504 Individuals included in Reference
Extraction of 2 Haplotypes complete
Extraction of 5008 Haplotypes complete
Reduced to markers called 38829 / 53672
(Fraction SNP: 0.7234498434938142)
Successfully saved to: ./Empirical/1240k/MarcusAncsPH/I0374/chr12/
Shuffling phase of target...
Successfully loaded Data from: ./Empirical/1240k/MarcusAncsPH/I0374/chr12/
Loaded Emission Model: haploid
Loaded Transition Model: model
Loaded Post Processing Model: Standard
Minimum Genetic Map: 0.0009
Maximum Genetic Map: 1.7468
Gaps bigger than 0.1 cM: 220
Maximum Gap: 0.8015 cM
Loaded Transition and Emission Matrix:
(3, 3)
(5009, 38829)
Loaded Observations:
(2, 38829)
Memory Usage: 1953.472512 mB
Reference Number: 5008
Total Log likelihood: -14030.364
Memory Usage: 1953.472512 mB
Finished Calculation State Posteriors
Saved Zero State Posterior to ./Empirical/1240k/MarcusAncsPH/I0374/chr12/.
Successfully loaded for PP. from ./Empirical/1240k/MarcusAncsPH/I0374/chr12/
Fraction Markers in ROH: 0.3899
Merged n=0 gaps < 0.0 M
Called n=6 ROH Blocks > 1.0 cM
Longest Block: 2.382
Successfully saved to ./Empirical/1240k/MarcusAncsPH/I0374/chr12/roh.csv
Using Low-Mem Cython Linear Speed Up.
Loaded Pre Processing Model: SardHDF5
Loading Individual: I0374

Loaded 1145647 variants
Loaded 4616 individuals
HDF5 loaded from ./Data/Marcus2019_1240k/mod_reich_sardinia_ancients_rev_mrg_dedup_3trm_anno.h5

Loaded 39018 variants
Loaded 2504 individuals
HDF5 loaded from ./Data/1000Genomes/HDF5/1240kHDF5/all1240/chr13.hdf5

Intersection on Positions: 39015
Nr of Matching Refs: 38885 / 39015
Full Intersection Ref/Alt Identical: 38841 / 39015
2504 / 2504 Individuals included in Reference
Extraction of 2 Haplotypes complete
Extraction of 5008 Haplotypes complete
Reduced to markers called 26711 / 38841
(Fraction SNP: 0.6877011405473598)
Successfully saved to: ./Empirical/1240k/MarcusAncsPH/I0374/chr13/
Shuffling phase of target...
Successfully loaded Data from: ./Empirical/1240k/MarcusAncsPH/I0374/chr13/
Loaded Emission Model: haploid
Loaded Transition Model: model
Loaded Post Processing Model: Standard
Minimum Genetic Map: 0.0021
Maximum Genetic Map: 1.2570
Gaps bigger than 0.1 cM: 171
Maximum Gap: 1.2227 cM
Loaded Transition and Emission Matrix:
(3, 3)
(5009, 26711)
Loaded Observations:
(2, 26711)
Memory Usage: 1407.459328 mB
Reference Number: 5008
Total Log likelihood: -9633.346
Memory Usage: 1407.459328 mB
Finished Calculation State Posteriors
Saved Zero State Posterior to ./Empirical/1240k/MarcusAncsPH/I0374/chr13/.
Successfully loaded for PP. from ./Empirical/1240k/MarcusAncsPH/I0374/chr13/
Fraction Markers in ROH: 0.4241
Merged n=0 gaps < 0.0 M
Called n=6 ROH Blocks > 1.0 cM
Longest Block: 1.172
Successfully saved to ./Empirical/1240k/MarcusAncsPH/I0374/chr13/roh.csv
Using Low-Mem Cython Linear Speed Up.
Loaded Pre Processing Model: SardHDF5
Loading Individual: I0374

Loaded 1145647 variants
Loaded 4616 individuals
HDF5 loaded from ./Data/Marcus2019_1240k/mod_reich_sardinia_ancients_rev_mrg_dedup_3trm_anno.h5

Loaded 36301 variants
Loaded 2504 individuals
HDF5 loaded from ./Data/1000Genomes/HDF5/1240kHDF5/all1240/chr14.hdf5

Intersection on Positions: 36301
Nr of Matching Refs: 36166 / 36301
Full Intersection Ref/Alt Identical: 36126 / 36301
2504 / 2504 Individuals included in Reference
Extraction of 2 Haplotypes complete
Extraction of 5008 Haplotypes complete
Reduced to markers called 26111 / 36126
(Fraction SNP: 0.7227758401151525)
Successfully saved to: ./Empirical/1240k/MarcusAncsPH/I0374/chr14/
Shuffling phase of target...
Successfully loaded Data from: ./Empirical/1240k/MarcusAncsPH/I0374/chr14/
Loaded Emission Model: haploid
Loaded Transition Model: model
Loaded Post Processing Model: Standard
Minimum Genetic Map: 0.0184
Maximum Genetic Map: 1.2020
Gaps bigger than 0.1 cM: 159
Maximum Gap: 2.8973 cM
Loaded Transition and Emission Matrix:
(3, 3)
(5009, 26111)
Loaded Observations:
(2, 26111)
Memory Usage: 1380.409344 mB
Reference Number: 5008
Total Log likelihood: -9060.196
Memory Usage: 1380.409344 mB
Finished Calculation State Posteriors
Saved Zero State Posterior to ./Empirical/1240k/MarcusAncsPH/I0374/chr14/.
Successfully loaded for PP. from ./Empirical/1240k/MarcusAncsPH/I0374/chr14/
Fraction Markers in ROH: 0.4289
Merged n=0 gaps < 0.0 M
Called n=4 ROH Blocks > 1.0 cM
Longest Block: 2.111
Successfully saved to ./Empirical/1240k/MarcusAncsPH/I0374/chr14/roh.csv
Using Low-Mem Cython Linear Speed Up.
Loaded Pre Processing Model: SardHDF5
Loading Individual: I0374

Loaded 1145647 variants
Loaded 4616 individuals
HDF5 loaded from ./Data/Marcus2019_1240k/mod_reich_sardinia_ancients_rev_mrg_dedup_3trm_anno.h5

Loaded 34429 variants
Loaded 2504 individuals
HDF5 loaded from ./Data/1000Genomes/HDF5/1240kHDF5/all1240/chr15.hdf5

Intersection on Positions: 34425
Nr of Matching Refs: 34285 / 34425
Full Intersection Ref/Alt Identical: 34249 / 34425
2504 / 2504 Individuals included in Reference
Extraction of 2 Haplotypes complete
Extraction of 5008 Haplotypes complete
Reduced to markers called 25645 / 34249
(Fraction SNP: 0.7487809863061695)
Successfully saved to: ./Empirical/1240k/MarcusAncsPH/I0374/chr15/
Shuffling phase of target...
Successfully loaded Data from: ./Empirical/1240k/MarcusAncsPH/I0374/chr15/
Loaded Emission Model: haploid
Loaded Transition Model: model
Loaded Post Processing Model: Standard
Minimum Genetic Map: 0.0002
Maximum Genetic Map: 1.4134
Gaps bigger than 0.1 cM: 153
Maximum Gap: 11.6560 cM
Loaded Transition and Emission Matrix:
(3, 3)
(5009, 25645)
Loaded Observations:
(2, 25645)
Memory Usage: 1359.405056 mB
Reference Number: 5008
Total Log likelihood: -8883.004
Memory Usage: 1359.405056 mB
Finished Calculation State Posteriors
Saved Zero State Posterior to ./Empirical/1240k/MarcusAncsPH/I0374/chr15/.
Successfully loaded for PP. from ./Empirical/1240k/MarcusAncsPH/I0374/chr15/
Fraction Markers in ROH: 0.4437
Merged n=0 gaps < 0.0 M
Called n=3 ROH Blocks > 1.0 cM
Longest Block: 1.746
Successfully saved to ./Empirical/1240k/MarcusAncsPH/I0374/chr15/roh.csv
Using Low-Mem Cython Linear Speed Up.
Loaded Pre Processing Model: SardHDF5
Loading Individual: I0374

Loaded 1145647 variants
Loaded 4616 individuals
HDF5 loaded from ./Data/Marcus2019_1240k/mod_reich_sardinia_ancients_rev_mrg_dedup_3trm_anno.h5

Loaded 34402 variants
Loaded 2504 individuals
HDF5 loaded from ./Data/1000Genomes/HDF5/1240kHDF5/all1240/chr16.hdf5

Intersection on Positions: 34399
Nr of Matching Refs: 34254 / 34399
Full Intersection Ref/Alt Identical: 34201 / 34399
2504 / 2504 Individuals included in Reference
Extraction of 2 Haplotypes complete
Extraction of 5008 Haplotypes complete
Reduced to markers called 26624 / 34201
(Fraction SNP: 0.7784567702698751)
Successfully saved to: ./Empirical/1240k/MarcusAncsPH/I0374/chr16/
Shuffling phase of target...
Successfully loaded Data from: ./Empirical/1240k/MarcusAncsPH/I0374/chr16/
Loaded Emission Model: haploid
Loaded Transition Model: model
Loaded Post Processing Model: Standard
Minimum Genetic Map: -0.0000
Maximum Genetic Map: 1.3403
Gaps bigger than 0.1 cM: 172
Maximum Gap: 0.8458 cM
Loaded Transition and Emission Matrix:
(3, 3)
(5009, 26624)
Loaded Observations:
(2, 26624)
Memory Usage: 1403.547648 mB
Reference Number: 5008
Total Log likelihood: -9500.068
Memory Usage: 1403.547648 mB
Finished Calculation State Posteriors
Saved Zero State Posterior to ./Empirical/1240k/MarcusAncsPH/I0374/chr16/.
Successfully loaded for PP. from ./Empirical/1240k/MarcusAncsPH/I0374/chr16/
Fraction Markers in ROH: 0.4162
Merged n=0 gaps < 0.0 M
Called n=5 ROH Blocks > 1.0 cM
Longest Block: 1.835
Successfully saved to ./Empirical/1240k/MarcusAncsPH/I0374/chr16/roh.csv
Using Low-Mem Cython Linear Speed Up.
Loaded Pre Processing Model: SardHDF5
Loading Individual: I0374

Loaded 1145647 variants
Loaded 4616 individuals
HDF5 loaded from ./Data/Marcus2019_1240k/mod_reich_sardinia_ancients_rev_mrg_dedup_3trm_anno.h5

Loaded 29314 variants
Loaded 2504 individuals
HDF5 loaded from ./Data/1000Genomes/HDF5/1240kHDF5/all1240/chr17.hdf5

Intersection on Positions: 29313
Nr of Matching Refs: 29159 / 29313
Full Intersection Ref/Alt Identical: 29124 / 29313
2504 / 2504 Individuals included in Reference
Extraction of 2 Haplotypes complete
Extraction of 5008 Haplotypes complete
Reduced to markers called 22911 / 29124
(Fraction SNP: 0.7866707869798104)
Successfully saved to: ./Empirical/1240k/MarcusAncsPH/I0374/chr17/
Shuffling phase of target...
Successfully loaded Data from: ./Empirical/1240k/MarcusAncsPH/I0374/chr17/
Loaded Emission Model: haploid
Loaded Transition Model: model
Loaded Post Processing Model: Standard
Minimum Genetic Map: -0.0003
Maximum Genetic Map: 1.2847
Gaps bigger than 0.1 cM: 157
Maximum Gap: 1.2341 cM
Loaded Transition and Emission Matrix:
(3, 3)
(5009, 22911)
Loaded Observations:
(2, 22911)
Memory Usage: 1236.160512 mB
Reference Number: 5008
Total Log likelihood: -8173.677
Memory Usage: 1236.160512 mB
Finished Calculation State Posteriors
Saved Zero State Posterior to ./Empirical/1240k/MarcusAncsPH/I0374/chr17/.
Successfully loaded for PP. from ./Empirical/1240k/MarcusAncsPH/I0374/chr17/
Fraction Markers in ROH: 0.4028
Merged n=0 gaps < 0.0 M
Called n=3 ROH Blocks > 1.0 cM
Longest Block: 2.474
Successfully saved to ./Empirical/1240k/MarcusAncsPH/I0374/chr17/roh.csv
Using Low-Mem Cython Linear Speed Up.
Loaded Pre Processing Model: SardHDF5
Loading Individual: I0374

Loaded 1145647 variants
Loaded 4616 individuals
HDF5 loaded from ./Data/Marcus2019_1240k/mod_reich_sardinia_ancients_rev_mrg_dedup_3trm_anno.h5

Loaded 33917 variants
Loaded 2504 individuals
HDF5 loaded from ./Data/1000Genomes/HDF5/1240kHDF5/all1240/chr18.hdf5

Intersection on Positions: 33916
Nr of Matching Refs: 33774 / 33916
Full Intersection Ref/Alt Identical: 33746 / 33916
2504 / 2504 Individuals included in Reference
Extraction of 2 Haplotypes complete
Extraction of 5008 Haplotypes complete
Reduced to markers called 24062 / 33746
(Fraction SNP: 0.7130326557221597)
Successfully saved to: ./Empirical/1240k/MarcusAncsPH/I0374/chr18/
Shuffling phase of target...
Successfully loaded Data from: ./Empirical/1240k/MarcusAncsPH/I0374/chr18/
Loaded Emission Model: haploid
Loaded Transition Model: model
Loaded Post Processing Model: Standard
Minimum Genetic Map: 0.0025
Maximum Genetic Map: 1.1771
Gaps bigger than 0.1 cM: 165
Maximum Gap: 0.4827 cM
Loaded Transition and Emission Matrix:
(3, 3)
(5009, 24062)
Loaded Observations:
(2, 24062)
Memory Usage: 1288.04864 mB
Reference Number: 5008
Total Log likelihood: -8525.139
Memory Usage: 1288.04864 mB
Finished Calculation State Posteriors
Saved Zero State Posterior to ./Empirical/1240k/MarcusAncsPH/I0374/chr18/.
Successfully loaded for PP. from ./Empirical/1240k/MarcusAncsPH/I0374/chr18/
Fraction Markers in ROH: 0.3961
Merged n=0 gaps < 0.0 M
Called n=5 ROH Blocks > 1.0 cM
Longest Block: 1.564
Successfully saved to ./Empirical/1240k/MarcusAncsPH/I0374/chr18/roh.csv
Using Low-Mem Cython Linear Speed Up.
Loaded Pre Processing Model: SardHDF5
Loading Individual: I0374

Loaded 1145647 variants
Loaded 4616 individuals
HDF5 loaded from ./Data/Marcus2019_1240k/mod_reich_sardinia_ancients_rev_mrg_dedup_3trm_anno.h5

Loaded 18460 variants
Loaded 2504 individuals
HDF5 loaded from ./Data/1000Genomes/HDF5/1240kHDF5/all1240/chr19.hdf5

Intersection on Positions: 18459
Nr of Matching Refs: 18381 / 18459
Full Intersection Ref/Alt Identical: 18340 / 18459
2504 / 2504 Individuals included in Reference
Extraction of 2 Haplotypes complete
Extraction of 5008 Haplotypes complete
Reduced to markers called 14643 / 18340
(Fraction SNP: 0.7984187568157034)
Successfully saved to: ./Empirical/1240k/MarcusAncsPH/I0374/chr19/
Shuffling phase of target...
Successfully loaded Data from: ./Empirical/1240k/MarcusAncsPH/I0374/chr19/
Loaded Emission Model: haploid
Loaded Transition Model: model
Loaded Post Processing Model: Standard
Minimum Genetic Map: 0.0000
Maximum Genetic Map: 1.0773
Gaps bigger than 0.1 cM: 164
Maximum Gap: 0.6114 cM
Loaded Transition and Emission Matrix:
(3, 3)
(5009, 14643)
Loaded Observations:
(2, 14643)
Memory Usage: 863.440896 mB
Reference Number: 5008
Total Log likelihood: -5684.550
Memory Usage: 863.440896 mB
Finished Calculation State Posteriors
Saved Zero State Posterior to ./Empirical/1240k/MarcusAncsPH/I0374/chr19/.
Successfully loaded for PP. from ./Empirical/1240k/MarcusAncsPH/I0374/chr19/
Fraction Markers in ROH: 0.3878
Merged n=0 gaps < 0.0 M
Called n=6 ROH Blocks > 1.0 cM
Longest Block: 1.315
Successfully saved to ./Empirical/1240k/MarcusAncsPH/I0374/chr19/roh.csv
Using Low-Mem Cython Linear Speed Up.
Loaded Pre Processing Model: SardHDF5
Loading Individual: I0374

Loaded 1145647 variants
Loaded 4616 individuals
HDF5 loaded from ./Data/Marcus2019_1240k/mod_reich_sardinia_ancients_rev_mrg_dedup_3trm_anno.h5

Loaded 29078 variants
Loaded 2504 individuals
HDF5 loaded from ./Data/1000Genomes/HDF5/1240kHDF5/all1240/chr20.hdf5

Intersection on Positions: 29077
Nr of Matching Refs: 28908 / 29077
Full Intersection Ref/Alt Identical: 28864 / 29077
2504 / 2504 Individuals included in Reference
Extraction of 2 Haplotypes complete
Extraction of 5008 Haplotypes complete
Reduced to markers called 22388 / 28864
(Fraction SNP: 0.7756374722838137)
Successfully saved to: ./Empirical/1240k/MarcusAncsPH/I0374/chr20/
Shuffling phase of target...
Successfully loaded Data from: ./Empirical/1240k/MarcusAncsPH/I0374/chr20/
Loaded Emission Model: haploid
Loaded Transition Model: model
Loaded Post Processing Model: Standard
Minimum Genetic Map: 0.0000
Maximum Genetic Map: 1.0821
Gaps bigger than 0.1 cM: 146
Maximum Gap: 0.4744 cM
Loaded Transition and Emission Matrix:
(3, 3)
(5009, 22388)
Loaded Observations:
(2, 22388)
Memory Usage: 1212.583936 mB
Reference Number: 5008
Total Log likelihood: -7817.935
Memory Usage: 1212.583936 mB
Finished Calculation State Posteriors
Saved Zero State Posterior to ./Empirical/1240k/MarcusAncsPH/I0374/chr20/.
Successfully loaded for PP. from ./Empirical/1240k/MarcusAncsPH/I0374/chr20/
Fraction Markers in ROH: 0.4260
Merged n=0 gaps < 0.0 M
Called n=8 ROH Blocks > 1.0 cM
Longest Block: 1.450
Successfully saved to ./Empirical/1240k/MarcusAncsPH/I0374/chr20/roh.csv
Using Low-Mem Cython Linear Speed Up.
Loaded Pre Processing Model: SardHDF5
Loading Individual: I0374

Loaded 1145647 variants
Loaded 4616 individuals
HDF5 loaded from ./Data/Marcus2019_1240k/mod_reich_sardinia_ancients_rev_mrg_dedup_3trm_anno.h5

Loaded 16038 variants
Loaded 2504 individuals
HDF5 loaded from ./Data/1000Genomes/HDF5/1240kHDF5/all1240/chr21.hdf5

Intersection on Positions: 16036
Nr of Matching Refs: 15949 / 16036
Full Intersection Ref/Alt Identical: 15930 / 16036
2504 / 2504 Individuals included in Reference
Extraction of 2 Haplotypes complete
Extraction of 5008 Haplotypes complete
Reduced to markers called 11333 / 15930
(Fraction SNP: 0.7114249843063403)
Successfully saved to: ./Empirical/1240k/MarcusAncsPH/I0374/chr21/
Shuffling phase of target...
Successfully loaded Data from: ./Empirical/1240k/MarcusAncsPH/I0374/chr21/
Loaded Emission Model: haploid
Loaded Transition Model: model
Loaded Post Processing Model: Standard
Minimum Genetic Map: 0.0086
Maximum Genetic Map: 0.6277
Gaps bigger than 0.1 cM: 92
Maximum Gap: 0.4749 cM
Loaded Transition and Emission Matrix:
(3, 3)
(5009, 11333)
Loaded Observations:
(2, 11333)
Memory Usage: 714.24 mB
Reference Number: 5008
Total Log likelihood: -4148.300
Memory Usage: 714.24 mB
Finished Calculation State Posteriors
Saved Zero State Posterior to ./Empirical/1240k/MarcusAncsPH/I0374/chr21/.
Successfully loaded for PP. from ./Empirical/1240k/MarcusAncsPH/I0374/chr21/
Fraction Markers in ROH: 0.4126
Merged n=0 gaps < 0.0 M
Called n=2 ROH Blocks > 1.0 cM
Longest Block: 1.608
Successfully saved to ./Empirical/1240k/MarcusAncsPH/I0374/chr21/roh.csv
Using Low-Mem Cython Linear Speed Up.
Loaded Pre Processing Model: SardHDF5
Loading Individual: I0374

Loaded 1145647 variants
Loaded 4616 individuals
HDF5 loaded from ./Data/Marcus2019_1240k/mod_reich_sardinia_ancients_rev_mrg_dedup_3trm_anno.h5

Loaded 15802 variants
Loaded 2504 individuals
HDF5 loaded from ./Data/1000Genomes/HDF5/1240kHDF5/all1240/chr22.hdf5

Intersection on Positions: 15802
Nr of Matching Refs: 15704 / 15802
Full Intersection Ref/Alt Identical: 15684 / 15802
2504 / 2504 Individuals included in Reference
Extraction of 2 Haplotypes complete
Extraction of 5008 Haplotypes complete
Reduced to markers called 12816 / 15684
(Fraction SNP: 0.8171384850803366)
Successfully saved to: ./Empirical/1240k/MarcusAncsPH/I0374/chr22/
Shuffling phase of target...
Successfully loaded Data from: ./Empirical/1240k/MarcusAncsPH/I0374/chr22/
Loaded Emission Model: haploid
Loaded Transition Model: model
Loaded Post Processing Model: Standard
Minimum Genetic Map: 0.0178
Maximum Genetic Map: 0.7408
Gaps bigger than 0.1 cM: 94
Maximum Gap: 1.6097 cM
Loaded Transition and Emission Matrix:
(3, 3)
(5009, 12816)
Loaded Observations:
(2, 12816)
Memory Usage: 781.090816 mB
Reference Number: 5008
Total Log likelihood: -4840.711
Memory Usage: 781.090816 mB
Finished Calculation State Posteriors
Saved Zero State Posterior to ./Empirical/1240k/MarcusAncsPH/I0374/chr22/.
Successfully loaded for PP. from ./Empirical/1240k/MarcusAncsPH/I0374/chr22/
Fraction Markers in ROH: 0.3917
Merged n=0 gaps < 0.0 M
Called n=2 ROH Blocks > 1.0 cM
Longest Block: 1.355
Successfully saved to ./Empirical/1240k/MarcusAncsPH/I0374/chr22/roh.csv
