Doing Individual Pathan_2...
Using Low-Mem Cython Linear Speed Up.
Loaded Pre Processing Model: SardHDF5
Loading Individual: Pathan_2

Loaded 1145647 variants
Loaded 4616 individuals
HDF5 loaded from ./Data/Marcus2019_1240k/mod_reich_sardinia_ancients_rev_mrg_dedup_3trm_anno.h5

Loaded 89147 variants
Loaded 2504 individuals
HDF5 loaded from ./Data/1000Genomes/HDF5/1240kHDF5/all1240/chr1.hdf5

Intersection on Positions: 89143
Nr of Matching Refs: 89143 / 89143
Full Intersection Ref/Alt Identical: 89079 / 89143
2504 / 2504 Individuals included in Reference
Extraction of 5008 Haplotypes Complete!
Markers called 47448 / 89079
Successfully saved to: ./Empirical/HO/Pathan_2/chr1/
Successfully loaded Data from: ./Empirical/HO/Pathan_2/chr1/
Loaded Emission Model: diploid_gt
Loaded Transition Model: model
Loaded Post Processing Model: Standard
Minimum Genetic Map: 0.0201
Maximum Genetic Map: 2.8623
Gaps bigger than 0.1 cM: 426
Maximum Gap: 3.9814 cM
Loaded Transition and Emission Matrix:
(3, 3)
(5009, 47448)
Loaded Observations:
(2, 47448)
Memory Usage: 2324.402176 mB
Reference Number: 5008
Total Log likelihood: -23629.028
Memory Usage: 2324.856832 mB
Finished Calculation State Posteriors
Saved Zero State Posterior to ./Empirical/HO/Pathan_2/chr1/.
Successfully loaded for PP. from ./Empirical/HO/Pathan_2/chr1/
Fraction Markers in ROH: 0.2613
Merged n=0 gaps < 0.0 M
Called n=1 ROH Blocks > 1.0 cM
Longest Block: 3.109
Successfully saved to ./Empirical/HO/Pathan_2/chr1/roh.csv
Using Low-Mem Cython Linear Speed Up.
Loaded Pre Processing Model: SardHDF5
Loading Individual: Pathan_2

Loaded 1145647 variants
Loaded 4616 individuals
HDF5 loaded from ./Data/Marcus2019_1240k/mod_reich_sardinia_ancients_rev_mrg_dedup_3trm_anno.h5

Loaded 94239 variants
Loaded 2504 individuals
HDF5 loaded from ./Data/1000Genomes/HDF5/1240kHDF5/all1240/chr2.hdf5

Intersection on Positions: 94237
Nr of Matching Refs: 94205 / 94237
Full Intersection Ref/Alt Identical: 94137 / 94237
2504 / 2504 Individuals included in Reference
Extraction of 5008 Haplotypes Complete!
Markers called 48953 / 94137
Successfully saved to: ./Empirical/HO/Pathan_2/chr2/
Successfully loaded Data from: ./Empirical/HO/Pathan_2/chr2/
Loaded Emission Model: diploid_gt
Loaded Transition Model: model
Loaded Post Processing Model: Standard
Minimum Genetic Map: 0.0001
Maximum Genetic Map: 2.6883
Gaps bigger than 0.1 cM: 398
Maximum Gap: 2.0159 cM
Loaded Transition and Emission Matrix:
(3, 3)
(5009, 48953)
Loaded Observations:
(2, 48953)
Memory Usage: 2394.873856 mB
Reference Number: 5008
Total Log likelihood: -24873.875
Memory Usage: 2394.873856 mB
Finished Calculation State Posteriors
Saved Zero State Posterior to ./Empirical/HO/Pathan_2/chr2/.
Successfully loaded for PP. from ./Empirical/HO/Pathan_2/chr2/
Fraction Markers in ROH: 0.2546
Merged n=0 gaps < 0.0 M
Called n=1 ROH Blocks > 1.0 cM
Longest Block: 1.054
Successfully saved to ./Empirical/HO/Pathan_2/chr2/roh.csv
Using Low-Mem Cython Linear Speed Up.
Loaded Pre Processing Model: SardHDF5
Loading Individual: Pathan_2

Loaded 1145647 variants
Loaded 4616 individuals
HDF5 loaded from ./Data/Marcus2019_1240k/mod_reich_sardinia_ancients_rev_mrg_dedup_3trm_anno.h5

Loaded 77652 variants
Loaded 2504 individuals
HDF5 loaded from ./Data/1000Genomes/HDF5/1240kHDF5/all1240/chr3.hdf5

Intersection on Positions: 77650
Nr of Matching Refs: 77606 / 77650
Full Intersection Ref/Alt Identical: 77553 / 77650
2504 / 2504 Individuals included in Reference
Extraction of 5008 Haplotypes Complete!
Markers called 40599 / 77553
Successfully saved to: ./Empirical/HO/Pathan_2/chr3/
Successfully loaded Data from: ./Empirical/HO/Pathan_2/chr3/
Loaded Emission Model: diploid_gt
Loaded Transition Model: model
Loaded Post Processing Model: Standard
Minimum Genetic Map: 0.0002
Maximum Genetic Map: 2.2326
Gaps bigger than 0.1 cM: 341
Maximum Gap: 0.4179 cM
Loaded Transition and Emission Matrix:
(3, 3)
(5009, 40599)
Loaded Observations:
(2, 40599)
Memory Usage: 2032.336896 mB
Reference Number: 5008
Total Log likelihood: -20656.360
Memory Usage: 2032.336896 mB
Finished Calculation State Posteriors
Saved Zero State Posterior to ./Empirical/HO/Pathan_2/chr3/.
Successfully loaded for PP. from ./Empirical/HO/Pathan_2/chr3/
Fraction Markers in ROH: 0.2768
Merged n=0 gaps < 0.0 M
Called n=1 ROH Blocks > 1.0 cM
Longest Block: 1.614
Successfully saved to ./Empirical/HO/Pathan_2/chr3/roh.csv
Using Low-Mem Cython Linear Speed Up.
Loaded Pre Processing Model: SardHDF5
Loading Individual: Pathan_2

Loaded 1145647 variants
Loaded 4616 individuals
HDF5 loaded from ./Data/Marcus2019_1240k/mod_reich_sardinia_ancients_rev_mrg_dedup_3trm_anno.h5

Loaded 68759 variants
Loaded 2504 individuals
HDF5 loaded from ./Data/1000Genomes/HDF5/1240kHDF5/all1240/chr4.hdf5

Intersection on Positions: 68759
Nr of Matching Refs: 68709 / 68759
Full Intersection Ref/Alt Identical: 68663 / 68759
2504 / 2504 Individuals included in Reference
Extraction of 5008 Haplotypes Complete!
Markers called 34025 / 68663
Successfully saved to: ./Empirical/HO/Pathan_2/chr4/
Successfully loaded Data from: ./Empirical/HO/Pathan_2/chr4/
Loaded Emission Model: diploid_gt
Loaded Transition Model: model
Loaded Post Processing Model: Standard
Minimum Genetic Map: 0.0034
Maximum Genetic Map: 2.1454
Gaps bigger than 0.1 cM: 333
Maximum Gap: 2.1375 cM
Loaded Transition and Emission Matrix:
(3, 3)
(5009, 34025)
Loaded Observations:
(2, 34025)
Memory Usage: 1735.92576 mB
Reference Number: 5008
Total Log likelihood: -17473.882
Memory Usage: 1735.92576 mB
Finished Calculation State Posteriors
Saved Zero State Posterior to ./Empirical/HO/Pathan_2/chr4/.
Successfully loaded for PP. from ./Empirical/HO/Pathan_2/chr4/
Fraction Markers in ROH: 0.2523
Merged n=0 gaps < 0.0 M
Called n=2 ROH Blocks > 1.0 cM
Longest Block: 1.433
Successfully saved to ./Empirical/HO/Pathan_2/chr4/roh.csv
Using Low-Mem Cython Linear Speed Up.
Loaded Pre Processing Model: SardHDF5
Loading Individual: Pathan_2

Loaded 1145647 variants
Loaded 4616 individuals
HDF5 loaded from ./Data/Marcus2019_1240k/mod_reich_sardinia_ancients_rev_mrg_dedup_3trm_anno.h5

Loaded 69399 variants
Loaded 2504 individuals
HDF5 loaded from ./Data/1000Genomes/HDF5/1240kHDF5/all1240/chr5.hdf5

Intersection on Positions: 69394
Nr of Matching Refs: 69307 / 69394
Full Intersection Ref/Alt Identical: 69252 / 69394
2504 / 2504 Individuals included in Reference
Extraction of 5008 Haplotypes Complete!
Markers called 34185 / 69252
Successfully saved to: ./Empirical/HO/Pathan_2/chr5/
Successfully loaded Data from: ./Empirical/HO/Pathan_2/chr5/
Loaded Emission Model: diploid_gt
Loaded Transition Model: model
Loaded Post Processing Model: Standard
Minimum Genetic Map: 0.0004
Maximum Genetic Map: 2.0409
Gaps bigger than 0.1 cM: 340
Maximum Gap: 1.0498 cM
Loaded Transition and Emission Matrix:
(3, 3)
(5009, 34185)
Loaded Observations:
(2, 34185)
Memory Usage: 1743.17568 mB
Reference Number: 5008
Total Log likelihood: -17394.220
Memory Usage: 1743.17568 mB
Finished Calculation State Posteriors
Saved Zero State Posterior to ./Empirical/HO/Pathan_2/chr5/.
Successfully loaded for PP. from ./Empirical/HO/Pathan_2/chr5/
Fraction Markers in ROH: 0.2632
Called n=0 ROH Blocks > 1.0 cM
Longest Block: nan
Successfully saved to ./Empirical/HO/Pathan_2/chr5/roh.csv
Using Low-Mem Cython Linear Speed Up.
Loaded Pre Processing Model: SardHDF5
Loading Individual: Pathan_2

Loaded 1145647 variants
Loaded 4616 individuals
HDF5 loaded from ./Data/Marcus2019_1240k/mod_reich_sardinia_ancients_rev_mrg_dedup_3trm_anno.h5

Loaded 75870 variants
Loaded 2504 individuals
HDF5 loaded from ./Data/1000Genomes/HDF5/1240kHDF5/all1240/chr6.hdf5

Intersection on Positions: 75866
Nr of Matching Refs: 75743 / 75866
Full Intersection Ref/Alt Identical: 75675 / 75866
2504 / 2504 Individuals included in Reference
Extraction of 5008 Haplotypes Complete!
Markers called 33994 / 75675
Successfully saved to: ./Empirical/HO/Pathan_2/chr6/
Successfully loaded Data from: ./Empirical/HO/Pathan_2/chr6/
Loaded Emission Model: diploid_gt
Loaded Transition Model: model
Loaded Post Processing Model: Standard
Minimum Genetic Map: 0.0035
Maximum Genetic Map: 1.9203
Gaps bigger than 0.1 cM: 289
Maximum Gap: 0.5072 cM
Loaded Transition and Emission Matrix:
(3, 3)
(5009, 33994)
Loaded Observations:
(2, 33994)
Memory Usage: 1734.590464 mB
Reference Number: 5008
Total Log likelihood: -17528.829
Memory Usage: 1734.590464 mB
Finished Calculation State Posteriors
Saved Zero State Posterior to ./Empirical/HO/Pathan_2/chr6/.
Successfully loaded for PP. from ./Empirical/HO/Pathan_2/chr6/
Fraction Markers in ROH: 0.2572
Called n=0 ROH Blocks > 1.0 cM
Longest Block: nan
Successfully saved to ./Empirical/HO/Pathan_2/chr6/roh.csv
Using Low-Mem Cython Linear Speed Up.
Loaded Pre Processing Model: SardHDF5
Loading Individual: Pathan_2

Loaded 1145647 variants
Loaded 4616 individuals
HDF5 loaded from ./Data/Marcus2019_1240k/mod_reich_sardinia_ancients_rev_mrg_dedup_3trm_anno.h5

Loaded 59890 variants
Loaded 2504 individuals
HDF5 loaded from ./Data/1000Genomes/HDF5/1240kHDF5/all1240/chr7.hdf5

Intersection on Positions: 59889
Nr of Matching Refs: 59781 / 59889
Full Intersection Ref/Alt Identical: 59715 / 59889
2504 / 2504 Individuals included in Reference
Extraction of 5008 Haplotypes Complete!
Markers called 28715 / 59715
Successfully saved to: ./Empirical/HO/Pathan_2/chr7/
Successfully loaded Data from: ./Empirical/HO/Pathan_2/chr7/
Loaded Emission Model: diploid_gt
Loaded Transition Model: model
Loaded Post Processing Model: Standard
Minimum Genetic Map: 0.0000
Maximum Genetic Map: 1.8715
Gaps bigger than 0.1 cM: 326
Maximum Gap: 1.0884 cM
Loaded Transition and Emission Matrix:
(3, 3)
(5009, 28715)
Loaded Observations:
(2, 28715)
Memory Usage: 1496.621056 mB
Reference Number: 5008
Total Log likelihood: -14488.708
Memory Usage: 1496.621056 mB
Finished Calculation State Posteriors
Saved Zero State Posterior to ./Empirical/HO/Pathan_2/chr7/.
Successfully loaded for PP. from ./Empirical/HO/Pathan_2/chr7/
Fraction Markers in ROH: 0.2727
Merged n=0 gaps < 0.0 M
Called n=2 ROH Blocks > 1.0 cM
Longest Block: 1.398
Successfully saved to ./Empirical/HO/Pathan_2/chr7/roh.csv
Using Low-Mem Cython Linear Speed Up.
Loaded Pre Processing Model: SardHDF5
Loading Individual: Pathan_2

Loaded 1145647 variants
Loaded 4616 individuals
HDF5 loaded from ./Data/Marcus2019_1240k/mod_reich_sardinia_ancients_rev_mrg_dedup_3trm_anno.h5

Loaded 61133 variants
Loaded 2504 individuals
HDF5 loaded from ./Data/1000Genomes/HDF5/1240kHDF5/all1240/chr8.hdf5

Intersection on Positions: 61130
Nr of Matching Refs: 61022 / 61130
Full Intersection Ref/Alt Identical: 60960 / 61130
2504 / 2504 Individuals included in Reference
Extraction of 5008 Haplotypes Complete!
Markers called 28496 / 60960
Successfully saved to: ./Empirical/HO/Pathan_2/chr8/
Successfully loaded Data from: ./Empirical/HO/Pathan_2/chr8/
Loaded Emission Model: diploid_gt
Loaded Transition Model: model
Loaded Post Processing Model: Standard
Minimum Genetic Map: 0.0001
Maximum Genetic Map: 1.6800
Gaps bigger than 0.1 cM: 252
Maximum Gap: 3.5052 cM
Loaded Transition and Emission Matrix:
(3, 3)
(5009, 28496)
Loaded Observations:
(2, 28496)
Memory Usage: 1486.749696 mB
Reference Number: 5008
Total Log likelihood: -14531.738
Memory Usage: 1486.749696 mB
Finished Calculation State Posteriors
Saved Zero State Posterior to ./Empirical/HO/Pathan_2/chr8/.
Successfully loaded for PP. from ./Empirical/HO/Pathan_2/chr8/
Fraction Markers in ROH: 0.2367
Called n=0 ROH Blocks > 1.0 cM
Longest Block: nan
Successfully saved to ./Empirical/HO/Pathan_2/chr8/roh.csv
Using Low-Mem Cython Linear Speed Up.
Loaded Pre Processing Model: SardHDF5
Loading Individual: Pathan_2

Loaded 1145647 variants
Loaded 4616 individuals
HDF5 loaded from ./Data/Marcus2019_1240k/mod_reich_sardinia_ancients_rev_mrg_dedup_3trm_anno.h5

Loaded 50668 variants
Loaded 2504 individuals
HDF5 loaded from ./Data/1000Genomes/HDF5/1240kHDF5/all1240/chr9.hdf5

Intersection on Positions: 50668
Nr of Matching Refs: 50539 / 50668
Full Intersection Ref/Alt Identical: 50493 / 50668
2504 / 2504 Individuals included in Reference
Extraction of 5008 Haplotypes Complete!
Markers called 23645 / 50493
Successfully saved to: ./Empirical/HO/Pathan_2/chr9/
Successfully loaded Data from: ./Empirical/HO/Pathan_2/chr9/
Loaded Emission Model: diploid_gt
Loaded Transition Model: model
Loaded Post Processing Model: Standard
Minimum Genetic Map: 0.0016
Maximum Genetic Map: 1.6630
Gaps bigger than 0.1 cM: 299
Maximum Gap: 2.3454 cM
Loaded Transition and Emission Matrix:
(3, 3)
(5009, 23645)
Loaded Observations:
(2, 23645)
Memory Usage: 1268.064256 mB
Reference Number: 5008
Total Log likelihood: -12518.699
Memory Usage: 1268.064256 mB
Finished Calculation State Posteriors
Saved Zero State Posterior to ./Empirical/HO/Pathan_2/chr9/.
Successfully loaded for PP. from ./Empirical/HO/Pathan_2/chr9/
Fraction Markers in ROH: 0.2272
Called n=0 ROH Blocks > 1.0 cM
Longest Block: nan
Successfully saved to ./Empirical/HO/Pathan_2/chr9/roh.csv
Using Low-Mem Cython Linear Speed Up.
Loaded Pre Processing Model: SardHDF5
Loading Individual: Pathan_2

Loaded 1145647 variants
Loaded 4616 individuals
HDF5 loaded from ./Data/Marcus2019_1240k/mod_reich_sardinia_ancients_rev_mrg_dedup_3trm_anno.h5

Loaded 58804 variants
Loaded 2504 individuals
HDF5 loaded from ./Data/1000Genomes/HDF5/1240kHDF5/all1240/chr10.hdf5

Intersection on Positions: 58803
Nr of Matching Refs: 58657 / 58803
Full Intersection Ref/Alt Identical: 58591 / 58803
2504 / 2504 Individuals included in Reference
Extraction of 5008 Haplotypes Complete!
Markers called 30485 / 58591
Successfully saved to: ./Empirical/HO/Pathan_2/chr10/
Successfully loaded Data from: ./Empirical/HO/Pathan_2/chr10/
Loaded Emission Model: diploid_gt
Loaded Transition Model: model
Loaded Post Processing Model: Standard
Minimum Genetic Map: 0.0001
Maximum Genetic Map: 1.8089
Gaps bigger than 0.1 cM: 264
Maximum Gap: 2.0338 cM
Loaded Transition and Emission Matrix:
(3, 3)
(5009, 30485)
Loaded Observations:
(2, 30485)
Memory Usage: 1576.411136 mB
Reference Number: 5008
Total Log likelihood: -15529.629
Memory Usage: 1576.411136 mB
Finished Calculation State Posteriors
Saved Zero State Posterior to ./Empirical/HO/Pathan_2/chr10/.
Successfully loaded for PP. from ./Empirical/HO/Pathan_2/chr10/
Fraction Markers in ROH: 0.2732
Merged n=0 gaps < 0.0 M
Called n=1 ROH Blocks > 1.0 cM
Longest Block: 1.061
Successfully saved to ./Empirical/HO/Pathan_2/chr10/roh.csv
Using Low-Mem Cython Linear Speed Up.
Loaded Pre Processing Model: SardHDF5
Loading Individual: Pathan_2

Loaded 1145647 variants
Loaded 4616 individuals
HDF5 loaded from ./Data/Marcus2019_1240k/mod_reich_sardinia_ancients_rev_mrg_dedup_3trm_anno.h5

Loaded 54833 variants
Loaded 2504 individuals
HDF5 loaded from ./Data/1000Genomes/HDF5/1240kHDF5/all1240/chr11.hdf5

Intersection on Positions: 54831
Nr of Matching Refs: 54669 / 54831
Full Intersection Ref/Alt Identical: 54616 / 54831
2504 / 2504 Individuals included in Reference
Extraction of 5008 Haplotypes Complete!
Markers called 28092 / 54616
Successfully saved to: ./Empirical/HO/Pathan_2/chr11/
Successfully loaded Data from: ./Empirical/HO/Pathan_2/chr11/
Loaded Emission Model: diploid_gt
Loaded Transition Model: model
Loaded Post Processing Model: Standard
Minimum Genetic Map: 0.0000
Maximum Genetic Map: 1.5822
Gaps bigger than 0.1 cM: 247
Maximum Gap: 0.5683 cM
Loaded Transition and Emission Matrix:
(3, 3)
(5009, 28092)
Loaded Observations:
(2, 28092)
Memory Usage: 1468.534784 mB
Reference Number: 5008
Total Log likelihood: -14735.921
Memory Usage: 1468.534784 mB
Finished Calculation State Posteriors
Saved Zero State Posterior to ./Empirical/HO/Pathan_2/chr11/.
Successfully loaded for PP. from ./Empirical/HO/Pathan_2/chr11/
Fraction Markers in ROH: 0.2509
Called n=0 ROH Blocks > 1.0 cM
Longest Block: nan
Successfully saved to ./Empirical/HO/Pathan_2/chr11/roh.csv
Using Low-Mem Cython Linear Speed Up.
Loaded Pre Processing Model: SardHDF5
Loading Individual: Pathan_2

Loaded 1145647 variants
Loaded 4616 individuals
HDF5 loaded from ./Data/Marcus2019_1240k/mod_reich_sardinia_ancients_rev_mrg_dedup_3trm_anno.h5

Loaded 53911 variants
Loaded 2504 individuals
HDF5 loaded from ./Data/1000Genomes/HDF5/1240kHDF5/all1240/chr12.hdf5

Intersection on Positions: 53911
Nr of Matching Refs: 53713 / 53911
Full Intersection Ref/Alt Identical: 53672 / 53911
2504 / 2504 Individuals included in Reference
Extraction of 5008 Haplotypes Complete!
Markers called 27297 / 53672
Successfully saved to: ./Empirical/HO/Pathan_2/chr12/
Successfully loaded Data from: ./Empirical/HO/Pathan_2/chr12/
Loaded Emission Model: diploid_gt
Loaded Transition Model: model
Loaded Post Processing Model: Standard
Minimum Genetic Map: 0.0009
Maximum Genetic Map: 1.7468
Gaps bigger than 0.1 cM: 286
Maximum Gap: 0.8015 cM
Loaded Transition and Emission Matrix:
(3, 3)
(5009, 27297)
Loaded Observations:
(2, 27297)
Memory Usage: 1432.707072 mB
Reference Number: 5008
Total Log likelihood: -14301.847
Memory Usage: 1432.707072 mB
Finished Calculation State Posteriors
Saved Zero State Posterior to ./Empirical/HO/Pathan_2/chr12/.
Successfully loaded for PP. from ./Empirical/HO/Pathan_2/chr12/
Fraction Markers in ROH: 0.2480
Called n=0 ROH Blocks > 1.0 cM
Longest Block: nan
Successfully saved to ./Empirical/HO/Pathan_2/chr12/roh.csv
Using Low-Mem Cython Linear Speed Up.
Loaded Pre Processing Model: SardHDF5
Loading Individual: Pathan_2

Loaded 1145647 variants
Loaded 4616 individuals
HDF5 loaded from ./Data/Marcus2019_1240k/mod_reich_sardinia_ancients_rev_mrg_dedup_3trm_anno.h5

Loaded 39018 variants
Loaded 2504 individuals
HDF5 loaded from ./Data/1000Genomes/HDF5/1240kHDF5/all1240/chr13.hdf5

Intersection on Positions: 39015
Nr of Matching Refs: 38885 / 39015
Full Intersection Ref/Alt Identical: 38841 / 39015
2504 / 2504 Individuals included in Reference
Extraction of 5008 Haplotypes Complete!
Markers called 17872 / 38841
Successfully saved to: ./Empirical/HO/Pathan_2/chr13/
Successfully loaded Data from: ./Empirical/HO/Pathan_2/chr13/
Loaded Emission Model: diploid_gt
Loaded Transition Model: model
Loaded Post Processing Model: Standard
Minimum Genetic Map: 0.0028
Maximum Genetic Map: 1.2570
Gaps bigger than 0.1 cM: 230
Maximum Gap: 1.2234 cM
Loaded Transition and Emission Matrix:
(3, 3)
(5009, 17872)
Loaded Observations:
(2, 17872)
Memory Usage: 1007.828992 mB
Reference Number: 5008
Total Log likelihood: -9606.769
Memory Usage: 1007.828992 mB
Finished Calculation State Posteriors
Saved Zero State Posterior to ./Empirical/HO/Pathan_2/chr13/.
Successfully loaded for PP. from ./Empirical/HO/Pathan_2/chr13/
Fraction Markers in ROH: 0.2224
Called n=0 ROH Blocks > 1.0 cM
Longest Block: nan
Successfully saved to ./Empirical/HO/Pathan_2/chr13/roh.csv
Using Low-Mem Cython Linear Speed Up.
Loaded Pre Processing Model: SardHDF5
Loading Individual: Pathan_2

Loaded 1145647 variants
Loaded 4616 individuals
HDF5 loaded from ./Data/Marcus2019_1240k/mod_reich_sardinia_ancients_rev_mrg_dedup_3trm_anno.h5

Loaded 36301 variants
Loaded 2504 individuals
HDF5 loaded from ./Data/1000Genomes/HDF5/1240kHDF5/all1240/chr14.hdf5

Intersection on Positions: 36301
Nr of Matching Refs: 36166 / 36301
Full Intersection Ref/Alt Identical: 36126 / 36301
2504 / 2504 Individuals included in Reference
Extraction of 5008 Haplotypes Complete!
Markers called 18698 / 36126
Successfully saved to: ./Empirical/HO/Pathan_2/chr14/
Successfully loaded Data from: ./Empirical/HO/Pathan_2/chr14/
Loaded Emission Model: diploid_gt
Loaded Transition Model: model
Loaded Post Processing Model: Standard
Minimum Genetic Map: 0.0184
Maximum Genetic Map: 1.2020
Gaps bigger than 0.1 cM: 193
Maximum Gap: 3.5856 cM
Loaded Transition and Emission Matrix:
(3, 3)
(5009, 18698)
Loaded Observations:
(2, 18698)
Memory Usage: 1045.065728 mB
Reference Number: 5008
Total Log likelihood: -9834.233
Memory Usage: 1045.065728 mB
Finished Calculation State Posteriors
Saved Zero State Posterior to ./Empirical/HO/Pathan_2/chr14/.
Successfully loaded for PP. from ./Empirical/HO/Pathan_2/chr14/
Fraction Markers in ROH: 0.2508
Merged n=0 gaps < 0.0 M
Called n=1 ROH Blocks > 1.0 cM
Longest Block: 4.151
Successfully saved to ./Empirical/HO/Pathan_2/chr14/roh.csv
Using Low-Mem Cython Linear Speed Up.
Loaded Pre Processing Model: SardHDF5
Loading Individual: Pathan_2

Loaded 1145647 variants
Loaded 4616 individuals
HDF5 loaded from ./Data/Marcus2019_1240k/mod_reich_sardinia_ancients_rev_mrg_dedup_3trm_anno.h5

Loaded 34429 variants
Loaded 2504 individuals
HDF5 loaded from ./Data/1000Genomes/HDF5/1240kHDF5/all1240/chr15.hdf5

Intersection on Positions: 34425
Nr of Matching Refs: 34285 / 34425
Full Intersection Ref/Alt Identical: 34249 / 34425
2504 / 2504 Individuals included in Reference
Extraction of 5008 Haplotypes Complete!
Markers called 18058 / 34249
Successfully saved to: ./Empirical/HO/Pathan_2/chr15/
Successfully loaded Data from: ./Empirical/HO/Pathan_2/chr15/
Loaded Emission Model: diploid_gt
Loaded Transition Model: model
Loaded Post Processing Model: Standard
Minimum Genetic Map: 0.0002
Maximum Genetic Map: 1.4133
Gaps bigger than 0.1 cM: 202
Maximum Gap: 13.7876 cM
Loaded Transition and Emission Matrix:
(3, 3)
(5009, 18058)
Loaded Observations:
(2, 18058)
Memory Usage: 1016.213504 mB
Reference Number: 5008
Total Log likelihood: -9274.547
Memory Usage: 1016.213504 mB
Finished Calculation State Posteriors
Saved Zero State Posterior to ./Empirical/HO/Pathan_2/chr15/.
Successfully loaded for PP. from ./Empirical/HO/Pathan_2/chr15/
Fraction Markers in ROH: 0.2483
Called n=0 ROH Blocks > 1.0 cM
Longest Block: nan
Successfully saved to ./Empirical/HO/Pathan_2/chr15/roh.csv
Using Low-Mem Cython Linear Speed Up.
Loaded Pre Processing Model: SardHDF5
Loading Individual: Pathan_2

Loaded 1145647 variants
Loaded 4616 individuals
HDF5 loaded from ./Data/Marcus2019_1240k/mod_reich_sardinia_ancients_rev_mrg_dedup_3trm_anno.h5

Loaded 34402 variants
Loaded 2504 individuals
HDF5 loaded from ./Data/1000Genomes/HDF5/1240kHDF5/all1240/chr16.hdf5

Intersection on Positions: 34399
Nr of Matching Refs: 34254 / 34399
Full Intersection Ref/Alt Identical: 34201 / 34399
2504 / 2504 Individuals included in Reference
Extraction of 5008 Haplotypes Complete!
Markers called 18266 / 34201
Successfully saved to: ./Empirical/HO/Pathan_2/chr16/
Successfully loaded Data from: ./Empirical/HO/Pathan_2/chr16/
Loaded Emission Model: diploid_gt
Loaded Transition Model: model
Loaded Post Processing Model: Standard
Minimum Genetic Map: 0.0001
Maximum Genetic Map: 1.3402
Gaps bigger than 0.1 cM: 228
Maximum Gap: 0.9354 cM
Loaded Transition and Emission Matrix:
(3, 3)
(5009, 18266)
Loaded Observations:
(2, 18266)
Memory Usage: 1025.589248 mB
Reference Number: 5008
Total Log likelihood: -9647.327
Memory Usage: 1025.589248 mB
Finished Calculation State Posteriors
Saved Zero State Posterior to ./Empirical/HO/Pathan_2/chr16/.
Successfully loaded for PP. from ./Empirical/HO/Pathan_2/chr16/
Fraction Markers in ROH: 0.2384
Merged n=0 gaps < 0.0 M
Called n=1 ROH Blocks > 1.0 cM
Longest Block: 1.054
Successfully saved to ./Empirical/HO/Pathan_2/chr16/roh.csv
Using Low-Mem Cython Linear Speed Up.
Loaded Pre Processing Model: SardHDF5
Loading Individual: Pathan_2

Loaded 1145647 variants
Loaded 4616 individuals
HDF5 loaded from ./Data/Marcus2019_1240k/mod_reich_sardinia_ancients_rev_mrg_dedup_3trm_anno.h5

Loaded 29314 variants
Loaded 2504 individuals
HDF5 loaded from ./Data/1000Genomes/HDF5/1240kHDF5/all1240/chr17.hdf5

Intersection on Positions: 29313
Nr of Matching Refs: 29159 / 29313
Full Intersection Ref/Alt Identical: 29124 / 29313
2504 / 2504 Individuals included in Reference
Extraction of 5008 Haplotypes Complete!
Markers called 15242 / 29124
Successfully saved to: ./Empirical/HO/Pathan_2/chr17/
Successfully loaded Data from: ./Empirical/HO/Pathan_2/chr17/
Loaded Emission Model: diploid_gt
Loaded Transition Model: model
Loaded Post Processing Model: Standard
Minimum Genetic Map: -0.0003
Maximum Genetic Map: 1.2845
Gaps bigger than 0.1 cM: 225
Maximum Gap: 1.2355 cM
Loaded Transition and Emission Matrix:
(3, 3)
(5009, 15242)
Loaded Observations:
(2, 15242)
Memory Usage: 889.266176 mB
Reference Number: 5008
Total Log likelihood: -7669.195
Memory Usage: 889.266176 mB
Finished Calculation State Posteriors
Saved Zero State Posterior to ./Empirical/HO/Pathan_2/chr17/.
Successfully loaded for PP. from ./Empirical/HO/Pathan_2/chr17/
Fraction Markers in ROH: 0.2775
Merged n=0 gaps < 0.0 M
Called n=1 ROH Blocks > 1.0 cM
Longest Block: 1.017
Successfully saved to ./Empirical/HO/Pathan_2/chr17/roh.csv
Using Low-Mem Cython Linear Speed Up.
Loaded Pre Processing Model: SardHDF5
Loading Individual: Pathan_2

Loaded 1145647 variants
Loaded 4616 individuals
HDF5 loaded from ./Data/Marcus2019_1240k/mod_reich_sardinia_ancients_rev_mrg_dedup_3trm_anno.h5

Loaded 33917 variants
Loaded 2504 individuals
HDF5 loaded from ./Data/1000Genomes/HDF5/1240kHDF5/all1240/chr18.hdf5

Intersection on Positions: 33916
Nr of Matching Refs: 33774 / 33916
Full Intersection Ref/Alt Identical: 33746 / 33916
2504 / 2504 Individuals included in Reference
Extraction of 5008 Haplotypes Complete!
Markers called 17151 / 33746
Successfully saved to: ./Empirical/HO/Pathan_2/chr18/
Successfully loaded Data from: ./Empirical/HO/Pathan_2/chr18/
Loaded Emission Model: diploid_gt
Loaded Transition Model: model
Loaded Post Processing Model: Standard
Minimum Genetic Map: 0.0027
Maximum Genetic Map: 1.1771
Gaps bigger than 0.1 cM: 196
Maximum Gap: 0.8037 cM
Loaded Transition and Emission Matrix:
(3, 3)
(5009, 17151)
Loaded Observations:
(2, 17151)
Memory Usage: 975.335424 mB
Reference Number: 5008
Total Log likelihood: -8931.386
Memory Usage: 975.335424 mB
Finished Calculation State Posteriors
Saved Zero State Posterior to ./Empirical/HO/Pathan_2/chr18/.
Successfully loaded for PP. from ./Empirical/HO/Pathan_2/chr18/
Fraction Markers in ROH: 0.2588
Called n=0 ROH Blocks > 1.0 cM
Longest Block: nan
Successfully saved to ./Empirical/HO/Pathan_2/chr18/roh.csv
Using Low-Mem Cython Linear Speed Up.
Loaded Pre Processing Model: SardHDF5
Loading Individual: Pathan_2

Loaded 1145647 variants
Loaded 4616 individuals
HDF5 loaded from ./Data/Marcus2019_1240k/mod_reich_sardinia_ancients_rev_mrg_dedup_3trm_anno.h5

Loaded 18460 variants
Loaded 2504 individuals
HDF5 loaded from ./Data/1000Genomes/HDF5/1240kHDF5/all1240/chr19.hdf5

Intersection on Positions: 18459
Nr of Matching Refs: 18381 / 18459
Full Intersection Ref/Alt Identical: 18340 / 18459
2504 / 2504 Individuals included in Reference
Extraction of 5008 Haplotypes Complete!
Markers called 8716 / 18340
Successfully saved to: ./Empirical/HO/Pathan_2/chr19/
Successfully loaded Data from: ./Empirical/HO/Pathan_2/chr19/
Loaded Emission Model: diploid_gt
Loaded Transition Model: model
Loaded Post Processing Model: Standard
Minimum Genetic Map: 0.0000
Maximum Genetic Map: 1.0773
Gaps bigger than 0.1 cM: 285
Maximum Gap: 0.6354 cM
Loaded Transition and Emission Matrix:
(3, 3)
(5009, 8716)
Loaded Observations:
(2, 8716)
Memory Usage: 595.08736 mB
Reference Number: 5008
Total Log likelihood: -4678.318
Memory Usage: 595.08736 mB
Finished Calculation State Posteriors
Saved Zero State Posterior to ./Empirical/HO/Pathan_2/chr19/.
Successfully loaded for PP. from ./Empirical/HO/Pathan_2/chr19/
Fraction Markers in ROH: 0.2155
Merged n=0 gaps < 0.0 M
Called n=1 ROH Blocks > 1.0 cM
Longest Block: 1.012
Successfully saved to ./Empirical/HO/Pathan_2/chr19/roh.csv
Using Low-Mem Cython Linear Speed Up.
Loaded Pre Processing Model: SardHDF5
Loading Individual: Pathan_2

Loaded 1145647 variants
Loaded 4616 individuals
HDF5 loaded from ./Data/Marcus2019_1240k/mod_reich_sardinia_ancients_rev_mrg_dedup_3trm_anno.h5

Loaded 29078 variants
Loaded 2504 individuals
HDF5 loaded from ./Data/1000Genomes/HDF5/1240kHDF5/all1240/chr20.hdf5

Intersection on Positions: 29077
Nr of Matching Refs: 28908 / 29077
Full Intersection Ref/Alt Identical: 28864 / 29077
2504 / 2504 Individuals included in Reference
Extraction of 5008 Haplotypes Complete!
Markers called 15380 / 28864
Successfully saved to: ./Empirical/HO/Pathan_2/chr20/
Successfully loaded Data from: ./Empirical/HO/Pathan_2/chr20/
Loaded Emission Model: diploid_gt
Loaded Transition Model: model
Loaded Post Processing Model: Standard
Minimum Genetic Map: 0.0008
Maximum Genetic Map: 1.0821
Gaps bigger than 0.1 cM: 201
Maximum Gap: 0.4744 cM
Loaded Transition and Emission Matrix:
(3, 3)
(5009, 15380)
Loaded Observations:
(2, 15380)
Memory Usage: 895.504384 mB
Reference Number: 5008
Total Log likelihood: -7876.283
Memory Usage: 895.504384 mB
Finished Calculation State Posteriors
Saved Zero State Posterior to ./Empirical/HO/Pathan_2/chr20/.
Successfully loaded for PP. from ./Empirical/HO/Pathan_2/chr20/
Fraction Markers in ROH: 0.2410
Merged n=0 gaps < 0.0 M
Called n=1 ROH Blocks > 1.0 cM
Longest Block: 1.326
Successfully saved to ./Empirical/HO/Pathan_2/chr20/roh.csv
Using Low-Mem Cython Linear Speed Up.
Loaded Pre Processing Model: SardHDF5
Loading Individual: Pathan_2

Loaded 1145647 variants
Loaded 4616 individuals
HDF5 loaded from ./Data/Marcus2019_1240k/mod_reich_sardinia_ancients_rev_mrg_dedup_3trm_anno.h5

Loaded 16038 variants
Loaded 2504 individuals
HDF5 loaded from ./Data/1000Genomes/HDF5/1240kHDF5/all1240/chr21.hdf5

Intersection on Positions: 16036
Nr of Matching Refs: 15949 / 16036
Full Intersection Ref/Alt Identical: 15930 / 16036
2504 / 2504 Individuals included in Reference
Extraction of 5008 Haplotypes Complete!
Markers called 7923 / 15930
Successfully saved to: ./Empirical/HO/Pathan_2/chr21/
Successfully loaded Data from: ./Empirical/HO/Pathan_2/chr21/
Loaded Emission Model: diploid_gt
Loaded Transition Model: model
Loaded Post Processing Model: Standard
Minimum Genetic Map: 0.0145
Maximum Genetic Map: 0.6277
Gaps bigger than 0.1 cM: 119
Maximum Gap: 0.7121 cM
Loaded Transition and Emission Matrix:
(3, 3)
(5009, 7923)
Loaded Observations:
(2, 7923)
Memory Usage: 559.345664 mB
Reference Number: 5008
Total Log likelihood: -4113.856
Memory Usage: 559.345664 mB
Finished Calculation State Posteriors
Saved Zero State Posterior to ./Empirical/HO/Pathan_2/chr21/.
Successfully loaded for PP. from ./Empirical/HO/Pathan_2/chr21/
Fraction Markers in ROH: 0.2815
Called n=0 ROH Blocks > 1.0 cM
Longest Block: nan
Successfully saved to ./Empirical/HO/Pathan_2/chr21/roh.csv
Using Low-Mem Cython Linear Speed Up.
Loaded Pre Processing Model: SardHDF5
Loading Individual: Pathan_2

Loaded 1145647 variants
Loaded 4616 individuals
HDF5 loaded from ./Data/Marcus2019_1240k/mod_reich_sardinia_ancients_rev_mrg_dedup_3trm_anno.h5

Loaded 15802 variants
Loaded 2504 individuals
HDF5 loaded from ./Data/1000Genomes/HDF5/1240kHDF5/all1240/chr22.hdf5

Intersection on Positions: 15802
Nr of Matching Refs: 15704 / 15802
Full Intersection Ref/Alt Identical: 15684 / 15802
2504 / 2504 Individuals included in Reference
Extraction of 5008 Haplotypes Complete!
Markers called 7718 / 15684
Successfully saved to: ./Empirical/HO/Pathan_2/chr22/
Successfully loaded Data from: ./Empirical/HO/Pathan_2/chr22/
Loaded Emission Model: diploid_gt
Loaded Transition Model: model
Loaded Post Processing Model: Standard
Minimum Genetic Map: 0.0178
Maximum Genetic Map: 0.7408
Gaps bigger than 0.1 cM: 149
Maximum Gap: 1.7139 cM
Loaded Transition and Emission Matrix:
(3, 3)
(5009, 7718)
Loaded Observations:
(2, 7718)
Memory Usage: 550.100992 mB
Reference Number: 5008
Total Log likelihood: -4231.042
Memory Usage: 550.100992 mB
Finished Calculation State Posteriors
Saved Zero State Posterior to ./Empirical/HO/Pathan_2/chr22/.
Successfully loaded for PP. from ./Empirical/HO/Pathan_2/chr22/
Fraction Markers in ROH: 0.2117
Called n=0 ROH Blocks > 1.0 cM
Longest Block: nan
Successfully saved to ./Empirical/HO/Pathan_2/chr22/roh.csv
Run for Individual Pathan_2: Complete! Yeah!!
