Doing Individual Sindhi_10...
Using Low-Mem Cython Linear Speed Up.
Loaded Pre Processing Model: SardHDF5
Loading Individual: Sindhi_10

Loaded 1145647 variants
Loaded 4616 individuals
HDF5 loaded from ./Data/Marcus2019_1240k/mod_reich_sardinia_ancients_rev_mrg_dedup_3trm_anno.h5

Loaded 89147 variants
Loaded 2504 individuals
HDF5 loaded from ./Data/1000Genomes/HDF5/1240kHDF5/all1240/chr1.hdf5

Intersection on Positions: 89143
Nr of Matching Refs: 89143 / 89143
Full Intersection Ref/Alt Identical: 89079 / 89143
2504 / 2504 Individuals included in Reference
Extraction of 5008 Haplotypes Complete!
Markers called 46964 / 89079
Successfully saved to: ./Empirical/HO/Sindhi_10/chr1/
Successfully loaded Data from: ./Empirical/HO/Sindhi_10/chr1/
Loaded Emission Model: diploid_gt
Loaded Transition Model: model
Loaded Post Processing Model: Standard
Minimum Genetic Map: 0.0201
Maximum Genetic Map: 2.8623
Gaps bigger than 0.1 cM: 427
Maximum Gap: 3.9814 cM
Loaded Transition and Emission Matrix:
(3, 3)
(5009, 46964)
Loaded Observations:
(2, 46964)
Memory Usage: 2302.578688 mB
Reference Number: 5008
Total Log likelihood: -24284.108
Memory Usage: 2303.033344 mB
Finished Calculation State Posteriors
Saved Zero State Posterior to ./Empirical/HO/Sindhi_10/chr1/.
Successfully loaded for PP. from ./Empirical/HO/Sindhi_10/chr1/
Fraction Markers in ROH: 0.2385
Merged n=0 gaps < 0.0 M
Called n=2 ROH Blocks > 1.0 cM
Longest Block: 1.681
Successfully saved to ./Empirical/HO/Sindhi_10/chr1/roh.csv
Using Low-Mem Cython Linear Speed Up.
Loaded Pre Processing Model: SardHDF5
Loading Individual: Sindhi_10

Loaded 1145647 variants
Loaded 4616 individuals
HDF5 loaded from ./Data/Marcus2019_1240k/mod_reich_sardinia_ancients_rev_mrg_dedup_3trm_anno.h5

Loaded 94239 variants
Loaded 2504 individuals
HDF5 loaded from ./Data/1000Genomes/HDF5/1240kHDF5/all1240/chr2.hdf5

Intersection on Positions: 94237
Nr of Matching Refs: 94205 / 94237
Full Intersection Ref/Alt Identical: 94137 / 94237
2504 / 2504 Individuals included in Reference
Extraction of 5008 Haplotypes Complete!
Markers called 48440 / 94137
Successfully saved to: ./Empirical/HO/Sindhi_10/chr2/
Successfully loaded Data from: ./Empirical/HO/Sindhi_10/chr2/
Loaded Emission Model: diploid_gt
Loaded Transition Model: model
Loaded Post Processing Model: Standard
Minimum Genetic Map: 0.0001
Maximum Genetic Map: 2.6883
Gaps bigger than 0.1 cM: 400
Maximum Gap: 2.0159 cM
Loaded Transition and Emission Matrix:
(3, 3)
(5009, 48440)
Loaded Observations:
(2, 48440)
Memory Usage: 2371.739648 mB
Reference Number: 5008
Total Log likelihood: -24951.397
Memory Usage: 2371.739648 mB
Finished Calculation State Posteriors
Saved Zero State Posterior to ./Empirical/HO/Sindhi_10/chr2/.
Successfully loaded for PP. from ./Empirical/HO/Sindhi_10/chr2/
Fraction Markers in ROH: 0.2547
Merged n=0 gaps < 0.0 M
Called n=3 ROH Blocks > 1.0 cM
Longest Block: 1.407
Successfully saved to ./Empirical/HO/Sindhi_10/chr2/roh.csv
Using Low-Mem Cython Linear Speed Up.
Loaded Pre Processing Model: SardHDF5
Loading Individual: Sindhi_10

Loaded 1145647 variants
Loaded 4616 individuals
HDF5 loaded from ./Data/Marcus2019_1240k/mod_reich_sardinia_ancients_rev_mrg_dedup_3trm_anno.h5

Loaded 77652 variants
Loaded 2504 individuals
HDF5 loaded from ./Data/1000Genomes/HDF5/1240kHDF5/all1240/chr3.hdf5

Intersection on Positions: 77650
Nr of Matching Refs: 77606 / 77650
Full Intersection Ref/Alt Identical: 77553 / 77650
2504 / 2504 Individuals included in Reference
Extraction of 5008 Haplotypes Complete!
Markers called 40149 / 77553
Successfully saved to: ./Empirical/HO/Sindhi_10/chr3/
Successfully loaded Data from: ./Empirical/HO/Sindhi_10/chr3/
Loaded Emission Model: diploid_gt
Loaded Transition Model: model
Loaded Post Processing Model: Standard
Minimum Genetic Map: 0.0002
Maximum Genetic Map: 2.2326
Gaps bigger than 0.1 cM: 344
Maximum Gap: 0.4179 cM
Loaded Transition and Emission Matrix:
(3, 3)
(5009, 40149)
Loaded Observations:
(2, 40149)
Memory Usage: 2012.069888 mB
Reference Number: 5008
Total Log likelihood: -18616.311
Memory Usage: 2012.069888 mB
Finished Calculation State Posteriors
Saved Zero State Posterior to ./Empirical/HO/Sindhi_10/chr3/.
Successfully loaded for PP. from ./Empirical/HO/Sindhi_10/chr3/
Fraction Markers in ROH: 0.3564
Merged n=0 gaps < 0.0 M
Called n=5 ROH Blocks > 1.0 cM
Longest Block: 14.760
Successfully saved to ./Empirical/HO/Sindhi_10/chr3/roh.csv
Using Low-Mem Cython Linear Speed Up.
Loaded Pre Processing Model: SardHDF5
Loading Individual: Sindhi_10

Loaded 1145647 variants
Loaded 4616 individuals
HDF5 loaded from ./Data/Marcus2019_1240k/mod_reich_sardinia_ancients_rev_mrg_dedup_3trm_anno.h5

Loaded 68759 variants
Loaded 2504 individuals
HDF5 loaded from ./Data/1000Genomes/HDF5/1240kHDF5/all1240/chr4.hdf5

Intersection on Positions: 68759
Nr of Matching Refs: 68709 / 68759
Full Intersection Ref/Alt Identical: 68663 / 68759
2504 / 2504 Individuals included in Reference
Extraction of 5008 Haplotypes Complete!
Markers called 33637 / 68663
Successfully saved to: ./Empirical/HO/Sindhi_10/chr4/
Successfully loaded Data from: ./Empirical/HO/Sindhi_10/chr4/
Loaded Emission Model: diploid_gt
Loaded Transition Model: model
Loaded Post Processing Model: Standard
Minimum Genetic Map: 0.0034
Maximum Genetic Map: 2.1454
Gaps bigger than 0.1 cM: 333
Maximum Gap: 2.1375 cM
Loaded Transition and Emission Matrix:
(3, 3)
(5009, 33637)
Loaded Observations:
(2, 33637)
Memory Usage: 1718.472704 mB
Reference Number: 5008
Total Log likelihood: -18035.817
Memory Usage: 1718.472704 mB
Finished Calculation State Posteriors
Saved Zero State Posterior to ./Empirical/HO/Sindhi_10/chr4/.
Successfully loaded for PP. from ./Empirical/HO/Sindhi_10/chr4/
Fraction Markers in ROH: 0.2218
Merged n=0 gaps < 0.0 M
Called n=1 ROH Blocks > 1.0 cM
Longest Block: 1.685
Successfully saved to ./Empirical/HO/Sindhi_10/chr4/roh.csv
Using Low-Mem Cython Linear Speed Up.
Loaded Pre Processing Model: SardHDF5
Loading Individual: Sindhi_10

Loaded 1145647 variants
Loaded 4616 individuals
HDF5 loaded from ./Data/Marcus2019_1240k/mod_reich_sardinia_ancients_rev_mrg_dedup_3trm_anno.h5

Loaded 69399 variants
Loaded 2504 individuals
HDF5 loaded from ./Data/1000Genomes/HDF5/1240kHDF5/all1240/chr5.hdf5

Intersection on Positions: 69394
Nr of Matching Refs: 69307 / 69394
Full Intersection Ref/Alt Identical: 69252 / 69394
2504 / 2504 Individuals included in Reference
Extraction of 5008 Haplotypes Complete!
Markers called 33811 / 69252
Successfully saved to: ./Empirical/HO/Sindhi_10/chr5/
Successfully loaded Data from: ./Empirical/HO/Sindhi_10/chr5/
Loaded Emission Model: diploid_gt
Loaded Transition Model: model
Loaded Post Processing Model: Standard
Minimum Genetic Map: 0.0004
Maximum Genetic Map: 2.0409
Gaps bigger than 0.1 cM: 342
Maximum Gap: 1.0498 cM
Loaded Transition and Emission Matrix:
(3, 3)
(5009, 33811)
Loaded Observations:
(2, 33811)
Memory Usage: 1726.34112 mB
Reference Number: 5008
Total Log likelihood: -17744.970
Memory Usage: 1726.34112 mB
Finished Calculation State Posteriors
Saved Zero State Posterior to ./Empirical/HO/Sindhi_10/chr5/.
Successfully loaded for PP. from ./Empirical/HO/Sindhi_10/chr5/
Fraction Markers in ROH: 0.2497
Merged n=0 gaps < 0.0 M
Called n=1 ROH Blocks > 1.0 cM
Longest Block: 2.062
Successfully saved to ./Empirical/HO/Sindhi_10/chr5/roh.csv
Using Low-Mem Cython Linear Speed Up.
Loaded Pre Processing Model: SardHDF5
Loading Individual: Sindhi_10

Loaded 1145647 variants
Loaded 4616 individuals
HDF5 loaded from ./Data/Marcus2019_1240k/mod_reich_sardinia_ancients_rev_mrg_dedup_3trm_anno.h5

Loaded 75870 variants
Loaded 2504 individuals
HDF5 loaded from ./Data/1000Genomes/HDF5/1240kHDF5/all1240/chr6.hdf5

Intersection on Positions: 75866
Nr of Matching Refs: 75743 / 75866
Full Intersection Ref/Alt Identical: 75675 / 75866
2504 / 2504 Individuals included in Reference
Extraction of 5008 Haplotypes Complete!
Markers called 33615 / 75675
Successfully saved to: ./Empirical/HO/Sindhi_10/chr6/
Successfully loaded Data from: ./Empirical/HO/Sindhi_10/chr6/
Loaded Emission Model: diploid_gt
Loaded Transition Model: model
Loaded Post Processing Model: Standard
Minimum Genetic Map: 0.0035
Maximum Genetic Map: 1.9203
Gaps bigger than 0.1 cM: 293
Maximum Gap: 0.5072 cM
Loaded Transition and Emission Matrix:
(3, 3)
(5009, 33615)
Loaded Observations:
(2, 33615)
Memory Usage: 1717.530624 mB
Reference Number: 5008
Total Log likelihood: -17413.163
Memory Usage: 1717.530624 mB
Finished Calculation State Posteriors
Saved Zero State Posterior to ./Empirical/HO/Sindhi_10/chr6/.
Successfully loaded for PP. from ./Empirical/HO/Sindhi_10/chr6/
Fraction Markers in ROH: 0.2549
Called n=0 ROH Blocks > 1.0 cM
Longest Block: nan
Successfully saved to ./Empirical/HO/Sindhi_10/chr6/roh.csv
Using Low-Mem Cython Linear Speed Up.
Loaded Pre Processing Model: SardHDF5
Loading Individual: Sindhi_10

Loaded 1145647 variants
Loaded 4616 individuals
HDF5 loaded from ./Data/Marcus2019_1240k/mod_reich_sardinia_ancients_rev_mrg_dedup_3trm_anno.h5

Loaded 59890 variants
Loaded 2504 individuals
HDF5 loaded from ./Data/1000Genomes/HDF5/1240kHDF5/all1240/chr7.hdf5

Intersection on Positions: 59889
Nr of Matching Refs: 59781 / 59889
Full Intersection Ref/Alt Identical: 59715 / 59889
2504 / 2504 Individuals included in Reference
Extraction of 5008 Haplotypes Complete!
Markers called 28374 / 59715
Successfully saved to: ./Empirical/HO/Sindhi_10/chr7/
Successfully loaded Data from: ./Empirical/HO/Sindhi_10/chr7/
Loaded Emission Model: diploid_gt
Loaded Transition Model: model
Loaded Post Processing Model: Standard
Minimum Genetic Map: 0.0000
Maximum Genetic Map: 1.8715
Gaps bigger than 0.1 cM: 327
Maximum Gap: 1.0884 cM
Loaded Transition and Emission Matrix:
(3, 3)
(5009, 28374)
Loaded Observations:
(2, 28374)
Memory Usage: 1481.273344 mB
Reference Number: 5008
Total Log likelihood: -12173.182
Memory Usage: 1481.273344 mB
Finished Calculation State Posteriors
Saved Zero State Posterior to ./Empirical/HO/Sindhi_10/chr7/.
Successfully loaded for PP. from ./Empirical/HO/Sindhi_10/chr7/
Fraction Markers in ROH: 0.4531
Merged n=0 gaps < 0.0 M
Called n=11 ROH Blocks > 1.0 cM
Longest Block: 12.983
Successfully saved to ./Empirical/HO/Sindhi_10/chr7/roh.csv
Using Low-Mem Cython Linear Speed Up.
Loaded Pre Processing Model: SardHDF5
Loading Individual: Sindhi_10

Loaded 1145647 variants
Loaded 4616 individuals
HDF5 loaded from ./Data/Marcus2019_1240k/mod_reich_sardinia_ancients_rev_mrg_dedup_3trm_anno.h5

Loaded 61133 variants
Loaded 2504 individuals
HDF5 loaded from ./Data/1000Genomes/HDF5/1240kHDF5/all1240/chr8.hdf5

Intersection on Positions: 61130
Nr of Matching Refs: 61022 / 61130
Full Intersection Ref/Alt Identical: 60960 / 61130
2504 / 2504 Individuals included in Reference
Extraction of 5008 Haplotypes Complete!
Markers called 28174 / 60960
Successfully saved to: ./Empirical/HO/Sindhi_10/chr8/
Successfully loaded Data from: ./Empirical/HO/Sindhi_10/chr8/
Loaded Emission Model: diploid_gt
Loaded Transition Model: model
Loaded Post Processing Model: Standard
Minimum Genetic Map: 0.0001
Maximum Genetic Map: 1.6800
Gaps bigger than 0.1 cM: 256
Maximum Gap: 3.5052 cM
Loaded Transition and Emission Matrix:
(3, 3)
(5009, 28174)
Loaded Observations:
(2, 28174)
Memory Usage: 1472.26624 mB
Reference Number: 5008
Total Log likelihood: -14652.520
Memory Usage: 1472.26624 mB
Finished Calculation State Posteriors
Saved Zero State Posterior to ./Empirical/HO/Sindhi_10/chr8/.
Successfully loaded for PP. from ./Empirical/HO/Sindhi_10/chr8/
Fraction Markers in ROH: 0.2449
Called n=0 ROH Blocks > 1.0 cM
Longest Block: nan
Successfully saved to ./Empirical/HO/Sindhi_10/chr8/roh.csv
Using Low-Mem Cython Linear Speed Up.
Loaded Pre Processing Model: SardHDF5
Loading Individual: Sindhi_10

Loaded 1145647 variants
Loaded 4616 individuals
HDF5 loaded from ./Data/Marcus2019_1240k/mod_reich_sardinia_ancients_rev_mrg_dedup_3trm_anno.h5

Loaded 50668 variants
Loaded 2504 individuals
HDF5 loaded from ./Data/1000Genomes/HDF5/1240kHDF5/all1240/chr9.hdf5

Intersection on Positions: 50668
Nr of Matching Refs: 50539 / 50668
Full Intersection Ref/Alt Identical: 50493 / 50668
2504 / 2504 Individuals included in Reference
Extraction of 5008 Haplotypes Complete!
Markers called 23459 / 50493
Successfully saved to: ./Empirical/HO/Sindhi_10/chr9/
Successfully loaded Data from: ./Empirical/HO/Sindhi_10/chr9/
Loaded Emission Model: diploid_gt
Loaded Transition Model: model
Loaded Post Processing Model: Standard
Minimum Genetic Map: 0.0016
Maximum Genetic Map: 1.6630
Gaps bigger than 0.1 cM: 301
Maximum Gap: 2.3464 cM
Loaded Transition and Emission Matrix:
(3, 3)
(5009, 23459)
Loaded Observations:
(2, 23459)
Memory Usage: 1259.716608 mB
Reference Number: 5008
Total Log likelihood: -12011.959
Memory Usage: 1259.716608 mB
Finished Calculation State Posteriors
Saved Zero State Posterior to ./Empirical/HO/Sindhi_10/chr9/.
Successfully loaded for PP. from ./Empirical/HO/Sindhi_10/chr9/
Fraction Markers in ROH: 0.2675
Merged n=0 gaps < 0.0 M
Called n=3 ROH Blocks > 1.0 cM
Longest Block: 7.531
Successfully saved to ./Empirical/HO/Sindhi_10/chr9/roh.csv
Using Low-Mem Cython Linear Speed Up.
Loaded Pre Processing Model: SardHDF5
Loading Individual: Sindhi_10

Loaded 1145647 variants
Loaded 4616 individuals
HDF5 loaded from ./Data/Marcus2019_1240k/mod_reich_sardinia_ancients_rev_mrg_dedup_3trm_anno.h5

Loaded 58804 variants
Loaded 2504 individuals
HDF5 loaded from ./Data/1000Genomes/HDF5/1240kHDF5/all1240/chr10.hdf5

Intersection on Positions: 58803
Nr of Matching Refs: 58657 / 58803
Full Intersection Ref/Alt Identical: 58591 / 58803
2504 / 2504 Individuals included in Reference
Extraction of 5008 Haplotypes Complete!
Markers called 30192 / 58591
Successfully saved to: ./Empirical/HO/Sindhi_10/chr10/
Successfully loaded Data from: ./Empirical/HO/Sindhi_10/chr10/
Loaded Emission Model: diploid_gt
Loaded Transition Model: model
Loaded Post Processing Model: Standard
Minimum Genetic Map: 0.0001
Maximum Genetic Map: 1.8089
Gaps bigger than 0.1 cM: 266
Maximum Gap: 2.0343 cM
Loaded Transition and Emission Matrix:
(3, 3)
(5009, 30192)
Loaded Observations:
(2, 30192)
Memory Usage: 1563.2384 mB
Reference Number: 5008
Total Log likelihood: -16312.694
Memory Usage: 1563.2384 mB
Finished Calculation State Posteriors
Saved Zero State Posterior to ./Empirical/HO/Sindhi_10/chr10/.
Successfully loaded for PP. from ./Empirical/HO/Sindhi_10/chr10/
Fraction Markers in ROH: 0.2377
Merged n=0 gaps < 0.0 M
Called n=2 ROH Blocks > 1.0 cM
Longest Block: 5.242
Successfully saved to ./Empirical/HO/Sindhi_10/chr10/roh.csv
Using Low-Mem Cython Linear Speed Up.
Loaded Pre Processing Model: SardHDF5
Loading Individual: Sindhi_10

Loaded 1145647 variants
Loaded 4616 individuals
HDF5 loaded from ./Data/Marcus2019_1240k/mod_reich_sardinia_ancients_rev_mrg_dedup_3trm_anno.h5

Loaded 54833 variants
Loaded 2504 individuals
HDF5 loaded from ./Data/1000Genomes/HDF5/1240kHDF5/all1240/chr11.hdf5

Intersection on Positions: 54831
Nr of Matching Refs: 54669 / 54831
Full Intersection Ref/Alt Identical: 54616 / 54831
2504 / 2504 Individuals included in Reference
Extraction of 5008 Haplotypes Complete!
Markers called 27774 / 54616
Successfully saved to: ./Empirical/HO/Sindhi_10/chr11/
Successfully loaded Data from: ./Empirical/HO/Sindhi_10/chr11/
Loaded Emission Model: diploid_gt
Loaded Transition Model: model
Loaded Post Processing Model: Standard
Minimum Genetic Map: 0.0000
Maximum Genetic Map: 1.5822
Gaps bigger than 0.1 cM: 248
Maximum Gap: 0.5683 cM
Loaded Transition and Emission Matrix:
(3, 3)
(5009, 27774)
Loaded Observations:
(2, 27774)
Memory Usage: 1454.235648 mB
Reference Number: 5008
Total Log likelihood: -12566.636
Memory Usage: 1454.235648 mB
Finished Calculation State Posteriors
Saved Zero State Posterior to ./Empirical/HO/Sindhi_10/chr11/.
Successfully loaded for PP. from ./Empirical/HO/Sindhi_10/chr11/
Fraction Markers in ROH: 0.3997
Merged n=0 gaps < 0.0 M
Called n=5 ROH Blocks > 1.0 cM
Longest Block: 15.449
Successfully saved to ./Empirical/HO/Sindhi_10/chr11/roh.csv
Using Low-Mem Cython Linear Speed Up.
Loaded Pre Processing Model: SardHDF5
Loading Individual: Sindhi_10

Loaded 1145647 variants
Loaded 4616 individuals
HDF5 loaded from ./Data/Marcus2019_1240k/mod_reich_sardinia_ancients_rev_mrg_dedup_3trm_anno.h5

Loaded 53911 variants
Loaded 2504 individuals
HDF5 loaded from ./Data/1000Genomes/HDF5/1240kHDF5/all1240/chr12.hdf5

Intersection on Positions: 53911
Nr of Matching Refs: 53713 / 53911
Full Intersection Ref/Alt Identical: 53672 / 53911
2504 / 2504 Individuals included in Reference
Extraction of 5008 Haplotypes Complete!
Markers called 26976 / 53672
Successfully saved to: ./Empirical/HO/Sindhi_10/chr12/
Successfully loaded Data from: ./Empirical/HO/Sindhi_10/chr12/
Loaded Emission Model: diploid_gt
Loaded Transition Model: model
Loaded Post Processing Model: Standard
Minimum Genetic Map: 0.0009
Maximum Genetic Map: 1.7468
Gaps bigger than 0.1 cM: 287
Maximum Gap: 0.8015 cM
Loaded Transition and Emission Matrix:
(3, 3)
(5009, 26976)
Loaded Observations:
(2, 26976)
Memory Usage: 1418.268672 mB
Reference Number: 5008
Total Log likelihood: -14956.746
Memory Usage: 1418.268672 mB
Finished Calculation State Posteriors
Saved Zero State Posterior to ./Empirical/HO/Sindhi_10/chr12/.
Successfully loaded for PP. from ./Empirical/HO/Sindhi_10/chr12/
Fraction Markers in ROH: 0.2100
Merged n=0 gaps < 0.0 M
Called n=1 ROH Blocks > 1.0 cM
Longest Block: 2.130
Successfully saved to ./Empirical/HO/Sindhi_10/chr12/roh.csv
Using Low-Mem Cython Linear Speed Up.
Loaded Pre Processing Model: SardHDF5
Loading Individual: Sindhi_10

Loaded 1145647 variants
Loaded 4616 individuals
HDF5 loaded from ./Data/Marcus2019_1240k/mod_reich_sardinia_ancients_rev_mrg_dedup_3trm_anno.h5

Loaded 39018 variants
Loaded 2504 individuals
HDF5 loaded from ./Data/1000Genomes/HDF5/1240kHDF5/all1240/chr13.hdf5

Intersection on Positions: 39015
Nr of Matching Refs: 38885 / 39015
Full Intersection Ref/Alt Identical: 38841 / 39015
2504 / 2504 Individuals included in Reference
Extraction of 5008 Haplotypes Complete!
Markers called 17668 / 38841
Successfully saved to: ./Empirical/HO/Sindhi_10/chr13/
Successfully loaded Data from: ./Empirical/HO/Sindhi_10/chr13/
Loaded Emission Model: diploid_gt
Loaded Transition Model: model
Loaded Post Processing Model: Standard
Minimum Genetic Map: 0.0028
Maximum Genetic Map: 1.2570
Gaps bigger than 0.1 cM: 230
Maximum Gap: 1.2234 cM
Loaded Transition and Emission Matrix:
(3, 3)
(5009, 17668)
Loaded Observations:
(2, 17668)
Memory Usage: 998.662144 mB
Reference Number: 5008
Total Log likelihood: -9255.428
Memory Usage: 998.662144 mB
Finished Calculation State Posteriors
Saved Zero State Posterior to ./Empirical/HO/Sindhi_10/chr13/.
Successfully loaded for PP. from ./Empirical/HO/Sindhi_10/chr13/
Fraction Markers in ROH: 0.2674
Merged n=0 gaps < 0.0 M
Called n=3 ROH Blocks > 1.0 cM
Longest Block: 4.612
Successfully saved to ./Empirical/HO/Sindhi_10/chr13/roh.csv
Using Low-Mem Cython Linear Speed Up.
Loaded Pre Processing Model: SardHDF5
Loading Individual: Sindhi_10

Loaded 1145647 variants
Loaded 4616 individuals
HDF5 loaded from ./Data/Marcus2019_1240k/mod_reich_sardinia_ancients_rev_mrg_dedup_3trm_anno.h5

Loaded 36301 variants
Loaded 2504 individuals
HDF5 loaded from ./Data/1000Genomes/HDF5/1240kHDF5/all1240/chr14.hdf5

Intersection on Positions: 36301
Nr of Matching Refs: 36166 / 36301
Full Intersection Ref/Alt Identical: 36126 / 36301
2504 / 2504 Individuals included in Reference
Extraction of 5008 Haplotypes Complete!
Markers called 18488 / 36126
Successfully saved to: ./Empirical/HO/Sindhi_10/chr14/
Successfully loaded Data from: ./Empirical/HO/Sindhi_10/chr14/
Loaded Emission Model: diploid_gt
Loaded Transition Model: model
Loaded Post Processing Model: Standard
Minimum Genetic Map: 0.0184
Maximum Genetic Map: 1.2020
Gaps bigger than 0.1 cM: 194
Maximum Gap: 3.5856 cM
Loaded Transition and Emission Matrix:
(3, 3)
(5009, 18488)
Loaded Observations:
(2, 18488)
Memory Usage: 1035.628544 mB
Reference Number: 5008
Total Log likelihood: -8977.745
Memory Usage: 1035.628544 mB
Finished Calculation State Posteriors
Saved Zero State Posterior to ./Empirical/HO/Sindhi_10/chr14/.
Successfully loaded for PP. from ./Empirical/HO/Sindhi_10/chr14/
Fraction Markers in ROH: 0.3367
Merged n=0 gaps < 0.0 M
Called n=4 ROH Blocks > 1.0 cM
Longest Block: 6.820
Successfully saved to ./Empirical/HO/Sindhi_10/chr14/roh.csv
Using Low-Mem Cython Linear Speed Up.
Loaded Pre Processing Model: SardHDF5
Loading Individual: Sindhi_10

Loaded 1145647 variants
Loaded 4616 individuals
HDF5 loaded from ./Data/Marcus2019_1240k/mod_reich_sardinia_ancients_rev_mrg_dedup_3trm_anno.h5

Loaded 34429 variants
Loaded 2504 individuals
HDF5 loaded from ./Data/1000Genomes/HDF5/1240kHDF5/all1240/chr15.hdf5

Intersection on Positions: 34425
Nr of Matching Refs: 34285 / 34425
Full Intersection Ref/Alt Identical: 34249 / 34425
2504 / 2504 Individuals included in Reference
Extraction of 5008 Haplotypes Complete!
Markers called 17880 / 34249
Successfully saved to: ./Empirical/HO/Sindhi_10/chr15/
Successfully loaded Data from: ./Empirical/HO/Sindhi_10/chr15/
Loaded Emission Model: diploid_gt
Loaded Transition Model: model
Loaded Post Processing Model: Standard
Minimum Genetic Map: 0.0002
Maximum Genetic Map: 1.4133
Gaps bigger than 0.1 cM: 203
Maximum Gap: 13.7876 cM
Loaded Transition and Emission Matrix:
(3, 3)
(5009, 17880)
Loaded Observations:
(2, 17880)
Memory Usage: 1008.222208 mB
Reference Number: 5008
Total Log likelihood: -8622.653
Memory Usage: 1008.222208 mB
Finished Calculation State Posteriors
Saved Zero State Posterior to ./Empirical/HO/Sindhi_10/chr15/.
Successfully loaded for PP. from ./Empirical/HO/Sindhi_10/chr15/
Fraction Markers in ROH: 0.3604
Merged n=0 gaps < 0.0 M
Called n=6 ROH Blocks > 1.0 cM
Longest Block: 8.359
Successfully saved to ./Empirical/HO/Sindhi_10/chr15/roh.csv
Using Low-Mem Cython Linear Speed Up.
Loaded Pre Processing Model: SardHDF5
Loading Individual: Sindhi_10

Loaded 1145647 variants
Loaded 4616 individuals
HDF5 loaded from ./Data/Marcus2019_1240k/mod_reich_sardinia_ancients_rev_mrg_dedup_3trm_anno.h5

Loaded 34402 variants
Loaded 2504 individuals
HDF5 loaded from ./Data/1000Genomes/HDF5/1240kHDF5/all1240/chr16.hdf5

Intersection on Positions: 34399
Nr of Matching Refs: 34254 / 34399
Full Intersection Ref/Alt Identical: 34201 / 34399
2504 / 2504 Individuals included in Reference
Extraction of 5008 Haplotypes Complete!
Markers called 18085 / 34201
Successfully saved to: ./Empirical/HO/Sindhi_10/chr16/
Successfully loaded Data from: ./Empirical/HO/Sindhi_10/chr16/
Loaded Emission Model: diploid_gt
Loaded Transition Model: model
Loaded Post Processing Model: Standard
Minimum Genetic Map: 0.0001
Maximum Genetic Map: 1.3402
Gaps bigger than 0.1 cM: 229
Maximum Gap: 0.9354 cM
Loaded Transition and Emission Matrix:
(3, 3)
(5009, 18085)
Loaded Observations:
(2, 18085)
Memory Usage: 1017.462784 mB
Reference Number: 5008
Total Log likelihood: -9294.665
Memory Usage: 1017.462784 mB
Finished Calculation State Posteriors
Saved Zero State Posterior to ./Empirical/HO/Sindhi_10/chr16/.
Successfully loaded for PP. from ./Empirical/HO/Sindhi_10/chr16/
Fraction Markers in ROH: 0.2754
Merged n=0 gaps < 0.0 M
Called n=1 ROH Blocks > 1.0 cM
Longest Block: 1.075
Successfully saved to ./Empirical/HO/Sindhi_10/chr16/roh.csv
Using Low-Mem Cython Linear Speed Up.
Loaded Pre Processing Model: SardHDF5
Loading Individual: Sindhi_10

Loaded 1145647 variants
Loaded 4616 individuals
HDF5 loaded from ./Data/Marcus2019_1240k/mod_reich_sardinia_ancients_rev_mrg_dedup_3trm_anno.h5

Loaded 29314 variants
Loaded 2504 individuals
HDF5 loaded from ./Data/1000Genomes/HDF5/1240kHDF5/all1240/chr17.hdf5

Intersection on Positions: 29313
Nr of Matching Refs: 29159 / 29313
Full Intersection Ref/Alt Identical: 29124 / 29313
2504 / 2504 Individuals included in Reference
Extraction of 5008 Haplotypes Complete!
Markers called 15087 / 29124
Successfully saved to: ./Empirical/HO/Sindhi_10/chr17/
Successfully loaded Data from: ./Empirical/HO/Sindhi_10/chr17/
Loaded Emission Model: diploid_gt
Loaded Transition Model: model
Loaded Post Processing Model: Standard
Minimum Genetic Map: -0.0003
Maximum Genetic Map: 1.2845
Gaps bigger than 0.1 cM: 228
Maximum Gap: 1.2355 cM
Loaded Transition and Emission Matrix:
(3, 3)
(5009, 15087)
Loaded Observations:
(2, 15087)
Memory Usage: 882.315264 mB
Reference Number: 5008
Total Log likelihood: -7444.956
Memory Usage: 882.315264 mB
Finished Calculation State Posteriors
Saved Zero State Posterior to ./Empirical/HO/Sindhi_10/chr17/.
Successfully loaded for PP. from ./Empirical/HO/Sindhi_10/chr17/
Fraction Markers in ROH: 0.3079
Merged n=0 gaps < 0.0 M
Called n=5 ROH Blocks > 1.0 cM
Longest Block: 7.978
Successfully saved to ./Empirical/HO/Sindhi_10/chr17/roh.csv
Using Low-Mem Cython Linear Speed Up.
Loaded Pre Processing Model: SardHDF5
Loading Individual: Sindhi_10

Loaded 1145647 variants
Loaded 4616 individuals
HDF5 loaded from ./Data/Marcus2019_1240k/mod_reich_sardinia_ancients_rev_mrg_dedup_3trm_anno.h5

Loaded 33917 variants
Loaded 2504 individuals
HDF5 loaded from ./Data/1000Genomes/HDF5/1240kHDF5/all1240/chr18.hdf5

Intersection on Positions: 33916
Nr of Matching Refs: 33774 / 33916
Full Intersection Ref/Alt Identical: 33746 / 33916
2504 / 2504 Individuals included in Reference
Extraction of 5008 Haplotypes Complete!
Markers called 16967 / 33746
Successfully saved to: ./Empirical/HO/Sindhi_10/chr18/
Successfully loaded Data from: ./Empirical/HO/Sindhi_10/chr18/
Loaded Emission Model: diploid_gt
Loaded Transition Model: model
Loaded Post Processing Model: Standard
Minimum Genetic Map: 0.0027
Maximum Genetic Map: 1.1771
Gaps bigger than 0.1 cM: 196
Maximum Gap: 0.8037 cM
Loaded Transition and Emission Matrix:
(3, 3)
(5009, 16967)
Loaded Observations:
(2, 16967)
Memory Usage: 967.069696 mB
Reference Number: 5008
Total Log likelihood: -8894.869
Memory Usage: 967.069696 mB
Finished Calculation State Posteriors
Saved Zero State Posterior to ./Empirical/HO/Sindhi_10/chr18/.
Successfully loaded for PP. from ./Empirical/HO/Sindhi_10/chr18/
Fraction Markers in ROH: 0.2560
Called n=0 ROH Blocks > 1.0 cM
Longest Block: nan
Successfully saved to ./Empirical/HO/Sindhi_10/chr18/roh.csv
Using Low-Mem Cython Linear Speed Up.
Loaded Pre Processing Model: SardHDF5
Loading Individual: Sindhi_10

Loaded 1145647 variants
Loaded 4616 individuals
HDF5 loaded from ./Data/Marcus2019_1240k/mod_reich_sardinia_ancients_rev_mrg_dedup_3trm_anno.h5

Loaded 18460 variants
Loaded 2504 individuals
HDF5 loaded from ./Data/1000Genomes/HDF5/1240kHDF5/all1240/chr19.hdf5

Intersection on Positions: 18459
Nr of Matching Refs: 18381 / 18459
Full Intersection Ref/Alt Identical: 18340 / 18459
2504 / 2504 Individuals included in Reference
Extraction of 5008 Haplotypes Complete!
Markers called 8621 / 18340
Successfully saved to: ./Empirical/HO/Sindhi_10/chr19/
Successfully loaded Data from: ./Empirical/HO/Sindhi_10/chr19/
Loaded Emission Model: diploid_gt
Loaded Transition Model: model
Loaded Post Processing Model: Standard
Minimum Genetic Map: 0.0000
Maximum Genetic Map: 1.0773
Gaps bigger than 0.1 cM: 286
Maximum Gap: 0.6354 cM
Loaded Transition and Emission Matrix:
(3, 3)
(5009, 8621)
Loaded Observations:
(2, 8621)
Memory Usage: 590.831616 mB
Reference Number: 5008
Total Log likelihood: -4692.440
Memory Usage: 590.831616 mB
Finished Calculation State Posteriors
Saved Zero State Posterior to ./Empirical/HO/Sindhi_10/chr19/.
Successfully loaded for PP. from ./Empirical/HO/Sindhi_10/chr19/
Fraction Markers in ROH: 0.2245
Merged n=0 gaps < 0.0 M
Called n=5 ROH Blocks > 1.0 cM
Longest Block: 3.002
Successfully saved to ./Empirical/HO/Sindhi_10/chr19/roh.csv
Using Low-Mem Cython Linear Speed Up.
Loaded Pre Processing Model: SardHDF5
Loading Individual: Sindhi_10

Loaded 1145647 variants
Loaded 4616 individuals
HDF5 loaded from ./Data/Marcus2019_1240k/mod_reich_sardinia_ancients_rev_mrg_dedup_3trm_anno.h5

Loaded 29078 variants
Loaded 2504 individuals
HDF5 loaded from ./Data/1000Genomes/HDF5/1240kHDF5/all1240/chr20.hdf5

Intersection on Positions: 29077
Nr of Matching Refs: 28908 / 29077
Full Intersection Ref/Alt Identical: 28864 / 29077
2504 / 2504 Individuals included in Reference
Extraction of 5008 Haplotypes Complete!
Markers called 15234 / 28864
Successfully saved to: ./Empirical/HO/Sindhi_10/chr20/
Successfully loaded Data from: ./Empirical/HO/Sindhi_10/chr20/
Loaded Emission Model: diploid_gt
Loaded Transition Model: model
Loaded Post Processing Model: Standard
Minimum Genetic Map: 0.0008
Maximum Genetic Map: 1.0821
Gaps bigger than 0.1 cM: 207
Maximum Gap: 0.4744 cM
Loaded Transition and Emission Matrix:
(3, 3)
(5009, 15234)
Loaded Observations:
(2, 15234)
Memory Usage: 888.946688 mB
Reference Number: 5008
Total Log likelihood: -7991.038
Memory Usage: 888.946688 mB
Finished Calculation State Posteriors
Saved Zero State Posterior to ./Empirical/HO/Sindhi_10/chr20/.
Successfully loaded for PP. from ./Empirical/HO/Sindhi_10/chr20/
Fraction Markers in ROH: 0.2542
Called n=0 ROH Blocks > 1.0 cM
Longest Block: nan
Successfully saved to ./Empirical/HO/Sindhi_10/chr20/roh.csv
Using Low-Mem Cython Linear Speed Up.
Loaded Pre Processing Model: SardHDF5
Loading Individual: Sindhi_10

Loaded 1145647 variants
Loaded 4616 individuals
HDF5 loaded from ./Data/Marcus2019_1240k/mod_reich_sardinia_ancients_rev_mrg_dedup_3trm_anno.h5

Loaded 16038 variants
Loaded 2504 individuals
HDF5 loaded from ./Data/1000Genomes/HDF5/1240kHDF5/all1240/chr21.hdf5

Intersection on Positions: 16036
Nr of Matching Refs: 15949 / 16036
Full Intersection Ref/Alt Identical: 15930 / 16036
2504 / 2504 Individuals included in Reference
Extraction of 5008 Haplotypes Complete!
Markers called 7855 / 15930
Successfully saved to: ./Empirical/HO/Sindhi_10/chr21/
Successfully loaded Data from: ./Empirical/HO/Sindhi_10/chr21/
Loaded Emission Model: diploid_gt
Loaded Transition Model: model
Loaded Post Processing Model: Standard
Minimum Genetic Map: 0.0145
Maximum Genetic Map: 0.6277
Gaps bigger than 0.1 cM: 119
Maximum Gap: 0.7121 cM
Loaded Transition and Emission Matrix:
(3, 3)
(5009, 7855)
Loaded Observations:
(2, 7855)
Memory Usage: 556.302336 mB
Reference Number: 5008
Total Log likelihood: -3733.279
Memory Usage: 556.302336 mB
Finished Calculation State Posteriors
Saved Zero State Posterior to ./Empirical/HO/Sindhi_10/chr21/.
Successfully loaded for PP. from ./Empirical/HO/Sindhi_10/chr21/
Fraction Markers in ROH: 0.3618
Merged n=0 gaps < 0.0 M
Called n=1 ROH Blocks > 1.0 cM
Longest Block: 8.603
Successfully saved to ./Empirical/HO/Sindhi_10/chr21/roh.csv
Using Low-Mem Cython Linear Speed Up.
Loaded Pre Processing Model: SardHDF5
Loading Individual: Sindhi_10

Loaded 1145647 variants
Loaded 4616 individuals
HDF5 loaded from ./Data/Marcus2019_1240k/mod_reich_sardinia_ancients_rev_mrg_dedup_3trm_anno.h5

Loaded 15802 variants
Loaded 2504 individuals
HDF5 loaded from ./Data/1000Genomes/HDF5/1240kHDF5/all1240/chr22.hdf5

Intersection on Positions: 15802
Nr of Matching Refs: 15704 / 15802
Full Intersection Ref/Alt Identical: 15684 / 15802
2504 / 2504 Individuals included in Reference
Extraction of 5008 Haplotypes Complete!
Markers called 7646 / 15684
Successfully saved to: ./Empirical/HO/Sindhi_10/chr22/
Successfully loaded Data from: ./Empirical/HO/Sindhi_10/chr22/
Loaded Emission Model: diploid_gt
Loaded Transition Model: model
Loaded Post Processing Model: Standard
Minimum Genetic Map: 0.0178
Maximum Genetic Map: 0.7408
Gaps bigger than 0.1 cM: 152
Maximum Gap: 1.7139 cM
Loaded Transition and Emission Matrix:
(3, 3)
(5009, 7646)
Loaded Observations:
(2, 7646)
Memory Usage: 546.881536 mB
Reference Number: 5008
Total Log likelihood: -4079.338
Memory Usage: 546.881536 mB
Finished Calculation State Posteriors
Saved Zero State Posterior to ./Empirical/HO/Sindhi_10/chr22/.
Successfully loaded for PP. from ./Empirical/HO/Sindhi_10/chr22/
Fraction Markers in ROH: 0.2395
Called n=0 ROH Blocks > 1.0 cM
Longest Block: nan
Successfully saved to ./Empirical/HO/Sindhi_10/chr22/roh.csv
Run for Individual Sindhi_10: Complete! Yeah!!
