Doing Individual Papuan_9...
Using Low-Mem Cython Linear Speed Up.
Loaded Pre Processing Model: SardHDF5
Loading Individual: Papuan_9

Loaded 1145647 variants
Loaded 4616 individuals
HDF5 loaded from ./Data/Marcus2019_1240k/mod_reich_sardinia_ancients_rev_mrg_dedup_3trm_anno.h5

Loaded 89147 variants
Loaded 2504 individuals
HDF5 loaded from ./Data/1000Genomes/HDF5/1240kHDF5/all1240/chr1.hdf5

Intersection on Positions: 89143
Nr of Matching Refs: 89143 / 89143
Full Intersection Ref/Alt Identical: 89079 / 89143
2504 / 2504 Individuals included in Reference
Extraction of 5008 Haplotypes Complete!
Markers called 47600 / 89079
Successfully saved to: ./Empirical/HO/Papuan_9/chr1/
Successfully loaded Data from: ./Empirical/HO/Papuan_9/chr1/
Loaded Emission Model: diploid_gt
Loaded Transition Model: model
Loaded Post Processing Model: Standard
Minimum Genetic Map: 0.0201
Maximum Genetic Map: 2.8623
Gaps bigger than 0.1 cM: 424
Maximum Gap: 3.9814 cM
Loaded Transition and Emission Matrix:
(3, 3)
(5009, 47600)
Loaded Observations:
(2, 47600)
Memory Usage: 2331.250688 mB
Reference Number: 5008
Total Log likelihood: -21519.499
Memory Usage: 2331.70944 mB
Finished Calculation State Posteriors
Saved Zero State Posterior to ./Empirical/HO/Papuan_9/chr1/.
Successfully loaded for PP. from ./Empirical/HO/Papuan_9/chr1/
Fraction Markers in ROH: 0.4453
Merged n=0 gaps < 0.0 M
Called n=4 ROH Blocks > 1.0 cM
Longest Block: 3.092
Successfully saved to ./Empirical/HO/Papuan_9/chr1/roh.csv
Using Low-Mem Cython Linear Speed Up.
Loaded Pre Processing Model: SardHDF5
Loading Individual: Papuan_9

Loaded 1145647 variants
Loaded 4616 individuals
HDF5 loaded from ./Data/Marcus2019_1240k/mod_reich_sardinia_ancients_rev_mrg_dedup_3trm_anno.h5

Loaded 94239 variants
Loaded 2504 individuals
HDF5 loaded from ./Data/1000Genomes/HDF5/1240kHDF5/all1240/chr2.hdf5

Intersection on Positions: 94237
Nr of Matching Refs: 94205 / 94237
Full Intersection Ref/Alt Identical: 94137 / 94237
2504 / 2504 Individuals included in Reference
Extraction of 5008 Haplotypes Complete!
Markers called 49139 / 94137
Successfully saved to: ./Empirical/HO/Papuan_9/chr2/
Successfully loaded Data from: ./Empirical/HO/Papuan_9/chr2/
Loaded Emission Model: diploid_gt
Loaded Transition Model: model
Loaded Post Processing Model: Standard
Minimum Genetic Map: 0.0001
Maximum Genetic Map: 2.6883
Gaps bigger than 0.1 cM: 396
Maximum Gap: 2.0159 cM
Loaded Transition and Emission Matrix:
(3, 3)
(5009, 49139)
Loaded Observations:
(2, 49139)
Memory Usage: 2403.278848 mB
Reference Number: 5008
Total Log likelihood: -21225.528
Memory Usage: 2403.278848 mB
Finished Calculation State Posteriors
Saved Zero State Posterior to ./Empirical/HO/Papuan_9/chr2/.
Successfully loaded for PP. from ./Empirical/HO/Papuan_9/chr2/
Fraction Markers in ROH: 0.4787
Merged n=0 gaps < 0.0 M
Called n=9 ROH Blocks > 1.0 cM
Longest Block: 3.244
Successfully saved to ./Empirical/HO/Papuan_9/chr2/roh.csv
Using Low-Mem Cython Linear Speed Up.
Loaded Pre Processing Model: SardHDF5
Loading Individual: Papuan_9

Loaded 1145647 variants
Loaded 4616 individuals
HDF5 loaded from ./Data/Marcus2019_1240k/mod_reich_sardinia_ancients_rev_mrg_dedup_3trm_anno.h5

Loaded 77652 variants
Loaded 2504 individuals
HDF5 loaded from ./Data/1000Genomes/HDF5/1240kHDF5/all1240/chr3.hdf5

Intersection on Positions: 77650
Nr of Matching Refs: 77606 / 77650
Full Intersection Ref/Alt Identical: 77553 / 77650
2504 / 2504 Individuals included in Reference
Extraction of 5008 Haplotypes Complete!
Markers called 40734 / 77553
Successfully saved to: ./Empirical/HO/Papuan_9/chr3/
Successfully loaded Data from: ./Empirical/HO/Papuan_9/chr3/
Loaded Emission Model: diploid_gt
Loaded Transition Model: model
Loaded Post Processing Model: Standard
Minimum Genetic Map: 0.0002
Maximum Genetic Map: 2.2326
Gaps bigger than 0.1 cM: 341
Maximum Gap: 0.4179 cM
Loaded Transition and Emission Matrix:
(3, 3)
(5009, 40734)
Loaded Observations:
(2, 40734)
Memory Usage: 2038.45632 mB
Reference Number: 5008
Total Log likelihood: -19736.935
Memory Usage: 2038.45632 mB
Finished Calculation State Posteriors
Saved Zero State Posterior to ./Empirical/HO/Papuan_9/chr3/.
Successfully loaded for PP. from ./Empirical/HO/Papuan_9/chr3/
Fraction Markers in ROH: 0.4079
Merged n=0 gaps < 0.0 M
Called n=3 ROH Blocks > 1.0 cM
Longest Block: 1.651
Successfully saved to ./Empirical/HO/Papuan_9/chr3/roh.csv
Using Low-Mem Cython Linear Speed Up.
Loaded Pre Processing Model: SardHDF5
Loading Individual: Papuan_9

Loaded 1145647 variants
Loaded 4616 individuals
HDF5 loaded from ./Data/Marcus2019_1240k/mod_reich_sardinia_ancients_rev_mrg_dedup_3trm_anno.h5

Loaded 68759 variants
Loaded 2504 individuals
HDF5 loaded from ./Data/1000Genomes/HDF5/1240kHDF5/all1240/chr4.hdf5

Intersection on Positions: 68759
Nr of Matching Refs: 68709 / 68759
Full Intersection Ref/Alt Identical: 68663 / 68759
2504 / 2504 Individuals included in Reference
Extraction of 5008 Haplotypes Complete!
Markers called 34173 / 68663
Successfully saved to: ./Empirical/HO/Papuan_9/chr4/
Successfully loaded Data from: ./Empirical/HO/Papuan_9/chr4/
Loaded Emission Model: diploid_gt
Loaded Transition Model: model
Loaded Post Processing Model: Standard
Minimum Genetic Map: 0.0034
Maximum Genetic Map: 2.1454
Gaps bigger than 0.1 cM: 333
Maximum Gap: 2.1375 cM
Loaded Transition and Emission Matrix:
(3, 3)
(5009, 34173)
Loaded Observations:
(2, 34173)
Memory Usage: 1742.655488 mB
Reference Number: 5008
Total Log likelihood: -15593.903
Memory Usage: 1742.655488 mB
Finished Calculation State Posteriors
Saved Zero State Posterior to ./Empirical/HO/Papuan_9/chr4/.
Successfully loaded for PP. from ./Empirical/HO/Papuan_9/chr4/
Fraction Markers in ROH: 0.4457
Merged n=0 gaps < 0.0 M
Called n=8 ROH Blocks > 1.0 cM
Longest Block: 5.052
Successfully saved to ./Empirical/HO/Papuan_9/chr4/roh.csv
Using Low-Mem Cython Linear Speed Up.
Loaded Pre Processing Model: SardHDF5
Loading Individual: Papuan_9

Loaded 1145647 variants
Loaded 4616 individuals
HDF5 loaded from ./Data/Marcus2019_1240k/mod_reich_sardinia_ancients_rev_mrg_dedup_3trm_anno.h5

Loaded 69399 variants
Loaded 2504 individuals
HDF5 loaded from ./Data/1000Genomes/HDF5/1240kHDF5/all1240/chr5.hdf5

Intersection on Positions: 69394
Nr of Matching Refs: 69307 / 69394
Full Intersection Ref/Alt Identical: 69252 / 69394
2504 / 2504 Individuals included in Reference
Extraction of 5008 Haplotypes Complete!
Markers called 34281 / 69252
Successfully saved to: ./Empirical/HO/Papuan_9/chr5/
Successfully loaded Data from: ./Empirical/HO/Papuan_9/chr5/
Loaded Emission Model: diploid_gt
Loaded Transition Model: model
Loaded Post Processing Model: Standard
Minimum Genetic Map: 0.0004
Maximum Genetic Map: 2.0409
Gaps bigger than 0.1 cM: 339
Maximum Gap: 1.0498 cM
Loaded Transition and Emission Matrix:
(3, 3)
(5009, 34281)
Loaded Observations:
(2, 34281)
Memory Usage: 1747.550208 mB
Reference Number: 5008
Total Log likelihood: -16422.102
Memory Usage: 1747.550208 mB
Finished Calculation State Posteriors
Saved Zero State Posterior to ./Empirical/HO/Papuan_9/chr5/.
Successfully loaded for PP. from ./Empirical/HO/Papuan_9/chr5/
Fraction Markers in ROH: 0.4393
Merged n=0 gaps < 0.0 M
Called n=4 ROH Blocks > 1.0 cM
Longest Block: 1.598
Successfully saved to ./Empirical/HO/Papuan_9/chr5/roh.csv
Using Low-Mem Cython Linear Speed Up.
Loaded Pre Processing Model: SardHDF5
Loading Individual: Papuan_9

Loaded 1145647 variants
Loaded 4616 individuals
HDF5 loaded from ./Data/Marcus2019_1240k/mod_reich_sardinia_ancients_rev_mrg_dedup_3trm_anno.h5

Loaded 75870 variants
Loaded 2504 individuals
HDF5 loaded from ./Data/1000Genomes/HDF5/1240kHDF5/all1240/chr6.hdf5

Intersection on Positions: 75866
Nr of Matching Refs: 75743 / 75866
Full Intersection Ref/Alt Identical: 75675 / 75866
2504 / 2504 Individuals included in Reference
Extraction of 5008 Haplotypes Complete!
Markers called 34106 / 75675
Successfully saved to: ./Empirical/HO/Papuan_9/chr6/
Successfully loaded Data from: ./Empirical/HO/Papuan_9/chr6/
Loaded Emission Model: diploid_gt
Loaded Transition Model: model
Loaded Post Processing Model: Standard
Minimum Genetic Map: 0.0035
Maximum Genetic Map: 1.9203
Gaps bigger than 0.1 cM: 287
Maximum Gap: 0.5072 cM
Loaded Transition and Emission Matrix:
(3, 3)
(5009, 34106)
Loaded Observations:
(2, 34106)
Memory Usage: 1739.685888 mB
Reference Number: 5008
Total Log likelihood: -15724.342
Memory Usage: 1739.685888 mB
Finished Calculation State Posteriors
Saved Zero State Posterior to ./Empirical/HO/Papuan_9/chr6/.
Successfully loaded for PP. from ./Empirical/HO/Papuan_9/chr6/
Fraction Markers in ROH: 0.4568
Merged n=0 gaps < 0.0 M
Called n=7 ROH Blocks > 1.0 cM
Longest Block: 2.696
Successfully saved to ./Empirical/HO/Papuan_9/chr6/roh.csv
Using Low-Mem Cython Linear Speed Up.
Loaded Pre Processing Model: SardHDF5
Loading Individual: Papuan_9

Loaded 1145647 variants
Loaded 4616 individuals
HDF5 loaded from ./Data/Marcus2019_1240k/mod_reich_sardinia_ancients_rev_mrg_dedup_3trm_anno.h5

Loaded 59890 variants
Loaded 2504 individuals
HDF5 loaded from ./Data/1000Genomes/HDF5/1240kHDF5/all1240/chr7.hdf5

Intersection on Positions: 59889
Nr of Matching Refs: 59781 / 59889
Full Intersection Ref/Alt Identical: 59715 / 59889
2504 / 2504 Individuals included in Reference
Extraction of 5008 Haplotypes Complete!
Markers called 28795 / 59715
Successfully saved to: ./Empirical/HO/Papuan_9/chr7/
Successfully loaded Data from: ./Empirical/HO/Papuan_9/chr7/
Loaded Emission Model: diploid_gt
Loaded Transition Model: model
Loaded Post Processing Model: Standard
Minimum Genetic Map: 0.0000
Maximum Genetic Map: 1.8715
Gaps bigger than 0.1 cM: 325
Maximum Gap: 1.0884 cM
Loaded Transition and Emission Matrix:
(3, 3)
(5009, 28795)
Loaded Observations:
(2, 28795)
Memory Usage: 1500.28288 mB
Reference Number: 5008
Total Log likelihood: -13681.182
Memory Usage: 1500.28288 mB
Finished Calculation State Posteriors
Saved Zero State Posterior to ./Empirical/HO/Papuan_9/chr7/.
Successfully loaded for PP. from ./Empirical/HO/Papuan_9/chr7/
Fraction Markers in ROH: 0.4281
Merged n=0 gaps < 0.0 M
Called n=4 ROH Blocks > 1.0 cM
Longest Block: 4.089
Successfully saved to ./Empirical/HO/Papuan_9/chr7/roh.csv
Using Low-Mem Cython Linear Speed Up.
Loaded Pre Processing Model: SardHDF5
Loading Individual: Papuan_9

Loaded 1145647 variants
Loaded 4616 individuals
HDF5 loaded from ./Data/Marcus2019_1240k/mod_reich_sardinia_ancients_rev_mrg_dedup_3trm_anno.h5

Loaded 61133 variants
Loaded 2504 individuals
HDF5 loaded from ./Data/1000Genomes/HDF5/1240kHDF5/all1240/chr8.hdf5

Intersection on Positions: 61130
Nr of Matching Refs: 61022 / 61130
Full Intersection Ref/Alt Identical: 60960 / 61130
2504 / 2504 Individuals included in Reference
Extraction of 5008 Haplotypes Complete!
Markers called 28582 / 60960
Successfully saved to: ./Empirical/HO/Papuan_9/chr8/
Successfully loaded Data from: ./Empirical/HO/Papuan_9/chr8/
Loaded Emission Model: diploid_gt
Loaded Transition Model: model
Loaded Post Processing Model: Standard
Minimum Genetic Map: 0.0001
Maximum Genetic Map: 1.6800
Gaps bigger than 0.1 cM: 252
Maximum Gap: 3.5052 cM
Loaded Transition and Emission Matrix:
(3, 3)
(5009, 28582)
Loaded Observations:
(2, 28582)
Memory Usage: 1490.67776 mB
Reference Number: 5008
Total Log likelihood: -12909.910
Memory Usage: 1490.67776 mB
Finished Calculation State Posteriors
Saved Zero State Posterior to ./Empirical/HO/Papuan_9/chr8/.
Successfully loaded for PP. from ./Empirical/HO/Papuan_9/chr8/
Fraction Markers in ROH: 0.4588
Merged n=0 gaps < 0.0 M
Called n=4 ROH Blocks > 1.0 cM
Longest Block: 1.440
Successfully saved to ./Empirical/HO/Papuan_9/chr8/roh.csv
Using Low-Mem Cython Linear Speed Up.
Loaded Pre Processing Model: SardHDF5
Loading Individual: Papuan_9

Loaded 1145647 variants
Loaded 4616 individuals
HDF5 loaded from ./Data/Marcus2019_1240k/mod_reich_sardinia_ancients_rev_mrg_dedup_3trm_anno.h5

Loaded 50668 variants
Loaded 2504 individuals
HDF5 loaded from ./Data/1000Genomes/HDF5/1240kHDF5/all1240/chr9.hdf5

Intersection on Positions: 50668
Nr of Matching Refs: 50539 / 50668
Full Intersection Ref/Alt Identical: 50493 / 50668
2504 / 2504 Individuals included in Reference
Extraction of 5008 Haplotypes Complete!
Markers called 23734 / 50493
Successfully saved to: ./Empirical/HO/Papuan_9/chr9/
Successfully loaded Data from: ./Empirical/HO/Papuan_9/chr9/
Loaded Emission Model: diploid_gt
Loaded Transition Model: model
Loaded Post Processing Model: Standard
Minimum Genetic Map: 0.0016
Maximum Genetic Map: 1.6630
Gaps bigger than 0.1 cM: 299
Maximum Gap: 2.3454 cM
Loaded Transition and Emission Matrix:
(3, 3)
(5009, 23734)
Loaded Observations:
(2, 23734)
Memory Usage: 1272.131584 mB
Reference Number: 5008
Total Log likelihood: -11234.808
Memory Usage: 1272.131584 mB
Finished Calculation State Posteriors
Saved Zero State Posterior to ./Empirical/HO/Papuan_9/chr9/.
Successfully loaded for PP. from ./Empirical/HO/Papuan_9/chr9/
Fraction Markers in ROH: 0.4327
Merged n=0 gaps < 0.0 M
Called n=4 ROH Blocks > 1.0 cM
Longest Block: 2.321
Successfully saved to ./Empirical/HO/Papuan_9/chr9/roh.csv
Using Low-Mem Cython Linear Speed Up.
Loaded Pre Processing Model: SardHDF5
Loading Individual: Papuan_9

Loaded 1145647 variants
Loaded 4616 individuals
HDF5 loaded from ./Data/Marcus2019_1240k/mod_reich_sardinia_ancients_rev_mrg_dedup_3trm_anno.h5

Loaded 58804 variants
Loaded 2504 individuals
HDF5 loaded from ./Data/1000Genomes/HDF5/1240kHDF5/all1240/chr10.hdf5

Intersection on Positions: 58803
Nr of Matching Refs: 58657 / 58803
Full Intersection Ref/Alt Identical: 58591 / 58803
2504 / 2504 Individuals included in Reference
Extraction of 5008 Haplotypes Complete!
Markers called 30597 / 58591
Successfully saved to: ./Empirical/HO/Papuan_9/chr10/
Successfully loaded Data from: ./Empirical/HO/Papuan_9/chr10/
Loaded Emission Model: diploid_gt
Loaded Transition Model: model
Loaded Post Processing Model: Standard
Minimum Genetic Map: 0.0001
Maximum Genetic Map: 1.8089
Gaps bigger than 0.1 cM: 263
Maximum Gap: 2.0338 cM
Loaded Transition and Emission Matrix:
(3, 3)
(5009, 30597)
Loaded Observations:
(2, 30597)
Memory Usage: 1581.514752 mB
Reference Number: 5008
Total Log likelihood: -14200.939
Memory Usage: 1581.514752 mB
Finished Calculation State Posteriors
Saved Zero State Posterior to ./Empirical/HO/Papuan_9/chr10/.
Successfully loaded for PP. from ./Empirical/HO/Papuan_9/chr10/
Fraction Markers in ROH: 0.4412
Merged n=0 gaps < 0.0 M
Called n=3 ROH Blocks > 1.0 cM
Longest Block: 4.506
Successfully saved to ./Empirical/HO/Papuan_9/chr10/roh.csv
Using Low-Mem Cython Linear Speed Up.
Loaded Pre Processing Model: SardHDF5
Loading Individual: Papuan_9

Loaded 1145647 variants
Loaded 4616 individuals
HDF5 loaded from ./Data/Marcus2019_1240k/mod_reich_sardinia_ancients_rev_mrg_dedup_3trm_anno.h5

Loaded 54833 variants
Loaded 2504 individuals
HDF5 loaded from ./Data/1000Genomes/HDF5/1240kHDF5/all1240/chr11.hdf5

Intersection on Positions: 54831
Nr of Matching Refs: 54669 / 54831
Full Intersection Ref/Alt Identical: 54616 / 54831
2504 / 2504 Individuals included in Reference
Extraction of 5008 Haplotypes Complete!
Markers called 28166 / 54616
Successfully saved to: ./Empirical/HO/Papuan_9/chr11/
Successfully loaded Data from: ./Empirical/HO/Papuan_9/chr11/
Loaded Emission Model: diploid_gt
Loaded Transition Model: model
Loaded Post Processing Model: Standard
Minimum Genetic Map: 0.0000
Maximum Genetic Map: 1.5822
Gaps bigger than 0.1 cM: 247
Maximum Gap: 0.5683 cM
Loaded Transition and Emission Matrix:
(3, 3)
(5009, 28166)
Loaded Observations:
(2, 28166)
Memory Usage: 1471.926272 mB
Reference Number: 5008
Total Log likelihood: -12496.581
Memory Usage: 1471.926272 mB
Finished Calculation State Posteriors
Saved Zero State Posterior to ./Empirical/HO/Papuan_9/chr11/.
Successfully loaded for PP. from ./Empirical/HO/Papuan_9/chr11/
Fraction Markers in ROH: 0.4481
Merged n=0 gaps < 0.0 M
Called n=4 ROH Blocks > 1.0 cM
Longest Block: 3.719
Successfully saved to ./Empirical/HO/Papuan_9/chr11/roh.csv
Using Low-Mem Cython Linear Speed Up.
Loaded Pre Processing Model: SardHDF5
Loading Individual: Papuan_9

Loaded 1145647 variants
Loaded 4616 individuals
HDF5 loaded from ./Data/Marcus2019_1240k/mod_reich_sardinia_ancients_rev_mrg_dedup_3trm_anno.h5

Loaded 53911 variants
Loaded 2504 individuals
HDF5 loaded from ./Data/1000Genomes/HDF5/1240kHDF5/all1240/chr12.hdf5

Intersection on Positions: 53911
Nr of Matching Refs: 53713 / 53911
Full Intersection Ref/Alt Identical: 53672 / 53911
2504 / 2504 Individuals included in Reference
Extraction of 5008 Haplotypes Complete!
Markers called 27362 / 53672
Successfully saved to: ./Empirical/HO/Papuan_9/chr12/
Successfully loaded Data from: ./Empirical/HO/Papuan_9/chr12/
Loaded Emission Model: diploid_gt
Loaded Transition Model: model
Loaded Post Processing Model: Standard
Minimum Genetic Map: 0.0009
Maximum Genetic Map: 1.7468
Gaps bigger than 0.1 cM: 286
Maximum Gap: 0.8015 cM
Loaded Transition and Emission Matrix:
(3, 3)
(5009, 27362)
Loaded Observations:
(2, 27362)
Memory Usage: 1435.693056 mB
Reference Number: 5008
Total Log likelihood: -13152.932
Memory Usage: 1435.693056 mB
Finished Calculation State Posteriors
Saved Zero State Posterior to ./Empirical/HO/Papuan_9/chr12/.
Successfully loaded for PP. from ./Empirical/HO/Papuan_9/chr12/
Fraction Markers in ROH: 0.4189
Merged n=0 gaps < 0.0 M
Called n=2 ROH Blocks > 1.0 cM
Longest Block: 1.483
Successfully saved to ./Empirical/HO/Papuan_9/chr12/roh.csv
Using Low-Mem Cython Linear Speed Up.
Loaded Pre Processing Model: SardHDF5
Loading Individual: Papuan_9

Loaded 1145647 variants
Loaded 4616 individuals
HDF5 loaded from ./Data/Marcus2019_1240k/mod_reich_sardinia_ancients_rev_mrg_dedup_3trm_anno.h5

Loaded 39018 variants
Loaded 2504 individuals
HDF5 loaded from ./Data/1000Genomes/HDF5/1240kHDF5/all1240/chr13.hdf5

Intersection on Positions: 39015
Nr of Matching Refs: 38885 / 39015
Full Intersection Ref/Alt Identical: 38841 / 39015
2504 / 2504 Individuals included in Reference
Extraction of 5008 Haplotypes Complete!
Markers called 17932 / 38841
Successfully saved to: ./Empirical/HO/Papuan_9/chr13/
Successfully loaded Data from: ./Empirical/HO/Papuan_9/chr13/
Loaded Emission Model: diploid_gt
Loaded Transition Model: model
Loaded Post Processing Model: Standard
Minimum Genetic Map: 0.0028
Maximum Genetic Map: 1.2570
Gaps bigger than 0.1 cM: 229
Maximum Gap: 1.2234 cM
Loaded Transition and Emission Matrix:
(3, 3)
(5009, 17932)
Loaded Observations:
(2, 17932)
Memory Usage: 1010.5856 mB
Reference Number: 5008
Total Log likelihood: -8590.952
Memory Usage: 1010.5856 mB
Finished Calculation State Posteriors
Saved Zero State Posterior to ./Empirical/HO/Papuan_9/chr13/.
Successfully loaded for PP. from ./Empirical/HO/Papuan_9/chr13/
Fraction Markers in ROH: 0.4153
Merged n=0 gaps < 0.0 M
Called n=3 ROH Blocks > 1.0 cM
Longest Block: 1.475
Successfully saved to ./Empirical/HO/Papuan_9/chr13/roh.csv
Using Low-Mem Cython Linear Speed Up.
Loaded Pre Processing Model: SardHDF5
Loading Individual: Papuan_9

Loaded 1145647 variants
Loaded 4616 individuals
HDF5 loaded from ./Data/Marcus2019_1240k/mod_reich_sardinia_ancients_rev_mrg_dedup_3trm_anno.h5

Loaded 36301 variants
Loaded 2504 individuals
HDF5 loaded from ./Data/1000Genomes/HDF5/1240kHDF5/all1240/chr14.hdf5

Intersection on Positions: 36301
Nr of Matching Refs: 36166 / 36301
Full Intersection Ref/Alt Identical: 36126 / 36301
2504 / 2504 Individuals included in Reference
Extraction of 5008 Haplotypes Complete!
Markers called 18753 / 36126
Successfully saved to: ./Empirical/HO/Papuan_9/chr14/
Successfully loaded Data from: ./Empirical/HO/Papuan_9/chr14/
Loaded Emission Model: diploid_gt
Loaded Transition Model: model
Loaded Post Processing Model: Standard
Minimum Genetic Map: 0.0184
Maximum Genetic Map: 1.2020
Gaps bigger than 0.1 cM: 191
Maximum Gap: 3.5856 cM
Loaded Transition and Emission Matrix:
(3, 3)
(5009, 18753)
Loaded Observations:
(2, 18753)
Memory Usage: 1047.597056 mB
Reference Number: 5008
Total Log likelihood: -9248.083
Memory Usage: 1047.597056 mB
Finished Calculation State Posteriors
Saved Zero State Posterior to ./Empirical/HO/Papuan_9/chr14/.
Successfully loaded for PP. from ./Empirical/HO/Papuan_9/chr14/
Fraction Markers in ROH: 0.4187
Merged n=0 gaps < 0.0 M
Called n=2 ROH Blocks > 1.0 cM
Longest Block: 1.647
Successfully saved to ./Empirical/HO/Papuan_9/chr14/roh.csv
Using Low-Mem Cython Linear Speed Up.
Loaded Pre Processing Model: SardHDF5
Loading Individual: Papuan_9

Loaded 1145647 variants
Loaded 4616 individuals
HDF5 loaded from ./Data/Marcus2019_1240k/mod_reich_sardinia_ancients_rev_mrg_dedup_3trm_anno.h5

Loaded 34429 variants
Loaded 2504 individuals
HDF5 loaded from ./Data/1000Genomes/HDF5/1240kHDF5/all1240/chr15.hdf5

Intersection on Positions: 34425
Nr of Matching Refs: 34285 / 34425
Full Intersection Ref/Alt Identical: 34249 / 34425
2504 / 2504 Individuals included in Reference
Extraction of 5008 Haplotypes Complete!
Markers called 18121 / 34249
Successfully saved to: ./Empirical/HO/Papuan_9/chr15/
Successfully loaded Data from: ./Empirical/HO/Papuan_9/chr15/
Loaded Emission Model: diploid_gt
Loaded Transition Model: model
Loaded Post Processing Model: Standard
Minimum Genetic Map: 0.0002
Maximum Genetic Map: 1.4133
Gaps bigger than 0.1 cM: 201
Maximum Gap: 13.7876 cM
Loaded Transition and Emission Matrix:
(3, 3)
(5009, 18121)
Loaded Observations:
(2, 18121)
Memory Usage: 1019.10528 mB
Reference Number: 5008
Total Log likelihood: -8777.786
Memory Usage: 1019.10528 mB
Finished Calculation State Posteriors
Saved Zero State Posterior to ./Empirical/HO/Papuan_9/chr15/.
Successfully loaded for PP. from ./Empirical/HO/Papuan_9/chr15/
Fraction Markers in ROH: 0.4235
Merged n=0 gaps < 0.0 M
Called n=4 ROH Blocks > 1.0 cM
Longest Block: 5.054
Successfully saved to ./Empirical/HO/Papuan_9/chr15/roh.csv
Using Low-Mem Cython Linear Speed Up.
Loaded Pre Processing Model: SardHDF5
Loading Individual: Papuan_9

Loaded 1145647 variants
Loaded 4616 individuals
HDF5 loaded from ./Data/Marcus2019_1240k/mod_reich_sardinia_ancients_rev_mrg_dedup_3trm_anno.h5

Loaded 34402 variants
Loaded 2504 individuals
HDF5 loaded from ./Data/1000Genomes/HDF5/1240kHDF5/all1240/chr16.hdf5

Intersection on Positions: 34399
Nr of Matching Refs: 34254 / 34399
Full Intersection Ref/Alt Identical: 34201 / 34399
2504 / 2504 Individuals included in Reference
Extraction of 5008 Haplotypes Complete!
Markers called 18322 / 34201
Successfully saved to: ./Empirical/HO/Papuan_9/chr16/
Successfully loaded Data from: ./Empirical/HO/Papuan_9/chr16/
Loaded Emission Model: diploid_gt
Loaded Transition Model: model
Loaded Post Processing Model: Standard
Minimum Genetic Map: 0.0001
Maximum Genetic Map: 1.3402
Gaps bigger than 0.1 cM: 228
Maximum Gap: 0.9354 cM
Loaded Transition and Emission Matrix:
(3, 3)
(5009, 18322)
Loaded Observations:
(2, 18322)
Memory Usage: 1028.165632 mB
Reference Number: 5008
Total Log likelihood: -9207.194
Memory Usage: 1028.165632 mB
Finished Calculation State Posteriors
Saved Zero State Posterior to ./Empirical/HO/Papuan_9/chr16/.
Successfully loaded for PP. from ./Empirical/HO/Papuan_9/chr16/
Fraction Markers in ROH: 0.3942
Merged n=0 gaps < 0.0 M
Called n=5 ROH Blocks > 1.0 cM
Longest Block: 1.320
Successfully saved to ./Empirical/HO/Papuan_9/chr16/roh.csv
Using Low-Mem Cython Linear Speed Up.
Loaded Pre Processing Model: SardHDF5
Loading Individual: Papuan_9

Loaded 1145647 variants
Loaded 4616 individuals
HDF5 loaded from ./Data/Marcus2019_1240k/mod_reich_sardinia_ancients_rev_mrg_dedup_3trm_anno.h5

Loaded 29314 variants
Loaded 2504 individuals
HDF5 loaded from ./Data/1000Genomes/HDF5/1240kHDF5/all1240/chr17.hdf5

Intersection on Positions: 29313
Nr of Matching Refs: 29159 / 29313
Full Intersection Ref/Alt Identical: 29124 / 29313
2504 / 2504 Individuals included in Reference
Extraction of 5008 Haplotypes Complete!
Markers called 15293 / 29124
Successfully saved to: ./Empirical/HO/Papuan_9/chr17/
Successfully loaded Data from: ./Empirical/HO/Papuan_9/chr17/
Loaded Emission Model: diploid_gt
Loaded Transition Model: model
Loaded Post Processing Model: Standard
Minimum Genetic Map: -0.0003
Maximum Genetic Map: 1.2845
Gaps bigger than 0.1 cM: 225
Maximum Gap: 1.2355 cM
Loaded Transition and Emission Matrix:
(3, 3)
(5009, 15293)
Loaded Observations:
(2, 15293)
Memory Usage: 891.629568 mB
Reference Number: 5008
Total Log likelihood: -7305.977
Memory Usage: 891.629568 mB
Finished Calculation State Posteriors
Saved Zero State Posterior to ./Empirical/HO/Papuan_9/chr17/.
Successfully loaded for PP. from ./Empirical/HO/Papuan_9/chr17/
Fraction Markers in ROH: 0.4360
Merged n=0 gaps < 0.0 M
Called n=1 ROH Blocks > 1.0 cM
Longest Block: 1.887
Successfully saved to ./Empirical/HO/Papuan_9/chr17/roh.csv
Using Low-Mem Cython Linear Speed Up.
Loaded Pre Processing Model: SardHDF5
Loading Individual: Papuan_9

Loaded 1145647 variants
Loaded 4616 individuals
HDF5 loaded from ./Data/Marcus2019_1240k/mod_reich_sardinia_ancients_rev_mrg_dedup_3trm_anno.h5

Loaded 33917 variants
Loaded 2504 individuals
HDF5 loaded from ./Data/1000Genomes/HDF5/1240kHDF5/all1240/chr18.hdf5

Intersection on Positions: 33916
Nr of Matching Refs: 33774 / 33916
Full Intersection Ref/Alt Identical: 33746 / 33916
2504 / 2504 Individuals included in Reference
Extraction of 5008 Haplotypes Complete!
Markers called 17215 / 33746
Successfully saved to: ./Empirical/HO/Papuan_9/chr18/
Successfully loaded Data from: ./Empirical/HO/Papuan_9/chr18/
Loaded Emission Model: diploid_gt
Loaded Transition Model: model
Loaded Post Processing Model: Standard
Minimum Genetic Map: 0.0027
Maximum Genetic Map: 1.1771
Gaps bigger than 0.1 cM: 195
Maximum Gap: 0.8037 cM
Loaded Transition and Emission Matrix:
(3, 3)
(5009, 17215)
Loaded Observations:
(2, 17215)
Memory Usage: 978.280448 mB
Reference Number: 5008
Total Log likelihood: -7989.815
Memory Usage: 978.280448 mB
Finished Calculation State Posteriors
Saved Zero State Posterior to ./Empirical/HO/Papuan_9/chr18/.
Successfully loaded for PP. from ./Empirical/HO/Papuan_9/chr18/
Fraction Markers in ROH: 0.4475
Merged n=0 gaps < 0.0 M
Called n=2 ROH Blocks > 1.0 cM
Longest Block: 1.884
Successfully saved to ./Empirical/HO/Papuan_9/chr18/roh.csv
Using Low-Mem Cython Linear Speed Up.
Loaded Pre Processing Model: SardHDF5
Loading Individual: Papuan_9

Loaded 1145647 variants
Loaded 4616 individuals
HDF5 loaded from ./Data/Marcus2019_1240k/mod_reich_sardinia_ancients_rev_mrg_dedup_3trm_anno.h5

Loaded 18460 variants
Loaded 2504 individuals
HDF5 loaded from ./Data/1000Genomes/HDF5/1240kHDF5/all1240/chr19.hdf5

Intersection on Positions: 18459
Nr of Matching Refs: 18381 / 18459
Full Intersection Ref/Alt Identical: 18340 / 18459
2504 / 2504 Individuals included in Reference
Extraction of 5008 Haplotypes Complete!
Markers called 8739 / 18340
Successfully saved to: ./Empirical/HO/Papuan_9/chr19/
Successfully loaded Data from: ./Empirical/HO/Papuan_9/chr19/
Loaded Emission Model: diploid_gt
Loaded Transition Model: model
Loaded Post Processing Model: Standard
Minimum Genetic Map: 0.0000
Maximum Genetic Map: 1.0773
Gaps bigger than 0.1 cM: 286
Maximum Gap: 0.6354 cM
Loaded Transition and Emission Matrix:
(3, 3)
(5009, 8739)
Loaded Observations:
(2, 8739)
Memory Usage: 596.189184 mB
Reference Number: 5008
Total Log likelihood: -4499.263
Memory Usage: 596.189184 mB
Finished Calculation State Posteriors
Saved Zero State Posterior to ./Empirical/HO/Papuan_9/chr19/.
Successfully loaded for PP. from ./Empirical/HO/Papuan_9/chr19/
Fraction Markers in ROH: 0.3879
Merged n=0 gaps < 0.0 M
Called n=2 ROH Blocks > 1.0 cM
Longest Block: 1.102
Successfully saved to ./Empirical/HO/Papuan_9/chr19/roh.csv
Using Low-Mem Cython Linear Speed Up.
Loaded Pre Processing Model: SardHDF5
Loading Individual: Papuan_9

Loaded 1145647 variants
Loaded 4616 individuals
HDF5 loaded from ./Data/Marcus2019_1240k/mod_reich_sardinia_ancients_rev_mrg_dedup_3trm_anno.h5

Loaded 29078 variants
Loaded 2504 individuals
HDF5 loaded from ./Data/1000Genomes/HDF5/1240kHDF5/all1240/chr20.hdf5

Intersection on Positions: 29077
Nr of Matching Refs: 28908 / 29077
Full Intersection Ref/Alt Identical: 28864 / 29077
2504 / 2504 Individuals included in Reference
Extraction of 5008 Haplotypes Complete!
Markers called 15441 / 28864
Successfully saved to: ./Empirical/HO/Papuan_9/chr20/
Successfully loaded Data from: ./Empirical/HO/Papuan_9/chr20/
Loaded Emission Model: diploid_gt
Loaded Transition Model: model
Loaded Post Processing Model: Standard
Minimum Genetic Map: 0.0008
Maximum Genetic Map: 1.0821
Gaps bigger than 0.1 cM: 203
Maximum Gap: 0.4744 cM
Loaded Transition and Emission Matrix:
(3, 3)
(5009, 15441)
Loaded Observations:
(2, 15441)
Memory Usage: 898.318336 mB
Reference Number: 5008
Total Log likelihood: -7526.970
Memory Usage: 898.318336 mB
Finished Calculation State Posteriors
Saved Zero State Posterior to ./Empirical/HO/Papuan_9/chr20/.
Successfully loaded for PP. from ./Empirical/HO/Papuan_9/chr20/
Fraction Markers in ROH: 0.3864
Merged n=0 gaps < 0.0 M
Called n=3 ROH Blocks > 1.0 cM
Longest Block: 1.755
Successfully saved to ./Empirical/HO/Papuan_9/chr20/roh.csv
Using Low-Mem Cython Linear Speed Up.
Loaded Pre Processing Model: SardHDF5
Loading Individual: Papuan_9

Loaded 1145647 variants
Loaded 4616 individuals
HDF5 loaded from ./Data/Marcus2019_1240k/mod_reich_sardinia_ancients_rev_mrg_dedup_3trm_anno.h5

Loaded 16038 variants
Loaded 2504 individuals
HDF5 loaded from ./Data/1000Genomes/HDF5/1240kHDF5/all1240/chr21.hdf5

Intersection on Positions: 16036
Nr of Matching Refs: 15949 / 16036
Full Intersection Ref/Alt Identical: 15930 / 16036
2504 / 2504 Individuals included in Reference
Extraction of 5008 Haplotypes Complete!
Markers called 7941 / 15930
Successfully saved to: ./Empirical/HO/Papuan_9/chr21/
Successfully loaded Data from: ./Empirical/HO/Papuan_9/chr21/
Loaded Emission Model: diploid_gt
Loaded Transition Model: model
Loaded Post Processing Model: Standard
Minimum Genetic Map: 0.0145
Maximum Genetic Map: 0.6277
Gaps bigger than 0.1 cM: 119
Maximum Gap: 0.7121 cM
Loaded Transition and Emission Matrix:
(3, 3)
(5009, 7941)
Loaded Observations:
(2, 7941)
Memory Usage: 560.218112 mB
Reference Number: 5008
Total Log likelihood: -4318.467
Memory Usage: 560.218112 mB
Finished Calculation State Posteriors
Saved Zero State Posterior to ./Empirical/HO/Papuan_9/chr21/.
Successfully loaded for PP. from ./Empirical/HO/Papuan_9/chr21/
Fraction Markers in ROH: 0.3515
Merged n=0 gaps < 0.0 M
Called n=1 ROH Blocks > 1.0 cM
Longest Block: 1.138
Successfully saved to ./Empirical/HO/Papuan_9/chr21/roh.csv
Using Low-Mem Cython Linear Speed Up.
Loaded Pre Processing Model: SardHDF5
Loading Individual: Papuan_9

Loaded 1145647 variants
Loaded 4616 individuals
HDF5 loaded from ./Data/Marcus2019_1240k/mod_reich_sardinia_ancients_rev_mrg_dedup_3trm_anno.h5

Loaded 15802 variants
Loaded 2504 individuals
HDF5 loaded from ./Data/1000Genomes/HDF5/1240kHDF5/all1240/chr22.hdf5

Intersection on Positions: 15802
Nr of Matching Refs: 15704 / 15802
Full Intersection Ref/Alt Identical: 15684 / 15802
2504 / 2504 Individuals included in Reference
Extraction of 5008 Haplotypes Complete!
Markers called 7741 / 15684
Successfully saved to: ./Empirical/HO/Papuan_9/chr22/
Successfully loaded Data from: ./Empirical/HO/Papuan_9/chr22/
Loaded Emission Model: diploid_gt
Loaded Transition Model: model
Loaded Post Processing Model: Standard
Minimum Genetic Map: 0.0178
Maximum Genetic Map: 0.7408
Gaps bigger than 0.1 cM: 149
Maximum Gap: 1.7139 cM
Loaded Transition and Emission Matrix:
(3, 3)
(5009, 7741)
Loaded Observations:
(2, 7741)
Memory Usage: 551.19872 mB
Reference Number: 5008
Total Log likelihood: -3737.965
Memory Usage: 551.19872 mB
Finished Calculation State Posteriors
Saved Zero State Posterior to ./Empirical/HO/Papuan_9/chr22/.
Successfully loaded for PP. from ./Empirical/HO/Papuan_9/chr22/
Fraction Markers in ROH: 0.4072
Merged n=0 gaps < 0.0 M
Called n=5 ROH Blocks > 1.0 cM
Longest Block: 1.779
Successfully saved to ./Empirical/HO/Papuan_9/chr22/roh.csv
Run for Individual Papuan_9: Complete! Yeah!!
