Doing Individual Burusho_20...
Using Low-Mem Cython Linear Speed Up.
Loaded Pre Processing Model: SardHDF5
Loading Individual: Burusho_20

Loaded 1145647 variants
Loaded 4616 individuals
HDF5 loaded from ./Data/Marcus2019_1240k/mod_reich_sardinia_ancients_rev_mrg_dedup_3trm_anno.h5

Loaded 89147 variants
Loaded 2504 individuals
HDF5 loaded from ./Data/1000Genomes/HDF5/1240kHDF5/all1240/chr1.hdf5

Intersection on Positions: 89143
Nr of Matching Refs: 89143 / 89143
Full Intersection Ref/Alt Identical: 89079 / 89143
2504 / 2504 Individuals included in Reference
Extraction of 5008 Haplotypes Complete!
Markers called 47492 / 89079
Successfully saved to: ./Empirical/HO/Burusho_20/chr1/
Successfully loaded Data from: ./Empirical/HO/Burusho_20/chr1/
Loaded Emission Model: diploid_gt
Loaded Transition Model: model
Loaded Post Processing Model: Standard
Minimum Genetic Map: 0.0201
Maximum Genetic Map: 2.8623
Gaps bigger than 0.1 cM: 425
Maximum Gap: 3.9814 cM
Loaded Transition and Emission Matrix:
(3, 3)
(5009, 47492)
Loaded Observations:
(2, 47492)
Memory Usage: 2326.503424 mB
Reference Number: 5008
Total Log likelihood: -24631.220
Memory Usage: 2326.962176 mB
Finished Calculation State Posteriors
Saved Zero State Posterior to ./Empirical/HO/Burusho_20/chr1/.
Successfully loaded for PP. from ./Empirical/HO/Burusho_20/chr1/
Fraction Markers in ROH: 0.2309
Called n=0 ROH Blocks > 1.0 cM
Longest Block: nan
Successfully saved to ./Empirical/HO/Burusho_20/chr1/roh.csv
Using Low-Mem Cython Linear Speed Up.
Loaded Pre Processing Model: SardHDF5
Loading Individual: Burusho_20

Loaded 1145647 variants
Loaded 4616 individuals
HDF5 loaded from ./Data/Marcus2019_1240k/mod_reich_sardinia_ancients_rev_mrg_dedup_3trm_anno.h5

Loaded 94239 variants
Loaded 2504 individuals
HDF5 loaded from ./Data/1000Genomes/HDF5/1240kHDF5/all1240/chr2.hdf5

Intersection on Positions: 94237
Nr of Matching Refs: 94205 / 94237
Full Intersection Ref/Alt Identical: 94137 / 94237
2504 / 2504 Individuals included in Reference
Extraction of 5008 Haplotypes Complete!
Markers called 49002 / 94137
Successfully saved to: ./Empirical/HO/Burusho_20/chr2/
Successfully loaded Data from: ./Empirical/HO/Burusho_20/chr2/
Loaded Emission Model: diploid_gt
Loaded Transition Model: model
Loaded Post Processing Model: Standard
Minimum Genetic Map: 0.0001
Maximum Genetic Map: 2.6883
Gaps bigger than 0.1 cM: 396
Maximum Gap: 2.0159 cM
Loaded Transition and Emission Matrix:
(3, 3)
(5009, 49002)
Loaded Observations:
(2, 49002)
Memory Usage: 2396.823552 mB
Reference Number: 5008
Total Log likelihood: -25015.052
Memory Usage: 2396.823552 mB
Finished Calculation State Posteriors
Saved Zero State Posterior to ./Empirical/HO/Burusho_20/chr2/.
Successfully loaded for PP. from ./Empirical/HO/Burusho_20/chr2/
Fraction Markers in ROH: 0.2594
Called n=0 ROH Blocks > 1.0 cM
Longest Block: nan
Successfully saved to ./Empirical/HO/Burusho_20/chr2/roh.csv
Using Low-Mem Cython Linear Speed Up.
Loaded Pre Processing Model: SardHDF5
Loading Individual: Burusho_20

Loaded 1145647 variants
Loaded 4616 individuals
HDF5 loaded from ./Data/Marcus2019_1240k/mod_reich_sardinia_ancients_rev_mrg_dedup_3trm_anno.h5

Loaded 77652 variants
Loaded 2504 individuals
HDF5 loaded from ./Data/1000Genomes/HDF5/1240kHDF5/all1240/chr3.hdf5

Intersection on Positions: 77650
Nr of Matching Refs: 77606 / 77650
Full Intersection Ref/Alt Identical: 77553 / 77650
2504 / 2504 Individuals included in Reference
Extraction of 5008 Haplotypes Complete!
Markers called 40650 / 77553
Successfully saved to: ./Empirical/HO/Burusho_20/chr3/
Successfully loaded Data from: ./Empirical/HO/Burusho_20/chr3/
Loaded Emission Model: diploid_gt
Loaded Transition Model: model
Loaded Post Processing Model: Standard
Minimum Genetic Map: 0.0002
Maximum Genetic Map: 2.2326
Gaps bigger than 0.1 cM: 343
Maximum Gap: 0.4179 cM
Loaded Transition and Emission Matrix:
(3, 3)
(5009, 40650)
Loaded Observations:
(2, 40650)
Memory Usage: 2020.589568 mB
Reference Number: 5008
Total Log likelihood: -20490.145
Memory Usage: 2020.589568 mB
Finished Calculation State Posteriors
Saved Zero State Posterior to ./Empirical/HO/Burusho_20/chr3/.
Successfully loaded for PP. from ./Empirical/HO/Burusho_20/chr3/
Fraction Markers in ROH: 0.2877
Merged n=0 gaps < 0.0 M
Called n=1 ROH Blocks > 1.0 cM
Longest Block: 4.233
Successfully saved to ./Empirical/HO/Burusho_20/chr3/roh.csv
Using Low-Mem Cython Linear Speed Up.
Loaded Pre Processing Model: SardHDF5
Loading Individual: Burusho_20

Loaded 1145647 variants
Loaded 4616 individuals
HDF5 loaded from ./Data/Marcus2019_1240k/mod_reich_sardinia_ancients_rev_mrg_dedup_3trm_anno.h5

Loaded 68759 variants
Loaded 2504 individuals
HDF5 loaded from ./Data/1000Genomes/HDF5/1240kHDF5/all1240/chr4.hdf5

Intersection on Positions: 68759
Nr of Matching Refs: 68709 / 68759
Full Intersection Ref/Alt Identical: 68663 / 68759
2504 / 2504 Individuals included in Reference
Extraction of 5008 Haplotypes Complete!
Markers called 34073 / 68663
Successfully saved to: ./Empirical/HO/Burusho_20/chr4/
Successfully loaded Data from: ./Empirical/HO/Burusho_20/chr4/
Loaded Emission Model: diploid_gt
Loaded Transition Model: model
Loaded Post Processing Model: Standard
Minimum Genetic Map: 0.0034
Maximum Genetic Map: 2.1454
Gaps bigger than 0.1 cM: 332
Maximum Gap: 2.1375 cM
Loaded Transition and Emission Matrix:
(3, 3)
(5009, 34073)
Loaded Observations:
(2, 34073)
Memory Usage: 1724.297216 mB
Reference Number: 5008
Total Log likelihood: -17036.028
Memory Usage: 1724.297216 mB
Finished Calculation State Posteriors
Saved Zero State Posterior to ./Empirical/HO/Burusho_20/chr4/.
Successfully loaded for PP. from ./Empirical/HO/Burusho_20/chr4/
Fraction Markers in ROH: 0.2726
Merged n=0 gaps < 0.0 M
Called n=4 ROH Blocks > 1.0 cM
Longest Block: 5.047
Successfully saved to ./Empirical/HO/Burusho_20/chr4/roh.csv
Using Low-Mem Cython Linear Speed Up.
Loaded Pre Processing Model: SardHDF5
Loading Individual: Burusho_20

Loaded 1145647 variants
Loaded 4616 individuals
HDF5 loaded from ./Data/Marcus2019_1240k/mod_reich_sardinia_ancients_rev_mrg_dedup_3trm_anno.h5

Loaded 69399 variants
Loaded 2504 individuals
HDF5 loaded from ./Data/1000Genomes/HDF5/1240kHDF5/all1240/chr5.hdf5

Intersection on Positions: 69394
Nr of Matching Refs: 69307 / 69394
Full Intersection Ref/Alt Identical: 69252 / 69394
2504 / 2504 Individuals included in Reference
Extraction of 5008 Haplotypes Complete!
Markers called 34208 / 69252
Successfully saved to: ./Empirical/HO/Burusho_20/chr5/
Successfully loaded Data from: ./Empirical/HO/Burusho_20/chr5/
Loaded Emission Model: diploid_gt
Loaded Transition Model: model
Loaded Post Processing Model: Standard
Minimum Genetic Map: 0.0004
Maximum Genetic Map: 2.0409
Gaps bigger than 0.1 cM: 339
Maximum Gap: 1.0498 cM
Loaded Transition and Emission Matrix:
(3, 3)
(5009, 34208)
Loaded Observations:
(2, 34208)
Memory Usage: 1743.60576 mB
Reference Number: 5008
Total Log likelihood: -15328.862
Memory Usage: 1743.60576 mB
Finished Calculation State Posteriors
Saved Zero State Posterior to ./Empirical/HO/Burusho_20/chr5/.
Successfully loaded for PP. from ./Empirical/HO/Burusho_20/chr5/
Fraction Markers in ROH: 0.3668
Merged n=0 gaps < 0.0 M
Called n=3 ROH Blocks > 1.0 cM
Longest Block: 23.053
Successfully saved to ./Empirical/HO/Burusho_20/chr5/roh.csv
Using Low-Mem Cython Linear Speed Up.
Loaded Pre Processing Model: SardHDF5
Loading Individual: Burusho_20

Loaded 1145647 variants
Loaded 4616 individuals
HDF5 loaded from ./Data/Marcus2019_1240k/mod_reich_sardinia_ancients_rev_mrg_dedup_3trm_anno.h5

Loaded 75870 variants
Loaded 2504 individuals
HDF5 loaded from ./Data/1000Genomes/HDF5/1240kHDF5/all1240/chr6.hdf5

Intersection on Positions: 75866
Nr of Matching Refs: 75743 / 75866
Full Intersection Ref/Alt Identical: 75675 / 75866
2504 / 2504 Individuals included in Reference
Extraction of 5008 Haplotypes Complete!
Markers called 34018 / 75675
Successfully saved to: ./Empirical/HO/Burusho_20/chr6/
Successfully loaded Data from: ./Empirical/HO/Burusho_20/chr6/
Loaded Emission Model: diploid_gt
Loaded Transition Model: model
Loaded Post Processing Model: Standard
Minimum Genetic Map: 0.0035
Maximum Genetic Map: 1.9203
Gaps bigger than 0.1 cM: 288
Maximum Gap: 0.5072 cM
Loaded Transition and Emission Matrix:
(3, 3)
(5009, 34018)
Loaded Observations:
(2, 34018)
Memory Usage: 1735.069696 mB
Reference Number: 5008
Total Log likelihood: -17329.675
Memory Usage: 1735.069696 mB
Finished Calculation State Posteriors
Saved Zero State Posterior to ./Empirical/HO/Burusho_20/chr6/.
Successfully loaded for PP. from ./Empirical/HO/Burusho_20/chr6/
Fraction Markers in ROH: 0.2673
Merged n=0 gaps < 0.0 M
Called n=4 ROH Blocks > 1.0 cM
Longest Block: 3.072
Successfully saved to ./Empirical/HO/Burusho_20/chr6/roh.csv
Using Low-Mem Cython Linear Speed Up.
Loaded Pre Processing Model: SardHDF5
Loading Individual: Burusho_20

Loaded 1145647 variants
Loaded 4616 individuals
HDF5 loaded from ./Data/Marcus2019_1240k/mod_reich_sardinia_ancients_rev_mrg_dedup_3trm_anno.h5

Loaded 59890 variants
Loaded 2504 individuals
HDF5 loaded from ./Data/1000Genomes/HDF5/1240kHDF5/all1240/chr7.hdf5

Intersection on Positions: 59889
Nr of Matching Refs: 59781 / 59889
Full Intersection Ref/Alt Identical: 59715 / 59889
2504 / 2504 Individuals included in Reference
Extraction of 5008 Haplotypes Complete!
Markers called 28723 / 59715
Successfully saved to: ./Empirical/HO/Burusho_20/chr7/
Successfully loaded Data from: ./Empirical/HO/Burusho_20/chr7/
Loaded Emission Model: diploid_gt
Loaded Transition Model: model
Loaded Post Processing Model: Standard
Minimum Genetic Map: 0.0000
Maximum Genetic Map: 1.8715
Gaps bigger than 0.1 cM: 325
Maximum Gap: 1.0884 cM
Loaded Transition and Emission Matrix:
(3, 3)
(5009, 28723)
Loaded Observations:
(2, 28723)
Memory Usage: 1496.375296 mB
Reference Number: 5008
Total Log likelihood: -14628.268
Memory Usage: 1496.375296 mB
Finished Calculation State Posteriors
Saved Zero State Posterior to ./Empirical/HO/Burusho_20/chr7/.
Successfully loaded for PP. from ./Empirical/HO/Burusho_20/chr7/
Fraction Markers in ROH: 0.2542
Called n=0 ROH Blocks > 1.0 cM
Longest Block: nan
Successfully saved to ./Empirical/HO/Burusho_20/chr7/roh.csv
Using Low-Mem Cython Linear Speed Up.
Loaded Pre Processing Model: SardHDF5
Loading Individual: Burusho_20

Loaded 1145647 variants
Loaded 4616 individuals
HDF5 loaded from ./Data/Marcus2019_1240k/mod_reich_sardinia_ancients_rev_mrg_dedup_3trm_anno.h5

Loaded 61133 variants
Loaded 2504 individuals
HDF5 loaded from ./Data/1000Genomes/HDF5/1240kHDF5/all1240/chr8.hdf5

Intersection on Positions: 61130
Nr of Matching Refs: 61022 / 61130
Full Intersection Ref/Alt Identical: 60960 / 61130
2504 / 2504 Individuals included in Reference
Extraction of 5008 Haplotypes Complete!
Markers called 28492 / 60960
Successfully saved to: ./Empirical/HO/Burusho_20/chr8/
Successfully loaded Data from: ./Empirical/HO/Burusho_20/chr8/
Loaded Emission Model: diploid_gt
Loaded Transition Model: model
Loaded Post Processing Model: Standard
Minimum Genetic Map: 0.0001
Maximum Genetic Map: 1.6800
Gaps bigger than 0.1 cM: 253
Maximum Gap: 3.5052 cM
Loaded Transition and Emission Matrix:
(3, 3)
(5009, 28492)
Loaded Observations:
(2, 28492)
Memory Usage: 1485.963264 mB
Reference Number: 5008
Total Log likelihood: -14465.015
Memory Usage: 1485.963264 mB
Finished Calculation State Posteriors
Saved Zero State Posterior to ./Empirical/HO/Burusho_20/chr8/.
Successfully loaded for PP. from ./Empirical/HO/Burusho_20/chr8/
Fraction Markers in ROH: 0.2565
Called n=0 ROH Blocks > 1.0 cM
Longest Block: nan
Successfully saved to ./Empirical/HO/Burusho_20/chr8/roh.csv
Using Low-Mem Cython Linear Speed Up.
Loaded Pre Processing Model: SardHDF5
Loading Individual: Burusho_20

Loaded 1145647 variants
Loaded 4616 individuals
HDF5 loaded from ./Data/Marcus2019_1240k/mod_reich_sardinia_ancients_rev_mrg_dedup_3trm_anno.h5

Loaded 50668 variants
Loaded 2504 individuals
HDF5 loaded from ./Data/1000Genomes/HDF5/1240kHDF5/all1240/chr9.hdf5

Intersection on Positions: 50668
Nr of Matching Refs: 50539 / 50668
Full Intersection Ref/Alt Identical: 50493 / 50668
2504 / 2504 Individuals included in Reference
Extraction of 5008 Haplotypes Complete!
Markers called 23691 / 50493
Successfully saved to: ./Empirical/HO/Burusho_20/chr9/
Successfully loaded Data from: ./Empirical/HO/Burusho_20/chr9/
Loaded Emission Model: diploid_gt
Loaded Transition Model: model
Loaded Post Processing Model: Standard
Minimum Genetic Map: 0.0016
Maximum Genetic Map: 1.6630
Gaps bigger than 0.1 cM: 299
Maximum Gap: 2.3454 cM
Loaded Transition and Emission Matrix:
(3, 3)
(5009, 23691)
Loaded Observations:
(2, 23691)
Memory Usage: 1269.530624 mB
Reference Number: 5008
Total Log likelihood: -12460.151
Memory Usage: 1269.530624 mB
Finished Calculation State Posteriors
Saved Zero State Posterior to ./Empirical/HO/Burusho_20/chr9/.
Successfully loaded for PP. from ./Empirical/HO/Burusho_20/chr9/
Fraction Markers in ROH: 0.2448
Called n=0 ROH Blocks > 1.0 cM
Longest Block: nan
Successfully saved to ./Empirical/HO/Burusho_20/chr9/roh.csv
Using Low-Mem Cython Linear Speed Up.
Loaded Pre Processing Model: SardHDF5
Loading Individual: Burusho_20

Loaded 1145647 variants
Loaded 4616 individuals
HDF5 loaded from ./Data/Marcus2019_1240k/mod_reich_sardinia_ancients_rev_mrg_dedup_3trm_anno.h5

Loaded 58804 variants
Loaded 2504 individuals
HDF5 loaded from ./Data/1000Genomes/HDF5/1240kHDF5/all1240/chr10.hdf5

Intersection on Positions: 58803
Nr of Matching Refs: 58657 / 58803
Full Intersection Ref/Alt Identical: 58591 / 58803
2504 / 2504 Individuals included in Reference
Extraction of 5008 Haplotypes Complete!
Markers called 30532 / 58591
Successfully saved to: ./Empirical/HO/Burusho_20/chr10/
Successfully loaded Data from: ./Empirical/HO/Burusho_20/chr10/
Loaded Emission Model: diploid_gt
Loaded Transition Model: model
Loaded Post Processing Model: Standard
Minimum Genetic Map: 0.0001
Maximum Genetic Map: 1.8089
Gaps bigger than 0.1 cM: 263
Maximum Gap: 2.0338 cM
Loaded Transition and Emission Matrix:
(3, 3)
(5009, 30532)
Loaded Observations:
(2, 30532)
Memory Usage: 1577.926656 mB
Reference Number: 5008
Total Log likelihood: -15747.466
Memory Usage: 1577.926656 mB
Finished Calculation State Posteriors
Saved Zero State Posterior to ./Empirical/HO/Burusho_20/chr10/.
Successfully loaded for PP. from ./Empirical/HO/Burusho_20/chr10/
Fraction Markers in ROH: 0.2619
Merged n=0 gaps < 0.0 M
Called n=1 ROH Blocks > 1.0 cM
Longest Block: 1.013
Successfully saved to ./Empirical/HO/Burusho_20/chr10/roh.csv
Using Low-Mem Cython Linear Speed Up.
Loaded Pre Processing Model: SardHDF5
Loading Individual: Burusho_20

Loaded 1145647 variants
Loaded 4616 individuals
HDF5 loaded from ./Data/Marcus2019_1240k/mod_reich_sardinia_ancients_rev_mrg_dedup_3trm_anno.h5

Loaded 54833 variants
Loaded 2504 individuals
HDF5 loaded from ./Data/1000Genomes/HDF5/1240kHDF5/all1240/chr11.hdf5

Intersection on Positions: 54831
Nr of Matching Refs: 54669 / 54831
Full Intersection Ref/Alt Identical: 54616 / 54831
2504 / 2504 Individuals included in Reference
Extraction of 5008 Haplotypes Complete!
Markers called 28102 / 54616
Successfully saved to: ./Empirical/HO/Burusho_20/chr11/
Successfully loaded Data from: ./Empirical/HO/Burusho_20/chr11/
Loaded Emission Model: diploid_gt
Loaded Transition Model: model
Loaded Post Processing Model: Standard
Minimum Genetic Map: 0.0000
Maximum Genetic Map: 1.5822
Gaps bigger than 0.1 cM: 247
Maximum Gap: 0.5683 cM
Loaded Transition and Emission Matrix:
(3, 3)
(5009, 28102)
Loaded Observations:
(2, 28102)
Memory Usage: 1468.383232 mB
Reference Number: 5008
Total Log likelihood: -14267.694
Memory Usage: 1468.383232 mB
Finished Calculation State Posteriors
Saved Zero State Posterior to ./Empirical/HO/Burusho_20/chr11/.
Successfully loaded for PP. from ./Empirical/HO/Burusho_20/chr11/
Fraction Markers in ROH: 0.2710
Called n=0 ROH Blocks > 1.0 cM
Longest Block: nan
Successfully saved to ./Empirical/HO/Burusho_20/chr11/roh.csv
Using Low-Mem Cython Linear Speed Up.
Loaded Pre Processing Model: SardHDF5
Loading Individual: Burusho_20

Loaded 1145647 variants
Loaded 4616 individuals
HDF5 loaded from ./Data/Marcus2019_1240k/mod_reich_sardinia_ancients_rev_mrg_dedup_3trm_anno.h5

Loaded 53911 variants
Loaded 2504 individuals
HDF5 loaded from ./Data/1000Genomes/HDF5/1240kHDF5/all1240/chr12.hdf5

Intersection on Positions: 53911
Nr of Matching Refs: 53713 / 53911
Full Intersection Ref/Alt Identical: 53672 / 53911
2504 / 2504 Individuals included in Reference
Extraction of 5008 Haplotypes Complete!
Markers called 27288 / 53672
Successfully saved to: ./Empirical/HO/Burusho_20/chr12/
Successfully loaded Data from: ./Empirical/HO/Burusho_20/chr12/
Loaded Emission Model: diploid_gt
Loaded Transition Model: model
Loaded Post Processing Model: Standard
Minimum Genetic Map: 0.0009
Maximum Genetic Map: 1.7468
Gaps bigger than 0.1 cM: 287
Maximum Gap: 0.8015 cM
Loaded Transition and Emission Matrix:
(3, 3)
(5009, 27288)
Loaded Observations:
(2, 27288)
Memory Usage: 1431.69536 mB
Reference Number: 5008
Total Log likelihood: -14485.206
Memory Usage: 1431.69536 mB
Finished Calculation State Posteriors
Saved Zero State Posterior to ./Empirical/HO/Burusho_20/chr12/.
Successfully loaded for PP. from ./Empirical/HO/Burusho_20/chr12/
Fraction Markers in ROH: 0.2433
Called n=0 ROH Blocks > 1.0 cM
Longest Block: nan
Successfully saved to ./Empirical/HO/Burusho_20/chr12/roh.csv
Using Low-Mem Cython Linear Speed Up.
Loaded Pre Processing Model: SardHDF5
Loading Individual: Burusho_20

Loaded 1145647 variants
Loaded 4616 individuals
HDF5 loaded from ./Data/Marcus2019_1240k/mod_reich_sardinia_ancients_rev_mrg_dedup_3trm_anno.h5

Loaded 39018 variants
Loaded 2504 individuals
HDF5 loaded from ./Data/1000Genomes/HDF5/1240kHDF5/all1240/chr13.hdf5

Intersection on Positions: 39015
Nr of Matching Refs: 38885 / 39015
Full Intersection Ref/Alt Identical: 38841 / 39015
2504 / 2504 Individuals included in Reference
Extraction of 5008 Haplotypes Complete!
Markers called 17879 / 38841
Successfully saved to: ./Empirical/HO/Burusho_20/chr13/
Successfully loaded Data from: ./Empirical/HO/Burusho_20/chr13/
Loaded Emission Model: diploid_gt
Loaded Transition Model: model
Loaded Post Processing Model: Standard
Minimum Genetic Map: 0.0028
Maximum Genetic Map: 1.2570
Gaps bigger than 0.1 cM: 229
Maximum Gap: 1.2234 cM
Loaded Transition and Emission Matrix:
(3, 3)
(5009, 17879)
Loaded Observations:
(2, 17879)
Memory Usage: 1007.53408 mB
Reference Number: 5008
Total Log likelihood: -9548.060
Memory Usage: 1007.53408 mB
Finished Calculation State Posteriors
Saved Zero State Posterior to ./Empirical/HO/Burusho_20/chr13/.
Successfully loaded for PP. from ./Empirical/HO/Burusho_20/chr13/
Fraction Markers in ROH: 0.2255
Called n=0 ROH Blocks > 1.0 cM
Longest Block: nan
Successfully saved to ./Empirical/HO/Burusho_20/chr13/roh.csv
Using Low-Mem Cython Linear Speed Up.
Loaded Pre Processing Model: SardHDF5
Loading Individual: Burusho_20

Loaded 1145647 variants
Loaded 4616 individuals
HDF5 loaded from ./Data/Marcus2019_1240k/mod_reich_sardinia_ancients_rev_mrg_dedup_3trm_anno.h5

Loaded 36301 variants
Loaded 2504 individuals
HDF5 loaded from ./Data/1000Genomes/HDF5/1240kHDF5/all1240/chr14.hdf5

Intersection on Positions: 36301
Nr of Matching Refs: 36166 / 36301
Full Intersection Ref/Alt Identical: 36126 / 36301
2504 / 2504 Individuals included in Reference
Extraction of 5008 Haplotypes Complete!
Markers called 18701 / 36126
Successfully saved to: ./Empirical/HO/Burusho_20/chr14/
Successfully loaded Data from: ./Empirical/HO/Burusho_20/chr14/
Loaded Emission Model: diploid_gt
Loaded Transition Model: model
Loaded Post Processing Model: Standard
Minimum Genetic Map: 0.0184
Maximum Genetic Map: 1.2020
Gaps bigger than 0.1 cM: 193
Maximum Gap: 3.5856 cM
Loaded Transition and Emission Matrix:
(3, 3)
(5009, 18701)
Loaded Observations:
(2, 18701)
Memory Usage: 1044.332544 mB
Reference Number: 5008
Total Log likelihood: -9407.695
Memory Usage: 1044.332544 mB
Finished Calculation State Posteriors
Saved Zero State Posterior to ./Empirical/HO/Burusho_20/chr14/.
Successfully loaded for PP. from ./Empirical/HO/Burusho_20/chr14/
Fraction Markers in ROH: 0.2795
Called n=0 ROH Blocks > 1.0 cM
Longest Block: nan
Successfully saved to ./Empirical/HO/Burusho_20/chr14/roh.csv
Using Low-Mem Cython Linear Speed Up.
Loaded Pre Processing Model: SardHDF5
Loading Individual: Burusho_20

Loaded 1145647 variants
Loaded 4616 individuals
HDF5 loaded from ./Data/Marcus2019_1240k/mod_reich_sardinia_ancients_rev_mrg_dedup_3trm_anno.h5

Loaded 34429 variants
Loaded 2504 individuals
HDF5 loaded from ./Data/1000Genomes/HDF5/1240kHDF5/all1240/chr15.hdf5

Intersection on Positions: 34425
Nr of Matching Refs: 34285 / 34425
Full Intersection Ref/Alt Identical: 34249 / 34425
2504 / 2504 Individuals included in Reference
Extraction of 5008 Haplotypes Complete!
Markers called 18088 / 34249
Successfully saved to: ./Empirical/HO/Burusho_20/chr15/
Successfully loaded Data from: ./Empirical/HO/Burusho_20/chr15/
Loaded Emission Model: diploid_gt
Loaded Transition Model: model
Loaded Post Processing Model: Standard
Minimum Genetic Map: 0.0002
Maximum Genetic Map: 1.4133
Gaps bigger than 0.1 cM: 202
Maximum Gap: 13.7876 cM
Loaded Transition and Emission Matrix:
(3, 3)
(5009, 18088)
Loaded Observations:
(2, 18088)
Memory Usage: 1016.700928 mB
Reference Number: 5008
Total Log likelihood: -9420.995
Memory Usage: 1016.700928 mB
Finished Calculation State Posteriors
Saved Zero State Posterior to ./Empirical/HO/Burusho_20/chr15/.
Successfully loaded for PP. from ./Empirical/HO/Burusho_20/chr15/
Fraction Markers in ROH: 0.2504
Merged n=0 gaps < 0.0 M
Called n=1 ROH Blocks > 1.0 cM
Longest Block: 2.713
Successfully saved to ./Empirical/HO/Burusho_20/chr15/roh.csv
Using Low-Mem Cython Linear Speed Up.
Loaded Pre Processing Model: SardHDF5
Loading Individual: Burusho_20

Loaded 1145647 variants
Loaded 4616 individuals
HDF5 loaded from ./Data/Marcus2019_1240k/mod_reich_sardinia_ancients_rev_mrg_dedup_3trm_anno.h5

Loaded 34402 variants
Loaded 2504 individuals
HDF5 loaded from ./Data/1000Genomes/HDF5/1240kHDF5/all1240/chr16.hdf5

Intersection on Positions: 34399
Nr of Matching Refs: 34254 / 34399
Full Intersection Ref/Alt Identical: 34201 / 34399
2504 / 2504 Individuals included in Reference
Extraction of 5008 Haplotypes Complete!
Markers called 18272 / 34201
Successfully saved to: ./Empirical/HO/Burusho_20/chr16/
Successfully loaded Data from: ./Empirical/HO/Burusho_20/chr16/
Loaded Emission Model: diploid_gt
Loaded Transition Model: model
Loaded Post Processing Model: Standard
Minimum Genetic Map: 0.0001
Maximum Genetic Map: 1.3402
Gaps bigger than 0.1 cM: 230
Maximum Gap: 0.9354 cM
Loaded Transition and Emission Matrix:
(3, 3)
(5009, 18272)
Loaded Observations:
(2, 18272)
Memory Usage: 1025.019904 mB
Reference Number: 5008
Total Log likelihood: -9476.381
Memory Usage: 1025.019904 mB
Finished Calculation State Posteriors
Saved Zero State Posterior to ./Empirical/HO/Burusho_20/chr16/.
Successfully loaded for PP. from ./Empirical/HO/Burusho_20/chr16/
Fraction Markers in ROH: 0.2620
Merged n=0 gaps < 0.0 M
Called n=2 ROH Blocks > 1.0 cM
Longest Block: 1.183
Successfully saved to ./Empirical/HO/Burusho_20/chr16/roh.csv
Using Low-Mem Cython Linear Speed Up.
Loaded Pre Processing Model: SardHDF5
Loading Individual: Burusho_20

Loaded 1145647 variants
Loaded 4616 individuals
HDF5 loaded from ./Data/Marcus2019_1240k/mod_reich_sardinia_ancients_rev_mrg_dedup_3trm_anno.h5

Loaded 29314 variants
Loaded 2504 individuals
HDF5 loaded from ./Data/1000Genomes/HDF5/1240kHDF5/all1240/chr17.hdf5

Intersection on Positions: 29313
Nr of Matching Refs: 29159 / 29313
Full Intersection Ref/Alt Identical: 29124 / 29313
2504 / 2504 Individuals included in Reference
Extraction of 5008 Haplotypes Complete!
Markers called 15259 / 29124
Successfully saved to: ./Empirical/HO/Burusho_20/chr17/
Successfully loaded Data from: ./Empirical/HO/Burusho_20/chr17/
Loaded Emission Model: diploid_gt
Loaded Transition Model: model
Loaded Post Processing Model: Standard
Minimum Genetic Map: -0.0003
Maximum Genetic Map: 1.2845
Gaps bigger than 0.1 cM: 225
Maximum Gap: 1.2355 cM
Loaded Transition and Emission Matrix:
(3, 3)
(5009, 15259)
Loaded Observations:
(2, 15259)
Memory Usage: 889.192448 mB
Reference Number: 5008
Total Log likelihood: -7963.494
Memory Usage: 889.192448 mB
Finished Calculation State Posteriors
Saved Zero State Posterior to ./Empirical/HO/Burusho_20/chr17/.
Successfully loaded for PP. from ./Empirical/HO/Burusho_20/chr17/
Fraction Markers in ROH: 0.2429
Called n=0 ROH Blocks > 1.0 cM
Longest Block: nan
Successfully saved to ./Empirical/HO/Burusho_20/chr17/roh.csv
Using Low-Mem Cython Linear Speed Up.
Loaded Pre Processing Model: SardHDF5
Loading Individual: Burusho_20

Loaded 1145647 variants
Loaded 4616 individuals
HDF5 loaded from ./Data/Marcus2019_1240k/mod_reich_sardinia_ancients_rev_mrg_dedup_3trm_anno.h5

Loaded 33917 variants
Loaded 2504 individuals
HDF5 loaded from ./Data/1000Genomes/HDF5/1240kHDF5/all1240/chr18.hdf5

Intersection on Positions: 33916
Nr of Matching Refs: 33774 / 33916
Full Intersection Ref/Alt Identical: 33746 / 33916
2504 / 2504 Individuals included in Reference
Extraction of 5008 Haplotypes Complete!
Markers called 17171 / 33746
Successfully saved to: ./Empirical/HO/Burusho_20/chr18/
Successfully loaded Data from: ./Empirical/HO/Burusho_20/chr18/
Loaded Emission Model: diploid_gt
Loaded Transition Model: model
Loaded Post Processing Model: Standard
Minimum Genetic Map: 0.0027
Maximum Genetic Map: 1.1771
Gaps bigger than 0.1 cM: 196
Maximum Gap: 0.8037 cM
Loaded Transition and Emission Matrix:
(3, 3)
(5009, 17171)
Loaded Observations:
(2, 17171)
Memory Usage: 975.372288 mB
Reference Number: 5008
Total Log likelihood: -9119.154
Memory Usage: 975.372288 mB
Finished Calculation State Posteriors
Saved Zero State Posterior to ./Empirical/HO/Burusho_20/chr18/.
Successfully loaded for PP. from ./Empirical/HO/Burusho_20/chr18/
Fraction Markers in ROH: 0.2210
Called n=0 ROH Blocks > 1.0 cM
Longest Block: nan
Successfully saved to ./Empirical/HO/Burusho_20/chr18/roh.csv
Using Low-Mem Cython Linear Speed Up.
Loaded Pre Processing Model: SardHDF5
Loading Individual: Burusho_20

Loaded 1145647 variants
Loaded 4616 individuals
HDF5 loaded from ./Data/Marcus2019_1240k/mod_reich_sardinia_ancients_rev_mrg_dedup_3trm_anno.h5

Loaded 18460 variants
Loaded 2504 individuals
HDF5 loaded from ./Data/1000Genomes/HDF5/1240kHDF5/all1240/chr19.hdf5

Intersection on Positions: 18459
Nr of Matching Refs: 18381 / 18459
Full Intersection Ref/Alt Identical: 18340 / 18459
2504 / 2504 Individuals included in Reference
Extraction of 5008 Haplotypes Complete!
Markers called 8715 / 18340
Successfully saved to: ./Empirical/HO/Burusho_20/chr19/
Successfully loaded Data from: ./Empirical/HO/Burusho_20/chr19/
Loaded Emission Model: diploid_gt
Loaded Transition Model: model
Loaded Post Processing Model: Standard
Minimum Genetic Map: 0.0000
Maximum Genetic Map: 1.0773
Gaps bigger than 0.1 cM: 286
Maximum Gap: 0.6354 cM
Loaded Transition and Emission Matrix:
(3, 3)
(5009, 8715)
Loaded Observations:
(2, 8715)
Memory Usage: 594.194432 mB
Reference Number: 5008
Total Log likelihood: -4746.638
Memory Usage: 594.194432 mB
Finished Calculation State Posteriors
Saved Zero State Posterior to ./Empirical/HO/Burusho_20/chr19/.
Successfully loaded for PP. from ./Empirical/HO/Burusho_20/chr19/
Fraction Markers in ROH: 0.2026
Called n=0 ROH Blocks > 1.0 cM
Longest Block: nan
Successfully saved to ./Empirical/HO/Burusho_20/chr19/roh.csv
Using Low-Mem Cython Linear Speed Up.
Loaded Pre Processing Model: SardHDF5
Loading Individual: Burusho_20

Loaded 1145647 variants
Loaded 4616 individuals
HDF5 loaded from ./Data/Marcus2019_1240k/mod_reich_sardinia_ancients_rev_mrg_dedup_3trm_anno.h5

Loaded 29078 variants
Loaded 2504 individuals
HDF5 loaded from ./Data/1000Genomes/HDF5/1240kHDF5/all1240/chr20.hdf5

Intersection on Positions: 29077
Nr of Matching Refs: 28908 / 29077
Full Intersection Ref/Alt Identical: 28864 / 29077
2504 / 2504 Individuals included in Reference
Extraction of 5008 Haplotypes Complete!
Markers called 15390 / 28864
Successfully saved to: ./Empirical/HO/Burusho_20/chr20/
Successfully loaded Data from: ./Empirical/HO/Burusho_20/chr20/
Loaded Emission Model: diploid_gt
Loaded Transition Model: model
Loaded Post Processing Model: Standard
Minimum Genetic Map: 0.0008
Maximum Genetic Map: 1.0821
Gaps bigger than 0.1 cM: 203
Maximum Gap: 0.4744 cM
Loaded Transition and Emission Matrix:
(3, 3)
(5009, 15390)
Loaded Observations:
(2, 15390)
Memory Usage: 895.082496 mB
Reference Number: 5008
Total Log likelihood: -8044.551
Memory Usage: 892.53888 mB
Finished Calculation State Posteriors
Saved Zero State Posterior to ./Empirical/HO/Burusho_20/chr20/.
Successfully loaded for PP. from ./Empirical/HO/Burusho_20/chr20/
Fraction Markers in ROH: 0.2212
Called n=0 ROH Blocks > 1.0 cM
Longest Block: nan
Successfully saved to ./Empirical/HO/Burusho_20/chr20/roh.csv
Using Low-Mem Cython Linear Speed Up.
Loaded Pre Processing Model: SardHDF5
Loading Individual: Burusho_20

Loaded 1145647 variants
Loaded 4616 individuals
HDF5 loaded from ./Data/Marcus2019_1240k/mod_reich_sardinia_ancients_rev_mrg_dedup_3trm_anno.h5

Loaded 16038 variants
Loaded 2504 individuals
HDF5 loaded from ./Data/1000Genomes/HDF5/1240kHDF5/all1240/chr21.hdf5

Intersection on Positions: 16036
Nr of Matching Refs: 15949 / 16036
Full Intersection Ref/Alt Identical: 15930 / 16036
2504 / 2504 Individuals included in Reference
Extraction of 5008 Haplotypes Complete!
Markers called 7915 / 15930
Successfully saved to: ./Empirical/HO/Burusho_20/chr21/
Successfully loaded Data from: ./Empirical/HO/Burusho_20/chr21/
Loaded Emission Model: diploid_gt
Loaded Transition Model: model
Loaded Post Processing Model: Standard
Minimum Genetic Map: 0.0145
Maximum Genetic Map: 0.6277
Gaps bigger than 0.1 cM: 119
Maximum Gap: 0.7121 cM
Loaded Transition and Emission Matrix:
(3, 3)
(5009, 7915)
Loaded Observations:
(2, 7915)
Memory Usage: 556.875776 mB
Reference Number: 5008
Total Log likelihood: -4177.033
Memory Usage: 556.875776 mB
Finished Calculation State Posteriors
Saved Zero State Posterior to ./Empirical/HO/Burusho_20/chr21/.
Successfully loaded for PP. from ./Empirical/HO/Burusho_20/chr21/
Fraction Markers in ROH: 0.2437
Called n=0 ROH Blocks > 1.0 cM
Longest Block: nan
Successfully saved to ./Empirical/HO/Burusho_20/chr21/roh.csv
Using Low-Mem Cython Linear Speed Up.
Loaded Pre Processing Model: SardHDF5
Loading Individual: Burusho_20

Loaded 1145647 variants
Loaded 4616 individuals
HDF5 loaded from ./Data/Marcus2019_1240k/mod_reich_sardinia_ancients_rev_mrg_dedup_3trm_anno.h5

Loaded 15802 variants
Loaded 2504 individuals
HDF5 loaded from ./Data/1000Genomes/HDF5/1240kHDF5/all1240/chr22.hdf5

Intersection on Positions: 15802
Nr of Matching Refs: 15704 / 15802
Full Intersection Ref/Alt Identical: 15684 / 15802
2504 / 2504 Individuals included in Reference
Extraction of 5008 Haplotypes Complete!
Markers called 7724 / 15684
Successfully saved to: ./Empirical/HO/Burusho_20/chr22/
Successfully loaded Data from: ./Empirical/HO/Burusho_20/chr22/
Loaded Emission Model: diploid_gt
Loaded Transition Model: model
Loaded Post Processing Model: Standard
Minimum Genetic Map: 0.0178
Maximum Genetic Map: 0.7408
Gaps bigger than 0.1 cM: 149
Maximum Gap: 1.7139 cM
Loaded Transition and Emission Matrix:
(3, 3)
(5009, 7724)
Loaded Observations:
(2, 7724)
Memory Usage: 548.261888 mB
Reference Number: 5008
Total Log likelihood: -4117.574
Memory Usage: 548.261888 mB
Finished Calculation State Posteriors
Saved Zero State Posterior to ./Empirical/HO/Burusho_20/chr22/.
Successfully loaded for PP. from ./Empirical/HO/Burusho_20/chr22/
Fraction Markers in ROH: 0.2022
Called n=0 ROH Blocks > 1.0 cM
Longest Block: nan
Successfully saved to ./Empirical/HO/Burusho_20/chr22/roh.csv
Run for Individual Burusho_20: Complete! Yeah!!
