Doing Individual Balochi_3...
Using Low-Mem Cython Linear Speed Up.
Loaded Pre Processing Model: SardHDF5
Loading Individual: Balochi_3

Loaded 1145647 variants
Loaded 4616 individuals
HDF5 loaded from ./Data/Marcus2019_1240k/mod_reich_sardinia_ancients_rev_mrg_dedup_3trm_anno.h5

Loaded 89147 variants
Loaded 2504 individuals
HDF5 loaded from ./Data/1000Genomes/HDF5/1240kHDF5/all1240/chr1.hdf5

Intersection on Positions: 89143
Nr of Matching Refs: 89143 / 89143
Full Intersection Ref/Alt Identical: 89079 / 89143
2504 / 2504 Individuals included in Reference
Extraction of 5008 Haplotypes Complete!
Markers called 47592 / 89079
Successfully saved to: ./Empirical/HO/Balochi_3/chr1/
Successfully loaded Data from: ./Empirical/HO/Balochi_3/chr1/
Loaded Emission Model: diploid_gt
Loaded Transition Model: model
Loaded Post Processing Model: Standard
Minimum Genetic Map: 0.0201
Maximum Genetic Map: 2.8623
Gaps bigger than 0.1 cM: 424
Maximum Gap: 3.9814 cM
Loaded Transition and Emission Matrix:
(3, 3)
(5009, 47592)
Loaded Observations:
(2, 47592)
Memory Usage: 2330.894336 mB
Reference Number: 5008
Total Log likelihood: -24167.344
Memory Usage: 2331.353088 mB
Finished Calculation State Posteriors
Saved Zero State Posterior to ./Empirical/HO/Balochi_3/chr1/.
Successfully loaded for PP. from ./Empirical/HO/Balochi_3/chr1/
Fraction Markers in ROH: 0.2512
Called n=0 ROH Blocks > 1.0 cM
Longest Block: nan
Successfully saved to ./Empirical/HO/Balochi_3/chr1/roh.csv
Using Low-Mem Cython Linear Speed Up.
Loaded Pre Processing Model: SardHDF5
Loading Individual: Balochi_3

Loaded 1145647 variants
Loaded 4616 individuals
HDF5 loaded from ./Data/Marcus2019_1240k/mod_reich_sardinia_ancients_rev_mrg_dedup_3trm_anno.h5

Loaded 94239 variants
Loaded 2504 individuals
HDF5 loaded from ./Data/1000Genomes/HDF5/1240kHDF5/all1240/chr2.hdf5

Intersection on Positions: 94237
Nr of Matching Refs: 94205 / 94237
Full Intersection Ref/Alt Identical: 94137 / 94237
2504 / 2504 Individuals included in Reference
Extraction of 5008 Haplotypes Complete!
Markers called 49134 / 94137
Successfully saved to: ./Empirical/HO/Balochi_3/chr2/
Successfully loaded Data from: ./Empirical/HO/Balochi_3/chr2/
Loaded Emission Model: diploid_gt
Loaded Transition Model: model
Loaded Post Processing Model: Standard
Minimum Genetic Map: 0.0001
Maximum Genetic Map: 2.6883
Gaps bigger than 0.1 cM: 396
Maximum Gap: 2.0159 cM
Loaded Transition and Emission Matrix:
(3, 3)
(5009, 49134)
Loaded Observations:
(2, 49134)
Memory Usage: 2402.766848 mB
Reference Number: 5008
Total Log likelihood: -25147.366
Memory Usage: 2402.766848 mB
Finished Calculation State Posteriors
Saved Zero State Posterior to ./Empirical/HO/Balochi_3/chr2/.
Successfully loaded for PP. from ./Empirical/HO/Balochi_3/chr2/
Fraction Markers in ROH: 0.2675
Merged n=0 gaps < 0.0 M
Called n=2 ROH Blocks > 1.0 cM
Longest Block: 1.730
Successfully saved to ./Empirical/HO/Balochi_3/chr2/roh.csv
Using Low-Mem Cython Linear Speed Up.
Loaded Pre Processing Model: SardHDF5
Loading Individual: Balochi_3

Loaded 1145647 variants
Loaded 4616 individuals
HDF5 loaded from ./Data/Marcus2019_1240k/mod_reich_sardinia_ancients_rev_mrg_dedup_3trm_anno.h5

Loaded 77652 variants
Loaded 2504 individuals
HDF5 loaded from ./Data/1000Genomes/HDF5/1240kHDF5/all1240/chr3.hdf5

Intersection on Positions: 77650
Nr of Matching Refs: 77606 / 77650
Full Intersection Ref/Alt Identical: 77553 / 77650
2504 / 2504 Individuals included in Reference
Extraction of 5008 Haplotypes Complete!
Markers called 40734 / 77553
Successfully saved to: ./Empirical/HO/Balochi_3/chr3/
Successfully loaded Data from: ./Empirical/HO/Balochi_3/chr3/
Loaded Emission Model: diploid_gt
Loaded Transition Model: model
Loaded Post Processing Model: Standard
Minimum Genetic Map: 0.0002
Maximum Genetic Map: 2.2326
Gaps bigger than 0.1 cM: 341
Maximum Gap: 0.4179 cM
Loaded Transition and Emission Matrix:
(3, 3)
(5009, 40734)
Loaded Observations:
(2, 40734)
Memory Usage: 2038.407168 mB
Reference Number: 5008
Total Log likelihood: -16036.564
Memory Usage: 2038.407168 mB
Finished Calculation State Posteriors
Saved Zero State Posterior to ./Empirical/HO/Balochi_3/chr3/.
Successfully loaded for PP. from ./Empirical/HO/Balochi_3/chr3/
Fraction Markers in ROH: 0.4782
Merged n=0 gaps < 0.0 M
Called n=1 ROH Blocks > 1.0 cM
Longest Block: 53.447
Successfully saved to ./Empirical/HO/Balochi_3/chr3/roh.csv
Using Low-Mem Cython Linear Speed Up.
Loaded Pre Processing Model: SardHDF5
Loading Individual: Balochi_3

Loaded 1145647 variants
Loaded 4616 individuals
HDF5 loaded from ./Data/Marcus2019_1240k/mod_reich_sardinia_ancients_rev_mrg_dedup_3trm_anno.h5

Loaded 68759 variants
Loaded 2504 individuals
HDF5 loaded from ./Data/1000Genomes/HDF5/1240kHDF5/all1240/chr4.hdf5

Intersection on Positions: 68759
Nr of Matching Refs: 68709 / 68759
Full Intersection Ref/Alt Identical: 68663 / 68759
2504 / 2504 Individuals included in Reference
Extraction of 5008 Haplotypes Complete!
Markers called 34153 / 68663
Successfully saved to: ./Empirical/HO/Balochi_3/chr4/
Successfully loaded Data from: ./Empirical/HO/Balochi_3/chr4/
Loaded Emission Model: diploid_gt
Loaded Transition Model: model
Loaded Post Processing Model: Standard
Minimum Genetic Map: 0.0034
Maximum Genetic Map: 2.1454
Gaps bigger than 0.1 cM: 332
Maximum Gap: 2.1375 cM
Loaded Transition and Emission Matrix:
(3, 3)
(5009, 34153)
Loaded Observations:
(2, 34153)
Memory Usage: 1741.717504 mB
Reference Number: 5008
Total Log likelihood: -16200.772
Memory Usage: 1741.717504 mB
Finished Calculation State Posteriors
Saved Zero State Posterior to ./Empirical/HO/Balochi_3/chr4/.
Successfully loaded for PP. from ./Empirical/HO/Balochi_3/chr4/
Fraction Markers in ROH: 0.3227
Merged n=0 gaps < 0.0 M
Called n=5 ROH Blocks > 1.0 cM
Longest Block: 9.967
Successfully saved to ./Empirical/HO/Balochi_3/chr4/roh.csv
Using Low-Mem Cython Linear Speed Up.
Loaded Pre Processing Model: SardHDF5
Loading Individual: Balochi_3

Loaded 1145647 variants
Loaded 4616 individuals
HDF5 loaded from ./Data/Marcus2019_1240k/mod_reich_sardinia_ancients_rev_mrg_dedup_3trm_anno.h5

Loaded 69399 variants
Loaded 2504 individuals
HDF5 loaded from ./Data/1000Genomes/HDF5/1240kHDF5/all1240/chr5.hdf5

Intersection on Positions: 69394
Nr of Matching Refs: 69307 / 69394
Full Intersection Ref/Alt Identical: 69252 / 69394
2504 / 2504 Individuals included in Reference
Extraction of 5008 Haplotypes Complete!
Markers called 34281 / 69252
Successfully saved to: ./Empirical/HO/Balochi_3/chr5/
Successfully loaded Data from: ./Empirical/HO/Balochi_3/chr5/
Loaded Emission Model: diploid_gt
Loaded Transition Model: model
Loaded Post Processing Model: Standard
Minimum Genetic Map: 0.0004
Maximum Genetic Map: 2.0409
Gaps bigger than 0.1 cM: 339
Maximum Gap: 1.0498 cM
Loaded Transition and Emission Matrix:
(3, 3)
(5009, 34281)
Loaded Observations:
(2, 34281)
Memory Usage: 1747.529728 mB
Reference Number: 5008
Total Log likelihood: -17454.380
Memory Usage: 1747.529728 mB
Finished Calculation State Posteriors
Saved Zero State Posterior to ./Empirical/HO/Balochi_3/chr5/.
Successfully loaded for PP. from ./Empirical/HO/Balochi_3/chr5/
Fraction Markers in ROH: 0.2736
Merged n=0 gaps < 0.0 M
Called n=1 ROH Blocks > 1.0 cM
Longest Block: 6.351
Successfully saved to ./Empirical/HO/Balochi_3/chr5/roh.csv
Using Low-Mem Cython Linear Speed Up.
Loaded Pre Processing Model: SardHDF5
Loading Individual: Balochi_3

Loaded 1145647 variants
Loaded 4616 individuals
HDF5 loaded from ./Data/Marcus2019_1240k/mod_reich_sardinia_ancients_rev_mrg_dedup_3trm_anno.h5

Loaded 75870 variants
Loaded 2504 individuals
HDF5 loaded from ./Data/1000Genomes/HDF5/1240kHDF5/all1240/chr6.hdf5

Intersection on Positions: 75866
Nr of Matching Refs: 75743 / 75866
Full Intersection Ref/Alt Identical: 75675 / 75866
2504 / 2504 Individuals included in Reference
Extraction of 5008 Haplotypes Complete!
Markers called 34084 / 75675
Successfully saved to: ./Empirical/HO/Balochi_3/chr6/
Successfully loaded Data from: ./Empirical/HO/Balochi_3/chr6/
Loaded Emission Model: diploid_gt
Loaded Transition Model: model
Loaded Post Processing Model: Standard
Minimum Genetic Map: 0.0035
Maximum Genetic Map: 1.9203
Gaps bigger than 0.1 cM: 287
Maximum Gap: 0.5072 cM
Loaded Transition and Emission Matrix:
(3, 3)
(5009, 34084)
Loaded Observations:
(2, 34084)
Memory Usage: 1738.682368 mB
Reference Number: 5008
Total Log likelihood: -15607.829
Memory Usage: 1738.682368 mB
Finished Calculation State Posteriors
Saved Zero State Posterior to ./Empirical/HO/Balochi_3/chr6/.
Successfully loaded for PP. from ./Empirical/HO/Balochi_3/chr6/
Fraction Markers in ROH: 0.3551
Merged n=0 gaps < 0.0 M
Called n=2 ROH Blocks > 1.0 cM
Longest Block: 25.143
Successfully saved to ./Empirical/HO/Balochi_3/chr6/roh.csv
Using Low-Mem Cython Linear Speed Up.
Loaded Pre Processing Model: SardHDF5
Loading Individual: Balochi_3

Loaded 1145647 variants
Loaded 4616 individuals
HDF5 loaded from ./Data/Marcus2019_1240k/mod_reich_sardinia_ancients_rev_mrg_dedup_3trm_anno.h5

Loaded 59890 variants
Loaded 2504 individuals
HDF5 loaded from ./Data/1000Genomes/HDF5/1240kHDF5/all1240/chr7.hdf5

Intersection on Positions: 59889
Nr of Matching Refs: 59781 / 59889
Full Intersection Ref/Alt Identical: 59715 / 59889
2504 / 2504 Individuals included in Reference
Extraction of 5008 Haplotypes Complete!
Markers called 28789 / 59715
Successfully saved to: ./Empirical/HO/Balochi_3/chr7/
Successfully loaded Data from: ./Empirical/HO/Balochi_3/chr7/
Loaded Emission Model: diploid_gt
Loaded Transition Model: model
Loaded Post Processing Model: Standard
Minimum Genetic Map: 0.0000
Maximum Genetic Map: 1.8715
Gaps bigger than 0.1 cM: 325
Maximum Gap: 1.0884 cM
Loaded Transition and Emission Matrix:
(3, 3)
(5009, 28789)
Loaded Observations:
(2, 28789)
Memory Usage: 1499.992064 mB
Reference Number: 5008
Total Log likelihood: -14840.603
Memory Usage: 1499.992064 mB
Finished Calculation State Posteriors
Saved Zero State Posterior to ./Empirical/HO/Balochi_3/chr7/.
Successfully loaded for PP. from ./Empirical/HO/Balochi_3/chr7/
Fraction Markers in ROH: 0.2544
Merged n=0 gaps < 0.0 M
Called n=1 ROH Blocks > 1.0 cM
Longest Block: 2.922
Successfully saved to ./Empirical/HO/Balochi_3/chr7/roh.csv
Using Low-Mem Cython Linear Speed Up.
Loaded Pre Processing Model: SardHDF5
Loading Individual: Balochi_3

Loaded 1145647 variants
Loaded 4616 individuals
HDF5 loaded from ./Data/Marcus2019_1240k/mod_reich_sardinia_ancients_rev_mrg_dedup_3trm_anno.h5

Loaded 61133 variants
Loaded 2504 individuals
HDF5 loaded from ./Data/1000Genomes/HDF5/1240kHDF5/all1240/chr8.hdf5

Intersection on Positions: 61130
Nr of Matching Refs: 61022 / 61130
Full Intersection Ref/Alt Identical: 60960 / 61130
2504 / 2504 Individuals included in Reference
Extraction of 5008 Haplotypes Complete!
Markers called 28574 / 60960
Successfully saved to: ./Empirical/HO/Balochi_3/chr8/
Successfully loaded Data from: ./Empirical/HO/Balochi_3/chr8/
Loaded Emission Model: diploid_gt
Loaded Transition Model: model
Loaded Post Processing Model: Standard
Minimum Genetic Map: 0.0001
Maximum Genetic Map: 1.6800
Gaps bigger than 0.1 cM: 251
Maximum Gap: 3.5052 cM
Loaded Transition and Emission Matrix:
(3, 3)
(5009, 28574)
Loaded Observations:
(2, 28574)
Memory Usage: 1490.300928 mB
Reference Number: 5008
Total Log likelihood: -14343.751
Memory Usage: 1490.300928 mB
Finished Calculation State Posteriors
Saved Zero State Posterior to ./Empirical/HO/Balochi_3/chr8/.
Successfully loaded for PP. from ./Empirical/HO/Balochi_3/chr8/
Fraction Markers in ROH: 0.2785
Merged n=0 gaps < 0.0 M
Called n=1 ROH Blocks > 1.0 cM
Longest Block: 1.019
Successfully saved to ./Empirical/HO/Balochi_3/chr8/roh.csv
Using Low-Mem Cython Linear Speed Up.
Loaded Pre Processing Model: SardHDF5
Loading Individual: Balochi_3

Loaded 1145647 variants
Loaded 4616 individuals
HDF5 loaded from ./Data/Marcus2019_1240k/mod_reich_sardinia_ancients_rev_mrg_dedup_3trm_anno.h5

Loaded 50668 variants
Loaded 2504 individuals
HDF5 loaded from ./Data/1000Genomes/HDF5/1240kHDF5/all1240/chr9.hdf5

Intersection on Positions: 50668
Nr of Matching Refs: 50539 / 50668
Full Intersection Ref/Alt Identical: 50493 / 50668
2504 / 2504 Individuals included in Reference
Extraction of 5008 Haplotypes Complete!
Markers called 23725 / 50493
Successfully saved to: ./Empirical/HO/Balochi_3/chr9/
Successfully loaded Data from: ./Empirical/HO/Balochi_3/chr9/
Loaded Emission Model: diploid_gt
Loaded Transition Model: model
Loaded Post Processing Model: Standard
Minimum Genetic Map: 0.0016
Maximum Genetic Map: 1.6630
Gaps bigger than 0.1 cM: 301
Maximum Gap: 2.3454 cM
Loaded Transition and Emission Matrix:
(3, 3)
(5009, 23725)
Loaded Observations:
(2, 23725)
Memory Usage: 1271.676928 mB
Reference Number: 5008
Total Log likelihood: -12402.028
Memory Usage: 1271.676928 mB
Finished Calculation State Posteriors
Saved Zero State Posterior to ./Empirical/HO/Balochi_3/chr9/.
Successfully loaded for PP. from ./Empirical/HO/Balochi_3/chr9/
Fraction Markers in ROH: 0.2571
Called n=0 ROH Blocks > 1.0 cM
Longest Block: nan
Successfully saved to ./Empirical/HO/Balochi_3/chr9/roh.csv
Using Low-Mem Cython Linear Speed Up.
Loaded Pre Processing Model: SardHDF5
Loading Individual: Balochi_3

Loaded 1145647 variants
Loaded 4616 individuals
HDF5 loaded from ./Data/Marcus2019_1240k/mod_reich_sardinia_ancients_rev_mrg_dedup_3trm_anno.h5

Loaded 58804 variants
Loaded 2504 individuals
HDF5 loaded from ./Data/1000Genomes/HDF5/1240kHDF5/all1240/chr10.hdf5

Intersection on Positions: 58803
Nr of Matching Refs: 58657 / 58803
Full Intersection Ref/Alt Identical: 58591 / 58803
2504 / 2504 Individuals included in Reference
Extraction of 5008 Haplotypes Complete!
Markers called 30597 / 58591
Successfully saved to: ./Empirical/HO/Balochi_3/chr10/
Successfully loaded Data from: ./Empirical/HO/Balochi_3/chr10/
Loaded Emission Model: diploid_gt
Loaded Transition Model: model
Loaded Post Processing Model: Standard
Minimum Genetic Map: 0.0001
Maximum Genetic Map: 1.8089
Gaps bigger than 0.1 cM: 263
Maximum Gap: 2.0338 cM
Loaded Transition and Emission Matrix:
(3, 3)
(5009, 30597)
Loaded Observations:
(2, 30597)
Memory Usage: 1581.4656 mB
Reference Number: 5008
Total Log likelihood: -15969.651
Memory Usage: 1581.4656 mB
Finished Calculation State Posteriors
Saved Zero State Posterior to ./Empirical/HO/Balochi_3/chr10/.
Successfully loaded for PP. from ./Empirical/HO/Balochi_3/chr10/
Fraction Markers in ROH: 0.2565
Called n=0 ROH Blocks > 1.0 cM
Longest Block: nan
Successfully saved to ./Empirical/HO/Balochi_3/chr10/roh.csv
Using Low-Mem Cython Linear Speed Up.
Loaded Pre Processing Model: SardHDF5
Loading Individual: Balochi_3

Loaded 1145647 variants
Loaded 4616 individuals
HDF5 loaded from ./Data/Marcus2019_1240k/mod_reich_sardinia_ancients_rev_mrg_dedup_3trm_anno.h5

Loaded 54833 variants
Loaded 2504 individuals
HDF5 loaded from ./Data/1000Genomes/HDF5/1240kHDF5/all1240/chr11.hdf5

Intersection on Positions: 54831
Nr of Matching Refs: 54669 / 54831
Full Intersection Ref/Alt Identical: 54616 / 54831
2504 / 2504 Individuals included in Reference
Extraction of 5008 Haplotypes Complete!
Markers called 28166 / 54616
Successfully saved to: ./Empirical/HO/Balochi_3/chr11/
Successfully loaded Data from: ./Empirical/HO/Balochi_3/chr11/
Loaded Emission Model: diploid_gt
Loaded Transition Model: model
Loaded Post Processing Model: Standard
Minimum Genetic Map: 0.0000
Maximum Genetic Map: 1.5822
Gaps bigger than 0.1 cM: 247
Maximum Gap: 0.5683 cM
Loaded Transition and Emission Matrix:
(3, 3)
(5009, 28166)
Loaded Observations:
(2, 28166)
Memory Usage: 1471.87712 mB
Reference Number: 5008
Total Log likelihood: -14558.705
Memory Usage: 1471.87712 mB
Finished Calculation State Posteriors
Saved Zero State Posterior to ./Empirical/HO/Balochi_3/chr11/.
Successfully loaded for PP. from ./Empirical/HO/Balochi_3/chr11/
Fraction Markers in ROH: 0.2637
Called n=0 ROH Blocks > 1.0 cM
Longest Block: nan
Successfully saved to ./Empirical/HO/Balochi_3/chr11/roh.csv
Using Low-Mem Cython Linear Speed Up.
Loaded Pre Processing Model: SardHDF5
Loading Individual: Balochi_3

Loaded 1145647 variants
Loaded 4616 individuals
HDF5 loaded from ./Data/Marcus2019_1240k/mod_reich_sardinia_ancients_rev_mrg_dedup_3trm_anno.h5

Loaded 53911 variants
Loaded 2504 individuals
HDF5 loaded from ./Data/1000Genomes/HDF5/1240kHDF5/all1240/chr12.hdf5

Intersection on Positions: 53911
Nr of Matching Refs: 53713 / 53911
Full Intersection Ref/Alt Identical: 53672 / 53911
2504 / 2504 Individuals included in Reference
Extraction of 5008 Haplotypes Complete!
Markers called 27372 / 53672
Successfully saved to: ./Empirical/HO/Balochi_3/chr12/
Successfully loaded Data from: ./Empirical/HO/Balochi_3/chr12/
Loaded Emission Model: diploid_gt
Loaded Transition Model: model
Loaded Post Processing Model: Standard
Minimum Genetic Map: 0.0009
Maximum Genetic Map: 1.7468
Gaps bigger than 0.1 cM: 285
Maximum Gap: 0.8015 cM
Loaded Transition and Emission Matrix:
(3, 3)
(5009, 27372)
Loaded Observations:
(2, 27372)
Memory Usage: 1436.090368 mB
Reference Number: 5008
Total Log likelihood: -14242.821
Memory Usage: 1436.090368 mB
Finished Calculation State Posteriors
Saved Zero State Posterior to ./Empirical/HO/Balochi_3/chr12/.
Successfully loaded for PP. from ./Empirical/HO/Balochi_3/chr12/
Fraction Markers in ROH: 0.2519
Merged n=0 gaps < 0.0 M
Called n=1 ROH Blocks > 1.0 cM
Longest Block: 3.669
Successfully saved to ./Empirical/HO/Balochi_3/chr12/roh.csv
Using Low-Mem Cython Linear Speed Up.
Loaded Pre Processing Model: SardHDF5
Loading Individual: Balochi_3

Loaded 1145647 variants
Loaded 4616 individuals
HDF5 loaded from ./Data/Marcus2019_1240k/mod_reich_sardinia_ancients_rev_mrg_dedup_3trm_anno.h5

Loaded 39018 variants
Loaded 2504 individuals
HDF5 loaded from ./Data/1000Genomes/HDF5/1240kHDF5/all1240/chr13.hdf5

Intersection on Positions: 39015
Nr of Matching Refs: 38885 / 39015
Full Intersection Ref/Alt Identical: 38841 / 39015
2504 / 2504 Individuals included in Reference
Extraction of 5008 Haplotypes Complete!
Markers called 17934 / 38841
Successfully saved to: ./Empirical/HO/Balochi_3/chr13/
Successfully loaded Data from: ./Empirical/HO/Balochi_3/chr13/
Loaded Emission Model: diploid_gt
Loaded Transition Model: model
Loaded Post Processing Model: Standard
Minimum Genetic Map: 0.0028
Maximum Genetic Map: 1.2570
Gaps bigger than 0.1 cM: 229
Maximum Gap: 1.2234 cM
Loaded Transition and Emission Matrix:
(3, 3)
(5009, 17934)
Loaded Observations:
(2, 17934)
Memory Usage: 1010.62656 mB
Reference Number: 5008
Total Log likelihood: -9271.823
Memory Usage: 1010.62656 mB
Finished Calculation State Posteriors
Saved Zero State Posterior to ./Empirical/HO/Balochi_3/chr13/.
Successfully loaded for PP. from ./Empirical/HO/Balochi_3/chr13/
Fraction Markers in ROH: 0.2711
Called n=0 ROH Blocks > 1.0 cM
Longest Block: nan
Successfully saved to ./Empirical/HO/Balochi_3/chr13/roh.csv
Using Low-Mem Cython Linear Speed Up.
Loaded Pre Processing Model: SardHDF5
Loading Individual: Balochi_3

Loaded 1145647 variants
Loaded 4616 individuals
HDF5 loaded from ./Data/Marcus2019_1240k/mod_reich_sardinia_ancients_rev_mrg_dedup_3trm_anno.h5

Loaded 36301 variants
Loaded 2504 individuals
HDF5 loaded from ./Data/1000Genomes/HDF5/1240kHDF5/all1240/chr14.hdf5

Intersection on Positions: 36301
Nr of Matching Refs: 36166 / 36301
Full Intersection Ref/Alt Identical: 36126 / 36301
2504 / 2504 Individuals included in Reference
Extraction of 5008 Haplotypes Complete!
Markers called 18753 / 36126
Successfully saved to: ./Empirical/HO/Balochi_3/chr14/
Successfully loaded Data from: ./Empirical/HO/Balochi_3/chr14/
Loaded Emission Model: diploid_gt
Loaded Transition Model: model
Loaded Post Processing Model: Standard
Minimum Genetic Map: 0.0184
Maximum Genetic Map: 1.2020
Gaps bigger than 0.1 cM: 191
Maximum Gap: 3.5856 cM
Loaded Transition and Emission Matrix:
(3, 3)
(5009, 18753)
Loaded Observations:
(2, 18753)
Memory Usage: 1047.547904 mB
Reference Number: 5008
Total Log likelihood: -9103.866
Memory Usage: 1047.547904 mB
Finished Calculation State Posteriors
Saved Zero State Posterior to ./Empirical/HO/Balochi_3/chr14/.
Successfully loaded for PP. from ./Empirical/HO/Balochi_3/chr14/
Fraction Markers in ROH: 0.3150
Merged n=0 gaps < 0.0 M
Called n=3 ROH Blocks > 1.0 cM
Longest Block: 6.482
Successfully saved to ./Empirical/HO/Balochi_3/chr14/roh.csv
Using Low-Mem Cython Linear Speed Up.
Loaded Pre Processing Model: SardHDF5
Loading Individual: Balochi_3

Loaded 1145647 variants
Loaded 4616 individuals
HDF5 loaded from ./Data/Marcus2019_1240k/mod_reich_sardinia_ancients_rev_mrg_dedup_3trm_anno.h5

Loaded 34429 variants
Loaded 2504 individuals
HDF5 loaded from ./Data/1000Genomes/HDF5/1240kHDF5/all1240/chr15.hdf5

Intersection on Positions: 34425
Nr of Matching Refs: 34285 / 34425
Full Intersection Ref/Alt Identical: 34249 / 34425
2504 / 2504 Individuals included in Reference
Extraction of 5008 Haplotypes Complete!
Markers called 18112 / 34249
Successfully saved to: ./Empirical/HO/Balochi_3/chr15/
Successfully loaded Data from: ./Empirical/HO/Balochi_3/chr15/
Loaded Emission Model: diploid_gt
Loaded Transition Model: model
Loaded Post Processing Model: Standard
Minimum Genetic Map: 0.0002
Maximum Genetic Map: 1.4133
Gaps bigger than 0.1 cM: 202
Maximum Gap: 13.7876 cM
Loaded Transition and Emission Matrix:
(3, 3)
(5009, 18112)
Loaded Observations:
(2, 18112)
Memory Usage: 1018.65472 mB
Reference Number: 5008
Total Log likelihood: -9569.241
Memory Usage: 1018.65472 mB
Finished Calculation State Posteriors
Saved Zero State Posterior to ./Empirical/HO/Balochi_3/chr15/.
Successfully loaded for PP. from ./Empirical/HO/Balochi_3/chr15/
Fraction Markers in ROH: 0.2328
Called n=0 ROH Blocks > 1.0 cM
Longest Block: nan
Successfully saved to ./Empirical/HO/Balochi_3/chr15/roh.csv
Using Low-Mem Cython Linear Speed Up.
Loaded Pre Processing Model: SardHDF5
Loading Individual: Balochi_3

Loaded 1145647 variants
Loaded 4616 individuals
HDF5 loaded from ./Data/Marcus2019_1240k/mod_reich_sardinia_ancients_rev_mrg_dedup_3trm_anno.h5

Loaded 34402 variants
Loaded 2504 individuals
HDF5 loaded from ./Data/1000Genomes/HDF5/1240kHDF5/all1240/chr16.hdf5

Intersection on Positions: 34399
Nr of Matching Refs: 34254 / 34399
Full Intersection Ref/Alt Identical: 34201 / 34399
2504 / 2504 Individuals included in Reference
Extraction of 5008 Haplotypes Complete!
Markers called 18337 / 34201
Successfully saved to: ./Empirical/HO/Balochi_3/chr16/
Successfully loaded Data from: ./Empirical/HO/Balochi_3/chr16/
Loaded Emission Model: diploid_gt
Loaded Transition Model: model
Loaded Post Processing Model: Standard
Minimum Genetic Map: 0.0001
Maximum Genetic Map: 1.3402
Gaps bigger than 0.1 cM: 228
Maximum Gap: 0.9354 cM
Loaded Transition and Emission Matrix:
(3, 3)
(5009, 18337)
Loaded Observations:
(2, 18337)
Memory Usage: 1028.796416 mB
Reference Number: 5008
Total Log likelihood: -9260.757
Memory Usage: 1028.796416 mB
Finished Calculation State Posteriors
Saved Zero State Posterior to ./Empirical/HO/Balochi_3/chr16/.
Successfully loaded for PP. from ./Empirical/HO/Balochi_3/chr16/
Fraction Markers in ROH: 0.2930
Merged n=0 gaps < 0.0 M
Called n=1 ROH Blocks > 1.0 cM
Longest Block: 8.172
Successfully saved to ./Empirical/HO/Balochi_3/chr16/roh.csv
Using Low-Mem Cython Linear Speed Up.
Loaded Pre Processing Model: SardHDF5
Loading Individual: Balochi_3

Loaded 1145647 variants
Loaded 4616 individuals
HDF5 loaded from ./Data/Marcus2019_1240k/mod_reich_sardinia_ancients_rev_mrg_dedup_3trm_anno.h5

Loaded 29314 variants
Loaded 2504 individuals
HDF5 loaded from ./Data/1000Genomes/HDF5/1240kHDF5/all1240/chr17.hdf5

Intersection on Positions: 29313
Nr of Matching Refs: 29159 / 29313
Full Intersection Ref/Alt Identical: 29124 / 29313
2504 / 2504 Individuals included in Reference
Extraction of 5008 Haplotypes Complete!
Markers called 15299 / 29124
Successfully saved to: ./Empirical/HO/Balochi_3/chr17/
Successfully loaded Data from: ./Empirical/HO/Balochi_3/chr17/
Loaded Emission Model: diploid_gt
Loaded Transition Model: model
Loaded Post Processing Model: Standard
Minimum Genetic Map: -0.0003
Maximum Genetic Map: 1.2845
Gaps bigger than 0.1 cM: 226
Maximum Gap: 1.2355 cM
Loaded Transition and Emission Matrix:
(3, 3)
(5009, 15299)
Loaded Observations:
(2, 15299)
Memory Usage: 891.846656 mB
Reference Number: 5008
Total Log likelihood: -8000.177
Memory Usage: 891.846656 mB
Finished Calculation State Posteriors
Saved Zero State Posterior to ./Empirical/HO/Balochi_3/chr17/.
Successfully loaded for PP. from ./Empirical/HO/Balochi_3/chr17/
Fraction Markers in ROH: 0.2329
Called n=0 ROH Blocks > 1.0 cM
Longest Block: nan
Successfully saved to ./Empirical/HO/Balochi_3/chr17/roh.csv
Using Low-Mem Cython Linear Speed Up.
Loaded Pre Processing Model: SardHDF5
Loading Individual: Balochi_3

Loaded 1145647 variants
Loaded 4616 individuals
HDF5 loaded from ./Data/Marcus2019_1240k/mod_reich_sardinia_ancients_rev_mrg_dedup_3trm_anno.h5

Loaded 33917 variants
Loaded 2504 individuals
HDF5 loaded from ./Data/1000Genomes/HDF5/1240kHDF5/all1240/chr18.hdf5

Intersection on Positions: 33916
Nr of Matching Refs: 33774 / 33916
Full Intersection Ref/Alt Identical: 33746 / 33916
2504 / 2504 Individuals included in Reference
Extraction of 5008 Haplotypes Complete!
Markers called 17220 / 33746
Successfully saved to: ./Empirical/HO/Balochi_3/chr18/
Successfully loaded Data from: ./Empirical/HO/Balochi_3/chr18/
Loaded Emission Model: diploid_gt
Loaded Transition Model: model
Loaded Post Processing Model: Standard
Minimum Genetic Map: 0.0027
Maximum Genetic Map: 1.1771
Gaps bigger than 0.1 cM: 195
Maximum Gap: 0.8037 cM
Loaded Transition and Emission Matrix:
(3, 3)
(5009, 17220)
Loaded Observations:
(2, 17220)
Memory Usage: 978.456576 mB
Reference Number: 5008
Total Log likelihood: -8853.416
Memory Usage: 978.456576 mB
Finished Calculation State Posteriors
Saved Zero State Posterior to ./Empirical/HO/Balochi_3/chr18/.
Successfully loaded for PP. from ./Empirical/HO/Balochi_3/chr18/
Fraction Markers in ROH: 0.2458
Called n=0 ROH Blocks > 1.0 cM
Longest Block: nan
Successfully saved to ./Empirical/HO/Balochi_3/chr18/roh.csv
Using Low-Mem Cython Linear Speed Up.
Loaded Pre Processing Model: SardHDF5
Loading Individual: Balochi_3

Loaded 1145647 variants
Loaded 4616 individuals
HDF5 loaded from ./Data/Marcus2019_1240k/mod_reich_sardinia_ancients_rev_mrg_dedup_3trm_anno.h5

Loaded 18460 variants
Loaded 2504 individuals
HDF5 loaded from ./Data/1000Genomes/HDF5/1240kHDF5/all1240/chr19.hdf5

Intersection on Positions: 18459
Nr of Matching Refs: 18381 / 18459
Full Intersection Ref/Alt Identical: 18340 / 18459
2504 / 2504 Individuals included in Reference
Extraction of 5008 Haplotypes Complete!
Markers called 8740 / 18340
Successfully saved to: ./Empirical/HO/Balochi_3/chr19/
Successfully loaded Data from: ./Empirical/HO/Balochi_3/chr19/
Loaded Emission Model: diploid_gt
Loaded Transition Model: model
Loaded Post Processing Model: Standard
Minimum Genetic Map: 0.0000
Maximum Genetic Map: 1.0773
Gaps bigger than 0.1 cM: 286
Maximum Gap: 0.6354 cM
Loaded Transition and Emission Matrix:
(3, 3)
(5009, 8740)
Loaded Observations:
(2, 8740)
Memory Usage: 596.185088 mB
Reference Number: 5008
Total Log likelihood: -4561.515
Memory Usage: 596.185088 mB
Finished Calculation State Posteriors
Saved Zero State Posterior to ./Empirical/HO/Balochi_3/chr19/.
Successfully loaded for PP. from ./Empirical/HO/Balochi_3/chr19/
Fraction Markers in ROH: 0.2428
Merged n=0 gaps < 0.0 M
Called n=2 ROH Blocks > 1.0 cM
Longest Block: 4.726
Successfully saved to ./Empirical/HO/Balochi_3/chr19/roh.csv
Using Low-Mem Cython Linear Speed Up.
Loaded Pre Processing Model: SardHDF5
Loading Individual: Balochi_3

Loaded 1145647 variants
Loaded 4616 individuals
HDF5 loaded from ./Data/Marcus2019_1240k/mod_reich_sardinia_ancients_rev_mrg_dedup_3trm_anno.h5

Loaded 29078 variants
Loaded 2504 individuals
HDF5 loaded from ./Data/1000Genomes/HDF5/1240kHDF5/all1240/chr20.hdf5

Intersection on Positions: 29077
Nr of Matching Refs: 28908 / 29077
Full Intersection Ref/Alt Identical: 28864 / 29077
2504 / 2504 Individuals included in Reference
Extraction of 5008 Haplotypes Complete!
Markers called 15429 / 28864
Successfully saved to: ./Empirical/HO/Balochi_3/chr20/
Successfully loaded Data from: ./Empirical/HO/Balochi_3/chr20/
Loaded Emission Model: diploid_gt
Loaded Transition Model: model
Loaded Post Processing Model: Standard
Minimum Genetic Map: 0.0008
Maximum Genetic Map: 1.0821
Gaps bigger than 0.1 cM: 202
Maximum Gap: 0.4744 cM
Loaded Transition and Emission Matrix:
(3, 3)
(5009, 15429)
Loaded Observations:
(2, 15429)
Memory Usage: 897.724416 mB
Reference Number: 5008
Total Log likelihood: -8002.301
Memory Usage: 897.724416 mB
Finished Calculation State Posteriors
Saved Zero State Posterior to ./Empirical/HO/Balochi_3/chr20/.
Successfully loaded for PP. from ./Empirical/HO/Balochi_3/chr20/
Fraction Markers in ROH: 0.2395
Called n=0 ROH Blocks > 1.0 cM
Longest Block: nan
Successfully saved to ./Empirical/HO/Balochi_3/chr20/roh.csv
Using Low-Mem Cython Linear Speed Up.
Loaded Pre Processing Model: SardHDF5
Loading Individual: Balochi_3

Loaded 1145647 variants
Loaded 4616 individuals
HDF5 loaded from ./Data/Marcus2019_1240k/mod_reich_sardinia_ancients_rev_mrg_dedup_3trm_anno.h5

Loaded 16038 variants
Loaded 2504 individuals
HDF5 loaded from ./Data/1000Genomes/HDF5/1240kHDF5/all1240/chr21.hdf5

Intersection on Positions: 16036
Nr of Matching Refs: 15949 / 16036
Full Intersection Ref/Alt Identical: 15930 / 16036
2504 / 2504 Individuals included in Reference
Extraction of 5008 Haplotypes Complete!
Markers called 7935 / 15930
Successfully saved to: ./Empirical/HO/Balochi_3/chr21/
Successfully loaded Data from: ./Empirical/HO/Balochi_3/chr21/
Loaded Emission Model: diploid_gt
Loaded Transition Model: model
Loaded Post Processing Model: Standard
Minimum Genetic Map: 0.0145
Maximum Genetic Map: 0.6277
Gaps bigger than 0.1 cM: 119
Maximum Gap: 0.7121 cM
Loaded Transition and Emission Matrix:
(3, 3)
(5009, 7935)
Loaded Observations:
(2, 7935)
Memory Usage: 559.890432 mB
Reference Number: 5008
Total Log likelihood: -4053.759
Memory Usage: 559.890432 mB
Finished Calculation State Posteriors
Saved Zero State Posterior to ./Empirical/HO/Balochi_3/chr21/.
Successfully loaded for PP. from ./Empirical/HO/Balochi_3/chr21/
Fraction Markers in ROH: 0.2784
Called n=0 ROH Blocks > 1.0 cM
Longest Block: nan
Successfully saved to ./Empirical/HO/Balochi_3/chr21/roh.csv
Using Low-Mem Cython Linear Speed Up.
Loaded Pre Processing Model: SardHDF5
Loading Individual: Balochi_3

Loaded 1145647 variants
Loaded 4616 individuals
HDF5 loaded from ./Data/Marcus2019_1240k/mod_reich_sardinia_ancients_rev_mrg_dedup_3trm_anno.h5

Loaded 15802 variants
Loaded 2504 individuals
HDF5 loaded from ./Data/1000Genomes/HDF5/1240kHDF5/all1240/chr22.hdf5

Intersection on Positions: 15802
Nr of Matching Refs: 15704 / 15802
Full Intersection Ref/Alt Identical: 15684 / 15802
2504 / 2504 Individuals included in Reference
Extraction of 5008 Haplotypes Complete!
Markers called 7741 / 15684
Successfully saved to: ./Empirical/HO/Balochi_3/chr22/
Successfully loaded Data from: ./Empirical/HO/Balochi_3/chr22/
Loaded Emission Model: diploid_gt
Loaded Transition Model: model
Loaded Post Processing Model: Standard
Minimum Genetic Map: 0.0178
Maximum Genetic Map: 0.7408
Gaps bigger than 0.1 cM: 149
Maximum Gap: 1.7139 cM
Loaded Transition and Emission Matrix:
(3, 3)
(5009, 7741)
Loaded Observations:
(2, 7741)
Memory Usage: 551.149568 mB
Reference Number: 5008
Total Log likelihood: -3931.581
Memory Usage: 551.149568 mB
Finished Calculation State Posteriors
Saved Zero State Posterior to ./Empirical/HO/Balochi_3/chr22/.
Successfully loaded for PP. from ./Empirical/HO/Balochi_3/chr22/
Fraction Markers in ROH: 0.2471
Called n=0 ROH Blocks > 1.0 cM
Longest Block: nan
Successfully saved to ./Empirical/HO/Balochi_3/chr22/roh.csv
Run for Individual Balochi_3: Complete! Yeah!!
