Doing Individual Sindhi_11...
Using Low-Mem Cython Linear Speed Up.
Loaded Pre Processing Model: SardHDF5
Loading Individual: Sindhi_11

Loaded 1145647 variants
Loaded 4616 individuals
HDF5 loaded from ./Data/Marcus2019_1240k/mod_reich_sardinia_ancients_rev_mrg_dedup_3trm_anno.h5

Loaded 89147 variants
Loaded 2504 individuals
HDF5 loaded from ./Data/1000Genomes/HDF5/1240kHDF5/all1240/chr1.hdf5

Intersection on Positions: 89143
Nr of Matching Refs: 89143 / 89143
Full Intersection Ref/Alt Identical: 89079 / 89143
2504 / 2504 Individuals included in Reference
Extraction of 5008 Haplotypes Complete!
Markers called 47449 / 89079
Successfully saved to: ./Empirical/HO/Sindhi_11/chr1/
Successfully loaded Data from: ./Empirical/HO/Sindhi_11/chr1/
Loaded Emission Model: diploid_gt
Loaded Transition Model: model
Loaded Post Processing Model: Standard
Minimum Genetic Map: 0.0201
Maximum Genetic Map: 2.8623
Gaps bigger than 0.1 cM: 426
Maximum Gap: 3.9814 cM
Loaded Transition and Emission Matrix:
(3, 3)
(5009, 47449)
Loaded Observations:
(2, 47449)
Memory Usage: 2324.447232 mB
Reference Number: 5008
Total Log likelihood: -24246.847
Memory Usage: 2324.901888 mB
Finished Calculation State Posteriors
Saved Zero State Posterior to ./Empirical/HO/Sindhi_11/chr1/.
Successfully loaded for PP. from ./Empirical/HO/Sindhi_11/chr1/
Fraction Markers in ROH: 0.2577
Called n=0 ROH Blocks > 1.0 cM
Longest Block: nan
Successfully saved to ./Empirical/HO/Sindhi_11/chr1/roh.csv
Using Low-Mem Cython Linear Speed Up.
Loaded Pre Processing Model: SardHDF5
Loading Individual: Sindhi_11

Loaded 1145647 variants
Loaded 4616 individuals
HDF5 loaded from ./Data/Marcus2019_1240k/mod_reich_sardinia_ancients_rev_mrg_dedup_3trm_anno.h5

Loaded 94239 variants
Loaded 2504 individuals
HDF5 loaded from ./Data/1000Genomes/HDF5/1240kHDF5/all1240/chr2.hdf5

Intersection on Positions: 94237
Nr of Matching Refs: 94205 / 94237
Full Intersection Ref/Alt Identical: 94137 / 94237
2504 / 2504 Individuals included in Reference
Extraction of 5008 Haplotypes Complete!
Markers called 48984 / 94137
Successfully saved to: ./Empirical/HO/Sindhi_11/chr2/
Successfully loaded Data from: ./Empirical/HO/Sindhi_11/chr2/
Loaded Emission Model: diploid_gt
Loaded Transition Model: model
Loaded Post Processing Model: Standard
Minimum Genetic Map: 0.0001
Maximum Genetic Map: 2.6883
Gaps bigger than 0.1 cM: 397
Maximum Gap: 2.0159 cM
Loaded Transition and Emission Matrix:
(3, 3)
(5009, 48984)
Loaded Observations:
(2, 48984)
Memory Usage: 2396.012544 mB
Reference Number: 5008
Total Log likelihood: -24864.060
Memory Usage: 2396.012544 mB
Finished Calculation State Posteriors
Saved Zero State Posterior to ./Empirical/HO/Sindhi_11/chr2/.
Successfully loaded for PP. from ./Empirical/HO/Sindhi_11/chr2/
Fraction Markers in ROH: 0.2661
Merged n=0 gaps < 0.0 M
Called n=1 ROH Blocks > 1.0 cM
Longest Block: 1.474
Successfully saved to ./Empirical/HO/Sindhi_11/chr2/roh.csv
Using Low-Mem Cython Linear Speed Up.
Loaded Pre Processing Model: SardHDF5
Loading Individual: Sindhi_11

Loaded 1145647 variants
Loaded 4616 individuals
HDF5 loaded from ./Data/Marcus2019_1240k/mod_reich_sardinia_ancients_rev_mrg_dedup_3trm_anno.h5

Loaded 77652 variants
Loaded 2504 individuals
HDF5 loaded from ./Data/1000Genomes/HDF5/1240kHDF5/all1240/chr3.hdf5

Intersection on Positions: 77650
Nr of Matching Refs: 77606 / 77650
Full Intersection Ref/Alt Identical: 77553 / 77650
2504 / 2504 Individuals included in Reference
Extraction of 5008 Haplotypes Complete!
Markers called 40657 / 77553
Successfully saved to: ./Empirical/HO/Sindhi_11/chr3/
Successfully loaded Data from: ./Empirical/HO/Sindhi_11/chr3/
Loaded Emission Model: diploid_gt
Loaded Transition Model: model
Loaded Post Processing Model: Standard
Minimum Genetic Map: 0.0002
Maximum Genetic Map: 2.2326
Gaps bigger than 0.1 cM: 341
Maximum Gap: 0.4179 cM
Loaded Transition and Emission Matrix:
(3, 3)
(5009, 40657)
Loaded Observations:
(2, 40657)
Memory Usage: 2034.950144 mB
Reference Number: 5008
Total Log likelihood: -21017.283
Memory Usage: 2034.950144 mB
Finished Calculation State Posteriors
Saved Zero State Posterior to ./Empirical/HO/Sindhi_11/chr3/.
Successfully loaded for PP. from ./Empirical/HO/Sindhi_11/chr3/
Fraction Markers in ROH: 0.2627
Called n=0 ROH Blocks > 1.0 cM
Longest Block: nan
Successfully saved to ./Empirical/HO/Sindhi_11/chr3/roh.csv
Using Low-Mem Cython Linear Speed Up.
Loaded Pre Processing Model: SardHDF5
Loading Individual: Sindhi_11

Loaded 1145647 variants
Loaded 4616 individuals
HDF5 loaded from ./Data/Marcus2019_1240k/mod_reich_sardinia_ancients_rev_mrg_dedup_3trm_anno.h5

Loaded 68759 variants
Loaded 2504 individuals
HDF5 loaded from ./Data/1000Genomes/HDF5/1240kHDF5/all1240/chr4.hdf5

Intersection on Positions: 68759
Nr of Matching Refs: 68709 / 68759
Full Intersection Ref/Alt Identical: 68663 / 68759
2504 / 2504 Individuals included in Reference
Extraction of 5008 Haplotypes Complete!
Markers called 34104 / 68663
Successfully saved to: ./Empirical/HO/Sindhi_11/chr4/
Successfully loaded Data from: ./Empirical/HO/Sindhi_11/chr4/
Loaded Emission Model: diploid_gt
Loaded Transition Model: model
Loaded Post Processing Model: Standard
Minimum Genetic Map: 0.0034
Maximum Genetic Map: 2.1454
Gaps bigger than 0.1 cM: 332
Maximum Gap: 2.1375 cM
Loaded Transition and Emission Matrix:
(3, 3)
(5009, 34104)
Loaded Observations:
(2, 34104)
Memory Usage: 1739.505664 mB
Reference Number: 5008
Total Log likelihood: -17866.680
Memory Usage: 1739.505664 mB
Finished Calculation State Posteriors
Saved Zero State Posterior to ./Empirical/HO/Sindhi_11/chr4/.
Successfully loaded for PP. from ./Empirical/HO/Sindhi_11/chr4/
Fraction Markers in ROH: 0.2402
Merged n=0 gaps < 0.0 M
Called n=1 ROH Blocks > 1.0 cM
Longest Block: 1.778
Successfully saved to ./Empirical/HO/Sindhi_11/chr4/roh.csv
Using Low-Mem Cython Linear Speed Up.
Loaded Pre Processing Model: SardHDF5
Loading Individual: Sindhi_11

Loaded 1145647 variants
Loaded 4616 individuals
HDF5 loaded from ./Data/Marcus2019_1240k/mod_reich_sardinia_ancients_rev_mrg_dedup_3trm_anno.h5

Loaded 69399 variants
Loaded 2504 individuals
HDF5 loaded from ./Data/1000Genomes/HDF5/1240kHDF5/all1240/chr5.hdf5

Intersection on Positions: 69394
Nr of Matching Refs: 69307 / 69394
Full Intersection Ref/Alt Identical: 69252 / 69394
2504 / 2504 Individuals included in Reference
Extraction of 5008 Haplotypes Complete!
Markers called 34207 / 69252
Successfully saved to: ./Empirical/HO/Sindhi_11/chr5/
Successfully loaded Data from: ./Empirical/HO/Sindhi_11/chr5/
Loaded Emission Model: diploid_gt
Loaded Transition Model: model
Loaded Post Processing Model: Standard
Minimum Genetic Map: 0.0004
Maximum Genetic Map: 2.0409
Gaps bigger than 0.1 cM: 342
Maximum Gap: 1.0498 cM
Loaded Transition and Emission Matrix:
(3, 3)
(5009, 34207)
Loaded Observations:
(2, 34207)
Memory Usage: 1744.183296 mB
Reference Number: 5008
Total Log likelihood: -17613.528
Memory Usage: 1744.183296 mB
Finished Calculation State Posteriors
Saved Zero State Posterior to ./Empirical/HO/Sindhi_11/chr5/.
Successfully loaded for PP. from ./Empirical/HO/Sindhi_11/chr5/
Fraction Markers in ROH: 0.2513
Merged n=0 gaps < 0.0 M
Called n=1 ROH Blocks > 1.0 cM
Longest Block: 1.686
Successfully saved to ./Empirical/HO/Sindhi_11/chr5/roh.csv
Using Low-Mem Cython Linear Speed Up.
Loaded Pre Processing Model: SardHDF5
Loading Individual: Sindhi_11

Loaded 1145647 variants
Loaded 4616 individuals
HDF5 loaded from ./Data/Marcus2019_1240k/mod_reich_sardinia_ancients_rev_mrg_dedup_3trm_anno.h5

Loaded 75870 variants
Loaded 2504 individuals
HDF5 loaded from ./Data/1000Genomes/HDF5/1240kHDF5/all1240/chr6.hdf5

Intersection on Positions: 75866
Nr of Matching Refs: 75743 / 75866
Full Intersection Ref/Alt Identical: 75675 / 75866
2504 / 2504 Individuals included in Reference
Extraction of 5008 Haplotypes Complete!
Markers called 34034 / 75675
Successfully saved to: ./Empirical/HO/Sindhi_11/chr6/
Successfully loaded Data from: ./Empirical/HO/Sindhi_11/chr6/
Loaded Emission Model: diploid_gt
Loaded Transition Model: model
Loaded Post Processing Model: Standard
Minimum Genetic Map: 0.0035
Maximum Genetic Map: 1.9203
Gaps bigger than 0.1 cM: 287
Maximum Gap: 0.5072 cM
Loaded Transition and Emission Matrix:
(3, 3)
(5009, 34034)
Loaded Observations:
(2, 34034)
Memory Usage: 1736.400896 mB
Reference Number: 5008
Total Log likelihood: -18116.470
Memory Usage: 1736.400896 mB
Finished Calculation State Posteriors
Saved Zero State Posterior to ./Empirical/HO/Sindhi_11/chr6/.
Successfully loaded for PP. from ./Empirical/HO/Sindhi_11/chr6/
Fraction Markers in ROH: 0.2179
Merged n=0 gaps < 0.0 M
Called n=1 ROH Blocks > 1.0 cM
Longest Block: 1.077
Successfully saved to ./Empirical/HO/Sindhi_11/chr6/roh.csv
Using Low-Mem Cython Linear Speed Up.
Loaded Pre Processing Model: SardHDF5
Loading Individual: Sindhi_11

Loaded 1145647 variants
Loaded 4616 individuals
HDF5 loaded from ./Data/Marcus2019_1240k/mod_reich_sardinia_ancients_rev_mrg_dedup_3trm_anno.h5

Loaded 59890 variants
Loaded 2504 individuals
HDF5 loaded from ./Data/1000Genomes/HDF5/1240kHDF5/all1240/chr7.hdf5

Intersection on Positions: 59889
Nr of Matching Refs: 59781 / 59889
Full Intersection Ref/Alt Identical: 59715 / 59889
2504 / 2504 Individuals included in Reference
Extraction of 5008 Haplotypes Complete!
Markers called 28726 / 59715
Successfully saved to: ./Empirical/HO/Sindhi_11/chr7/
Successfully loaded Data from: ./Empirical/HO/Sindhi_11/chr7/
Loaded Emission Model: diploid_gt
Loaded Transition Model: model
Loaded Post Processing Model: Standard
Minimum Genetic Map: 0.0000
Maximum Genetic Map: 1.8715
Gaps bigger than 0.1 cM: 327
Maximum Gap: 1.0884 cM
Loaded Transition and Emission Matrix:
(3, 3)
(5009, 28726)
Loaded Observations:
(2, 28726)
Memory Usage: 1497.12896 mB
Reference Number: 5008
Total Log likelihood: -14950.337
Memory Usage: 1497.12896 mB
Finished Calculation State Posteriors
Saved Zero State Posterior to ./Empirical/HO/Sindhi_11/chr7/.
Successfully loaded for PP. from ./Empirical/HO/Sindhi_11/chr7/
Fraction Markers in ROH: 0.2496
Called n=0 ROH Blocks > 1.0 cM
Longest Block: nan
Successfully saved to ./Empirical/HO/Sindhi_11/chr7/roh.csv
Using Low-Mem Cython Linear Speed Up.
Loaded Pre Processing Model: SardHDF5
Loading Individual: Sindhi_11

Loaded 1145647 variants
Loaded 4616 individuals
HDF5 loaded from ./Data/Marcus2019_1240k/mod_reich_sardinia_ancients_rev_mrg_dedup_3trm_anno.h5

Loaded 61133 variants
Loaded 2504 individuals
HDF5 loaded from ./Data/1000Genomes/HDF5/1240kHDF5/all1240/chr8.hdf5

Intersection on Positions: 61130
Nr of Matching Refs: 61022 / 61130
Full Intersection Ref/Alt Identical: 60960 / 61130
2504 / 2504 Individuals included in Reference
Extraction of 5008 Haplotypes Complete!
Markers called 28470 / 60960
Successfully saved to: ./Empirical/HO/Sindhi_11/chr8/
Successfully loaded Data from: ./Empirical/HO/Sindhi_11/chr8/
Loaded Emission Model: diploid_gt
Loaded Transition Model: model
Loaded Post Processing Model: Standard
Minimum Genetic Map: 0.0001
Maximum Genetic Map: 1.6800
Gaps bigger than 0.1 cM: 252
Maximum Gap: 3.5052 cM
Loaded Transition and Emission Matrix:
(3, 3)
(5009, 28470)
Loaded Observations:
(2, 28470)
Memory Usage: 1485.586432 mB
Reference Number: 5008
Total Log likelihood: -14222.962
Memory Usage: 1485.586432 mB
Finished Calculation State Posteriors
Saved Zero State Posterior to ./Empirical/HO/Sindhi_11/chr8/.
Successfully loaded for PP. from ./Empirical/HO/Sindhi_11/chr8/
Fraction Markers in ROH: 0.2820
Merged n=0 gaps < 0.0 M
Called n=1 ROH Blocks > 1.0 cM
Longest Block: 1.568
Successfully saved to ./Empirical/HO/Sindhi_11/chr8/roh.csv
Using Low-Mem Cython Linear Speed Up.
Loaded Pre Processing Model: SardHDF5
Loading Individual: Sindhi_11

Loaded 1145647 variants
Loaded 4616 individuals
HDF5 loaded from ./Data/Marcus2019_1240k/mod_reich_sardinia_ancients_rev_mrg_dedup_3trm_anno.h5

Loaded 50668 variants
Loaded 2504 individuals
HDF5 loaded from ./Data/1000Genomes/HDF5/1240kHDF5/all1240/chr9.hdf5

Intersection on Positions: 50668
Nr of Matching Refs: 50539 / 50668
Full Intersection Ref/Alt Identical: 50493 / 50668
2504 / 2504 Individuals included in Reference
Extraction of 5008 Haplotypes Complete!
Markers called 23677 / 50493
Successfully saved to: ./Empirical/HO/Sindhi_11/chr9/
Successfully loaded Data from: ./Empirical/HO/Sindhi_11/chr9/
Loaded Emission Model: diploid_gt
Loaded Transition Model: model
Loaded Post Processing Model: Standard
Minimum Genetic Map: 0.0016
Maximum Genetic Map: 1.6630
Gaps bigger than 0.1 cM: 300
Maximum Gap: 2.3454 cM
Loaded Transition and Emission Matrix:
(3, 3)
(5009, 23677)
Loaded Observations:
(2, 23677)
Memory Usage: 1269.51424 mB
Reference Number: 5008
Total Log likelihood: -12098.399
Memory Usage: 1269.51424 mB
Finished Calculation State Posteriors
Saved Zero State Posterior to ./Empirical/HO/Sindhi_11/chr9/.
Successfully loaded for PP. from ./Empirical/HO/Sindhi_11/chr9/
Fraction Markers in ROH: 0.2522
Called n=0 ROH Blocks > 1.0 cM
Longest Block: nan
Successfully saved to ./Empirical/HO/Sindhi_11/chr9/roh.csv
Using Low-Mem Cython Linear Speed Up.
Loaded Pre Processing Model: SardHDF5
Loading Individual: Sindhi_11

Loaded 1145647 variants
Loaded 4616 individuals
HDF5 loaded from ./Data/Marcus2019_1240k/mod_reich_sardinia_ancients_rev_mrg_dedup_3trm_anno.h5

Loaded 58804 variants
Loaded 2504 individuals
HDF5 loaded from ./Data/1000Genomes/HDF5/1240kHDF5/all1240/chr10.hdf5

Intersection on Positions: 58803
Nr of Matching Refs: 58657 / 58803
Full Intersection Ref/Alt Identical: 58591 / 58803
2504 / 2504 Individuals included in Reference
Extraction of 5008 Haplotypes Complete!
Markers called 30519 / 58591
Successfully saved to: ./Empirical/HO/Sindhi_11/chr10/
Successfully loaded Data from: ./Empirical/HO/Sindhi_11/chr10/
Loaded Emission Model: diploid_gt
Loaded Transition Model: model
Loaded Post Processing Model: Standard
Minimum Genetic Map: 0.0001
Maximum Genetic Map: 1.8089
Gaps bigger than 0.1 cM: 263
Maximum Gap: 2.0338 cM
Loaded Transition and Emission Matrix:
(3, 3)
(5009, 30519)
Loaded Observations:
(2, 30519)
Memory Usage: 1577.955328 mB
Reference Number: 5008
Total Log likelihood: -15774.235
Memory Usage: 1577.955328 mB
Finished Calculation State Posteriors
Saved Zero State Posterior to ./Empirical/HO/Sindhi_11/chr10/.
Successfully loaded for PP. from ./Empirical/HO/Sindhi_11/chr10/
Fraction Markers in ROH: 0.2579
Merged n=0 gaps < 0.0 M
Called n=1 ROH Blocks > 1.0 cM
Longest Block: 1.046
Successfully saved to ./Empirical/HO/Sindhi_11/chr10/roh.csv
Using Low-Mem Cython Linear Speed Up.
Loaded Pre Processing Model: SardHDF5
Loading Individual: Sindhi_11

Loaded 1145647 variants
Loaded 4616 individuals
HDF5 loaded from ./Data/Marcus2019_1240k/mod_reich_sardinia_ancients_rev_mrg_dedup_3trm_anno.h5

Loaded 54833 variants
Loaded 2504 individuals
HDF5 loaded from ./Data/1000Genomes/HDF5/1240kHDF5/all1240/chr11.hdf5

Intersection on Positions: 54831
Nr of Matching Refs: 54669 / 54831
Full Intersection Ref/Alt Identical: 54616 / 54831
2504 / 2504 Individuals included in Reference
Extraction of 5008 Haplotypes Complete!
Markers called 28100 / 54616
Successfully saved to: ./Empirical/HO/Sindhi_11/chr11/
Successfully loaded Data from: ./Empirical/HO/Sindhi_11/chr11/
Loaded Emission Model: diploid_gt
Loaded Transition Model: model
Loaded Post Processing Model: Standard
Minimum Genetic Map: 0.0000
Maximum Genetic Map: 1.5822
Gaps bigger than 0.1 cM: 247
Maximum Gap: 0.5683 cM
Loaded Transition and Emission Matrix:
(3, 3)
(5009, 28100)
Loaded Observations:
(2, 28100)
Memory Usage: 1468.90752 mB
Reference Number: 5008
Total Log likelihood: -14348.748
Memory Usage: 1468.90752 mB
Finished Calculation State Posteriors
Saved Zero State Posterior to ./Empirical/HO/Sindhi_11/chr11/.
Successfully loaded for PP. from ./Empirical/HO/Sindhi_11/chr11/
Fraction Markers in ROH: 0.2639
Called n=0 ROH Blocks > 1.0 cM
Longest Block: nan
Successfully saved to ./Empirical/HO/Sindhi_11/chr11/roh.csv
Using Low-Mem Cython Linear Speed Up.
Loaded Pre Processing Model: SardHDF5
Loading Individual: Sindhi_11

Loaded 1145647 variants
Loaded 4616 individuals
HDF5 loaded from ./Data/Marcus2019_1240k/mod_reich_sardinia_ancients_rev_mrg_dedup_3trm_anno.h5

Loaded 53911 variants
Loaded 2504 individuals
HDF5 loaded from ./Data/1000Genomes/HDF5/1240kHDF5/all1240/chr12.hdf5

Intersection on Positions: 53911
Nr of Matching Refs: 53713 / 53911
Full Intersection Ref/Alt Identical: 53672 / 53911
2504 / 2504 Individuals included in Reference
Extraction of 5008 Haplotypes Complete!
Markers called 27312 / 53672
Successfully saved to: ./Empirical/HO/Sindhi_11/chr12/
Successfully loaded Data from: ./Empirical/HO/Sindhi_11/chr12/
Loaded Emission Model: diploid_gt
Loaded Transition Model: model
Loaded Post Processing Model: Standard
Minimum Genetic Map: 0.0009
Maximum Genetic Map: 1.7468
Gaps bigger than 0.1 cM: 286
Maximum Gap: 0.8015 cM
Loaded Transition and Emission Matrix:
(3, 3)
(5009, 27312)
Loaded Observations:
(2, 27312)
Memory Usage: 1433.391104 mB
Reference Number: 5008
Total Log likelihood: -14378.628
Memory Usage: 1433.391104 mB
Finished Calculation State Posteriors
Saved Zero State Posterior to ./Empirical/HO/Sindhi_11/chr12/.
Successfully loaded for PP. from ./Empirical/HO/Sindhi_11/chr12/
Fraction Markers in ROH: 0.2573
Called n=0 ROH Blocks > 1.0 cM
Longest Block: nan
Successfully saved to ./Empirical/HO/Sindhi_11/chr12/roh.csv
Using Low-Mem Cython Linear Speed Up.
Loaded Pre Processing Model: SardHDF5
Loading Individual: Sindhi_11

Loaded 1145647 variants
Loaded 4616 individuals
HDF5 loaded from ./Data/Marcus2019_1240k/mod_reich_sardinia_ancients_rev_mrg_dedup_3trm_anno.h5

Loaded 39018 variants
Loaded 2504 individuals
HDF5 loaded from ./Data/1000Genomes/HDF5/1240kHDF5/all1240/chr13.hdf5

Intersection on Positions: 39015
Nr of Matching Refs: 38885 / 39015
Full Intersection Ref/Alt Identical: 38841 / 39015
2504 / 2504 Individuals included in Reference
Extraction of 5008 Haplotypes Complete!
Markers called 17875 / 38841
Successfully saved to: ./Empirical/HO/Sindhi_11/chr13/
Successfully loaded Data from: ./Empirical/HO/Sindhi_11/chr13/
Loaded Emission Model: diploid_gt
Loaded Transition Model: model
Loaded Post Processing Model: Standard
Minimum Genetic Map: 0.0028
Maximum Genetic Map: 1.2570
Gaps bigger than 0.1 cM: 229
Maximum Gap: 1.2234 cM
Loaded Transition and Emission Matrix:
(3, 3)
(5009, 17875)
Loaded Observations:
(2, 17875)
Memory Usage: 1007.968256 mB
Reference Number: 5008
Total Log likelihood: -9913.119
Memory Usage: 1007.968256 mB
Finished Calculation State Posteriors
Saved Zero State Posterior to ./Empirical/HO/Sindhi_11/chr13/.
Successfully loaded for PP. from ./Empirical/HO/Sindhi_11/chr13/
Fraction Markers in ROH: 0.1819
Called n=0 ROH Blocks > 1.0 cM
Longest Block: nan
Successfully saved to ./Empirical/HO/Sindhi_11/chr13/roh.csv
Using Low-Mem Cython Linear Speed Up.
Loaded Pre Processing Model: SardHDF5
Loading Individual: Sindhi_11

Loaded 1145647 variants
Loaded 4616 individuals
HDF5 loaded from ./Data/Marcus2019_1240k/mod_reich_sardinia_ancients_rev_mrg_dedup_3trm_anno.h5

Loaded 36301 variants
Loaded 2504 individuals
HDF5 loaded from ./Data/1000Genomes/HDF5/1240kHDF5/all1240/chr14.hdf5

Intersection on Positions: 36301
Nr of Matching Refs: 36166 / 36301
Full Intersection Ref/Alt Identical: 36126 / 36301
2504 / 2504 Individuals included in Reference
Extraction of 5008 Haplotypes Complete!
Markers called 18701 / 36126
Successfully saved to: ./Empirical/HO/Sindhi_11/chr14/
Successfully loaded Data from: ./Empirical/HO/Sindhi_11/chr14/
Loaded Emission Model: diploid_gt
Loaded Transition Model: model
Loaded Post Processing Model: Standard
Minimum Genetic Map: 0.0184
Maximum Genetic Map: 1.2020
Gaps bigger than 0.1 cM: 191
Maximum Gap: 3.5856 cM
Loaded Transition and Emission Matrix:
(3, 3)
(5009, 18701)
Loaded Observations:
(2, 18701)
Memory Usage: 1045.209088 mB
Reference Number: 5008
Total Log likelihood: -9636.661
Memory Usage: 1045.209088 mB
Finished Calculation State Posteriors
Saved Zero State Posterior to ./Empirical/HO/Sindhi_11/chr14/.
Successfully loaded for PP. from ./Empirical/HO/Sindhi_11/chr14/
Fraction Markers in ROH: 0.2676
Called n=0 ROH Blocks > 1.0 cM
Longest Block: nan
Successfully saved to ./Empirical/HO/Sindhi_11/chr14/roh.csv
Using Low-Mem Cython Linear Speed Up.
Loaded Pre Processing Model: SardHDF5
Loading Individual: Sindhi_11

Loaded 1145647 variants
Loaded 4616 individuals
HDF5 loaded from ./Data/Marcus2019_1240k/mod_reich_sardinia_ancients_rev_mrg_dedup_3trm_anno.h5

Loaded 34429 variants
Loaded 2504 individuals
HDF5 loaded from ./Data/1000Genomes/HDF5/1240kHDF5/all1240/chr15.hdf5

Intersection on Positions: 34425
Nr of Matching Refs: 34285 / 34425
Full Intersection Ref/Alt Identical: 34249 / 34425
2504 / 2504 Individuals included in Reference
Extraction of 5008 Haplotypes Complete!
Markers called 18073 / 34249
Successfully saved to: ./Empirical/HO/Sindhi_11/chr15/
Successfully loaded Data from: ./Empirical/HO/Sindhi_11/chr15/
Loaded Emission Model: diploid_gt
Loaded Transition Model: model
Loaded Post Processing Model: Standard
Minimum Genetic Map: 0.0002
Maximum Genetic Map: 1.4133
Gaps bigger than 0.1 cM: 202
Maximum Gap: 13.7876 cM
Loaded Transition and Emission Matrix:
(3, 3)
(5009, 18073)
Loaded Observations:
(2, 18073)
Memory Usage: 1016.901632 mB
Reference Number: 5008
Total Log likelihood: -9245.403
Memory Usage: 1016.901632 mB
Finished Calculation State Posteriors
Saved Zero State Posterior to ./Empirical/HO/Sindhi_11/chr15/.
Successfully loaded for PP. from ./Empirical/HO/Sindhi_11/chr15/
Fraction Markers in ROH: 0.2849
Called n=0 ROH Blocks > 1.0 cM
Longest Block: nan
Successfully saved to ./Empirical/HO/Sindhi_11/chr15/roh.csv
Using Low-Mem Cython Linear Speed Up.
Loaded Pre Processing Model: SardHDF5
Loading Individual: Sindhi_11

Loaded 1145647 variants
Loaded 4616 individuals
HDF5 loaded from ./Data/Marcus2019_1240k/mod_reich_sardinia_ancients_rev_mrg_dedup_3trm_anno.h5

Loaded 34402 variants
Loaded 2504 individuals
HDF5 loaded from ./Data/1000Genomes/HDF5/1240kHDF5/all1240/chr16.hdf5

Intersection on Positions: 34399
Nr of Matching Refs: 34254 / 34399
Full Intersection Ref/Alt Identical: 34201 / 34399
2504 / 2504 Individuals included in Reference
Extraction of 5008 Haplotypes Complete!
Markers called 18257 / 34201
Successfully saved to: ./Empirical/HO/Sindhi_11/chr16/
Successfully loaded Data from: ./Empirical/HO/Sindhi_11/chr16/
Loaded Emission Model: diploid_gt
Loaded Transition Model: model
Loaded Post Processing Model: Standard
Minimum Genetic Map: 0.0001
Maximum Genetic Map: 1.3402
Gaps bigger than 0.1 cM: 228
Maximum Gap: 0.9354 cM
Loaded Transition and Emission Matrix:
(3, 3)
(5009, 18257)
Loaded Observations:
(2, 18257)
Memory Usage: 1025.196032 mB
Reference Number: 5008
Total Log likelihood: -9408.681
Memory Usage: 1025.196032 mB
Finished Calculation State Posteriors
Saved Zero State Posterior to ./Empirical/HO/Sindhi_11/chr16/.
Successfully loaded for PP. from ./Empirical/HO/Sindhi_11/chr16/
Fraction Markers in ROH: 0.2487
Called n=0 ROH Blocks > 1.0 cM
Longest Block: nan
Successfully saved to ./Empirical/HO/Sindhi_11/chr16/roh.csv
Using Low-Mem Cython Linear Speed Up.
Loaded Pre Processing Model: SardHDF5
Loading Individual: Sindhi_11

Loaded 1145647 variants
Loaded 4616 individuals
HDF5 loaded from ./Data/Marcus2019_1240k/mod_reich_sardinia_ancients_rev_mrg_dedup_3trm_anno.h5

Loaded 29314 variants
Loaded 2504 individuals
HDF5 loaded from ./Data/1000Genomes/HDF5/1240kHDF5/all1240/chr17.hdf5

Intersection on Positions: 29313
Nr of Matching Refs: 29159 / 29313
Full Intersection Ref/Alt Identical: 29124 / 29313
2504 / 2504 Individuals included in Reference
Extraction of 5008 Haplotypes Complete!
Markers called 15268 / 29124
Successfully saved to: ./Empirical/HO/Sindhi_11/chr17/
Successfully loaded Data from: ./Empirical/HO/Sindhi_11/chr17/
Loaded Emission Model: diploid_gt
Loaded Transition Model: model
Loaded Post Processing Model: Standard
Minimum Genetic Map: -0.0003
Maximum Genetic Map: 1.2845
Gaps bigger than 0.1 cM: 225
Maximum Gap: 1.2355 cM
Loaded Transition and Emission Matrix:
(3, 3)
(5009, 15268)
Loaded Observations:
(2, 15268)
Memory Usage: 890.44992 mB
Reference Number: 5008
Total Log likelihood: -7941.719
Memory Usage: 890.44992 mB
Finished Calculation State Posteriors
Saved Zero State Posterior to ./Empirical/HO/Sindhi_11/chr17/.
Successfully loaded for PP. from ./Empirical/HO/Sindhi_11/chr17/
Fraction Markers in ROH: 0.2254
Merged n=0 gaps < 0.0 M
Called n=1 ROH Blocks > 1.0 cM
Longest Block: 1.090
Successfully saved to ./Empirical/HO/Sindhi_11/chr17/roh.csv
Using Low-Mem Cython Linear Speed Up.
Loaded Pre Processing Model: SardHDF5
Loading Individual: Sindhi_11

Loaded 1145647 variants
Loaded 4616 individuals
HDF5 loaded from ./Data/Marcus2019_1240k/mod_reich_sardinia_ancients_rev_mrg_dedup_3trm_anno.h5

Loaded 33917 variants
Loaded 2504 individuals
HDF5 loaded from ./Data/1000Genomes/HDF5/1240kHDF5/all1240/chr18.hdf5

Intersection on Positions: 33916
Nr of Matching Refs: 33774 / 33916
Full Intersection Ref/Alt Identical: 33746 / 33916
2504 / 2504 Individuals included in Reference
Extraction of 5008 Haplotypes Complete!
Markers called 17180 / 33746
Successfully saved to: ./Empirical/HO/Sindhi_11/chr18/
Successfully loaded Data from: ./Empirical/HO/Sindhi_11/chr18/
Loaded Emission Model: diploid_gt
Loaded Transition Model: model
Loaded Post Processing Model: Standard
Minimum Genetic Map: 0.0027
Maximum Genetic Map: 1.1771
Gaps bigger than 0.1 cM: 194
Maximum Gap: 0.8037 cM
Loaded Transition and Emission Matrix:
(3, 3)
(5009, 17180)
Loaded Observations:
(2, 17180)
Memory Usage: 976.658432 mB
Reference Number: 5008
Total Log likelihood: -8932.518
Memory Usage: 976.658432 mB
Finished Calculation State Posteriors
Saved Zero State Posterior to ./Empirical/HO/Sindhi_11/chr18/.
Successfully loaded for PP. from ./Empirical/HO/Sindhi_11/chr18/
Fraction Markers in ROH: 0.2671
Called n=0 ROH Blocks > 1.0 cM
Longest Block: nan
Successfully saved to ./Empirical/HO/Sindhi_11/chr18/roh.csv
Using Low-Mem Cython Linear Speed Up.
Loaded Pre Processing Model: SardHDF5
Loading Individual: Sindhi_11

Loaded 1145647 variants
Loaded 4616 individuals
HDF5 loaded from ./Data/Marcus2019_1240k/mod_reich_sardinia_ancients_rev_mrg_dedup_3trm_anno.h5

Loaded 18460 variants
Loaded 2504 individuals
HDF5 loaded from ./Data/1000Genomes/HDF5/1240kHDF5/all1240/chr19.hdf5

Intersection on Positions: 18459
Nr of Matching Refs: 18381 / 18459
Full Intersection Ref/Alt Identical: 18340 / 18459
2504 / 2504 Individuals included in Reference
Extraction of 5008 Haplotypes Complete!
Markers called 8721 / 18340
Successfully saved to: ./Empirical/HO/Sindhi_11/chr19/
Successfully loaded Data from: ./Empirical/HO/Sindhi_11/chr19/
Loaded Emission Model: diploid_gt
Loaded Transition Model: model
Loaded Post Processing Model: Standard
Minimum Genetic Map: 0.0000
Maximum Genetic Map: 1.0773
Gaps bigger than 0.1 cM: 285
Maximum Gap: 0.6354 cM
Loaded Transition and Emission Matrix:
(3, 3)
(5009, 8721)
Loaded Observations:
(2, 8721)
Memory Usage: 595.324928 mB
Reference Number: 5008
Total Log likelihood: -4824.685
Memory Usage: 595.324928 mB
Finished Calculation State Posteriors
Saved Zero State Posterior to ./Empirical/HO/Sindhi_11/chr19/.
Successfully loaded for PP. from ./Empirical/HO/Sindhi_11/chr19/
Fraction Markers in ROH: 0.2149
Called n=0 ROH Blocks > 1.0 cM
Longest Block: nan
Successfully saved to ./Empirical/HO/Sindhi_11/chr19/roh.csv
Using Low-Mem Cython Linear Speed Up.
Loaded Pre Processing Model: SardHDF5
Loading Individual: Sindhi_11

Loaded 1145647 variants
Loaded 4616 individuals
HDF5 loaded from ./Data/Marcus2019_1240k/mod_reich_sardinia_ancients_rev_mrg_dedup_3trm_anno.h5

Loaded 29078 variants
Loaded 2504 individuals
HDF5 loaded from ./Data/1000Genomes/HDF5/1240kHDF5/all1240/chr20.hdf5

Intersection on Positions: 29077
Nr of Matching Refs: 28908 / 29077
Full Intersection Ref/Alt Identical: 28864 / 29077
2504 / 2504 Individuals included in Reference
Extraction of 5008 Haplotypes Complete!
Markers called 15397 / 28864
Successfully saved to: ./Empirical/HO/Sindhi_11/chr20/
Successfully loaded Data from: ./Empirical/HO/Sindhi_11/chr20/
Loaded Emission Model: diploid_gt
Loaded Transition Model: model
Loaded Post Processing Model: Standard
Minimum Genetic Map: 0.0008
Maximum Genetic Map: 1.0821
Gaps bigger than 0.1 cM: 203
Maximum Gap: 0.4744 cM
Loaded Transition and Emission Matrix:
(3, 3)
(5009, 15397)
Loaded Observations:
(2, 15397)
Memory Usage: 896.282624 mB
Reference Number: 5008
Total Log likelihood: -7862.197
Memory Usage: 896.282624 mB
Finished Calculation State Posteriors
Saved Zero State Posterior to ./Empirical/HO/Sindhi_11/chr20/.
Successfully loaded for PP. from ./Empirical/HO/Sindhi_11/chr20/
Fraction Markers in ROH: 0.2617
Called n=0 ROH Blocks > 1.0 cM
Longest Block: nan
Successfully saved to ./Empirical/HO/Sindhi_11/chr20/roh.csv
Using Low-Mem Cython Linear Speed Up.
Loaded Pre Processing Model: SardHDF5
Loading Individual: Sindhi_11

Loaded 1145647 variants
Loaded 4616 individuals
HDF5 loaded from ./Data/Marcus2019_1240k/mod_reich_sardinia_ancients_rev_mrg_dedup_3trm_anno.h5

Loaded 16038 variants
Loaded 2504 individuals
HDF5 loaded from ./Data/1000Genomes/HDF5/1240kHDF5/all1240/chr21.hdf5

Intersection on Positions: 16036
Nr of Matching Refs: 15949 / 16036
Full Intersection Ref/Alt Identical: 15930 / 16036
2504 / 2504 Individuals included in Reference
Extraction of 5008 Haplotypes Complete!
Markers called 7928 / 15930
Successfully saved to: ./Empirical/HO/Sindhi_11/chr21/
Successfully loaded Data from: ./Empirical/HO/Sindhi_11/chr21/
Loaded Emission Model: diploid_gt
Loaded Transition Model: model
Loaded Post Processing Model: Standard
Minimum Genetic Map: 0.0145
Maximum Genetic Map: 0.6277
Gaps bigger than 0.1 cM: 119
Maximum Gap: 0.7121 cM
Loaded Transition and Emission Matrix:
(3, 3)
(5009, 7928)
Loaded Observations:
(2, 7928)
Memory Usage: 559.583232 mB
Reference Number: 5008
Total Log likelihood: -4053.869
Memory Usage: 559.583232 mB
Finished Calculation State Posteriors
Saved Zero State Posterior to ./Empirical/HO/Sindhi_11/chr21/.
Successfully loaded for PP. from ./Empirical/HO/Sindhi_11/chr21/
Fraction Markers in ROH: 0.2491
Called n=0 ROH Blocks > 1.0 cM
Longest Block: nan
Successfully saved to ./Empirical/HO/Sindhi_11/chr21/roh.csv
Using Low-Mem Cython Linear Speed Up.
Loaded Pre Processing Model: SardHDF5
Loading Individual: Sindhi_11

Loaded 1145647 variants
Loaded 4616 individuals
HDF5 loaded from ./Data/Marcus2019_1240k/mod_reich_sardinia_ancients_rev_mrg_dedup_3trm_anno.h5

Loaded 15802 variants
Loaded 2504 individuals
HDF5 loaded from ./Data/1000Genomes/HDF5/1240kHDF5/all1240/chr22.hdf5

Intersection on Positions: 15802
Nr of Matching Refs: 15704 / 15802
Full Intersection Ref/Alt Identical: 15684 / 15802
2504 / 2504 Individuals included in Reference
Extraction of 5008 Haplotypes Complete!
Markers called 7718 / 15684
Successfully saved to: ./Empirical/HO/Sindhi_11/chr22/
Successfully loaded Data from: ./Empirical/HO/Sindhi_11/chr22/
Loaded Emission Model: diploid_gt
Loaded Transition Model: model
Loaded Post Processing Model: Standard
Minimum Genetic Map: 0.0178
Maximum Genetic Map: 0.7408
Gaps bigger than 0.1 cM: 149
Maximum Gap: 1.7139 cM
Loaded Transition and Emission Matrix:
(3, 3)
(5009, 7718)
Loaded Observations:
(2, 7718)
Memory Usage: 550.117376 mB
Reference Number: 5008
Total Log likelihood: -3987.597
Memory Usage: 550.117376 mB
Finished Calculation State Posteriors
Saved Zero State Posterior to ./Empirical/HO/Sindhi_11/chr22/.
Successfully loaded for PP. from ./Empirical/HO/Sindhi_11/chr22/
Fraction Markers in ROH: 0.2389
Called n=0 ROH Blocks > 1.0 cM
Longest Block: nan
Successfully saved to ./Empirical/HO/Sindhi_11/chr22/roh.csv
Run for Individual Sindhi_11: Complete! Yeah!!
