Doing Individual Sindhi_2...
Using Low-Mem Cython Linear Speed Up.
Loaded Pre Processing Model: SardHDF5
Loading Individual: Sindhi_2

Loaded 1145647 variants
Loaded 4616 individuals
HDF5 loaded from ./Data/Marcus2019_1240k/mod_reich_sardinia_ancients_rev_mrg_dedup_3trm_anno.h5

Loaded 89147 variants
Loaded 2504 individuals
HDF5 loaded from ./Data/1000Genomes/HDF5/1240kHDF5/all1240/chr1.hdf5

Intersection on Positions: 89143
Nr of Matching Refs: 89143 / 89143
Full Intersection Ref/Alt Identical: 89079 / 89143
2504 / 2504 Individuals included in Reference
Extraction of 5008 Haplotypes Complete!
Markers called 47325 / 89079
Successfully saved to: ./Empirical/HO/Sindhi_2/chr1/
Successfully loaded Data from: ./Empirical/HO/Sindhi_2/chr1/
Loaded Emission Model: diploid_gt
Loaded Transition Model: model
Loaded Post Processing Model: Standard
Minimum Genetic Map: 0.0201
Maximum Genetic Map: 2.8623
Gaps bigger than 0.1 cM: 424
Maximum Gap: 3.9814 cM
Loaded Transition and Emission Matrix:
(3, 3)
(5009, 47325)
Loaded Observations:
(2, 47325)
Memory Usage: 2318.852096 mB
Reference Number: 5008
Total Log likelihood: -22722.169
Memory Usage: 2319.310848 mB
Finished Calculation State Posteriors
Saved Zero State Posterior to ./Empirical/HO/Sindhi_2/chr1/.
Successfully loaded for PP. from ./Empirical/HO/Sindhi_2/chr1/
Fraction Markers in ROH: 0.3182
Merged n=0 gaps < 0.0 M
Called n=4 ROH Blocks > 1.0 cM
Longest Block: 10.965
Successfully saved to ./Empirical/HO/Sindhi_2/chr1/roh.csv
Using Low-Mem Cython Linear Speed Up.
Loaded Pre Processing Model: SardHDF5
Loading Individual: Sindhi_2

Loaded 1145647 variants
Loaded 4616 individuals
HDF5 loaded from ./Data/Marcus2019_1240k/mod_reich_sardinia_ancients_rev_mrg_dedup_3trm_anno.h5

Loaded 94239 variants
Loaded 2504 individuals
HDF5 loaded from ./Data/1000Genomes/HDF5/1240kHDF5/all1240/chr2.hdf5

Intersection on Positions: 94237
Nr of Matching Refs: 94205 / 94237
Full Intersection Ref/Alt Identical: 94137 / 94237
2504 / 2504 Individuals included in Reference
Extraction of 5008 Haplotypes Complete!
Markers called 48851 / 94137
Successfully saved to: ./Empirical/HO/Sindhi_2/chr2/
Successfully loaded Data from: ./Empirical/HO/Sindhi_2/chr2/
Loaded Emission Model: diploid_gt
Loaded Transition Model: model
Loaded Post Processing Model: Standard
Minimum Genetic Map: 0.0001
Maximum Genetic Map: 2.6883
Gaps bigger than 0.1 cM: 396
Maximum Gap: 2.0159 cM
Loaded Transition and Emission Matrix:
(3, 3)
(5009, 48851)
Loaded Observations:
(2, 48851)
Memory Usage: 2390.286336 mB
Reference Number: 5008
Total Log likelihood: -21920.470
Memory Usage: 2390.286336 mB
Finished Calculation State Posteriors
Saved Zero State Posterior to ./Empirical/HO/Sindhi_2/chr2/.
Successfully loaded for PP. from ./Empirical/HO/Sindhi_2/chr2/
Fraction Markers in ROH: 0.3739
Merged n=0 gaps < 0.0 M
Called n=3 ROH Blocks > 1.0 cM
Longest Block: 27.073
Successfully saved to ./Empirical/HO/Sindhi_2/chr2/roh.csv
Using Low-Mem Cython Linear Speed Up.
Loaded Pre Processing Model: SardHDF5
Loading Individual: Sindhi_2

Loaded 1145647 variants
Loaded 4616 individuals
HDF5 loaded from ./Data/Marcus2019_1240k/mod_reich_sardinia_ancients_rev_mrg_dedup_3trm_anno.h5

Loaded 77652 variants
Loaded 2504 individuals
HDF5 loaded from ./Data/1000Genomes/HDF5/1240kHDF5/all1240/chr3.hdf5

Intersection on Positions: 77650
Nr of Matching Refs: 77606 / 77650
Full Intersection Ref/Alt Identical: 77553 / 77650
2504 / 2504 Individuals included in Reference
Extraction of 5008 Haplotypes Complete!
Markers called 40563 / 77553
Successfully saved to: ./Empirical/HO/Sindhi_2/chr3/
Successfully loaded Data from: ./Empirical/HO/Sindhi_2/chr3/
Loaded Emission Model: diploid_gt
Loaded Transition Model: model
Loaded Post Processing Model: Standard
Minimum Genetic Map: 0.0002
Maximum Genetic Map: 2.2326
Gaps bigger than 0.1 cM: 341
Maximum Gap: 0.4179 cM
Loaded Transition and Emission Matrix:
(3, 3)
(5009, 40563)
Loaded Observations:
(2, 40563)
Memory Usage: 2030.73536 mB
Reference Number: 5008
Total Log likelihood: -19400.089
Memory Usage: 2030.73536 mB
Finished Calculation State Posteriors
Saved Zero State Posterior to ./Empirical/HO/Sindhi_2/chr3/.
Successfully loaded for PP. from ./Empirical/HO/Sindhi_2/chr3/
Fraction Markers in ROH: 0.3230
Merged n=0 gaps < 0.0 M
Called n=2 ROH Blocks > 1.0 cM
Longest Block: 6.863
Successfully saved to ./Empirical/HO/Sindhi_2/chr3/roh.csv
Using Low-Mem Cython Linear Speed Up.
Loaded Pre Processing Model: SardHDF5
Loading Individual: Sindhi_2

Loaded 1145647 variants
Loaded 4616 individuals
HDF5 loaded from ./Data/Marcus2019_1240k/mod_reich_sardinia_ancients_rev_mrg_dedup_3trm_anno.h5

Loaded 68759 variants
Loaded 2504 individuals
HDF5 loaded from ./Data/1000Genomes/HDF5/1240kHDF5/all1240/chr4.hdf5

Intersection on Positions: 68759
Nr of Matching Refs: 68709 / 68759
Full Intersection Ref/Alt Identical: 68663 / 68759
2504 / 2504 Individuals included in Reference
Extraction of 5008 Haplotypes Complete!
Markers called 34034 / 68663
Successfully saved to: ./Empirical/HO/Sindhi_2/chr4/
Successfully loaded Data from: ./Empirical/HO/Sindhi_2/chr4/
Loaded Emission Model: diploid_gt
Loaded Transition Model: model
Loaded Post Processing Model: Standard
Minimum Genetic Map: 0.0034
Maximum Genetic Map: 2.1454
Gaps bigger than 0.1 cM: 333
Maximum Gap: 2.1375 cM
Loaded Transition and Emission Matrix:
(3, 3)
(5009, 34034)
Loaded Observations:
(2, 34034)
Memory Usage: 1736.364032 mB
Reference Number: 5008
Total Log likelihood: -15639.083
Memory Usage: 1736.364032 mB
Finished Calculation State Posteriors
Saved Zero State Posterior to ./Empirical/HO/Sindhi_2/chr4/.
Successfully loaded for PP. from ./Empirical/HO/Sindhi_2/chr4/
Fraction Markers in ROH: 0.3345
Merged n=0 gaps < 0.0 M
Called n=4 ROH Blocks > 1.0 cM
Longest Block: 9.945
Successfully saved to ./Empirical/HO/Sindhi_2/chr4/roh.csv
Using Low-Mem Cython Linear Speed Up.
Loaded Pre Processing Model: SardHDF5
Loading Individual: Sindhi_2

Loaded 1145647 variants
Loaded 4616 individuals
HDF5 loaded from ./Data/Marcus2019_1240k/mod_reich_sardinia_ancients_rev_mrg_dedup_3trm_anno.h5

Loaded 69399 variants
Loaded 2504 individuals
HDF5 loaded from ./Data/1000Genomes/HDF5/1240kHDF5/all1240/chr5.hdf5

Intersection on Positions: 69394
Nr of Matching Refs: 69307 / 69394
Full Intersection Ref/Alt Identical: 69252 / 69394
2504 / 2504 Individuals included in Reference
Extraction of 5008 Haplotypes Complete!
Markers called 34125 / 69252
Successfully saved to: ./Empirical/HO/Sindhi_2/chr5/
Successfully loaded Data from: ./Empirical/HO/Sindhi_2/chr5/
Loaded Emission Model: diploid_gt
Loaded Transition Model: model
Loaded Post Processing Model: Standard
Minimum Genetic Map: 0.0004
Maximum Genetic Map: 2.0409
Gaps bigger than 0.1 cM: 341
Maximum Gap: 1.0498 cM
Loaded Transition and Emission Matrix:
(3, 3)
(5009, 34125)
Loaded Observations:
(2, 34125)
Memory Usage: 1740.496896 mB
Reference Number: 5008
Total Log likelihood: -15719.437
Memory Usage: 1740.496896 mB
Finished Calculation State Posteriors
Saved Zero State Posterior to ./Empirical/HO/Sindhi_2/chr5/.
Successfully loaded for PP. from ./Empirical/HO/Sindhi_2/chr5/
Fraction Markers in ROH: 0.3509
Merged n=0 gaps < 0.0 M
Called n=3 ROH Blocks > 1.0 cM
Longest Block: 16.734
Successfully saved to ./Empirical/HO/Sindhi_2/chr5/roh.csv
Using Low-Mem Cython Linear Speed Up.
Loaded Pre Processing Model: SardHDF5
Loading Individual: Sindhi_2

Loaded 1145647 variants
Loaded 4616 individuals
HDF5 loaded from ./Data/Marcus2019_1240k/mod_reich_sardinia_ancients_rev_mrg_dedup_3trm_anno.h5

Loaded 75870 variants
Loaded 2504 individuals
HDF5 loaded from ./Data/1000Genomes/HDF5/1240kHDF5/all1240/chr6.hdf5

Intersection on Positions: 75866
Nr of Matching Refs: 75743 / 75866
Full Intersection Ref/Alt Identical: 75675 / 75866
2504 / 2504 Individuals included in Reference
Extraction of 5008 Haplotypes Complete!
Markers called 33916 / 75675
Successfully saved to: ./Empirical/HO/Sindhi_2/chr6/
Successfully loaded Data from: ./Empirical/HO/Sindhi_2/chr6/
Loaded Emission Model: diploid_gt
Loaded Transition Model: model
Loaded Post Processing Model: Standard
Minimum Genetic Map: 0.0035
Maximum Genetic Map: 1.9203
Gaps bigger than 0.1 cM: 288
Maximum Gap: 0.5072 cM
Loaded Transition and Emission Matrix:
(3, 3)
(5009, 33916)
Loaded Observations:
(2, 33916)
Memory Usage: 1731.100672 mB
Reference Number: 5008
Total Log likelihood: -13797.071
Memory Usage: 1731.100672 mB
Finished Calculation State Posteriors
Saved Zero State Posterior to ./Empirical/HO/Sindhi_2/chr6/.
Successfully loaded for PP. from ./Empirical/HO/Sindhi_2/chr6/
Fraction Markers in ROH: 0.4468
Merged n=0 gaps < 0.0 M
Called n=5 ROH Blocks > 1.0 cM
Longest Block: 23.151
Successfully saved to ./Empirical/HO/Sindhi_2/chr6/roh.csv
Using Low-Mem Cython Linear Speed Up.
Loaded Pre Processing Model: SardHDF5
Loading Individual: Sindhi_2

Loaded 1145647 variants
Loaded 4616 individuals
HDF5 loaded from ./Data/Marcus2019_1240k/mod_reich_sardinia_ancients_rev_mrg_dedup_3trm_anno.h5

Loaded 59890 variants
Loaded 2504 individuals
HDF5 loaded from ./Data/1000Genomes/HDF5/1240kHDF5/all1240/chr7.hdf5

Intersection on Positions: 59889
Nr of Matching Refs: 59781 / 59889
Full Intersection Ref/Alt Identical: 59715 / 59889
2504 / 2504 Individuals included in Reference
Extraction of 5008 Haplotypes Complete!
Markers called 28660 / 59715
Successfully saved to: ./Empirical/HO/Sindhi_2/chr7/
Successfully loaded Data from: ./Empirical/HO/Sindhi_2/chr7/
Loaded Emission Model: diploid_gt
Loaded Transition Model: model
Loaded Post Processing Model: Standard
Minimum Genetic Map: 0.0000
Maximum Genetic Map: 1.8715
Gaps bigger than 0.1 cM: 327
Maximum Gap: 1.0884 cM
Loaded Transition and Emission Matrix:
(3, 3)
(5009, 28660)
Loaded Observations:
(2, 28660)
Memory Usage: 1494.17984 mB
Reference Number: 5008
Total Log likelihood: -14444.584
Memory Usage: 1494.17984 mB
Finished Calculation State Posteriors
Saved Zero State Posterior to ./Empirical/HO/Sindhi_2/chr7/.
Successfully loaded for PP. from ./Empirical/HO/Sindhi_2/chr7/
Fraction Markers in ROH: 0.2817
Merged n=0 gaps < 0.0 M
Called n=1 ROH Blocks > 1.0 cM
Longest Block: 3.440
Successfully saved to ./Empirical/HO/Sindhi_2/chr7/roh.csv
Using Low-Mem Cython Linear Speed Up.
Loaded Pre Processing Model: SardHDF5
Loading Individual: Sindhi_2

Loaded 1145647 variants
Loaded 4616 individuals
HDF5 loaded from ./Data/Marcus2019_1240k/mod_reich_sardinia_ancients_rev_mrg_dedup_3trm_anno.h5

Loaded 61133 variants
Loaded 2504 individuals
HDF5 loaded from ./Data/1000Genomes/HDF5/1240kHDF5/all1240/chr8.hdf5

Intersection on Positions: 61130
Nr of Matching Refs: 61022 / 61130
Full Intersection Ref/Alt Identical: 60960 / 61130
2504 / 2504 Individuals included in Reference
Extraction of 5008 Haplotypes Complete!
Markers called 28439 / 60960
Successfully saved to: ./Empirical/HO/Sindhi_2/chr8/
Successfully loaded Data from: ./Empirical/HO/Sindhi_2/chr8/
Loaded Emission Model: diploid_gt
Loaded Transition Model: model
Loaded Post Processing Model: Standard
Minimum Genetic Map: 0.0001
Maximum Genetic Map: 1.6800
Gaps bigger than 0.1 cM: 252
Maximum Gap: 3.5052 cM
Loaded Transition and Emission Matrix:
(3, 3)
(5009, 28439)
Loaded Observations:
(2, 28439)
Memory Usage: 1484.218368 mB
Reference Number: 5008
Total Log likelihood: -14559.404
Memory Usage: 1484.218368 mB
Finished Calculation State Posteriors
Saved Zero State Posterior to ./Empirical/HO/Sindhi_2/chr8/.
Successfully loaded for PP. from ./Empirical/HO/Sindhi_2/chr8/
Fraction Markers in ROH: 0.2573
Called n=0 ROH Blocks > 1.0 cM
Longest Block: nan
Successfully saved to ./Empirical/HO/Sindhi_2/chr8/roh.csv
Using Low-Mem Cython Linear Speed Up.
Loaded Pre Processing Model: SardHDF5
Loading Individual: Sindhi_2

Loaded 1145647 variants
Loaded 4616 individuals
HDF5 loaded from ./Data/Marcus2019_1240k/mod_reich_sardinia_ancients_rev_mrg_dedup_3trm_anno.h5

Loaded 50668 variants
Loaded 2504 individuals
HDF5 loaded from ./Data/1000Genomes/HDF5/1240kHDF5/all1240/chr9.hdf5

Intersection on Positions: 50668
Nr of Matching Refs: 50539 / 50668
Full Intersection Ref/Alt Identical: 50493 / 50668
2504 / 2504 Individuals included in Reference
Extraction of 5008 Haplotypes Complete!
Markers called 23631 / 50493
Successfully saved to: ./Empirical/HO/Sindhi_2/chr9/
Successfully loaded Data from: ./Empirical/HO/Sindhi_2/chr9/
Loaded Emission Model: diploid_gt
Loaded Transition Model: model
Loaded Post Processing Model: Standard
Minimum Genetic Map: 0.0016
Maximum Genetic Map: 1.6630
Gaps bigger than 0.1 cM: 300
Maximum Gap: 2.3454 cM
Loaded Transition and Emission Matrix:
(3, 3)
(5009, 23631)
Loaded Observations:
(2, 23631)
Memory Usage: 1267.470336 mB
Reference Number: 5008
Total Log likelihood: -12323.190
Memory Usage: 1267.470336 mB
Finished Calculation State Posteriors
Saved Zero State Posterior to ./Empirical/HO/Sindhi_2/chr9/.
Successfully loaded for PP. from ./Empirical/HO/Sindhi_2/chr9/
Fraction Markers in ROH: 0.2441
Merged n=0 gaps < 0.0 M
Called n=2 ROH Blocks > 1.0 cM
Longest Block: 1.567
Successfully saved to ./Empirical/HO/Sindhi_2/chr9/roh.csv
Using Low-Mem Cython Linear Speed Up.
Loaded Pre Processing Model: SardHDF5
Loading Individual: Sindhi_2

Loaded 1145647 variants
Loaded 4616 individuals
HDF5 loaded from ./Data/Marcus2019_1240k/mod_reich_sardinia_ancients_rev_mrg_dedup_3trm_anno.h5

Loaded 58804 variants
Loaded 2504 individuals
HDF5 loaded from ./Data/1000Genomes/HDF5/1240kHDF5/all1240/chr10.hdf5

Intersection on Positions: 58803
Nr of Matching Refs: 58657 / 58803
Full Intersection Ref/Alt Identical: 58591 / 58803
2504 / 2504 Individuals included in Reference
Extraction of 5008 Haplotypes Complete!
Markers called 30441 / 58591
Successfully saved to: ./Empirical/HO/Sindhi_2/chr10/
Successfully loaded Data from: ./Empirical/HO/Sindhi_2/chr10/
Loaded Emission Model: diploid_gt
Loaded Transition Model: model
Loaded Post Processing Model: Standard
Minimum Genetic Map: 0.0001
Maximum Genetic Map: 1.8089
Gaps bigger than 0.1 cM: 264
Maximum Gap: 2.0338 cM
Loaded Transition and Emission Matrix:
(3, 3)
(5009, 30441)
Loaded Observations:
(2, 30441)
Memory Usage: 1574.465536 mB
Reference Number: 5008
Total Log likelihood: -15486.203
Memory Usage: 1574.465536 mB
Finished Calculation State Posteriors
Saved Zero State Posterior to ./Empirical/HO/Sindhi_2/chr10/.
Successfully loaded for PP. from ./Empirical/HO/Sindhi_2/chr10/
Fraction Markers in ROH: 0.2794
Called n=0 ROH Blocks > 1.0 cM
Longest Block: nan
Successfully saved to ./Empirical/HO/Sindhi_2/chr10/roh.csv
Using Low-Mem Cython Linear Speed Up.
Loaded Pre Processing Model: SardHDF5
Loading Individual: Sindhi_2

Loaded 1145647 variants
Loaded 4616 individuals
HDF5 loaded from ./Data/Marcus2019_1240k/mod_reich_sardinia_ancients_rev_mrg_dedup_3trm_anno.h5

Loaded 54833 variants
Loaded 2504 individuals
HDF5 loaded from ./Data/1000Genomes/HDF5/1240kHDF5/all1240/chr11.hdf5

Intersection on Positions: 54831
Nr of Matching Refs: 54669 / 54831
Full Intersection Ref/Alt Identical: 54616 / 54831
2504 / 2504 Individuals included in Reference
Extraction of 5008 Haplotypes Complete!
Markers called 28034 / 54616
Successfully saved to: ./Empirical/HO/Sindhi_2/chr11/
Successfully loaded Data from: ./Empirical/HO/Sindhi_2/chr11/
Loaded Emission Model: diploid_gt
Loaded Transition Model: model
Loaded Post Processing Model: Standard
Minimum Genetic Map: 0.0000
Maximum Genetic Map: 1.5822
Gaps bigger than 0.1 cM: 248
Maximum Gap: 0.5683 cM
Loaded Transition and Emission Matrix:
(3, 3)
(5009, 28034)
Loaded Observations:
(2, 28034)
Memory Usage: 1465.9584 mB
Reference Number: 5008
Total Log likelihood: -13024.169
Memory Usage: 1465.9584 mB
Finished Calculation State Posteriors
Saved Zero State Posterior to ./Empirical/HO/Sindhi_2/chr11/.
Successfully loaded for PP. from ./Empirical/HO/Sindhi_2/chr11/
Fraction Markers in ROH: 0.3562
Merged n=0 gaps < 0.0 M
Called n=1 ROH Blocks > 1.0 cM
Longest Block: 22.218
Successfully saved to ./Empirical/HO/Sindhi_2/chr11/roh.csv
Using Low-Mem Cython Linear Speed Up.
Loaded Pre Processing Model: SardHDF5
Loading Individual: Sindhi_2

Loaded 1145647 variants
Loaded 4616 individuals
HDF5 loaded from ./Data/Marcus2019_1240k/mod_reich_sardinia_ancients_rev_mrg_dedup_3trm_anno.h5

Loaded 53911 variants
Loaded 2504 individuals
HDF5 loaded from ./Data/1000Genomes/HDF5/1240kHDF5/all1240/chr12.hdf5

Intersection on Positions: 53911
Nr of Matching Refs: 53713 / 53911
Full Intersection Ref/Alt Identical: 53672 / 53911
2504 / 2504 Individuals included in Reference
Extraction of 5008 Haplotypes Complete!
Markers called 27276 / 53672
Successfully saved to: ./Empirical/HO/Sindhi_2/chr12/
Successfully loaded Data from: ./Empirical/HO/Sindhi_2/chr12/
Loaded Emission Model: diploid_gt
Loaded Transition Model: model
Loaded Post Processing Model: Standard
Minimum Genetic Map: 0.0009
Maximum Genetic Map: 1.7468
Gaps bigger than 0.1 cM: 286
Maximum Gap: 0.8015 cM
Loaded Transition and Emission Matrix:
(3, 3)
(5009, 27276)
Loaded Observations:
(2, 27276)
Memory Usage: 1431.79776 mB
Reference Number: 5008
Total Log likelihood: -13494.197
Memory Usage: 1431.79776 mB
Finished Calculation State Posteriors
Saved Zero State Posterior to ./Empirical/HO/Sindhi_2/chr12/.
Successfully loaded for PP. from ./Empirical/HO/Sindhi_2/chr12/
Fraction Markers in ROH: 0.3075
Merged n=0 gaps < 0.0 M
Called n=1 ROH Blocks > 1.0 cM
Longest Block: 12.085
Successfully saved to ./Empirical/HO/Sindhi_2/chr12/roh.csv
Using Low-Mem Cython Linear Speed Up.
Loaded Pre Processing Model: SardHDF5
Loading Individual: Sindhi_2

Loaded 1145647 variants
Loaded 4616 individuals
HDF5 loaded from ./Data/Marcus2019_1240k/mod_reich_sardinia_ancients_rev_mrg_dedup_3trm_anno.h5

Loaded 39018 variants
Loaded 2504 individuals
HDF5 loaded from ./Data/1000Genomes/HDF5/1240kHDF5/all1240/chr13.hdf5

Intersection on Positions: 39015
Nr of Matching Refs: 38885 / 39015
Full Intersection Ref/Alt Identical: 38841 / 39015
2504 / 2504 Individuals included in Reference
Extraction of 5008 Haplotypes Complete!
Markers called 17847 / 38841
Successfully saved to: ./Empirical/HO/Sindhi_2/chr13/
Successfully loaded Data from: ./Empirical/HO/Sindhi_2/chr13/
Loaded Emission Model: diploid_gt
Loaded Transition Model: model
Loaded Post Processing Model: Standard
Minimum Genetic Map: 0.0028
Maximum Genetic Map: 1.2570
Gaps bigger than 0.1 cM: 230
Maximum Gap: 1.2234 cM
Loaded Transition and Emission Matrix:
(3, 3)
(5009, 17847)
Loaded Observations:
(2, 17847)
Memory Usage: 1006.73536 mB
Reference Number: 5008
Total Log likelihood: -9017.511
Memory Usage: 1006.73536 mB
Finished Calculation State Posteriors
Saved Zero State Posterior to ./Empirical/HO/Sindhi_2/chr13/.
Successfully loaded for PP. from ./Empirical/HO/Sindhi_2/chr13/
Fraction Markers in ROH: 0.2885
Merged n=0 gaps < 0.0 M
Called n=2 ROH Blocks > 1.0 cM
Longest Block: 9.189
Successfully saved to ./Empirical/HO/Sindhi_2/chr13/roh.csv
Using Low-Mem Cython Linear Speed Up.
Loaded Pre Processing Model: SardHDF5
Loading Individual: Sindhi_2

Loaded 1145647 variants
Loaded 4616 individuals
HDF5 loaded from ./Data/Marcus2019_1240k/mod_reich_sardinia_ancients_rev_mrg_dedup_3trm_anno.h5

Loaded 36301 variants
Loaded 2504 individuals
HDF5 loaded from ./Data/1000Genomes/HDF5/1240kHDF5/all1240/chr14.hdf5

Intersection on Positions: 36301
Nr of Matching Refs: 36166 / 36301
Full Intersection Ref/Alt Identical: 36126 / 36301
2504 / 2504 Individuals included in Reference
Extraction of 5008 Haplotypes Complete!
Markers called 18662 / 36126
Successfully saved to: ./Empirical/HO/Sindhi_2/chr14/
Successfully loaded Data from: ./Empirical/HO/Sindhi_2/chr14/
Loaded Emission Model: diploid_gt
Loaded Transition Model: model
Loaded Post Processing Model: Standard
Minimum Genetic Map: 0.0184
Maximum Genetic Map: 1.2020
Gaps bigger than 0.1 cM: 192
Maximum Gap: 3.5856 cM
Loaded Transition and Emission Matrix:
(3, 3)
(5009, 18662)
Loaded Observations:
(2, 18662)
Memory Usage: 1043.480576 mB
Reference Number: 5008
Total Log likelihood: -9091.266
Memory Usage: 1043.480576 mB
Finished Calculation State Posteriors
Saved Zero State Posterior to ./Empirical/HO/Sindhi_2/chr14/.
Successfully loaded for PP. from ./Empirical/HO/Sindhi_2/chr14/
Fraction Markers in ROH: 0.3264
Merged n=0 gaps < 0.0 M
Called n=2 ROH Blocks > 1.0 cM
Longest Block: 7.641
Successfully saved to ./Empirical/HO/Sindhi_2/chr14/roh.csv
Using Low-Mem Cython Linear Speed Up.
Loaded Pre Processing Model: SardHDF5
Loading Individual: Sindhi_2

Loaded 1145647 variants
Loaded 4616 individuals
HDF5 loaded from ./Data/Marcus2019_1240k/mod_reich_sardinia_ancients_rev_mrg_dedup_3trm_anno.h5

Loaded 34429 variants
Loaded 2504 individuals
HDF5 loaded from ./Data/1000Genomes/HDF5/1240kHDF5/all1240/chr15.hdf5

Intersection on Positions: 34425
Nr of Matching Refs: 34285 / 34425
Full Intersection Ref/Alt Identical: 34249 / 34425
2504 / 2504 Individuals included in Reference
Extraction of 5008 Haplotypes Complete!
Markers called 18023 / 34249
Successfully saved to: ./Empirical/HO/Sindhi_2/chr15/
Successfully loaded Data from: ./Empirical/HO/Sindhi_2/chr15/
Loaded Emission Model: diploid_gt
Loaded Transition Model: model
Loaded Post Processing Model: Standard
Minimum Genetic Map: 0.0002
Maximum Genetic Map: 1.4133
Gaps bigger than 0.1 cM: 203
Maximum Gap: 13.7876 cM
Loaded Transition and Emission Matrix:
(3, 3)
(5009, 18023)
Loaded Observations:
(2, 18023)
Memory Usage: 1014.669312 mB
Reference Number: 5008
Total Log likelihood: -8251.881
Memory Usage: 1014.669312 mB
Finished Calculation State Posteriors
Saved Zero State Posterior to ./Empirical/HO/Sindhi_2/chr15/.
Successfully loaded for PP. from ./Empirical/HO/Sindhi_2/chr15/
Fraction Markers in ROH: 0.3452
Merged n=0 gaps < 0.0 M
Called n=3 ROH Blocks > 1.0 cM
Longest Block: 6.280
Successfully saved to ./Empirical/HO/Sindhi_2/chr15/roh.csv
Using Low-Mem Cython Linear Speed Up.
Loaded Pre Processing Model: SardHDF5
Loading Individual: Sindhi_2

Loaded 1145647 variants
Loaded 4616 individuals
HDF5 loaded from ./Data/Marcus2019_1240k/mod_reich_sardinia_ancients_rev_mrg_dedup_3trm_anno.h5

Loaded 34402 variants
Loaded 2504 individuals
HDF5 loaded from ./Data/1000Genomes/HDF5/1240kHDF5/all1240/chr16.hdf5

Intersection on Positions: 34399
Nr of Matching Refs: 34254 / 34399
Full Intersection Ref/Alt Identical: 34201 / 34399
2504 / 2504 Individuals included in Reference
Extraction of 5008 Haplotypes Complete!
Markers called 18235 / 34201
Successfully saved to: ./Empirical/HO/Sindhi_2/chr16/
Successfully loaded Data from: ./Empirical/HO/Sindhi_2/chr16/
Loaded Emission Model: diploid_gt
Loaded Transition Model: model
Loaded Post Processing Model: Standard
Minimum Genetic Map: 0.0001
Maximum Genetic Map: 1.3402
Gaps bigger than 0.1 cM: 230
Maximum Gap: 0.9354 cM
Loaded Transition and Emission Matrix:
(3, 3)
(5009, 18235)
Loaded Observations:
(2, 18235)
Memory Usage: 1024.233472 mB
Reference Number: 5008
Total Log likelihood: -8517.438
Memory Usage: 1024.233472 mB
Finished Calculation State Posteriors
Saved Zero State Posterior to ./Empirical/HO/Sindhi_2/chr16/.
Successfully loaded for PP. from ./Empirical/HO/Sindhi_2/chr16/
Fraction Markers in ROH: 0.3472
Merged n=0 gaps < 0.0 M
Called n=3 ROH Blocks > 1.0 cM
Longest Block: 12.837
Successfully saved to ./Empirical/HO/Sindhi_2/chr16/roh.csv
Using Low-Mem Cython Linear Speed Up.
Loaded Pre Processing Model: SardHDF5
Loading Individual: Sindhi_2

Loaded 1145647 variants
Loaded 4616 individuals
HDF5 loaded from ./Data/Marcus2019_1240k/mod_reich_sardinia_ancients_rev_mrg_dedup_3trm_anno.h5

Loaded 29314 variants
Loaded 2504 individuals
HDF5 loaded from ./Data/1000Genomes/HDF5/1240kHDF5/all1240/chr17.hdf5

Intersection on Positions: 29313
Nr of Matching Refs: 29159 / 29313
Full Intersection Ref/Alt Identical: 29124 / 29313
2504 / 2504 Individuals included in Reference
Extraction of 5008 Haplotypes Complete!
Markers called 15209 / 29124
Successfully saved to: ./Empirical/HO/Sindhi_2/chr17/
Successfully loaded Data from: ./Empirical/HO/Sindhi_2/chr17/
Loaded Emission Model: diploid_gt
Loaded Transition Model: model
Loaded Post Processing Model: Standard
Minimum Genetic Map: -0.0003
Maximum Genetic Map: 1.2845
Gaps bigger than 0.1 cM: 227
Maximum Gap: 1.2355 cM
Loaded Transition and Emission Matrix:
(3, 3)
(5009, 15209)
Loaded Observations:
(2, 15209)
Memory Usage: 887.820288 mB
Reference Number: 5008
Total Log likelihood: -7706.204
Memory Usage: 887.820288 mB
Finished Calculation State Posteriors
Saved Zero State Posterior to ./Empirical/HO/Sindhi_2/chr17/.
Successfully loaded for PP. from ./Empirical/HO/Sindhi_2/chr17/
Fraction Markers in ROH: 0.2791
Merged n=0 gaps < 0.0 M
Called n=1 ROH Blocks > 1.0 cM
Longest Block: 3.866
Successfully saved to ./Empirical/HO/Sindhi_2/chr17/roh.csv
Using Low-Mem Cython Linear Speed Up.
Loaded Pre Processing Model: SardHDF5
Loading Individual: Sindhi_2

Loaded 1145647 variants
Loaded 4616 individuals
HDF5 loaded from ./Data/Marcus2019_1240k/mod_reich_sardinia_ancients_rev_mrg_dedup_3trm_anno.h5

Loaded 33917 variants
Loaded 2504 individuals
HDF5 loaded from ./Data/1000Genomes/HDF5/1240kHDF5/all1240/chr18.hdf5

Intersection on Positions: 33916
Nr of Matching Refs: 33774 / 33916
Full Intersection Ref/Alt Identical: 33746 / 33916
2504 / 2504 Individuals included in Reference
Extraction of 5008 Haplotypes Complete!
Markers called 17127 / 33746
Successfully saved to: ./Empirical/HO/Sindhi_2/chr18/
Successfully loaded Data from: ./Empirical/HO/Sindhi_2/chr18/
Loaded Emission Model: diploid_gt
Loaded Transition Model: model
Loaded Post Processing Model: Standard
Minimum Genetic Map: 0.0027
Maximum Genetic Map: 1.1771
Gaps bigger than 0.1 cM: 197
Maximum Gap: 0.8037 cM
Loaded Transition and Emission Matrix:
(3, 3)
(5009, 17127)
Loaded Observations:
(2, 17127)
Memory Usage: 974.29504 mB
Reference Number: 5008
Total Log likelihood: -8258.453
Memory Usage: 974.29504 mB
Finished Calculation State Posteriors
Saved Zero State Posterior to ./Empirical/HO/Sindhi_2/chr18/.
Successfully loaded for PP. from ./Empirical/HO/Sindhi_2/chr18/
Fraction Markers in ROH: 0.3171
Merged n=0 gaps < 0.0 M
Called n=2 ROH Blocks > 1.0 cM
Longest Block: 11.972
Successfully saved to ./Empirical/HO/Sindhi_2/chr18/roh.csv
Using Low-Mem Cython Linear Speed Up.
Loaded Pre Processing Model: SardHDF5
Loading Individual: Sindhi_2

Loaded 1145647 variants
Loaded 4616 individuals
HDF5 loaded from ./Data/Marcus2019_1240k/mod_reich_sardinia_ancients_rev_mrg_dedup_3trm_anno.h5

Loaded 18460 variants
Loaded 2504 individuals
HDF5 loaded from ./Data/1000Genomes/HDF5/1240kHDF5/all1240/chr19.hdf5

Intersection on Positions: 18459
Nr of Matching Refs: 18381 / 18459
Full Intersection Ref/Alt Identical: 18340 / 18459
2504 / 2504 Individuals included in Reference
Extraction of 5008 Haplotypes Complete!
Markers called 8692 / 18340
Successfully saved to: ./Empirical/HO/Sindhi_2/chr19/
Successfully loaded Data from: ./Empirical/HO/Sindhi_2/chr19/
Loaded Emission Model: diploid_gt
Loaded Transition Model: model
Loaded Post Processing Model: Standard
Minimum Genetic Map: 0.0000
Maximum Genetic Map: 1.0773
Gaps bigger than 0.1 cM: 285
Maximum Gap: 0.6354 cM
Loaded Transition and Emission Matrix:
(3, 3)
(5009, 8692)
Loaded Observations:
(2, 8692)
Memory Usage: 594.046976 mB
Reference Number: 5008
Total Log likelihood: -4879.094
Memory Usage: 594.046976 mB
Finished Calculation State Posteriors
Saved Zero State Posterior to ./Empirical/HO/Sindhi_2/chr19/.
Successfully loaded for PP. from ./Empirical/HO/Sindhi_2/chr19/
Fraction Markers in ROH: 0.1982
Called n=0 ROH Blocks > 1.0 cM
Longest Block: nan
Successfully saved to ./Empirical/HO/Sindhi_2/chr19/roh.csv
Using Low-Mem Cython Linear Speed Up.
Loaded Pre Processing Model: SardHDF5
Loading Individual: Sindhi_2

Loaded 1145647 variants
Loaded 4616 individuals
HDF5 loaded from ./Data/Marcus2019_1240k/mod_reich_sardinia_ancients_rev_mrg_dedup_3trm_anno.h5

Loaded 29078 variants
Loaded 2504 individuals
HDF5 loaded from ./Data/1000Genomes/HDF5/1240kHDF5/all1240/chr20.hdf5

Intersection on Positions: 29077
Nr of Matching Refs: 28908 / 29077
Full Intersection Ref/Alt Identical: 28864 / 29077
2504 / 2504 Individuals included in Reference
Extraction of 5008 Haplotypes Complete!
Markers called 15378 / 28864
Successfully saved to: ./Empirical/HO/Sindhi_2/chr20/
Successfully loaded Data from: ./Empirical/HO/Sindhi_2/chr20/
Loaded Emission Model: diploid_gt
Loaded Transition Model: model
Loaded Post Processing Model: Standard
Minimum Genetic Map: 0.0008
Maximum Genetic Map: 1.0821
Gaps bigger than 0.1 cM: 203
Maximum Gap: 0.4744 cM
Loaded Transition and Emission Matrix:
(3, 3)
(5009, 15378)
Loaded Observations:
(2, 15378)
Memory Usage: 895.459328 mB
Reference Number: 5008
Total Log likelihood: -7901.244
Memory Usage: 895.459328 mB
Finished Calculation State Posteriors
Saved Zero State Posterior to ./Empirical/HO/Sindhi_2/chr20/.
Successfully loaded for PP. from ./Empirical/HO/Sindhi_2/chr20/
Fraction Markers in ROH: 0.2381
Called n=0 ROH Blocks > 1.0 cM
Longest Block: nan
Successfully saved to ./Empirical/HO/Sindhi_2/chr20/roh.csv
Using Low-Mem Cython Linear Speed Up.
Loaded Pre Processing Model: SardHDF5
Loading Individual: Sindhi_2

Loaded 1145647 variants
Loaded 4616 individuals
HDF5 loaded from ./Data/Marcus2019_1240k/mod_reich_sardinia_ancients_rev_mrg_dedup_3trm_anno.h5

Loaded 16038 variants
Loaded 2504 individuals
HDF5 loaded from ./Data/1000Genomes/HDF5/1240kHDF5/all1240/chr21.hdf5

Intersection on Positions: 16036
Nr of Matching Refs: 15949 / 16036
Full Intersection Ref/Alt Identical: 15930 / 16036
2504 / 2504 Individuals included in Reference
Extraction of 5008 Haplotypes Complete!
Markers called 7906 / 15930
Successfully saved to: ./Empirical/HO/Sindhi_2/chr21/
Successfully loaded Data from: ./Empirical/HO/Sindhi_2/chr21/
Loaded Emission Model: diploid_gt
Loaded Transition Model: model
Loaded Post Processing Model: Standard
Minimum Genetic Map: 0.0145
Maximum Genetic Map: 0.6277
Gaps bigger than 0.1 cM: 119
Maximum Gap: 0.7121 cM
Loaded Transition and Emission Matrix:
(3, 3)
(5009, 7906)
Loaded Observations:
(2, 7906)
Memory Usage: 558.620672 mB
Reference Number: 5008
Total Log likelihood: -4190.998
Memory Usage: 558.620672 mB
Finished Calculation State Posteriors
Saved Zero State Posterior to ./Empirical/HO/Sindhi_2/chr21/.
Successfully loaded for PP. from ./Empirical/HO/Sindhi_2/chr21/
Fraction Markers in ROH: 0.2370
Called n=0 ROH Blocks > 1.0 cM
Longest Block: nan
Successfully saved to ./Empirical/HO/Sindhi_2/chr21/roh.csv
Using Low-Mem Cython Linear Speed Up.
Loaded Pre Processing Model: SardHDF5
Loading Individual: Sindhi_2

Loaded 1145647 variants
Loaded 4616 individuals
HDF5 loaded from ./Data/Marcus2019_1240k/mod_reich_sardinia_ancients_rev_mrg_dedup_3trm_anno.h5

Loaded 15802 variants
Loaded 2504 individuals
HDF5 loaded from ./Data/1000Genomes/HDF5/1240kHDF5/all1240/chr22.hdf5

Intersection on Positions: 15802
Nr of Matching Refs: 15704 / 15802
Full Intersection Ref/Alt Identical: 15684 / 15802
2504 / 2504 Individuals included in Reference
Extraction of 5008 Haplotypes Complete!
Markers called 7711 / 15684
Successfully saved to: ./Empirical/HO/Sindhi_2/chr22/
Successfully loaded Data from: ./Empirical/HO/Sindhi_2/chr22/
Loaded Emission Model: diploid_gt
Loaded Transition Model: model
Loaded Post Processing Model: Standard
Minimum Genetic Map: 0.0178
Maximum Genetic Map: 0.7408
Gaps bigger than 0.1 cM: 149
Maximum Gap: 1.7139 cM
Loaded Transition and Emission Matrix:
(3, 3)
(5009, 7711)
Loaded Observations:
(2, 7711)
Memory Usage: 549.82656 mB
Reference Number: 5008
Total Log likelihood: -4145.047
Memory Usage: 549.82656 mB
Finished Calculation State Posteriors
Saved Zero State Posterior to ./Empirical/HO/Sindhi_2/chr22/.
Successfully loaded for PP. from ./Empirical/HO/Sindhi_2/chr22/
Fraction Markers in ROH: 0.2237
Called n=0 ROH Blocks > 1.0 cM
Longest Block: nan
Successfully saved to ./Empirical/HO/Sindhi_2/chr22/roh.csv
Run for Individual Sindhi_2: Complete! Yeah!!
