Doing Individual Pathan_5...
Using Low-Mem Cython Linear Speed Up.
Loaded Pre Processing Model: SardHDF5
Loading Individual: Pathan_5

Loaded 1145647 variants
Loaded 4616 individuals
HDF5 loaded from ./Data/Marcus2019_1240k/mod_reich_sardinia_ancients_rev_mrg_dedup_3trm_anno.h5

Loaded 89147 variants
Loaded 2504 individuals
HDF5 loaded from ./Data/1000Genomes/HDF5/1240kHDF5/all1240/chr1.hdf5

Intersection on Positions: 89143
Nr of Matching Refs: 89143 / 89143
Full Intersection Ref/Alt Identical: 89079 / 89143
2504 / 2504 Individuals included in Reference
Extraction of 5008 Haplotypes Complete!
Markers called 47397 / 89079
Successfully saved to: ./Empirical/HO/Pathan_5/chr1/
Successfully loaded Data from: ./Empirical/HO/Pathan_5/chr1/
Loaded Emission Model: diploid_gt
Loaded Transition Model: model
Loaded Post Processing Model: Standard
Minimum Genetic Map: 0.0201
Maximum Genetic Map: 2.8623
Gaps bigger than 0.1 cM: 425
Maximum Gap: 3.9814 cM
Loaded Transition and Emission Matrix:
(3, 3)
(5009, 47397)
Loaded Observations:
(2, 47397)
Memory Usage: 2322.10432 mB
Reference Number: 5008
Total Log likelihood: -24116.861
Memory Usage: 2322.558976 mB
Finished Calculation State Posteriors
Saved Zero State Posterior to ./Empirical/HO/Pathan_5/chr1/.
Successfully loaded for PP. from ./Empirical/HO/Pathan_5/chr1/
Fraction Markers in ROH: 0.2640
Merged n=0 gaps < 0.0 M
Called n=1 ROH Blocks > 1.0 cM
Longest Block: 1.052
Successfully saved to ./Empirical/HO/Pathan_5/chr1/roh.csv
Using Low-Mem Cython Linear Speed Up.
Loaded Pre Processing Model: SardHDF5
Loading Individual: Pathan_5

Loaded 1145647 variants
Loaded 4616 individuals
HDF5 loaded from ./Data/Marcus2019_1240k/mod_reich_sardinia_ancients_rev_mrg_dedup_3trm_anno.h5

Loaded 94239 variants
Loaded 2504 individuals
HDF5 loaded from ./Data/1000Genomes/HDF5/1240kHDF5/all1240/chr2.hdf5

Intersection on Positions: 94237
Nr of Matching Refs: 94205 / 94237
Full Intersection Ref/Alt Identical: 94137 / 94237
2504 / 2504 Individuals included in Reference
Extraction of 5008 Haplotypes Complete!
Markers called 48916 / 94137
Successfully saved to: ./Empirical/HO/Pathan_5/chr2/
Successfully loaded Data from: ./Empirical/HO/Pathan_5/chr2/
Loaded Emission Model: diploid_gt
Loaded Transition Model: model
Loaded Post Processing Model: Standard
Minimum Genetic Map: 0.0001
Maximum Genetic Map: 2.6883
Gaps bigger than 0.1 cM: 396
Maximum Gap: 2.0159 cM
Loaded Transition and Emission Matrix:
(3, 3)
(5009, 48916)
Loaded Observations:
(2, 48916)
Memory Usage: 2393.21088 mB
Reference Number: 5008
Total Log likelihood: -24915.919
Memory Usage: 2393.21088 mB
Finished Calculation State Posteriors
Saved Zero State Posterior to ./Empirical/HO/Pathan_5/chr2/.
Successfully loaded for PP. from ./Empirical/HO/Pathan_5/chr2/
Fraction Markers in ROH: 0.2574
Merged n=0 gaps < 0.0 M
Called n=1 ROH Blocks > 1.0 cM
Longest Block: 1.540
Successfully saved to ./Empirical/HO/Pathan_5/chr2/roh.csv
Using Low-Mem Cython Linear Speed Up.
Loaded Pre Processing Model: SardHDF5
Loading Individual: Pathan_5

Loaded 1145647 variants
Loaded 4616 individuals
HDF5 loaded from ./Data/Marcus2019_1240k/mod_reich_sardinia_ancients_rev_mrg_dedup_3trm_anno.h5

Loaded 77652 variants
Loaded 2504 individuals
HDF5 loaded from ./Data/1000Genomes/HDF5/1240kHDF5/all1240/chr3.hdf5

Intersection on Positions: 77650
Nr of Matching Refs: 77606 / 77650
Full Intersection Ref/Alt Identical: 77553 / 77650
2504 / 2504 Individuals included in Reference
Extraction of 5008 Haplotypes Complete!
Markers called 40568 / 77553
Successfully saved to: ./Empirical/HO/Pathan_5/chr3/
Successfully loaded Data from: ./Empirical/HO/Pathan_5/chr3/
Loaded Emission Model: diploid_gt
Loaded Transition Model: model
Loaded Post Processing Model: Standard
Minimum Genetic Map: 0.0002
Maximum Genetic Map: 2.2326
Gaps bigger than 0.1 cM: 341
Maximum Gap: 0.4179 cM
Loaded Transition and Emission Matrix:
(3, 3)
(5009, 40568)
Loaded Observations:
(2, 40568)
Memory Usage: 2030.936064 mB
Reference Number: 5008
Total Log likelihood: -21204.127
Memory Usage: 2030.936064 mB
Finished Calculation State Posteriors
Saved Zero State Posterior to ./Empirical/HO/Pathan_5/chr3/.
Successfully loaded for PP. from ./Empirical/HO/Pathan_5/chr3/
Fraction Markers in ROH: 0.2395
Called n=0 ROH Blocks > 1.0 cM
Longest Block: nan
Successfully saved to ./Empirical/HO/Pathan_5/chr3/roh.csv
Using Low-Mem Cython Linear Speed Up.
Loaded Pre Processing Model: SardHDF5
Loading Individual: Pathan_5

Loaded 1145647 variants
Loaded 4616 individuals
HDF5 loaded from ./Data/Marcus2019_1240k/mod_reich_sardinia_ancients_rev_mrg_dedup_3trm_anno.h5

Loaded 68759 variants
Loaded 2504 individuals
HDF5 loaded from ./Data/1000Genomes/HDF5/1240kHDF5/all1240/chr4.hdf5

Intersection on Positions: 68759
Nr of Matching Refs: 68709 / 68759
Full Intersection Ref/Alt Identical: 68663 / 68759
2504 / 2504 Individuals included in Reference
Extraction of 5008 Haplotypes Complete!
Markers called 34024 / 68663
Successfully saved to: ./Empirical/HO/Pathan_5/chr4/
Successfully loaded Data from: ./Empirical/HO/Pathan_5/chr4/
Loaded Emission Model: diploid_gt
Loaded Transition Model: model
Loaded Post Processing Model: Standard
Minimum Genetic Map: 0.0034
Maximum Genetic Map: 2.1454
Gaps bigger than 0.1 cM: 334
Maximum Gap: 2.1375 cM
Loaded Transition and Emission Matrix:
(3, 3)
(5009, 34024)
Loaded Observations:
(2, 34024)
Memory Usage: 1735.876608 mB
Reference Number: 5008
Total Log likelihood: -17705.849
Memory Usage: 1735.876608 mB
Finished Calculation State Posteriors
Saved Zero State Posterior to ./Empirical/HO/Pathan_5/chr4/.
Successfully loaded for PP. from ./Empirical/HO/Pathan_5/chr4/
Fraction Markers in ROH: 0.2424
Called n=0 ROH Blocks > 1.0 cM
Longest Block: nan
Successfully saved to ./Empirical/HO/Pathan_5/chr4/roh.csv
Using Low-Mem Cython Linear Speed Up.
Loaded Pre Processing Model: SardHDF5
Loading Individual: Pathan_5

Loaded 1145647 variants
Loaded 4616 individuals
HDF5 loaded from ./Data/Marcus2019_1240k/mod_reich_sardinia_ancients_rev_mrg_dedup_3trm_anno.h5

Loaded 69399 variants
Loaded 2504 individuals
HDF5 loaded from ./Data/1000Genomes/HDF5/1240kHDF5/all1240/chr5.hdf5

Intersection on Positions: 69394
Nr of Matching Refs: 69307 / 69394
Full Intersection Ref/Alt Identical: 69252 / 69394
2504 / 2504 Individuals included in Reference
Extraction of 5008 Haplotypes Complete!
Markers called 34140 / 69252
Successfully saved to: ./Empirical/HO/Pathan_5/chr5/
Successfully loaded Data from: ./Empirical/HO/Pathan_5/chr5/
Loaded Emission Model: diploid_gt
Loaded Transition Model: model
Loaded Post Processing Model: Standard
Minimum Genetic Map: 0.0004
Maximum Genetic Map: 2.0409
Gaps bigger than 0.1 cM: 339
Maximum Gap: 1.0498 cM
Loaded Transition and Emission Matrix:
(3, 3)
(5009, 34140)
Loaded Observations:
(2, 34140)
Memory Usage: 1741.131776 mB
Reference Number: 5008
Total Log likelihood: -17040.803
Memory Usage: 1741.131776 mB
Finished Calculation State Posteriors
Saved Zero State Posterior to ./Empirical/HO/Pathan_5/chr5/.
Successfully loaded for PP. from ./Empirical/HO/Pathan_5/chr5/
Fraction Markers in ROH: 0.2704
Merged n=0 gaps < 0.0 M
Called n=1 ROH Blocks > 1.0 cM
Longest Block: 5.774
Successfully saved to ./Empirical/HO/Pathan_5/chr5/roh.csv
Using Low-Mem Cython Linear Speed Up.
Loaded Pre Processing Model: SardHDF5
Loading Individual: Pathan_5

Loaded 1145647 variants
Loaded 4616 individuals
HDF5 loaded from ./Data/Marcus2019_1240k/mod_reich_sardinia_ancients_rev_mrg_dedup_3trm_anno.h5

Loaded 75870 variants
Loaded 2504 individuals
HDF5 loaded from ./Data/1000Genomes/HDF5/1240kHDF5/all1240/chr6.hdf5

Intersection on Positions: 75866
Nr of Matching Refs: 75743 / 75866
Full Intersection Ref/Alt Identical: 75675 / 75866
2504 / 2504 Individuals included in Reference
Extraction of 5008 Haplotypes Complete!
Markers called 33965 / 75675
Successfully saved to: ./Empirical/HO/Pathan_5/chr6/
Successfully loaded Data from: ./Empirical/HO/Pathan_5/chr6/
Loaded Emission Model: diploid_gt
Loaded Transition Model: model
Loaded Post Processing Model: Standard
Minimum Genetic Map: 0.0035
Maximum Genetic Map: 1.9203
Gaps bigger than 0.1 cM: 287
Maximum Gap: 0.5072 cM
Loaded Transition and Emission Matrix:
(3, 3)
(5009, 33965)
Loaded Observations:
(2, 33965)
Memory Usage: 1733.267456 mB
Reference Number: 5008
Total Log likelihood: -17762.314
Memory Usage: 1733.267456 mB
Finished Calculation State Posteriors
Saved Zero State Posterior to ./Empirical/HO/Pathan_5/chr6/.
Successfully loaded for PP. from ./Empirical/HO/Pathan_5/chr6/
Fraction Markers in ROH: 0.2462
Called n=0 ROH Blocks > 1.0 cM
Longest Block: nan
Successfully saved to ./Empirical/HO/Pathan_5/chr6/roh.csv
Using Low-Mem Cython Linear Speed Up.
Loaded Pre Processing Model: SardHDF5
Loading Individual: Pathan_5

Loaded 1145647 variants
Loaded 4616 individuals
HDF5 loaded from ./Data/Marcus2019_1240k/mod_reich_sardinia_ancients_rev_mrg_dedup_3trm_anno.h5

Loaded 59890 variants
Loaded 2504 individuals
HDF5 loaded from ./Data/1000Genomes/HDF5/1240kHDF5/all1240/chr7.hdf5

Intersection on Positions: 59889
Nr of Matching Refs: 59781 / 59889
Full Intersection Ref/Alt Identical: 59715 / 59889
2504 / 2504 Individuals included in Reference
Extraction of 5008 Haplotypes Complete!
Markers called 28663 / 59715
Successfully saved to: ./Empirical/HO/Pathan_5/chr7/
Successfully loaded Data from: ./Empirical/HO/Pathan_5/chr7/
Loaded Emission Model: diploid_gt
Loaded Transition Model: model
Loaded Post Processing Model: Standard
Minimum Genetic Map: 0.0000
Maximum Genetic Map: 1.8715
Gaps bigger than 0.1 cM: 325
Maximum Gap: 1.0884 cM
Loaded Transition and Emission Matrix:
(3, 3)
(5009, 28663)
Loaded Observations:
(2, 28663)
Memory Usage: 1494.265856 mB
Reference Number: 5008
Total Log likelihood: -15207.213
Memory Usage: 1494.265856 mB
Finished Calculation State Posteriors
Saved Zero State Posterior to ./Empirical/HO/Pathan_5/chr7/.
Successfully loaded for PP. from ./Empirical/HO/Pathan_5/chr7/
Fraction Markers in ROH: 0.2282
Merged n=0 gaps < 0.0 M
Called n=1 ROH Blocks > 1.0 cM
Longest Block: 1.036
Successfully saved to ./Empirical/HO/Pathan_5/chr7/roh.csv
Using Low-Mem Cython Linear Speed Up.
Loaded Pre Processing Model: SardHDF5
Loading Individual: Pathan_5

Loaded 1145647 variants
Loaded 4616 individuals
HDF5 loaded from ./Data/Marcus2019_1240k/mod_reich_sardinia_ancients_rev_mrg_dedup_3trm_anno.h5

Loaded 61133 variants
Loaded 2504 individuals
HDF5 loaded from ./Data/1000Genomes/HDF5/1240kHDF5/all1240/chr8.hdf5

Intersection on Positions: 61130
Nr of Matching Refs: 61022 / 61130
Full Intersection Ref/Alt Identical: 60960 / 61130
2504 / 2504 Individuals included in Reference
Extraction of 5008 Haplotypes Complete!
Markers called 28456 / 60960
Successfully saved to: ./Empirical/HO/Pathan_5/chr8/
Successfully loaded Data from: ./Empirical/HO/Pathan_5/chr8/
Loaded Emission Model: diploid_gt
Loaded Transition Model: model
Loaded Post Processing Model: Standard
Minimum Genetic Map: 0.0001
Maximum Genetic Map: 1.6800
Gaps bigger than 0.1 cM: 254
Maximum Gap: 3.5052 cM
Loaded Transition and Emission Matrix:
(3, 3)
(5009, 28456)
Loaded Observations:
(2, 28456)
Memory Usage: 1484.935168 mB
Reference Number: 5008
Total Log likelihood: -14352.891
Memory Usage: 1484.935168 mB
Finished Calculation State Posteriors
Saved Zero State Posterior to ./Empirical/HO/Pathan_5/chr8/.
Successfully loaded for PP. from ./Empirical/HO/Pathan_5/chr8/
Fraction Markers in ROH: 0.2857
Called n=0 ROH Blocks > 1.0 cM
Longest Block: nan
Successfully saved to ./Empirical/HO/Pathan_5/chr8/roh.csv
Using Low-Mem Cython Linear Speed Up.
Loaded Pre Processing Model: SardHDF5
Loading Individual: Pathan_5

Loaded 1145647 variants
Loaded 4616 individuals
HDF5 loaded from ./Data/Marcus2019_1240k/mod_reich_sardinia_ancients_rev_mrg_dedup_3trm_anno.h5

Loaded 50668 variants
Loaded 2504 individuals
HDF5 loaded from ./Data/1000Genomes/HDF5/1240kHDF5/all1240/chr9.hdf5

Intersection on Positions: 50668
Nr of Matching Refs: 50539 / 50668
Full Intersection Ref/Alt Identical: 50493 / 50668
2504 / 2504 Individuals included in Reference
Extraction of 5008 Haplotypes Complete!
Markers called 23631 / 50493
Successfully saved to: ./Empirical/HO/Pathan_5/chr9/
Successfully loaded Data from: ./Empirical/HO/Pathan_5/chr9/
Loaded Emission Model: diploid_gt
Loaded Transition Model: model
Loaded Post Processing Model: Standard
Minimum Genetic Map: 0.0016
Maximum Genetic Map: 1.6630
Gaps bigger than 0.1 cM: 300
Maximum Gap: 2.3454 cM
Loaded Transition and Emission Matrix:
(3, 3)
(5009, 23631)
Loaded Observations:
(2, 23631)
Memory Usage: 1267.42528 mB
Reference Number: 5008
Total Log likelihood: -12550.021
Memory Usage: 1267.42528 mB
Finished Calculation State Posteriors
Saved Zero State Posterior to ./Empirical/HO/Pathan_5/chr9/.
Successfully loaded for PP. from ./Empirical/HO/Pathan_5/chr9/
Fraction Markers in ROH: 0.2347
Called n=0 ROH Blocks > 1.0 cM
Longest Block: nan
Successfully saved to ./Empirical/HO/Pathan_5/chr9/roh.csv
Using Low-Mem Cython Linear Speed Up.
Loaded Pre Processing Model: SardHDF5
Loading Individual: Pathan_5

Loaded 1145647 variants
Loaded 4616 individuals
HDF5 loaded from ./Data/Marcus2019_1240k/mod_reich_sardinia_ancients_rev_mrg_dedup_3trm_anno.h5

Loaded 58804 variants
Loaded 2504 individuals
HDF5 loaded from ./Data/1000Genomes/HDF5/1240kHDF5/all1240/chr10.hdf5

Intersection on Positions: 58803
Nr of Matching Refs: 58657 / 58803
Full Intersection Ref/Alt Identical: 58591 / 58803
2504 / 2504 Individuals included in Reference
Extraction of 5008 Haplotypes Complete!
Markers called 30493 / 58591
Successfully saved to: ./Empirical/HO/Pathan_5/chr10/
Successfully loaded Data from: ./Empirical/HO/Pathan_5/chr10/
Loaded Emission Model: diploid_gt
Loaded Transition Model: model
Loaded Post Processing Model: Standard
Minimum Genetic Map: 0.0001
Maximum Genetic Map: 1.8089
Gaps bigger than 0.1 cM: 265
Maximum Gap: 2.0338 cM
Loaded Transition and Emission Matrix:
(3, 3)
(5009, 30493)
Loaded Observations:
(2, 30493)
Memory Usage: 1576.767488 mB
Reference Number: 5008
Total Log likelihood: -15911.027
Memory Usage: 1576.767488 mB
Finished Calculation State Posteriors
Saved Zero State Posterior to ./Empirical/HO/Pathan_5/chr10/.
Successfully loaded for PP. from ./Empirical/HO/Pathan_5/chr10/
Fraction Markers in ROH: 0.2608
Called n=0 ROH Blocks > 1.0 cM
Longest Block: nan
Successfully saved to ./Empirical/HO/Pathan_5/chr10/roh.csv
Using Low-Mem Cython Linear Speed Up.
Loaded Pre Processing Model: SardHDF5
Loading Individual: Pathan_5

Loaded 1145647 variants
Loaded 4616 individuals
HDF5 loaded from ./Data/Marcus2019_1240k/mod_reich_sardinia_ancients_rev_mrg_dedup_3trm_anno.h5

Loaded 54833 variants
Loaded 2504 individuals
HDF5 loaded from ./Data/1000Genomes/HDF5/1240kHDF5/all1240/chr11.hdf5

Intersection on Positions: 54831
Nr of Matching Refs: 54669 / 54831
Full Intersection Ref/Alt Identical: 54616 / 54831
2504 / 2504 Individuals included in Reference
Extraction of 5008 Haplotypes Complete!
Markers called 28056 / 54616
Successfully saved to: ./Empirical/HO/Pathan_5/chr11/
Successfully loaded Data from: ./Empirical/HO/Pathan_5/chr11/
Loaded Emission Model: diploid_gt
Loaded Transition Model: model
Loaded Post Processing Model: Standard
Minimum Genetic Map: 0.0000
Maximum Genetic Map: 1.5822
Gaps bigger than 0.1 cM: 247
Maximum Gap: 0.5683 cM
Loaded Transition and Emission Matrix:
(3, 3)
(5009, 28056)
Loaded Observations:
(2, 28056)
Memory Usage: 1466.904576 mB
Reference Number: 5008
Total Log likelihood: -14737.736
Memory Usage: 1466.904576 mB
Finished Calculation State Posteriors
Saved Zero State Posterior to ./Empirical/HO/Pathan_5/chr11/.
Successfully loaded for PP. from ./Empirical/HO/Pathan_5/chr11/
Fraction Markers in ROH: 0.2516
Called n=0 ROH Blocks > 1.0 cM
Longest Block: nan
Successfully saved to ./Empirical/HO/Pathan_5/chr11/roh.csv
Using Low-Mem Cython Linear Speed Up.
Loaded Pre Processing Model: SardHDF5
Loading Individual: Pathan_5

Loaded 1145647 variants
Loaded 4616 individuals
HDF5 loaded from ./Data/Marcus2019_1240k/mod_reich_sardinia_ancients_rev_mrg_dedup_3trm_anno.h5

Loaded 53911 variants
Loaded 2504 individuals
HDF5 loaded from ./Data/1000Genomes/HDF5/1240kHDF5/all1240/chr12.hdf5

Intersection on Positions: 53911
Nr of Matching Refs: 53713 / 53911
Full Intersection Ref/Alt Identical: 53672 / 53911
2504 / 2504 Individuals included in Reference
Extraction of 5008 Haplotypes Complete!
Markers called 27263 / 53672
Successfully saved to: ./Empirical/HO/Pathan_5/chr12/
Successfully loaded Data from: ./Empirical/HO/Pathan_5/chr12/
Loaded Emission Model: diploid_gt
Loaded Transition Model: model
Loaded Post Processing Model: Standard
Minimum Genetic Map: 0.0009
Maximum Genetic Map: 1.7468
Gaps bigger than 0.1 cM: 285
Maximum Gap: 0.8015 cM
Loaded Transition and Emission Matrix:
(3, 3)
(5009, 27263)
Loaded Observations:
(2, 27263)
Memory Usage: 1431.166976 mB
Reference Number: 5008
Total Log likelihood: -14734.819
Memory Usage: 1431.166976 mB
Finished Calculation State Posteriors
Saved Zero State Posterior to ./Empirical/HO/Pathan_5/chr12/.
Successfully loaded for PP. from ./Empirical/HO/Pathan_5/chr12/
Fraction Markers in ROH: 0.2288
Called n=0 ROH Blocks > 1.0 cM
Longest Block: nan
Successfully saved to ./Empirical/HO/Pathan_5/chr12/roh.csv
Using Low-Mem Cython Linear Speed Up.
Loaded Pre Processing Model: SardHDF5
Loading Individual: Pathan_5

Loaded 1145647 variants
Loaded 4616 individuals
HDF5 loaded from ./Data/Marcus2019_1240k/mod_reich_sardinia_ancients_rev_mrg_dedup_3trm_anno.h5

Loaded 39018 variants
Loaded 2504 individuals
HDF5 loaded from ./Data/1000Genomes/HDF5/1240kHDF5/all1240/chr13.hdf5

Intersection on Positions: 39015
Nr of Matching Refs: 38885 / 39015
Full Intersection Ref/Alt Identical: 38841 / 39015
2504 / 2504 Individuals included in Reference
Extraction of 5008 Haplotypes Complete!
Markers called 17829 / 38841
Successfully saved to: ./Empirical/HO/Pathan_5/chr13/
Successfully loaded Data from: ./Empirical/HO/Pathan_5/chr13/
Loaded Emission Model: diploid_gt
Loaded Transition Model: model
Loaded Post Processing Model: Standard
Minimum Genetic Map: 0.0028
Maximum Genetic Map: 1.2570
Gaps bigger than 0.1 cM: 229
Maximum Gap: 1.2234 cM
Loaded Transition and Emission Matrix:
(3, 3)
(5009, 17829)
Loaded Observations:
(2, 17829)
Memory Usage: 1005.879296 mB
Reference Number: 5008
Total Log likelihood: -9607.064
Memory Usage: 1005.879296 mB
Finished Calculation State Posteriors
Saved Zero State Posterior to ./Empirical/HO/Pathan_5/chr13/.
Successfully loaded for PP. from ./Empirical/HO/Pathan_5/chr13/
Fraction Markers in ROH: 0.2246
Called n=0 ROH Blocks > 1.0 cM
Longest Block: nan
Successfully saved to ./Empirical/HO/Pathan_5/chr13/roh.csv
Using Low-Mem Cython Linear Speed Up.
Loaded Pre Processing Model: SardHDF5
Loading Individual: Pathan_5

Loaded 1145647 variants
Loaded 4616 individuals
HDF5 loaded from ./Data/Marcus2019_1240k/mod_reich_sardinia_ancients_rev_mrg_dedup_3trm_anno.h5

Loaded 36301 variants
Loaded 2504 individuals
HDF5 loaded from ./Data/1000Genomes/HDF5/1240kHDF5/all1240/chr14.hdf5

Intersection on Positions: 36301
Nr of Matching Refs: 36166 / 36301
Full Intersection Ref/Alt Identical: 36126 / 36301
2504 / 2504 Individuals included in Reference
Extraction of 5008 Haplotypes Complete!
Markers called 18671 / 36126
Successfully saved to: ./Empirical/HO/Pathan_5/chr14/
Successfully loaded Data from: ./Empirical/HO/Pathan_5/chr14/
Loaded Emission Model: diploid_gt
Loaded Transition Model: model
Loaded Post Processing Model: Standard
Minimum Genetic Map: 0.0184
Maximum Genetic Map: 1.2020
Gaps bigger than 0.1 cM: 191
Maximum Gap: 3.5856 cM
Loaded Transition and Emission Matrix:
(3, 3)
(5009, 18671)
Loaded Observations:
(2, 18671)
Memory Usage: 1043.841024 mB
Reference Number: 5008
Total Log likelihood: -9998.287
Memory Usage: 1043.841024 mB
Finished Calculation State Posteriors
Saved Zero State Posterior to ./Empirical/HO/Pathan_5/chr14/.
Successfully loaded for PP. from ./Empirical/HO/Pathan_5/chr14/
Fraction Markers in ROH: 0.2237
Called n=0 ROH Blocks > 1.0 cM
Longest Block: nan
Successfully saved to ./Empirical/HO/Pathan_5/chr14/roh.csv
Using Low-Mem Cython Linear Speed Up.
Loaded Pre Processing Model: SardHDF5
Loading Individual: Pathan_5

Loaded 1145647 variants
Loaded 4616 individuals
HDF5 loaded from ./Data/Marcus2019_1240k/mod_reich_sardinia_ancients_rev_mrg_dedup_3trm_anno.h5

Loaded 34429 variants
Loaded 2504 individuals
HDF5 loaded from ./Data/1000Genomes/HDF5/1240kHDF5/all1240/chr15.hdf5

Intersection on Positions: 34425
Nr of Matching Refs: 34285 / 34425
Full Intersection Ref/Alt Identical: 34249 / 34425
2504 / 2504 Individuals included in Reference
Extraction of 5008 Haplotypes Complete!
Markers called 18039 / 34249
Successfully saved to: ./Empirical/HO/Pathan_5/chr15/
Successfully loaded Data from: ./Empirical/HO/Pathan_5/chr15/
Loaded Emission Model: diploid_gt
Loaded Transition Model: model
Loaded Post Processing Model: Standard
Minimum Genetic Map: 0.0002
Maximum Genetic Map: 1.4133
Gaps bigger than 0.1 cM: 202
Maximum Gap: 13.7876 cM
Loaded Transition and Emission Matrix:
(3, 3)
(5009, 18039)
Loaded Observations:
(2, 18039)
Memory Usage: 1015.349248 mB
Reference Number: 5008
Total Log likelihood: -9487.539
Memory Usage: 1015.349248 mB
Finished Calculation State Posteriors
Saved Zero State Posterior to ./Empirical/HO/Pathan_5/chr15/.
Successfully loaded for PP. from ./Empirical/HO/Pathan_5/chr15/
Fraction Markers in ROH: 0.2476
Called n=0 ROH Blocks > 1.0 cM
Longest Block: nan
Successfully saved to ./Empirical/HO/Pathan_5/chr15/roh.csv
Using Low-Mem Cython Linear Speed Up.
Loaded Pre Processing Model: SardHDF5
Loading Individual: Pathan_5

Loaded 1145647 variants
Loaded 4616 individuals
HDF5 loaded from ./Data/Marcus2019_1240k/mod_reich_sardinia_ancients_rev_mrg_dedup_3trm_anno.h5

Loaded 34402 variants
Loaded 2504 individuals
HDF5 loaded from ./Data/1000Genomes/HDF5/1240kHDF5/all1240/chr16.hdf5

Intersection on Positions: 34399
Nr of Matching Refs: 34254 / 34399
Full Intersection Ref/Alt Identical: 34201 / 34399
2504 / 2504 Individuals included in Reference
Extraction of 5008 Haplotypes Complete!
Markers called 18251 / 34201
Successfully saved to: ./Empirical/HO/Pathan_5/chr16/
Successfully loaded Data from: ./Empirical/HO/Pathan_5/chr16/
Loaded Emission Model: diploid_gt
Loaded Transition Model: model
Loaded Post Processing Model: Standard
Minimum Genetic Map: 0.0001
Maximum Genetic Map: 1.3402
Gaps bigger than 0.1 cM: 228
Maximum Gap: 0.9354 cM
Loaded Transition and Emission Matrix:
(3, 3)
(5009, 18251)
Loaded Observations:
(2, 18251)
Memory Usage: 1024.905216 mB
Reference Number: 5008
Total Log likelihood: -9401.408
Memory Usage: 1024.905216 mB
Finished Calculation State Posteriors
Saved Zero State Posterior to ./Empirical/HO/Pathan_5/chr16/.
Successfully loaded for PP. from ./Empirical/HO/Pathan_5/chr16/
Fraction Markers in ROH: 0.2832
Called n=0 ROH Blocks > 1.0 cM
Longest Block: nan
Successfully saved to ./Empirical/HO/Pathan_5/chr16/roh.csv
Using Low-Mem Cython Linear Speed Up.
Loaded Pre Processing Model: SardHDF5
Loading Individual: Pathan_5

Loaded 1145647 variants
Loaded 4616 individuals
HDF5 loaded from ./Data/Marcus2019_1240k/mod_reich_sardinia_ancients_rev_mrg_dedup_3trm_anno.h5

Loaded 29314 variants
Loaded 2504 individuals
HDF5 loaded from ./Data/1000Genomes/HDF5/1240kHDF5/all1240/chr17.hdf5

Intersection on Positions: 29313
Nr of Matching Refs: 29159 / 29313
Full Intersection Ref/Alt Identical: 29124 / 29313
2504 / 2504 Individuals included in Reference
Extraction of 5008 Haplotypes Complete!
Markers called 15231 / 29124
Successfully saved to: ./Empirical/HO/Pathan_5/chr17/
Successfully loaded Data from: ./Empirical/HO/Pathan_5/chr17/
Loaded Emission Model: diploid_gt
Loaded Transition Model: model
Loaded Post Processing Model: Standard
Minimum Genetic Map: -0.0003
Maximum Genetic Map: 1.2845
Gaps bigger than 0.1 cM: 225
Maximum Gap: 1.2355 cM
Loaded Transition and Emission Matrix:
(3, 3)
(5009, 15231)
Loaded Observations:
(2, 15231)
Memory Usage: 888.762368 mB
Reference Number: 5008
Total Log likelihood: -7943.345
Memory Usage: 888.762368 mB
Finished Calculation State Posteriors
Saved Zero State Posterior to ./Empirical/HO/Pathan_5/chr17/.
Successfully loaded for PP. from ./Empirical/HO/Pathan_5/chr17/
Fraction Markers in ROH: 0.2505
Called n=0 ROH Blocks > 1.0 cM
Longest Block: nan
Successfully saved to ./Empirical/HO/Pathan_5/chr17/roh.csv
Using Low-Mem Cython Linear Speed Up.
Loaded Pre Processing Model: SardHDF5
Loading Individual: Pathan_5

Loaded 1145647 variants
Loaded 4616 individuals
HDF5 loaded from ./Data/Marcus2019_1240k/mod_reich_sardinia_ancients_rev_mrg_dedup_3trm_anno.h5

Loaded 33917 variants
Loaded 2504 individuals
HDF5 loaded from ./Data/1000Genomes/HDF5/1240kHDF5/all1240/chr18.hdf5

Intersection on Positions: 33916
Nr of Matching Refs: 33774 / 33916
Full Intersection Ref/Alt Identical: 33746 / 33916
2504 / 2504 Individuals included in Reference
Extraction of 5008 Haplotypes Complete!
Markers called 17151 / 33746
Successfully saved to: ./Empirical/HO/Pathan_5/chr18/
Successfully loaded Data from: ./Empirical/HO/Pathan_5/chr18/
Loaded Emission Model: diploid_gt
Loaded Transition Model: model
Loaded Post Processing Model: Standard
Minimum Genetic Map: 0.0027
Maximum Genetic Map: 1.1771
Gaps bigger than 0.1 cM: 194
Maximum Gap: 0.8037 cM
Loaded Transition and Emission Matrix:
(3, 3)
(5009, 17151)
Loaded Observations:
(2, 17151)
Memory Usage: 975.323136 mB
Reference Number: 5008
Total Log likelihood: -9135.821
Memory Usage: 975.323136 mB
Finished Calculation State Posteriors
Saved Zero State Posterior to ./Empirical/HO/Pathan_5/chr18/.
Successfully loaded for PP. from ./Empirical/HO/Pathan_5/chr18/
Fraction Markers in ROH: 0.2311
Called n=0 ROH Blocks > 1.0 cM
Longest Block: nan
Successfully saved to ./Empirical/HO/Pathan_5/chr18/roh.csv
Using Low-Mem Cython Linear Speed Up.
Loaded Pre Processing Model: SardHDF5
Loading Individual: Pathan_5

Loaded 1145647 variants
Loaded 4616 individuals
HDF5 loaded from ./Data/Marcus2019_1240k/mod_reich_sardinia_ancients_rev_mrg_dedup_3trm_anno.h5

Loaded 18460 variants
Loaded 2504 individuals
HDF5 loaded from ./Data/1000Genomes/HDF5/1240kHDF5/all1240/chr19.hdf5

Intersection on Positions: 18459
Nr of Matching Refs: 18381 / 18459
Full Intersection Ref/Alt Identical: 18340 / 18459
2504 / 2504 Individuals included in Reference
Extraction of 5008 Haplotypes Complete!
Markers called 8695 / 18340
Successfully saved to: ./Empirical/HO/Pathan_5/chr19/
Successfully loaded Data from: ./Empirical/HO/Pathan_5/chr19/
Loaded Emission Model: diploid_gt
Loaded Transition Model: model
Loaded Post Processing Model: Standard
Minimum Genetic Map: 0.0000
Maximum Genetic Map: 1.0773
Gaps bigger than 0.1 cM: 286
Maximum Gap: 0.6354 cM
Loaded Transition and Emission Matrix:
(3, 3)
(5009, 8695)
Loaded Observations:
(2, 8695)
Memory Usage: 594.1248 mB
Reference Number: 5008
Total Log likelihood: -4561.094
Memory Usage: 594.1248 mB
Finished Calculation State Posteriors
Saved Zero State Posterior to ./Empirical/HO/Pathan_5/chr19/.
Successfully loaded for PP. from ./Empirical/HO/Pathan_5/chr19/
Fraction Markers in ROH: 0.2537
Called n=0 ROH Blocks > 1.0 cM
Longest Block: nan
Successfully saved to ./Empirical/HO/Pathan_5/chr19/roh.csv
Using Low-Mem Cython Linear Speed Up.
Loaded Pre Processing Model: SardHDF5
Loading Individual: Pathan_5

Loaded 1145647 variants
Loaded 4616 individuals
HDF5 loaded from ./Data/Marcus2019_1240k/mod_reich_sardinia_ancients_rev_mrg_dedup_3trm_anno.h5

Loaded 29078 variants
Loaded 2504 individuals
HDF5 loaded from ./Data/1000Genomes/HDF5/1240kHDF5/all1240/chr20.hdf5

Intersection on Positions: 29077
Nr of Matching Refs: 28908 / 29077
Full Intersection Ref/Alt Identical: 28864 / 29077
2504 / 2504 Individuals included in Reference
Extraction of 5008 Haplotypes Complete!
Markers called 15373 / 28864
Successfully saved to: ./Empirical/HO/Pathan_5/chr20/
Successfully loaded Data from: ./Empirical/HO/Pathan_5/chr20/
Loaded Emission Model: diploid_gt
Loaded Transition Model: model
Loaded Post Processing Model: Standard
Minimum Genetic Map: 0.0008
Maximum Genetic Map: 1.0821
Gaps bigger than 0.1 cM: 202
Maximum Gap: 0.4744 cM
Loaded Transition and Emission Matrix:
(3, 3)
(5009, 15373)
Loaded Observations:
(2, 15373)
Memory Usage: 895.176704 mB
Reference Number: 5008
Total Log likelihood: -8058.725
Memory Usage: 895.176704 mB
Finished Calculation State Posteriors
Saved Zero State Posterior to ./Empirical/HO/Pathan_5/chr20/.
Successfully loaded for PP. from ./Empirical/HO/Pathan_5/chr20/
Fraction Markers in ROH: 0.2541
Called n=0 ROH Blocks > 1.0 cM
Longest Block: nan
Successfully saved to ./Empirical/HO/Pathan_5/chr20/roh.csv
Using Low-Mem Cython Linear Speed Up.
Loaded Pre Processing Model: SardHDF5
Loading Individual: Pathan_5

Loaded 1145647 variants
Loaded 4616 individuals
HDF5 loaded from ./Data/Marcus2019_1240k/mod_reich_sardinia_ancients_rev_mrg_dedup_3trm_anno.h5

Loaded 16038 variants
Loaded 2504 individuals
HDF5 loaded from ./Data/1000Genomes/HDF5/1240kHDF5/all1240/chr21.hdf5

Intersection on Positions: 16036
Nr of Matching Refs: 15949 / 16036
Full Intersection Ref/Alt Identical: 15930 / 16036
2504 / 2504 Individuals included in Reference
Extraction of 5008 Haplotypes Complete!
Markers called 7910 / 15930
Successfully saved to: ./Empirical/HO/Pathan_5/chr21/
Successfully loaded Data from: ./Empirical/HO/Pathan_5/chr21/
Loaded Emission Model: diploid_gt
Loaded Transition Model: model
Loaded Post Processing Model: Standard
Minimum Genetic Map: 0.0145
Maximum Genetic Map: 0.6277
Gaps bigger than 0.1 cM: 119
Maximum Gap: 0.7121 cM
Loaded Transition and Emission Matrix:
(3, 3)
(5009, 7910)
Loaded Observations:
(2, 7910)
Memory Usage: 558.751744 mB
Reference Number: 5008
Total Log likelihood: -4212.603
Memory Usage: 558.751744 mB
Finished Calculation State Posteriors
Saved Zero State Posterior to ./Empirical/HO/Pathan_5/chr21/.
Successfully loaded for PP. from ./Empirical/HO/Pathan_5/chr21/
Fraction Markers in ROH: 0.2383
Called n=0 ROH Blocks > 1.0 cM
Longest Block: nan
Successfully saved to ./Empirical/HO/Pathan_5/chr21/roh.csv
Using Low-Mem Cython Linear Speed Up.
Loaded Pre Processing Model: SardHDF5
Loading Individual: Pathan_5

Loaded 1145647 variants
Loaded 4616 individuals
HDF5 loaded from ./Data/Marcus2019_1240k/mod_reich_sardinia_ancients_rev_mrg_dedup_3trm_anno.h5

Loaded 15802 variants
Loaded 2504 individuals
HDF5 loaded from ./Data/1000Genomes/HDF5/1240kHDF5/all1240/chr22.hdf5

Intersection on Positions: 15802
Nr of Matching Refs: 15704 / 15802
Full Intersection Ref/Alt Identical: 15684 / 15802
2504 / 2504 Individuals included in Reference
Extraction of 5008 Haplotypes Complete!
Markers called 7708 / 15684
Successfully saved to: ./Empirical/HO/Pathan_5/chr22/
Successfully loaded Data from: ./Empirical/HO/Pathan_5/chr22/
Loaded Emission Model: diploid_gt
Loaded Transition Model: model
Loaded Post Processing Model: Standard
Minimum Genetic Map: 0.0178
Maximum Genetic Map: 0.7408
Gaps bigger than 0.1 cM: 148
Maximum Gap: 1.7139 cM
Loaded Transition and Emission Matrix:
(3, 3)
(5009, 7708)
Loaded Observations:
(2, 7708)
Memory Usage: 549.646336 mB
Reference Number: 5008
Total Log likelihood: -3903.420
Memory Usage: 549.646336 mB
Finished Calculation State Posteriors
Saved Zero State Posterior to ./Empirical/HO/Pathan_5/chr22/.
Successfully loaded for PP. from ./Empirical/HO/Pathan_5/chr22/
Fraction Markers in ROH: 0.2359
Called n=0 ROH Blocks > 1.0 cM
Longest Block: nan
Successfully saved to ./Empirical/HO/Pathan_5/chr22/roh.csv
Run for Individual Pathan_5: Complete! Yeah!!
