Doing Individual French_17...
Using Low-Mem Cython Linear Speed Up.
Loaded Pre Processing Model: SardHDF5
Loading Individual: French_17

Loaded 1145647 variants
Loaded 4616 individuals
HDF5 loaded from ./Data/Marcus2019_1240k/mod_reich_sardinia_ancients_rev_mrg_dedup_3trm_anno.h5

Loaded 89147 variants
Loaded 2504 individuals
HDF5 loaded from ./Data/1000Genomes/HDF5/1240kHDF5/all1240/chr1.hdf5

Intersection on Positions: 89143
Nr of Matching Refs: 89143 / 89143
Full Intersection Ref/Alt Identical: 89079 / 89143
2504 / 2504 Individuals included in Reference
Extraction of 5008 Haplotypes Complete!
Markers called 47287 / 89079
Successfully saved to: ./Empirical/HO/French_17/chr1/
Successfully loaded Data from: ./Empirical/HO/French_17/chr1/
Loaded Emission Model: diploid_gt
Loaded Transition Model: model
Loaded Post Processing Model: Standard
Minimum Genetic Map: 0.0201
Maximum Genetic Map: 2.8623
Gaps bigger than 0.1 cM: 425
Maximum Gap: 3.9814 cM
Loaded Transition and Emission Matrix:
(3, 3)
(5009, 47287)
Loaded Observations:
(2, 47287)
Memory Usage: 2317.262848 mB
Reference Number: 5008
Total Log likelihood: -23321.050
Memory Usage: 2317.7216 mB
Finished Calculation State Posteriors
Saved Zero State Posterior to ./Empirical/HO/French_17/chr1/.
Successfully loaded for PP. from ./Empirical/HO/French_17/chr1/
Fraction Markers in ROH: 0.2988
Merged n=0 gaps < 0.0 M
Called n=2 ROH Blocks > 1.0 cM
Longest Block: 1.410
Successfully saved to ./Empirical/HO/French_17/chr1/roh.csv
Using Low-Mem Cython Linear Speed Up.
Loaded Pre Processing Model: SardHDF5
Loading Individual: French_17

Loaded 1145647 variants
Loaded 4616 individuals
HDF5 loaded from ./Data/Marcus2019_1240k/mod_reich_sardinia_ancients_rev_mrg_dedup_3trm_anno.h5

Loaded 94239 variants
Loaded 2504 individuals
HDF5 loaded from ./Data/1000Genomes/HDF5/1240kHDF5/all1240/chr2.hdf5

Intersection on Positions: 94237
Nr of Matching Refs: 94205 / 94237
Full Intersection Ref/Alt Identical: 94137 / 94237
2504 / 2504 Individuals included in Reference
Extraction of 5008 Haplotypes Complete!
Markers called 48764 / 94137
Successfully saved to: ./Empirical/HO/French_17/chr2/
Successfully loaded Data from: ./Empirical/HO/French_17/chr2/
Loaded Emission Model: diploid_gt
Loaded Transition Model: model
Loaded Post Processing Model: Standard
Minimum Genetic Map: 0.0001
Maximum Genetic Map: 2.6883
Gaps bigger than 0.1 cM: 397
Maximum Gap: 2.0159 cM
Loaded Transition and Emission Matrix:
(3, 3)
(5009, 48764)
Loaded Observations:
(2, 48764)
Memory Usage: 2386.35008 mB
Reference Number: 5008
Total Log likelihood: -24486.558
Memory Usage: 2386.2272 mB
Finished Calculation State Posteriors
Saved Zero State Posterior to ./Empirical/HO/French_17/chr2/.
Successfully loaded for PP. from ./Empirical/HO/French_17/chr2/
Fraction Markers in ROH: 0.3000
Called n=0 ROH Blocks > 1.0 cM
Longest Block: nan
Successfully saved to ./Empirical/HO/French_17/chr2/roh.csv
Using Low-Mem Cython Linear Speed Up.
Loaded Pre Processing Model: SardHDF5
Loading Individual: French_17

Loaded 1145647 variants
Loaded 4616 individuals
HDF5 loaded from ./Data/Marcus2019_1240k/mod_reich_sardinia_ancients_rev_mrg_dedup_3trm_anno.h5

Loaded 77652 variants
Loaded 2504 individuals
HDF5 loaded from ./Data/1000Genomes/HDF5/1240kHDF5/all1240/chr3.hdf5

Intersection on Positions: 77650
Nr of Matching Refs: 77606 / 77650
Full Intersection Ref/Alt Identical: 77553 / 77650
2504 / 2504 Individuals included in Reference
Extraction of 5008 Haplotypes Complete!
Markers called 40472 / 77553
Successfully saved to: ./Empirical/HO/French_17/chr3/
Successfully loaded Data from: ./Empirical/HO/French_17/chr3/
Loaded Emission Model: diploid_gt
Loaded Transition Model: model
Loaded Post Processing Model: Standard
Minimum Genetic Map: 0.0002
Maximum Genetic Map: 2.2326
Gaps bigger than 0.1 cM: 343
Maximum Gap: 0.4179 cM
Loaded Transition and Emission Matrix:
(3, 3)
(5009, 40472)
Loaded Observations:
(2, 40472)
Memory Usage: 2026.479616 mB
Reference Number: 5008
Total Log likelihood: -20945.291
Memory Usage: 2026.479616 mB
Finished Calculation State Posteriors
Saved Zero State Posterior to ./Empirical/HO/French_17/chr3/.
Successfully loaded for PP. from ./Empirical/HO/French_17/chr3/
Fraction Markers in ROH: 0.2652
Merged n=0 gaps < 0.0 M
Called n=1 ROH Blocks > 1.0 cM
Longest Block: 1.039
Successfully saved to ./Empirical/HO/French_17/chr3/roh.csv
Using Low-Mem Cython Linear Speed Up.
Loaded Pre Processing Model: SardHDF5
Loading Individual: French_17

Loaded 1145647 variants
Loaded 4616 individuals
HDF5 loaded from ./Data/Marcus2019_1240k/mod_reich_sardinia_ancients_rev_mrg_dedup_3trm_anno.h5

Loaded 68759 variants
Loaded 2504 individuals
HDF5 loaded from ./Data/1000Genomes/HDF5/1240kHDF5/all1240/chr4.hdf5

Intersection on Positions: 68759
Nr of Matching Refs: 68709 / 68759
Full Intersection Ref/Alt Identical: 68663 / 68759
2504 / 2504 Individuals included in Reference
Extraction of 5008 Haplotypes Complete!
Markers called 33898 / 68663
Successfully saved to: ./Empirical/HO/French_17/chr4/
Successfully loaded Data from: ./Empirical/HO/French_17/chr4/
Loaded Emission Model: diploid_gt
Loaded Transition Model: model
Loaded Post Processing Model: Standard
Minimum Genetic Map: 0.0034
Maximum Genetic Map: 2.1454
Gaps bigger than 0.1 cM: 334
Maximum Gap: 2.1375 cM
Loaded Transition and Emission Matrix:
(3, 3)
(5009, 33898)
Loaded Observations:
(2, 33898)
Memory Usage: 1730.101248 mB
Reference Number: 5008
Total Log likelihood: -17501.397
Memory Usage: 1730.101248 mB
Finished Calculation State Posteriors
Saved Zero State Posterior to ./Empirical/HO/French_17/chr4/.
Successfully loaded for PP. from ./Empirical/HO/French_17/chr4/
Fraction Markers in ROH: 0.2608
Called n=0 ROH Blocks > 1.0 cM
Longest Block: nan
Successfully saved to ./Empirical/HO/French_17/chr4/roh.csv
Using Low-Mem Cython Linear Speed Up.
Loaded Pre Processing Model: SardHDF5
Loading Individual: French_17

Loaded 1145647 variants
Loaded 4616 individuals
HDF5 loaded from ./Data/Marcus2019_1240k/mod_reich_sardinia_ancients_rev_mrg_dedup_3trm_anno.h5

Loaded 69399 variants
Loaded 2504 individuals
HDF5 loaded from ./Data/1000Genomes/HDF5/1240kHDF5/all1240/chr5.hdf5

Intersection on Positions: 69394
Nr of Matching Refs: 69307 / 69394
Full Intersection Ref/Alt Identical: 69252 / 69394
2504 / 2504 Individuals included in Reference
Extraction of 5008 Haplotypes Complete!
Markers called 34032 / 69252
Successfully saved to: ./Empirical/HO/French_17/chr5/
Successfully loaded Data from: ./Empirical/HO/French_17/chr5/
Loaded Emission Model: diploid_gt
Loaded Transition Model: model
Loaded Post Processing Model: Standard
Minimum Genetic Map: 0.0004
Maximum Genetic Map: 2.0409
Gaps bigger than 0.1 cM: 342
Maximum Gap: 1.0498 cM
Loaded Transition and Emission Matrix:
(3, 3)
(5009, 34032)
Loaded Observations:
(2, 34032)
Memory Usage: 1736.159232 mB
Reference Number: 5008
Total Log likelihood: -16834.129
Memory Usage: 1736.159232 mB
Finished Calculation State Posteriors
Saved Zero State Posterior to ./Empirical/HO/French_17/chr5/.
Successfully loaded for PP. from ./Empirical/HO/French_17/chr5/
Fraction Markers in ROH: 0.2801
Merged n=0 gaps < 0.0 M
Called n=1 ROH Blocks > 1.0 cM
Longest Block: 1.290
Successfully saved to ./Empirical/HO/French_17/chr5/roh.csv
Using Low-Mem Cython Linear Speed Up.
Loaded Pre Processing Model: SardHDF5
Loading Individual: French_17

Loaded 1145647 variants
Loaded 4616 individuals
HDF5 loaded from ./Data/Marcus2019_1240k/mod_reich_sardinia_ancients_rev_mrg_dedup_3trm_anno.h5

Loaded 75870 variants
Loaded 2504 individuals
HDF5 loaded from ./Data/1000Genomes/HDF5/1240kHDF5/all1240/chr6.hdf5

Intersection on Positions: 75866
Nr of Matching Refs: 75743 / 75866
Full Intersection Ref/Alt Identical: 75675 / 75866
2504 / 2504 Individuals included in Reference
Extraction of 5008 Haplotypes Complete!
Markers called 33836 / 75675
Successfully saved to: ./Empirical/HO/French_17/chr6/
Successfully loaded Data from: ./Empirical/HO/French_17/chr6/
Loaded Emission Model: diploid_gt
Loaded Transition Model: model
Loaded Post Processing Model: Standard
Minimum Genetic Map: 0.0035
Maximum Genetic Map: 1.9203
Gaps bigger than 0.1 cM: 290
Maximum Gap: 0.5072 cM
Loaded Transition and Emission Matrix:
(3, 3)
(5009, 33836)
Loaded Observations:
(2, 33836)
Memory Usage: 1727.336448 mB
Reference Number: 5008
Total Log likelihood: -17598.637
Memory Usage: 1727.336448 mB
Finished Calculation State Posteriors
Saved Zero State Posterior to ./Empirical/HO/French_17/chr6/.
Successfully loaded for PP. from ./Empirical/HO/French_17/chr6/
Fraction Markers in ROH: 0.2615
Called n=0 ROH Blocks > 1.0 cM
Longest Block: nan
Successfully saved to ./Empirical/HO/French_17/chr6/roh.csv
Using Low-Mem Cython Linear Speed Up.
Loaded Pre Processing Model: SardHDF5
Loading Individual: French_17

Loaded 1145647 variants
Loaded 4616 individuals
HDF5 loaded from ./Data/Marcus2019_1240k/mod_reich_sardinia_ancients_rev_mrg_dedup_3trm_anno.h5

Loaded 59890 variants
Loaded 2504 individuals
HDF5 loaded from ./Data/1000Genomes/HDF5/1240kHDF5/all1240/chr7.hdf5

Intersection on Positions: 59889
Nr of Matching Refs: 59781 / 59889
Full Intersection Ref/Alt Identical: 59715 / 59889
2504 / 2504 Individuals included in Reference
Extraction of 5008 Haplotypes Complete!
Markers called 28592 / 59715
Successfully saved to: ./Empirical/HO/French_17/chr7/
Successfully loaded Data from: ./Empirical/HO/French_17/chr7/
Loaded Emission Model: diploid_gt
Loaded Transition Model: model
Loaded Post Processing Model: Standard
Minimum Genetic Map: 0.0000
Maximum Genetic Map: 1.8715
Gaps bigger than 0.1 cM: 328
Maximum Gap: 1.0884 cM
Loaded Transition and Emission Matrix:
(3, 3)
(5009, 28592)
Loaded Observations:
(2, 28592)
Memory Usage: 1490.948096 mB
Reference Number: 5008
Total Log likelihood: -14748.900
Memory Usage: 1490.948096 mB
Finished Calculation State Posteriors
Saved Zero State Posterior to ./Empirical/HO/French_17/chr7/.
Successfully loaded for PP. from ./Empirical/HO/French_17/chr7/
Fraction Markers in ROH: 0.2673
Merged n=0 gaps < 0.0 M
Called n=1 ROH Blocks > 1.0 cM
Longest Block: 1.352
Successfully saved to ./Empirical/HO/French_17/chr7/roh.csv
Using Low-Mem Cython Linear Speed Up.
Loaded Pre Processing Model: SardHDF5
Loading Individual: French_17

Loaded 1145647 variants
Loaded 4616 individuals
HDF5 loaded from ./Data/Marcus2019_1240k/mod_reich_sardinia_ancients_rev_mrg_dedup_3trm_anno.h5

Loaded 61133 variants
Loaded 2504 individuals
HDF5 loaded from ./Data/1000Genomes/HDF5/1240kHDF5/all1240/chr8.hdf5

Intersection on Positions: 61130
Nr of Matching Refs: 61022 / 61130
Full Intersection Ref/Alt Identical: 60960 / 61130
2504 / 2504 Individuals included in Reference
Extraction of 5008 Haplotypes Complete!
Markers called 28380 / 60960
Successfully saved to: ./Empirical/HO/French_17/chr8/
Successfully loaded Data from: ./Empirical/HO/French_17/chr8/
Loaded Emission Model: diploid_gt
Loaded Transition Model: model
Loaded Post Processing Model: Standard
Minimum Genetic Map: 0.0001
Maximum Genetic Map: 1.6800
Gaps bigger than 0.1 cM: 253
Maximum Gap: 3.5052 cM
Loaded Transition and Emission Matrix:
(3, 3)
(5009, 28380)
Loaded Observations:
(2, 28380)
Memory Usage: 1481.388032 mB
Reference Number: 5008
Total Log likelihood: -14169.821
Memory Usage: 1481.388032 mB
Finished Calculation State Posteriors
Saved Zero State Posterior to ./Empirical/HO/French_17/chr8/.
Successfully loaded for PP. from ./Empirical/HO/French_17/chr8/
Fraction Markers in ROH: 0.2857
Called n=0 ROH Blocks > 1.0 cM
Longest Block: nan
Successfully saved to ./Empirical/HO/French_17/chr8/roh.csv
Using Low-Mem Cython Linear Speed Up.
Loaded Pre Processing Model: SardHDF5
Loading Individual: French_17

Loaded 1145647 variants
Loaded 4616 individuals
HDF5 loaded from ./Data/Marcus2019_1240k/mod_reich_sardinia_ancients_rev_mrg_dedup_3trm_anno.h5

Loaded 50668 variants
Loaded 2504 individuals
HDF5 loaded from ./Data/1000Genomes/HDF5/1240kHDF5/all1240/chr9.hdf5

Intersection on Positions: 50668
Nr of Matching Refs: 50539 / 50668
Full Intersection Ref/Alt Identical: 50493 / 50668
2504 / 2504 Individuals included in Reference
Extraction of 5008 Haplotypes Complete!
Markers called 23574 / 50493
Successfully saved to: ./Empirical/HO/French_17/chr9/
Successfully loaded Data from: ./Empirical/HO/French_17/chr9/
Loaded Emission Model: diploid_gt
Loaded Transition Model: model
Loaded Post Processing Model: Standard
Minimum Genetic Map: 0.0016
Maximum Genetic Map: 1.6630
Gaps bigger than 0.1 cM: 298
Maximum Gap: 2.3454 cM
Loaded Transition and Emission Matrix:
(3, 3)
(5009, 23574)
Loaded Observations:
(2, 23574)
Memory Usage: 1264.734208 mB
Reference Number: 5008
Total Log likelihood: -12097.487
Memory Usage: 1264.734208 mB
Finished Calculation State Posteriors
Saved Zero State Posterior to ./Empirical/HO/French_17/chr9/.
Successfully loaded for PP. from ./Empirical/HO/French_17/chr9/
Fraction Markers in ROH: 0.2654
Called n=0 ROH Blocks > 1.0 cM
Longest Block: nan
Successfully saved to ./Empirical/HO/French_17/chr9/roh.csv
Using Low-Mem Cython Linear Speed Up.
Loaded Pre Processing Model: SardHDF5
Loading Individual: French_17

Loaded 1145647 variants
Loaded 4616 individuals
HDF5 loaded from ./Data/Marcus2019_1240k/mod_reich_sardinia_ancients_rev_mrg_dedup_3trm_anno.h5

Loaded 58804 variants
Loaded 2504 individuals
HDF5 loaded from ./Data/1000Genomes/HDF5/1240kHDF5/all1240/chr10.hdf5

Intersection on Positions: 58803
Nr of Matching Refs: 58657 / 58803
Full Intersection Ref/Alt Identical: 58591 / 58803
2504 / 2504 Individuals included in Reference
Extraction of 5008 Haplotypes Complete!
Markers called 30378 / 58591
Successfully saved to: ./Empirical/HO/French_17/chr10/
Successfully loaded Data from: ./Empirical/HO/French_17/chr10/
Loaded Emission Model: diploid_gt
Loaded Transition Model: model
Loaded Post Processing Model: Standard
Minimum Genetic Map: 0.0001
Maximum Genetic Map: 1.8089
Gaps bigger than 0.1 cM: 263
Maximum Gap: 2.0338 cM
Loaded Transition and Emission Matrix:
(3, 3)
(5009, 30378)
Loaded Observations:
(2, 30378)
Memory Usage: 1571.459072 mB
Reference Number: 5008
Total Log likelihood: -15531.093
Memory Usage: 1571.459072 mB
Finished Calculation State Posteriors
Saved Zero State Posterior to ./Empirical/HO/French_17/chr10/.
Successfully loaded for PP. from ./Empirical/HO/French_17/chr10/
Fraction Markers in ROH: 0.2636
Called n=0 ROH Blocks > 1.0 cM
Longest Block: nan
Successfully saved to ./Empirical/HO/French_17/chr10/roh.csv
Using Low-Mem Cython Linear Speed Up.
Loaded Pre Processing Model: SardHDF5
Loading Individual: French_17

Loaded 1145647 variants
Loaded 4616 individuals
HDF5 loaded from ./Data/Marcus2019_1240k/mod_reich_sardinia_ancients_rev_mrg_dedup_3trm_anno.h5

Loaded 54833 variants
Loaded 2504 individuals
HDF5 loaded from ./Data/1000Genomes/HDF5/1240kHDF5/all1240/chr11.hdf5

Intersection on Positions: 54831
Nr of Matching Refs: 54669 / 54831
Full Intersection Ref/Alt Identical: 54616 / 54831
2504 / 2504 Individuals included in Reference
Extraction of 5008 Haplotypes Complete!
Markers called 27963 / 54616
Successfully saved to: ./Empirical/HO/French_17/chr11/
Successfully loaded Data from: ./Empirical/HO/French_17/chr11/
Loaded Emission Model: diploid_gt
Loaded Transition Model: model
Loaded Post Processing Model: Standard
Minimum Genetic Map: 0.0000
Maximum Genetic Map: 1.5822
Gaps bigger than 0.1 cM: 250
Maximum Gap: 0.5683 cM
Loaded Transition and Emission Matrix:
(3, 3)
(5009, 27963)
Loaded Observations:
(2, 27963)
Memory Usage: 1462.591488 mB
Reference Number: 5008
Total Log likelihood: -14465.317
Memory Usage: 1462.591488 mB
Finished Calculation State Posteriors
Saved Zero State Posterior to ./Empirical/HO/French_17/chr11/.
Successfully loaded for PP. from ./Empirical/HO/French_17/chr11/
Fraction Markers in ROH: 0.2741
Called n=0 ROH Blocks > 1.0 cM
Longest Block: nan
Successfully saved to ./Empirical/HO/French_17/chr11/roh.csv
Using Low-Mem Cython Linear Speed Up.
Loaded Pre Processing Model: SardHDF5
Loading Individual: French_17

Loaded 1145647 variants
Loaded 4616 individuals
HDF5 loaded from ./Data/Marcus2019_1240k/mod_reich_sardinia_ancients_rev_mrg_dedup_3trm_anno.h5

Loaded 53911 variants
Loaded 2504 individuals
HDF5 loaded from ./Data/1000Genomes/HDF5/1240kHDF5/all1240/chr12.hdf5

Intersection on Positions: 53911
Nr of Matching Refs: 53713 / 53911
Full Intersection Ref/Alt Identical: 53672 / 53911
2504 / 2504 Individuals included in Reference
Extraction of 5008 Haplotypes Complete!
Markers called 27180 / 53672
Successfully saved to: ./Empirical/HO/French_17/chr12/
Successfully loaded Data from: ./Empirical/HO/French_17/chr12/
Loaded Emission Model: diploid_gt
Loaded Transition Model: model
Loaded Post Processing Model: Standard
Minimum Genetic Map: 0.0009
Maximum Genetic Map: 1.7468
Gaps bigger than 0.1 cM: 287
Maximum Gap: 0.8015 cM
Loaded Transition and Emission Matrix:
(3, 3)
(5009, 27180)
Loaded Observations:
(2, 27180)
Memory Usage: 1427.300352 mB
Reference Number: 5008
Total Log likelihood: -14394.904
Memory Usage: 1427.300352 mB
Finished Calculation State Posteriors
Saved Zero State Posterior to ./Empirical/HO/French_17/chr12/.
Successfully loaded for PP. from ./Empirical/HO/French_17/chr12/
Fraction Markers in ROH: 0.2380
Merged n=0 gaps < 0.0 M
Called n=1 ROH Blocks > 1.0 cM
Longest Block: 3.611
Successfully saved to ./Empirical/HO/French_17/chr12/roh.csv
Using Low-Mem Cython Linear Speed Up.
Loaded Pre Processing Model: SardHDF5
Loading Individual: French_17

Loaded 1145647 variants
Loaded 4616 individuals
HDF5 loaded from ./Data/Marcus2019_1240k/mod_reich_sardinia_ancients_rev_mrg_dedup_3trm_anno.h5

Loaded 39018 variants
Loaded 2504 individuals
HDF5 loaded from ./Data/1000Genomes/HDF5/1240kHDF5/all1240/chr13.hdf5

Intersection on Positions: 39015
Nr of Matching Refs: 38885 / 39015
Full Intersection Ref/Alt Identical: 38841 / 39015
2504 / 2504 Individuals included in Reference
Extraction of 5008 Haplotypes Complete!
Markers called 17801 / 38841
Successfully saved to: ./Empirical/HO/French_17/chr13/
Successfully loaded Data from: ./Empirical/HO/French_17/chr13/
Loaded Emission Model: diploid_gt
Loaded Transition Model: model
Loaded Post Processing Model: Standard
Minimum Genetic Map: 0.0028
Maximum Genetic Map: 1.2570
Gaps bigger than 0.1 cM: 229
Maximum Gap: 1.2234 cM
Loaded Transition and Emission Matrix:
(3, 3)
(5009, 17801)
Loaded Observations:
(2, 17801)
Memory Usage: 1004.494848 mB
Reference Number: 5008
Total Log likelihood: -9399.409
Memory Usage: 1004.494848 mB
Finished Calculation State Posteriors
Saved Zero State Posterior to ./Empirical/HO/French_17/chr13/.
Successfully loaded for PP. from ./Empirical/HO/French_17/chr13/
Fraction Markers in ROH: 0.2599
Called n=0 ROH Blocks > 1.0 cM
Longest Block: nan
Successfully saved to ./Empirical/HO/French_17/chr13/roh.csv
Using Low-Mem Cython Linear Speed Up.
Loaded Pre Processing Model: SardHDF5
Loading Individual: French_17

Loaded 1145647 variants
Loaded 4616 individuals
HDF5 loaded from ./Data/Marcus2019_1240k/mod_reich_sardinia_ancients_rev_mrg_dedup_3trm_anno.h5

Loaded 36301 variants
Loaded 2504 individuals
HDF5 loaded from ./Data/1000Genomes/HDF5/1240kHDF5/all1240/chr14.hdf5

Intersection on Positions: 36301
Nr of Matching Refs: 36166 / 36301
Full Intersection Ref/Alt Identical: 36126 / 36301
2504 / 2504 Individuals included in Reference
Extraction of 5008 Haplotypes Complete!
Markers called 18621 / 36126
Successfully saved to: ./Empirical/HO/French_17/chr14/
Successfully loaded Data from: ./Empirical/HO/French_17/chr14/
Loaded Emission Model: diploid_gt
Loaded Transition Model: model
Loaded Post Processing Model: Standard
Minimum Genetic Map: 0.0184
Maximum Genetic Map: 1.2020
Gaps bigger than 0.1 cM: 194
Maximum Gap: 3.5856 cM
Loaded Transition and Emission Matrix:
(3, 3)
(5009, 18621)
Loaded Observations:
(2, 18621)
Memory Usage: 1041.227776 mB
Reference Number: 5008
Total Log likelihood: -9592.567
Memory Usage: 1041.227776 mB
Finished Calculation State Posteriors
Saved Zero State Posterior to ./Empirical/HO/French_17/chr14/.
Successfully loaded for PP. from ./Empirical/HO/French_17/chr14/
Fraction Markers in ROH: 0.2949
Called n=0 ROH Blocks > 1.0 cM
Longest Block: nan
Successfully saved to ./Empirical/HO/French_17/chr14/roh.csv
Using Low-Mem Cython Linear Speed Up.
Loaded Pre Processing Model: SardHDF5
Loading Individual: French_17

Loaded 1145647 variants
Loaded 4616 individuals
HDF5 loaded from ./Data/Marcus2019_1240k/mod_reich_sardinia_ancients_rev_mrg_dedup_3trm_anno.h5

Loaded 34429 variants
Loaded 2504 individuals
HDF5 loaded from ./Data/1000Genomes/HDF5/1240kHDF5/all1240/chr15.hdf5

Intersection on Positions: 34425
Nr of Matching Refs: 34285 / 34425
Full Intersection Ref/Alt Identical: 34249 / 34425
2504 / 2504 Individuals included in Reference
Extraction of 5008 Haplotypes Complete!
Markers called 17989 / 34249
Successfully saved to: ./Empirical/HO/French_17/chr15/
Successfully loaded Data from: ./Empirical/HO/French_17/chr15/
Loaded Emission Model: diploid_gt
Loaded Transition Model: model
Loaded Post Processing Model: Standard
Minimum Genetic Map: 0.0002
Maximum Genetic Map: 1.4133
Gaps bigger than 0.1 cM: 201
Maximum Gap: 13.7876 cM
Loaded Transition and Emission Matrix:
(3, 3)
(5009, 17989)
Loaded Observations:
(2, 17989)
Memory Usage: 1012.736 mB
Reference Number: 5008
Total Log likelihood: -9266.095
Memory Usage: 1012.736 mB
Finished Calculation State Posteriors
Saved Zero State Posterior to ./Empirical/HO/French_17/chr15/.
Successfully loaded for PP. from ./Empirical/HO/French_17/chr15/
Fraction Markers in ROH: 0.2746
Called n=0 ROH Blocks > 1.0 cM
Longest Block: nan
Successfully saved to ./Empirical/HO/French_17/chr15/roh.csv
Using Low-Mem Cython Linear Speed Up.
Loaded Pre Processing Model: SardHDF5
Loading Individual: French_17

Loaded 1145647 variants
Loaded 4616 individuals
HDF5 loaded from ./Data/Marcus2019_1240k/mod_reich_sardinia_ancients_rev_mrg_dedup_3trm_anno.h5

Loaded 34402 variants
Loaded 2504 individuals
HDF5 loaded from ./Data/1000Genomes/HDF5/1240kHDF5/all1240/chr16.hdf5

Intersection on Positions: 34399
Nr of Matching Refs: 34254 / 34399
Full Intersection Ref/Alt Identical: 34201 / 34399
2504 / 2504 Individuals included in Reference
Extraction of 5008 Haplotypes Complete!
Markers called 18206 / 34201
Successfully saved to: ./Empirical/HO/French_17/chr16/
Successfully loaded Data from: ./Empirical/HO/French_17/chr16/
Loaded Emission Model: diploid_gt
Loaded Transition Model: model
Loaded Post Processing Model: Standard
Minimum Genetic Map: 0.0001
Maximum Genetic Map: 1.3402
Gaps bigger than 0.1 cM: 229
Maximum Gap: 0.9354 cM
Loaded Transition and Emission Matrix:
(3, 3)
(5009, 18206)
Loaded Observations:
(2, 18206)
Memory Usage: 1022.513152 mB
Reference Number: 5008
Total Log likelihood: -9307.069
Memory Usage: 1022.513152 mB
Finished Calculation State Posteriors
Saved Zero State Posterior to ./Empirical/HO/French_17/chr16/.
Successfully loaded for PP. from ./Empirical/HO/French_17/chr16/
Fraction Markers in ROH: 0.2867
Called n=0 ROH Blocks > 1.0 cM
Longest Block: nan
Successfully saved to ./Empirical/HO/French_17/chr16/roh.csv
Using Low-Mem Cython Linear Speed Up.
Loaded Pre Processing Model: SardHDF5
Loading Individual: French_17

Loaded 1145647 variants
Loaded 4616 individuals
HDF5 loaded from ./Data/Marcus2019_1240k/mod_reich_sardinia_ancients_rev_mrg_dedup_3trm_anno.h5

Loaded 29314 variants
Loaded 2504 individuals
HDF5 loaded from ./Data/1000Genomes/HDF5/1240kHDF5/all1240/chr17.hdf5

Intersection on Positions: 29313
Nr of Matching Refs: 29159 / 29313
Full Intersection Ref/Alt Identical: 29124 / 29313
2504 / 2504 Individuals included in Reference
Extraction of 5008 Haplotypes Complete!
Markers called 15187 / 29124
Successfully saved to: ./Empirical/HO/French_17/chr17/
Successfully loaded Data from: ./Empirical/HO/French_17/chr17/
Loaded Emission Model: diploid_gt
Loaded Transition Model: model
Loaded Post Processing Model: Standard
Minimum Genetic Map: -0.0003
Maximum Genetic Map: 1.2845
Gaps bigger than 0.1 cM: 227
Maximum Gap: 1.2355 cM
Loaded Transition and Emission Matrix:
(3, 3)
(5009, 15187)
Loaded Observations:
(2, 15187)
Memory Usage: 886.419456 mB
Reference Number: 5008
Total Log likelihood: -8043.206
Memory Usage: 886.419456 mB
Finished Calculation State Posteriors
Saved Zero State Posterior to ./Empirical/HO/French_17/chr17/.
Successfully loaded for PP. from ./Empirical/HO/French_17/chr17/
Fraction Markers in ROH: 0.2459
Merged n=0 gaps < 0.0 M
Called n=1 ROH Blocks > 1.0 cM
Longest Block: 1.357
Successfully saved to ./Empirical/HO/French_17/chr17/roh.csv
Using Low-Mem Cython Linear Speed Up.
Loaded Pre Processing Model: SardHDF5
Loading Individual: French_17

Loaded 1145647 variants
Loaded 4616 individuals
HDF5 loaded from ./Data/Marcus2019_1240k/mod_reich_sardinia_ancients_rev_mrg_dedup_3trm_anno.h5

Loaded 33917 variants
Loaded 2504 individuals
HDF5 loaded from ./Data/1000Genomes/HDF5/1240kHDF5/all1240/chr18.hdf5

Intersection on Positions: 33916
Nr of Matching Refs: 33774 / 33916
Full Intersection Ref/Alt Identical: 33746 / 33916
2504 / 2504 Individuals included in Reference
Extraction of 5008 Haplotypes Complete!
Markers called 17082 / 33746
Successfully saved to: ./Empirical/HO/French_17/chr18/
Successfully loaded Data from: ./Empirical/HO/French_17/chr18/
Loaded Emission Model: diploid_gt
Loaded Transition Model: model
Loaded Post Processing Model: Standard
Minimum Genetic Map: 0.0027
Maximum Genetic Map: 1.1771
Gaps bigger than 0.1 cM: 197
Maximum Gap: 0.8037 cM
Loaded Transition and Emission Matrix:
(3, 3)
(5009, 17082)
Loaded Observations:
(2, 17082)
Memory Usage: 971.853824 mB
Reference Number: 5008
Total Log likelihood: -8643.271
Memory Usage: 971.853824 mB
Finished Calculation State Posteriors
Saved Zero State Posterior to ./Empirical/HO/French_17/chr18/.
Successfully loaded for PP. from ./Empirical/HO/French_17/chr18/
Fraction Markers in ROH: 0.2917
Called n=0 ROH Blocks > 1.0 cM
Longest Block: nan
Successfully saved to ./Empirical/HO/French_17/chr18/roh.csv
Using Low-Mem Cython Linear Speed Up.
Loaded Pre Processing Model: SardHDF5
Loading Individual: French_17

Loaded 1145647 variants
Loaded 4616 individuals
HDF5 loaded from ./Data/Marcus2019_1240k/mod_reich_sardinia_ancients_rev_mrg_dedup_3trm_anno.h5

Loaded 18460 variants
Loaded 2504 individuals
HDF5 loaded from ./Data/1000Genomes/HDF5/1240kHDF5/all1240/chr19.hdf5

Intersection on Positions: 18459
Nr of Matching Refs: 18381 / 18459
Full Intersection Ref/Alt Identical: 18340 / 18459
2504 / 2504 Individuals included in Reference
Extraction of 5008 Haplotypes Complete!
Markers called 8670 / 18340
Successfully saved to: ./Empirical/HO/French_17/chr19/
Successfully loaded Data from: ./Empirical/HO/French_17/chr19/
Loaded Emission Model: diploid_gt
Loaded Transition Model: model
Loaded Post Processing Model: Standard
Minimum Genetic Map: 0.0000
Maximum Genetic Map: 1.0773
Gaps bigger than 0.1 cM: 285
Maximum Gap: 0.6354 cM
Loaded Transition and Emission Matrix:
(3, 3)
(5009, 8670)
Loaded Observations:
(2, 8670)
Memory Usage: 592.642048 mB
Reference Number: 5008
Total Log likelihood: -4619.238
Memory Usage: 592.572416 mB
Finished Calculation State Posteriors
Saved Zero State Posterior to ./Empirical/HO/French_17/chr19/.
Successfully loaded for PP. from ./Empirical/HO/French_17/chr19/
Fraction Markers in ROH: 0.2660
Merged n=0 gaps < 0.0 M
Called n=1 ROH Blocks > 1.0 cM
Longest Block: 1.161
Successfully saved to ./Empirical/HO/French_17/chr19/roh.csv
Using Low-Mem Cython Linear Speed Up.
Loaded Pre Processing Model: SardHDF5
Loading Individual: French_17

Loaded 1145647 variants
Loaded 4616 individuals
HDF5 loaded from ./Data/Marcus2019_1240k/mod_reich_sardinia_ancients_rev_mrg_dedup_3trm_anno.h5

Loaded 29078 variants
Loaded 2504 individuals
HDF5 loaded from ./Data/1000Genomes/HDF5/1240kHDF5/all1240/chr20.hdf5

Intersection on Positions: 29077
Nr of Matching Refs: 28908 / 29077
Full Intersection Ref/Alt Identical: 28864 / 29077
2504 / 2504 Individuals included in Reference
Extraction of 5008 Haplotypes Complete!
Markers called 15329 / 28864
Successfully saved to: ./Empirical/HO/French_17/chr20/
Successfully loaded Data from: ./Empirical/HO/French_17/chr20/
Loaded Emission Model: diploid_gt
Loaded Transition Model: model
Loaded Post Processing Model: Standard
Minimum Genetic Map: 0.0008
Maximum Genetic Map: 1.0821
Gaps bigger than 0.1 cM: 202
Maximum Gap: 0.4744 cM
Loaded Transition and Emission Matrix:
(3, 3)
(5009, 15329)
Loaded Observations:
(2, 15329)
Memory Usage: 892.76416 mB
Reference Number: 5008
Total Log likelihood: -7949.876
Memory Usage: 892.792832 mB
Finished Calculation State Posteriors
Saved Zero State Posterior to ./Empirical/HO/French_17/chr20/.
Successfully loaded for PP. from ./Empirical/HO/French_17/chr20/
Fraction Markers in ROH: 0.2567
Merged n=0 gaps < 0.0 M
Called n=1 ROH Blocks > 1.0 cM
Longest Block: 1.356
Successfully saved to ./Empirical/HO/French_17/chr20/roh.csv
Using Low-Mem Cython Linear Speed Up.
Loaded Pre Processing Model: SardHDF5
Loading Individual: French_17

Loaded 1145647 variants
Loaded 4616 individuals
HDF5 loaded from ./Data/Marcus2019_1240k/mod_reich_sardinia_ancients_rev_mrg_dedup_3trm_anno.h5

Loaded 16038 variants
Loaded 2504 individuals
HDF5 loaded from ./Data/1000Genomes/HDF5/1240kHDF5/all1240/chr21.hdf5

Intersection on Positions: 16036
Nr of Matching Refs: 15949 / 16036
Full Intersection Ref/Alt Identical: 15930 / 16036
2504 / 2504 Individuals included in Reference
Extraction of 5008 Haplotypes Complete!
Markers called 7876 / 15930
Successfully saved to: ./Empirical/HO/French_17/chr21/
Successfully loaded Data from: ./Empirical/HO/French_17/chr21/
Loaded Emission Model: diploid_gt
Loaded Transition Model: model
Loaded Post Processing Model: Standard
Minimum Genetic Map: 0.0145
Maximum Genetic Map: 0.6277
Gaps bigger than 0.1 cM: 119
Maximum Gap: 0.7121 cM
Loaded Transition and Emission Matrix:
(3, 3)
(5009, 7876)
Loaded Observations:
(2, 7876)
Memory Usage: 556.683264 mB
Reference Number: 5008
Total Log likelihood: -4056.214
Memory Usage: 556.695552 mB
Finished Calculation State Posteriors
Saved Zero State Posterior to ./Empirical/HO/French_17/chr21/.
Successfully loaded for PP. from ./Empirical/HO/French_17/chr21/
Fraction Markers in ROH: 0.3070
Called n=0 ROH Blocks > 1.0 cM
Longest Block: nan
Successfully saved to ./Empirical/HO/French_17/chr21/roh.csv
Using Low-Mem Cython Linear Speed Up.
Loaded Pre Processing Model: SardHDF5
Loading Individual: French_17

Loaded 1145647 variants
Loaded 4616 individuals
HDF5 loaded from ./Data/Marcus2019_1240k/mod_reich_sardinia_ancients_rev_mrg_dedup_3trm_anno.h5

Loaded 15802 variants
Loaded 2504 individuals
HDF5 loaded from ./Data/1000Genomes/HDF5/1240kHDF5/all1240/chr22.hdf5

Intersection on Positions: 15802
Nr of Matching Refs: 15704 / 15802
Full Intersection Ref/Alt Identical: 15684 / 15802
2504 / 2504 Individuals included in Reference
Extraction of 5008 Haplotypes Complete!
Markers called 7689 / 15684
Successfully saved to: ./Empirical/HO/French_17/chr22/
Successfully loaded Data from: ./Empirical/HO/French_17/chr22/
Loaded Emission Model: diploid_gt
Loaded Transition Model: model
Loaded Post Processing Model: Standard
Minimum Genetic Map: 0.0178
Maximum Genetic Map: 0.7408
Gaps bigger than 0.1 cM: 150
Maximum Gap: 1.7139 cM
Loaded Transition and Emission Matrix:
(3, 3)
(5009, 7689)
Loaded Observations:
(2, 7689)
Memory Usage: 548.274176 mB
Reference Number: 5008
Total Log likelihood: -3947.413
Memory Usage: 548.274176 mB
Finished Calculation State Posteriors
Saved Zero State Posterior to ./Empirical/HO/French_17/chr22/.
Successfully loaded for PP. from ./Empirical/HO/French_17/chr22/
Fraction Markers in ROH: 0.2735
Called n=0 ROH Blocks > 1.0 cM
Longest Block: nan
Successfully saved to ./Empirical/HO/French_17/chr22/roh.csv
Run for Individual French_17: Complete! Yeah!!
