Doing Individual Kalash_11...
Using Low-Mem Cython Linear Speed Up.
Loaded Pre Processing Model: SardHDF5
Loading Individual: Kalash_11

Loaded 1145647 variants
Loaded 4616 individuals
HDF5 loaded from ./Data/Marcus2019_1240k/mod_reich_sardinia_ancients_rev_mrg_dedup_3trm_anno.h5

Loaded 89147 variants
Loaded 2504 individuals
HDF5 loaded from ./Data/1000Genomes/HDF5/1240kHDF5/all1240/chr1.hdf5

Intersection on Positions: 89143
Nr of Matching Refs: 89143 / 89143
Full Intersection Ref/Alt Identical: 89079 / 89143
2504 / 2504 Individuals included in Reference
Extraction of 5008 Haplotypes Complete!
Markers called 47145 / 89079
Successfully saved to: ./Empirical/HO/Kalash_11/chr1/
Successfully loaded Data from: ./Empirical/HO/Kalash_11/chr1/
Loaded Emission Model: diploid_gt
Loaded Transition Model: model
Loaded Post Processing Model: Standard
Minimum Genetic Map: 0.0201
Maximum Genetic Map: 2.8623
Gaps bigger than 0.1 cM: 427
Maximum Gap: 3.9814 cM
Loaded Transition and Emission Matrix:
(3, 3)
(5009, 47145)
Loaded Observations:
(2, 47145)
Memory Usage: 2310.742016 mB
Reference Number: 5008
Total Log likelihood: -21459.556
Memory Usage: 2311.196672 mB
Finished Calculation State Posteriors
Saved Zero State Posterior to ./Empirical/HO/Kalash_11/chr1/.
Successfully loaded for PP. from ./Empirical/HO/Kalash_11/chr1/
Fraction Markers in ROH: 0.3604
Merged n=0 gaps < 0.0 M
Called n=8 ROH Blocks > 1.0 cM
Longest Block: 11.650
Successfully saved to ./Empirical/HO/Kalash_11/chr1/roh.csv
Using Low-Mem Cython Linear Speed Up.
Loaded Pre Processing Model: SardHDF5
Loading Individual: Kalash_11

Loaded 1145647 variants
Loaded 4616 individuals
HDF5 loaded from ./Data/Marcus2019_1240k/mod_reich_sardinia_ancients_rev_mrg_dedup_3trm_anno.h5

Loaded 94239 variants
Loaded 2504 individuals
HDF5 loaded from ./Data/1000Genomes/HDF5/1240kHDF5/all1240/chr2.hdf5

Intersection on Positions: 94237
Nr of Matching Refs: 94205 / 94237
Full Intersection Ref/Alt Identical: 94137 / 94237
2504 / 2504 Individuals included in Reference
Extraction of 5008 Haplotypes Complete!
Markers called 48700 / 94137
Successfully saved to: ./Empirical/HO/Kalash_11/chr2/
Successfully loaded Data from: ./Empirical/HO/Kalash_11/chr2/
Loaded Emission Model: diploid_gt
Loaded Transition Model: model
Loaded Post Processing Model: Standard
Minimum Genetic Map: 0.0001
Maximum Genetic Map: 2.6883
Gaps bigger than 0.1 cM: 400
Maximum Gap: 2.0159 cM
Loaded Transition and Emission Matrix:
(3, 3)
(5009, 48700)
Loaded Observations:
(2, 48700)
Memory Usage: 2383.491072 mB
Reference Number: 5008
Total Log likelihood: -23954.792
Memory Usage: 2383.491072 mB
Finished Calculation State Posteriors
Saved Zero State Posterior to ./Empirical/HO/Kalash_11/chr2/.
Successfully loaded for PP. from ./Empirical/HO/Kalash_11/chr2/
Fraction Markers in ROH: 0.3018
Merged n=0 gaps < 0.0 M
Called n=2 ROH Blocks > 1.0 cM
Longest Block: 4.249
Successfully saved to ./Empirical/HO/Kalash_11/chr2/roh.csv
Using Low-Mem Cython Linear Speed Up.
Loaded Pre Processing Model: SardHDF5
Loading Individual: Kalash_11

Loaded 1145647 variants
Loaded 4616 individuals
HDF5 loaded from ./Data/Marcus2019_1240k/mod_reich_sardinia_ancients_rev_mrg_dedup_3trm_anno.h5

Loaded 77652 variants
Loaded 2504 individuals
HDF5 loaded from ./Data/1000Genomes/HDF5/1240kHDF5/all1240/chr3.hdf5

Intersection on Positions: 77650
Nr of Matching Refs: 77606 / 77650
Full Intersection Ref/Alt Identical: 77553 / 77650
2504 / 2504 Individuals included in Reference
Extraction of 5008 Haplotypes Complete!
Markers called 40377 / 77553
Successfully saved to: ./Empirical/HO/Kalash_11/chr3/
Successfully loaded Data from: ./Empirical/HO/Kalash_11/chr3/
Loaded Emission Model: diploid_gt
Loaded Transition Model: model
Loaded Post Processing Model: Standard
Minimum Genetic Map: 0.0002
Maximum Genetic Map: 2.2326
Gaps bigger than 0.1 cM: 345
Maximum Gap: 0.4179 cM
Loaded Transition and Emission Matrix:
(3, 3)
(5009, 40377)
Loaded Observations:
(2, 40377)
Memory Usage: 2022.350848 mB
Reference Number: 5008
Total Log likelihood: -19759.119
Memory Usage: 2022.350848 mB
Finished Calculation State Posteriors
Saved Zero State Posterior to ./Empirical/HO/Kalash_11/chr3/.
Successfully loaded for PP. from ./Empirical/HO/Kalash_11/chr3/
Fraction Markers in ROH: 0.3011
Merged n=0 gaps < 0.0 M
Called n=5 ROH Blocks > 1.0 cM
Longest Block: 7.969
Successfully saved to ./Empirical/HO/Kalash_11/chr3/roh.csv
Using Low-Mem Cython Linear Speed Up.
Loaded Pre Processing Model: SardHDF5
Loading Individual: Kalash_11

Loaded 1145647 variants
Loaded 4616 individuals
HDF5 loaded from ./Data/Marcus2019_1240k/mod_reich_sardinia_ancients_rev_mrg_dedup_3trm_anno.h5

Loaded 68759 variants
Loaded 2504 individuals
HDF5 loaded from ./Data/1000Genomes/HDF5/1240kHDF5/all1240/chr4.hdf5

Intersection on Positions: 68759
Nr of Matching Refs: 68709 / 68759
Full Intersection Ref/Alt Identical: 68663 / 68759
2504 / 2504 Individuals included in Reference
Extraction of 5008 Haplotypes Complete!
Markers called 33881 / 68663
Successfully saved to: ./Empirical/HO/Kalash_11/chr4/
Successfully loaded Data from: ./Empirical/HO/Kalash_11/chr4/
Loaded Emission Model: diploid_gt
Loaded Transition Model: model
Loaded Post Processing Model: Standard
Minimum Genetic Map: 0.0034
Maximum Genetic Map: 2.1454
Gaps bigger than 0.1 cM: 335
Maximum Gap: 2.1375 cM
Loaded Transition and Emission Matrix:
(3, 3)
(5009, 33881)
Loaded Observations:
(2, 33881)
Memory Usage: 1729.486848 mB
Reference Number: 5008
Total Log likelihood: -16835.185
Memory Usage: 1729.486848 mB
Finished Calculation State Posteriors
Saved Zero State Posterior to ./Empirical/HO/Kalash_11/chr4/.
Successfully loaded for PP. from ./Empirical/HO/Kalash_11/chr4/
Fraction Markers in ROH: 0.2928
Merged n=0 gaps < 0.0 M
Called n=2 ROH Blocks > 1.0 cM
Longest Block: 5.417
Successfully saved to ./Empirical/HO/Kalash_11/chr4/roh.csv
Using Low-Mem Cython Linear Speed Up.
Loaded Pre Processing Model: SardHDF5
Loading Individual: Kalash_11

Loaded 1145647 variants
Loaded 4616 individuals
HDF5 loaded from ./Data/Marcus2019_1240k/mod_reich_sardinia_ancients_rev_mrg_dedup_3trm_anno.h5

Loaded 69399 variants
Loaded 2504 individuals
HDF5 loaded from ./Data/1000Genomes/HDF5/1240kHDF5/all1240/chr5.hdf5

Intersection on Positions: 69394
Nr of Matching Refs: 69307 / 69394
Full Intersection Ref/Alt Identical: 69252 / 69394
2504 / 2504 Individuals included in Reference
Extraction of 5008 Haplotypes Complete!
Markers called 33997 / 69252
Successfully saved to: ./Empirical/HO/Kalash_11/chr5/
Successfully loaded Data from: ./Empirical/HO/Kalash_11/chr5/
Loaded Emission Model: diploid_gt
Loaded Transition Model: model
Loaded Post Processing Model: Standard
Minimum Genetic Map: 0.0004
Maximum Genetic Map: 2.0409
Gaps bigger than 0.1 cM: 339
Maximum Gap: 1.0498 cM
Loaded Transition and Emission Matrix:
(3, 3)
(5009, 33997)
Loaded Observations:
(2, 33997)
Memory Usage: 1734.73792 mB
Reference Number: 5008
Total Log likelihood: -16597.942
Memory Usage: 1734.73792 mB
Finished Calculation State Posteriors
Saved Zero State Posterior to ./Empirical/HO/Kalash_11/chr5/.
Successfully loaded for PP. from ./Empirical/HO/Kalash_11/chr5/
Fraction Markers in ROH: 0.2877
Merged n=0 gaps < 0.0 M
Called n=4 ROH Blocks > 1.0 cM
Longest Block: 6.978
Successfully saved to ./Empirical/HO/Kalash_11/chr5/roh.csv
Using Low-Mem Cython Linear Speed Up.
Loaded Pre Processing Model: SardHDF5
Loading Individual: Kalash_11

Loaded 1145647 variants
Loaded 4616 individuals
HDF5 loaded from ./Data/Marcus2019_1240k/mod_reich_sardinia_ancients_rev_mrg_dedup_3trm_anno.h5

Loaded 75870 variants
Loaded 2504 individuals
HDF5 loaded from ./Data/1000Genomes/HDF5/1240kHDF5/all1240/chr6.hdf5

Intersection on Positions: 75866
Nr of Matching Refs: 75743 / 75866
Full Intersection Ref/Alt Identical: 75675 / 75866
2504 / 2504 Individuals included in Reference
Extraction of 5008 Haplotypes Complete!
Markers called 33791 / 75675
Successfully saved to: ./Empirical/HO/Kalash_11/chr6/
Successfully loaded Data from: ./Empirical/HO/Kalash_11/chr6/
Loaded Emission Model: diploid_gt
Loaded Transition Model: model
Loaded Post Processing Model: Standard
Minimum Genetic Map: 0.0035
Maximum Genetic Map: 1.9203
Gaps bigger than 0.1 cM: 291
Maximum Gap: 0.5072 cM
Loaded Transition and Emission Matrix:
(3, 3)
(5009, 33791)
Loaded Observations:
(2, 33791)
Memory Usage: 1725.472768 mB
Reference Number: 5008
Total Log likelihood: -16494.756
Memory Usage: 1725.472768 mB
Finished Calculation State Posteriors
Saved Zero State Posterior to ./Empirical/HO/Kalash_11/chr6/.
Successfully loaded for PP. from ./Empirical/HO/Kalash_11/chr6/
Fraction Markers in ROH: 0.3073
Merged n=0 gaps < 0.0 M
Called n=2 ROH Blocks > 1.0 cM
Longest Block: 1.507
Successfully saved to ./Empirical/HO/Kalash_11/chr6/roh.csv
Using Low-Mem Cython Linear Speed Up.
Loaded Pre Processing Model: SardHDF5
Loading Individual: Kalash_11

Loaded 1145647 variants
Loaded 4616 individuals
HDF5 loaded from ./Data/Marcus2019_1240k/mod_reich_sardinia_ancients_rev_mrg_dedup_3trm_anno.h5

Loaded 59890 variants
Loaded 2504 individuals
HDF5 loaded from ./Data/1000Genomes/HDF5/1240kHDF5/all1240/chr7.hdf5

Intersection on Positions: 59889
Nr of Matching Refs: 59781 / 59889
Full Intersection Ref/Alt Identical: 59715 / 59889
2504 / 2504 Individuals included in Reference
Extraction of 5008 Haplotypes Complete!
Markers called 28507 / 59715
Successfully saved to: ./Empirical/HO/Kalash_11/chr7/
Successfully loaded Data from: ./Empirical/HO/Kalash_11/chr7/
Loaded Emission Model: diploid_gt
Loaded Transition Model: model
Loaded Post Processing Model: Standard
Minimum Genetic Map: 0.0000
Maximum Genetic Map: 1.8715
Gaps bigger than 0.1 cM: 326
Maximum Gap: 1.0884 cM
Loaded Transition and Emission Matrix:
(3, 3)
(5009, 28507)
Loaded Observations:
(2, 28507)
Memory Usage: 1487.27808 mB
Reference Number: 5008
Total Log likelihood: -15293.084
Memory Usage: 1487.27808 mB
Finished Calculation State Posteriors
Saved Zero State Posterior to ./Empirical/HO/Kalash_11/chr7/.
Successfully loaded for PP. from ./Empirical/HO/Kalash_11/chr7/
Fraction Markers in ROH: 0.2256
Called n=0 ROH Blocks > 1.0 cM
Longest Block: nan
Successfully saved to ./Empirical/HO/Kalash_11/chr7/roh.csv
Using Low-Mem Cython Linear Speed Up.
Loaded Pre Processing Model: SardHDF5
Loading Individual: Kalash_11

Loaded 1145647 variants
Loaded 4616 individuals
HDF5 loaded from ./Data/Marcus2019_1240k/mod_reich_sardinia_ancients_rev_mrg_dedup_3trm_anno.h5

Loaded 61133 variants
Loaded 2504 individuals
HDF5 loaded from ./Data/1000Genomes/HDF5/1240kHDF5/all1240/chr8.hdf5

Intersection on Positions: 61130
Nr of Matching Refs: 61022 / 61130
Full Intersection Ref/Alt Identical: 60960 / 61130
2504 / 2504 Individuals included in Reference
Extraction of 5008 Haplotypes Complete!
Markers called 28330 / 60960
Successfully saved to: ./Empirical/HO/Kalash_11/chr8/
Successfully loaded Data from: ./Empirical/HO/Kalash_11/chr8/
Loaded Emission Model: diploid_gt
Loaded Transition Model: model
Loaded Post Processing Model: Standard
Minimum Genetic Map: 0.0001
Maximum Genetic Map: 1.6800
Gaps bigger than 0.1 cM: 255
Maximum Gap: 3.5052 cM
Loaded Transition and Emission Matrix:
(3, 3)
(5009, 28330)
Loaded Observations:
(2, 28330)
Memory Usage: 1479.299072 mB
Reference Number: 5008
Total Log likelihood: -14292.868
Memory Usage: 1479.299072 mB
Finished Calculation State Posteriors
Saved Zero State Posterior to ./Empirical/HO/Kalash_11/chr8/.
Successfully loaded for PP. from ./Empirical/HO/Kalash_11/chr8/
Fraction Markers in ROH: 0.2754
Called n=0 ROH Blocks > 1.0 cM
Longest Block: nan
Successfully saved to ./Empirical/HO/Kalash_11/chr8/roh.csv
Using Low-Mem Cython Linear Speed Up.
Loaded Pre Processing Model: SardHDF5
Loading Individual: Kalash_11

Loaded 1145647 variants
Loaded 4616 individuals
HDF5 loaded from ./Data/Marcus2019_1240k/mod_reich_sardinia_ancients_rev_mrg_dedup_3trm_anno.h5

Loaded 50668 variants
Loaded 2504 individuals
HDF5 loaded from ./Data/1000Genomes/HDF5/1240kHDF5/all1240/chr9.hdf5

Intersection on Positions: 50668
Nr of Matching Refs: 50539 / 50668
Full Intersection Ref/Alt Identical: 50493 / 50668
2504 / 2504 Individuals included in Reference
Extraction of 5008 Haplotypes Complete!
Markers called 23522 / 50493
Successfully saved to: ./Empirical/HO/Kalash_11/chr9/
Successfully loaded Data from: ./Empirical/HO/Kalash_11/chr9/
Loaded Emission Model: diploid_gt
Loaded Transition Model: model
Loaded Post Processing Model: Standard
Minimum Genetic Map: 0.0016
Maximum Genetic Map: 1.6630
Gaps bigger than 0.1 cM: 300
Maximum Gap: 2.3454 cM
Loaded Transition and Emission Matrix:
(3, 3)
(5009, 23522)
Loaded Observations:
(2, 23522)
Memory Usage: 1262.555136 mB
Reference Number: 5008
Total Log likelihood: -11781.811
Memory Usage: 1262.555136 mB
Finished Calculation State Posteriors
Saved Zero State Posterior to ./Empirical/HO/Kalash_11/chr9/.
Successfully loaded for PP. from ./Empirical/HO/Kalash_11/chr9/
Fraction Markers in ROH: 0.2921
Merged n=0 gaps < 0.0 M
Called n=3 ROH Blocks > 1.0 cM
Longest Block: 3.133
Successfully saved to ./Empirical/HO/Kalash_11/chr9/roh.csv
Using Low-Mem Cython Linear Speed Up.
Loaded Pre Processing Model: SardHDF5
Loading Individual: Kalash_11

Loaded 1145647 variants
Loaded 4616 individuals
HDF5 loaded from ./Data/Marcus2019_1240k/mod_reich_sardinia_ancients_rev_mrg_dedup_3trm_anno.h5

Loaded 58804 variants
Loaded 2504 individuals
HDF5 loaded from ./Data/1000Genomes/HDF5/1240kHDF5/all1240/chr10.hdf5

Intersection on Positions: 58803
Nr of Matching Refs: 58657 / 58803
Full Intersection Ref/Alt Identical: 58591 / 58803
2504 / 2504 Individuals included in Reference
Extraction of 5008 Haplotypes Complete!
Markers called 30280 / 58591
Successfully saved to: ./Empirical/HO/Kalash_11/chr10/
Successfully loaded Data from: ./Empirical/HO/Kalash_11/chr10/
Loaded Emission Model: diploid_gt
Loaded Transition Model: model
Loaded Post Processing Model: Standard
Minimum Genetic Map: 0.0001
Maximum Genetic Map: 1.8089
Gaps bigger than 0.1 cM: 264
Maximum Gap: 2.0338 cM
Loaded Transition and Emission Matrix:
(3, 3)
(5009, 30280)
Loaded Observations:
(2, 30280)
Memory Usage: 1567.21152 mB
Reference Number: 5008
Total Log likelihood: -15270.331
Memory Usage: 1567.21152 mB
Finished Calculation State Posteriors
Saved Zero State Posterior to ./Empirical/HO/Kalash_11/chr10/.
Successfully loaded for PP. from ./Empirical/HO/Kalash_11/chr10/
Fraction Markers in ROH: 0.2827
Merged n=0 gaps < 0.0 M
Called n=1 ROH Blocks > 1.0 cM
Longest Block: 4.198
Successfully saved to ./Empirical/HO/Kalash_11/chr10/roh.csv
Using Low-Mem Cython Linear Speed Up.
Loaded Pre Processing Model: SardHDF5
Loading Individual: Kalash_11

Loaded 1145647 variants
Loaded 4616 individuals
HDF5 loaded from ./Data/Marcus2019_1240k/mod_reich_sardinia_ancients_rev_mrg_dedup_3trm_anno.h5

Loaded 54833 variants
Loaded 2504 individuals
HDF5 loaded from ./Data/1000Genomes/HDF5/1240kHDF5/all1240/chr11.hdf5

Intersection on Positions: 54831
Nr of Matching Refs: 54669 / 54831
Full Intersection Ref/Alt Identical: 54616 / 54831
2504 / 2504 Individuals included in Reference
Extraction of 5008 Haplotypes Complete!
Markers called 27900 / 54616
Successfully saved to: ./Empirical/HO/Kalash_11/chr11/
Successfully loaded Data from: ./Empirical/HO/Kalash_11/chr11/
Loaded Emission Model: diploid_gt
Loaded Transition Model: model
Loaded Post Processing Model: Standard
Minimum Genetic Map: 0.0000
Maximum Genetic Map: 1.5822
Gaps bigger than 0.1 cM: 248
Maximum Gap: 0.5683 cM
Loaded Transition and Emission Matrix:
(3, 3)
(5009, 27900)
Loaded Observations:
(2, 27900)
Memory Usage: 1459.920896 mB
Reference Number: 5008
Total Log likelihood: -13553.301
Memory Usage: 1459.920896 mB
Finished Calculation State Posteriors
Saved Zero State Posterior to ./Empirical/HO/Kalash_11/chr11/.
Successfully loaded for PP. from ./Empirical/HO/Kalash_11/chr11/
Fraction Markers in ROH: 0.2963
Merged n=0 gaps < 0.0 M
Called n=4 ROH Blocks > 1.0 cM
Longest Block: 3.258
Successfully saved to ./Empirical/HO/Kalash_11/chr11/roh.csv
Using Low-Mem Cython Linear Speed Up.
Loaded Pre Processing Model: SardHDF5
Loading Individual: Kalash_11

Loaded 1145647 variants
Loaded 4616 individuals
HDF5 loaded from ./Data/Marcus2019_1240k/mod_reich_sardinia_ancients_rev_mrg_dedup_3trm_anno.h5

Loaded 53911 variants
Loaded 2504 individuals
HDF5 loaded from ./Data/1000Genomes/HDF5/1240kHDF5/all1240/chr12.hdf5

Intersection on Positions: 53911
Nr of Matching Refs: 53713 / 53911
Full Intersection Ref/Alt Identical: 53672 / 53911
2504 / 2504 Individuals included in Reference
Extraction of 5008 Haplotypes Complete!
Markers called 27134 / 53672
Successfully saved to: ./Empirical/HO/Kalash_11/chr12/
Successfully loaded Data from: ./Empirical/HO/Kalash_11/chr12/
Loaded Emission Model: diploid_gt
Loaded Transition Model: model
Loaded Post Processing Model: Standard
Minimum Genetic Map: 0.0009
Maximum Genetic Map: 1.7468
Gaps bigger than 0.1 cM: 289
Maximum Gap: 0.8015 cM
Loaded Transition and Emission Matrix:
(3, 3)
(5009, 27134)
Loaded Observations:
(2, 27134)
Memory Usage: 1425.395712 mB
Reference Number: 5008
Total Log likelihood: -13114.038
Memory Usage: 1425.395712 mB
Finished Calculation State Posteriors
Saved Zero State Posterior to ./Empirical/HO/Kalash_11/chr12/.
Successfully loaded for PP. from ./Empirical/HO/Kalash_11/chr12/
Fraction Markers in ROH: 0.3240
Merged n=0 gaps < 0.0 M
Called n=2 ROH Blocks > 1.0 cM
Longest Block: 15.848
Successfully saved to ./Empirical/HO/Kalash_11/chr12/roh.csv
Using Low-Mem Cython Linear Speed Up.
Loaded Pre Processing Model: SardHDF5
Loading Individual: Kalash_11

Loaded 1145647 variants
Loaded 4616 individuals
HDF5 loaded from ./Data/Marcus2019_1240k/mod_reich_sardinia_ancients_rev_mrg_dedup_3trm_anno.h5

Loaded 39018 variants
Loaded 2504 individuals
HDF5 loaded from ./Data/1000Genomes/HDF5/1240kHDF5/all1240/chr13.hdf5

Intersection on Positions: 39015
Nr of Matching Refs: 38885 / 39015
Full Intersection Ref/Alt Identical: 38841 / 39015
2504 / 2504 Individuals included in Reference
Extraction of 5008 Haplotypes Complete!
Markers called 17777 / 38841
Successfully saved to: ./Empirical/HO/Kalash_11/chr13/
Successfully loaded Data from: ./Empirical/HO/Kalash_11/chr13/
Loaded Emission Model: diploid_gt
Loaded Transition Model: model
Loaded Post Processing Model: Standard
Minimum Genetic Map: 0.0028
Maximum Genetic Map: 1.2570
Gaps bigger than 0.1 cM: 232
Maximum Gap: 1.2234 cM
Loaded Transition and Emission Matrix:
(3, 3)
(5009, 17777)
Loaded Observations:
(2, 17777)
Memory Usage: 1003.585536 mB
Reference Number: 5008
Total Log likelihood: -8953.366
Memory Usage: 1003.585536 mB
Finished Calculation State Posteriors
Saved Zero State Posterior to ./Empirical/HO/Kalash_11/chr13/.
Successfully loaded for PP. from ./Empirical/HO/Kalash_11/chr13/
Fraction Markers in ROH: 0.2979
Merged n=0 gaps < 0.0 M
Called n=4 ROH Blocks > 1.0 cM
Longest Block: 4.937
Successfully saved to ./Empirical/HO/Kalash_11/chr13/roh.csv
Using Low-Mem Cython Linear Speed Up.
Loaded Pre Processing Model: SardHDF5
Loading Individual: Kalash_11

Loaded 1145647 variants
Loaded 4616 individuals
HDF5 loaded from ./Data/Marcus2019_1240k/mod_reich_sardinia_ancients_rev_mrg_dedup_3trm_anno.h5

Loaded 36301 variants
Loaded 2504 individuals
HDF5 loaded from ./Data/1000Genomes/HDF5/1240kHDF5/all1240/chr14.hdf5

Intersection on Positions: 36301
Nr of Matching Refs: 36166 / 36301
Full Intersection Ref/Alt Identical: 36126 / 36301
2504 / 2504 Individuals included in Reference
Extraction of 5008 Haplotypes Complete!
Markers called 18592 / 36126
Successfully saved to: ./Empirical/HO/Kalash_11/chr14/
Successfully loaded Data from: ./Empirical/HO/Kalash_11/chr14/
Loaded Emission Model: diploid_gt
Loaded Transition Model: model
Loaded Post Processing Model: Standard
Minimum Genetic Map: 0.0184
Maximum Genetic Map: 1.2020
Gaps bigger than 0.1 cM: 191
Maximum Gap: 3.5856 cM
Loaded Transition and Emission Matrix:
(3, 3)
(5009, 18592)
Loaded Observations:
(2, 18592)
Memory Usage: 1040.32256 mB
Reference Number: 5008
Total Log likelihood: -9479.875
Memory Usage: 1040.32256 mB
Finished Calculation State Posteriors
Saved Zero State Posterior to ./Empirical/HO/Kalash_11/chr14/.
Successfully loaded for PP. from ./Empirical/HO/Kalash_11/chr14/
Fraction Markers in ROH: 0.2600
Merged n=0 gaps < 0.0 M
Called n=2 ROH Blocks > 1.0 cM
Longest Block: 3.711
Successfully saved to ./Empirical/HO/Kalash_11/chr14/roh.csv
Using Low-Mem Cython Linear Speed Up.
Loaded Pre Processing Model: SardHDF5
Loading Individual: Kalash_11

Loaded 1145647 variants
Loaded 4616 individuals
HDF5 loaded from ./Data/Marcus2019_1240k/mod_reich_sardinia_ancients_rev_mrg_dedup_3trm_anno.h5

Loaded 34429 variants
Loaded 2504 individuals
HDF5 loaded from ./Data/1000Genomes/HDF5/1240kHDF5/all1240/chr15.hdf5

Intersection on Positions: 34425
Nr of Matching Refs: 34285 / 34425
Full Intersection Ref/Alt Identical: 34249 / 34425
2504 / 2504 Individuals included in Reference
Extraction of 5008 Haplotypes Complete!
Markers called 17967 / 34249
Successfully saved to: ./Empirical/HO/Kalash_11/chr15/
Successfully loaded Data from: ./Empirical/HO/Kalash_11/chr15/
Loaded Emission Model: diploid_gt
Loaded Transition Model: model
Loaded Post Processing Model: Standard
Minimum Genetic Map: 0.0002
Maximum Genetic Map: 1.4133
Gaps bigger than 0.1 cM: 202
Maximum Gap: 13.7876 cM
Loaded Transition and Emission Matrix:
(3, 3)
(5009, 17967)
Loaded Observations:
(2, 17967)
Memory Usage: 1012.146176 mB
Reference Number: 5008
Total Log likelihood: -9335.798
Memory Usage: 1012.146176 mB
Finished Calculation State Posteriors
Saved Zero State Posterior to ./Empirical/HO/Kalash_11/chr15/.
Successfully loaded for PP. from ./Empirical/HO/Kalash_11/chr15/
Fraction Markers in ROH: 0.2357
Merged n=0 gaps < 0.0 M
Called n=2 ROH Blocks > 1.0 cM
Longest Block: 1.361
Successfully saved to ./Empirical/HO/Kalash_11/chr15/roh.csv
Using Low-Mem Cython Linear Speed Up.
Loaded Pre Processing Model: SardHDF5
Loading Individual: Kalash_11

Loaded 1145647 variants
Loaded 4616 individuals
HDF5 loaded from ./Data/Marcus2019_1240k/mod_reich_sardinia_ancients_rev_mrg_dedup_3trm_anno.h5

Loaded 34402 variants
Loaded 2504 individuals
HDF5 loaded from ./Data/1000Genomes/HDF5/1240kHDF5/all1240/chr16.hdf5

Intersection on Positions: 34399
Nr of Matching Refs: 34254 / 34399
Full Intersection Ref/Alt Identical: 34201 / 34399
2504 / 2504 Individuals included in Reference
Extraction of 5008 Haplotypes Complete!
Markers called 18152 / 34201
Successfully saved to: ./Empirical/HO/Kalash_11/chr16/
Successfully loaded Data from: ./Empirical/HO/Kalash_11/chr16/
Loaded Emission Model: diploid_gt
Loaded Transition Model: model
Loaded Post Processing Model: Standard
Minimum Genetic Map: 0.0001
Maximum Genetic Map: 1.3402
Gaps bigger than 0.1 cM: 229
Maximum Gap: 0.9354 cM
Loaded Transition and Emission Matrix:
(3, 3)
(5009, 18152)
Loaded Observations:
(2, 18152)
Memory Usage: 1020.489728 mB
Reference Number: 5008
Total Log likelihood: -8886.382
Memory Usage: 1020.489728 mB
Finished Calculation State Posteriors
Saved Zero State Posterior to ./Empirical/HO/Kalash_11/chr16/.
Successfully loaded for PP. from ./Empirical/HO/Kalash_11/chr16/
Fraction Markers in ROH: 0.3201
Merged n=0 gaps < 0.0 M
Called n=3 ROH Blocks > 1.0 cM
Longest Block: 4.759
Successfully saved to ./Empirical/HO/Kalash_11/chr16/roh.csv
Using Low-Mem Cython Linear Speed Up.
Loaded Pre Processing Model: SardHDF5
Loading Individual: Kalash_11

Loaded 1145647 variants
Loaded 4616 individuals
HDF5 loaded from ./Data/Marcus2019_1240k/mod_reich_sardinia_ancients_rev_mrg_dedup_3trm_anno.h5

Loaded 29314 variants
Loaded 2504 individuals
HDF5 loaded from ./Data/1000Genomes/HDF5/1240kHDF5/all1240/chr17.hdf5

Intersection on Positions: 29313
Nr of Matching Refs: 29159 / 29313
Full Intersection Ref/Alt Identical: 29124 / 29313
2504 / 2504 Individuals included in Reference
Extraction of 5008 Haplotypes Complete!
Markers called 15131 / 29124
Successfully saved to: ./Empirical/HO/Kalash_11/chr17/
Successfully loaded Data from: ./Empirical/HO/Kalash_11/chr17/
Loaded Emission Model: diploid_gt
Loaded Transition Model: model
Loaded Post Processing Model: Standard
Minimum Genetic Map: -0.0003
Maximum Genetic Map: 1.2845
Gaps bigger than 0.1 cM: 225
Maximum Gap: 1.2355 cM
Loaded Transition and Emission Matrix:
(3, 3)
(5009, 15131)
Loaded Observations:
(2, 15131)
Memory Usage: 884.30592 mB
Reference Number: 5008
Total Log likelihood: -7548.661
Memory Usage: 884.30592 mB
Finished Calculation State Posteriors
Saved Zero State Posterior to ./Empirical/HO/Kalash_11/chr17/.
Successfully loaded for PP. from ./Empirical/HO/Kalash_11/chr17/
Fraction Markers in ROH: 0.2862
Merged n=0 gaps < 0.0 M
Called n=3 ROH Blocks > 1.0 cM
Longest Block: 6.245
Successfully saved to ./Empirical/HO/Kalash_11/chr17/roh.csv
Using Low-Mem Cython Linear Speed Up.
Loaded Pre Processing Model: SardHDF5
Loading Individual: Kalash_11

Loaded 1145647 variants
Loaded 4616 individuals
HDF5 loaded from ./Data/Marcus2019_1240k/mod_reich_sardinia_ancients_rev_mrg_dedup_3trm_anno.h5

Loaded 33917 variants
Loaded 2504 individuals
HDF5 loaded from ./Data/1000Genomes/HDF5/1240kHDF5/all1240/chr18.hdf5

Intersection on Positions: 33916
Nr of Matching Refs: 33774 / 33916
Full Intersection Ref/Alt Identical: 33746 / 33916
2504 / 2504 Individuals included in Reference
Extraction of 5008 Haplotypes Complete!
Markers called 17062 / 33746
Successfully saved to: ./Empirical/HO/Kalash_11/chr18/
Successfully loaded Data from: ./Empirical/HO/Kalash_11/chr18/
Loaded Emission Model: diploid_gt
Loaded Transition Model: model
Loaded Post Processing Model: Standard
Minimum Genetic Map: 0.0027
Maximum Genetic Map: 1.1771
Gaps bigger than 0.1 cM: 195
Maximum Gap: 0.8037 cM
Loaded Transition and Emission Matrix:
(3, 3)
(5009, 17062)
Loaded Observations:
(2, 17062)
Memory Usage: 971.362304 mB
Reference Number: 5008
Total Log likelihood: -8347.859
Memory Usage: 971.362304 mB
Finished Calculation State Posteriors
Saved Zero State Posterior to ./Empirical/HO/Kalash_11/chr18/.
Successfully loaded for PP. from ./Empirical/HO/Kalash_11/chr18/
Fraction Markers in ROH: 0.3051
Merged n=0 gaps < 0.0 M
Called n=2 ROH Blocks > 1.0 cM
Longest Block: 1.995
Successfully saved to ./Empirical/HO/Kalash_11/chr18/roh.csv
Using Low-Mem Cython Linear Speed Up.
Loaded Pre Processing Model: SardHDF5
Loading Individual: Kalash_11

Loaded 1145647 variants
Loaded 4616 individuals
HDF5 loaded from ./Data/Marcus2019_1240k/mod_reich_sardinia_ancients_rev_mrg_dedup_3trm_anno.h5

Loaded 18460 variants
Loaded 2504 individuals
HDF5 loaded from ./Data/1000Genomes/HDF5/1240kHDF5/all1240/chr19.hdf5

Intersection on Positions: 18459
Nr of Matching Refs: 18381 / 18459
Full Intersection Ref/Alt Identical: 18340 / 18459
2504 / 2504 Individuals included in Reference
Extraction of 5008 Haplotypes Complete!
Markers called 8659 / 18340
Successfully saved to: ./Empirical/HO/Kalash_11/chr19/
Successfully loaded Data from: ./Empirical/HO/Kalash_11/chr19/
Loaded Emission Model: diploid_gt
Loaded Transition Model: model
Loaded Post Processing Model: Standard
Minimum Genetic Map: 0.0000
Maximum Genetic Map: 1.0773
Gaps bigger than 0.1 cM: 286
Maximum Gap: 0.6354 cM
Loaded Transition and Emission Matrix:
(3, 3)
(5009, 8659)
Loaded Observations:
(2, 8659)
Memory Usage: 592.551936 mB
Reference Number: 5008
Total Log likelihood: -4278.560
Memory Usage: 592.551936 mB
Finished Calculation State Posteriors
Saved Zero State Posterior to ./Empirical/HO/Kalash_11/chr19/.
Successfully loaded for PP. from ./Empirical/HO/Kalash_11/chr19/
Fraction Markers in ROH: 0.3205
Merged n=0 gaps < 0.0 M
Called n=2 ROH Blocks > 1.0 cM
Longest Block: 2.014
Successfully saved to ./Empirical/HO/Kalash_11/chr19/roh.csv
Using Low-Mem Cython Linear Speed Up.
Loaded Pre Processing Model: SardHDF5
Loading Individual: Kalash_11

Loaded 1145647 variants
Loaded 4616 individuals
HDF5 loaded from ./Data/Marcus2019_1240k/mod_reich_sardinia_ancients_rev_mrg_dedup_3trm_anno.h5

Loaded 29078 variants
Loaded 2504 individuals
HDF5 loaded from ./Data/1000Genomes/HDF5/1240kHDF5/all1240/chr20.hdf5

Intersection on Positions: 29077
Nr of Matching Refs: 28908 / 29077
Full Intersection Ref/Alt Identical: 28864 / 29077
2504 / 2504 Individuals included in Reference
Extraction of 5008 Haplotypes Complete!
Markers called 15284 / 28864
Successfully saved to: ./Empirical/HO/Kalash_11/chr20/
Successfully loaded Data from: ./Empirical/HO/Kalash_11/chr20/
Loaded Emission Model: diploid_gt
Loaded Transition Model: model
Loaded Post Processing Model: Standard
Minimum Genetic Map: 0.0008
Maximum Genetic Map: 1.0821
Gaps bigger than 0.1 cM: 204
Maximum Gap: 0.4744 cM
Loaded Transition and Emission Matrix:
(3, 3)
(5009, 15284)
Loaded Observations:
(2, 15284)
Memory Usage: 891.211776 mB
Reference Number: 5008
Total Log likelihood: -7504.380
Memory Usage: 891.211776 mB
Finished Calculation State Posteriors
Saved Zero State Posterior to ./Empirical/HO/Kalash_11/chr20/.
Successfully loaded for PP. from ./Empirical/HO/Kalash_11/chr20/
Fraction Markers in ROH: 0.3061
Merged n=0 gaps < 0.0 M
Called n=4 ROH Blocks > 1.0 cM
Longest Block: 3.668
Successfully saved to ./Empirical/HO/Kalash_11/chr20/roh.csv
Using Low-Mem Cython Linear Speed Up.
Loaded Pre Processing Model: SardHDF5
Loading Individual: Kalash_11

Loaded 1145647 variants
Loaded 4616 individuals
HDF5 loaded from ./Data/Marcus2019_1240k/mod_reich_sardinia_ancients_rev_mrg_dedup_3trm_anno.h5

Loaded 16038 variants
Loaded 2504 individuals
HDF5 loaded from ./Data/1000Genomes/HDF5/1240kHDF5/all1240/chr21.hdf5

Intersection on Positions: 16036
Nr of Matching Refs: 15949 / 16036
Full Intersection Ref/Alt Identical: 15930 / 16036
2504 / 2504 Individuals included in Reference
Extraction of 5008 Haplotypes Complete!
Markers called 7860 / 15930
Successfully saved to: ./Empirical/HO/Kalash_11/chr21/
Successfully loaded Data from: ./Empirical/HO/Kalash_11/chr21/
Loaded Emission Model: diploid_gt
Loaded Transition Model: model
Loaded Post Processing Model: Standard
Minimum Genetic Map: 0.0145
Maximum Genetic Map: 0.6277
Gaps bigger than 0.1 cM: 121
Maximum Gap: 0.7121 cM
Loaded Transition and Emission Matrix:
(3, 3)
(5009, 7860)
Loaded Observations:
(2, 7860)
Memory Usage: 556.535808 mB
Reference Number: 5008
Total Log likelihood: -4309.700
Memory Usage: 556.535808 mB
Finished Calculation State Posteriors
Saved Zero State Posterior to ./Empirical/HO/Kalash_11/chr21/.
Successfully loaded for PP. from ./Empirical/HO/Kalash_11/chr21/
Fraction Markers in ROH: 0.2123
Merged n=0 gaps < 0.0 M
Called n=1 ROH Blocks > 1.0 cM
Longest Block: 1.617
Successfully saved to ./Empirical/HO/Kalash_11/chr21/roh.csv
Using Low-Mem Cython Linear Speed Up.
Loaded Pre Processing Model: SardHDF5
Loading Individual: Kalash_11

Loaded 1145647 variants
Loaded 4616 individuals
HDF5 loaded from ./Data/Marcus2019_1240k/mod_reich_sardinia_ancients_rev_mrg_dedup_3trm_anno.h5

Loaded 15802 variants
Loaded 2504 individuals
HDF5 loaded from ./Data/1000Genomes/HDF5/1240kHDF5/all1240/chr22.hdf5

Intersection on Positions: 15802
Nr of Matching Refs: 15704 / 15802
Full Intersection Ref/Alt Identical: 15684 / 15802
2504 / 2504 Individuals included in Reference
Extraction of 5008 Haplotypes Complete!
Markers called 7675 / 15684
Successfully saved to: ./Empirical/HO/Kalash_11/chr22/
Successfully loaded Data from: ./Empirical/HO/Kalash_11/chr22/
Loaded Emission Model: diploid_gt
Loaded Transition Model: model
Loaded Post Processing Model: Standard
Minimum Genetic Map: 0.0178
Maximum Genetic Map: 0.7408
Gaps bigger than 0.1 cM: 150
Maximum Gap: 1.7139 cM
Loaded Transition and Emission Matrix:
(3, 3)
(5009, 7675)
Loaded Observations:
(2, 7675)
Memory Usage: 548.196352 mB
Reference Number: 5008
Total Log likelihood: -3989.474
Memory Usage: 548.196352 mB
Finished Calculation State Posteriors
Saved Zero State Posterior to ./Empirical/HO/Kalash_11/chr22/.
Successfully loaded for PP. from ./Empirical/HO/Kalash_11/chr22/
Fraction Markers in ROH: 0.2447
Merged n=0 gaps < 0.0 M
Called n=1 ROH Blocks > 1.0 cM
Longest Block: 5.866
Successfully saved to ./Empirical/HO/Kalash_11/chr22/roh.csv
Run for Individual Kalash_11: Complete! Yeah!!
