Doing Individual Mbuti_5...
Using Low-Mem Cython Linear Speed Up.
Loaded Pre Processing Model: SardHDF5
Loading Individual: Mbuti_5

Loaded 1145647 variants
Loaded 4616 individuals
HDF5 loaded from ./Data/Marcus2019_1240k/mod_reich_sardinia_ancients_rev_mrg_dedup_3trm_anno.h5

Loaded 89147 variants
Loaded 2504 individuals
HDF5 loaded from ./Data/1000Genomes/HDF5/1240kHDF5/all1240/chr1.hdf5

Intersection on Positions: 89143
Nr of Matching Refs: 89143 / 89143
Full Intersection Ref/Alt Identical: 89079 / 89143
2504 / 2504 Individuals included in Reference
Extraction of 5008 Haplotypes Complete!
Markers called 47337 / 89079
Successfully saved to: ./Empirical/HO/Mbuti_5/chr1/
Successfully loaded Data from: ./Empirical/HO/Mbuti_5/chr1/
Loaded Emission Model: diploid_gt
Loaded Transition Model: model
Loaded Post Processing Model: Standard
Minimum Genetic Map: 0.0201
Maximum Genetic Map: 2.8623
Gaps bigger than 0.1 cM: 427
Maximum Gap: 3.9814 cM
Loaded Transition and Emission Matrix:
(3, 3)
(5009, 47337)
Loaded Observations:
(2, 47337)
Memory Usage: 2319.519744 mB
Reference Number: 5008
Total Log likelihood: -34869.305
Memory Usage: 2319.9744 mB
Finished Calculation State Posteriors
Saved Zero State Posterior to ./Empirical/HO/Mbuti_5/chr1/.
Successfully loaded for PP. from ./Empirical/HO/Mbuti_5/chr1/
Fraction Markers in ROH: 0.1790
Merged n=0 gaps < 0.0 M
Called n=3 ROH Blocks > 1.0 cM
Longest Block: 1.649
Successfully saved to ./Empirical/HO/Mbuti_5/chr1/roh.csv
Using Low-Mem Cython Linear Speed Up.
Loaded Pre Processing Model: SardHDF5
Loading Individual: Mbuti_5

Loaded 1145647 variants
Loaded 4616 individuals
HDF5 loaded from ./Data/Marcus2019_1240k/mod_reich_sardinia_ancients_rev_mrg_dedup_3trm_anno.h5

Loaded 94239 variants
Loaded 2504 individuals
HDF5 loaded from ./Data/1000Genomes/HDF5/1240kHDF5/all1240/chr2.hdf5

Intersection on Positions: 94237
Nr of Matching Refs: 94205 / 94237
Full Intersection Ref/Alt Identical: 94137 / 94237
2504 / 2504 Individuals included in Reference
Extraction of 5008 Haplotypes Complete!
Markers called 48882 / 94137
Successfully saved to: ./Empirical/HO/Mbuti_5/chr2/
Successfully loaded Data from: ./Empirical/HO/Mbuti_5/chr2/
Loaded Emission Model: diploid_gt
Loaded Transition Model: model
Loaded Post Processing Model: Standard
Minimum Genetic Map: 0.0001
Maximum Genetic Map: 2.6883
Gaps bigger than 0.1 cM: 397
Maximum Gap: 2.0159 cM
Loaded Transition and Emission Matrix:
(3, 3)
(5009, 48882)
Loaded Observations:
(2, 48882)
Memory Usage: 2391.699456 mB
Reference Number: 5008
Total Log likelihood: -36883.434
Memory Usage: 2391.699456 mB
Finished Calculation State Posteriors
Saved Zero State Posterior to ./Empirical/HO/Mbuti_5/chr2/.
Successfully loaded for PP. from ./Empirical/HO/Mbuti_5/chr2/
Fraction Markers in ROH: 0.1879
Merged n=0 gaps < 0.0 M
Called n=2 ROH Blocks > 1.0 cM
Longest Block: 2.096
Successfully saved to ./Empirical/HO/Mbuti_5/chr2/roh.csv
Using Low-Mem Cython Linear Speed Up.
Loaded Pre Processing Model: SardHDF5
Loading Individual: Mbuti_5

Loaded 1145647 variants
Loaded 4616 individuals
HDF5 loaded from ./Data/Marcus2019_1240k/mod_reich_sardinia_ancients_rev_mrg_dedup_3trm_anno.h5

Loaded 77652 variants
Loaded 2504 individuals
HDF5 loaded from ./Data/1000Genomes/HDF5/1240kHDF5/all1240/chr3.hdf5

Intersection on Positions: 77650
Nr of Matching Refs: 77606 / 77650
Full Intersection Ref/Alt Identical: 77553 / 77650
2504 / 2504 Individuals included in Reference
Extraction of 5008 Haplotypes Complete!
Markers called 40509 / 77553
Successfully saved to: ./Empirical/HO/Mbuti_5/chr3/
Successfully loaded Data from: ./Empirical/HO/Mbuti_5/chr3/
Loaded Emission Model: diploid_gt
Loaded Transition Model: model
Loaded Post Processing Model: Standard
Minimum Genetic Map: 0.0002
Maximum Genetic Map: 2.2326
Gaps bigger than 0.1 cM: 343
Maximum Gap: 0.4179 cM
Loaded Transition and Emission Matrix:
(3, 3)
(5009, 40509)
Loaded Observations:
(2, 40509)
Memory Usage: 2028.302336 mB
Reference Number: 5008
Total Log likelihood: -29632.438
Memory Usage: 2028.302336 mB
Finished Calculation State Posteriors
Saved Zero State Posterior to ./Empirical/HO/Mbuti_5/chr3/.
Successfully loaded for PP. from ./Empirical/HO/Mbuti_5/chr3/
Fraction Markers in ROH: 0.1904
Merged n=0 gaps < 0.0 M
Called n=2 ROH Blocks > 1.0 cM
Longest Block: 2.479
Successfully saved to ./Empirical/HO/Mbuti_5/chr3/roh.csv
Using Low-Mem Cython Linear Speed Up.
Loaded Pre Processing Model: SardHDF5
Loading Individual: Mbuti_5

Loaded 1145647 variants
Loaded 4616 individuals
HDF5 loaded from ./Data/Marcus2019_1240k/mod_reich_sardinia_ancients_rev_mrg_dedup_3trm_anno.h5

Loaded 68759 variants
Loaded 2504 individuals
HDF5 loaded from ./Data/1000Genomes/HDF5/1240kHDF5/all1240/chr4.hdf5

Intersection on Positions: 68759
Nr of Matching Refs: 68709 / 68759
Full Intersection Ref/Alt Identical: 68663 / 68759
2504 / 2504 Individuals included in Reference
Extraction of 5008 Haplotypes Complete!
Markers called 33935 / 68663
Successfully saved to: ./Empirical/HO/Mbuti_5/chr4/
Successfully loaded Data from: ./Empirical/HO/Mbuti_5/chr4/
Loaded Emission Model: diploid_gt
Loaded Transition Model: model
Loaded Post Processing Model: Standard
Minimum Genetic Map: 0.0034
Maximum Genetic Map: 2.1454
Gaps bigger than 0.1 cM: 332
Maximum Gap: 2.1426 cM
Loaded Transition and Emission Matrix:
(3, 3)
(5009, 33935)
Loaded Observations:
(2, 33935)
Memory Usage: 1731.903488 mB
Reference Number: 5008
Total Log likelihood: -25444.158
Memory Usage: 1731.903488 mB
Finished Calculation State Posteriors
Saved Zero State Posterior to ./Empirical/HO/Mbuti_5/chr4/.
Successfully loaded for PP. from ./Empirical/HO/Mbuti_5/chr4/
Fraction Markers in ROH: 0.1934
Merged n=0 gaps < 0.0 M
Called n=3 ROH Blocks > 1.0 cM
Longest Block: 1.729
Successfully saved to ./Empirical/HO/Mbuti_5/chr4/roh.csv
Using Low-Mem Cython Linear Speed Up.
Loaded Pre Processing Model: SardHDF5
Loading Individual: Mbuti_5

Loaded 1145647 variants
Loaded 4616 individuals
HDF5 loaded from ./Data/Marcus2019_1240k/mod_reich_sardinia_ancients_rev_mrg_dedup_3trm_anno.h5

Loaded 69399 variants
Loaded 2504 individuals
HDF5 loaded from ./Data/1000Genomes/HDF5/1240kHDF5/all1240/chr5.hdf5

Intersection on Positions: 69394
Nr of Matching Refs: 69307 / 69394
Full Intersection Ref/Alt Identical: 69252 / 69394
2504 / 2504 Individuals included in Reference
Extraction of 5008 Haplotypes Complete!
Markers called 34087 / 69252
Successfully saved to: ./Empirical/HO/Mbuti_5/chr5/
Successfully loaded Data from: ./Empirical/HO/Mbuti_5/chr5/
Loaded Emission Model: diploid_gt
Loaded Transition Model: model
Loaded Post Processing Model: Standard
Minimum Genetic Map: 0.0004
Maximum Genetic Map: 2.0409
Gaps bigger than 0.1 cM: 339
Maximum Gap: 1.0498 cM
Loaded Transition and Emission Matrix:
(3, 3)
(5009, 34087)
Loaded Observations:
(2, 34087)
Memory Usage: 1738.780672 mB
Reference Number: 5008
Total Log likelihood: -25163.386
Memory Usage: 1738.780672 mB
Finished Calculation State Posteriors
Saved Zero State Posterior to ./Empirical/HO/Mbuti_5/chr5/.
Successfully loaded for PP. from ./Empirical/HO/Mbuti_5/chr5/
Fraction Markers in ROH: 0.1878
Merged n=0 gaps < 0.0 M
Called n=2 ROH Blocks > 1.0 cM
Longest Block: 4.030
Successfully saved to ./Empirical/HO/Mbuti_5/chr5/roh.csv
Using Low-Mem Cython Linear Speed Up.
Loaded Pre Processing Model: SardHDF5
Loading Individual: Mbuti_5

Loaded 1145647 variants
Loaded 4616 individuals
HDF5 loaded from ./Data/Marcus2019_1240k/mod_reich_sardinia_ancients_rev_mrg_dedup_3trm_anno.h5

Loaded 75870 variants
Loaded 2504 individuals
HDF5 loaded from ./Data/1000Genomes/HDF5/1240kHDF5/all1240/chr6.hdf5

Intersection on Positions: 75866
Nr of Matching Refs: 75743 / 75866
Full Intersection Ref/Alt Identical: 75675 / 75866
2504 / 2504 Individuals included in Reference
Extraction of 5008 Haplotypes Complete!
Markers called 33911 / 75675
Successfully saved to: ./Empirical/HO/Mbuti_5/chr6/
Successfully loaded Data from: ./Empirical/HO/Mbuti_5/chr6/
Loaded Emission Model: diploid_gt
Loaded Transition Model: model
Loaded Post Processing Model: Standard
Minimum Genetic Map: 0.0035
Maximum Genetic Map: 1.9203
Gaps bigger than 0.1 cM: 289
Maximum Gap: 0.5072 cM
Loaded Transition and Emission Matrix:
(3, 3)
(5009, 33911)
Loaded Observations:
(2, 33911)
Memory Usage: 1730.8672 mB
Reference Number: 5008
Total Log likelihood: -24355.809
Memory Usage: 1730.8672 mB
Finished Calculation State Posteriors
Saved Zero State Posterior to ./Empirical/HO/Mbuti_5/chr6/.
Successfully loaded for PP. from ./Empirical/HO/Mbuti_5/chr6/
Fraction Markers in ROH: 0.2040
Merged n=0 gaps < 0.0 M
Called n=5 ROH Blocks > 1.0 cM
Longest Block: 2.322
Successfully saved to ./Empirical/HO/Mbuti_5/chr6/roh.csv
Using Low-Mem Cython Linear Speed Up.
Loaded Pre Processing Model: SardHDF5
Loading Individual: Mbuti_5

Loaded 1145647 variants
Loaded 4616 individuals
HDF5 loaded from ./Data/Marcus2019_1240k/mod_reich_sardinia_ancients_rev_mrg_dedup_3trm_anno.h5

Loaded 59890 variants
Loaded 2504 individuals
HDF5 loaded from ./Data/1000Genomes/HDF5/1240kHDF5/all1240/chr7.hdf5

Intersection on Positions: 59889
Nr of Matching Refs: 59781 / 59889
Full Intersection Ref/Alt Identical: 59715 / 59889
2504 / 2504 Individuals included in Reference
Extraction of 5008 Haplotypes Complete!
Markers called 28629 / 59715
Successfully saved to: ./Empirical/HO/Mbuti_5/chr7/
Successfully loaded Data from: ./Empirical/HO/Mbuti_5/chr7/
Loaded Emission Model: diploid_gt
Loaded Transition Model: model
Loaded Post Processing Model: Standard
Minimum Genetic Map: 0.0000
Maximum Genetic Map: 1.8715
Gaps bigger than 0.1 cM: 326
Maximum Gap: 1.0884 cM
Loaded Transition and Emission Matrix:
(3, 3)
(5009, 28629)
Loaded Observations:
(2, 28629)
Memory Usage: 1492.774912 mB
Reference Number: 5008
Total Log likelihood: -20342.172
Memory Usage: 1492.774912 mB
Finished Calculation State Posteriors
Saved Zero State Posterior to ./Empirical/HO/Mbuti_5/chr7/.
Successfully loaded for PP. from ./Empirical/HO/Mbuti_5/chr7/
Fraction Markers in ROH: 0.2435
Merged n=0 gaps < 0.0 M
Called n=4 ROH Blocks > 1.0 cM
Longest Block: 7.358
Successfully saved to ./Empirical/HO/Mbuti_5/chr7/roh.csv
Using Low-Mem Cython Linear Speed Up.
Loaded Pre Processing Model: SardHDF5
Loading Individual: Mbuti_5

Loaded 1145647 variants
Loaded 4616 individuals
HDF5 loaded from ./Data/Marcus2019_1240k/mod_reich_sardinia_ancients_rev_mrg_dedup_3trm_anno.h5

Loaded 61133 variants
Loaded 2504 individuals
HDF5 loaded from ./Data/1000Genomes/HDF5/1240kHDF5/all1240/chr8.hdf5

Intersection on Positions: 61130
Nr of Matching Refs: 61022 / 61130
Full Intersection Ref/Alt Identical: 60960 / 61130
2504 / 2504 Individuals included in Reference
Extraction of 5008 Haplotypes Complete!
Markers called 28390 / 60960
Successfully saved to: ./Empirical/HO/Mbuti_5/chr8/
Successfully loaded Data from: ./Empirical/HO/Mbuti_5/chr8/
Loaded Emission Model: diploid_gt
Loaded Transition Model: model
Loaded Post Processing Model: Standard
Minimum Genetic Map: 0.0001
Maximum Genetic Map: 1.6800
Gaps bigger than 0.1 cM: 255
Maximum Gap: 3.5052 cM
Loaded Transition and Emission Matrix:
(3, 3)
(5009, 28390)
Loaded Observations:
(2, 28390)
Memory Usage: 1482.006528 mB
Reference Number: 5008
Total Log likelihood: -21558.434
Memory Usage: 1482.006528 mB
Finished Calculation State Posteriors
Saved Zero State Posterior to ./Empirical/HO/Mbuti_5/chr8/.
Successfully loaded for PP. from ./Empirical/HO/Mbuti_5/chr8/
Fraction Markers in ROH: 0.2029
Called n=0 ROH Blocks > 1.0 cM
Longest Block: nan
Successfully saved to ./Empirical/HO/Mbuti_5/chr8/roh.csv
Using Low-Mem Cython Linear Speed Up.
Loaded Pre Processing Model: SardHDF5
Loading Individual: Mbuti_5

Loaded 1145647 variants
Loaded 4616 individuals
HDF5 loaded from ./Data/Marcus2019_1240k/mod_reich_sardinia_ancients_rev_mrg_dedup_3trm_anno.h5

Loaded 50668 variants
Loaded 2504 individuals
HDF5 loaded from ./Data/1000Genomes/HDF5/1240kHDF5/all1240/chr9.hdf5

Intersection on Positions: 50668
Nr of Matching Refs: 50539 / 50668
Full Intersection Ref/Alt Identical: 50493 / 50668
2504 / 2504 Individuals included in Reference
Extraction of 5008 Haplotypes Complete!
Markers called 23594 / 50493
Successfully saved to: ./Empirical/HO/Mbuti_5/chr9/
Successfully loaded Data from: ./Empirical/HO/Mbuti_5/chr9/
Loaded Emission Model: diploid_gt
Loaded Transition Model: model
Loaded Post Processing Model: Standard
Minimum Genetic Map: 0.0016
Maximum Genetic Map: 1.6630
Gaps bigger than 0.1 cM: 300
Maximum Gap: 2.3454 cM
Loaded Transition and Emission Matrix:
(3, 3)
(5009, 23594)
Loaded Observations:
(2, 23594)
Memory Usage: 1265.799168 mB
Reference Number: 5008
Total Log likelihood: -18071.336
Memory Usage: 1265.799168 mB
Finished Calculation State Posteriors
Saved Zero State Posterior to ./Empirical/HO/Mbuti_5/chr9/.
Successfully loaded for PP. from ./Empirical/HO/Mbuti_5/chr9/
Fraction Markers in ROH: 0.1881
Merged n=0 gaps < 0.0 M
Called n=1 ROH Blocks > 1.0 cM
Longest Block: 1.250
Successfully saved to ./Empirical/HO/Mbuti_5/chr9/roh.csv
Using Low-Mem Cython Linear Speed Up.
Loaded Pre Processing Model: SardHDF5
Loading Individual: Mbuti_5

Loaded 1145647 variants
Loaded 4616 individuals
HDF5 loaded from ./Data/Marcus2019_1240k/mod_reich_sardinia_ancients_rev_mrg_dedup_3trm_anno.h5

Loaded 58804 variants
Loaded 2504 individuals
HDF5 loaded from ./Data/1000Genomes/HDF5/1240kHDF5/all1240/chr10.hdf5

Intersection on Positions: 58803
Nr of Matching Refs: 58657 / 58803
Full Intersection Ref/Alt Identical: 58591 / 58803
2504 / 2504 Individuals included in Reference
Extraction of 5008 Haplotypes Complete!
Markers called 30442 / 58591
Successfully saved to: ./Empirical/HO/Mbuti_5/chr10/
Successfully loaded Data from: ./Empirical/HO/Mbuti_5/chr10/
Loaded Emission Model: diploid_gt
Loaded Transition Model: model
Loaded Post Processing Model: Standard
Minimum Genetic Map: 0.0001
Maximum Genetic Map: 1.8089
Gaps bigger than 0.1 cM: 263
Maximum Gap: 2.0338 cM
Loaded Transition and Emission Matrix:
(3, 3)
(5009, 30442)
Loaded Observations:
(2, 30442)
Memory Usage: 1574.510592 mB
Reference Number: 5008
Total Log likelihood: -22149.706
Memory Usage: 1574.510592 mB
Finished Calculation State Posteriors
Saved Zero State Posterior to ./Empirical/HO/Mbuti_5/chr10/.
Successfully loaded for PP. from ./Empirical/HO/Mbuti_5/chr10/
Fraction Markers in ROH: 0.1889
Called n=0 ROH Blocks > 1.0 cM
Longest Block: nan
Successfully saved to ./Empirical/HO/Mbuti_5/chr10/roh.csv
Using Low-Mem Cython Linear Speed Up.
Loaded Pre Processing Model: SardHDF5
Loading Individual: Mbuti_5

Loaded 1145647 variants
Loaded 4616 individuals
HDF5 loaded from ./Data/Marcus2019_1240k/mod_reich_sardinia_ancients_rev_mrg_dedup_3trm_anno.h5

Loaded 54833 variants
Loaded 2504 individuals
HDF5 loaded from ./Data/1000Genomes/HDF5/1240kHDF5/all1240/chr11.hdf5

Intersection on Positions: 54831
Nr of Matching Refs: 54669 / 54831
Full Intersection Ref/Alt Identical: 54616 / 54831
2504 / 2504 Individuals included in Reference
Extraction of 5008 Haplotypes Complete!
Markers called 28014 / 54616
Successfully saved to: ./Empirical/HO/Mbuti_5/chr11/
Successfully loaded Data from: ./Empirical/HO/Mbuti_5/chr11/
Loaded Emission Model: diploid_gt
Loaded Transition Model: model
Loaded Post Processing Model: Standard
Minimum Genetic Map: 0.0000
Maximum Genetic Map: 1.5822
Gaps bigger than 0.1 cM: 247
Maximum Gap: 0.5683 cM
Loaded Transition and Emission Matrix:
(3, 3)
(5009, 28014)
Loaded Observations:
(2, 28014)
Memory Usage: 1465.053184 mB
Reference Number: 5008
Total Log likelihood: -19822.819
Memory Usage: 1465.053184 mB
Finished Calculation State Posteriors
Saved Zero State Posterior to ./Empirical/HO/Mbuti_5/chr11/.
Successfully loaded for PP. from ./Empirical/HO/Mbuti_5/chr11/
Fraction Markers in ROH: 0.2450
Merged n=0 gaps < 0.0 M
Called n=3 ROH Blocks > 1.0 cM
Longest Block: 4.697
Successfully saved to ./Empirical/HO/Mbuti_5/chr11/roh.csv
Using Low-Mem Cython Linear Speed Up.
Loaded Pre Processing Model: SardHDF5
Loading Individual: Mbuti_5

Loaded 1145647 variants
Loaded 4616 individuals
HDF5 loaded from ./Data/Marcus2019_1240k/mod_reich_sardinia_ancients_rev_mrg_dedup_3trm_anno.h5

Loaded 53911 variants
Loaded 2504 individuals
HDF5 loaded from ./Data/1000Genomes/HDF5/1240kHDF5/all1240/chr12.hdf5

Intersection on Positions: 53911
Nr of Matching Refs: 53713 / 53911
Full Intersection Ref/Alt Identical: 53672 / 53911
2504 / 2504 Individuals included in Reference
Extraction of 5008 Haplotypes Complete!
Markers called 27207 / 53672
Successfully saved to: ./Empirical/HO/Mbuti_5/chr12/
Successfully loaded Data from: ./Empirical/HO/Mbuti_5/chr12/
Loaded Emission Model: diploid_gt
Loaded Transition Model: model
Loaded Post Processing Model: Standard
Minimum Genetic Map: 0.0009
Maximum Genetic Map: 1.7468
Gaps bigger than 0.1 cM: 285
Maximum Gap: 0.8015 cM
Loaded Transition and Emission Matrix:
(3, 3)
(5009, 27207)
Loaded Observations:
(2, 27207)
Memory Usage: 1428.680704 mB
Reference Number: 5008
Total Log likelihood: -18758.577
Memory Usage: 1428.680704 mB
Finished Calculation State Posteriors
Saved Zero State Posterior to ./Empirical/HO/Mbuti_5/chr12/.
Successfully loaded for PP. from ./Empirical/HO/Mbuti_5/chr12/
Fraction Markers in ROH: 0.2617
Merged n=0 gaps < 0.0 M
Called n=2 ROH Blocks > 1.0 cM
Longest Block: 16.414
Successfully saved to ./Empirical/HO/Mbuti_5/chr12/roh.csv
Using Low-Mem Cython Linear Speed Up.
Loaded Pre Processing Model: SardHDF5
Loading Individual: Mbuti_5

Loaded 1145647 variants
Loaded 4616 individuals
HDF5 loaded from ./Data/Marcus2019_1240k/mod_reich_sardinia_ancients_rev_mrg_dedup_3trm_anno.h5

Loaded 39018 variants
Loaded 2504 individuals
HDF5 loaded from ./Data/1000Genomes/HDF5/1240kHDF5/all1240/chr13.hdf5

Intersection on Positions: 39015
Nr of Matching Refs: 38885 / 39015
Full Intersection Ref/Alt Identical: 38841 / 39015
2504 / 2504 Individuals included in Reference
Extraction of 5008 Haplotypes Complete!
Markers called 17809 / 38841
Successfully saved to: ./Empirical/HO/Mbuti_5/chr13/
Successfully loaded Data from: ./Empirical/HO/Mbuti_5/chr13/
Loaded Emission Model: diploid_gt
Loaded Transition Model: model
Loaded Post Processing Model: Standard
Minimum Genetic Map: 0.0028
Maximum Genetic Map: 1.2570
Gaps bigger than 0.1 cM: 230
Maximum Gap: 1.2234 cM
Loaded Transition and Emission Matrix:
(3, 3)
(5009, 17809)
Loaded Observations:
(2, 17809)
Memory Usage: 1005.023232 mB
Reference Number: 5008
Total Log likelihood: -13328.945
Memory Usage: 1005.023232 mB
Finished Calculation State Posteriors
Saved Zero State Posterior to ./Empirical/HO/Mbuti_5/chr13/.
Successfully loaded for PP. from ./Empirical/HO/Mbuti_5/chr13/
Fraction Markers in ROH: 0.1910
Merged n=0 gaps < 0.0 M
Called n=2 ROH Blocks > 1.0 cM
Longest Block: 1.587
Successfully saved to ./Empirical/HO/Mbuti_5/chr13/roh.csv
Using Low-Mem Cython Linear Speed Up.
Loaded Pre Processing Model: SardHDF5
Loading Individual: Mbuti_5

Loaded 1145647 variants
Loaded 4616 individuals
HDF5 loaded from ./Data/Marcus2019_1240k/mod_reich_sardinia_ancients_rev_mrg_dedup_3trm_anno.h5

Loaded 36301 variants
Loaded 2504 individuals
HDF5 loaded from ./Data/1000Genomes/HDF5/1240kHDF5/all1240/chr14.hdf5

Intersection on Positions: 36301
Nr of Matching Refs: 36166 / 36301
Full Intersection Ref/Alt Identical: 36126 / 36301
2504 / 2504 Individuals included in Reference
Extraction of 5008 Haplotypes Complete!
Markers called 18661 / 36126
Successfully saved to: ./Empirical/HO/Mbuti_5/chr14/
Successfully loaded Data from: ./Empirical/HO/Mbuti_5/chr14/
Loaded Emission Model: diploid_gt
Loaded Transition Model: model
Loaded Post Processing Model: Standard
Minimum Genetic Map: 0.0184
Maximum Genetic Map: 1.2020
Gaps bigger than 0.1 cM: 192
Maximum Gap: 3.5856 cM
Loaded Transition and Emission Matrix:
(3, 3)
(5009, 18661)
Loaded Observations:
(2, 18661)
Memory Usage: 1043.181568 mB
Reference Number: 5008
Total Log likelihood: -14083.817
Memory Usage: 1043.181568 mB
Finished Calculation State Posteriors
Saved Zero State Posterior to ./Empirical/HO/Mbuti_5/chr14/.
Successfully loaded for PP. from ./Empirical/HO/Mbuti_5/chr14/
Fraction Markers in ROH: 0.1223
Called n=0 ROH Blocks > 1.0 cM
Longest Block: nan
Successfully saved to ./Empirical/HO/Mbuti_5/chr14/roh.csv
Using Low-Mem Cython Linear Speed Up.
Loaded Pre Processing Model: SardHDF5
Loading Individual: Mbuti_5

Loaded 1145647 variants
Loaded 4616 individuals
HDF5 loaded from ./Data/Marcus2019_1240k/mod_reich_sardinia_ancients_rev_mrg_dedup_3trm_anno.h5

Loaded 34429 variants
Loaded 2504 individuals
HDF5 loaded from ./Data/1000Genomes/HDF5/1240kHDF5/all1240/chr15.hdf5

Intersection on Positions: 34425
Nr of Matching Refs: 34285 / 34425
Full Intersection Ref/Alt Identical: 34249 / 34425
2504 / 2504 Individuals included in Reference
Extraction of 5008 Haplotypes Complete!
Markers called 18034 / 34249
Successfully saved to: ./Empirical/HO/Mbuti_5/chr15/
Successfully loaded Data from: ./Empirical/HO/Mbuti_5/chr15/
Loaded Emission Model: diploid_gt
Loaded Transition Model: model
Loaded Post Processing Model: Standard
Minimum Genetic Map: 0.0002
Maximum Genetic Map: 1.4133
Gaps bigger than 0.1 cM: 201
Maximum Gap: 13.7876 cM
Loaded Transition and Emission Matrix:
(3, 3)
(5009, 18034)
Loaded Observations:
(2, 18034)
Memory Usage: 1014.919168 mB
Reference Number: 5008
Total Log likelihood: -13641.349
Memory Usage: 1014.919168 mB
Finished Calculation State Posteriors
Saved Zero State Posterior to ./Empirical/HO/Mbuti_5/chr15/.
Successfully loaded for PP. from ./Empirical/HO/Mbuti_5/chr15/
Fraction Markers in ROH: 0.1819
Called n=0 ROH Blocks > 1.0 cM
Longest Block: nan
Successfully saved to ./Empirical/HO/Mbuti_5/chr15/roh.csv
Using Low-Mem Cython Linear Speed Up.
Loaded Pre Processing Model: SardHDF5
Loading Individual: Mbuti_5

Loaded 1145647 variants
Loaded 4616 individuals
HDF5 loaded from ./Data/Marcus2019_1240k/mod_reich_sardinia_ancients_rev_mrg_dedup_3trm_anno.h5

Loaded 34402 variants
Loaded 2504 individuals
HDF5 loaded from ./Data/1000Genomes/HDF5/1240kHDF5/all1240/chr16.hdf5

Intersection on Positions: 34399
Nr of Matching Refs: 34254 / 34399
Full Intersection Ref/Alt Identical: 34201 / 34399
2504 / 2504 Individuals included in Reference
Extraction of 5008 Haplotypes Complete!
Markers called 18231 / 34201
Successfully saved to: ./Empirical/HO/Mbuti_5/chr16/
Successfully loaded Data from: ./Empirical/HO/Mbuti_5/chr16/
Loaded Emission Model: diploid_gt
Loaded Transition Model: model
Loaded Post Processing Model: Standard
Minimum Genetic Map: 0.0001
Maximum Genetic Map: 1.3402
Gaps bigger than 0.1 cM: 230
Maximum Gap: 0.9354 cM
Loaded Transition and Emission Matrix:
(3, 3)
(5009, 18231)
Loaded Observations:
(2, 18231)
Memory Usage: 1023.799296 mB
Reference Number: 5008
Total Log likelihood: -13922.213
Memory Usage: 1023.799296 mB
Finished Calculation State Posteriors
Saved Zero State Posterior to ./Empirical/HO/Mbuti_5/chr16/.
Successfully loaded for PP. from ./Empirical/HO/Mbuti_5/chr16/
Fraction Markers in ROH: 0.1551
Merged n=0 gaps < 0.0 M
Called n=2 ROH Blocks > 1.0 cM
Longest Block: 2.063
Successfully saved to ./Empirical/HO/Mbuti_5/chr16/roh.csv
Using Low-Mem Cython Linear Speed Up.
Loaded Pre Processing Model: SardHDF5
Loading Individual: Mbuti_5

Loaded 1145647 variants
Loaded 4616 individuals
HDF5 loaded from ./Data/Marcus2019_1240k/mod_reich_sardinia_ancients_rev_mrg_dedup_3trm_anno.h5

Loaded 29314 variants
Loaded 2504 individuals
HDF5 loaded from ./Data/1000Genomes/HDF5/1240kHDF5/all1240/chr17.hdf5

Intersection on Positions: 29313
Nr of Matching Refs: 29159 / 29313
Full Intersection Ref/Alt Identical: 29124 / 29313
2504 / 2504 Individuals included in Reference
Extraction of 5008 Haplotypes Complete!
Markers called 15221 / 29124
Successfully saved to: ./Empirical/HO/Mbuti_5/chr17/
Successfully loaded Data from: ./Empirical/HO/Mbuti_5/chr17/
Loaded Emission Model: diploid_gt
Loaded Transition Model: model
Loaded Post Processing Model: Standard
Minimum Genetic Map: -0.0003
Maximum Genetic Map: 1.2845
Gaps bigger than 0.1 cM: 226
Maximum Gap: 1.2355 cM
Loaded Transition and Emission Matrix:
(3, 3)
(5009, 15221)
Loaded Observations:
(2, 15221)
Memory Usage: 888.139776 mB
Reference Number: 5008
Total Log likelihood: -11432.137
Memory Usage: 888.139776 mB
Finished Calculation State Posteriors
Saved Zero State Posterior to ./Empirical/HO/Mbuti_5/chr17/.
Successfully loaded for PP. from ./Empirical/HO/Mbuti_5/chr17/
Fraction Markers in ROH: 0.1671
Called n=0 ROH Blocks > 1.0 cM
Longest Block: nan
Successfully saved to ./Empirical/HO/Mbuti_5/chr17/roh.csv
Using Low-Mem Cython Linear Speed Up.
Loaded Pre Processing Model: SardHDF5
Loading Individual: Mbuti_5

Loaded 1145647 variants
Loaded 4616 individuals
HDF5 loaded from ./Data/Marcus2019_1240k/mod_reich_sardinia_ancients_rev_mrg_dedup_3trm_anno.h5

Loaded 33917 variants
Loaded 2504 individuals
HDF5 loaded from ./Data/1000Genomes/HDF5/1240kHDF5/all1240/chr18.hdf5

Intersection on Positions: 33916
Nr of Matching Refs: 33774 / 33916
Full Intersection Ref/Alt Identical: 33746 / 33916
2504 / 2504 Individuals included in Reference
Extraction of 5008 Haplotypes Complete!
Markers called 17114 / 33746
Successfully saved to: ./Empirical/HO/Mbuti_5/chr18/
Successfully loaded Data from: ./Empirical/HO/Mbuti_5/chr18/
Loaded Emission Model: diploid_gt
Loaded Transition Model: model
Loaded Post Processing Model: Standard
Minimum Genetic Map: 0.0027
Maximum Genetic Map: 1.1771
Gaps bigger than 0.1 cM: 195
Maximum Gap: 0.8037 cM
Loaded Transition and Emission Matrix:
(3, 3)
(5009, 17114)
Loaded Observations:
(2, 17114)
Memory Usage: 973.45536 mB
Reference Number: 5008
Total Log likelihood: -13141.084
Memory Usage: 973.45536 mB
Finished Calculation State Posteriors
Saved Zero State Posterior to ./Empirical/HO/Mbuti_5/chr18/.
Successfully loaded for PP. from ./Empirical/HO/Mbuti_5/chr18/
Fraction Markers in ROH: 0.1289
Called n=0 ROH Blocks > 1.0 cM
Longest Block: nan
Successfully saved to ./Empirical/HO/Mbuti_5/chr18/roh.csv
Using Low-Mem Cython Linear Speed Up.
Loaded Pre Processing Model: SardHDF5
Loading Individual: Mbuti_5

Loaded 1145647 variants
Loaded 4616 individuals
HDF5 loaded from ./Data/Marcus2019_1240k/mod_reich_sardinia_ancients_rev_mrg_dedup_3trm_anno.h5

Loaded 18460 variants
Loaded 2504 individuals
HDF5 loaded from ./Data/1000Genomes/HDF5/1240kHDF5/all1240/chr19.hdf5

Intersection on Positions: 18459
Nr of Matching Refs: 18381 / 18459
Full Intersection Ref/Alt Identical: 18340 / 18459
2504 / 2504 Individuals included in Reference
Extraction of 5008 Haplotypes Complete!
Markers called 8696 / 18340
Successfully saved to: ./Empirical/HO/Mbuti_5/chr19/
Successfully loaded Data from: ./Empirical/HO/Mbuti_5/chr19/
Loaded Emission Model: diploid_gt
Loaded Transition Model: model
Loaded Post Processing Model: Standard
Minimum Genetic Map: 0.0000
Maximum Genetic Map: 1.0773
Gaps bigger than 0.1 cM: 285
Maximum Gap: 0.6354 cM
Loaded Transition and Emission Matrix:
(3, 3)
(5009, 8696)
Loaded Observations:
(2, 8696)
Memory Usage: 593.985536 mB
Reference Number: 5008
Total Log likelihood: -6666.754
Memory Usage: 593.985536 mB
Finished Calculation State Posteriors
Saved Zero State Posterior to ./Empirical/HO/Mbuti_5/chr19/.
Successfully loaded for PP. from ./Empirical/HO/Mbuti_5/chr19/
Fraction Markers in ROH: 0.1801
Called n=0 ROH Blocks > 1.0 cM
Longest Block: nan
Successfully saved to ./Empirical/HO/Mbuti_5/chr19/roh.csv
Using Low-Mem Cython Linear Speed Up.
Loaded Pre Processing Model: SardHDF5
Loading Individual: Mbuti_5

Loaded 1145647 variants
Loaded 4616 individuals
HDF5 loaded from ./Data/Marcus2019_1240k/mod_reich_sardinia_ancients_rev_mrg_dedup_3trm_anno.h5

Loaded 29078 variants
Loaded 2504 individuals
HDF5 loaded from ./Data/1000Genomes/HDF5/1240kHDF5/all1240/chr20.hdf5

Intersection on Positions: 29077
Nr of Matching Refs: 28908 / 29077
Full Intersection Ref/Alt Identical: 28864 / 29077
2504 / 2504 Individuals included in Reference
Extraction of 5008 Haplotypes Complete!
Markers called 15329 / 28864
Successfully saved to: ./Empirical/HO/Mbuti_5/chr20/
Successfully loaded Data from: ./Empirical/HO/Mbuti_5/chr20/
Loaded Emission Model: diploid_gt
Loaded Transition Model: model
Loaded Post Processing Model: Standard
Minimum Genetic Map: 0.0008
Maximum Genetic Map: 1.0821
Gaps bigger than 0.1 cM: 204
Maximum Gap: 0.4744 cM
Loaded Transition and Emission Matrix:
(3, 3)
(5009, 15329)
Loaded Observations:
(2, 15329)
Memory Usage: 892.98944 mB
Reference Number: 5008
Total Log likelihood: -11851.167
Memory Usage: 892.98944 mB
Finished Calculation State Posteriors
Saved Zero State Posterior to ./Empirical/HO/Mbuti_5/chr20/.
Successfully loaded for PP. from ./Empirical/HO/Mbuti_5/chr20/
Fraction Markers in ROH: 0.2062
Called n=0 ROH Blocks > 1.0 cM
Longest Block: nan
Successfully saved to ./Empirical/HO/Mbuti_5/chr20/roh.csv
Using Low-Mem Cython Linear Speed Up.
Loaded Pre Processing Model: SardHDF5
Loading Individual: Mbuti_5

Loaded 1145647 variants
Loaded 4616 individuals
HDF5 loaded from ./Data/Marcus2019_1240k/mod_reich_sardinia_ancients_rev_mrg_dedup_3trm_anno.h5

Loaded 16038 variants
Loaded 2504 individuals
HDF5 loaded from ./Data/1000Genomes/HDF5/1240kHDF5/all1240/chr21.hdf5

Intersection on Positions: 16036
Nr of Matching Refs: 15949 / 16036
Full Intersection Ref/Alt Identical: 15930 / 16036
2504 / 2504 Individuals included in Reference
Extraction of 5008 Haplotypes Complete!
Markers called 7901 / 15930
Successfully saved to: ./Empirical/HO/Mbuti_5/chr21/
Successfully loaded Data from: ./Empirical/HO/Mbuti_5/chr21/
Loaded Emission Model: diploid_gt
Loaded Transition Model: model
Loaded Post Processing Model: Standard
Minimum Genetic Map: 0.0145
Maximum Genetic Map: 0.6277
Gaps bigger than 0.1 cM: 120
Maximum Gap: 0.7121 cM
Loaded Transition and Emission Matrix:
(3, 3)
(5009, 7901)
Loaded Observations:
(2, 7901)
Memory Usage: 558.12096 mB
Reference Number: 5008
Total Log likelihood: -5972.468
Memory Usage: 558.12096 mB
Finished Calculation State Posteriors
Saved Zero State Posterior to ./Empirical/HO/Mbuti_5/chr21/.
Successfully loaded for PP. from ./Empirical/HO/Mbuti_5/chr21/
Fraction Markers in ROH: 0.1373
Called n=0 ROH Blocks > 1.0 cM
Longest Block: nan
Successfully saved to ./Empirical/HO/Mbuti_5/chr21/roh.csv
Using Low-Mem Cython Linear Speed Up.
Loaded Pre Processing Model: SardHDF5
Loading Individual: Mbuti_5

Loaded 1145647 variants
Loaded 4616 individuals
HDF5 loaded from ./Data/Marcus2019_1240k/mod_reich_sardinia_ancients_rev_mrg_dedup_3trm_anno.h5

Loaded 15802 variants
Loaded 2504 individuals
HDF5 loaded from ./Data/1000Genomes/HDF5/1240kHDF5/all1240/chr22.hdf5

Intersection on Positions: 15802
Nr of Matching Refs: 15704 / 15802
Full Intersection Ref/Alt Identical: 15684 / 15802
2504 / 2504 Individuals included in Reference
Extraction of 5008 Haplotypes Complete!
Markers called 7700 / 15684
Successfully saved to: ./Empirical/HO/Mbuti_5/chr22/
Successfully loaded Data from: ./Empirical/HO/Mbuti_5/chr22/
Loaded Emission Model: diploid_gt
Loaded Transition Model: model
Loaded Post Processing Model: Standard
Minimum Genetic Map: 0.0178
Maximum Genetic Map: 0.7408
Gaps bigger than 0.1 cM: 150
Maximum Gap: 1.7139 cM
Loaded Transition and Emission Matrix:
(3, 3)
(5009, 7700)
Loaded Observations:
(2, 7700)
Memory Usage: 549.056512 mB
Reference Number: 5008
Total Log likelihood: -5580.652
Memory Usage: 548.72064 mB
Finished Calculation State Posteriors
Saved Zero State Posterior to ./Empirical/HO/Mbuti_5/chr22/.
Successfully loaded for PP. from ./Empirical/HO/Mbuti_5/chr22/
Fraction Markers in ROH: 0.1618
Merged n=0 gaps < 0.0 M
Called n=1 ROH Blocks > 1.0 cM
Longest Block: 1.488
Successfully saved to ./Empirical/HO/Mbuti_5/chr22/roh.csv
Run for Individual Mbuti_5: Complete! Yeah!!
