Doing Individual Pathan_14...
Using Low-Mem Cython Linear Speed Up.
Loaded Pre Processing Model: SardHDF5
Loading Individual: Pathan_14

Loaded 1145647 variants
Loaded 4616 individuals
HDF5 loaded from ./Data/Marcus2019_1240k/mod_reich_sardinia_ancients_rev_mrg_dedup_3trm_anno.h5

Loaded 89147 variants
Loaded 2504 individuals
HDF5 loaded from ./Data/1000Genomes/HDF5/1240kHDF5/all1240/chr1.hdf5

Intersection on Positions: 89143
Nr of Matching Refs: 89143 / 89143
Full Intersection Ref/Alt Identical: 89079 / 89143
2504 / 2504 Individuals included in Reference
Extraction of 5008 Haplotypes Complete!
Markers called 47381 / 89079
Successfully saved to: ./Empirical/HO/Pathan_14/chr1/
Successfully loaded Data from: ./Empirical/HO/Pathan_14/chr1/
Loaded Emission Model: diploid_gt
Loaded Transition Model: model
Loaded Post Processing Model: Standard
Minimum Genetic Map: 0.0201
Maximum Genetic Map: 2.8623
Gaps bigger than 0.1 cM: 426
Maximum Gap: 3.9814 cM
Loaded Transition and Emission Matrix:
(3, 3)
(5009, 47381)
Loaded Observations:
(2, 47381)
Memory Usage: 2321.375232 mB
Reference Number: 5008
Total Log likelihood: -24264.628
Memory Usage: 2321.833984 mB
Finished Calculation State Posteriors
Saved Zero State Posterior to ./Empirical/HO/Pathan_14/chr1/.
Successfully loaded for PP. from ./Empirical/HO/Pathan_14/chr1/
Fraction Markers in ROH: 0.2589
Called n=0 ROH Blocks > 1.0 cM
Longest Block: nan
Successfully saved to ./Empirical/HO/Pathan_14/chr1/roh.csv
Using Low-Mem Cython Linear Speed Up.
Loaded Pre Processing Model: SardHDF5
Loading Individual: Pathan_14

Loaded 1145647 variants
Loaded 4616 individuals
HDF5 loaded from ./Data/Marcus2019_1240k/mod_reich_sardinia_ancients_rev_mrg_dedup_3trm_anno.h5

Loaded 94239 variants
Loaded 2504 individuals
HDF5 loaded from ./Data/1000Genomes/HDF5/1240kHDF5/all1240/chr2.hdf5

Intersection on Positions: 94237
Nr of Matching Refs: 94205 / 94237
Full Intersection Ref/Alt Identical: 94137 / 94237
2504 / 2504 Individuals included in Reference
Extraction of 5008 Haplotypes Complete!
Markers called 48949 / 94137
Successfully saved to: ./Empirical/HO/Pathan_14/chr2/
Successfully loaded Data from: ./Empirical/HO/Pathan_14/chr2/
Loaded Emission Model: diploid_gt
Loaded Transition Model: model
Loaded Post Processing Model: Standard
Minimum Genetic Map: 0.0001
Maximum Genetic Map: 2.6883
Gaps bigger than 0.1 cM: 398
Maximum Gap: 2.0159 cM
Loaded Transition and Emission Matrix:
(3, 3)
(5009, 48949)
Loaded Observations:
(2, 48949)
Memory Usage: 2394.431488 mB
Reference Number: 5008
Total Log likelihood: -25136.163
Memory Usage: 2394.431488 mB
Finished Calculation State Posteriors
Saved Zero State Posterior to ./Empirical/HO/Pathan_14/chr2/.
Successfully loaded for PP. from ./Empirical/HO/Pathan_14/chr2/
Fraction Markers in ROH: 0.2538
Merged n=0 gaps < 0.0 M
Called n=1 ROH Blocks > 1.0 cM
Longest Block: 1.156
Successfully saved to ./Empirical/HO/Pathan_14/chr2/roh.csv
Using Low-Mem Cython Linear Speed Up.
Loaded Pre Processing Model: SardHDF5
Loading Individual: Pathan_14

Loaded 1145647 variants
Loaded 4616 individuals
HDF5 loaded from ./Data/Marcus2019_1240k/mod_reich_sardinia_ancients_rev_mrg_dedup_3trm_anno.h5

Loaded 77652 variants
Loaded 2504 individuals
HDF5 loaded from ./Data/1000Genomes/HDF5/1240kHDF5/all1240/chr3.hdf5

Intersection on Positions: 77650
Nr of Matching Refs: 77606 / 77650
Full Intersection Ref/Alt Identical: 77553 / 77650
2504 / 2504 Individuals included in Reference
Extraction of 5008 Haplotypes Complete!
Markers called 40587 / 77553
Successfully saved to: ./Empirical/HO/Pathan_14/chr3/
Successfully loaded Data from: ./Empirical/HO/Pathan_14/chr3/
Loaded Emission Model: diploid_gt
Loaded Transition Model: model
Loaded Post Processing Model: Standard
Minimum Genetic Map: 0.0002
Maximum Genetic Map: 2.2326
Gaps bigger than 0.1 cM: 344
Maximum Gap: 0.4179 cM
Loaded Transition and Emission Matrix:
(3, 3)
(5009, 40587)
Loaded Observations:
(2, 40587)
Memory Usage: 2031.783936 mB
Reference Number: 5008
Total Log likelihood: -20835.243
Memory Usage: 2031.783936 mB
Finished Calculation State Posteriors
Saved Zero State Posterior to ./Empirical/HO/Pathan_14/chr3/.
Successfully loaded for PP. from ./Empirical/HO/Pathan_14/chr3/
Fraction Markers in ROH: 0.2658
Called n=0 ROH Blocks > 1.0 cM
Longest Block: nan
Successfully saved to ./Empirical/HO/Pathan_14/chr3/roh.csv
Using Low-Mem Cython Linear Speed Up.
Loaded Pre Processing Model: SardHDF5
Loading Individual: Pathan_14

Loaded 1145647 variants
Loaded 4616 individuals
HDF5 loaded from ./Data/Marcus2019_1240k/mod_reich_sardinia_ancients_rev_mrg_dedup_3trm_anno.h5

Loaded 68759 variants
Loaded 2504 individuals
HDF5 loaded from ./Data/1000Genomes/HDF5/1240kHDF5/all1240/chr4.hdf5

Intersection on Positions: 68759
Nr of Matching Refs: 68709 / 68759
Full Intersection Ref/Alt Identical: 68663 / 68759
2504 / 2504 Individuals included in Reference
Extraction of 5008 Haplotypes Complete!
Markers called 34003 / 68663
Successfully saved to: ./Empirical/HO/Pathan_14/chr4/
Successfully loaded Data from: ./Empirical/HO/Pathan_14/chr4/
Loaded Emission Model: diploid_gt
Loaded Transition Model: model
Loaded Post Processing Model: Standard
Minimum Genetic Map: 0.0034
Maximum Genetic Map: 2.1454
Gaps bigger than 0.1 cM: 333
Maximum Gap: 2.1375 cM
Loaded Transition and Emission Matrix:
(3, 3)
(5009, 34003)
Loaded Observations:
(2, 34003)
Memory Usage: 1734.930432 mB
Reference Number: 5008
Total Log likelihood: -17380.509
Memory Usage: 1734.930432 mB
Finished Calculation State Posteriors
Saved Zero State Posterior to ./Empirical/HO/Pathan_14/chr4/.
Successfully loaded for PP. from ./Empirical/HO/Pathan_14/chr4/
Fraction Markers in ROH: 0.2534
Called n=0 ROH Blocks > 1.0 cM
Longest Block: nan
Successfully saved to ./Empirical/HO/Pathan_14/chr4/roh.csv
Using Low-Mem Cython Linear Speed Up.
Loaded Pre Processing Model: SardHDF5
Loading Individual: Pathan_14

Loaded 1145647 variants
Loaded 4616 individuals
HDF5 loaded from ./Data/Marcus2019_1240k/mod_reich_sardinia_ancients_rev_mrg_dedup_3trm_anno.h5

Loaded 69399 variants
Loaded 2504 individuals
HDF5 loaded from ./Data/1000Genomes/HDF5/1240kHDF5/all1240/chr5.hdf5

Intersection on Positions: 69394
Nr of Matching Refs: 69307 / 69394
Full Intersection Ref/Alt Identical: 69252 / 69394
2504 / 2504 Individuals included in Reference
Extraction of 5008 Haplotypes Complete!
Markers called 34153 / 69252
Successfully saved to: ./Empirical/HO/Pathan_14/chr5/
Successfully loaded Data from: ./Empirical/HO/Pathan_14/chr5/
Loaded Emission Model: diploid_gt
Loaded Transition Model: model
Loaded Post Processing Model: Standard
Minimum Genetic Map: 0.0004
Maximum Genetic Map: 2.0409
Gaps bigger than 0.1 cM: 339
Maximum Gap: 1.0498 cM
Loaded Transition and Emission Matrix:
(3, 3)
(5009, 34153)
Loaded Observations:
(2, 34153)
Memory Usage: 1741.7216 mB
Reference Number: 5008
Total Log likelihood: -17273.185
Memory Usage: 1741.7216 mB
Finished Calculation State Posteriors
Saved Zero State Posterior to ./Empirical/HO/Pathan_14/chr5/.
Successfully loaded for PP. from ./Empirical/HO/Pathan_14/chr5/
Fraction Markers in ROH: 0.2454
Called n=0 ROH Blocks > 1.0 cM
Longest Block: nan
Successfully saved to ./Empirical/HO/Pathan_14/chr5/roh.csv
Using Low-Mem Cython Linear Speed Up.
Loaded Pre Processing Model: SardHDF5
Loading Individual: Pathan_14

Loaded 1145647 variants
Loaded 4616 individuals
HDF5 loaded from ./Data/Marcus2019_1240k/mod_reich_sardinia_ancients_rev_mrg_dedup_3trm_anno.h5

Loaded 75870 variants
Loaded 2504 individuals
HDF5 loaded from ./Data/1000Genomes/HDF5/1240kHDF5/all1240/chr6.hdf5

Intersection on Positions: 75866
Nr of Matching Refs: 75743 / 75866
Full Intersection Ref/Alt Identical: 75675 / 75866
2504 / 2504 Individuals included in Reference
Extraction of 5008 Haplotypes Complete!
Markers called 33974 / 75675
Successfully saved to: ./Empirical/HO/Pathan_14/chr6/
Successfully loaded Data from: ./Empirical/HO/Pathan_14/chr6/
Loaded Emission Model: diploid_gt
Loaded Transition Model: model
Loaded Post Processing Model: Standard
Minimum Genetic Map: 0.0035
Maximum Genetic Map: 1.9203
Gaps bigger than 0.1 cM: 287
Maximum Gap: 0.5072 cM
Loaded Transition and Emission Matrix:
(3, 3)
(5009, 33974)
Loaded Observations:
(2, 33974)
Memory Usage: 1733.681152 mB
Reference Number: 5008
Total Log likelihood: -17570.850
Memory Usage: 1733.681152 mB
Finished Calculation State Posteriors
Saved Zero State Posterior to ./Empirical/HO/Pathan_14/chr6/.
Successfully loaded for PP. from ./Empirical/HO/Pathan_14/chr6/
Fraction Markers in ROH: 0.2603
Called n=0 ROH Blocks > 1.0 cM
Longest Block: nan
Successfully saved to ./Empirical/HO/Pathan_14/chr6/roh.csv
Using Low-Mem Cython Linear Speed Up.
Loaded Pre Processing Model: SardHDF5
Loading Individual: Pathan_14

Loaded 1145647 variants
Loaded 4616 individuals
HDF5 loaded from ./Data/Marcus2019_1240k/mod_reich_sardinia_ancients_rev_mrg_dedup_3trm_anno.h5

Loaded 59890 variants
Loaded 2504 individuals
HDF5 loaded from ./Data/1000Genomes/HDF5/1240kHDF5/all1240/chr7.hdf5

Intersection on Positions: 59889
Nr of Matching Refs: 59781 / 59889
Full Intersection Ref/Alt Identical: 59715 / 59889
2504 / 2504 Individuals included in Reference
Extraction of 5008 Haplotypes Complete!
Markers called 28657 / 59715
Successfully saved to: ./Empirical/HO/Pathan_14/chr7/
Successfully loaded Data from: ./Empirical/HO/Pathan_14/chr7/
Loaded Emission Model: diploid_gt
Loaded Transition Model: model
Loaded Post Processing Model: Standard
Minimum Genetic Map: 0.0000
Maximum Genetic Map: 1.8715
Gaps bigger than 0.1 cM: 325
Maximum Gap: 1.0884 cM
Loaded Transition and Emission Matrix:
(3, 3)
(5009, 28657)
Loaded Observations:
(2, 28657)
Memory Usage: 1493.999616 mB
Reference Number: 5008
Total Log likelihood: -14996.502
Memory Usage: 1493.999616 mB
Finished Calculation State Posteriors
Saved Zero State Posterior to ./Empirical/HO/Pathan_14/chr7/.
Successfully loaded for PP. from ./Empirical/HO/Pathan_14/chr7/
Fraction Markers in ROH: 0.2425
Called n=0 ROH Blocks > 1.0 cM
Longest Block: nan
Successfully saved to ./Empirical/HO/Pathan_14/chr7/roh.csv
Using Low-Mem Cython Linear Speed Up.
Loaded Pre Processing Model: SardHDF5
Loading Individual: Pathan_14

Loaded 1145647 variants
Loaded 4616 individuals
HDF5 loaded from ./Data/Marcus2019_1240k/mod_reich_sardinia_ancients_rev_mrg_dedup_3trm_anno.h5

Loaded 61133 variants
Loaded 2504 individuals
HDF5 loaded from ./Data/1000Genomes/HDF5/1240kHDF5/all1240/chr8.hdf5

Intersection on Positions: 61130
Nr of Matching Refs: 61022 / 61130
Full Intersection Ref/Alt Identical: 60960 / 61130
2504 / 2504 Individuals included in Reference
Extraction of 5008 Haplotypes Complete!
Markers called 28474 / 60960
Successfully saved to: ./Empirical/HO/Pathan_14/chr8/
Successfully loaded Data from: ./Empirical/HO/Pathan_14/chr8/
Loaded Emission Model: diploid_gt
Loaded Transition Model: model
Loaded Post Processing Model: Standard
Minimum Genetic Map: 0.0001
Maximum Genetic Map: 1.6800
Gaps bigger than 0.1 cM: 253
Maximum Gap: 3.5052 cM
Loaded Transition and Emission Matrix:
(3, 3)
(5009, 28474)
Loaded Observations:
(2, 28474)
Memory Usage: 1485.746176 mB
Reference Number: 5008
Total Log likelihood: -14719.248
Memory Usage: 1485.746176 mB
Finished Calculation State Posteriors
Saved Zero State Posterior to ./Empirical/HO/Pathan_14/chr8/.
Successfully loaded for PP. from ./Empirical/HO/Pathan_14/chr8/
Fraction Markers in ROH: 0.2472
Called n=0 ROH Blocks > 1.0 cM
Longest Block: nan
Successfully saved to ./Empirical/HO/Pathan_14/chr8/roh.csv
Using Low-Mem Cython Linear Speed Up.
Loaded Pre Processing Model: SardHDF5
Loading Individual: Pathan_14

Loaded 1145647 variants
Loaded 4616 individuals
HDF5 loaded from ./Data/Marcus2019_1240k/mod_reich_sardinia_ancients_rev_mrg_dedup_3trm_anno.h5

Loaded 50668 variants
Loaded 2504 individuals
HDF5 loaded from ./Data/1000Genomes/HDF5/1240kHDF5/all1240/chr9.hdf5

Intersection on Positions: 50668
Nr of Matching Refs: 50539 / 50668
Full Intersection Ref/Alt Identical: 50493 / 50668
2504 / 2504 Individuals included in Reference
Extraction of 5008 Haplotypes Complete!
Markers called 23622 / 50493
Successfully saved to: ./Empirical/HO/Pathan_14/chr9/
Successfully loaded Data from: ./Empirical/HO/Pathan_14/chr9/
Loaded Emission Model: diploid_gt
Loaded Transition Model: model
Loaded Post Processing Model: Standard
Minimum Genetic Map: 0.0016
Maximum Genetic Map: 1.6630
Gaps bigger than 0.1 cM: 303
Maximum Gap: 2.3454 cM
Loaded Transition and Emission Matrix:
(3, 3)
(5009, 23622)
Loaded Observations:
(2, 23622)
Memory Usage: 1267.019776 mB
Reference Number: 5008
Total Log likelihood: -12463.150
Memory Usage: 1267.019776 mB
Finished Calculation State Posteriors
Saved Zero State Posterior to ./Empirical/HO/Pathan_14/chr9/.
Successfully loaded for PP. from ./Empirical/HO/Pathan_14/chr9/
Fraction Markers in ROH: 0.2395
Called n=0 ROH Blocks > 1.0 cM
Longest Block: nan
Successfully saved to ./Empirical/HO/Pathan_14/chr9/roh.csv
Using Low-Mem Cython Linear Speed Up.
Loaded Pre Processing Model: SardHDF5
Loading Individual: Pathan_14

Loaded 1145647 variants
Loaded 4616 individuals
HDF5 loaded from ./Data/Marcus2019_1240k/mod_reich_sardinia_ancients_rev_mrg_dedup_3trm_anno.h5

Loaded 58804 variants
Loaded 2504 individuals
HDF5 loaded from ./Data/1000Genomes/HDF5/1240kHDF5/all1240/chr10.hdf5

Intersection on Positions: 58803
Nr of Matching Refs: 58657 / 58803
Full Intersection Ref/Alt Identical: 58591 / 58803
2504 / 2504 Individuals included in Reference
Extraction of 5008 Haplotypes Complete!
Markers called 30475 / 58591
Successfully saved to: ./Empirical/HO/Pathan_14/chr10/
Successfully loaded Data from: ./Empirical/HO/Pathan_14/chr10/
Loaded Emission Model: diploid_gt
Loaded Transition Model: model
Loaded Post Processing Model: Standard
Minimum Genetic Map: 0.0001
Maximum Genetic Map: 1.8089
Gaps bigger than 0.1 cM: 265
Maximum Gap: 2.0338 cM
Loaded Transition and Emission Matrix:
(3, 3)
(5009, 30475)
Loaded Observations:
(2, 30475)
Memory Usage: 1575.960576 mB
Reference Number: 5008
Total Log likelihood: -16094.968
Memory Usage: 1575.960576 mB
Finished Calculation State Posteriors
Saved Zero State Posterior to ./Empirical/HO/Pathan_14/chr10/.
Successfully loaded for PP. from ./Empirical/HO/Pathan_14/chr10/
Fraction Markers in ROH: 0.2465
Merged n=0 gaps < 0.0 M
Called n=1 ROH Blocks > 1.0 cM
Longest Block: 1.015
Successfully saved to ./Empirical/HO/Pathan_14/chr10/roh.csv
Using Low-Mem Cython Linear Speed Up.
Loaded Pre Processing Model: SardHDF5
Loading Individual: Pathan_14

Loaded 1145647 variants
Loaded 4616 individuals
HDF5 loaded from ./Data/Marcus2019_1240k/mod_reich_sardinia_ancients_rev_mrg_dedup_3trm_anno.h5

Loaded 54833 variants
Loaded 2504 individuals
HDF5 loaded from ./Data/1000Genomes/HDF5/1240kHDF5/all1240/chr11.hdf5

Intersection on Positions: 54831
Nr of Matching Refs: 54669 / 54831
Full Intersection Ref/Alt Identical: 54616 / 54831
2504 / 2504 Individuals included in Reference
Extraction of 5008 Haplotypes Complete!
Markers called 28045 / 54616
Successfully saved to: ./Empirical/HO/Pathan_14/chr11/
Successfully loaded Data from: ./Empirical/HO/Pathan_14/chr11/
Loaded Emission Model: diploid_gt
Loaded Transition Model: model
Loaded Post Processing Model: Standard
Minimum Genetic Map: 0.0000
Maximum Genetic Map: 1.5822
Gaps bigger than 0.1 cM: 247
Maximum Gap: 0.5683 cM
Loaded Transition and Emission Matrix:
(3, 3)
(5009, 28045)
Loaded Observations:
(2, 28045)
Memory Usage: 1466.413056 mB
Reference Number: 5008
Total Log likelihood: -14340.168
Memory Usage: 1466.413056 mB
Finished Calculation State Posteriors
Saved Zero State Posterior to ./Empirical/HO/Pathan_14/chr11/.
Successfully loaded for PP. from ./Empirical/HO/Pathan_14/chr11/
Fraction Markers in ROH: 0.2733
Called n=0 ROH Blocks > 1.0 cM
Longest Block: nan
Successfully saved to ./Empirical/HO/Pathan_14/chr11/roh.csv
Using Low-Mem Cython Linear Speed Up.
Loaded Pre Processing Model: SardHDF5
Loading Individual: Pathan_14

Loaded 1145647 variants
Loaded 4616 individuals
HDF5 loaded from ./Data/Marcus2019_1240k/mod_reich_sardinia_ancients_rev_mrg_dedup_3trm_anno.h5

Loaded 53911 variants
Loaded 2504 individuals
HDF5 loaded from ./Data/1000Genomes/HDF5/1240kHDF5/all1240/chr12.hdf5

Intersection on Positions: 53911
Nr of Matching Refs: 53713 / 53911
Full Intersection Ref/Alt Identical: 53672 / 53911
2504 / 2504 Individuals included in Reference
Extraction of 5008 Haplotypes Complete!
Markers called 27277 / 53672
Successfully saved to: ./Empirical/HO/Pathan_14/chr12/
Successfully loaded Data from: ./Empirical/HO/Pathan_14/chr12/
Loaded Emission Model: diploid_gt
Loaded Transition Model: model
Loaded Post Processing Model: Standard
Minimum Genetic Map: 0.0009
Maximum Genetic Map: 1.7468
Gaps bigger than 0.1 cM: 287
Maximum Gap: 0.8015 cM
Loaded Transition and Emission Matrix:
(3, 3)
(5009, 27277)
Loaded Observations:
(2, 27277)
Memory Usage: 1431.801856 mB
Reference Number: 5008
Total Log likelihood: -14455.381
Memory Usage: 1431.801856 mB
Finished Calculation State Posteriors
Saved Zero State Posterior to ./Empirical/HO/Pathan_14/chr12/.
Successfully loaded for PP. from ./Empirical/HO/Pathan_14/chr12/
Fraction Markers in ROH: 0.2259
Called n=0 ROH Blocks > 1.0 cM
Longest Block: nan
Successfully saved to ./Empirical/HO/Pathan_14/chr12/roh.csv
Using Low-Mem Cython Linear Speed Up.
Loaded Pre Processing Model: SardHDF5
Loading Individual: Pathan_14

Loaded 1145647 variants
Loaded 4616 individuals
HDF5 loaded from ./Data/Marcus2019_1240k/mod_reich_sardinia_ancients_rev_mrg_dedup_3trm_anno.h5

Loaded 39018 variants
Loaded 2504 individuals
HDF5 loaded from ./Data/1000Genomes/HDF5/1240kHDF5/all1240/chr13.hdf5

Intersection on Positions: 39015
Nr of Matching Refs: 38885 / 39015
Full Intersection Ref/Alt Identical: 38841 / 39015
2504 / 2504 Individuals included in Reference
Extraction of 5008 Haplotypes Complete!
Markers called 17847 / 38841
Successfully saved to: ./Empirical/HO/Pathan_14/chr13/
Successfully loaded Data from: ./Empirical/HO/Pathan_14/chr13/
Loaded Emission Model: diploid_gt
Loaded Transition Model: model
Loaded Post Processing Model: Standard
Minimum Genetic Map: 0.0028
Maximum Genetic Map: 1.2570
Gaps bigger than 0.1 cM: 230
Maximum Gap: 1.2234 cM
Loaded Transition and Emission Matrix:
(3, 3)
(5009, 17847)
Loaded Observations:
(2, 17847)
Memory Usage: 1006.6944 mB
Reference Number: 5008
Total Log likelihood: -9598.018
Memory Usage: 1006.6944 mB
Finished Calculation State Posteriors
Saved Zero State Posterior to ./Empirical/HO/Pathan_14/chr13/.
Successfully loaded for PP. from ./Empirical/HO/Pathan_14/chr13/
Fraction Markers in ROH: 0.2337
Merged n=0 gaps < 0.0 M
Called n=1 ROH Blocks > 1.0 cM
Longest Block: 1.405
Successfully saved to ./Empirical/HO/Pathan_14/chr13/roh.csv
Using Low-Mem Cython Linear Speed Up.
Loaded Pre Processing Model: SardHDF5
Loading Individual: Pathan_14

Loaded 1145647 variants
Loaded 4616 individuals
HDF5 loaded from ./Data/Marcus2019_1240k/mod_reich_sardinia_ancients_rev_mrg_dedup_3trm_anno.h5

Loaded 36301 variants
Loaded 2504 individuals
HDF5 loaded from ./Data/1000Genomes/HDF5/1240kHDF5/all1240/chr14.hdf5

Intersection on Positions: 36301
Nr of Matching Refs: 36166 / 36301
Full Intersection Ref/Alt Identical: 36126 / 36301
2504 / 2504 Individuals included in Reference
Extraction of 5008 Haplotypes Complete!
Markers called 18673 / 36126
Successfully saved to: ./Empirical/HO/Pathan_14/chr14/
Successfully loaded Data from: ./Empirical/HO/Pathan_14/chr14/
Loaded Emission Model: diploid_gt
Loaded Transition Model: model
Loaded Post Processing Model: Standard
Minimum Genetic Map: 0.0184
Maximum Genetic Map: 1.2020
Gaps bigger than 0.1 cM: 192
Maximum Gap: 3.5856 cM
Loaded Transition and Emission Matrix:
(3, 3)
(5009, 18673)
Loaded Observations:
(2, 18673)
Memory Usage: 1043.931136 mB
Reference Number: 5008
Total Log likelihood: -9703.175
Memory Usage: 1043.931136 mB
Finished Calculation State Posteriors
Saved Zero State Posterior to ./Empirical/HO/Pathan_14/chr14/.
Successfully loaded for PP. from ./Empirical/HO/Pathan_14/chr14/
Fraction Markers in ROH: 0.2527
Called n=0 ROH Blocks > 1.0 cM
Longest Block: nan
Successfully saved to ./Empirical/HO/Pathan_14/chr14/roh.csv
Using Low-Mem Cython Linear Speed Up.
Loaded Pre Processing Model: SardHDF5
Loading Individual: Pathan_14

Loaded 1145647 variants
Loaded 4616 individuals
HDF5 loaded from ./Data/Marcus2019_1240k/mod_reich_sardinia_ancients_rev_mrg_dedup_3trm_anno.h5

Loaded 34429 variants
Loaded 2504 individuals
HDF5 loaded from ./Data/1000Genomes/HDF5/1240kHDF5/all1240/chr15.hdf5

Intersection on Positions: 34425
Nr of Matching Refs: 34285 / 34425
Full Intersection Ref/Alt Identical: 34249 / 34425
2504 / 2504 Individuals included in Reference
Extraction of 5008 Haplotypes Complete!
Markers called 18073 / 34249
Successfully saved to: ./Empirical/HO/Pathan_14/chr15/
Successfully loaded Data from: ./Empirical/HO/Pathan_14/chr15/
Loaded Emission Model: diploid_gt
Loaded Transition Model: model
Loaded Post Processing Model: Standard
Minimum Genetic Map: 0.0002
Maximum Genetic Map: 1.4133
Gaps bigger than 0.1 cM: 205
Maximum Gap: 13.7876 cM
Loaded Transition and Emission Matrix:
(3, 3)
(5009, 18073)
Loaded Observations:
(2, 18073)
Memory Usage: 1016.885248 mB
Reference Number: 5008
Total Log likelihood: -9145.933
Memory Usage: 1016.885248 mB
Finished Calculation State Posteriors
Saved Zero State Posterior to ./Empirical/HO/Pathan_14/chr15/.
Successfully loaded for PP. from ./Empirical/HO/Pathan_14/chr15/
Fraction Markers in ROH: 0.2803
Called n=0 ROH Blocks > 1.0 cM
Longest Block: nan
Successfully saved to ./Empirical/HO/Pathan_14/chr15/roh.csv
Using Low-Mem Cython Linear Speed Up.
Loaded Pre Processing Model: SardHDF5
Loading Individual: Pathan_14

Loaded 1145647 variants
Loaded 4616 individuals
HDF5 loaded from ./Data/Marcus2019_1240k/mod_reich_sardinia_ancients_rev_mrg_dedup_3trm_anno.h5

Loaded 34402 variants
Loaded 2504 individuals
HDF5 loaded from ./Data/1000Genomes/HDF5/1240kHDF5/all1240/chr16.hdf5

Intersection on Positions: 34399
Nr of Matching Refs: 34254 / 34399
Full Intersection Ref/Alt Identical: 34201 / 34399
2504 / 2504 Individuals included in Reference
Extraction of 5008 Haplotypes Complete!
Markers called 18251 / 34201
Successfully saved to: ./Empirical/HO/Pathan_14/chr16/
Successfully loaded Data from: ./Empirical/HO/Pathan_14/chr16/
Loaded Emission Model: diploid_gt
Loaded Transition Model: model
Loaded Post Processing Model: Standard
Minimum Genetic Map: 0.0001
Maximum Genetic Map: 1.3402
Gaps bigger than 0.1 cM: 228
Maximum Gap: 0.9354 cM
Loaded Transition and Emission Matrix:
(3, 3)
(5009, 18251)
Loaded Observations:
(2, 18251)
Memory Usage: 1024.909312 mB
Reference Number: 5008
Total Log likelihood: -9577.629
Memory Usage: 1024.909312 mB
Finished Calculation State Posteriors
Saved Zero State Posterior to ./Empirical/HO/Pathan_14/chr16/.
Successfully loaded for PP. from ./Empirical/HO/Pathan_14/chr16/
Fraction Markers in ROH: 0.2444
Merged n=0 gaps < 0.0 M
Called n=1 ROH Blocks > 1.0 cM
Longest Block: 1.240
Successfully saved to ./Empirical/HO/Pathan_14/chr16/roh.csv
Using Low-Mem Cython Linear Speed Up.
Loaded Pre Processing Model: SardHDF5
Loading Individual: Pathan_14

Loaded 1145647 variants
Loaded 4616 individuals
HDF5 loaded from ./Data/Marcus2019_1240k/mod_reich_sardinia_ancients_rev_mrg_dedup_3trm_anno.h5

Loaded 29314 variants
Loaded 2504 individuals
HDF5 loaded from ./Data/1000Genomes/HDF5/1240kHDF5/all1240/chr17.hdf5

Intersection on Positions: 29313
Nr of Matching Refs: 29159 / 29313
Full Intersection Ref/Alt Identical: 29124 / 29313
2504 / 2504 Individuals included in Reference
Extraction of 5008 Haplotypes Complete!
Markers called 15243 / 29124
Successfully saved to: ./Empirical/HO/Pathan_14/chr17/
Successfully loaded Data from: ./Empirical/HO/Pathan_14/chr17/
Loaded Emission Model: diploid_gt
Loaded Transition Model: model
Loaded Post Processing Model: Standard
Minimum Genetic Map: -0.0003
Maximum Genetic Map: 1.2845
Gaps bigger than 0.1 cM: 225
Maximum Gap: 1.2355 cM
Loaded Transition and Emission Matrix:
(3, 3)
(5009, 15243)
Loaded Observations:
(2, 15243)
Memory Usage: 889.307136 mB
Reference Number: 5008
Total Log likelihood: -7976.347
Memory Usage: 889.307136 mB
Finished Calculation State Posteriors
Saved Zero State Posterior to ./Empirical/HO/Pathan_14/chr17/.
Successfully loaded for PP. from ./Empirical/HO/Pathan_14/chr17/
Fraction Markers in ROH: 0.2498
Called n=0 ROH Blocks > 1.0 cM
Longest Block: nan
Successfully saved to ./Empirical/HO/Pathan_14/chr17/roh.csv
Using Low-Mem Cython Linear Speed Up.
Loaded Pre Processing Model: SardHDF5
Loading Individual: Pathan_14

Loaded 1145647 variants
Loaded 4616 individuals
HDF5 loaded from ./Data/Marcus2019_1240k/mod_reich_sardinia_ancients_rev_mrg_dedup_3trm_anno.h5

Loaded 33917 variants
Loaded 2504 individuals
HDF5 loaded from ./Data/1000Genomes/HDF5/1240kHDF5/all1240/chr18.hdf5

Intersection on Positions: 33916
Nr of Matching Refs: 33774 / 33916
Full Intersection Ref/Alt Identical: 33746 / 33916
2504 / 2504 Individuals included in Reference
Extraction of 5008 Haplotypes Complete!
Markers called 17143 / 33746
Successfully saved to: ./Empirical/HO/Pathan_14/chr18/
Successfully loaded Data from: ./Empirical/HO/Pathan_14/chr18/
Loaded Emission Model: diploid_gt
Loaded Transition Model: model
Loaded Post Processing Model: Standard
Minimum Genetic Map: 0.0027
Maximum Genetic Map: 1.1771
Gaps bigger than 0.1 cM: 196
Maximum Gap: 0.8037 cM
Loaded Transition and Emission Matrix:
(3, 3)
(5009, 17143)
Loaded Observations:
(2, 17143)
Memory Usage: 974.97088 mB
Reference Number: 5008
Total Log likelihood: -9300.625
Memory Usage: 974.97088 mB
Finished Calculation State Posteriors
Saved Zero State Posterior to ./Empirical/HO/Pathan_14/chr18/.
Successfully loaded for PP. from ./Empirical/HO/Pathan_14/chr18/
Fraction Markers in ROH: 0.2120
Called n=0 ROH Blocks > 1.0 cM
Longest Block: nan
Successfully saved to ./Empirical/HO/Pathan_14/chr18/roh.csv
Using Low-Mem Cython Linear Speed Up.
Loaded Pre Processing Model: SardHDF5
Loading Individual: Pathan_14

Loaded 1145647 variants
Loaded 4616 individuals
HDF5 loaded from ./Data/Marcus2019_1240k/mod_reich_sardinia_ancients_rev_mrg_dedup_3trm_anno.h5

Loaded 18460 variants
Loaded 2504 individuals
HDF5 loaded from ./Data/1000Genomes/HDF5/1240kHDF5/all1240/chr19.hdf5

Intersection on Positions: 18459
Nr of Matching Refs: 18381 / 18459
Full Intersection Ref/Alt Identical: 18340 / 18459
2504 / 2504 Individuals included in Reference
Extraction of 5008 Haplotypes Complete!
Markers called 8714 / 18340
Successfully saved to: ./Empirical/HO/Pathan_14/chr19/
Successfully loaded Data from: ./Empirical/HO/Pathan_14/chr19/
Loaded Emission Model: diploid_gt
Loaded Transition Model: model
Loaded Post Processing Model: Standard
Minimum Genetic Map: 0.0000
Maximum Genetic Map: 1.0773
Gaps bigger than 0.1 cM: 285
Maximum Gap: 0.6354 cM
Loaded Transition and Emission Matrix:
(3, 3)
(5009, 8714)
Loaded Observations:
(2, 8714)
Memory Usage: 594.993152 mB
Reference Number: 5008
Total Log likelihood: -4658.865
Memory Usage: 594.993152 mB
Finished Calculation State Posteriors
Saved Zero State Posterior to ./Empirical/HO/Pathan_14/chr19/.
Successfully loaded for PP. from ./Empirical/HO/Pathan_14/chr19/
Fraction Markers in ROH: 0.2442
Merged n=0 gaps < 0.0 M
Called n=2 ROH Blocks > 1.0 cM
Longest Block: 1.112
Successfully saved to ./Empirical/HO/Pathan_14/chr19/roh.csv
Using Low-Mem Cython Linear Speed Up.
Loaded Pre Processing Model: SardHDF5
Loading Individual: Pathan_14

Loaded 1145647 variants
Loaded 4616 individuals
HDF5 loaded from ./Data/Marcus2019_1240k/mod_reich_sardinia_ancients_rev_mrg_dedup_3trm_anno.h5

Loaded 29078 variants
Loaded 2504 individuals
HDF5 loaded from ./Data/1000Genomes/HDF5/1240kHDF5/all1240/chr20.hdf5

Intersection on Positions: 29077
Nr of Matching Refs: 28908 / 29077
Full Intersection Ref/Alt Identical: 28864 / 29077
2504 / 2504 Individuals included in Reference
Extraction of 5008 Haplotypes Complete!
Markers called 15356 / 28864
Successfully saved to: ./Empirical/HO/Pathan_14/chr20/
Successfully loaded Data from: ./Empirical/HO/Pathan_14/chr20/
Loaded Emission Model: diploid_gt
Loaded Transition Model: model
Loaded Post Processing Model: Standard
Minimum Genetic Map: 0.0008
Maximum Genetic Map: 1.0821
Gaps bigger than 0.1 cM: 202
Maximum Gap: 0.4744 cM
Loaded Transition and Emission Matrix:
(3, 3)
(5009, 15356)
Loaded Observations:
(2, 15356)
Memory Usage: 894.427136 mB
Reference Number: 5008
Total Log likelihood: -8055.464
Memory Usage: 894.427136 mB
Finished Calculation State Posteriors
Saved Zero State Posterior to ./Empirical/HO/Pathan_14/chr20/.
Successfully loaded for PP. from ./Empirical/HO/Pathan_14/chr20/
Fraction Markers in ROH: 0.2616
Called n=0 ROH Blocks > 1.0 cM
Longest Block: nan
Successfully saved to ./Empirical/HO/Pathan_14/chr20/roh.csv
Using Low-Mem Cython Linear Speed Up.
Loaded Pre Processing Model: SardHDF5
Loading Individual: Pathan_14

Loaded 1145647 variants
Loaded 4616 individuals
HDF5 loaded from ./Data/Marcus2019_1240k/mod_reich_sardinia_ancients_rev_mrg_dedup_3trm_anno.h5

Loaded 16038 variants
Loaded 2504 individuals
HDF5 loaded from ./Data/1000Genomes/HDF5/1240kHDF5/all1240/chr21.hdf5

Intersection on Positions: 16036
Nr of Matching Refs: 15949 / 16036
Full Intersection Ref/Alt Identical: 15930 / 16036
2504 / 2504 Individuals included in Reference
Extraction of 5008 Haplotypes Complete!
Markers called 7907 / 15930
Successfully saved to: ./Empirical/HO/Pathan_14/chr21/
Successfully loaded Data from: ./Empirical/HO/Pathan_14/chr21/
Loaded Emission Model: diploid_gt
Loaded Transition Model: model
Loaded Post Processing Model: Standard
Minimum Genetic Map: 0.0145
Maximum Genetic Map: 0.6277
Gaps bigger than 0.1 cM: 119
Maximum Gap: 0.7121 cM
Loaded Transition and Emission Matrix:
(3, 3)
(5009, 7907)
Loaded Observations:
(2, 7907)
Memory Usage: 558.624768 mB
Reference Number: 5008
Total Log likelihood: -4196.779
Memory Usage: 558.624768 mB
Finished Calculation State Posteriors
Saved Zero State Posterior to ./Empirical/HO/Pathan_14/chr21/.
Successfully loaded for PP. from ./Empirical/HO/Pathan_14/chr21/
Fraction Markers in ROH: 0.2154
Called n=0 ROH Blocks > 1.0 cM
Longest Block: nan
Successfully saved to ./Empirical/HO/Pathan_14/chr21/roh.csv
Using Low-Mem Cython Linear Speed Up.
Loaded Pre Processing Model: SardHDF5
Loading Individual: Pathan_14

Loaded 1145647 variants
Loaded 4616 individuals
HDF5 loaded from ./Data/Marcus2019_1240k/mod_reich_sardinia_ancients_rev_mrg_dedup_3trm_anno.h5

Loaded 15802 variants
Loaded 2504 individuals
HDF5 loaded from ./Data/1000Genomes/HDF5/1240kHDF5/all1240/chr22.hdf5

Intersection on Positions: 15802
Nr of Matching Refs: 15704 / 15802
Full Intersection Ref/Alt Identical: 15684 / 15802
2504 / 2504 Individuals included in Reference
Extraction of 5008 Haplotypes Complete!
Markers called 7717 / 15684
Successfully saved to: ./Empirical/HO/Pathan_14/chr22/
Successfully loaded Data from: ./Empirical/HO/Pathan_14/chr22/
Loaded Emission Model: diploid_gt
Loaded Transition Model: model
Loaded Post Processing Model: Standard
Minimum Genetic Map: 0.0178
Maximum Genetic Map: 0.7408
Gaps bigger than 0.1 cM: 149
Maximum Gap: 1.7139 cM
Loaded Transition and Emission Matrix:
(3, 3)
(5009, 7717)
Loaded Observations:
(2, 7717)
Memory Usage: 550.064128 mB
Reference Number: 5008
Total Log likelihood: -4112.873
Memory Usage: 550.064128 mB
Finished Calculation State Posteriors
Saved Zero State Posterior to ./Empirical/HO/Pathan_14/chr22/.
Successfully loaded for PP. from ./Empirical/HO/Pathan_14/chr22/
Fraction Markers in ROH: 0.2313
Called n=0 ROH Blocks > 1.0 cM
Longest Block: nan
Successfully saved to ./Empirical/HO/Pathan_14/chr22/roh.csv
Run for Individual Pathan_14: Complete! Yeah!!
