Doing Individual French_11...
Using Low-Mem Cython Linear Speed Up.
Loaded Pre Processing Model: SardHDF5
Loading Individual: French_11

Loaded 1145647 variants
Loaded 4616 individuals
HDF5 loaded from ./Data/Marcus2019_1240k/mod_reich_sardinia_ancients_rev_mrg_dedup_3trm_anno.h5

Loaded 89147 variants
Loaded 2504 individuals
HDF5 loaded from ./Data/1000Genomes/HDF5/1240kHDF5/all1240/chr1.hdf5

Intersection on Positions: 89143
Nr of Matching Refs: 89143 / 89143
Full Intersection Ref/Alt Identical: 89079 / 89143
2504 / 2504 Individuals included in Reference
Extraction of 5008 Haplotypes Complete!
Markers called 47442 / 89079
Successfully saved to: ./Empirical/HO/French_11/chr1/
Successfully loaded Data from: ./Empirical/HO/French_11/chr1/
Loaded Emission Model: diploid_gt
Loaded Transition Model: model
Loaded Post Processing Model: Standard
Minimum Genetic Map: 0.0201
Maximum Genetic Map: 2.8623
Gaps bigger than 0.1 cM: 426
Maximum Gap: 3.9814 cM
Loaded Transition and Emission Matrix:
(3, 3)
(5009, 47442)
Loaded Observations:
(2, 47442)
Memory Usage: 2324.250624 mB
Reference Number: 5008
Total Log likelihood: -23914.486
Memory Usage: 2324.70528 mB
Finished Calculation State Posteriors
Saved Zero State Posterior to ./Empirical/HO/French_11/chr1/.
Successfully loaded for PP. from ./Empirical/HO/French_11/chr1/
Fraction Markers in ROH: 0.2805
Merged n=0 gaps < 0.0 M
Called n=1 ROH Blocks > 1.0 cM
Longest Block: 1.203
Successfully saved to ./Empirical/HO/French_11/chr1/roh.csv
Using Low-Mem Cython Linear Speed Up.
Loaded Pre Processing Model: SardHDF5
Loading Individual: French_11

Loaded 1145647 variants
Loaded 4616 individuals
HDF5 loaded from ./Data/Marcus2019_1240k/mod_reich_sardinia_ancients_rev_mrg_dedup_3trm_anno.h5

Loaded 94239 variants
Loaded 2504 individuals
HDF5 loaded from ./Data/1000Genomes/HDF5/1240kHDF5/all1240/chr2.hdf5

Intersection on Positions: 94237
Nr of Matching Refs: 94205 / 94237
Full Intersection Ref/Alt Identical: 94137 / 94237
2504 / 2504 Individuals included in Reference
Extraction of 5008 Haplotypes Complete!
Markers called 48994 / 94137
Successfully saved to: ./Empirical/HO/French_11/chr2/
Successfully loaded Data from: ./Empirical/HO/French_11/chr2/
Loaded Emission Model: diploid_gt
Loaded Transition Model: model
Loaded Post Processing Model: Standard
Minimum Genetic Map: 0.0001
Maximum Genetic Map: 2.6883
Gaps bigger than 0.1 cM: 396
Maximum Gap: 2.0159 cM
Loaded Transition and Emission Matrix:
(3, 3)
(5009, 48994)
Loaded Observations:
(2, 48994)
Memory Usage: 2396.721152 mB
Reference Number: 5008
Total Log likelihood: -25079.073
Memory Usage: 2396.721152 mB
Finished Calculation State Posteriors
Saved Zero State Posterior to ./Empirical/HO/French_11/chr2/.
Successfully loaded for PP. from ./Empirical/HO/French_11/chr2/
Fraction Markers in ROH: 0.2778
Merged n=0 gaps < 0.0 M
Called n=1 ROH Blocks > 1.0 cM
Longest Block: 1.016
Successfully saved to ./Empirical/HO/French_11/chr2/roh.csv
Using Low-Mem Cython Linear Speed Up.
Loaded Pre Processing Model: SardHDF5
Loading Individual: French_11

Loaded 1145647 variants
Loaded 4616 individuals
HDF5 loaded from ./Data/Marcus2019_1240k/mod_reich_sardinia_ancients_rev_mrg_dedup_3trm_anno.h5

Loaded 77652 variants
Loaded 2504 individuals
HDF5 loaded from ./Data/1000Genomes/HDF5/1240kHDF5/all1240/chr3.hdf5

Intersection on Positions: 77650
Nr of Matching Refs: 77606 / 77650
Full Intersection Ref/Alt Identical: 77553 / 77650
2504 / 2504 Individuals included in Reference
Extraction of 5008 Haplotypes Complete!
Markers called 40581 / 77553
Successfully saved to: ./Empirical/HO/French_11/chr3/
Successfully loaded Data from: ./Empirical/HO/French_11/chr3/
Loaded Emission Model: diploid_gt
Loaded Transition Model: model
Loaded Post Processing Model: Standard
Minimum Genetic Map: 0.0002
Maximum Genetic Map: 2.2326
Gaps bigger than 0.1 cM: 342
Maximum Gap: 0.4179 cM
Loaded Transition and Emission Matrix:
(3, 3)
(5009, 40581)
Loaded Observations:
(2, 40581)
Memory Usage: 2031.521792 mB
Reference Number: 5008
Total Log likelihood: -20253.650
Memory Usage: 2031.521792 mB
Finished Calculation State Posteriors
Saved Zero State Posterior to ./Empirical/HO/French_11/chr3/.
Successfully loaded for PP. from ./Empirical/HO/French_11/chr3/
Fraction Markers in ROH: 0.2996
Merged n=0 gaps < 0.0 M
Called n=2 ROH Blocks > 1.0 cM
Longest Block: 1.036
Successfully saved to ./Empirical/HO/French_11/chr3/roh.csv
Using Low-Mem Cython Linear Speed Up.
Loaded Pre Processing Model: SardHDF5
Loading Individual: French_11

Loaded 1145647 variants
Loaded 4616 individuals
HDF5 loaded from ./Data/Marcus2019_1240k/mod_reich_sardinia_ancients_rev_mrg_dedup_3trm_anno.h5

Loaded 68759 variants
Loaded 2504 individuals
HDF5 loaded from ./Data/1000Genomes/HDF5/1240kHDF5/all1240/chr4.hdf5

Intersection on Positions: 68759
Nr of Matching Refs: 68709 / 68759
Full Intersection Ref/Alt Identical: 68663 / 68759
2504 / 2504 Individuals included in Reference
Extraction of 5008 Haplotypes Complete!
Markers called 34032 / 68663
Successfully saved to: ./Empirical/HO/French_11/chr4/
Successfully loaded Data from: ./Empirical/HO/French_11/chr4/
Loaded Emission Model: diploid_gt
Loaded Transition Model: model
Loaded Post Processing Model: Standard
Minimum Genetic Map: 0.0034
Maximum Genetic Map: 2.1454
Gaps bigger than 0.1 cM: 333
Maximum Gap: 2.1375 cM
Loaded Transition and Emission Matrix:
(3, 3)
(5009, 34032)
Loaded Observations:
(2, 34032)
Memory Usage: 1736.249344 mB
Reference Number: 5008
Total Log likelihood: -17356.925
Memory Usage: 1736.249344 mB
Finished Calculation State Posteriors
Saved Zero State Posterior to ./Empirical/HO/French_11/chr4/.
Successfully loaded for PP. from ./Empirical/HO/French_11/chr4/
Fraction Markers in ROH: 0.2553
Merged n=0 gaps < 0.0 M
Called n=1 ROH Blocks > 1.0 cM
Longest Block: 1.116
Successfully saved to ./Empirical/HO/French_11/chr4/roh.csv
Using Low-Mem Cython Linear Speed Up.
Loaded Pre Processing Model: SardHDF5
Loading Individual: French_11

Loaded 1145647 variants
Loaded 4616 individuals
HDF5 loaded from ./Data/Marcus2019_1240k/mod_reich_sardinia_ancients_rev_mrg_dedup_3trm_anno.h5

Loaded 69399 variants
Loaded 2504 individuals
HDF5 loaded from ./Data/1000Genomes/HDF5/1240kHDF5/all1240/chr5.hdf5

Intersection on Positions: 69394
Nr of Matching Refs: 69307 / 69394
Full Intersection Ref/Alt Identical: 69252 / 69394
2504 / 2504 Individuals included in Reference
Extraction of 5008 Haplotypes Complete!
Markers called 34181 / 69252
Successfully saved to: ./Empirical/HO/French_11/chr5/
Successfully loaded Data from: ./Empirical/HO/French_11/chr5/
Loaded Emission Model: diploid_gt
Loaded Transition Model: model
Loaded Post Processing Model: Standard
Minimum Genetic Map: 0.0004
Maximum Genetic Map: 2.0409
Gaps bigger than 0.1 cM: 340
Maximum Gap: 1.0498 cM
Loaded Transition and Emission Matrix:
(3, 3)
(5009, 34181)
Loaded Observations:
(2, 34181)
Memory Usage: 1742.995456 mB
Reference Number: 5008
Total Log likelihood: -16630.525
Memory Usage: 1742.995456 mB
Finished Calculation State Posteriors
Saved Zero State Posterior to ./Empirical/HO/French_11/chr5/.
Successfully loaded for PP. from ./Empirical/HO/French_11/chr5/
Fraction Markers in ROH: 0.2969
Called n=0 ROH Blocks > 1.0 cM
Longest Block: nan
Successfully saved to ./Empirical/HO/French_11/chr5/roh.csv
Using Low-Mem Cython Linear Speed Up.
Loaded Pre Processing Model: SardHDF5
Loading Individual: French_11

Loaded 1145647 variants
Loaded 4616 individuals
HDF5 loaded from ./Data/Marcus2019_1240k/mod_reich_sardinia_ancients_rev_mrg_dedup_3trm_anno.h5

Loaded 75870 variants
Loaded 2504 individuals
HDF5 loaded from ./Data/1000Genomes/HDF5/1240kHDF5/all1240/chr6.hdf5

Intersection on Positions: 75866
Nr of Matching Refs: 75743 / 75866
Full Intersection Ref/Alt Identical: 75675 / 75866
2504 / 2504 Individuals included in Reference
Extraction of 5008 Haplotypes Complete!
Markers called 34011 / 75675
Successfully saved to: ./Empirical/HO/French_11/chr6/
Successfully loaded Data from: ./Empirical/HO/French_11/chr6/
Loaded Emission Model: diploid_gt
Loaded Transition Model: model
Loaded Post Processing Model: Standard
Minimum Genetic Map: 0.0035
Maximum Genetic Map: 1.9203
Gaps bigger than 0.1 cM: 287
Maximum Gap: 0.5072 cM
Loaded Transition and Emission Matrix:
(3, 3)
(5009, 34011)
Loaded Observations:
(2, 34011)
Memory Usage: 1735.344128 mB
Reference Number: 5008
Total Log likelihood: -17702.849
Memory Usage: 1735.344128 mB
Finished Calculation State Posteriors
Saved Zero State Posterior to ./Empirical/HO/French_11/chr6/.
Successfully loaded for PP. from ./Empirical/HO/French_11/chr6/
Fraction Markers in ROH: 0.2490
Called n=0 ROH Blocks > 1.0 cM
Longest Block: nan
Successfully saved to ./Empirical/HO/French_11/chr6/roh.csv
Using Low-Mem Cython Linear Speed Up.
Loaded Pre Processing Model: SardHDF5
Loading Individual: French_11

Loaded 1145647 variants
Loaded 4616 individuals
HDF5 loaded from ./Data/Marcus2019_1240k/mod_reich_sardinia_ancients_rev_mrg_dedup_3trm_anno.h5

Loaded 59890 variants
Loaded 2504 individuals
HDF5 loaded from ./Data/1000Genomes/HDF5/1240kHDF5/all1240/chr7.hdf5

Intersection on Positions: 59889
Nr of Matching Refs: 59781 / 59889
Full Intersection Ref/Alt Identical: 59715 / 59889
2504 / 2504 Individuals included in Reference
Extraction of 5008 Haplotypes Complete!
Markers called 28683 / 59715
Successfully saved to: ./Empirical/HO/French_11/chr7/
Successfully loaded Data from: ./Empirical/HO/French_11/chr7/
Loaded Emission Model: diploid_gt
Loaded Transition Model: model
Loaded Post Processing Model: Standard
Minimum Genetic Map: 0.0000
Maximum Genetic Map: 1.8715
Gaps bigger than 0.1 cM: 326
Maximum Gap: 1.0884 cM
Loaded Transition and Emission Matrix:
(3, 3)
(5009, 28683)
Loaded Observations:
(2, 28683)
Memory Usage: 1495.166976 mB
Reference Number: 5008
Total Log likelihood: -15010.184
Memory Usage: 1495.166976 mB
Finished Calculation State Posteriors
Saved Zero State Posterior to ./Empirical/HO/French_11/chr7/.
Successfully loaded for PP. from ./Empirical/HO/French_11/chr7/
Fraction Markers in ROH: 0.2569
Called n=0 ROH Blocks > 1.0 cM
Longest Block: nan
Successfully saved to ./Empirical/HO/French_11/chr7/roh.csv
Using Low-Mem Cython Linear Speed Up.
Loaded Pre Processing Model: SardHDF5
Loading Individual: French_11

Loaded 1145647 variants
Loaded 4616 individuals
HDF5 loaded from ./Data/Marcus2019_1240k/mod_reich_sardinia_ancients_rev_mrg_dedup_3trm_anno.h5

Loaded 61133 variants
Loaded 2504 individuals
HDF5 loaded from ./Data/1000Genomes/HDF5/1240kHDF5/all1240/chr8.hdf5

Intersection on Positions: 61130
Nr of Matching Refs: 61022 / 61130
Full Intersection Ref/Alt Identical: 60960 / 61130
2504 / 2504 Individuals included in Reference
Extraction of 5008 Haplotypes Complete!
Markers called 28476 / 60960
Successfully saved to: ./Empirical/HO/French_11/chr8/
Successfully loaded Data from: ./Empirical/HO/French_11/chr8/
Loaded Emission Model: diploid_gt
Loaded Transition Model: model
Loaded Post Processing Model: Standard
Minimum Genetic Map: 0.0001
Maximum Genetic Map: 1.6800
Gaps bigger than 0.1 cM: 254
Maximum Gap: 3.5052 cM
Loaded Transition and Emission Matrix:
(3, 3)
(5009, 28476)
Loaded Observations:
(2, 28476)
Memory Usage: 1485.836288 mB
Reference Number: 5008
Total Log likelihood: -13808.927
Memory Usage: 1485.836288 mB
Finished Calculation State Posteriors
Saved Zero State Posterior to ./Empirical/HO/French_11/chr8/.
Successfully loaded for PP. from ./Empirical/HO/French_11/chr8/
Fraction Markers in ROH: 0.3120
Merged n=0 gaps < 0.0 M
Called n=2 ROH Blocks > 1.0 cM
Longest Block: 1.346
Successfully saved to ./Empirical/HO/French_11/chr8/roh.csv
Using Low-Mem Cython Linear Speed Up.
Loaded Pre Processing Model: SardHDF5
Loading Individual: French_11

Loaded 1145647 variants
Loaded 4616 individuals
HDF5 loaded from ./Data/Marcus2019_1240k/mod_reich_sardinia_ancients_rev_mrg_dedup_3trm_anno.h5

Loaded 50668 variants
Loaded 2504 individuals
HDF5 loaded from ./Data/1000Genomes/HDF5/1240kHDF5/all1240/chr9.hdf5

Intersection on Positions: 50668
Nr of Matching Refs: 50539 / 50668
Full Intersection Ref/Alt Identical: 50493 / 50668
2504 / 2504 Individuals included in Reference
Extraction of 5008 Haplotypes Complete!
Markers called 23652 / 50493
Successfully saved to: ./Empirical/HO/French_11/chr9/
Successfully loaded Data from: ./Empirical/HO/French_11/chr9/
Loaded Emission Model: diploid_gt
Loaded Transition Model: model
Loaded Post Processing Model: Standard
Minimum Genetic Map: 0.0016
Maximum Genetic Map: 1.6630
Gaps bigger than 0.1 cM: 299
Maximum Gap: 2.3454 cM
Loaded Transition and Emission Matrix:
(3, 3)
(5009, 23652)
Loaded Observations:
(2, 23652)
Memory Usage: 1268.371456 mB
Reference Number: 5008
Total Log likelihood: -12508.404
Memory Usage: 1268.371456 mB
Finished Calculation State Posteriors
Saved Zero State Posterior to ./Empirical/HO/French_11/chr9/.
Successfully loaded for PP. from ./Empirical/HO/French_11/chr9/
Fraction Markers in ROH: 0.2481
Called n=0 ROH Blocks > 1.0 cM
Longest Block: nan
Successfully saved to ./Empirical/HO/French_11/chr9/roh.csv
Using Low-Mem Cython Linear Speed Up.
Loaded Pre Processing Model: SardHDF5
Loading Individual: French_11

Loaded 1145647 variants
Loaded 4616 individuals
HDF5 loaded from ./Data/Marcus2019_1240k/mod_reich_sardinia_ancients_rev_mrg_dedup_3trm_anno.h5

Loaded 58804 variants
Loaded 2504 individuals
HDF5 loaded from ./Data/1000Genomes/HDF5/1240kHDF5/all1240/chr10.hdf5

Intersection on Positions: 58803
Nr of Matching Refs: 58657 / 58803
Full Intersection Ref/Alt Identical: 58591 / 58803
2504 / 2504 Individuals included in Reference
Extraction of 5008 Haplotypes Complete!
Markers called 30490 / 58591
Successfully saved to: ./Empirical/HO/French_11/chr10/
Successfully loaded Data from: ./Empirical/HO/French_11/chr10/
Loaded Emission Model: diploid_gt
Loaded Transition Model: model
Loaded Post Processing Model: Standard
Minimum Genetic Map: 0.0001
Maximum Genetic Map: 1.8089
Gaps bigger than 0.1 cM: 263
Maximum Gap: 2.0338 cM
Loaded Transition and Emission Matrix:
(3, 3)
(5009, 30490)
Loaded Observations:
(2, 30490)
Memory Usage: 1576.624128 mB
Reference Number: 5008
Total Log likelihood: -15496.284
Memory Usage: 1576.624128 mB
Finished Calculation State Posteriors
Saved Zero State Posterior to ./Empirical/HO/French_11/chr10/.
Successfully loaded for PP. from ./Empirical/HO/French_11/chr10/
Fraction Markers in ROH: 0.2855
Called n=0 ROH Blocks > 1.0 cM
Longest Block: nan
Successfully saved to ./Empirical/HO/French_11/chr10/roh.csv
Using Low-Mem Cython Linear Speed Up.
Loaded Pre Processing Model: SardHDF5
Loading Individual: French_11

Loaded 1145647 variants
Loaded 4616 individuals
HDF5 loaded from ./Data/Marcus2019_1240k/mod_reich_sardinia_ancients_rev_mrg_dedup_3trm_anno.h5

Loaded 54833 variants
Loaded 2504 individuals
HDF5 loaded from ./Data/1000Genomes/HDF5/1240kHDF5/all1240/chr11.hdf5

Intersection on Positions: 54831
Nr of Matching Refs: 54669 / 54831
Full Intersection Ref/Alt Identical: 54616 / 54831
2504 / 2504 Individuals included in Reference
Extraction of 5008 Haplotypes Complete!
Markers called 28085 / 54616
Successfully saved to: ./Empirical/HO/French_11/chr11/
Successfully loaded Data from: ./Empirical/HO/French_11/chr11/
Loaded Emission Model: diploid_gt
Loaded Transition Model: model
Loaded Post Processing Model: Standard
Minimum Genetic Map: 0.0000
Maximum Genetic Map: 1.5822
Gaps bigger than 0.1 cM: 247
Maximum Gap: 0.5683 cM
Loaded Transition and Emission Matrix:
(3, 3)
(5009, 28085)
Loaded Observations:
(2, 28085)
Memory Usage: 1468.2112 mB
Reference Number: 5008
Total Log likelihood: -13966.627
Memory Usage: 1468.2112 mB
Finished Calculation State Posteriors
Saved Zero State Posterior to ./Empirical/HO/French_11/chr11/.
Successfully loaded for PP. from ./Empirical/HO/French_11/chr11/
Fraction Markers in ROH: 0.2953
Merged n=0 gaps < 0.0 M
Called n=2 ROH Blocks > 1.0 cM
Longest Block: 1.557
Successfully saved to ./Empirical/HO/French_11/chr11/roh.csv
Using Low-Mem Cython Linear Speed Up.
Loaded Pre Processing Model: SardHDF5
Loading Individual: French_11

Loaded 1145647 variants
Loaded 4616 individuals
HDF5 loaded from ./Data/Marcus2019_1240k/mod_reich_sardinia_ancients_rev_mrg_dedup_3trm_anno.h5

Loaded 53911 variants
Loaded 2504 individuals
HDF5 loaded from ./Data/1000Genomes/HDF5/1240kHDF5/all1240/chr12.hdf5

Intersection on Positions: 53911
Nr of Matching Refs: 53713 / 53911
Full Intersection Ref/Alt Identical: 53672 / 53911
2504 / 2504 Individuals included in Reference
Extraction of 5008 Haplotypes Complete!
Markers called 27297 / 53672
Successfully saved to: ./Empirical/HO/French_11/chr12/
Successfully loaded Data from: ./Empirical/HO/French_11/chr12/
Loaded Emission Model: diploid_gt
Loaded Transition Model: model
Loaded Post Processing Model: Standard
Minimum Genetic Map: 0.0009
Maximum Genetic Map: 1.7468
Gaps bigger than 0.1 cM: 286
Maximum Gap: 0.8015 cM
Loaded Transition and Emission Matrix:
(3, 3)
(5009, 27297)
Loaded Observations:
(2, 27297)
Memory Usage: 1432.694784 mB
Reference Number: 5008
Total Log likelihood: -14027.263
Memory Usage: 1432.694784 mB
Finished Calculation State Posteriors
Saved Zero State Posterior to ./Empirical/HO/French_11/chr12/.
Successfully loaded for PP. from ./Empirical/HO/French_11/chr12/
Fraction Markers in ROH: 0.2839
Called n=0 ROH Blocks > 1.0 cM
Longest Block: nan
Successfully saved to ./Empirical/HO/French_11/chr12/roh.csv
Using Low-Mem Cython Linear Speed Up.
Loaded Pre Processing Model: SardHDF5
Loading Individual: French_11

Loaded 1145647 variants
Loaded 4616 individuals
HDF5 loaded from ./Data/Marcus2019_1240k/mod_reich_sardinia_ancients_rev_mrg_dedup_3trm_anno.h5

Loaded 39018 variants
Loaded 2504 individuals
HDF5 loaded from ./Data/1000Genomes/HDF5/1240kHDF5/all1240/chr13.hdf5

Intersection on Positions: 39015
Nr of Matching Refs: 38885 / 39015
Full Intersection Ref/Alt Identical: 38841 / 39015
2504 / 2504 Individuals included in Reference
Extraction of 5008 Haplotypes Complete!
Markers called 17860 / 38841
Successfully saved to: ./Empirical/HO/French_11/chr13/
Successfully loaded Data from: ./Empirical/HO/French_11/chr13/
Loaded Emission Model: diploid_gt
Loaded Transition Model: model
Loaded Post Processing Model: Standard
Minimum Genetic Map: 0.0028
Maximum Genetic Map: 1.2570
Gaps bigger than 0.1 cM: 229
Maximum Gap: 1.2234 cM
Loaded Transition and Emission Matrix:
(3, 3)
(5009, 17860)
Loaded Observations:
(2, 17860)
Memory Usage: 1007.276032 mB
Reference Number: 5008
Total Log likelihood: -9361.479
Memory Usage: 1007.276032 mB
Finished Calculation State Posteriors
Saved Zero State Posterior to ./Empirical/HO/French_11/chr13/.
Successfully loaded for PP. from ./Empirical/HO/French_11/chr13/
Fraction Markers in ROH: 0.2640
Called n=0 ROH Blocks > 1.0 cM
Longest Block: nan
Successfully saved to ./Empirical/HO/French_11/chr13/roh.csv
Using Low-Mem Cython Linear Speed Up.
Loaded Pre Processing Model: SardHDF5
Loading Individual: French_11

Loaded 1145647 variants
Loaded 4616 individuals
HDF5 loaded from ./Data/Marcus2019_1240k/mod_reich_sardinia_ancients_rev_mrg_dedup_3trm_anno.h5

Loaded 36301 variants
Loaded 2504 individuals
HDF5 loaded from ./Data/1000Genomes/HDF5/1240kHDF5/all1240/chr14.hdf5

Intersection on Positions: 36301
Nr of Matching Refs: 36166 / 36301
Full Intersection Ref/Alt Identical: 36126 / 36301
2504 / 2504 Individuals included in Reference
Extraction of 5008 Haplotypes Complete!
Markers called 18698 / 36126
Successfully saved to: ./Empirical/HO/French_11/chr14/
Successfully loaded Data from: ./Empirical/HO/French_11/chr14/
Loaded Emission Model: diploid_gt
Loaded Transition Model: model
Loaded Post Processing Model: Standard
Minimum Genetic Map: 0.0184
Maximum Genetic Map: 1.2020
Gaps bigger than 0.1 cM: 191
Maximum Gap: 3.5856 cM
Loaded Transition and Emission Matrix:
(3, 3)
(5009, 18698)
Loaded Observations:
(2, 18698)
Memory Usage: 1044.815872 mB
Reference Number: 5008
Total Log likelihood: -9770.139
Memory Usage: 1044.815872 mB
Finished Calculation State Posteriors
Saved Zero State Posterior to ./Empirical/HO/French_11/chr14/.
Successfully loaded for PP. from ./Empirical/HO/French_11/chr14/
Fraction Markers in ROH: 0.2532
Called n=0 ROH Blocks > 1.0 cM
Longest Block: nan
Successfully saved to ./Empirical/HO/French_11/chr14/roh.csv
Using Low-Mem Cython Linear Speed Up.
Loaded Pre Processing Model: SardHDF5
Loading Individual: French_11

Loaded 1145647 variants
Loaded 4616 individuals
HDF5 loaded from ./Data/Marcus2019_1240k/mod_reich_sardinia_ancients_rev_mrg_dedup_3trm_anno.h5

Loaded 34429 variants
Loaded 2504 individuals
HDF5 loaded from ./Data/1000Genomes/HDF5/1240kHDF5/all1240/chr15.hdf5

Intersection on Positions: 34425
Nr of Matching Refs: 34285 / 34425
Full Intersection Ref/Alt Identical: 34249 / 34425
2504 / 2504 Individuals included in Reference
Extraction of 5008 Haplotypes Complete!
Markers called 18065 / 34249
Successfully saved to: ./Empirical/HO/French_11/chr15/
Successfully loaded Data from: ./Empirical/HO/French_11/chr15/
Loaded Emission Model: diploid_gt
Loaded Transition Model: model
Loaded Post Processing Model: Standard
Minimum Genetic Map: 0.0002
Maximum Genetic Map: 1.4133
Gaps bigger than 0.1 cM: 201
Maximum Gap: 13.7876 cM
Loaded Transition and Emission Matrix:
(3, 3)
(5009, 18065)
Loaded Observations:
(2, 18065)
Memory Usage: 1016.27904 mB
Reference Number: 5008
Total Log likelihood: -9637.420
Memory Usage: 1016.27904 mB
Finished Calculation State Posteriors
Saved Zero State Posterior to ./Empirical/HO/French_11/chr15/.
Successfully loaded for PP. from ./Empirical/HO/French_11/chr15/
Fraction Markers in ROH: 0.2598
Called n=0 ROH Blocks > 1.0 cM
Longest Block: nan
Successfully saved to ./Empirical/HO/French_11/chr15/roh.csv
Using Low-Mem Cython Linear Speed Up.
Loaded Pre Processing Model: SardHDF5
Loading Individual: French_11

Loaded 1145647 variants
Loaded 4616 individuals
HDF5 loaded from ./Data/Marcus2019_1240k/mod_reich_sardinia_ancients_rev_mrg_dedup_3trm_anno.h5

Loaded 34402 variants
Loaded 2504 individuals
HDF5 loaded from ./Data/1000Genomes/HDF5/1240kHDF5/all1240/chr16.hdf5

Intersection on Positions: 34399
Nr of Matching Refs: 34254 / 34399
Full Intersection Ref/Alt Identical: 34201 / 34399
2504 / 2504 Individuals included in Reference
Extraction of 5008 Haplotypes Complete!
Markers called 18255 / 34201
Successfully saved to: ./Empirical/HO/French_11/chr16/
Successfully loaded Data from: ./Empirical/HO/French_11/chr16/
Loaded Emission Model: diploid_gt
Loaded Transition Model: model
Loaded Post Processing Model: Standard
Minimum Genetic Map: 0.0001
Maximum Genetic Map: 1.3402
Gaps bigger than 0.1 cM: 229
Maximum Gap: 0.9354 cM
Loaded Transition and Emission Matrix:
(3, 3)
(5009, 18255)
Loaded Observations:
(2, 18255)
Memory Usage: 1024.843776 mB
Reference Number: 5008
Total Log likelihood: -9418.837
Memory Usage: 1024.843776 mB
Finished Calculation State Posteriors
Saved Zero State Posterior to ./Empirical/HO/French_11/chr16/.
Successfully loaded for PP. from ./Empirical/HO/French_11/chr16/
Fraction Markers in ROH: 0.2686
Called n=0 ROH Blocks > 1.0 cM
Longest Block: nan
Successfully saved to ./Empirical/HO/French_11/chr16/roh.csv
Using Low-Mem Cython Linear Speed Up.
Loaded Pre Processing Model: SardHDF5
Loading Individual: French_11

Loaded 1145647 variants
Loaded 4616 individuals
HDF5 loaded from ./Data/Marcus2019_1240k/mod_reich_sardinia_ancients_rev_mrg_dedup_3trm_anno.h5

Loaded 29314 variants
Loaded 2504 individuals
HDF5 loaded from ./Data/1000Genomes/HDF5/1240kHDF5/all1240/chr17.hdf5

Intersection on Positions: 29313
Nr of Matching Refs: 29159 / 29313
Full Intersection Ref/Alt Identical: 29124 / 29313
2504 / 2504 Individuals included in Reference
Extraction of 5008 Haplotypes Complete!
Markers called 15245 / 29124
Successfully saved to: ./Empirical/HO/French_11/chr17/
Successfully loaded Data from: ./Empirical/HO/French_11/chr17/
Loaded Emission Model: diploid_gt
Loaded Transition Model: model
Loaded Post Processing Model: Standard
Minimum Genetic Map: -0.0003
Maximum Genetic Map: 1.2845
Gaps bigger than 0.1 cM: 225
Maximum Gap: 1.2355 cM
Loaded Transition and Emission Matrix:
(3, 3)
(5009, 15245)
Loaded Observations:
(2, 15245)
Memory Usage: 889.15968 mB
Reference Number: 5008
Total Log likelihood: -7964.399
Memory Usage: 889.15968 mB
Finished Calculation State Posteriors
Saved Zero State Posterior to ./Empirical/HO/French_11/chr17/.
Successfully loaded for PP. from ./Empirical/HO/French_11/chr17/
Fraction Markers in ROH: 0.2609
Called n=0 ROH Blocks > 1.0 cM
Longest Block: nan
Successfully saved to ./Empirical/HO/French_11/chr17/roh.csv
Using Low-Mem Cython Linear Speed Up.
Loaded Pre Processing Model: SardHDF5
Loading Individual: French_11

Loaded 1145647 variants
Loaded 4616 individuals
HDF5 loaded from ./Data/Marcus2019_1240k/mod_reich_sardinia_ancients_rev_mrg_dedup_3trm_anno.h5

Loaded 33917 variants
Loaded 2504 individuals
HDF5 loaded from ./Data/1000Genomes/HDF5/1240kHDF5/all1240/chr18.hdf5

Intersection on Positions: 33916
Nr of Matching Refs: 33774 / 33916
Full Intersection Ref/Alt Identical: 33746 / 33916
2504 / 2504 Individuals included in Reference
Extraction of 5008 Haplotypes Complete!
Markers called 17144 / 33746
Successfully saved to: ./Empirical/HO/French_11/chr18/
Successfully loaded Data from: ./Empirical/HO/French_11/chr18/
Loaded Emission Model: diploid_gt
Loaded Transition Model: model
Loaded Post Processing Model: Standard
Minimum Genetic Map: 0.0027
Maximum Genetic Map: 1.1771
Gaps bigger than 0.1 cM: 196
Maximum Gap: 0.8037 cM
Loaded Transition and Emission Matrix:
(3, 3)
(5009, 17144)
Loaded Observations:
(2, 17144)
Memory Usage: 974.770176 mB
Reference Number: 5008
Total Log likelihood: -8966.696
Memory Usage: 974.770176 mB
Finished Calculation State Posteriors
Saved Zero State Posterior to ./Empirical/HO/French_11/chr18/.
Successfully loaded for PP. from ./Empirical/HO/French_11/chr18/
Fraction Markers in ROH: 0.2519
Called n=0 ROH Blocks > 1.0 cM
Longest Block: nan
Successfully saved to ./Empirical/HO/French_11/chr18/roh.csv
Using Low-Mem Cython Linear Speed Up.
Loaded Pre Processing Model: SardHDF5
Loading Individual: French_11

Loaded 1145647 variants
Loaded 4616 individuals
HDF5 loaded from ./Data/Marcus2019_1240k/mod_reich_sardinia_ancients_rev_mrg_dedup_3trm_anno.h5

Loaded 18460 variants
Loaded 2504 individuals
HDF5 loaded from ./Data/1000Genomes/HDF5/1240kHDF5/all1240/chr19.hdf5

Intersection on Positions: 18459
Nr of Matching Refs: 18381 / 18459
Full Intersection Ref/Alt Identical: 18340 / 18459
2504 / 2504 Individuals included in Reference
Extraction of 5008 Haplotypes Complete!
Markers called 8713 / 18340
Successfully saved to: ./Empirical/HO/French_11/chr19/
Successfully loaded Data from: ./Empirical/HO/French_11/chr19/
Loaded Emission Model: diploid_gt
Loaded Transition Model: model
Loaded Post Processing Model: Standard
Minimum Genetic Map: 0.0000
Maximum Genetic Map: 1.0773
Gaps bigger than 0.1 cM: 286
Maximum Gap: 0.6354 cM
Loaded Transition and Emission Matrix:
(3, 3)
(5009, 8713)
Loaded Observations:
(2, 8713)
Memory Usage: 594.45248 mB
Reference Number: 5008
Total Log likelihood: -4567.840
Memory Usage: 594.45248 mB
Finished Calculation State Posteriors
Saved Zero State Posterior to ./Empirical/HO/French_11/chr19/.
Successfully loaded for PP. from ./Empirical/HO/French_11/chr19/
Fraction Markers in ROH: 0.2530
Called n=0 ROH Blocks > 1.0 cM
Longest Block: nan
Successfully saved to ./Empirical/HO/French_11/chr19/roh.csv
Using Low-Mem Cython Linear Speed Up.
Loaded Pre Processing Model: SardHDF5
Loading Individual: French_11

Loaded 1145647 variants
Loaded 4616 individuals
HDF5 loaded from ./Data/Marcus2019_1240k/mod_reich_sardinia_ancients_rev_mrg_dedup_3trm_anno.h5

Loaded 29078 variants
Loaded 2504 individuals
HDF5 loaded from ./Data/1000Genomes/HDF5/1240kHDF5/all1240/chr20.hdf5

Intersection on Positions: 29077
Nr of Matching Refs: 28908 / 29077
Full Intersection Ref/Alt Identical: 28864 / 29077
2504 / 2504 Individuals included in Reference
Extraction of 5008 Haplotypes Complete!
Markers called 15391 / 28864
Successfully saved to: ./Empirical/HO/French_11/chr20/
Successfully loaded Data from: ./Empirical/HO/French_11/chr20/
Loaded Emission Model: diploid_gt
Loaded Transition Model: model
Loaded Post Processing Model: Standard
Minimum Genetic Map: 0.0008
Maximum Genetic Map: 1.0821
Gaps bigger than 0.1 cM: 202
Maximum Gap: 0.4744 cM
Loaded Transition and Emission Matrix:
(3, 3)
(5009, 15391)
Loaded Observations:
(2, 15391)
Memory Usage: 895.496192 mB
Reference Number: 5008
Total Log likelihood: -8067.795
Memory Usage: 895.459328 mB
Finished Calculation State Posteriors
Saved Zero State Posterior to ./Empirical/HO/French_11/chr20/.
Successfully loaded for PP. from ./Empirical/HO/French_11/chr20/
Fraction Markers in ROH: 0.2734
Merged n=0 gaps < 0.0 M
Called n=1 ROH Blocks > 1.0 cM
Longest Block: 1.815
Successfully saved to ./Empirical/HO/French_11/chr20/roh.csv
Using Low-Mem Cython Linear Speed Up.
Loaded Pre Processing Model: SardHDF5
Loading Individual: French_11

Loaded 1145647 variants
Loaded 4616 individuals
HDF5 loaded from ./Data/Marcus2019_1240k/mod_reich_sardinia_ancients_rev_mrg_dedup_3trm_anno.h5

Loaded 16038 variants
Loaded 2504 individuals
HDF5 loaded from ./Data/1000Genomes/HDF5/1240kHDF5/all1240/chr21.hdf5

Intersection on Positions: 16036
Nr of Matching Refs: 15949 / 16036
Full Intersection Ref/Alt Identical: 15930 / 16036
2504 / 2504 Individuals included in Reference
Extraction of 5008 Haplotypes Complete!
Markers called 7913 / 15930
Successfully saved to: ./Empirical/HO/French_11/chr21/
Successfully loaded Data from: ./Empirical/HO/French_11/chr21/
Loaded Emission Model: diploid_gt
Loaded Transition Model: model
Loaded Post Processing Model: Standard
Minimum Genetic Map: 0.0145
Maximum Genetic Map: 0.6277
Gaps bigger than 0.1 cM: 120
Maximum Gap: 0.7121 cM
Loaded Transition and Emission Matrix:
(3, 3)
(5009, 7913)
Loaded Observations:
(2, 7913)
Memory Usage: 558.354432 mB
Reference Number: 5008
Total Log likelihood: -4157.204
Memory Usage: 558.354432 mB
Finished Calculation State Posteriors
Saved Zero State Posterior to ./Empirical/HO/French_11/chr21/.
Successfully loaded for PP. from ./Empirical/HO/French_11/chr21/
Fraction Markers in ROH: 0.2764
Called n=0 ROH Blocks > 1.0 cM
Longest Block: nan
Successfully saved to ./Empirical/HO/French_11/chr21/roh.csv
Using Low-Mem Cython Linear Speed Up.
Loaded Pre Processing Model: SardHDF5
Loading Individual: French_11

Loaded 1145647 variants
Loaded 4616 individuals
HDF5 loaded from ./Data/Marcus2019_1240k/mod_reich_sardinia_ancients_rev_mrg_dedup_3trm_anno.h5

Loaded 15802 variants
Loaded 2504 individuals
HDF5 loaded from ./Data/1000Genomes/HDF5/1240kHDF5/all1240/chr22.hdf5

Intersection on Positions: 15802
Nr of Matching Refs: 15704 / 15802
Full Intersection Ref/Alt Identical: 15684 / 15802
2504 / 2504 Individuals included in Reference
Extraction of 5008 Haplotypes Complete!
Markers called 7719 / 15684
Successfully saved to: ./Empirical/HO/French_11/chr22/
Successfully loaded Data from: ./Empirical/HO/French_11/chr22/
Loaded Emission Model: diploid_gt
Loaded Transition Model: model
Loaded Post Processing Model: Standard
Minimum Genetic Map: 0.0178
Maximum Genetic Map: 0.7408
Gaps bigger than 0.1 cM: 149
Maximum Gap: 1.7139 cM
Loaded Transition and Emission Matrix:
(3, 3)
(5009, 7719)
Loaded Observations:
(2, 7719)
Memory Usage: 549.613568 mB
Reference Number: 5008
Total Log likelihood: -4239.933
Memory Usage: 549.613568 mB
Finished Calculation State Posteriors
Saved Zero State Posterior to ./Empirical/HO/French_11/chr22/.
Successfully loaded for PP. from ./Empirical/HO/French_11/chr22/
Fraction Markers in ROH: 0.2035
Called n=0 ROH Blocks > 1.0 cM
Longest Block: nan
Successfully saved to ./Empirical/HO/French_11/chr22/roh.csv
Run for Individual French_11: Complete! Yeah!!
