Doing Individual Papuan_7...
Using Low-Mem Cython Linear Speed Up.
Loaded Pre Processing Model: SardHDF5
Loading Individual: Papuan_7

Loaded 1145647 variants
Loaded 4616 individuals
HDF5 loaded from ./Data/Marcus2019_1240k/mod_reich_sardinia_ancients_rev_mrg_dedup_3trm_anno.h5

Loaded 89147 variants
Loaded 2504 individuals
HDF5 loaded from ./Data/1000Genomes/HDF5/1240kHDF5/all1240/chr1.hdf5

Intersection on Positions: 89143
Nr of Matching Refs: 89143 / 89143
Full Intersection Ref/Alt Identical: 89079 / 89143
2504 / 2504 Individuals included in Reference
Extraction of 5008 Haplotypes Complete!
Markers called 47574 / 89079
Successfully saved to: ./Empirical/HO/Papuan_7/chr1/
Successfully loaded Data from: ./Empirical/HO/Papuan_7/chr1/
Loaded Emission Model: diploid_gt
Loaded Transition Model: model
Loaded Post Processing Model: Standard
Minimum Genetic Map: 0.0201
Maximum Genetic Map: 2.8623
Gaps bigger than 0.1 cM: 425
Maximum Gap: 3.9814 cM
Loaded Transition and Emission Matrix:
(3, 3)
(5009, 47574)
Loaded Observations:
(2, 47574)
Memory Usage: 2330.083328 mB
Reference Number: 5008
Total Log likelihood: -21715.253
Memory Usage: 2330.54208 mB
Finished Calculation State Posteriors
Saved Zero State Posterior to ./Empirical/HO/Papuan_7/chr1/.
Successfully loaded for PP. from ./Empirical/HO/Papuan_7/chr1/
Fraction Markers in ROH: 0.4433
Merged n=0 gaps < 0.0 M
Called n=3 ROH Blocks > 1.0 cM
Longest Block: 2.198
Successfully saved to ./Empirical/HO/Papuan_7/chr1/roh.csv
Using Low-Mem Cython Linear Speed Up.
Loaded Pre Processing Model: SardHDF5
Loading Individual: Papuan_7

Loaded 1145647 variants
Loaded 4616 individuals
HDF5 loaded from ./Data/Marcus2019_1240k/mod_reich_sardinia_ancients_rev_mrg_dedup_3trm_anno.h5

Loaded 94239 variants
Loaded 2504 individuals
HDF5 loaded from ./Data/1000Genomes/HDF5/1240kHDF5/all1240/chr2.hdf5

Intersection on Positions: 94237
Nr of Matching Refs: 94205 / 94237
Full Intersection Ref/Alt Identical: 94137 / 94237
2504 / 2504 Individuals included in Reference
Extraction of 5008 Haplotypes Complete!
Markers called 49119 / 94137
Successfully saved to: ./Empirical/HO/Papuan_7/chr2/
Successfully loaded Data from: ./Empirical/HO/Papuan_7/chr2/
Loaded Emission Model: diploid_gt
Loaded Transition Model: model
Loaded Post Processing Model: Standard
Minimum Genetic Map: 0.0001
Maximum Genetic Map: 2.6883
Gaps bigger than 0.1 cM: 398
Maximum Gap: 2.0159 cM
Loaded Transition and Emission Matrix:
(3, 3)
(5009, 49119)
Loaded Observations:
(2, 49119)
Memory Usage: 2402.22208 mB
Reference Number: 5008
Total Log likelihood: -20764.354
Memory Usage: 2402.22208 mB
Finished Calculation State Posteriors
Saved Zero State Posterior to ./Empirical/HO/Papuan_7/chr2/.
Successfully loaded for PP. from ./Empirical/HO/Papuan_7/chr2/
Fraction Markers in ROH: 0.4873
Merged n=0 gaps < 0.0 M
Called n=7 ROH Blocks > 1.0 cM
Longest Block: 3.084
Successfully saved to ./Empirical/HO/Papuan_7/chr2/roh.csv
Using Low-Mem Cython Linear Speed Up.
Loaded Pre Processing Model: SardHDF5
Loading Individual: Papuan_7

Loaded 1145647 variants
Loaded 4616 individuals
HDF5 loaded from ./Data/Marcus2019_1240k/mod_reich_sardinia_ancients_rev_mrg_dedup_3trm_anno.h5

Loaded 77652 variants
Loaded 2504 individuals
HDF5 loaded from ./Data/1000Genomes/HDF5/1240kHDF5/all1240/chr3.hdf5

Intersection on Positions: 77650
Nr of Matching Refs: 77606 / 77650
Full Intersection Ref/Alt Identical: 77553 / 77650
2504 / 2504 Individuals included in Reference
Extraction of 5008 Haplotypes Complete!
Markers called 40719 / 77553
Successfully saved to: ./Empirical/HO/Papuan_7/chr3/
Successfully loaded Data from: ./Empirical/HO/Papuan_7/chr3/
Loaded Emission Model: diploid_gt
Loaded Transition Model: model
Loaded Post Processing Model: Standard
Minimum Genetic Map: 0.0002
Maximum Genetic Map: 2.2326
Gaps bigger than 0.1 cM: 342
Maximum Gap: 0.4179 cM
Loaded Transition and Emission Matrix:
(3, 3)
(5009, 40719)
Loaded Observations:
(2, 40719)
Memory Usage: 2024.046592 mB
Reference Number: 5008
Total Log likelihood: -19090.650
Memory Usage: 2024.046592 mB
Finished Calculation State Posteriors
Saved Zero State Posterior to ./Empirical/HO/Papuan_7/chr3/.
Successfully loaded for PP. from ./Empirical/HO/Papuan_7/chr3/
Fraction Markers in ROH: 0.4546
Merged n=0 gaps < 0.0 M
Called n=5 ROH Blocks > 1.0 cM
Longest Block: 5.060
Successfully saved to ./Empirical/HO/Papuan_7/chr3/roh.csv
Using Low-Mem Cython Linear Speed Up.
Loaded Pre Processing Model: SardHDF5
Loading Individual: Papuan_7

Loaded 1145647 variants
Loaded 4616 individuals
HDF5 loaded from ./Data/Marcus2019_1240k/mod_reich_sardinia_ancients_rev_mrg_dedup_3trm_anno.h5

Loaded 68759 variants
Loaded 2504 individuals
HDF5 loaded from ./Data/1000Genomes/HDF5/1240kHDF5/all1240/chr4.hdf5

Intersection on Positions: 68759
Nr of Matching Refs: 68709 / 68759
Full Intersection Ref/Alt Identical: 68663 / 68759
2504 / 2504 Individuals included in Reference
Extraction of 5008 Haplotypes Complete!
Markers called 34160 / 68663
Successfully saved to: ./Empirical/HO/Papuan_7/chr4/
Successfully loaded Data from: ./Empirical/HO/Papuan_7/chr4/
Loaded Emission Model: diploid_gt
Loaded Transition Model: model
Loaded Post Processing Model: Standard
Minimum Genetic Map: 0.0034
Maximum Genetic Map: 2.1454
Gaps bigger than 0.1 cM: 332
Maximum Gap: 2.1375 cM
Loaded Transition and Emission Matrix:
(3, 3)
(5009, 34160)
Loaded Observations:
(2, 34160)
Memory Usage: 1728.331776 mB
Reference Number: 5008
Total Log likelihood: -16500.569
Memory Usage: 1728.331776 mB
Finished Calculation State Posteriors
Saved Zero State Posterior to ./Empirical/HO/Papuan_7/chr4/.
Successfully loaded for PP. from ./Empirical/HO/Papuan_7/chr4/
Fraction Markers in ROH: 0.3990
Merged n=0 gaps < 0.0 M
Called n=6 ROH Blocks > 1.0 cM
Longest Block: 1.909
Successfully saved to ./Empirical/HO/Papuan_7/chr4/roh.csv
Using Low-Mem Cython Linear Speed Up.
Loaded Pre Processing Model: SardHDF5
Loading Individual: Papuan_7

Loaded 1145647 variants
Loaded 4616 individuals
HDF5 loaded from ./Data/Marcus2019_1240k/mod_reich_sardinia_ancients_rev_mrg_dedup_3trm_anno.h5

Loaded 69399 variants
Loaded 2504 individuals
HDF5 loaded from ./Data/1000Genomes/HDF5/1240kHDF5/all1240/chr5.hdf5

Intersection on Positions: 69394
Nr of Matching Refs: 69307 / 69394
Full Intersection Ref/Alt Identical: 69252 / 69394
2504 / 2504 Individuals included in Reference
Extraction of 5008 Haplotypes Complete!
Markers called 34269 / 69252
Successfully saved to: ./Empirical/HO/Papuan_7/chr5/
Successfully loaded Data from: ./Empirical/HO/Papuan_7/chr5/
Loaded Emission Model: diploid_gt
Loaded Transition Model: model
Loaded Post Processing Model: Standard
Minimum Genetic Map: 0.0004
Maximum Genetic Map: 2.0409
Gaps bigger than 0.1 cM: 340
Maximum Gap: 1.0498 cM
Loaded Transition and Emission Matrix:
(3, 3)
(5009, 34269)
Loaded Observations:
(2, 34269)
Memory Usage: 1733.271552 mB
Reference Number: 5008
Total Log likelihood: -16442.946
Memory Usage: 1733.271552 mB
Finished Calculation State Posteriors
Saved Zero State Posterior to ./Empirical/HO/Papuan_7/chr5/.
Successfully loaded for PP. from ./Empirical/HO/Papuan_7/chr5/
Fraction Markers in ROH: 0.4110
Merged n=0 gaps < 0.0 M
Called n=1 ROH Blocks > 1.0 cM
Longest Block: 1.054
Successfully saved to ./Empirical/HO/Papuan_7/chr5/roh.csv
Using Low-Mem Cython Linear Speed Up.
Loaded Pre Processing Model: SardHDF5
Loading Individual: Papuan_7

Loaded 1145647 variants
Loaded 4616 individuals
HDF5 loaded from ./Data/Marcus2019_1240k/mod_reich_sardinia_ancients_rev_mrg_dedup_3trm_anno.h5

Loaded 75870 variants
Loaded 2504 individuals
HDF5 loaded from ./Data/1000Genomes/HDF5/1240kHDF5/all1240/chr6.hdf5

Intersection on Positions: 75866
Nr of Matching Refs: 75743 / 75866
Full Intersection Ref/Alt Identical: 75675 / 75866
2504 / 2504 Individuals included in Reference
Extraction of 5008 Haplotypes Complete!
Markers called 34094 / 75675
Successfully saved to: ./Empirical/HO/Papuan_7/chr6/
Successfully loaded Data from: ./Empirical/HO/Papuan_7/chr6/
Loaded Emission Model: diploid_gt
Loaded Transition Model: model
Loaded Post Processing Model: Standard
Minimum Genetic Map: 0.0035
Maximum Genetic Map: 1.9203
Gaps bigger than 0.1 cM: 288
Maximum Gap: 0.5072 cM
Loaded Transition and Emission Matrix:
(3, 3)
(5009, 34094)
Loaded Observations:
(2, 34094)
Memory Usage: 1725.39904 mB
Reference Number: 5008
Total Log likelihood: -15357.104
Memory Usage: 1725.39904 mB
Finished Calculation State Posteriors
Saved Zero State Posterior to ./Empirical/HO/Papuan_7/chr6/.
Successfully loaded for PP. from ./Empirical/HO/Papuan_7/chr6/
Fraction Markers in ROH: 0.4818
Merged n=0 gaps < 0.0 M
Called n=7 ROH Blocks > 1.0 cM
Longest Block: 2.885
Successfully saved to ./Empirical/HO/Papuan_7/chr6/roh.csv
Using Low-Mem Cython Linear Speed Up.
Loaded Pre Processing Model: SardHDF5
Loading Individual: Papuan_7

Loaded 1145647 variants
Loaded 4616 individuals
HDF5 loaded from ./Data/Marcus2019_1240k/mod_reich_sardinia_ancients_rev_mrg_dedup_3trm_anno.h5

Loaded 59890 variants
Loaded 2504 individuals
HDF5 loaded from ./Data/1000Genomes/HDF5/1240kHDF5/all1240/chr7.hdf5

Intersection on Positions: 59889
Nr of Matching Refs: 59781 / 59889
Full Intersection Ref/Alt Identical: 59715 / 59889
2504 / 2504 Individuals included in Reference
Extraction of 5008 Haplotypes Complete!
Markers called 28776 / 59715
Successfully saved to: ./Empirical/HO/Papuan_7/chr7/
Successfully loaded Data from: ./Empirical/HO/Papuan_7/chr7/
Loaded Emission Model: diploid_gt
Loaded Transition Model: model
Loaded Post Processing Model: Standard
Minimum Genetic Map: 0.0000
Maximum Genetic Map: 1.8715
Gaps bigger than 0.1 cM: 326
Maximum Gap: 1.0884 cM
Loaded Transition and Emission Matrix:
(3, 3)
(5009, 28776)
Loaded Observations:
(2, 28776)
Memory Usage: 1485.672448 mB
Reference Number: 5008
Total Log likelihood: -14158.020
Memory Usage: 1485.672448 mB
Finished Calculation State Posteriors
Saved Zero State Posterior to ./Empirical/HO/Papuan_7/chr7/.
Successfully loaded for PP. from ./Empirical/HO/Papuan_7/chr7/
Fraction Markers in ROH: 0.3907
Merged n=0 gaps < 0.0 M
Called n=2 ROH Blocks > 1.0 cM
Longest Block: 3.030
Successfully saved to ./Empirical/HO/Papuan_7/chr7/roh.csv
Using Low-Mem Cython Linear Speed Up.
Loaded Pre Processing Model: SardHDF5
Loading Individual: Papuan_7

Loaded 1145647 variants
Loaded 4616 individuals
HDF5 loaded from ./Data/Marcus2019_1240k/mod_reich_sardinia_ancients_rev_mrg_dedup_3trm_anno.h5

Loaded 61133 variants
Loaded 2504 individuals
HDF5 loaded from ./Data/1000Genomes/HDF5/1240kHDF5/all1240/chr8.hdf5

Intersection on Positions: 61130
Nr of Matching Refs: 61022 / 61130
Full Intersection Ref/Alt Identical: 60960 / 61130
2504 / 2504 Individuals included in Reference
Extraction of 5008 Haplotypes Complete!
Markers called 28559 / 60960
Successfully saved to: ./Empirical/HO/Papuan_7/chr8/
Successfully loaded Data from: ./Empirical/HO/Papuan_7/chr8/
Loaded Emission Model: diploid_gt
Loaded Transition Model: model
Loaded Post Processing Model: Standard
Minimum Genetic Map: 0.0001
Maximum Genetic Map: 1.6800
Gaps bigger than 0.1 cM: 253
Maximum Gap: 3.5052 cM
Loaded Transition and Emission Matrix:
(3, 3)
(5009, 28559)
Loaded Observations:
(2, 28559)
Memory Usage: 1489.051648 mB
Reference Number: 5008
Total Log likelihood: -12661.209
Memory Usage: 1489.051648 mB
Finished Calculation State Posteriors
Saved Zero State Posterior to ./Empirical/HO/Papuan_7/chr8/.
Successfully loaded for PP. from ./Empirical/HO/Papuan_7/chr8/
Fraction Markers in ROH: 0.4889
Merged n=0 gaps < 0.0 M
Called n=4 ROH Blocks > 1.0 cM
Longest Block: 5.923
Successfully saved to ./Empirical/HO/Papuan_7/chr8/roh.csv
Using Low-Mem Cython Linear Speed Up.
Loaded Pre Processing Model: SardHDF5
Loading Individual: Papuan_7

Loaded 1145647 variants
Loaded 4616 individuals
HDF5 loaded from ./Data/Marcus2019_1240k/mod_reich_sardinia_ancients_rev_mrg_dedup_3trm_anno.h5

Loaded 50668 variants
Loaded 2504 individuals
HDF5 loaded from ./Data/1000Genomes/HDF5/1240kHDF5/all1240/chr9.hdf5

Intersection on Positions: 50668
Nr of Matching Refs: 50539 / 50668
Full Intersection Ref/Alt Identical: 50493 / 50668
2504 / 2504 Individuals included in Reference
Extraction of 5008 Haplotypes Complete!
Markers called 23725 / 50493
Successfully saved to: ./Empirical/HO/Papuan_7/chr9/
Successfully loaded Data from: ./Empirical/HO/Papuan_7/chr9/
Loaded Emission Model: diploid_gt
Loaded Transition Model: model
Loaded Post Processing Model: Standard
Minimum Genetic Map: 0.0016
Maximum Genetic Map: 1.6630
Gaps bigger than 0.1 cM: 299
Maximum Gap: 2.3454 cM
Loaded Transition and Emission Matrix:
(3, 3)
(5009, 23725)
Loaded Observations:
(2, 23725)
Memory Usage: 1271.140352 mB
Reference Number: 5008
Total Log likelihood: -11701.027
Memory Usage: 1271.140352 mB
Finished Calculation State Posteriors
Saved Zero State Posterior to ./Empirical/HO/Papuan_7/chr9/.
Successfully loaded for PP. from ./Empirical/HO/Papuan_7/chr9/
Fraction Markers in ROH: 0.3911
Merged n=0 gaps < 0.0 M
Called n=4 ROH Blocks > 1.0 cM
Longest Block: 1.517
Successfully saved to ./Empirical/HO/Papuan_7/chr9/roh.csv
Using Low-Mem Cython Linear Speed Up.
Loaded Pre Processing Model: SardHDF5
Loading Individual: Papuan_7

Loaded 1145647 variants
Loaded 4616 individuals
HDF5 loaded from ./Data/Marcus2019_1240k/mod_reich_sardinia_ancients_rev_mrg_dedup_3trm_anno.h5

Loaded 58804 variants
Loaded 2504 individuals
HDF5 loaded from ./Data/1000Genomes/HDF5/1240kHDF5/all1240/chr10.hdf5

Intersection on Positions: 58803
Nr of Matching Refs: 58657 / 58803
Full Intersection Ref/Alt Identical: 58591 / 58803
2504 / 2504 Individuals included in Reference
Extraction of 5008 Haplotypes Complete!
Markers called 30599 / 58591
Successfully saved to: ./Empirical/HO/Papuan_7/chr10/
Successfully loaded Data from: ./Empirical/HO/Papuan_7/chr10/
Loaded Emission Model: diploid_gt
Loaded Transition Model: model
Loaded Post Processing Model: Standard
Minimum Genetic Map: 0.0001
Maximum Genetic Map: 1.8089
Gaps bigger than 0.1 cM: 263
Maximum Gap: 2.0338 cM
Loaded Transition and Emission Matrix:
(3, 3)
(5009, 30599)
Loaded Observations:
(2, 30599)
Memory Usage: 1581.023232 mB
Reference Number: 5008
Total Log likelihood: -14112.049
Memory Usage: 1581.023232 mB
Finished Calculation State Posteriors
Saved Zero State Posterior to ./Empirical/HO/Papuan_7/chr10/.
Successfully loaded for PP. from ./Empirical/HO/Papuan_7/chr10/
Fraction Markers in ROH: 0.4140
Merged n=0 gaps < 0.0 M
Called n=2 ROH Blocks > 1.0 cM
Longest Block: 1.508
Successfully saved to ./Empirical/HO/Papuan_7/chr10/roh.csv
Using Low-Mem Cython Linear Speed Up.
Loaded Pre Processing Model: SardHDF5
Loading Individual: Papuan_7

Loaded 1145647 variants
Loaded 4616 individuals
HDF5 loaded from ./Data/Marcus2019_1240k/mod_reich_sardinia_ancients_rev_mrg_dedup_3trm_anno.h5

Loaded 54833 variants
Loaded 2504 individuals
HDF5 loaded from ./Data/1000Genomes/HDF5/1240kHDF5/all1240/chr11.hdf5

Intersection on Positions: 54831
Nr of Matching Refs: 54669 / 54831
Full Intersection Ref/Alt Identical: 54616 / 54831
2504 / 2504 Individuals included in Reference
Extraction of 5008 Haplotypes Complete!
Markers called 28171 / 54616
Successfully saved to: ./Empirical/HO/Papuan_7/chr11/
Successfully loaded Data from: ./Empirical/HO/Papuan_7/chr11/
Loaded Emission Model: diploid_gt
Loaded Transition Model: model
Loaded Post Processing Model: Standard
Minimum Genetic Map: 0.0000
Maximum Genetic Map: 1.5822
Gaps bigger than 0.1 cM: 247
Maximum Gap: 0.5683 cM
Loaded Transition and Emission Matrix:
(3, 3)
(5009, 28171)
Loaded Observations:
(2, 28171)
Memory Usage: 1471.565824 mB
Reference Number: 5008
Total Log likelihood: -12031.046
Memory Usage: 1471.565824 mB
Finished Calculation State Posteriors
Saved Zero State Posterior to ./Empirical/HO/Papuan_7/chr11/.
Successfully loaded for PP. from ./Empirical/HO/Papuan_7/chr11/
Fraction Markers in ROH: 0.4763
Merged n=0 gaps < 0.0 M
Called n=2 ROH Blocks > 1.0 cM
Longest Block: 1.435
Successfully saved to ./Empirical/HO/Papuan_7/chr11/roh.csv
Using Low-Mem Cython Linear Speed Up.
Loaded Pre Processing Model: SardHDF5
Loading Individual: Papuan_7

Loaded 1145647 variants
Loaded 4616 individuals
HDF5 loaded from ./Data/Marcus2019_1240k/mod_reich_sardinia_ancients_rev_mrg_dedup_3trm_anno.h5

Loaded 53911 variants
Loaded 2504 individuals
HDF5 loaded from ./Data/1000Genomes/HDF5/1240kHDF5/all1240/chr12.hdf5

Intersection on Positions: 53911
Nr of Matching Refs: 53713 / 53911
Full Intersection Ref/Alt Identical: 53672 / 53911
2504 / 2504 Individuals included in Reference
Extraction of 5008 Haplotypes Complete!
Markers called 27370 / 53672
Successfully saved to: ./Empirical/HO/Papuan_7/chr12/
Successfully loaded Data from: ./Empirical/HO/Papuan_7/chr12/
Loaded Emission Model: diploid_gt
Loaded Transition Model: model
Loaded Post Processing Model: Standard
Minimum Genetic Map: 0.0009
Maximum Genetic Map: 1.7468
Gaps bigger than 0.1 cM: 285
Maximum Gap: 0.8015 cM
Loaded Transition and Emission Matrix:
(3, 3)
(5009, 27370)
Loaded Observations:
(2, 27370)
Memory Usage: 1435.467776 mB
Reference Number: 5008
Total Log likelihood: -13092.214
Memory Usage: 1435.467776 mB
Finished Calculation State Posteriors
Saved Zero State Posterior to ./Empirical/HO/Papuan_7/chr12/.
Successfully loaded for PP. from ./Empirical/HO/Papuan_7/chr12/
Fraction Markers in ROH: 0.4253
Merged n=0 gaps < 0.0 M
Called n=5 ROH Blocks > 1.0 cM
Longest Block: 4.048
Successfully saved to ./Empirical/HO/Papuan_7/chr12/roh.csv
Using Low-Mem Cython Linear Speed Up.
Loaded Pre Processing Model: SardHDF5
Loading Individual: Papuan_7

Loaded 1145647 variants
Loaded 4616 individuals
HDF5 loaded from ./Data/Marcus2019_1240k/mod_reich_sardinia_ancients_rev_mrg_dedup_3trm_anno.h5

Loaded 39018 variants
Loaded 2504 individuals
HDF5 loaded from ./Data/1000Genomes/HDF5/1240kHDF5/all1240/chr13.hdf5

Intersection on Positions: 39015
Nr of Matching Refs: 38885 / 39015
Full Intersection Ref/Alt Identical: 38841 / 39015
2504 / 2504 Individuals included in Reference
Extraction of 5008 Haplotypes Complete!
Markers called 17934 / 38841
Successfully saved to: ./Empirical/HO/Papuan_7/chr13/
Successfully loaded Data from: ./Empirical/HO/Papuan_7/chr13/
Loaded Emission Model: diploid_gt
Loaded Transition Model: model
Loaded Post Processing Model: Standard
Minimum Genetic Map: 0.0028
Maximum Genetic Map: 1.2570
Gaps bigger than 0.1 cM: 230
Maximum Gap: 1.2234 cM
Loaded Transition and Emission Matrix:
(3, 3)
(5009, 17934)
Loaded Observations:
(2, 17934)
Memory Usage: 1010.089984 mB
Reference Number: 5008
Total Log likelihood: -8339.253
Memory Usage: 1010.089984 mB
Finished Calculation State Posteriors
Saved Zero State Posterior to ./Empirical/HO/Papuan_7/chr13/.
Successfully loaded for PP. from ./Empirical/HO/Papuan_7/chr13/
Fraction Markers in ROH: 0.4502
Merged n=0 gaps < 0.0 M
Called n=2 ROH Blocks > 1.0 cM
Longest Block: 1.185
Successfully saved to ./Empirical/HO/Papuan_7/chr13/roh.csv
Using Low-Mem Cython Linear Speed Up.
Loaded Pre Processing Model: SardHDF5
Loading Individual: Papuan_7

Loaded 1145647 variants
Loaded 4616 individuals
HDF5 loaded from ./Data/Marcus2019_1240k/mod_reich_sardinia_ancients_rev_mrg_dedup_3trm_anno.h5

Loaded 36301 variants
Loaded 2504 individuals
HDF5 loaded from ./Data/1000Genomes/HDF5/1240kHDF5/all1240/chr14.hdf5

Intersection on Positions: 36301
Nr of Matching Refs: 36166 / 36301
Full Intersection Ref/Alt Identical: 36126 / 36301
2504 / 2504 Individuals included in Reference
Extraction of 5008 Haplotypes Complete!
Markers called 18744 / 36126
Successfully saved to: ./Empirical/HO/Papuan_7/chr14/
Successfully loaded Data from: ./Empirical/HO/Papuan_7/chr14/
Loaded Emission Model: diploid_gt
Loaded Transition Model: model
Loaded Post Processing Model: Standard
Minimum Genetic Map: 0.0184
Maximum Genetic Map: 1.2020
Gaps bigger than 0.1 cM: 191
Maximum Gap: 3.5856 cM
Loaded Transition and Emission Matrix:
(3, 3)
(5009, 18744)
Loaded Observations:
(2, 18744)
Memory Usage: 1046.605824 mB
Reference Number: 5008
Total Log likelihood: -8482.669
Memory Usage: 1046.605824 mB
Finished Calculation State Posteriors
Saved Zero State Posterior to ./Empirical/HO/Papuan_7/chr14/.
Successfully loaded for PP. from ./Empirical/HO/Papuan_7/chr14/
Fraction Markers in ROH: 0.4932
Merged n=0 gaps < 0.0 M
Called n=7 ROH Blocks > 1.0 cM
Longest Block: 3.988
Successfully saved to ./Empirical/HO/Papuan_7/chr14/roh.csv
Using Low-Mem Cython Linear Speed Up.
Loaded Pre Processing Model: SardHDF5
Loading Individual: Papuan_7

Loaded 1145647 variants
Loaded 4616 individuals
HDF5 loaded from ./Data/Marcus2019_1240k/mod_reich_sardinia_ancients_rev_mrg_dedup_3trm_anno.h5

Loaded 34429 variants
Loaded 2504 individuals
HDF5 loaded from ./Data/1000Genomes/HDF5/1240kHDF5/all1240/chr15.hdf5

Intersection on Positions: 34425
Nr of Matching Refs: 34285 / 34425
Full Intersection Ref/Alt Identical: 34249 / 34425
2504 / 2504 Individuals included in Reference
Extraction of 5008 Haplotypes Complete!
Markers called 18125 / 34249
Successfully saved to: ./Empirical/HO/Papuan_7/chr15/
Successfully loaded Data from: ./Empirical/HO/Papuan_7/chr15/
Loaded Emission Model: diploid_gt
Loaded Transition Model: model
Loaded Post Processing Model: Standard
Minimum Genetic Map: 0.0002
Maximum Genetic Map: 1.4133
Gaps bigger than 0.1 cM: 201
Maximum Gap: 13.7876 cM
Loaded Transition and Emission Matrix:
(3, 3)
(5009, 18125)
Loaded Observations:
(2, 18125)
Memory Usage: 1018.699776 mB
Reference Number: 5008
Total Log likelihood: -9153.160
Memory Usage: 1018.699776 mB
Finished Calculation State Posteriors
Saved Zero State Posterior to ./Empirical/HO/Papuan_7/chr15/.
Successfully loaded for PP. from ./Empirical/HO/Papuan_7/chr15/
Fraction Markers in ROH: 0.4066
Merged n=0 gaps < 0.0 M
Called n=4 ROH Blocks > 1.0 cM
Longest Block: 3.279
Successfully saved to ./Empirical/HO/Papuan_7/chr15/roh.csv
Using Low-Mem Cython Linear Speed Up.
Loaded Pre Processing Model: SardHDF5
Loading Individual: Papuan_7

Loaded 1145647 variants
Loaded 4616 individuals
HDF5 loaded from ./Data/Marcus2019_1240k/mod_reich_sardinia_ancients_rev_mrg_dedup_3trm_anno.h5

Loaded 34402 variants
Loaded 2504 individuals
HDF5 loaded from ./Data/1000Genomes/HDF5/1240kHDF5/all1240/chr16.hdf5

Intersection on Positions: 34399
Nr of Matching Refs: 34254 / 34399
Full Intersection Ref/Alt Identical: 34201 / 34399
2504 / 2504 Individuals included in Reference
Extraction of 5008 Haplotypes Complete!
Markers called 18309 / 34201
Successfully saved to: ./Empirical/HO/Papuan_7/chr16/
Successfully loaded Data from: ./Empirical/HO/Papuan_7/chr16/
Loaded Emission Model: diploid_gt
Loaded Transition Model: model
Loaded Post Processing Model: Standard
Minimum Genetic Map: 0.0001
Maximum Genetic Map: 1.3402
Gaps bigger than 0.1 cM: 228
Maximum Gap: 0.9354 cM
Loaded Transition and Emission Matrix:
(3, 3)
(5009, 18309)
Loaded Observations:
(2, 18309)
Memory Usage: 1026.994176 mB
Reference Number: 5008
Total Log likelihood: -8609.036
Memory Usage: 1026.994176 mB
Finished Calculation State Posteriors
Saved Zero State Posterior to ./Empirical/HO/Papuan_7/chr16/.
Successfully loaded for PP. from ./Empirical/HO/Papuan_7/chr16/
Fraction Markers in ROH: 0.4452
Merged n=0 gaps < 0.0 M
Called n=8 ROH Blocks > 1.0 cM
Longest Block: 4.636
Successfully saved to ./Empirical/HO/Papuan_7/chr16/roh.csv
Using Low-Mem Cython Linear Speed Up.
Loaded Pre Processing Model: SardHDF5
Loading Individual: Papuan_7

Loaded 1145647 variants
Loaded 4616 individuals
HDF5 loaded from ./Data/Marcus2019_1240k/mod_reich_sardinia_ancients_rev_mrg_dedup_3trm_anno.h5

Loaded 29314 variants
Loaded 2504 individuals
HDF5 loaded from ./Data/1000Genomes/HDF5/1240kHDF5/all1240/chr17.hdf5

Intersection on Positions: 29313
Nr of Matching Refs: 29159 / 29313
Full Intersection Ref/Alt Identical: 29124 / 29313
2504 / 2504 Individuals included in Reference
Extraction of 5008 Haplotypes Complete!
Markers called 15284 / 29124
Successfully saved to: ./Empirical/HO/Papuan_7/chr17/
Successfully loaded Data from: ./Empirical/HO/Papuan_7/chr17/
Loaded Emission Model: diploid_gt
Loaded Transition Model: model
Loaded Post Processing Model: Standard
Minimum Genetic Map: -0.0003
Maximum Genetic Map: 1.2845
Gaps bigger than 0.1 cM: 225
Maximum Gap: 1.2355 cM
Loaded Transition and Emission Matrix:
(3, 3)
(5009, 15284)
Loaded Observations:
(2, 15284)
Memory Usage: 890.630144 mB
Reference Number: 5008
Total Log likelihood: -7457.271
Memory Usage: 890.630144 mB
Finished Calculation State Posteriors
Saved Zero State Posterior to ./Empirical/HO/Papuan_7/chr17/.
Successfully loaded for PP. from ./Empirical/HO/Papuan_7/chr17/
Fraction Markers in ROH: 0.4189
Merged n=0 gaps < 0.0 M
Called n=4 ROH Blocks > 1.0 cM
Longest Block: 1.642
Successfully saved to ./Empirical/HO/Papuan_7/chr17/roh.csv
Using Low-Mem Cython Linear Speed Up.
Loaded Pre Processing Model: SardHDF5
Loading Individual: Papuan_7

Loaded 1145647 variants
Loaded 4616 individuals
HDF5 loaded from ./Data/Marcus2019_1240k/mod_reich_sardinia_ancients_rev_mrg_dedup_3trm_anno.h5

Loaded 33917 variants
Loaded 2504 individuals
HDF5 loaded from ./Data/1000Genomes/HDF5/1240kHDF5/all1240/chr18.hdf5

Intersection on Positions: 33916
Nr of Matching Refs: 33774 / 33916
Full Intersection Ref/Alt Identical: 33746 / 33916
2504 / 2504 Individuals included in Reference
Extraction of 5008 Haplotypes Complete!
Markers called 17206 / 33746
Successfully saved to: ./Empirical/HO/Papuan_7/chr18/
Successfully loaded Data from: ./Empirical/HO/Papuan_7/chr18/
Loaded Emission Model: diploid_gt
Loaded Transition Model: model
Loaded Post Processing Model: Standard
Minimum Genetic Map: 0.0027
Maximum Genetic Map: 1.1771
Gaps bigger than 0.1 cM: 196
Maximum Gap: 0.8037 cM
Loaded Transition and Emission Matrix:
(3, 3)
(5009, 17206)
Loaded Observations:
(2, 17206)
Memory Usage: 977.281024 mB
Reference Number: 5008
Total Log likelihood: -7734.155
Memory Usage: 977.281024 mB
Finished Calculation State Posteriors
Saved Zero State Posterior to ./Empirical/HO/Papuan_7/chr18/.
Successfully loaded for PP. from ./Empirical/HO/Papuan_7/chr18/
Fraction Markers in ROH: 0.4812
Merged n=0 gaps < 0.0 M
Called n=7 ROH Blocks > 1.0 cM
Longest Block: 3.022
Successfully saved to ./Empirical/HO/Papuan_7/chr18/roh.csv
Using Low-Mem Cython Linear Speed Up.
Loaded Pre Processing Model: SardHDF5
Loading Individual: Papuan_7

Loaded 1145647 variants
Loaded 4616 individuals
HDF5 loaded from ./Data/Marcus2019_1240k/mod_reich_sardinia_ancients_rev_mrg_dedup_3trm_anno.h5

Loaded 18460 variants
Loaded 2504 individuals
HDF5 loaded from ./Data/1000Genomes/HDF5/1240kHDF5/all1240/chr19.hdf5

Intersection on Positions: 18459
Nr of Matching Refs: 18381 / 18459
Full Intersection Ref/Alt Identical: 18340 / 18459
2504 / 2504 Individuals included in Reference
Extraction of 5008 Haplotypes Complete!
Markers called 8734 / 18340
Successfully saved to: ./Empirical/HO/Papuan_7/chr19/
Successfully loaded Data from: ./Empirical/HO/Papuan_7/chr19/
Loaded Emission Model: diploid_gt
Loaded Transition Model: model
Loaded Post Processing Model: Standard
Minimum Genetic Map: 0.0000
Maximum Genetic Map: 1.0773
Gaps bigger than 0.1 cM: 285
Maximum Gap: 0.6354 cM
Loaded Transition and Emission Matrix:
(3, 3)
(5009, 8734)
Loaded Observations:
(2, 8734)
Memory Usage: 595.361792 mB
Reference Number: 5008
Total Log likelihood: -4501.045
Memory Usage: 595.361792 mB
Finished Calculation State Posteriors
Saved Zero State Posterior to ./Empirical/HO/Papuan_7/chr19/.
Successfully loaded for PP. from ./Empirical/HO/Papuan_7/chr19/
Fraction Markers in ROH: 0.3947
Merged n=0 gaps < 0.0 M
Called n=2 ROH Blocks > 1.0 cM
Longest Block: 2.825
Successfully saved to ./Empirical/HO/Papuan_7/chr19/roh.csv
Using Low-Mem Cython Linear Speed Up.
Loaded Pre Processing Model: SardHDF5
Loading Individual: Papuan_7

Loaded 1145647 variants
Loaded 4616 individuals
HDF5 loaded from ./Data/Marcus2019_1240k/mod_reich_sardinia_ancients_rev_mrg_dedup_3trm_anno.h5

Loaded 29078 variants
Loaded 2504 individuals
HDF5 loaded from ./Data/1000Genomes/HDF5/1240kHDF5/all1240/chr20.hdf5

Intersection on Positions: 29077
Nr of Matching Refs: 28908 / 29077
Full Intersection Ref/Alt Identical: 28864 / 29077
2504 / 2504 Individuals included in Reference
Extraction of 5008 Haplotypes Complete!
Markers called 15417 / 28864
Successfully saved to: ./Empirical/HO/Papuan_7/chr20/
Successfully loaded Data from: ./Empirical/HO/Papuan_7/chr20/
Loaded Emission Model: diploid_gt
Loaded Transition Model: model
Loaded Post Processing Model: Standard
Minimum Genetic Map: 0.0008
Maximum Genetic Map: 1.0821
Gaps bigger than 0.1 cM: 202
Maximum Gap: 0.4744 cM
Loaded Transition and Emission Matrix:
(3, 3)
(5009, 15417)
Loaded Observations:
(2, 15417)
Memory Usage: 896.630784 mB
Reference Number: 5008
Total Log likelihood: -7777.676
Memory Usage: 896.630784 mB
Finished Calculation State Posteriors
Saved Zero State Posterior to ./Empirical/HO/Papuan_7/chr20/.
Successfully loaded for PP. from ./Empirical/HO/Papuan_7/chr20/
Fraction Markers in ROH: 0.3765
Merged n=0 gaps < 0.0 M
Called n=3 ROH Blocks > 1.0 cM
Longest Block: 2.208
Successfully saved to ./Empirical/HO/Papuan_7/chr20/roh.csv
Using Low-Mem Cython Linear Speed Up.
Loaded Pre Processing Model: SardHDF5
Loading Individual: Papuan_7

Loaded 1145647 variants
Loaded 4616 individuals
HDF5 loaded from ./Data/Marcus2019_1240k/mod_reich_sardinia_ancients_rev_mrg_dedup_3trm_anno.h5

Loaded 16038 variants
Loaded 2504 individuals
HDF5 loaded from ./Data/1000Genomes/HDF5/1240kHDF5/all1240/chr21.hdf5

Intersection on Positions: 16036
Nr of Matching Refs: 15949 / 16036
Full Intersection Ref/Alt Identical: 15930 / 16036
2504 / 2504 Individuals included in Reference
Extraction of 5008 Haplotypes Complete!
Markers called 7930 / 15930
Successfully saved to: ./Empirical/HO/Papuan_7/chr21/
Successfully loaded Data from: ./Empirical/HO/Papuan_7/chr21/
Loaded Emission Model: diploid_gt
Loaded Transition Model: model
Loaded Post Processing Model: Standard
Minimum Genetic Map: 0.0145
Maximum Genetic Map: 0.6277
Gaps bigger than 0.1 cM: 119
Maximum Gap: 0.7121 cM
Loaded Transition and Emission Matrix:
(3, 3)
(5009, 7930)
Loaded Observations:
(2, 7930)
Memory Usage: 559.116288 mB
Reference Number: 5008
Total Log likelihood: -4188.803
Memory Usage: 559.116288 mB
Finished Calculation State Posteriors
Saved Zero State Posterior to ./Empirical/HO/Papuan_7/chr21/.
Successfully loaded for PP. from ./Empirical/HO/Papuan_7/chr21/
Fraction Markers in ROH: 0.4030
Merged n=0 gaps < 0.0 M
Called n=4 ROH Blocks > 1.0 cM
Longest Block: 1.781
Successfully saved to ./Empirical/HO/Papuan_7/chr21/roh.csv
Using Low-Mem Cython Linear Speed Up.
Loaded Pre Processing Model: SardHDF5
Loading Individual: Papuan_7

Loaded 1145647 variants
Loaded 4616 individuals
HDF5 loaded from ./Data/Marcus2019_1240k/mod_reich_sardinia_ancients_rev_mrg_dedup_3trm_anno.h5

Loaded 15802 variants
Loaded 2504 individuals
HDF5 loaded from ./Data/1000Genomes/HDF5/1240kHDF5/all1240/chr22.hdf5

Intersection on Positions: 15802
Nr of Matching Refs: 15704 / 15802
Full Intersection Ref/Alt Identical: 15684 / 15802
2504 / 2504 Individuals included in Reference
Extraction of 5008 Haplotypes Complete!
Markers called 7733 / 15684
Successfully saved to: ./Empirical/HO/Papuan_7/chr22/
Successfully loaded Data from: ./Empirical/HO/Papuan_7/chr22/
Loaded Emission Model: diploid_gt
Loaded Transition Model: model
Loaded Post Processing Model: Standard
Minimum Genetic Map: 0.0178
Maximum Genetic Map: 0.7408
Gaps bigger than 0.1 cM: 149
Maximum Gap: 1.7139 cM
Loaded Transition and Emission Matrix:
(3, 3)
(5009, 7733)
Loaded Observations:
(2, 7733)
Memory Usage: 550.23616 mB
Reference Number: 5008
Total Log likelihood: -3654.534
Memory Usage: 550.23616 mB
Finished Calculation State Posteriors
Saved Zero State Posterior to ./Empirical/HO/Papuan_7/chr22/.
Successfully loaded for PP. from ./Empirical/HO/Papuan_7/chr22/
Fraction Markers in ROH: 0.4322
Merged n=0 gaps < 0.0 M
Called n=2 ROH Blocks > 1.0 cM
Longest Block: 1.867
Successfully saved to ./Empirical/HO/Papuan_7/chr22/roh.csv
Run for Individual Papuan_7: Complete! Yeah!!
