Doing Individual Sindhi_7...
Using Low-Mem Cython Linear Speed Up.
Loaded Pre Processing Model: SardHDF5
Loading Individual: Sindhi_7

Loaded 1145647 variants
Loaded 4616 individuals
HDF5 loaded from ./Data/Marcus2019_1240k/mod_reich_sardinia_ancients_rev_mrg_dedup_3trm_anno.h5

Loaded 89147 variants
Loaded 2504 individuals
HDF5 loaded from ./Data/1000Genomes/HDF5/1240kHDF5/all1240/chr1.hdf5

Intersection on Positions: 89143
Nr of Matching Refs: 89143 / 89143
Full Intersection Ref/Alt Identical: 89079 / 89143
2504 / 2504 Individuals included in Reference
Extraction of 5008 Haplotypes Complete!
Markers called 47440 / 89079
Successfully saved to: ./Empirical/HO/Sindhi_7/chr1/
Successfully loaded Data from: ./Empirical/HO/Sindhi_7/chr1/
Loaded Emission Model: diploid_gt
Loaded Transition Model: model
Loaded Post Processing Model: Standard
Minimum Genetic Map: 0.0201
Maximum Genetic Map: 2.8623
Gaps bigger than 0.1 cM: 426
Maximum Gap: 3.9814 cM
Loaded Transition and Emission Matrix:
(3, 3)
(5009, 47440)
Loaded Observations:
(2, 47440)
Memory Usage: 2324.02944 mB
Reference Number: 5008
Total Log likelihood: -24312.133
Memory Usage: 2324.484096 mB
Finished Calculation State Posteriors
Saved Zero State Posterior to ./Empirical/HO/Sindhi_7/chr1/.
Successfully loaded for PP. from ./Empirical/HO/Sindhi_7/chr1/
Fraction Markers in ROH: 0.2523
Called n=0 ROH Blocks > 1.0 cM
Longest Block: nan
Successfully saved to ./Empirical/HO/Sindhi_7/chr1/roh.csv
Using Low-Mem Cython Linear Speed Up.
Loaded Pre Processing Model: SardHDF5
Loading Individual: Sindhi_7

Loaded 1145647 variants
Loaded 4616 individuals
HDF5 loaded from ./Data/Marcus2019_1240k/mod_reich_sardinia_ancients_rev_mrg_dedup_3trm_anno.h5

Loaded 94239 variants
Loaded 2504 individuals
HDF5 loaded from ./Data/1000Genomes/HDF5/1240kHDF5/all1240/chr2.hdf5

Intersection on Positions: 94237
Nr of Matching Refs: 94205 / 94237
Full Intersection Ref/Alt Identical: 94137 / 94237
2504 / 2504 Individuals included in Reference
Extraction of 5008 Haplotypes Complete!
Markers called 48974 / 94137
Successfully saved to: ./Empirical/HO/Sindhi_7/chr2/
Successfully loaded Data from: ./Empirical/HO/Sindhi_7/chr2/
Loaded Emission Model: diploid_gt
Loaded Transition Model: model
Loaded Post Processing Model: Standard
Minimum Genetic Map: 0.0001
Maximum Genetic Map: 2.6883
Gaps bigger than 0.1 cM: 396
Maximum Gap: 2.0159 cM
Loaded Transition and Emission Matrix:
(3, 3)
(5009, 48974)
Loaded Observations:
(2, 48974)
Memory Usage: 2395.561984 mB
Reference Number: 5008
Total Log likelihood: -25101.527
Memory Usage: 2395.561984 mB
Finished Calculation State Posteriors
Saved Zero State Posterior to ./Empirical/HO/Sindhi_7/chr2/.
Successfully loaded for PP. from ./Empirical/HO/Sindhi_7/chr2/
Fraction Markers in ROH: 0.2674
Called n=0 ROH Blocks > 1.0 cM
Longest Block: nan
Successfully saved to ./Empirical/HO/Sindhi_7/chr2/roh.csv
Using Low-Mem Cython Linear Speed Up.
Loaded Pre Processing Model: SardHDF5
Loading Individual: Sindhi_7

Loaded 1145647 variants
Loaded 4616 individuals
HDF5 loaded from ./Data/Marcus2019_1240k/mod_reich_sardinia_ancients_rev_mrg_dedup_3trm_anno.h5

Loaded 77652 variants
Loaded 2504 individuals
HDF5 loaded from ./Data/1000Genomes/HDF5/1240kHDF5/all1240/chr3.hdf5

Intersection on Positions: 77650
Nr of Matching Refs: 77606 / 77650
Full Intersection Ref/Alt Identical: 77553 / 77650
2504 / 2504 Individuals included in Reference
Extraction of 5008 Haplotypes Complete!
Markers called 40595 / 77553
Successfully saved to: ./Empirical/HO/Sindhi_7/chr3/
Successfully loaded Data from: ./Empirical/HO/Sindhi_7/chr3/
Loaded Emission Model: diploid_gt
Loaded Transition Model: model
Loaded Post Processing Model: Standard
Minimum Genetic Map: 0.0002
Maximum Genetic Map: 2.2326
Gaps bigger than 0.1 cM: 341
Maximum Gap: 0.4179 cM
Loaded Transition and Emission Matrix:
(3, 3)
(5009, 40595)
Loaded Observations:
(2, 40595)
Memory Usage: 2018.107392 mB
Reference Number: 5008
Total Log likelihood: -20210.645
Memory Usage: 2018.107392 mB
Finished Calculation State Posteriors
Saved Zero State Posterior to ./Empirical/HO/Sindhi_7/chr3/.
Successfully loaded for PP. from ./Empirical/HO/Sindhi_7/chr3/
Fraction Markers in ROH: 0.2853
Called n=0 ROH Blocks > 1.0 cM
Longest Block: nan
Successfully saved to ./Empirical/HO/Sindhi_7/chr3/roh.csv
Using Low-Mem Cython Linear Speed Up.
Loaded Pre Processing Model: SardHDF5
Loading Individual: Sindhi_7

Loaded 1145647 variants
Loaded 4616 individuals
HDF5 loaded from ./Data/Marcus2019_1240k/mod_reich_sardinia_ancients_rev_mrg_dedup_3trm_anno.h5

Loaded 68759 variants
Loaded 2504 individuals
HDF5 loaded from ./Data/1000Genomes/HDF5/1240kHDF5/all1240/chr4.hdf5

Intersection on Positions: 68759
Nr of Matching Refs: 68709 / 68759
Full Intersection Ref/Alt Identical: 68663 / 68759
2504 / 2504 Individuals included in Reference
Extraction of 5008 Haplotypes Complete!
Markers called 34048 / 68663
Successfully saved to: ./Empirical/HO/Sindhi_7/chr4/
Successfully loaded Data from: ./Empirical/HO/Sindhi_7/chr4/
Loaded Emission Model: diploid_gt
Loaded Transition Model: model
Loaded Post Processing Model: Standard
Minimum Genetic Map: 0.0034
Maximum Genetic Map: 2.1454
Gaps bigger than 0.1 cM: 333
Maximum Gap: 2.1375 cM
Loaded Transition and Emission Matrix:
(3, 3)
(5009, 34048)
Loaded Observations:
(2, 34048)
Memory Usage: 1722.851328 mB
Reference Number: 5008
Total Log likelihood: -17431.831
Memory Usage: 1722.851328 mB
Finished Calculation State Posteriors
Saved Zero State Posterior to ./Empirical/HO/Sindhi_7/chr4/.
Successfully loaded for PP. from ./Empirical/HO/Sindhi_7/chr4/
Fraction Markers in ROH: 0.2665
Called n=0 ROH Blocks > 1.0 cM
Longest Block: nan
Successfully saved to ./Empirical/HO/Sindhi_7/chr4/roh.csv
Using Low-Mem Cython Linear Speed Up.
Loaded Pre Processing Model: SardHDF5
Loading Individual: Sindhi_7

Loaded 1145647 variants
Loaded 4616 individuals
HDF5 loaded from ./Data/Marcus2019_1240k/mod_reich_sardinia_ancients_rev_mrg_dedup_3trm_anno.h5

Loaded 69399 variants
Loaded 2504 individuals
HDF5 loaded from ./Data/1000Genomes/HDF5/1240kHDF5/all1240/chr5.hdf5

Intersection on Positions: 69394
Nr of Matching Refs: 69307 / 69394
Full Intersection Ref/Alt Identical: 69252 / 69394
2504 / 2504 Individuals included in Reference
Extraction of 5008 Haplotypes Complete!
Markers called 34152 / 69252
Successfully saved to: ./Empirical/HO/Sindhi_7/chr5/
Successfully loaded Data from: ./Empirical/HO/Sindhi_7/chr5/
Loaded Emission Model: diploid_gt
Loaded Transition Model: model
Loaded Post Processing Model: Standard
Minimum Genetic Map: 0.0004
Maximum Genetic Map: 2.0409
Gaps bigger than 0.1 cM: 339
Maximum Gap: 1.0498 cM
Loaded Transition and Emission Matrix:
(3, 3)
(5009, 34152)
Loaded Observations:
(2, 34152)
Memory Usage: 1727.561728 mB
Reference Number: 5008
Total Log likelihood: -17365.114
Memory Usage: 1727.561728 mB
Finished Calculation State Posteriors
Saved Zero State Posterior to ./Empirical/HO/Sindhi_7/chr5/.
Successfully loaded for PP. from ./Empirical/HO/Sindhi_7/chr5/
Fraction Markers in ROH: 0.2699
Called n=0 ROH Blocks > 1.0 cM
Longest Block: nan
Successfully saved to ./Empirical/HO/Sindhi_7/chr5/roh.csv
Using Low-Mem Cython Linear Speed Up.
Loaded Pre Processing Model: SardHDF5
Loading Individual: Sindhi_7

Loaded 1145647 variants
Loaded 4616 individuals
HDF5 loaded from ./Data/Marcus2019_1240k/mod_reich_sardinia_ancients_rev_mrg_dedup_3trm_anno.h5

Loaded 75870 variants
Loaded 2504 individuals
HDF5 loaded from ./Data/1000Genomes/HDF5/1240kHDF5/all1240/chr6.hdf5

Intersection on Positions: 75866
Nr of Matching Refs: 75743 / 75866
Full Intersection Ref/Alt Identical: 75675 / 75866
2504 / 2504 Individuals included in Reference
Extraction of 5008 Haplotypes Complete!
Markers called 33970 / 75675
Successfully saved to: ./Empirical/HO/Sindhi_7/chr6/
Successfully loaded Data from: ./Empirical/HO/Sindhi_7/chr6/
Loaded Emission Model: diploid_gt
Loaded Transition Model: model
Loaded Post Processing Model: Standard
Minimum Genetic Map: 0.0035
Maximum Genetic Map: 1.9203
Gaps bigger than 0.1 cM: 287
Maximum Gap: 0.5072 cM
Loaded Transition and Emission Matrix:
(3, 3)
(5009, 33970)
Loaded Observations:
(2, 33970)
Memory Usage: 1719.382016 mB
Reference Number: 5008
Total Log likelihood: -17629.119
Memory Usage: 1719.382016 mB
Finished Calculation State Posteriors
Saved Zero State Posterior to ./Empirical/HO/Sindhi_7/chr6/.
Successfully loaded for PP. from ./Empirical/HO/Sindhi_7/chr6/
Fraction Markers in ROH: 0.2509
Called n=0 ROH Blocks > 1.0 cM
Longest Block: nan
Successfully saved to ./Empirical/HO/Sindhi_7/chr6/roh.csv
Using Low-Mem Cython Linear Speed Up.
Loaded Pre Processing Model: SardHDF5
Loading Individual: Sindhi_7

Loaded 1145647 variants
Loaded 4616 individuals
HDF5 loaded from ./Data/Marcus2019_1240k/mod_reich_sardinia_ancients_rev_mrg_dedup_3trm_anno.h5

Loaded 59890 variants
Loaded 2504 individuals
HDF5 loaded from ./Data/1000Genomes/HDF5/1240kHDF5/all1240/chr7.hdf5

Intersection on Positions: 59889
Nr of Matching Refs: 59781 / 59889
Full Intersection Ref/Alt Identical: 59715 / 59889
2504 / 2504 Individuals included in Reference
Extraction of 5008 Haplotypes Complete!
Markers called 28694 / 59715
Successfully saved to: ./Empirical/HO/Sindhi_7/chr7/
Successfully loaded Data from: ./Empirical/HO/Sindhi_7/chr7/
Loaded Emission Model: diploid_gt
Loaded Transition Model: model
Loaded Post Processing Model: Standard
Minimum Genetic Map: 0.0000
Maximum Genetic Map: 1.8715
Gaps bigger than 0.1 cM: 325
Maximum Gap: 1.0884 cM
Loaded Transition and Emission Matrix:
(3, 3)
(5009, 28694)
Loaded Observations:
(2, 28694)
Memory Usage: 1481.547776 mB
Reference Number: 5008
Total Log likelihood: -15203.601
Memory Usage: 1481.547776 mB
Finished Calculation State Posteriors
Saved Zero State Posterior to ./Empirical/HO/Sindhi_7/chr7/.
Successfully loaded for PP. from ./Empirical/HO/Sindhi_7/chr7/
Fraction Markers in ROH: 0.2387
Called n=0 ROH Blocks > 1.0 cM
Longest Block: nan
Successfully saved to ./Empirical/HO/Sindhi_7/chr7/roh.csv
Using Low-Mem Cython Linear Speed Up.
Loaded Pre Processing Model: SardHDF5
Loading Individual: Sindhi_7

Loaded 1145647 variants
Loaded 4616 individuals
HDF5 loaded from ./Data/Marcus2019_1240k/mod_reich_sardinia_ancients_rev_mrg_dedup_3trm_anno.h5

Loaded 61133 variants
Loaded 2504 individuals
HDF5 loaded from ./Data/1000Genomes/HDF5/1240kHDF5/all1240/chr8.hdf5

Intersection on Positions: 61130
Nr of Matching Refs: 61022 / 61130
Full Intersection Ref/Alt Identical: 60960 / 61130
2504 / 2504 Individuals included in Reference
Extraction of 5008 Haplotypes Complete!
Markers called 28460 / 60960
Successfully saved to: ./Empirical/HO/Sindhi_7/chr8/
Successfully loaded Data from: ./Empirical/HO/Sindhi_7/chr8/
Loaded Emission Model: diploid_gt
Loaded Transition Model: model
Loaded Post Processing Model: Standard
Minimum Genetic Map: 0.0001
Maximum Genetic Map: 1.6800
Gaps bigger than 0.1 cM: 255
Maximum Gap: 3.5052 cM
Loaded Transition and Emission Matrix:
(3, 3)
(5009, 28460)
Loaded Observations:
(2, 28460)
Memory Usage: 1484.181504 mB
Reference Number: 5008
Total Log likelihood: -14595.392
Memory Usage: 1484.181504 mB
Finished Calculation State Posteriors
Saved Zero State Posterior to ./Empirical/HO/Sindhi_7/chr8/.
Successfully loaded for PP. from ./Empirical/HO/Sindhi_7/chr8/
Fraction Markers in ROH: 0.2564
Called n=0 ROH Blocks > 1.0 cM
Longest Block: nan
Successfully saved to ./Empirical/HO/Sindhi_7/chr8/roh.csv
Using Low-Mem Cython Linear Speed Up.
Loaded Pre Processing Model: SardHDF5
Loading Individual: Sindhi_7

Loaded 1145647 variants
Loaded 4616 individuals
HDF5 loaded from ./Data/Marcus2019_1240k/mod_reich_sardinia_ancients_rev_mrg_dedup_3trm_anno.h5

Loaded 50668 variants
Loaded 2504 individuals
HDF5 loaded from ./Data/1000Genomes/HDF5/1240kHDF5/all1240/chr9.hdf5

Intersection on Positions: 50668
Nr of Matching Refs: 50539 / 50668
Full Intersection Ref/Alt Identical: 50493 / 50668
2504 / 2504 Individuals included in Reference
Extraction of 5008 Haplotypes Complete!
Markers called 23680 / 50493
Successfully saved to: ./Empirical/HO/Sindhi_7/chr9/
Successfully loaded Data from: ./Empirical/HO/Sindhi_7/chr9/
Loaded Emission Model: diploid_gt
Loaded Transition Model: model
Loaded Post Processing Model: Standard
Minimum Genetic Map: 0.0016
Maximum Genetic Map: 1.6630
Gaps bigger than 0.1 cM: 299
Maximum Gap: 2.3454 cM
Loaded Transition and Emission Matrix:
(3, 3)
(5009, 23680)
Loaded Observations:
(2, 23680)
Memory Usage: 1268.703232 mB
Reference Number: 5008
Total Log likelihood: -12441.707
Memory Usage: 1268.703232 mB
Finished Calculation State Posteriors
Saved Zero State Posterior to ./Empirical/HO/Sindhi_7/chr9/.
Successfully loaded for PP. from ./Empirical/HO/Sindhi_7/chr9/
Fraction Markers in ROH: 0.2463
Called n=0 ROH Blocks > 1.0 cM
Longest Block: nan
Successfully saved to ./Empirical/HO/Sindhi_7/chr9/roh.csv
Using Low-Mem Cython Linear Speed Up.
Loaded Pre Processing Model: SardHDF5
Loading Individual: Sindhi_7

Loaded 1145647 variants
Loaded 4616 individuals
HDF5 loaded from ./Data/Marcus2019_1240k/mod_reich_sardinia_ancients_rev_mrg_dedup_3trm_anno.h5

Loaded 58804 variants
Loaded 2504 individuals
HDF5 loaded from ./Data/1000Genomes/HDF5/1240kHDF5/all1240/chr10.hdf5

Intersection on Positions: 58803
Nr of Matching Refs: 58657 / 58803
Full Intersection Ref/Alt Identical: 58591 / 58803
2504 / 2504 Individuals included in Reference
Extraction of 5008 Haplotypes Complete!
Markers called 30506 / 58591
Successfully saved to: ./Empirical/HO/Sindhi_7/chr10/
Successfully loaded Data from: ./Empirical/HO/Sindhi_7/chr10/
Loaded Emission Model: diploid_gt
Loaded Transition Model: model
Loaded Post Processing Model: Standard
Minimum Genetic Map: 0.0001
Maximum Genetic Map: 1.8089
Gaps bigger than 0.1 cM: 263
Maximum Gap: 2.0338 cM
Loaded Transition and Emission Matrix:
(3, 3)
(5009, 30506)
Loaded Observations:
(2, 30506)
Memory Usage: 1576.419328 mB
Reference Number: 5008
Total Log likelihood: -16120.929
Memory Usage: 1576.419328 mB
Finished Calculation State Posteriors
Saved Zero State Posterior to ./Empirical/HO/Sindhi_7/chr10/.
Successfully loaded for PP. from ./Empirical/HO/Sindhi_7/chr10/
Fraction Markers in ROH: 0.2522
Called n=0 ROH Blocks > 1.0 cM
Longest Block: nan
Successfully saved to ./Empirical/HO/Sindhi_7/chr10/roh.csv
Using Low-Mem Cython Linear Speed Up.
Loaded Pre Processing Model: SardHDF5
Loading Individual: Sindhi_7

Loaded 1145647 variants
Loaded 4616 individuals
HDF5 loaded from ./Data/Marcus2019_1240k/mod_reich_sardinia_ancients_rev_mrg_dedup_3trm_anno.h5

Loaded 54833 variants
Loaded 2504 individuals
HDF5 loaded from ./Data/1000Genomes/HDF5/1240kHDF5/all1240/chr11.hdf5

Intersection on Positions: 54831
Nr of Matching Refs: 54669 / 54831
Full Intersection Ref/Alt Identical: 54616 / 54831
2504 / 2504 Individuals included in Reference
Extraction of 5008 Haplotypes Complete!
Markers called 28069 / 54616
Successfully saved to: ./Empirical/HO/Sindhi_7/chr11/
Successfully loaded Data from: ./Empirical/HO/Sindhi_7/chr11/
Loaded Emission Model: diploid_gt
Loaded Transition Model: model
Loaded Post Processing Model: Standard
Minimum Genetic Map: 0.0000
Maximum Genetic Map: 1.5822
Gaps bigger than 0.1 cM: 247
Maximum Gap: 0.5683 cM
Loaded Transition and Emission Matrix:
(3, 3)
(5009, 28069)
Loaded Observations:
(2, 28069)
Memory Usage: 1466.556416 mB
Reference Number: 5008
Total Log likelihood: -14272.611
Memory Usage: 1466.556416 mB
Finished Calculation State Posteriors
Saved Zero State Posterior to ./Empirical/HO/Sindhi_7/chr11/.
Successfully loaded for PP. from ./Empirical/HO/Sindhi_7/chr11/
Fraction Markers in ROH: 0.2794
Called n=0 ROH Blocks > 1.0 cM
Longest Block: nan
Successfully saved to ./Empirical/HO/Sindhi_7/chr11/roh.csv
Using Low-Mem Cython Linear Speed Up.
Loaded Pre Processing Model: SardHDF5
Loading Individual: Sindhi_7

Loaded 1145647 variants
Loaded 4616 individuals
HDF5 loaded from ./Data/Marcus2019_1240k/mod_reich_sardinia_ancients_rev_mrg_dedup_3trm_anno.h5

Loaded 53911 variants
Loaded 2504 individuals
HDF5 loaded from ./Data/1000Genomes/HDF5/1240kHDF5/all1240/chr12.hdf5

Intersection on Positions: 53911
Nr of Matching Refs: 53713 / 53911
Full Intersection Ref/Alt Identical: 53672 / 53911
2504 / 2504 Individuals included in Reference
Extraction of 5008 Haplotypes Complete!
Markers called 27289 / 53672
Successfully saved to: ./Empirical/HO/Sindhi_7/chr12/
Successfully loaded Data from: ./Empirical/HO/Sindhi_7/chr12/
Loaded Emission Model: diploid_gt
Loaded Transition Model: model
Loaded Post Processing Model: Standard
Minimum Genetic Map: 0.0009
Maximum Genetic Map: 1.7468
Gaps bigger than 0.1 cM: 288
Maximum Gap: 0.8015 cM
Loaded Transition and Emission Matrix:
(3, 3)
(5009, 27289)
Loaded Observations:
(2, 27289)
Memory Usage: 1431.404544 mB
Reference Number: 5008
Total Log likelihood: -14816.081
Memory Usage: 1431.404544 mB
Finished Calculation State Posteriors
Saved Zero State Posterior to ./Empirical/HO/Sindhi_7/chr12/.
Successfully loaded for PP. from ./Empirical/HO/Sindhi_7/chr12/
Fraction Markers in ROH: 0.2084
Called n=0 ROH Blocks > 1.0 cM
Longest Block: nan
Successfully saved to ./Empirical/HO/Sindhi_7/chr12/roh.csv
Using Low-Mem Cython Linear Speed Up.
Loaded Pre Processing Model: SardHDF5
Loading Individual: Sindhi_7

Loaded 1145647 variants
Loaded 4616 individuals
HDF5 loaded from ./Data/Marcus2019_1240k/mod_reich_sardinia_ancients_rev_mrg_dedup_3trm_anno.h5

Loaded 39018 variants
Loaded 2504 individuals
HDF5 loaded from ./Data/1000Genomes/HDF5/1240kHDF5/all1240/chr13.hdf5

Intersection on Positions: 39015
Nr of Matching Refs: 38885 / 39015
Full Intersection Ref/Alt Identical: 38841 / 39015
2504 / 2504 Individuals included in Reference
Extraction of 5008 Haplotypes Complete!
Markers called 17865 / 38841
Successfully saved to: ./Empirical/HO/Sindhi_7/chr13/
Successfully loaded Data from: ./Empirical/HO/Sindhi_7/chr13/
Loaded Emission Model: diploid_gt
Loaded Transition Model: model
Loaded Post Processing Model: Standard
Minimum Genetic Map: 0.0028
Maximum Genetic Map: 1.2570
Gaps bigger than 0.1 cM: 230
Maximum Gap: 1.2234 cM
Loaded Transition and Emission Matrix:
(3, 3)
(5009, 17865)
Loaded Observations:
(2, 17865)
Memory Usage: 1006.567424 mB
Reference Number: 5008
Total Log likelihood: -9716.537
Memory Usage: 1006.567424 mB
Finished Calculation State Posteriors
Saved Zero State Posterior to ./Empirical/HO/Sindhi_7/chr13/.
Successfully loaded for PP. from ./Empirical/HO/Sindhi_7/chr13/
Fraction Markers in ROH: 0.2142
Called n=0 ROH Blocks > 1.0 cM
Longest Block: nan
Successfully saved to ./Empirical/HO/Sindhi_7/chr13/roh.csv
Using Low-Mem Cython Linear Speed Up.
Loaded Pre Processing Model: SardHDF5
Loading Individual: Sindhi_7

Loaded 1145647 variants
Loaded 4616 individuals
HDF5 loaded from ./Data/Marcus2019_1240k/mod_reich_sardinia_ancients_rev_mrg_dedup_3trm_anno.h5

Loaded 36301 variants
Loaded 2504 individuals
HDF5 loaded from ./Data/1000Genomes/HDF5/1240kHDF5/all1240/chr14.hdf5

Intersection on Positions: 36301
Nr of Matching Refs: 36166 / 36301
Full Intersection Ref/Alt Identical: 36126 / 36301
2504 / 2504 Individuals included in Reference
Extraction of 5008 Haplotypes Complete!
Markers called 18689 / 36126
Successfully saved to: ./Empirical/HO/Sindhi_7/chr14/
Successfully loaded Data from: ./Empirical/HO/Sindhi_7/chr14/
Loaded Emission Model: diploid_gt
Loaded Transition Model: model
Loaded Post Processing Model: Standard
Minimum Genetic Map: 0.0184
Maximum Genetic Map: 1.2020
Gaps bigger than 0.1 cM: 193
Maximum Gap: 3.5856 cM
Loaded Transition and Emission Matrix:
(3, 3)
(5009, 18689)
Loaded Observations:
(2, 18689)
Memory Usage: 1043.718144 mB
Reference Number: 5008
Total Log likelihood: -9598.830
Memory Usage: 1043.718144 mB
Finished Calculation State Posteriors
Saved Zero State Posterior to ./Empirical/HO/Sindhi_7/chr14/.
Successfully loaded for PP. from ./Empirical/HO/Sindhi_7/chr14/
Fraction Markers in ROH: 0.2701
Called n=0 ROH Blocks > 1.0 cM
Longest Block: nan
Successfully saved to ./Empirical/HO/Sindhi_7/chr14/roh.csv
Using Low-Mem Cython Linear Speed Up.
Loaded Pre Processing Model: SardHDF5
Loading Individual: Sindhi_7

Loaded 1145647 variants
Loaded 4616 individuals
HDF5 loaded from ./Data/Marcus2019_1240k/mod_reich_sardinia_ancients_rev_mrg_dedup_3trm_anno.h5

Loaded 34429 variants
Loaded 2504 individuals
HDF5 loaded from ./Data/1000Genomes/HDF5/1240kHDF5/all1240/chr15.hdf5

Intersection on Positions: 34425
Nr of Matching Refs: 34285 / 34425
Full Intersection Ref/Alt Identical: 34249 / 34425
2504 / 2504 Individuals included in Reference
Extraction of 5008 Haplotypes Complete!
Markers called 18051 / 34249
Successfully saved to: ./Empirical/HO/Sindhi_7/chr15/
Successfully loaded Data from: ./Empirical/HO/Sindhi_7/chr15/
Loaded Emission Model: diploid_gt
Loaded Transition Model: model
Loaded Post Processing Model: Standard
Minimum Genetic Map: 0.0002
Maximum Genetic Map: 1.4133
Gaps bigger than 0.1 cM: 203
Maximum Gap: 13.7876 cM
Loaded Transition and Emission Matrix:
(3, 3)
(5009, 18051)
Loaded Observations:
(2, 18051)
Memory Usage: 1014.956032 mB
Reference Number: 5008
Total Log likelihood: -9252.031
Memory Usage: 1014.956032 mB
Finished Calculation State Posteriors
Saved Zero State Posterior to ./Empirical/HO/Sindhi_7/chr15/.
Successfully loaded for PP. from ./Empirical/HO/Sindhi_7/chr15/
Fraction Markers in ROH: 0.2626
Merged n=0 gaps < 0.0 M
Called n=1 ROH Blocks > 1.0 cM
Longest Block: 4.586
Successfully saved to ./Empirical/HO/Sindhi_7/chr15/roh.csv
Using Low-Mem Cython Linear Speed Up.
Loaded Pre Processing Model: SardHDF5
Loading Individual: Sindhi_7

Loaded 1145647 variants
Loaded 4616 individuals
HDF5 loaded from ./Data/Marcus2019_1240k/mod_reich_sardinia_ancients_rev_mrg_dedup_3trm_anno.h5

Loaded 34402 variants
Loaded 2504 individuals
HDF5 loaded from ./Data/1000Genomes/HDF5/1240kHDF5/all1240/chr16.hdf5

Intersection on Positions: 34399
Nr of Matching Refs: 34254 / 34399
Full Intersection Ref/Alt Identical: 34201 / 34399
2504 / 2504 Individuals included in Reference
Extraction of 5008 Haplotypes Complete!
Markers called 18261 / 34201
Successfully saved to: ./Empirical/HO/Sindhi_7/chr16/
Successfully loaded Data from: ./Empirical/HO/Sindhi_7/chr16/
Loaded Emission Model: diploid_gt
Loaded Transition Model: model
Loaded Post Processing Model: Standard
Minimum Genetic Map: 0.0001
Maximum Genetic Map: 1.3402
Gaps bigger than 0.1 cM: 229
Maximum Gap: 0.9354 cM
Loaded Transition and Emission Matrix:
(3, 3)
(5009, 18261)
Loaded Observations:
(2, 18261)
Memory Usage: 1024.65536 mB
Reference Number: 5008
Total Log likelihood: -9911.745
Memory Usage: 1024.65536 mB
Finished Calculation State Posteriors
Saved Zero State Posterior to ./Empirical/HO/Sindhi_7/chr16/.
Successfully loaded for PP. from ./Empirical/HO/Sindhi_7/chr16/
Fraction Markers in ROH: 0.2280
Called n=0 ROH Blocks > 1.0 cM
Longest Block: nan
Successfully saved to ./Empirical/HO/Sindhi_7/chr16/roh.csv
Using Low-Mem Cython Linear Speed Up.
Loaded Pre Processing Model: SardHDF5
Loading Individual: Sindhi_7

Loaded 1145647 variants
Loaded 4616 individuals
HDF5 loaded from ./Data/Marcus2019_1240k/mod_reich_sardinia_ancients_rev_mrg_dedup_3trm_anno.h5

Loaded 29314 variants
Loaded 2504 individuals
HDF5 loaded from ./Data/1000Genomes/HDF5/1240kHDF5/all1240/chr17.hdf5

Intersection on Positions: 29313
Nr of Matching Refs: 29159 / 29313
Full Intersection Ref/Alt Identical: 29124 / 29313
2504 / 2504 Individuals included in Reference
Extraction of 5008 Haplotypes Complete!
Markers called 15235 / 29124
Successfully saved to: ./Empirical/HO/Sindhi_7/chr17/
Successfully loaded Data from: ./Empirical/HO/Sindhi_7/chr17/
Loaded Emission Model: diploid_gt
Loaded Transition Model: model
Loaded Post Processing Model: Standard
Minimum Genetic Map: -0.0003
Maximum Genetic Map: 1.2845
Gaps bigger than 0.1 cM: 226
Maximum Gap: 1.2355 cM
Loaded Transition and Emission Matrix:
(3, 3)
(5009, 15235)
Loaded Observations:
(2, 15235)
Memory Usage: 888.246272 mB
Reference Number: 5008
Total Log likelihood: -8193.238
Memory Usage: 888.246272 mB
Finished Calculation State Posteriors
Saved Zero State Posterior to ./Empirical/HO/Sindhi_7/chr17/.
Successfully loaded for PP. from ./Empirical/HO/Sindhi_7/chr17/
Fraction Markers in ROH: 0.2029
Called n=0 ROH Blocks > 1.0 cM
Longest Block: nan
Successfully saved to ./Empirical/HO/Sindhi_7/chr17/roh.csv
Using Low-Mem Cython Linear Speed Up.
Loaded Pre Processing Model: SardHDF5
Loading Individual: Sindhi_7

Loaded 1145647 variants
Loaded 4616 individuals
HDF5 loaded from ./Data/Marcus2019_1240k/mod_reich_sardinia_ancients_rev_mrg_dedup_3trm_anno.h5

Loaded 33917 variants
Loaded 2504 individuals
HDF5 loaded from ./Data/1000Genomes/HDF5/1240kHDF5/all1240/chr18.hdf5

Intersection on Positions: 33916
Nr of Matching Refs: 33774 / 33916
Full Intersection Ref/Alt Identical: 33746 / 33916
2504 / 2504 Individuals included in Reference
Extraction of 5008 Haplotypes Complete!
Markers called 17156 / 33746
Successfully saved to: ./Empirical/HO/Sindhi_7/chr18/
Successfully loaded Data from: ./Empirical/HO/Sindhi_7/chr18/
Loaded Emission Model: diploid_gt
Loaded Transition Model: model
Loaded Post Processing Model: Standard
Minimum Genetic Map: 0.0027
Maximum Genetic Map: 1.1771
Gaps bigger than 0.1 cM: 195
Maximum Gap: 0.8037 cM
Loaded Transition and Emission Matrix:
(3, 3)
(5009, 17156)
Loaded Observations:
(2, 17156)
Memory Usage: 974.852096 mB
Reference Number: 5008
Total Log likelihood: -8920.544
Memory Usage: 974.852096 mB
Finished Calculation State Posteriors
Saved Zero State Posterior to ./Empirical/HO/Sindhi_7/chr18/.
Successfully loaded for PP. from ./Empirical/HO/Sindhi_7/chr18/
Fraction Markers in ROH: 0.2357
Merged n=0 gaps < 0.0 M
Called n=1 ROH Blocks > 1.0 cM
Longest Block: 1.294
Successfully saved to ./Empirical/HO/Sindhi_7/chr18/roh.csv
Using Low-Mem Cython Linear Speed Up.
Loaded Pre Processing Model: SardHDF5
Loading Individual: Sindhi_7

Loaded 1145647 variants
Loaded 4616 individuals
HDF5 loaded from ./Data/Marcus2019_1240k/mod_reich_sardinia_ancients_rev_mrg_dedup_3trm_anno.h5

Loaded 18460 variants
Loaded 2504 individuals
HDF5 loaded from ./Data/1000Genomes/HDF5/1240kHDF5/all1240/chr19.hdf5

Intersection on Positions: 18459
Nr of Matching Refs: 18381 / 18459
Full Intersection Ref/Alt Identical: 18340 / 18459
2504 / 2504 Individuals included in Reference
Extraction of 5008 Haplotypes Complete!
Markers called 8695 / 18340
Successfully saved to: ./Empirical/HO/Sindhi_7/chr19/
Successfully loaded Data from: ./Empirical/HO/Sindhi_7/chr19/
Loaded Emission Model: diploid_gt
Loaded Transition Model: model
Loaded Post Processing Model: Standard
Minimum Genetic Map: 0.0000
Maximum Genetic Map: 1.0773
Gaps bigger than 0.1 cM: 285
Maximum Gap: 0.6354 cM
Loaded Transition and Emission Matrix:
(3, 3)
(5009, 8695)
Loaded Observations:
(2, 8695)
Memory Usage: 593.432576 mB
Reference Number: 5008
Total Log likelihood: -4797.508
Memory Usage: 593.432576 mB
Finished Calculation State Posteriors
Saved Zero State Posterior to ./Empirical/HO/Sindhi_7/chr19/.
Successfully loaded for PP. from ./Empirical/HO/Sindhi_7/chr19/
Fraction Markers in ROH: 0.2079
Called n=0 ROH Blocks > 1.0 cM
Longest Block: nan
Successfully saved to ./Empirical/HO/Sindhi_7/chr19/roh.csv
Using Low-Mem Cython Linear Speed Up.
Loaded Pre Processing Model: SardHDF5
Loading Individual: Sindhi_7

Loaded 1145647 variants
Loaded 4616 individuals
HDF5 loaded from ./Data/Marcus2019_1240k/mod_reich_sardinia_ancients_rev_mrg_dedup_3trm_anno.h5

Loaded 29078 variants
Loaded 2504 individuals
HDF5 loaded from ./Data/1000Genomes/HDF5/1240kHDF5/all1240/chr20.hdf5

Intersection on Positions: 29077
Nr of Matching Refs: 28908 / 29077
Full Intersection Ref/Alt Identical: 28864 / 29077
2504 / 2504 Individuals included in Reference
Extraction of 5008 Haplotypes Complete!
Markers called 15365 / 28864
Successfully saved to: ./Empirical/HO/Sindhi_7/chr20/
Successfully loaded Data from: ./Empirical/HO/Sindhi_7/chr20/
Loaded Emission Model: diploid_gt
Loaded Transition Model: model
Loaded Post Processing Model: Standard
Minimum Genetic Map: 0.0008
Maximum Genetic Map: 1.0821
Gaps bigger than 0.1 cM: 203
Maximum Gap: 0.4744 cM
Loaded Transition and Emission Matrix:
(3, 3)
(5009, 15365)
Loaded Observations:
(2, 15365)
Memory Usage: 894.124032 mB
Reference Number: 5008
Total Log likelihood: -8158.763
Memory Usage: 894.124032 mB
Finished Calculation State Posteriors
Saved Zero State Posterior to ./Empirical/HO/Sindhi_7/chr20/.
Successfully loaded for PP. from ./Empirical/HO/Sindhi_7/chr20/
Fraction Markers in ROH: 0.2156
Called n=0 ROH Blocks > 1.0 cM
Longest Block: nan
Successfully saved to ./Empirical/HO/Sindhi_7/chr20/roh.csv
Using Low-Mem Cython Linear Speed Up.
Loaded Pre Processing Model: SardHDF5
Loading Individual: Sindhi_7

Loaded 1145647 variants
Loaded 4616 individuals
HDF5 loaded from ./Data/Marcus2019_1240k/mod_reich_sardinia_ancients_rev_mrg_dedup_3trm_anno.h5

Loaded 16038 variants
Loaded 2504 individuals
HDF5 loaded from ./Data/1000Genomes/HDF5/1240kHDF5/all1240/chr21.hdf5

Intersection on Positions: 16036
Nr of Matching Refs: 15949 / 16036
Full Intersection Ref/Alt Identical: 15930 / 16036
2504 / 2504 Individuals included in Reference
Extraction of 5008 Haplotypes Complete!
Markers called 7913 / 15930
Successfully saved to: ./Empirical/HO/Sindhi_7/chr21/
Successfully loaded Data from: ./Empirical/HO/Sindhi_7/chr21/
Loaded Emission Model: diploid_gt
Loaded Transition Model: model
Loaded Post Processing Model: Standard
Minimum Genetic Map: 0.0145
Maximum Genetic Map: 0.6277
Gaps bigger than 0.1 cM: 119
Maximum Gap: 0.7121 cM
Loaded Transition and Emission Matrix:
(3, 3)
(5009, 7913)
Loaded Observations:
(2, 7913)
Memory Usage: 558.186496 mB
Reference Number: 5008
Total Log likelihood: -4246.239
Memory Usage: 558.186496 mB
Finished Calculation State Posteriors
Saved Zero State Posterior to ./Empirical/HO/Sindhi_7/chr21/.
Successfully loaded for PP. from ./Empirical/HO/Sindhi_7/chr21/
Fraction Markers in ROH: 0.2370
Called n=0 ROH Blocks > 1.0 cM
Longest Block: nan
Successfully saved to ./Empirical/HO/Sindhi_7/chr21/roh.csv
Using Low-Mem Cython Linear Speed Up.
Loaded Pre Processing Model: SardHDF5
Loading Individual: Sindhi_7

Loaded 1145647 variants
Loaded 4616 individuals
HDF5 loaded from ./Data/Marcus2019_1240k/mod_reich_sardinia_ancients_rev_mrg_dedup_3trm_anno.h5

Loaded 15802 variants
Loaded 2504 individuals
HDF5 loaded from ./Data/1000Genomes/HDF5/1240kHDF5/all1240/chr22.hdf5

Intersection on Positions: 15802
Nr of Matching Refs: 15704 / 15802
Full Intersection Ref/Alt Identical: 15684 / 15802
2504 / 2504 Individuals included in Reference
Extraction of 5008 Haplotypes Complete!
Markers called 7710 / 15684
Successfully saved to: ./Empirical/HO/Sindhi_7/chr22/
Successfully loaded Data from: ./Empirical/HO/Sindhi_7/chr22/
Loaded Emission Model: diploid_gt
Loaded Transition Model: model
Loaded Post Processing Model: Standard
Minimum Genetic Map: 0.0178
Maximum Genetic Map: 0.7408
Gaps bigger than 0.1 cM: 149
Maximum Gap: 1.7139 cM
Loaded Transition and Emission Matrix:
(3, 3)
(5009, 7710)
Loaded Observations:
(2, 7710)
Memory Usage: 549.040128 mB
Reference Number: 5008
Total Log likelihood: -4204.248
Memory Usage: 549.040128 mB
Finished Calculation State Posteriors
Saved Zero State Posterior to ./Empirical/HO/Sindhi_7/chr22/.
Successfully loaded for PP. from ./Empirical/HO/Sindhi_7/chr22/
Fraction Markers in ROH: 0.2102
Called n=0 ROH Blocks > 1.0 cM
Longest Block: nan
Successfully saved to ./Empirical/HO/Sindhi_7/chr22/roh.csv
Run for Individual Sindhi_7: Complete! Yeah!!
