Doing Individual Kalash_2...
Using Low-Mem Cython Linear Speed Up.
Loaded Pre Processing Model: SardHDF5
Loading Individual: Kalash_2

Loaded 1145647 variants
Loaded 4616 individuals
HDF5 loaded from ./Data/Marcus2019_1240k/mod_reich_sardinia_ancients_rev_mrg_dedup_3trm_anno.h5

Loaded 89147 variants
Loaded 2504 individuals
HDF5 loaded from ./Data/1000Genomes/HDF5/1240kHDF5/all1240/chr1.hdf5

Intersection on Positions: 89143
Nr of Matching Refs: 89143 / 89143
Full Intersection Ref/Alt Identical: 89079 / 89143
2504 / 2504 Individuals included in Reference
Extraction of 5008 Haplotypes Complete!
Markers called 46914 / 89079
Successfully saved to: ./Empirical/HO/Kalash_2/chr1/
Successfully loaded Data from: ./Empirical/HO/Kalash_2/chr1/
Loaded Emission Model: diploid_gt
Loaded Transition Model: model
Loaded Post Processing Model: Standard
Minimum Genetic Map: 0.0225
Maximum Genetic Map: 2.8623
Gaps bigger than 0.1 cM: 427
Maximum Gap: 3.9814 cM
Loaded Transition and Emission Matrix:
(3, 3)
(5009, 46914)
Loaded Observations:
(2, 46914)
Memory Usage: 2300.329984 mB
Reference Number: 5008
Total Log likelihood: -24378.806
Memory Usage: 2300.788736 mB
Finished Calculation State Posteriors
Saved Zero State Posterior to ./Empirical/HO/Kalash_2/chr1/.
Successfully loaded for PP. from ./Empirical/HO/Kalash_2/chr1/
Fraction Markers in ROH: 0.2519
Merged n=0 gaps < 0.0 M
Called n=3 ROH Blocks > 1.0 cM
Longest Block: 2.686
Successfully saved to ./Empirical/HO/Kalash_2/chr1/roh.csv
Using Low-Mem Cython Linear Speed Up.
Loaded Pre Processing Model: SardHDF5
Loading Individual: Kalash_2

Loaded 1145647 variants
Loaded 4616 individuals
HDF5 loaded from ./Data/Marcus2019_1240k/mod_reich_sardinia_ancients_rev_mrg_dedup_3trm_anno.h5

Loaded 94239 variants
Loaded 2504 individuals
HDF5 loaded from ./Data/1000Genomes/HDF5/1240kHDF5/all1240/chr2.hdf5

Intersection on Positions: 94237
Nr of Matching Refs: 94205 / 94237
Full Intersection Ref/Alt Identical: 94137 / 94237
2504 / 2504 Individuals included in Reference
Extraction of 5008 Haplotypes Complete!
Markers called 48408 / 94137
Successfully saved to: ./Empirical/HO/Kalash_2/chr2/
Successfully loaded Data from: ./Empirical/HO/Kalash_2/chr2/
Loaded Emission Model: diploid_gt
Loaded Transition Model: model
Loaded Post Processing Model: Standard
Minimum Genetic Map: 0.0001
Maximum Genetic Map: 2.6883
Gaps bigger than 0.1 cM: 400
Maximum Gap: 2.0159 cM
Loaded Transition and Emission Matrix:
(3, 3)
(5009, 48408)
Loaded Observations:
(2, 48408)
Memory Usage: 2370.330624 mB
Reference Number: 5008
Total Log likelihood: -24097.517
Memory Usage: 2370.330624 mB
Finished Calculation State Posteriors
Saved Zero State Posterior to ./Empirical/HO/Kalash_2/chr2/.
Successfully loaded for PP. from ./Empirical/HO/Kalash_2/chr2/
Fraction Markers in ROH: 0.3024
Merged n=0 gaps < 0.0 M
Called n=2 ROH Blocks > 1.0 cM
Longest Block: 3.499
Successfully saved to ./Empirical/HO/Kalash_2/chr2/roh.csv
Using Low-Mem Cython Linear Speed Up.
Loaded Pre Processing Model: SardHDF5
Loading Individual: Kalash_2

Loaded 1145647 variants
Loaded 4616 individuals
HDF5 loaded from ./Data/Marcus2019_1240k/mod_reich_sardinia_ancients_rev_mrg_dedup_3trm_anno.h5

Loaded 77652 variants
Loaded 2504 individuals
HDF5 loaded from ./Data/1000Genomes/HDF5/1240kHDF5/all1240/chr3.hdf5

Intersection on Positions: 77650
Nr of Matching Refs: 77606 / 77650
Full Intersection Ref/Alt Identical: 77553 / 77650
2504 / 2504 Individuals included in Reference
Extraction of 5008 Haplotypes Complete!
Markers called 40124 / 77553
Successfully saved to: ./Empirical/HO/Kalash_2/chr3/
Successfully loaded Data from: ./Empirical/HO/Kalash_2/chr3/
Loaded Emission Model: diploid_gt
Loaded Transition Model: model
Loaded Post Processing Model: Standard
Minimum Genetic Map: 0.0002
Maximum Genetic Map: 2.2326
Gaps bigger than 0.1 cM: 347
Maximum Gap: 0.4179 cM
Loaded Transition and Emission Matrix:
(3, 3)
(5009, 40124)
Loaded Observations:
(2, 40124)
Memory Usage: 2010.943488 mB
Reference Number: 5008
Total Log likelihood: -21001.820
Memory Usage: 2010.943488 mB
Finished Calculation State Posteriors
Saved Zero State Posterior to ./Empirical/HO/Kalash_2/chr3/.
Successfully loaded for PP. from ./Empirical/HO/Kalash_2/chr3/
Fraction Markers in ROH: 0.2600
Merged n=0 gaps < 0.0 M
Called n=5 ROH Blocks > 1.0 cM
Longest Block: 2.582
Successfully saved to ./Empirical/HO/Kalash_2/chr3/roh.csv
Using Low-Mem Cython Linear Speed Up.
Loaded Pre Processing Model: SardHDF5
Loading Individual: Kalash_2

Loaded 1145647 variants
Loaded 4616 individuals
HDF5 loaded from ./Data/Marcus2019_1240k/mod_reich_sardinia_ancients_rev_mrg_dedup_3trm_anno.h5

Loaded 68759 variants
Loaded 2504 individuals
HDF5 loaded from ./Data/1000Genomes/HDF5/1240kHDF5/all1240/chr4.hdf5

Intersection on Positions: 68759
Nr of Matching Refs: 68709 / 68759
Full Intersection Ref/Alt Identical: 68663 / 68759
2504 / 2504 Individuals included in Reference
Extraction of 5008 Haplotypes Complete!
Markers called 33600 / 68663
Successfully saved to: ./Empirical/HO/Kalash_2/chr4/
Successfully loaded Data from: ./Empirical/HO/Kalash_2/chr4/
Loaded Emission Model: diploid_gt
Loaded Transition Model: model
Loaded Post Processing Model: Standard
Minimum Genetic Map: 0.0034
Maximum Genetic Map: 2.1454
Gaps bigger than 0.1 cM: 335
Maximum Gap: 2.1375 cM
Loaded Transition and Emission Matrix:
(3, 3)
(5009, 33600)
Loaded Observations:
(2, 33600)
Memory Usage: 1716.789248 mB
Reference Number: 5008
Total Log likelihood: -17753.344
Memory Usage: 1716.789248 mB
Finished Calculation State Posteriors
Saved Zero State Posterior to ./Empirical/HO/Kalash_2/chr4/.
Successfully loaded for PP. from ./Empirical/HO/Kalash_2/chr4/
Fraction Markers in ROH: 0.2468
Merged n=0 gaps < 0.0 M
Called n=1 ROH Blocks > 1.0 cM
Longest Block: 3.267
Successfully saved to ./Empirical/HO/Kalash_2/chr4/roh.csv
Using Low-Mem Cython Linear Speed Up.
Loaded Pre Processing Model: SardHDF5
Loading Individual: Kalash_2

Loaded 1145647 variants
Loaded 4616 individuals
HDF5 loaded from ./Data/Marcus2019_1240k/mod_reich_sardinia_ancients_rev_mrg_dedup_3trm_anno.h5

Loaded 69399 variants
Loaded 2504 individuals
HDF5 loaded from ./Data/1000Genomes/HDF5/1240kHDF5/all1240/chr5.hdf5

Intersection on Positions: 69394
Nr of Matching Refs: 69307 / 69394
Full Intersection Ref/Alt Identical: 69252 / 69394
2504 / 2504 Individuals included in Reference
Extraction of 5008 Haplotypes Complete!
Markers called 33795 / 69252
Successfully saved to: ./Empirical/HO/Kalash_2/chr5/
Successfully loaded Data from: ./Empirical/HO/Kalash_2/chr5/
Loaded Emission Model: diploid_gt
Loaded Transition Model: model
Loaded Post Processing Model: Standard
Minimum Genetic Map: 0.0004
Maximum Genetic Map: 2.0409
Gaps bigger than 0.1 cM: 341
Maximum Gap: 1.0498 cM
Loaded Transition and Emission Matrix:
(3, 3)
(5009, 33795)
Loaded Observations:
(2, 33795)
Memory Usage: 1725.607936 mB
Reference Number: 5008
Total Log likelihood: -17172.271
Memory Usage: 1725.607936 mB
Finished Calculation State Posteriors
Saved Zero State Posterior to ./Empirical/HO/Kalash_2/chr5/.
Successfully loaded for PP. from ./Empirical/HO/Kalash_2/chr5/
Fraction Markers in ROH: 0.2693
Merged n=0 gaps < 0.0 M
Called n=2 ROH Blocks > 1.0 cM
Longest Block: 2.752
Successfully saved to ./Empirical/HO/Kalash_2/chr5/roh.csv
Using Low-Mem Cython Linear Speed Up.
Loaded Pre Processing Model: SardHDF5
Loading Individual: Kalash_2

Loaded 1145647 variants
Loaded 4616 individuals
HDF5 loaded from ./Data/Marcus2019_1240k/mod_reich_sardinia_ancients_rev_mrg_dedup_3trm_anno.h5

Loaded 75870 variants
Loaded 2504 individuals
HDF5 loaded from ./Data/1000Genomes/HDF5/1240kHDF5/all1240/chr6.hdf5

Intersection on Positions: 75866
Nr of Matching Refs: 75743 / 75866
Full Intersection Ref/Alt Identical: 75675 / 75866
2504 / 2504 Individuals included in Reference
Extraction of 5008 Haplotypes Complete!
Markers called 33598 / 75675
Successfully saved to: ./Empirical/HO/Kalash_2/chr6/
Successfully loaded Data from: ./Empirical/HO/Kalash_2/chr6/
Loaded Emission Model: diploid_gt
Loaded Transition Model: model
Loaded Post Processing Model: Standard
Minimum Genetic Map: 0.0035
Maximum Genetic Map: 1.9203
Gaps bigger than 0.1 cM: 290
Maximum Gap: 0.5072 cM
Loaded Transition and Emission Matrix:
(3, 3)
(5009, 33598)
Loaded Observations:
(2, 33598)
Memory Usage: 1716.752384 mB
Reference Number: 5008
Total Log likelihood: -17056.141
Memory Usage: 1716.752384 mB
Finished Calculation State Posteriors
Saved Zero State Posterior to ./Empirical/HO/Kalash_2/chr6/.
Successfully loaded for PP. from ./Empirical/HO/Kalash_2/chr6/
Fraction Markers in ROH: 0.2794
Merged n=0 gaps < 0.0 M
Called n=2 ROH Blocks > 1.0 cM
Longest Block: 2.483
Successfully saved to ./Empirical/HO/Kalash_2/chr6/roh.csv
Using Low-Mem Cython Linear Speed Up.
Loaded Pre Processing Model: SardHDF5
Loading Individual: Kalash_2

Loaded 1145647 variants
Loaded 4616 individuals
HDF5 loaded from ./Data/Marcus2019_1240k/mod_reich_sardinia_ancients_rev_mrg_dedup_3trm_anno.h5

Loaded 59890 variants
Loaded 2504 individuals
HDF5 loaded from ./Data/1000Genomes/HDF5/1240kHDF5/all1240/chr7.hdf5

Intersection on Positions: 59889
Nr of Matching Refs: 59781 / 59889
Full Intersection Ref/Alt Identical: 59715 / 59889
2504 / 2504 Individuals included in Reference
Extraction of 5008 Haplotypes Complete!
Markers called 28362 / 59715
Successfully saved to: ./Empirical/HO/Kalash_2/chr7/
Successfully loaded Data from: ./Empirical/HO/Kalash_2/chr7/
Loaded Emission Model: diploid_gt
Loaded Transition Model: model
Loaded Post Processing Model: Standard
Minimum Genetic Map: 0.0000
Maximum Genetic Map: 1.8715
Gaps bigger than 0.1 cM: 328
Maximum Gap: 1.0884 cM
Loaded Transition and Emission Matrix:
(3, 3)
(5009, 28362)
Loaded Observations:
(2, 28362)
Memory Usage: 1480.720384 mB
Reference Number: 5008
Total Log likelihood: -14118.146
Memory Usage: 1480.720384 mB
Finished Calculation State Posteriors
Saved Zero State Posterior to ./Empirical/HO/Kalash_2/chr7/.
Successfully loaded for PP. from ./Empirical/HO/Kalash_2/chr7/
Fraction Markers in ROH: 0.3078
Merged n=0 gaps < 0.0 M
Called n=6 ROH Blocks > 1.0 cM
Longest Block: 4.354
Successfully saved to ./Empirical/HO/Kalash_2/chr7/roh.csv
Using Low-Mem Cython Linear Speed Up.
Loaded Pre Processing Model: SardHDF5
Loading Individual: Kalash_2

Loaded 1145647 variants
Loaded 4616 individuals
HDF5 loaded from ./Data/Marcus2019_1240k/mod_reich_sardinia_ancients_rev_mrg_dedup_3trm_anno.h5

Loaded 61133 variants
Loaded 2504 individuals
HDF5 loaded from ./Data/1000Genomes/HDF5/1240kHDF5/all1240/chr8.hdf5

Intersection on Positions: 61130
Nr of Matching Refs: 61022 / 61130
Full Intersection Ref/Alt Identical: 60960 / 61130
2504 / 2504 Individuals included in Reference
Extraction of 5008 Haplotypes Complete!
Markers called 28184 / 60960
Successfully saved to: ./Empirical/HO/Kalash_2/chr8/
Successfully loaded Data from: ./Empirical/HO/Kalash_2/chr8/
Loaded Emission Model: diploid_gt
Loaded Transition Model: model
Loaded Post Processing Model: Standard
Minimum Genetic Map: 0.0001
Maximum Genetic Map: 1.6800
Gaps bigger than 0.1 cM: 255
Maximum Gap: 3.5052 cM
Loaded Transition and Emission Matrix:
(3, 3)
(5009, 28184)
Loaded Observations:
(2, 28184)
Memory Usage: 1472.69632 mB
Reference Number: 5008
Total Log likelihood: -14331.791
Memory Usage: 1472.69632 mB
Finished Calculation State Posteriors
Saved Zero State Posterior to ./Empirical/HO/Kalash_2/chr8/.
Successfully loaded for PP. from ./Empirical/HO/Kalash_2/chr8/
Fraction Markers in ROH: 0.2749
Merged n=0 gaps < 0.0 M
Called n=3 ROH Blocks > 1.0 cM
Longest Block: 2.662
Successfully saved to ./Empirical/HO/Kalash_2/chr8/roh.csv
Using Low-Mem Cython Linear Speed Up.
Loaded Pre Processing Model: SardHDF5
Loading Individual: Kalash_2

Loaded 1145647 variants
Loaded 4616 individuals
HDF5 loaded from ./Data/Marcus2019_1240k/mod_reich_sardinia_ancients_rev_mrg_dedup_3trm_anno.h5

Loaded 50668 variants
Loaded 2504 individuals
HDF5 loaded from ./Data/1000Genomes/HDF5/1240kHDF5/all1240/chr9.hdf5

Intersection on Positions: 50668
Nr of Matching Refs: 50539 / 50668
Full Intersection Ref/Alt Identical: 50493 / 50668
2504 / 2504 Individuals included in Reference
Extraction of 5008 Haplotypes Complete!
Markers called 23409 / 50493
Successfully saved to: ./Empirical/HO/Kalash_2/chr9/
Successfully loaded Data from: ./Empirical/HO/Kalash_2/chr9/
Loaded Emission Model: diploid_gt
Loaded Transition Model: model
Loaded Post Processing Model: Standard
Minimum Genetic Map: 0.0016
Maximum Genetic Map: 1.6630
Gaps bigger than 0.1 cM: 302
Maximum Gap: 2.3454 cM
Loaded Transition and Emission Matrix:
(3, 3)
(5009, 23409)
Loaded Observations:
(2, 23409)
Memory Usage: 1257.443328 mB
Reference Number: 5008
Total Log likelihood: -12253.784
Memory Usage: 1257.443328 mB
Finished Calculation State Posteriors
Saved Zero State Posterior to ./Empirical/HO/Kalash_2/chr9/.
Successfully loaded for PP. from ./Empirical/HO/Kalash_2/chr9/
Fraction Markers in ROH: 0.2460
Merged n=0 gaps < 0.0 M
Called n=3 ROH Blocks > 1.0 cM
Longest Block: 2.745
Successfully saved to ./Empirical/HO/Kalash_2/chr9/roh.csv
Using Low-Mem Cython Linear Speed Up.
Loaded Pre Processing Model: SardHDF5
Loading Individual: Kalash_2

Loaded 1145647 variants
Loaded 4616 individuals
HDF5 loaded from ./Data/Marcus2019_1240k/mod_reich_sardinia_ancients_rev_mrg_dedup_3trm_anno.h5

Loaded 58804 variants
Loaded 2504 individuals
HDF5 loaded from ./Data/1000Genomes/HDF5/1240kHDF5/all1240/chr10.hdf5

Intersection on Positions: 58803
Nr of Matching Refs: 58657 / 58803
Full Intersection Ref/Alt Identical: 58591 / 58803
2504 / 2504 Individuals included in Reference
Extraction of 5008 Haplotypes Complete!
Markers called 30184 / 58591
Successfully saved to: ./Empirical/HO/Kalash_2/chr10/
Successfully loaded Data from: ./Empirical/HO/Kalash_2/chr10/
Loaded Emission Model: diploid_gt
Loaded Transition Model: model
Loaded Post Processing Model: Standard
Minimum Genetic Map: 0.0001
Maximum Genetic Map: 1.8089
Gaps bigger than 0.1 cM: 263
Maximum Gap: 2.0338 cM
Loaded Transition and Emission Matrix:
(3, 3)
(5009, 30184)
Loaded Observations:
(2, 30184)
Memory Usage: 1562.857472 mB
Reference Number: 5008
Total Log likelihood: -16133.152
Memory Usage: 1562.857472 mB
Finished Calculation State Posteriors
Saved Zero State Posterior to ./Empirical/HO/Kalash_2/chr10/.
Successfully loaded for PP. from ./Empirical/HO/Kalash_2/chr10/
Fraction Markers in ROH: 0.2357
Called n=0 ROH Blocks > 1.0 cM
Longest Block: nan
Successfully saved to ./Empirical/HO/Kalash_2/chr10/roh.csv
Using Low-Mem Cython Linear Speed Up.
Loaded Pre Processing Model: SardHDF5
Loading Individual: Kalash_2

Loaded 1145647 variants
Loaded 4616 individuals
HDF5 loaded from ./Data/Marcus2019_1240k/mod_reich_sardinia_ancients_rev_mrg_dedup_3trm_anno.h5

Loaded 54833 variants
Loaded 2504 individuals
HDF5 loaded from ./Data/1000Genomes/HDF5/1240kHDF5/all1240/chr11.hdf5

Intersection on Positions: 54831
Nr of Matching Refs: 54669 / 54831
Full Intersection Ref/Alt Identical: 54616 / 54831
2504 / 2504 Individuals included in Reference
Extraction of 5008 Haplotypes Complete!
Markers called 27779 / 54616
Successfully saved to: ./Empirical/HO/Kalash_2/chr11/
Successfully loaded Data from: ./Empirical/HO/Kalash_2/chr11/
Loaded Emission Model: diploid_gt
Loaded Transition Model: model
Loaded Post Processing Model: Standard
Minimum Genetic Map: 0.0000
Maximum Genetic Map: 1.5822
Gaps bigger than 0.1 cM: 251
Maximum Gap: 0.5683 cM
Loaded Transition and Emission Matrix:
(3, 3)
(5009, 27779)
Loaded Observations:
(2, 27779)
Memory Usage: 1454.440448 mB
Reference Number: 5008
Total Log likelihood: -14691.133
Memory Usage: 1454.440448 mB
Finished Calculation State Posteriors
Saved Zero State Posterior to ./Empirical/HO/Kalash_2/chr11/.
Successfully loaded for PP. from ./Empirical/HO/Kalash_2/chr11/
Fraction Markers in ROH: 0.2326
Called n=0 ROH Blocks > 1.0 cM
Longest Block: nan
Successfully saved to ./Empirical/HO/Kalash_2/chr11/roh.csv
Using Low-Mem Cython Linear Speed Up.
Loaded Pre Processing Model: SardHDF5
Loading Individual: Kalash_2

Loaded 1145647 variants
Loaded 4616 individuals
HDF5 loaded from ./Data/Marcus2019_1240k/mod_reich_sardinia_ancients_rev_mrg_dedup_3trm_anno.h5

Loaded 53911 variants
Loaded 2504 individuals
HDF5 loaded from ./Data/1000Genomes/HDF5/1240kHDF5/all1240/chr12.hdf5

Intersection on Positions: 53911
Nr of Matching Refs: 53713 / 53911
Full Intersection Ref/Alt Identical: 53672 / 53911
2504 / 2504 Individuals included in Reference
Extraction of 5008 Haplotypes Complete!
Markers called 26948 / 53672
Successfully saved to: ./Empirical/HO/Kalash_2/chr12/
Successfully loaded Data from: ./Empirical/HO/Kalash_2/chr12/
Loaded Emission Model: diploid_gt
Loaded Transition Model: model
Loaded Post Processing Model: Standard
Minimum Genetic Map: 0.0009
Maximum Genetic Map: 1.7468
Gaps bigger than 0.1 cM: 286
Maximum Gap: 0.8015 cM
Loaded Transition and Emission Matrix:
(3, 3)
(5009, 26948)
Loaded Observations:
(2, 26948)
Memory Usage: 1416.986624 mB
Reference Number: 5008
Total Log likelihood: -13619.823
Memory Usage: 1416.986624 mB
Finished Calculation State Posteriors
Saved Zero State Posterior to ./Empirical/HO/Kalash_2/chr12/.
Successfully loaded for PP. from ./Empirical/HO/Kalash_2/chr12/
Fraction Markers in ROH: 0.2974
Merged n=0 gaps < 0.0 M
Called n=2 ROH Blocks > 1.0 cM
Longest Block: 3.117
Successfully saved to ./Empirical/HO/Kalash_2/chr12/roh.csv
Using Low-Mem Cython Linear Speed Up.
Loaded Pre Processing Model: SardHDF5
Loading Individual: Kalash_2

Loaded 1145647 variants
Loaded 4616 individuals
HDF5 loaded from ./Data/Marcus2019_1240k/mod_reich_sardinia_ancients_rev_mrg_dedup_3trm_anno.h5

Loaded 39018 variants
Loaded 2504 individuals
HDF5 loaded from ./Data/1000Genomes/HDF5/1240kHDF5/all1240/chr13.hdf5

Intersection on Positions: 39015
Nr of Matching Refs: 38885 / 39015
Full Intersection Ref/Alt Identical: 38841 / 39015
2504 / 2504 Individuals included in Reference
Extraction of 5008 Haplotypes Complete!
Markers called 17613 / 38841
Successfully saved to: ./Empirical/HO/Kalash_2/chr13/
Successfully loaded Data from: ./Empirical/HO/Kalash_2/chr13/
Loaded Emission Model: diploid_gt
Loaded Transition Model: model
Loaded Post Processing Model: Standard
Minimum Genetic Map: 0.0058
Maximum Genetic Map: 1.2570
Gaps bigger than 0.1 cM: 230
Maximum Gap: 1.2234 cM
Loaded Transition and Emission Matrix:
(3, 3)
(5009, 17613)
Loaded Observations:
(2, 17613)
Memory Usage: 996.163584 mB
Reference Number: 5008
Total Log likelihood: -9552.823
Memory Usage: 996.163584 mB
Finished Calculation State Posteriors
Saved Zero State Posterior to ./Empirical/HO/Kalash_2/chr13/.
Successfully loaded for PP. from ./Empirical/HO/Kalash_2/chr13/
Fraction Markers in ROH: 0.2382
Merged n=0 gaps < 0.0 M
Called n=1 ROH Blocks > 1.0 cM
Longest Block: 2.302
Successfully saved to ./Empirical/HO/Kalash_2/chr13/roh.csv
Using Low-Mem Cython Linear Speed Up.
Loaded Pre Processing Model: SardHDF5
Loading Individual: Kalash_2

Loaded 1145647 variants
Loaded 4616 individuals
HDF5 loaded from ./Data/Marcus2019_1240k/mod_reich_sardinia_ancients_rev_mrg_dedup_3trm_anno.h5

Loaded 36301 variants
Loaded 2504 individuals
HDF5 loaded from ./Data/1000Genomes/HDF5/1240kHDF5/all1240/chr14.hdf5

Intersection on Positions: 36301
Nr of Matching Refs: 36166 / 36301
Full Intersection Ref/Alt Identical: 36126 / 36301
2504 / 2504 Individuals included in Reference
Extraction of 5008 Haplotypes Complete!
Markers called 18486 / 36126
Successfully saved to: ./Empirical/HO/Kalash_2/chr14/
Successfully loaded Data from: ./Empirical/HO/Kalash_2/chr14/
Loaded Emission Model: diploid_gt
Loaded Transition Model: model
Loaded Post Processing Model: Standard
Minimum Genetic Map: 0.0184
Maximum Genetic Map: 1.2020
Gaps bigger than 0.1 cM: 193
Maximum Gap: 3.6563 cM
Loaded Transition and Emission Matrix:
(3, 3)
(5009, 18486)
Loaded Observations:
(2, 18486)
Memory Usage: 1035.522048 mB
Reference Number: 5008
Total Log likelihood: -9709.854
Memory Usage: 1035.522048 mB
Finished Calculation State Posteriors
Saved Zero State Posterior to ./Empirical/HO/Kalash_2/chr14/.
Successfully loaded for PP. from ./Empirical/HO/Kalash_2/chr14/
Fraction Markers in ROH: 0.2496
Merged n=0 gaps < 0.0 M
Called n=1 ROH Blocks > 1.0 cM
Longest Block: 1.315
Successfully saved to ./Empirical/HO/Kalash_2/chr14/roh.csv
Using Low-Mem Cython Linear Speed Up.
Loaded Pre Processing Model: SardHDF5
Loading Individual: Kalash_2

Loaded 1145647 variants
Loaded 4616 individuals
HDF5 loaded from ./Data/Marcus2019_1240k/mod_reich_sardinia_ancients_rev_mrg_dedup_3trm_anno.h5

Loaded 34429 variants
Loaded 2504 individuals
HDF5 loaded from ./Data/1000Genomes/HDF5/1240kHDF5/all1240/chr15.hdf5

Intersection on Positions: 34425
Nr of Matching Refs: 34285 / 34425
Full Intersection Ref/Alt Identical: 34249 / 34425
2504 / 2504 Individuals included in Reference
Extraction of 5008 Haplotypes Complete!
Markers called 17835 / 34249
Successfully saved to: ./Empirical/HO/Kalash_2/chr15/
Successfully loaded Data from: ./Empirical/HO/Kalash_2/chr15/
Loaded Emission Model: diploid_gt
Loaded Transition Model: model
Loaded Post Processing Model: Standard
Minimum Genetic Map: 0.0002
Maximum Genetic Map: 1.4133
Gaps bigger than 0.1 cM: 207
Maximum Gap: 13.7876 cM
Loaded Transition and Emission Matrix:
(3, 3)
(5009, 17835)
Loaded Observations:
(2, 17835)
Memory Usage: 1006.178304 mB
Reference Number: 5008
Total Log likelihood: -8325.319
Memory Usage: 1006.178304 mB
Finished Calculation State Posteriors
Saved Zero State Posterior to ./Empirical/HO/Kalash_2/chr15/.
Successfully loaded for PP. from ./Empirical/HO/Kalash_2/chr15/
Fraction Markers in ROH: 0.3771
Merged n=0 gaps < 0.0 M
Called n=5 ROH Blocks > 1.0 cM
Longest Block: 4.577
Successfully saved to ./Empirical/HO/Kalash_2/chr15/roh.csv
Using Low-Mem Cython Linear Speed Up.
Loaded Pre Processing Model: SardHDF5
Loading Individual: Kalash_2

Loaded 1145647 variants
Loaded 4616 individuals
HDF5 loaded from ./Data/Marcus2019_1240k/mod_reich_sardinia_ancients_rev_mrg_dedup_3trm_anno.h5

Loaded 34402 variants
Loaded 2504 individuals
HDF5 loaded from ./Data/1000Genomes/HDF5/1240kHDF5/all1240/chr16.hdf5

Intersection on Positions: 34399
Nr of Matching Refs: 34254 / 34399
Full Intersection Ref/Alt Identical: 34201 / 34399
2504 / 2504 Individuals included in Reference
Extraction of 5008 Haplotypes Complete!
Markers called 18093 / 34201
Successfully saved to: ./Empirical/HO/Kalash_2/chr16/
Successfully loaded Data from: ./Empirical/HO/Kalash_2/chr16/
Loaded Emission Model: diploid_gt
Loaded Transition Model: model
Loaded Post Processing Model: Standard
Minimum Genetic Map: 0.0001
Maximum Genetic Map: 1.3402
Gaps bigger than 0.1 cM: 230
Maximum Gap: 0.9354 cM
Loaded Transition and Emission Matrix:
(3, 3)
(5009, 18093)
Loaded Observations:
(2, 18093)
Memory Usage: 1017.806848 mB
Reference Number: 5008
Total Log likelihood: -9275.351
Memory Usage: 1017.552896 mB
Finished Calculation State Posteriors
Saved Zero State Posterior to ./Empirical/HO/Kalash_2/chr16/.
Successfully loaded for PP. from ./Empirical/HO/Kalash_2/chr16/
Fraction Markers in ROH: 0.2670
Merged n=0 gaps < 0.0 M
Called n=4 ROH Blocks > 1.0 cM
Longest Block: 2.220
Successfully saved to ./Empirical/HO/Kalash_2/chr16/roh.csv
Using Low-Mem Cython Linear Speed Up.
Loaded Pre Processing Model: SardHDF5
Loading Individual: Kalash_2

Loaded 1145647 variants
Loaded 4616 individuals
HDF5 loaded from ./Data/Marcus2019_1240k/mod_reich_sardinia_ancients_rev_mrg_dedup_3trm_anno.h5

Loaded 29314 variants
Loaded 2504 individuals
HDF5 loaded from ./Data/1000Genomes/HDF5/1240kHDF5/all1240/chr17.hdf5

Intersection on Positions: 29313
Nr of Matching Refs: 29159 / 29313
Full Intersection Ref/Alt Identical: 29124 / 29313
2504 / 2504 Individuals included in Reference
Extraction of 5008 Haplotypes Complete!
Markers called 15099 / 29124
Successfully saved to: ./Empirical/HO/Kalash_2/chr17/
Successfully loaded Data from: ./Empirical/HO/Kalash_2/chr17/
Loaded Emission Model: diploid_gt
Loaded Transition Model: model
Loaded Post Processing Model: Standard
Minimum Genetic Map: -0.0003
Maximum Genetic Map: 1.2845
Gaps bigger than 0.1 cM: 227
Maximum Gap: 1.2355 cM
Loaded Transition and Emission Matrix:
(3, 3)
(5009, 15099)
Loaded Observations:
(2, 15099)
Memory Usage: 882.70848 mB
Reference Number: 5008
Total Log likelihood: -8223.992
Memory Usage: 882.70848 mB
Finished Calculation State Posteriors
Saved Zero State Posterior to ./Empirical/HO/Kalash_2/chr17/.
Successfully loaded for PP. from ./Empirical/HO/Kalash_2/chr17/
Fraction Markers in ROH: 0.2242
Called n=0 ROH Blocks > 1.0 cM
Longest Block: nan
Successfully saved to ./Empirical/HO/Kalash_2/chr17/roh.csv
Using Low-Mem Cython Linear Speed Up.
Loaded Pre Processing Model: SardHDF5
Loading Individual: Kalash_2

Loaded 1145647 variants
Loaded 4616 individuals
HDF5 loaded from ./Data/Marcus2019_1240k/mod_reich_sardinia_ancients_rev_mrg_dedup_3trm_anno.h5

Loaded 33917 variants
Loaded 2504 individuals
HDF5 loaded from ./Data/1000Genomes/HDF5/1240kHDF5/all1240/chr18.hdf5

Intersection on Positions: 33916
Nr of Matching Refs: 33774 / 33916
Full Intersection Ref/Alt Identical: 33746 / 33916
2504 / 2504 Individuals included in Reference
Extraction of 5008 Haplotypes Complete!
Markers called 16949 / 33746
Successfully saved to: ./Empirical/HO/Kalash_2/chr18/
Successfully loaded Data from: ./Empirical/HO/Kalash_2/chr18/
Loaded Emission Model: diploid_gt
Loaded Transition Model: model
Loaded Post Processing Model: Standard
Minimum Genetic Map: 0.0027
Maximum Genetic Map: 1.1771
Gaps bigger than 0.1 cM: 196
Maximum Gap: 0.8037 cM
Loaded Transition and Emission Matrix:
(3, 3)
(5009, 16949)
Loaded Observations:
(2, 16949)
Memory Usage: 966.119424 mB
Reference Number: 5008
Total Log likelihood: -8857.049
Memory Usage: 966.119424 mB
Finished Calculation State Posteriors
Saved Zero State Posterior to ./Empirical/HO/Kalash_2/chr18/.
Successfully loaded for PP. from ./Empirical/HO/Kalash_2/chr18/
Fraction Markers in ROH: 0.2561
Merged n=0 gaps < 0.0 M
Called n=4 ROH Blocks > 1.0 cM
Longest Block: 6.357
Successfully saved to ./Empirical/HO/Kalash_2/chr18/roh.csv
Using Low-Mem Cython Linear Speed Up.
Loaded Pre Processing Model: SardHDF5
Loading Individual: Kalash_2

Loaded 1145647 variants
Loaded 4616 individuals
HDF5 loaded from ./Data/Marcus2019_1240k/mod_reich_sardinia_ancients_rev_mrg_dedup_3trm_anno.h5

Loaded 18460 variants
Loaded 2504 individuals
HDF5 loaded from ./Data/1000Genomes/HDF5/1240kHDF5/all1240/chr19.hdf5

Intersection on Positions: 18459
Nr of Matching Refs: 18381 / 18459
Full Intersection Ref/Alt Identical: 18340 / 18459
2504 / 2504 Individuals included in Reference
Extraction of 5008 Haplotypes Complete!
Markers called 8624 / 18340
Successfully saved to: ./Empirical/HO/Kalash_2/chr19/
Successfully loaded Data from: ./Empirical/HO/Kalash_2/chr19/
Loaded Emission Model: diploid_gt
Loaded Transition Model: model
Loaded Post Processing Model: Standard
Minimum Genetic Map: 0.0000
Maximum Genetic Map: 1.0773
Gaps bigger than 0.1 cM: 285
Maximum Gap: 0.6354 cM
Loaded Transition and Emission Matrix:
(3, 3)
(5009, 8624)
Loaded Observations:
(2, 8624)
Memory Usage: 590.831616 mB
Reference Number: 5008
Total Log likelihood: -4858.911
Memory Usage: 590.831616 mB
Finished Calculation State Posteriors
Saved Zero State Posterior to ./Empirical/HO/Kalash_2/chr19/.
Successfully loaded for PP. from ./Empirical/HO/Kalash_2/chr19/
Fraction Markers in ROH: 0.2013
Merged n=0 gaps < 0.0 M
Called n=1 ROH Blocks > 1.0 cM
Longest Block: 1.306
Successfully saved to ./Empirical/HO/Kalash_2/chr19/roh.csv
Using Low-Mem Cython Linear Speed Up.
Loaded Pre Processing Model: SardHDF5
Loading Individual: Kalash_2

Loaded 1145647 variants
Loaded 4616 individuals
HDF5 loaded from ./Data/Marcus2019_1240k/mod_reich_sardinia_ancients_rev_mrg_dedup_3trm_anno.h5

Loaded 29078 variants
Loaded 2504 individuals
HDF5 loaded from ./Data/1000Genomes/HDF5/1240kHDF5/all1240/chr20.hdf5

Intersection on Positions: 29077
Nr of Matching Refs: 28908 / 29077
Full Intersection Ref/Alt Identical: 28864 / 29077
2504 / 2504 Individuals included in Reference
Extraction of 5008 Haplotypes Complete!
Markers called 15244 / 28864
Successfully saved to: ./Empirical/HO/Kalash_2/chr20/
Successfully loaded Data from: ./Empirical/HO/Kalash_2/chr20/
Loaded Emission Model: diploid_gt
Loaded Transition Model: model
Loaded Post Processing Model: Standard
Minimum Genetic Map: 0.0008
Maximum Genetic Map: 1.0821
Gaps bigger than 0.1 cM: 204
Maximum Gap: 0.4744 cM
Loaded Transition and Emission Matrix:
(3, 3)
(5009, 15244)
Loaded Observations:
(2, 15244)
Memory Usage: 889.266176 mB
Reference Number: 5008
Total Log likelihood: -7684.229
Memory Usage: 889.266176 mB
Finished Calculation State Posteriors
Saved Zero State Posterior to ./Empirical/HO/Kalash_2/chr20/.
Successfully loaded for PP. from ./Empirical/HO/Kalash_2/chr20/
Fraction Markers in ROH: 0.2844
Merged n=0 gaps < 0.0 M
Called n=2 ROH Blocks > 1.0 cM
Longest Block: 1.588
Successfully saved to ./Empirical/HO/Kalash_2/chr20/roh.csv
Using Low-Mem Cython Linear Speed Up.
Loaded Pre Processing Model: SardHDF5
Loading Individual: Kalash_2

Loaded 1145647 variants
Loaded 4616 individuals
HDF5 loaded from ./Data/Marcus2019_1240k/mod_reich_sardinia_ancients_rev_mrg_dedup_3trm_anno.h5

Loaded 16038 variants
Loaded 2504 individuals
HDF5 loaded from ./Data/1000Genomes/HDF5/1240kHDF5/all1240/chr21.hdf5

Intersection on Positions: 16036
Nr of Matching Refs: 15949 / 16036
Full Intersection Ref/Alt Identical: 15930 / 16036
2504 / 2504 Individuals included in Reference
Extraction of 5008 Haplotypes Complete!
Markers called 7810 / 15930
Successfully saved to: ./Empirical/HO/Kalash_2/chr21/
Successfully loaded Data from: ./Empirical/HO/Kalash_2/chr21/
Loaded Emission Model: diploid_gt
Loaded Transition Model: model
Loaded Post Processing Model: Standard
Minimum Genetic Map: 0.0145
Maximum Genetic Map: 0.6277
Gaps bigger than 0.1 cM: 121
Maximum Gap: 0.7121 cM
Loaded Transition and Emission Matrix:
(3, 3)
(5009, 7810)
Loaded Observations:
(2, 7810)
Memory Usage: 554.135552 mB
Reference Number: 5008
Total Log likelihood: -4126.726
Memory Usage: 554.135552 mB
Finished Calculation State Posteriors
Saved Zero State Posterior to ./Empirical/HO/Kalash_2/chr21/.
Successfully loaded for PP. from ./Empirical/HO/Kalash_2/chr21/
Fraction Markers in ROH: 0.2758
Merged n=0 gaps < 0.0 M
Called n=2 ROH Blocks > 1.0 cM
Longest Block: 1.659
Successfully saved to ./Empirical/HO/Kalash_2/chr21/roh.csv
Using Low-Mem Cython Linear Speed Up.
Loaded Pre Processing Model: SardHDF5
Loading Individual: Kalash_2

Loaded 1145647 variants
Loaded 4616 individuals
HDF5 loaded from ./Data/Marcus2019_1240k/mod_reich_sardinia_ancients_rev_mrg_dedup_3trm_anno.h5

Loaded 15802 variants
Loaded 2504 individuals
HDF5 loaded from ./Data/1000Genomes/HDF5/1240kHDF5/all1240/chr22.hdf5

Intersection on Positions: 15802
Nr of Matching Refs: 15704 / 15802
Full Intersection Ref/Alt Identical: 15684 / 15802
2504 / 2504 Individuals included in Reference
Extraction of 5008 Haplotypes Complete!
Markers called 7625 / 15684
Successfully saved to: ./Empirical/HO/Kalash_2/chr22/
Successfully loaded Data from: ./Empirical/HO/Kalash_2/chr22/
Loaded Emission Model: diploid_gt
Loaded Transition Model: model
Loaded Post Processing Model: Standard
Minimum Genetic Map: 0.0217
Maximum Genetic Map: 0.7408
Gaps bigger than 0.1 cM: 150
Maximum Gap: 1.7139 cM
Loaded Transition and Emission Matrix:
(3, 3)
(5009, 7625)
Loaded Observations:
(2, 7625)
Memory Usage: 545.796096 mB
Reference Number: 5008
Total Log likelihood: -3879.445
Memory Usage: 545.796096 mB
Finished Calculation State Posteriors
Saved Zero State Posterior to ./Empirical/HO/Kalash_2/chr22/.
Successfully loaded for PP. from ./Empirical/HO/Kalash_2/chr22/
Fraction Markers in ROH: 0.2593
Called n=0 ROH Blocks > 1.0 cM
Longest Block: nan
Successfully saved to ./Empirical/HO/Kalash_2/chr22/roh.csv
Run for Individual Kalash_2: Complete! Yeah!!
