Doing Individual Biaka_2...
Using Low-Mem Cython Linear Speed Up.
Loaded Pre Processing Model: SardHDF5
Loading Individual: Biaka_2

Loaded 1145647 variants
Loaded 4616 individuals
HDF5 loaded from ./Data/Marcus2019_1240k/mod_reich_sardinia_ancients_rev_mrg_dedup_3trm_anno.h5

Loaded 89147 variants
Loaded 2504 individuals
HDF5 loaded from ./Data/1000Genomes/HDF5/1240kHDF5/all1240/chr1.hdf5

Intersection on Positions: 89143
Nr of Matching Refs: 89143 / 89143
Full Intersection Ref/Alt Identical: 89079 / 89143
2504 / 2504 Individuals included in Reference
Extraction of 5008 Haplotypes Complete!
Markers called 47350 / 89079
Successfully saved to: ./Empirical/HO/Biaka_2/chr1/
Successfully loaded Data from: ./Empirical/HO/Biaka_2/chr1/
Loaded Emission Model: diploid_gt
Loaded Transition Model: model
Loaded Post Processing Model: Standard
Minimum Genetic Map: 0.0201
Maximum Genetic Map: 2.8623
Gaps bigger than 0.1 cM: 425
Maximum Gap: 3.9814 cM
Loaded Transition and Emission Matrix:
(3, 3)
(5009, 47350)
Loaded Observations:
(2, 47350)
Memory Usage: 2320.09728 mB
Reference Number: 5008
Total Log likelihood: -33221.943
Memory Usage: 2320.551936 mB
Finished Calculation State Posteriors
Saved Zero State Posterior to ./Empirical/HO/Biaka_2/chr1/.
Successfully loaded for PP. from ./Empirical/HO/Biaka_2/chr1/
Fraction Markers in ROH: 0.2005
Merged n=0 gaps < 0.0 M
Called n=6 ROH Blocks > 1.0 cM
Longest Block: 7.412
Successfully saved to ./Empirical/HO/Biaka_2/chr1/roh.csv
Using Low-Mem Cython Linear Speed Up.
Loaded Pre Processing Model: SardHDF5
Loading Individual: Biaka_2

Loaded 1145647 variants
Loaded 4616 individuals
HDF5 loaded from ./Data/Marcus2019_1240k/mod_reich_sardinia_ancients_rev_mrg_dedup_3trm_anno.h5

Loaded 94239 variants
Loaded 2504 individuals
HDF5 loaded from ./Data/1000Genomes/HDF5/1240kHDF5/all1240/chr2.hdf5

Intersection on Positions: 94237
Nr of Matching Refs: 94205 / 94237
Full Intersection Ref/Alt Identical: 94137 / 94237
2504 / 2504 Individuals included in Reference
Extraction of 5008 Haplotypes Complete!
Markers called 48885 / 94137
Successfully saved to: ./Empirical/HO/Biaka_2/chr2/
Successfully loaded Data from: ./Empirical/HO/Biaka_2/chr2/
Loaded Emission Model: diploid_gt
Loaded Transition Model: model
Loaded Post Processing Model: Standard
Minimum Genetic Map: 0.0001
Maximum Genetic Map: 2.6883
Gaps bigger than 0.1 cM: 396
Maximum Gap: 2.0159 cM
Loaded Transition and Emission Matrix:
(3, 3)
(5009, 48885)
Loaded Observations:
(2, 48885)
Memory Usage: 2391.830528 mB
Reference Number: 5008
Total Log likelihood: -36054.894
Memory Usage: 2391.830528 mB
Finished Calculation State Posteriors
Saved Zero State Posterior to ./Empirical/HO/Biaka_2/chr2/.
Successfully loaded for PP. from ./Empirical/HO/Biaka_2/chr2/
Fraction Markers in ROH: 0.1333
Merged n=0 gaps < 0.0 M
Called n=1 ROH Blocks > 1.0 cM
Longest Block: 1.807
Successfully saved to ./Empirical/HO/Biaka_2/chr2/roh.csv
Using Low-Mem Cython Linear Speed Up.
Loaded Pre Processing Model: SardHDF5
Loading Individual: Biaka_2

Loaded 1145647 variants
Loaded 4616 individuals
HDF5 loaded from ./Data/Marcus2019_1240k/mod_reich_sardinia_ancients_rev_mrg_dedup_3trm_anno.h5

Loaded 77652 variants
Loaded 2504 individuals
HDF5 loaded from ./Data/1000Genomes/HDF5/1240kHDF5/all1240/chr3.hdf5

Intersection on Positions: 77650
Nr of Matching Refs: 77606 / 77650
Full Intersection Ref/Alt Identical: 77553 / 77650
2504 / 2504 Individuals included in Reference
Extraction of 5008 Haplotypes Complete!
Markers called 40519 / 77553
Successfully saved to: ./Empirical/HO/Biaka_2/chr3/
Successfully loaded Data from: ./Empirical/HO/Biaka_2/chr3/
Loaded Emission Model: diploid_gt
Loaded Transition Model: model
Loaded Post Processing Model: Standard
Minimum Genetic Map: 0.0002
Maximum Genetic Map: 2.2326
Gaps bigger than 0.1 cM: 343
Maximum Gap: 0.4179 cM
Loaded Transition and Emission Matrix:
(3, 3)
(5009, 40519)
Loaded Observations:
(2, 40519)
Memory Usage: 2028.744704 mB
Reference Number: 5008
Total Log likelihood: -29495.367
Memory Usage: 2028.744704 mB
Finished Calculation State Posteriors
Saved Zero State Posterior to ./Empirical/HO/Biaka_2/chr3/.
Successfully loaded for PP. from ./Empirical/HO/Biaka_2/chr3/
Fraction Markers in ROH: 0.1561
Merged n=0 gaps < 0.0 M
Called n=1 ROH Blocks > 1.0 cM
Longest Block: 1.425
Successfully saved to ./Empirical/HO/Biaka_2/chr3/roh.csv
Using Low-Mem Cython Linear Speed Up.
Loaded Pre Processing Model: SardHDF5
Loading Individual: Biaka_2

Loaded 1145647 variants
Loaded 4616 individuals
HDF5 loaded from ./Data/Marcus2019_1240k/mod_reich_sardinia_ancients_rev_mrg_dedup_3trm_anno.h5

Loaded 68759 variants
Loaded 2504 individuals
HDF5 loaded from ./Data/1000Genomes/HDF5/1240kHDF5/all1240/chr4.hdf5

Intersection on Positions: 68759
Nr of Matching Refs: 68709 / 68759
Full Intersection Ref/Alt Identical: 68663 / 68759
2504 / 2504 Individuals included in Reference
Extraction of 5008 Haplotypes Complete!
Markers called 34021 / 68663
Successfully saved to: ./Empirical/HO/Biaka_2/chr4/
Successfully loaded Data from: ./Empirical/HO/Biaka_2/chr4/
Loaded Emission Model: diploid_gt
Loaded Transition Model: model
Loaded Post Processing Model: Standard
Minimum Genetic Map: 0.0034
Maximum Genetic Map: 2.1454
Gaps bigger than 0.1 cM: 333
Maximum Gap: 2.1375 cM
Loaded Transition and Emission Matrix:
(3, 3)
(5009, 34021)
Loaded Observations:
(2, 34021)
Memory Usage: 1735.76192 mB
Reference Number: 5008
Total Log likelihood: -25317.306
Memory Usage: 1735.76192 mB
Finished Calculation State Posteriors
Saved Zero State Posterior to ./Empirical/HO/Biaka_2/chr4/.
Successfully loaded for PP. from ./Empirical/HO/Biaka_2/chr4/
Fraction Markers in ROH: 0.1273
Merged n=0 gaps < 0.0 M
Called n=2 ROH Blocks > 1.0 cM
Longest Block: 2.084
Successfully saved to ./Empirical/HO/Biaka_2/chr4/roh.csv
Using Low-Mem Cython Linear Speed Up.
Loaded Pre Processing Model: SardHDF5
Loading Individual: Biaka_2

Loaded 1145647 variants
Loaded 4616 individuals
HDF5 loaded from ./Data/Marcus2019_1240k/mod_reich_sardinia_ancients_rev_mrg_dedup_3trm_anno.h5

Loaded 69399 variants
Loaded 2504 individuals
HDF5 loaded from ./Data/1000Genomes/HDF5/1240kHDF5/all1240/chr5.hdf5

Intersection on Positions: 69394
Nr of Matching Refs: 69307 / 69394
Full Intersection Ref/Alt Identical: 69252 / 69394
2504 / 2504 Individuals included in Reference
Extraction of 5008 Haplotypes Complete!
Markers called 34109 / 69252
Successfully saved to: ./Empirical/HO/Biaka_2/chr5/
Successfully loaded Data from: ./Empirical/HO/Biaka_2/chr5/
Loaded Emission Model: diploid_gt
Loaded Transition Model: model
Loaded Post Processing Model: Standard
Minimum Genetic Map: 0.0004
Maximum Genetic Map: 2.0409
Gaps bigger than 0.1 cM: 340
Maximum Gap: 1.0498 cM
Loaded Transition and Emission Matrix:
(3, 3)
(5009, 34109)
Loaded Observations:
(2, 34109)
Memory Usage: 1739.75552 mB
Reference Number: 5008
Total Log likelihood: -25403.106
Memory Usage: 1739.75552 mB
Finished Calculation State Posteriors
Saved Zero State Posterior to ./Empirical/HO/Biaka_2/chr5/.
Successfully loaded for PP. from ./Empirical/HO/Biaka_2/chr5/
Fraction Markers in ROH: 0.1485
Merged n=0 gaps < 0.0 M
Called n=1 ROH Blocks > 1.0 cM
Longest Block: 1.201
Successfully saved to ./Empirical/HO/Biaka_2/chr5/roh.csv
Using Low-Mem Cython Linear Speed Up.
Loaded Pre Processing Model: SardHDF5
Loading Individual: Biaka_2

Loaded 1145647 variants
Loaded 4616 individuals
HDF5 loaded from ./Data/Marcus2019_1240k/mod_reich_sardinia_ancients_rev_mrg_dedup_3trm_anno.h5

Loaded 75870 variants
Loaded 2504 individuals
HDF5 loaded from ./Data/1000Genomes/HDF5/1240kHDF5/all1240/chr6.hdf5

Intersection on Positions: 75866
Nr of Matching Refs: 75743 / 75866
Full Intersection Ref/Alt Identical: 75675 / 75866
2504 / 2504 Individuals included in Reference
Extraction of 5008 Haplotypes Complete!
Markers called 33944 / 75675
Successfully saved to: ./Empirical/HO/Biaka_2/chr6/
Successfully loaded Data from: ./Empirical/HO/Biaka_2/chr6/
Loaded Emission Model: diploid_gt
Loaded Transition Model: model
Loaded Post Processing Model: Standard
Minimum Genetic Map: 0.0035
Maximum Genetic Map: 1.9203
Gaps bigger than 0.1 cM: 287
Maximum Gap: 0.5072 cM
Loaded Transition and Emission Matrix:
(3, 3)
(5009, 33944)
Loaded Observations:
(2, 33944)
Memory Usage: 1732.34176 mB
Reference Number: 5008
Total Log likelihood: -24904.144
Memory Usage: 1732.34176 mB
Finished Calculation State Posteriors
Saved Zero State Posterior to ./Empirical/HO/Biaka_2/chr6/.
Successfully loaded for PP. from ./Empirical/HO/Biaka_2/chr6/
Fraction Markers in ROH: 0.1301
Merged n=0 gaps < 0.0 M
Called n=2 ROH Blocks > 1.0 cM
Longest Block: 1.320
Successfully saved to ./Empirical/HO/Biaka_2/chr6/roh.csv
Using Low-Mem Cython Linear Speed Up.
Loaded Pre Processing Model: SardHDF5
Loading Individual: Biaka_2

Loaded 1145647 variants
Loaded 4616 individuals
HDF5 loaded from ./Data/Marcus2019_1240k/mod_reich_sardinia_ancients_rev_mrg_dedup_3trm_anno.h5

Loaded 59890 variants
Loaded 2504 individuals
HDF5 loaded from ./Data/1000Genomes/HDF5/1240kHDF5/all1240/chr7.hdf5

Intersection on Positions: 59889
Nr of Matching Refs: 59781 / 59889
Full Intersection Ref/Alt Identical: 59715 / 59889
2504 / 2504 Individuals included in Reference
Extraction of 5008 Haplotypes Complete!
Markers called 28644 / 59715
Successfully saved to: ./Empirical/HO/Biaka_2/chr7/
Successfully loaded Data from: ./Empirical/HO/Biaka_2/chr7/
Loaded Emission Model: diploid_gt
Loaded Transition Model: model
Loaded Post Processing Model: Standard
Minimum Genetic Map: 0.0000
Maximum Genetic Map: 1.8715
Gaps bigger than 0.1 cM: 326
Maximum Gap: 1.0884 cM
Loaded Transition and Emission Matrix:
(3, 3)
(5009, 28644)
Loaded Observations:
(2, 28644)
Memory Usage: 1493.426176 mB
Reference Number: 5008
Total Log likelihood: -21130.451
Memory Usage: 1493.426176 mB
Finished Calculation State Posteriors
Saved Zero State Posterior to ./Empirical/HO/Biaka_2/chr7/.
Successfully loaded for PP. from ./Empirical/HO/Biaka_2/chr7/
Fraction Markers in ROH: 0.1339
Merged n=0 gaps < 0.0 M
Called n=1 ROH Blocks > 1.0 cM
Longest Block: 1.304
Successfully saved to ./Empirical/HO/Biaka_2/chr7/roh.csv
Using Low-Mem Cython Linear Speed Up.
Loaded Pre Processing Model: SardHDF5
Loading Individual: Biaka_2

Loaded 1145647 variants
Loaded 4616 individuals
HDF5 loaded from ./Data/Marcus2019_1240k/mod_reich_sardinia_ancients_rev_mrg_dedup_3trm_anno.h5

Loaded 61133 variants
Loaded 2504 individuals
HDF5 loaded from ./Data/1000Genomes/HDF5/1240kHDF5/all1240/chr8.hdf5

Intersection on Positions: 61130
Nr of Matching Refs: 61022 / 61130
Full Intersection Ref/Alt Identical: 60960 / 61130
2504 / 2504 Individuals included in Reference
Extraction of 5008 Haplotypes Complete!
Markers called 28422 / 60960
Successfully saved to: ./Empirical/HO/Biaka_2/chr8/
Successfully loaded Data from: ./Empirical/HO/Biaka_2/chr8/
Loaded Emission Model: diploid_gt
Loaded Transition Model: model
Loaded Post Processing Model: Standard
Minimum Genetic Map: 0.0001
Maximum Genetic Map: 1.6800
Gaps bigger than 0.1 cM: 253
Maximum Gap: 3.5052 cM
Loaded Transition and Emission Matrix:
(3, 3)
(5009, 28422)
Loaded Observations:
(2, 28422)
Memory Usage: 1483.419648 mB
Reference Number: 5008
Total Log likelihood: -20578.055
Memory Usage: 1483.419648 mB
Finished Calculation State Posteriors
Saved Zero State Posterior to ./Empirical/HO/Biaka_2/chr8/.
Successfully loaded for PP. from ./Empirical/HO/Biaka_2/chr8/
Fraction Markers in ROH: 0.1955
Merged n=0 gaps < 0.0 M
Called n=2 ROH Blocks > 1.0 cM
Longest Block: 2.157
Successfully saved to ./Empirical/HO/Biaka_2/chr8/roh.csv
Using Low-Mem Cython Linear Speed Up.
Loaded Pre Processing Model: SardHDF5
Loading Individual: Biaka_2

Loaded 1145647 variants
Loaded 4616 individuals
HDF5 loaded from ./Data/Marcus2019_1240k/mod_reich_sardinia_ancients_rev_mrg_dedup_3trm_anno.h5

Loaded 50668 variants
Loaded 2504 individuals
HDF5 loaded from ./Data/1000Genomes/HDF5/1240kHDF5/all1240/chr9.hdf5

Intersection on Positions: 50668
Nr of Matching Refs: 50539 / 50668
Full Intersection Ref/Alt Identical: 50493 / 50668
2504 / 2504 Individuals included in Reference
Extraction of 5008 Haplotypes Complete!
Markers called 23603 / 50493
Successfully saved to: ./Empirical/HO/Biaka_2/chr9/
Successfully loaded Data from: ./Empirical/HO/Biaka_2/chr9/
Loaded Emission Model: diploid_gt
Loaded Transition Model: model
Loaded Post Processing Model: Standard
Minimum Genetic Map: 0.0016
Maximum Genetic Map: 1.6630
Gaps bigger than 0.1 cM: 300
Maximum Gap: 2.3454 cM
Loaded Transition and Emission Matrix:
(3, 3)
(5009, 23603)
Loaded Observations:
(2, 23603)
Memory Usage: 1266.180096 mB
Reference Number: 5008
Total Log likelihood: -18142.522
Memory Usage: 1266.180096 mB
Finished Calculation State Posteriors
Saved Zero State Posterior to ./Empirical/HO/Biaka_2/chr9/.
Successfully loaded for PP. from ./Empirical/HO/Biaka_2/chr9/
Fraction Markers in ROH: 0.1144
Called n=0 ROH Blocks > 1.0 cM
Longest Block: nan
Successfully saved to ./Empirical/HO/Biaka_2/chr9/roh.csv
Using Low-Mem Cython Linear Speed Up.
Loaded Pre Processing Model: SardHDF5
Loading Individual: Biaka_2

Loaded 1145647 variants
Loaded 4616 individuals
HDF5 loaded from ./Data/Marcus2019_1240k/mod_reich_sardinia_ancients_rev_mrg_dedup_3trm_anno.h5

Loaded 58804 variants
Loaded 2504 individuals
HDF5 loaded from ./Data/1000Genomes/HDF5/1240kHDF5/all1240/chr10.hdf5

Intersection on Positions: 58803
Nr of Matching Refs: 58657 / 58803
Full Intersection Ref/Alt Identical: 58591 / 58803
2504 / 2504 Individuals included in Reference
Extraction of 5008 Haplotypes Complete!
Markers called 30445 / 58591
Successfully saved to: ./Empirical/HO/Biaka_2/chr10/
Successfully loaded Data from: ./Empirical/HO/Biaka_2/chr10/
Loaded Emission Model: diploid_gt
Loaded Transition Model: model
Loaded Post Processing Model: Standard
Minimum Genetic Map: 0.0001
Maximum Genetic Map: 1.8089
Gaps bigger than 0.1 cM: 264
Maximum Gap: 2.0338 cM
Loaded Transition and Emission Matrix:
(3, 3)
(5009, 30445)
Loaded Observations:
(2, 30445)
Memory Usage: 1574.617088 mB
Reference Number: 5008
Total Log likelihood: -22288.730
Memory Usage: 1574.617088 mB
Finished Calculation State Posteriors
Saved Zero State Posterior to ./Empirical/HO/Biaka_2/chr10/.
Successfully loaded for PP. from ./Empirical/HO/Biaka_2/chr10/
Fraction Markers in ROH: 0.1496
Merged n=0 gaps < 0.0 M
Called n=2 ROH Blocks > 1.0 cM
Longest Block: 2.605
Successfully saved to ./Empirical/HO/Biaka_2/chr10/roh.csv
Using Low-Mem Cython Linear Speed Up.
Loaded Pre Processing Model: SardHDF5
Loading Individual: Biaka_2

Loaded 1145647 variants
Loaded 4616 individuals
HDF5 loaded from ./Data/Marcus2019_1240k/mod_reich_sardinia_ancients_rev_mrg_dedup_3trm_anno.h5

Loaded 54833 variants
Loaded 2504 individuals
HDF5 loaded from ./Data/1000Genomes/HDF5/1240kHDF5/all1240/chr11.hdf5

Intersection on Positions: 54831
Nr of Matching Refs: 54669 / 54831
Full Intersection Ref/Alt Identical: 54616 / 54831
2504 / 2504 Individuals included in Reference
Extraction of 5008 Haplotypes Complete!
Markers called 28018 / 54616
Successfully saved to: ./Empirical/HO/Biaka_2/chr11/
Successfully loaded Data from: ./Empirical/HO/Biaka_2/chr11/
Loaded Emission Model: diploid_gt
Loaded Transition Model: model
Loaded Post Processing Model: Standard
Minimum Genetic Map: 0.0000
Maximum Genetic Map: 1.5822
Gaps bigger than 0.1 cM: 247
Maximum Gap: 0.5683 cM
Loaded Transition and Emission Matrix:
(3, 3)
(5009, 28018)
Loaded Observations:
(2, 28018)
Memory Usage: 1465.208832 mB
Reference Number: 5008
Total Log likelihood: -20491.448
Memory Usage: 1465.208832 mB
Finished Calculation State Posteriors
Saved Zero State Posterior to ./Empirical/HO/Biaka_2/chr11/.
Successfully loaded for PP. from ./Empirical/HO/Biaka_2/chr11/
Fraction Markers in ROH: 0.1257
Merged n=0 gaps < 0.0 M
Called n=1 ROH Blocks > 1.0 cM
Longest Block: 1.028
Successfully saved to ./Empirical/HO/Biaka_2/chr11/roh.csv
Using Low-Mem Cython Linear Speed Up.
Loaded Pre Processing Model: SardHDF5
Loading Individual: Biaka_2

Loaded 1145647 variants
Loaded 4616 individuals
HDF5 loaded from ./Data/Marcus2019_1240k/mod_reich_sardinia_ancients_rev_mrg_dedup_3trm_anno.h5

Loaded 53911 variants
Loaded 2504 individuals
HDF5 loaded from ./Data/1000Genomes/HDF5/1240kHDF5/all1240/chr12.hdf5

Intersection on Positions: 53911
Nr of Matching Refs: 53713 / 53911
Full Intersection Ref/Alt Identical: 53672 / 53911
2504 / 2504 Individuals included in Reference
Extraction of 5008 Haplotypes Complete!
Markers called 27242 / 53672
Successfully saved to: ./Empirical/HO/Biaka_2/chr12/
Successfully loaded Data from: ./Empirical/HO/Biaka_2/chr12/
Loaded Emission Model: diploid_gt
Loaded Transition Model: model
Loaded Post Processing Model: Standard
Minimum Genetic Map: 0.0009
Maximum Genetic Map: 1.7468
Gaps bigger than 0.1 cM: 286
Maximum Gap: 0.8015 cM
Loaded Transition and Emission Matrix:
(3, 3)
(5009, 27242)
Loaded Observations:
(2, 27242)
Memory Usage: 1430.237184 mB
Reference Number: 5008
Total Log likelihood: -19922.963
Memory Usage: 1430.237184 mB
Finished Calculation State Posteriors
Saved Zero State Posterior to ./Empirical/HO/Biaka_2/chr12/.
Successfully loaded for PP. from ./Empirical/HO/Biaka_2/chr12/
Fraction Markers in ROH: 0.1369
Merged n=0 gaps < 0.0 M
Called n=1 ROH Blocks > 1.0 cM
Longest Block: 1.108
Successfully saved to ./Empirical/HO/Biaka_2/chr12/roh.csv
Using Low-Mem Cython Linear Speed Up.
Loaded Pre Processing Model: SardHDF5
Loading Individual: Biaka_2

Loaded 1145647 variants
Loaded 4616 individuals
HDF5 loaded from ./Data/Marcus2019_1240k/mod_reich_sardinia_ancients_rev_mrg_dedup_3trm_anno.h5

Loaded 39018 variants
Loaded 2504 individuals
HDF5 loaded from ./Data/1000Genomes/HDF5/1240kHDF5/all1240/chr13.hdf5

Intersection on Positions: 39015
Nr of Matching Refs: 38885 / 39015
Full Intersection Ref/Alt Identical: 38841 / 39015
2504 / 2504 Individuals included in Reference
Extraction of 5008 Haplotypes Complete!
Markers called 17846 / 38841
Successfully saved to: ./Empirical/HO/Biaka_2/chr13/
Successfully loaded Data from: ./Empirical/HO/Biaka_2/chr13/
Loaded Emission Model: diploid_gt
Loaded Transition Model: model
Loaded Post Processing Model: Standard
Minimum Genetic Map: 0.0028
Maximum Genetic Map: 1.2570
Gaps bigger than 0.1 cM: 229
Maximum Gap: 1.2234 cM
Loaded Transition and Emission Matrix:
(3, 3)
(5009, 17846)
Loaded Observations:
(2, 17846)
Memory Usage: 1006.665728 mB
Reference Number: 5008
Total Log likelihood: -13336.444
Memory Usage: 1006.665728 mB
Finished Calculation State Posteriors
Saved Zero State Posterior to ./Empirical/HO/Biaka_2/chr13/.
Successfully loaded for PP. from ./Empirical/HO/Biaka_2/chr13/
Fraction Markers in ROH: 0.1017
Called n=0 ROH Blocks > 1.0 cM
Longest Block: nan
Successfully saved to ./Empirical/HO/Biaka_2/chr13/roh.csv
Using Low-Mem Cython Linear Speed Up.
Loaded Pre Processing Model: SardHDF5
Loading Individual: Biaka_2

Loaded 1145647 variants
Loaded 4616 individuals
HDF5 loaded from ./Data/Marcus2019_1240k/mod_reich_sardinia_ancients_rev_mrg_dedup_3trm_anno.h5

Loaded 36301 variants
Loaded 2504 individuals
HDF5 loaded from ./Data/1000Genomes/HDF5/1240kHDF5/all1240/chr14.hdf5

Intersection on Positions: 36301
Nr of Matching Refs: 36166 / 36301
Full Intersection Ref/Alt Identical: 36126 / 36301
2504 / 2504 Individuals included in Reference
Extraction of 5008 Haplotypes Complete!
Markers called 18659 / 36126
Successfully saved to: ./Empirical/HO/Biaka_2/chr14/
Successfully loaded Data from: ./Empirical/HO/Biaka_2/chr14/
Loaded Emission Model: diploid_gt
Loaded Transition Model: model
Loaded Post Processing Model: Standard
Minimum Genetic Map: 0.0184
Maximum Genetic Map: 1.2020
Gaps bigger than 0.1 cM: 192
Maximum Gap: 3.5856 cM
Loaded Transition and Emission Matrix:
(3, 3)
(5009, 18659)
Loaded Observations:
(2, 18659)
Memory Usage: 1043.06688 mB
Reference Number: 5008
Total Log likelihood: -14148.076
Memory Usage: 1043.06688 mB
Finished Calculation State Posteriors
Saved Zero State Posterior to ./Empirical/HO/Biaka_2/chr14/.
Successfully loaded for PP. from ./Empirical/HO/Biaka_2/chr14/
Fraction Markers in ROH: 0.0957
Called n=0 ROH Blocks > 1.0 cM
Longest Block: nan
Successfully saved to ./Empirical/HO/Biaka_2/chr14/roh.csv
Using Low-Mem Cython Linear Speed Up.
Loaded Pre Processing Model: SardHDF5
Loading Individual: Biaka_2

Loaded 1145647 variants
Loaded 4616 individuals
HDF5 loaded from ./Data/Marcus2019_1240k/mod_reich_sardinia_ancients_rev_mrg_dedup_3trm_anno.h5

Loaded 34429 variants
Loaded 2504 individuals
HDF5 loaded from ./Data/1000Genomes/HDF5/1240kHDF5/all1240/chr15.hdf5

Intersection on Positions: 34425
Nr of Matching Refs: 34285 / 34425
Full Intersection Ref/Alt Identical: 34249 / 34425
2504 / 2504 Individuals included in Reference
Extraction of 5008 Haplotypes Complete!
Markers called 18017 / 34249
Successfully saved to: ./Empirical/HO/Biaka_2/chr15/
Successfully loaded Data from: ./Empirical/HO/Biaka_2/chr15/
Loaded Emission Model: diploid_gt
Loaded Transition Model: model
Loaded Post Processing Model: Standard
Minimum Genetic Map: 0.0002
Maximum Genetic Map: 1.4133
Gaps bigger than 0.1 cM: 202
Maximum Gap: 13.7876 cM
Loaded Transition and Emission Matrix:
(3, 3)
(5009, 18017)
Loaded Observations:
(2, 18017)
Memory Usage: 1014.12864 mB
Reference Number: 5008
Total Log likelihood: -13620.408
Memory Usage: 1014.12864 mB
Finished Calculation State Posteriors
Saved Zero State Posterior to ./Empirical/HO/Biaka_2/chr15/.
Successfully loaded for PP. from ./Empirical/HO/Biaka_2/chr15/
Fraction Markers in ROH: 0.1298
Merged n=0 gaps < 0.0 M
Called n=2 ROH Blocks > 1.0 cM
Longest Block: 2.559
Successfully saved to ./Empirical/HO/Biaka_2/chr15/roh.csv
Using Low-Mem Cython Linear Speed Up.
Loaded Pre Processing Model: SardHDF5
Loading Individual: Biaka_2

Loaded 1145647 variants
Loaded 4616 individuals
HDF5 loaded from ./Data/Marcus2019_1240k/mod_reich_sardinia_ancients_rev_mrg_dedup_3trm_anno.h5

Loaded 34402 variants
Loaded 2504 individuals
HDF5 loaded from ./Data/1000Genomes/HDF5/1240kHDF5/all1240/chr16.hdf5

Intersection on Positions: 34399
Nr of Matching Refs: 34254 / 34399
Full Intersection Ref/Alt Identical: 34201 / 34399
2504 / 2504 Individuals included in Reference
Extraction of 5008 Haplotypes Complete!
Markers called 18244 / 34201
Successfully saved to: ./Empirical/HO/Biaka_2/chr16/
Successfully loaded Data from: ./Empirical/HO/Biaka_2/chr16/
Loaded Emission Model: diploid_gt
Loaded Transition Model: model
Loaded Post Processing Model: Standard
Minimum Genetic Map: 0.0001
Maximum Genetic Map: 1.3402
Gaps bigger than 0.1 cM: 228
Maximum Gap: 0.9354 cM
Loaded Transition and Emission Matrix:
(3, 3)
(5009, 18244)
Loaded Observations:
(2, 18244)
Memory Usage: 1024.364544 mB
Reference Number: 5008
Total Log likelihood: -13492.424
Memory Usage: 1024.364544 mB
Finished Calculation State Posteriors
Saved Zero State Posterior to ./Empirical/HO/Biaka_2/chr16/.
Successfully loaded for PP. from ./Empirical/HO/Biaka_2/chr16/
Fraction Markers in ROH: 0.1261
Merged n=0 gaps < 0.0 M
Called n=1 ROH Blocks > 1.0 cM
Longest Block: 1.654
Successfully saved to ./Empirical/HO/Biaka_2/chr16/roh.csv
Using Low-Mem Cython Linear Speed Up.
Loaded Pre Processing Model: SardHDF5
Loading Individual: Biaka_2

Loaded 1145647 variants
Loaded 4616 individuals
HDF5 loaded from ./Data/Marcus2019_1240k/mod_reich_sardinia_ancients_rev_mrg_dedup_3trm_anno.h5

Loaded 29314 variants
Loaded 2504 individuals
HDF5 loaded from ./Data/1000Genomes/HDF5/1240kHDF5/all1240/chr17.hdf5

Intersection on Positions: 29313
Nr of Matching Refs: 29159 / 29313
Full Intersection Ref/Alt Identical: 29124 / 29313
2504 / 2504 Individuals included in Reference
Extraction of 5008 Haplotypes Complete!
Markers called 15215 / 29124
Successfully saved to: ./Empirical/HO/Biaka_2/chr17/
Successfully loaded Data from: ./Empirical/HO/Biaka_2/chr17/
Loaded Emission Model: diploid_gt
Loaded Transition Model: model
Loaded Post Processing Model: Standard
Minimum Genetic Map: -0.0003
Maximum Genetic Map: 1.2845
Gaps bigger than 0.1 cM: 225
Maximum Gap: 1.2355 cM
Loaded Transition and Emission Matrix:
(3, 3)
(5009, 15215)
Loaded Observations:
(2, 15215)
Memory Usage: 887.840768 mB
Reference Number: 5008
Total Log likelihood: -11389.117
Memory Usage: 887.840768 mB
Finished Calculation State Posteriors
Saved Zero State Posterior to ./Empirical/HO/Biaka_2/chr17/.
Successfully loaded for PP. from ./Empirical/HO/Biaka_2/chr17/
Fraction Markers in ROH: 0.0933
Called n=0 ROH Blocks > 1.0 cM
Longest Block: nan
Successfully saved to ./Empirical/HO/Biaka_2/chr17/roh.csv
Using Low-Mem Cython Linear Speed Up.
Loaded Pre Processing Model: SardHDF5
Loading Individual: Biaka_2

Loaded 1145647 variants
Loaded 4616 individuals
HDF5 loaded from ./Data/Marcus2019_1240k/mod_reich_sardinia_ancients_rev_mrg_dedup_3trm_anno.h5

Loaded 33917 variants
Loaded 2504 individuals
HDF5 loaded from ./Data/1000Genomes/HDF5/1240kHDF5/all1240/chr18.hdf5

Intersection on Positions: 33916
Nr of Matching Refs: 33774 / 33916
Full Intersection Ref/Alt Identical: 33746 / 33916
2504 / 2504 Individuals included in Reference
Extraction of 5008 Haplotypes Complete!
Markers called 17120 / 33746
Successfully saved to: ./Empirical/HO/Biaka_2/chr18/
Successfully loaded Data from: ./Empirical/HO/Biaka_2/chr18/
Loaded Emission Model: diploid_gt
Loaded Transition Model: model
Loaded Post Processing Model: Standard
Minimum Genetic Map: 0.0027
Maximum Genetic Map: 1.1771
Gaps bigger than 0.1 cM: 195
Maximum Gap: 0.8037 cM
Loaded Transition and Emission Matrix:
(3, 3)
(5009, 17120)
Loaded Observations:
(2, 17120)
Memory Usage: 973.709312 mB
Reference Number: 5008
Total Log likelihood: -12806.500
Memory Usage: 973.709312 mB
Finished Calculation State Posteriors
Saved Zero State Posterior to ./Empirical/HO/Biaka_2/chr18/.
Successfully loaded for PP. from ./Empirical/HO/Biaka_2/chr18/
Fraction Markers in ROH: 0.1264
Called n=0 ROH Blocks > 1.0 cM
Longest Block: nan
Successfully saved to ./Empirical/HO/Biaka_2/chr18/roh.csv
Using Low-Mem Cython Linear Speed Up.
Loaded Pre Processing Model: SardHDF5
Loading Individual: Biaka_2

Loaded 1145647 variants
Loaded 4616 individuals
HDF5 loaded from ./Data/Marcus2019_1240k/mod_reich_sardinia_ancients_rev_mrg_dedup_3trm_anno.h5

Loaded 18460 variants
Loaded 2504 individuals
HDF5 loaded from ./Data/1000Genomes/HDF5/1240kHDF5/all1240/chr19.hdf5

Intersection on Positions: 18459
Nr of Matching Refs: 18381 / 18459
Full Intersection Ref/Alt Identical: 18340 / 18459
2504 / 2504 Individuals included in Reference
Extraction of 5008 Haplotypes Complete!
Markers called 8689 / 18340
Successfully saved to: ./Empirical/HO/Biaka_2/chr19/
Successfully loaded Data from: ./Empirical/HO/Biaka_2/chr19/
Loaded Emission Model: diploid_gt
Loaded Transition Model: model
Loaded Post Processing Model: Standard
Minimum Genetic Map: 0.0000
Maximum Genetic Map: 1.0773
Gaps bigger than 0.1 cM: 287
Maximum Gap: 0.6354 cM
Loaded Transition and Emission Matrix:
(3, 3)
(5009, 8689)
Loaded Observations:
(2, 8689)
Memory Usage: 593.649664 mB
Reference Number: 5008
Total Log likelihood: -6568.108
Memory Usage: 593.649664 mB
Finished Calculation State Posteriors
Saved Zero State Posterior to ./Empirical/HO/Biaka_2/chr19/.
Successfully loaded for PP. from ./Empirical/HO/Biaka_2/chr19/
Fraction Markers in ROH: 0.0887
Called n=0 ROH Blocks > 1.0 cM
Longest Block: nan
Successfully saved to ./Empirical/HO/Biaka_2/chr19/roh.csv
Using Low-Mem Cython Linear Speed Up.
Loaded Pre Processing Model: SardHDF5
Loading Individual: Biaka_2

Loaded 1145647 variants
Loaded 4616 individuals
HDF5 loaded from ./Data/Marcus2019_1240k/mod_reich_sardinia_ancients_rev_mrg_dedup_3trm_anno.h5

Loaded 29078 variants
Loaded 2504 individuals
HDF5 loaded from ./Data/1000Genomes/HDF5/1240kHDF5/all1240/chr20.hdf5

Intersection on Positions: 29077
Nr of Matching Refs: 28908 / 29077
Full Intersection Ref/Alt Identical: 28864 / 29077
2504 / 2504 Individuals included in Reference
Extraction of 5008 Haplotypes Complete!
Markers called 15337 / 28864
Successfully saved to: ./Empirical/HO/Biaka_2/chr20/
Successfully loaded Data from: ./Empirical/HO/Biaka_2/chr20/
Loaded Emission Model: diploid_gt
Loaded Transition Model: model
Loaded Post Processing Model: Standard
Minimum Genetic Map: 0.0008
Maximum Genetic Map: 1.0821
Gaps bigger than 0.1 cM: 202
Maximum Gap: 0.4744 cM
Loaded Transition and Emission Matrix:
(3, 3)
(5009, 15337)
Loaded Observations:
(2, 15337)
Memory Usage: 893.333504 mB
Reference Number: 5008
Total Log likelihood: -11239.633
Memory Usage: 893.333504 mB
Finished Calculation State Posteriors
Saved Zero State Posterior to ./Empirical/HO/Biaka_2/chr20/.
Successfully loaded for PP. from ./Empirical/HO/Biaka_2/chr20/
Fraction Markers in ROH: 0.1642
Merged n=0 gaps < 0.0 M
Called n=2 ROH Blocks > 1.0 cM
Longest Block: 1.826
Successfully saved to ./Empirical/HO/Biaka_2/chr20/roh.csv
Using Low-Mem Cython Linear Speed Up.
Loaded Pre Processing Model: SardHDF5
Loading Individual: Biaka_2

Loaded 1145647 variants
Loaded 4616 individuals
HDF5 loaded from ./Data/Marcus2019_1240k/mod_reich_sardinia_ancients_rev_mrg_dedup_3trm_anno.h5

Loaded 16038 variants
Loaded 2504 individuals
HDF5 loaded from ./Data/1000Genomes/HDF5/1240kHDF5/all1240/chr21.hdf5

Intersection on Positions: 16036
Nr of Matching Refs: 15949 / 16036
Full Intersection Ref/Alt Identical: 15930 / 16036
2504 / 2504 Individuals included in Reference
Extraction of 5008 Haplotypes Complete!
Markers called 7890 / 15930
Successfully saved to: ./Empirical/HO/Biaka_2/chr21/
Successfully loaded Data from: ./Empirical/HO/Biaka_2/chr21/
Loaded Emission Model: diploid_gt
Loaded Transition Model: model
Loaded Post Processing Model: Standard
Minimum Genetic Map: 0.0145
Maximum Genetic Map: 0.6277
Gaps bigger than 0.1 cM: 119
Maximum Gap: 0.7121 cM
Loaded Transition and Emission Matrix:
(3, 3)
(5009, 7890)
Loaded Observations:
(2, 7890)
Memory Usage: 557.633536 mB
Reference Number: 5008
Total Log likelihood: -6058.939
Memory Usage: 557.633536 mB
Finished Calculation State Posteriors
Saved Zero State Posterior to ./Empirical/HO/Biaka_2/chr21/.
Successfully loaded for PP. from ./Empirical/HO/Biaka_2/chr21/
Fraction Markers in ROH: 0.1283
Called n=0 ROH Blocks > 1.0 cM
Longest Block: nan
Successfully saved to ./Empirical/HO/Biaka_2/chr21/roh.csv
Using Low-Mem Cython Linear Speed Up.
Loaded Pre Processing Model: SardHDF5
Loading Individual: Biaka_2

Loaded 1145647 variants
Loaded 4616 individuals
HDF5 loaded from ./Data/Marcus2019_1240k/mod_reich_sardinia_ancients_rev_mrg_dedup_3trm_anno.h5

Loaded 15802 variants
Loaded 2504 individuals
HDF5 loaded from ./Data/1000Genomes/HDF5/1240kHDF5/all1240/chr22.hdf5

Intersection on Positions: 15802
Nr of Matching Refs: 15704 / 15802
Full Intersection Ref/Alt Identical: 15684 / 15802
2504 / 2504 Individuals included in Reference
Extraction of 5008 Haplotypes Complete!
Markers called 7701 / 15684
Successfully saved to: ./Empirical/HO/Biaka_2/chr22/
Successfully loaded Data from: ./Empirical/HO/Biaka_2/chr22/
Loaded Emission Model: diploid_gt
Loaded Transition Model: model
Loaded Post Processing Model: Standard
Minimum Genetic Map: 0.0178
Maximum Genetic Map: 0.7408
Gaps bigger than 0.1 cM: 150
Maximum Gap: 1.7139 cM
Loaded Transition and Emission Matrix:
(3, 3)
(5009, 7701)
Loaded Observations:
(2, 7701)
Memory Usage: 549.117952 mB
Reference Number: 5008
Total Log likelihood: -5304.160
Memory Usage: 549.117952 mB
Finished Calculation State Posteriors
Saved Zero State Posterior to ./Empirical/HO/Biaka_2/chr22/.
Successfully loaded for PP. from ./Empirical/HO/Biaka_2/chr22/
Fraction Markers in ROH: 0.2208
Merged n=0 gaps < 0.0 M
Called n=3 ROH Blocks > 1.0 cM
Longest Block: 2.478
Successfully saved to ./Empirical/HO/Biaka_2/chr22/roh.csv
Run for Individual Biaka_2: Complete! Yeah!!
