Doing Individual Hazara_10...
Using Low-Mem Cython Linear Speed Up.
Loaded Pre Processing Model: SardHDF5
Loading Individual: Hazara_10

Loaded 1145647 variants
Loaded 4616 individuals
HDF5 loaded from ./Data/Marcus2019_1240k/mod_reich_sardinia_ancients_rev_mrg_dedup_3trm_anno.h5

Loaded 89147 variants
Loaded 2504 individuals
HDF5 loaded from ./Data/1000Genomes/HDF5/1240kHDF5/all1240/chr1.hdf5

Intersection on Positions: 89143
Nr of Matching Refs: 89143 / 89143
Full Intersection Ref/Alt Identical: 89079 / 89143
2504 / 2504 Individuals included in Reference
Extraction of 5008 Haplotypes Complete!
Markers called 47469 / 89079
Successfully saved to: ./Empirical/HO/Hazara_10/chr1/
Successfully loaded Data from: ./Empirical/HO/Hazara_10/chr1/
Loaded Emission Model: diploid_gt
Loaded Transition Model: model
Loaded Post Processing Model: Standard
Minimum Genetic Map: 0.0201
Maximum Genetic Map: 2.8623
Gaps bigger than 0.1 cM: 425
Maximum Gap: 3.9814 cM
Loaded Transition and Emission Matrix:
(3, 3)
(5009, 47469)
Loaded Observations:
(2, 47469)
Memory Usage: 2325.348352 mB
Reference Number: 5008
Total Log likelihood: -24165.588
Memory Usage: 2325.807104 mB
Finished Calculation State Posteriors
Saved Zero State Posterior to ./Empirical/HO/Hazara_10/chr1/.
Successfully loaded for PP. from ./Empirical/HO/Hazara_10/chr1/
Fraction Markers in ROH: 0.2331
Called n=0 ROH Blocks > 1.0 cM
Longest Block: nan
Successfully saved to ./Empirical/HO/Hazara_10/chr1/roh.csv
Using Low-Mem Cython Linear Speed Up.
Loaded Pre Processing Model: SardHDF5
Loading Individual: Hazara_10

Loaded 1145647 variants
Loaded 4616 individuals
HDF5 loaded from ./Data/Marcus2019_1240k/mod_reich_sardinia_ancients_rev_mrg_dedup_3trm_anno.h5

Loaded 94239 variants
Loaded 2504 individuals
HDF5 loaded from ./Data/1000Genomes/HDF5/1240kHDF5/all1240/chr2.hdf5

Intersection on Positions: 94237
Nr of Matching Refs: 94205 / 94237
Full Intersection Ref/Alt Identical: 94137 / 94237
2504 / 2504 Individuals included in Reference
Extraction of 5008 Haplotypes Complete!
Markers called 49006 / 94137
Successfully saved to: ./Empirical/HO/Hazara_10/chr2/
Successfully loaded Data from: ./Empirical/HO/Hazara_10/chr2/
Loaded Emission Model: diploid_gt
Loaded Transition Model: model
Loaded Post Processing Model: Standard
Minimum Genetic Map: 0.0001
Maximum Genetic Map: 2.6883
Gaps bigger than 0.1 cM: 396
Maximum Gap: 2.0159 cM
Loaded Transition and Emission Matrix:
(3, 3)
(5009, 49006)
Loaded Observations:
(2, 49006)
Memory Usage: 2397.003776 mB
Reference Number: 5008
Total Log likelihood: -24767.881
Memory Usage: 2397.003776 mB
Finished Calculation State Posteriors
Saved Zero State Posterior to ./Empirical/HO/Hazara_10/chr2/.
Successfully loaded for PP. from ./Empirical/HO/Hazara_10/chr2/
Fraction Markers in ROH: 0.2706
Called n=0 ROH Blocks > 1.0 cM
Longest Block: nan
Successfully saved to ./Empirical/HO/Hazara_10/chr2/roh.csv
Using Low-Mem Cython Linear Speed Up.
Loaded Pre Processing Model: SardHDF5
Loading Individual: Hazara_10

Loaded 1145647 variants
Loaded 4616 individuals
HDF5 loaded from ./Data/Marcus2019_1240k/mod_reich_sardinia_ancients_rev_mrg_dedup_3trm_anno.h5

Loaded 77652 variants
Loaded 2504 individuals
HDF5 loaded from ./Data/1000Genomes/HDF5/1240kHDF5/all1240/chr3.hdf5

Intersection on Positions: 77650
Nr of Matching Refs: 77606 / 77650
Full Intersection Ref/Alt Identical: 77553 / 77650
2504 / 2504 Individuals included in Reference
Extraction of 5008 Haplotypes Complete!
Markers called 40627 / 77553
Successfully saved to: ./Empirical/HO/Hazara_10/chr3/
Successfully loaded Data from: ./Empirical/HO/Hazara_10/chr3/
Loaded Emission Model: diploid_gt
Loaded Transition Model: model
Loaded Post Processing Model: Standard
Minimum Genetic Map: 0.0002
Maximum Genetic Map: 2.2326
Gaps bigger than 0.1 cM: 341
Maximum Gap: 0.4179 cM
Loaded Transition and Emission Matrix:
(3, 3)
(5009, 40627)
Loaded Observations:
(2, 40627)
Memory Usage: 2033.332224 mB
Reference Number: 5008
Total Log likelihood: -20157.151
Memory Usage: 2033.332224 mB
Finished Calculation State Posteriors
Saved Zero State Posterior to ./Empirical/HO/Hazara_10/chr3/.
Successfully loaded for PP. from ./Empirical/HO/Hazara_10/chr3/
Fraction Markers in ROH: 0.2921
Merged n=0 gaps < 0.0 M
Called n=2 ROH Blocks > 1.0 cM
Longest Block: 6.696
Successfully saved to ./Empirical/HO/Hazara_10/chr3/roh.csv
Using Low-Mem Cython Linear Speed Up.
Loaded Pre Processing Model: SardHDF5
Loading Individual: Hazara_10

Loaded 1145647 variants
Loaded 4616 individuals
HDF5 loaded from ./Data/Marcus2019_1240k/mod_reich_sardinia_ancients_rev_mrg_dedup_3trm_anno.h5

Loaded 68759 variants
Loaded 2504 individuals
HDF5 loaded from ./Data/1000Genomes/HDF5/1240kHDF5/all1240/chr4.hdf5

Intersection on Positions: 68759
Nr of Matching Refs: 68709 / 68759
Full Intersection Ref/Alt Identical: 68663 / 68759
2504 / 2504 Individuals included in Reference
Extraction of 5008 Haplotypes Complete!
Markers called 34039 / 68663
Successfully saved to: ./Empirical/HO/Hazara_10/chr4/
Successfully loaded Data from: ./Empirical/HO/Hazara_10/chr4/
Loaded Emission Model: diploid_gt
Loaded Transition Model: model
Loaded Post Processing Model: Standard
Minimum Genetic Map: 0.0034
Maximum Genetic Map: 2.1454
Gaps bigger than 0.1 cM: 334
Maximum Gap: 2.1375 cM
Loaded Transition and Emission Matrix:
(3, 3)
(5009, 34039)
Loaded Observations:
(2, 34039)
Memory Usage: 1736.531968 mB
Reference Number: 5008
Total Log likelihood: -17076.556
Memory Usage: 1736.531968 mB
Finished Calculation State Posteriors
Saved Zero State Posterior to ./Empirical/HO/Hazara_10/chr4/.
Successfully loaded for PP. from ./Empirical/HO/Hazara_10/chr4/
Fraction Markers in ROH: 0.2854
Merged n=0 gaps < 0.0 M
Called n=1 ROH Blocks > 1.0 cM
Longest Block: 5.496
Successfully saved to ./Empirical/HO/Hazara_10/chr4/roh.csv
Using Low-Mem Cython Linear Speed Up.
Loaded Pre Processing Model: SardHDF5
Loading Individual: Hazara_10

Loaded 1145647 variants
Loaded 4616 individuals
HDF5 loaded from ./Data/Marcus2019_1240k/mod_reich_sardinia_ancients_rev_mrg_dedup_3trm_anno.h5

Loaded 69399 variants
Loaded 2504 individuals
HDF5 loaded from ./Data/1000Genomes/HDF5/1240kHDF5/all1240/chr5.hdf5

Intersection on Positions: 69394
Nr of Matching Refs: 69307 / 69394
Full Intersection Ref/Alt Identical: 69252 / 69394
2504 / 2504 Individuals included in Reference
Extraction of 5008 Haplotypes Complete!
Markers called 34204 / 69252
Successfully saved to: ./Empirical/HO/Hazara_10/chr5/
Successfully loaded Data from: ./Empirical/HO/Hazara_10/chr5/
Loaded Emission Model: diploid_gt
Loaded Transition Model: model
Loaded Post Processing Model: Standard
Minimum Genetic Map: 0.0004
Maximum Genetic Map: 2.0409
Gaps bigger than 0.1 cM: 340
Maximum Gap: 1.0498 cM
Loaded Transition and Emission Matrix:
(3, 3)
(5009, 34204)
Loaded Observations:
(2, 34204)
Memory Usage: 1744.019456 mB
Reference Number: 5008
Total Log likelihood: -17126.636
Memory Usage: 1744.019456 mB
Finished Calculation State Posteriors
Saved Zero State Posterior to ./Empirical/HO/Hazara_10/chr5/.
Successfully loaded for PP. from ./Empirical/HO/Hazara_10/chr5/
Fraction Markers in ROH: 0.2735
Merged n=0 gaps < 0.0 M
Called n=2 ROH Blocks > 1.0 cM
Longest Block: 4.822
Successfully saved to ./Empirical/HO/Hazara_10/chr5/roh.csv
Using Low-Mem Cython Linear Speed Up.
Loaded Pre Processing Model: SardHDF5
Loading Individual: Hazara_10

Loaded 1145647 variants
Loaded 4616 individuals
HDF5 loaded from ./Data/Marcus2019_1240k/mod_reich_sardinia_ancients_rev_mrg_dedup_3trm_anno.h5

Loaded 75870 variants
Loaded 2504 individuals
HDF5 loaded from ./Data/1000Genomes/HDF5/1240kHDF5/all1240/chr6.hdf5

Intersection on Positions: 75866
Nr of Matching Refs: 75743 / 75866
Full Intersection Ref/Alt Identical: 75675 / 75866
2504 / 2504 Individuals included in Reference
Extraction of 5008 Haplotypes Complete!
Markers called 34006 / 75675
Successfully saved to: ./Empirical/HO/Hazara_10/chr6/
Successfully loaded Data from: ./Empirical/HO/Hazara_10/chr6/
Loaded Emission Model: diploid_gt
Loaded Transition Model: model
Loaded Post Processing Model: Standard
Minimum Genetic Map: 0.0035
Maximum Genetic Map: 1.9203
Gaps bigger than 0.1 cM: 287
Maximum Gap: 0.5072 cM
Loaded Transition and Emission Matrix:
(3, 3)
(5009, 34006)
Loaded Observations:
(2, 34006)
Memory Usage: 1735.110656 mB
Reference Number: 5008
Total Log likelihood: -16120.283
Memory Usage: 1735.110656 mB
Finished Calculation State Posteriors
Saved Zero State Posterior to ./Empirical/HO/Hazara_10/chr6/.
Successfully loaded for PP. from ./Empirical/HO/Hazara_10/chr6/
Fraction Markers in ROH: 0.3318
Merged n=0 gaps < 0.0 M
Called n=4 ROH Blocks > 1.0 cM
Longest Block: 14.243
Successfully saved to ./Empirical/HO/Hazara_10/chr6/roh.csv
Using Low-Mem Cython Linear Speed Up.
Loaded Pre Processing Model: SardHDF5
Loading Individual: Hazara_10

Loaded 1145647 variants
Loaded 4616 individuals
HDF5 loaded from ./Data/Marcus2019_1240k/mod_reich_sardinia_ancients_rev_mrg_dedup_3trm_anno.h5

Loaded 59890 variants
Loaded 2504 individuals
HDF5 loaded from ./Data/1000Genomes/HDF5/1240kHDF5/all1240/chr7.hdf5

Intersection on Positions: 59889
Nr of Matching Refs: 59781 / 59889
Full Intersection Ref/Alt Identical: 59715 / 59889
2504 / 2504 Individuals included in Reference
Extraction of 5008 Haplotypes Complete!
Markers called 28692 / 59715
Successfully saved to: ./Empirical/HO/Hazara_10/chr7/
Successfully loaded Data from: ./Empirical/HO/Hazara_10/chr7/
Loaded Emission Model: diploid_gt
Loaded Transition Model: model
Loaded Post Processing Model: Standard
Minimum Genetic Map: 0.0000
Maximum Genetic Map: 1.8715
Gaps bigger than 0.1 cM: 326
Maximum Gap: 1.0884 cM
Loaded Transition and Emission Matrix:
(3, 3)
(5009, 28692)
Loaded Observations:
(2, 28692)
Memory Usage: 1495.568384 mB
Reference Number: 5008
Total Log likelihood: -15019.730
Memory Usage: 1495.568384 mB
Finished Calculation State Posteriors
Saved Zero State Posterior to ./Empirical/HO/Hazara_10/chr7/.
Successfully loaded for PP. from ./Empirical/HO/Hazara_10/chr7/
Fraction Markers in ROH: 0.2532
Called n=0 ROH Blocks > 1.0 cM
Longest Block: nan
Successfully saved to ./Empirical/HO/Hazara_10/chr7/roh.csv
Using Low-Mem Cython Linear Speed Up.
Loaded Pre Processing Model: SardHDF5
Loading Individual: Hazara_10

Loaded 1145647 variants
Loaded 4616 individuals
HDF5 loaded from ./Data/Marcus2019_1240k/mod_reich_sardinia_ancients_rev_mrg_dedup_3trm_anno.h5

Loaded 61133 variants
Loaded 2504 individuals
HDF5 loaded from ./Data/1000Genomes/HDF5/1240kHDF5/all1240/chr8.hdf5

Intersection on Positions: 61130
Nr of Matching Refs: 61022 / 61130
Full Intersection Ref/Alt Identical: 60960 / 61130
2504 / 2504 Individuals included in Reference
Extraction of 5008 Haplotypes Complete!
Markers called 28484 / 60960
Successfully saved to: ./Empirical/HO/Hazara_10/chr8/
Successfully loaded Data from: ./Empirical/HO/Hazara_10/chr8/
Loaded Emission Model: diploid_gt
Loaded Transition Model: model
Loaded Post Processing Model: Standard
Minimum Genetic Map: 0.0001
Maximum Genetic Map: 1.6800
Gaps bigger than 0.1 cM: 252
Maximum Gap: 3.5052 cM
Loaded Transition and Emission Matrix:
(3, 3)
(5009, 28484)
Loaded Observations:
(2, 28484)
Memory Usage: 1486.19264 mB
Reference Number: 5008
Total Log likelihood: -13202.325
Memory Usage: 1486.19264 mB
Finished Calculation State Posteriors
Saved Zero State Posterior to ./Empirical/HO/Hazara_10/chr8/.
Successfully loaded for PP. from ./Empirical/HO/Hazara_10/chr8/
Fraction Markers in ROH: 0.3431
Merged n=0 gaps < 0.0 M
Called n=3 ROH Blocks > 1.0 cM
Longest Block: 7.195
Successfully saved to ./Empirical/HO/Hazara_10/chr8/roh.csv
Using Low-Mem Cython Linear Speed Up.
Loaded Pre Processing Model: SardHDF5
Loading Individual: Hazara_10

Loaded 1145647 variants
Loaded 4616 individuals
HDF5 loaded from ./Data/Marcus2019_1240k/mod_reich_sardinia_ancients_rev_mrg_dedup_3trm_anno.h5

Loaded 50668 variants
Loaded 2504 individuals
HDF5 loaded from ./Data/1000Genomes/HDF5/1240kHDF5/all1240/chr9.hdf5

Intersection on Positions: 50668
Nr of Matching Refs: 50539 / 50668
Full Intersection Ref/Alt Identical: 50493 / 50668
2504 / 2504 Individuals included in Reference
Extraction of 5008 Haplotypes Complete!
Markers called 23661 / 50493
Successfully saved to: ./Empirical/HO/Hazara_10/chr9/
Successfully loaded Data from: ./Empirical/HO/Hazara_10/chr9/
Loaded Emission Model: diploid_gt
Loaded Transition Model: model
Loaded Post Processing Model: Standard
Minimum Genetic Map: 0.0016
Maximum Genetic Map: 1.6630
Gaps bigger than 0.1 cM: 300
Maximum Gap: 2.3454 cM
Loaded Transition and Emission Matrix:
(3, 3)
(5009, 23661)
Loaded Observations:
(2, 23661)
Memory Usage: 1268.77696 mB
Reference Number: 5008
Total Log likelihood: -12409.188
Memory Usage: 1268.77696 mB
Finished Calculation State Posteriors
Saved Zero State Posterior to ./Empirical/HO/Hazara_10/chr9/.
Successfully loaded for PP. from ./Empirical/HO/Hazara_10/chr9/
Fraction Markers in ROH: 0.2362
Called n=0 ROH Blocks > 1.0 cM
Longest Block: nan
Successfully saved to ./Empirical/HO/Hazara_10/chr9/roh.csv
Using Low-Mem Cython Linear Speed Up.
Loaded Pre Processing Model: SardHDF5
Loading Individual: Hazara_10

Loaded 1145647 variants
Loaded 4616 individuals
HDF5 loaded from ./Data/Marcus2019_1240k/mod_reich_sardinia_ancients_rev_mrg_dedup_3trm_anno.h5

Loaded 58804 variants
Loaded 2504 individuals
HDF5 loaded from ./Data/1000Genomes/HDF5/1240kHDF5/all1240/chr10.hdf5

Intersection on Positions: 58803
Nr of Matching Refs: 58657 / 58803
Full Intersection Ref/Alt Identical: 58591 / 58803
2504 / 2504 Individuals included in Reference
Extraction of 5008 Haplotypes Complete!
Markers called 30525 / 58591
Successfully saved to: ./Empirical/HO/Hazara_10/chr10/
Successfully loaded Data from: ./Empirical/HO/Hazara_10/chr10/
Loaded Emission Model: diploid_gt
Loaded Transition Model: model
Loaded Post Processing Model: Standard
Minimum Genetic Map: 0.0001
Maximum Genetic Map: 1.8089
Gaps bigger than 0.1 cM: 266
Maximum Gap: 2.0338 cM
Loaded Transition and Emission Matrix:
(3, 3)
(5009, 30525)
Loaded Observations:
(2, 30525)
Memory Usage: 1578.205184 mB
Reference Number: 5008
Total Log likelihood: -15245.896
Memory Usage: 1578.205184 mB
Finished Calculation State Posteriors
Saved Zero State Posterior to ./Empirical/HO/Hazara_10/chr10/.
Successfully loaded for PP. from ./Empirical/HO/Hazara_10/chr10/
Fraction Markers in ROH: 0.2866
Called n=0 ROH Blocks > 1.0 cM
Longest Block: nan
Successfully saved to ./Empirical/HO/Hazara_10/chr10/roh.csv
Using Low-Mem Cython Linear Speed Up.
Loaded Pre Processing Model: SardHDF5
Loading Individual: Hazara_10

Loaded 1145647 variants
Loaded 4616 individuals
HDF5 loaded from ./Data/Marcus2019_1240k/mod_reich_sardinia_ancients_rev_mrg_dedup_3trm_anno.h5

Loaded 54833 variants
Loaded 2504 individuals
HDF5 loaded from ./Data/1000Genomes/HDF5/1240kHDF5/all1240/chr11.hdf5

Intersection on Positions: 54831
Nr of Matching Refs: 54669 / 54831
Full Intersection Ref/Alt Identical: 54616 / 54831
2504 / 2504 Individuals included in Reference
Extraction of 5008 Haplotypes Complete!
Markers called 28080 / 54616
Successfully saved to: ./Empirical/HO/Hazara_10/chr11/
Successfully loaded Data from: ./Empirical/HO/Hazara_10/chr11/
Loaded Emission Model: diploid_gt
Loaded Transition Model: model
Loaded Post Processing Model: Standard
Minimum Genetic Map: 0.0000
Maximum Genetic Map: 1.5822
Gaps bigger than 0.1 cM: 248
Maximum Gap: 0.5683 cM
Loaded Transition and Emission Matrix:
(3, 3)
(5009, 28080)
Loaded Observations:
(2, 28080)
Memory Usage: 1467.994112 mB
Reference Number: 5008
Total Log likelihood: -14279.141
Memory Usage: 1467.994112 mB
Finished Calculation State Posteriors
Saved Zero State Posterior to ./Empirical/HO/Hazara_10/chr11/.
Successfully loaded for PP. from ./Empirical/HO/Hazara_10/chr11/
Fraction Markers in ROH: 0.2494
Called n=0 ROH Blocks > 1.0 cM
Longest Block: nan
Successfully saved to ./Empirical/HO/Hazara_10/chr11/roh.csv
Using Low-Mem Cython Linear Speed Up.
Loaded Pre Processing Model: SardHDF5
Loading Individual: Hazara_10

Loaded 1145647 variants
Loaded 4616 individuals
HDF5 loaded from ./Data/Marcus2019_1240k/mod_reich_sardinia_ancients_rev_mrg_dedup_3trm_anno.h5

Loaded 53911 variants
Loaded 2504 individuals
HDF5 loaded from ./Data/1000Genomes/HDF5/1240kHDF5/all1240/chr12.hdf5

Intersection on Positions: 53911
Nr of Matching Refs: 53713 / 53911
Full Intersection Ref/Alt Identical: 53672 / 53911
2504 / 2504 Individuals included in Reference
Extraction of 5008 Haplotypes Complete!
Markers called 27304 / 53672
Successfully saved to: ./Empirical/HO/Hazara_10/chr12/
Successfully loaded Data from: ./Empirical/HO/Hazara_10/chr12/
Loaded Emission Model: diploid_gt
Loaded Transition Model: model
Loaded Post Processing Model: Standard
Minimum Genetic Map: 0.0009
Maximum Genetic Map: 1.7468
Gaps bigger than 0.1 cM: 285
Maximum Gap: 0.8015 cM
Loaded Transition and Emission Matrix:
(3, 3)
(5009, 27304)
Loaded Observations:
(2, 27304)
Memory Usage: 1433.018368 mB
Reference Number: 5008
Total Log likelihood: -13292.288
Memory Usage: 1433.018368 mB
Finished Calculation State Posteriors
Saved Zero State Posterior to ./Empirical/HO/Hazara_10/chr12/.
Successfully loaded for PP. from ./Empirical/HO/Hazara_10/chr12/
Fraction Markers in ROH: 0.3375
Merged n=0 gaps < 0.0 M
Called n=1 ROH Blocks > 1.0 cM
Longest Block: 15.231
Successfully saved to ./Empirical/HO/Hazara_10/chr12/roh.csv
Using Low-Mem Cython Linear Speed Up.
Loaded Pre Processing Model: SardHDF5
Loading Individual: Hazara_10

Loaded 1145647 variants
Loaded 4616 individuals
HDF5 loaded from ./Data/Marcus2019_1240k/mod_reich_sardinia_ancients_rev_mrg_dedup_3trm_anno.h5

Loaded 39018 variants
Loaded 2504 individuals
HDF5 loaded from ./Data/1000Genomes/HDF5/1240kHDF5/all1240/chr13.hdf5

Intersection on Positions: 39015
Nr of Matching Refs: 38885 / 39015
Full Intersection Ref/Alt Identical: 38841 / 39015
2504 / 2504 Individuals included in Reference
Extraction of 5008 Haplotypes Complete!
Markers called 17883 / 38841
Successfully saved to: ./Empirical/HO/Hazara_10/chr13/
Successfully loaded Data from: ./Empirical/HO/Hazara_10/chr13/
Loaded Emission Model: diploid_gt
Loaded Transition Model: model
Loaded Post Processing Model: Standard
Minimum Genetic Map: 0.0028
Maximum Genetic Map: 1.2570
Gaps bigger than 0.1 cM: 229
Maximum Gap: 1.2234 cM
Loaded Transition and Emission Matrix:
(3, 3)
(5009, 17883)
Loaded Observations:
(2, 17883)
Memory Usage: 1008.320512 mB
Reference Number: 5008
Total Log likelihood: -9200.794
Memory Usage: 1008.320512 mB
Finished Calculation State Posteriors
Saved Zero State Posterior to ./Empirical/HO/Hazara_10/chr13/.
Successfully loaded for PP. from ./Empirical/HO/Hazara_10/chr13/
Fraction Markers in ROH: 0.2571
Merged n=0 gaps < 0.0 M
Called n=2 ROH Blocks > 1.0 cM
Longest Block: 3.956
Successfully saved to ./Empirical/HO/Hazara_10/chr13/roh.csv
Using Low-Mem Cython Linear Speed Up.
Loaded Pre Processing Model: SardHDF5
Loading Individual: Hazara_10

Loaded 1145647 variants
Loaded 4616 individuals
HDF5 loaded from ./Data/Marcus2019_1240k/mod_reich_sardinia_ancients_rev_mrg_dedup_3trm_anno.h5

Loaded 36301 variants
Loaded 2504 individuals
HDF5 loaded from ./Data/1000Genomes/HDF5/1240kHDF5/all1240/chr14.hdf5

Intersection on Positions: 36301
Nr of Matching Refs: 36166 / 36301
Full Intersection Ref/Alt Identical: 36126 / 36301
2504 / 2504 Individuals included in Reference
Extraction of 5008 Haplotypes Complete!
Markers called 18702 / 36126
Successfully saved to: ./Empirical/HO/Hazara_10/chr14/
Successfully loaded Data from: ./Empirical/HO/Hazara_10/chr14/
Loaded Emission Model: diploid_gt
Loaded Transition Model: model
Loaded Post Processing Model: Standard
Minimum Genetic Map: 0.0184
Maximum Genetic Map: 1.2020
Gaps bigger than 0.1 cM: 193
Maximum Gap: 3.5856 cM
Loaded Transition and Emission Matrix:
(3, 3)
(5009, 18702)
Loaded Observations:
(2, 18702)
Memory Usage: 1045.245952 mB
Reference Number: 5008
Total Log likelihood: -9448.417
Memory Usage: 1045.245952 mB
Finished Calculation State Posteriors
Saved Zero State Posterior to ./Empirical/HO/Hazara_10/chr14/.
Successfully loaded for PP. from ./Empirical/HO/Hazara_10/chr14/
Fraction Markers in ROH: 0.2995
Merged n=0 gaps < 0.0 M
Called n=2 ROH Blocks > 1.0 cM
Longest Block: 5.539
Successfully saved to ./Empirical/HO/Hazara_10/chr14/roh.csv
Using Low-Mem Cython Linear Speed Up.
Loaded Pre Processing Model: SardHDF5
Loading Individual: Hazara_10

Loaded 1145647 variants
Loaded 4616 individuals
HDF5 loaded from ./Data/Marcus2019_1240k/mod_reich_sardinia_ancients_rev_mrg_dedup_3trm_anno.h5

Loaded 34429 variants
Loaded 2504 individuals
HDF5 loaded from ./Data/1000Genomes/HDF5/1240kHDF5/all1240/chr15.hdf5

Intersection on Positions: 34425
Nr of Matching Refs: 34285 / 34425
Full Intersection Ref/Alt Identical: 34249 / 34425
2504 / 2504 Individuals included in Reference
Extraction of 5008 Haplotypes Complete!
Markers called 18070 / 34249
Successfully saved to: ./Empirical/HO/Hazara_10/chr15/
Successfully loaded Data from: ./Empirical/HO/Hazara_10/chr15/
Loaded Emission Model: diploid_gt
Loaded Transition Model: model
Loaded Post Processing Model: Standard
Minimum Genetic Map: 0.0002
Maximum Genetic Map: 1.4133
Gaps bigger than 0.1 cM: 202
Maximum Gap: 13.7876 cM
Loaded Transition and Emission Matrix:
(3, 3)
(5009, 18070)
Loaded Observations:
(2, 18070)
Memory Usage: 1016.754176 mB
Reference Number: 5008
Total Log likelihood: -9363.889
Memory Usage: 1016.754176 mB
Finished Calculation State Posteriors
Saved Zero State Posterior to ./Empirical/HO/Hazara_10/chr15/.
Successfully loaded for PP. from ./Empirical/HO/Hazara_10/chr15/
Fraction Markers in ROH: 0.2480
Merged n=0 gaps < 0.0 M
Called n=1 ROH Blocks > 1.0 cM
Longest Block: 4.586
Successfully saved to ./Empirical/HO/Hazara_10/chr15/roh.csv
Using Low-Mem Cython Linear Speed Up.
Loaded Pre Processing Model: SardHDF5
Loading Individual: Hazara_10

Loaded 1145647 variants
Loaded 4616 individuals
HDF5 loaded from ./Data/Marcus2019_1240k/mod_reich_sardinia_ancients_rev_mrg_dedup_3trm_anno.h5

Loaded 34402 variants
Loaded 2504 individuals
HDF5 loaded from ./Data/1000Genomes/HDF5/1240kHDF5/all1240/chr16.hdf5

Intersection on Positions: 34399
Nr of Matching Refs: 34254 / 34399
Full Intersection Ref/Alt Identical: 34201 / 34399
2504 / 2504 Individuals included in Reference
Extraction of 5008 Haplotypes Complete!
Markers called 18290 / 34201
Successfully saved to: ./Empirical/HO/Hazara_10/chr16/
Successfully loaded Data from: ./Empirical/HO/Hazara_10/chr16/
Loaded Emission Model: diploid_gt
Loaded Transition Model: model
Loaded Post Processing Model: Standard
Minimum Genetic Map: 0.0001
Maximum Genetic Map: 1.3402
Gaps bigger than 0.1 cM: 229
Maximum Gap: 0.9354 cM
Loaded Transition and Emission Matrix:
(3, 3)
(5009, 18290)
Loaded Observations:
(2, 18290)
Memory Usage: 1026.670592 mB
Reference Number: 5008
Total Log likelihood: -9299.065
Memory Usage: 1026.670592 mB
Finished Calculation State Posteriors
Saved Zero State Posterior to ./Empirical/HO/Hazara_10/chr16/.
Successfully loaded for PP. from ./Empirical/HO/Hazara_10/chr16/
Fraction Markers in ROH: 0.2555
Called n=0 ROH Blocks > 1.0 cM
Longest Block: nan
Successfully saved to ./Empirical/HO/Hazara_10/chr16/roh.csv
Using Low-Mem Cython Linear Speed Up.
Loaded Pre Processing Model: SardHDF5
Loading Individual: Hazara_10

Loaded 1145647 variants
Loaded 4616 individuals
HDF5 loaded from ./Data/Marcus2019_1240k/mod_reich_sardinia_ancients_rev_mrg_dedup_3trm_anno.h5

Loaded 29314 variants
Loaded 2504 individuals
HDF5 loaded from ./Data/1000Genomes/HDF5/1240kHDF5/all1240/chr17.hdf5

Intersection on Positions: 29313
Nr of Matching Refs: 29159 / 29313
Full Intersection Ref/Alt Identical: 29124 / 29313
2504 / 2504 Individuals included in Reference
Extraction of 5008 Haplotypes Complete!
Markers called 15249 / 29124
Successfully saved to: ./Empirical/HO/Hazara_10/chr17/
Successfully loaded Data from: ./Empirical/HO/Hazara_10/chr17/
Loaded Emission Model: diploid_gt
Loaded Transition Model: model
Loaded Post Processing Model: Standard
Minimum Genetic Map: -0.0003
Maximum Genetic Map: 1.2845
Gaps bigger than 0.1 cM: 225
Maximum Gap: 1.2355 cM
Loaded Transition and Emission Matrix:
(3, 3)
(5009, 15249)
Loaded Observations:
(2, 15249)
Memory Usage: 889.585664 mB
Reference Number: 5008
Total Log likelihood: -7745.326
Memory Usage: 889.585664 mB
Finished Calculation State Posteriors
Saved Zero State Posterior to ./Empirical/HO/Hazara_10/chr17/.
Successfully loaded for PP. from ./Empirical/HO/Hazara_10/chr17/
Fraction Markers in ROH: 0.2621
Called n=0 ROH Blocks > 1.0 cM
Longest Block: nan
Successfully saved to ./Empirical/HO/Hazara_10/chr17/roh.csv
Using Low-Mem Cython Linear Speed Up.
Loaded Pre Processing Model: SardHDF5
Loading Individual: Hazara_10

Loaded 1145647 variants
Loaded 4616 individuals
HDF5 loaded from ./Data/Marcus2019_1240k/mod_reich_sardinia_ancients_rev_mrg_dedup_3trm_anno.h5

Loaded 33917 variants
Loaded 2504 individuals
HDF5 loaded from ./Data/1000Genomes/HDF5/1240kHDF5/all1240/chr18.hdf5

Intersection on Positions: 33916
Nr of Matching Refs: 33774 / 33916
Full Intersection Ref/Alt Identical: 33746 / 33916
2504 / 2504 Individuals included in Reference
Extraction of 5008 Haplotypes Complete!
Markers called 17180 / 33746
Successfully saved to: ./Empirical/HO/Hazara_10/chr18/
Successfully loaded Data from: ./Empirical/HO/Hazara_10/chr18/
Loaded Emission Model: diploid_gt
Loaded Transition Model: model
Loaded Post Processing Model: Standard
Minimum Genetic Map: 0.0027
Maximum Genetic Map: 1.1771
Gaps bigger than 0.1 cM: 195
Maximum Gap: 0.8037 cM
Loaded Transition and Emission Matrix:
(3, 3)
(5009, 17180)
Loaded Observations:
(2, 17180)
Memory Usage: 976.642048 mB
Reference Number: 5008
Total Log likelihood: -8911.940
Memory Usage: 976.642048 mB
Finished Calculation State Posteriors
Saved Zero State Posterior to ./Empirical/HO/Hazara_10/chr18/.
Successfully loaded for PP. from ./Empirical/HO/Hazara_10/chr18/
Fraction Markers in ROH: 0.2510
Called n=0 ROH Blocks > 1.0 cM
Longest Block: nan
Successfully saved to ./Empirical/HO/Hazara_10/chr18/roh.csv
Using Low-Mem Cython Linear Speed Up.
Loaded Pre Processing Model: SardHDF5
Loading Individual: Hazara_10

Loaded 1145647 variants
Loaded 4616 individuals
HDF5 loaded from ./Data/Marcus2019_1240k/mod_reich_sardinia_ancients_rev_mrg_dedup_3trm_anno.h5

Loaded 18460 variants
Loaded 2504 individuals
HDF5 loaded from ./Data/1000Genomes/HDF5/1240kHDF5/all1240/chr19.hdf5

Intersection on Positions: 18459
Nr of Matching Refs: 18381 / 18459
Full Intersection Ref/Alt Identical: 18340 / 18459
2504 / 2504 Individuals included in Reference
Extraction of 5008 Haplotypes Complete!
Markers called 8725 / 18340
Successfully saved to: ./Empirical/HO/Hazara_10/chr19/
Successfully loaded Data from: ./Empirical/HO/Hazara_10/chr19/
Loaded Emission Model: diploid_gt
Loaded Transition Model: model
Loaded Post Processing Model: Standard
Minimum Genetic Map: 0.0000
Maximum Genetic Map: 1.0773
Gaps bigger than 0.1 cM: 286
Maximum Gap: 0.6354 cM
Loaded Transition and Emission Matrix:
(3, 3)
(5009, 8725)
Loaded Observations:
(2, 8725)
Memory Usage: 595.488768 mB
Reference Number: 5008
Total Log likelihood: -4719.988
Memory Usage: 595.488768 mB
Finished Calculation State Posteriors
Saved Zero State Posterior to ./Empirical/HO/Hazara_10/chr19/.
Successfully loaded for PP. from ./Empirical/HO/Hazara_10/chr19/
Fraction Markers in ROH: 0.2006
Called n=0 ROH Blocks > 1.0 cM
Longest Block: nan
Successfully saved to ./Empirical/HO/Hazara_10/chr19/roh.csv
Using Low-Mem Cython Linear Speed Up.
Loaded Pre Processing Model: SardHDF5
Loading Individual: Hazara_10

Loaded 1145647 variants
Loaded 4616 individuals
HDF5 loaded from ./Data/Marcus2019_1240k/mod_reich_sardinia_ancients_rev_mrg_dedup_3trm_anno.h5

Loaded 29078 variants
Loaded 2504 individuals
HDF5 loaded from ./Data/1000Genomes/HDF5/1240kHDF5/all1240/chr20.hdf5

Intersection on Positions: 29077
Nr of Matching Refs: 28908 / 29077
Full Intersection Ref/Alt Identical: 28864 / 29077
2504 / 2504 Individuals included in Reference
Extraction of 5008 Haplotypes Complete!
Markers called 15398 / 28864
Successfully saved to: ./Empirical/HO/Hazara_10/chr20/
Successfully loaded Data from: ./Empirical/HO/Hazara_10/chr20/
Loaded Emission Model: diploid_gt
Loaded Transition Model: model
Loaded Post Processing Model: Standard
Minimum Genetic Map: 0.0008
Maximum Genetic Map: 1.0821
Gaps bigger than 0.1 cM: 202
Maximum Gap: 0.4744 cM
Loaded Transition and Emission Matrix:
(3, 3)
(5009, 15398)
Loaded Observations:
(2, 15398)
Memory Usage: 896.311296 mB
Reference Number: 5008
Total Log likelihood: -7237.205
Memory Usage: 896.311296 mB
Finished Calculation State Posteriors
Saved Zero State Posterior to ./Empirical/HO/Hazara_10/chr20/.
Successfully loaded for PP. from ./Empirical/HO/Hazara_10/chr20/
Fraction Markers in ROH: 0.3287
Merged n=0 gaps < 0.0 M
Called n=1 ROH Blocks > 1.0 cM
Longest Block: 11.495
Successfully saved to ./Empirical/HO/Hazara_10/chr20/roh.csv
Using Low-Mem Cython Linear Speed Up.
Loaded Pre Processing Model: SardHDF5
Loading Individual: Hazara_10

Loaded 1145647 variants
Loaded 4616 individuals
HDF5 loaded from ./Data/Marcus2019_1240k/mod_reich_sardinia_ancients_rev_mrg_dedup_3trm_anno.h5

Loaded 16038 variants
Loaded 2504 individuals
HDF5 loaded from ./Data/1000Genomes/HDF5/1240kHDF5/all1240/chr21.hdf5

Intersection on Positions: 16036
Nr of Matching Refs: 15949 / 16036
Full Intersection Ref/Alt Identical: 15930 / 16036
2504 / 2504 Individuals included in Reference
Extraction of 5008 Haplotypes Complete!
Markers called 7926 / 15930
Successfully saved to: ./Empirical/HO/Hazara_10/chr21/
Successfully loaded Data from: ./Empirical/HO/Hazara_10/chr21/
Loaded Emission Model: diploid_gt
Loaded Transition Model: model
Loaded Post Processing Model: Standard
Minimum Genetic Map: 0.0145
Maximum Genetic Map: 0.6277
Gaps bigger than 0.1 cM: 119
Maximum Gap: 0.7121 cM
Loaded Transition and Emission Matrix:
(3, 3)
(5009, 7926)
Loaded Observations:
(2, 7926)
Memory Usage: 559.476736 mB
Reference Number: 5008
Total Log likelihood: -4286.822
Memory Usage: 559.476736 mB
Finished Calculation State Posteriors
Saved Zero State Posterior to ./Empirical/HO/Hazara_10/chr21/.
Successfully loaded for PP. from ./Empirical/HO/Hazara_10/chr21/
Fraction Markers in ROH: 0.1833
Called n=0 ROH Blocks > 1.0 cM
Longest Block: nan
Successfully saved to ./Empirical/HO/Hazara_10/chr21/roh.csv
Using Low-Mem Cython Linear Speed Up.
Loaded Pre Processing Model: SardHDF5
Loading Individual: Hazara_10

Loaded 1145647 variants
Loaded 4616 individuals
HDF5 loaded from ./Data/Marcus2019_1240k/mod_reich_sardinia_ancients_rev_mrg_dedup_3trm_anno.h5

Loaded 15802 variants
Loaded 2504 individuals
HDF5 loaded from ./Data/1000Genomes/HDF5/1240kHDF5/all1240/chr22.hdf5

Intersection on Positions: 15802
Nr of Matching Refs: 15704 / 15802
Full Intersection Ref/Alt Identical: 15684 / 15802
2504 / 2504 Individuals included in Reference
Extraction of 5008 Haplotypes Complete!
Markers called 7738 / 15684
Successfully saved to: ./Empirical/HO/Hazara_10/chr22/
Successfully loaded Data from: ./Empirical/HO/Hazara_10/chr22/
Loaded Emission Model: diploid_gt
Loaded Transition Model: model
Loaded Post Processing Model: Standard
Minimum Genetic Map: 0.0178
Maximum Genetic Map: 0.7408
Gaps bigger than 0.1 cM: 149
Maximum Gap: 1.7139 cM
Loaded Transition and Emission Matrix:
(3, 3)
(5009, 7738)
Loaded Observations:
(2, 7738)
Memory Usage: 551.006208 mB
Reference Number: 5008
Total Log likelihood: -4018.699
Memory Usage: 551.006208 mB
Finished Calculation State Posteriors
Saved Zero State Posterior to ./Empirical/HO/Hazara_10/chr22/.
Successfully loaded for PP. from ./Empirical/HO/Hazara_10/chr22/
Fraction Markers in ROH: 0.2286
Called n=0 ROH Blocks > 1.0 cM
Longest Block: nan
Successfully saved to ./Empirical/HO/Hazara_10/chr22/roh.csv
Run for Individual Hazara_10: Complete! Yeah!!
