Doing Individual Biaka_10...
Using Low-Mem Cython Linear Speed Up.
Loaded Pre Processing Model: SardHDF5
Loading Individual: Biaka_10

Loaded 1145647 variants
Loaded 4616 individuals
HDF5 loaded from ./Data/Marcus2019_1240k/mod_reich_sardinia_ancients_rev_mrg_dedup_3trm_anno.h5

Loaded 89147 variants
Loaded 2504 individuals
HDF5 loaded from ./Data/1000Genomes/HDF5/1240kHDF5/all1240/chr1.hdf5

Intersection on Positions: 89143
Nr of Matching Refs: 89143 / 89143
Full Intersection Ref/Alt Identical: 89079 / 89143
2504 / 2504 Individuals included in Reference
Extraction of 5008 Haplotypes Complete!
Markers called 47379 / 89079
Successfully saved to: ./Empirical/HO/Biaka_10/chr1/
Successfully loaded Data from: ./Empirical/HO/Biaka_10/chr1/
Loaded Emission Model: diploid_gt
Loaded Transition Model: model
Loaded Post Processing Model: Standard
Minimum Genetic Map: 0.0201
Maximum Genetic Map: 2.8623
Gaps bigger than 0.1 cM: 425
Maximum Gap: 3.9814 cM
Loaded Transition and Emission Matrix:
(3, 3)
(5009, 47379)
Loaded Observations:
(2, 47379)
Memory Usage: 2321.408 mB
Reference Number: 5008
Total Log likelihood: -34533.643
Memory Usage: 2321.866752 mB
Finished Calculation State Posteriors
Saved Zero State Posterior to ./Empirical/HO/Biaka_10/chr1/.
Successfully loaded for PP. from ./Empirical/HO/Biaka_10/chr1/
Fraction Markers in ROH: 0.1476
Merged n=0 gaps < 0.0 M
Called n=2 ROH Blocks > 1.0 cM
Longest Block: 2.316
Successfully saved to ./Empirical/HO/Biaka_10/chr1/roh.csv
Using Low-Mem Cython Linear Speed Up.
Loaded Pre Processing Model: SardHDF5
Loading Individual: Biaka_10

Loaded 1145647 variants
Loaded 4616 individuals
HDF5 loaded from ./Data/Marcus2019_1240k/mod_reich_sardinia_ancients_rev_mrg_dedup_3trm_anno.h5

Loaded 94239 variants
Loaded 2504 individuals
HDF5 loaded from ./Data/1000Genomes/HDF5/1240kHDF5/all1240/chr2.hdf5

Intersection on Positions: 94237
Nr of Matching Refs: 94205 / 94237
Full Intersection Ref/Alt Identical: 94137 / 94237
2504 / 2504 Individuals included in Reference
Extraction of 5008 Haplotypes Complete!
Markers called 48901 / 94137
Successfully saved to: ./Empirical/HO/Biaka_10/chr2/
Successfully loaded Data from: ./Empirical/HO/Biaka_10/chr2/
Loaded Emission Model: diploid_gt
Loaded Transition Model: model
Loaded Post Processing Model: Standard
Minimum Genetic Map: 0.0001
Maximum Genetic Map: 2.6883
Gaps bigger than 0.1 cM: 397
Maximum Gap: 2.0159 cM
Loaded Transition and Emission Matrix:
(3, 3)
(5009, 48901)
Loaded Observations:
(2, 48901)
Memory Usage: 2392.518656 mB
Reference Number: 5008
Total Log likelihood: -35798.403
Memory Usage: 2392.518656 mB
Finished Calculation State Posteriors
Saved Zero State Posterior to ./Empirical/HO/Biaka_10/chr2/.
Successfully loaded for PP. from ./Empirical/HO/Biaka_10/chr2/
Fraction Markers in ROH: 0.1601
Merged n=0 gaps < 0.0 M
Called n=3 ROH Blocks > 1.0 cM
Longest Block: 6.449
Successfully saved to ./Empirical/HO/Biaka_10/chr2/roh.csv
Using Low-Mem Cython Linear Speed Up.
Loaded Pre Processing Model: SardHDF5
Loading Individual: Biaka_10

Loaded 1145647 variants
Loaded 4616 individuals
HDF5 loaded from ./Data/Marcus2019_1240k/mod_reich_sardinia_ancients_rev_mrg_dedup_3trm_anno.h5

Loaded 77652 variants
Loaded 2504 individuals
HDF5 loaded from ./Data/1000Genomes/HDF5/1240kHDF5/all1240/chr3.hdf5

Intersection on Positions: 77650
Nr of Matching Refs: 77606 / 77650
Full Intersection Ref/Alt Identical: 77553 / 77650
2504 / 2504 Individuals included in Reference
Extraction of 5008 Haplotypes Complete!
Markers called 40568 / 77553
Successfully saved to: ./Empirical/HO/Biaka_10/chr3/
Successfully loaded Data from: ./Empirical/HO/Biaka_10/chr3/
Loaded Emission Model: diploid_gt
Loaded Transition Model: model
Loaded Post Processing Model: Standard
Minimum Genetic Map: 0.0002
Maximum Genetic Map: 2.2326
Gaps bigger than 0.1 cM: 343
Maximum Gap: 0.4179 cM
Loaded Transition and Emission Matrix:
(3, 3)
(5009, 40568)
Loaded Observations:
(2, 40568)
Memory Usage: 2030.956544 mB
Reference Number: 5008
Total Log likelihood: -28600.485
Memory Usage: 2030.956544 mB
Finished Calculation State Posteriors
Saved Zero State Posterior to ./Empirical/HO/Biaka_10/chr3/.
Successfully loaded for PP. from ./Empirical/HO/Biaka_10/chr3/
Fraction Markers in ROH: 0.1825
Merged n=0 gaps < 0.0 M
Called n=4 ROH Blocks > 1.0 cM
Longest Block: 6.729
Successfully saved to ./Empirical/HO/Biaka_10/chr3/roh.csv
Using Low-Mem Cython Linear Speed Up.
Loaded Pre Processing Model: SardHDF5
Loading Individual: Biaka_10

Loaded 1145647 variants
Loaded 4616 individuals
HDF5 loaded from ./Data/Marcus2019_1240k/mod_reich_sardinia_ancients_rev_mrg_dedup_3trm_anno.h5

Loaded 68759 variants
Loaded 2504 individuals
HDF5 loaded from ./Data/1000Genomes/HDF5/1240kHDF5/all1240/chr4.hdf5

Intersection on Positions: 68759
Nr of Matching Refs: 68709 / 68759
Full Intersection Ref/Alt Identical: 68663 / 68759
2504 / 2504 Individuals included in Reference
Extraction of 5008 Haplotypes Complete!
Markers called 34024 / 68663
Successfully saved to: ./Empirical/HO/Biaka_10/chr4/
Successfully loaded Data from: ./Empirical/HO/Biaka_10/chr4/
Loaded Emission Model: diploid_gt
Loaded Transition Model: model
Loaded Post Processing Model: Standard
Minimum Genetic Map: 0.0034
Maximum Genetic Map: 2.1454
Gaps bigger than 0.1 cM: 332
Maximum Gap: 2.1375 cM
Loaded Transition and Emission Matrix:
(3, 3)
(5009, 34024)
Loaded Observations:
(2, 34024)
Memory Usage: 1735.917568 mB
Reference Number: 5008
Total Log likelihood: -25475.447
Memory Usage: 1735.917568 mB
Finished Calculation State Posteriors
Saved Zero State Posterior to ./Empirical/HO/Biaka_10/chr4/.
Successfully loaded for PP. from ./Empirical/HO/Biaka_10/chr4/
Fraction Markers in ROH: 0.1153
Called n=0 ROH Blocks > 1.0 cM
Longest Block: nan
Successfully saved to ./Empirical/HO/Biaka_10/chr4/roh.csv
Using Low-Mem Cython Linear Speed Up.
Loaded Pre Processing Model: SardHDF5
Loading Individual: Biaka_10

Loaded 1145647 variants
Loaded 4616 individuals
HDF5 loaded from ./Data/Marcus2019_1240k/mod_reich_sardinia_ancients_rev_mrg_dedup_3trm_anno.h5

Loaded 69399 variants
Loaded 2504 individuals
HDF5 loaded from ./Data/1000Genomes/HDF5/1240kHDF5/all1240/chr5.hdf5

Intersection on Positions: 69394
Nr of Matching Refs: 69307 / 69394
Full Intersection Ref/Alt Identical: 69252 / 69394
2504 / 2504 Individuals included in Reference
Extraction of 5008 Haplotypes Complete!
Markers called 34126 / 69252
Successfully saved to: ./Empirical/HO/Biaka_10/chr5/
Successfully loaded Data from: ./Empirical/HO/Biaka_10/chr5/
Loaded Emission Model: diploid_gt
Loaded Transition Model: model
Loaded Post Processing Model: Standard
Minimum Genetic Map: 0.0004
Maximum Genetic Map: 2.0409
Gaps bigger than 0.1 cM: 340
Maximum Gap: 1.0498 cM
Loaded Transition and Emission Matrix:
(3, 3)
(5009, 34126)
Loaded Observations:
(2, 34126)
Memory Usage: 1740.53376 mB
Reference Number: 5008
Total Log likelihood: -24461.729
Memory Usage: 1740.53376 mB
Finished Calculation State Posteriors
Saved Zero State Posterior to ./Empirical/HO/Biaka_10/chr5/.
Successfully loaded for PP. from ./Empirical/HO/Biaka_10/chr5/
Fraction Markers in ROH: 0.1873
Merged n=0 gaps < 0.0 M
Called n=2 ROH Blocks > 1.0 cM
Longest Block: 3.813
Successfully saved to ./Empirical/HO/Biaka_10/chr5/roh.csv
Using Low-Mem Cython Linear Speed Up.
Loaded Pre Processing Model: SardHDF5
Loading Individual: Biaka_10

Loaded 1145647 variants
Loaded 4616 individuals
HDF5 loaded from ./Data/Marcus2019_1240k/mod_reich_sardinia_ancients_rev_mrg_dedup_3trm_anno.h5

Loaded 75870 variants
Loaded 2504 individuals
HDF5 loaded from ./Data/1000Genomes/HDF5/1240kHDF5/all1240/chr6.hdf5

Intersection on Positions: 75866
Nr of Matching Refs: 75743 / 75866
Full Intersection Ref/Alt Identical: 75675 / 75866
2504 / 2504 Individuals included in Reference
Extraction of 5008 Haplotypes Complete!
Markers called 33950 / 75675
Successfully saved to: ./Empirical/HO/Biaka_10/chr6/
Successfully loaded Data from: ./Empirical/HO/Biaka_10/chr6/
Loaded Emission Model: diploid_gt
Loaded Transition Model: model
Loaded Post Processing Model: Standard
Minimum Genetic Map: 0.0035
Maximum Genetic Map: 1.9203
Gaps bigger than 0.1 cM: 289
Maximum Gap: 0.5072 cM
Loaded Transition and Emission Matrix:
(3, 3)
(5009, 33950)
Loaded Observations:
(2, 33950)
Memory Usage: 1732.62848 mB
Reference Number: 5008
Total Log likelihood: -24945.133
Memory Usage: 1732.62848 mB
Finished Calculation State Posteriors
Saved Zero State Posterior to ./Empirical/HO/Biaka_10/chr6/.
Successfully loaded for PP. from ./Empirical/HO/Biaka_10/chr6/
Fraction Markers in ROH: 0.1416
Called n=0 ROH Blocks > 1.0 cM
Longest Block: nan
Successfully saved to ./Empirical/HO/Biaka_10/chr6/roh.csv
Using Low-Mem Cython Linear Speed Up.
Loaded Pre Processing Model: SardHDF5
Loading Individual: Biaka_10

Loaded 1145647 variants
Loaded 4616 individuals
HDF5 loaded from ./Data/Marcus2019_1240k/mod_reich_sardinia_ancients_rev_mrg_dedup_3trm_anno.h5

Loaded 59890 variants
Loaded 2504 individuals
HDF5 loaded from ./Data/1000Genomes/HDF5/1240kHDF5/all1240/chr7.hdf5

Intersection on Positions: 59889
Nr of Matching Refs: 59781 / 59889
Full Intersection Ref/Alt Identical: 59715 / 59889
2504 / 2504 Individuals included in Reference
Extraction of 5008 Haplotypes Complete!
Markers called 28670 / 59715
Successfully saved to: ./Empirical/HO/Biaka_10/chr7/
Successfully loaded Data from: ./Empirical/HO/Biaka_10/chr7/
Loaded Emission Model: diploid_gt
Loaded Transition Model: model
Loaded Post Processing Model: Standard
Minimum Genetic Map: 0.0000
Maximum Genetic Map: 1.8715
Gaps bigger than 0.1 cM: 327
Maximum Gap: 1.0884 cM
Loaded Transition and Emission Matrix:
(3, 3)
(5009, 28670)
Loaded Observations:
(2, 28670)
Memory Usage: 1494.614016 mB
Reference Number: 5008
Total Log likelihood: -20611.592
Memory Usage: 1494.614016 mB
Finished Calculation State Posteriors
Saved Zero State Posterior to ./Empirical/HO/Biaka_10/chr7/.
Successfully loaded for PP. from ./Empirical/HO/Biaka_10/chr7/
Fraction Markers in ROH: 0.1681
Merged n=0 gaps < 0.0 M
Called n=1 ROH Blocks > 1.0 cM
Longest Block: 6.504
Successfully saved to ./Empirical/HO/Biaka_10/chr7/roh.csv
Using Low-Mem Cython Linear Speed Up.
Loaded Pre Processing Model: SardHDF5
Loading Individual: Biaka_10

Loaded 1145647 variants
Loaded 4616 individuals
HDF5 loaded from ./Data/Marcus2019_1240k/mod_reich_sardinia_ancients_rev_mrg_dedup_3trm_anno.h5

Loaded 61133 variants
Loaded 2504 individuals
HDF5 loaded from ./Data/1000Genomes/HDF5/1240kHDF5/all1240/chr8.hdf5

Intersection on Positions: 61130
Nr of Matching Refs: 61022 / 61130
Full Intersection Ref/Alt Identical: 60960 / 61130
2504 / 2504 Individuals included in Reference
Extraction of 5008 Haplotypes Complete!
Markers called 28472 / 60960
Successfully saved to: ./Empirical/HO/Biaka_10/chr8/
Successfully loaded Data from: ./Empirical/HO/Biaka_10/chr8/
Loaded Emission Model: diploid_gt
Loaded Transition Model: model
Loaded Post Processing Model: Standard
Minimum Genetic Map: 0.0001
Maximum Genetic Map: 1.6800
Gaps bigger than 0.1 cM: 255
Maximum Gap: 3.5052 cM
Loaded Transition and Emission Matrix:
(3, 3)
(5009, 28472)
Loaded Observations:
(2, 28472)
Memory Usage: 1485.688832 mB
Reference Number: 5008
Total Log likelihood: -21218.129
Memory Usage: 1485.688832 mB
Finished Calculation State Posteriors
Saved Zero State Posterior to ./Empirical/HO/Biaka_10/chr8/.
Successfully loaded for PP. from ./Empirical/HO/Biaka_10/chr8/
Fraction Markers in ROH: 0.1298
Merged n=0 gaps < 0.0 M
Called n=1 ROH Blocks > 1.0 cM
Longest Block: 1.407
Successfully saved to ./Empirical/HO/Biaka_10/chr8/roh.csv
Using Low-Mem Cython Linear Speed Up.
Loaded Pre Processing Model: SardHDF5
Loading Individual: Biaka_10

Loaded 1145647 variants
Loaded 4616 individuals
HDF5 loaded from ./Data/Marcus2019_1240k/mod_reich_sardinia_ancients_rev_mrg_dedup_3trm_anno.h5

Loaded 50668 variants
Loaded 2504 individuals
HDF5 loaded from ./Data/1000Genomes/HDF5/1240kHDF5/all1240/chr9.hdf5

Intersection on Positions: 50668
Nr of Matching Refs: 50539 / 50668
Full Intersection Ref/Alt Identical: 50493 / 50668
2504 / 2504 Individuals included in Reference
Extraction of 5008 Haplotypes Complete!
Markers called 23631 / 50493
Successfully saved to: ./Empirical/HO/Biaka_10/chr9/
Successfully loaded Data from: ./Empirical/HO/Biaka_10/chr9/
Loaded Emission Model: diploid_gt
Loaded Transition Model: model
Loaded Post Processing Model: Standard
Minimum Genetic Map: 0.0016
Maximum Genetic Map: 1.6630
Gaps bigger than 0.1 cM: 299
Maximum Gap: 2.3454 cM
Loaded Transition and Emission Matrix:
(3, 3)
(5009, 23631)
Loaded Observations:
(2, 23631)
Memory Usage: 1267.453952 mB
Reference Number: 5008
Total Log likelihood: -17388.845
Memory Usage: 1267.453952 mB
Finished Calculation State Posteriors
Saved Zero State Posterior to ./Empirical/HO/Biaka_10/chr9/.
Successfully loaded for PP. from ./Empirical/HO/Biaka_10/chr9/
Fraction Markers in ROH: 0.1755
Merged n=0 gaps < 0.0 M
Called n=2 ROH Blocks > 1.0 cM
Longest Block: 2.003
Successfully saved to ./Empirical/HO/Biaka_10/chr9/roh.csv
Using Low-Mem Cython Linear Speed Up.
Loaded Pre Processing Model: SardHDF5
Loading Individual: Biaka_10

Loaded 1145647 variants
Loaded 4616 individuals
HDF5 loaded from ./Data/Marcus2019_1240k/mod_reich_sardinia_ancients_rev_mrg_dedup_3trm_anno.h5

Loaded 58804 variants
Loaded 2504 individuals
HDF5 loaded from ./Data/1000Genomes/HDF5/1240kHDF5/all1240/chr10.hdf5

Intersection on Positions: 58803
Nr of Matching Refs: 58657 / 58803
Full Intersection Ref/Alt Identical: 58591 / 58803
2504 / 2504 Individuals included in Reference
Extraction of 5008 Haplotypes Complete!
Markers called 30464 / 58591
Successfully saved to: ./Empirical/HO/Biaka_10/chr10/
Successfully loaded Data from: ./Empirical/HO/Biaka_10/chr10/
Loaded Emission Model: diploid_gt
Loaded Transition Model: model
Loaded Post Processing Model: Standard
Minimum Genetic Map: 0.0001
Maximum Genetic Map: 1.8089
Gaps bigger than 0.1 cM: 264
Maximum Gap: 2.0338 cM
Loaded Transition and Emission Matrix:
(3, 3)
(5009, 30464)
Loaded Observations:
(2, 30464)
Memory Usage: 1575.489536 mB
Reference Number: 5008
Total Log likelihood: -21063.000
Memory Usage: 1575.489536 mB
Finished Calculation State Posteriors
Saved Zero State Posterior to ./Empirical/HO/Biaka_10/chr10/.
Successfully loaded for PP. from ./Empirical/HO/Biaka_10/chr10/
Fraction Markers in ROH: 0.1868
Merged n=0 gaps < 0.0 M
Called n=1 ROH Blocks > 1.0 cM
Longest Block: 8.035
Successfully saved to ./Empirical/HO/Biaka_10/chr10/roh.csv
Using Low-Mem Cython Linear Speed Up.
Loaded Pre Processing Model: SardHDF5
Loading Individual: Biaka_10

Loaded 1145647 variants
Loaded 4616 individuals
HDF5 loaded from ./Data/Marcus2019_1240k/mod_reich_sardinia_ancients_rev_mrg_dedup_3trm_anno.h5

Loaded 54833 variants
Loaded 2504 individuals
HDF5 loaded from ./Data/1000Genomes/HDF5/1240kHDF5/all1240/chr11.hdf5

Intersection on Positions: 54831
Nr of Matching Refs: 54669 / 54831
Full Intersection Ref/Alt Identical: 54616 / 54831
2504 / 2504 Individuals included in Reference
Extraction of 5008 Haplotypes Complete!
Markers called 28057 / 54616
Successfully saved to: ./Empirical/HO/Biaka_10/chr11/
Successfully loaded Data from: ./Empirical/HO/Biaka_10/chr11/
Loaded Emission Model: diploid_gt
Loaded Transition Model: model
Loaded Post Processing Model: Standard
Minimum Genetic Map: 0.0000
Maximum Genetic Map: 1.5822
Gaps bigger than 0.1 cM: 247
Maximum Gap: 0.5683 cM
Loaded Transition and Emission Matrix:
(3, 3)
(5009, 28057)
Loaded Observations:
(2, 28057)
Memory Usage: 1466.9824 mB
Reference Number: 5008
Total Log likelihood: -20949.053
Memory Usage: 1466.9824 mB
Finished Calculation State Posteriors
Saved Zero State Posterior to ./Empirical/HO/Biaka_10/chr11/.
Successfully loaded for PP. from ./Empirical/HO/Biaka_10/chr11/
Fraction Markers in ROH: 0.1378
Merged n=0 gaps < 0.0 M
Called n=2 ROH Blocks > 1.0 cM
Longest Block: 1.841
Successfully saved to ./Empirical/HO/Biaka_10/chr11/roh.csv
Using Low-Mem Cython Linear Speed Up.
Loaded Pre Processing Model: SardHDF5
Loading Individual: Biaka_10

Loaded 1145647 variants
Loaded 4616 individuals
HDF5 loaded from ./Data/Marcus2019_1240k/mod_reich_sardinia_ancients_rev_mrg_dedup_3trm_anno.h5

Loaded 53911 variants
Loaded 2504 individuals
HDF5 loaded from ./Data/1000Genomes/HDF5/1240kHDF5/all1240/chr12.hdf5

Intersection on Positions: 53911
Nr of Matching Refs: 53713 / 53911
Full Intersection Ref/Alt Identical: 53672 / 53911
2504 / 2504 Individuals included in Reference
Extraction of 5008 Haplotypes Complete!
Markers called 27256 / 53672
Successfully saved to: ./Empirical/HO/Biaka_10/chr12/
Successfully loaded Data from: ./Empirical/HO/Biaka_10/chr12/
Loaded Emission Model: diploid_gt
Loaded Transition Model: model
Loaded Post Processing Model: Standard
Minimum Genetic Map: 0.0009
Maximum Genetic Map: 1.7468
Gaps bigger than 0.1 cM: 286
Maximum Gap: 0.8015 cM
Loaded Transition and Emission Matrix:
(3, 3)
(5009, 27256)
Loaded Observations:
(2, 27256)
Memory Usage: 1430.87616 mB
Reference Number: 5008
Total Log likelihood: -19246.826
Memory Usage: 1430.87616 mB
Finished Calculation State Posteriors
Saved Zero State Posterior to ./Empirical/HO/Biaka_10/chr12/.
Successfully loaded for PP. from ./Empirical/HO/Biaka_10/chr12/
Fraction Markers in ROH: 0.1602
Merged n=0 gaps < 0.0 M
Called n=3 ROH Blocks > 1.0 cM
Longest Block: 3.846
Successfully saved to ./Empirical/HO/Biaka_10/chr12/roh.csv
Using Low-Mem Cython Linear Speed Up.
Loaded Pre Processing Model: SardHDF5
Loading Individual: Biaka_10

Loaded 1145647 variants
Loaded 4616 individuals
HDF5 loaded from ./Data/Marcus2019_1240k/mod_reich_sardinia_ancients_rev_mrg_dedup_3trm_anno.h5

Loaded 39018 variants
Loaded 2504 individuals
HDF5 loaded from ./Data/1000Genomes/HDF5/1240kHDF5/all1240/chr13.hdf5

Intersection on Positions: 39015
Nr of Matching Refs: 38885 / 39015
Full Intersection Ref/Alt Identical: 38841 / 39015
2504 / 2504 Individuals included in Reference
Extraction of 5008 Haplotypes Complete!
Markers called 17844 / 38841
Successfully saved to: ./Empirical/HO/Biaka_10/chr13/
Successfully loaded Data from: ./Empirical/HO/Biaka_10/chr13/
Loaded Emission Model: diploid_gt
Loaded Transition Model: model
Loaded Post Processing Model: Standard
Minimum Genetic Map: 0.0028
Maximum Genetic Map: 1.2570
Gaps bigger than 0.1 cM: 230
Maximum Gap: 1.2234 cM
Loaded Transition and Emission Matrix:
(3, 3)
(5009, 17844)
Loaded Observations:
(2, 17844)
Memory Usage: 1006.587904 mB
Reference Number: 5008
Total Log likelihood: -12391.301
Memory Usage: 1006.587904 mB
Finished Calculation State Posteriors
Saved Zero State Posterior to ./Empirical/HO/Biaka_10/chr13/.
Successfully loaded for PP. from ./Empirical/HO/Biaka_10/chr13/
Fraction Markers in ROH: 0.2203
Merged n=0 gaps < 0.0 M
Called n=2 ROH Blocks > 1.0 cM
Longest Block: 5.662
Successfully saved to ./Empirical/HO/Biaka_10/chr13/roh.csv
Using Low-Mem Cython Linear Speed Up.
Loaded Pre Processing Model: SardHDF5
Loading Individual: Biaka_10

Loaded 1145647 variants
Loaded 4616 individuals
HDF5 loaded from ./Data/Marcus2019_1240k/mod_reich_sardinia_ancients_rev_mrg_dedup_3trm_anno.h5

Loaded 36301 variants
Loaded 2504 individuals
HDF5 loaded from ./Data/1000Genomes/HDF5/1240kHDF5/all1240/chr14.hdf5

Intersection on Positions: 36301
Nr of Matching Refs: 36166 / 36301
Full Intersection Ref/Alt Identical: 36126 / 36301
2504 / 2504 Individuals included in Reference
Extraction of 5008 Haplotypes Complete!
Markers called 18663 / 36126
Successfully saved to: ./Empirical/HO/Biaka_10/chr14/
Successfully loaded Data from: ./Empirical/HO/Biaka_10/chr14/
Loaded Emission Model: diploid_gt
Loaded Transition Model: model
Loaded Post Processing Model: Standard
Minimum Genetic Map: 0.0184
Maximum Genetic Map: 1.2020
Gaps bigger than 0.1 cM: 191
Maximum Gap: 3.5856 cM
Loaded Transition and Emission Matrix:
(3, 3)
(5009, 18663)
Loaded Observations:
(2, 18663)
Memory Usage: 1043.2512 mB
Reference Number: 5008
Total Log likelihood: -13360.204
Memory Usage: 1043.2512 mB
Finished Calculation State Posteriors
Saved Zero State Posterior to ./Empirical/HO/Biaka_10/chr14/.
Successfully loaded for PP. from ./Empirical/HO/Biaka_10/chr14/
Fraction Markers in ROH: 0.1669
Merged n=0 gaps < 0.0 M
Called n=2 ROH Blocks > 1.0 cM
Longest Block: 2.620
Successfully saved to ./Empirical/HO/Biaka_10/chr14/roh.csv
Using Low-Mem Cython Linear Speed Up.
Loaded Pre Processing Model: SardHDF5
Loading Individual: Biaka_10

Loaded 1145647 variants
Loaded 4616 individuals
HDF5 loaded from ./Data/Marcus2019_1240k/mod_reich_sardinia_ancients_rev_mrg_dedup_3trm_anno.h5

Loaded 34429 variants
Loaded 2504 individuals
HDF5 loaded from ./Data/1000Genomes/HDF5/1240kHDF5/all1240/chr15.hdf5

Intersection on Positions: 34425
Nr of Matching Refs: 34285 / 34425
Full Intersection Ref/Alt Identical: 34249 / 34425
2504 / 2504 Individuals included in Reference
Extraction of 5008 Haplotypes Complete!
Markers called 18040 / 34249
Successfully saved to: ./Empirical/HO/Biaka_10/chr15/
Successfully loaded Data from: ./Empirical/HO/Biaka_10/chr15/
Loaded Emission Model: diploid_gt
Loaded Transition Model: model
Loaded Post Processing Model: Standard
Minimum Genetic Map: 0.0002
Maximum Genetic Map: 1.4133
Gaps bigger than 0.1 cM: 201
Maximum Gap: 13.7876 cM
Loaded Transition and Emission Matrix:
(3, 3)
(5009, 18040)
Loaded Observations:
(2, 18040)
Memory Usage: 1015.177216 mB
Reference Number: 5008
Total Log likelihood: -13382.056
Memory Usage: 1015.177216 mB
Finished Calculation State Posteriors
Saved Zero State Posterior to ./Empirical/HO/Biaka_10/chr15/.
Successfully loaded for PP. from ./Empirical/HO/Biaka_10/chr15/
Fraction Markers in ROH: 0.1248
Called n=0 ROH Blocks > 1.0 cM
Longest Block: nan
Successfully saved to ./Empirical/HO/Biaka_10/chr15/roh.csv
Using Low-Mem Cython Linear Speed Up.
Loaded Pre Processing Model: SardHDF5
Loading Individual: Biaka_10

Loaded 1145647 variants
Loaded 4616 individuals
HDF5 loaded from ./Data/Marcus2019_1240k/mod_reich_sardinia_ancients_rev_mrg_dedup_3trm_anno.h5

Loaded 34402 variants
Loaded 2504 individuals
HDF5 loaded from ./Data/1000Genomes/HDF5/1240kHDF5/all1240/chr16.hdf5

Intersection on Positions: 34399
Nr of Matching Refs: 34254 / 34399
Full Intersection Ref/Alt Identical: 34201 / 34399
2504 / 2504 Individuals included in Reference
Extraction of 5008 Haplotypes Complete!
Markers called 18242 / 34201
Successfully saved to: ./Empirical/HO/Biaka_10/chr16/
Successfully loaded Data from: ./Empirical/HO/Biaka_10/chr16/
Loaded Emission Model: diploid_gt
Loaded Transition Model: model
Loaded Post Processing Model: Standard
Minimum Genetic Map: 0.0001
Maximum Genetic Map: 1.3402
Gaps bigger than 0.1 cM: 228
Maximum Gap: 0.9354 cM
Loaded Transition and Emission Matrix:
(3, 3)
(5009, 18242)
Loaded Observations:
(2, 18242)
Memory Usage: 1024.299008 mB
Reference Number: 5008
Total Log likelihood: -13587.414
Memory Usage: 1024.299008 mB
Finished Calculation State Posteriors
Saved Zero State Posterior to ./Empirical/HO/Biaka_10/chr16/.
Successfully loaded for PP. from ./Empirical/HO/Biaka_10/chr16/
Fraction Markers in ROH: 0.1624
Merged n=0 gaps < 0.0 M
Called n=1 ROH Blocks > 1.0 cM
Longest Block: 2.474
Successfully saved to ./Empirical/HO/Biaka_10/chr16/roh.csv
Using Low-Mem Cython Linear Speed Up.
Loaded Pre Processing Model: SardHDF5
Loading Individual: Biaka_10

Loaded 1145647 variants
Loaded 4616 individuals
HDF5 loaded from ./Data/Marcus2019_1240k/mod_reich_sardinia_ancients_rev_mrg_dedup_3trm_anno.h5

Loaded 29314 variants
Loaded 2504 individuals
HDF5 loaded from ./Data/1000Genomes/HDF5/1240kHDF5/all1240/chr17.hdf5

Intersection on Positions: 29313
Nr of Matching Refs: 29159 / 29313
Full Intersection Ref/Alt Identical: 29124 / 29313
2504 / 2504 Individuals included in Reference
Extraction of 5008 Haplotypes Complete!
Markers called 15225 / 29124
Successfully saved to: ./Empirical/HO/Biaka_10/chr17/
Successfully loaded Data from: ./Empirical/HO/Biaka_10/chr17/
Loaded Emission Model: diploid_gt
Loaded Transition Model: model
Loaded Post Processing Model: Standard
Minimum Genetic Map: -0.0003
Maximum Genetic Map: 1.2845
Gaps bigger than 0.1 cM: 228
Maximum Gap: 1.2355 cM
Loaded Transition and Emission Matrix:
(3, 3)
(5009, 15225)
Loaded Observations:
(2, 15225)
Memory Usage: 888.291328 mB
Reference Number: 5008
Total Log likelihood: -11509.658
Memory Usage: 888.291328 mB
Finished Calculation State Posteriors
Saved Zero State Posterior to ./Empirical/HO/Biaka_10/chr17/.
Successfully loaded for PP. from ./Empirical/HO/Biaka_10/chr17/
Fraction Markers in ROH: 0.1278
Called n=0 ROH Blocks > 1.0 cM
Longest Block: nan
Successfully saved to ./Empirical/HO/Biaka_10/chr17/roh.csv
Using Low-Mem Cython Linear Speed Up.
Loaded Pre Processing Model: SardHDF5
Loading Individual: Biaka_10

Loaded 1145647 variants
Loaded 4616 individuals
HDF5 loaded from ./Data/Marcus2019_1240k/mod_reich_sardinia_ancients_rev_mrg_dedup_3trm_anno.h5

Loaded 33917 variants
Loaded 2504 individuals
HDF5 loaded from ./Data/1000Genomes/HDF5/1240kHDF5/all1240/chr18.hdf5

Intersection on Positions: 33916
Nr of Matching Refs: 33774 / 33916
Full Intersection Ref/Alt Identical: 33746 / 33916
2504 / 2504 Individuals included in Reference
Extraction of 5008 Haplotypes Complete!
Markers called 17123 / 33746
Successfully saved to: ./Empirical/HO/Biaka_10/chr18/
Successfully loaded Data from: ./Empirical/HO/Biaka_10/chr18/
Loaded Emission Model: diploid_gt
Loaded Transition Model: model
Loaded Post Processing Model: Standard
Minimum Genetic Map: 0.0027
Maximum Genetic Map: 1.1771
Gaps bigger than 0.1 cM: 196
Maximum Gap: 0.8037 cM
Loaded Transition and Emission Matrix:
(3, 3)
(5009, 17123)
Loaded Observations:
(2, 17123)
Memory Usage: 973.84448 mB
Reference Number: 5008
Total Log likelihood: -12561.722
Memory Usage: 973.84448 mB
Finished Calculation State Posteriors
Saved Zero State Posterior to ./Empirical/HO/Biaka_10/chr18/.
Successfully loaded for PP. from ./Empirical/HO/Biaka_10/chr18/
Fraction Markers in ROH: 0.1561
Merged n=0 gaps < 0.0 M
Called n=1 ROH Blocks > 1.0 cM
Longest Block: 1.242
Successfully saved to ./Empirical/HO/Biaka_10/chr18/roh.csv
Using Low-Mem Cython Linear Speed Up.
Loaded Pre Processing Model: SardHDF5
Loading Individual: Biaka_10

Loaded 1145647 variants
Loaded 4616 individuals
HDF5 loaded from ./Data/Marcus2019_1240k/mod_reich_sardinia_ancients_rev_mrg_dedup_3trm_anno.h5

Loaded 18460 variants
Loaded 2504 individuals
HDF5 loaded from ./Data/1000Genomes/HDF5/1240kHDF5/all1240/chr19.hdf5

Intersection on Positions: 18459
Nr of Matching Refs: 18381 / 18459
Full Intersection Ref/Alt Identical: 18340 / 18459
2504 / 2504 Individuals included in Reference
Extraction of 5008 Haplotypes Complete!
Markers called 8701 / 18340
Successfully saved to: ./Empirical/HO/Biaka_10/chr19/
Successfully loaded Data from: ./Empirical/HO/Biaka_10/chr19/
Loaded Emission Model: diploid_gt
Loaded Transition Model: model
Loaded Post Processing Model: Standard
Minimum Genetic Map: 0.0000
Maximum Genetic Map: 1.0773
Gaps bigger than 0.1 cM: 286
Maximum Gap: 0.6354 cM
Loaded Transition and Emission Matrix:
(3, 3)
(5009, 8701)
Loaded Observations:
(2, 8701)
Memory Usage: 594.194432 mB
Reference Number: 5008
Total Log likelihood: -6615.974
Memory Usage: 594.194432 mB
Finished Calculation State Posteriors
Saved Zero State Posterior to ./Empirical/HO/Biaka_10/chr19/.
Successfully loaded for PP. from ./Empirical/HO/Biaka_10/chr19/
Fraction Markers in ROH: 0.1319
Called n=0 ROH Blocks > 1.0 cM
Longest Block: nan
Successfully saved to ./Empirical/HO/Biaka_10/chr19/roh.csv
Using Low-Mem Cython Linear Speed Up.
Loaded Pre Processing Model: SardHDF5
Loading Individual: Biaka_10

Loaded 1145647 variants
Loaded 4616 individuals
HDF5 loaded from ./Data/Marcus2019_1240k/mod_reich_sardinia_ancients_rev_mrg_dedup_3trm_anno.h5

Loaded 29078 variants
Loaded 2504 individuals
HDF5 loaded from ./Data/1000Genomes/HDF5/1240kHDF5/all1240/chr20.hdf5

Intersection on Positions: 29077
Nr of Matching Refs: 28908 / 29077
Full Intersection Ref/Alt Identical: 28864 / 29077
2504 / 2504 Individuals included in Reference
Extraction of 5008 Haplotypes Complete!
Markers called 15358 / 28864
Successfully saved to: ./Empirical/HO/Biaka_10/chr20/
Successfully loaded Data from: ./Empirical/HO/Biaka_10/chr20/
Loaded Emission Model: diploid_gt
Loaded Transition Model: model
Loaded Post Processing Model: Standard
Minimum Genetic Map: 0.0008
Maximum Genetic Map: 1.0821
Gaps bigger than 0.1 cM: 202
Maximum Gap: 0.4744 cM
Loaded Transition and Emission Matrix:
(3, 3)
(5009, 15358)
Loaded Observations:
(2, 15358)
Memory Usage: 894.283776 mB
Reference Number: 5008
Total Log likelihood: -11533.830
Memory Usage: 894.283776 mB
Finished Calculation State Posteriors
Saved Zero State Posterior to ./Empirical/HO/Biaka_10/chr20/.
Successfully loaded for PP. from ./Empirical/HO/Biaka_10/chr20/
Fraction Markers in ROH: 0.1291
Called n=0 ROH Blocks > 1.0 cM
Longest Block: nan
Successfully saved to ./Empirical/HO/Biaka_10/chr20/roh.csv
Using Low-Mem Cython Linear Speed Up.
Loaded Pre Processing Model: SardHDF5
Loading Individual: Biaka_10

Loaded 1145647 variants
Loaded 4616 individuals
HDF5 loaded from ./Data/Marcus2019_1240k/mod_reich_sardinia_ancients_rev_mrg_dedup_3trm_anno.h5

Loaded 16038 variants
Loaded 2504 individuals
HDF5 loaded from ./Data/1000Genomes/HDF5/1240kHDF5/all1240/chr21.hdf5

Intersection on Positions: 16036
Nr of Matching Refs: 15949 / 16036
Full Intersection Ref/Alt Identical: 15930 / 16036
2504 / 2504 Individuals included in Reference
Extraction of 5008 Haplotypes Complete!
Markers called 7900 / 15930
Successfully saved to: ./Empirical/HO/Biaka_10/chr21/
Successfully loaded Data from: ./Empirical/HO/Biaka_10/chr21/
Loaded Emission Model: diploid_gt
Loaded Transition Model: model
Loaded Post Processing Model: Standard
Minimum Genetic Map: 0.0145
Maximum Genetic Map: 0.6277
Gaps bigger than 0.1 cM: 119
Maximum Gap: 0.7121 cM
Loaded Transition and Emission Matrix:
(3, 3)
(5009, 7900)
Loaded Observations:
(2, 7900)
Memory Usage: 558.075904 mB
Reference Number: 5008
Total Log likelihood: -6066.746
Memory Usage: 558.075904 mB
Finished Calculation State Posteriors
Saved Zero State Posterior to ./Empirical/HO/Biaka_10/chr21/.
Successfully loaded for PP. from ./Empirical/HO/Biaka_10/chr21/
Fraction Markers in ROH: 0.1209
Called n=0 ROH Blocks > 1.0 cM
Longest Block: nan
Successfully saved to ./Empirical/HO/Biaka_10/chr21/roh.csv
Using Low-Mem Cython Linear Speed Up.
Loaded Pre Processing Model: SardHDF5
Loading Individual: Biaka_10

Loaded 1145647 variants
Loaded 4616 individuals
HDF5 loaded from ./Data/Marcus2019_1240k/mod_reich_sardinia_ancients_rev_mrg_dedup_3trm_anno.h5

Loaded 15802 variants
Loaded 2504 individuals
HDF5 loaded from ./Data/1000Genomes/HDF5/1240kHDF5/all1240/chr22.hdf5

Intersection on Positions: 15802
Nr of Matching Refs: 15704 / 15802
Full Intersection Ref/Alt Identical: 15684 / 15802
2504 / 2504 Individuals included in Reference
Extraction of 5008 Haplotypes Complete!
Markers called 7715 / 15684
Successfully saved to: ./Empirical/HO/Biaka_10/chr22/
Successfully loaded Data from: ./Empirical/HO/Biaka_10/chr22/
Loaded Emission Model: diploid_gt
Loaded Transition Model: model
Loaded Post Processing Model: Standard
Minimum Genetic Map: 0.0178
Maximum Genetic Map: 0.7408
Gaps bigger than 0.1 cM: 149
Maximum Gap: 1.7139 cM
Loaded Transition and Emission Matrix:
(3, 3)
(5009, 7715)
Loaded Observations:
(2, 7715)
Memory Usage: 549.736448 mB
Reference Number: 5008
Total Log likelihood: -5669.932
Memory Usage: 549.736448 mB
Finished Calculation State Posteriors
Saved Zero State Posterior to ./Empirical/HO/Biaka_10/chr22/.
Successfully loaded for PP. from ./Empirical/HO/Biaka_10/chr22/
Fraction Markers in ROH: 0.1454
Called n=0 ROH Blocks > 1.0 cM
Longest Block: nan
Successfully saved to ./Empirical/HO/Biaka_10/chr22/roh.csv
Run for Individual Biaka_10: Complete! Yeah!!
