Doing Individual Makrani_8...
Using Low-Mem Cython Linear Speed Up.
Loaded Pre Processing Model: SardHDF5
Loading Individual: Makrani_8

Loaded 1145647 variants
Loaded 4616 individuals
HDF5 loaded from ./Data/Marcus2019_1240k/mod_reich_sardinia_ancients_rev_mrg_dedup_3trm_anno.h5

Loaded 89147 variants
Loaded 2504 individuals
HDF5 loaded from ./Data/1000Genomes/HDF5/1240kHDF5/all1240/chr1.hdf5

Intersection on Positions: 89143
Nr of Matching Refs: 89143 / 89143
Full Intersection Ref/Alt Identical: 89079 / 89143
2504 / 2504 Individuals included in Reference
Extraction of 5008 Haplotypes Complete!
Markers called 47613 / 89079
Successfully saved to: ./Empirical/HO/Makrani_8/chr1/
Successfully loaded Data from: ./Empirical/HO/Makrani_8/chr1/
Loaded Emission Model: diploid_gt
Loaded Transition Model: model
Loaded Post Processing Model: Standard
Minimum Genetic Map: 0.0201
Maximum Genetic Map: 2.8623
Gaps bigger than 0.1 cM: 424
Maximum Gap: 3.9814 cM
Loaded Transition and Emission Matrix:
(3, 3)
(5009, 47613)
Loaded Observations:
(2, 47613)
Memory Usage: 2331.836416 mB
Reference Number: 5008
Total Log likelihood: -24437.039
Memory Usage: 2332.291072 mB
Finished Calculation State Posteriors
Saved Zero State Posterior to ./Empirical/HO/Makrani_8/chr1/.
Successfully loaded for PP. from ./Empirical/HO/Makrani_8/chr1/
Fraction Markers in ROH: 0.2556
Called n=0 ROH Blocks > 1.0 cM
Longest Block: nan
Successfully saved to ./Empirical/HO/Makrani_8/chr1/roh.csv
Using Low-Mem Cython Linear Speed Up.
Loaded Pre Processing Model: SardHDF5
Loading Individual: Makrani_8

Loaded 1145647 variants
Loaded 4616 individuals
HDF5 loaded from ./Data/Marcus2019_1240k/mod_reich_sardinia_ancients_rev_mrg_dedup_3trm_anno.h5

Loaded 94239 variants
Loaded 2504 individuals
HDF5 loaded from ./Data/1000Genomes/HDF5/1240kHDF5/all1240/chr2.hdf5

Intersection on Positions: 94237
Nr of Matching Refs: 94205 / 94237
Full Intersection Ref/Alt Identical: 94137 / 94237
2504 / 2504 Individuals included in Reference
Extraction of 5008 Haplotypes Complete!
Markers called 49136 / 94137
Successfully saved to: ./Empirical/HO/Makrani_8/chr2/
Successfully loaded Data from: ./Empirical/HO/Makrani_8/chr2/
Loaded Emission Model: diploid_gt
Loaded Transition Model: model
Loaded Post Processing Model: Standard
Minimum Genetic Map: 0.0001
Maximum Genetic Map: 2.6883
Gaps bigger than 0.1 cM: 397
Maximum Gap: 2.0159 cM
Loaded Transition and Emission Matrix:
(3, 3)
(5009, 49136)
Loaded Observations:
(2, 49136)
Memory Usage: 2402.861056 mB
Reference Number: 5008
Total Log likelihood: -24826.607
Memory Usage: 2402.861056 mB
Finished Calculation State Posteriors
Saved Zero State Posterior to ./Empirical/HO/Makrani_8/chr2/.
Successfully loaded for PP. from ./Empirical/HO/Makrani_8/chr2/
Fraction Markers in ROH: 0.2796
Merged n=0 gaps < 0.0 M
Called n=2 ROH Blocks > 1.0 cM
Longest Block: 3.565
Successfully saved to ./Empirical/HO/Makrani_8/chr2/roh.csv
Using Low-Mem Cython Linear Speed Up.
Loaded Pre Processing Model: SardHDF5
Loading Individual: Makrani_8

Loaded 1145647 variants
Loaded 4616 individuals
HDF5 loaded from ./Data/Marcus2019_1240k/mod_reich_sardinia_ancients_rev_mrg_dedup_3trm_anno.h5

Loaded 77652 variants
Loaded 2504 individuals
HDF5 loaded from ./Data/1000Genomes/HDF5/1240kHDF5/all1240/chr3.hdf5

Intersection on Positions: 77650
Nr of Matching Refs: 77606 / 77650
Full Intersection Ref/Alt Identical: 77553 / 77650
2504 / 2504 Individuals included in Reference
Extraction of 5008 Haplotypes Complete!
Markers called 40740 / 77553
Successfully saved to: ./Empirical/HO/Makrani_8/chr3/
Successfully loaded Data from: ./Empirical/HO/Makrani_8/chr3/
Loaded Emission Model: diploid_gt
Loaded Transition Model: model
Loaded Post Processing Model: Standard
Minimum Genetic Map: 0.0002
Maximum Genetic Map: 2.2326
Gaps bigger than 0.1 cM: 341
Maximum Gap: 0.4179 cM
Loaded Transition and Emission Matrix:
(3, 3)
(5009, 40740)
Loaded Observations:
(2, 40740)
Memory Usage: 2038.6816 mB
Reference Number: 5008
Total Log likelihood: -21020.818
Memory Usage: 2038.6816 mB
Finished Calculation State Posteriors
Saved Zero State Posterior to ./Empirical/HO/Makrani_8/chr3/.
Successfully loaded for PP. from ./Empirical/HO/Makrani_8/chr3/
Fraction Markers in ROH: 0.2702
Merged n=0 gaps < 0.0 M
Called n=1 ROH Blocks > 1.0 cM
Longest Block: 1.199
Successfully saved to ./Empirical/HO/Makrani_8/chr3/roh.csv
Using Low-Mem Cython Linear Speed Up.
Loaded Pre Processing Model: SardHDF5
Loading Individual: Makrani_8

Loaded 1145647 variants
Loaded 4616 individuals
HDF5 loaded from ./Data/Marcus2019_1240k/mod_reich_sardinia_ancients_rev_mrg_dedup_3trm_anno.h5

Loaded 68759 variants
Loaded 2504 individuals
HDF5 loaded from ./Data/1000Genomes/HDF5/1240kHDF5/all1240/chr4.hdf5

Intersection on Positions: 68759
Nr of Matching Refs: 68709 / 68759
Full Intersection Ref/Alt Identical: 68663 / 68759
2504 / 2504 Individuals included in Reference
Extraction of 5008 Haplotypes Complete!
Markers called 34161 / 68663
Successfully saved to: ./Empirical/HO/Makrani_8/chr4/
Successfully loaded Data from: ./Empirical/HO/Makrani_8/chr4/
Loaded Emission Model: diploid_gt
Loaded Transition Model: model
Loaded Post Processing Model: Standard
Minimum Genetic Map: 0.0034
Maximum Genetic Map: 2.1454
Gaps bigger than 0.1 cM: 334
Maximum Gap: 2.1375 cM
Loaded Transition and Emission Matrix:
(3, 3)
(5009, 34161)
Loaded Observations:
(2, 34161)
Memory Usage: 1742.073856 mB
Reference Number: 5008
Total Log likelihood: -17309.205
Memory Usage: 1742.073856 mB
Finished Calculation State Posteriors
Saved Zero State Posterior to ./Empirical/HO/Makrani_8/chr4/.
Successfully loaded for PP. from ./Empirical/HO/Makrani_8/chr4/
Fraction Markers in ROH: 0.2761
Merged n=0 gaps < 0.0 M
Called n=1 ROH Blocks > 1.0 cM
Longest Block: 1.805
Successfully saved to ./Empirical/HO/Makrani_8/chr4/roh.csv
Using Low-Mem Cython Linear Speed Up.
Loaded Pre Processing Model: SardHDF5
Loading Individual: Makrani_8

Loaded 1145647 variants
Loaded 4616 individuals
HDF5 loaded from ./Data/Marcus2019_1240k/mod_reich_sardinia_ancients_rev_mrg_dedup_3trm_anno.h5

Loaded 69399 variants
Loaded 2504 individuals
HDF5 loaded from ./Data/1000Genomes/HDF5/1240kHDF5/all1240/chr5.hdf5

Intersection on Positions: 69394
Nr of Matching Refs: 69307 / 69394
Full Intersection Ref/Alt Identical: 69252 / 69394
2504 / 2504 Individuals included in Reference
Extraction of 5008 Haplotypes Complete!
Markers called 34304 / 69252
Successfully saved to: ./Empirical/HO/Makrani_8/chr5/
Successfully loaded Data from: ./Empirical/HO/Makrani_8/chr5/
Loaded Emission Model: diploid_gt
Loaded Transition Model: model
Loaded Post Processing Model: Standard
Minimum Genetic Map: 0.0004
Maximum Genetic Map: 2.0409
Gaps bigger than 0.1 cM: 339
Maximum Gap: 1.0498 cM
Loaded Transition and Emission Matrix:
(3, 3)
(5009, 34304)
Loaded Observations:
(2, 34304)
Memory Usage: 1748.549632 mB
Reference Number: 5008
Total Log likelihood: -17362.395
Memory Usage: 1748.549632 mB
Finished Calculation State Posteriors
Saved Zero State Posterior to ./Empirical/HO/Makrani_8/chr5/.
Successfully loaded for PP. from ./Empirical/HO/Makrani_8/chr5/
Fraction Markers in ROH: 0.2722
Called n=0 ROH Blocks > 1.0 cM
Longest Block: nan
Successfully saved to ./Empirical/HO/Makrani_8/chr5/roh.csv
Using Low-Mem Cython Linear Speed Up.
Loaded Pre Processing Model: SardHDF5
Loading Individual: Makrani_8

Loaded 1145647 variants
Loaded 4616 individuals
HDF5 loaded from ./Data/Marcus2019_1240k/mod_reich_sardinia_ancients_rev_mrg_dedup_3trm_anno.h5

Loaded 75870 variants
Loaded 2504 individuals
HDF5 loaded from ./Data/1000Genomes/HDF5/1240kHDF5/all1240/chr6.hdf5

Intersection on Positions: 75866
Nr of Matching Refs: 75743 / 75866
Full Intersection Ref/Alt Identical: 75675 / 75866
2504 / 2504 Individuals included in Reference
Extraction of 5008 Haplotypes Complete!
Markers called 34116 / 75675
Successfully saved to: ./Empirical/HO/Makrani_8/chr6/
Successfully loaded Data from: ./Empirical/HO/Makrani_8/chr6/
Loaded Emission Model: diploid_gt
Loaded Transition Model: model
Loaded Post Processing Model: Standard
Minimum Genetic Map: 0.0035
Maximum Genetic Map: 1.9203
Gaps bigger than 0.1 cM: 287
Maximum Gap: 0.5072 cM
Loaded Transition and Emission Matrix:
(3, 3)
(5009, 34116)
Loaded Observations:
(2, 34116)
Memory Usage: 1740.091392 mB
Reference Number: 5008
Total Log likelihood: -18379.313
Memory Usage: 1740.091392 mB
Finished Calculation State Posteriors
Saved Zero State Posterior to ./Empirical/HO/Makrani_8/chr6/.
Successfully loaded for PP. from ./Empirical/HO/Makrani_8/chr6/
Fraction Markers in ROH: 0.2191
Called n=0 ROH Blocks > 1.0 cM
Longest Block: nan
Successfully saved to ./Empirical/HO/Makrani_8/chr6/roh.csv
Using Low-Mem Cython Linear Speed Up.
Loaded Pre Processing Model: SardHDF5
Loading Individual: Makrani_8

Loaded 1145647 variants
Loaded 4616 individuals
HDF5 loaded from ./Data/Marcus2019_1240k/mod_reich_sardinia_ancients_rev_mrg_dedup_3trm_anno.h5

Loaded 59890 variants
Loaded 2504 individuals
HDF5 loaded from ./Data/1000Genomes/HDF5/1240kHDF5/all1240/chr7.hdf5

Intersection on Positions: 59889
Nr of Matching Refs: 59781 / 59889
Full Intersection Ref/Alt Identical: 59715 / 59889
2504 / 2504 Individuals included in Reference
Extraction of 5008 Haplotypes Complete!
Markers called 28805 / 59715
Successfully saved to: ./Empirical/HO/Makrani_8/chr7/
Successfully loaded Data from: ./Empirical/HO/Makrani_8/chr7/
Loaded Emission Model: diploid_gt
Loaded Transition Model: model
Loaded Post Processing Model: Standard
Minimum Genetic Map: 0.0000
Maximum Genetic Map: 1.8715
Gaps bigger than 0.1 cM: 325
Maximum Gap: 1.0884 cM
Loaded Transition and Emission Matrix:
(3, 3)
(5009, 28805)
Loaded Observations:
(2, 28805)
Memory Usage: 1500.680192 mB
Reference Number: 5008
Total Log likelihood: -15234.623
Memory Usage: 1500.680192 mB
Finished Calculation State Posteriors
Saved Zero State Posterior to ./Empirical/HO/Makrani_8/chr7/.
Successfully loaded for PP. from ./Empirical/HO/Makrani_8/chr7/
Fraction Markers in ROH: 0.2358
Called n=0 ROH Blocks > 1.0 cM
Longest Block: nan
Successfully saved to ./Empirical/HO/Makrani_8/chr7/roh.csv
Using Low-Mem Cython Linear Speed Up.
Loaded Pre Processing Model: SardHDF5
Loading Individual: Makrani_8

Loaded 1145647 variants
Loaded 4616 individuals
HDF5 loaded from ./Data/Marcus2019_1240k/mod_reich_sardinia_ancients_rev_mrg_dedup_3trm_anno.h5

Loaded 61133 variants
Loaded 2504 individuals
HDF5 loaded from ./Data/1000Genomes/HDF5/1240kHDF5/all1240/chr8.hdf5

Intersection on Positions: 61130
Nr of Matching Refs: 61022 / 61130
Full Intersection Ref/Alt Identical: 60960 / 61130
2504 / 2504 Individuals included in Reference
Extraction of 5008 Haplotypes Complete!
Markers called 28580 / 60960
Successfully saved to: ./Empirical/HO/Makrani_8/chr8/
Successfully loaded Data from: ./Empirical/HO/Makrani_8/chr8/
Loaded Emission Model: diploid_gt
Loaded Transition Model: model
Loaded Post Processing Model: Standard
Minimum Genetic Map: 0.0001
Maximum Genetic Map: 1.6800
Gaps bigger than 0.1 cM: 252
Maximum Gap: 3.5052 cM
Loaded Transition and Emission Matrix:
(3, 3)
(5009, 28580)
Loaded Observations:
(2, 28580)
Memory Usage: 1490.5344 mB
Reference Number: 5008
Total Log likelihood: -14781.609
Memory Usage: 1490.5344 mB
Finished Calculation State Posteriors
Saved Zero State Posterior to ./Empirical/HO/Makrani_8/chr8/.
Successfully loaded for PP. from ./Empirical/HO/Makrani_8/chr8/
Fraction Markers in ROH: 0.2566
Called n=0 ROH Blocks > 1.0 cM
Longest Block: nan
Successfully saved to ./Empirical/HO/Makrani_8/chr8/roh.csv
Using Low-Mem Cython Linear Speed Up.
Loaded Pre Processing Model: SardHDF5
Loading Individual: Makrani_8

Loaded 1145647 variants
Loaded 4616 individuals
HDF5 loaded from ./Data/Marcus2019_1240k/mod_reich_sardinia_ancients_rev_mrg_dedup_3trm_anno.h5

Loaded 50668 variants
Loaded 2504 individuals
HDF5 loaded from ./Data/1000Genomes/HDF5/1240kHDF5/all1240/chr9.hdf5

Intersection on Positions: 50668
Nr of Matching Refs: 50539 / 50668
Full Intersection Ref/Alt Identical: 50493 / 50668
2504 / 2504 Individuals included in Reference
Extraction of 5008 Haplotypes Complete!
Markers called 23739 / 50493
Successfully saved to: ./Empirical/HO/Makrani_8/chr9/
Successfully loaded Data from: ./Empirical/HO/Makrani_8/chr9/
Loaded Emission Model: diploid_gt
Loaded Transition Model: model
Loaded Post Processing Model: Standard
Minimum Genetic Map: 0.0016
Maximum Genetic Map: 1.6630
Gaps bigger than 0.1 cM: 299
Maximum Gap: 2.3454 cM
Loaded Transition and Emission Matrix:
(3, 3)
(5009, 23739)
Loaded Observations:
(2, 23739)
Memory Usage: 1272.303616 mB
Reference Number: 5008
Total Log likelihood: -12044.548
Memory Usage: 1272.303616 mB
Finished Calculation State Posteriors
Saved Zero State Posterior to ./Empirical/HO/Makrani_8/chr9/.
Successfully loaded for PP. from ./Empirical/HO/Makrani_8/chr9/
Fraction Markers in ROH: 0.2836
Merged n=0 gaps < 0.0 M
Called n=2 ROH Blocks > 1.0 cM
Longest Block: 1.403
Successfully saved to ./Empirical/HO/Makrani_8/chr9/roh.csv
Using Low-Mem Cython Linear Speed Up.
Loaded Pre Processing Model: SardHDF5
Loading Individual: Makrani_8

Loaded 1145647 variants
Loaded 4616 individuals
HDF5 loaded from ./Data/Marcus2019_1240k/mod_reich_sardinia_ancients_rev_mrg_dedup_3trm_anno.h5

Loaded 58804 variants
Loaded 2504 individuals
HDF5 loaded from ./Data/1000Genomes/HDF5/1240kHDF5/all1240/chr10.hdf5

Intersection on Positions: 58803
Nr of Matching Refs: 58657 / 58803
Full Intersection Ref/Alt Identical: 58591 / 58803
2504 / 2504 Individuals included in Reference
Extraction of 5008 Haplotypes Complete!
Markers called 30604 / 58591
Successfully saved to: ./Empirical/HO/Makrani_8/chr10/
Successfully loaded Data from: ./Empirical/HO/Makrani_8/chr10/
Loaded Emission Model: diploid_gt
Loaded Transition Model: model
Loaded Post Processing Model: Standard
Minimum Genetic Map: 0.0001
Maximum Genetic Map: 1.8089
Gaps bigger than 0.1 cM: 264
Maximum Gap: 2.0338 cM
Loaded Transition and Emission Matrix:
(3, 3)
(5009, 30604)
Loaded Observations:
(2, 30604)
Memory Usage: 1581.780992 mB
Reference Number: 5008
Total Log likelihood: -16705.902
Memory Usage: 1581.780992 mB
Finished Calculation State Posteriors
Saved Zero State Posterior to ./Empirical/HO/Makrani_8/chr10/.
Successfully loaded for PP. from ./Empirical/HO/Makrani_8/chr10/
Fraction Markers in ROH: 0.2112
Called n=0 ROH Blocks > 1.0 cM
Longest Block: nan
Successfully saved to ./Empirical/HO/Makrani_8/chr10/roh.csv
Using Low-Mem Cython Linear Speed Up.
Loaded Pre Processing Model: SardHDF5
Loading Individual: Makrani_8

Loaded 1145647 variants
Loaded 4616 individuals
HDF5 loaded from ./Data/Marcus2019_1240k/mod_reich_sardinia_ancients_rev_mrg_dedup_3trm_anno.h5

Loaded 54833 variants
Loaded 2504 individuals
HDF5 loaded from ./Data/1000Genomes/HDF5/1240kHDF5/all1240/chr11.hdf5

Intersection on Positions: 54831
Nr of Matching Refs: 54669 / 54831
Full Intersection Ref/Alt Identical: 54616 / 54831
2504 / 2504 Individuals included in Reference
Extraction of 5008 Haplotypes Complete!
Markers called 28173 / 54616
Successfully saved to: ./Empirical/HO/Makrani_8/chr11/
Successfully loaded Data from: ./Empirical/HO/Makrani_8/chr11/
Loaded Emission Model: diploid_gt
Loaded Transition Model: model
Loaded Post Processing Model: Standard
Minimum Genetic Map: 0.0000
Maximum Genetic Map: 1.5822
Gaps bigger than 0.1 cM: 247
Maximum Gap: 0.5683 cM
Loaded Transition and Emission Matrix:
(3, 3)
(5009, 28173)
Loaded Observations:
(2, 28173)
Memory Usage: 1472.188416 mB
Reference Number: 5008
Total Log likelihood: -14411.134
Memory Usage: 1472.188416 mB
Finished Calculation State Posteriors
Saved Zero State Posterior to ./Empirical/HO/Makrani_8/chr11/.
Successfully loaded for PP. from ./Empirical/HO/Makrani_8/chr11/
Fraction Markers in ROH: 0.2571
Called n=0 ROH Blocks > 1.0 cM
Longest Block: nan
Successfully saved to ./Empirical/HO/Makrani_8/chr11/roh.csv
Using Low-Mem Cython Linear Speed Up.
Loaded Pre Processing Model: SardHDF5
Loading Individual: Makrani_8

Loaded 1145647 variants
Loaded 4616 individuals
HDF5 loaded from ./Data/Marcus2019_1240k/mod_reich_sardinia_ancients_rev_mrg_dedup_3trm_anno.h5

Loaded 53911 variants
Loaded 2504 individuals
HDF5 loaded from ./Data/1000Genomes/HDF5/1240kHDF5/all1240/chr12.hdf5

Intersection on Positions: 53911
Nr of Matching Refs: 53713 / 53911
Full Intersection Ref/Alt Identical: 53672 / 53911
2504 / 2504 Individuals included in Reference
Extraction of 5008 Haplotypes Complete!
Markers called 27377 / 53672
Successfully saved to: ./Empirical/HO/Makrani_8/chr12/
Successfully loaded Data from: ./Empirical/HO/Makrani_8/chr12/
Loaded Emission Model: diploid_gt
Loaded Transition Model: model
Loaded Post Processing Model: Standard
Minimum Genetic Map: 0.0009
Maximum Genetic Map: 1.7468
Gaps bigger than 0.1 cM: 286
Maximum Gap: 0.8015 cM
Loaded Transition and Emission Matrix:
(3, 3)
(5009, 27377)
Loaded Observations:
(2, 27377)
Memory Usage: 1436.311552 mB
Reference Number: 5008
Total Log likelihood: -14598.220
Memory Usage: 1436.311552 mB
Finished Calculation State Posteriors
Saved Zero State Posterior to ./Empirical/HO/Makrani_8/chr12/.
Successfully loaded for PP. from ./Empirical/HO/Makrani_8/chr12/
Fraction Markers in ROH: 0.2382
Called n=0 ROH Blocks > 1.0 cM
Longest Block: nan
Successfully saved to ./Empirical/HO/Makrani_8/chr12/roh.csv
Using Low-Mem Cython Linear Speed Up.
Loaded Pre Processing Model: SardHDF5
Loading Individual: Makrani_8

Loaded 1145647 variants
Loaded 4616 individuals
HDF5 loaded from ./Data/Marcus2019_1240k/mod_reich_sardinia_ancients_rev_mrg_dedup_3trm_anno.h5

Loaded 39018 variants
Loaded 2504 individuals
HDF5 loaded from ./Data/1000Genomes/HDF5/1240kHDF5/all1240/chr13.hdf5

Intersection on Positions: 39015
Nr of Matching Refs: 38885 / 39015
Full Intersection Ref/Alt Identical: 38841 / 39015
2504 / 2504 Individuals included in Reference
Extraction of 5008 Haplotypes Complete!
Markers called 17929 / 38841
Successfully saved to: ./Empirical/HO/Makrani_8/chr13/
Successfully loaded Data from: ./Empirical/HO/Makrani_8/chr13/
Loaded Emission Model: diploid_gt
Loaded Transition Model: model
Loaded Post Processing Model: Standard
Minimum Genetic Map: 0.0028
Maximum Genetic Map: 1.2570
Gaps bigger than 0.1 cM: 229
Maximum Gap: 1.2234 cM
Loaded Transition and Emission Matrix:
(3, 3)
(5009, 17929)
Loaded Observations:
(2, 17929)
Memory Usage: 1010.40128 mB
Reference Number: 5008
Total Log likelihood: -9798.898
Memory Usage: 1010.40128 mB
Finished Calculation State Posteriors
Saved Zero State Posterior to ./Empirical/HO/Makrani_8/chr13/.
Successfully loaded for PP. from ./Empirical/HO/Makrani_8/chr13/
Fraction Markers in ROH: 0.2320
Called n=0 ROH Blocks > 1.0 cM
Longest Block: nan
Successfully saved to ./Empirical/HO/Makrani_8/chr13/roh.csv
Using Low-Mem Cython Linear Speed Up.
Loaded Pre Processing Model: SardHDF5
Loading Individual: Makrani_8

Loaded 1145647 variants
Loaded 4616 individuals
HDF5 loaded from ./Data/Marcus2019_1240k/mod_reich_sardinia_ancients_rev_mrg_dedup_3trm_anno.h5

Loaded 36301 variants
Loaded 2504 individuals
HDF5 loaded from ./Data/1000Genomes/HDF5/1240kHDF5/all1240/chr14.hdf5

Intersection on Positions: 36301
Nr of Matching Refs: 36166 / 36301
Full Intersection Ref/Alt Identical: 36126 / 36301
2504 / 2504 Individuals included in Reference
Extraction of 5008 Haplotypes Complete!
Markers called 18751 / 36126
Successfully saved to: ./Empirical/HO/Makrani_8/chr14/
Successfully loaded Data from: ./Empirical/HO/Makrani_8/chr14/
Loaded Emission Model: diploid_gt
Loaded Transition Model: model
Loaded Post Processing Model: Standard
Minimum Genetic Map: 0.0184
Maximum Genetic Map: 1.2020
Gaps bigger than 0.1 cM: 191
Maximum Gap: 3.5856 cM
Loaded Transition and Emission Matrix:
(3, 3)
(5009, 18751)
Loaded Observations:
(2, 18751)
Memory Usage: 1047.453696 mB
Reference Number: 5008
Total Log likelihood: -10430.356
Memory Usage: 1047.453696 mB
Finished Calculation State Posteriors
Saved Zero State Posterior to ./Empirical/HO/Makrani_8/chr14/.
Successfully loaded for PP. from ./Empirical/HO/Makrani_8/chr14/
Fraction Markers in ROH: 0.1889
Called n=0 ROH Blocks > 1.0 cM
Longest Block: nan
Successfully saved to ./Empirical/HO/Makrani_8/chr14/roh.csv
Using Low-Mem Cython Linear Speed Up.
Loaded Pre Processing Model: SardHDF5
Loading Individual: Makrani_8

Loaded 1145647 variants
Loaded 4616 individuals
HDF5 loaded from ./Data/Marcus2019_1240k/mod_reich_sardinia_ancients_rev_mrg_dedup_3trm_anno.h5

Loaded 34429 variants
Loaded 2504 individuals
HDF5 loaded from ./Data/1000Genomes/HDF5/1240kHDF5/all1240/chr15.hdf5

Intersection on Positions: 34425
Nr of Matching Refs: 34285 / 34425
Full Intersection Ref/Alt Identical: 34249 / 34425
2504 / 2504 Individuals included in Reference
Extraction of 5008 Haplotypes Complete!
Markers called 18127 / 34249
Successfully saved to: ./Empirical/HO/Makrani_8/chr15/
Successfully loaded Data from: ./Empirical/HO/Makrani_8/chr15/
Loaded Emission Model: diploid_gt
Loaded Transition Model: model
Loaded Post Processing Model: Standard
Minimum Genetic Map: 0.0002
Maximum Genetic Map: 1.4133
Gaps bigger than 0.1 cM: 201
Maximum Gap: 13.7876 cM
Loaded Transition and Emission Matrix:
(3, 3)
(5009, 18127)
Loaded Observations:
(2, 18127)
Memory Usage: 1019.33056 mB
Reference Number: 5008
Total Log likelihood: -9244.732
Memory Usage: 1019.33056 mB
Finished Calculation State Posteriors
Saved Zero State Posterior to ./Empirical/HO/Makrani_8/chr15/.
Successfully loaded for PP. from ./Empirical/HO/Makrani_8/chr15/
Fraction Markers in ROH: 0.2745
Called n=0 ROH Blocks > 1.0 cM
Longest Block: nan
Successfully saved to ./Empirical/HO/Makrani_8/chr15/roh.csv
Using Low-Mem Cython Linear Speed Up.
Loaded Pre Processing Model: SardHDF5
Loading Individual: Makrani_8

Loaded 1145647 variants
Loaded 4616 individuals
HDF5 loaded from ./Data/Marcus2019_1240k/mod_reich_sardinia_ancients_rev_mrg_dedup_3trm_anno.h5

Loaded 34402 variants
Loaded 2504 individuals
HDF5 loaded from ./Data/1000Genomes/HDF5/1240kHDF5/all1240/chr16.hdf5

Intersection on Positions: 34399
Nr of Matching Refs: 34254 / 34399
Full Intersection Ref/Alt Identical: 34201 / 34399
2504 / 2504 Individuals included in Reference
Extraction of 5008 Haplotypes Complete!
Markers called 18318 / 34201
Successfully saved to: ./Empirical/HO/Makrani_8/chr16/
Successfully loaded Data from: ./Empirical/HO/Makrani_8/chr16/
Loaded Emission Model: diploid_gt
Loaded Transition Model: model
Loaded Post Processing Model: Standard
Minimum Genetic Map: 0.0001
Maximum Genetic Map: 1.3402
Gaps bigger than 0.1 cM: 228
Maximum Gap: 0.9354 cM
Loaded Transition and Emission Matrix:
(3, 3)
(5009, 18318)
Loaded Observations:
(2, 18318)
Memory Usage: 1027.936256 mB
Reference Number: 5008
Total Log likelihood: -9794.903
Memory Usage: 1027.936256 mB
Finished Calculation State Posteriors
Saved Zero State Posterior to ./Empirical/HO/Makrani_8/chr16/.
Successfully loaded for PP. from ./Empirical/HO/Makrani_8/chr16/
Fraction Markers in ROH: 0.2325
Called n=0 ROH Blocks > 1.0 cM
Longest Block: nan
Successfully saved to ./Empirical/HO/Makrani_8/chr16/roh.csv
Using Low-Mem Cython Linear Speed Up.
Loaded Pre Processing Model: SardHDF5
Loading Individual: Makrani_8

Loaded 1145647 variants
Loaded 4616 individuals
HDF5 loaded from ./Data/Marcus2019_1240k/mod_reich_sardinia_ancients_rev_mrg_dedup_3trm_anno.h5

Loaded 29314 variants
Loaded 2504 individuals
HDF5 loaded from ./Data/1000Genomes/HDF5/1240kHDF5/all1240/chr17.hdf5

Intersection on Positions: 29313
Nr of Matching Refs: 29159 / 29313
Full Intersection Ref/Alt Identical: 29124 / 29313
2504 / 2504 Individuals included in Reference
Extraction of 5008 Haplotypes Complete!
Markers called 15289 / 29124
Successfully saved to: ./Empirical/HO/Makrani_8/chr17/
Successfully loaded Data from: ./Empirical/HO/Makrani_8/chr17/
Loaded Emission Model: diploid_gt
Loaded Transition Model: model
Loaded Post Processing Model: Standard
Minimum Genetic Map: -0.0003
Maximum Genetic Map: 1.2845
Gaps bigger than 0.1 cM: 225
Maximum Gap: 1.2355 cM
Loaded Transition and Emission Matrix:
(3, 3)
(5009, 15289)
Loaded Observations:
(2, 15289)
Memory Usage: 891.392 mB
Reference Number: 5008
Total Log likelihood: -8040.904
Memory Usage: 891.392 mB
Finished Calculation State Posteriors
Saved Zero State Posterior to ./Empirical/HO/Makrani_8/chr17/.
Successfully loaded for PP. from ./Empirical/HO/Makrani_8/chr17/
Fraction Markers in ROH: 0.2266
Called n=0 ROH Blocks > 1.0 cM
Longest Block: nan
Successfully saved to ./Empirical/HO/Makrani_8/chr17/roh.csv
Using Low-Mem Cython Linear Speed Up.
Loaded Pre Processing Model: SardHDF5
Loading Individual: Makrani_8

Loaded 1145647 variants
Loaded 4616 individuals
HDF5 loaded from ./Data/Marcus2019_1240k/mod_reich_sardinia_ancients_rev_mrg_dedup_3trm_anno.h5

Loaded 33917 variants
Loaded 2504 individuals
HDF5 loaded from ./Data/1000Genomes/HDF5/1240kHDF5/all1240/chr18.hdf5

Intersection on Positions: 33916
Nr of Matching Refs: 33774 / 33916
Full Intersection Ref/Alt Identical: 33746 / 33916
2504 / 2504 Individuals included in Reference
Extraction of 5008 Haplotypes Complete!
Markers called 17217 / 33746
Successfully saved to: ./Empirical/HO/Makrani_8/chr18/
Successfully loaded Data from: ./Empirical/HO/Makrani_8/chr18/
Loaded Emission Model: diploid_gt
Loaded Transition Model: model
Loaded Post Processing Model: Standard
Minimum Genetic Map: 0.0027
Maximum Genetic Map: 1.1771
Gaps bigger than 0.1 cM: 195
Maximum Gap: 0.8037 cM
Loaded Transition and Emission Matrix:
(3, 3)
(5009, 17217)
Loaded Observations:
(2, 17217)
Memory Usage: 978.313216 mB
Reference Number: 5008
Total Log likelihood: -8648.698
Memory Usage: 978.313216 mB
Finished Calculation State Posteriors
Saved Zero State Posterior to ./Empirical/HO/Makrani_8/chr18/.
Successfully loaded for PP. from ./Empirical/HO/Makrani_8/chr18/
Fraction Markers in ROH: 0.2679
Merged n=0 gaps < 0.0 M
Called n=2 ROH Blocks > 1.0 cM
Longest Block: 2.762
Successfully saved to ./Empirical/HO/Makrani_8/chr18/roh.csv
Using Low-Mem Cython Linear Speed Up.
Loaded Pre Processing Model: SardHDF5
Loading Individual: Makrani_8

Loaded 1145647 variants
Loaded 4616 individuals
HDF5 loaded from ./Data/Marcus2019_1240k/mod_reich_sardinia_ancients_rev_mrg_dedup_3trm_anno.h5

Loaded 18460 variants
Loaded 2504 individuals
HDF5 loaded from ./Data/1000Genomes/HDF5/1240kHDF5/all1240/chr19.hdf5

Intersection on Positions: 18459
Nr of Matching Refs: 18381 / 18459
Full Intersection Ref/Alt Identical: 18340 / 18459
2504 / 2504 Individuals included in Reference
Extraction of 5008 Haplotypes Complete!
Markers called 8745 / 18340
Successfully saved to: ./Empirical/HO/Makrani_8/chr19/
Successfully loaded Data from: ./Empirical/HO/Makrani_8/chr19/
Loaded Emission Model: diploid_gt
Loaded Transition Model: model
Loaded Post Processing Model: Standard
Minimum Genetic Map: 0.0000
Maximum Genetic Map: 1.0773
Gaps bigger than 0.1 cM: 285
Maximum Gap: 0.6354 cM
Loaded Transition and Emission Matrix:
(3, 3)
(5009, 8745)
Loaded Observations:
(2, 8745)
Memory Usage: 596.39808 mB
Reference Number: 5008
Total Log likelihood: -4824.225
Memory Usage: 596.39808 mB
Finished Calculation State Posteriors
Saved Zero State Posterior to ./Empirical/HO/Makrani_8/chr19/.
Successfully loaded for PP. from ./Empirical/HO/Makrani_8/chr19/
Fraction Markers in ROH: 0.2150
Called n=0 ROH Blocks > 1.0 cM
Longest Block: nan
Successfully saved to ./Empirical/HO/Makrani_8/chr19/roh.csv
Using Low-Mem Cython Linear Speed Up.
Loaded Pre Processing Model: SardHDF5
Loading Individual: Makrani_8

Loaded 1145647 variants
Loaded 4616 individuals
HDF5 loaded from ./Data/Marcus2019_1240k/mod_reich_sardinia_ancients_rev_mrg_dedup_3trm_anno.h5

Loaded 29078 variants
Loaded 2504 individuals
HDF5 loaded from ./Data/1000Genomes/HDF5/1240kHDF5/all1240/chr20.hdf5

Intersection on Positions: 29077
Nr of Matching Refs: 28908 / 29077
Full Intersection Ref/Alt Identical: 28864 / 29077
2504 / 2504 Individuals included in Reference
Extraction of 5008 Haplotypes Complete!
Markers called 15428 / 28864
Successfully saved to: ./Empirical/HO/Makrani_8/chr20/
Successfully loaded Data from: ./Empirical/HO/Makrani_8/chr20/
Loaded Emission Model: diploid_gt
Loaded Transition Model: model
Loaded Post Processing Model: Standard
Minimum Genetic Map: 0.0008
Maximum Genetic Map: 1.0821
Gaps bigger than 0.1 cM: 202
Maximum Gap: 0.4744 cM
Loaded Transition and Emission Matrix:
(3, 3)
(5009, 15428)
Loaded Observations:
(2, 15428)
Memory Usage: 897.671168 mB
Reference Number: 5008
Total Log likelihood: -7914.707
Memory Usage: 897.671168 mB
Finished Calculation State Posteriors
Saved Zero State Posterior to ./Empirical/HO/Makrani_8/chr20/.
Successfully loaded for PP. from ./Empirical/HO/Makrani_8/chr20/
Fraction Markers in ROH: 0.2541
Called n=0 ROH Blocks > 1.0 cM
Longest Block: nan
Successfully saved to ./Empirical/HO/Makrani_8/chr20/roh.csv
Using Low-Mem Cython Linear Speed Up.
Loaded Pre Processing Model: SardHDF5
Loading Individual: Makrani_8

Loaded 1145647 variants
Loaded 4616 individuals
HDF5 loaded from ./Data/Marcus2019_1240k/mod_reich_sardinia_ancients_rev_mrg_dedup_3trm_anno.h5

Loaded 16038 variants
Loaded 2504 individuals
HDF5 loaded from ./Data/1000Genomes/HDF5/1240kHDF5/all1240/chr21.hdf5

Intersection on Positions: 16036
Nr of Matching Refs: 15949 / 16036
Full Intersection Ref/Alt Identical: 15930 / 16036
2504 / 2504 Individuals included in Reference
Extraction of 5008 Haplotypes Complete!
Markers called 7940 / 15930
Successfully saved to: ./Empirical/HO/Makrani_8/chr21/
Successfully loaded Data from: ./Empirical/HO/Makrani_8/chr21/
Loaded Emission Model: diploid_gt
Loaded Transition Model: model
Loaded Post Processing Model: Standard
Minimum Genetic Map: 0.0145
Maximum Genetic Map: 0.6277
Gaps bigger than 0.1 cM: 119
Maximum Gap: 0.7121 cM
Loaded Transition and Emission Matrix:
(3, 3)
(5009, 7940)
Loaded Observations:
(2, 7940)
Memory Usage: 560.10752 mB
Reference Number: 5008
Total Log likelihood: -4488.217
Memory Usage: 560.10752 mB
Finished Calculation State Posteriors
Saved Zero State Posterior to ./Empirical/HO/Makrani_8/chr21/.
Successfully loaded for PP. from ./Empirical/HO/Makrani_8/chr21/
Fraction Markers in ROH: 0.1804
Called n=0 ROH Blocks > 1.0 cM
Longest Block: nan
Successfully saved to ./Empirical/HO/Makrani_8/chr21/roh.csv
Using Low-Mem Cython Linear Speed Up.
Loaded Pre Processing Model: SardHDF5
Loading Individual: Makrani_8

Loaded 1145647 variants
Loaded 4616 individuals
HDF5 loaded from ./Data/Marcus2019_1240k/mod_reich_sardinia_ancients_rev_mrg_dedup_3trm_anno.h5

Loaded 15802 variants
Loaded 2504 individuals
HDF5 loaded from ./Data/1000Genomes/HDF5/1240kHDF5/all1240/chr22.hdf5

Intersection on Positions: 15802
Nr of Matching Refs: 15704 / 15802
Full Intersection Ref/Alt Identical: 15684 / 15802
2504 / 2504 Individuals included in Reference
Extraction of 5008 Haplotypes Complete!
Markers called 7732 / 15684
Successfully saved to: ./Empirical/HO/Makrani_8/chr22/
Successfully loaded Data from: ./Empirical/HO/Makrani_8/chr22/
Loaded Emission Model: diploid_gt
Loaded Transition Model: model
Loaded Post Processing Model: Standard
Minimum Genetic Map: 0.0178
Maximum Genetic Map: 0.7408
Gaps bigger than 0.1 cM: 149
Maximum Gap: 1.7139 cM
Loaded Transition and Emission Matrix:
(3, 3)
(5009, 7732)
Loaded Observations:
(2, 7732)
Memory Usage: 550.731776 mB
Reference Number: 5008
Total Log likelihood: -4225.582
Memory Usage: 550.731776 mB
Finished Calculation State Posteriors
Saved Zero State Posterior to ./Empirical/HO/Makrani_8/chr22/.
Successfully loaded for PP. from ./Empirical/HO/Makrani_8/chr22/
Fraction Markers in ROH: 0.2232
Called n=0 ROH Blocks > 1.0 cM
Longest Block: nan
Successfully saved to ./Empirical/HO/Makrani_8/chr22/roh.csv
Run for Individual Makrani_8: Complete! Yeah!!
