Loaded 2106 / 5081 ancient Indivdiuals Anno File.
Doing Individual I2567...
Using Low-Mem Cython Linear Speed Up.
Loaded Pre Processing Model: Eigenstrat
Loading Individual: I2567

Loaded 89147 variants
Loaded 2504 individuals
HDF5 loaded from ./Data/1000Genomes/HDF5/1240kHDF5/all1240/chr1.hdf5
3 Eigenstrat Files with 5081 Individuals and 1233013 SNPs

Intersection on Positions: 89147
Nr of Matching Refs: 89147 / 89147
Full Intersection Ref/Alt Identical: 89082 / 89147
2504 / 2504 Individuals included in Reference
Extraction of 5008 Haplotypes complete
Reduced to markers called 46942 / 89082
(Fraction SNP: 0.5269526952695269)
Successfully saved to: ./Empirical/Eigenstrat/Reichall/I2567/chr1/
Successfully loaded Data from: ./Empirical/Eigenstrat/Reichall/I2567/chr1/
Loaded Emission Model: haploid
Loaded Transition Model: model
Loaded Post Processing Model: Standard
Minimum Genetic Map: 0.0225
Maximum Genetic Map: 2.8627
Gaps bigger than 0.1 cM: 388
Maximum Gap: 2.9229 cM
Loaded Transition and Emission Matrix:
(3, 3)
(5009, 46942)
Loaded Observations:
(2, 46942)
Memory Usage: 2310.8608 mB
Reference Number: 5008
Total Log likelihood: -17237.147
Memory Usage: 2311.323648 mB
Finished Calculation State Posteriors
Saved Zero State Posterior to ./Empirical/Eigenstrat/Reichall/I2567/chr1/.
Successfully loaded for PP. from ./Empirical/Eigenstrat/Reichall/I2567/chr1/
Fraction Markers in ROH: 0.3762
Merged n=0 gaps < 0.0 M
Called n=15 ROH Blocks > 1.0 cM
Longest Block: 2.115
Successfully saved to ./Empirical/Eigenstrat/Reichall/I2567/chr1/roh.csv
Using Low-Mem Cython Linear Speed Up.
Loaded Pre Processing Model: Eigenstrat
Loading Individual: I2567

Loaded 94239 variants
Loaded 2504 individuals
HDF5 loaded from ./Data/1000Genomes/HDF5/1240kHDF5/all1240/chr2.hdf5
3 Eigenstrat Files with 5081 Individuals and 1233013 SNPs

Intersection on Positions: 94239
Nr of Matching Refs: 94239 / 94239
Full Intersection Ref/Alt Identical: 94173 / 94239
2504 / 2504 Individuals included in Reference
Extraction of 5008 Haplotypes complete
Reduced to markers called 45544 / 94173
(Fraction SNP: 0.48362057065188535)
Successfully saved to: ./Empirical/Eigenstrat/Reichall/I2567/chr2/
Successfully loaded Data from: ./Empirical/Eigenstrat/Reichall/I2567/chr2/
Loaded Emission Model: haploid
Loaded Transition Model: model
Loaded Post Processing Model: Standard
Minimum Genetic Map: 0.0001
Maximum Genetic Map: 2.6883
Gaps bigger than 0.1 cM: 374
Maximum Gap: 2.1083 cM
Loaded Transition and Emission Matrix:
(3, 3)
(5009, 45544)
Loaded Observations:
(2, 45544)
Memory Usage: 2287.239168 mB
Reference Number: 5008
Total Log likelihood: -16894.838
Memory Usage: 2287.239168 mB
Finished Calculation State Posteriors
Saved Zero State Posterior to ./Empirical/Eigenstrat/Reichall/I2567/chr2/.
Successfully loaded for PP. from ./Empirical/Eigenstrat/Reichall/I2567/chr2/
Fraction Markers in ROH: 0.3972
Merged n=0 gaps < 0.0 M
Called n=11 ROH Blocks > 1.0 cM
Longest Block: 1.894
Successfully saved to ./Empirical/Eigenstrat/Reichall/I2567/chr2/roh.csv
Using Low-Mem Cython Linear Speed Up.
Loaded Pre Processing Model: Eigenstrat
Loading Individual: I2567

Loaded 77652 variants
Loaded 2504 individuals
HDF5 loaded from ./Data/1000Genomes/HDF5/1240kHDF5/all1240/chr3.hdf5
3 Eigenstrat Files with 5081 Individuals and 1233013 SNPs

Intersection on Positions: 77652
Nr of Matching Refs: 77652 / 77652
Full Intersection Ref/Alt Identical: 77601 / 77652
2504 / 2504 Individuals included in Reference
Extraction of 5008 Haplotypes complete
Reduced to markers called 36334 / 77601
(Fraction SNP: 0.4682156157781472)
Successfully saved to: ./Empirical/Eigenstrat/Reichall/I2567/chr3/
Successfully loaded Data from: ./Empirical/Eigenstrat/Reichall/I2567/chr3/
Loaded Emission Model: haploid
Loaded Transition Model: model
Loaded Post Processing Model: Standard
Minimum Genetic Map: 0.0001
Maximum Genetic Map: 2.2325
Gaps bigger than 0.1 cM: 339
Maximum Gap: 0.3947 cM
Loaded Transition and Emission Matrix:
(3, 3)
(5009, 36334)
Loaded Observations:
(2, 36334)
Memory Usage: 1872.400384 mB
Reference Number: 5008
Total Log likelihood: -13624.401
Memory Usage: 1872.400384 mB
Finished Calculation State Posteriors
Saved Zero State Posterior to ./Empirical/Eigenstrat/Reichall/I2567/chr3/.
Successfully loaded for PP. from ./Empirical/Eigenstrat/Reichall/I2567/chr3/
Fraction Markers in ROH: 0.3714
Merged n=0 gaps < 0.0 M
Called n=7 ROH Blocks > 1.0 cM
Longest Block: 1.590
Successfully saved to ./Empirical/Eigenstrat/Reichall/I2567/chr3/roh.csv
Using Low-Mem Cython Linear Speed Up.
Loaded Pre Processing Model: Eigenstrat
Loading Individual: I2567

Loaded 68759 variants
Loaded 2504 individuals
HDF5 loaded from ./Data/1000Genomes/HDF5/1240kHDF5/all1240/chr4.hdf5
3 Eigenstrat Files with 5081 Individuals and 1233013 SNPs

Intersection on Positions: 68759
Nr of Matching Refs: 68759 / 68759
Full Intersection Ref/Alt Identical: 68720 / 68759
2504 / 2504 Individuals included in Reference
Extraction of 5008 Haplotypes complete
Reduced to markers called 28499 / 68720
(Fraction SNP: 0.4147118742724098)
Successfully saved to: ./Empirical/Eigenstrat/Reichall/I2567/chr4/
Successfully loaded Data from: ./Empirical/Eigenstrat/Reichall/I2567/chr4/
Loaded Emission Model: haploid
Loaded Transition Model: model
Loaded Post Processing Model: Standard
Minimum Genetic Map: 0.0034
Maximum Genetic Map: 2.1454
Gaps bigger than 0.1 cM: 362
Maximum Gap: 2.0495 cM
Loaded Transition and Emission Matrix:
(3, 3)
(5009, 28499)
Loaded Observations:
(2, 28499)
Memory Usage: 1519.644672 mB
Reference Number: 5008
Total Log likelihood: -10419.714
Memory Usage: 1519.644672 mB
Finished Calculation State Posteriors
Saved Zero State Posterior to ./Empirical/Eigenstrat/Reichall/I2567/chr4/.
Successfully loaded for PP. from ./Empirical/Eigenstrat/Reichall/I2567/chr4/
Fraction Markers in ROH: 0.3880
Merged n=0 gaps < 0.0 M
Called n=10 ROH Blocks > 1.0 cM
Longest Block: 2.636
Successfully saved to ./Empirical/Eigenstrat/Reichall/I2567/chr4/roh.csv
Using Low-Mem Cython Linear Speed Up.
Loaded Pre Processing Model: Eigenstrat
Loading Individual: I2567

Loaded 69399 variants
Loaded 2504 individuals
HDF5 loaded from ./Data/1000Genomes/HDF5/1240kHDF5/all1240/chr5.hdf5
3 Eigenstrat Files with 5081 Individuals and 1233013 SNPs

Intersection on Positions: 69399
Nr of Matching Refs: 69399 / 69399
Full Intersection Ref/Alt Identical: 69354 / 69399
2504 / 2504 Individuals included in Reference
Extraction of 5008 Haplotypes complete
Reduced to markers called 32747 / 69354
(Fraction SNP: 0.47217175649565996)
Successfully saved to: ./Empirical/Eigenstrat/Reichall/I2567/chr5/
Successfully loaded Data from: ./Empirical/Eigenstrat/Reichall/I2567/chr5/
Loaded Emission Model: haploid
Loaded Transition Model: model
Loaded Post Processing Model: Standard
Minimum Genetic Map: 0.0004
Maximum Genetic Map: 2.0409
Gaps bigger than 0.1 cM: 317
Maximum Gap: 1.1070 cM
Loaded Transition and Emission Matrix:
(3, 3)
(5009, 32747)
Loaded Observations:
(2, 32747)
Memory Usage: 1711.345664 mB
Reference Number: 5008
Total Log likelihood: -12347.968
Memory Usage: 1711.345664 mB
Finished Calculation State Posteriors
Saved Zero State Posterior to ./Empirical/Eigenstrat/Reichall/I2567/chr5/.
Successfully loaded for PP. from ./Empirical/Eigenstrat/Reichall/I2567/chr5/
Fraction Markers in ROH: 0.3739
Merged n=0 gaps < 0.0 M
Called n=5 ROH Blocks > 1.0 cM
Longest Block: 2.624
Successfully saved to ./Empirical/Eigenstrat/Reichall/I2567/chr5/roh.csv
Using Low-Mem Cython Linear Speed Up.
Loaded Pre Processing Model: Eigenstrat
Loading Individual: I2567

Loaded 75870 variants
Loaded 2504 individuals
HDF5 loaded from ./Data/1000Genomes/HDF5/1240kHDF5/all1240/chr6.hdf5
3 Eigenstrat Files with 5081 Individuals and 1233013 SNPs

Intersection on Positions: 75870
Nr of Matching Refs: 75870 / 75870
Full Intersection Ref/Alt Identical: 75816 / 75870
2504 / 2504 Individuals included in Reference
Extraction of 5008 Haplotypes complete
Reduced to markers called 35875 / 75816
(Fraction SNP: 0.47318507966656115)
Successfully saved to: ./Empirical/Eigenstrat/Reichall/I2567/chr6/
Successfully loaded Data from: ./Empirical/Eigenstrat/Reichall/I2567/chr6/
Loaded Emission Model: haploid
Loaded Transition Model: model
Loaded Post Processing Model: Standard
Minimum Genetic Map: 0.0035
Maximum Genetic Map: 1.9203
Gaps bigger than 0.1 cM: 262
Maximum Gap: 0.5134 cM
Loaded Transition and Emission Matrix:
(3, 3)
(5009, 35875)
Loaded Observations:
(2, 35875)
Memory Usage: 1852.76416 mB
Reference Number: 5008
Total Log likelihood: -13153.867
Memory Usage: 1852.76416 mB
Finished Calculation State Posteriors
Saved Zero State Posterior to ./Empirical/Eigenstrat/Reichall/I2567/chr6/.
Successfully loaded for PP. from ./Empirical/Eigenstrat/Reichall/I2567/chr6/
Fraction Markers in ROH: 0.3880
Merged n=0 gaps < 0.0 M
Called n=15 ROH Blocks > 1.0 cM
Longest Block: 3.518
Successfully saved to ./Empirical/Eigenstrat/Reichall/I2567/chr6/roh.csv
Using Low-Mem Cython Linear Speed Up.
Loaded Pre Processing Model: Eigenstrat
Loading Individual: I2567

Loaded 59890 variants
Loaded 2504 individuals
HDF5 loaded from ./Data/1000Genomes/HDF5/1240kHDF5/all1240/chr7.hdf5
3 Eigenstrat Files with 5081 Individuals and 1233013 SNPs

Intersection on Positions: 59890
Nr of Matching Refs: 59890 / 59890
Full Intersection Ref/Alt Identical: 59836 / 59890
2504 / 2504 Individuals included in Reference
Extraction of 5008 Haplotypes complete
Reduced to markers called 28572 / 59836
(Fraction SNP: 0.4775051808275954)
Successfully saved to: ./Empirical/Eigenstrat/Reichall/I2567/chr7/
Successfully loaded Data from: ./Empirical/Eigenstrat/Reichall/I2567/chr7/
Loaded Emission Model: haploid
Loaded Transition Model: model
Loaded Post Processing Model: Standard
Minimum Genetic Map: 0.0000
Maximum Genetic Map: 1.8715
Gaps bigger than 0.1 cM: 290
Maximum Gap: 0.8416 cM
Loaded Transition and Emission Matrix:
(3, 3)
(5009, 28572)
Loaded Observations:
(2, 28572)
Memory Usage: 1523.298304 mB
Reference Number: 5008
Total Log likelihood: -10903.818
Memory Usage: 1523.298304 mB
Finished Calculation State Posteriors
Saved Zero State Posterior to ./Empirical/Eigenstrat/Reichall/I2567/chr7/.
Successfully loaded for PP. from ./Empirical/Eigenstrat/Reichall/I2567/chr7/
Fraction Markers in ROH: 0.3305
Merged n=0 gaps < 0.0 M
Called n=4 ROH Blocks > 1.0 cM
Longest Block: 2.270
Successfully saved to ./Empirical/Eigenstrat/Reichall/I2567/chr7/roh.csv
Using Low-Mem Cython Linear Speed Up.
Loaded Pre Processing Model: Eigenstrat
Loading Individual: I2567

Loaded 61133 variants
Loaded 2504 individuals
HDF5 loaded from ./Data/1000Genomes/HDF5/1240kHDF5/all1240/chr8.hdf5
3 Eigenstrat Files with 5081 Individuals and 1233013 SNPs

Intersection on Positions: 61133
Nr of Matching Refs: 61133 / 61133
Full Intersection Ref/Alt Identical: 61091 / 61133
2504 / 2504 Individuals included in Reference
Extraction of 5008 Haplotypes complete
Reduced to markers called 29467 / 61091
(Fraction SNP: 0.482346008413678)
Successfully saved to: ./Empirical/Eigenstrat/Reichall/I2567/chr8/
Successfully loaded Data from: ./Empirical/Eigenstrat/Reichall/I2567/chr8/
Loaded Emission Model: haploid
Loaded Transition Model: model
Loaded Post Processing Model: Standard
Minimum Genetic Map: 0.0000
Maximum Genetic Map: 1.6800
Gaps bigger than 0.1 cM: 222
Maximum Gap: 1.9321 cM
Loaded Transition and Emission Matrix:
(3, 3)
(5009, 29467)
Loaded Observations:
(2, 29467)
Memory Usage: 1564.430336 mB
Reference Number: 5008
Total Log likelihood: -10480.688
Memory Usage: 1564.430336 mB
Finished Calculation State Posteriors
Saved Zero State Posterior to ./Empirical/Eigenstrat/Reichall/I2567/chr8/.
Successfully loaded for PP. from ./Empirical/Eigenstrat/Reichall/I2567/chr8/
Fraction Markers in ROH: 0.4193
Merged n=0 gaps < 0.0 M
Called n=7 ROH Blocks > 1.0 cM
Longest Block: 3.274
Successfully saved to ./Empirical/Eigenstrat/Reichall/I2567/chr8/roh.csv
Using Low-Mem Cython Linear Speed Up.
Loaded Pre Processing Model: Eigenstrat
Loading Individual: I2567

Loaded 50668 variants
Loaded 2504 individuals
HDF5 loaded from ./Data/1000Genomes/HDF5/1240kHDF5/all1240/chr9.hdf5
3 Eigenstrat Files with 5081 Individuals and 1233013 SNPs

Intersection on Positions: 50668
Nr of Matching Refs: 50668 / 50668
Full Intersection Ref/Alt Identical: 50629 / 50668
2504 / 2504 Individuals included in Reference
Extraction of 5008 Haplotypes complete
Reduced to markers called 25278 / 50629
(Fraction SNP: 0.49927906930810406)
Successfully saved to: ./Empirical/Eigenstrat/Reichall/I2567/chr9/
Successfully loaded Data from: ./Empirical/Eigenstrat/Reichall/I2567/chr9/
Loaded Emission Model: haploid
Loaded Transition Model: model
Loaded Post Processing Model: Standard
Minimum Genetic Map: 0.0017
Maximum Genetic Map: 1.6630
Gaps bigger than 0.1 cM: 288
Maximum Gap: 1.8819 cM
Loaded Transition and Emission Matrix:
(3, 3)
(5009, 25278)
Loaded Observations:
(2, 25278)
Memory Usage: 1375.41632 mB
Reference Number: 5008
Total Log likelihood: -9728.273
Memory Usage: 1375.41632 mB
Finished Calculation State Posteriors
Saved Zero State Posterior to ./Empirical/Eigenstrat/Reichall/I2567/chr9/.
Successfully loaded for PP. from ./Empirical/Eigenstrat/Reichall/I2567/chr9/
Fraction Markers in ROH: 0.3695
Merged n=0 gaps < 0.0 M
Called n=8 ROH Blocks > 1.0 cM
Longest Block: 1.760
Successfully saved to ./Empirical/Eigenstrat/Reichall/I2567/chr9/roh.csv
Using Low-Mem Cython Linear Speed Up.
Loaded Pre Processing Model: Eigenstrat
Loading Individual: I2567

Loaded 58804 variants
Loaded 2504 individuals
HDF5 loaded from ./Data/1000Genomes/HDF5/1240kHDF5/all1240/chr10.hdf5
3 Eigenstrat Files with 5081 Individuals and 1233013 SNPs

Intersection on Positions: 58804
Nr of Matching Refs: 58804 / 58804
Full Intersection Ref/Alt Identical: 58763 / 58804
2504 / 2504 Individuals included in Reference
Extraction of 5008 Haplotypes complete
Reduced to markers called 31016 / 58763
(Fraction SNP: 0.5278151217602913)
Successfully saved to: ./Empirical/Eigenstrat/Reichall/I2567/chr10/
Successfully loaded Data from: ./Empirical/Eigenstrat/Reichall/I2567/chr10/
Loaded Emission Model: haploid
Loaded Transition Model: model
Loaded Post Processing Model: Standard
Minimum Genetic Map: 0.0001
Maximum Genetic Map: 1.8091
Gaps bigger than 0.1 cM: 252
Maximum Gap: 2.0338 cM
Loaded Transition and Emission Matrix:
(3, 3)
(5009, 31016)
Loaded Observations:
(2, 31016)
Memory Usage: 1634.615296 mB
Reference Number: 5008
Total Log likelihood: -11103.716
Memory Usage: 1634.615296 mB
Finished Calculation State Posteriors
Saved Zero State Posterior to ./Empirical/Eigenstrat/Reichall/I2567/chr10/.
Successfully loaded for PP. from ./Empirical/Eigenstrat/Reichall/I2567/chr10/
Fraction Markers in ROH: 0.4203
Merged n=0 gaps < 0.0 M
Called n=10 ROH Blocks > 1.0 cM
Longest Block: 4.007
Successfully saved to ./Empirical/Eigenstrat/Reichall/I2567/chr10/roh.csv
Using Low-Mem Cython Linear Speed Up.
Loaded Pre Processing Model: Eigenstrat
Loading Individual: I2567

Loaded 54833 variants
Loaded 2504 individuals
HDF5 loaded from ./Data/1000Genomes/HDF5/1240kHDF5/all1240/chr11.hdf5
3 Eigenstrat Files with 5081 Individuals and 1233013 SNPs

Intersection on Positions: 54833
Nr of Matching Refs: 54833 / 54833
Full Intersection Ref/Alt Identical: 54796 / 54833
2504 / 2504 Individuals included in Reference
Extraction of 5008 Haplotypes complete
Reduced to markers called 28192 / 54796
(Fraction SNP: 0.5144901087670632)
Successfully saved to: ./Empirical/Eigenstrat/Reichall/I2567/chr11/
Successfully loaded Data from: ./Empirical/Eigenstrat/Reichall/I2567/chr11/
Loaded Emission Model: haploid
Loaded Transition Model: model
Loaded Post Processing Model: Standard
Minimum Genetic Map: 0.0000
Maximum Genetic Map: 1.5822
Gaps bigger than 0.1 cM: 243
Maximum Gap: 0.5672 cM
Loaded Transition and Emission Matrix:
(3, 3)
(5009, 28192)
Loaded Observations:
(2, 28192)
Memory Usage: 1507.377152 mB
Reference Number: 5008
Total Log likelihood: -10460.926
Memory Usage: 1507.377152 mB
Finished Calculation State Posteriors
Saved Zero State Posterior to ./Empirical/Eigenstrat/Reichall/I2567/chr11/.
Successfully loaded for PP. from ./Empirical/Eigenstrat/Reichall/I2567/chr11/
Fraction Markers in ROH: 0.3931
Merged n=0 gaps < 0.0 M
Called n=11 ROH Blocks > 1.0 cM
Longest Block: 1.894
Successfully saved to ./Empirical/Eigenstrat/Reichall/I2567/chr11/roh.csv
Using Low-Mem Cython Linear Speed Up.
Loaded Pre Processing Model: Eigenstrat
Loading Individual: I2567

Loaded 53911 variants
Loaded 2504 individuals
HDF5 loaded from ./Data/1000Genomes/HDF5/1240kHDF5/all1240/chr12.hdf5
3 Eigenstrat Files with 5081 Individuals and 1233013 SNPs

Intersection on Positions: 53911
Nr of Matching Refs: 53911 / 53911
Full Intersection Ref/Alt Identical: 53884 / 53911
2504 / 2504 Individuals included in Reference
Extraction of 5008 Haplotypes complete
Reduced to markers called 26457 / 53884
(Fraction SNP: 0.4909991834310742)
Successfully saved to: ./Empirical/Eigenstrat/Reichall/I2567/chr12/
Successfully loaded Data from: ./Empirical/Eigenstrat/Reichall/I2567/chr12/
Loaded Emission Model: haploid
Loaded Transition Model: model
Loaded Post Processing Model: Standard
Minimum Genetic Map: 0.0009
Maximum Genetic Map: 1.7468
Gaps bigger than 0.1 cM: 275
Maximum Gap: 0.8437 cM
Loaded Transition and Emission Matrix:
(3, 3)
(5009, 26457)
Loaded Observations:
(2, 26457)
Memory Usage: 1428.180992 mB
Reference Number: 5008
Total Log likelihood: -9861.896
Memory Usage: 1428.180992 mB
Finished Calculation State Posteriors
Saved Zero State Posterior to ./Empirical/Eigenstrat/Reichall/I2567/chr12/.
Successfully loaded for PP. from ./Empirical/Eigenstrat/Reichall/I2567/chr12/
Fraction Markers in ROH: 0.3901
Merged n=0 gaps < 0.0 M
Called n=10 ROH Blocks > 1.0 cM
Longest Block: 2.788
Successfully saved to ./Empirical/Eigenstrat/Reichall/I2567/chr12/roh.csv
Using Low-Mem Cython Linear Speed Up.
Loaded Pre Processing Model: Eigenstrat
Loading Individual: I2567

Loaded 39018 variants
Loaded 2504 individuals
HDF5 loaded from ./Data/1000Genomes/HDF5/1240kHDF5/all1240/chr13.hdf5
3 Eigenstrat Files with 5081 Individuals and 1233013 SNPs

Intersection on Positions: 39018
Nr of Matching Refs: 39018 / 39018
Full Intersection Ref/Alt Identical: 38994 / 39018
2504 / 2504 Individuals included in Reference
Extraction of 5008 Haplotypes complete
Reduced to markers called 17019 / 38994
(Fraction SNP: 0.4364517618095092)
Successfully saved to: ./Empirical/Eigenstrat/Reichall/I2567/chr13/
Successfully loaded Data from: ./Empirical/Eigenstrat/Reichall/I2567/chr13/
Loaded Emission Model: haploid
Loaded Transition Model: model
Loaded Post Processing Model: Standard
Minimum Genetic Map: 0.0021
Maximum Genetic Map: 1.2570
Gaps bigger than 0.1 cM: 215
Maximum Gap: 1.2216 cM
Loaded Transition and Emission Matrix:
(3, 3)
(5009, 17019)
Loaded Observations:
(2, 17019)
Memory Usage: 1003.388928 mB
Reference Number: 5008
Total Log likelihood: -6537.164
Memory Usage: 1003.388928 mB
Finished Calculation State Posteriors
Saved Zero State Posterior to ./Empirical/Eigenstrat/Reichall/I2567/chr13/.
Successfully loaded for PP. from ./Empirical/Eigenstrat/Reichall/I2567/chr13/
Fraction Markers in ROH: 0.3621
Merged n=0 gaps < 0.0 M
Called n=5 ROH Blocks > 1.0 cM
Longest Block: 1.893
Successfully saved to ./Empirical/Eigenstrat/Reichall/I2567/chr13/roh.csv
Using Low-Mem Cython Linear Speed Up.
Loaded Pre Processing Model: Eigenstrat
Loading Individual: I2567

Loaded 36301 variants
Loaded 2504 individuals
HDF5 loaded from ./Data/1000Genomes/HDF5/1240kHDF5/all1240/chr14.hdf5
3 Eigenstrat Files with 5081 Individuals and 1233013 SNPs

Intersection on Positions: 36301
Nr of Matching Refs: 36301 / 36301
Full Intersection Ref/Alt Identical: 36280 / 36301
2504 / 2504 Individuals included in Reference
Extraction of 5008 Haplotypes complete
Reduced to markers called 17934 / 36280
(Fraction SNP: 0.49432194046306505)
Successfully saved to: ./Empirical/Eigenstrat/Reichall/I2567/chr14/
Successfully loaded Data from: ./Empirical/Eigenstrat/Reichall/I2567/chr14/
Loaded Emission Model: haploid
Loaded Transition Model: model
Loaded Post Processing Model: Standard
Minimum Genetic Map: 0.0184
Maximum Genetic Map: 1.2020
Gaps bigger than 0.1 cM: 198
Maximum Gap: 3.0784 cM
Loaded Transition and Emission Matrix:
(3, 3)
(5009, 17934)
Loaded Observations:
(2, 17934)
Memory Usage: 1044.754432 mB
Reference Number: 5008
Total Log likelihood: -6548.826
Memory Usage: 1044.754432 mB
Finished Calculation State Posteriors
Saved Zero State Posterior to ./Empirical/Eigenstrat/Reichall/I2567/chr14/.
Successfully loaded for PP. from ./Empirical/Eigenstrat/Reichall/I2567/chr14/
Fraction Markers in ROH: 0.4000
Merged n=0 gaps < 0.0 M
Called n=2 ROH Blocks > 1.0 cM
Longest Block: 1.482
Successfully saved to ./Empirical/Eigenstrat/Reichall/I2567/chr14/roh.csv
Using Low-Mem Cython Linear Speed Up.
Loaded Pre Processing Model: Eigenstrat
Loading Individual: I2567

Loaded 34429 variants
Loaded 2504 individuals
HDF5 loaded from ./Data/1000Genomes/HDF5/1240kHDF5/all1240/chr15.hdf5
3 Eigenstrat Files with 5081 Individuals and 1233013 SNPs

Intersection on Positions: 34429
Nr of Matching Refs: 34429 / 34429
Full Intersection Ref/Alt Identical: 34407 / 34429
2504 / 2504 Individuals included in Reference
Extraction of 5008 Haplotypes complete
Reduced to markers called 18280 / 34407
(Fraction SNP: 0.5312872380620223)
Successfully saved to: ./Empirical/Eigenstrat/Reichall/I2567/chr15/
Successfully loaded Data from: ./Empirical/Eigenstrat/Reichall/I2567/chr15/
Loaded Emission Model: haploid
Loaded Transition Model: model
Loaded Post Processing Model: Standard
Minimum Genetic Map: 0.0000
Maximum Genetic Map: 1.4134
Gaps bigger than 0.1 cM: 191
Maximum Gap: 13.7349 cM
Loaded Transition and Emission Matrix:
(3, 3)
(5009, 18280)
Loaded Observations:
(2, 18280)
Memory Usage: 1060.704256 mB
Reference Number: 5008
Total Log likelihood: -6730.552
Memory Usage: 1060.704256 mB
Finished Calculation State Posteriors
Saved Zero State Posterior to ./Empirical/Eigenstrat/Reichall/I2567/chr15/.
Successfully loaded for PP. from ./Empirical/Eigenstrat/Reichall/I2567/chr15/
Fraction Markers in ROH: 0.4110
Merged n=0 gaps < 0.0 M
Called n=6 ROH Blocks > 1.0 cM
Longest Block: 2.274
Successfully saved to ./Empirical/Eigenstrat/Reichall/I2567/chr15/roh.csv
Using Low-Mem Cython Linear Speed Up.
Loaded Pre Processing Model: Eigenstrat
Loading Individual: I2567

Loaded 34402 variants
Loaded 2504 individuals
HDF5 loaded from ./Data/1000Genomes/HDF5/1240kHDF5/all1240/chr16.hdf5
3 Eigenstrat Files with 5081 Individuals and 1233013 SNPs

Intersection on Positions: 34402
Nr of Matching Refs: 34402 / 34402
Full Intersection Ref/Alt Identical: 34375 / 34402
2504 / 2504 Individuals included in Reference
Extraction of 5008 Haplotypes complete
Reduced to markers called 20150 / 34375
(Fraction SNP: 0.5861818181818181)
Successfully saved to: ./Empirical/Eigenstrat/Reichall/I2567/chr16/
Successfully loaded Data from: ./Empirical/Eigenstrat/Reichall/I2567/chr16/
Loaded Emission Model: haploid
Loaded Transition Model: model
Loaded Post Processing Model: Standard
Minimum Genetic Map: -0.0000
Maximum Genetic Map: 1.3403
Gaps bigger than 0.1 cM: 197
Maximum Gap: 0.8458 cM
Loaded Transition and Emission Matrix:
(3, 3)
(5009, 20150)
Loaded Observations:
(2, 20150)
Memory Usage: 1145.331712 mB
Reference Number: 5008
Total Log likelihood: -7672.294
Memory Usage: 1145.331712 mB
Finished Calculation State Posteriors
Saved Zero State Posterior to ./Empirical/Eigenstrat/Reichall/I2567/chr16/.
Successfully loaded for PP. from ./Empirical/Eigenstrat/Reichall/I2567/chr16/
Fraction Markers in ROH: 0.3671
Merged n=0 gaps < 0.0 M
Called n=6 ROH Blocks > 1.0 cM
Longest Block: 2.314
Successfully saved to ./Empirical/Eigenstrat/Reichall/I2567/chr16/roh.csv
Using Low-Mem Cython Linear Speed Up.
Loaded Pre Processing Model: Eigenstrat
Loading Individual: I2567

Loaded 29314 variants
Loaded 2504 individuals
HDF5 loaded from ./Data/1000Genomes/HDF5/1240kHDF5/all1240/chr17.hdf5
3 Eigenstrat Files with 5081 Individuals and 1233013 SNPs

Intersection on Positions: 29314
Nr of Matching Refs: 29314 / 29314
Full Intersection Ref/Alt Identical: 29292 / 29314
2504 / 2504 Individuals included in Reference
Extraction of 5008 Haplotypes complete
Reduced to markers called 18098 / 29292
(Fraction SNP: 0.6178478765533252)
Successfully saved to: ./Empirical/Eigenstrat/Reichall/I2567/chr17/
Successfully loaded Data from: ./Empirical/Eigenstrat/Reichall/I2567/chr17/
Loaded Emission Model: haploid
Loaded Transition Model: model
Loaded Post Processing Model: Standard
Minimum Genetic Map: -0.0002
Maximum Genetic Map: 1.2847
Gaps bigger than 0.1 cM: 185
Maximum Gap: 1.2341 cM
Loaded Transition and Emission Matrix:
(3, 3)
(5009, 18098)
Loaded Observations:
(2, 18098)
Memory Usage: 1052.315648 mB
Reference Number: 5008
Total Log likelihood: -6566.788
Memory Usage: 1052.315648 mB
Finished Calculation State Posteriors
Saved Zero State Posterior to ./Empirical/Eigenstrat/Reichall/I2567/chr17/.
Successfully loaded for PP. from ./Empirical/Eigenstrat/Reichall/I2567/chr17/
Fraction Markers in ROH: 0.3737
Merged n=0 gaps < 0.0 M
Called n=6 ROH Blocks > 1.0 cM
Longest Block: 6.208
Successfully saved to ./Empirical/Eigenstrat/Reichall/I2567/chr17/roh.csv
Using Low-Mem Cython Linear Speed Up.
Loaded Pre Processing Model: Eigenstrat
Loading Individual: I2567

Loaded 33917 variants
Loaded 2504 individuals
HDF5 loaded from ./Data/1000Genomes/HDF5/1240kHDF5/all1240/chr18.hdf5
3 Eigenstrat Files with 5081 Individuals and 1233013 SNPs

Intersection on Positions: 33917
Nr of Matching Refs: 33917 / 33917
Full Intersection Ref/Alt Identical: 33902 / 33917
2504 / 2504 Individuals included in Reference
Extraction of 5008 Haplotypes complete
Reduced to markers called 16250 / 33902
(Fraction SNP: 0.47932275381983364)
Successfully saved to: ./Empirical/Eigenstrat/Reichall/I2567/chr18/
Successfully loaded Data from: ./Empirical/Eigenstrat/Reichall/I2567/chr18/
Loaded Emission Model: haploid
Loaded Transition Model: model
Loaded Post Processing Model: Standard
Minimum Genetic Map: 0.0025
Maximum Genetic Map: 1.1771
Gaps bigger than 0.1 cM: 202
Maximum Gap: 0.4827 cM
Loaded Transition and Emission Matrix:
(3, 3)
(5009, 16250)
Loaded Observations:
(2, 16250)
Memory Usage: 968.536064 mB
Reference Number: 5008
Total Log likelihood: -5852.611
Memory Usage: 968.536064 mB
Finished Calculation State Posteriors
Saved Zero State Posterior to ./Empirical/Eigenstrat/Reichall/I2567/chr18/.
Successfully loaded for PP. from ./Empirical/Eigenstrat/Reichall/I2567/chr18/
Fraction Markers in ROH: 0.4164
Merged n=0 gaps < 0.0 M
Called n=6 ROH Blocks > 1.0 cM
Longest Block: 5.533
Successfully saved to ./Empirical/Eigenstrat/Reichall/I2567/chr18/roh.csv
Using Low-Mem Cython Linear Speed Up.
Loaded Pre Processing Model: Eigenstrat
Loading Individual: I2567

Loaded 18460 variants
Loaded 2504 individuals
HDF5 loaded from ./Data/1000Genomes/HDF5/1240kHDF5/all1240/chr19.hdf5
3 Eigenstrat Files with 5081 Individuals and 1233013 SNPs

Intersection on Positions: 18460
Nr of Matching Refs: 18460 / 18460
Full Intersection Ref/Alt Identical: 18441 / 18460
2504 / 2504 Individuals included in Reference
Extraction of 5008 Haplotypes complete
Reduced to markers called 12453 / 18441
(Fraction SNP: 0.6752887587441028)
Successfully saved to: ./Empirical/Eigenstrat/Reichall/I2567/chr19/
Successfully loaded Data from: ./Empirical/Eigenstrat/Reichall/I2567/chr19/
Loaded Emission Model: haploid
Loaded Transition Model: model
Loaded Post Processing Model: Standard
Minimum Genetic Map: 0.0000
Maximum Genetic Map: 1.0773
Gaps bigger than 0.1 cM: 184
Maximum Gap: 0.6114 cM
Loaded Transition and Emission Matrix:
(3, 3)
(5009, 12453)
Loaded Observations:
(2, 12453)
Memory Usage: 797.999104 mB
Reference Number: 5008
Total Log likelihood: -4867.514
Memory Usage: 797.999104 mB
Finished Calculation State Posteriors
Saved Zero State Posterior to ./Empirical/Eigenstrat/Reichall/I2567/chr19/.
Successfully loaded for PP. from ./Empirical/Eigenstrat/Reichall/I2567/chr19/
Fraction Markers in ROH: 0.3831
Merged n=0 gaps < 0.0 M
Called n=6 ROH Blocks > 1.0 cM
Longest Block: 1.586
Successfully saved to ./Empirical/Eigenstrat/Reichall/I2567/chr19/roh.csv
Using Low-Mem Cython Linear Speed Up.
Loaded Pre Processing Model: Eigenstrat
Loading Individual: I2567

Loaded 29078 variants
Loaded 2504 individuals
HDF5 loaded from ./Data/1000Genomes/HDF5/1240kHDF5/all1240/chr20.hdf5
3 Eigenstrat Files with 5081 Individuals and 1233013 SNPs

Intersection on Positions: 29078
Nr of Matching Refs: 29078 / 29078
Full Intersection Ref/Alt Identical: 29053 / 29078
2504 / 2504 Individuals included in Reference
Extraction of 5008 Haplotypes complete
Reduced to markers called 17058 / 29053
(Fraction SNP: 0.5871338588097614)
Successfully saved to: ./Empirical/Eigenstrat/Reichall/I2567/chr20/
Successfully loaded Data from: ./Empirical/Eigenstrat/Reichall/I2567/chr20/
Loaded Emission Model: haploid
Loaded Transition Model: model
Loaded Post Processing Model: Standard
Minimum Genetic Map: 0.0000
Maximum Genetic Map: 1.0821
Gaps bigger than 0.1 cM: 170
Maximum Gap: 0.5884 cM
Loaded Transition and Emission Matrix:
(3, 3)
(5009, 17058)
Loaded Observations:
(2, 17058)
Memory Usage: 1005.600768 mB
Reference Number: 5008
Total Log likelihood: -6357.154
Memory Usage: 1005.600768 mB
Finished Calculation State Posteriors
Saved Zero State Posterior to ./Empirical/Eigenstrat/Reichall/I2567/chr20/.
Successfully loaded for PP. from ./Empirical/Eigenstrat/Reichall/I2567/chr20/
Fraction Markers in ROH: 0.3689
Merged n=0 gaps < 0.0 M
Called n=5 ROH Blocks > 1.0 cM
Longest Block: 1.456
Successfully saved to ./Empirical/Eigenstrat/Reichall/I2567/chr20/roh.csv
Using Low-Mem Cython Linear Speed Up.
Loaded Pre Processing Model: Eigenstrat
Loading Individual: I2567

Loaded 16038 variants
Loaded 2504 individuals
HDF5 loaded from ./Data/1000Genomes/HDF5/1240kHDF5/all1240/chr21.hdf5
3 Eigenstrat Files with 5081 Individuals and 1233013 SNPs

Intersection on Positions: 16038
Nr of Matching Refs: 16038 / 16038
Full Intersection Ref/Alt Identical: 16031 / 16038
2504 / 2504 Individuals included in Reference
Extraction of 5008 Haplotypes complete
Reduced to markers called 8012 / 16031
(Fraction SNP: 0.4997816730085459)
Successfully saved to: ./Empirical/Eigenstrat/Reichall/I2567/chr21/
Successfully loaded Data from: ./Empirical/Eigenstrat/Reichall/I2567/chr21/
Loaded Emission Model: haploid
Loaded Transition Model: model
Loaded Post Processing Model: Standard
Minimum Genetic Map: 0.0087
Maximum Genetic Map: 0.6277
Gaps bigger than 0.1 cM: 126
Maximum Gap: 0.6401 cM
Loaded Transition and Emission Matrix:
(3, 3)
(5009, 8012)
Loaded Observations:
(2, 8012)
Memory Usage: 597.856256 mB
Reference Number: 5008
Total Log likelihood: -2956.059
Memory Usage: 597.856256 mB
Finished Calculation State Posteriors
Saved Zero State Posterior to ./Empirical/Eigenstrat/Reichall/I2567/chr21/.
Successfully loaded for PP. from ./Empirical/Eigenstrat/Reichall/I2567/chr21/
Fraction Markers in ROH: 0.4544
Merged n=0 gaps < 0.0 M
Called n=5 ROH Blocks > 1.0 cM
Longest Block: 1.769
Successfully saved to ./Empirical/Eigenstrat/Reichall/I2567/chr21/roh.csv
Using Low-Mem Cython Linear Speed Up.
Loaded Pre Processing Model: Eigenstrat
Loading Individual: I2567

Loaded 15802 variants
Loaded 2504 individuals
HDF5 loaded from ./Data/1000Genomes/HDF5/1240kHDF5/all1240/chr22.hdf5
3 Eigenstrat Files with 5081 Individuals and 1233013 SNPs

Intersection on Positions: 15802
Nr of Matching Refs: 15802 / 15802
Full Intersection Ref/Alt Identical: 15793 / 15802
2504 / 2504 Individuals included in Reference
Extraction of 5008 Haplotypes complete
Reduced to markers called 11014 / 15793
(Fraction SNP: 0.6973975812068638)
Successfully saved to: ./Empirical/Eigenstrat/Reichall/I2567/chr22/
Successfully loaded Data from: ./Empirical/Eigenstrat/Reichall/I2567/chr22/
Loaded Emission Model: haploid
Loaded Transition Model: model
Loaded Post Processing Model: Standard
Minimum Genetic Map: 0.0178
Maximum Genetic Map: 0.7408
Gaps bigger than 0.1 cM: 102
Maximum Gap: 1.6949 cM
Loaded Transition and Emission Matrix:
(3, 3)
(5009, 11014)
Loaded Observations:
(2, 11014)
Memory Usage: 739.540992 mB
Reference Number: 5008
Total Log likelihood: -4255.857
Memory Usage: 739.540992 mB
Finished Calculation State Posteriors
Saved Zero State Posterior to ./Empirical/Eigenstrat/Reichall/I2567/chr22/.
Successfully loaded for PP. from ./Empirical/Eigenstrat/Reichall/I2567/chr22/
Fraction Markers in ROH: 0.3673
Merged n=0 gaps < 0.0 M
Called n=2 ROH Blocks > 1.0 cM
Longest Block: 3.328
Successfully saved to ./Empirical/Eigenstrat/Reichall/I2567/chr22/roh.csv
