Loaded 2106 / 5081 ancient Indivdiuals Anno File.
Doing Individual I7276...
Using Low-Mem Cython Linear Speed Up.
Loaded Pre Processing Model: Eigenstrat
Loading Individual: I7276

Loaded 89147 variants
Loaded 2504 individuals
HDF5 loaded from ./Data/1000Genomes/HDF5/1240kHDF5/all1240/chr1.hdf5
3 Eigenstrat Files with 5081 Individuals and 1233013 SNPs

Intersection on Positions: 89147
Nr of Matching Refs: 89147 / 89147
Full Intersection Ref/Alt Identical: 89082 / 89147
2504 / 2504 Individuals included in Reference
Extraction of 5008 Haplotypes complete
Reduced to markers called 59961 / 89082
(Fraction SNP: 0.673098942547316)
Successfully saved to: ./Empirical/Eigenstrat/Reichall/I7276/chr1/
Successfully loaded Data from: ./Empirical/Eigenstrat/Reichall/I7276/chr1/
Loaded Emission Model: haploid
Loaded Transition Model: model
Loaded Post Processing Model: Standard
Minimum Genetic Map: 0.0201
Maximum Genetic Map: 2.8627
Gaps bigger than 0.1 cM: 341
Maximum Gap: 2.9727 cM
Loaded Transition and Emission Matrix:
(3, 3)
(5009, 59961)
Loaded Observations:
(2, 59961)
Memory Usage: 2897.48992 mB
Reference Number: 5008
Total Log likelihood: -21156.033
Memory Usage: 2897.952768 mB
Finished Calculation State Posteriors
Saved Zero State Posterior to ./Empirical/Eigenstrat/Reichall/I7276/chr1/.
Successfully loaded for PP. from ./Empirical/Eigenstrat/Reichall/I7276/chr1/
Fraction Markers in ROH: 0.4209
Merged n=0 gaps < 0.0 M
Called n=10 ROH Blocks > 1.0 cM
Longest Block: 1.895
Successfully saved to ./Empirical/Eigenstrat/Reichall/I7276/chr1/roh.csv
Using Low-Mem Cython Linear Speed Up.
Loaded Pre Processing Model: Eigenstrat
Loading Individual: I7276

Loaded 94239 variants
Loaded 2504 individuals
HDF5 loaded from ./Data/1000Genomes/HDF5/1240kHDF5/all1240/chr2.hdf5
3 Eigenstrat Files with 5081 Individuals and 1233013 SNPs

Intersection on Positions: 94239
Nr of Matching Refs: 94239 / 94239
Full Intersection Ref/Alt Identical: 94173 / 94239
2504 / 2504 Individuals included in Reference
Extraction of 5008 Haplotypes complete
Reduced to markers called 59912 / 94173
(Fraction SNP: 0.6361908402620708)
Successfully saved to: ./Empirical/Eigenstrat/Reichall/I7276/chr2/
Successfully loaded Data from: ./Empirical/Eigenstrat/Reichall/I7276/chr2/
Loaded Emission Model: haploid
Loaded Transition Model: model
Loaded Post Processing Model: Standard
Minimum Genetic Map: 0.0001
Maximum Genetic Map: 2.6883
Gaps bigger than 0.1 cM: 323
Maximum Gap: 2.1083 cM
Loaded Transition and Emission Matrix:
(3, 3)
(5009, 59912)
Loaded Observations:
(2, 59912)
Memory Usage: 2934.673408 mB
Reference Number: 5008
Total Log likelihood: -22083.090
Memory Usage: 2934.673408 mB
Finished Calculation State Posteriors
Saved Zero State Posterior to ./Empirical/Eigenstrat/Reichall/I7276/chr2/.
Successfully loaded for PP. from ./Empirical/Eigenstrat/Reichall/I7276/chr2/
Fraction Markers in ROH: 0.3774
Merged n=0 gaps < 0.0 M
Called n=5 ROH Blocks > 1.0 cM
Longest Block: 1.400
Successfully saved to ./Empirical/Eigenstrat/Reichall/I7276/chr2/roh.csv
Using Low-Mem Cython Linear Speed Up.
Loaded Pre Processing Model: Eigenstrat
Loading Individual: I7276

Loaded 77652 variants
Loaded 2504 individuals
HDF5 loaded from ./Data/1000Genomes/HDF5/1240kHDF5/all1240/chr3.hdf5
3 Eigenstrat Files with 5081 Individuals and 1233013 SNPs

Intersection on Positions: 77652
Nr of Matching Refs: 77652 / 77652
Full Intersection Ref/Alt Identical: 77601 / 77652
2504 / 2504 Individuals included in Reference
Extraction of 5008 Haplotypes complete
Reduced to markers called 48696 / 77601
(Fraction SNP: 0.6275176866277496)
Successfully saved to: ./Empirical/Eigenstrat/Reichall/I7276/chr3/
Successfully loaded Data from: ./Empirical/Eigenstrat/Reichall/I7276/chr3/
Loaded Emission Model: haploid
Loaded Transition Model: model
Loaded Post Processing Model: Standard
Minimum Genetic Map: 0.0000
Maximum Genetic Map: 2.2326
Gaps bigger than 0.1 cM: 290
Maximum Gap: 0.3910 cM
Loaded Transition and Emission Matrix:
(3, 3)
(5009, 48696)
Loaded Observations:
(2, 48696)
Memory Usage: 2429.37856 mB
Reference Number: 5008
Total Log likelihood: -17359.106
Memory Usage: 2429.37856 mB
Finished Calculation State Posteriors
Saved Zero State Posterior to ./Empirical/Eigenstrat/Reichall/I7276/chr3/.
Successfully loaded for PP. from ./Empirical/Eigenstrat/Reichall/I7276/chr3/
Fraction Markers in ROH: 0.4313
Merged n=0 gaps < 0.0 M
Called n=8 ROH Blocks > 1.0 cM
Longest Block: 1.556
Successfully saved to ./Empirical/Eigenstrat/Reichall/I7276/chr3/roh.csv
Using Low-Mem Cython Linear Speed Up.
Loaded Pre Processing Model: Eigenstrat
Loading Individual: I7276

Loaded 68759 variants
Loaded 2504 individuals
HDF5 loaded from ./Data/1000Genomes/HDF5/1240kHDF5/all1240/chr4.hdf5
3 Eigenstrat Files with 5081 Individuals and 1233013 SNPs

Intersection on Positions: 68759
Nr of Matching Refs: 68759 / 68759
Full Intersection Ref/Alt Identical: 68720 / 68759
2504 / 2504 Individuals included in Reference
Extraction of 5008 Haplotypes complete
Reduced to markers called 39859 / 68720
(Fraction SNP: 0.5800203725261932)
Successfully saved to: ./Empirical/Eigenstrat/Reichall/I7276/chr4/
Successfully loaded Data from: ./Empirical/Eigenstrat/Reichall/I7276/chr4/
Loaded Emission Model: haploid
Loaded Transition Model: model
Loaded Post Processing Model: Standard
Minimum Genetic Map: 0.0034
Maximum Genetic Map: 2.1454
Gaps bigger than 0.1 cM: 283
Maximum Gap: 2.0495 cM
Loaded Transition and Emission Matrix:
(3, 3)
(5009, 39859)
Loaded Observations:
(2, 39859)
Memory Usage: 2031.69792 mB
Reference Number: 5008
Total Log likelihood: -14349.823
Memory Usage: 2031.69792 mB
Finished Calculation State Posteriors
Saved Zero State Posterior to ./Empirical/Eigenstrat/Reichall/I7276/chr4/.
Successfully loaded for PP. from ./Empirical/Eigenstrat/Reichall/I7276/chr4/
Fraction Markers in ROH: 0.4117
Merged n=0 gaps < 0.0 M
Called n=7 ROH Blocks > 1.0 cM
Longest Block: 2.994
Successfully saved to ./Empirical/Eigenstrat/Reichall/I7276/chr4/roh.csv
Using Low-Mem Cython Linear Speed Up.
Loaded Pre Processing Model: Eigenstrat
Loading Individual: I7276

Loaded 69399 variants
Loaded 2504 individuals
HDF5 loaded from ./Data/1000Genomes/HDF5/1240kHDF5/all1240/chr5.hdf5
3 Eigenstrat Files with 5081 Individuals and 1233013 SNPs

Intersection on Positions: 69399
Nr of Matching Refs: 69399 / 69399
Full Intersection Ref/Alt Identical: 69354 / 69399
2504 / 2504 Individuals included in Reference
Extraction of 5008 Haplotypes complete
Reduced to markers called 43671 / 69354
(Fraction SNP: 0.6296824984860282)
Successfully saved to: ./Empirical/Eigenstrat/Reichall/I7276/chr5/
Successfully loaded Data from: ./Empirical/Eigenstrat/Reichall/I7276/chr5/
Loaded Emission Model: haploid
Loaded Transition Model: model
Loaded Post Processing Model: Standard
Minimum Genetic Map: 0.0004
Maximum Genetic Map: 2.0409
Gaps bigger than 0.1 cM: 274
Maximum Gap: 1.1070 cM
Loaded Transition and Emission Matrix:
(3, 3)
(5009, 43671)
Loaded Observations:
(2, 43671)
Memory Usage: 2203.193344 mB
Reference Number: 5008
Total Log likelihood: -16144.828
Memory Usage: 2203.193344 mB
Finished Calculation State Posteriors
Saved Zero State Posterior to ./Empirical/Eigenstrat/Reichall/I7276/chr5/.
Successfully loaded for PP. from ./Empirical/Eigenstrat/Reichall/I7276/chr5/
Fraction Markers in ROH: 0.3777
Merged n=0 gaps < 0.0 M
Called n=7 ROH Blocks > 1.0 cM
Longest Block: 1.517
Successfully saved to ./Empirical/Eigenstrat/Reichall/I7276/chr5/roh.csv
Using Low-Mem Cython Linear Speed Up.
Loaded Pre Processing Model: Eigenstrat
Loading Individual: I7276

Loaded 75870 variants
Loaded 2504 individuals
HDF5 loaded from ./Data/1000Genomes/HDF5/1240kHDF5/all1240/chr6.hdf5
3 Eigenstrat Files with 5081 Individuals and 1233013 SNPs

Intersection on Positions: 75870
Nr of Matching Refs: 75870 / 75870
Full Intersection Ref/Alt Identical: 75816 / 75870
2504 / 2504 Individuals included in Reference
Extraction of 5008 Haplotypes complete
Reduced to markers called 47607 / 75816
(Fraction SNP: 0.6279281418170307)
Successfully saved to: ./Empirical/Eigenstrat/Reichall/I7276/chr6/
Successfully loaded Data from: ./Empirical/Eigenstrat/Reichall/I7276/chr6/
Loaded Emission Model: haploid
Loaded Transition Model: model
Loaded Post Processing Model: Standard
Minimum Genetic Map: 0.0032
Maximum Genetic Map: 1.9203
Gaps bigger than 0.1 cM: 221
Maximum Gap: 0.5090 cM
Loaded Transition and Emission Matrix:
(3, 3)
(5009, 47607)
Loaded Observations:
(2, 47607)
Memory Usage: 2380.77952 mB
Reference Number: 5008
Total Log likelihood: -16665.592
Memory Usage: 2380.77952 mB
Finished Calculation State Posteriors
Saved Zero State Posterior to ./Empirical/Eigenstrat/Reichall/I7276/chr6/.
Successfully loaded for PP. from ./Empirical/Eigenstrat/Reichall/I7276/chr6/
Fraction Markers in ROH: 0.4199
Merged n=0 gaps < 0.0 M
Called n=9 ROH Blocks > 1.0 cM
Longest Block: 1.535
Successfully saved to ./Empirical/Eigenstrat/Reichall/I7276/chr6/roh.csv
Using Low-Mem Cython Linear Speed Up.
Loaded Pre Processing Model: Eigenstrat
Loading Individual: I7276

Loaded 59890 variants
Loaded 2504 individuals
HDF5 loaded from ./Data/1000Genomes/HDF5/1240kHDF5/all1240/chr7.hdf5
3 Eigenstrat Files with 5081 Individuals and 1233013 SNPs

Intersection on Positions: 59890
Nr of Matching Refs: 59890 / 59890
Full Intersection Ref/Alt Identical: 59836 / 59890
2504 / 2504 Individuals included in Reference
Extraction of 5008 Haplotypes complete
Reduced to markers called 37642 / 59836
(Fraction SNP: 0.6290861688615549)
Successfully saved to: ./Empirical/Eigenstrat/Reichall/I7276/chr7/
Successfully loaded Data from: ./Empirical/Eigenstrat/Reichall/I7276/chr7/
Loaded Emission Model: haploid
Loaded Transition Model: model
Loaded Post Processing Model: Standard
Minimum Genetic Map: 0.0000
Maximum Genetic Map: 1.8715
Gaps bigger than 0.1 cM: 258
Maximum Gap: 0.8484 cM
Loaded Transition and Emission Matrix:
(3, 3)
(5009, 37642)
Loaded Observations:
(2, 37642)
Memory Usage: 1931.583488 mB
Reference Number: 5008
Total Log likelihood: -13638.174
Memory Usage: 1929.97376 mB
Finished Calculation State Posteriors
Saved Zero State Posterior to ./Empirical/Eigenstrat/Reichall/I7276/chr7/.
Successfully loaded for PP. from ./Empirical/Eigenstrat/Reichall/I7276/chr7/
Fraction Markers in ROH: 0.3951
Merged n=0 gaps < 0.0 M
Called n=10 ROH Blocks > 1.0 cM
Longest Block: 4.488
Successfully saved to ./Empirical/Eigenstrat/Reichall/I7276/chr7/roh.csv
Using Low-Mem Cython Linear Speed Up.
Loaded Pre Processing Model: Eigenstrat
Loading Individual: I7276

Loaded 61133 variants
Loaded 2504 individuals
HDF5 loaded from ./Data/1000Genomes/HDF5/1240kHDF5/all1240/chr8.hdf5
3 Eigenstrat Files with 5081 Individuals and 1233013 SNPs

Intersection on Positions: 61133
Nr of Matching Refs: 61133 / 61133
Full Intersection Ref/Alt Identical: 61091 / 61133
2504 / 2504 Individuals included in Reference
Extraction of 5008 Haplotypes complete
Reduced to markers called 39114 / 61091
(Fraction SNP: 0.6402579758065836)
Successfully saved to: ./Empirical/Eigenstrat/Reichall/I7276/chr8/
Successfully loaded Data from: ./Empirical/Eigenstrat/Reichall/I7276/chr8/
Loaded Emission Model: haploid
Loaded Transition Model: model
Loaded Post Processing Model: Standard
Minimum Genetic Map: 0.0000
Maximum Genetic Map: 1.6800
Gaps bigger than 0.1 cM: 181
Maximum Gap: 1.9070 cM
Loaded Transition and Emission Matrix:
(3, 3)
(5009, 39114)
Loaded Observations:
(2, 39114)
Memory Usage: 1997.9264 mB
Reference Number: 5008
Total Log likelihood: -14193.280
Memory Usage: 1997.942784 mB
Finished Calculation State Posteriors
Saved Zero State Posterior to ./Empirical/Eigenstrat/Reichall/I7276/chr8/.
Successfully loaded for PP. from ./Empirical/Eigenstrat/Reichall/I7276/chr8/
Fraction Markers in ROH: 0.4098
Merged n=0 gaps < 0.0 M
Called n=7 ROH Blocks > 1.0 cM
Longest Block: 2.313
Successfully saved to ./Empirical/Eigenstrat/Reichall/I7276/chr8/roh.csv
Using Low-Mem Cython Linear Speed Up.
Loaded Pre Processing Model: Eigenstrat
Loading Individual: I7276

Loaded 50668 variants
Loaded 2504 individuals
HDF5 loaded from ./Data/1000Genomes/HDF5/1240kHDF5/all1240/chr9.hdf5
3 Eigenstrat Files with 5081 Individuals and 1233013 SNPs

Intersection on Positions: 50668
Nr of Matching Refs: 50668 / 50668
Full Intersection Ref/Alt Identical: 50629 / 50668
2504 / 2504 Individuals included in Reference
Extraction of 5008 Haplotypes complete
Reduced to markers called 32954 / 50629
(Fraction SNP: 0.6508917813901124)
Successfully saved to: ./Empirical/Eigenstrat/Reichall/I7276/chr9/
Successfully loaded Data from: ./Empirical/Eigenstrat/Reichall/I7276/chr9/
Loaded Emission Model: haploid
Loaded Transition Model: model
Loaded Post Processing Model: Standard
Minimum Genetic Map: 0.0016
Maximum Genetic Map: 1.6630
Gaps bigger than 0.1 cM: 232
Maximum Gap: 2.3102 cM
Loaded Transition and Emission Matrix:
(3, 3)
(5009, 32954)
Loaded Observations:
(2, 32954)
Memory Usage: 1720.602624 mB
Reference Number: 5008
Total Log likelihood: -11464.666
Memory Usage: 1720.602624 mB
Finished Calculation State Posteriors
Saved Zero State Posterior to ./Empirical/Eigenstrat/Reichall/I7276/chr9/.
Successfully loaded for PP. from ./Empirical/Eigenstrat/Reichall/I7276/chr9/
Fraction Markers in ROH: 0.4575
Merged n=0 gaps < 0.0 M
Called n=14 ROH Blocks > 1.0 cM
Longest Block: 1.760
Successfully saved to ./Empirical/Eigenstrat/Reichall/I7276/chr9/roh.csv
Using Low-Mem Cython Linear Speed Up.
Loaded Pre Processing Model: Eigenstrat
Loading Individual: I7276

Loaded 58804 variants
Loaded 2504 individuals
HDF5 loaded from ./Data/1000Genomes/HDF5/1240kHDF5/all1240/chr10.hdf5
3 Eigenstrat Files with 5081 Individuals and 1233013 SNPs

Intersection on Positions: 58804
Nr of Matching Refs: 58804 / 58804
Full Intersection Ref/Alt Identical: 58763 / 58804
2504 / 2504 Individuals included in Reference
Extraction of 5008 Haplotypes complete
Reduced to markers called 39585 / 58763
(Fraction SNP: 0.6736381736807174)
Successfully saved to: ./Empirical/Eigenstrat/Reichall/I7276/chr10/
Successfully loaded Data from: ./Empirical/Eigenstrat/Reichall/I7276/chr10/
Loaded Emission Model: haploid
Loaded Transition Model: model
Loaded Post Processing Model: Standard
Minimum Genetic Map: 0.0001
Maximum Genetic Map: 1.8092
Gaps bigger than 0.1 cM: 226
Maximum Gap: 2.0340 cM
Loaded Transition and Emission Matrix:
(3, 3)
(5009, 39585)
Loaded Observations:
(2, 39585)
Memory Usage: 2019.55328 mB
Reference Number: 5008
Total Log likelihood: -14047.152
Memory Usage: 2019.55328 mB
Finished Calculation State Posteriors
Saved Zero State Posterior to ./Empirical/Eigenstrat/Reichall/I7276/chr10/.
Successfully loaded for PP. from ./Empirical/Eigenstrat/Reichall/I7276/chr10/
Fraction Markers in ROH: 0.4210
Merged n=0 gaps < 0.0 M
Called n=8 ROH Blocks > 1.0 cM
Longest Block: 7.308
Successfully saved to ./Empirical/Eigenstrat/Reichall/I7276/chr10/roh.csv
Using Low-Mem Cython Linear Speed Up.
Loaded Pre Processing Model: Eigenstrat
Loading Individual: I7276

Loaded 54833 variants
Loaded 2504 individuals
HDF5 loaded from ./Data/1000Genomes/HDF5/1240kHDF5/all1240/chr11.hdf5
3 Eigenstrat Files with 5081 Individuals and 1233013 SNPs

Intersection on Positions: 54833
Nr of Matching Refs: 54833 / 54833
Full Intersection Ref/Alt Identical: 54796 / 54833
2504 / 2504 Individuals included in Reference
Extraction of 5008 Haplotypes complete
Reduced to markers called 36217 / 54796
(Fraction SNP: 0.660942404555077)
Successfully saved to: ./Empirical/Eigenstrat/Reichall/I7276/chr11/
Successfully loaded Data from: ./Empirical/Eigenstrat/Reichall/I7276/chr11/
Loaded Emission Model: haploid
Loaded Transition Model: model
Loaded Post Processing Model: Standard
Minimum Genetic Map: 0.0000
Maximum Genetic Map: 1.5822
Gaps bigger than 0.1 cM: 208
Maximum Gap: 0.5279 cM
Loaded Transition and Emission Matrix:
(3, 3)
(5009, 36217)
Loaded Observations:
(2, 36217)
Memory Usage: 1868.050432 mB
Reference Number: 5008
Total Log likelihood: -13377.292
Memory Usage: 1868.050432 mB
Finished Calculation State Posteriors
Saved Zero State Posterior to ./Empirical/Eigenstrat/Reichall/I7276/chr11/.
Successfully loaded for PP. from ./Empirical/Eigenstrat/Reichall/I7276/chr11/
Fraction Markers in ROH: 0.3777
Merged n=0 gaps < 0.0 M
Called n=3 ROH Blocks > 1.0 cM
Longest Block: 1.418
Successfully saved to ./Empirical/Eigenstrat/Reichall/I7276/chr11/roh.csv
Using Low-Mem Cython Linear Speed Up.
Loaded Pre Processing Model: Eigenstrat
Loading Individual: I7276

Loaded 53911 variants
Loaded 2504 individuals
HDF5 loaded from ./Data/1000Genomes/HDF5/1240kHDF5/all1240/chr12.hdf5
3 Eigenstrat Files with 5081 Individuals and 1233013 SNPs

Intersection on Positions: 53911
Nr of Matching Refs: 53911 / 53911
Full Intersection Ref/Alt Identical: 53884 / 53911
2504 / 2504 Individuals included in Reference
Extraction of 5008 Haplotypes complete
Reduced to markers called 34609 / 53884
(Fraction SNP: 0.6422871353277411)
Successfully saved to: ./Empirical/Eigenstrat/Reichall/I7276/chr12/
Successfully loaded Data from: ./Empirical/Eigenstrat/Reichall/I7276/chr12/
Loaded Emission Model: haploid
Loaded Transition Model: model
Loaded Post Processing Model: Standard
Minimum Genetic Map: 0.0009
Maximum Genetic Map: 1.7468
Gaps bigger than 0.1 cM: 234
Maximum Gap: 1.1517 cM
Loaded Transition and Emission Matrix:
(3, 3)
(5009, 34609)
Loaded Observations:
(2, 34609)
Memory Usage: 1794.842624 mB
Reference Number: 5008
Total Log likelihood: -12369.943
Memory Usage: 1794.842624 mB
Finished Calculation State Posteriors
Saved Zero State Posterior to ./Empirical/Eigenstrat/Reichall/I7276/chr12/.
Successfully loaded for PP. from ./Empirical/Eigenstrat/Reichall/I7276/chr12/
Fraction Markers in ROH: 0.4279
Merged n=0 gaps < 0.0 M
Called n=6 ROH Blocks > 1.0 cM
Longest Block: 1.751
Successfully saved to ./Empirical/Eigenstrat/Reichall/I7276/chr12/roh.csv
Using Low-Mem Cython Linear Speed Up.
Loaded Pre Processing Model: Eigenstrat
Loading Individual: I7276

Loaded 39018 variants
Loaded 2504 individuals
HDF5 loaded from ./Data/1000Genomes/HDF5/1240kHDF5/all1240/chr13.hdf5
3 Eigenstrat Files with 5081 Individuals and 1233013 SNPs

Intersection on Positions: 39018
Nr of Matching Refs: 39018 / 39018
Full Intersection Ref/Alt Identical: 38994 / 39018
2504 / 2504 Individuals included in Reference
Extraction of 5008 Haplotypes complete
Reduced to markers called 23370 / 38994
(Fraction SNP: 0.5993229727650408)
Successfully saved to: ./Empirical/Eigenstrat/Reichall/I7276/chr13/
Successfully loaded Data from: ./Empirical/Eigenstrat/Reichall/I7276/chr13/
Loaded Emission Model: haploid
Loaded Transition Model: model
Loaded Post Processing Model: Standard
Minimum Genetic Map: 0.0019
Maximum Genetic Map: 1.2570
Gaps bigger than 0.1 cM: 179
Maximum Gap: 1.2216 cM
Loaded Transition and Emission Matrix:
(3, 3)
(5009, 23370)
Loaded Observations:
(2, 23370)
Memory Usage: 1288.597504 mB
Reference Number: 5008
Total Log likelihood: -8919.060
Memory Usage: 1288.597504 mB
Finished Calculation State Posteriors
Saved Zero State Posterior to ./Empirical/Eigenstrat/Reichall/I7276/chr13/.
Successfully loaded for PP. from ./Empirical/Eigenstrat/Reichall/I7276/chr13/
Fraction Markers in ROH: 0.3677
Merged n=0 gaps < 0.0 M
Called n=3 ROH Blocks > 1.0 cM
Longest Block: 1.932
Successfully saved to ./Empirical/Eigenstrat/Reichall/I7276/chr13/roh.csv
Using Low-Mem Cython Linear Speed Up.
Loaded Pre Processing Model: Eigenstrat
Loading Individual: I7276

Loaded 36301 variants
Loaded 2504 individuals
HDF5 loaded from ./Data/1000Genomes/HDF5/1240kHDF5/all1240/chr14.hdf5
3 Eigenstrat Files with 5081 Individuals and 1233013 SNPs

Intersection on Positions: 36301
Nr of Matching Refs: 36301 / 36301
Full Intersection Ref/Alt Identical: 36280 / 36301
2504 / 2504 Individuals included in Reference
Extraction of 5008 Haplotypes complete
Reduced to markers called 23239 / 36280
(Fraction SNP: 0.6405457552370452)
Successfully saved to: ./Empirical/Eigenstrat/Reichall/I7276/chr14/
Successfully loaded Data from: ./Empirical/Eigenstrat/Reichall/I7276/chr14/
Loaded Emission Model: haploid
Loaded Transition Model: model
Loaded Post Processing Model: Standard
Minimum Genetic Map: 0.0184
Maximum Genetic Map: 1.2020
Gaps bigger than 0.1 cM: 156
Maximum Gap: 3.1346 cM
Loaded Transition and Emission Matrix:
(3, 3)
(5009, 23239)
Loaded Observations:
(2, 23239)
Memory Usage: 1283.063808 mB
Reference Number: 5008
Total Log likelihood: -8754.007
Memory Usage: 1283.063808 mB
Finished Calculation State Posteriors
Saved Zero State Posterior to ./Empirical/Eigenstrat/Reichall/I7276/chr14/.
Successfully loaded for PP. from ./Empirical/Eigenstrat/Reichall/I7276/chr14/
Fraction Markers in ROH: 0.3675
Merged n=0 gaps < 0.0 M
Called n=7 ROH Blocks > 1.0 cM
Longest Block: 1.623
Successfully saved to ./Empirical/Eigenstrat/Reichall/I7276/chr14/roh.csv
Using Low-Mem Cython Linear Speed Up.
Loaded Pre Processing Model: Eigenstrat
Loading Individual: I7276

Loaded 34429 variants
Loaded 2504 individuals
HDF5 loaded from ./Data/1000Genomes/HDF5/1240kHDF5/all1240/chr15.hdf5
3 Eigenstrat Files with 5081 Individuals and 1233013 SNPs

Intersection on Positions: 34429
Nr of Matching Refs: 34429 / 34429
Full Intersection Ref/Alt Identical: 34407 / 34429
2504 / 2504 Individuals included in Reference
Extraction of 5008 Haplotypes complete
Reduced to markers called 23203 / 34407
(Fraction SNP: 0.6743685877873689)
Successfully saved to: ./Empirical/Eigenstrat/Reichall/I7276/chr15/
Successfully loaded Data from: ./Empirical/Eigenstrat/Reichall/I7276/chr15/
Loaded Emission Model: haploid
Loaded Transition Model: model
Loaded Post Processing Model: Standard
Minimum Genetic Map: 0.0000
Maximum Genetic Map: 1.4134
Gaps bigger than 0.1 cM: 164
Maximum Gap: 13.7349 cM
Loaded Transition and Emission Matrix:
(3, 3)
(5009, 23203)
Loaded Observations:
(2, 23203)
Memory Usage: 1281.499136 mB
Reference Number: 5008
Total Log likelihood: -8477.423
Memory Usage: 1281.499136 mB
Finished Calculation State Posteriors
Saved Zero State Posterior to ./Empirical/Eigenstrat/Reichall/I7276/chr15/.
Successfully loaded for PP. from ./Empirical/Eigenstrat/Reichall/I7276/chr15/
Fraction Markers in ROH: 0.4064
Merged n=0 gaps < 0.0 M
Called n=2 ROH Blocks > 1.0 cM
Longest Block: 1.162
Successfully saved to ./Empirical/Eigenstrat/Reichall/I7276/chr15/roh.csv
Using Low-Mem Cython Linear Speed Up.
Loaded Pre Processing Model: Eigenstrat
Loading Individual: I7276

Loaded 34402 variants
Loaded 2504 individuals
HDF5 loaded from ./Data/1000Genomes/HDF5/1240kHDF5/all1240/chr16.hdf5
3 Eigenstrat Files with 5081 Individuals and 1233013 SNPs

Intersection on Positions: 34402
Nr of Matching Refs: 34402 / 34402
Full Intersection Ref/Alt Identical: 34375 / 34402
2504 / 2504 Individuals included in Reference
Extraction of 5008 Haplotypes complete
Reduced to markers called 24830 / 34375
(Fraction SNP: 0.7223272727272727)
Successfully saved to: ./Empirical/Eigenstrat/Reichall/I7276/chr16/
Successfully loaded Data from: ./Empirical/Eigenstrat/Reichall/I7276/chr16/
Loaded Emission Model: haploid
Loaded Transition Model: model
Loaded Post Processing Model: Standard
Minimum Genetic Map: -0.0000
Maximum Genetic Map: 1.3403
Gaps bigger than 0.1 cM: 179
Maximum Gap: 0.8461 cM
Loaded Transition and Emission Matrix:
(3, 3)
(5009, 24830)
Loaded Observations:
(2, 24830)
Memory Usage: 1355.1616 mB
Reference Number: 5008
Total Log likelihood: -9002.648
Memory Usage: 1355.1616 mB
Finished Calculation State Posteriors
Saved Zero State Posterior to ./Empirical/Eigenstrat/Reichall/I7276/chr16/.
Successfully loaded for PP. from ./Empirical/Eigenstrat/Reichall/I7276/chr16/
Fraction Markers in ROH: 0.4199
Merged n=0 gaps < 0.0 M
Called n=5 ROH Blocks > 1.0 cM
Longest Block: 2.338
Successfully saved to ./Empirical/Eigenstrat/Reichall/I7276/chr16/roh.csv
Using Low-Mem Cython Linear Speed Up.
Loaded Pre Processing Model: Eigenstrat
Loading Individual: I7276

Loaded 29314 variants
Loaded 2504 individuals
HDF5 loaded from ./Data/1000Genomes/HDF5/1240kHDF5/all1240/chr17.hdf5
3 Eigenstrat Files with 5081 Individuals and 1233013 SNPs

Intersection on Positions: 29314
Nr of Matching Refs: 29314 / 29314
Full Intersection Ref/Alt Identical: 29292 / 29314
2504 / 2504 Individuals included in Reference
Extraction of 5008 Haplotypes complete
Reduced to markers called 21569 / 29292
(Fraction SNP: 0.7363443943738904)
Successfully saved to: ./Empirical/Eigenstrat/Reichall/I7276/chr17/
Successfully loaded Data from: ./Empirical/Eigenstrat/Reichall/I7276/chr17/
Loaded Emission Model: haploid
Loaded Transition Model: model
Loaded Post Processing Model: Standard
Minimum Genetic Map: -0.0003
Maximum Genetic Map: 1.2847
Gaps bigger than 0.1 cM: 166
Maximum Gap: 1.2341 cM
Loaded Transition and Emission Matrix:
(3, 3)
(5009, 21569)
Loaded Observations:
(2, 21569)
Memory Usage: 1207.64416 mB
Reference Number: 5008
Total Log likelihood: -8137.418
Memory Usage: 1207.64416 mB
Finished Calculation State Posteriors
Saved Zero State Posterior to ./Empirical/Eigenstrat/Reichall/I7276/chr17/.
Successfully loaded for PP. from ./Empirical/Eigenstrat/Reichall/I7276/chr17/
Fraction Markers in ROH: 0.3993
Merged n=0 gaps < 0.0 M
Called n=8 ROH Blocks > 1.0 cM
Longest Block: 1.413
Successfully saved to ./Empirical/Eigenstrat/Reichall/I7276/chr17/roh.csv
Using Low-Mem Cython Linear Speed Up.
Loaded Pre Processing Model: Eigenstrat
Loading Individual: I7276

Loaded 33917 variants
Loaded 2504 individuals
HDF5 loaded from ./Data/1000Genomes/HDF5/1240kHDF5/all1240/chr18.hdf5
3 Eigenstrat Files with 5081 Individuals and 1233013 SNPs

Intersection on Positions: 33917
Nr of Matching Refs: 33917 / 33917
Full Intersection Ref/Alt Identical: 33902 / 33917
2504 / 2504 Individuals included in Reference
Extraction of 5008 Haplotypes complete
Reduced to markers called 21286 / 33902
(Fraction SNP: 0.6278685623267064)
Successfully saved to: ./Empirical/Eigenstrat/Reichall/I7276/chr18/
Successfully loaded Data from: ./Empirical/Eigenstrat/Reichall/I7276/chr18/
Loaded Emission Model: haploid
Loaded Transition Model: model
Loaded Post Processing Model: Standard
Minimum Genetic Map: 0.0025
Maximum Genetic Map: 1.1771
Gaps bigger than 0.1 cM: 173
Maximum Gap: 0.4827 cM
Loaded Transition and Emission Matrix:
(3, 3)
(5009, 21286)
Loaded Observations:
(2, 21286)
Memory Usage: 1195.19232 mB
Reference Number: 5008
Total Log likelihood: -6893.914
Memory Usage: 1195.19232 mB
Finished Calculation State Posteriors
Saved Zero State Posterior to ./Empirical/Eigenstrat/Reichall/I7276/chr18/.
Successfully loaded for PP. from ./Empirical/Eigenstrat/Reichall/I7276/chr18/
Fraction Markers in ROH: 0.4756
Merged n=0 gaps < 0.0 M
Called n=6 ROH Blocks > 1.0 cM
Longest Block: 7.827
Successfully saved to ./Empirical/Eigenstrat/Reichall/I7276/chr18/roh.csv
Using Low-Mem Cython Linear Speed Up.
Loaded Pre Processing Model: Eigenstrat
Loading Individual: I7276

Loaded 18460 variants
Loaded 2504 individuals
HDF5 loaded from ./Data/1000Genomes/HDF5/1240kHDF5/all1240/chr19.hdf5
3 Eigenstrat Files with 5081 Individuals and 1233013 SNPs

Intersection on Positions: 18460
Nr of Matching Refs: 18460 / 18460
Full Intersection Ref/Alt Identical: 18441 / 18460
2504 / 2504 Individuals included in Reference
Extraction of 5008 Haplotypes complete
Reduced to markers called 14297 / 18441
(Fraction SNP: 0.775283336044683)
Successfully saved to: ./Empirical/Eigenstrat/Reichall/I7276/chr19/
Successfully loaded Data from: ./Empirical/Eigenstrat/Reichall/I7276/chr19/
Loaded Emission Model: haploid
Loaded Transition Model: model
Loaded Post Processing Model: Standard
Minimum Genetic Map: 0.0000
Maximum Genetic Map: 1.0773
Gaps bigger than 0.1 cM: 161
Maximum Gap: 0.5964 cM
Loaded Transition and Emission Matrix:
(3, 3)
(5009, 14297)
Loaded Observations:
(2, 14297)
Memory Usage: 879.972352 mB
Reference Number: 5008
Total Log likelihood: -5475.387
Memory Usage: 879.972352 mB
Finished Calculation State Posteriors
Saved Zero State Posterior to ./Empirical/Eigenstrat/Reichall/I7276/chr19/.
Successfully loaded for PP. from ./Empirical/Eigenstrat/Reichall/I7276/chr19/
Fraction Markers in ROH: 0.4127
Merged n=0 gaps < 0.0 M
Called n=7 ROH Blocks > 1.0 cM
Longest Block: 2.207
Successfully saved to ./Empirical/Eigenstrat/Reichall/I7276/chr19/roh.csv
Using Low-Mem Cython Linear Speed Up.
Loaded Pre Processing Model: Eigenstrat
Loading Individual: I7276

Loaded 29078 variants
Loaded 2504 individuals
HDF5 loaded from ./Data/1000Genomes/HDF5/1240kHDF5/all1240/chr20.hdf5
3 Eigenstrat Files with 5081 Individuals and 1233013 SNPs

Intersection on Positions: 29078
Nr of Matching Refs: 29078 / 29078
Full Intersection Ref/Alt Identical: 29053 / 29078
2504 / 2504 Individuals included in Reference
Extraction of 5008 Haplotypes complete
Reduced to markers called 20956 / 29053
(Fraction SNP: 0.7213024472515747)
Successfully saved to: ./Empirical/Eigenstrat/Reichall/I7276/chr20/
Successfully loaded Data from: ./Empirical/Eigenstrat/Reichall/I7276/chr20/
Loaded Emission Model: haploid
Loaded Transition Model: model
Loaded Post Processing Model: Standard
Minimum Genetic Map: 0.0000
Maximum Genetic Map: 1.0821
Gaps bigger than 0.1 cM: 160
Maximum Gap: 0.4744 cM
Loaded Transition and Emission Matrix:
(3, 3)
(5009, 20956)
Loaded Observations:
(2, 20956)
Memory Usage: 1180.42624 mB
Reference Number: 5008
Total Log likelihood: -7415.278
Memory Usage: 1180.42624 mB
Finished Calculation State Posteriors
Saved Zero State Posterior to ./Empirical/Eigenstrat/Reichall/I7276/chr20/.
Successfully loaded for PP. from ./Empirical/Eigenstrat/Reichall/I7276/chr20/
Fraction Markers in ROH: 0.4301
Merged n=0 gaps < 0.0 M
Called n=6 ROH Blocks > 1.0 cM
Longest Block: 1.776
Successfully saved to ./Empirical/Eigenstrat/Reichall/I7276/chr20/roh.csv
Using Low-Mem Cython Linear Speed Up.
Loaded Pre Processing Model: Eigenstrat
Loading Individual: I7276

Loaded 16038 variants
Loaded 2504 individuals
HDF5 loaded from ./Data/1000Genomes/HDF5/1240kHDF5/all1240/chr21.hdf5
3 Eigenstrat Files with 5081 Individuals and 1233013 SNPs

Intersection on Positions: 16038
Nr of Matching Refs: 16038 / 16038
Full Intersection Ref/Alt Identical: 16031 / 16038
2504 / 2504 Individuals included in Reference
Extraction of 5008 Haplotypes complete
Reduced to markers called 10258 / 16031
(Fraction SNP: 0.6398852223816356)
Successfully saved to: ./Empirical/Eigenstrat/Reichall/I7276/chr21/
Successfully loaded Data from: ./Empirical/Eigenstrat/Reichall/I7276/chr21/
Loaded Emission Model: haploid
Loaded Transition Model: model
Loaded Post Processing Model: Standard
Minimum Genetic Map: -0.0085
Maximum Genetic Map: 0.6277
Gaps bigger than 0.1 cM: 113
Maximum Gap: 1.7201 cM
Loaded Transition and Emission Matrix:
(3, 3)
(5009, 10258)
Loaded Observations:
(2, 10258)
Memory Usage: 701.218816 mB
Reference Number: 5008
Total Log likelihood: -3897.092
Memory Usage: 701.218816 mB
Finished Calculation State Posteriors
Saved Zero State Posterior to ./Empirical/Eigenstrat/Reichall/I7276/chr21/.
Successfully loaded for PP. from ./Empirical/Eigenstrat/Reichall/I7276/chr21/
Fraction Markers in ROH: 0.3472
Merged n=0 gaps < 0.0 M
Called n=2 ROH Blocks > 1.0 cM
Longest Block: 1.276
Successfully saved to ./Empirical/Eigenstrat/Reichall/I7276/chr21/roh.csv
Using Low-Mem Cython Linear Speed Up.
Loaded Pre Processing Model: Eigenstrat
Loading Individual: I7276

Loaded 15802 variants
Loaded 2504 individuals
HDF5 loaded from ./Data/1000Genomes/HDF5/1240kHDF5/all1240/chr22.hdf5
3 Eigenstrat Files with 5081 Individuals and 1233013 SNPs

Intersection on Positions: 15802
Nr of Matching Refs: 15802 / 15802
Full Intersection Ref/Alt Identical: 15793 / 15802
2504 / 2504 Individuals included in Reference
Extraction of 5008 Haplotypes complete
Reduced to markers called 12532 / 15793
(Fraction SNP: 0.793516114734376)
Successfully saved to: ./Empirical/Eigenstrat/Reichall/I7276/chr22/
Successfully loaded Data from: ./Empirical/Eigenstrat/Reichall/I7276/chr22/
Loaded Emission Model: haploid
Loaded Transition Model: model
Loaded Post Processing Model: Standard
Minimum Genetic Map: 0.0171
Maximum Genetic Map: 0.7408
Gaps bigger than 0.1 cM: 94
Maximum Gap: 1.6097 cM
Loaded Transition and Emission Matrix:
(3, 3)
(5009, 12532)
Loaded Observations:
(2, 12532)
Memory Usage: 804.257792 mB
Reference Number: 5008
Total Log likelihood: -4578.979
Memory Usage: 804.257792 mB
Finished Calculation State Posteriors
Saved Zero State Posterior to ./Empirical/Eigenstrat/Reichall/I7276/chr22/.
Successfully loaded for PP. from ./Empirical/Eigenstrat/Reichall/I7276/chr22/
Fraction Markers in ROH: 0.4174
Merged n=0 gaps < 0.0 M
Called n=2 ROH Blocks > 1.0 cM
Longest Block: 2.082
Successfully saved to ./Empirical/Eigenstrat/Reichall/I7276/chr22/roh.csv
