Loaded 2106 / 5081 ancient Indivdiuals Anno File.
Doing Individual I0059...
Using Low-Mem Cython Linear Speed Up.
Loaded Pre Processing Model: Eigenstrat
Loading Individual: I0059

Loaded 89147 variants
Loaded 2504 individuals
HDF5 loaded from ./Data/1000Genomes/HDF5/1240kHDF5/all1240/chr1.hdf5
3 Eigenstrat Files with 5081 Individuals and 1233013 SNPs

Intersection on Positions: 89147
Nr of Matching Refs: 89147 / 89147
Full Intersection Ref/Alt Identical: 89082 / 89147
2504 / 2504 Individuals included in Reference
Extraction of 5008 Haplotypes complete
Reduced to markers called 57293 / 89082
(Fraction SNP: 0.6431490087784288)
Successfully saved to: ./Empirical/Eigenstrat/Reichall/I0059/chr1/
Successfully loaded Data from: ./Empirical/Eigenstrat/Reichall/I0059/chr1/
Loaded Emission Model: haploid
Loaded Transition Model: model
Loaded Post Processing Model: Standard
Minimum Genetic Map: 0.0202
Maximum Genetic Map: 2.8627
Gaps bigger than 0.1 cM: 357
Maximum Gap: 3.3404 cM
Loaded Transition and Emission Matrix:
(3, 3)
(5009, 57293)
Loaded Observations:
(2, 57293)
Memory Usage: 2777.452544 mB
Reference Number: 5008
Total Log likelihood: -19970.869
Memory Usage: 2777.399296 mB
Finished Calculation State Posteriors
Saved Zero State Posterior to ./Empirical/Eigenstrat/Reichall/I0059/chr1/.
Successfully loaded for PP. from ./Empirical/Eigenstrat/Reichall/I0059/chr1/
Fraction Markers in ROH: 0.4187
Merged n=0 gaps < 0.0 M
Called n=12 ROH Blocks > 1.0 cM
Longest Block: 3.764
Successfully saved to ./Empirical/Eigenstrat/Reichall/I0059/chr1/roh.csv
Using Low-Mem Cython Linear Speed Up.
Loaded Pre Processing Model: Eigenstrat
Loading Individual: I0059

Loaded 94239 variants
Loaded 2504 individuals
HDF5 loaded from ./Data/1000Genomes/HDF5/1240kHDF5/all1240/chr2.hdf5
3 Eigenstrat Files with 5081 Individuals and 1233013 SNPs

Intersection on Positions: 94239
Nr of Matching Refs: 94239 / 94239
Full Intersection Ref/Alt Identical: 94173 / 94239
2504 / 2504 Individuals included in Reference
Extraction of 5008 Haplotypes complete
Reduced to markers called 58774 / 94173
(Fraction SNP: 0.6241066972486806)
Successfully saved to: ./Empirical/Eigenstrat/Reichall/I0059/chr2/
Successfully loaded Data from: ./Empirical/Eigenstrat/Reichall/I0059/chr2/
Loaded Emission Model: haploid
Loaded Transition Model: model
Loaded Post Processing Model: Standard
Minimum Genetic Map: 0.0001
Maximum Genetic Map: 2.6883
Gaps bigger than 0.1 cM: 334
Maximum Gap: 1.8302 cM
Loaded Transition and Emission Matrix:
(3, 3)
(5009, 58774)
Loaded Observations:
(2, 58774)
Memory Usage: 2883.129344 mB
Reference Number: 5008
Total Log likelihood: -21490.576
Memory Usage: 2883.05152 mB
Finished Calculation State Posteriors
Saved Zero State Posterior to ./Empirical/Eigenstrat/Reichall/I0059/chr2/.
Successfully loaded for PP. from ./Empirical/Eigenstrat/Reichall/I0059/chr2/
Fraction Markers in ROH: 0.3840
Merged n=0 gaps < 0.0 M
Called n=3 ROH Blocks > 1.0 cM
Longest Block: 1.226
Successfully saved to ./Empirical/Eigenstrat/Reichall/I0059/chr2/roh.csv
Using Low-Mem Cython Linear Speed Up.
Loaded Pre Processing Model: Eigenstrat
Loading Individual: I0059

Loaded 77652 variants
Loaded 2504 individuals
HDF5 loaded from ./Data/1000Genomes/HDF5/1240kHDF5/all1240/chr3.hdf5
3 Eigenstrat Files with 5081 Individuals and 1233013 SNPs

Intersection on Positions: 77652
Nr of Matching Refs: 77652 / 77652
Full Intersection Ref/Alt Identical: 77601 / 77652
2504 / 2504 Individuals included in Reference
Extraction of 5008 Haplotypes complete
Reduced to markers called 48256 / 77601
(Fraction SNP: 0.6218476566023634)
Successfully saved to: ./Empirical/Eigenstrat/Reichall/I0059/chr3/
Successfully loaded Data from: ./Empirical/Eigenstrat/Reichall/I0059/chr3/
Loaded Emission Model: haploid
Loaded Transition Model: model
Loaded Post Processing Model: Standard
Minimum Genetic Map: 0.0000
Maximum Genetic Map: 2.2326
Gaps bigger than 0.1 cM: 302
Maximum Gap: 0.3297 cM
Loaded Transition and Emission Matrix:
(3, 3)
(5009, 48256)
Loaded Observations:
(2, 48256)
Memory Usage: 2409.230336 mB
Reference Number: 5008
Total Log likelihood: -17117.968
Memory Usage: 2409.230336 mB
Finished Calculation State Posteriors
Saved Zero State Posterior to ./Empirical/Eigenstrat/Reichall/I0059/chr3/.
Successfully loaded for PP. from ./Empirical/Eigenstrat/Reichall/I0059/chr3/
Fraction Markers in ROH: 0.4220
Merged n=0 gaps < 0.0 M
Called n=15 ROH Blocks > 1.0 cM
Longest Block: 1.690
Successfully saved to ./Empirical/Eigenstrat/Reichall/I0059/chr3/roh.csv
Using Low-Mem Cython Linear Speed Up.
Loaded Pre Processing Model: Eigenstrat
Loading Individual: I0059

Loaded 68759 variants
Loaded 2504 individuals
HDF5 loaded from ./Data/1000Genomes/HDF5/1240kHDF5/all1240/chr4.hdf5
3 Eigenstrat Files with 5081 Individuals and 1233013 SNPs

Intersection on Positions: 68759
Nr of Matching Refs: 68759 / 68759
Full Intersection Ref/Alt Identical: 68720 / 68759
2504 / 2504 Individuals included in Reference
Extraction of 5008 Haplotypes complete
Reduced to markers called 40593 / 68720
(Fraction SNP: 0.5907013969732247)
Successfully saved to: ./Empirical/Eigenstrat/Reichall/I0059/chr4/
Successfully loaded Data from: ./Empirical/Eigenstrat/Reichall/I0059/chr4/
Loaded Emission Model: haploid
Loaded Transition Model: model
Loaded Post Processing Model: Standard
Minimum Genetic Map: 0.0034
Maximum Genetic Map: 2.1454
Gaps bigger than 0.1 cM: 288
Maximum Gap: 2.0518 cM
Loaded Transition and Emission Matrix:
(3, 3)
(5009, 40593)
Loaded Observations:
(2, 40593)
Memory Usage: 2063.945728 mB
Reference Number: 5008
Total Log likelihood: -14308.423
Memory Usage: 2063.945728 mB
Finished Calculation State Posteriors
Saved Zero State Posterior to ./Empirical/Eigenstrat/Reichall/I0059/chr4/.
Successfully loaded for PP. from ./Empirical/Eigenstrat/Reichall/I0059/chr4/
Fraction Markers in ROH: 0.4419
Merged n=0 gaps < 0.0 M
Called n=11 ROH Blocks > 1.0 cM
Longest Block: 2.084
Successfully saved to ./Empirical/Eigenstrat/Reichall/I0059/chr4/roh.csv
Using Low-Mem Cython Linear Speed Up.
Loaded Pre Processing Model: Eigenstrat
Loading Individual: I0059

Loaded 69399 variants
Loaded 2504 individuals
HDF5 loaded from ./Data/1000Genomes/HDF5/1240kHDF5/all1240/chr5.hdf5
3 Eigenstrat Files with 5081 Individuals and 1233013 SNPs

Intersection on Positions: 69399
Nr of Matching Refs: 69399 / 69399
Full Intersection Ref/Alt Identical: 69354 / 69399
2504 / 2504 Individuals included in Reference
Extraction of 5008 Haplotypes complete
Reduced to markers called 42900 / 69354
(Fraction SNP: 0.6185656198633099)
Successfully saved to: ./Empirical/Eigenstrat/Reichall/I0059/chr5/
Successfully loaded Data from: ./Empirical/Eigenstrat/Reichall/I0059/chr5/
Loaded Emission Model: haploid
Loaded Transition Model: model
Loaded Post Processing Model: Standard
Minimum Genetic Map: 0.0004
Maximum Genetic Map: 2.0409
Gaps bigger than 0.1 cM: 290
Maximum Gap: 1.1070 cM
Loaded Transition and Emission Matrix:
(3, 3)
(5009, 42900)
Loaded Observations:
(2, 42900)
Memory Usage: 2168.119296 mB
Reference Number: 5008
Total Log likelihood: -15412.836
Memory Usage: 2168.119296 mB
Finished Calculation State Posteriors
Saved Zero State Posterior to ./Empirical/Eigenstrat/Reichall/I0059/chr5/.
Successfully loaded for PP. from ./Empirical/Eigenstrat/Reichall/I0059/chr5/
Fraction Markers in ROH: 0.4359
Merged n=0 gaps < 0.0 M
Called n=11 ROH Blocks > 1.0 cM
Longest Block: 2.830
Successfully saved to ./Empirical/Eigenstrat/Reichall/I0059/chr5/roh.csv
Using Low-Mem Cython Linear Speed Up.
Loaded Pre Processing Model: Eigenstrat
Loading Individual: I0059

Loaded 75870 variants
Loaded 2504 individuals
HDF5 loaded from ./Data/1000Genomes/HDF5/1240kHDF5/all1240/chr6.hdf5
3 Eigenstrat Files with 5081 Individuals and 1233013 SNPs

Intersection on Positions: 75870
Nr of Matching Refs: 75870 / 75870
Full Intersection Ref/Alt Identical: 75816 / 75870
2504 / 2504 Individuals included in Reference
Extraction of 5008 Haplotypes complete
Reduced to markers called 47181 / 75816
(Fraction SNP: 0.6223092750870529)
Successfully saved to: ./Empirical/Eigenstrat/Reichall/I0059/chr6/
Successfully loaded Data from: ./Empirical/Eigenstrat/Reichall/I0059/chr6/
Loaded Emission Model: haploid
Loaded Transition Model: model
Loaded Post Processing Model: Standard
Minimum Genetic Map: 0.0035
Maximum Genetic Map: 1.9203
Gaps bigger than 0.1 cM: 228
Maximum Gap: 0.5066 cM
Loaded Transition and Emission Matrix:
(3, 3)
(5009, 47181)
Loaded Observations:
(2, 47181)
Memory Usage: 2361.26208 mB
Reference Number: 5008
Total Log likelihood: -16820.129
Memory Usage: 2361.26208 mB
Finished Calculation State Posteriors
Saved Zero State Posterior to ./Empirical/Eigenstrat/Reichall/I0059/chr6/.
Successfully loaded for PP. from ./Empirical/Eigenstrat/Reichall/I0059/chr6/
Fraction Markers in ROH: 0.4063
Merged n=0 gaps < 0.0 M
Called n=4 ROH Blocks > 1.0 cM
Longest Block: 1.268
Successfully saved to ./Empirical/Eigenstrat/Reichall/I0059/chr6/roh.csv
Using Low-Mem Cython Linear Speed Up.
Loaded Pre Processing Model: Eigenstrat
Loading Individual: I0059

Loaded 59890 variants
Loaded 2504 individuals
HDF5 loaded from ./Data/1000Genomes/HDF5/1240kHDF5/all1240/chr7.hdf5
3 Eigenstrat Files with 5081 Individuals and 1233013 SNPs

Intersection on Positions: 59890
Nr of Matching Refs: 59890 / 59890
Full Intersection Ref/Alt Identical: 59836 / 59890
2504 / 2504 Individuals included in Reference
Extraction of 5008 Haplotypes complete
Reduced to markers called 36871 / 59836
(Fraction SNP: 0.6162009492613143)
Successfully saved to: ./Empirical/Eigenstrat/Reichall/I0059/chr7/
Successfully loaded Data from: ./Empirical/Eigenstrat/Reichall/I0059/chr7/
Loaded Emission Model: haploid
Loaded Transition Model: model
Loaded Post Processing Model: Standard
Minimum Genetic Map: 0.0000
Maximum Genetic Map: 1.8715
Gaps bigger than 0.1 cM: 267
Maximum Gap: 1.0507 cM
Loaded Transition and Emission Matrix:
(3, 3)
(5009, 36871)
Loaded Observations:
(2, 36871)
Memory Usage: 1896.226816 mB
Reference Number: 5008
Total Log likelihood: -13654.987
Memory Usage: 1896.226816 mB
Finished Calculation State Posteriors
Saved Zero State Posterior to ./Empirical/Eigenstrat/Reichall/I0059/chr7/.
Successfully loaded for PP. from ./Empirical/Eigenstrat/Reichall/I0059/chr7/
Fraction Markers in ROH: 0.3802
Merged n=0 gaps < 0.0 M
Called n=6 ROH Blocks > 1.0 cM
Longest Block: 1.722
Successfully saved to ./Empirical/Eigenstrat/Reichall/I0059/chr7/roh.csv
Using Low-Mem Cython Linear Speed Up.
Loaded Pre Processing Model: Eigenstrat
Loading Individual: I0059

Loaded 61133 variants
Loaded 2504 individuals
HDF5 loaded from ./Data/1000Genomes/HDF5/1240kHDF5/all1240/chr8.hdf5
3 Eigenstrat Files with 5081 Individuals and 1233013 SNPs

Intersection on Positions: 61133
Nr of Matching Refs: 61133 / 61133
Full Intersection Ref/Alt Identical: 61091 / 61133
2504 / 2504 Individuals included in Reference
Extraction of 5008 Haplotypes complete
Reduced to markers called 38024 / 61091
(Fraction SNP: 0.6224157404527672)
Successfully saved to: ./Empirical/Eigenstrat/Reichall/I0059/chr8/
Successfully loaded Data from: ./Empirical/Eigenstrat/Reichall/I0059/chr8/
Loaded Emission Model: haploid
Loaded Transition Model: model
Loaded Post Processing Model: Standard
Minimum Genetic Map: 0.0000
Maximum Genetic Map: 1.6800
Gaps bigger than 0.1 cM: 205
Maximum Gap: 1.8932 cM
Loaded Transition and Emission Matrix:
(3, 3)
(5009, 38024)
Loaded Observations:
(2, 38024)
Memory Usage: 1948.479488 mB
Reference Number: 5008
Total Log likelihood: -13744.358
Memory Usage: 1948.479488 mB
Finished Calculation State Posteriors
Saved Zero State Posterior to ./Empirical/Eigenstrat/Reichall/I0059/chr8/.
Successfully loaded for PP. from ./Empirical/Eigenstrat/Reichall/I0059/chr8/
Fraction Markers in ROH: 0.4078
Merged n=0 gaps < 0.0 M
Called n=5 ROH Blocks > 1.0 cM
Longest Block: 1.777
Successfully saved to ./Empirical/Eigenstrat/Reichall/I0059/chr8/roh.csv
Using Low-Mem Cython Linear Speed Up.
Loaded Pre Processing Model: Eigenstrat
Loading Individual: I0059

Loaded 50668 variants
Loaded 2504 individuals
HDF5 loaded from ./Data/1000Genomes/HDF5/1240kHDF5/all1240/chr9.hdf5
3 Eigenstrat Files with 5081 Individuals and 1233013 SNPs

Intersection on Positions: 50668
Nr of Matching Refs: 50668 / 50668
Full Intersection Ref/Alt Identical: 50629 / 50668
2504 / 2504 Individuals included in Reference
Extraction of 5008 Haplotypes complete
Reduced to markers called 31967 / 50629
(Fraction SNP: 0.6313970254202137)
Successfully saved to: ./Empirical/Eigenstrat/Reichall/I0059/chr9/
Successfully loaded Data from: ./Empirical/Eigenstrat/Reichall/I0059/chr9/
Loaded Emission Model: haploid
Loaded Transition Model: model
Loaded Post Processing Model: Standard
Minimum Genetic Map: 0.0016
Maximum Genetic Map: 1.6630
Gaps bigger than 0.1 cM: 243
Maximum Gap: 1.8819 cM
Loaded Transition and Emission Matrix:
(3, 3)
(5009, 31967)
Loaded Observations:
(2, 31967)
Memory Usage: 1675.792384 mB
Reference Number: 5008
Total Log likelihood: -11660.881
Memory Usage: 1675.792384 mB
Finished Calculation State Posteriors
Saved Zero State Posterior to ./Empirical/Eigenstrat/Reichall/I0059/chr9/.
Successfully loaded for PP. from ./Empirical/Eigenstrat/Reichall/I0059/chr9/
Fraction Markers in ROH: 0.3947
Merged n=0 gaps < 0.0 M
Called n=8 ROH Blocks > 1.0 cM
Longest Block: 1.796
Successfully saved to ./Empirical/Eigenstrat/Reichall/I0059/chr9/roh.csv
Using Low-Mem Cython Linear Speed Up.
Loaded Pre Processing Model: Eigenstrat
Loading Individual: I0059

Loaded 58804 variants
Loaded 2504 individuals
HDF5 loaded from ./Data/1000Genomes/HDF5/1240kHDF5/all1240/chr10.hdf5
3 Eigenstrat Files with 5081 Individuals and 1233013 SNPs

Intersection on Positions: 58804
Nr of Matching Refs: 58804 / 58804
Full Intersection Ref/Alt Identical: 58763 / 58804
2504 / 2504 Individuals included in Reference
Extraction of 5008 Haplotypes complete
Reduced to markers called 37609 / 58763
(Fraction SNP: 0.6400115719074928)
Successfully saved to: ./Empirical/Eigenstrat/Reichall/I0059/chr10/
Successfully loaded Data from: ./Empirical/Eigenstrat/Reichall/I0059/chr10/
Loaded Emission Model: haploid
Loaded Transition Model: model
Loaded Post Processing Model: Standard
Minimum Genetic Map: 0.0001
Maximum Genetic Map: 1.8091
Gaps bigger than 0.1 cM: 230
Maximum Gap: 2.0340 cM
Loaded Transition and Emission Matrix:
(3, 3)
(5009, 37609)
Loaded Observations:
(2, 37609)
Memory Usage: 1930.412032 mB
Reference Number: 5008
Total Log likelihood: -13031.232
Memory Usage: 1930.412032 mB
Finished Calculation State Posteriors
Saved Zero State Posterior to ./Empirical/Eigenstrat/Reichall/I0059/chr10/.
Successfully loaded for PP. from ./Empirical/Eigenstrat/Reichall/I0059/chr10/
Fraction Markers in ROH: 0.4561
Merged n=0 gaps < 0.0 M
Called n=15 ROH Blocks > 1.0 cM
Longest Block: 2.149
Successfully saved to ./Empirical/Eigenstrat/Reichall/I0059/chr10/roh.csv
Using Low-Mem Cython Linear Speed Up.
Loaded Pre Processing Model: Eigenstrat
Loading Individual: I0059

Loaded 54833 variants
Loaded 2504 individuals
HDF5 loaded from ./Data/1000Genomes/HDF5/1240kHDF5/all1240/chr11.hdf5
3 Eigenstrat Files with 5081 Individuals and 1233013 SNPs

Intersection on Positions: 54833
Nr of Matching Refs: 54833 / 54833
Full Intersection Ref/Alt Identical: 54796 / 54833
2504 / 2504 Individuals included in Reference
Extraction of 5008 Haplotypes complete
Reduced to markers called 34776 / 54796
(Fraction SNP: 0.6346448645886561)
Successfully saved to: ./Empirical/Eigenstrat/Reichall/I0059/chr11/
Successfully loaded Data from: ./Empirical/Eigenstrat/Reichall/I0059/chr11/
Loaded Emission Model: haploid
Loaded Transition Model: model
Loaded Post Processing Model: Standard
Minimum Genetic Map: 0.0000
Maximum Genetic Map: 1.5822
Gaps bigger than 0.1 cM: 215
Maximum Gap: 0.5279 cM
Loaded Transition and Emission Matrix:
(3, 3)
(5009, 34776)
Loaded Observations:
(2, 34776)
Memory Usage: 1803.030528 mB
Reference Number: 5008
Total Log likelihood: -12997.798
Memory Usage: 1803.030528 mB
Finished Calculation State Posteriors
Saved Zero State Posterior to ./Empirical/Eigenstrat/Reichall/I0059/chr11/.
Successfully loaded for PP. from ./Empirical/Eigenstrat/Reichall/I0059/chr11/
Fraction Markers in ROH: 0.3522
Merged n=0 gaps < 0.0 M
Called n=4 ROH Blocks > 1.0 cM
Longest Block: 1.318
Successfully saved to ./Empirical/Eigenstrat/Reichall/I0059/chr11/roh.csv
Using Low-Mem Cython Linear Speed Up.
Loaded Pre Processing Model: Eigenstrat
Loading Individual: I0059

Loaded 53911 variants
Loaded 2504 individuals
HDF5 loaded from ./Data/1000Genomes/HDF5/1240kHDF5/all1240/chr12.hdf5
3 Eigenstrat Files with 5081 Individuals and 1233013 SNPs

Intersection on Positions: 53911
Nr of Matching Refs: 53911 / 53911
Full Intersection Ref/Alt Identical: 53884 / 53911
2504 / 2504 Individuals included in Reference
Extraction of 5008 Haplotypes complete
Reduced to markers called 33838 / 53884
(Fraction SNP: 0.6279786207408508)
Successfully saved to: ./Empirical/Eigenstrat/Reichall/I0059/chr12/
Successfully loaded Data from: ./Empirical/Eigenstrat/Reichall/I0059/chr12/
Loaded Emission Model: haploid
Loaded Transition Model: model
Loaded Post Processing Model: Standard
Minimum Genetic Map: 0.0017
Maximum Genetic Map: 1.7468
Gaps bigger than 0.1 cM: 233
Maximum Gap: 0.8015 cM
Loaded Transition and Emission Matrix:
(3, 3)
(5009, 33838)
Loaded Observations:
(2, 33838)
Memory Usage: 1760.026624 mB
Reference Number: 5008
Total Log likelihood: -11613.037
Memory Usage: 1760.022528 mB
Finished Calculation State Posteriors
Saved Zero State Posterior to ./Empirical/Eigenstrat/Reichall/I0059/chr12/.
Successfully loaded for PP. from ./Empirical/Eigenstrat/Reichall/I0059/chr12/
Fraction Markers in ROH: 0.4525
Merged n=0 gaps < 0.0 M
Called n=10 ROH Blocks > 1.0 cM
Longest Block: 3.929
Successfully saved to ./Empirical/Eigenstrat/Reichall/I0059/chr12/roh.csv
Using Low-Mem Cython Linear Speed Up.
Loaded Pre Processing Model: Eigenstrat
Loading Individual: I0059

Loaded 39018 variants
Loaded 2504 individuals
HDF5 loaded from ./Data/1000Genomes/HDF5/1240kHDF5/all1240/chr13.hdf5
3 Eigenstrat Files with 5081 Individuals and 1233013 SNPs

Intersection on Positions: 39018
Nr of Matching Refs: 39018 / 39018
Full Intersection Ref/Alt Identical: 38994 / 39018
2504 / 2504 Individuals included in Reference
Extraction of 5008 Haplotypes complete
Reduced to markers called 23344 / 38994
(Fraction SNP: 0.59865620351849)
Successfully saved to: ./Empirical/Eigenstrat/Reichall/I0059/chr13/
Successfully loaded Data from: ./Empirical/Eigenstrat/Reichall/I0059/chr13/
Loaded Emission Model: haploid
Loaded Transition Model: model
Loaded Post Processing Model: Standard
Minimum Genetic Map: 0.0021
Maximum Genetic Map: 1.2570
Gaps bigger than 0.1 cM: 193
Maximum Gap: 1.2245 cM
Loaded Transition and Emission Matrix:
(3, 3)
(5009, 23344)
Loaded Observations:
(2, 23344)
Memory Usage: 1287.61856 mB
Reference Number: 5008
Total Log likelihood: -8687.751
Memory Usage: 1287.61856 mB
Finished Calculation State Posteriors
Saved Zero State Posterior to ./Empirical/Eigenstrat/Reichall/I0059/chr13/.
Successfully loaded for PP. from ./Empirical/Eigenstrat/Reichall/I0059/chr13/
Fraction Markers in ROH: 0.3868
Merged n=0 gaps < 0.0 M
Called n=7 ROH Blocks > 1.0 cM
Longest Block: 2.155
Successfully saved to ./Empirical/Eigenstrat/Reichall/I0059/chr13/roh.csv
Using Low-Mem Cython Linear Speed Up.
Loaded Pre Processing Model: Eigenstrat
Loading Individual: I0059

Loaded 36301 variants
Loaded 2504 individuals
HDF5 loaded from ./Data/1000Genomes/HDF5/1240kHDF5/all1240/chr14.hdf5
3 Eigenstrat Files with 5081 Individuals and 1233013 SNPs

Intersection on Positions: 36301
Nr of Matching Refs: 36301 / 36301
Full Intersection Ref/Alt Identical: 36280 / 36301
2504 / 2504 Individuals included in Reference
Extraction of 5008 Haplotypes complete
Reduced to markers called 22503 / 36280
(Fraction SNP: 0.6202590959206175)
Successfully saved to: ./Empirical/Eigenstrat/Reichall/I0059/chr14/
Successfully loaded Data from: ./Empirical/Eigenstrat/Reichall/I0059/chr14/
Loaded Emission Model: haploid
Loaded Transition Model: model
Loaded Post Processing Model: Standard
Minimum Genetic Map: 0.0184
Maximum Genetic Map: 1.2020
Gaps bigger than 0.1 cM: 171
Maximum Gap: 2.8973 cM
Loaded Transition and Emission Matrix:
(3, 3)
(5009, 22503)
Loaded Observations:
(2, 22503)
Memory Usage: 1249.816576 mB
Reference Number: 5008
Total Log likelihood: -8298.263
Memory Usage: 1249.816576 mB
Finished Calculation State Posteriors
Saved Zero State Posterior to ./Empirical/Eigenstrat/Reichall/I0059/chr14/.
Successfully loaded for PP. from ./Empirical/Eigenstrat/Reichall/I0059/chr14/
Fraction Markers in ROH: 0.4312
Merged n=0 gaps < 0.0 M
Called n=7 ROH Blocks > 1.0 cM
Longest Block: 1.513
Successfully saved to ./Empirical/Eigenstrat/Reichall/I0059/chr14/roh.csv
Using Low-Mem Cython Linear Speed Up.
Loaded Pre Processing Model: Eigenstrat
Loading Individual: I0059

Loaded 34429 variants
Loaded 2504 individuals
HDF5 loaded from ./Data/1000Genomes/HDF5/1240kHDF5/all1240/chr15.hdf5
3 Eigenstrat Files with 5081 Individuals and 1233013 SNPs

Intersection on Positions: 34429
Nr of Matching Refs: 34429 / 34429
Full Intersection Ref/Alt Identical: 34407 / 34429
2504 / 2504 Individuals included in Reference
Extraction of 5008 Haplotypes complete
Reduced to markers called 22223 / 34407
(Fraction SNP: 0.6458860115674137)
Successfully saved to: ./Empirical/Eigenstrat/Reichall/I0059/chr15/
Successfully loaded Data from: ./Empirical/Eigenstrat/Reichall/I0059/chr15/
Loaded Emission Model: haploid
Loaded Transition Model: model
Loaded Post Processing Model: Standard
Minimum Genetic Map: 0.0002
Maximum Genetic Map: 1.4134
Gaps bigger than 0.1 cM: 176
Maximum Gap: 11.4957 cM
Loaded Transition and Emission Matrix:
(3, 3)
(5009, 22223)
Loaded Observations:
(2, 22223)
Memory Usage: 1237.778432 mB
Reference Number: 5008
Total Log likelihood: -8176.291
Memory Usage: 1237.778432 mB
Finished Calculation State Posteriors
Saved Zero State Posterior to ./Empirical/Eigenstrat/Reichall/I0059/chr15/.
Successfully loaded for PP. from ./Empirical/Eigenstrat/Reichall/I0059/chr15/
Fraction Markers in ROH: 0.4263
Merged n=0 gaps < 0.0 M
Called n=4 ROH Blocks > 1.0 cM
Longest Block: 1.909
Successfully saved to ./Empirical/Eigenstrat/Reichall/I0059/chr15/roh.csv
Using Low-Mem Cython Linear Speed Up.
Loaded Pre Processing Model: Eigenstrat
Loading Individual: I0059

Loaded 34402 variants
Loaded 2504 individuals
HDF5 loaded from ./Data/1000Genomes/HDF5/1240kHDF5/all1240/chr16.hdf5
3 Eigenstrat Files with 5081 Individuals and 1233013 SNPs

Intersection on Positions: 34402
Nr of Matching Refs: 34402 / 34402
Full Intersection Ref/Alt Identical: 34375 / 34402
2504 / 2504 Individuals included in Reference
Extraction of 5008 Haplotypes complete
Reduced to markers called 22746 / 34375
(Fraction SNP: 0.6617018181818182)
Successfully saved to: ./Empirical/Eigenstrat/Reichall/I0059/chr16/
Successfully loaded Data from: ./Empirical/Eigenstrat/Reichall/I0059/chr16/
Loaded Emission Model: haploid
Loaded Transition Model: model
Loaded Post Processing Model: Standard
Minimum Genetic Map: -0.0000
Maximum Genetic Map: 1.3403
Gaps bigger than 0.1 cM: 199
Maximum Gap: 0.8461 cM
Loaded Transition and Emission Matrix:
(3, 3)
(5009, 22746)
Loaded Observations:
(2, 22746)
Memory Usage: 1261.13792 mB
Reference Number: 5008
Total Log likelihood: -8343.481
Memory Usage: 1261.13792 mB
Finished Calculation State Posteriors
Saved Zero State Posterior to ./Empirical/Eigenstrat/Reichall/I0059/chr16/.
Successfully loaded for PP. from ./Empirical/Eigenstrat/Reichall/I0059/chr16/
Fraction Markers in ROH: 0.4054
Merged n=0 gaps < 0.0 M
Called n=7 ROH Blocks > 1.0 cM
Longest Block: 1.953
Successfully saved to ./Empirical/Eigenstrat/Reichall/I0059/chr16/roh.csv
Using Low-Mem Cython Linear Speed Up.
Loaded Pre Processing Model: Eigenstrat
Loading Individual: I0059

Loaded 29314 variants
Loaded 2504 individuals
HDF5 loaded from ./Data/1000Genomes/HDF5/1240kHDF5/all1240/chr17.hdf5
3 Eigenstrat Files with 5081 Individuals and 1233013 SNPs

Intersection on Positions: 29314
Nr of Matching Refs: 29314 / 29314
Full Intersection Ref/Alt Identical: 29292 / 29314
2504 / 2504 Individuals included in Reference
Extraction of 5008 Haplotypes complete
Reduced to markers called 19435 / 29292
(Fraction SNP: 0.6634917383585962)
Successfully saved to: ./Empirical/Eigenstrat/Reichall/I0059/chr17/
Successfully loaded Data from: ./Empirical/Eigenstrat/Reichall/I0059/chr17/
Loaded Emission Model: haploid
Loaded Transition Model: model
Loaded Post Processing Model: Standard
Minimum Genetic Map: -0.0002
Maximum Genetic Map: 1.2847
Gaps bigger than 0.1 cM: 182
Maximum Gap: 1.2341 cM
Loaded Transition and Emission Matrix:
(3, 3)
(5009, 19435)
Loaded Observations:
(2, 19435)
Memory Usage: 1111.642112 mB
Reference Number: 5008
Total Log likelihood: -7195.747
Memory Usage: 1111.642112 mB
Finished Calculation State Posteriors
Saved Zero State Posterior to ./Empirical/Eigenstrat/Reichall/I0059/chr17/.
Successfully loaded for PP. from ./Empirical/Eigenstrat/Reichall/I0059/chr17/
Fraction Markers in ROH: 0.4016
Merged n=0 gaps < 0.0 M
Called n=9 ROH Blocks > 1.0 cM
Longest Block: 1.763
Successfully saved to ./Empirical/Eigenstrat/Reichall/I0059/chr17/roh.csv
Using Low-Mem Cython Linear Speed Up.
Loaded Pre Processing Model: Eigenstrat
Loading Individual: I0059

Loaded 33917 variants
Loaded 2504 individuals
HDF5 loaded from ./Data/1000Genomes/HDF5/1240kHDF5/all1240/chr18.hdf5
3 Eigenstrat Files with 5081 Individuals and 1233013 SNPs

Intersection on Positions: 33917
Nr of Matching Refs: 33917 / 33917
Full Intersection Ref/Alt Identical: 33902 / 33917
2504 / 2504 Individuals included in Reference
Extraction of 5008 Haplotypes complete
Reduced to markers called 20950 / 33902
(Fraction SNP: 0.6179576426169547)
Successfully saved to: ./Empirical/Eigenstrat/Reichall/I0059/chr18/
Successfully loaded Data from: ./Empirical/Eigenstrat/Reichall/I0059/chr18/
Loaded Emission Model: haploid
Loaded Transition Model: model
Loaded Post Processing Model: Standard
Minimum Genetic Map: 0.0025
Maximum Genetic Map: 1.1771
Gaps bigger than 0.1 cM: 176
Maximum Gap: 0.4763 cM
Loaded Transition and Emission Matrix:
(3, 3)
(5009, 20950)
Loaded Observations:
(2, 20950)
Memory Usage: 1179.979776 mB
Reference Number: 5008
Total Log likelihood: -7619.999
Memory Usage: 1179.979776 mB
Finished Calculation State Posteriors
Saved Zero State Posterior to ./Empirical/Eigenstrat/Reichall/I0059/chr18/.
Successfully loaded for PP. from ./Empirical/Eigenstrat/Reichall/I0059/chr18/
Fraction Markers in ROH: 0.3874
Merged n=0 gaps < 0.0 M
Called n=4 ROH Blocks > 1.0 cM
Longest Block: 2.109
Successfully saved to ./Empirical/Eigenstrat/Reichall/I0059/chr18/roh.csv
Using Low-Mem Cython Linear Speed Up.
Loaded Pre Processing Model: Eigenstrat
Loading Individual: I0059

Loaded 18460 variants
Loaded 2504 individuals
HDF5 loaded from ./Data/1000Genomes/HDF5/1240kHDF5/all1240/chr19.hdf5
3 Eigenstrat Files with 5081 Individuals and 1233013 SNPs

Intersection on Positions: 18460
Nr of Matching Refs: 18460 / 18460
Full Intersection Ref/Alt Identical: 18441 / 18460
2504 / 2504 Individuals included in Reference
Extraction of 5008 Haplotypes complete
Reduced to markers called 12356 / 18441
(Fraction SNP: 0.6700287403069248)
Successfully saved to: ./Empirical/Eigenstrat/Reichall/I0059/chr19/
Successfully loaded Data from: ./Empirical/Eigenstrat/Reichall/I0059/chr19/
Loaded Emission Model: haploid
Loaded Transition Model: model
Loaded Post Processing Model: Standard
Minimum Genetic Map: 0.0000
Maximum Genetic Map: 1.0773
Gaps bigger than 0.1 cM: 189
Maximum Gap: 0.6114 cM
Loaded Transition and Emission Matrix:
(3, 3)
(5009, 12356)
Loaded Observations:
(2, 12356)
Memory Usage: 792.150016 mB
Reference Number: 5008
Total Log likelihood: -4663.682
Memory Usage: 792.150016 mB
Finished Calculation State Posteriors
Saved Zero State Posterior to ./Empirical/Eigenstrat/Reichall/I0059/chr19/.
Successfully loaded for PP. from ./Empirical/Eigenstrat/Reichall/I0059/chr19/
Fraction Markers in ROH: 0.4241
Merged n=0 gaps < 0.0 M
Called n=8 ROH Blocks > 1.0 cM
Longest Block: 1.889
Successfully saved to ./Empirical/Eigenstrat/Reichall/I0059/chr19/roh.csv
Using Low-Mem Cython Linear Speed Up.
Loaded Pre Processing Model: Eigenstrat
Loading Individual: I0059

Loaded 29078 variants
Loaded 2504 individuals
HDF5 loaded from ./Data/1000Genomes/HDF5/1240kHDF5/all1240/chr20.hdf5
3 Eigenstrat Files with 5081 Individuals and 1233013 SNPs

Intersection on Positions: 29078
Nr of Matching Refs: 29078 / 29078
Full Intersection Ref/Alt Identical: 29053 / 29078
2504 / 2504 Individuals included in Reference
Extraction of 5008 Haplotypes complete
Reduced to markers called 19331 / 29053
(Fraction SNP: 0.6653701855230096)
Successfully saved to: ./Empirical/Eigenstrat/Reichall/I0059/chr20/
Successfully loaded Data from: ./Empirical/Eigenstrat/Reichall/I0059/chr20/
Loaded Emission Model: haploid
Loaded Transition Model: model
Loaded Post Processing Model: Standard
Minimum Genetic Map: 0.0000
Maximum Genetic Map: 1.0821
Gaps bigger than 0.1 cM: 173
Maximum Gap: 0.4744 cM
Loaded Transition and Emission Matrix:
(3, 3)
(5009, 19331)
Loaded Observations:
(2, 19331)
Memory Usage: 1106.86208 mB
Reference Number: 5008
Total Log likelihood: -6847.436
Memory Usage: 1106.86208 mB
Finished Calculation State Posteriors
Saved Zero State Posterior to ./Empirical/Eigenstrat/Reichall/I0059/chr20/.
Successfully loaded for PP. from ./Empirical/Eigenstrat/Reichall/I0059/chr20/
Fraction Markers in ROH: 0.4390
Merged n=0 gaps < 0.0 M
Called n=5 ROH Blocks > 1.0 cM
Longest Block: 2.387
Successfully saved to ./Empirical/Eigenstrat/Reichall/I0059/chr20/roh.csv
Using Low-Mem Cython Linear Speed Up.
Loaded Pre Processing Model: Eigenstrat
Loading Individual: I0059

Loaded 16038 variants
Loaded 2504 individuals
HDF5 loaded from ./Data/1000Genomes/HDF5/1240kHDF5/all1240/chr21.hdf5
3 Eigenstrat Files with 5081 Individuals and 1233013 SNPs

Intersection on Positions: 16038
Nr of Matching Refs: 16038 / 16038
Full Intersection Ref/Alt Identical: 16031 / 16038
2504 / 2504 Individuals included in Reference
Extraction of 5008 Haplotypes complete
Reduced to markers called 9929 / 16031
(Fraction SNP: 0.6193624851849542)
Successfully saved to: ./Empirical/Eigenstrat/Reichall/I0059/chr21/
Successfully loaded Data from: ./Empirical/Eigenstrat/Reichall/I0059/chr21/
Loaded Emission Model: haploid
Loaded Transition Model: model
Loaded Post Processing Model: Standard
Minimum Genetic Map: 0.0087
Maximum Genetic Map: 0.6277
Gaps bigger than 0.1 cM: 110
Maximum Gap: 0.5121 cM
Loaded Transition and Emission Matrix:
(3, 3)
(5009, 9929)
Loaded Observations:
(2, 9929)
Memory Usage: 684.929024 mB
Reference Number: 5008
Total Log likelihood: -3669.294
Memory Usage: 684.929024 mB
Finished Calculation State Posteriors
Saved Zero State Posterior to ./Empirical/Eigenstrat/Reichall/I0059/chr21/.
Successfully loaded for PP. from ./Empirical/Eigenstrat/Reichall/I0059/chr21/
Fraction Markers in ROH: 0.3973
Merged n=0 gaps < 0.0 M
Called n=2 ROH Blocks > 1.0 cM
Longest Block: 2.077
Successfully saved to ./Empirical/Eigenstrat/Reichall/I0059/chr21/roh.csv
Using Low-Mem Cython Linear Speed Up.
Loaded Pre Processing Model: Eigenstrat
Loading Individual: I0059

Loaded 15802 variants
Loaded 2504 individuals
HDF5 loaded from ./Data/1000Genomes/HDF5/1240kHDF5/all1240/chr22.hdf5
3 Eigenstrat Files with 5081 Individuals and 1233013 SNPs

Intersection on Positions: 15802
Nr of Matching Refs: 15802 / 15802
Full Intersection Ref/Alt Identical: 15793 / 15802
2504 / 2504 Individuals included in Reference
Extraction of 5008 Haplotypes complete
Reduced to markers called 10930 / 15793
(Fraction SNP: 0.6920787690749066)
Successfully saved to: ./Empirical/Eigenstrat/Reichall/I0059/chr22/
Successfully loaded Data from: ./Empirical/Eigenstrat/Reichall/I0059/chr22/
Loaded Emission Model: haploid
Loaded Transition Model: model
Loaded Post Processing Model: Standard
Minimum Genetic Map: 0.0171
Maximum Genetic Map: 0.7408
Gaps bigger than 0.1 cM: 105
Maximum Gap: 1.6153 cM
Loaded Transition and Emission Matrix:
(3, 3)
(5009, 10930)
Loaded Observations:
(2, 10930)
Memory Usage: 734.601216 mB
Reference Number: 5008
Total Log likelihood: -4097.146
Memory Usage: 734.601216 mB
Finished Calculation State Posteriors
Saved Zero State Posterior to ./Empirical/Eigenstrat/Reichall/I0059/chr22/.
Successfully loaded for PP. from ./Empirical/Eigenstrat/Reichall/I0059/chr22/
Fraction Markers in ROH: 0.4100
Merged n=0 gaps < 0.0 M
Called n=2 ROH Blocks > 1.0 cM
Longest Block: 1.236
Successfully saved to ./Empirical/Eigenstrat/Reichall/I0059/chr22/roh.csv
