Loaded 2106 / 5081 ancient Indivdiuals Anno File.
Doing Individual E09569...
Using Low-Mem Cython Linear Speed Up.
Loaded Pre Processing Model: Eigenstrat
Loading Individual: E09569

Loaded 89147 variants
Loaded 2504 individuals
HDF5 loaded from ./Data/1000Genomes/HDF5/1240kHDF5/all1240/chr1.hdf5
3 Eigenstrat Files with 5081 Individuals and 1233013 SNPs

Intersection on Positions: 89147
Nr of Matching Refs: 89147 / 89147
Full Intersection Ref/Alt Identical: 89082 / 89147
2504 / 2504 Individuals included in Reference
Extraction of 5008 Haplotypes complete
Reduced to markers called 63267 / 89082
(Fraction SNP: 0.7102108170000674)
Successfully saved to: ./Empirical/Eigenstrat/Reichall/E09569/chr1/
Successfully loaded Data from: ./Empirical/Eigenstrat/Reichall/E09569/chr1/
Loaded Emission Model: haploid
Loaded Transition Model: model
Loaded Post Processing Model: Standard
Minimum Genetic Map: 0.0201
Maximum Genetic Map: 2.8627
Gaps bigger than 0.1 cM: 321
Maximum Gap: 2.9229 cM
Loaded Transition and Emission Matrix:
(3, 3)
(5009, 63267)
Loaded Observations:
(2, 63267)
Memory Usage: 3047.051264 mB
Reference Number: 5008
Total Log likelihood: -22723.893
Memory Usage: 3047.227392 mB
Finished Calculation State Posteriors
Saved Zero State Posterior to ./Empirical/Eigenstrat/Reichall/E09569/chr1/.
Successfully loaded for PP. from ./Empirical/Eigenstrat/Reichall/E09569/chr1/
Fraction Markers in ROH: 0.4034
Merged n=0 gaps < 0.0 M
Called n=8 ROH Blocks > 1.0 cM
Longest Block: 3.363
Successfully saved to ./Empirical/Eigenstrat/Reichall/E09569/chr1/roh.csv
Using Low-Mem Cython Linear Speed Up.
Loaded Pre Processing Model: Eigenstrat
Loading Individual: E09569

Loaded 94239 variants
Loaded 2504 individuals
HDF5 loaded from ./Data/1000Genomes/HDF5/1240kHDF5/all1240/chr2.hdf5
3 Eigenstrat Files with 5081 Individuals and 1233013 SNPs

Intersection on Positions: 94239
Nr of Matching Refs: 94239 / 94239
Full Intersection Ref/Alt Identical: 94173 / 94239
2504 / 2504 Individuals included in Reference
Extraction of 5008 Haplotypes complete
Reduced to markers called 63538 / 94173
(Fraction SNP: 0.6746944453293406)
Successfully saved to: ./Empirical/Eigenstrat/Reichall/E09569/chr2/
Successfully loaded Data from: ./Empirical/Eigenstrat/Reichall/E09569/chr2/
Loaded Emission Model: haploid
Loaded Transition Model: model
Loaded Post Processing Model: Standard
Minimum Genetic Map: 0.0002
Maximum Genetic Map: 2.6883
Gaps bigger than 0.1 cM: 318
Maximum Gap: 2.1079 cM
Loaded Transition and Emission Matrix:
(3, 3)
(5009, 63538)
Loaded Observations:
(2, 63538)
Memory Usage: 3098.570752 mB
Reference Number: 5008
Total Log likelihood: -22920.894
Memory Usage: 3098.570752 mB
Finished Calculation State Posteriors
Saved Zero State Posterior to ./Empirical/Eigenstrat/Reichall/E09569/chr2/.
Successfully loaded for PP. from ./Empirical/Eigenstrat/Reichall/E09569/chr2/
Fraction Markers in ROH: 0.3919
Merged n=0 gaps < 0.0 M
Called n=10 ROH Blocks > 1.0 cM
Longest Block: 1.707
Successfully saved to ./Empirical/Eigenstrat/Reichall/E09569/chr2/roh.csv
Using Low-Mem Cython Linear Speed Up.
Loaded Pre Processing Model: Eigenstrat
Loading Individual: E09569

Loaded 77652 variants
Loaded 2504 individuals
HDF5 loaded from ./Data/1000Genomes/HDF5/1240kHDF5/all1240/chr3.hdf5
3 Eigenstrat Files with 5081 Individuals and 1233013 SNPs

Intersection on Positions: 77652
Nr of Matching Refs: 77652 / 77652
Full Intersection Ref/Alt Identical: 77601 / 77652
2504 / 2504 Individuals included in Reference
Extraction of 5008 Haplotypes complete
Reduced to markers called 51760 / 77601
(Fraction SNP: 0.6670017138954395)
Successfully saved to: ./Empirical/Eigenstrat/Reichall/E09569/chr3/
Successfully loaded Data from: ./Empirical/Eigenstrat/Reichall/E09569/chr3/
Loaded Emission Model: haploid
Loaded Transition Model: model
Loaded Post Processing Model: Standard
Minimum Genetic Map: 0.0000
Maximum Genetic Map: 2.2325
Gaps bigger than 0.1 cM: 284
Maximum Gap: 0.3910 cM
Loaded Transition and Emission Matrix:
(3, 3)
(5009, 51760)
Loaded Observations:
(2, 51760)
Memory Usage: 2567.417856 mB
Reference Number: 5008
Total Log likelihood: -19019.318
Memory Usage: 2567.417856 mB
Finished Calculation State Posteriors
Saved Zero State Posterior to ./Empirical/Eigenstrat/Reichall/E09569/chr3/.
Successfully loaded for PP. from ./Empirical/Eigenstrat/Reichall/E09569/chr3/
Fraction Markers in ROH: 0.4023
Merged n=0 gaps < 0.0 M
Called n=5 ROH Blocks > 1.0 cM
Longest Block: 1.262
Successfully saved to ./Empirical/Eigenstrat/Reichall/E09569/chr3/roh.csv
Using Low-Mem Cython Linear Speed Up.
Loaded Pre Processing Model: Eigenstrat
Loading Individual: E09569

Loaded 68759 variants
Loaded 2504 individuals
HDF5 loaded from ./Data/1000Genomes/HDF5/1240kHDF5/all1240/chr4.hdf5
3 Eigenstrat Files with 5081 Individuals and 1233013 SNPs

Intersection on Positions: 68759
Nr of Matching Refs: 68759 / 68759
Full Intersection Ref/Alt Identical: 68720 / 68759
2504 / 2504 Individuals included in Reference
Extraction of 5008 Haplotypes complete
Reduced to markers called 42247 / 68720
(Fraction SNP: 0.6147700814901048)
Successfully saved to: ./Empirical/Eigenstrat/Reichall/E09569/chr4/
Successfully loaded Data from: ./Empirical/Eigenstrat/Reichall/E09569/chr4/
Loaded Emission Model: haploid
Loaded Transition Model: model
Loaded Post Processing Model: Standard
Minimum Genetic Map: 0.0034
Maximum Genetic Map: 2.1454
Gaps bigger than 0.1 cM: 274
Maximum Gap: 2.0523 cM
Loaded Transition and Emission Matrix:
(3, 3)
(5009, 42247)
Loaded Observations:
(2, 42247)
Memory Usage: 2139.250688 mB
Reference Number: 5008
Total Log likelihood: -15529.011
Memory Usage: 2139.250688 mB
Finished Calculation State Posteriors
Saved Zero State Posterior to ./Empirical/Eigenstrat/Reichall/E09569/chr4/.
Successfully loaded for PP. from ./Empirical/Eigenstrat/Reichall/E09569/chr4/
Fraction Markers in ROH: 0.3877
Merged n=0 gaps < 0.0 M
Called n=9 ROH Blocks > 1.0 cM
Longest Block: 1.963
Successfully saved to ./Empirical/Eigenstrat/Reichall/E09569/chr4/roh.csv
Using Low-Mem Cython Linear Speed Up.
Loaded Pre Processing Model: Eigenstrat
Loading Individual: E09569

Loaded 69399 variants
Loaded 2504 individuals
HDF5 loaded from ./Data/1000Genomes/HDF5/1240kHDF5/all1240/chr5.hdf5
3 Eigenstrat Files with 5081 Individuals and 1233013 SNPs

Intersection on Positions: 69399
Nr of Matching Refs: 69399 / 69399
Full Intersection Ref/Alt Identical: 69354 / 69399
2504 / 2504 Individuals included in Reference
Extraction of 5008 Haplotypes complete
Reduced to markers called 45971 / 69354
(Fraction SNP: 0.6628456902269516)
Successfully saved to: ./Empirical/Eigenstrat/Reichall/E09569/chr5/
Successfully loaded Data from: ./Empirical/Eigenstrat/Reichall/E09569/chr5/
Loaded Emission Model: haploid
Loaded Transition Model: model
Loaded Post Processing Model: Standard
Minimum Genetic Map: 0.0004
Maximum Genetic Map: 2.0409
Gaps bigger than 0.1 cM: 275
Maximum Gap: 1.0498 cM
Loaded Transition and Emission Matrix:
(3, 3)
(5009, 45971)
Loaded Observations:
(2, 45971)
Memory Usage: 2307.31776 mB
Reference Number: 5008
Total Log likelihood: -16912.514
Memory Usage: 2307.31776 mB
Finished Calculation State Posteriors
Saved Zero State Posterior to ./Empirical/Eigenstrat/Reichall/E09569/chr5/.
Successfully loaded for PP. from ./Empirical/Eigenstrat/Reichall/E09569/chr5/
Fraction Markers in ROH: 0.3732
Merged n=0 gaps < 0.0 M
Called n=8 ROH Blocks > 1.0 cM
Longest Block: 1.933
Successfully saved to ./Empirical/Eigenstrat/Reichall/E09569/chr5/roh.csv
Using Low-Mem Cython Linear Speed Up.
Loaded Pre Processing Model: Eigenstrat
Loading Individual: E09569

Loaded 75870 variants
Loaded 2504 individuals
HDF5 loaded from ./Data/1000Genomes/HDF5/1240kHDF5/all1240/chr6.hdf5
3 Eigenstrat Files with 5081 Individuals and 1233013 SNPs

Intersection on Positions: 75870
Nr of Matching Refs: 75870 / 75870
Full Intersection Ref/Alt Identical: 75816 / 75870
2504 / 2504 Individuals included in Reference
Extraction of 5008 Haplotypes complete
Reduced to markers called 50761 / 75816
(Fraction SNP: 0.6695288593436741)
Successfully saved to: ./Empirical/Eigenstrat/Reichall/E09569/chr6/
Successfully loaded Data from: ./Empirical/Eigenstrat/Reichall/E09569/chr6/
Loaded Emission Model: haploid
Loaded Transition Model: model
Loaded Post Processing Model: Standard
Minimum Genetic Map: 0.0035
Maximum Genetic Map: 1.9203
Gaps bigger than 0.1 cM: 218
Maximum Gap: 0.5076 cM
Loaded Transition and Emission Matrix:
(3, 3)
(5009, 50761)
Loaded Observations:
(2, 50761)
Memory Usage: 2523.406336 mB
Reference Number: 5008
Total Log likelihood: -18250.284
Memory Usage: 2523.406336 mB
Finished Calculation State Posteriors
Saved Zero State Posterior to ./Empirical/Eigenstrat/Reichall/E09569/chr6/.
Successfully loaded for PP. from ./Empirical/Eigenstrat/Reichall/E09569/chr6/
Fraction Markers in ROH: 0.3945
Merged n=0 gaps < 0.0 M
Called n=6 ROH Blocks > 1.0 cM
Longest Block: 1.356
Successfully saved to ./Empirical/Eigenstrat/Reichall/E09569/chr6/roh.csv
Using Low-Mem Cython Linear Speed Up.
Loaded Pre Processing Model: Eigenstrat
Loading Individual: E09569

Loaded 59890 variants
Loaded 2504 individuals
HDF5 loaded from ./Data/1000Genomes/HDF5/1240kHDF5/all1240/chr7.hdf5
3 Eigenstrat Files with 5081 Individuals and 1233013 SNPs

Intersection on Positions: 59890
Nr of Matching Refs: 59890 / 59890
Full Intersection Ref/Alt Identical: 59836 / 59890
2504 / 2504 Individuals included in Reference
Extraction of 5008 Haplotypes complete
Reduced to markers called 39556 / 59836
(Fraction SNP: 0.6610736011765492)
Successfully saved to: ./Empirical/Eigenstrat/Reichall/E09569/chr7/
Successfully loaded Data from: ./Empirical/Eigenstrat/Reichall/E09569/chr7/
Loaded Emission Model: haploid
Loaded Transition Model: model
Loaded Post Processing Model: Standard
Minimum Genetic Map: 0.0000
Maximum Genetic Map: 1.8715
Gaps bigger than 0.1 cM: 258
Maximum Gap: 0.8416 cM
Loaded Transition and Emission Matrix:
(3, 3)
(5009, 39556)
Loaded Observations:
(2, 39556)
Memory Usage: 2017.775616 mB
Reference Number: 5008
Total Log likelihood: -14514.530
Memory Usage: 2017.775616 mB
Finished Calculation State Posteriors
Saved Zero State Posterior to ./Empirical/Eigenstrat/Reichall/E09569/chr7/.
Successfully loaded for PP. from ./Empirical/Eigenstrat/Reichall/E09569/chr7/
Fraction Markers in ROH: 0.4127
Merged n=0 gaps < 0.0 M
Called n=4 ROH Blocks > 1.0 cM
Longest Block: 2.155
Successfully saved to ./Empirical/Eigenstrat/Reichall/E09569/chr7/roh.csv
Using Low-Mem Cython Linear Speed Up.
Loaded Pre Processing Model: Eigenstrat
Loading Individual: E09569

Loaded 61133 variants
Loaded 2504 individuals
HDF5 loaded from ./Data/1000Genomes/HDF5/1240kHDF5/all1240/chr8.hdf5
3 Eigenstrat Files with 5081 Individuals and 1233013 SNPs

Intersection on Positions: 61133
Nr of Matching Refs: 61133 / 61133
Full Intersection Ref/Alt Identical: 61091 / 61133
2504 / 2504 Individuals included in Reference
Extraction of 5008 Haplotypes complete
Reduced to markers called 40749 / 61091
(Fraction SNP: 0.6670213288373082)
Successfully saved to: ./Empirical/Eigenstrat/Reichall/E09569/chr8/
Successfully loaded Data from: ./Empirical/Eigenstrat/Reichall/E09569/chr8/
Loaded Emission Model: haploid
Loaded Transition Model: model
Loaded Post Processing Model: Standard
Minimum Genetic Map: 0.0000
Maximum Genetic Map: 1.6800
Gaps bigger than 0.1 cM: 172
Maximum Gap: 3.3471 cM
Loaded Transition and Emission Matrix:
(3, 3)
(5009, 40749)
Loaded Observations:
(2, 40749)
Memory Usage: 2072.342528 mB
Reference Number: 5008
Total Log likelihood: -15004.402
Memory Usage: 2072.342528 mB
Finished Calculation State Posteriors
Saved Zero State Posterior to ./Empirical/Eigenstrat/Reichall/E09569/chr8/.
Successfully loaded for PP. from ./Empirical/Eigenstrat/Reichall/E09569/chr8/
Fraction Markers in ROH: 0.3901
Merged n=0 gaps < 0.0 M
Called n=4 ROH Blocks > 1.0 cM
Longest Block: 2.020
Successfully saved to ./Empirical/Eigenstrat/Reichall/E09569/chr8/roh.csv
Using Low-Mem Cython Linear Speed Up.
Loaded Pre Processing Model: Eigenstrat
Loading Individual: E09569

Loaded 50668 variants
Loaded 2504 individuals
HDF5 loaded from ./Data/1000Genomes/HDF5/1240kHDF5/all1240/chr9.hdf5
3 Eigenstrat Files with 5081 Individuals and 1233013 SNPs

Intersection on Positions: 50668
Nr of Matching Refs: 50668 / 50668
Full Intersection Ref/Alt Identical: 50629 / 50668
2504 / 2504 Individuals included in Reference
Extraction of 5008 Haplotypes complete
Reduced to markers called 34663 / 50629
(Fraction SNP: 0.6846471389914871)
Successfully saved to: ./Empirical/Eigenstrat/Reichall/E09569/chr9/
Successfully loaded Data from: ./Empirical/Eigenstrat/Reichall/E09569/chr9/
Loaded Emission Model: haploid
Loaded Transition Model: model
Loaded Post Processing Model: Standard
Minimum Genetic Map: 0.0016
Maximum Genetic Map: 1.6630
Gaps bigger than 0.1 cM: 230
Maximum Gap: 1.8819 cM
Loaded Transition and Emission Matrix:
(3, 3)
(5009, 34663)
Loaded Observations:
(2, 34663)
Memory Usage: 1798.336512 mB
Reference Number: 5008
Total Log likelihood: -12979.891
Memory Usage: 1798.336512 mB
Finished Calculation State Posteriors
Saved Zero State Posterior to ./Empirical/Eigenstrat/Reichall/E09569/chr9/.
Successfully loaded for PP. from ./Empirical/Eigenstrat/Reichall/E09569/chr9/
Fraction Markers in ROH: 0.4024
Merged n=0 gaps < 0.0 M
Called n=6 ROH Blocks > 1.0 cM
Longest Block: 1.562
Successfully saved to ./Empirical/Eigenstrat/Reichall/E09569/chr9/roh.csv
Using Low-Mem Cython Linear Speed Up.
Loaded Pre Processing Model: Eigenstrat
Loading Individual: E09569

Loaded 58804 variants
Loaded 2504 individuals
HDF5 loaded from ./Data/1000Genomes/HDF5/1240kHDF5/all1240/chr10.hdf5
3 Eigenstrat Files with 5081 Individuals and 1233013 SNPs

Intersection on Positions: 58804
Nr of Matching Refs: 58804 / 58804
Full Intersection Ref/Alt Identical: 58763 / 58804
2504 / 2504 Individuals included in Reference
Extraction of 5008 Haplotypes complete
Reduced to markers called 41789 / 58763
(Fraction SNP: 0.7111447679662373)
Successfully saved to: ./Empirical/Eigenstrat/Reichall/E09569/chr10/
Successfully loaded Data from: ./Empirical/Eigenstrat/Reichall/E09569/chr10/
Loaded Emission Model: haploid
Loaded Transition Model: model
Loaded Post Processing Model: Standard
Minimum Genetic Map: 0.0001
Maximum Genetic Map: 1.8092
Gaps bigger than 0.1 cM: 213
Maximum Gap: 2.0338 cM
Loaded Transition and Emission Matrix:
(3, 3)
(5009, 41789)
Loaded Observations:
(2, 41789)
Memory Usage: 2119.589888 mB
Reference Number: 5008
Total Log likelihood: -15558.627
Memory Usage: 2117.59104 mB
Finished Calculation State Posteriors
Saved Zero State Posterior to ./Empirical/Eigenstrat/Reichall/E09569/chr10/.
Successfully loaded for PP. from ./Empirical/Eigenstrat/Reichall/E09569/chr10/
Fraction Markers in ROH: 0.3863
Merged n=0 gaps < 0.0 M
Called n=3 ROH Blocks > 1.0 cM
Longest Block: 2.249
Successfully saved to ./Empirical/Eigenstrat/Reichall/E09569/chr10/roh.csv
Using Low-Mem Cython Linear Speed Up.
Loaded Pre Processing Model: Eigenstrat
Loading Individual: E09569

Loaded 54833 variants
Loaded 2504 individuals
HDF5 loaded from ./Data/1000Genomes/HDF5/1240kHDF5/all1240/chr11.hdf5
3 Eigenstrat Files with 5081 Individuals and 1233013 SNPs

Intersection on Positions: 54833
Nr of Matching Refs: 54833 / 54833
Full Intersection Ref/Alt Identical: 54796 / 54833
2504 / 2504 Individuals included in Reference
Extraction of 5008 Haplotypes complete
Reduced to markers called 38211 / 54796
(Fraction SNP: 0.697331922038105)
Successfully saved to: ./Empirical/Eigenstrat/Reichall/E09569/chr11/
Successfully loaded Data from: ./Empirical/Eigenstrat/Reichall/E09569/chr11/
Loaded Emission Model: haploid
Loaded Transition Model: model
Loaded Post Processing Model: Standard
Minimum Genetic Map: 0.0000
Maximum Genetic Map: 1.5822
Gaps bigger than 0.1 cM: 203
Maximum Gap: 0.5366 cM
Loaded Transition and Emission Matrix:
(3, 3)
(5009, 38211)
Loaded Observations:
(2, 38211)
Memory Usage: 1957.51936 mB
Reference Number: 5008
Total Log likelihood: -13803.542
Memory Usage: 1957.51936 mB
Finished Calculation State Posteriors
Saved Zero State Posterior to ./Empirical/Eigenstrat/Reichall/E09569/chr11/.
Successfully loaded for PP. from ./Empirical/Eigenstrat/Reichall/E09569/chr11/
Fraction Markers in ROH: 0.3870
Merged n=0 gaps < 0.0 M
Called n=7 ROH Blocks > 1.0 cM
Longest Block: 2.036
Successfully saved to ./Empirical/Eigenstrat/Reichall/E09569/chr11/roh.csv
Using Low-Mem Cython Linear Speed Up.
Loaded Pre Processing Model: Eigenstrat
Loading Individual: E09569

Loaded 53911 variants
Loaded 2504 individuals
HDF5 loaded from ./Data/1000Genomes/HDF5/1240kHDF5/all1240/chr12.hdf5
3 Eigenstrat Files with 5081 Individuals and 1233013 SNPs

Intersection on Positions: 53911
Nr of Matching Refs: 53911 / 53911
Full Intersection Ref/Alt Identical: 53884 / 53911
2504 / 2504 Individuals included in Reference
Extraction of 5008 Haplotypes complete
Reduced to markers called 36744 / 53884
(Fraction SNP: 0.6819092866156929)
Successfully saved to: ./Empirical/Eigenstrat/Reichall/E09569/chr12/
Successfully loaded Data from: ./Empirical/Eigenstrat/Reichall/E09569/chr12/
Loaded Emission Model: haploid
Loaded Transition Model: model
Loaded Post Processing Model: Standard
Minimum Genetic Map: 0.0009
Maximum Genetic Map: 1.7468
Gaps bigger than 0.1 cM: 221
Maximum Gap: 0.8437 cM
Loaded Transition and Emission Matrix:
(3, 3)
(5009, 36744)
Loaded Observations:
(2, 36744)
Memory Usage: 1890.684928 mB
Reference Number: 5008
Total Log likelihood: -13771.860
Memory Usage: 1890.684928 mB
Finished Calculation State Posteriors
Saved Zero State Posterior to ./Empirical/Eigenstrat/Reichall/E09569/chr12/.
Successfully loaded for PP. from ./Empirical/Eigenstrat/Reichall/E09569/chr12/
Fraction Markers in ROH: 0.3729
Merged n=0 gaps < 0.0 M
Called n=9 ROH Blocks > 1.0 cM
Longest Block: 2.001
Successfully saved to ./Empirical/Eigenstrat/Reichall/E09569/chr12/roh.csv
Using Low-Mem Cython Linear Speed Up.
Loaded Pre Processing Model: Eigenstrat
Loading Individual: E09569

Loaded 39018 variants
Loaded 2504 individuals
HDF5 loaded from ./Data/1000Genomes/HDF5/1240kHDF5/all1240/chr13.hdf5
3 Eigenstrat Files with 5081 Individuals and 1233013 SNPs

Intersection on Positions: 39018
Nr of Matching Refs: 39018 / 39018
Full Intersection Ref/Alt Identical: 38994 / 39018
2504 / 2504 Individuals included in Reference
Extraction of 5008 Haplotypes complete
Reduced to markers called 24368 / 38994
(Fraction SNP: 0.6249166538441812)
Successfully saved to: ./Empirical/Eigenstrat/Reichall/E09569/chr13/
Successfully loaded Data from: ./Empirical/Eigenstrat/Reichall/E09569/chr13/
Loaded Emission Model: haploid
Loaded Transition Model: model
Loaded Post Processing Model: Standard
Minimum Genetic Map: 0.0019
Maximum Genetic Map: 1.2570
Gaps bigger than 0.1 cM: 184
Maximum Gap: 1.2216 cM
Loaded Transition and Emission Matrix:
(3, 3)
(5009, 24368)
Loaded Observations:
(2, 24368)
Memory Usage: 1333.440512 mB
Reference Number: 5008
Total Log likelihood: -9336.944
Memory Usage: 1333.440512 mB
Finished Calculation State Posteriors
Saved Zero State Posterior to ./Empirical/Eigenstrat/Reichall/E09569/chr13/.
Successfully loaded for PP. from ./Empirical/Eigenstrat/Reichall/E09569/chr13/
Fraction Markers in ROH: 0.3649
Merged n=0 gaps < 0.0 M
Called n=3 ROH Blocks > 1.0 cM
Longest Block: 1.440
Successfully saved to ./Empirical/Eigenstrat/Reichall/E09569/chr13/roh.csv
Using Low-Mem Cython Linear Speed Up.
Loaded Pre Processing Model: Eigenstrat
Loading Individual: E09569

Loaded 36301 variants
Loaded 2504 individuals
HDF5 loaded from ./Data/1000Genomes/HDF5/1240kHDF5/all1240/chr14.hdf5
3 Eigenstrat Files with 5081 Individuals and 1233013 SNPs

Intersection on Positions: 36301
Nr of Matching Refs: 36301 / 36301
Full Intersection Ref/Alt Identical: 36280 / 36301
2504 / 2504 Individuals included in Reference
Extraction of 5008 Haplotypes complete
Reduced to markers called 24600 / 36280
(Fraction SNP: 0.6780595369349504)
Successfully saved to: ./Empirical/Eigenstrat/Reichall/E09569/chr14/
Successfully loaded Data from: ./Empirical/Eigenstrat/Reichall/E09569/chr14/
Loaded Emission Model: haploid
Loaded Transition Model: model
Loaded Post Processing Model: Standard
Minimum Genetic Map: 0.0184
Maximum Genetic Map: 1.2020
Gaps bigger than 0.1 cM: 155
Maximum Gap: 3.0309 cM
Loaded Transition and Emission Matrix:
(3, 3)
(5009, 24600)
Loaded Observations:
(2, 24600)
Memory Usage: 1344.262144 mB
Reference Number: 5008
Total Log likelihood: -8839.698
Memory Usage: 1344.262144 mB
Finished Calculation State Posteriors
Saved Zero State Posterior to ./Empirical/Eigenstrat/Reichall/E09569/chr14/.
Successfully loaded for PP. from ./Empirical/Eigenstrat/Reichall/E09569/chr14/
Fraction Markers in ROH: 0.4336
Merged n=0 gaps < 0.0 M
Called n=5 ROH Blocks > 1.0 cM
Longest Block: 1.246
Successfully saved to ./Empirical/Eigenstrat/Reichall/E09569/chr14/roh.csv
Using Low-Mem Cython Linear Speed Up.
Loaded Pre Processing Model: Eigenstrat
Loading Individual: E09569

Loaded 34429 variants
Loaded 2504 individuals
HDF5 loaded from ./Data/1000Genomes/HDF5/1240kHDF5/all1240/chr15.hdf5
3 Eigenstrat Files with 5081 Individuals and 1233013 SNPs

Intersection on Positions: 34429
Nr of Matching Refs: 34429 / 34429
Full Intersection Ref/Alt Identical: 34407 / 34429
2504 / 2504 Individuals included in Reference
Extraction of 5008 Haplotypes complete
Reduced to markers called 24748 / 34407
(Fraction SNP: 0.7192722411137269)
Successfully saved to: ./Empirical/Eigenstrat/Reichall/E09569/chr15/
Successfully loaded Data from: ./Empirical/Eigenstrat/Reichall/E09569/chr15/
Loaded Emission Model: haploid
Loaded Transition Model: model
Loaded Post Processing Model: Standard
Minimum Genetic Map: 0.0002
Maximum Genetic Map: 1.4134
Gaps bigger than 0.1 cM: 160
Maximum Gap: 11.6560 cM
Loaded Transition and Emission Matrix:
(3, 3)
(5009, 24748)
Loaded Observations:
(2, 24748)
Memory Usage: 1351.51616 mB
Reference Number: 5008
Total Log likelihood: -8937.199
Memory Usage: 1351.51616 mB
Finished Calculation State Posteriors
Saved Zero State Posterior to ./Empirical/Eigenstrat/Reichall/E09569/chr15/.
Successfully loaded for PP. from ./Empirical/Eigenstrat/Reichall/E09569/chr15/
Fraction Markers in ROH: 0.4233
Merged n=0 gaps < 0.0 M
Called n=6 ROH Blocks > 1.0 cM
Longest Block: 2.545
Successfully saved to ./Empirical/Eigenstrat/Reichall/E09569/chr15/roh.csv
Using Low-Mem Cython Linear Speed Up.
Loaded Pre Processing Model: Eigenstrat
Loading Individual: E09569

Loaded 34402 variants
Loaded 2504 individuals
HDF5 loaded from ./Data/1000Genomes/HDF5/1240kHDF5/all1240/chr16.hdf5
3 Eigenstrat Files with 5081 Individuals and 1233013 SNPs

Intersection on Positions: 34402
Nr of Matching Refs: 34402 / 34402
Full Intersection Ref/Alt Identical: 34375 / 34402
2504 / 2504 Individuals included in Reference
Extraction of 5008 Haplotypes complete
Reduced to markers called 26108 / 34375
(Fraction SNP: 0.7595054545454546)
Successfully saved to: ./Empirical/Eigenstrat/Reichall/E09569/chr16/
Successfully loaded Data from: ./Empirical/Eigenstrat/Reichall/E09569/chr16/
Loaded Emission Model: haploid
Loaded Transition Model: model
Loaded Post Processing Model: Standard
Minimum Genetic Map: -0.0000
Maximum Genetic Map: 1.3403
Gaps bigger than 0.1 cM: 170
Maximum Gap: 0.8458 cM
Loaded Transition and Emission Matrix:
(3, 3)
(5009, 26108)
Loaded Observations:
(2, 26108)
Memory Usage: 1412.620288 mB
Reference Number: 5008
Total Log likelihood: -9817.482
Memory Usage: 1412.620288 mB
Finished Calculation State Posteriors
Saved Zero State Posterior to ./Empirical/Eigenstrat/Reichall/E09569/chr16/.
Successfully loaded for PP. from ./Empirical/Eigenstrat/Reichall/E09569/chr16/
Fraction Markers in ROH: 0.3945
Merged n=0 gaps < 0.0 M
Called n=7 ROH Blocks > 1.0 cM
Longest Block: 1.680
Successfully saved to ./Empirical/Eigenstrat/Reichall/E09569/chr16/roh.csv
Using Low-Mem Cython Linear Speed Up.
Loaded Pre Processing Model: Eigenstrat
Loading Individual: E09569

Loaded 29314 variants
Loaded 2504 individuals
HDF5 loaded from ./Data/1000Genomes/HDF5/1240kHDF5/all1240/chr17.hdf5
3 Eigenstrat Files with 5081 Individuals and 1233013 SNPs

Intersection on Positions: 29314
Nr of Matching Refs: 29314 / 29314
Full Intersection Ref/Alt Identical: 29292 / 29314
2504 / 2504 Individuals included in Reference
Extraction of 5008 Haplotypes complete
Reduced to markers called 22918 / 29292
(Fraction SNP: 0.7823979243479449)
Successfully saved to: ./Empirical/Eigenstrat/Reichall/E09569/chr17/
Successfully loaded Data from: ./Empirical/Eigenstrat/Reichall/E09569/chr17/
Loaded Emission Model: haploid
Loaded Transition Model: model
Loaded Post Processing Model: Standard
Minimum Genetic Map: -0.0003
Maximum Genetic Map: 1.2847
Gaps bigger than 0.1 cM: 154
Maximum Gap: 1.2341 cM
Loaded Transition and Emission Matrix:
(3, 3)
(5009, 22918)
Loaded Observations:
(2, 22918)
Memory Usage: 1268.568064 mB
Reference Number: 5008
Total Log likelihood: -8712.866
Memory Usage: 1268.568064 mB
Finished Calculation State Posteriors
Saved Zero State Posterior to ./Empirical/Eigenstrat/Reichall/E09569/chr17/.
Successfully loaded for PP. from ./Empirical/Eigenstrat/Reichall/E09569/chr17/
Fraction Markers in ROH: 0.4201
Merged n=0 gaps < 0.0 M
Called n=6 ROH Blocks > 1.0 cM
Longest Block: 1.766
Successfully saved to ./Empirical/Eigenstrat/Reichall/E09569/chr17/roh.csv
Using Low-Mem Cython Linear Speed Up.
Loaded Pre Processing Model: Eigenstrat
Loading Individual: E09569

Loaded 33917 variants
Loaded 2504 individuals
HDF5 loaded from ./Data/1000Genomes/HDF5/1240kHDF5/all1240/chr18.hdf5
3 Eigenstrat Files with 5081 Individuals and 1233013 SNPs

Intersection on Positions: 33917
Nr of Matching Refs: 33917 / 33917
Full Intersection Ref/Alt Identical: 33902 / 33917
2504 / 2504 Individuals included in Reference
Extraction of 5008 Haplotypes complete
Reduced to markers called 22591 / 33902
(Fraction SNP: 0.6663618665565454)
Successfully saved to: ./Empirical/Eigenstrat/Reichall/E09569/chr18/
Successfully loaded Data from: ./Empirical/Eigenstrat/Reichall/E09569/chr18/
Loaded Emission Model: haploid
Loaded Transition Model: model
Loaded Post Processing Model: Standard
Minimum Genetic Map: 0.0016
Maximum Genetic Map: 1.1771
Gaps bigger than 0.1 cM: 163
Maximum Gap: 0.4827 cM
Loaded Transition and Emission Matrix:
(3, 3)
(5009, 22591)
Loaded Observations:
(2, 22591)
Memory Usage: 1253.60128 mB
Reference Number: 5008
Total Log likelihood: -8475.004
Memory Usage: 1253.60128 mB
Finished Calculation State Posteriors
Saved Zero State Posterior to ./Empirical/Eigenstrat/Reichall/E09569/chr18/.
Successfully loaded for PP. from ./Empirical/Eigenstrat/Reichall/E09569/chr18/
Fraction Markers in ROH: 0.3745
Merged n=0 gaps < 0.0 M
Called n=1 ROH Blocks > 1.0 cM
Longest Block: 1.159
Successfully saved to ./Empirical/Eigenstrat/Reichall/E09569/chr18/roh.csv
Using Low-Mem Cython Linear Speed Up.
Loaded Pre Processing Model: Eigenstrat
Loading Individual: E09569

Loaded 18460 variants
Loaded 2504 individuals
HDF5 loaded from ./Data/1000Genomes/HDF5/1240kHDF5/all1240/chr19.hdf5
3 Eigenstrat Files with 5081 Individuals and 1233013 SNPs

Intersection on Positions: 18460
Nr of Matching Refs: 18460 / 18460
Full Intersection Ref/Alt Identical: 18441 / 18460
2504 / 2504 Individuals included in Reference
Extraction of 5008 Haplotypes complete
Reduced to markers called 15087 / 18441
(Fraction SNP: 0.8181226614608752)
Successfully saved to: ./Empirical/Eigenstrat/Reichall/E09569/chr19/
Successfully loaded Data from: ./Empirical/Eigenstrat/Reichall/E09569/chr19/
Loaded Emission Model: haploid
Loaded Transition Model: model
Loaded Post Processing Model: Standard
Minimum Genetic Map: 0.0000
Maximum Genetic Map: 1.0773
Gaps bigger than 0.1 cM: 153
Maximum Gap: 0.5964 cM
Loaded Transition and Emission Matrix:
(3, 3)
(5009, 15087)
Loaded Observations:
(2, 15087)
Memory Usage: 915.181568 mB
Reference Number: 5008
Total Log likelihood: -5795.119
Memory Usage: 915.181568 mB
Finished Calculation State Posteriors
Saved Zero State Posterior to ./Empirical/Eigenstrat/Reichall/E09569/chr19/.
Successfully loaded for PP. from ./Empirical/Eigenstrat/Reichall/E09569/chr19/
Fraction Markers in ROH: 0.4205
Merged n=0 gaps < 0.0 M
Called n=6 ROH Blocks > 1.0 cM
Longest Block: 1.544
Successfully saved to ./Empirical/Eigenstrat/Reichall/E09569/chr19/roh.csv
Using Low-Mem Cython Linear Speed Up.
Loaded Pre Processing Model: Eigenstrat
Loading Individual: E09569

Loaded 29078 variants
Loaded 2504 individuals
HDF5 loaded from ./Data/1000Genomes/HDF5/1240kHDF5/all1240/chr20.hdf5
3 Eigenstrat Files with 5081 Individuals and 1233013 SNPs

Intersection on Positions: 29078
Nr of Matching Refs: 29078 / 29078
Full Intersection Ref/Alt Identical: 29053 / 29078
2504 / 2504 Individuals included in Reference
Extraction of 5008 Haplotypes complete
Reduced to markers called 21951 / 29053
(Fraction SNP: 0.7555502013561423)
Successfully saved to: ./Empirical/Eigenstrat/Reichall/E09569/chr20/
Successfully loaded Data from: ./Empirical/Eigenstrat/Reichall/E09569/chr20/
Loaded Emission Model: haploid
Loaded Transition Model: model
Loaded Post Processing Model: Standard
Minimum Genetic Map: 0.0002
Maximum Genetic Map: 1.0821
Gaps bigger than 0.1 cM: 157
Maximum Gap: 0.4744 cM
Loaded Transition and Emission Matrix:
(3, 3)
(5009, 21951)
Loaded Observations:
(2, 21951)
Memory Usage: 1225.146368 mB
Reference Number: 5008
Total Log likelihood: -8082.626
Memory Usage: 1225.146368 mB
Finished Calculation State Posteriors
Saved Zero State Posterior to ./Empirical/Eigenstrat/Reichall/E09569/chr20/.
Successfully loaded for PP. from ./Empirical/Eigenstrat/Reichall/E09569/chr20/
Fraction Markers in ROH: 0.3850
Merged n=0 gaps < 0.0 M
Called n=1 ROH Blocks > 1.0 cM
Longest Block: 1.136
Successfully saved to ./Empirical/Eigenstrat/Reichall/E09569/chr20/roh.csv
Using Low-Mem Cython Linear Speed Up.
Loaded Pre Processing Model: Eigenstrat
Loading Individual: E09569

Loaded 16038 variants
Loaded 2504 individuals
HDF5 loaded from ./Data/1000Genomes/HDF5/1240kHDF5/all1240/chr21.hdf5
3 Eigenstrat Files with 5081 Individuals and 1233013 SNPs

Intersection on Positions: 16038
Nr of Matching Refs: 16038 / 16038
Full Intersection Ref/Alt Identical: 16031 / 16038
2504 / 2504 Individuals included in Reference
Extraction of 5008 Haplotypes complete
Reduced to markers called 10865 / 16031
(Fraction SNP: 0.6777493606138107)
Successfully saved to: ./Empirical/Eigenstrat/Reichall/E09569/chr21/
Successfully loaded Data from: ./Empirical/Eigenstrat/Reichall/E09569/chr21/
Loaded Emission Model: haploid
Loaded Transition Model: model
Loaded Post Processing Model: Standard
Minimum Genetic Map: -0.0085
Maximum Genetic Map: 0.6279
Gaps bigger than 0.1 cM: 108
Maximum Gap: 1.7444 cM
Loaded Transition and Emission Matrix:
(3, 3)
(5009, 10865)
Loaded Observations:
(2, 10865)
Memory Usage: 730.800128 mB
Reference Number: 5008
Total Log likelihood: -4179.441
Memory Usage: 730.800128 mB
Finished Calculation State Posteriors
Saved Zero State Posterior to ./Empirical/Eigenstrat/Reichall/E09569/chr21/.
Successfully loaded for PP. from ./Empirical/Eigenstrat/Reichall/E09569/chr21/
Fraction Markers in ROH: 0.3609
Merged n=0 gaps < 0.0 M
Called n=2 ROH Blocks > 1.0 cM
Longest Block: 1.721
Successfully saved to ./Empirical/Eigenstrat/Reichall/E09569/chr21/roh.csv
Using Low-Mem Cython Linear Speed Up.
Loaded Pre Processing Model: Eigenstrat
Loading Individual: E09569

Loaded 15802 variants
Loaded 2504 individuals
HDF5 loaded from ./Data/1000Genomes/HDF5/1240kHDF5/all1240/chr22.hdf5
3 Eigenstrat Files with 5081 Individuals and 1233013 SNPs

Intersection on Positions: 15802
Nr of Matching Refs: 15802 / 15802
Full Intersection Ref/Alt Identical: 15793 / 15802
2504 / 2504 Individuals included in Reference
Extraction of 5008 Haplotypes complete
Reduced to markers called 13097 / 15793
(Fraction SNP: 0.8292914582409928)
Successfully saved to: ./Empirical/Eigenstrat/Reichall/E09569/chr22/
Successfully loaded Data from: ./Empirical/Eigenstrat/Reichall/E09569/chr22/
Loaded Emission Model: haploid
Loaded Transition Model: model
Loaded Post Processing Model: Standard
Minimum Genetic Map: 0.0178
Maximum Genetic Map: 0.7408
Gaps bigger than 0.1 cM: 90
Maximum Gap: 1.6949 cM
Loaded Transition and Emission Matrix:
(3, 3)
(5009, 13097)
Loaded Observations:
(2, 13097)
Memory Usage: 831.684608 mB
Reference Number: 5008
Total Log likelihood: -4822.189
Memory Usage: 831.684608 mB
Finished Calculation State Posteriors
Saved Zero State Posterior to ./Empirical/Eigenstrat/Reichall/E09569/chr22/.
Successfully loaded for PP. from ./Empirical/Eigenstrat/Reichall/E09569/chr22/
Fraction Markers in ROH: 0.4148
Merged n=0 gaps < 0.0 M
Called n=5 ROH Blocks > 1.0 cM
Longest Block: 1.734
Successfully saved to ./Empirical/Eigenstrat/Reichall/E09569/chr22/roh.csv
