Loaded 2106 / 5081 ancient Indivdiuals Anno File.
Doing Individual I7578...
Using Low-Mem Cython Linear Speed Up.
Loaded Pre Processing Model: Eigenstrat
Loading Individual: I7578

Loaded 89147 variants
Loaded 2504 individuals
HDF5 loaded from ./Data/1000Genomes/HDF5/1240kHDF5/all1240/chr1.hdf5
3 Eigenstrat Files with 5081 Individuals and 1233013 SNPs

Intersection on Positions: 89147
Nr of Matching Refs: 89147 / 89147
Full Intersection Ref/Alt Identical: 89082 / 89147
2504 / 2504 Individuals included in Reference
Extraction of 5008 Haplotypes complete
Reduced to markers called 61693 / 89082
(Fraction SNP: 0.6925417031499068)
Successfully saved to: ./Empirical/Eigenstrat/Reichall/I7578/chr1/
Successfully loaded Data from: ./Empirical/Eigenstrat/Reichall/I7578/chr1/
Loaded Emission Model: haploid
Loaded Transition Model: model
Loaded Post Processing Model: Standard
Minimum Genetic Map: 0.0201
Maximum Genetic Map: 2.8627
Gaps bigger than 0.1 cM: 332
Maximum Gap: 2.9229 cM
Loaded Transition and Emission Matrix:
(3, 3)
(5009, 61693)
Loaded Observations:
(2, 61693)
Memory Usage: 2976.366592 mB
Reference Number: 5008
Total Log likelihood: -22139.621
Memory Usage: 2976.82944 mB
Finished Calculation State Posteriors
Saved Zero State Posterior to ./Empirical/Eigenstrat/Reichall/I7578/chr1/.
Successfully loaded for PP. from ./Empirical/Eigenstrat/Reichall/I7578/chr1/
Fraction Markers in ROH: 0.3817
Merged n=0 gaps < 0.0 M
Called n=5 ROH Blocks > 1.0 cM
Longest Block: 2.108
Successfully saved to ./Empirical/Eigenstrat/Reichall/I7578/chr1/roh.csv
Using Low-Mem Cython Linear Speed Up.
Loaded Pre Processing Model: Eigenstrat
Loading Individual: I7578

Loaded 94239 variants
Loaded 2504 individuals
HDF5 loaded from ./Data/1000Genomes/HDF5/1240kHDF5/all1240/chr2.hdf5
3 Eigenstrat Files with 5081 Individuals and 1233013 SNPs

Intersection on Positions: 94239
Nr of Matching Refs: 94239 / 94239
Full Intersection Ref/Alt Identical: 94173 / 94239
2504 / 2504 Individuals included in Reference
Extraction of 5008 Haplotypes complete
Reduced to markers called 62188 / 94173
(Fraction SNP: 0.6603591262888514)
Successfully saved to: ./Empirical/Eigenstrat/Reichall/I7578/chr2/
Successfully loaded Data from: ./Empirical/Eigenstrat/Reichall/I7578/chr2/
Loaded Emission Model: haploid
Loaded Transition Model: model
Loaded Post Processing Model: Standard
Minimum Genetic Map: 0.0001
Maximum Genetic Map: 2.6883
Gaps bigger than 0.1 cM: 316
Maximum Gap: 1.8354 cM
Loaded Transition and Emission Matrix:
(3, 3)
(5009, 62188)
Loaded Observations:
(2, 62188)
Memory Usage: 3038.326784 mB
Reference Number: 5008
Total Log likelihood: -21789.409
Memory Usage: 3038.326784 mB
Finished Calculation State Posteriors
Saved Zero State Posterior to ./Empirical/Eigenstrat/Reichall/I7578/chr2/.
Successfully loaded for PP. from ./Empirical/Eigenstrat/Reichall/I7578/chr2/
Fraction Markers in ROH: 0.4454
Merged n=0 gaps < 0.0 M
Called n=5 ROH Blocks > 1.0 cM
Longest Block: 1.761
Successfully saved to ./Empirical/Eigenstrat/Reichall/I7578/chr2/roh.csv
Using Low-Mem Cython Linear Speed Up.
Loaded Pre Processing Model: Eigenstrat
Loading Individual: I7578

Loaded 77652 variants
Loaded 2504 individuals
HDF5 loaded from ./Data/1000Genomes/HDF5/1240kHDF5/all1240/chr3.hdf5
3 Eigenstrat Files with 5081 Individuals and 1233013 SNPs

Intersection on Positions: 77652
Nr of Matching Refs: 77652 / 77652
Full Intersection Ref/Alt Identical: 77601 / 77652
2504 / 2504 Individuals included in Reference
Extraction of 5008 Haplotypes complete
Reduced to markers called 50660 / 77601
(Fraction SNP: 0.6528266388319738)
Successfully saved to: ./Empirical/Eigenstrat/Reichall/I7578/chr3/
Successfully loaded Data from: ./Empirical/Eigenstrat/Reichall/I7578/chr3/
Loaded Emission Model: haploid
Loaded Transition Model: model
Loaded Post Processing Model: Standard
Minimum Genetic Map: 0.0000
Maximum Genetic Map: 2.2325
Gaps bigger than 0.1 cM: 279
Maximum Gap: 0.3910 cM
Loaded Transition and Emission Matrix:
(3, 3)
(5009, 50660)
Loaded Observations:
(2, 50660)
Memory Usage: 2519.232512 mB
Reference Number: 5008
Total Log likelihood: -18661.284
Memory Usage: 2519.232512 mB
Finished Calculation State Posteriors
Saved Zero State Posterior to ./Empirical/Eigenstrat/Reichall/I7578/chr3/.
Successfully loaded for PP. from ./Empirical/Eigenstrat/Reichall/I7578/chr3/
Fraction Markers in ROH: 0.3963
Merged n=0 gaps < 0.0 M
Called n=11 ROH Blocks > 1.0 cM
Longest Block: 1.778
Successfully saved to ./Empirical/Eigenstrat/Reichall/I7578/chr3/roh.csv
Using Low-Mem Cython Linear Speed Up.
Loaded Pre Processing Model: Eigenstrat
Loading Individual: I7578

Loaded 68759 variants
Loaded 2504 individuals
HDF5 loaded from ./Data/1000Genomes/HDF5/1240kHDF5/all1240/chr4.hdf5
3 Eigenstrat Files with 5081 Individuals and 1233013 SNPs

Intersection on Positions: 68759
Nr of Matching Refs: 68759 / 68759
Full Intersection Ref/Alt Identical: 68720 / 68759
2504 / 2504 Individuals included in Reference
Extraction of 5008 Haplotypes complete
Reduced to markers called 41488 / 68720
(Fraction SNP: 0.6037252619324797)
Successfully saved to: ./Empirical/Eigenstrat/Reichall/I7578/chr4/
Successfully loaded Data from: ./Empirical/Eigenstrat/Reichall/I7578/chr4/
Loaded Emission Model: haploid
Loaded Transition Model: model
Loaded Post Processing Model: Standard
Minimum Genetic Map: 0.0034
Maximum Genetic Map: 2.1454
Gaps bigger than 0.1 cM: 300
Maximum Gap: 2.0831 cM
Loaded Transition and Emission Matrix:
(3, 3)
(5009, 41488)
Loaded Observations:
(2, 41488)
Memory Usage: 2105.667584 mB
Reference Number: 5008
Total Log likelihood: -15080.497
Memory Usage: 2105.667584 mB
Finished Calculation State Posteriors
Saved Zero State Posterior to ./Empirical/Eigenstrat/Reichall/I7578/chr4/.
Successfully loaded for PP. from ./Empirical/Eigenstrat/Reichall/I7578/chr4/
Fraction Markers in ROH: 0.3967
Merged n=0 gaps < 0.0 M
Called n=4 ROH Blocks > 1.0 cM
Longest Block: 4.449
Successfully saved to ./Empirical/Eigenstrat/Reichall/I7578/chr4/roh.csv
Using Low-Mem Cython Linear Speed Up.
Loaded Pre Processing Model: Eigenstrat
Loading Individual: I7578

Loaded 69399 variants
Loaded 2504 individuals
HDF5 loaded from ./Data/1000Genomes/HDF5/1240kHDF5/all1240/chr5.hdf5
3 Eigenstrat Files with 5081 Individuals and 1233013 SNPs

Intersection on Positions: 69399
Nr of Matching Refs: 69399 / 69399
Full Intersection Ref/Alt Identical: 69354 / 69399
2504 / 2504 Individuals included in Reference
Extraction of 5008 Haplotypes complete
Reduced to markers called 45235 / 69354
(Fraction SNP: 0.6522334688698561)
Successfully saved to: ./Empirical/Eigenstrat/Reichall/I7578/chr5/
Successfully loaded Data from: ./Empirical/Eigenstrat/Reichall/I7578/chr5/
Loaded Emission Model: haploid
Loaded Transition Model: model
Loaded Post Processing Model: Standard
Minimum Genetic Map: 0.0004
Maximum Genetic Map: 2.0409
Gaps bigger than 0.1 cM: 277
Maximum Gap: 1.1070 cM
Loaded Transition and Emission Matrix:
(3, 3)
(5009, 45235)
Loaded Observations:
(2, 45235)
Memory Usage: 2274.750464 mB
Reference Number: 5008
Total Log likelihood: -16214.857
Memory Usage: 2274.750464 mB
Finished Calculation State Posteriors
Saved Zero State Posterior to ./Empirical/Eigenstrat/Reichall/I7578/chr5/.
Successfully loaded for PP. from ./Empirical/Eigenstrat/Reichall/I7578/chr5/
Fraction Markers in ROH: 0.4286
Merged n=0 gaps < 0.0 M
Called n=14 ROH Blocks > 1.0 cM
Longest Block: 1.894
Successfully saved to ./Empirical/Eigenstrat/Reichall/I7578/chr5/roh.csv
Using Low-Mem Cython Linear Speed Up.
Loaded Pre Processing Model: Eigenstrat
Loading Individual: I7578

Loaded 75870 variants
Loaded 2504 individuals
HDF5 loaded from ./Data/1000Genomes/HDF5/1240kHDF5/all1240/chr6.hdf5
3 Eigenstrat Files with 5081 Individuals and 1233013 SNPs

Intersection on Positions: 75870
Nr of Matching Refs: 75870 / 75870
Full Intersection Ref/Alt Identical: 75816 / 75870
2504 / 2504 Individuals included in Reference
Extraction of 5008 Haplotypes complete
Reduced to markers called 49623 / 75816
(Fraction SNP: 0.6545188350743907)
Successfully saved to: ./Empirical/Eigenstrat/Reichall/I7578/chr6/
Successfully loaded Data from: ./Empirical/Eigenstrat/Reichall/I7578/chr6/
Loaded Emission Model: haploid
Loaded Transition Model: model
Loaded Post Processing Model: Standard
Minimum Genetic Map: 0.0035
Maximum Genetic Map: 1.9203
Gaps bigger than 0.1 cM: 215
Maximum Gap: 0.5090 cM
Loaded Transition and Emission Matrix:
(3, 3)
(5009, 49623)
Loaded Observations:
(2, 49623)
Memory Usage: 2472.460288 mB
Reference Number: 5008
Total Log likelihood: -17720.761
Memory Usage: 2470.85056 mB
Finished Calculation State Posteriors
Saved Zero State Posterior to ./Empirical/Eigenstrat/Reichall/I7578/chr6/.
Successfully loaded for PP. from ./Empirical/Eigenstrat/Reichall/I7578/chr6/
Fraction Markers in ROH: 0.4083
Merged n=0 gaps < 0.0 M
Called n=8 ROH Blocks > 1.0 cM
Longest Block: 1.346
Successfully saved to ./Empirical/Eigenstrat/Reichall/I7578/chr6/roh.csv
Using Low-Mem Cython Linear Speed Up.
Loaded Pre Processing Model: Eigenstrat
Loading Individual: I7578

Loaded 59890 variants
Loaded 2504 individuals
HDF5 loaded from ./Data/1000Genomes/HDF5/1240kHDF5/all1240/chr7.hdf5
3 Eigenstrat Files with 5081 Individuals and 1233013 SNPs

Intersection on Positions: 59890
Nr of Matching Refs: 59890 / 59890
Full Intersection Ref/Alt Identical: 59836 / 59890
2504 / 2504 Individuals included in Reference
Extraction of 5008 Haplotypes complete
Reduced to markers called 38976 / 59836
(Fraction SNP: 0.6513804398689752)
Successfully saved to: ./Empirical/Eigenstrat/Reichall/I7578/chr7/
Successfully loaded Data from: ./Empirical/Eigenstrat/Reichall/I7578/chr7/
Loaded Emission Model: haploid
Loaded Transition Model: model
Loaded Post Processing Model: Standard
Minimum Genetic Map: 0.0001
Maximum Genetic Map: 1.8715
Gaps bigger than 0.1 cM: 247
Maximum Gap: 0.8416 cM
Loaded Transition and Emission Matrix:
(3, 3)
(5009, 38976)
Loaded Observations:
(2, 38976)
Memory Usage: 1991.974912 mB
Reference Number: 5008
Total Log likelihood: -14500.476
Memory Usage: 1991.991296 mB
Finished Calculation State Posteriors
Saved Zero State Posterior to ./Empirical/Eigenstrat/Reichall/I7578/chr7/.
Successfully loaded for PP. from ./Empirical/Eigenstrat/Reichall/I7578/chr7/
Fraction Markers in ROH: 0.3883
Merged n=0 gaps < 0.0 M
Called n=4 ROH Blocks > 1.0 cM
Longest Block: 2.690
Successfully saved to ./Empirical/Eigenstrat/Reichall/I7578/chr7/roh.csv
Using Low-Mem Cython Linear Speed Up.
Loaded Pre Processing Model: Eigenstrat
Loading Individual: I7578

Loaded 61133 variants
Loaded 2504 individuals
HDF5 loaded from ./Data/1000Genomes/HDF5/1240kHDF5/all1240/chr8.hdf5
3 Eigenstrat Files with 5081 Individuals and 1233013 SNPs

Intersection on Positions: 61133
Nr of Matching Refs: 61133 / 61133
Full Intersection Ref/Alt Identical: 61091 / 61133
2504 / 2504 Individuals included in Reference
Extraction of 5008 Haplotypes complete
Reduced to markers called 40471 / 61091
(Fraction SNP: 0.662470740370922)
Successfully saved to: ./Empirical/Eigenstrat/Reichall/I7578/chr8/
Successfully loaded Data from: ./Empirical/Eigenstrat/Reichall/I7578/chr8/
Loaded Emission Model: haploid
Loaded Transition Model: model
Loaded Post Processing Model: Standard
Minimum Genetic Map: 0.0000
Maximum Genetic Map: 1.6800
Gaps bigger than 0.1 cM: 180
Maximum Gap: 3.3333 cM
Loaded Transition and Emission Matrix:
(3, 3)
(5009, 40471)
Loaded Observations:
(2, 40471)
Memory Usage: 2059.657216 mB
Reference Number: 5008
Total Log likelihood: -14520.155
Memory Usage: 2059.657216 mB
Finished Calculation State Posteriors
Saved Zero State Posterior to ./Empirical/Eigenstrat/Reichall/I7578/chr8/.
Successfully loaded for PP. from ./Empirical/Eigenstrat/Reichall/I7578/chr8/
Fraction Markers in ROH: 0.4307
Merged n=0 gaps < 0.0 M
Called n=7 ROH Blocks > 1.0 cM
Longest Block: 1.739
Successfully saved to ./Empirical/Eigenstrat/Reichall/I7578/chr8/roh.csv
Using Low-Mem Cython Linear Speed Up.
Loaded Pre Processing Model: Eigenstrat
Loading Individual: I7578

Loaded 50668 variants
Loaded 2504 individuals
HDF5 loaded from ./Data/1000Genomes/HDF5/1240kHDF5/all1240/chr9.hdf5
3 Eigenstrat Files with 5081 Individuals and 1233013 SNPs

Intersection on Positions: 50668
Nr of Matching Refs: 50668 / 50668
Full Intersection Ref/Alt Identical: 50629 / 50668
2504 / 2504 Individuals included in Reference
Extraction of 5008 Haplotypes complete
Reduced to markers called 34238 / 50629
(Fraction SNP: 0.6762527405242055)
Successfully saved to: ./Empirical/Eigenstrat/Reichall/I7578/chr9/
Successfully loaded Data from: ./Empirical/Eigenstrat/Reichall/I7578/chr9/
Loaded Emission Model: haploid
Loaded Transition Model: model
Loaded Post Processing Model: Standard
Minimum Genetic Map: 0.0016
Maximum Genetic Map: 1.6630
Gaps bigger than 0.1 cM: 229
Maximum Gap: 2.3102 cM
Loaded Transition and Emission Matrix:
(3, 3)
(5009, 34238)
Loaded Observations:
(2, 34238)
Memory Usage: 1779.032064 mB
Reference Number: 5008
Total Log likelihood: -12501.172
Memory Usage: 1779.032064 mB
Finished Calculation State Posteriors
Saved Zero State Posterior to ./Empirical/Eigenstrat/Reichall/I7578/chr9/.
Successfully loaded for PP. from ./Empirical/Eigenstrat/Reichall/I7578/chr9/
Fraction Markers in ROH: 0.3984
Merged n=0 gaps < 0.0 M
Called n=8 ROH Blocks > 1.0 cM
Longest Block: 2.672
Successfully saved to ./Empirical/Eigenstrat/Reichall/I7578/chr9/roh.csv
Using Low-Mem Cython Linear Speed Up.
Loaded Pre Processing Model: Eigenstrat
Loading Individual: I7578

Loaded 58804 variants
Loaded 2504 individuals
HDF5 loaded from ./Data/1000Genomes/HDF5/1240kHDF5/all1240/chr10.hdf5
3 Eigenstrat Files with 5081 Individuals and 1233013 SNPs

Intersection on Positions: 58804
Nr of Matching Refs: 58804 / 58804
Full Intersection Ref/Alt Identical: 58763 / 58804
2504 / 2504 Individuals included in Reference
Extraction of 5008 Haplotypes complete
Reduced to markers called 40828 / 58763
(Fraction SNP: 0.6947909398771336)
Successfully saved to: ./Empirical/Eigenstrat/Reichall/I7578/chr10/
Successfully loaded Data from: ./Empirical/Eigenstrat/Reichall/I7578/chr10/
Loaded Emission Model: haploid
Loaded Transition Model: model
Loaded Post Processing Model: Standard
Minimum Genetic Map: 0.0001
Maximum Genetic Map: 1.8092
Gaps bigger than 0.1 cM: 219
Maximum Gap: 2.0338 cM
Loaded Transition and Emission Matrix:
(3, 3)
(5009, 40828)
Loaded Observations:
(2, 40828)
Memory Usage: 2076.377088 mB
Reference Number: 5008
Total Log likelihood: -14858.023
Memory Usage: 2076.377088 mB
Finished Calculation State Posteriors
Saved Zero State Posterior to ./Empirical/Eigenstrat/Reichall/I7578/chr10/.
Successfully loaded for PP. from ./Empirical/Eigenstrat/Reichall/I7578/chr10/
Fraction Markers in ROH: 0.3921
Merged n=0 gaps < 0.0 M
Called n=4 ROH Blocks > 1.0 cM
Longest Block: 1.470
Successfully saved to ./Empirical/Eigenstrat/Reichall/I7578/chr10/roh.csv
Using Low-Mem Cython Linear Speed Up.
Loaded Pre Processing Model: Eigenstrat
Loading Individual: I7578

Loaded 54833 variants
Loaded 2504 individuals
HDF5 loaded from ./Data/1000Genomes/HDF5/1240kHDF5/all1240/chr11.hdf5
3 Eigenstrat Files with 5081 Individuals and 1233013 SNPs

Intersection on Positions: 54833
Nr of Matching Refs: 54833 / 54833
Full Intersection Ref/Alt Identical: 54796 / 54833
2504 / 2504 Individuals included in Reference
Extraction of 5008 Haplotypes complete
Reduced to markers called 37549 / 54796
(Fraction SNP: 0.6852507482297978)
Successfully saved to: ./Empirical/Eigenstrat/Reichall/I7578/chr11/
Successfully loaded Data from: ./Empirical/Eigenstrat/Reichall/I7578/chr11/
Loaded Emission Model: haploid
Loaded Transition Model: model
Loaded Post Processing Model: Standard
Minimum Genetic Map: 0.0000
Maximum Genetic Map: 1.5822
Gaps bigger than 0.1 cM: 198
Maximum Gap: 0.5279 cM
Loaded Transition and Emission Matrix:
(3, 3)
(5009, 37549)
Loaded Observations:
(2, 37549)
Memory Usage: 1928.62208 mB
Reference Number: 5008
Total Log likelihood: -13656.567
Memory Usage: 1928.62208 mB
Finished Calculation State Posteriors
Saved Zero State Posterior to ./Empirical/Eigenstrat/Reichall/I7578/chr11/.
Successfully loaded for PP. from ./Empirical/Eigenstrat/Reichall/I7578/chr11/
Fraction Markers in ROH: 0.3921
Merged n=0 gaps < 0.0 M
Called n=7 ROH Blocks > 1.0 cM
Longest Block: 1.518
Successfully saved to ./Empirical/Eigenstrat/Reichall/I7578/chr11/roh.csv
Using Low-Mem Cython Linear Speed Up.
Loaded Pre Processing Model: Eigenstrat
Loading Individual: I7578

Loaded 53911 variants
Loaded 2504 individuals
HDF5 loaded from ./Data/1000Genomes/HDF5/1240kHDF5/all1240/chr12.hdf5
3 Eigenstrat Files with 5081 Individuals and 1233013 SNPs

Intersection on Positions: 53911
Nr of Matching Refs: 53911 / 53911
Full Intersection Ref/Alt Identical: 53884 / 53911
2504 / 2504 Individuals included in Reference
Extraction of 5008 Haplotypes complete
Reduced to markers called 35826 / 53884
(Fraction SNP: 0.6648726894811076)
Successfully saved to: ./Empirical/Eigenstrat/Reichall/I7578/chr12/
Successfully loaded Data from: ./Empirical/Eigenstrat/Reichall/I7578/chr12/
Loaded Emission Model: haploid
Loaded Transition Model: model
Loaded Post Processing Model: Standard
Minimum Genetic Map: 0.0017
Maximum Genetic Map: 1.7468
Gaps bigger than 0.1 cM: 231
Maximum Gap: 1.1095 cM
Loaded Transition and Emission Matrix:
(3, 3)
(5009, 35826)
Loaded Observations:
(2, 35826)
Memory Usage: 1849.974784 mB
Reference Number: 5008
Total Log likelihood: -13124.984
Memory Usage: 1849.974784 mB
Finished Calculation State Posteriors
Saved Zero State Posterior to ./Empirical/Eigenstrat/Reichall/I7578/chr12/.
Successfully loaded for PP. from ./Empirical/Eigenstrat/Reichall/I7578/chr12/
Fraction Markers in ROH: 0.3969
Merged n=0 gaps < 0.0 M
Called n=6 ROH Blocks > 1.0 cM
Longest Block: 1.443
Successfully saved to ./Empirical/Eigenstrat/Reichall/I7578/chr12/roh.csv
Using Low-Mem Cython Linear Speed Up.
Loaded Pre Processing Model: Eigenstrat
Loading Individual: I7578

Loaded 39018 variants
Loaded 2504 individuals
HDF5 loaded from ./Data/1000Genomes/HDF5/1240kHDF5/all1240/chr13.hdf5
3 Eigenstrat Files with 5081 Individuals and 1233013 SNPs

Intersection on Positions: 39018
Nr of Matching Refs: 39018 / 39018
Full Intersection Ref/Alt Identical: 38994 / 39018
2504 / 2504 Individuals included in Reference
Extraction of 5008 Haplotypes complete
Reduced to markers called 24263 / 38994
(Fraction SNP: 0.622223931886957)
Successfully saved to: ./Empirical/Eigenstrat/Reichall/I7578/chr13/
Successfully loaded Data from: ./Empirical/Eigenstrat/Reichall/I7578/chr13/
Loaded Emission Model: haploid
Loaded Transition Model: model
Loaded Post Processing Model: Standard
Minimum Genetic Map: 0.0019
Maximum Genetic Map: 1.2570
Gaps bigger than 0.1 cM: 184
Maximum Gap: 1.2216 cM
Loaded Transition and Emission Matrix:
(3, 3)
(5009, 24263)
Loaded Observations:
(2, 24263)
Memory Usage: 1329.115136 mB
Reference Number: 5008
Total Log likelihood: -8964.107
Memory Usage: 1329.115136 mB
Finished Calculation State Posteriors
Saved Zero State Posterior to ./Empirical/Eigenstrat/Reichall/I7578/chr13/.
Successfully loaded for PP. from ./Empirical/Eigenstrat/Reichall/I7578/chr13/
Fraction Markers in ROH: 0.3464
Merged n=0 gaps < 0.0 M
Called n=4 ROH Blocks > 1.0 cM
Longest Block: 1.593
Successfully saved to ./Empirical/Eigenstrat/Reichall/I7578/chr13/roh.csv
Using Low-Mem Cython Linear Speed Up.
Loaded Pre Processing Model: Eigenstrat
Loading Individual: I7578

Loaded 36301 variants
Loaded 2504 individuals
HDF5 loaded from ./Data/1000Genomes/HDF5/1240kHDF5/all1240/chr14.hdf5
3 Eigenstrat Files with 5081 Individuals and 1233013 SNPs

Intersection on Positions: 36301
Nr of Matching Refs: 36301 / 36301
Full Intersection Ref/Alt Identical: 36280 / 36301
2504 / 2504 Individuals included in Reference
Extraction of 5008 Haplotypes complete
Reduced to markers called 24109 / 36280
(Fraction SNP: 0.6645259095920617)
Successfully saved to: ./Empirical/Eigenstrat/Reichall/I7578/chr14/
Successfully loaded Data from: ./Empirical/Eigenstrat/Reichall/I7578/chr14/
Loaded Emission Model: haploid
Loaded Transition Model: model
Loaded Post Processing Model: Standard
Minimum Genetic Map: 0.0184
Maximum Genetic Map: 1.2020
Gaps bigger than 0.1 cM: 154
Maximum Gap: 3.0774 cM
Loaded Transition and Emission Matrix:
(3, 3)
(5009, 24109)
Loaded Observations:
(2, 24109)
Memory Usage: 1322.8032 mB
Reference Number: 5008
Total Log likelihood: -8807.462
Memory Usage: 1322.8032 mB
Finished Calculation State Posteriors
Saved Zero State Posterior to ./Empirical/Eigenstrat/Reichall/I7578/chr14/.
Successfully loaded for PP. from ./Empirical/Eigenstrat/Reichall/I7578/chr14/
Fraction Markers in ROH: 0.3949
Merged n=0 gaps < 0.0 M
Called n=4 ROH Blocks > 1.0 cM
Longest Block: 2.307
Successfully saved to ./Empirical/Eigenstrat/Reichall/I7578/chr14/roh.csv
Using Low-Mem Cython Linear Speed Up.
Loaded Pre Processing Model: Eigenstrat
Loading Individual: I7578

Loaded 34429 variants
Loaded 2504 individuals
HDF5 loaded from ./Data/1000Genomes/HDF5/1240kHDF5/all1240/chr15.hdf5
3 Eigenstrat Files with 5081 Individuals and 1233013 SNPs

Intersection on Positions: 34429
Nr of Matching Refs: 34429 / 34429
Full Intersection Ref/Alt Identical: 34407 / 34429
2504 / 2504 Individuals included in Reference
Extraction of 5008 Haplotypes complete
Reduced to markers called 24004 / 34407
(Fraction SNP: 0.6976487342691894)
Successfully saved to: ./Empirical/Eigenstrat/Reichall/I7578/chr15/
Successfully loaded Data from: ./Empirical/Eigenstrat/Reichall/I7578/chr15/
Loaded Emission Model: haploid
Loaded Transition Model: model
Loaded Post Processing Model: Standard
Minimum Genetic Map: 0.0000
Maximum Genetic Map: 1.4135
Gaps bigger than 0.1 cM: 159
Maximum Gap: 11.6560 cM
Loaded Transition and Emission Matrix:
(3, 3)
(5009, 24004)
Loaded Observations:
(2, 24004)
Memory Usage: 1318.129664 mB
Reference Number: 5008
Total Log likelihood: -8601.209
Memory Usage: 1318.129664 mB
Finished Calculation State Posteriors
Saved Zero State Posterior to ./Empirical/Eigenstrat/Reichall/I7578/chr15/.
Successfully loaded for PP. from ./Empirical/Eigenstrat/Reichall/I7578/chr15/
Fraction Markers in ROH: 0.4279
Merged n=0 gaps < 0.0 M
Called n=6 ROH Blocks > 1.0 cM
Longest Block: 1.581
Successfully saved to ./Empirical/Eigenstrat/Reichall/I7578/chr15/roh.csv
Using Low-Mem Cython Linear Speed Up.
Loaded Pre Processing Model: Eigenstrat
Loading Individual: I7578

Loaded 34402 variants
Loaded 2504 individuals
HDF5 loaded from ./Data/1000Genomes/HDF5/1240kHDF5/all1240/chr16.hdf5
3 Eigenstrat Files with 5081 Individuals and 1233013 SNPs

Intersection on Positions: 34402
Nr of Matching Refs: 34402 / 34402
Full Intersection Ref/Alt Identical: 34375 / 34402
2504 / 2504 Individuals included in Reference
Extraction of 5008 Haplotypes complete
Reduced to markers called 25447 / 34375
(Fraction SNP: 0.7402763636363636)
Successfully saved to: ./Empirical/Eigenstrat/Reichall/I7578/chr16/
Successfully loaded Data from: ./Empirical/Eigenstrat/Reichall/I7578/chr16/
Loaded Emission Model: haploid
Loaded Transition Model: model
Loaded Post Processing Model: Standard
Minimum Genetic Map: -0.0000
Maximum Genetic Map: 1.3403
Gaps bigger than 0.1 cM: 180
Maximum Gap: 0.8458 cM
Loaded Transition and Emission Matrix:
(3, 3)
(5009, 25447)
Loaded Observations:
(2, 25447)
Memory Usage: 1383.501824 mB
Reference Number: 5008
Total Log likelihood: -9355.837
Memory Usage: 1383.501824 mB
Finished Calculation State Posteriors
Saved Zero State Posterior to ./Empirical/Eigenstrat/Reichall/I7578/chr16/.
Successfully loaded for PP. from ./Empirical/Eigenstrat/Reichall/I7578/chr16/
Fraction Markers in ROH: 0.4065
Merged n=0 gaps < 0.0 M
Called n=6 ROH Blocks > 1.0 cM
Longest Block: 1.294
Successfully saved to ./Empirical/Eigenstrat/Reichall/I7578/chr16/roh.csv
Using Low-Mem Cython Linear Speed Up.
Loaded Pre Processing Model: Eigenstrat
Loading Individual: I7578

Loaded 29314 variants
Loaded 2504 individuals
HDF5 loaded from ./Data/1000Genomes/HDF5/1240kHDF5/all1240/chr17.hdf5
3 Eigenstrat Files with 5081 Individuals and 1233013 SNPs

Intersection on Positions: 29314
Nr of Matching Refs: 29314 / 29314
Full Intersection Ref/Alt Identical: 29292 / 29314
2504 / 2504 Individuals included in Reference
Extraction of 5008 Haplotypes complete
Reduced to markers called 22057 / 29292
(Fraction SNP: 0.7530042332377441)
Successfully saved to: ./Empirical/Eigenstrat/Reichall/I7578/chr17/
Successfully loaded Data from: ./Empirical/Eigenstrat/Reichall/I7578/chr17/
Loaded Emission Model: haploid
Loaded Transition Model: model
Loaded Post Processing Model: Standard
Minimum Genetic Map: -0.0003
Maximum Genetic Map: 1.2847
Gaps bigger than 0.1 cM: 157
Maximum Gap: 1.2341 cM
Loaded Transition and Emission Matrix:
(3, 3)
(5009, 22057)
Loaded Observations:
(2, 22057)
Memory Usage: 1230.303232 mB
Reference Number: 5008
Total Log likelihood: -8366.139
Memory Usage: 1230.303232 mB
Finished Calculation State Posteriors
Saved Zero State Posterior to ./Empirical/Eigenstrat/Reichall/I7578/chr17/.
Successfully loaded for PP. from ./Empirical/Eigenstrat/Reichall/I7578/chr17/
Fraction Markers in ROH: 0.3824
Merged n=0 gaps < 0.0 M
Called n=6 ROH Blocks > 1.0 cM
Longest Block: 1.732
Successfully saved to ./Empirical/Eigenstrat/Reichall/I7578/chr17/roh.csv
Using Low-Mem Cython Linear Speed Up.
Loaded Pre Processing Model: Eigenstrat
Loading Individual: I7578

Loaded 33917 variants
Loaded 2504 individuals
HDF5 loaded from ./Data/1000Genomes/HDF5/1240kHDF5/all1240/chr18.hdf5
3 Eigenstrat Files with 5081 Individuals and 1233013 SNPs

Intersection on Positions: 33917
Nr of Matching Refs: 33917 / 33917
Full Intersection Ref/Alt Identical: 33902 / 33917
2504 / 2504 Individuals included in Reference
Extraction of 5008 Haplotypes complete
Reduced to markers called 22179 / 33902
(Fraction SNP: 0.6542091911981593)
Successfully saved to: ./Empirical/Eigenstrat/Reichall/I7578/chr18/
Successfully loaded Data from: ./Empirical/Eigenstrat/Reichall/I7578/chr18/
Loaded Emission Model: haploid
Loaded Transition Model: model
Loaded Post Processing Model: Standard
Minimum Genetic Map: 0.0025
Maximum Genetic Map: 1.1771
Gaps bigger than 0.1 cM: 174
Maximum Gap: 0.4764 cM
Loaded Transition and Emission Matrix:
(3, 3)
(5009, 22179)
Loaded Observations:
(2, 22179)
Memory Usage: 1235.582976 mB
Reference Number: 5008
Total Log likelihood: -8075.200
Memory Usage: 1235.582976 mB
Finished Calculation State Posteriors
Saved Zero State Posterior to ./Empirical/Eigenstrat/Reichall/I7578/chr18/.
Successfully loaded for PP. from ./Empirical/Eigenstrat/Reichall/I7578/chr18/
Fraction Markers in ROH: 0.3843
Merged n=0 gaps < 0.0 M
Called n=9 ROH Blocks > 1.0 cM
Longest Block: 2.100
Successfully saved to ./Empirical/Eigenstrat/Reichall/I7578/chr18/roh.csv
Using Low-Mem Cython Linear Speed Up.
Loaded Pre Processing Model: Eigenstrat
Loading Individual: I7578

Loaded 18460 variants
Loaded 2504 individuals
HDF5 loaded from ./Data/1000Genomes/HDF5/1240kHDF5/all1240/chr19.hdf5
3 Eigenstrat Files with 5081 Individuals and 1233013 SNPs

Intersection on Positions: 18460
Nr of Matching Refs: 18460 / 18460
Full Intersection Ref/Alt Identical: 18441 / 18460
2504 / 2504 Individuals included in Reference
Extraction of 5008 Haplotypes complete
Reduced to markers called 14584 / 18441
(Fraction SNP: 0.7908464833794263)
Successfully saved to: ./Empirical/Eigenstrat/Reichall/I7578/chr19/
Successfully loaded Data from: ./Empirical/Eigenstrat/Reichall/I7578/chr19/
Loaded Emission Model: haploid
Loaded Transition Model: model
Loaded Post Processing Model: Standard
Minimum Genetic Map: 0.0000
Maximum Genetic Map: 1.0773
Gaps bigger than 0.1 cM: 165
Maximum Gap: 0.6114 cM
Loaded Transition and Emission Matrix:
(3, 3)
(5009, 14584)
Loaded Observations:
(2, 14584)
Memory Usage: 893.059072 mB
Reference Number: 5008
Total Log likelihood: -5751.277
Memory Usage: 893.059072 mB
Finished Calculation State Posteriors
Saved Zero State Posterior to ./Empirical/Eigenstrat/Reichall/I7578/chr19/.
Successfully loaded for PP. from ./Empirical/Eigenstrat/Reichall/I7578/chr19/
Fraction Markers in ROH: 0.3561
Merged n=0 gaps < 0.0 M
Called n=2 ROH Blocks > 1.0 cM
Longest Block: 1.073
Successfully saved to ./Empirical/Eigenstrat/Reichall/I7578/chr19/roh.csv
Using Low-Mem Cython Linear Speed Up.
Loaded Pre Processing Model: Eigenstrat
Loading Individual: I7578

Loaded 29078 variants
Loaded 2504 individuals
HDF5 loaded from ./Data/1000Genomes/HDF5/1240kHDF5/all1240/chr20.hdf5
3 Eigenstrat Files with 5081 Individuals and 1233013 SNPs

Intersection on Positions: 29078
Nr of Matching Refs: 29078 / 29078
Full Intersection Ref/Alt Identical: 29053 / 29078
2504 / 2504 Individuals included in Reference
Extraction of 5008 Haplotypes complete
Reduced to markers called 21491 / 29053
(Fraction SNP: 0.7397170688052869)
Successfully saved to: ./Empirical/Eigenstrat/Reichall/I7578/chr20/
Successfully loaded Data from: ./Empirical/Eigenstrat/Reichall/I7578/chr20/
Loaded Emission Model: haploid
Loaded Transition Model: model
Loaded Post Processing Model: Standard
Minimum Genetic Map: 0.0000
Maximum Genetic Map: 1.0821
Gaps bigger than 0.1 cM: 153
Maximum Gap: 0.5887 cM
Loaded Transition and Emission Matrix:
(3, 3)
(5009, 21491)
Loaded Observations:
(2, 21491)
Memory Usage: 1204.649984 mB
Reference Number: 5008
Total Log likelihood: -7902.331
Memory Usage: 1204.649984 mB
Finished Calculation State Posteriors
Saved Zero State Posterior to ./Empirical/Eigenstrat/Reichall/I7578/chr20/.
Successfully loaded for PP. from ./Empirical/Eigenstrat/Reichall/I7578/chr20/
Fraction Markers in ROH: 0.3824
Merged n=0 gaps < 0.0 M
Called n=3 ROH Blocks > 1.0 cM
Longest Block: 2.103
Successfully saved to ./Empirical/Eigenstrat/Reichall/I7578/chr20/roh.csv
Using Low-Mem Cython Linear Speed Up.
Loaded Pre Processing Model: Eigenstrat
Loading Individual: I7578

Loaded 16038 variants
Loaded 2504 individuals
HDF5 loaded from ./Data/1000Genomes/HDF5/1240kHDF5/all1240/chr21.hdf5
3 Eigenstrat Files with 5081 Individuals and 1233013 SNPs

Intersection on Positions: 16038
Nr of Matching Refs: 16038 / 16038
Full Intersection Ref/Alt Identical: 16031 / 16038
2504 / 2504 Individuals included in Reference
Extraction of 5008 Haplotypes complete
Reduced to markers called 10610 / 16031
(Fraction SNP: 0.6618426798078723)
Successfully saved to: ./Empirical/Eigenstrat/Reichall/I7578/chr21/
Successfully loaded Data from: ./Empirical/Eigenstrat/Reichall/I7578/chr21/
Loaded Emission Model: haploid
Loaded Transition Model: model
Loaded Post Processing Model: Standard
Minimum Genetic Map: -0.0085
Maximum Genetic Map: 0.6279
Gaps bigger than 0.1 cM: 106
Maximum Gap: 1.7201 cM
Loaded Transition and Emission Matrix:
(3, 3)
(5009, 10610)
Loaded Observations:
(2, 10610)
Memory Usage: 719.241216 mB
Reference Number: 5008
Total Log likelihood: -3549.828
Memory Usage: 719.241216 mB
Finished Calculation State Posteriors
Saved Zero State Posterior to ./Empirical/Eigenstrat/Reichall/I7578/chr21/.
Successfully loaded for PP. from ./Empirical/Eigenstrat/Reichall/I7578/chr21/
Fraction Markers in ROH: 0.4766
Merged n=0 gaps < 0.0 M
Called n=3 ROH Blocks > 1.0 cM
Longest Block: 2.798
Successfully saved to ./Empirical/Eigenstrat/Reichall/I7578/chr21/roh.csv
Using Low-Mem Cython Linear Speed Up.
Loaded Pre Processing Model: Eigenstrat
Loading Individual: I7578

Loaded 15802 variants
Loaded 2504 individuals
HDF5 loaded from ./Data/1000Genomes/HDF5/1240kHDF5/all1240/chr22.hdf5
3 Eigenstrat Files with 5081 Individuals and 1233013 SNPs

Intersection on Positions: 15802
Nr of Matching Refs: 15802 / 15802
Full Intersection Ref/Alt Identical: 15793 / 15802
2504 / 2504 Individuals included in Reference
Extraction of 5008 Haplotypes complete
Reduced to markers called 12822 / 15793
(Fraction SNP: 0.8118786804280378)
Successfully saved to: ./Empirical/Eigenstrat/Reichall/I7578/chr22/
Successfully loaded Data from: ./Empirical/Eigenstrat/Reichall/I7578/chr22/
Loaded Emission Model: haploid
Loaded Transition Model: model
Loaded Post Processing Model: Standard
Minimum Genetic Map: 0.0172
Maximum Genetic Map: 0.7408
Gaps bigger than 0.1 cM: 88
Maximum Gap: 1.6949 cM
Loaded Transition and Emission Matrix:
(3, 3)
(5009, 12822)
Loaded Observations:
(2, 12822)
Memory Usage: 819.490816 mB
Reference Number: 5008
Total Log likelihood: -4878.671
Memory Usage: 819.490816 mB
Finished Calculation State Posteriors
Saved Zero State Posterior to ./Empirical/Eigenstrat/Reichall/I7578/chr22/.
Successfully loaded for PP. from ./Empirical/Eigenstrat/Reichall/I7578/chr22/
Fraction Markers in ROH: 0.4328
Merged n=0 gaps < 0.0 M
Called n=4 ROH Blocks > 1.0 cM
Longest Block: 1.392
Successfully saved to ./Empirical/Eigenstrat/Reichall/I7578/chr22/roh.csv
