Loaded 2106 / 5081 ancient Indivdiuals Anno File.
Doing Individual I2636...
Using Low-Mem Cython Linear Speed Up.
Loaded Pre Processing Model: Eigenstrat
Loading Individual: I2636

Loaded 89147 variants
Loaded 2504 individuals
HDF5 loaded from ./Data/1000Genomes/HDF5/1240kHDF5/all1240/chr1.hdf5
3 Eigenstrat Files with 5081 Individuals and 1233013 SNPs

Intersection on Positions: 89147
Nr of Matching Refs: 89147 / 89147
Full Intersection Ref/Alt Identical: 89082 / 89147
2504 / 2504 Individuals included in Reference
Extraction of 5008 Haplotypes complete
Reduced to markers called 67321 / 89082
(Fraction SNP: 0.75571944949597)
Successfully saved to: ./Empirical/Eigenstrat/Reichall/I2636/chr1/
Successfully loaded Data from: ./Empirical/Eigenstrat/Reichall/I2636/chr1/
Loaded Emission Model: haploid
Loaded Transition Model: model
Loaded Post Processing Model: Standard
Minimum Genetic Map: 0.0202
Maximum Genetic Map: 2.8627
Gaps bigger than 0.1 cM: 305
Maximum Gap: 2.9229 cM
Loaded Transition and Emission Matrix:
(3, 3)
(5009, 67321)
Loaded Observations:
(2, 67321)
Memory Usage: 3229.2864 mB
Reference Number: 5008
Total Log likelihood: -22077.930
Memory Usage: 3229.749248 mB
Finished Calculation State Posteriors
Saved Zero State Posterior to ./Empirical/Eigenstrat/Reichall/I2636/chr1/.
Successfully loaded for PP. from ./Empirical/Eigenstrat/Reichall/I2636/chr1/
Fraction Markers in ROH: 0.4713
Merged n=0 gaps < 0.0 M
Called n=11 ROH Blocks > 1.0 cM
Longest Block: 2.768
Successfully saved to ./Empirical/Eigenstrat/Reichall/I2636/chr1/roh.csv
Using Low-Mem Cython Linear Speed Up.
Loaded Pre Processing Model: Eigenstrat
Loading Individual: I2636

Loaded 94239 variants
Loaded 2504 individuals
HDF5 loaded from ./Data/1000Genomes/HDF5/1240kHDF5/all1240/chr2.hdf5
3 Eigenstrat Files with 5081 Individuals and 1233013 SNPs

Intersection on Positions: 94239
Nr of Matching Refs: 94239 / 94239
Full Intersection Ref/Alt Identical: 94173 / 94239
2504 / 2504 Individuals included in Reference
Extraction of 5008 Haplotypes complete
Reduced to markers called 68230 / 94173
(Fraction SNP: 0.7245176430611746)
Successfully saved to: ./Empirical/Eigenstrat/Reichall/I2636/chr2/
Successfully loaded Data from: ./Empirical/Eigenstrat/Reichall/I2636/chr2/
Loaded Emission Model: haploid
Loaded Transition Model: model
Loaded Post Processing Model: Standard
Minimum Genetic Map: 0.0001
Maximum Genetic Map: 2.6883
Gaps bigger than 0.1 cM: 291
Maximum Gap: 2.1079 cM
Loaded Transition and Emission Matrix:
(3, 3)
(5009, 68230)
Loaded Observations:
(2, 68230)
Memory Usage: 3309.654016 mB
Reference Number: 5008
Total Log likelihood: -24322.929
Memory Usage: 3309.654016 mB
Finished Calculation State Posteriors
Saved Zero State Posterior to ./Empirical/Eigenstrat/Reichall/I2636/chr2/.
Successfully loaded for PP. from ./Empirical/Eigenstrat/Reichall/I2636/chr2/
Fraction Markers in ROH: 0.3934
Merged n=0 gaps < 0.0 M
Called n=13 ROH Blocks > 1.0 cM
Longest Block: 1.775
Successfully saved to ./Empirical/Eigenstrat/Reichall/I2636/chr2/roh.csv
Using Low-Mem Cython Linear Speed Up.
Loaded Pre Processing Model: Eigenstrat
Loading Individual: I2636

Loaded 77652 variants
Loaded 2504 individuals
HDF5 loaded from ./Data/1000Genomes/HDF5/1240kHDF5/all1240/chr3.hdf5
3 Eigenstrat Files with 5081 Individuals and 1233013 SNPs

Intersection on Positions: 77652
Nr of Matching Refs: 77652 / 77652
Full Intersection Ref/Alt Identical: 77601 / 77652
2504 / 2504 Individuals included in Reference
Extraction of 5008 Haplotypes complete
Reduced to markers called 55734 / 77601
(Fraction SNP: 0.7182123941701782)
Successfully saved to: ./Empirical/Eigenstrat/Reichall/I2636/chr3/
Successfully loaded Data from: ./Empirical/Eigenstrat/Reichall/I2636/chr3/
Loaded Emission Model: haploid
Loaded Transition Model: model
Loaded Post Processing Model: Standard
Minimum Genetic Map: 0.0000
Maximum Genetic Map: 2.2326
Gaps bigger than 0.1 cM: 268
Maximum Gap: 0.3910 cM
Loaded Transition and Emission Matrix:
(3, 3)
(5009, 55734)
Loaded Observations:
(2, 55734)
Memory Usage: 2746.40896 mB
Reference Number: 5008
Total Log likelihood: -20415.550
Memory Usage: 2746.40896 mB
Finished Calculation State Posteriors
Saved Zero State Posterior to ./Empirical/Eigenstrat/Reichall/I2636/chr3/.
Successfully loaded for PP. from ./Empirical/Eigenstrat/Reichall/I2636/chr3/
Fraction Markers in ROH: 0.4000
Merged n=0 gaps < 0.0 M
Called n=8 ROH Blocks > 1.0 cM
Longest Block: 1.813
Successfully saved to ./Empirical/Eigenstrat/Reichall/I2636/chr3/roh.csv
Using Low-Mem Cython Linear Speed Up.
Loaded Pre Processing Model: Eigenstrat
Loading Individual: I2636

Loaded 68759 variants
Loaded 2504 individuals
HDF5 loaded from ./Data/1000Genomes/HDF5/1240kHDF5/all1240/chr4.hdf5
3 Eigenstrat Files with 5081 Individuals and 1233013 SNPs

Intersection on Positions: 68759
Nr of Matching Refs: 68759 / 68759
Full Intersection Ref/Alt Identical: 68720 / 68759
2504 / 2504 Individuals included in Reference
Extraction of 5008 Haplotypes complete
Reduced to markers called 46196 / 68720
(Fraction SNP: 0.6722351571594878)
Successfully saved to: ./Empirical/Eigenstrat/Reichall/I2636/chr4/
Successfully loaded Data from: ./Empirical/Eigenstrat/Reichall/I2636/chr4/
Loaded Emission Model: haploid
Loaded Transition Model: model
Loaded Post Processing Model: Standard
Minimum Genetic Map: 0.0034
Maximum Genetic Map: 2.1454
Gaps bigger than 0.1 cM: 252
Maximum Gap: 2.0422 cM
Loaded Transition and Emission Matrix:
(3, 3)
(5009, 46196)
Loaded Observations:
(2, 46196)
Memory Usage: 2316.86144 mB
Reference Number: 5008
Total Log likelihood: -16445.233
Memory Usage: 2316.86144 mB
Finished Calculation State Posteriors
Saved Zero State Posterior to ./Empirical/Eigenstrat/Reichall/I2636/chr4/.
Successfully loaded for PP. from ./Empirical/Eigenstrat/Reichall/I2636/chr4/
Fraction Markers in ROH: 0.4107
Merged n=0 gaps < 0.0 M
Called n=12 ROH Blocks > 1.0 cM
Longest Block: 1.962
Successfully saved to ./Empirical/Eigenstrat/Reichall/I2636/chr4/roh.csv
Using Low-Mem Cython Linear Speed Up.
Loaded Pre Processing Model: Eigenstrat
Loading Individual: I2636

Loaded 69399 variants
Loaded 2504 individuals
HDF5 loaded from ./Data/1000Genomes/HDF5/1240kHDF5/all1240/chr5.hdf5
3 Eigenstrat Files with 5081 Individuals and 1233013 SNPs

Intersection on Positions: 69399
Nr of Matching Refs: 69399 / 69399
Full Intersection Ref/Alt Identical: 69354 / 69399
2504 / 2504 Individuals included in Reference
Extraction of 5008 Haplotypes complete
Reduced to markers called 49594 / 69354
(Fraction SNP: 0.7150849266084148)
Successfully saved to: ./Empirical/Eigenstrat/Reichall/I2636/chr5/
Successfully loaded Data from: ./Empirical/Eigenstrat/Reichall/I2636/chr5/
Loaded Emission Model: haploid
Loaded Transition Model: model
Loaded Post Processing Model: Standard
Minimum Genetic Map: 0.0004
Maximum Genetic Map: 2.0409
Gaps bigger than 0.1 cM: 260
Maximum Gap: 1.0498 cM
Loaded Transition and Emission Matrix:
(3, 3)
(5009, 49594)
Loaded Observations:
(2, 49594)
Memory Usage: 2470.207488 mB
Reference Number: 5008
Total Log likelihood: -17170.096
Memory Usage: 2470.207488 mB
Finished Calculation State Posteriors
Saved Zero State Posterior to ./Empirical/Eigenstrat/Reichall/I2636/chr5/.
Successfully loaded for PP. from ./Empirical/Eigenstrat/Reichall/I2636/chr5/
Fraction Markers in ROH: 0.4347
Merged n=0 gaps < 0.0 M
Called n=12 ROH Blocks > 1.0 cM
Longest Block: 6.174
Successfully saved to ./Empirical/Eigenstrat/Reichall/I2636/chr5/roh.csv
Using Low-Mem Cython Linear Speed Up.
Loaded Pre Processing Model: Eigenstrat
Loading Individual: I2636

Loaded 75870 variants
Loaded 2504 individuals
HDF5 loaded from ./Data/1000Genomes/HDF5/1240kHDF5/all1240/chr6.hdf5
3 Eigenstrat Files with 5081 Individuals and 1233013 SNPs

Intersection on Positions: 75870
Nr of Matching Refs: 75870 / 75870
Full Intersection Ref/Alt Identical: 75816 / 75870
2504 / 2504 Individuals included in Reference
Extraction of 5008 Haplotypes complete
Reduced to markers called 54237 / 75816
(Fraction SNP: 0.7153767014878126)
Successfully saved to: ./Empirical/Eigenstrat/Reichall/I2636/chr6/
Successfully loaded Data from: ./Empirical/Eigenstrat/Reichall/I2636/chr6/
Loaded Emission Model: haploid
Loaded Transition Model: model
Loaded Post Processing Model: Standard
Minimum Genetic Map: 0.0032
Maximum Genetic Map: 1.9203
Gaps bigger than 0.1 cM: 206
Maximum Gap: 0.5076 cM
Loaded Transition and Emission Matrix:
(3, 3)
(5009, 54237)
Loaded Observations:
(2, 54237)
Memory Usage: 2678.829056 mB
Reference Number: 5008
Total Log likelihood: -19032.392
Memory Usage: 2678.84544 mB
Finished Calculation State Posteriors
Saved Zero State Posterior to ./Empirical/Eigenstrat/Reichall/I2636/chr6/.
Successfully loaded for PP. from ./Empirical/Eigenstrat/Reichall/I2636/chr6/
Fraction Markers in ROH: 0.4158
Merged n=0 gaps < 0.0 M
Called n=6 ROH Blocks > 1.0 cM
Longest Block: 1.467
Successfully saved to ./Empirical/Eigenstrat/Reichall/I2636/chr6/roh.csv
Using Low-Mem Cython Linear Speed Up.
Loaded Pre Processing Model: Eigenstrat
Loading Individual: I2636

Loaded 59890 variants
Loaded 2504 individuals
HDF5 loaded from ./Data/1000Genomes/HDF5/1240kHDF5/all1240/chr7.hdf5
3 Eigenstrat Files with 5081 Individuals and 1233013 SNPs

Intersection on Positions: 59890
Nr of Matching Refs: 59890 / 59890
Full Intersection Ref/Alt Identical: 59836 / 59890
2504 / 2504 Individuals included in Reference
Extraction of 5008 Haplotypes complete
Reduced to markers called 42589 / 59836
(Fraction SNP: 0.7117621498763287)
Successfully saved to: ./Empirical/Eigenstrat/Reichall/I2636/chr7/
Successfully loaded Data from: ./Empirical/Eigenstrat/Reichall/I2636/chr7/
Loaded Emission Model: haploid
Loaded Transition Model: model
Loaded Post Processing Model: Standard
Minimum Genetic Map: 0.0000
Maximum Genetic Map: 1.8715
Gaps bigger than 0.1 cM: 240
Maximum Gap: 0.8416 cM
Loaded Transition and Emission Matrix:
(3, 3)
(5009, 42589)
Loaded Observations:
(2, 42589)
Memory Usage: 2153.807872 mB
Reference Number: 5008
Total Log likelihood: -14918.431
Memory Usage: 2153.807872 mB
Finished Calculation State Posteriors
Saved Zero State Posterior to ./Empirical/Eigenstrat/Reichall/I2636/chr7/.
Successfully loaded for PP. from ./Empirical/Eigenstrat/Reichall/I2636/chr7/
Fraction Markers in ROH: 0.4391
Merged n=0 gaps < 0.0 M
Called n=9 ROH Blocks > 1.0 cM
Longest Block: 2.542
Successfully saved to ./Empirical/Eigenstrat/Reichall/I2636/chr7/roh.csv
Using Low-Mem Cython Linear Speed Up.
Loaded Pre Processing Model: Eigenstrat
Loading Individual: I2636

Loaded 61133 variants
Loaded 2504 individuals
HDF5 loaded from ./Data/1000Genomes/HDF5/1240kHDF5/all1240/chr8.hdf5
3 Eigenstrat Files with 5081 Individuals and 1233013 SNPs

Intersection on Positions: 61133
Nr of Matching Refs: 61133 / 61133
Full Intersection Ref/Alt Identical: 61091 / 61133
2504 / 2504 Individuals included in Reference
Extraction of 5008 Haplotypes complete
Reduced to markers called 44392 / 61091
(Fraction SNP: 0.7266536805748801)
Successfully saved to: ./Empirical/Eigenstrat/Reichall/I2636/chr8/
Successfully loaded Data from: ./Empirical/Eigenstrat/Reichall/I2636/chr8/
Loaded Emission Model: haploid
Loaded Transition Model: model
Loaded Post Processing Model: Standard
Minimum Genetic Map: 0.0000
Maximum Genetic Map: 1.6800
Gaps bigger than 0.1 cM: 170
Maximum Gap: 1.8932 cM
Loaded Transition and Emission Matrix:
(3, 3)
(5009, 44392)
Loaded Observations:
(2, 44392)
Memory Usage: 2235.61728 mB
Reference Number: 5008
Total Log likelihood: -15433.424
Memory Usage: 2235.61728 mB
Finished Calculation State Posteriors
Saved Zero State Posterior to ./Empirical/Eigenstrat/Reichall/I2636/chr8/.
Successfully loaded for PP. from ./Empirical/Eigenstrat/Reichall/I2636/chr8/
Fraction Markers in ROH: 0.4496
Merged n=0 gaps < 0.0 M
Called n=6 ROH Blocks > 1.0 cM
Longest Block: 1.939
Successfully saved to ./Empirical/Eigenstrat/Reichall/I2636/chr8/roh.csv
Using Low-Mem Cython Linear Speed Up.
Loaded Pre Processing Model: Eigenstrat
Loading Individual: I2636

Loaded 50668 variants
Loaded 2504 individuals
HDF5 loaded from ./Data/1000Genomes/HDF5/1240kHDF5/all1240/chr9.hdf5
3 Eigenstrat Files with 5081 Individuals and 1233013 SNPs

Intersection on Positions: 50668
Nr of Matching Refs: 50668 / 50668
Full Intersection Ref/Alt Identical: 50629 / 50668
2504 / 2504 Individuals included in Reference
Extraction of 5008 Haplotypes complete
Reduced to markers called 37319 / 50629
(Fraction SNP: 0.7371071915305457)
Successfully saved to: ./Empirical/Eigenstrat/Reichall/I2636/chr9/
Successfully loaded Data from: ./Empirical/Eigenstrat/Reichall/I2636/chr9/
Loaded Emission Model: haploid
Loaded Transition Model: model
Loaded Post Processing Model: Standard
Minimum Genetic Map: 0.0016
Maximum Genetic Map: 1.6630
Gaps bigger than 0.1 cM: 223
Maximum Gap: 1.8819 cM
Loaded Transition and Emission Matrix:
(3, 3)
(5009, 37319)
Loaded Observations:
(2, 37319)
Memory Usage: 1916.854272 mB
Reference Number: 5008
Total Log likelihood: -13283.174
Memory Usage: 1916.854272 mB
Finished Calculation State Posteriors
Saved Zero State Posterior to ./Empirical/Eigenstrat/Reichall/I2636/chr9/.
Successfully loaded for PP. from ./Empirical/Eigenstrat/Reichall/I2636/chr9/
Fraction Markers in ROH: 0.4237
Merged n=0 gaps < 0.0 M
Called n=6 ROH Blocks > 1.0 cM
Longest Block: 7.718
Successfully saved to ./Empirical/Eigenstrat/Reichall/I2636/chr9/roh.csv
Using Low-Mem Cython Linear Speed Up.
Loaded Pre Processing Model: Eigenstrat
Loading Individual: I2636

Loaded 58804 variants
Loaded 2504 individuals
HDF5 loaded from ./Data/1000Genomes/HDF5/1240kHDF5/all1240/chr10.hdf5
3 Eigenstrat Files with 5081 Individuals and 1233013 SNPs

Intersection on Positions: 58804
Nr of Matching Refs: 58804 / 58804
Full Intersection Ref/Alt Identical: 58763 / 58804
2504 / 2504 Individuals included in Reference
Extraction of 5008 Haplotypes complete
Reduced to markers called 44354 / 58763
(Fraction SNP: 0.7547946837295577)
Successfully saved to: ./Empirical/Eigenstrat/Reichall/I2636/chr10/
Successfully loaded Data from: ./Empirical/Eigenstrat/Reichall/I2636/chr10/
Loaded Emission Model: haploid
Loaded Transition Model: model
Loaded Post Processing Model: Standard
Minimum Genetic Map: 0.0001
Maximum Genetic Map: 1.8092
Gaps bigger than 0.1 cM: 210
Maximum Gap: 2.0338 cM
Loaded Transition and Emission Matrix:
(3, 3)
(5009, 44354)
Loaded Observations:
(2, 44354)
Memory Usage: 2234.527744 mB
Reference Number: 5008
Total Log likelihood: -15323.686
Memory Usage: 2234.527744 mB
Finished Calculation State Posteriors
Saved Zero State Posterior to ./Empirical/Eigenstrat/Reichall/I2636/chr10/.
Successfully loaded for PP. from ./Empirical/Eigenstrat/Reichall/I2636/chr10/
Fraction Markers in ROH: 0.4415
Merged n=0 gaps < 0.0 M
Called n=6 ROH Blocks > 1.0 cM
Longest Block: 2.979
Successfully saved to ./Empirical/Eigenstrat/Reichall/I2636/chr10/roh.csv
Using Low-Mem Cython Linear Speed Up.
Loaded Pre Processing Model: Eigenstrat
Loading Individual: I2636

Loaded 54833 variants
Loaded 2504 individuals
HDF5 loaded from ./Data/1000Genomes/HDF5/1240kHDF5/all1240/chr11.hdf5
3 Eigenstrat Files with 5081 Individuals and 1233013 SNPs

Intersection on Positions: 54833
Nr of Matching Refs: 54833 / 54833
Full Intersection Ref/Alt Identical: 54796 / 54833
2504 / 2504 Individuals included in Reference
Extraction of 5008 Haplotypes complete
Reduced to markers called 40805 / 54796
(Fraction SNP: 0.7446711438791153)
Successfully saved to: ./Empirical/Eigenstrat/Reichall/I2636/chr11/
Successfully loaded Data from: ./Empirical/Eigenstrat/Reichall/I2636/chr11/
Loaded Emission Model: haploid
Loaded Transition Model: model
Loaded Post Processing Model: Standard
Minimum Genetic Map: 0.0000
Maximum Genetic Map: 1.5822
Gaps bigger than 0.1 cM: 190
Maximum Gap: 0.5279 cM
Loaded Transition and Emission Matrix:
(3, 3)
(5009, 40805)
Loaded Observations:
(2, 40805)
Memory Usage: 2074.611712 mB
Reference Number: 5008
Total Log likelihood: -14798.965
Memory Usage: 2074.611712 mB
Finished Calculation State Posteriors
Saved Zero State Posterior to ./Empirical/Eigenstrat/Reichall/I2636/chr11/.
Successfully loaded for PP. from ./Empirical/Eigenstrat/Reichall/I2636/chr11/
Fraction Markers in ROH: 0.3807
Merged n=0 gaps < 0.0 M
Called n=5 ROH Blocks > 1.0 cM
Longest Block: 1.773
Successfully saved to ./Empirical/Eigenstrat/Reichall/I2636/chr11/roh.csv
Using Low-Mem Cython Linear Speed Up.
Loaded Pre Processing Model: Eigenstrat
Loading Individual: I2636

Loaded 53911 variants
Loaded 2504 individuals
HDF5 loaded from ./Data/1000Genomes/HDF5/1240kHDF5/all1240/chr12.hdf5
3 Eigenstrat Files with 5081 Individuals and 1233013 SNPs

Intersection on Positions: 53911
Nr of Matching Refs: 53911 / 53911
Full Intersection Ref/Alt Identical: 53884 / 53911
2504 / 2504 Individuals included in Reference
Extraction of 5008 Haplotypes complete
Reduced to markers called 39160 / 53884
(Fraction SNP: 0.7267463439982184)
Successfully saved to: ./Empirical/Eigenstrat/Reichall/I2636/chr12/
Successfully loaded Data from: ./Empirical/Eigenstrat/Reichall/I2636/chr12/
Loaded Emission Model: haploid
Loaded Transition Model: model
Loaded Post Processing Model: Standard
Minimum Genetic Map: 0.0009
Maximum Genetic Map: 1.7468
Gaps bigger than 0.1 cM: 221
Maximum Gap: 0.8015 cM
Loaded Transition and Emission Matrix:
(3, 3)
(5009, 39160)
Loaded Observations:
(2, 39160)
Memory Usage: 1999.740928 mB
Reference Number: 5008
Total Log likelihood: -13721.463
Memory Usage: 1999.740928 mB
Finished Calculation State Posteriors
Saved Zero State Posterior to ./Empirical/Eigenstrat/Reichall/I2636/chr12/.
Successfully loaded for PP. from ./Empirical/Eigenstrat/Reichall/I2636/chr12/
Fraction Markers in ROH: 0.4376
Merged n=0 gaps < 0.0 M
Called n=11 ROH Blocks > 1.0 cM
Longest Block: 2.663
Successfully saved to ./Empirical/Eigenstrat/Reichall/I2636/chr12/roh.csv
Using Low-Mem Cython Linear Speed Up.
Loaded Pre Processing Model: Eigenstrat
Loading Individual: I2636

Loaded 39018 variants
Loaded 2504 individuals
HDF5 loaded from ./Data/1000Genomes/HDF5/1240kHDF5/all1240/chr13.hdf5
3 Eigenstrat Files with 5081 Individuals and 1233013 SNPs

Intersection on Positions: 39018
Nr of Matching Refs: 39018 / 39018
Full Intersection Ref/Alt Identical: 38994 / 39018
2504 / 2504 Individuals included in Reference
Extraction of 5008 Haplotypes complete
Reduced to markers called 26738 / 38994
(Fraction SNP: 0.6856952351643842)
Successfully saved to: ./Empirical/Eigenstrat/Reichall/I2636/chr13/
Successfully loaded Data from: ./Empirical/Eigenstrat/Reichall/I2636/chr13/
Loaded Emission Model: haploid
Loaded Transition Model: model
Loaded Post Processing Model: Standard
Minimum Genetic Map: 0.0019
Maximum Genetic Map: 1.2570
Gaps bigger than 0.1 cM: 169
Maximum Gap: 1.2216 cM
Loaded Transition and Emission Matrix:
(3, 3)
(5009, 26738)
Loaded Observations:
(2, 26738)
Memory Usage: 1439.809536 mB
Reference Number: 5008
Total Log likelihood: -8912.730
Memory Usage: 1439.809536 mB
Finished Calculation State Posteriors
Saved Zero State Posterior to ./Empirical/Eigenstrat/Reichall/I2636/chr13/.
Successfully loaded for PP. from ./Empirical/Eigenstrat/Reichall/I2636/chr13/
Fraction Markers in ROH: 0.4822
Merged n=0 gaps < 0.0 M
Called n=10 ROH Blocks > 1.0 cM
Longest Block: 2.736
Successfully saved to ./Empirical/Eigenstrat/Reichall/I2636/chr13/roh.csv
Using Low-Mem Cython Linear Speed Up.
Loaded Pre Processing Model: Eigenstrat
Loading Individual: I2636

Loaded 36301 variants
Loaded 2504 individuals
HDF5 loaded from ./Data/1000Genomes/HDF5/1240kHDF5/all1240/chr14.hdf5
3 Eigenstrat Files with 5081 Individuals and 1233013 SNPs

Intersection on Positions: 36301
Nr of Matching Refs: 36301 / 36301
Full Intersection Ref/Alt Identical: 36280 / 36301
2504 / 2504 Individuals included in Reference
Extraction of 5008 Haplotypes complete
Reduced to markers called 26422 / 36280
(Fraction SNP: 0.7282800441014333)
Successfully saved to: ./Empirical/Eigenstrat/Reichall/I2636/chr14/
Successfully loaded Data from: ./Empirical/Eigenstrat/Reichall/I2636/chr14/
Loaded Emission Model: haploid
Loaded Transition Model: model
Loaded Post Processing Model: Standard
Minimum Genetic Map: 0.0184
Maximum Genetic Map: 1.2020
Gaps bigger than 0.1 cM: 145
Maximum Gap: 2.8973 cM
Loaded Transition and Emission Matrix:
(3, 3)
(5009, 26422)
Loaded Observations:
(2, 26422)
Memory Usage: 1425.444864 mB
Reference Number: 5008
Total Log likelihood: -9316.832
Memory Usage: 1425.444864 mB
Finished Calculation State Posteriors
Saved Zero State Posterior to ./Empirical/Eigenstrat/Reichall/I2636/chr14/.
Successfully loaded for PP. from ./Empirical/Eigenstrat/Reichall/I2636/chr14/
Fraction Markers in ROH: 0.4390
Merged n=0 gaps < 0.0 M
Called n=3 ROH Blocks > 1.0 cM
Longest Block: 1.455
Successfully saved to ./Empirical/Eigenstrat/Reichall/I2636/chr14/roh.csv
Using Low-Mem Cython Linear Speed Up.
Loaded Pre Processing Model: Eigenstrat
Loading Individual: I2636

Loaded 34429 variants
Loaded 2504 individuals
HDF5 loaded from ./Data/1000Genomes/HDF5/1240kHDF5/all1240/chr15.hdf5
3 Eigenstrat Files with 5081 Individuals and 1233013 SNPs

Intersection on Positions: 34429
Nr of Matching Refs: 34429 / 34429
Full Intersection Ref/Alt Identical: 34407 / 34429
2504 / 2504 Individuals included in Reference
Extraction of 5008 Haplotypes complete
Reduced to markers called 26092 / 34407
(Fraction SNP: 0.7583340599296655)
Successfully saved to: ./Empirical/Eigenstrat/Reichall/I2636/chr15/
Successfully loaded Data from: ./Empirical/Eigenstrat/Reichall/I2636/chr15/
Loaded Emission Model: haploid
Loaded Transition Model: model
Loaded Post Processing Model: Standard
Minimum Genetic Map: 0.0000
Maximum Genetic Map: 1.4135
Gaps bigger than 0.1 cM: 152
Maximum Gap: 11.6560 cM
Loaded Transition and Emission Matrix:
(3, 3)
(5009, 26092)
Loaded Observations:
(2, 26092)
Memory Usage: 1411.100672 mB
Reference Number: 5008
Total Log likelihood: -8284.211
Memory Usage: 1411.100672 mB
Finished Calculation State Posteriors
Saved Zero State Posterior to ./Empirical/Eigenstrat/Reichall/I2636/chr15/.
Successfully loaded for PP. from ./Empirical/Eigenstrat/Reichall/I2636/chr15/
Fraction Markers in ROH: 0.5253
Merged n=0 gaps < 0.0 M
Called n=14 ROH Blocks > 1.0 cM
Longest Block: 3.566
Successfully saved to ./Empirical/Eigenstrat/Reichall/I2636/chr15/roh.csv
Using Low-Mem Cython Linear Speed Up.
Loaded Pre Processing Model: Eigenstrat
Loading Individual: I2636

Loaded 34402 variants
Loaded 2504 individuals
HDF5 loaded from ./Data/1000Genomes/HDF5/1240kHDF5/all1240/chr16.hdf5
3 Eigenstrat Files with 5081 Individuals and 1233013 SNPs

Intersection on Positions: 34402
Nr of Matching Refs: 34402 / 34402
Full Intersection Ref/Alt Identical: 34375 / 34402
2504 / 2504 Individuals included in Reference
Extraction of 5008 Haplotypes complete
Reduced to markers called 27520 / 34375
(Fraction SNP: 0.8005818181818182)
Successfully saved to: ./Empirical/Eigenstrat/Reichall/I2636/chr16/
Successfully loaded Data from: ./Empirical/Eigenstrat/Reichall/I2636/chr16/
Loaded Emission Model: haploid
Loaded Transition Model: model
Loaded Post Processing Model: Standard
Minimum Genetic Map: -0.0000
Maximum Genetic Map: 1.3403
Gaps bigger than 0.1 cM: 165
Maximum Gap: 0.8458 cM
Loaded Transition and Emission Matrix:
(3, 3)
(5009, 27520)
Loaded Observations:
(2, 27520)
Memory Usage: 1475.80928 mB
Reference Number: 5008
Total Log likelihood: -9529.118
Memory Usage: 1475.80928 mB
Finished Calculation State Posteriors
Saved Zero State Posterior to ./Empirical/Eigenstrat/Reichall/I2636/chr16/.
Successfully loaded for PP. from ./Empirical/Eigenstrat/Reichall/I2636/chr16/
Fraction Markers in ROH: 0.4566
Merged n=0 gaps < 0.0 M
Called n=8 ROH Blocks > 1.0 cM
Longest Block: 5.129
Successfully saved to ./Empirical/Eigenstrat/Reichall/I2636/chr16/roh.csv
Using Low-Mem Cython Linear Speed Up.
Loaded Pre Processing Model: Eigenstrat
Loading Individual: I2636

Loaded 29314 variants
Loaded 2504 individuals
HDF5 loaded from ./Data/1000Genomes/HDF5/1240kHDF5/all1240/chr17.hdf5
3 Eigenstrat Files with 5081 Individuals and 1233013 SNPs

Intersection on Positions: 29314
Nr of Matching Refs: 29314 / 29314
Full Intersection Ref/Alt Identical: 29292 / 29314
2504 / 2504 Individuals included in Reference
Extraction of 5008 Haplotypes complete
Reduced to markers called 23834 / 29292
(Fraction SNP: 0.8136692612317357)
Successfully saved to: ./Empirical/Eigenstrat/Reichall/I2636/chr17/
Successfully loaded Data from: ./Empirical/Eigenstrat/Reichall/I2636/chr17/
Loaded Emission Model: haploid
Loaded Transition Model: model
Loaded Post Processing Model: Standard
Minimum Genetic Map: -0.0003
Maximum Genetic Map: 1.2847
Gaps bigger than 0.1 cM: 149
Maximum Gap: 1.2341 cM
Loaded Transition and Emission Matrix:
(3, 3)
(5009, 23834)
Loaded Observations:
(2, 23834)
Memory Usage: 1308.868608 mB
Reference Number: 5008
Total Log likelihood: -8552.446
Memory Usage: 1308.831744 mB
Finished Calculation State Posteriors
Saved Zero State Posterior to ./Empirical/Eigenstrat/Reichall/I2636/chr17/.
Successfully loaded for PP. from ./Empirical/Eigenstrat/Reichall/I2636/chr17/
Fraction Markers in ROH: 0.4185
Merged n=0 gaps < 0.0 M
Called n=5 ROH Blocks > 1.0 cM
Longest Block: 1.754
Successfully saved to ./Empirical/Eigenstrat/Reichall/I2636/chr17/roh.csv
Using Low-Mem Cython Linear Speed Up.
Loaded Pre Processing Model: Eigenstrat
Loading Individual: I2636

Loaded 33917 variants
Loaded 2504 individuals
HDF5 loaded from ./Data/1000Genomes/HDF5/1240kHDF5/all1240/chr18.hdf5
3 Eigenstrat Files with 5081 Individuals and 1233013 SNPs

Intersection on Positions: 33917
Nr of Matching Refs: 33917 / 33917
Full Intersection Ref/Alt Identical: 33902 / 33917
2504 / 2504 Individuals included in Reference
Extraction of 5008 Haplotypes complete
Reduced to markers called 24345 / 33902
(Fraction SNP: 0.7180992271842369)
Successfully saved to: ./Empirical/Eigenstrat/Reichall/I2636/chr18/
Successfully loaded Data from: ./Empirical/Eigenstrat/Reichall/I2636/chr18/
Loaded Emission Model: haploid
Loaded Transition Model: model
Loaded Post Processing Model: Standard
Minimum Genetic Map: 0.0016
Maximum Genetic Map: 1.1771
Gaps bigger than 0.1 cM: 161
Maximum Gap: 0.4827 cM
Loaded Transition and Emission Matrix:
(3, 3)
(5009, 24345)
Loaded Observations:
(2, 24345)
Memory Usage: 1331.417088 mB
Reference Number: 5008
Total Log likelihood: -8262.628
Memory Usage: 1331.396608 mB
Finished Calculation State Posteriors
Saved Zero State Posterior to ./Empirical/Eigenstrat/Reichall/I2636/chr18/.
Successfully loaded for PP. from ./Empirical/Eigenstrat/Reichall/I2636/chr18/
Fraction Markers in ROH: 0.4753
Merged n=0 gaps < 0.0 M
Called n=6 ROH Blocks > 1.0 cM
Longest Block: 1.325
Successfully saved to ./Empirical/Eigenstrat/Reichall/I2636/chr18/roh.csv
Using Low-Mem Cython Linear Speed Up.
Loaded Pre Processing Model: Eigenstrat
Loading Individual: I2636

Loaded 18460 variants
Loaded 2504 individuals
HDF5 loaded from ./Data/1000Genomes/HDF5/1240kHDF5/all1240/chr19.hdf5
3 Eigenstrat Files with 5081 Individuals and 1233013 SNPs

Intersection on Positions: 18460
Nr of Matching Refs: 18460 / 18460
Full Intersection Ref/Alt Identical: 18441 / 18460
2504 / 2504 Individuals included in Reference
Extraction of 5008 Haplotypes complete
Reduced to markers called 15579 / 18441
(Fraction SNP: 0.8448023426061494)
Successfully saved to: ./Empirical/Eigenstrat/Reichall/I2636/chr19/
Successfully loaded Data from: ./Empirical/Eigenstrat/Reichall/I2636/chr19/
Loaded Emission Model: haploid
Loaded Transition Model: model
Loaded Post Processing Model: Standard
Minimum Genetic Map: 0.0000
Maximum Genetic Map: 1.0773
Gaps bigger than 0.1 cM: 148
Maximum Gap: 0.6114 cM
Loaded Transition and Emission Matrix:
(3, 3)
(5009, 15579)
Loaded Observations:
(2, 15579)
Memory Usage: 936.36608 mB
Reference Number: 5008
Total Log likelihood: -5718.174
Memory Usage: 936.36608 mB
Finished Calculation State Posteriors
Saved Zero State Posterior to ./Empirical/Eigenstrat/Reichall/I2636/chr19/.
Successfully loaded for PP. from ./Empirical/Eigenstrat/Reichall/I2636/chr19/
Fraction Markers in ROH: 0.4330
Merged n=0 gaps < 0.0 M
Called n=8 ROH Blocks > 1.0 cM
Longest Block: 2.152
Successfully saved to ./Empirical/Eigenstrat/Reichall/I2636/chr19/roh.csv
Using Low-Mem Cython Linear Speed Up.
Loaded Pre Processing Model: Eigenstrat
Loading Individual: I2636

Loaded 29078 variants
Loaded 2504 individuals
HDF5 loaded from ./Data/1000Genomes/HDF5/1240kHDF5/all1240/chr20.hdf5
3 Eigenstrat Files with 5081 Individuals and 1233013 SNPs

Intersection on Positions: 29078
Nr of Matching Refs: 29078 / 29078
Full Intersection Ref/Alt Identical: 29053 / 29078
2504 / 2504 Individuals included in Reference
Extraction of 5008 Haplotypes complete
Reduced to markers called 23205 / 29053
(Fraction SNP: 0.7987126974839087)
Successfully saved to: ./Empirical/Eigenstrat/Reichall/I2636/chr20/
Successfully loaded Data from: ./Empirical/Eigenstrat/Reichall/I2636/chr20/
Loaded Emission Model: haploid
Loaded Transition Model: model
Loaded Post Processing Model: Standard
Minimum Genetic Map: 0.0000
Maximum Genetic Map: 1.0821
Gaps bigger than 0.1 cM: 144
Maximum Gap: 0.4744 cM
Loaded Transition and Emission Matrix:
(3, 3)
(5009, 23205)
Loaded Observations:
(2, 23205)
Memory Usage: 1280.421888 mB
Reference Number: 5008
Total Log likelihood: -7809.425
Memory Usage: 1280.421888 mB
Finished Calculation State Posteriors
Saved Zero State Posterior to ./Empirical/Eigenstrat/Reichall/I2636/chr20/.
Successfully loaded for PP. from ./Empirical/Eigenstrat/Reichall/I2636/chr20/
Fraction Markers in ROH: 0.4537
Merged n=0 gaps < 0.0 M
Called n=4 ROH Blocks > 1.0 cM
Longest Block: 1.505
Successfully saved to ./Empirical/Eigenstrat/Reichall/I2636/chr20/roh.csv
Using Low-Mem Cython Linear Speed Up.
Loaded Pre Processing Model: Eigenstrat
Loading Individual: I2636

Loaded 16038 variants
Loaded 2504 individuals
HDF5 loaded from ./Data/1000Genomes/HDF5/1240kHDF5/all1240/chr21.hdf5
3 Eigenstrat Files with 5081 Individuals and 1233013 SNPs

Intersection on Positions: 16038
Nr of Matching Refs: 16038 / 16038
Full Intersection Ref/Alt Identical: 16031 / 16038
2504 / 2504 Individuals included in Reference
Extraction of 5008 Haplotypes complete
Reduced to markers called 11640 / 16031
(Fraction SNP: 0.7260931944357807)
Successfully saved to: ./Empirical/Eigenstrat/Reichall/I2636/chr21/
Successfully loaded Data from: ./Empirical/Eigenstrat/Reichall/I2636/chr21/
Loaded Emission Model: haploid
Loaded Transition Model: model
Loaded Post Processing Model: Standard
Minimum Genetic Map: -0.0085
Maximum Genetic Map: 0.6277
Gaps bigger than 0.1 cM: 95
Maximum Gap: 1.7201 cM
Loaded Transition and Emission Matrix:
(3, 3)
(5009, 11640)
Loaded Observations:
(2, 11640)
Memory Usage: 759.54176 mB
Reference Number: 5008
Total Log likelihood: -4188.704
Memory Usage: 759.54176 mB
Finished Calculation State Posteriors
Saved Zero State Posterior to ./Empirical/Eigenstrat/Reichall/I2636/chr21/.
Successfully loaded for PP. from ./Empirical/Eigenstrat/Reichall/I2636/chr21/
Fraction Markers in ROH: 0.3966
Merged n=0 gaps < 0.0 M
Called n=2 ROH Blocks > 1.0 cM
Longest Block: 1.545
Successfully saved to ./Empirical/Eigenstrat/Reichall/I2636/chr21/roh.csv
Using Low-Mem Cython Linear Speed Up.
Loaded Pre Processing Model: Eigenstrat
Loading Individual: I2636

Loaded 15802 variants
Loaded 2504 individuals
HDF5 loaded from ./Data/1000Genomes/HDF5/1240kHDF5/all1240/chr22.hdf5
3 Eigenstrat Files with 5081 Individuals and 1233013 SNPs

Intersection on Positions: 15802
Nr of Matching Refs: 15802 / 15802
Full Intersection Ref/Alt Identical: 15793 / 15802
2504 / 2504 Individuals included in Reference
Extraction of 5008 Haplotypes complete
Reduced to markers called 13507 / 15793
(Fraction SNP: 0.8552523269803077)
Successfully saved to: ./Empirical/Eigenstrat/Reichall/I2636/chr22/
Successfully loaded Data from: ./Empirical/Eigenstrat/Reichall/I2636/chr22/
Loaded Emission Model: haploid
Loaded Transition Model: model
Loaded Post Processing Model: Standard
Minimum Genetic Map: 0.0171
Maximum Genetic Map: 0.7408
Gaps bigger than 0.1 cM: 86
Maximum Gap: 1.6949 cM
Loaded Transition and Emission Matrix:
(3, 3)
(5009, 13507)
Loaded Observations:
(2, 13507)
Memory Usage: 844.283904 mB
Reference Number: 5008
Total Log likelihood: -5033.128
Memory Usage: 844.283904 mB
Finished Calculation State Posteriors
Saved Zero State Posterior to ./Empirical/Eigenstrat/Reichall/I2636/chr22/.
Successfully loaded for PP. from ./Empirical/Eigenstrat/Reichall/I2636/chr22/
Fraction Markers in ROH: 0.4299
Merged n=0 gaps < 0.0 M
Called n=4 ROH Blocks > 1.0 cM
Longest Block: 2.225
Successfully saved to ./Empirical/Eigenstrat/Reichall/I2636/chr22/roh.csv
