Loaded 2106 / 5081 ancient Indivdiuals Anno File.
Doing Individual I2634...
Using Low-Mem Cython Linear Speed Up.
Loaded Pre Processing Model: Eigenstrat
Loading Individual: I2634

Loaded 89147 variants
Loaded 2504 individuals
HDF5 loaded from ./Data/1000Genomes/HDF5/1240kHDF5/all1240/chr1.hdf5
3 Eigenstrat Files with 5081 Individuals and 1233013 SNPs

Intersection on Positions: 89147
Nr of Matching Refs: 89147 / 89147
Full Intersection Ref/Alt Identical: 89082 / 89147
2504 / 2504 Individuals included in Reference
Extraction of 5008 Haplotypes complete
Reduced to markers called 37501 / 89082
(Fraction SNP: 0.42097168900563525)
Successfully saved to: ./Empirical/Eigenstrat/Reichall/I2634/chr1/
Successfully loaded Data from: ./Empirical/Eigenstrat/Reichall/I2634/chr1/
Loaded Emission Model: haploid
Loaded Transition Model: model
Loaded Post Processing Model: Standard
Minimum Genetic Map: 0.0201
Maximum Genetic Map: 2.8627
Gaps bigger than 0.1 cM: 452
Maximum Gap: 3.3421 cM
Loaded Transition and Emission Matrix:
(3, 3)
(5009, 37501)
Loaded Observations:
(2, 37501)
Memory Usage: 1884.729344 mB
Reference Number: 5008
Total Log likelihood: -13812.952
Memory Usage: 1885.192192 mB
Finished Calculation State Posteriors
Saved Zero State Posterior to ./Empirical/Eigenstrat/Reichall/I2634/chr1/.
Successfully loaded for PP. from ./Empirical/Eigenstrat/Reichall/I2634/chr1/
Fraction Markers in ROH: 0.4050
Merged n=0 gaps < 0.0 M
Called n=23 ROH Blocks > 1.0 cM
Longest Block: 3.356
Successfully saved to ./Empirical/Eigenstrat/Reichall/I2634/chr1/roh.csv
Using Low-Mem Cython Linear Speed Up.
Loaded Pre Processing Model: Eigenstrat
Loading Individual: I2634

Loaded 94239 variants
Loaded 2504 individuals
HDF5 loaded from ./Data/1000Genomes/HDF5/1240kHDF5/all1240/chr2.hdf5
3 Eigenstrat Files with 5081 Individuals and 1233013 SNPs

Intersection on Positions: 94239
Nr of Matching Refs: 94239 / 94239
Full Intersection Ref/Alt Identical: 94173 / 94239
2504 / 2504 Individuals included in Reference
Extraction of 5008 Haplotypes complete
Reduced to markers called 37021 / 94173
(Fraction SNP: 0.3931169231095962)
Successfully saved to: ./Empirical/Eigenstrat/Reichall/I2634/chr2/
Successfully loaded Data from: ./Empirical/Eigenstrat/Reichall/I2634/chr2/
Loaded Emission Model: haploid
Loaded Transition Model: model
Loaded Post Processing Model: Standard
Minimum Genetic Map: 0.0002
Maximum Genetic Map: 2.6883
Gaps bigger than 0.1 cM: 427
Maximum Gap: 3.9406 cM
Loaded Transition and Emission Matrix:
(3, 3)
(5009, 37021)
Loaded Observations:
(2, 37021)
Memory Usage: 1902.51008 mB
Reference Number: 5008
Total Log likelihood: -13665.832
Memory Usage: 1902.51008 mB
Finished Calculation State Posteriors
Saved Zero State Posterior to ./Empirical/Eigenstrat/Reichall/I2634/chr2/.
Successfully loaded for PP. from ./Empirical/Eigenstrat/Reichall/I2634/chr2/
Fraction Markers in ROH: 0.4455
Merged n=0 gaps < 0.0 M
Called n=25 ROH Blocks > 1.0 cM
Longest Block: 4.508
Successfully saved to ./Empirical/Eigenstrat/Reichall/I2634/chr2/roh.csv
Using Low-Mem Cython Linear Speed Up.
Loaded Pre Processing Model: Eigenstrat
Loading Individual: I2634

Loaded 77652 variants
Loaded 2504 individuals
HDF5 loaded from ./Data/1000Genomes/HDF5/1240kHDF5/all1240/chr3.hdf5
3 Eigenstrat Files with 5081 Individuals and 1233013 SNPs

Intersection on Positions: 77652
Nr of Matching Refs: 77652 / 77652
Full Intersection Ref/Alt Identical: 77601 / 77652
2504 / 2504 Individuals included in Reference
Extraction of 5008 Haplotypes complete
Reduced to markers called 30009 / 77601
(Fraction SNP: 0.38670893416321955)
Successfully saved to: ./Empirical/Eigenstrat/Reichall/I2634/chr3/
Successfully loaded Data from: ./Empirical/Eigenstrat/Reichall/I2634/chr3/
Loaded Emission Model: haploid
Loaded Transition Model: model
Loaded Post Processing Model: Standard
Minimum Genetic Map: 0.0000
Maximum Genetic Map: 2.2326
Gaps bigger than 0.1 cM: 395
Maximum Gap: 0.3960 cM
Loaded Transition and Emission Matrix:
(3, 3)
(5009, 30009)
Loaded Observations:
(2, 30009)
Memory Usage: 1586.999296 mB
Reference Number: 5008
Total Log likelihood: -11242.107
Memory Usage: 1586.999296 mB
Finished Calculation State Posteriors
Saved Zero State Posterior to ./Empirical/Eigenstrat/Reichall/I2634/chr3/.
Successfully loaded for PP. from ./Empirical/Eigenstrat/Reichall/I2634/chr3/
Fraction Markers in ROH: 0.3948
Merged n=0 gaps < 0.0 M
Called n=16 ROH Blocks > 1.0 cM
Longest Block: 2.767
Successfully saved to ./Empirical/Eigenstrat/Reichall/I2634/chr3/roh.csv
Using Low-Mem Cython Linear Speed Up.
Loaded Pre Processing Model: Eigenstrat
Loading Individual: I2634

Loaded 68759 variants
Loaded 2504 individuals
HDF5 loaded from ./Data/1000Genomes/HDF5/1240kHDF5/all1240/chr4.hdf5
3 Eigenstrat Files with 5081 Individuals and 1233013 SNPs

Intersection on Positions: 68759
Nr of Matching Refs: 68759 / 68759
Full Intersection Ref/Alt Identical: 68720 / 68759
2504 / 2504 Individuals included in Reference
Extraction of 5008 Haplotypes complete
Reduced to markers called 24134 / 68720
(Fraction SNP: 0.35119324796274737)
Successfully saved to: ./Empirical/Eigenstrat/Reichall/I2634/chr4/
Successfully loaded Data from: ./Empirical/Eigenstrat/Reichall/I2634/chr4/
Loaded Emission Model: haploid
Loaded Transition Model: model
Loaded Post Processing Model: Standard
Minimum Genetic Map: 0.0035
Maximum Genetic Map: 2.1454
Gaps bigger than 0.1 cM: 399
Maximum Gap: 2.0513 cM
Loaded Transition and Emission Matrix:
(3, 3)
(5009, 24134)
Loaded Observations:
(2, 24134)
Memory Usage: 1322.57792 mB
Reference Number: 5008
Total Log likelihood: -8830.169
Memory Usage: 1322.57792 mB
Finished Calculation State Posteriors
Saved Zero State Posterior to ./Empirical/Eigenstrat/Reichall/I2634/chr4/.
Successfully loaded for PP. from ./Empirical/Eigenstrat/Reichall/I2634/chr4/
Fraction Markers in ROH: 0.4341
Merged n=0 gaps < 0.0 M
Called n=21 ROH Blocks > 1.0 cM
Longest Block: 2.642
Successfully saved to ./Empirical/Eigenstrat/Reichall/I2634/chr4/roh.csv
Using Low-Mem Cython Linear Speed Up.
Loaded Pre Processing Model: Eigenstrat
Loading Individual: I2634

Loaded 69399 variants
Loaded 2504 individuals
HDF5 loaded from ./Data/1000Genomes/HDF5/1240kHDF5/all1240/chr5.hdf5
3 Eigenstrat Files with 5081 Individuals and 1233013 SNPs

Intersection on Positions: 69399
Nr of Matching Refs: 69399 / 69399
Full Intersection Ref/Alt Identical: 69354 / 69399
2504 / 2504 Individuals included in Reference
Extraction of 5008 Haplotypes complete
Reduced to markers called 27050 / 69354
(Fraction SNP: 0.3900279724312945)
Successfully saved to: ./Empirical/Eigenstrat/Reichall/I2634/chr5/
Successfully loaded Data from: ./Empirical/Eigenstrat/Reichall/I2634/chr5/
Loaded Emission Model: haploid
Loaded Transition Model: model
Loaded Post Processing Model: Standard
Minimum Genetic Map: 0.0004
Maximum Genetic Map: 2.0409
Gaps bigger than 0.1 cM: 359
Maximum Gap: 1.3624 cM
Loaded Transition and Emission Matrix:
(3, 3)
(5009, 27050)
Loaded Observations:
(2, 27050)
Memory Usage: 1453.674496 mB
Reference Number: 5008
Total Log likelihood: -10228.587
Memory Usage: 1453.674496 mB
Finished Calculation State Posteriors
Saved Zero State Posterior to ./Empirical/Eigenstrat/Reichall/I2634/chr5/.
Successfully loaded for PP. from ./Empirical/Eigenstrat/Reichall/I2634/chr5/
Fraction Markers in ROH: 0.3851
Merged n=0 gaps < 0.0 M
Called n=10 ROH Blocks > 1.0 cM
Longest Block: 3.054
Successfully saved to ./Empirical/Eigenstrat/Reichall/I2634/chr5/roh.csv
Using Low-Mem Cython Linear Speed Up.
Loaded Pre Processing Model: Eigenstrat
Loading Individual: I2634

Loaded 75870 variants
Loaded 2504 individuals
HDF5 loaded from ./Data/1000Genomes/HDF5/1240kHDF5/all1240/chr6.hdf5
3 Eigenstrat Files with 5081 Individuals and 1233013 SNPs

Intersection on Positions: 75870
Nr of Matching Refs: 75870 / 75870
Full Intersection Ref/Alt Identical: 75816 / 75870
2504 / 2504 Individuals included in Reference
Extraction of 5008 Haplotypes complete
Reduced to markers called 29610 / 75816
(Fraction SNP: 0.39055080721747387)
Successfully saved to: ./Empirical/Eigenstrat/Reichall/I2634/chr6/
Successfully loaded Data from: ./Empirical/Eigenstrat/Reichall/I2634/chr6/
Loaded Emission Model: haploid
Loaded Transition Model: model
Loaded Post Processing Model: Standard
Minimum Genetic Map: 0.0035
Maximum Genetic Map: 1.9203
Gaps bigger than 0.1 cM: 304
Maximum Gap: 0.5169 cM
Loaded Transition and Emission Matrix:
(3, 3)
(5009, 29610)
Loaded Observations:
(2, 29610)
Memory Usage: 1569.497088 mB
Reference Number: 5008
Total Log likelihood: -10622.340
Memory Usage: 1569.497088 mB
Finished Calculation State Posteriors
Saved Zero State Posterior to ./Empirical/Eigenstrat/Reichall/I2634/chr6/.
Successfully loaded for PP. from ./Empirical/Eigenstrat/Reichall/I2634/chr6/
Fraction Markers in ROH: 0.4101
Merged n=0 gaps < 0.0 M
Called n=13 ROH Blocks > 1.0 cM
Longest Block: 2.769
Successfully saved to ./Empirical/Eigenstrat/Reichall/I2634/chr6/roh.csv
Using Low-Mem Cython Linear Speed Up.
Loaded Pre Processing Model: Eigenstrat
Loading Individual: I2634

Loaded 59890 variants
Loaded 2504 individuals
HDF5 loaded from ./Data/1000Genomes/HDF5/1240kHDF5/all1240/chr7.hdf5
3 Eigenstrat Files with 5081 Individuals and 1233013 SNPs

Intersection on Positions: 59890
Nr of Matching Refs: 59890 / 59890
Full Intersection Ref/Alt Identical: 59836 / 59890
2504 / 2504 Individuals included in Reference
Extraction of 5008 Haplotypes complete
Reduced to markers called 23479 / 59836
(Fraction SNP: 0.3923891971388462)
Successfully saved to: ./Empirical/Eigenstrat/Reichall/I2634/chr7/
Successfully loaded Data from: ./Empirical/Eigenstrat/Reichall/I2634/chr7/
Loaded Emission Model: haploid
Loaded Transition Model: model
Loaded Post Processing Model: Standard
Minimum Genetic Map: 0.0000
Maximum Genetic Map: 1.8715
Gaps bigger than 0.1 cM: 329
Maximum Gap: 0.8484 cM
Loaded Transition and Emission Matrix:
(3, 3)
(5009, 23479)
Loaded Observations:
(2, 23479)
Memory Usage: 1293.385728 mB
Reference Number: 5008
Total Log likelihood: -8935.507
Memory Usage: 1291.776 mB
Finished Calculation State Posteriors
Saved Zero State Posterior to ./Empirical/Eigenstrat/Reichall/I2634/chr7/.
Successfully loaded for PP. from ./Empirical/Eigenstrat/Reichall/I2634/chr7/
Fraction Markers in ROH: 0.4136
Merged n=0 gaps < 0.0 M
Called n=14 ROH Blocks > 1.0 cM
Longest Block: 2.017
Successfully saved to ./Empirical/Eigenstrat/Reichall/I2634/chr7/roh.csv
Using Low-Mem Cython Linear Speed Up.
Loaded Pre Processing Model: Eigenstrat
Loading Individual: I2634

Loaded 61133 variants
Loaded 2504 individuals
HDF5 loaded from ./Data/1000Genomes/HDF5/1240kHDF5/all1240/chr8.hdf5
3 Eigenstrat Files with 5081 Individuals and 1233013 SNPs

Intersection on Positions: 61133
Nr of Matching Refs: 61133 / 61133
Full Intersection Ref/Alt Identical: 61091 / 61133
2504 / 2504 Individuals included in Reference
Extraction of 5008 Haplotypes complete
Reduced to markers called 24514 / 61091
(Fraction SNP: 0.4012702362050056)
Successfully saved to: ./Empirical/Eigenstrat/Reichall/I2634/chr8/
Successfully loaded Data from: ./Empirical/Eigenstrat/Reichall/I2634/chr8/
Loaded Emission Model: haploid
Loaded Transition Model: model
Loaded Post Processing Model: Standard
Minimum Genetic Map: 0.0000
Maximum Genetic Map: 1.6800
Gaps bigger than 0.1 cM: 264
Maximum Gap: 3.3739 cM
Loaded Transition and Emission Matrix:
(3, 3)
(5009, 24514)
Loaded Observations:
(2, 24514)
Memory Usage: 1339.527168 mB
Reference Number: 5008
Total Log likelihood: -8706.022
Memory Usage: 1339.543552 mB
Finished Calculation State Posteriors
Saved Zero State Posterior to ./Empirical/Eigenstrat/Reichall/I2634/chr8/.
Successfully loaded for PP. from ./Empirical/Eigenstrat/Reichall/I2634/chr8/
Fraction Markers in ROH: 0.4652
Merged n=0 gaps < 0.0 M
Called n=14 ROH Blocks > 1.0 cM
Longest Block: 2.376
Successfully saved to ./Empirical/Eigenstrat/Reichall/I2634/chr8/roh.csv
Using Low-Mem Cython Linear Speed Up.
Loaded Pre Processing Model: Eigenstrat
Loading Individual: I2634

Loaded 50668 variants
Loaded 2504 individuals
HDF5 loaded from ./Data/1000Genomes/HDF5/1240kHDF5/all1240/chr9.hdf5
3 Eigenstrat Files with 5081 Individuals and 1233013 SNPs

Intersection on Positions: 50668
Nr of Matching Refs: 50668 / 50668
Full Intersection Ref/Alt Identical: 50629 / 50668
2504 / 2504 Individuals included in Reference
Extraction of 5008 Haplotypes complete
Reduced to markers called 20820 / 50629
(Fraction SNP: 0.4112267672677714)
Successfully saved to: ./Empirical/Eigenstrat/Reichall/I2634/chr9/
Successfully loaded Data from: ./Empirical/Eigenstrat/Reichall/I2634/chr9/
Loaded Emission Model: haploid
Loaded Transition Model: model
Loaded Post Processing Model: Standard
Minimum Genetic Map: 0.0016
Maximum Genetic Map: 1.6630
Gaps bigger than 0.1 cM: 310
Maximum Gap: 1.9151 cM
Loaded Transition and Emission Matrix:
(3, 3)
(5009, 20820)
Loaded Observations:
(2, 20820)
Memory Usage: 1172.852736 mB
Reference Number: 5008
Total Log likelihood: -8158.645
Memory Usage: 1172.852736 mB
Finished Calculation State Posteriors
Saved Zero State Posterior to ./Empirical/Eigenstrat/Reichall/I2634/chr9/.
Successfully loaded for PP. from ./Empirical/Eigenstrat/Reichall/I2634/chr9/
Fraction Markers in ROH: 0.3835
Merged n=0 gaps < 0.0 M
Called n=9 ROH Blocks > 1.0 cM
Longest Block: 2.093
Successfully saved to ./Empirical/Eigenstrat/Reichall/I2634/chr9/roh.csv
Using Low-Mem Cython Linear Speed Up.
Loaded Pre Processing Model: Eigenstrat
Loading Individual: I2634

Loaded 58804 variants
Loaded 2504 individuals
HDF5 loaded from ./Data/1000Genomes/HDF5/1240kHDF5/all1240/chr10.hdf5
3 Eigenstrat Files with 5081 Individuals and 1233013 SNPs

Intersection on Positions: 58804
Nr of Matching Refs: 58804 / 58804
Full Intersection Ref/Alt Identical: 58763 / 58804
2504 / 2504 Individuals included in Reference
Extraction of 5008 Haplotypes complete
Reduced to markers called 24954 / 58763
(Fraction SNP: 0.4246549699640931)
Successfully saved to: ./Empirical/Eigenstrat/Reichall/I2634/chr10/
Successfully loaded Data from: ./Empirical/Eigenstrat/Reichall/I2634/chr10/
Loaded Emission Model: haploid
Loaded Transition Model: model
Loaded Post Processing Model: Standard
Minimum Genetic Map: 0.0001
Maximum Genetic Map: 1.8091
Gaps bigger than 0.1 cM: 295
Maximum Gap: 2.0338 cM
Loaded Transition and Emission Matrix:
(3, 3)
(5009, 24954)
Loaded Observations:
(2, 24954)
Memory Usage: 1359.228928 mB
Reference Number: 5008
Total Log likelihood: -9496.184
Memory Usage: 1359.228928 mB
Finished Calculation State Posteriors
Saved Zero State Posterior to ./Empirical/Eigenstrat/Reichall/I2634/chr10/.
Successfully loaded for PP. from ./Empirical/Eigenstrat/Reichall/I2634/chr10/
Fraction Markers in ROH: 0.3883
Merged n=0 gaps < 0.0 M
Called n=14 ROH Blocks > 1.0 cM
Longest Block: 3.202
Successfully saved to ./Empirical/Eigenstrat/Reichall/I2634/chr10/roh.csv
Using Low-Mem Cython Linear Speed Up.
Loaded Pre Processing Model: Eigenstrat
Loading Individual: I2634

Loaded 54833 variants
Loaded 2504 individuals
HDF5 loaded from ./Data/1000Genomes/HDF5/1240kHDF5/all1240/chr11.hdf5
3 Eigenstrat Files with 5081 Individuals and 1233013 SNPs

Intersection on Positions: 54833
Nr of Matching Refs: 54833 / 54833
Full Intersection Ref/Alt Identical: 54796 / 54833
2504 / 2504 Individuals included in Reference
Extraction of 5008 Haplotypes complete
Reduced to markers called 22788 / 54796
(Fraction SNP: 0.41586977151616905)
Successfully saved to: ./Empirical/Eigenstrat/Reichall/I2634/chr11/
Successfully loaded Data from: ./Empirical/Eigenstrat/Reichall/I2634/chr11/
Loaded Emission Model: haploid
Loaded Transition Model: model
Loaded Post Processing Model: Standard
Minimum Genetic Map: 0.0000
Maximum Genetic Map: 1.5822
Gaps bigger than 0.1 cM: 281
Maximum Gap: 0.5366 cM
Loaded Transition and Emission Matrix:
(3, 3)
(5009, 22788)
Loaded Observations:
(2, 22788)
Memory Usage: 1261.387776 mB
Reference Number: 5008
Total Log likelihood: -8730.148
Memory Usage: 1261.387776 mB
Finished Calculation State Posteriors
Saved Zero State Posterior to ./Empirical/Eigenstrat/Reichall/I2634/chr11/.
Successfully loaded for PP. from ./Empirical/Eigenstrat/Reichall/I2634/chr11/
Fraction Markers in ROH: 0.3759
Merged n=0 gaps < 0.0 M
Called n=11 ROH Blocks > 1.0 cM
Longest Block: 2.057
Successfully saved to ./Empirical/Eigenstrat/Reichall/I2634/chr11/roh.csv
Using Low-Mem Cython Linear Speed Up.
Loaded Pre Processing Model: Eigenstrat
Loading Individual: I2634

Loaded 53911 variants
Loaded 2504 individuals
HDF5 loaded from ./Data/1000Genomes/HDF5/1240kHDF5/all1240/chr12.hdf5
3 Eigenstrat Files with 5081 Individuals and 1233013 SNPs

Intersection on Positions: 53911
Nr of Matching Refs: 53911 / 53911
Full Intersection Ref/Alt Identical: 53884 / 53911
2504 / 2504 Individuals included in Reference
Extraction of 5008 Haplotypes complete
Reduced to markers called 21622 / 53884
(Fraction SNP: 0.4012693935119887)
Successfully saved to: ./Empirical/Eigenstrat/Reichall/I2634/chr12/
Successfully loaded Data from: ./Empirical/Eigenstrat/Reichall/I2634/chr12/
Loaded Emission Model: haploid
Loaded Transition Model: model
Loaded Post Processing Model: Standard
Minimum Genetic Map: 0.0017
Maximum Genetic Map: 1.7468
Gaps bigger than 0.1 cM: 311
Maximum Gap: 0.8015 cM
Loaded Transition and Emission Matrix:
(3, 3)
(5009, 21622)
Loaded Observations:
(2, 21622)
Memory Usage: 1208.885248 mB
Reference Number: 5008
Total Log likelihood: -8322.454
Memory Usage: 1208.885248 mB
Finished Calculation State Posteriors
Saved Zero State Posterior to ./Empirical/Eigenstrat/Reichall/I2634/chr12/.
Successfully loaded for PP. from ./Empirical/Eigenstrat/Reichall/I2634/chr12/
Fraction Markers in ROH: 0.3817
Merged n=0 gaps < 0.0 M
Called n=14 ROH Blocks > 1.0 cM
Longest Block: 2.218
Successfully saved to ./Empirical/Eigenstrat/Reichall/I2634/chr12/roh.csv
Using Low-Mem Cython Linear Speed Up.
Loaded Pre Processing Model: Eigenstrat
Loading Individual: I2634

Loaded 39018 variants
Loaded 2504 individuals
HDF5 loaded from ./Data/1000Genomes/HDF5/1240kHDF5/all1240/chr13.hdf5
3 Eigenstrat Files with 5081 Individuals and 1233013 SNPs

Intersection on Positions: 39018
Nr of Matching Refs: 39018 / 39018
Full Intersection Ref/Alt Identical: 38994 / 39018
2504 / 2504 Individuals included in Reference
Extraction of 5008 Haplotypes complete
Reduced to markers called 14345 / 38994
(Fraction SNP: 0.36787710929886647)
Successfully saved to: ./Empirical/Eigenstrat/Reichall/I2634/chr13/
Successfully loaded Data from: ./Empirical/Eigenstrat/Reichall/I2634/chr13/
Loaded Emission Model: haploid
Loaded Transition Model: model
Loaded Post Processing Model: Standard
Minimum Genetic Map: 0.0019
Maximum Genetic Map: 1.2570
Gaps bigger than 0.1 cM: 234
Maximum Gap: 1.2216 cM
Loaded Transition and Emission Matrix:
(3, 3)
(5009, 14345)
Loaded Observations:
(2, 14345)
Memory Usage: 880.975872 mB
Reference Number: 5008
Total Log likelihood: -5513.153
Memory Usage: 880.975872 mB
Finished Calculation State Posteriors
Saved Zero State Posterior to ./Empirical/Eigenstrat/Reichall/I2634/chr13/.
Successfully loaded for PP. from ./Empirical/Eigenstrat/Reichall/I2634/chr13/
Fraction Markers in ROH: 0.3695
Merged n=0 gaps < 0.0 M
Called n=6 ROH Blocks > 1.0 cM
Longest Block: 1.608
Successfully saved to ./Empirical/Eigenstrat/Reichall/I2634/chr13/roh.csv
Using Low-Mem Cython Linear Speed Up.
Loaded Pre Processing Model: Eigenstrat
Loading Individual: I2634

Loaded 36301 variants
Loaded 2504 individuals
HDF5 loaded from ./Data/1000Genomes/HDF5/1240kHDF5/all1240/chr14.hdf5
3 Eigenstrat Files with 5081 Individuals and 1233013 SNPs

Intersection on Positions: 36301
Nr of Matching Refs: 36301 / 36301
Full Intersection Ref/Alt Identical: 36280 / 36301
2504 / 2504 Individuals included in Reference
Extraction of 5008 Haplotypes complete
Reduced to markers called 14565 / 36280
(Fraction SNP: 0.4014608599779493)
Successfully saved to: ./Empirical/Eigenstrat/Reichall/I2634/chr14/
Successfully loaded Data from: ./Empirical/Eigenstrat/Reichall/I2634/chr14/
Loaded Emission Model: haploid
Loaded Transition Model: model
Loaded Post Processing Model: Standard
Minimum Genetic Map: 0.0161
Maximum Genetic Map: 1.2020
Gaps bigger than 0.1 cM: 220
Maximum Gap: 3.4034 cM
Loaded Transition and Emission Matrix:
(3, 3)
(5009, 14565)
Loaded Observations:
(2, 14565)
Memory Usage: 891.256832 mB
Reference Number: 5008
Total Log likelihood: -5606.104
Memory Usage: 891.256832 mB
Finished Calculation State Posteriors
Saved Zero State Posterior to ./Empirical/Eigenstrat/Reichall/I2634/chr14/.
Successfully loaded for PP. from ./Empirical/Eigenstrat/Reichall/I2634/chr14/
Fraction Markers in ROH: 0.3832
Merged n=0 gaps < 0.0 M
Called n=7 ROH Blocks > 1.0 cM
Longest Block: 2.058
Successfully saved to ./Empirical/Eigenstrat/Reichall/I2634/chr14/roh.csv
Using Low-Mem Cython Linear Speed Up.
Loaded Pre Processing Model: Eigenstrat
Loading Individual: I2634

Loaded 34429 variants
Loaded 2504 individuals
HDF5 loaded from ./Data/1000Genomes/HDF5/1240kHDF5/all1240/chr15.hdf5
3 Eigenstrat Files with 5081 Individuals and 1233013 SNPs

Intersection on Positions: 34429
Nr of Matching Refs: 34429 / 34429
Full Intersection Ref/Alt Identical: 34407 / 34429
2504 / 2504 Individuals included in Reference
Extraction of 5008 Haplotypes complete
Reduced to markers called 14746 / 34407
(Fraction SNP: 0.4285755805504694)
Successfully saved to: ./Empirical/Eigenstrat/Reichall/I2634/chr15/
Successfully loaded Data from: ./Empirical/Eigenstrat/Reichall/I2634/chr15/
Loaded Emission Model: haploid
Loaded Transition Model: model
Loaded Post Processing Model: Standard
Minimum Genetic Map: 0.0002
Maximum Genetic Map: 1.4134
Gaps bigger than 0.1 cM: 217
Maximum Gap: 13.7349 cM
Loaded Transition and Emission Matrix:
(3, 3)
(5009, 14746)
Loaded Observations:
(2, 14746)
Memory Usage: 899.21536 mB
Reference Number: 5008
Total Log likelihood: -5502.207
Memory Usage: 899.21536 mB
Finished Calculation State Posteriors
Saved Zero State Posterior to ./Empirical/Eigenstrat/Reichall/I2634/chr15/.
Successfully loaded for PP. from ./Empirical/Eigenstrat/Reichall/I2634/chr15/
Fraction Markers in ROH: 0.4059
Merged n=0 gaps < 0.0 M
Called n=5 ROH Blocks > 1.0 cM
Longest Block: 2.953
Successfully saved to ./Empirical/Eigenstrat/Reichall/I2634/chr15/roh.csv
Using Low-Mem Cython Linear Speed Up.
Loaded Pre Processing Model: Eigenstrat
Loading Individual: I2634

Loaded 34402 variants
Loaded 2504 individuals
HDF5 loaded from ./Data/1000Genomes/HDF5/1240kHDF5/all1240/chr16.hdf5
3 Eigenstrat Files with 5081 Individuals and 1233013 SNPs

Intersection on Positions: 34402
Nr of Matching Refs: 34402 / 34402
Full Intersection Ref/Alt Identical: 34375 / 34402
2504 / 2504 Individuals included in Reference
Extraction of 5008 Haplotypes complete
Reduced to markers called 15843 / 34375
(Fraction SNP: 0.4608872727272727)
Successfully saved to: ./Empirical/Eigenstrat/Reichall/I2634/chr16/
Successfully loaded Data from: ./Empirical/Eigenstrat/Reichall/I2634/chr16/
Loaded Emission Model: haploid
Loaded Transition Model: model
Loaded Post Processing Model: Standard
Minimum Genetic Map: -0.0000
Maximum Genetic Map: 1.3403
Gaps bigger than 0.1 cM: 238
Maximum Gap: 0.8461 cM
Loaded Transition and Emission Matrix:
(3, 3)
(5009, 15843)
Loaded Observations:
(2, 15843)
Memory Usage: 948.71552 mB
Reference Number: 5008
Total Log likelihood: -5797.128
Memory Usage: 948.71552 mB
Finished Calculation State Posteriors
Saved Zero State Posterior to ./Empirical/Eigenstrat/Reichall/I2634/chr16/.
Successfully loaded for PP. from ./Empirical/Eigenstrat/Reichall/I2634/chr16/
Fraction Markers in ROH: 0.4359
Merged n=0 gaps < 0.0 M
Called n=12 ROH Blocks > 1.0 cM
Longest Block: 3.908
Successfully saved to ./Empirical/Eigenstrat/Reichall/I2634/chr16/roh.csv
Using Low-Mem Cython Linear Speed Up.
Loaded Pre Processing Model: Eigenstrat
Loading Individual: I2634

Loaded 29314 variants
Loaded 2504 individuals
HDF5 loaded from ./Data/1000Genomes/HDF5/1240kHDF5/all1240/chr17.hdf5
3 Eigenstrat Files with 5081 Individuals and 1233013 SNPs

Intersection on Positions: 29314
Nr of Matching Refs: 29314 / 29314
Full Intersection Ref/Alt Identical: 29292 / 29314
2504 / 2504 Individuals included in Reference
Extraction of 5008 Haplotypes complete
Reduced to markers called 14173 / 29292
(Fraction SNP: 0.4838522463471255)
Successfully saved to: ./Empirical/Eigenstrat/Reichall/I2634/chr17/
Successfully loaded Data from: ./Empirical/Eigenstrat/Reichall/I2634/chr17/
Loaded Emission Model: haploid
Loaded Transition Model: model
Loaded Post Processing Model: Standard
Minimum Genetic Map: 0.0002
Maximum Genetic Map: 1.2847
Gaps bigger than 0.1 cM: 224
Maximum Gap: 1.2341 cM
Loaded Transition and Emission Matrix:
(3, 3)
(5009, 14173)
Loaded Observations:
(2, 14173)
Memory Usage: 873.713664 mB
Reference Number: 5008
Total Log likelihood: -5406.226
Memory Usage: 873.713664 mB
Finished Calculation State Posteriors
Saved Zero State Posterior to ./Empirical/Eigenstrat/Reichall/I2634/chr17/.
Successfully loaded for PP. from ./Empirical/Eigenstrat/Reichall/I2634/chr17/
Fraction Markers in ROH: 0.4113
Merged n=0 gaps < 0.0 M
Called n=8 ROH Blocks > 1.0 cM
Longest Block: 2.929
Successfully saved to ./Empirical/Eigenstrat/Reichall/I2634/chr17/roh.csv
Using Low-Mem Cython Linear Speed Up.
Loaded Pre Processing Model: Eigenstrat
Loading Individual: I2634

Loaded 33917 variants
Loaded 2504 individuals
HDF5 loaded from ./Data/1000Genomes/HDF5/1240kHDF5/all1240/chr18.hdf5
3 Eigenstrat Files with 5081 Individuals and 1233013 SNPs

Intersection on Positions: 33917
Nr of Matching Refs: 33917 / 33917
Full Intersection Ref/Alt Identical: 33902 / 33917
2504 / 2504 Individuals included in Reference
Extraction of 5008 Haplotypes complete
Reduced to markers called 13345 / 33902
(Fraction SNP: 0.3936345938292726)
Successfully saved to: ./Empirical/Eigenstrat/Reichall/I2634/chr18/
Successfully loaded Data from: ./Empirical/Eigenstrat/Reichall/I2634/chr18/
Loaded Emission Model: haploid
Loaded Transition Model: model
Loaded Post Processing Model: Standard
Minimum Genetic Map: 0.0027
Maximum Genetic Map: 1.1771
Gaps bigger than 0.1 cM: 227
Maximum Gap: 0.4763 cM
Loaded Transition and Emission Matrix:
(3, 3)
(5009, 13345)
Loaded Observations:
(2, 13345)
Memory Usage: 835.895296 mB
Reference Number: 5008
Total Log likelihood: -4822.294
Memory Usage: 835.895296 mB
Finished Calculation State Posteriors
Saved Zero State Posterior to ./Empirical/Eigenstrat/Reichall/I2634/chr18/.
Successfully loaded for PP. from ./Empirical/Eigenstrat/Reichall/I2634/chr18/
Fraction Markers in ROH: 0.4288
Merged n=0 gaps < 0.0 M
Called n=11 ROH Blocks > 1.0 cM
Longest Block: 1.809
Successfully saved to ./Empirical/Eigenstrat/Reichall/I2634/chr18/roh.csv
Using Low-Mem Cython Linear Speed Up.
Loaded Pre Processing Model: Eigenstrat
Loading Individual: I2634

Loaded 18460 variants
Loaded 2504 individuals
HDF5 loaded from ./Data/1000Genomes/HDF5/1240kHDF5/all1240/chr19.hdf5
3 Eigenstrat Files with 5081 Individuals and 1233013 SNPs

Intersection on Positions: 18460
Nr of Matching Refs: 18460 / 18460
Full Intersection Ref/Alt Identical: 18441 / 18460
2504 / 2504 Individuals included in Reference
Extraction of 5008 Haplotypes complete
Reduced to markers called 9320 / 18441
(Fraction SNP: 0.5053955859226723)
Successfully saved to: ./Empirical/Eigenstrat/Reichall/I2634/chr19/
Successfully loaded Data from: ./Empirical/Eigenstrat/Reichall/I2634/chr19/
Loaded Emission Model: haploid
Loaded Transition Model: model
Loaded Post Processing Model: Standard
Minimum Genetic Map: 0.0000
Maximum Genetic Map: 1.0773
Gaps bigger than 0.1 cM: 215
Maximum Gap: 0.6406 cM
Loaded Transition and Emission Matrix:
(3, 3)
(5009, 9320)
Loaded Observations:
(2, 9320)
Memory Usage: 655.335424 mB
Reference Number: 5008
Total Log likelihood: -3660.457
Memory Usage: 655.335424 mB
Finished Calculation State Posteriors
Saved Zero State Posterior to ./Empirical/Eigenstrat/Reichall/I2634/chr19/.
Successfully loaded for PP. from ./Empirical/Eigenstrat/Reichall/I2634/chr19/
Fraction Markers in ROH: 0.3834
Merged n=0 gaps < 0.0 M
Called n=12 ROH Blocks > 1.0 cM
Longest Block: 1.745
Successfully saved to ./Empirical/Eigenstrat/Reichall/I2634/chr19/roh.csv
Using Low-Mem Cython Linear Speed Up.
Loaded Pre Processing Model: Eigenstrat
Loading Individual: I2634

Loaded 29078 variants
Loaded 2504 individuals
HDF5 loaded from ./Data/1000Genomes/HDF5/1240kHDF5/all1240/chr20.hdf5
3 Eigenstrat Files with 5081 Individuals and 1233013 SNPs

Intersection on Positions: 29078
Nr of Matching Refs: 29078 / 29078
Full Intersection Ref/Alt Identical: 29053 / 29078
2504 / 2504 Individuals included in Reference
Extraction of 5008 Haplotypes complete
Reduced to markers called 13487 / 29053
(Fraction SNP: 0.4642205624204041)
Successfully saved to: ./Empirical/Eigenstrat/Reichall/I2634/chr20/
Successfully loaded Data from: ./Empirical/Eigenstrat/Reichall/I2634/chr20/
Loaded Emission Model: haploid
Loaded Transition Model: model
Loaded Post Processing Model: Standard
Minimum Genetic Map: 0.0006
Maximum Genetic Map: 1.0821
Gaps bigger than 0.1 cM: 211
Maximum Gap: 0.4744 cM
Loaded Transition and Emission Matrix:
(3, 3)
(5009, 13487)
Loaded Observations:
(2, 13487)
Memory Usage: 842.825728 mB
Reference Number: 5008
Total Log likelihood: -5213.204
Memory Usage: 842.825728 mB
Finished Calculation State Posteriors
Saved Zero State Posterior to ./Empirical/Eigenstrat/Reichall/I2634/chr20/.
Successfully loaded for PP. from ./Empirical/Eigenstrat/Reichall/I2634/chr20/
Fraction Markers in ROH: 0.3728
Merged n=0 gaps < 0.0 M
Called n=8 ROH Blocks > 1.0 cM
Longest Block: 1.534
Successfully saved to ./Empirical/Eigenstrat/Reichall/I2634/chr20/roh.csv
Using Low-Mem Cython Linear Speed Up.
Loaded Pre Processing Model: Eigenstrat
Loading Individual: I2634

Loaded 16038 variants
Loaded 2504 individuals
HDF5 loaded from ./Data/1000Genomes/HDF5/1240kHDF5/all1240/chr21.hdf5
3 Eigenstrat Files with 5081 Individuals and 1233013 SNPs

Intersection on Positions: 16038
Nr of Matching Refs: 16038 / 16038
Full Intersection Ref/Alt Identical: 16031 / 16038
2504 / 2504 Individuals included in Reference
Extraction of 5008 Haplotypes complete
Reduced to markers called 6481 / 16031
(Fraction SNP: 0.40427920903249953)
Successfully saved to: ./Empirical/Eigenstrat/Reichall/I2634/chr21/
Successfully loaded Data from: ./Empirical/Eigenstrat/Reichall/I2634/chr21/
Loaded Emission Model: haploid
Loaded Transition Model: model
Loaded Post Processing Model: Standard
Minimum Genetic Map: 0.0087
Maximum Genetic Map: 0.6277
Gaps bigger than 0.1 cM: 128
Maximum Gap: 0.5852 cM
Loaded Transition and Emission Matrix:
(3, 3)
(5009, 6481)
Loaded Observations:
(2, 6481)
Memory Usage: 526.802944 mB
Reference Number: 5008
Total Log likelihood: -2609.276
Memory Usage: 526.802944 mB
Finished Calculation State Posteriors
Saved Zero State Posterior to ./Empirical/Eigenstrat/Reichall/I2634/chr21/.
Successfully loaded for PP. from ./Empirical/Eigenstrat/Reichall/I2634/chr21/
Fraction Markers in ROH: 0.3521
Merged n=0 gaps < 0.0 M
Called n=3 ROH Blocks > 1.0 cM
Longest Block: 1.420
Successfully saved to ./Empirical/Eigenstrat/Reichall/I2634/chr21/roh.csv
Using Low-Mem Cython Linear Speed Up.
Loaded Pre Processing Model: Eigenstrat
Loading Individual: I2634

Loaded 15802 variants
Loaded 2504 individuals
HDF5 loaded from ./Data/1000Genomes/HDF5/1240kHDF5/all1240/chr22.hdf5
3 Eigenstrat Files with 5081 Individuals and 1233013 SNPs

Intersection on Positions: 15802
Nr of Matching Refs: 15802 / 15802
Full Intersection Ref/Alt Identical: 15793 / 15802
2504 / 2504 Individuals included in Reference
Extraction of 5008 Haplotypes complete
Reduced to markers called 8486 / 15793
(Fraction SNP: 0.5373266637117711)
Successfully saved to: ./Empirical/Eigenstrat/Reichall/I2634/chr22/
Successfully loaded Data from: ./Empirical/Eigenstrat/Reichall/I2634/chr22/
Loaded Emission Model: haploid
Loaded Transition Model: model
Loaded Post Processing Model: Standard
Minimum Genetic Map: 0.0180
Maximum Genetic Map: 0.7408
Gaps bigger than 0.1 cM: 126
Maximum Gap: 1.6277 cM
Loaded Transition and Emission Matrix:
(3, 3)
(5009, 8486)
Loaded Observations:
(2, 8486)
Memory Usage: 617.750528 mB
Reference Number: 5008
Total Log likelihood: -3453.784
Memory Usage: 617.750528 mB
Finished Calculation State Posteriors
Saved Zero State Posterior to ./Empirical/Eigenstrat/Reichall/I2634/chr22/.
Successfully loaded for PP. from ./Empirical/Eigenstrat/Reichall/I2634/chr22/
Fraction Markers in ROH: 0.3320
Merged n=0 gaps < 0.0 M
Called n=6 ROH Blocks > 1.0 cM
Longest Block: 1.621
Successfully saved to ./Empirical/Eigenstrat/Reichall/I2634/chr22/roh.csv
