Loaded 2106 / 5081 ancient Indivdiuals Anno File.
Doing Individual I7577...
Using Low-Mem Cython Linear Speed Up.
Loaded Pre Processing Model: Eigenstrat
Loading Individual: I7577

Loaded 89147 variants
Loaded 2504 individuals
HDF5 loaded from ./Data/1000Genomes/HDF5/1240kHDF5/all1240/chr1.hdf5
3 Eigenstrat Files with 5081 Individuals and 1233013 SNPs

Intersection on Positions: 89147
Nr of Matching Refs: 89147 / 89147
Full Intersection Ref/Alt Identical: 89082 / 89147
2504 / 2504 Individuals included in Reference
Extraction of 5008 Haplotypes complete
Reduced to markers called 60873 / 89082
(Fraction SNP: 0.6833367010170405)
Successfully saved to: ./Empirical/Eigenstrat/Reichall/I7577/chr1/
Successfully loaded Data from: ./Empirical/Eigenstrat/Reichall/I7577/chr1/
Loaded Emission Model: haploid
Loaded Transition Model: model
Loaded Post Processing Model: Standard
Minimum Genetic Map: 0.0201
Maximum Genetic Map: 2.8627
Gaps bigger than 0.1 cM: 330
Maximum Gap: 2.9229 cM
Loaded Transition and Emission Matrix:
(3, 3)
(5009, 60873)
Loaded Observations:
(2, 60873)
Memory Usage: 2938.871808 mB
Reference Number: 5008
Total Log likelihood: -21859.336
Memory Usage: 2939.334656 mB
Finished Calculation State Posteriors
Saved Zero State Posterior to ./Empirical/Eigenstrat/Reichall/I7577/chr1/.
Successfully loaded for PP. from ./Empirical/Eigenstrat/Reichall/I7577/chr1/
Fraction Markers in ROH: 0.3878
Merged n=0 gaps < 0.0 M
Called n=8 ROH Blocks > 1.0 cM
Longest Block: 1.462
Successfully saved to ./Empirical/Eigenstrat/Reichall/I7577/chr1/roh.csv
Using Low-Mem Cython Linear Speed Up.
Loaded Pre Processing Model: Eigenstrat
Loading Individual: I7577

Loaded 94239 variants
Loaded 2504 individuals
HDF5 loaded from ./Data/1000Genomes/HDF5/1240kHDF5/all1240/chr2.hdf5
3 Eigenstrat Files with 5081 Individuals and 1233013 SNPs

Intersection on Positions: 94239
Nr of Matching Refs: 94239 / 94239
Full Intersection Ref/Alt Identical: 94173 / 94239
2504 / 2504 Individuals included in Reference
Extraction of 5008 Haplotypes complete
Reduced to markers called 60967 / 94173
(Fraction SNP: 0.6473936266233421)
Successfully saved to: ./Empirical/Eigenstrat/Reichall/I7577/chr2/
Successfully loaded Data from: ./Empirical/Eigenstrat/Reichall/I7577/chr2/
Loaded Emission Model: haploid
Loaded Transition Model: model
Loaded Post Processing Model: Standard
Minimum Genetic Map: 0.0002
Maximum Genetic Map: 2.6883
Gaps bigger than 0.1 cM: 319
Maximum Gap: 1.8302 cM
Loaded Transition and Emission Matrix:
(3, 3)
(5009, 60967)
Loaded Observations:
(2, 60967)
Memory Usage: 2982.764544 mB
Reference Number: 5008
Total Log likelihood: -21784.998
Memory Usage: 2982.764544 mB
Finished Calculation State Posteriors
Saved Zero State Posterior to ./Empirical/Eigenstrat/Reichall/I7577/chr2/.
Successfully loaded for PP. from ./Empirical/Eigenstrat/Reichall/I7577/chr2/
Fraction Markers in ROH: 0.4213
Merged n=0 gaps < 0.0 M
Called n=10 ROH Blocks > 1.0 cM
Longest Block: 2.993
Successfully saved to ./Empirical/Eigenstrat/Reichall/I7577/chr2/roh.csv
Using Low-Mem Cython Linear Speed Up.
Loaded Pre Processing Model: Eigenstrat
Loading Individual: I7577

Loaded 77652 variants
Loaded 2504 individuals
HDF5 loaded from ./Data/1000Genomes/HDF5/1240kHDF5/all1240/chr3.hdf5
3 Eigenstrat Files with 5081 Individuals and 1233013 SNPs

Intersection on Positions: 77652
Nr of Matching Refs: 77652 / 77652
Full Intersection Ref/Alt Identical: 77601 / 77652
2504 / 2504 Individuals included in Reference
Extraction of 5008 Haplotypes complete
Reduced to markers called 49767 / 77601
(Fraction SNP: 0.6413190551668149)
Successfully saved to: ./Empirical/Eigenstrat/Reichall/I7577/chr3/
Successfully loaded Data from: ./Empirical/Eigenstrat/Reichall/I7577/chr3/
Loaded Emission Model: haploid
Loaded Transition Model: model
Loaded Post Processing Model: Standard
Minimum Genetic Map: 0.0000
Maximum Genetic Map: 2.2326
Gaps bigger than 0.1 cM: 284
Maximum Gap: 0.2681 cM
Loaded Transition and Emission Matrix:
(3, 3)
(5009, 49767)
Loaded Observations:
(2, 49767)
Memory Usage: 2477.93664 mB
Reference Number: 5008
Total Log likelihood: -18412.480
Memory Usage: 2477.93664 mB
Finished Calculation State Posteriors
Saved Zero State Posterior to ./Empirical/Eigenstrat/Reichall/I7577/chr3/.
Successfully loaded for PP. from ./Empirical/Eigenstrat/Reichall/I7577/chr3/
Fraction Markers in ROH: 0.3846
Merged n=0 gaps < 0.0 M
Called n=4 ROH Blocks > 1.0 cM
Longest Block: 2.405
Successfully saved to ./Empirical/Eigenstrat/Reichall/I7577/chr3/roh.csv
Using Low-Mem Cython Linear Speed Up.
Loaded Pre Processing Model: Eigenstrat
Loading Individual: I7577

Loaded 68759 variants
Loaded 2504 individuals
HDF5 loaded from ./Data/1000Genomes/HDF5/1240kHDF5/all1240/chr4.hdf5
3 Eigenstrat Files with 5081 Individuals and 1233013 SNPs

Intersection on Positions: 68759
Nr of Matching Refs: 68759 / 68759
Full Intersection Ref/Alt Identical: 68720 / 68759
2504 / 2504 Individuals included in Reference
Extraction of 5008 Haplotypes complete
Reduced to markers called 40882 / 68720
(Fraction SNP: 0.594906868451688)
Successfully saved to: ./Empirical/Eigenstrat/Reichall/I7577/chr4/
Successfully loaded Data from: ./Empirical/Eigenstrat/Reichall/I7577/chr4/
Loaded Emission Model: haploid
Loaded Transition Model: model
Loaded Post Processing Model: Standard
Minimum Genetic Map: 0.0034
Maximum Genetic Map: 2.1454
Gaps bigger than 0.1 cM: 279
Maximum Gap: 2.0422 cM
Loaded Transition and Emission Matrix:
(3, 3)
(5009, 40882)
Loaded Observations:
(2, 40882)
Memory Usage: 2077.814784 mB
Reference Number: 5008
Total Log likelihood: -13970.615
Memory Usage: 2077.814784 mB
Finished Calculation State Posteriors
Saved Zero State Posterior to ./Empirical/Eigenstrat/Reichall/I7577/chr4/.
Successfully loaded for PP. from ./Empirical/Eigenstrat/Reichall/I7577/chr4/
Fraction Markers in ROH: 0.4521
Merged n=0 gaps < 0.0 M
Called n=14 ROH Blocks > 1.0 cM
Longest Block: 3.092
Successfully saved to ./Empirical/Eigenstrat/Reichall/I7577/chr4/roh.csv
Using Low-Mem Cython Linear Speed Up.
Loaded Pre Processing Model: Eigenstrat
Loading Individual: I7577

Loaded 69399 variants
Loaded 2504 individuals
HDF5 loaded from ./Data/1000Genomes/HDF5/1240kHDF5/all1240/chr5.hdf5
3 Eigenstrat Files with 5081 Individuals and 1233013 SNPs

Intersection on Positions: 69399
Nr of Matching Refs: 69399 / 69399
Full Intersection Ref/Alt Identical: 69354 / 69399
2504 / 2504 Individuals included in Reference
Extraction of 5008 Haplotypes complete
Reduced to markers called 44515 / 69354
(Fraction SNP: 0.6418519479770453)
Successfully saved to: ./Empirical/Eigenstrat/Reichall/I7577/chr5/
Successfully loaded Data from: ./Empirical/Eigenstrat/Reichall/I7577/chr5/
Loaded Emission Model: haploid
Loaded Transition Model: model
Loaded Post Processing Model: Standard
Minimum Genetic Map: 0.0004
Maximum Genetic Map: 2.0409
Gaps bigger than 0.1 cM: 278
Maximum Gap: 1.1070 cM
Loaded Transition and Emission Matrix:
(3, 3)
(5009, 44515)
Loaded Observations:
(2, 44515)
Memory Usage: 2241.523712 mB
Reference Number: 5008
Total Log likelihood: -15883.320
Memory Usage: 2241.523712 mB
Finished Calculation State Posteriors
Saved Zero State Posterior to ./Empirical/Eigenstrat/Reichall/I7577/chr5/.
Successfully loaded for PP. from ./Empirical/Eigenstrat/Reichall/I7577/chr5/
Fraction Markers in ROH: 0.4095
Merged n=0 gaps < 0.0 M
Called n=8 ROH Blocks > 1.0 cM
Longest Block: 2.509
Successfully saved to ./Empirical/Eigenstrat/Reichall/I7577/chr5/roh.csv
Using Low-Mem Cython Linear Speed Up.
Loaded Pre Processing Model: Eigenstrat
Loading Individual: I7577

Loaded 75870 variants
Loaded 2504 individuals
HDF5 loaded from ./Data/1000Genomes/HDF5/1240kHDF5/all1240/chr6.hdf5
3 Eigenstrat Files with 5081 Individuals and 1233013 SNPs

Intersection on Positions: 75870
Nr of Matching Refs: 75870 / 75870
Full Intersection Ref/Alt Identical: 75816 / 75870
2504 / 2504 Individuals included in Reference
Extraction of 5008 Haplotypes complete
Reduced to markers called 48845 / 75816
(Fraction SNP: 0.6442571488867785)
Successfully saved to: ./Empirical/Eigenstrat/Reichall/I7577/chr6/
Successfully loaded Data from: ./Empirical/Eigenstrat/Reichall/I7577/chr6/
Loaded Emission Model: haploid
Loaded Transition Model: model
Loaded Post Processing Model: Standard
Minimum Genetic Map: 0.0035
Maximum Genetic Map: 1.9203
Gaps bigger than 0.1 cM: 222
Maximum Gap: 0.5143 cM
Loaded Transition and Emission Matrix:
(3, 3)
(5009, 48845)
Loaded Observations:
(2, 48845)
Memory Usage: 2436.866048 mB
Reference Number: 5008
Total Log likelihood: -17664.441
Memory Usage: 2435.25632 mB
Finished Calculation State Posteriors
Saved Zero State Posterior to ./Empirical/Eigenstrat/Reichall/I7577/chr6/.
Successfully loaded for PP. from ./Empirical/Eigenstrat/Reichall/I7577/chr6/
Fraction Markers in ROH: 0.4038
Merged n=0 gaps < 0.0 M
Called n=11 ROH Blocks > 1.0 cM
Longest Block: 1.925
Successfully saved to ./Empirical/Eigenstrat/Reichall/I7577/chr6/roh.csv
Using Low-Mem Cython Linear Speed Up.
Loaded Pre Processing Model: Eigenstrat
Loading Individual: I7577

Loaded 59890 variants
Loaded 2504 individuals
HDF5 loaded from ./Data/1000Genomes/HDF5/1240kHDF5/all1240/chr7.hdf5
3 Eigenstrat Files with 5081 Individuals and 1233013 SNPs

Intersection on Positions: 59890
Nr of Matching Refs: 59890 / 59890
Full Intersection Ref/Alt Identical: 59836 / 59890
2504 / 2504 Individuals included in Reference
Extraction of 5008 Haplotypes complete
Reduced to markers called 38291 / 59836
(Fraction SNP: 0.6399324821177886)
Successfully saved to: ./Empirical/Eigenstrat/Reichall/I7577/chr7/
Successfully loaded Data from: ./Empirical/Eigenstrat/Reichall/I7577/chr7/
Loaded Emission Model: haploid
Loaded Transition Model: model
Loaded Post Processing Model: Standard
Minimum Genetic Map: 0.0000
Maximum Genetic Map: 1.8715
Gaps bigger than 0.1 cM: 260
Maximum Gap: 0.8416 cM
Loaded Transition and Emission Matrix:
(3, 3)
(5009, 38291)
Loaded Observations:
(2, 38291)
Memory Usage: 1960.574976 mB
Reference Number: 5008
Total Log likelihood: -13923.880
Memory Usage: 1960.59136 mB
Finished Calculation State Posteriors
Saved Zero State Posterior to ./Empirical/Eigenstrat/Reichall/I7577/chr7/.
Successfully loaded for PP. from ./Empirical/Eigenstrat/Reichall/I7577/chr7/
Fraction Markers in ROH: 0.4153
Merged n=0 gaps < 0.0 M
Called n=13 ROH Blocks > 1.0 cM
Longest Block: 2.266
Successfully saved to ./Empirical/Eigenstrat/Reichall/I7577/chr7/roh.csv
Using Low-Mem Cython Linear Speed Up.
Loaded Pre Processing Model: Eigenstrat
Loading Individual: I7577

Loaded 61133 variants
Loaded 2504 individuals
HDF5 loaded from ./Data/1000Genomes/HDF5/1240kHDF5/all1240/chr8.hdf5
3 Eigenstrat Files with 5081 Individuals and 1233013 SNPs

Intersection on Positions: 61133
Nr of Matching Refs: 61133 / 61133
Full Intersection Ref/Alt Identical: 61091 / 61133
2504 / 2504 Individuals included in Reference
Extraction of 5008 Haplotypes complete
Reduced to markers called 39793 / 61091
(Fraction SNP: 0.651372542600383)
Successfully saved to: ./Empirical/Eigenstrat/Reichall/I7577/chr8/
Successfully loaded Data from: ./Empirical/Eigenstrat/Reichall/I7577/chr8/
Loaded Emission Model: haploid
Loaded Transition Model: model
Loaded Post Processing Model: Standard
Minimum Genetic Map: 0.0000
Maximum Genetic Map: 1.6800
Gaps bigger than 0.1 cM: 177
Maximum Gap: 1.8932 cM
Loaded Transition and Emission Matrix:
(3, 3)
(5009, 39793)
Loaded Observations:
(2, 39793)
Memory Usage: 2028.83072 mB
Reference Number: 5008
Total Log likelihood: -14038.052
Memory Usage: 2028.83072 mB
Finished Calculation State Posteriors
Saved Zero State Posterior to ./Empirical/Eigenstrat/Reichall/I7577/chr8/.
Successfully loaded for PP. from ./Empirical/Eigenstrat/Reichall/I7577/chr8/
Fraction Markers in ROH: 0.4369
Merged n=0 gaps < 0.0 M
Called n=6 ROH Blocks > 1.0 cM
Longest Block: 1.146
Successfully saved to ./Empirical/Eigenstrat/Reichall/I7577/chr8/roh.csv
Using Low-Mem Cython Linear Speed Up.
Loaded Pre Processing Model: Eigenstrat
Loading Individual: I7577

Loaded 50668 variants
Loaded 2504 individuals
HDF5 loaded from ./Data/1000Genomes/HDF5/1240kHDF5/all1240/chr9.hdf5
3 Eigenstrat Files with 5081 Individuals and 1233013 SNPs

Intersection on Positions: 50668
Nr of Matching Refs: 50668 / 50668
Full Intersection Ref/Alt Identical: 50629 / 50668
2504 / 2504 Individuals included in Reference
Extraction of 5008 Haplotypes complete
Reduced to markers called 33717 / 50629
(Fraction SNP: 0.6659621955796086)
Successfully saved to: ./Empirical/Eigenstrat/Reichall/I7577/chr9/
Successfully loaded Data from: ./Empirical/Eigenstrat/Reichall/I7577/chr9/
Loaded Emission Model: haploid
Loaded Transition Model: model
Loaded Post Processing Model: Standard
Minimum Genetic Map: 0.0016
Maximum Genetic Map: 1.6630
Gaps bigger than 0.1 cM: 234
Maximum Gap: 2.3102 cM
Loaded Transition and Emission Matrix:
(3, 3)
(5009, 33717)
Loaded Observations:
(2, 33717)
Memory Usage: 1755.262976 mB
Reference Number: 5008
Total Log likelihood: -12600.050
Memory Usage: 1755.262976 mB
Finished Calculation State Posteriors
Saved Zero State Posterior to ./Empirical/Eigenstrat/Reichall/I7577/chr9/.
Successfully loaded for PP. from ./Empirical/Eigenstrat/Reichall/I7577/chr9/
Fraction Markers in ROH: 0.3963
Merged n=0 gaps < 0.0 M
Called n=7 ROH Blocks > 1.0 cM
Longest Block: 1.861
Successfully saved to ./Empirical/Eigenstrat/Reichall/I7577/chr9/roh.csv
Using Low-Mem Cython Linear Speed Up.
Loaded Pre Processing Model: Eigenstrat
Loading Individual: I7577

Loaded 58804 variants
Loaded 2504 individuals
HDF5 loaded from ./Data/1000Genomes/HDF5/1240kHDF5/all1240/chr10.hdf5
3 Eigenstrat Files with 5081 Individuals and 1233013 SNPs

Intersection on Positions: 58804
Nr of Matching Refs: 58804 / 58804
Full Intersection Ref/Alt Identical: 58763 / 58804
2504 / 2504 Individuals included in Reference
Extraction of 5008 Haplotypes complete
Reduced to markers called 39971 / 58763
(Fraction SNP: 0.680206932933989)
Successfully saved to: ./Empirical/Eigenstrat/Reichall/I7577/chr10/
Successfully loaded Data from: ./Empirical/Eigenstrat/Reichall/I7577/chr10/
Loaded Emission Model: haploid
Loaded Transition Model: model
Loaded Post Processing Model: Standard
Minimum Genetic Map: 0.0001
Maximum Genetic Map: 1.8092
Gaps bigger than 0.1 cM: 218
Maximum Gap: 2.0338 cM
Loaded Transition and Emission Matrix:
(3, 3)
(5009, 39971)
Loaded Observations:
(2, 39971)
Memory Usage: 2037.47328 mB
Reference Number: 5008
Total Log likelihood: -14709.515
Memory Usage: 2037.47328 mB
Finished Calculation State Posteriors
Saved Zero State Posterior to ./Empirical/Eigenstrat/Reichall/I7577/chr10/.
Successfully loaded for PP. from ./Empirical/Eigenstrat/Reichall/I7577/chr10/
Fraction Markers in ROH: 0.3813
Merged n=0 gaps < 0.0 M
Called n=4 ROH Blocks > 1.0 cM
Longest Block: 2.203
Successfully saved to ./Empirical/Eigenstrat/Reichall/I7577/chr10/roh.csv
Using Low-Mem Cython Linear Speed Up.
Loaded Pre Processing Model: Eigenstrat
Loading Individual: I7577

Loaded 54833 variants
Loaded 2504 individuals
HDF5 loaded from ./Data/1000Genomes/HDF5/1240kHDF5/all1240/chr11.hdf5
3 Eigenstrat Files with 5081 Individuals and 1233013 SNPs

Intersection on Positions: 54833
Nr of Matching Refs: 54833 / 54833
Full Intersection Ref/Alt Identical: 54796 / 54833
2504 / 2504 Individuals included in Reference
Extraction of 5008 Haplotypes complete
Reduced to markers called 36706 / 54796
(Fraction SNP: 0.6698664136068326)
Successfully saved to: ./Empirical/Eigenstrat/Reichall/I7577/chr11/
Successfully loaded Data from: ./Empirical/Eigenstrat/Reichall/I7577/chr11/
Loaded Emission Model: haploid
Loaded Transition Model: model
Loaded Post Processing Model: Standard
Minimum Genetic Map: 0.0000
Maximum Genetic Map: 1.5822
Gaps bigger than 0.1 cM: 195
Maximum Gap: 0.5366 cM
Loaded Transition and Emission Matrix:
(3, 3)
(5009, 36706)
Loaded Observations:
(2, 36706)
Memory Usage: 1890.6112 mB
Reference Number: 5008
Total Log likelihood: -13653.186
Memory Usage: 1890.6112 mB
Finished Calculation State Posteriors
Saved Zero State Posterior to ./Empirical/Eigenstrat/Reichall/I7577/chr11/.
Successfully loaded for PP. from ./Empirical/Eigenstrat/Reichall/I7577/chr11/
Fraction Markers in ROH: 0.3785
Merged n=0 gaps < 0.0 M
Called n=5 ROH Blocks > 1.0 cM
Longest Block: 2.181
Successfully saved to ./Empirical/Eigenstrat/Reichall/I7577/chr11/roh.csv
Using Low-Mem Cython Linear Speed Up.
Loaded Pre Processing Model: Eigenstrat
Loading Individual: I7577

Loaded 53911 variants
Loaded 2504 individuals
HDF5 loaded from ./Data/1000Genomes/HDF5/1240kHDF5/all1240/chr12.hdf5
3 Eigenstrat Files with 5081 Individuals and 1233013 SNPs

Intersection on Positions: 53911
Nr of Matching Refs: 53911 / 53911
Full Intersection Ref/Alt Identical: 53884 / 53911
2504 / 2504 Individuals included in Reference
Extraction of 5008 Haplotypes complete
Reduced to markers called 35292 / 53884
(Fraction SNP: 0.6549625120629501)
Successfully saved to: ./Empirical/Eigenstrat/Reichall/I7577/chr12/
Successfully loaded Data from: ./Empirical/Eigenstrat/Reichall/I7577/chr12/
Loaded Emission Model: haploid
Loaded Transition Model: model
Loaded Post Processing Model: Standard
Minimum Genetic Map: 0.0017
Maximum Genetic Map: 1.7468
Gaps bigger than 0.1 cM: 231
Maximum Gap: 0.8015 cM
Loaded Transition and Emission Matrix:
(3, 3)
(5009, 35292)
Loaded Observations:
(2, 35292)
Memory Usage: 1826.156544 mB
Reference Number: 5008
Total Log likelihood: -12774.433
Memory Usage: 1826.156544 mB
Finished Calculation State Posteriors
Saved Zero State Posterior to ./Empirical/Eigenstrat/Reichall/I7577/chr12/.
Successfully loaded for PP. from ./Empirical/Eigenstrat/Reichall/I7577/chr12/
Fraction Markers in ROH: 0.4140
Merged n=0 gaps < 0.0 M
Called n=6 ROH Blocks > 1.0 cM
Longest Block: 1.981
Successfully saved to ./Empirical/Eigenstrat/Reichall/I7577/chr12/roh.csv
Using Low-Mem Cython Linear Speed Up.
Loaded Pre Processing Model: Eigenstrat
Loading Individual: I7577

Loaded 39018 variants
Loaded 2504 individuals
HDF5 loaded from ./Data/1000Genomes/HDF5/1240kHDF5/all1240/chr13.hdf5
3 Eigenstrat Files with 5081 Individuals and 1233013 SNPs

Intersection on Positions: 39018
Nr of Matching Refs: 39018 / 39018
Full Intersection Ref/Alt Identical: 38994 / 39018
2504 / 2504 Individuals included in Reference
Extraction of 5008 Haplotypes complete
Reduced to markers called 23852 / 38994
(Fraction SNP: 0.6116838487972509)
Successfully saved to: ./Empirical/Eigenstrat/Reichall/I7577/chr13/
Successfully loaded Data from: ./Empirical/Eigenstrat/Reichall/I7577/chr13/
Loaded Emission Model: haploid
Loaded Transition Model: model
Loaded Post Processing Model: Standard
Minimum Genetic Map: 0.0021
Maximum Genetic Map: 1.2570
Gaps bigger than 0.1 cM: 187
Maximum Gap: 1.2216 cM
Loaded Transition and Emission Matrix:
(3, 3)
(5009, 23852)
Loaded Observations:
(2, 23852)
Memory Usage: 1310.84288 mB
Reference Number: 5008
Total Log likelihood: -8843.577
Memory Usage: 1310.84288 mB
Finished Calculation State Posteriors
Saved Zero State Posterior to ./Empirical/Eigenstrat/Reichall/I7577/chr13/.
Successfully loaded for PP. from ./Empirical/Eigenstrat/Reichall/I7577/chr13/
Fraction Markers in ROH: 0.4021
Merged n=0 gaps < 0.0 M
Called n=4 ROH Blocks > 1.0 cM
Longest Block: 1.802
Successfully saved to ./Empirical/Eigenstrat/Reichall/I7577/chr13/roh.csv
Using Low-Mem Cython Linear Speed Up.
Loaded Pre Processing Model: Eigenstrat
Loading Individual: I7577

Loaded 36301 variants
Loaded 2504 individuals
HDF5 loaded from ./Data/1000Genomes/HDF5/1240kHDF5/all1240/chr14.hdf5
3 Eigenstrat Files with 5081 Individuals and 1233013 SNPs

Intersection on Positions: 36301
Nr of Matching Refs: 36301 / 36301
Full Intersection Ref/Alt Identical: 36280 / 36301
2504 / 2504 Individuals included in Reference
Extraction of 5008 Haplotypes complete
Reduced to markers called 23782 / 36280
(Fraction SNP: 0.6555126791620728)
Successfully saved to: ./Empirical/Eigenstrat/Reichall/I7577/chr14/
Successfully loaded Data from: ./Empirical/Eigenstrat/Reichall/I7577/chr14/
Loaded Emission Model: haploid
Loaded Transition Model: model
Loaded Post Processing Model: Standard
Minimum Genetic Map: 0.0184
Maximum Genetic Map: 1.2020
Gaps bigger than 0.1 cM: 165
Maximum Gap: 3.3147 cM
Loaded Transition and Emission Matrix:
(3, 3)
(5009, 23782)
Loaded Observations:
(2, 23782)
Memory Usage: 1307.799552 mB
Reference Number: 5008
Total Log likelihood: -8718.103
Memory Usage: 1307.799552 mB
Finished Calculation State Posteriors
Saved Zero State Posterior to ./Empirical/Eigenstrat/Reichall/I7577/chr14/.
Successfully loaded for PP. from ./Empirical/Eigenstrat/Reichall/I7577/chr14/
Fraction Markers in ROH: 0.3770
Merged n=0 gaps < 0.0 M
Called n=3 ROH Blocks > 1.0 cM
Longest Block: 1.109
Successfully saved to ./Empirical/Eigenstrat/Reichall/I7577/chr14/roh.csv
Using Low-Mem Cython Linear Speed Up.
Loaded Pre Processing Model: Eigenstrat
Loading Individual: I7577

Loaded 34429 variants
Loaded 2504 individuals
HDF5 loaded from ./Data/1000Genomes/HDF5/1240kHDF5/all1240/chr15.hdf5
3 Eigenstrat Files with 5081 Individuals and 1233013 SNPs

Intersection on Positions: 34429
Nr of Matching Refs: 34429 / 34429
Full Intersection Ref/Alt Identical: 34407 / 34429
2504 / 2504 Individuals included in Reference
Extraction of 5008 Haplotypes complete
Reduced to markers called 23529 / 34407
(Fraction SNP: 0.6838434039584969)
Successfully saved to: ./Empirical/Eigenstrat/Reichall/I7577/chr15/
Successfully loaded Data from: ./Empirical/Eigenstrat/Reichall/I7577/chr15/
Loaded Emission Model: haploid
Loaded Transition Model: model
Loaded Post Processing Model: Standard
Minimum Genetic Map: 0.0000
Maximum Genetic Map: 1.4135
Gaps bigger than 0.1 cM: 160
Maximum Gap: 11.6560 cM
Loaded Transition and Emission Matrix:
(3, 3)
(5009, 23529)
Loaded Observations:
(2, 23529)
Memory Usage: 1296.723968 mB
Reference Number: 5008
Total Log likelihood: -8578.272
Memory Usage: 1296.723968 mB
Finished Calculation State Posteriors
Saved Zero State Posterior to ./Empirical/Eigenstrat/Reichall/I7577/chr15/.
Successfully loaded for PP. from ./Empirical/Eigenstrat/Reichall/I7577/chr15/
Fraction Markers in ROH: 0.4016
Merged n=0 gaps < 0.0 M
Called n=5 ROH Blocks > 1.0 cM
Longest Block: 2.131
Successfully saved to ./Empirical/Eigenstrat/Reichall/I7577/chr15/roh.csv
Using Low-Mem Cython Linear Speed Up.
Loaded Pre Processing Model: Eigenstrat
Loading Individual: I7577

Loaded 34402 variants
Loaded 2504 individuals
HDF5 loaded from ./Data/1000Genomes/HDF5/1240kHDF5/all1240/chr16.hdf5
3 Eigenstrat Files with 5081 Individuals and 1233013 SNPs

Intersection on Positions: 34402
Nr of Matching Refs: 34402 / 34402
Full Intersection Ref/Alt Identical: 34375 / 34402
2504 / 2504 Individuals included in Reference
Extraction of 5008 Haplotypes complete
Reduced to markers called 25114 / 34375
(Fraction SNP: 0.7305890909090909)
Successfully saved to: ./Empirical/Eigenstrat/Reichall/I7577/chr16/
Successfully loaded Data from: ./Empirical/Eigenstrat/Reichall/I7577/chr16/
Loaded Emission Model: haploid
Loaded Transition Model: model
Loaded Post Processing Model: Standard
Minimum Genetic Map: -0.0000
Maximum Genetic Map: 1.3403
Gaps bigger than 0.1 cM: 176
Maximum Gap: 0.8461 cM
Loaded Transition and Emission Matrix:
(3, 3)
(5009, 25114)
Loaded Observations:
(2, 25114)
Memory Usage: 1368.240128 mB
Reference Number: 5008
Total Log likelihood: -9381.507
Memory Usage: 1368.240128 mB
Finished Calculation State Posteriors
Saved Zero State Posterior to ./Empirical/Eigenstrat/Reichall/I7577/chr16/.
Successfully loaded for PP. from ./Empirical/Eigenstrat/Reichall/I7577/chr16/
Fraction Markers in ROH: 0.3756
Merged n=0 gaps < 0.0 M
Called n=3 ROH Blocks > 1.0 cM
Longest Block: 1.193
Successfully saved to ./Empirical/Eigenstrat/Reichall/I7577/chr16/roh.csv
Using Low-Mem Cython Linear Speed Up.
Loaded Pre Processing Model: Eigenstrat
Loading Individual: I7577

Loaded 29314 variants
Loaded 2504 individuals
HDF5 loaded from ./Data/1000Genomes/HDF5/1240kHDF5/all1240/chr17.hdf5
3 Eigenstrat Files with 5081 Individuals and 1233013 SNPs

Intersection on Positions: 29314
Nr of Matching Refs: 29314 / 29314
Full Intersection Ref/Alt Identical: 29292 / 29314
2504 / 2504 Individuals included in Reference
Extraction of 5008 Haplotypes complete
Reduced to markers called 21880 / 29292
(Fraction SNP: 0.7469616277481906)
Successfully saved to: ./Empirical/Eigenstrat/Reichall/I7577/chr17/
Successfully loaded Data from: ./Empirical/Eigenstrat/Reichall/I7577/chr17/
Loaded Emission Model: haploid
Loaded Transition Model: model
Loaded Post Processing Model: Standard
Minimum Genetic Map: -0.0003
Maximum Genetic Map: 1.2847
Gaps bigger than 0.1 cM: 161
Maximum Gap: 1.2341 cM
Loaded Transition and Emission Matrix:
(3, 3)
(5009, 21880)
Loaded Observations:
(2, 21880)
Memory Usage: 1221.935104 mB
Reference Number: 5008
Total Log likelihood: -8168.850
Memory Usage: 1221.804032 mB
Finished Calculation State Posteriors
Saved Zero State Posterior to ./Empirical/Eigenstrat/Reichall/I7577/chr17/.
Successfully loaded for PP. from ./Empirical/Eigenstrat/Reichall/I7577/chr17/
Fraction Markers in ROH: 0.4033
Merged n=0 gaps < 0.0 M
Called n=8 ROH Blocks > 1.0 cM
Longest Block: 2.145
Successfully saved to ./Empirical/Eigenstrat/Reichall/I7577/chr17/roh.csv
Using Low-Mem Cython Linear Speed Up.
Loaded Pre Processing Model: Eigenstrat
Loading Individual: I7577

Loaded 33917 variants
Loaded 2504 individuals
HDF5 loaded from ./Data/1000Genomes/HDF5/1240kHDF5/all1240/chr18.hdf5
3 Eigenstrat Files with 5081 Individuals and 1233013 SNPs

Intersection on Positions: 33917
Nr of Matching Refs: 33917 / 33917
Full Intersection Ref/Alt Identical: 33902 / 33917
2504 / 2504 Individuals included in Reference
Extraction of 5008 Haplotypes complete
Reduced to markers called 21765 / 33902
(Fraction SNP: 0.6419975222700726)
Successfully saved to: ./Empirical/Eigenstrat/Reichall/I7577/chr18/
Successfully loaded Data from: ./Empirical/Eigenstrat/Reichall/I7577/chr18/
Loaded Emission Model: haploid
Loaded Transition Model: model
Loaded Post Processing Model: Standard
Minimum Genetic Map: 0.0025
Maximum Genetic Map: 1.1771
Gaps bigger than 0.1 cM: 177
Maximum Gap: 0.4763 cM
Loaded Transition and Emission Matrix:
(3, 3)
(5009, 21765)
Loaded Observations:
(2, 21765)
Memory Usage: 1216.933888 mB
Reference Number: 5008
Total Log likelihood: -8375.761
Memory Usage: 1216.933888 mB
Finished Calculation State Posteriors
Saved Zero State Posterior to ./Empirical/Eigenstrat/Reichall/I7577/chr18/.
Successfully loaded for PP. from ./Empirical/Eigenstrat/Reichall/I7577/chr18/
Fraction Markers in ROH: 0.3646
Merged n=0 gaps < 0.0 M
Called n=5 ROH Blocks > 1.0 cM
Longest Block: 1.380
Successfully saved to ./Empirical/Eigenstrat/Reichall/I7577/chr18/roh.csv
Using Low-Mem Cython Linear Speed Up.
Loaded Pre Processing Model: Eigenstrat
Loading Individual: I7577

Loaded 18460 variants
Loaded 2504 individuals
HDF5 loaded from ./Data/1000Genomes/HDF5/1240kHDF5/all1240/chr19.hdf5
3 Eigenstrat Files with 5081 Individuals and 1233013 SNPs

Intersection on Positions: 18460
Nr of Matching Refs: 18460 / 18460
Full Intersection Ref/Alt Identical: 18441 / 18460
2504 / 2504 Individuals included in Reference
Extraction of 5008 Haplotypes complete
Reduced to markers called 14418 / 18441
(Fraction SNP: 0.7818448023426061)
Successfully saved to: ./Empirical/Eigenstrat/Reichall/I7577/chr19/
Successfully loaded Data from: ./Empirical/Eigenstrat/Reichall/I7577/chr19/
Loaded Emission Model: haploid
Loaded Transition Model: model
Loaded Post Processing Model: Standard
Minimum Genetic Map: 0.0000
Maximum Genetic Map: 1.0773
Gaps bigger than 0.1 cM: 164
Maximum Gap: 0.5964 cM
Loaded Transition and Emission Matrix:
(3, 3)
(5009, 14418)
Loaded Observations:
(2, 14418)
Memory Usage: 885.829632 mB
Reference Number: 5008
Total Log likelihood: -5614.925
Memory Usage: 885.829632 mB
Finished Calculation State Posteriors
Saved Zero State Posterior to ./Empirical/Eigenstrat/Reichall/I7577/chr19/.
Successfully loaded for PP. from ./Empirical/Eigenstrat/Reichall/I7577/chr19/
Fraction Markers in ROH: 0.4046
Merged n=0 gaps < 0.0 M
Called n=10 ROH Blocks > 1.0 cM
Longest Block: 1.782
Successfully saved to ./Empirical/Eigenstrat/Reichall/I7577/chr19/roh.csv
Using Low-Mem Cython Linear Speed Up.
Loaded Pre Processing Model: Eigenstrat
Loading Individual: I7577

Loaded 29078 variants
Loaded 2504 individuals
HDF5 loaded from ./Data/1000Genomes/HDF5/1240kHDF5/all1240/chr20.hdf5
3 Eigenstrat Files with 5081 Individuals and 1233013 SNPs

Intersection on Positions: 29078
Nr of Matching Refs: 29078 / 29078
Full Intersection Ref/Alt Identical: 29053 / 29078
2504 / 2504 Individuals included in Reference
Extraction of 5008 Haplotypes complete
Reduced to markers called 21173 / 29053
(Fraction SNP: 0.7287715554331738)
Successfully saved to: ./Empirical/Eigenstrat/Reichall/I7577/chr20/
Successfully loaded Data from: ./Empirical/Eigenstrat/Reichall/I7577/chr20/
Loaded Emission Model: haploid
Loaded Transition Model: model
Loaded Post Processing Model: Standard
Minimum Genetic Map: 0.0000
Maximum Genetic Map: 1.0821
Gaps bigger than 0.1 cM: 157
Maximum Gap: 0.4744 cM
Loaded Transition and Emission Matrix:
(3, 3)
(5009, 21173)
Loaded Observations:
(2, 21173)
Memory Usage: 1190.313984 mB
Reference Number: 5008
Total Log likelihood: -7803.894
Memory Usage: 1190.313984 mB
Finished Calculation State Posteriors
Saved Zero State Posterior to ./Empirical/Eigenstrat/Reichall/I7577/chr20/.
Successfully loaded for PP. from ./Empirical/Eigenstrat/Reichall/I7577/chr20/
Fraction Markers in ROH: 0.3772
Merged n=0 gaps < 0.0 M
Called n=5 ROH Blocks > 1.0 cM
Longest Block: 1.831
Successfully saved to ./Empirical/Eigenstrat/Reichall/I7577/chr20/roh.csv
Using Low-Mem Cython Linear Speed Up.
Loaded Pre Processing Model: Eigenstrat
Loading Individual: I7577

Loaded 16038 variants
Loaded 2504 individuals
HDF5 loaded from ./Data/1000Genomes/HDF5/1240kHDF5/all1240/chr21.hdf5
3 Eigenstrat Files with 5081 Individuals and 1233013 SNPs

Intersection on Positions: 16038
Nr of Matching Refs: 16038 / 16038
Full Intersection Ref/Alt Identical: 16031 / 16038
2504 / 2504 Individuals included in Reference
Extraction of 5008 Haplotypes complete
Reduced to markers called 10498 / 16031
(Fraction SNP: 0.6548562160813424)
Successfully saved to: ./Empirical/Eigenstrat/Reichall/I7577/chr21/
Successfully loaded Data from: ./Empirical/Eigenstrat/Reichall/I7577/chr21/
Loaded Emission Model: haploid
Loaded Transition Model: model
Loaded Post Processing Model: Standard
Minimum Genetic Map: -0.0085
Maximum Genetic Map: 0.6277
Gaps bigger than 0.1 cM: 103
Maximum Gap: 1.7201 cM
Loaded Transition and Emission Matrix:
(3, 3)
(5009, 10498)
Loaded Observations:
(2, 10498)
Memory Usage: 713.23648 mB
Reference Number: 5008
Total Log likelihood: -3824.818
Memory Usage: 713.23648 mB
Finished Calculation State Posteriors
Saved Zero State Posterior to ./Empirical/Eigenstrat/Reichall/I7577/chr21/.
Successfully loaded for PP. from ./Empirical/Eigenstrat/Reichall/I7577/chr21/
Fraction Markers in ROH: 0.3906
Merged n=0 gaps < 0.0 M
Called n=2 ROH Blocks > 1.0 cM
Longest Block: 1.784
Successfully saved to ./Empirical/Eigenstrat/Reichall/I7577/chr21/roh.csv
Using Low-Mem Cython Linear Speed Up.
Loaded Pre Processing Model: Eigenstrat
Loading Individual: I7577

Loaded 15802 variants
Loaded 2504 individuals
HDF5 loaded from ./Data/1000Genomes/HDF5/1240kHDF5/all1240/chr22.hdf5
3 Eigenstrat Files with 5081 Individuals and 1233013 SNPs

Intersection on Positions: 15802
Nr of Matching Refs: 15802 / 15802
Full Intersection Ref/Alt Identical: 15793 / 15802
2504 / 2504 Individuals included in Reference
Extraction of 5008 Haplotypes complete
Reduced to markers called 12598 / 15793
(Fraction SNP: 0.7976951814094853)
Successfully saved to: ./Empirical/Eigenstrat/Reichall/I7577/chr22/
Successfully loaded Data from: ./Empirical/Eigenstrat/Reichall/I7577/chr22/
Loaded Emission Model: haploid
Loaded Transition Model: model
Loaded Post Processing Model: Standard
Minimum Genetic Map: 0.0178
Maximum Genetic Map: 0.7408
Gaps bigger than 0.1 cM: 92
Maximum Gap: 1.6949 cM
Loaded Transition and Emission Matrix:
(3, 3)
(5009, 12598)
Loaded Observations:
(2, 12598)
Memory Usage: 808.42752 mB
Reference Number: 5008
Total Log likelihood: -4562.535
Memory Usage: 808.42752 mB
Finished Calculation State Posteriors
Saved Zero State Posterior to ./Empirical/Eigenstrat/Reichall/I7577/chr22/.
Successfully loaded for PP. from ./Empirical/Eigenstrat/Reichall/I7577/chr22/
Fraction Markers in ROH: 0.4082
Merged n=0 gaps < 0.0 M
Called n=4 ROH Blocks > 1.0 cM
Longest Block: 3.676
Successfully saved to ./Empirical/Eigenstrat/Reichall/I7577/chr22/roh.csv
