Loaded 2106 / 5081 ancient Indivdiuals Anno File.
Doing Individual I2036...
Using Low-Mem Cython Linear Speed Up.
Loaded Pre Processing Model: Eigenstrat
Loading Individual: I2036

Loaded 89147 variants
Loaded 2504 individuals
HDF5 loaded from ./Data/1000Genomes/HDF5/1240kHDF5/all1240/chr1.hdf5
3 Eigenstrat Files with 5081 Individuals and 1233013 SNPs

Intersection on Positions: 89147
Nr of Matching Refs: 89147 / 89147
Full Intersection Ref/Alt Identical: 89082 / 89147
2504 / 2504 Individuals included in Reference
Extraction of 5008 Haplotypes complete
Reduced to markers called 37234 / 89082
(Fraction SNP: 0.41797445050627513)
Successfully saved to: ./Empirical/Eigenstrat/Reichall/I2036/chr1/
Successfully loaded Data from: ./Empirical/Eigenstrat/Reichall/I2036/chr1/
Loaded Emission Model: haploid
Loaded Transition Model: model
Loaded Post Processing Model: Standard
Minimum Genetic Map: 0.0201
Maximum Genetic Map: 2.8627
Gaps bigger than 0.1 cM: 459
Maximum Gap: 2.9727 cM
Loaded Transition and Emission Matrix:
(3, 3)
(5009, 37234)
Loaded Observations:
(2, 37234)
Memory Usage: 1873.219584 mB
Reference Number: 5008
Total Log likelihood: -13116.427
Memory Usage: 1873.682432 mB
Finished Calculation State Posteriors
Saved Zero State Posterior to ./Empirical/Eigenstrat/Reichall/I2036/chr1/.
Successfully loaded for PP. from ./Empirical/Eigenstrat/Reichall/I2036/chr1/
Fraction Markers in ROH: 0.4569
Merged n=0 gaps < 0.0 M
Called n=26 ROH Blocks > 1.0 cM
Longest Block: 2.447
Successfully saved to ./Empirical/Eigenstrat/Reichall/I2036/chr1/roh.csv
Using Low-Mem Cython Linear Speed Up.
Loaded Pre Processing Model: Eigenstrat
Loading Individual: I2036

Loaded 94239 variants
Loaded 2504 individuals
HDF5 loaded from ./Data/1000Genomes/HDF5/1240kHDF5/all1240/chr2.hdf5
3 Eigenstrat Files with 5081 Individuals and 1233013 SNPs

Intersection on Positions: 94239
Nr of Matching Refs: 94239 / 94239
Full Intersection Ref/Alt Identical: 94173 / 94239
2504 / 2504 Individuals included in Reference
Extraction of 5008 Haplotypes complete
Reduced to markers called 37553 / 94173
(Fraction SNP: 0.39876610068703344)
Successfully saved to: ./Empirical/Eigenstrat/Reichall/I2036/chr2/
Successfully loaded Data from: ./Empirical/Eigenstrat/Reichall/I2036/chr2/
Loaded Emission Model: haploid
Loaded Transition Model: model
Loaded Post Processing Model: Standard
Minimum Genetic Map: 0.0002
Maximum Genetic Map: 2.6883
Gaps bigger than 0.1 cM: 438
Maximum Gap: 2.1083 cM
Loaded Transition and Emission Matrix:
(3, 3)
(5009, 37553)
Loaded Observations:
(2, 37553)
Memory Usage: 1927.798784 mB
Reference Number: 5008
Total Log likelihood: -13671.109
Memory Usage: 1927.798784 mB
Finished Calculation State Posteriors
Saved Zero State Posterior to ./Empirical/Eigenstrat/Reichall/I2036/chr2/.
Successfully loaded for PP. from ./Empirical/Eigenstrat/Reichall/I2036/chr2/
Fraction Markers in ROH: 0.4180
Merged n=0 gaps < 0.0 M
Called n=19 ROH Blocks > 1.0 cM
Longest Block: 3.010
Successfully saved to ./Empirical/Eigenstrat/Reichall/I2036/chr2/roh.csv
Using Low-Mem Cython Linear Speed Up.
Loaded Pre Processing Model: Eigenstrat
Loading Individual: I2036

Loaded 77652 variants
Loaded 2504 individuals
HDF5 loaded from ./Data/1000Genomes/HDF5/1240kHDF5/all1240/chr3.hdf5
3 Eigenstrat Files with 5081 Individuals and 1233013 SNPs

Intersection on Positions: 77652
Nr of Matching Refs: 77652 / 77652
Full Intersection Ref/Alt Identical: 77601 / 77652
2504 / 2504 Individuals included in Reference
Extraction of 5008 Haplotypes complete
Reduced to markers called 30355 / 77601
(Fraction SNP: 0.3911676395922733)
Successfully saved to: ./Empirical/Eigenstrat/Reichall/I2036/chr3/
Successfully loaded Data from: ./Empirical/Eigenstrat/Reichall/I2036/chr3/
Loaded Emission Model: haploid
Loaded Transition Model: model
Loaded Post Processing Model: Standard
Minimum Genetic Map: 0.0000
Maximum Genetic Map: 2.2326
Gaps bigger than 0.1 cM: 394
Maximum Gap: 0.4415 cM
Loaded Transition and Emission Matrix:
(3, 3)
(5009, 30355)
Loaded Observations:
(2, 30355)
Memory Usage: 1603.13344 mB
Reference Number: 5008
Total Log likelihood: -11024.095
Memory Usage: 1603.13344 mB
Finished Calculation State Posteriors
Saved Zero State Posterior to ./Empirical/Eigenstrat/Reichall/I2036/chr3/.
Successfully loaded for PP. from ./Empirical/Eigenstrat/Reichall/I2036/chr3/
Fraction Markers in ROH: 0.4354
Merged n=0 gaps < 0.0 M
Called n=14 ROH Blocks > 1.0 cM
Longest Block: 3.637
Successfully saved to ./Empirical/Eigenstrat/Reichall/I2036/chr3/roh.csv
Using Low-Mem Cython Linear Speed Up.
Loaded Pre Processing Model: Eigenstrat
Loading Individual: I2036

Loaded 68759 variants
Loaded 2504 individuals
HDF5 loaded from ./Data/1000Genomes/HDF5/1240kHDF5/all1240/chr4.hdf5
3 Eigenstrat Files with 5081 Individuals and 1233013 SNPs

Intersection on Positions: 68759
Nr of Matching Refs: 68759 / 68759
Full Intersection Ref/Alt Identical: 68720 / 68759
2504 / 2504 Individuals included in Reference
Extraction of 5008 Haplotypes complete
Reduced to markers called 24652 / 68720
(Fraction SNP: 0.35873108265424913)
Successfully saved to: ./Empirical/Eigenstrat/Reichall/I2036/chr4/
Successfully loaded Data from: ./Empirical/Eigenstrat/Reichall/I2036/chr4/
Loaded Emission Model: haploid
Loaded Transition Model: model
Loaded Post Processing Model: Standard
Minimum Genetic Map: 0.0034
Maximum Genetic Map: 2.1454
Gaps bigger than 0.1 cM: 393
Maximum Gap: 2.0523 cM
Loaded Transition and Emission Matrix:
(3, 3)
(5009, 24652)
Loaded Observations:
(2, 24652)
Memory Usage: 1346.23232 mB
Reference Number: 5008
Total Log likelihood: -9389.020
Memory Usage: 1346.23232 mB
Finished Calculation State Posteriors
Saved Zero State Posterior to ./Empirical/Eigenstrat/Reichall/I2036/chr4/.
Successfully loaded for PP. from ./Empirical/Eigenstrat/Reichall/I2036/chr4/
Fraction Markers in ROH: 0.3987
Merged n=0 gaps < 0.0 M
Called n=17 ROH Blocks > 1.0 cM
Longest Block: 3.359
Successfully saved to ./Empirical/Eigenstrat/Reichall/I2036/chr4/roh.csv
Using Low-Mem Cython Linear Speed Up.
Loaded Pre Processing Model: Eigenstrat
Loading Individual: I2036

Loaded 69399 variants
Loaded 2504 individuals
HDF5 loaded from ./Data/1000Genomes/HDF5/1240kHDF5/all1240/chr5.hdf5
3 Eigenstrat Files with 5081 Individuals and 1233013 SNPs

Intersection on Positions: 69399
Nr of Matching Refs: 69399 / 69399
Full Intersection Ref/Alt Identical: 69354 / 69399
2504 / 2504 Individuals included in Reference
Extraction of 5008 Haplotypes complete
Reduced to markers called 27273 / 69354
(Fraction SNP: 0.3932433601522623)
Successfully saved to: ./Empirical/Eigenstrat/Reichall/I2036/chr5/
Successfully loaded Data from: ./Empirical/Eigenstrat/Reichall/I2036/chr5/
Loaded Emission Model: haploid
Loaded Transition Model: model
Loaded Post Processing Model: Standard
Minimum Genetic Map: 0.0004
Maximum Genetic Map: 2.0409
Gaps bigger than 0.1 cM: 349
Maximum Gap: 1.1110 cM
Loaded Transition and Emission Matrix:
(3, 3)
(5009, 27273)
Loaded Observations:
(2, 27273)
Memory Usage: 1465.09824 mB
Reference Number: 5008
Total Log likelihood: -9853.592
Memory Usage: 1465.09824 mB
Finished Calculation State Posteriors
Saved Zero State Posterior to ./Empirical/Eigenstrat/Reichall/I2036/chr5/.
Successfully loaded for PP. from ./Empirical/Eigenstrat/Reichall/I2036/chr5/
Fraction Markers in ROH: 0.4493
Merged n=0 gaps < 0.0 M
Called n=8 ROH Blocks > 1.0 cM
Longest Block: 1.778
Successfully saved to ./Empirical/Eigenstrat/Reichall/I2036/chr5/roh.csv
Using Low-Mem Cython Linear Speed Up.
Loaded Pre Processing Model: Eigenstrat
Loading Individual: I2036

Loaded 75870 variants
Loaded 2504 individuals
HDF5 loaded from ./Data/1000Genomes/HDF5/1240kHDF5/all1240/chr6.hdf5
3 Eigenstrat Files with 5081 Individuals and 1233013 SNPs

Intersection on Positions: 75870
Nr of Matching Refs: 75870 / 75870
Full Intersection Ref/Alt Identical: 75816 / 75870
2504 / 2504 Individuals included in Reference
Extraction of 5008 Haplotypes complete
Reduced to markers called 29850 / 75816
(Fraction SNP: 0.39371636593858816)
Successfully saved to: ./Empirical/Eigenstrat/Reichall/I2036/chr6/
Successfully loaded Data from: ./Empirical/Eigenstrat/Reichall/I2036/chr6/
Loaded Emission Model: haploid
Loaded Transition Model: model
Loaded Post Processing Model: Standard
Minimum Genetic Map: 0.0035
Maximum Genetic Map: 1.9203
Gaps bigger than 0.1 cM: 306
Maximum Gap: 0.5138 cM
Loaded Transition and Emission Matrix:
(3, 3)
(5009, 29850)
Loaded Observations:
(2, 29850)
Memory Usage: 1580.900352 mB
Reference Number: 5008
Total Log likelihood: -10565.911
Memory Usage: 1580.900352 mB
Finished Calculation State Posteriors
Saved Zero State Posterior to ./Empirical/Eigenstrat/Reichall/I2036/chr6/.
Successfully loaded for PP. from ./Empirical/Eigenstrat/Reichall/I2036/chr6/
Fraction Markers in ROH: 0.4387
Merged n=0 gaps < 0.0 M
Called n=15 ROH Blocks > 1.0 cM
Longest Block: 2.831
Successfully saved to ./Empirical/Eigenstrat/Reichall/I2036/chr6/roh.csv
Using Low-Mem Cython Linear Speed Up.
Loaded Pre Processing Model: Eigenstrat
Loading Individual: I2036

Loaded 59890 variants
Loaded 2504 individuals
HDF5 loaded from ./Data/1000Genomes/HDF5/1240kHDF5/all1240/chr7.hdf5
3 Eigenstrat Files with 5081 Individuals and 1233013 SNPs

Intersection on Positions: 59890
Nr of Matching Refs: 59890 / 59890
Full Intersection Ref/Alt Identical: 59836 / 59890
2504 / 2504 Individuals included in Reference
Extraction of 5008 Haplotypes complete
Reduced to markers called 23594 / 59836
(Fraction SNP: 0.394311117053279)
Successfully saved to: ./Empirical/Eigenstrat/Reichall/I2036/chr7/
Successfully loaded Data from: ./Empirical/Eigenstrat/Reichall/I2036/chr7/
Loaded Emission Model: haploid
Loaded Transition Model: model
Loaded Post Processing Model: Standard
Minimum Genetic Map: 0.0001
Maximum Genetic Map: 1.8715
Gaps bigger than 0.1 cM: 335
Maximum Gap: 0.8416 cM
Loaded Transition and Emission Matrix:
(3, 3)
(5009, 23594)
Loaded Observations:
(2, 23594)
Memory Usage: 1298.632704 mB
Reference Number: 5008
Total Log likelihood: -8735.030
Memory Usage: 1298.632704 mB
Finished Calculation State Posteriors
Saved Zero State Posterior to ./Empirical/Eigenstrat/Reichall/I2036/chr7/.
Successfully loaded for PP. from ./Empirical/Eigenstrat/Reichall/I2036/chr7/
Fraction Markers in ROH: 0.4334
Merged n=0 gaps < 0.0 M
Called n=14 ROH Blocks > 1.0 cM
Longest Block: 2.544
Successfully saved to ./Empirical/Eigenstrat/Reichall/I2036/chr7/roh.csv
Using Low-Mem Cython Linear Speed Up.
Loaded Pre Processing Model: Eigenstrat
Loading Individual: I2036

Loaded 61133 variants
Loaded 2504 individuals
HDF5 loaded from ./Data/1000Genomes/HDF5/1240kHDF5/all1240/chr8.hdf5
3 Eigenstrat Files with 5081 Individuals and 1233013 SNPs

Intersection on Positions: 61133
Nr of Matching Refs: 61133 / 61133
Full Intersection Ref/Alt Identical: 61091 / 61133
2504 / 2504 Individuals included in Reference
Extraction of 5008 Haplotypes complete
Reduced to markers called 24388 / 61091
(Fraction SNP: 0.3992077392741975)
Successfully saved to: ./Empirical/Eigenstrat/Reichall/I2036/chr8/
Successfully loaded Data from: ./Empirical/Eigenstrat/Reichall/I2036/chr8/
Loaded Emission Model: haploid
Loaded Transition Model: model
Loaded Post Processing Model: Standard
Minimum Genetic Map: 0.0000
Maximum Genetic Map: 1.6800
Gaps bigger than 0.1 cM: 245
Maximum Gap: 3.4346 cM
Loaded Transition and Emission Matrix:
(3, 3)
(5009, 24388)
Loaded Observations:
(2, 24388)
Memory Usage: 1335.484416 mB
Reference Number: 5008
Total Log likelihood: -8980.916
Memory Usage: 1335.484416 mB
Finished Calculation State Posteriors
Saved Zero State Posterior to ./Empirical/Eigenstrat/Reichall/I2036/chr8/.
Successfully loaded for PP. from ./Empirical/Eigenstrat/Reichall/I2036/chr8/
Fraction Markers in ROH: 0.4403
Merged n=0 gaps < 0.0 M
Called n=8 ROH Blocks > 1.0 cM
Longest Block: 1.727
Successfully saved to ./Empirical/Eigenstrat/Reichall/I2036/chr8/roh.csv
Using Low-Mem Cython Linear Speed Up.
Loaded Pre Processing Model: Eigenstrat
Loading Individual: I2036

Loaded 50668 variants
Loaded 2504 individuals
HDF5 loaded from ./Data/1000Genomes/HDF5/1240kHDF5/all1240/chr9.hdf5
3 Eigenstrat Files with 5081 Individuals and 1233013 SNPs

Intersection on Positions: 50668
Nr of Matching Refs: 50668 / 50668
Full Intersection Ref/Alt Identical: 50629 / 50668
2504 / 2504 Individuals included in Reference
Extraction of 5008 Haplotypes complete
Reduced to markers called 20665 / 50629
(Fraction SNP: 0.40816528076793934)
Successfully saved to: ./Empirical/Eigenstrat/Reichall/I2036/chr9/
Successfully loaded Data from: ./Empirical/Eigenstrat/Reichall/I2036/chr9/
Loaded Emission Model: haploid
Loaded Transition Model: model
Loaded Post Processing Model: Standard
Minimum Genetic Map: 0.0017
Maximum Genetic Map: 1.6630
Gaps bigger than 0.1 cM: 318
Maximum Gap: 1.9424 cM
Loaded Transition and Emission Matrix:
(3, 3)
(5009, 20665)
Loaded Observations:
(2, 20665)
Memory Usage: 1167.495168 mB
Reference Number: 5008
Total Log likelihood: -7778.398
Memory Usage: 1167.495168 mB
Finished Calculation State Posteriors
Saved Zero State Posterior to ./Empirical/Eigenstrat/Reichall/I2036/chr9/.
Successfully loaded for PP. from ./Empirical/Eigenstrat/Reichall/I2036/chr9/
Fraction Markers in ROH: 0.4372
Merged n=0 gaps < 0.0 M
Called n=10 ROH Blocks > 1.0 cM
Longest Block: 3.097
Successfully saved to ./Empirical/Eigenstrat/Reichall/I2036/chr9/roh.csv
Using Low-Mem Cython Linear Speed Up.
Loaded Pre Processing Model: Eigenstrat
Loading Individual: I2036

Loaded 58804 variants
Loaded 2504 individuals
HDF5 loaded from ./Data/1000Genomes/HDF5/1240kHDF5/all1240/chr10.hdf5
3 Eigenstrat Files with 5081 Individuals and 1233013 SNPs

Intersection on Positions: 58804
Nr of Matching Refs: 58804 / 58804
Full Intersection Ref/Alt Identical: 58763 / 58804
2504 / 2504 Individuals included in Reference
Extraction of 5008 Haplotypes complete
Reduced to markers called 24659 / 58763
(Fraction SNP: 0.4196348042135357)
Successfully saved to: ./Empirical/Eigenstrat/Reichall/I2036/chr10/
Successfully loaded Data from: ./Empirical/Eigenstrat/Reichall/I2036/chr10/
Loaded Emission Model: haploid
Loaded Transition Model: model
Loaded Post Processing Model: Standard
Minimum Genetic Map: 0.0001
Maximum Genetic Map: 1.8092
Gaps bigger than 0.1 cM: 289
Maximum Gap: 2.0340 cM
Loaded Transition and Emission Matrix:
(3, 3)
(5009, 24659)
Loaded Observations:
(2, 24659)
Memory Usage: 1347.817472 mB
Reference Number: 5008
Total Log likelihood: -9309.809
Memory Usage: 1347.817472 mB
Finished Calculation State Posteriors
Saved Zero State Posterior to ./Empirical/Eigenstrat/Reichall/I2036/chr10/.
Successfully loaded for PP. from ./Empirical/Eigenstrat/Reichall/I2036/chr10/
Fraction Markers in ROH: 0.3960
Merged n=0 gaps < 0.0 M
Called n=9 ROH Blocks > 1.0 cM
Longest Block: 1.889
Successfully saved to ./Empirical/Eigenstrat/Reichall/I2036/chr10/roh.csv
Using Low-Mem Cython Linear Speed Up.
Loaded Pre Processing Model: Eigenstrat
Loading Individual: I2036

Loaded 54833 variants
Loaded 2504 individuals
HDF5 loaded from ./Data/1000Genomes/HDF5/1240kHDF5/all1240/chr11.hdf5
3 Eigenstrat Files with 5081 Individuals and 1233013 SNPs

Intersection on Positions: 54833
Nr of Matching Refs: 54833 / 54833
Full Intersection Ref/Alt Identical: 54796 / 54833
2504 / 2504 Individuals included in Reference
Extraction of 5008 Haplotypes complete
Reduced to markers called 22376 / 54796
(Fraction SNP: 0.40835097452368785)
Successfully saved to: ./Empirical/Eigenstrat/Reichall/I2036/chr11/
Successfully loaded Data from: ./Empirical/Eigenstrat/Reichall/I2036/chr11/
Loaded Emission Model: haploid
Loaded Transition Model: model
Loaded Post Processing Model: Standard
Minimum Genetic Map: 0.0000
Maximum Genetic Map: 1.5822
Gaps bigger than 0.1 cM: 272
Maximum Gap: 0.5585 cM
Loaded Transition and Emission Matrix:
(3, 3)
(5009, 22376)
Loaded Observations:
(2, 22376)
Memory Usage: 1244.708864 mB
Reference Number: 5008
Total Log likelihood: -8327.320
Memory Usage: 1244.708864 mB
Finished Calculation State Posteriors
Saved Zero State Posterior to ./Empirical/Eigenstrat/Reichall/I2036/chr11/.
Successfully loaded for PP. from ./Empirical/Eigenstrat/Reichall/I2036/chr11/
Fraction Markers in ROH: 0.4503
Merged n=0 gaps < 0.0 M
Called n=13 ROH Blocks > 1.0 cM
Longest Block: 2.297
Successfully saved to ./Empirical/Eigenstrat/Reichall/I2036/chr11/roh.csv
Using Low-Mem Cython Linear Speed Up.
Loaded Pre Processing Model: Eigenstrat
Loading Individual: I2036

Loaded 53911 variants
Loaded 2504 individuals
HDF5 loaded from ./Data/1000Genomes/HDF5/1240kHDF5/all1240/chr12.hdf5
3 Eigenstrat Files with 5081 Individuals and 1233013 SNPs

Intersection on Positions: 53911
Nr of Matching Refs: 53911 / 53911
Full Intersection Ref/Alt Identical: 53884 / 53911
2504 / 2504 Individuals included in Reference
Extraction of 5008 Haplotypes complete
Reduced to markers called 21590 / 53884
(Fraction SNP: 0.4006755252022864)
Successfully saved to: ./Empirical/Eigenstrat/Reichall/I2036/chr12/
Successfully loaded Data from: ./Empirical/Eigenstrat/Reichall/I2036/chr12/
Loaded Emission Model: haploid
Loaded Transition Model: model
Loaded Post Processing Model: Standard
Minimum Genetic Map: 0.0017
Maximum Genetic Map: 1.7468
Gaps bigger than 0.1 cM: 305
Maximum Gap: 0.8015 cM
Loaded Transition and Emission Matrix:
(3, 3)
(5009, 21590)
Loaded Observations:
(2, 21590)
Memory Usage: 1209.07776 mB
Reference Number: 5008
Total Log likelihood: -7747.949
Memory Usage: 1209.07776 mB
Finished Calculation State Posteriors
Saved Zero State Posterior to ./Empirical/Eigenstrat/Reichall/I2036/chr12/.
Successfully loaded for PP. from ./Empirical/Eigenstrat/Reichall/I2036/chr12/
Fraction Markers in ROH: 0.4497
Merged n=0 gaps < 0.0 M
Called n=7 ROH Blocks > 1.0 cM
Longest Block: 1.855
Successfully saved to ./Empirical/Eigenstrat/Reichall/I2036/chr12/roh.csv
Using Low-Mem Cython Linear Speed Up.
Loaded Pre Processing Model: Eigenstrat
Loading Individual: I2036

Loaded 39018 variants
Loaded 2504 individuals
HDF5 loaded from ./Data/1000Genomes/HDF5/1240kHDF5/all1240/chr13.hdf5
3 Eigenstrat Files with 5081 Individuals and 1233013 SNPs

Intersection on Positions: 39018
Nr of Matching Refs: 39018 / 39018
Full Intersection Ref/Alt Identical: 38994 / 39018
2504 / 2504 Individuals included in Reference
Extraction of 5008 Haplotypes complete
Reduced to markers called 14620 / 38994
(Fraction SNP: 0.37492947632969176)
Successfully saved to: ./Empirical/Eigenstrat/Reichall/I2036/chr13/
Successfully loaded Data from: ./Empirical/Eigenstrat/Reichall/I2036/chr13/
Loaded Emission Model: haploid
Loaded Transition Model: model
Loaded Post Processing Model: Standard
Minimum Genetic Map: 0.0019
Maximum Genetic Map: 1.2570
Gaps bigger than 0.1 cM: 248
Maximum Gap: 1.2253 cM
Loaded Transition and Emission Matrix:
(3, 3)
(5009, 14620)
Loaded Observations:
(2, 14620)
Memory Usage: 895.275008 mB
Reference Number: 5008
Total Log likelihood: -5529.206
Memory Usage: 895.275008 mB
Finished Calculation State Posteriors
Saved Zero State Posterior to ./Empirical/Eigenstrat/Reichall/I2036/chr13/.
Successfully loaded for PP. from ./Empirical/Eigenstrat/Reichall/I2036/chr13/
Fraction Markers in ROH: 0.4013
Merged n=0 gaps < 0.0 M
Called n=7 ROH Blocks > 1.0 cM
Longest Block: 2.408
Successfully saved to ./Empirical/Eigenstrat/Reichall/I2036/chr13/roh.csv
Using Low-Mem Cython Linear Speed Up.
Loaded Pre Processing Model: Eigenstrat
Loading Individual: I2036

Loaded 36301 variants
Loaded 2504 individuals
HDF5 loaded from ./Data/1000Genomes/HDF5/1240kHDF5/all1240/chr14.hdf5
3 Eigenstrat Files with 5081 Individuals and 1233013 SNPs

Intersection on Positions: 36301
Nr of Matching Refs: 36301 / 36301
Full Intersection Ref/Alt Identical: 36280 / 36301
2504 / 2504 Individuals included in Reference
Extraction of 5008 Haplotypes complete
Reduced to markers called 14590 / 36280
(Fraction SNP: 0.4021499448732084)
Successfully saved to: ./Empirical/Eigenstrat/Reichall/I2036/chr14/
Successfully loaded Data from: ./Empirical/Eigenstrat/Reichall/I2036/chr14/
Loaded Emission Model: haploid
Loaded Transition Model: model
Loaded Post Processing Model: Standard
Minimum Genetic Map: 0.0161
Maximum Genetic Map: 1.2020
Gaps bigger than 0.1 cM: 215
Maximum Gap: 3.3226 cM
Loaded Transition and Emission Matrix:
(3, 3)
(5009, 14590)
Loaded Observations:
(2, 14590)
Memory Usage: 894.296064 mB
Reference Number: 5008
Total Log likelihood: -5571.998
Memory Usage: 894.296064 mB
Finished Calculation State Posteriors
Saved Zero State Posterior to ./Empirical/Eigenstrat/Reichall/I2036/chr14/.
Successfully loaded for PP. from ./Empirical/Eigenstrat/Reichall/I2036/chr14/
Fraction Markers in ROH: 0.3868
Merged n=0 gaps < 0.0 M
Called n=4 ROH Blocks > 1.0 cM
Longest Block: 1.956
Successfully saved to ./Empirical/Eigenstrat/Reichall/I2036/chr14/roh.csv
Using Low-Mem Cython Linear Speed Up.
Loaded Pre Processing Model: Eigenstrat
Loading Individual: I2036

Loaded 34429 variants
Loaded 2504 individuals
HDF5 loaded from ./Data/1000Genomes/HDF5/1240kHDF5/all1240/chr15.hdf5
3 Eigenstrat Files with 5081 Individuals and 1233013 SNPs

Intersection on Positions: 34429
Nr of Matching Refs: 34429 / 34429
Full Intersection Ref/Alt Identical: 34407 / 34429
2504 / 2504 Individuals included in Reference
Extraction of 5008 Haplotypes complete
Reduced to markers called 14541 / 34407
(Fraction SNP: 0.4226174906269073)
Successfully saved to: ./Empirical/Eigenstrat/Reichall/I2036/chr15/
Successfully loaded Data from: ./Empirical/Eigenstrat/Reichall/I2036/chr15/
Loaded Emission Model: haploid
Loaded Transition Model: model
Loaded Post Processing Model: Standard
Minimum Genetic Map: 0.0002
Maximum Genetic Map: 1.4134
Gaps bigger than 0.1 cM: 235
Maximum Gap: 11.6605 cM
Loaded Transition and Emission Matrix:
(3, 3)
(5009, 14541)
Loaded Observations:
(2, 14541)
Memory Usage: 892.145664 mB
Reference Number: 5008
Total Log likelihood: -5111.258
Memory Usage: 892.145664 mB
Finished Calculation State Posteriors
Saved Zero State Posterior to ./Empirical/Eigenstrat/Reichall/I2036/chr15/.
Successfully loaded for PP. from ./Empirical/Eigenstrat/Reichall/I2036/chr15/
Fraction Markers in ROH: 0.4881
Merged n=0 gaps < 0.0 M
Called n=10 ROH Blocks > 1.0 cM
Longest Block: 2.162
Successfully saved to ./Empirical/Eigenstrat/Reichall/I2036/chr15/roh.csv
Using Low-Mem Cython Linear Speed Up.
Loaded Pre Processing Model: Eigenstrat
Loading Individual: I2036

Loaded 34402 variants
Loaded 2504 individuals
HDF5 loaded from ./Data/1000Genomes/HDF5/1240kHDF5/all1240/chr16.hdf5
3 Eigenstrat Files with 5081 Individuals and 1233013 SNPs

Intersection on Positions: 34402
Nr of Matching Refs: 34402 / 34402
Full Intersection Ref/Alt Identical: 34375 / 34402
2504 / 2504 Individuals included in Reference
Extraction of 5008 Haplotypes complete
Reduced to markers called 15443 / 34375
(Fraction SNP: 0.4492509090909091)
Successfully saved to: ./Empirical/Eigenstrat/Reichall/I2036/chr16/
Successfully loaded Data from: ./Empirical/Eigenstrat/Reichall/I2036/chr16/
Loaded Emission Model: haploid
Loaded Transition Model: model
Loaded Post Processing Model: Standard
Minimum Genetic Map: 0.0000
Maximum Genetic Map: 1.3403
Gaps bigger than 0.1 cM: 241
Maximum Gap: 1.0013 cM
Loaded Transition and Emission Matrix:
(3, 3)
(5009, 15443)
Loaded Observations:
(2, 15443)
Memory Usage: 933.13024 mB
Reference Number: 5008
Total Log likelihood: -5770.605
Memory Usage: 933.13024 mB
Finished Calculation State Posteriors
Saved Zero State Posterior to ./Empirical/Eigenstrat/Reichall/I2036/chr16/.
Successfully loaded for PP. from ./Empirical/Eigenstrat/Reichall/I2036/chr16/
Fraction Markers in ROH: 0.4577
Merged n=0 gaps < 0.0 M
Called n=12 ROH Blocks > 1.0 cM
Longest Block: 3.413
Successfully saved to ./Empirical/Eigenstrat/Reichall/I2036/chr16/roh.csv
Using Low-Mem Cython Linear Speed Up.
Loaded Pre Processing Model: Eigenstrat
Loading Individual: I2036

Loaded 29314 variants
Loaded 2504 individuals
HDF5 loaded from ./Data/1000Genomes/HDF5/1240kHDF5/all1240/chr17.hdf5
3 Eigenstrat Files with 5081 Individuals and 1233013 SNPs

Intersection on Positions: 29314
Nr of Matching Refs: 29314 / 29314
Full Intersection Ref/Alt Identical: 29292 / 29314
2504 / 2504 Individuals included in Reference
Extraction of 5008 Haplotypes complete
Reduced to markers called 13561 / 29292
(Fraction SNP: 0.46295916973917794)
Successfully saved to: ./Empirical/Eigenstrat/Reichall/I2036/chr17/
Successfully loaded Data from: ./Empirical/Eigenstrat/Reichall/I2036/chr17/
Loaded Emission Model: haploid
Loaded Transition Model: model
Loaded Post Processing Model: Standard
Minimum Genetic Map: 0.0002
Maximum Genetic Map: 1.2847
Gaps bigger than 0.1 cM: 229
Maximum Gap: 1.2341 cM
Loaded Transition and Emission Matrix:
(3, 3)
(5009, 13561)
Loaded Observations:
(2, 13561)
Memory Usage: 847.515648 mB
Reference Number: 5008
Total Log likelihood: -5067.234
Memory Usage: 847.515648 mB
Finished Calculation State Posteriors
Saved Zero State Posterior to ./Empirical/Eigenstrat/Reichall/I2036/chr17/.
Successfully loaded for PP. from ./Empirical/Eigenstrat/Reichall/I2036/chr17/
Fraction Markers in ROH: 0.4230
Merged n=0 gaps < 0.0 M
Called n=11 ROH Blocks > 1.0 cM
Longest Block: 4.716
Successfully saved to ./Empirical/Eigenstrat/Reichall/I2036/chr17/roh.csv
Using Low-Mem Cython Linear Speed Up.
Loaded Pre Processing Model: Eigenstrat
Loading Individual: I2036

Loaded 33917 variants
Loaded 2504 individuals
HDF5 loaded from ./Data/1000Genomes/HDF5/1240kHDF5/all1240/chr18.hdf5
3 Eigenstrat Files with 5081 Individuals and 1233013 SNPs

Intersection on Positions: 33917
Nr of Matching Refs: 33917 / 33917
Full Intersection Ref/Alt Identical: 33902 / 33917
2504 / 2504 Individuals included in Reference
Extraction of 5008 Haplotypes complete
Reduced to markers called 13478 / 33902
(Fraction SNP: 0.39755766621438265)
Successfully saved to: ./Empirical/Eigenstrat/Reichall/I2036/chr18/
Successfully loaded Data from: ./Empirical/Eigenstrat/Reichall/I2036/chr18/
Loaded Emission Model: haploid
Loaded Transition Model: model
Loaded Post Processing Model: Standard
Minimum Genetic Map: 0.0025
Maximum Genetic Map: 1.1771
Gaps bigger than 0.1 cM: 214
Maximum Gap: 0.4827 cM
Loaded Transition and Emission Matrix:
(3, 3)
(5009, 13478)
Loaded Observations:
(2, 13478)
Memory Usage: 843.558912 mB
Reference Number: 5008
Total Log likelihood: -4880.093
Memory Usage: 843.558912 mB
Finished Calculation State Posteriors
Saved Zero State Posterior to ./Empirical/Eigenstrat/Reichall/I2036/chr18/.
Successfully loaded for PP. from ./Empirical/Eigenstrat/Reichall/I2036/chr18/
Fraction Markers in ROH: 0.4151
Merged n=0 gaps < 0.0 M
Called n=5 ROH Blocks > 1.0 cM
Longest Block: 2.719
Successfully saved to ./Empirical/Eigenstrat/Reichall/I2036/chr18/roh.csv
Using Low-Mem Cython Linear Speed Up.
Loaded Pre Processing Model: Eigenstrat
Loading Individual: I2036

Loaded 18460 variants
Loaded 2504 individuals
HDF5 loaded from ./Data/1000Genomes/HDF5/1240kHDF5/all1240/chr19.hdf5
3 Eigenstrat Files with 5081 Individuals and 1233013 SNPs

Intersection on Positions: 18460
Nr of Matching Refs: 18460 / 18460
Full Intersection Ref/Alt Identical: 18441 / 18460
2504 / 2504 Individuals included in Reference
Extraction of 5008 Haplotypes complete
Reduced to markers called 9133 / 18441
(Fraction SNP: 0.4952551380077002)
Successfully saved to: ./Empirical/Eigenstrat/Reichall/I2036/chr19/
Successfully loaded Data from: ./Empirical/Eigenstrat/Reichall/I2036/chr19/
Loaded Emission Model: haploid
Loaded Transition Model: model
Loaded Post Processing Model: Standard
Minimum Genetic Map: 0.0000
Maximum Genetic Map: 1.0773
Gaps bigger than 0.1 cM: 230
Maximum Gap: 0.6239 cM
Loaded Transition and Emission Matrix:
(3, 3)
(5009, 9133)
Loaded Observations:
(2, 9133)
Memory Usage: 648.585216 mB
Reference Number: 5008
Total Log likelihood: -3611.646
Memory Usage: 648.585216 mB
Finished Calculation State Posteriors
Saved Zero State Posterior to ./Empirical/Eigenstrat/Reichall/I2036/chr19/.
Successfully loaded for PP. from ./Empirical/Eigenstrat/Reichall/I2036/chr19/
Fraction Markers in ROH: 0.3930
Merged n=0 gaps < 0.0 M
Called n=8 ROH Blocks > 1.0 cM
Longest Block: 1.907
Successfully saved to ./Empirical/Eigenstrat/Reichall/I2036/chr19/roh.csv
Using Low-Mem Cython Linear Speed Up.
Loaded Pre Processing Model: Eigenstrat
Loading Individual: I2036

Loaded 29078 variants
Loaded 2504 individuals
HDF5 loaded from ./Data/1000Genomes/HDF5/1240kHDF5/all1240/chr20.hdf5
3 Eigenstrat Files with 5081 Individuals and 1233013 SNPs

Intersection on Positions: 29078
Nr of Matching Refs: 29078 / 29078
Full Intersection Ref/Alt Identical: 29053 / 29078
2504 / 2504 Individuals included in Reference
Extraction of 5008 Haplotypes complete
Reduced to markers called 13237 / 29053
(Fraction SNP: 0.45561559907754795)
Successfully saved to: ./Empirical/Eigenstrat/Reichall/I2036/chr20/
Successfully loaded Data from: ./Empirical/Eigenstrat/Reichall/I2036/chr20/
Loaded Emission Model: haploid
Loaded Transition Model: model
Loaded Post Processing Model: Standard
Minimum Genetic Map: 0.0000
Maximum Genetic Map: 1.0821
Gaps bigger than 0.1 cM: 206
Maximum Gap: 0.5884 cM
Loaded Transition and Emission Matrix:
(3, 3)
(5009, 13237)
Loaded Observations:
(2, 13237)
Memory Usage: 833.35168 mB
Reference Number: 5008
Total Log likelihood: -5013.167
Memory Usage: 833.35168 mB
Finished Calculation State Posteriors
Saved Zero State Posterior to ./Empirical/Eigenstrat/Reichall/I2036/chr20/.
Successfully loaded for PP. from ./Empirical/Eigenstrat/Reichall/I2036/chr20/
Fraction Markers in ROH: 0.3732
Merged n=0 gaps < 0.0 M
Called n=5 ROH Blocks > 1.0 cM
Longest Block: 1.757
Successfully saved to ./Empirical/Eigenstrat/Reichall/I2036/chr20/roh.csv
Using Low-Mem Cython Linear Speed Up.
Loaded Pre Processing Model: Eigenstrat
Loading Individual: I2036

Loaded 16038 variants
Loaded 2504 individuals
HDF5 loaded from ./Data/1000Genomes/HDF5/1240kHDF5/all1240/chr21.hdf5
3 Eigenstrat Files with 5081 Individuals and 1233013 SNPs

Intersection on Positions: 16038
Nr of Matching Refs: 16038 / 16038
Full Intersection Ref/Alt Identical: 16031 / 16038
2504 / 2504 Individuals included in Reference
Extraction of 5008 Haplotypes complete
Reduced to markers called 6438 / 16031
(Fraction SNP: 0.4015969059946354)
Successfully saved to: ./Empirical/Eigenstrat/Reichall/I2036/chr21/
Successfully loaded Data from: ./Empirical/Eigenstrat/Reichall/I2036/chr21/
Loaded Emission Model: haploid
Loaded Transition Model: model
Loaded Post Processing Model: Standard
Minimum Genetic Map: -0.0085
Maximum Genetic Map: 0.6277
Gaps bigger than 0.1 cM: 135
Maximum Gap: 1.7201 cM
Loaded Transition and Emission Matrix:
(3, 3)
(5009, 6438)
Loaded Observations:
(2, 6438)
Memory Usage: 527.1552 mB
Reference Number: 5008
Total Log likelihood: -2511.675
Memory Usage: 527.1552 mB
Finished Calculation State Posteriors
Saved Zero State Posterior to ./Empirical/Eigenstrat/Reichall/I2036/chr21/.
Successfully loaded for PP. from ./Empirical/Eigenstrat/Reichall/I2036/chr21/
Fraction Markers in ROH: 0.3799
Merged n=0 gaps < 0.0 M
Called n=2 ROH Blocks > 1.0 cM
Longest Block: 1.396
Successfully saved to ./Empirical/Eigenstrat/Reichall/I2036/chr21/roh.csv
Using Low-Mem Cython Linear Speed Up.
Loaded Pre Processing Model: Eigenstrat
Loading Individual: I2036

Loaded 15802 variants
Loaded 2504 individuals
HDF5 loaded from ./Data/1000Genomes/HDF5/1240kHDF5/all1240/chr22.hdf5
3 Eigenstrat Files with 5081 Individuals and 1233013 SNPs

Intersection on Positions: 15802
Nr of Matching Refs: 15802 / 15802
Full Intersection Ref/Alt Identical: 15793 / 15802
2504 / 2504 Individuals included in Reference
Extraction of 5008 Haplotypes complete
Reduced to markers called 8003 / 15793
(Fraction SNP: 0.5067434939530172)
Successfully saved to: ./Empirical/Eigenstrat/Reichall/I2036/chr22/
Successfully loaded Data from: ./Empirical/Eigenstrat/Reichall/I2036/chr22/
Loaded Emission Model: haploid
Loaded Transition Model: model
Loaded Post Processing Model: Standard
Minimum Genetic Map: 0.0180
Maximum Genetic Map: 0.7408
Gaps bigger than 0.1 cM: 137
Maximum Gap: 1.6949 cM
Loaded Transition and Emission Matrix:
(3, 3)
(5009, 8003)
Loaded Observations:
(2, 8003)
Memory Usage: 598.016 mB
Reference Number: 5008
Total Log likelihood: -3149.152
Memory Usage: 598.016 mB
Finished Calculation State Posteriors
Saved Zero State Posterior to ./Empirical/Eigenstrat/Reichall/I2036/chr22/.
Successfully loaded for PP. from ./Empirical/Eigenstrat/Reichall/I2036/chr22/
Fraction Markers in ROH: 0.4081
Merged n=0 gaps < 0.0 M
Called n=3 ROH Blocks > 1.0 cM
Longest Block: 1.360
Successfully saved to ./Empirical/Eigenstrat/Reichall/I2036/chr22/roh.csv
