Loaded 2106 / 5081 ancient Indivdiuals Anno File.
Doing Individual I2653...
Using Low-Mem Cython Linear Speed Up.
Loaded Pre Processing Model: Eigenstrat
Loading Individual: I2653

Loaded 89147 variants
Loaded 2504 individuals
HDF5 loaded from ./Data/1000Genomes/HDF5/1240kHDF5/all1240/chr1.hdf5
3 Eigenstrat Files with 5081 Individuals and 1233013 SNPs

Intersection on Positions: 89147
Nr of Matching Refs: 89147 / 89147
Full Intersection Ref/Alt Identical: 89082 / 89147
2504 / 2504 Individuals included in Reference
Extraction of 5008 Haplotypes complete
Reduced to markers called 44980 / 89082
(Fraction SNP: 0.5049280438247906)
Successfully saved to: ./Empirical/Eigenstrat/Reichall/I2653/chr1/
Successfully loaded Data from: ./Empirical/Eigenstrat/Reichall/I2653/chr1/
Loaded Emission Model: haploid
Loaded Transition Model: model
Loaded Post Processing Model: Standard
Minimum Genetic Map: 0.0201
Maximum Genetic Map: 2.8627
Gaps bigger than 0.1 cM: 406
Maximum Gap: 2.9727 cM
Loaded Transition and Emission Matrix:
(3, 3)
(5009, 44980)
Loaded Observations:
(2, 44980)
Memory Usage: 2222.415872 mB
Reference Number: 5008
Total Log likelihood: -16471.750
Memory Usage: 2222.87872 mB
Finished Calculation State Posteriors
Saved Zero State Posterior to ./Empirical/Eigenstrat/Reichall/I2653/chr1/.
Successfully loaded for PP. from ./Empirical/Eigenstrat/Reichall/I2653/chr1/
Fraction Markers in ROH: 0.3884
Merged n=0 gaps < 0.0 M
Called n=12 ROH Blocks > 1.0 cM
Longest Block: 2.749
Successfully saved to ./Empirical/Eigenstrat/Reichall/I2653/chr1/roh.csv
Using Low-Mem Cython Linear Speed Up.
Loaded Pre Processing Model: Eigenstrat
Loading Individual: I2653

Loaded 94239 variants
Loaded 2504 individuals
HDF5 loaded from ./Data/1000Genomes/HDF5/1240kHDF5/all1240/chr2.hdf5
3 Eigenstrat Files with 5081 Individuals and 1233013 SNPs

Intersection on Positions: 94239
Nr of Matching Refs: 94239 / 94239
Full Intersection Ref/Alt Identical: 94173 / 94239
2504 / 2504 Individuals included in Reference
Extraction of 5008 Haplotypes complete
Reduced to markers called 45317 / 94173
(Fraction SNP: 0.4812101133021142)
Successfully saved to: ./Empirical/Eigenstrat/Reichall/I2653/chr2/
Successfully loaded Data from: ./Empirical/Eigenstrat/Reichall/I2653/chr2/
Loaded Emission Model: haploid
Loaded Transition Model: model
Loaded Post Processing Model: Standard
Minimum Genetic Map: 0.0001
Maximum Genetic Map: 2.6883
Gaps bigger than 0.1 cM: 408
Maximum Gap: 2.1083 cM
Loaded Transition and Emission Matrix:
(3, 3)
(5009, 45317)
Loaded Observations:
(2, 45317)
Memory Usage: 2276.990976 mB
Reference Number: 5008
Total Log likelihood: -16510.441
Memory Usage: 2276.990976 mB
Finished Calculation State Posteriors
Saved Zero State Posterior to ./Empirical/Eigenstrat/Reichall/I2653/chr2/.
Successfully loaded for PP. from ./Empirical/Eigenstrat/Reichall/I2653/chr2/
Fraction Markers in ROH: 0.4160
Merged n=0 gaps < 0.0 M
Called n=17 ROH Blocks > 1.0 cM
Longest Block: 3.316
Successfully saved to ./Empirical/Eigenstrat/Reichall/I2653/chr2/roh.csv
Using Low-Mem Cython Linear Speed Up.
Loaded Pre Processing Model: Eigenstrat
Loading Individual: I2653

Loaded 77652 variants
Loaded 2504 individuals
HDF5 loaded from ./Data/1000Genomes/HDF5/1240kHDF5/all1240/chr3.hdf5
3 Eigenstrat Files with 5081 Individuals and 1233013 SNPs

Intersection on Positions: 77652
Nr of Matching Refs: 77652 / 77652
Full Intersection Ref/Alt Identical: 77601 / 77652
2504 / 2504 Individuals included in Reference
Extraction of 5008 Haplotypes complete
Reduced to markers called 36878 / 77601
(Fraction SNP: 0.4752258347186248)
Successfully saved to: ./Empirical/Eigenstrat/Reichall/I2653/chr3/
Successfully loaded Data from: ./Empirical/Eigenstrat/Reichall/I2653/chr3/
Loaded Emission Model: haploid
Loaded Transition Model: model
Loaded Post Processing Model: Standard
Minimum Genetic Map: 0.0000
Maximum Genetic Map: 2.2325
Gaps bigger than 0.1 cM: 355
Maximum Gap: 0.3910 cM
Loaded Transition and Emission Matrix:
(3, 3)
(5009, 36878)
Loaded Observations:
(2, 36878)
Memory Usage: 1896.894464 mB
Reference Number: 5008
Total Log likelihood: -13874.788
Memory Usage: 1896.894464 mB
Finished Calculation State Posteriors
Saved Zero State Posterior to ./Empirical/Eigenstrat/Reichall/I2653/chr3/.
Successfully loaded for PP. from ./Empirical/Eigenstrat/Reichall/I2653/chr3/
Fraction Markers in ROH: 0.3681
Merged n=0 gaps < 0.0 M
Called n=8 ROH Blocks > 1.0 cM
Longest Block: 1.753
Successfully saved to ./Empirical/Eigenstrat/Reichall/I2653/chr3/roh.csv
Using Low-Mem Cython Linear Speed Up.
Loaded Pre Processing Model: Eigenstrat
Loading Individual: I2653

Loaded 68759 variants
Loaded 2504 individuals
HDF5 loaded from ./Data/1000Genomes/HDF5/1240kHDF5/all1240/chr4.hdf5
3 Eigenstrat Files with 5081 Individuals and 1233013 SNPs

Intersection on Positions: 68759
Nr of Matching Refs: 68759 / 68759
Full Intersection Ref/Alt Identical: 68720 / 68759
2504 / 2504 Individuals included in Reference
Extraction of 5008 Haplotypes complete
Reduced to markers called 30213 / 68720
(Fraction SNP: 0.43965366705471476)
Successfully saved to: ./Empirical/Eigenstrat/Reichall/I2653/chr4/
Successfully loaded Data from: ./Empirical/Eigenstrat/Reichall/I2653/chr4/
Loaded Emission Model: haploid
Loaded Transition Model: model
Loaded Post Processing Model: Standard
Minimum Genetic Map: 0.0034
Maximum Genetic Map: 2.1454
Gaps bigger than 0.1 cM: 347
Maximum Gap: 2.0682 cM
Loaded Transition and Emission Matrix:
(3, 3)
(5009, 30213)
Loaded Observations:
(2, 30213)
Memory Usage: 1596.862464 mB
Reference Number: 5008
Total Log likelihood: -11151.605
Memory Usage: 1596.862464 mB
Finished Calculation State Posteriors
Saved Zero State Posterior to ./Empirical/Eigenstrat/Reichall/I2653/chr4/.
Successfully loaded for PP. from ./Empirical/Eigenstrat/Reichall/I2653/chr4/
Fraction Markers in ROH: 0.3860
Merged n=0 gaps < 0.0 M
Called n=8 ROH Blocks > 1.0 cM
Longest Block: 3.669
Successfully saved to ./Empirical/Eigenstrat/Reichall/I2653/chr4/roh.csv
Using Low-Mem Cython Linear Speed Up.
Loaded Pre Processing Model: Eigenstrat
Loading Individual: I2653

Loaded 69399 variants
Loaded 2504 individuals
HDF5 loaded from ./Data/1000Genomes/HDF5/1240kHDF5/all1240/chr5.hdf5
3 Eigenstrat Files with 5081 Individuals and 1233013 SNPs

Intersection on Positions: 69399
Nr of Matching Refs: 69399 / 69399
Full Intersection Ref/Alt Identical: 69354 / 69399
2504 / 2504 Individuals included in Reference
Extraction of 5008 Haplotypes complete
Reduced to markers called 32878 / 69354
(Fraction SNP: 0.4740606165469908)
Successfully saved to: ./Empirical/Eigenstrat/Reichall/I2653/chr5/
Successfully loaded Data from: ./Empirical/Eigenstrat/Reichall/I2653/chr5/
Loaded Emission Model: haploid
Loaded Transition Model: model
Loaded Post Processing Model: Standard
Minimum Genetic Map: 0.0004
Maximum Genetic Map: 2.0409
Gaps bigger than 0.1 cM: 317
Maximum Gap: 1.1308 cM
Loaded Transition and Emission Matrix:
(3, 3)
(5009, 32878)
Loaded Observations:
(2, 32878)
Memory Usage: 1717.026816 mB
Reference Number: 5008
Total Log likelihood: -12045.314
Memory Usage: 1717.026816 mB
Finished Calculation State Posteriors
Saved Zero State Posterior to ./Empirical/Eigenstrat/Reichall/I2653/chr5/.
Successfully loaded for PP. from ./Empirical/Eigenstrat/Reichall/I2653/chr5/
Fraction Markers in ROH: 0.4238
Merged n=0 gaps < 0.0 M
Called n=15 ROH Blocks > 1.0 cM
Longest Block: 1.931
Successfully saved to ./Empirical/Eigenstrat/Reichall/I2653/chr5/roh.csv
Using Low-Mem Cython Linear Speed Up.
Loaded Pre Processing Model: Eigenstrat
Loading Individual: I2653

Loaded 75870 variants
Loaded 2504 individuals
HDF5 loaded from ./Data/1000Genomes/HDF5/1240kHDF5/all1240/chr6.hdf5
3 Eigenstrat Files with 5081 Individuals and 1233013 SNPs

Intersection on Positions: 75870
Nr of Matching Refs: 75870 / 75870
Full Intersection Ref/Alt Identical: 75816 / 75870
2504 / 2504 Individuals included in Reference
Extraction of 5008 Haplotypes complete
Reduced to markers called 36022 / 75816
(Fraction SNP: 0.47512398438324366)
Successfully saved to: ./Empirical/Eigenstrat/Reichall/I2653/chr6/
Successfully loaded Data from: ./Empirical/Eigenstrat/Reichall/I2653/chr6/
Loaded Emission Model: haploid
Loaded Transition Model: model
Loaded Post Processing Model: Standard
Minimum Genetic Map: 0.0032
Maximum Genetic Map: 1.9203
Gaps bigger than 0.1 cM: 279
Maximum Gap: 0.5396 cM
Loaded Transition and Emission Matrix:
(3, 3)
(5009, 36022)
Loaded Observations:
(2, 36022)
Memory Usage: 1858.90816 mB
Reference Number: 5008
Total Log likelihood: -13117.469
Memory Usage: 1858.90816 mB
Finished Calculation State Posteriors
Saved Zero State Posterior to ./Empirical/Eigenstrat/Reichall/I2653/chr6/.
Successfully loaded for PP. from ./Empirical/Eigenstrat/Reichall/I2653/chr6/
Fraction Markers in ROH: 0.3854
Merged n=0 gaps < 0.0 M
Called n=8 ROH Blocks > 1.0 cM
Longest Block: 1.680
Successfully saved to ./Empirical/Eigenstrat/Reichall/I2653/chr6/roh.csv
Using Low-Mem Cython Linear Speed Up.
Loaded Pre Processing Model: Eigenstrat
Loading Individual: I2653

Loaded 59890 variants
Loaded 2504 individuals
HDF5 loaded from ./Data/1000Genomes/HDF5/1240kHDF5/all1240/chr7.hdf5
3 Eigenstrat Files with 5081 Individuals and 1233013 SNPs

Intersection on Positions: 59890
Nr of Matching Refs: 59890 / 59890
Full Intersection Ref/Alt Identical: 59836 / 59890
2504 / 2504 Individuals included in Reference
Extraction of 5008 Haplotypes complete
Reduced to markers called 28448 / 59836
(Fraction SNP: 0.4754328497894244)
Successfully saved to: ./Empirical/Eigenstrat/Reichall/I2653/chr7/
Successfully loaded Data from: ./Empirical/Eigenstrat/Reichall/I2653/chr7/
Loaded Emission Model: haploid
Loaded Transition Model: model
Loaded Post Processing Model: Standard
Minimum Genetic Map: 0.0000
Maximum Genetic Map: 1.8715
Gaps bigger than 0.1 cM: 306
Maximum Gap: 0.8484 cM
Loaded Transition and Emission Matrix:
(3, 3)
(5009, 28448)
Loaded Observations:
(2, 28448)
Memory Usage: 1517.744128 mB
Reference Number: 5008
Total Log likelihood: -10460.115
Memory Usage: 1517.744128 mB
Finished Calculation State Posteriors
Saved Zero State Posterior to ./Empirical/Eigenstrat/Reichall/I2653/chr7/.
Successfully loaded for PP. from ./Empirical/Eigenstrat/Reichall/I2653/chr7/
Fraction Markers in ROH: 0.3922
Merged n=0 gaps < 0.0 M
Called n=17 ROH Blocks > 1.0 cM
Longest Block: 2.962
Successfully saved to ./Empirical/Eigenstrat/Reichall/I2653/chr7/roh.csv
Using Low-Mem Cython Linear Speed Up.
Loaded Pre Processing Model: Eigenstrat
Loading Individual: I2653

Loaded 61133 variants
Loaded 2504 individuals
HDF5 loaded from ./Data/1000Genomes/HDF5/1240kHDF5/all1240/chr8.hdf5
3 Eigenstrat Files with 5081 Individuals and 1233013 SNPs

Intersection on Positions: 61133
Nr of Matching Refs: 61133 / 61133
Full Intersection Ref/Alt Identical: 61091 / 61133
2504 / 2504 Individuals included in Reference
Extraction of 5008 Haplotypes complete
Reduced to markers called 29736 / 61091
(Fraction SNP: 0.48674927567072074)
Successfully saved to: ./Empirical/Eigenstrat/Reichall/I2653/chr8/
Successfully loaded Data from: ./Empirical/Eigenstrat/Reichall/I2653/chr8/
Loaded Emission Model: haploid
Loaded Transition Model: model
Loaded Post Processing Model: Standard
Minimum Genetic Map: 0.0000
Maximum Genetic Map: 1.6800
Gaps bigger than 0.1 cM: 237
Maximum Gap: 3.3333 cM
Loaded Transition and Emission Matrix:
(3, 3)
(5009, 29736)
Loaded Observations:
(2, 29736)
Memory Usage: 1575.989248 mB
Reference Number: 5008
Total Log likelihood: -11050.807
Memory Usage: 1575.989248 mB
Finished Calculation State Posteriors
Saved Zero State Posterior to ./Empirical/Eigenstrat/Reichall/I2653/chr8/.
Successfully loaded for PP. from ./Empirical/Eigenstrat/Reichall/I2653/chr8/
Fraction Markers in ROH: 0.3727
Merged n=0 gaps < 0.0 M
Called n=5 ROH Blocks > 1.0 cM
Longest Block: 4.498
Successfully saved to ./Empirical/Eigenstrat/Reichall/I2653/chr8/roh.csv
Using Low-Mem Cython Linear Speed Up.
Loaded Pre Processing Model: Eigenstrat
Loading Individual: I2653

Loaded 50668 variants
Loaded 2504 individuals
HDF5 loaded from ./Data/1000Genomes/HDF5/1240kHDF5/all1240/chr9.hdf5
3 Eigenstrat Files with 5081 Individuals and 1233013 SNPs

Intersection on Positions: 50668
Nr of Matching Refs: 50668 / 50668
Full Intersection Ref/Alt Identical: 50629 / 50668
2504 / 2504 Individuals included in Reference
Extraction of 5008 Haplotypes complete
Reduced to markers called 24921 / 50629
(Fraction SNP: 0.49222777459558753)
Successfully saved to: ./Empirical/Eigenstrat/Reichall/I2653/chr9/
Successfully loaded Data from: ./Empirical/Eigenstrat/Reichall/I2653/chr9/
Loaded Emission Model: haploid
Loaded Transition Model: model
Loaded Post Processing Model: Standard
Minimum Genetic Map: 0.0016
Maximum Genetic Map: 1.6630
Gaps bigger than 0.1 cM: 266
Maximum Gap: 1.8819 cM
Loaded Transition and Emission Matrix:
(3, 3)
(5009, 24921)
Loaded Observations:
(2, 24921)
Memory Usage: 1359.290368 mB
Reference Number: 5008
Total Log likelihood: -8997.533
Memory Usage: 1359.224832 mB
Finished Calculation State Posteriors
Saved Zero State Posterior to ./Empirical/Eigenstrat/Reichall/I2653/chr9/.
Successfully loaded for PP. from ./Empirical/Eigenstrat/Reichall/I2653/chr9/
Fraction Markers in ROH: 0.4080
Merged n=0 gaps < 0.0 M
Called n=16 ROH Blocks > 1.0 cM
Longest Block: 2.931
Successfully saved to ./Empirical/Eigenstrat/Reichall/I2653/chr9/roh.csv
Using Low-Mem Cython Linear Speed Up.
Loaded Pre Processing Model: Eigenstrat
Loading Individual: I2653

Loaded 58804 variants
Loaded 2504 individuals
HDF5 loaded from ./Data/1000Genomes/HDF5/1240kHDF5/all1240/chr10.hdf5
3 Eigenstrat Files with 5081 Individuals and 1233013 SNPs

Intersection on Positions: 58804
Nr of Matching Refs: 58804 / 58804
Full Intersection Ref/Alt Identical: 58763 / 58804
2504 / 2504 Individuals included in Reference
Extraction of 5008 Haplotypes complete
Reduced to markers called 29694 / 58763
(Fraction SNP: 0.505317972193387)
Successfully saved to: ./Empirical/Eigenstrat/Reichall/I2653/chr10/
Successfully loaded Data from: ./Empirical/Eigenstrat/Reichall/I2653/chr10/
Loaded Emission Model: haploid
Loaded Transition Model: model
Loaded Post Processing Model: Standard
Minimum Genetic Map: 0.0001
Maximum Genetic Map: 1.8091
Gaps bigger than 0.1 cM: 262
Maximum Gap: 2.0344 cM
Loaded Transition and Emission Matrix:
(3, 3)
(5009, 29694)
Loaded Observations:
(2, 29694)
Memory Usage: 1574.150144 mB
Reference Number: 5008
Total Log likelihood: -10811.935
Memory Usage: 1574.150144 mB
Finished Calculation State Posteriors
Saved Zero State Posterior to ./Empirical/Eigenstrat/Reichall/I2653/chr10/.
Successfully loaded for PP. from ./Empirical/Eigenstrat/Reichall/I2653/chr10/
Fraction Markers in ROH: 0.4136
Merged n=0 gaps < 0.0 M
Called n=9 ROH Blocks > 1.0 cM
Longest Block: 2.015
Successfully saved to ./Empirical/Eigenstrat/Reichall/I2653/chr10/roh.csv
Using Low-Mem Cython Linear Speed Up.
Loaded Pre Processing Model: Eigenstrat
Loading Individual: I2653

Loaded 54833 variants
Loaded 2504 individuals
HDF5 loaded from ./Data/1000Genomes/HDF5/1240kHDF5/all1240/chr11.hdf5
3 Eigenstrat Files with 5081 Individuals and 1233013 SNPs

Intersection on Positions: 54833
Nr of Matching Refs: 54833 / 54833
Full Intersection Ref/Alt Identical: 54796 / 54833
2504 / 2504 Individuals included in Reference
Extraction of 5008 Haplotypes complete
Reduced to markers called 27340 / 54796
(Fraction SNP: 0.49894152857872837)
Successfully saved to: ./Empirical/Eigenstrat/Reichall/I2653/chr11/
Successfully loaded Data from: ./Empirical/Eigenstrat/Reichall/I2653/chr11/
Loaded Emission Model: haploid
Loaded Transition Model: model
Loaded Post Processing Model: Standard
Minimum Genetic Map: 0.0000
Maximum Genetic Map: 1.5822
Gaps bigger than 0.1 cM: 242
Maximum Gap: 0.5279 cM
Loaded Transition and Emission Matrix:
(3, 3)
(5009, 27340)
Loaded Observations:
(2, 27340)
Memory Usage: 1468.100608 mB
Reference Number: 5008
Total Log likelihood: -10059.437
Memory Usage: 1468.100608 mB
Finished Calculation State Posteriors
Saved Zero State Posterior to ./Empirical/Eigenstrat/Reichall/I2653/chr11/.
Successfully loaded for PP. from ./Empirical/Eigenstrat/Reichall/I2653/chr11/
Fraction Markers in ROH: 0.4107
Merged n=0 gaps < 0.0 M
Called n=9 ROH Blocks > 1.0 cM
Longest Block: 2.831
Successfully saved to ./Empirical/Eigenstrat/Reichall/I2653/chr11/roh.csv
Using Low-Mem Cython Linear Speed Up.
Loaded Pre Processing Model: Eigenstrat
Loading Individual: I2653

Loaded 53911 variants
Loaded 2504 individuals
HDF5 loaded from ./Data/1000Genomes/HDF5/1240kHDF5/all1240/chr12.hdf5
3 Eigenstrat Files with 5081 Individuals and 1233013 SNPs

Intersection on Positions: 53911
Nr of Matching Refs: 53911 / 53911
Full Intersection Ref/Alt Identical: 53884 / 53911
2504 / 2504 Individuals included in Reference
Extraction of 5008 Haplotypes complete
Reduced to markers called 26146 / 53884
(Fraction SNP: 0.4852275257961547)
Successfully saved to: ./Empirical/Eigenstrat/Reichall/I2653/chr12/
Successfully loaded Data from: ./Empirical/Eigenstrat/Reichall/I2653/chr12/
Loaded Emission Model: haploid
Loaded Transition Model: model
Loaded Post Processing Model: Standard
Minimum Genetic Map: 0.0017
Maximum Genetic Map: 1.7468
Gaps bigger than 0.1 cM: 282
Maximum Gap: 1.1547 cM
Loaded Transition and Emission Matrix:
(3, 3)
(5009, 26146)
Loaded Observations:
(2, 26146)
Memory Usage: 1414.074368 mB
Reference Number: 5008
Total Log likelihood: -9738.744
Memory Usage: 1414.074368 mB
Finished Calculation State Posteriors
Saved Zero State Posterior to ./Empirical/Eigenstrat/Reichall/I2653/chr12/.
Successfully loaded for PP. from ./Empirical/Eigenstrat/Reichall/I2653/chr12/
Fraction Markers in ROH: 0.3821
Merged n=0 gaps < 0.0 M
Called n=9 ROH Blocks > 1.0 cM
Longest Block: 2.108
Successfully saved to ./Empirical/Eigenstrat/Reichall/I2653/chr12/roh.csv
Using Low-Mem Cython Linear Speed Up.
Loaded Pre Processing Model: Eigenstrat
Loading Individual: I2653

Loaded 39018 variants
Loaded 2504 individuals
HDF5 loaded from ./Data/1000Genomes/HDF5/1240kHDF5/all1240/chr13.hdf5
3 Eigenstrat Files with 5081 Individuals and 1233013 SNPs

Intersection on Positions: 39018
Nr of Matching Refs: 39018 / 39018
Full Intersection Ref/Alt Identical: 38994 / 39018
2504 / 2504 Individuals included in Reference
Extraction of 5008 Haplotypes complete
Reduced to markers called 17663 / 38994
(Fraction SNP: 0.4529671231471508)
Successfully saved to: ./Empirical/Eigenstrat/Reichall/I2653/chr13/
Successfully loaded Data from: ./Empirical/Eigenstrat/Reichall/I2653/chr13/
Loaded Emission Model: haploid
Loaded Transition Model: model
Loaded Post Processing Model: Standard
Minimum Genetic Map: 0.0028
Maximum Genetic Map: 1.2570
Gaps bigger than 0.1 cM: 219
Maximum Gap: 1.2216 cM
Loaded Transition and Emission Matrix:
(3, 3)
(5009, 17663)
Loaded Observations:
(2, 17663)
Memory Usage: 1031.798784 mB
Reference Number: 5008
Total Log likelihood: -6772.334
Memory Usage: 1031.798784 mB
Finished Calculation State Posteriors
Saved Zero State Posterior to ./Empirical/Eigenstrat/Reichall/I2653/chr13/.
Successfully loaded for PP. from ./Empirical/Eigenstrat/Reichall/I2653/chr13/
Fraction Markers in ROH: 0.3065
Merged n=0 gaps < 0.0 M
Called n=2 ROH Blocks > 1.0 cM
Longest Block: 1.360
Successfully saved to ./Empirical/Eigenstrat/Reichall/I2653/chr13/roh.csv
Using Low-Mem Cython Linear Speed Up.
Loaded Pre Processing Model: Eigenstrat
Loading Individual: I2653

Loaded 36301 variants
Loaded 2504 individuals
HDF5 loaded from ./Data/1000Genomes/HDF5/1240kHDF5/all1240/chr14.hdf5
3 Eigenstrat Files with 5081 Individuals and 1233013 SNPs

Intersection on Positions: 36301
Nr of Matching Refs: 36301 / 36301
Full Intersection Ref/Alt Identical: 36280 / 36301
2504 / 2504 Individuals included in Reference
Extraction of 5008 Haplotypes complete
Reduced to markers called 17540 / 36280
(Fraction SNP: 0.4834619625137817)
Successfully saved to: ./Empirical/Eigenstrat/Reichall/I2653/chr14/
Successfully loaded Data from: ./Empirical/Eigenstrat/Reichall/I2653/chr14/
Loaded Emission Model: haploid
Loaded Transition Model: model
Loaded Post Processing Model: Standard
Minimum Genetic Map: 0.0161
Maximum Genetic Map: 1.2020
Gaps bigger than 0.1 cM: 181
Maximum Gap: 2.8973 cM
Loaded Transition and Emission Matrix:
(3, 3)
(5009, 17540)
Loaded Observations:
(2, 17540)
Memory Usage: 1026.891776 mB
Reference Number: 5008
Total Log likelihood: -6447.186
Memory Usage: 1026.891776 mB
Finished Calculation State Posteriors
Saved Zero State Posterior to ./Empirical/Eigenstrat/Reichall/I2653/chr14/.
Successfully loaded for PP. from ./Empirical/Eigenstrat/Reichall/I2653/chr14/
Fraction Markers in ROH: 0.3838
Merged n=0 gaps < 0.0 M
Called n=2 ROH Blocks > 1.0 cM
Longest Block: 1.920
Successfully saved to ./Empirical/Eigenstrat/Reichall/I2653/chr14/roh.csv
Using Low-Mem Cython Linear Speed Up.
Loaded Pre Processing Model: Eigenstrat
Loading Individual: I2653

Loaded 34429 variants
Loaded 2504 individuals
HDF5 loaded from ./Data/1000Genomes/HDF5/1240kHDF5/all1240/chr15.hdf5
3 Eigenstrat Files with 5081 Individuals and 1233013 SNPs

Intersection on Positions: 34429
Nr of Matching Refs: 34429 / 34429
Full Intersection Ref/Alt Identical: 34407 / 34429
2504 / 2504 Individuals included in Reference
Extraction of 5008 Haplotypes complete
Reduced to markers called 17706 / 34407
(Fraction SNP: 0.5146045862760484)
Successfully saved to: ./Empirical/Eigenstrat/Reichall/I2653/chr15/
Successfully loaded Data from: ./Empirical/Eigenstrat/Reichall/I2653/chr15/
Loaded Emission Model: haploid
Loaded Transition Model: model
Loaded Post Processing Model: Standard
Minimum Genetic Map: 0.0000
Maximum Genetic Map: 1.4135
Gaps bigger than 0.1 cM: 204
Maximum Gap: 13.7349 cM
Loaded Transition and Emission Matrix:
(3, 3)
(5009, 17706)
Loaded Observations:
(2, 17706)
Memory Usage: 1034.71104 mB
Reference Number: 5008
Total Log likelihood: -6287.795
Memory Usage: 1034.71104 mB
Finished Calculation State Posteriors
Saved Zero State Posterior to ./Empirical/Eigenstrat/Reichall/I2653/chr15/.
Successfully loaded for PP. from ./Empirical/Eigenstrat/Reichall/I2653/chr15/
Fraction Markers in ROH: 0.4632
Merged n=0 gaps < 0.0 M
Called n=7 ROH Blocks > 1.0 cM
Longest Block: 1.510
Successfully saved to ./Empirical/Eigenstrat/Reichall/I2653/chr15/roh.csv
Using Low-Mem Cython Linear Speed Up.
Loaded Pre Processing Model: Eigenstrat
Loading Individual: I2653

Loaded 34402 variants
Loaded 2504 individuals
HDF5 loaded from ./Data/1000Genomes/HDF5/1240kHDF5/all1240/chr16.hdf5
3 Eigenstrat Files with 5081 Individuals and 1233013 SNPs

Intersection on Positions: 34402
Nr of Matching Refs: 34402 / 34402
Full Intersection Ref/Alt Identical: 34375 / 34402
2504 / 2504 Individuals included in Reference
Extraction of 5008 Haplotypes complete
Reduced to markers called 18390 / 34375
(Fraction SNP: 0.5349818181818182)
Successfully saved to: ./Empirical/Eigenstrat/Reichall/I2653/chr16/
Successfully loaded Data from: ./Empirical/Eigenstrat/Reichall/I2653/chr16/
Loaded Emission Model: haploid
Loaded Transition Model: model
Loaded Post Processing Model: Standard
Minimum Genetic Map: 0.0000
Maximum Genetic Map: 1.3403
Gaps bigger than 0.1 cM: 217
Maximum Gap: 0.8458 cM
Loaded Transition and Emission Matrix:
(3, 3)
(5009, 18390)
Loaded Observations:
(2, 18390)
Memory Usage: 1065.869312 mB
Reference Number: 5008
Total Log likelihood: -6881.389
Memory Usage: 1065.869312 mB
Finished Calculation State Posteriors
Saved Zero State Posterior to ./Empirical/Eigenstrat/Reichall/I2653/chr16/.
Successfully loaded for PP. from ./Empirical/Eigenstrat/Reichall/I2653/chr16/
Fraction Markers in ROH: 0.4008
Merged n=0 gaps < 0.0 M
Called n=6 ROH Blocks > 1.0 cM
Longest Block: 2.164
Successfully saved to ./Empirical/Eigenstrat/Reichall/I2653/chr16/roh.csv
Using Low-Mem Cython Linear Speed Up.
Loaded Pre Processing Model: Eigenstrat
Loading Individual: I2653

Loaded 29314 variants
Loaded 2504 individuals
HDF5 loaded from ./Data/1000Genomes/HDF5/1240kHDF5/all1240/chr17.hdf5
3 Eigenstrat Files with 5081 Individuals and 1233013 SNPs

Intersection on Positions: 29314
Nr of Matching Refs: 29314 / 29314
Full Intersection Ref/Alt Identical: 29292 / 29314
2504 / 2504 Individuals included in Reference
Extraction of 5008 Haplotypes complete
Reduced to markers called 16086 / 29292
(Fraction SNP: 0.5491601802539943)
Successfully saved to: ./Empirical/Eigenstrat/Reichall/I2653/chr17/
Successfully loaded Data from: ./Empirical/Eigenstrat/Reichall/I2653/chr17/
Loaded Emission Model: haploid
Loaded Transition Model: model
Loaded Post Processing Model: Standard
Minimum Genetic Map: 0.0002
Maximum Genetic Map: 1.2847
Gaps bigger than 0.1 cM: 206
Maximum Gap: 1.2341 cM
Loaded Transition and Emission Matrix:
(3, 3)
(5009, 16086)
Loaded Observations:
(2, 16086)
Memory Usage: 960.700416 mB
Reference Number: 5008
Total Log likelihood: -5876.097
Memory Usage: 960.700416 mB
Finished Calculation State Posteriors
Saved Zero State Posterior to ./Empirical/Eigenstrat/Reichall/I2653/chr17/.
Successfully loaded for PP. from ./Empirical/Eigenstrat/Reichall/I2653/chr17/
Fraction Markers in ROH: 0.4212
Merged n=0 gaps < 0.0 M
Called n=11 ROH Blocks > 1.0 cM
Longest Block: 1.788
Successfully saved to ./Empirical/Eigenstrat/Reichall/I2653/chr17/roh.csv
Using Low-Mem Cython Linear Speed Up.
Loaded Pre Processing Model: Eigenstrat
Loading Individual: I2653

Loaded 33917 variants
Loaded 2504 individuals
HDF5 loaded from ./Data/1000Genomes/HDF5/1240kHDF5/all1240/chr18.hdf5
3 Eigenstrat Files with 5081 Individuals and 1233013 SNPs

Intersection on Positions: 33917
Nr of Matching Refs: 33917 / 33917
Full Intersection Ref/Alt Identical: 33902 / 33917
2504 / 2504 Individuals included in Reference
Extraction of 5008 Haplotypes complete
Reduced to markers called 16057 / 33902
(Fraction SNP: 0.4736298743436965)
Successfully saved to: ./Empirical/Eigenstrat/Reichall/I2653/chr18/
Successfully loaded Data from: ./Empirical/Eigenstrat/Reichall/I2653/chr18/
Loaded Emission Model: haploid
Loaded Transition Model: model
Loaded Post Processing Model: Standard
Minimum Genetic Map: 0.0025
Maximum Genetic Map: 1.1771
Gaps bigger than 0.1 cM: 201
Maximum Gap: 0.4827 cM
Loaded Transition and Emission Matrix:
(3, 3)
(5009, 16057)
Loaded Observations:
(2, 16057)
Memory Usage: 959.434752 mB
Reference Number: 5008
Total Log likelihood: -6070.909
Memory Usage: 959.434752 mB
Finished Calculation State Posteriors
Saved Zero State Posterior to ./Empirical/Eigenstrat/Reichall/I2653/chr18/.
Successfully loaded for PP. from ./Empirical/Eigenstrat/Reichall/I2653/chr18/
Fraction Markers in ROH: 0.4080
Merged n=0 gaps < 0.0 M
Called n=8 ROH Blocks > 1.0 cM
Longest Block: 2.875
Successfully saved to ./Empirical/Eigenstrat/Reichall/I2653/chr18/roh.csv
Using Low-Mem Cython Linear Speed Up.
Loaded Pre Processing Model: Eigenstrat
Loading Individual: I2653

Loaded 18460 variants
Loaded 2504 individuals
HDF5 loaded from ./Data/1000Genomes/HDF5/1240kHDF5/all1240/chr19.hdf5
3 Eigenstrat Files with 5081 Individuals and 1233013 SNPs

Intersection on Positions: 18460
Nr of Matching Refs: 18460 / 18460
Full Intersection Ref/Alt Identical: 18441 / 18460
2504 / 2504 Individuals included in Reference
Extraction of 5008 Haplotypes complete
Reduced to markers called 10493 / 18441
(Fraction SNP: 0.569003850116588)
Successfully saved to: ./Empirical/Eigenstrat/Reichall/I2653/chr19/
Successfully loaded Data from: ./Empirical/Eigenstrat/Reichall/I2653/chr19/
Loaded Emission Model: haploid
Loaded Transition Model: model
Loaded Post Processing Model: Standard
Minimum Genetic Map: 0.0000
Maximum Genetic Map: 1.0773
Gaps bigger than 0.1 cM: 211
Maximum Gap: 0.6114 cM
Loaded Transition and Emission Matrix:
(3, 3)
(5009, 10493)
Loaded Observations:
(2, 10493)
Memory Usage: 713.392128 mB
Reference Number: 5008
Total Log likelihood: -4057.220
Memory Usage: 713.392128 mB
Finished Calculation State Posteriors
Saved Zero State Posterior to ./Empirical/Eigenstrat/Reichall/I2653/chr19/.
Successfully loaded for PP. from ./Empirical/Eigenstrat/Reichall/I2653/chr19/
Fraction Markers in ROH: 0.4075
Merged n=0 gaps < 0.0 M
Called n=5 ROH Blocks > 1.0 cM
Longest Block: 2.693
Successfully saved to ./Empirical/Eigenstrat/Reichall/I2653/chr19/roh.csv
Using Low-Mem Cython Linear Speed Up.
Loaded Pre Processing Model: Eigenstrat
Loading Individual: I2653

Loaded 29078 variants
Loaded 2504 individuals
HDF5 loaded from ./Data/1000Genomes/HDF5/1240kHDF5/all1240/chr20.hdf5
3 Eigenstrat Files with 5081 Individuals and 1233013 SNPs

Intersection on Positions: 29078
Nr of Matching Refs: 29078 / 29078
Full Intersection Ref/Alt Identical: 29053 / 29078
2504 / 2504 Individuals included in Reference
Extraction of 5008 Haplotypes complete
Reduced to markers called 15802 / 29053
(Fraction SNP: 0.5439025229752521)
Successfully saved to: ./Empirical/Eigenstrat/Reichall/I2653/chr20/
Successfully loaded Data from: ./Empirical/Eigenstrat/Reichall/I2653/chr20/
Loaded Emission Model: haploid
Loaded Transition Model: model
Loaded Post Processing Model: Standard
Minimum Genetic Map: 0.0000
Maximum Genetic Map: 1.0821
Gaps bigger than 0.1 cM: 187
Maximum Gap: 0.4744 cM
Loaded Transition and Emission Matrix:
(3, 3)
(5009, 15802)
Loaded Observations:
(2, 15802)
Memory Usage: 952.467456 mB
Reference Number: 5008
Total Log likelihood: -5788.701
Memory Usage: 952.467456 mB
Finished Calculation State Posteriors
Saved Zero State Posterior to ./Empirical/Eigenstrat/Reichall/I2653/chr20/.
Successfully loaded for PP. from ./Empirical/Eigenstrat/Reichall/I2653/chr20/
Fraction Markers in ROH: 0.4218
Merged n=0 gaps < 0.0 M
Called n=4 ROH Blocks > 1.0 cM
Longest Block: 1.427
Successfully saved to ./Empirical/Eigenstrat/Reichall/I2653/chr20/roh.csv
Using Low-Mem Cython Linear Speed Up.
Loaded Pre Processing Model: Eigenstrat
Loading Individual: I2653

Loaded 16038 variants
Loaded 2504 individuals
HDF5 loaded from ./Data/1000Genomes/HDF5/1240kHDF5/all1240/chr21.hdf5
3 Eigenstrat Files with 5081 Individuals and 1233013 SNPs

Intersection on Positions: 16038
Nr of Matching Refs: 16038 / 16038
Full Intersection Ref/Alt Identical: 16031 / 16038
2504 / 2504 Individuals included in Reference
Extraction of 5008 Haplotypes complete
Reduced to markers called 7655 / 16031
(Fraction SNP: 0.4775123198802321)
Successfully saved to: ./Empirical/Eigenstrat/Reichall/I2653/chr21/
Successfully loaded Data from: ./Empirical/Eigenstrat/Reichall/I2653/chr21/
Loaded Emission Model: haploid
Loaded Transition Model: model
Loaded Post Processing Model: Standard
Minimum Genetic Map: -0.0085
Maximum Genetic Map: 0.6277
Gaps bigger than 0.1 cM: 126
Maximum Gap: 2.3602 cM
Loaded Transition and Emission Matrix:
(3, 3)
(5009, 7655)
Loaded Observations:
(2, 7655)
Memory Usage: 585.457664 mB
Reference Number: 5008
Total Log likelihood: -2970.958
Memory Usage: 585.457664 mB
Finished Calculation State Posteriors
Saved Zero State Posterior to ./Empirical/Eigenstrat/Reichall/I2653/chr21/.
Successfully loaded for PP. from ./Empirical/Eigenstrat/Reichall/I2653/chr21/
Fraction Markers in ROH: 0.3543
Merged n=0 gaps < 0.0 M
Called n=2 ROH Blocks > 1.0 cM
Longest Block: 1.085
Successfully saved to ./Empirical/Eigenstrat/Reichall/I2653/chr21/roh.csv
Using Low-Mem Cython Linear Speed Up.
Loaded Pre Processing Model: Eigenstrat
Loading Individual: I2653

Loaded 15802 variants
Loaded 2504 individuals
HDF5 loaded from ./Data/1000Genomes/HDF5/1240kHDF5/all1240/chr22.hdf5
3 Eigenstrat Files with 5081 Individuals and 1233013 SNPs

Intersection on Positions: 15802
Nr of Matching Refs: 15802 / 15802
Full Intersection Ref/Alt Identical: 15793 / 15802
2504 / 2504 Individuals included in Reference
Extraction of 5008 Haplotypes complete
Reduced to markers called 9368 / 15793
(Fraction SNP: 0.5931741910973216)
Successfully saved to: ./Empirical/Eigenstrat/Reichall/I2653/chr22/
Successfully loaded Data from: ./Empirical/Eigenstrat/Reichall/I2653/chr22/
Loaded Emission Model: haploid
Loaded Transition Model: model
Loaded Post Processing Model: Standard
Minimum Genetic Map: 0.0171
Maximum Genetic Map: 0.7408
Gaps bigger than 0.1 cM: 119
Maximum Gap: 1.7340 cM
Loaded Transition and Emission Matrix:
(3, 3)
(5009, 9368)
Loaded Observations:
(2, 9368)
Memory Usage: 662.941696 mB
Reference Number: 5008
Total Log likelihood: -3564.457
Memory Usage: 662.941696 mB
Finished Calculation State Posteriors
Saved Zero State Posterior to ./Empirical/Eigenstrat/Reichall/I2653/chr22/.
Successfully loaded for PP. from ./Empirical/Eigenstrat/Reichall/I2653/chr22/
Fraction Markers in ROH: 0.3439
Merged n=0 gaps < 0.0 M
Called n=1 ROH Blocks > 1.0 cM
Longest Block: 1.296
Successfully saved to ./Empirical/Eigenstrat/Reichall/I2653/chr22/roh.csv
