Loaded 2106 / 5081 ancient Indivdiuals Anno File.
Doing Individual I3255...
Using Low-Mem Cython Linear Speed Up.
Loaded Pre Processing Model: Eigenstrat
Loading Individual: I3255

Loaded 89147 variants
Loaded 2504 individuals
HDF5 loaded from ./Data/1000Genomes/HDF5/1240kHDF5/all1240/chr1.hdf5
3 Eigenstrat Files with 5081 Individuals and 1233013 SNPs

Intersection on Positions: 89147
Nr of Matching Refs: 89147 / 89147
Full Intersection Ref/Alt Identical: 89082 / 89147
2504 / 2504 Individuals included in Reference
Extraction of 5008 Haplotypes complete
Reduced to markers called 68111 / 89082
(Fraction SNP: 0.7645876832581218)
Successfully saved to: ./Empirical/Eigenstrat/Reichall/I3255/chr1/
Successfully loaded Data from: ./Empirical/Eigenstrat/Reichall/I3255/chr1/
Loaded Emission Model: haploid
Loaded Transition Model: model
Loaded Post Processing Model: Standard
Minimum Genetic Map: 0.0202
Maximum Genetic Map: 2.8627
Gaps bigger than 0.1 cM: 309
Maximum Gap: 2.9229 cM
Loaded Transition and Emission Matrix:
(3, 3)
(5009, 68111)
Loaded Observations:
(2, 68111)
Memory Usage: 3265.155072 mB
Reference Number: 5008
Total Log likelihood: -23442.078
Memory Usage: 3265.61792 mB
Finished Calculation State Posteriors
Saved Zero State Posterior to ./Empirical/Eigenstrat/Reichall/I3255/chr1/.
Successfully loaded for PP. from ./Empirical/Eigenstrat/Reichall/I3255/chr1/
Fraction Markers in ROH: 0.4305
Merged n=0 gaps < 0.0 M
Called n=11 ROH Blocks > 1.0 cM
Longest Block: 2.498
Successfully saved to ./Empirical/Eigenstrat/Reichall/I3255/chr1/roh.csv
Using Low-Mem Cython Linear Speed Up.
Loaded Pre Processing Model: Eigenstrat
Loading Individual: I3255

Loaded 94239 variants
Loaded 2504 individuals
HDF5 loaded from ./Data/1000Genomes/HDF5/1240kHDF5/all1240/chr2.hdf5
3 Eigenstrat Files with 5081 Individuals and 1233013 SNPs

Intersection on Positions: 94239
Nr of Matching Refs: 94239 / 94239
Full Intersection Ref/Alt Identical: 94173 / 94239
2504 / 2504 Individuals included in Reference
Extraction of 5008 Haplotypes complete
Reduced to markers called 69570 / 94173
(Fraction SNP: 0.7387467745532159)
Successfully saved to: ./Empirical/Eigenstrat/Reichall/I3255/chr2/
Successfully loaded Data from: ./Empirical/Eigenstrat/Reichall/I3255/chr2/
Loaded Emission Model: haploid
Loaded Transition Model: model
Loaded Post Processing Model: Standard
Minimum Genetic Map: 0.0001
Maximum Genetic Map: 2.6883
Gaps bigger than 0.1 cM: 305
Maximum Gap: 1.8302 cM
Loaded Transition and Emission Matrix:
(3, 3)
(5009, 69570)
Loaded Observations:
(2, 69570)
Memory Usage: 3369.79968 mB
Reference Number: 5008
Total Log likelihood: -24513.578
Memory Usage: 3369.79968 mB
Finished Calculation State Posteriors
Saved Zero State Posterior to ./Empirical/Eigenstrat/Reichall/I3255/chr2/.
Successfully loaded for PP. from ./Empirical/Eigenstrat/Reichall/I3255/chr2/
Fraction Markers in ROH: 0.4169
Merged n=0 gaps < 0.0 M
Called n=7 ROH Blocks > 1.0 cM
Longest Block: 1.721
Successfully saved to ./Empirical/Eigenstrat/Reichall/I3255/chr2/roh.csv
Using Low-Mem Cython Linear Speed Up.
Loaded Pre Processing Model: Eigenstrat
Loading Individual: I3255

Loaded 77652 variants
Loaded 2504 individuals
HDF5 loaded from ./Data/1000Genomes/HDF5/1240kHDF5/all1240/chr3.hdf5
3 Eigenstrat Files with 5081 Individuals and 1233013 SNPs

Intersection on Positions: 77652
Nr of Matching Refs: 77652 / 77652
Full Intersection Ref/Alt Identical: 77601 / 77652
2504 / 2504 Individuals included in Reference
Extraction of 5008 Haplotypes complete
Reduced to markers called 56806 / 77601
(Fraction SNP: 0.7320266491411194)
Successfully saved to: ./Empirical/Eigenstrat/Reichall/I3255/chr3/
Successfully loaded Data from: ./Empirical/Eigenstrat/Reichall/I3255/chr3/
Loaded Emission Model: haploid
Loaded Transition Model: model
Loaded Post Processing Model: Standard
Minimum Genetic Map: 0.0000
Maximum Genetic Map: 2.2326
Gaps bigger than 0.1 cM: 262
Maximum Gap: 0.3910 cM
Loaded Transition and Emission Matrix:
(3, 3)
(5009, 56806)
Loaded Observations:
(2, 56806)
Memory Usage: 2794.991616 mB
Reference Number: 5008
Total Log likelihood: -20490.319
Memory Usage: 2794.737664 mB
Finished Calculation State Posteriors
Saved Zero State Posterior to ./Empirical/Eigenstrat/Reichall/I3255/chr3/.
Successfully loaded for PP. from ./Empirical/Eigenstrat/Reichall/I3255/chr3/
Fraction Markers in ROH: 0.3904
Merged n=0 gaps < 0.0 M
Called n=8 ROH Blocks > 1.0 cM
Longest Block: 2.890
Successfully saved to ./Empirical/Eigenstrat/Reichall/I3255/chr3/roh.csv
Using Low-Mem Cython Linear Speed Up.
Loaded Pre Processing Model: Eigenstrat
Loading Individual: I3255

Loaded 68759 variants
Loaded 2504 individuals
HDF5 loaded from ./Data/1000Genomes/HDF5/1240kHDF5/all1240/chr4.hdf5
3 Eigenstrat Files with 5081 Individuals and 1233013 SNPs

Intersection on Positions: 68759
Nr of Matching Refs: 68759 / 68759
Full Intersection Ref/Alt Identical: 68720 / 68759
2504 / 2504 Individuals included in Reference
Extraction of 5008 Haplotypes complete
Reduced to markers called 47408 / 68720
(Fraction SNP: 0.689871944121071)
Successfully saved to: ./Empirical/Eigenstrat/Reichall/I3255/chr4/
Successfully loaded Data from: ./Empirical/Eigenstrat/Reichall/I3255/chr4/
Loaded Emission Model: haploid
Loaded Transition Model: model
Loaded Post Processing Model: Standard
Minimum Genetic Map: 0.0034
Maximum Genetic Map: 2.1454
Gaps bigger than 0.1 cM: 264
Maximum Gap: 2.0422 cM
Loaded Transition and Emission Matrix:
(3, 3)
(5009, 47408)
Loaded Observations:
(2, 47408)
Memory Usage: 2371.25632 mB
Reference Number: 5008
Total Log likelihood: -16844.731
Memory Usage: 2371.25632 mB
Finished Calculation State Posteriors
Saved Zero State Posterior to ./Empirical/Eigenstrat/Reichall/I3255/chr4/.
Successfully loaded for PP. from ./Empirical/Eigenstrat/Reichall/I3255/chr4/
Fraction Markers in ROH: 0.4198
Merged n=0 gaps < 0.0 M
Called n=8 ROH Blocks > 1.0 cM
Longest Block: 2.656
Successfully saved to ./Empirical/Eigenstrat/Reichall/I3255/chr4/roh.csv
Using Low-Mem Cython Linear Speed Up.
Loaded Pre Processing Model: Eigenstrat
Loading Individual: I3255

Loaded 69399 variants
Loaded 2504 individuals
HDF5 loaded from ./Data/1000Genomes/HDF5/1240kHDF5/all1240/chr5.hdf5
3 Eigenstrat Files with 5081 Individuals and 1233013 SNPs

Intersection on Positions: 69399
Nr of Matching Refs: 69399 / 69399
Full Intersection Ref/Alt Identical: 69354 / 69399
2504 / 2504 Individuals included in Reference
Extraction of 5008 Haplotypes complete
Reduced to markers called 50614 / 69354
(Fraction SNP: 0.7297920812065635)
Successfully saved to: ./Empirical/Eigenstrat/Reichall/I3255/chr5/
Successfully loaded Data from: ./Empirical/Eigenstrat/Reichall/I3255/chr5/
Loaded Emission Model: haploid
Loaded Transition Model: model
Loaded Post Processing Model: Standard
Minimum Genetic Map: 0.0004
Maximum Genetic Map: 2.0409
Gaps bigger than 0.1 cM: 258
Maximum Gap: 1.0498 cM
Loaded Transition and Emission Matrix:
(3, 3)
(5009, 50614)
Loaded Observations:
(2, 50614)
Memory Usage: 2515.951616 mB
Reference Number: 5008
Total Log likelihood: -17428.049
Memory Usage: 2515.951616 mB
Finished Calculation State Posteriors
Saved Zero State Posterior to ./Empirical/Eigenstrat/Reichall/I3255/chr5/.
Successfully loaded for PP. from ./Empirical/Eigenstrat/Reichall/I3255/chr5/
Fraction Markers in ROH: 0.4417
Merged n=0 gaps < 0.0 M
Called n=7 ROH Blocks > 1.0 cM
Longest Block: 2.521
Successfully saved to ./Empirical/Eigenstrat/Reichall/I3255/chr5/roh.csv
Using Low-Mem Cython Linear Speed Up.
Loaded Pre Processing Model: Eigenstrat
Loading Individual: I3255

Loaded 75870 variants
Loaded 2504 individuals
HDF5 loaded from ./Data/1000Genomes/HDF5/1240kHDF5/all1240/chr6.hdf5
3 Eigenstrat Files with 5081 Individuals and 1233013 SNPs

Intersection on Positions: 75870
Nr of Matching Refs: 75870 / 75870
Full Intersection Ref/Alt Identical: 75816 / 75870
2504 / 2504 Individuals included in Reference
Extraction of 5008 Haplotypes complete
Reduced to markers called 55637 / 75816
(Fraction SNP: 0.7338424606943126)
Successfully saved to: ./Empirical/Eigenstrat/Reichall/I3255/chr6/
Successfully loaded Data from: ./Empirical/Eigenstrat/Reichall/I3255/chr6/
Loaded Emission Model: haploid
Loaded Transition Model: model
Loaded Post Processing Model: Standard
Minimum Genetic Map: 0.0032
Maximum Genetic Map: 1.9203
Gaps bigger than 0.1 cM: 206
Maximum Gap: 0.5076 cM
Loaded Transition and Emission Matrix:
(3, 3)
(5009, 55637)
Loaded Observations:
(2, 55637)
Memory Usage: 2742.542336 mB
Reference Number: 5008
Total Log likelihood: -19109.163
Memory Usage: 2742.542336 mB
Finished Calculation State Posteriors
Saved Zero State Posterior to ./Empirical/Eigenstrat/Reichall/I3255/chr6/.
Successfully loaded for PP. from ./Empirical/Eigenstrat/Reichall/I3255/chr6/
Fraction Markers in ROH: 0.4297
Merged n=0 gaps < 0.0 M
Called n=5 ROH Blocks > 1.0 cM
Longest Block: 1.525
Successfully saved to ./Empirical/Eigenstrat/Reichall/I3255/chr6/roh.csv
Using Low-Mem Cython Linear Speed Up.
Loaded Pre Processing Model: Eigenstrat
Loading Individual: I3255

Loaded 59890 variants
Loaded 2504 individuals
HDF5 loaded from ./Data/1000Genomes/HDF5/1240kHDF5/all1240/chr7.hdf5
3 Eigenstrat Files with 5081 Individuals and 1233013 SNPs

Intersection on Positions: 59890
Nr of Matching Refs: 59890 / 59890
Full Intersection Ref/Alt Identical: 59836 / 59890
2504 / 2504 Individuals included in Reference
Extraction of 5008 Haplotypes complete
Reduced to markers called 43593 / 59836
(Fraction SNP: 0.7285413463466809)
Successfully saved to: ./Empirical/Eigenstrat/Reichall/I3255/chr7/
Successfully loaded Data from: ./Empirical/Eigenstrat/Reichall/I3255/chr7/
Loaded Emission Model: haploid
Loaded Transition Model: model
Loaded Post Processing Model: Standard
Minimum Genetic Map: 0.0000
Maximum Genetic Map: 1.8715
Gaps bigger than 0.1 cM: 231
Maximum Gap: 0.8416 cM
Loaded Transition and Emission Matrix:
(3, 3)
(5009, 43593)
Loaded Observations:
(2, 43593)
Memory Usage: 2199.093248 mB
Reference Number: 5008
Total Log likelihood: -15974.799
Memory Usage: 2199.093248 mB
Finished Calculation State Posteriors
Saved Zero State Posterior to ./Empirical/Eigenstrat/Reichall/I3255/chr7/.
Successfully loaded for PP. from ./Empirical/Eigenstrat/Reichall/I3255/chr7/
Fraction Markers in ROH: 0.3948
Merged n=0 gaps < 0.0 M
Called n=3 ROH Blocks > 1.0 cM
Longest Block: 2.071
Successfully saved to ./Empirical/Eigenstrat/Reichall/I3255/chr7/roh.csv
Using Low-Mem Cython Linear Speed Up.
Loaded Pre Processing Model: Eigenstrat
Loading Individual: I3255

Loaded 61133 variants
Loaded 2504 individuals
HDF5 loaded from ./Data/1000Genomes/HDF5/1240kHDF5/all1240/chr8.hdf5
3 Eigenstrat Files with 5081 Individuals and 1233013 SNPs

Intersection on Positions: 61133
Nr of Matching Refs: 61133 / 61133
Full Intersection Ref/Alt Identical: 61091 / 61133
2504 / 2504 Individuals included in Reference
Extraction of 5008 Haplotypes complete
Reduced to markers called 45120 / 61091
(Fraction SNP: 0.7385703295084383)
Successfully saved to: ./Empirical/Eigenstrat/Reichall/I3255/chr8/
Successfully loaded Data from: ./Empirical/Eigenstrat/Reichall/I3255/chr8/
Loaded Emission Model: haploid
Loaded Transition Model: model
Loaded Post Processing Model: Standard
Minimum Genetic Map: 0.0000
Maximum Genetic Map: 1.6800
Gaps bigger than 0.1 cM: 166
Maximum Gap: 1.8932 cM
Loaded Transition and Emission Matrix:
(3, 3)
(5009, 45120)
Loaded Observations:
(2, 45120)
Memory Usage: 2268.717056 mB
Reference Number: 5008
Total Log likelihood: -16707.844
Memory Usage: 2268.717056 mB
Finished Calculation State Posteriors
Saved Zero State Posterior to ./Empirical/Eigenstrat/Reichall/I3255/chr8/.
Successfully loaded for PP. from ./Empirical/Eigenstrat/Reichall/I3255/chr8/
Fraction Markers in ROH: 0.3738
Merged n=0 gaps < 0.0 M
Called n=6 ROH Blocks > 1.0 cM
Longest Block: 1.905
Successfully saved to ./Empirical/Eigenstrat/Reichall/I3255/chr8/roh.csv
Using Low-Mem Cython Linear Speed Up.
Loaded Pre Processing Model: Eigenstrat
Loading Individual: I3255

Loaded 50668 variants
Loaded 2504 individuals
HDF5 loaded from ./Data/1000Genomes/HDF5/1240kHDF5/all1240/chr9.hdf5
3 Eigenstrat Files with 5081 Individuals and 1233013 SNPs

Intersection on Positions: 50668
Nr of Matching Refs: 50668 / 50668
Full Intersection Ref/Alt Identical: 50629 / 50668
2504 / 2504 Individuals included in Reference
Extraction of 5008 Haplotypes complete
Reduced to markers called 38023 / 50629
(Fraction SNP: 0.7510122656975251)
Successfully saved to: ./Empirical/Eigenstrat/Reichall/I3255/chr9/
Successfully loaded Data from: ./Empirical/Eigenstrat/Reichall/I3255/chr9/
Loaded Emission Model: haploid
Loaded Transition Model: model
Loaded Post Processing Model: Standard
Minimum Genetic Map: 0.0016
Maximum Genetic Map: 1.6630
Gaps bigger than 0.1 cM: 216
Maximum Gap: 2.3102 cM
Loaded Transition and Emission Matrix:
(3, 3)
(5009, 38023)
Loaded Observations:
(2, 38023)
Memory Usage: 1948.602368 mB
Reference Number: 5008
Total Log likelihood: -13677.680
Memory Usage: 1948.602368 mB
Finished Calculation State Posteriors
Saved Zero State Posterior to ./Empirical/Eigenstrat/Reichall/I3255/chr9/.
Successfully loaded for PP. from ./Empirical/Eigenstrat/Reichall/I3255/chr9/
Fraction Markers in ROH: 0.4239
Merged n=0 gaps < 0.0 M
Called n=6 ROH Blocks > 1.0 cM
Longest Block: 1.992
Successfully saved to ./Empirical/Eigenstrat/Reichall/I3255/chr9/roh.csv
Using Low-Mem Cython Linear Speed Up.
Loaded Pre Processing Model: Eigenstrat
Loading Individual: I3255

Loaded 58804 variants
Loaded 2504 individuals
HDF5 loaded from ./Data/1000Genomes/HDF5/1240kHDF5/all1240/chr10.hdf5
3 Eigenstrat Files with 5081 Individuals and 1233013 SNPs

Intersection on Positions: 58804
Nr of Matching Refs: 58804 / 58804
Full Intersection Ref/Alt Identical: 58763 / 58804
2504 / 2504 Individuals included in Reference
Extraction of 5008 Haplotypes complete
Reduced to markers called 44987 / 58763
(Fraction SNP: 0.7655667682044824)
Successfully saved to: ./Empirical/Eigenstrat/Reichall/I3255/chr10/
Successfully loaded Data from: ./Empirical/Eigenstrat/Reichall/I3255/chr10/
Loaded Emission Model: haploid
Loaded Transition Model: model
Loaded Post Processing Model: Standard
Minimum Genetic Map: 0.0001
Maximum Genetic Map: 1.8092
Gaps bigger than 0.1 cM: 209
Maximum Gap: 2.0338 cM
Loaded Transition and Emission Matrix:
(3, 3)
(5009, 44987)
Loaded Observations:
(2, 44987)
Memory Usage: 2263.068672 mB
Reference Number: 5008
Total Log likelihood: -15698.893
Memory Usage: 2263.068672 mB
Finished Calculation State Posteriors
Saved Zero State Posterior to ./Empirical/Eigenstrat/Reichall/I3255/chr10/.
Successfully loaded for PP. from ./Empirical/Eigenstrat/Reichall/I3255/chr10/
Fraction Markers in ROH: 0.4630
Merged n=0 gaps < 0.0 M
Called n=7 ROH Blocks > 1.0 cM
Longest Block: 2.563
Successfully saved to ./Empirical/Eigenstrat/Reichall/I3255/chr10/roh.csv
Using Low-Mem Cython Linear Speed Up.
Loaded Pre Processing Model: Eigenstrat
Loading Individual: I3255

Loaded 54833 variants
Loaded 2504 individuals
HDF5 loaded from ./Data/1000Genomes/HDF5/1240kHDF5/all1240/chr11.hdf5
3 Eigenstrat Files with 5081 Individuals and 1233013 SNPs

Intersection on Positions: 54833
Nr of Matching Refs: 54833 / 54833
Full Intersection Ref/Alt Identical: 54796 / 54833
2504 / 2504 Individuals included in Reference
Extraction of 5008 Haplotypes complete
Reduced to markers called 41398 / 54796
(Fraction SNP: 0.7554931016862545)
Successfully saved to: ./Empirical/Eigenstrat/Reichall/I3255/chr11/
Successfully loaded Data from: ./Empirical/Eigenstrat/Reichall/I3255/chr11/
Loaded Emission Model: haploid
Loaded Transition Model: model
Loaded Post Processing Model: Standard
Minimum Genetic Map: 0.0000
Maximum Genetic Map: 1.5822
Gaps bigger than 0.1 cM: 192
Maximum Gap: 0.5279 cM
Loaded Transition and Emission Matrix:
(3, 3)
(5009, 41398)
Loaded Observations:
(2, 41398)
Memory Usage: 2101.3504 mB
Reference Number: 5008
Total Log likelihood: -14644.921
Memory Usage: 2101.3504 mB
Finished Calculation State Posteriors
Saved Zero State Posterior to ./Empirical/Eigenstrat/Reichall/I3255/chr11/.
Successfully loaded for PP. from ./Empirical/Eigenstrat/Reichall/I3255/chr11/
Fraction Markers in ROH: 0.4163
Merged n=0 gaps < 0.0 M
Called n=6 ROH Blocks > 1.0 cM
Longest Block: 1.680
Successfully saved to ./Empirical/Eigenstrat/Reichall/I3255/chr11/roh.csv
Using Low-Mem Cython Linear Speed Up.
Loaded Pre Processing Model: Eigenstrat
Loading Individual: I3255

Loaded 53911 variants
Loaded 2504 individuals
HDF5 loaded from ./Data/1000Genomes/HDF5/1240kHDF5/all1240/chr12.hdf5
3 Eigenstrat Files with 5081 Individuals and 1233013 SNPs

Intersection on Positions: 53911
Nr of Matching Refs: 53911 / 53911
Full Intersection Ref/Alt Identical: 53884 / 53911
2504 / 2504 Individuals included in Reference
Extraction of 5008 Haplotypes complete
Reduced to markers called 39914 / 53884
(Fraction SNP: 0.7407393660455794)
Successfully saved to: ./Empirical/Eigenstrat/Reichall/I3255/chr12/
Successfully loaded Data from: ./Empirical/Eigenstrat/Reichall/I3255/chr12/
Loaded Emission Model: haploid
Loaded Transition Model: model
Loaded Post Processing Model: Standard
Minimum Genetic Map: 0.0017
Maximum Genetic Map: 1.7468
Gaps bigger than 0.1 cM: 219
Maximum Gap: 0.8015 cM
Loaded Transition and Emission Matrix:
(3, 3)
(5009, 39914)
Loaded Observations:
(2, 39914)
Memory Usage: 2033.72544 mB
Reference Number: 5008
Total Log likelihood: -14666.130
Memory Usage: 2033.72544 mB
Finished Calculation State Posteriors
Saved Zero State Posterior to ./Empirical/Eigenstrat/Reichall/I3255/chr12/.
Successfully loaded for PP. from ./Empirical/Eigenstrat/Reichall/I3255/chr12/
Fraction Markers in ROH: 0.3772
Merged n=0 gaps < 0.0 M
Called n=4 ROH Blocks > 1.0 cM
Longest Block: 5.686
Successfully saved to ./Empirical/Eigenstrat/Reichall/I3255/chr12/roh.csv
Using Low-Mem Cython Linear Speed Up.
Loaded Pre Processing Model: Eigenstrat
Loading Individual: I3255

Loaded 39018 variants
Loaded 2504 individuals
HDF5 loaded from ./Data/1000Genomes/HDF5/1240kHDF5/all1240/chr13.hdf5
3 Eigenstrat Files with 5081 Individuals and 1233013 SNPs

Intersection on Positions: 39018
Nr of Matching Refs: 39018 / 39018
Full Intersection Ref/Alt Identical: 38994 / 39018
2504 / 2504 Individuals included in Reference
Extraction of 5008 Haplotypes complete
Reduced to markers called 27540 / 38994
(Fraction SNP: 0.7062625019233728)
Successfully saved to: ./Empirical/Eigenstrat/Reichall/I3255/chr13/
Successfully loaded Data from: ./Empirical/Eigenstrat/Reichall/I3255/chr13/
Loaded Emission Model: haploid
Loaded Transition Model: model
Loaded Post Processing Model: Standard
Minimum Genetic Map: 0.0019
Maximum Genetic Map: 1.2570
Gaps bigger than 0.1 cM: 172
Maximum Gap: 1.2227 cM
Loaded Transition and Emission Matrix:
(3, 3)
(5009, 27540)
Loaded Observations:
(2, 27540)
Memory Usage: 1476.562944 mB
Reference Number: 5008
Total Log likelihood: -9721.855
Memory Usage: 1476.562944 mB
Finished Calculation State Posteriors
Saved Zero State Posterior to ./Empirical/Eigenstrat/Reichall/I3255/chr13/.
Successfully loaded for PP. from ./Empirical/Eigenstrat/Reichall/I3255/chr13/
Fraction Markers in ROH: 0.4352
Merged n=0 gaps < 0.0 M
Called n=8 ROH Blocks > 1.0 cM
Longest Block: 2.070
Successfully saved to ./Empirical/Eigenstrat/Reichall/I3255/chr13/roh.csv
Using Low-Mem Cython Linear Speed Up.
Loaded Pre Processing Model: Eigenstrat
Loading Individual: I3255

Loaded 36301 variants
Loaded 2504 individuals
HDF5 loaded from ./Data/1000Genomes/HDF5/1240kHDF5/all1240/chr14.hdf5
3 Eigenstrat Files with 5081 Individuals and 1233013 SNPs

Intersection on Positions: 36301
Nr of Matching Refs: 36301 / 36301
Full Intersection Ref/Alt Identical: 36280 / 36301
2504 / 2504 Individuals included in Reference
Extraction of 5008 Haplotypes complete
Reduced to markers called 26848 / 36280
(Fraction SNP: 0.7400220507166483)
Successfully saved to: ./Empirical/Eigenstrat/Reichall/I3255/chr14/
Successfully loaded Data from: ./Empirical/Eigenstrat/Reichall/I3255/chr14/
Loaded Emission Model: haploid
Loaded Transition Model: model
Loaded Post Processing Model: Standard
Minimum Genetic Map: 0.0184
Maximum Genetic Map: 1.2020
Gaps bigger than 0.1 cM: 148
Maximum Gap: 2.8508 cM
Loaded Transition and Emission Matrix:
(3, 3)
(5009, 26848)
Loaded Observations:
(2, 26848)
Memory Usage: 1445.748736 mB
Reference Number: 5008
Total Log likelihood: -8838.732
Memory Usage: 1445.748736 mB
Finished Calculation State Posteriors
Saved Zero State Posterior to ./Empirical/Eigenstrat/Reichall/I3255/chr14/.
Successfully loaded for PP. from ./Empirical/Eigenstrat/Reichall/I3255/chr14/
Fraction Markers in ROH: 0.4727
Merged n=0 gaps < 0.0 M
Called n=8 ROH Blocks > 1.0 cM
Longest Block: 6.984
Successfully saved to ./Empirical/Eigenstrat/Reichall/I3255/chr14/roh.csv
Using Low-Mem Cython Linear Speed Up.
Loaded Pre Processing Model: Eigenstrat
Loading Individual: I3255

Loaded 34429 variants
Loaded 2504 individuals
HDF5 loaded from ./Data/1000Genomes/HDF5/1240kHDF5/all1240/chr15.hdf5
3 Eigenstrat Files with 5081 Individuals and 1233013 SNPs

Intersection on Positions: 34429
Nr of Matching Refs: 34429 / 34429
Full Intersection Ref/Alt Identical: 34407 / 34429
2504 / 2504 Individuals included in Reference
Extraction of 5008 Haplotypes complete
Reduced to markers called 26430 / 34407
(Fraction SNP: 0.7681576423402214)
Successfully saved to: ./Empirical/Eigenstrat/Reichall/I3255/chr15/
Successfully loaded Data from: ./Empirical/Eigenstrat/Reichall/I3255/chr15/
Loaded Emission Model: haploid
Loaded Transition Model: model
Loaded Post Processing Model: Standard
Minimum Genetic Map: 0.0000
Maximum Genetic Map: 1.4134
Gaps bigger than 0.1 cM: 158
Maximum Gap: 11.5006 cM
Loaded Transition and Emission Matrix:
(3, 3)
(5009, 26430)
Loaded Observations:
(2, 26430)
Memory Usage: 1427.501056 mB
Reference Number: 5008
Total Log likelihood: -9450.831
Memory Usage: 1427.501056 mB
Finished Calculation State Posteriors
Saved Zero State Posterior to ./Empirical/Eigenstrat/Reichall/I3255/chr15/.
Successfully loaded for PP. from ./Empirical/Eigenstrat/Reichall/I3255/chr15/
Fraction Markers in ROH: 0.4258
Merged n=0 gaps < 0.0 M
Called n=7 ROH Blocks > 1.0 cM
Longest Block: 2.043
Successfully saved to ./Empirical/Eigenstrat/Reichall/I3255/chr15/roh.csv
Using Low-Mem Cython Linear Speed Up.
Loaded Pre Processing Model: Eigenstrat
Loading Individual: I3255

Loaded 34402 variants
Loaded 2504 individuals
HDF5 loaded from ./Data/1000Genomes/HDF5/1240kHDF5/all1240/chr16.hdf5
3 Eigenstrat Files with 5081 Individuals and 1233013 SNPs

Intersection on Positions: 34402
Nr of Matching Refs: 34402 / 34402
Full Intersection Ref/Alt Identical: 34375 / 34402
2504 / 2504 Individuals included in Reference
Extraction of 5008 Haplotypes complete
Reduced to markers called 27581 / 34375
(Fraction SNP: 0.8023563636363636)
Successfully saved to: ./Empirical/Eigenstrat/Reichall/I3255/chr16/
Successfully loaded Data from: ./Empirical/Eigenstrat/Reichall/I3255/chr16/
Loaded Emission Model: haploid
Loaded Transition Model: model
Loaded Post Processing Model: Standard
Minimum Genetic Map: -0.0000
Maximum Genetic Map: 1.3403
Gaps bigger than 0.1 cM: 164
Maximum Gap: 0.8461 cM
Loaded Transition and Emission Matrix:
(3, 3)
(5009, 27581)
Loaded Observations:
(2, 27581)
Memory Usage: 1479.450624 mB
Reference Number: 5008
Total Log likelihood: -9832.428
Memory Usage: 1479.450624 mB
Finished Calculation State Posteriors
Saved Zero State Posterior to ./Empirical/Eigenstrat/Reichall/I3255/chr16/.
Successfully loaded for PP. from ./Empirical/Eigenstrat/Reichall/I3255/chr16/
Fraction Markers in ROH: 0.4002
Merged n=0 gaps < 0.0 M
Called n=6 ROH Blocks > 1.0 cM
Longest Block: 1.493
Successfully saved to ./Empirical/Eigenstrat/Reichall/I3255/chr16/roh.csv
Using Low-Mem Cython Linear Speed Up.
Loaded Pre Processing Model: Eigenstrat
Loading Individual: I3255

Loaded 29314 variants
Loaded 2504 individuals
HDF5 loaded from ./Data/1000Genomes/HDF5/1240kHDF5/all1240/chr17.hdf5
3 Eigenstrat Files with 5081 Individuals and 1233013 SNPs

Intersection on Positions: 29314
Nr of Matching Refs: 29314 / 29314
Full Intersection Ref/Alt Identical: 29292 / 29314
2504 / 2504 Individuals included in Reference
Extraction of 5008 Haplotypes complete
Reduced to markers called 23880 / 29292
(Fraction SNP: 0.8152396558787383)
Successfully saved to: ./Empirical/Eigenstrat/Reichall/I3255/chr17/
Successfully loaded Data from: ./Empirical/Eigenstrat/Reichall/I3255/chr17/
Loaded Emission Model: haploid
Loaded Transition Model: model
Loaded Post Processing Model: Standard
Minimum Genetic Map: -0.0002
Maximum Genetic Map: 1.2847
Gaps bigger than 0.1 cM: 148
Maximum Gap: 1.2341 cM
Loaded Transition and Emission Matrix:
(3, 3)
(5009, 23880)
Loaded Observations:
(2, 23880)
Memory Usage: 1312.3584 mB
Reference Number: 5008
Total Log likelihood: -8815.234
Memory Usage: 1312.3584 mB
Finished Calculation State Posteriors
Saved Zero State Posterior to ./Empirical/Eigenstrat/Reichall/I3255/chr17/.
Successfully loaded for PP. from ./Empirical/Eigenstrat/Reichall/I3255/chr17/
Fraction Markers in ROH: 0.4048
Merged n=0 gaps < 0.0 M
Called n=6 ROH Blocks > 1.0 cM
Longest Block: 1.904
Successfully saved to ./Empirical/Eigenstrat/Reichall/I3255/chr17/roh.csv
Using Low-Mem Cython Linear Speed Up.
Loaded Pre Processing Model: Eigenstrat
Loading Individual: I3255

Loaded 33917 variants
Loaded 2504 individuals
HDF5 loaded from ./Data/1000Genomes/HDF5/1240kHDF5/all1240/chr18.hdf5
3 Eigenstrat Files with 5081 Individuals and 1233013 SNPs

Intersection on Positions: 33917
Nr of Matching Refs: 33917 / 33917
Full Intersection Ref/Alt Identical: 33902 / 33917
2504 / 2504 Individuals included in Reference
Extraction of 5008 Haplotypes complete
Reduced to markers called 24752 / 33902
(Fraction SNP: 0.7301044186183706)
Successfully saved to: ./Empirical/Eigenstrat/Reichall/I3255/chr18/
Successfully loaded Data from: ./Empirical/Eigenstrat/Reichall/I3255/chr18/
Loaded Emission Model: haploid
Loaded Transition Model: model
Loaded Post Processing Model: Standard
Minimum Genetic Map: 0.0025
Maximum Genetic Map: 1.1771
Gaps bigger than 0.1 cM: 163
Maximum Gap: 0.4827 cM
Loaded Transition and Emission Matrix:
(3, 3)
(5009, 24752)
Loaded Observations:
(2, 24752)
Memory Usage: 1351.442432 mB
Reference Number: 5008
Total Log likelihood: -9190.732
Memory Usage: 1351.442432 mB
Finished Calculation State Posteriors
Saved Zero State Posterior to ./Empirical/Eigenstrat/Reichall/I3255/chr18/.
Successfully loaded for PP. from ./Empirical/Eigenstrat/Reichall/I3255/chr18/
Fraction Markers in ROH: 0.3675
Merged n=0 gaps < 0.0 M
Called n=5 ROH Blocks > 1.0 cM
Longest Block: 1.494
Successfully saved to ./Empirical/Eigenstrat/Reichall/I3255/chr18/roh.csv
Using Low-Mem Cython Linear Speed Up.
Loaded Pre Processing Model: Eigenstrat
Loading Individual: I3255

Loaded 18460 variants
Loaded 2504 individuals
HDF5 loaded from ./Data/1000Genomes/HDF5/1240kHDF5/all1240/chr19.hdf5
3 Eigenstrat Files with 5081 Individuals and 1233013 SNPs

Intersection on Positions: 18460
Nr of Matching Refs: 18460 / 18460
Full Intersection Ref/Alt Identical: 18441 / 18460
2504 / 2504 Individuals included in Reference
Extraction of 5008 Haplotypes complete
Reduced to markers called 15425 / 18441
(Fraction SNP: 0.8364513854997018)
Successfully saved to: ./Empirical/Eigenstrat/Reichall/I3255/chr19/
Successfully loaded Data from: ./Empirical/Eigenstrat/Reichall/I3255/chr19/
Loaded Emission Model: haploid
Loaded Transition Model: model
Loaded Post Processing Model: Standard
Minimum Genetic Map: 0.0000
Maximum Genetic Map: 1.0773
Gaps bigger than 0.1 cM: 158
Maximum Gap: 0.6114 cM
Loaded Transition and Emission Matrix:
(3, 3)
(5009, 15425)
Loaded Observations:
(2, 15425)
Memory Usage: 931.086336 mB
Reference Number: 5008
Total Log likelihood: -5902.816
Memory Usage: 931.086336 mB
Finished Calculation State Posteriors
Saved Zero State Posterior to ./Empirical/Eigenstrat/Reichall/I3255/chr19/.
Successfully loaded for PP. from ./Empirical/Eigenstrat/Reichall/I3255/chr19/
Fraction Markers in ROH: 0.3844
Merged n=0 gaps < 0.0 M
Called n=5 ROH Blocks > 1.0 cM
Longest Block: 1.524
Successfully saved to ./Empirical/Eigenstrat/Reichall/I3255/chr19/roh.csv
Using Low-Mem Cython Linear Speed Up.
Loaded Pre Processing Model: Eigenstrat
Loading Individual: I3255

Loaded 29078 variants
Loaded 2504 individuals
HDF5 loaded from ./Data/1000Genomes/HDF5/1240kHDF5/all1240/chr20.hdf5
3 Eigenstrat Files with 5081 Individuals and 1233013 SNPs

Intersection on Positions: 29078
Nr of Matching Refs: 29078 / 29078
Full Intersection Ref/Alt Identical: 29053 / 29078
2504 / 2504 Individuals included in Reference
Extraction of 5008 Haplotypes complete
Reduced to markers called 23292 / 29053
(Fraction SNP: 0.8017072247272227)
Successfully saved to: ./Empirical/Eigenstrat/Reichall/I3255/chr20/
Successfully loaded Data from: ./Empirical/Eigenstrat/Reichall/I3255/chr20/
Loaded Emission Model: haploid
Loaded Transition Model: model
Loaded Post Processing Model: Standard
Minimum Genetic Map: 0.0000
Maximum Genetic Map: 1.0821
Gaps bigger than 0.1 cM: 144
Maximum Gap: 0.4744 cM
Loaded Transition and Emission Matrix:
(3, 3)
(5009, 23292)
Loaded Observations:
(2, 23292)
Memory Usage: 1285.742592 mB
Reference Number: 5008
Total Log likelihood: -8588.772
Memory Usage: 1285.595136 mB
Finished Calculation State Posteriors
Saved Zero State Posterior to ./Empirical/Eigenstrat/Reichall/I3255/chr20/.
Successfully loaded for PP. from ./Empirical/Eigenstrat/Reichall/I3255/chr20/
Fraction Markers in ROH: 0.3830
Merged n=0 gaps < 0.0 M
Called n=2 ROH Blocks > 1.0 cM
Longest Block: 1.437
Successfully saved to ./Empirical/Eigenstrat/Reichall/I3255/chr20/roh.csv
Using Low-Mem Cython Linear Speed Up.
Loaded Pre Processing Model: Eigenstrat
Loading Individual: I3255

Loaded 16038 variants
Loaded 2504 individuals
HDF5 loaded from ./Data/1000Genomes/HDF5/1240kHDF5/all1240/chr21.hdf5
3 Eigenstrat Files with 5081 Individuals and 1233013 SNPs

Intersection on Positions: 16038
Nr of Matching Refs: 16038 / 16038
Full Intersection Ref/Alt Identical: 16031 / 16038
2504 / 2504 Individuals included in Reference
Extraction of 5008 Haplotypes complete
Reduced to markers called 11810 / 16031
(Fraction SNP: 0.7366976483064064)
Successfully saved to: ./Empirical/Eigenstrat/Reichall/I3255/chr21/
Successfully loaded Data from: ./Empirical/Eigenstrat/Reichall/I3255/chr21/
Loaded Emission Model: haploid
Loaded Transition Model: model
Loaded Post Processing Model: Standard
Minimum Genetic Map: -0.0085
Maximum Genetic Map: 0.6279
Gaps bigger than 0.1 cM: 99
Maximum Gap: 1.7201 cM
Loaded Transition and Emission Matrix:
(3, 3)
(5009, 11810)
Loaded Observations:
(2, 11810)
Memory Usage: 767.762432 mB
Reference Number: 5008
Total Log likelihood: -4375.668
Memory Usage: 767.762432 mB
Finished Calculation State Posteriors
Saved Zero State Posterior to ./Empirical/Eigenstrat/Reichall/I3255/chr21/.
Successfully loaded for PP. from ./Empirical/Eigenstrat/Reichall/I3255/chr21/
Fraction Markers in ROH: 0.3888
Merged n=0 gaps < 0.0 M
Called n=1 ROH Blocks > 1.0 cM
Longest Block: 1.590
Successfully saved to ./Empirical/Eigenstrat/Reichall/I3255/chr21/roh.csv
Using Low-Mem Cython Linear Speed Up.
Loaded Pre Processing Model: Eigenstrat
Loading Individual: I3255

Loaded 15802 variants
Loaded 2504 individuals
HDF5 loaded from ./Data/1000Genomes/HDF5/1240kHDF5/all1240/chr22.hdf5
3 Eigenstrat Files with 5081 Individuals and 1233013 SNPs

Intersection on Positions: 15802
Nr of Matching Refs: 15802 / 15802
Full Intersection Ref/Alt Identical: 15793 / 15802
2504 / 2504 Individuals included in Reference
Extraction of 5008 Haplotypes complete
Reduced to markers called 13444 / 15793
(Fraction SNP: 0.8512632178813399)
Successfully saved to: ./Empirical/Eigenstrat/Reichall/I3255/chr22/
Successfully loaded Data from: ./Empirical/Eigenstrat/Reichall/I3255/chr22/
Loaded Emission Model: haploid
Loaded Transition Model: model
Loaded Post Processing Model: Standard
Minimum Genetic Map: 0.0171
Maximum Genetic Map: 0.7408
Gaps bigger than 0.1 cM: 89
Maximum Gap: 1.6949 cM
Loaded Transition and Emission Matrix:
(3, 3)
(5009, 13444)
Loaded Observations:
(2, 13444)
Memory Usage: 842.256384 mB
Reference Number: 5008
Total Log likelihood: -4949.543
Memory Usage: 842.256384 mB
Finished Calculation State Posteriors
Saved Zero State Posterior to ./Empirical/Eigenstrat/Reichall/I3255/chr22/.
Successfully loaded for PP. from ./Empirical/Eigenstrat/Reichall/I3255/chr22/
Fraction Markers in ROH: 0.3955
Merged n=0 gaps < 0.0 M
Called n=5 ROH Blocks > 1.0 cM
Longest Block: 1.505
Successfully saved to ./Empirical/Eigenstrat/Reichall/I3255/chr22/roh.csv
