Loaded 2106 / 5081 ancient Indivdiuals Anno File.
Doing Individual I0769.SG...
Using Low-Mem Cython Linear Speed Up.
Loaded Pre Processing Model: Eigenstrat
Loading Individual: I0769.SG

Loaded 89147 variants
Loaded 2504 individuals
HDF5 loaded from ./Data/1000Genomes/HDF5/1240kHDF5/all1240/chr1.hdf5
3 Eigenstrat Files with 5081 Individuals and 1233013 SNPs

Intersection on Positions: 89147
Nr of Matching Refs: 89147 / 89147
Full Intersection Ref/Alt Identical: 89082 / 89147
2504 / 2504 Individuals included in Reference
Extraction of 5008 Haplotypes complete
Reduced to markers called 73452 / 89082
(Fraction SNP: 0.8245436788576817)
Successfully saved to: ./Empirical/Eigenstrat/Reichall/I0769.SG/chr1/
Successfully loaded Data from: ./Empirical/Eigenstrat/Reichall/I0769.SG/chr1/
Loaded Emission Model: haploid
Loaded Transition Model: model
Loaded Post Processing Model: Standard
Minimum Genetic Map: 0.0201
Maximum Genetic Map: 2.8627
Gaps bigger than 0.1 cM: 295
Maximum Gap: 2.9229 cM
Loaded Transition and Emission Matrix:
(3, 3)
(5009, 73452)
Loaded Observations:
(2, 73452)
Memory Usage: 3505.93024 mB
Reference Number: 5008
Total Log likelihood: -26031.182
Memory Usage: 3506.393088 mB
Finished Calculation State Posteriors
Saved Zero State Posterior to ./Empirical/Eigenstrat/Reichall/I0769.SG/chr1/.
Successfully loaded for PP. from ./Empirical/Eigenstrat/Reichall/I0769.SG/chr1/
Fraction Markers in ROH: 0.4286
Merged n=0 gaps < 0.0 M
Called n=7 ROH Blocks > 1.0 cM
Longest Block: 3.093
Successfully saved to ./Empirical/Eigenstrat/Reichall/I0769.SG/chr1/roh.csv
Using Low-Mem Cython Linear Speed Up.
Loaded Pre Processing Model: Eigenstrat
Loading Individual: I0769.SG

Loaded 94239 variants
Loaded 2504 individuals
HDF5 loaded from ./Data/1000Genomes/HDF5/1240kHDF5/all1240/chr2.hdf5
3 Eigenstrat Files with 5081 Individuals and 1233013 SNPs

Intersection on Positions: 94239
Nr of Matching Refs: 94239 / 94239
Full Intersection Ref/Alt Identical: 94173 / 94239
2504 / 2504 Individuals included in Reference
Extraction of 5008 Haplotypes complete
Reduced to markers called 75898 / 94173
(Fraction SNP: 0.8059422552111539)
Successfully saved to: ./Empirical/Eigenstrat/Reichall/I0769.SG/chr2/
Successfully loaded Data from: ./Empirical/Eigenstrat/Reichall/I0769.SG/chr2/
Loaded Emission Model: haploid
Loaded Transition Model: model
Loaded Post Processing Model: Standard
Minimum Genetic Map: 0.0001
Maximum Genetic Map: 2.6883
Gaps bigger than 0.1 cM: 284
Maximum Gap: 1.8302 cM
Loaded Transition and Emission Matrix:
(3, 3)
(5009, 75898)
Loaded Observations:
(2, 75898)
Memory Usage: 3655.593984 mB
Reference Number: 5008
Total Log likelihood: -26384.902
Memory Usage: 3655.593984 mB
Finished Calculation State Posteriors
Saved Zero State Posterior to ./Empirical/Eigenstrat/Reichall/I0769.SG/chr2/.
Successfully loaded for PP. from ./Empirical/Eigenstrat/Reichall/I0769.SG/chr2/
Fraction Markers in ROH: 0.4310
Merged n=0 gaps < 0.0 M
Called n=15 ROH Blocks > 1.0 cM
Longest Block: 2.016
Successfully saved to ./Empirical/Eigenstrat/Reichall/I0769.SG/chr2/roh.csv
Using Low-Mem Cython Linear Speed Up.
Loaded Pre Processing Model: Eigenstrat
Loading Individual: I0769.SG

Loaded 77652 variants
Loaded 2504 individuals
HDF5 loaded from ./Data/1000Genomes/HDF5/1240kHDF5/all1240/chr3.hdf5
3 Eigenstrat Files with 5081 Individuals and 1233013 SNPs

Intersection on Positions: 77652
Nr of Matching Refs: 77652 / 77652
Full Intersection Ref/Alt Identical: 77601 / 77652
2504 / 2504 Individuals included in Reference
Extraction of 5008 Haplotypes complete
Reduced to markers called 62309 / 77601
(Fraction SNP: 0.8029406837540753)
Successfully saved to: ./Empirical/Eigenstrat/Reichall/I0769.SG/chr3/
Successfully loaded Data from: ./Empirical/Eigenstrat/Reichall/I0769.SG/chr3/
Loaded Emission Model: haploid
Loaded Transition Model: model
Loaded Post Processing Model: Standard
Minimum Genetic Map: 0.0000
Maximum Genetic Map: 2.2326
Gaps bigger than 0.1 cM: 245
Maximum Gap: 0.3910 cM
Loaded Transition and Emission Matrix:
(3, 3)
(5009, 62309)
Loaded Observations:
(2, 62309)
Memory Usage: 3042.807808 mB
Reference Number: 5008
Total Log likelihood: -22005.128
Memory Usage: 3042.807808 mB
Finished Calculation State Posteriors
Saved Zero State Posterior to ./Empirical/Eigenstrat/Reichall/I0769.SG/chr3/.
Successfully loaded for PP. from ./Empirical/Eigenstrat/Reichall/I0769.SG/chr3/
Fraction Markers in ROH: 0.4162
Merged n=0 gaps < 0.0 M
Called n=7 ROH Blocks > 1.0 cM
Longest Block: 1.766
Successfully saved to ./Empirical/Eigenstrat/Reichall/I0769.SG/chr3/roh.csv
Using Low-Mem Cython Linear Speed Up.
Loaded Pre Processing Model: Eigenstrat
Loading Individual: I0769.SG

Loaded 68759 variants
Loaded 2504 individuals
HDF5 loaded from ./Data/1000Genomes/HDF5/1240kHDF5/all1240/chr4.hdf5
3 Eigenstrat Files with 5081 Individuals and 1233013 SNPs

Intersection on Positions: 68759
Nr of Matching Refs: 68759 / 68759
Full Intersection Ref/Alt Identical: 68720 / 68759
2504 / 2504 Individuals included in Reference
Extraction of 5008 Haplotypes complete
Reduced to markers called 53068 / 68720
(Fraction SNP: 0.7722351571594878)
Successfully saved to: ./Empirical/Eigenstrat/Reichall/I0769.SG/chr4/
Successfully loaded Data from: ./Empirical/Eigenstrat/Reichall/I0769.SG/chr4/
Loaded Emission Model: haploid
Loaded Transition Model: model
Loaded Post Processing Model: Standard
Minimum Genetic Map: 0.0034
Maximum Genetic Map: 2.1454
Gaps bigger than 0.1 cM: 234
Maximum Gap: 2.0422 cM
Loaded Transition and Emission Matrix:
(3, 3)
(5009, 53068)
Loaded Observations:
(2, 53068)
Memory Usage: 2626.646016 mB
Reference Number: 5008
Total Log likelihood: -19025.796
Memory Usage: 2626.646016 mB
Finished Calculation State Posteriors
Saved Zero State Posterior to ./Empirical/Eigenstrat/Reichall/I0769.SG/chr4/.
Successfully loaded for PP. from ./Empirical/Eigenstrat/Reichall/I0769.SG/chr4/
Fraction Markers in ROH: 0.4096
Merged n=0 gaps < 0.0 M
Called n=7 ROH Blocks > 1.0 cM
Longest Block: 2.157
Successfully saved to ./Empirical/Eigenstrat/Reichall/I0769.SG/chr4/roh.csv
Using Low-Mem Cython Linear Speed Up.
Loaded Pre Processing Model: Eigenstrat
Loading Individual: I0769.SG

Loaded 69399 variants
Loaded 2504 individuals
HDF5 loaded from ./Data/1000Genomes/HDF5/1240kHDF5/all1240/chr5.hdf5
3 Eigenstrat Files with 5081 Individuals and 1233013 SNPs

Intersection on Positions: 69399
Nr of Matching Refs: 69399 / 69399
Full Intersection Ref/Alt Identical: 69354 / 69399
2504 / 2504 Individuals included in Reference
Extraction of 5008 Haplotypes complete
Reduced to markers called 55561 / 69354
(Fraction SNP: 0.8011217810075842)
Successfully saved to: ./Empirical/Eigenstrat/Reichall/I0769.SG/chr5/
Successfully loaded Data from: ./Empirical/Eigenstrat/Reichall/I0769.SG/chr5/
Loaded Emission Model: haploid
Loaded Transition Model: model
Loaded Post Processing Model: Standard
Minimum Genetic Map: 0.0004
Maximum Genetic Map: 2.0409
Gaps bigger than 0.1 cM: 245
Maximum Gap: 1.0985 cM
Loaded Transition and Emission Matrix:
(3, 3)
(5009, 55561)
Loaded Observations:
(2, 55561)
Memory Usage: 2738.679808 mB
Reference Number: 5008
Total Log likelihood: -19250.622
Memory Usage: 2737.07008 mB
Finished Calculation State Posteriors
Saved Zero State Posterior to ./Empirical/Eigenstrat/Reichall/I0769.SG/chr5/.
Successfully loaded for PP. from ./Empirical/Eigenstrat/Reichall/I0769.SG/chr5/
Fraction Markers in ROH: 0.4281
Merged n=0 gaps < 0.0 M
Called n=8 ROH Blocks > 1.0 cM
Longest Block: 3.708
Successfully saved to ./Empirical/Eigenstrat/Reichall/I0769.SG/chr5/roh.csv
Using Low-Mem Cython Linear Speed Up.
Loaded Pre Processing Model: Eigenstrat
Loading Individual: I0769.SG

Loaded 75870 variants
Loaded 2504 individuals
HDF5 loaded from ./Data/1000Genomes/HDF5/1240kHDF5/all1240/chr6.hdf5
3 Eigenstrat Files with 5081 Individuals and 1233013 SNPs

Intersection on Positions: 75870
Nr of Matching Refs: 75870 / 75870
Full Intersection Ref/Alt Identical: 75816 / 75870
2504 / 2504 Individuals included in Reference
Extraction of 5008 Haplotypes complete
Reduced to markers called 60860 / 75816
(Fraction SNP: 0.802732932362562)
Successfully saved to: ./Empirical/Eigenstrat/Reichall/I0769.SG/chr6/
Successfully loaded Data from: ./Empirical/Eigenstrat/Reichall/I0769.SG/chr6/
Loaded Emission Model: haploid
Loaded Transition Model: model
Loaded Post Processing Model: Standard
Minimum Genetic Map: 0.0035
Maximum Genetic Map: 1.9203
Gaps bigger than 0.1 cM: 192
Maximum Gap: 0.5076 cM
Loaded Transition and Emission Matrix:
(3, 3)
(5009, 60860)
Loaded Observations:
(2, 60860)
Memory Usage: 2977.701888 mB
Reference Number: 5008
Total Log likelihood: -21939.277
Memory Usage: 2977.718272 mB
Finished Calculation State Posteriors
Saved Zero State Posterior to ./Empirical/Eigenstrat/Reichall/I0769.SG/chr6/.
Successfully loaded for PP. from ./Empirical/Eigenstrat/Reichall/I0769.SG/chr6/
Fraction Markers in ROH: 0.3867
Merged n=0 gaps < 0.0 M
Called n=4 ROH Blocks > 1.0 cM
Longest Block: 2.114
Successfully saved to ./Empirical/Eigenstrat/Reichall/I0769.SG/chr6/roh.csv
Using Low-Mem Cython Linear Speed Up.
Loaded Pre Processing Model: Eigenstrat
Loading Individual: I0769.SG

Loaded 59890 variants
Loaded 2504 individuals
HDF5 loaded from ./Data/1000Genomes/HDF5/1240kHDF5/all1240/chr7.hdf5
3 Eigenstrat Files with 5081 Individuals and 1233013 SNPs

Intersection on Positions: 59890
Nr of Matching Refs: 59890 / 59890
Full Intersection Ref/Alt Identical: 59836 / 59890
2504 / 2504 Individuals included in Reference
Extraction of 5008 Haplotypes complete
Reduced to markers called 47596 / 59836
(Fraction SNP: 0.7954408717160238)
Successfully saved to: ./Empirical/Eigenstrat/Reichall/I0769.SG/chr7/
Successfully loaded Data from: ./Empirical/Eigenstrat/Reichall/I0769.SG/chr7/
Loaded Emission Model: haploid
Loaded Transition Model: model
Loaded Post Processing Model: Standard
Minimum Genetic Map: 0.0001
Maximum Genetic Map: 1.8715
Gaps bigger than 0.1 cM: 218
Maximum Gap: 0.8416 cM
Loaded Transition and Emission Matrix:
(3, 3)
(5009, 47596)
Loaded Observations:
(2, 47596)
Memory Usage: 2379.53024 mB
Reference Number: 5008
Total Log likelihood: -17494.113
Memory Usage: 2379.53024 mB
Finished Calculation State Posteriors
Saved Zero State Posterior to ./Empirical/Eigenstrat/Reichall/I0769.SG/chr7/.
Successfully loaded for PP. from ./Empirical/Eigenstrat/Reichall/I0769.SG/chr7/
Fraction Markers in ROH: 0.3920
Merged n=0 gaps < 0.0 M
Called n=6 ROH Blocks > 1.0 cM
Longest Block: 2.063
Successfully saved to ./Empirical/Eigenstrat/Reichall/I0769.SG/chr7/roh.csv
Using Low-Mem Cython Linear Speed Up.
Loaded Pre Processing Model: Eigenstrat
Loading Individual: I0769.SG

Loaded 61133 variants
Loaded 2504 individuals
HDF5 loaded from ./Data/1000Genomes/HDF5/1240kHDF5/all1240/chr8.hdf5
3 Eigenstrat Files with 5081 Individuals and 1233013 SNPs

Intersection on Positions: 61133
Nr of Matching Refs: 61133 / 61133
Full Intersection Ref/Alt Identical: 61091 / 61133
2504 / 2504 Individuals included in Reference
Extraction of 5008 Haplotypes complete
Reduced to markers called 48598 / 61091
(Fraction SNP: 0.795501792408047)
Successfully saved to: ./Empirical/Eigenstrat/Reichall/I0769.SG/chr8/
Successfully loaded Data from: ./Empirical/Eigenstrat/Reichall/I0769.SG/chr8/
Loaded Emission Model: haploid
Loaded Transition Model: model
Loaded Post Processing Model: Standard
Minimum Genetic Map: 0.0000
Maximum Genetic Map: 1.6800
Gaps bigger than 0.1 cM: 158
Maximum Gap: 1.8932 cM
Loaded Transition and Emission Matrix:
(3, 3)
(5009, 48598)
Loaded Observations:
(2, 48598)
Memory Usage: 2425.229312 mB
Reference Number: 5008
Total Log likelihood: -16799.085
Memory Usage: 2425.229312 mB
Finished Calculation State Posteriors
Saved Zero State Posterior to ./Empirical/Eigenstrat/Reichall/I0769.SG/chr8/.
Successfully loaded for PP. from ./Empirical/Eigenstrat/Reichall/I0769.SG/chr8/
Fraction Markers in ROH: 0.4360
Merged n=0 gaps < 0.0 M
Called n=6 ROH Blocks > 1.0 cM
Longest Block: 3.343
Successfully saved to ./Empirical/Eigenstrat/Reichall/I0769.SG/chr8/roh.csv
Using Low-Mem Cython Linear Speed Up.
Loaded Pre Processing Model: Eigenstrat
Loading Individual: I0769.SG

Loaded 50668 variants
Loaded 2504 individuals
HDF5 loaded from ./Data/1000Genomes/HDF5/1240kHDF5/all1240/chr9.hdf5
3 Eigenstrat Files with 5081 Individuals and 1233013 SNPs

Intersection on Positions: 50668
Nr of Matching Refs: 50668 / 50668
Full Intersection Ref/Alt Identical: 50629 / 50668
2504 / 2504 Individuals included in Reference
Extraction of 5008 Haplotypes complete
Reduced to markers called 41104 / 50629
(Fraction SNP: 0.8118667167038653)
Successfully saved to: ./Empirical/Eigenstrat/Reichall/I0769.SG/chr9/
Successfully loaded Data from: ./Empirical/Eigenstrat/Reichall/I0769.SG/chr9/
Loaded Emission Model: haploid
Loaded Transition Model: model
Loaded Post Processing Model: Standard
Minimum Genetic Map: 0.0016
Maximum Genetic Map: 1.6630
Gaps bigger than 0.1 cM: 196
Maximum Gap: 1.8819 cM
Loaded Transition and Emission Matrix:
(3, 3)
(5009, 41104)
Loaded Observations:
(2, 41104)
Memory Usage: 2087.481344 mB
Reference Number: 5008
Total Log likelihood: -15199.456
Memory Usage: 2087.481344 mB
Finished Calculation State Posteriors
Saved Zero State Posterior to ./Empirical/Eigenstrat/Reichall/I0769.SG/chr9/.
Successfully loaded for PP. from ./Empirical/Eigenstrat/Reichall/I0769.SG/chr9/
Fraction Markers in ROH: 0.3871
Merged n=0 gaps < 0.0 M
Called n=3 ROH Blocks > 1.0 cM
Longest Block: 2.679
Successfully saved to ./Empirical/Eigenstrat/Reichall/I0769.SG/chr9/roh.csv
Using Low-Mem Cython Linear Speed Up.
Loaded Pre Processing Model: Eigenstrat
Loading Individual: I0769.SG

Loaded 58804 variants
Loaded 2504 individuals
HDF5 loaded from ./Data/1000Genomes/HDF5/1240kHDF5/all1240/chr10.hdf5
3 Eigenstrat Files with 5081 Individuals and 1233013 SNPs

Intersection on Positions: 58804
Nr of Matching Refs: 58804 / 58804
Full Intersection Ref/Alt Identical: 58763 / 58804
2504 / 2504 Individuals included in Reference
Extraction of 5008 Haplotypes complete
Reduced to markers called 48431 / 58763
(Fraction SNP: 0.8241750761533618)
Successfully saved to: ./Empirical/Eigenstrat/Reichall/I0769.SG/chr10/
Successfully loaded Data from: ./Empirical/Eigenstrat/Reichall/I0769.SG/chr10/
Loaded Emission Model: haploid
Loaded Transition Model: model
Loaded Post Processing Model: Standard
Minimum Genetic Map: 0.0001
Maximum Genetic Map: 1.8092
Gaps bigger than 0.1 cM: 197
Maximum Gap: 2.0338 cM
Loaded Transition and Emission Matrix:
(3, 3)
(5009, 48431)
Loaded Observations:
(2, 48431)
Memory Usage: 2417.790976 mB
Reference Number: 5008
Total Log likelihood: -16737.295
Memory Usage: 2417.790976 mB
Finished Calculation State Posteriors
Saved Zero State Posterior to ./Empirical/Eigenstrat/Reichall/I0769.SG/chr10/.
Successfully loaded for PP. from ./Empirical/Eigenstrat/Reichall/I0769.SG/chr10/
Fraction Markers in ROH: 0.4404
Merged n=0 gaps < 0.0 M
Called n=11 ROH Blocks > 1.0 cM
Longest Block: 2.521
Successfully saved to ./Empirical/Eigenstrat/Reichall/I0769.SG/chr10/roh.csv
Using Low-Mem Cython Linear Speed Up.
Loaded Pre Processing Model: Eigenstrat
Loading Individual: I0769.SG

Loaded 54833 variants
Loaded 2504 individuals
HDF5 loaded from ./Data/1000Genomes/HDF5/1240kHDF5/all1240/chr11.hdf5
3 Eigenstrat Files with 5081 Individuals and 1233013 SNPs

Intersection on Positions: 54833
Nr of Matching Refs: 54833 / 54833
Full Intersection Ref/Alt Identical: 54796 / 54833
2504 / 2504 Individuals included in Reference
Extraction of 5008 Haplotypes complete
Reduced to markers called 44654 / 54796
(Fraction SNP: 0.814913497335572)
Successfully saved to: ./Empirical/Eigenstrat/Reichall/I0769.SG/chr11/
Successfully loaded Data from: ./Empirical/Eigenstrat/Reichall/I0769.SG/chr11/
Loaded Emission Model: haploid
Loaded Transition Model: model
Loaded Post Processing Model: Standard
Minimum Genetic Map: 0.0000
Maximum Genetic Map: 1.5822
Gaps bigger than 0.1 cM: 175
Maximum Gap: 0.5351 cM
Loaded Transition and Emission Matrix:
(3, 3)
(5009, 44654)
Loaded Observations:
(2, 44654)
Memory Usage: 2247.589888 mB
Reference Number: 5008
Total Log likelihood: -15836.521
Memory Usage: 2247.589888 mB
Finished Calculation State Posteriors
Saved Zero State Posterior to ./Empirical/Eigenstrat/Reichall/I0769.SG/chr11/.
Successfully loaded for PP. from ./Empirical/Eigenstrat/Reichall/I0769.SG/chr11/
Fraction Markers in ROH: 0.4280
Merged n=0 gaps < 0.0 M
Called n=6 ROH Blocks > 1.0 cM
Longest Block: 2.211
Successfully saved to ./Empirical/Eigenstrat/Reichall/I0769.SG/chr11/roh.csv
Using Low-Mem Cython Linear Speed Up.
Loaded Pre Processing Model: Eigenstrat
Loading Individual: I0769.SG

Loaded 53911 variants
Loaded 2504 individuals
HDF5 loaded from ./Data/1000Genomes/HDF5/1240kHDF5/all1240/chr12.hdf5
3 Eigenstrat Files with 5081 Individuals and 1233013 SNPs

Intersection on Positions: 53911
Nr of Matching Refs: 53911 / 53911
Full Intersection Ref/Alt Identical: 53884 / 53911
2504 / 2504 Individuals included in Reference
Extraction of 5008 Haplotypes complete
Reduced to markers called 43351 / 53884
(Fraction SNP: 0.8045245341845446)
Successfully saved to: ./Empirical/Eigenstrat/Reichall/I0769.SG/chr12/
Successfully loaded Data from: ./Empirical/Eigenstrat/Reichall/I0769.SG/chr12/
Loaded Emission Model: haploid
Loaded Transition Model: model
Loaded Post Processing Model: Standard
Minimum Genetic Map: 0.0017
Maximum Genetic Map: 1.7468
Gaps bigger than 0.1 cM: 208
Maximum Gap: 0.8015 cM
Loaded Transition and Emission Matrix:
(3, 3)
(5009, 43351)
Loaded Observations:
(2, 43351)
Memory Usage: 2188.3904 mB
Reference Number: 5008
Total Log likelihood: -14943.856
Memory Usage: 2188.3904 mB
Finished Calculation State Posteriors
Saved Zero State Posterior to ./Empirical/Eigenstrat/Reichall/I0769.SG/chr12/.
Successfully loaded for PP. from ./Empirical/Eigenstrat/Reichall/I0769.SG/chr12/
Fraction Markers in ROH: 0.4369
Merged n=0 gaps < 0.0 M
Called n=8 ROH Blocks > 1.0 cM
Longest Block: 2.061
Successfully saved to ./Empirical/Eigenstrat/Reichall/I0769.SG/chr12/roh.csv
Using Low-Mem Cython Linear Speed Up.
Loaded Pre Processing Model: Eigenstrat
Loading Individual: I0769.SG

Loaded 39018 variants
Loaded 2504 individuals
HDF5 loaded from ./Data/1000Genomes/HDF5/1240kHDF5/all1240/chr13.hdf5
3 Eigenstrat Files with 5081 Individuals and 1233013 SNPs

Intersection on Positions: 39018
Nr of Matching Refs: 39018 / 39018
Full Intersection Ref/Alt Identical: 38994 / 39018
2504 / 2504 Individuals included in Reference
Extraction of 5008 Haplotypes complete
Reduced to markers called 30268 / 38994
(Fraction SNP: 0.7762219828691593)
Successfully saved to: ./Empirical/Eigenstrat/Reichall/I0769.SG/chr13/
Successfully loaded Data from: ./Empirical/Eigenstrat/Reichall/I0769.SG/chr13/
Loaded Emission Model: haploid
Loaded Transition Model: model
Loaded Post Processing Model: Standard
Minimum Genetic Map: 0.0019
Maximum Genetic Map: 1.2570
Gaps bigger than 0.1 cM: 159
Maximum Gap: 1.2216 cM
Loaded Transition and Emission Matrix:
(3, 3)
(5009, 30268)
Loaded Observations:
(2, 30268)
Memory Usage: 1599.270912 mB
Reference Number: 5008
Total Log likelihood: -10958.711
Memory Usage: 1599.270912 mB
Finished Calculation State Posteriors
Saved Zero State Posterior to ./Empirical/Eigenstrat/Reichall/I0769.SG/chr13/.
Successfully loaded for PP. from ./Empirical/Eigenstrat/Reichall/I0769.SG/chr13/
Fraction Markers in ROH: 0.4057
Merged n=0 gaps < 0.0 M
Called n=5 ROH Blocks > 1.0 cM
Longest Block: 1.660
Successfully saved to ./Empirical/Eigenstrat/Reichall/I0769.SG/chr13/roh.csv
Using Low-Mem Cython Linear Speed Up.
Loaded Pre Processing Model: Eigenstrat
Loading Individual: I0769.SG

Loaded 36301 variants
Loaded 2504 individuals
HDF5 loaded from ./Data/1000Genomes/HDF5/1240kHDF5/all1240/chr14.hdf5
3 Eigenstrat Files with 5081 Individuals and 1233013 SNPs

Intersection on Positions: 36301
Nr of Matching Refs: 36301 / 36301
Full Intersection Ref/Alt Identical: 36280 / 36301
2504 / 2504 Individuals included in Reference
Extraction of 5008 Haplotypes complete
Reduced to markers called 29331 / 36280
(Fraction SNP: 0.8084619625137817)
Successfully saved to: ./Empirical/Eigenstrat/Reichall/I0769.SG/chr14/
Successfully loaded Data from: ./Empirical/Eigenstrat/Reichall/I0769.SG/chr14/
Loaded Emission Model: haploid
Loaded Transition Model: model
Loaded Post Processing Model: Standard
Minimum Genetic Map: 0.0161
Maximum Genetic Map: 1.2020
Gaps bigger than 0.1 cM: 138
Maximum Gap: 3.0309 cM
Loaded Transition and Emission Matrix:
(3, 3)
(5009, 29331)
Loaded Observations:
(2, 29331)
Memory Usage: 1557.147648 mB
Reference Number: 5008
Total Log likelihood: -10608.926
Memory Usage: 1557.143552 mB
Finished Calculation State Posteriors
Saved Zero State Posterior to ./Empirical/Eigenstrat/Reichall/I0769.SG/chr14/.
Successfully loaded for PP. from ./Empirical/Eigenstrat/Reichall/I0769.SG/chr14/
Fraction Markers in ROH: 0.4042
Merged n=0 gaps < 0.0 M
Called n=4 ROH Blocks > 1.0 cM
Longest Block: 1.449
Successfully saved to ./Empirical/Eigenstrat/Reichall/I0769.SG/chr14/roh.csv
Using Low-Mem Cython Linear Speed Up.
Loaded Pre Processing Model: Eigenstrat
Loading Individual: I0769.SG

Loaded 34429 variants
Loaded 2504 individuals
HDF5 loaded from ./Data/1000Genomes/HDF5/1240kHDF5/all1240/chr15.hdf5
3 Eigenstrat Files with 5081 Individuals and 1233013 SNPs

Intersection on Positions: 34429
Nr of Matching Refs: 34429 / 34429
Full Intersection Ref/Alt Identical: 34407 / 34429
2504 / 2504 Individuals included in Reference
Extraction of 5008 Haplotypes complete
Reduced to markers called 28561 / 34407
(Fraction SNP: 0.8300927136919812)
Successfully saved to: ./Empirical/Eigenstrat/Reichall/I0769.SG/chr15/
Successfully loaded Data from: ./Empirical/Eigenstrat/Reichall/I0769.SG/chr15/
Loaded Emission Model: haploid
Loaded Transition Model: model
Loaded Post Processing Model: Standard
Minimum Genetic Map: 0.0000
Maximum Genetic Map: 1.4135
Gaps bigger than 0.1 cM: 134
Maximum Gap: 11.4957 cM
Loaded Transition and Emission Matrix:
(3, 3)
(5009, 28561)
Loaded Observations:
(2, 28561)
Memory Usage: 1522.511872 mB
Reference Number: 5008
Total Log likelihood: -10298.230
Memory Usage: 1522.511872 mB
Finished Calculation State Posteriors
Saved Zero State Posterior to ./Empirical/Eigenstrat/Reichall/I0769.SG/chr15/.
Successfully loaded for PP. from ./Empirical/Eigenstrat/Reichall/I0769.SG/chr15/
Fraction Markers in ROH: 0.4088
Merged n=0 gaps < 0.0 M
Called n=3 ROH Blocks > 1.0 cM
Longest Block: 1.268
Successfully saved to ./Empirical/Eigenstrat/Reichall/I0769.SG/chr15/roh.csv
Using Low-Mem Cython Linear Speed Up.
Loaded Pre Processing Model: Eigenstrat
Loading Individual: I0769.SG

Loaded 34402 variants
Loaded 2504 individuals
HDF5 loaded from ./Data/1000Genomes/HDF5/1240kHDF5/all1240/chr16.hdf5
3 Eigenstrat Files with 5081 Individuals and 1233013 SNPs

Intersection on Positions: 34402
Nr of Matching Refs: 34402 / 34402
Full Intersection Ref/Alt Identical: 34375 / 34402
2504 / 2504 Individuals included in Reference
Extraction of 5008 Haplotypes complete
Reduced to markers called 29217 / 34375
(Fraction SNP: 0.8499490909090909)
Successfully saved to: ./Empirical/Eigenstrat/Reichall/I0769.SG/chr16/
Successfully loaded Data from: ./Empirical/Eigenstrat/Reichall/I0769.SG/chr16/
Loaded Emission Model: haploid
Loaded Transition Model: model
Loaded Post Processing Model: Standard
Minimum Genetic Map: -0.0000
Maximum Genetic Map: 1.3403
Gaps bigger than 0.1 cM: 161
Maximum Gap: 1.0338 cM
Loaded Transition and Emission Matrix:
(3, 3)
(5009, 29217)
Loaded Observations:
(2, 29217)
Memory Usage: 1552.396288 mB
Reference Number: 5008
Total Log likelihood: -10428.910
Memory Usage: 1552.396288 mB
Finished Calculation State Posteriors
Saved Zero State Posterior to ./Empirical/Eigenstrat/Reichall/I0769.SG/chr16/.
Successfully loaded for PP. from ./Empirical/Eigenstrat/Reichall/I0769.SG/chr16/
Fraction Markers in ROH: 0.4034
Merged n=0 gaps < 0.0 M
Called n=2 ROH Blocks > 1.0 cM
Longest Block: 1.403
Successfully saved to ./Empirical/Eigenstrat/Reichall/I0769.SG/chr16/roh.csv
Using Low-Mem Cython Linear Speed Up.
Loaded Pre Processing Model: Eigenstrat
Loading Individual: I0769.SG

Loaded 29314 variants
Loaded 2504 individuals
HDF5 loaded from ./Data/1000Genomes/HDF5/1240kHDF5/all1240/chr17.hdf5
3 Eigenstrat Files with 5081 Individuals and 1233013 SNPs

Intersection on Positions: 29314
Nr of Matching Refs: 29314 / 29314
Full Intersection Ref/Alt Identical: 29292 / 29314
2504 / 2504 Individuals included in Reference
Extraction of 5008 Haplotypes complete
Reduced to markers called 25229 / 29292
(Fraction SNP: 0.8612931858527926)
Successfully saved to: ./Empirical/Eigenstrat/Reichall/I0769.SG/chr17/
Successfully loaded Data from: ./Empirical/Eigenstrat/Reichall/I0769.SG/chr17/
Loaded Emission Model: haploid
Loaded Transition Model: model
Loaded Post Processing Model: Standard
Minimum Genetic Map: -0.0003
Maximum Genetic Map: 1.2847
Gaps bigger than 0.1 cM: 143
Maximum Gap: 1.2341 cM
Loaded Transition and Emission Matrix:
(3, 3)
(5009, 25229)
Loaded Observations:
(2, 25229)
Memory Usage: 1372.63104 mB
Reference Number: 5008
Total Log likelihood: -9341.379
Memory Usage: 1372.63104 mB
Finished Calculation State Posteriors
Saved Zero State Posterior to ./Empirical/Eigenstrat/Reichall/I0769.SG/chr17/.
Successfully loaded for PP. from ./Empirical/Eigenstrat/Reichall/I0769.SG/chr17/
Fraction Markers in ROH: 0.3817
Merged n=0 gaps < 0.0 M
Called n=6 ROH Blocks > 1.0 cM
Longest Block: 1.588
Successfully saved to ./Empirical/Eigenstrat/Reichall/I0769.SG/chr17/roh.csv
Using Low-Mem Cython Linear Speed Up.
Loaded Pre Processing Model: Eigenstrat
Loading Individual: I0769.SG

Loaded 33917 variants
Loaded 2504 individuals
HDF5 loaded from ./Data/1000Genomes/HDF5/1240kHDF5/all1240/chr18.hdf5
3 Eigenstrat Files with 5081 Individuals and 1233013 SNPs

Intersection on Positions: 33917
Nr of Matching Refs: 33917 / 33917
Full Intersection Ref/Alt Identical: 33902 / 33917
2504 / 2504 Individuals included in Reference
Extraction of 5008 Haplotypes complete
Reduced to markers called 27018 / 33902
(Fraction SNP: 0.7969441330894933)
Successfully saved to: ./Empirical/Eigenstrat/Reichall/I0769.SG/chr18/
Successfully loaded Data from: ./Empirical/Eigenstrat/Reichall/I0769.SG/chr18/
Loaded Emission Model: haploid
Loaded Transition Model: model
Loaded Post Processing Model: Standard
Minimum Genetic Map: 0.0016
Maximum Genetic Map: 1.1771
Gaps bigger than 0.1 cM: 144
Maximum Gap: 0.4764 cM
Loaded Transition and Emission Matrix:
(3, 3)
(5009, 27018)
Loaded Observations:
(2, 27018)
Memory Usage: 1453.064192 mB
Reference Number: 5008
Total Log likelihood: -9706.604
Memory Usage: 1453.064192 mB
Finished Calculation State Posteriors
Saved Zero State Posterior to ./Empirical/Eigenstrat/Reichall/I0769.SG/chr18/.
Successfully loaded for PP. from ./Empirical/Eigenstrat/Reichall/I0769.SG/chr18/
Fraction Markers in ROH: 0.4350
Merged n=0 gaps < 0.0 M
Called n=5 ROH Blocks > 1.0 cM
Longest Block: 1.778
Successfully saved to ./Empirical/Eigenstrat/Reichall/I0769.SG/chr18/roh.csv
Using Low-Mem Cython Linear Speed Up.
Loaded Pre Processing Model: Eigenstrat
Loading Individual: I0769.SG

Loaded 18460 variants
Loaded 2504 individuals
HDF5 loaded from ./Data/1000Genomes/HDF5/1240kHDF5/all1240/chr19.hdf5
3 Eigenstrat Files with 5081 Individuals and 1233013 SNPs

Intersection on Positions: 18460
Nr of Matching Refs: 18460 / 18460
Full Intersection Ref/Alt Identical: 18441 / 18460
2504 / 2504 Individuals included in Reference
Extraction of 5008 Haplotypes complete
Reduced to markers called 16310 / 18441
(Fraction SNP: 0.8844422753646766)
Successfully saved to: ./Empirical/Eigenstrat/Reichall/I0769.SG/chr19/
Successfully loaded Data from: ./Empirical/Eigenstrat/Reichall/I0769.SG/chr19/
Loaded Emission Model: haploid
Loaded Transition Model: model
Loaded Post Processing Model: Standard
Minimum Genetic Map: 0.0000
Maximum Genetic Map: 1.0773
Gaps bigger than 0.1 cM: 149
Maximum Gap: 0.5964 cM
Loaded Transition and Emission Matrix:
(3, 3)
(5009, 16310)
Loaded Observations:
(2, 16310)
Memory Usage: 970.71104 mB
Reference Number: 5008
Total Log likelihood: -6286.689
Memory Usage: 970.71104 mB
Finished Calculation State Posteriors
Saved Zero State Posterior to ./Empirical/Eigenstrat/Reichall/I0769.SG/chr19/.
Successfully loaded for PP. from ./Empirical/Eigenstrat/Reichall/I0769.SG/chr19/
Fraction Markers in ROH: 0.4013
Merged n=0 gaps < 0.0 M
Called n=5 ROH Blocks > 1.0 cM
Longest Block: 1.232
Successfully saved to ./Empirical/Eigenstrat/Reichall/I0769.SG/chr19/roh.csv
Using Low-Mem Cython Linear Speed Up.
Loaded Pre Processing Model: Eigenstrat
Loading Individual: I0769.SG

Loaded 29078 variants
Loaded 2504 individuals
HDF5 loaded from ./Data/1000Genomes/HDF5/1240kHDF5/all1240/chr20.hdf5
3 Eigenstrat Files with 5081 Individuals and 1233013 SNPs

Intersection on Positions: 29078
Nr of Matching Refs: 29078 / 29078
Full Intersection Ref/Alt Identical: 29053 / 29078
2504 / 2504 Individuals included in Reference
Extraction of 5008 Haplotypes complete
Reduced to markers called 24566 / 29053
(Fraction SNP: 0.8455581179224176)
Successfully saved to: ./Empirical/Eigenstrat/Reichall/I0769.SG/chr20/
Successfully loaded Data from: ./Empirical/Eigenstrat/Reichall/I0769.SG/chr20/
Loaded Emission Model: haploid
Loaded Transition Model: model
Loaded Post Processing Model: Standard
Minimum Genetic Map: 0.0000
Maximum Genetic Map: 1.0821
Gaps bigger than 0.1 cM: 139
Maximum Gap: 0.5865 cM
Loaded Transition and Emission Matrix:
(3, 3)
(5009, 24566)
Loaded Observations:
(2, 24566)
Memory Usage: 1343.16032 mB
Reference Number: 5008
Total Log likelihood: -8895.268
Memory Usage: 1343.16032 mB
Finished Calculation State Posteriors
Saved Zero State Posterior to ./Empirical/Eigenstrat/Reichall/I0769.SG/chr20/.
Successfully loaded for PP. from ./Empirical/Eigenstrat/Reichall/I0769.SG/chr20/
Fraction Markers in ROH: 0.4160
Merged n=0 gaps < 0.0 M
Called n=4 ROH Blocks > 1.0 cM
Longest Block: 2.660
Successfully saved to ./Empirical/Eigenstrat/Reichall/I0769.SG/chr20/roh.csv
Using Low-Mem Cython Linear Speed Up.
Loaded Pre Processing Model: Eigenstrat
Loading Individual: I0769.SG

Loaded 16038 variants
Loaded 2504 individuals
HDF5 loaded from ./Data/1000Genomes/HDF5/1240kHDF5/all1240/chr21.hdf5
3 Eigenstrat Files with 5081 Individuals and 1233013 SNPs

Intersection on Positions: 16038
Nr of Matching Refs: 16038 / 16038
Full Intersection Ref/Alt Identical: 16031 / 16038
2504 / 2504 Individuals included in Reference
Extraction of 5008 Haplotypes complete
Reduced to markers called 12907 / 16031
(Fraction SNP: 0.8051275653421496)
Successfully saved to: ./Empirical/Eigenstrat/Reichall/I0769.SG/chr21/
Successfully loaded Data from: ./Empirical/Eigenstrat/Reichall/I0769.SG/chr21/
Loaded Emission Model: haploid
Loaded Transition Model: model
Loaded Post Processing Model: Standard
Minimum Genetic Map: 0.0087
Maximum Genetic Map: 0.6279
Gaps bigger than 0.1 cM: 91
Maximum Gap: 0.5609 cM
Loaded Transition and Emission Matrix:
(3, 3)
(5009, 12907)
Loaded Observations:
(2, 12907)
Memory Usage: 817.082368 mB
Reference Number: 5008
Total Log likelihood: -4505.004
Memory Usage: 817.082368 mB
Finished Calculation State Posteriors
Saved Zero State Posterior to ./Empirical/Eigenstrat/Reichall/I0769.SG/chr21/.
Successfully loaded for PP. from ./Empirical/Eigenstrat/Reichall/I0769.SG/chr21/
Fraction Markers in ROH: 0.4269
Merged n=0 gaps < 0.0 M
Called n=2 ROH Blocks > 1.0 cM
Longest Block: 1.202
Successfully saved to ./Empirical/Eigenstrat/Reichall/I0769.SG/chr21/roh.csv
Using Low-Mem Cython Linear Speed Up.
Loaded Pre Processing Model: Eigenstrat
Loading Individual: I0769.SG

Loaded 15802 variants
Loaded 2504 individuals
HDF5 loaded from ./Data/1000Genomes/HDF5/1240kHDF5/all1240/chr22.hdf5
3 Eigenstrat Files with 5081 Individuals and 1233013 SNPs

Intersection on Positions: 15802
Nr of Matching Refs: 15802 / 15802
Full Intersection Ref/Alt Identical: 15793 / 15802
2504 / 2504 Individuals included in Reference
Extraction of 5008 Haplotypes complete
Reduced to markers called 13966 / 15793
(Fraction SNP: 0.884315836129931)
Successfully saved to: ./Empirical/Eigenstrat/Reichall/I0769.SG/chr22/
Successfully loaded Data from: ./Empirical/Eigenstrat/Reichall/I0769.SG/chr22/
Loaded Emission Model: haploid
Loaded Transition Model: model
Loaded Post Processing Model: Standard
Minimum Genetic Map: 0.0171
Maximum Genetic Map: 0.7408
Gaps bigger than 0.1 cM: 84
Maximum Gap: 1.6097 cM
Loaded Transition and Emission Matrix:
(3, 3)
(5009, 13966)
Loaded Observations:
(2, 13966)
Memory Usage: 865.394688 mB
Reference Number: 5008
Total Log likelihood: -4944.716
Memory Usage: 865.394688 mB
Finished Calculation State Posteriors
Saved Zero State Posterior to ./Empirical/Eigenstrat/Reichall/I0769.SG/chr22/.
Successfully loaded for PP. from ./Empirical/Eigenstrat/Reichall/I0769.SG/chr22/
Fraction Markers in ROH: 0.4438
Merged n=0 gaps < 0.0 M
Called n=1 ROH Blocks > 1.0 cM
Longest Block: 1.446
Successfully saved to ./Empirical/Eigenstrat/Reichall/I0769.SG/chr22/roh.csv
