Loaded 2106 / 5081 ancient Indivdiuals Anno File.
Doing Individual I0430_published...
Using Low-Mem Cython Linear Speed Up.
Loaded Pre Processing Model: Eigenstrat
Loading Individual: I0430_published

Loaded 89147 variants
Loaded 2504 individuals
HDF5 loaded from ./Data/1000Genomes/HDF5/1240kHDF5/all1240/chr1.hdf5
3 Eigenstrat Files with 5081 Individuals and 1233013 SNPs

Intersection on Positions: 89147
Nr of Matching Refs: 89147 / 89147
Full Intersection Ref/Alt Identical: 89082 / 89147
2504 / 2504 Individuals included in Reference
Extraction of 5008 Haplotypes complete
Reduced to markers called 66207 / 89082
(Fraction SNP: 0.7432141173301003)
Successfully saved to: ./Empirical/Eigenstrat/Reichall/I0430_published/chr1/
Successfully loaded Data from: ./Empirical/Eigenstrat/Reichall/I0430_published/chr1/
Loaded Emission Model: haploid
Loaded Transition Model: model
Loaded Post Processing Model: Standard
Minimum Genetic Map: 0.0201
Maximum Genetic Map: 2.8627
Gaps bigger than 0.1 cM: 334
Maximum Gap: 3.1359 cM
Loaded Transition and Emission Matrix:
(3, 3)
(5009, 66207)
Loaded Observations:
(2, 66207)
Memory Usage: 3179.593728 mB
Reference Number: 5008
Total Log likelihood: -22305.888
Memory Usage: 3180.056576 mB
Finished Calculation State Posteriors
Saved Zero State Posterior to ./Empirical/Eigenstrat/Reichall/I0430_published/chr1/.
Successfully loaded for PP. from ./Empirical/Eigenstrat/Reichall/I0430_published/chr1/
Fraction Markers in ROH: 0.4404
Merged n=0 gaps < 0.0 M
Called n=13 ROH Blocks > 1.0 cM
Longest Block: 4.827
Successfully saved to ./Empirical/Eigenstrat/Reichall/I0430_published/chr1/roh.csv
Using Low-Mem Cython Linear Speed Up.
Loaded Pre Processing Model: Eigenstrat
Loading Individual: I0430_published

Loaded 94239 variants
Loaded 2504 individuals
HDF5 loaded from ./Data/1000Genomes/HDF5/1240kHDF5/all1240/chr2.hdf5
3 Eigenstrat Files with 5081 Individuals and 1233013 SNPs

Intersection on Positions: 94239
Nr of Matching Refs: 94239 / 94239
Full Intersection Ref/Alt Identical: 94173 / 94239
2504 / 2504 Individuals included in Reference
Extraction of 5008 Haplotypes complete
Reduced to markers called 68791 / 94173
(Fraction SNP: 0.7304747645291113)
Successfully saved to: ./Empirical/Eigenstrat/Reichall/I0430_published/chr2/
Successfully loaded Data from: ./Empirical/Eigenstrat/Reichall/I0430_published/chr2/
Loaded Emission Model: haploid
Loaded Transition Model: model
Loaded Post Processing Model: Standard
Minimum Genetic Map: 0.0001
Maximum Genetic Map: 2.6883
Gaps bigger than 0.1 cM: 304
Maximum Gap: 2.9097 cM
Loaded Transition and Emission Matrix:
(3, 3)
(5009, 68791)
Loaded Observations:
(2, 68791)
Memory Usage: 3334.5536 mB
Reference Number: 5008
Total Log likelihood: -23681.104
Memory Usage: 3334.5536 mB
Finished Calculation State Posteriors
Saved Zero State Posterior to ./Empirical/Eigenstrat/Reichall/I0430_published/chr2/.
Successfully loaded for PP. from ./Empirical/Eigenstrat/Reichall/I0430_published/chr2/
Fraction Markers in ROH: 0.4464
Merged n=0 gaps < 0.0 M
Called n=9 ROH Blocks > 1.0 cM
Longest Block: 2.335
Successfully saved to ./Empirical/Eigenstrat/Reichall/I0430_published/chr2/roh.csv
Using Low-Mem Cython Linear Speed Up.
Loaded Pre Processing Model: Eigenstrat
Loading Individual: I0430_published

Loaded 77652 variants
Loaded 2504 individuals
HDF5 loaded from ./Data/1000Genomes/HDF5/1240kHDF5/all1240/chr3.hdf5
3 Eigenstrat Files with 5081 Individuals and 1233013 SNPs

Intersection on Positions: 77652
Nr of Matching Refs: 77652 / 77652
Full Intersection Ref/Alt Identical: 77601 / 77652
2504 / 2504 Individuals included in Reference
Extraction of 5008 Haplotypes complete
Reduced to markers called 56760 / 77601
(Fraction SNP: 0.7314338732748289)
Successfully saved to: ./Empirical/Eigenstrat/Reichall/I0430_published/chr3/
Successfully loaded Data from: ./Empirical/Eigenstrat/Reichall/I0430_published/chr3/
Loaded Emission Model: haploid
Loaded Transition Model: model
Loaded Post Processing Model: Standard
Minimum Genetic Map: 0.0001
Maximum Genetic Map: 2.2326
Gaps bigger than 0.1 cM: 274
Maximum Gap: 0.2964 cM
Loaded Transition and Emission Matrix:
(3, 3)
(5009, 56760)
Loaded Observations:
(2, 56760)
Memory Usage: 2793.271296 mB
Reference Number: 5008
Total Log likelihood: -20243.305
Memory Usage: 2793.271296 mB
Finished Calculation State Posteriors
Saved Zero State Posterior to ./Empirical/Eigenstrat/Reichall/I0430_published/chr3/.
Successfully loaded for PP. from ./Empirical/Eigenstrat/Reichall/I0430_published/chr3/
Fraction Markers in ROH: 0.4004
Merged n=0 gaps < 0.0 M
Called n=8 ROH Blocks > 1.0 cM
Longest Block: 2.243
Successfully saved to ./Empirical/Eigenstrat/Reichall/I0430_published/chr3/roh.csv
Using Low-Mem Cython Linear Speed Up.
Loaded Pre Processing Model: Eigenstrat
Loading Individual: I0430_published

Loaded 68759 variants
Loaded 2504 individuals
HDF5 loaded from ./Data/1000Genomes/HDF5/1240kHDF5/all1240/chr4.hdf5
3 Eigenstrat Files with 5081 Individuals and 1233013 SNPs

Intersection on Positions: 68759
Nr of Matching Refs: 68759 / 68759
Full Intersection Ref/Alt Identical: 68720 / 68759
2504 / 2504 Individuals included in Reference
Extraction of 5008 Haplotypes complete
Reduced to markers called 48312 / 68720
(Fraction SNP: 0.7030267753201397)
Successfully saved to: ./Empirical/Eigenstrat/Reichall/I0430_published/chr4/
Successfully loaded Data from: ./Empirical/Eigenstrat/Reichall/I0430_published/chr4/
Loaded Emission Model: haploid
Loaded Transition Model: model
Loaded Post Processing Model: Standard
Minimum Genetic Map: 0.0034
Maximum Genetic Map: 2.1454
Gaps bigger than 0.1 cM: 256
Maximum Gap: 2.0591 cM
Loaded Transition and Emission Matrix:
(3, 3)
(5009, 48312)
Loaded Observations:
(2, 48312)
Memory Usage: 2412.343296 mB
Reference Number: 5008
Total Log likelihood: -16748.421
Memory Usage: 2412.343296 mB
Finished Calculation State Posteriors
Saved Zero State Posterior to ./Empirical/Eigenstrat/Reichall/I0430_published/chr4/.
Successfully loaded for PP. from ./Empirical/Eigenstrat/Reichall/I0430_published/chr4/
Fraction Markers in ROH: 0.4157
Merged n=0 gaps < 0.0 M
Called n=12 ROH Blocks > 1.0 cM
Longest Block: 3.789
Successfully saved to ./Empirical/Eigenstrat/Reichall/I0430_published/chr4/roh.csv
Using Low-Mem Cython Linear Speed Up.
Loaded Pre Processing Model: Eigenstrat
Loading Individual: I0430_published

Loaded 69399 variants
Loaded 2504 individuals
HDF5 loaded from ./Data/1000Genomes/HDF5/1240kHDF5/all1240/chr5.hdf5
3 Eigenstrat Files with 5081 Individuals and 1233013 SNPs

Intersection on Positions: 69399
Nr of Matching Refs: 69399 / 69399
Full Intersection Ref/Alt Identical: 69354 / 69399
2504 / 2504 Individuals included in Reference
Extraction of 5008 Haplotypes complete
Reduced to markers called 50222 / 69354
(Fraction SNP: 0.7241399198315887)
Successfully saved to: ./Empirical/Eigenstrat/Reichall/I0430_published/chr5/
Successfully loaded Data from: ./Empirical/Eigenstrat/Reichall/I0430_published/chr5/
Loaded Emission Model: haploid
Loaded Transition Model: model
Loaded Post Processing Model: Standard
Minimum Genetic Map: 0.0004
Maximum Genetic Map: 2.0409
Gaps bigger than 0.1 cM: 259
Maximum Gap: 1.0498 cM
Loaded Transition and Emission Matrix:
(3, 3)
(5009, 50222)
Loaded Observations:
(2, 50222)
Memory Usage: 2498.879488 mB
Reference Number: 5008
Total Log likelihood: -17926.733
Memory Usage: 2498.879488 mB
Finished Calculation State Posteriors
Saved Zero State Posterior to ./Empirical/Eigenstrat/Reichall/I0430_published/chr5/.
Successfully loaded for PP. from ./Empirical/Eigenstrat/Reichall/I0430_published/chr5/
Fraction Markers in ROH: 0.3837
Merged n=0 gaps < 0.0 M
Called n=6 ROH Blocks > 1.0 cM
Longest Block: 1.517
Successfully saved to ./Empirical/Eigenstrat/Reichall/I0430_published/chr5/roh.csv
Using Low-Mem Cython Linear Speed Up.
Loaded Pre Processing Model: Eigenstrat
Loading Individual: I0430_published

Loaded 75870 variants
Loaded 2504 individuals
HDF5 loaded from ./Data/1000Genomes/HDF5/1240kHDF5/all1240/chr6.hdf5
3 Eigenstrat Files with 5081 Individuals and 1233013 SNPs

Intersection on Positions: 75870
Nr of Matching Refs: 75870 / 75870
Full Intersection Ref/Alt Identical: 75816 / 75870
2504 / 2504 Individuals included in Reference
Extraction of 5008 Haplotypes complete
Reduced to markers called 55425 / 75816
(Fraction SNP: 0.7310462171573283)
Successfully saved to: ./Empirical/Eigenstrat/Reichall/I0430_published/chr6/
Successfully loaded Data from: ./Empirical/Eigenstrat/Reichall/I0430_published/chr6/
Loaded Emission Model: haploid
Loaded Transition Model: model
Loaded Post Processing Model: Standard
Minimum Genetic Map: 0.0035
Maximum Genetic Map: 1.9203
Gaps bigger than 0.1 cM: 202
Maximum Gap: 0.5076 cM
Loaded Transition and Emission Matrix:
(3, 3)
(5009, 55425)
Loaded Observations:
(2, 55425)
Memory Usage: 2733.318144 mB
Reference Number: 5008
Total Log likelihood: -19131.988
Memory Usage: 2733.318144 mB
Finished Calculation State Posteriors
Saved Zero State Posterior to ./Empirical/Eigenstrat/Reichall/I0430_published/chr6/.
Successfully loaded for PP. from ./Empirical/Eigenstrat/Reichall/I0430_published/chr6/
Fraction Markers in ROH: 0.4222
Merged n=0 gaps < 0.0 M
Called n=11 ROH Blocks > 1.0 cM
Longest Block: 2.194
Successfully saved to ./Empirical/Eigenstrat/Reichall/I0430_published/chr6/roh.csv
Using Low-Mem Cython Linear Speed Up.
Loaded Pre Processing Model: Eigenstrat
Loading Individual: I0430_published

Loaded 59890 variants
Loaded 2504 individuals
HDF5 loaded from ./Data/1000Genomes/HDF5/1240kHDF5/all1240/chr7.hdf5
3 Eigenstrat Files with 5081 Individuals and 1233013 SNPs

Intersection on Positions: 59890
Nr of Matching Refs: 59890 / 59890
Full Intersection Ref/Alt Identical: 59836 / 59890
2504 / 2504 Individuals included in Reference
Extraction of 5008 Haplotypes complete
Reduced to markers called 42716 / 59836
(Fraction SNP: 0.7138846179557458)
Successfully saved to: ./Empirical/Eigenstrat/Reichall/I0430_published/chr7/
Successfully loaded Data from: ./Empirical/Eigenstrat/Reichall/I0430_published/chr7/
Loaded Emission Model: haploid
Loaded Transition Model: model
Loaded Post Processing Model: Standard
Minimum Genetic Map: 0.0000
Maximum Genetic Map: 1.8715
Gaps bigger than 0.1 cM: 241
Maximum Gap: 0.8724 cM
Loaded Transition and Emission Matrix:
(3, 3)
(5009, 42716)
Loaded Observations:
(2, 42716)
Memory Usage: 2160.152576 mB
Reference Number: 5008
Total Log likelihood: -14780.820
Memory Usage: 2160.152576 mB
Finished Calculation State Posteriors
Saved Zero State Posterior to ./Empirical/Eigenstrat/Reichall/I0430_published/chr7/.
Successfully loaded for PP. from ./Empirical/Eigenstrat/Reichall/I0430_published/chr7/
Fraction Markers in ROH: 0.4404
Merged n=0 gaps < 0.0 M
Called n=12 ROH Blocks > 1.0 cM
Longest Block: 3.617
Successfully saved to ./Empirical/Eigenstrat/Reichall/I0430_published/chr7/roh.csv
Using Low-Mem Cython Linear Speed Up.
Loaded Pre Processing Model: Eigenstrat
Loading Individual: I0430_published

Loaded 61133 variants
Loaded 2504 individuals
HDF5 loaded from ./Data/1000Genomes/HDF5/1240kHDF5/all1240/chr8.hdf5
3 Eigenstrat Files with 5081 Individuals and 1233013 SNPs

Intersection on Positions: 61133
Nr of Matching Refs: 61133 / 61133
Full Intersection Ref/Alt Identical: 61091 / 61133
2504 / 2504 Individuals included in Reference
Extraction of 5008 Haplotypes complete
Reduced to markers called 44271 / 61091
(Fraction SNP: 0.7246730287603739)
Successfully saved to: ./Empirical/Eigenstrat/Reichall/I0430_published/chr8/
Successfully loaded Data from: ./Empirical/Eigenstrat/Reichall/I0430_published/chr8/
Loaded Emission Model: haploid
Loaded Transition Model: model
Loaded Post Processing Model: Standard
Minimum Genetic Map: 0.0000
Maximum Genetic Map: 1.6800
Gaps bigger than 0.1 cM: 170
Maximum Gap: 1.9070 cM
Loaded Transition and Emission Matrix:
(3, 3)
(5009, 44271)
Loaded Observations:
(2, 44271)
Memory Usage: 2230.521856 mB
Reference Number: 5008
Total Log likelihood: -14760.199
Memory Usage: 2230.521856 mB
Finished Calculation State Posteriors
Saved Zero State Posterior to ./Empirical/Eigenstrat/Reichall/I0430_published/chr8/.
Successfully loaded for PP. from ./Empirical/Eigenstrat/Reichall/I0430_published/chr8/
Fraction Markers in ROH: 0.4420
Merged n=0 gaps < 0.0 M
Called n=8 ROH Blocks > 1.0 cM
Longest Block: 4.804
Successfully saved to ./Empirical/Eigenstrat/Reichall/I0430_published/chr8/roh.csv
Using Low-Mem Cython Linear Speed Up.
Loaded Pre Processing Model: Eigenstrat
Loading Individual: I0430_published

Loaded 50668 variants
Loaded 2504 individuals
HDF5 loaded from ./Data/1000Genomes/HDF5/1240kHDF5/all1240/chr9.hdf5
3 Eigenstrat Files with 5081 Individuals and 1233013 SNPs

Intersection on Positions: 50668
Nr of Matching Refs: 50668 / 50668
Full Intersection Ref/Alt Identical: 50629 / 50668
2504 / 2504 Individuals included in Reference
Extraction of 5008 Haplotypes complete
Reduced to markers called 36782 / 50629
(Fraction SNP: 0.7265006221730629)
Successfully saved to: ./Empirical/Eigenstrat/Reichall/I0430_published/chr9/
Successfully loaded Data from: ./Empirical/Eigenstrat/Reichall/I0430_published/chr9/
Loaded Emission Model: haploid
Loaded Transition Model: model
Loaded Post Processing Model: Standard
Minimum Genetic Map: 0.0016
Maximum Genetic Map: 1.6630
Gaps bigger than 0.1 cM: 221
Maximum Gap: 2.3102 cM
Loaded Transition and Emission Matrix:
(3, 3)
(5009, 36782)
Loaded Observations:
(2, 36782)
Memory Usage: 1893.265408 mB
Reference Number: 5008
Total Log likelihood: -13226.399
Memory Usage: 1893.265408 mB
Finished Calculation State Posteriors
Saved Zero State Posterior to ./Empirical/Eigenstrat/Reichall/I0430_published/chr9/.
Successfully loaded for PP. from ./Empirical/Eigenstrat/Reichall/I0430_published/chr9/
Fraction Markers in ROH: 0.3880
Merged n=0 gaps < 0.0 M
Called n=3 ROH Blocks > 1.0 cM
Longest Block: 2.509
Successfully saved to ./Empirical/Eigenstrat/Reichall/I0430_published/chr9/roh.csv
Using Low-Mem Cython Linear Speed Up.
Loaded Pre Processing Model: Eigenstrat
Loading Individual: I0430_published

Loaded 58804 variants
Loaded 2504 individuals
HDF5 loaded from ./Data/1000Genomes/HDF5/1240kHDF5/all1240/chr10.hdf5
3 Eigenstrat Files with 5081 Individuals and 1233013 SNPs

Intersection on Positions: 58804
Nr of Matching Refs: 58804 / 58804
Full Intersection Ref/Alt Identical: 58763 / 58804
2504 / 2504 Individuals included in Reference
Extraction of 5008 Haplotypes complete
Reduced to markers called 43672 / 58763
(Fraction SNP: 0.7431887412147099)
Successfully saved to: ./Empirical/Eigenstrat/Reichall/I0430_published/chr10/
Successfully loaded Data from: ./Empirical/Eigenstrat/Reichall/I0430_published/chr10/
Loaded Emission Model: haploid
Loaded Transition Model: model
Loaded Post Processing Model: Standard
Minimum Genetic Map: 0.0001
Maximum Genetic Map: 1.8091
Gaps bigger than 0.1 cM: 219
Maximum Gap: 2.0338 cM
Loaded Transition and Emission Matrix:
(3, 3)
(5009, 43672)
Loaded Observations:
(2, 43672)
Memory Usage: 2204.135424 mB
Reference Number: 5008
Total Log likelihood: -15643.388
Memory Usage: 2204.135424 mB
Finished Calculation State Posteriors
Saved Zero State Posterior to ./Empirical/Eigenstrat/Reichall/I0430_published/chr10/.
Successfully loaded for PP. from ./Empirical/Eigenstrat/Reichall/I0430_published/chr10/
Fraction Markers in ROH: 0.4072
Merged n=0 gaps < 0.0 M
Called n=8 ROH Blocks > 1.0 cM
Longest Block: 1.663
Successfully saved to ./Empirical/Eigenstrat/Reichall/I0430_published/chr10/roh.csv
Using Low-Mem Cython Linear Speed Up.
Loaded Pre Processing Model: Eigenstrat
Loading Individual: I0430_published

Loaded 54833 variants
Loaded 2504 individuals
HDF5 loaded from ./Data/1000Genomes/HDF5/1240kHDF5/all1240/chr11.hdf5
3 Eigenstrat Files with 5081 Individuals and 1233013 SNPs

Intersection on Positions: 54833
Nr of Matching Refs: 54833 / 54833
Full Intersection Ref/Alt Identical: 54796 / 54833
2504 / 2504 Individuals included in Reference
Extraction of 5008 Haplotypes complete
Reduced to markers called 40367 / 54796
(Fraction SNP: 0.7366778596977882)
Successfully saved to: ./Empirical/Eigenstrat/Reichall/I0430_published/chr11/
Successfully loaded Data from: ./Empirical/Eigenstrat/Reichall/I0430_published/chr11/
Loaded Emission Model: haploid
Loaded Transition Model: model
Loaded Post Processing Model: Standard
Minimum Genetic Map: 0.0000
Maximum Genetic Map: 1.5822
Gaps bigger than 0.1 cM: 189
Maximum Gap: 0.5373 cM
Loaded Transition and Emission Matrix:
(3, 3)
(5009, 40367)
Loaded Observations:
(2, 40367)
Memory Usage: 2054.959104 mB
Reference Number: 5008
Total Log likelihood: -13981.783
Memory Usage: 2054.959104 mB
Finished Calculation State Posteriors
Saved Zero State Posterior to ./Empirical/Eigenstrat/Reichall/I0430_published/chr11/.
Successfully loaded for PP. from ./Empirical/Eigenstrat/Reichall/I0430_published/chr11/
Fraction Markers in ROH: 0.4183
Merged n=0 gaps < 0.0 M
Called n=7 ROH Blocks > 1.0 cM
Longest Block: 3.798
Successfully saved to ./Empirical/Eigenstrat/Reichall/I0430_published/chr11/roh.csv
Using Low-Mem Cython Linear Speed Up.
Loaded Pre Processing Model: Eigenstrat
Loading Individual: I0430_published

Loaded 53911 variants
Loaded 2504 individuals
HDF5 loaded from ./Data/1000Genomes/HDF5/1240kHDF5/all1240/chr12.hdf5
3 Eigenstrat Files with 5081 Individuals and 1233013 SNPs

Intersection on Positions: 53911
Nr of Matching Refs: 53911 / 53911
Full Intersection Ref/Alt Identical: 53884 / 53911
2504 / 2504 Individuals included in Reference
Extraction of 5008 Haplotypes complete
Reduced to markers called 39533 / 53884
(Fraction SNP: 0.7336686214831861)
Successfully saved to: ./Empirical/Eigenstrat/Reichall/I0430_published/chr12/
Successfully loaded Data from: ./Empirical/Eigenstrat/Reichall/I0430_published/chr12/
Loaded Emission Model: haploid
Loaded Transition Model: model
Loaded Post Processing Model: Standard
Minimum Genetic Map: 0.0009
Maximum Genetic Map: 1.7468
Gaps bigger than 0.1 cM: 219
Maximum Gap: 0.8015 cM
Loaded Transition and Emission Matrix:
(3, 3)
(5009, 39533)
Loaded Observations:
(2, 39533)
Memory Usage: 2016.894976 mB
Reference Number: 5008
Total Log likelihood: -13432.229
Memory Usage: 2016.894976 mB
Finished Calculation State Posteriors
Saved Zero State Posterior to ./Empirical/Eigenstrat/Reichall/I0430_published/chr12/.
Successfully loaded for PP. from ./Empirical/Eigenstrat/Reichall/I0430_published/chr12/
Fraction Markers in ROH: 0.4374
Merged n=0 gaps < 0.0 M
Called n=9 ROH Blocks > 1.0 cM
Longest Block: 7.933
Successfully saved to ./Empirical/Eigenstrat/Reichall/I0430_published/chr12/roh.csv
Using Low-Mem Cython Linear Speed Up.
Loaded Pre Processing Model: Eigenstrat
Loading Individual: I0430_published

Loaded 39018 variants
Loaded 2504 individuals
HDF5 loaded from ./Data/1000Genomes/HDF5/1240kHDF5/all1240/chr13.hdf5
3 Eigenstrat Files with 5081 Individuals and 1233013 SNPs

Intersection on Positions: 39018
Nr of Matching Refs: 39018 / 39018
Full Intersection Ref/Alt Identical: 38994 / 39018
2504 / 2504 Individuals included in Reference
Extraction of 5008 Haplotypes complete
Reduced to markers called 27367 / 38994
(Fraction SNP: 0.7018259219367082)
Successfully saved to: ./Empirical/Eigenstrat/Reichall/I0430_published/chr13/
Successfully loaded Data from: ./Empirical/Eigenstrat/Reichall/I0430_published/chr13/
Loaded Emission Model: haploid
Loaded Transition Model: model
Loaded Post Processing Model: Standard
Minimum Genetic Map: 0.0019
Maximum Genetic Map: 1.2570
Gaps bigger than 0.1 cM: 164
Maximum Gap: 1.2227 cM
Loaded Transition and Emission Matrix:
(3, 3)
(5009, 27367)
Loaded Observations:
(2, 27367)
Memory Usage: 1469.116416 mB
Reference Number: 5008
Total Log likelihood: -10035.455
Memory Usage: 1469.116416 mB
Finished Calculation State Posteriors
Saved Zero State Posterior to ./Empirical/Eigenstrat/Reichall/I0430_published/chr13/.
Successfully loaded for PP. from ./Empirical/Eigenstrat/Reichall/I0430_published/chr13/
Fraction Markers in ROH: 0.3570
Merged n=0 gaps < 0.0 M
Called n=5 ROH Blocks > 1.0 cM
Longest Block: 2.122
Successfully saved to ./Empirical/Eigenstrat/Reichall/I0430_published/chr13/roh.csv
Using Low-Mem Cython Linear Speed Up.
Loaded Pre Processing Model: Eigenstrat
Loading Individual: I0430_published

Loaded 36301 variants
Loaded 2504 individuals
HDF5 loaded from ./Data/1000Genomes/HDF5/1240kHDF5/all1240/chr14.hdf5
3 Eigenstrat Files with 5081 Individuals and 1233013 SNPs

Intersection on Positions: 36301
Nr of Matching Refs: 36301 / 36301
Full Intersection Ref/Alt Identical: 36280 / 36301
2504 / 2504 Individuals included in Reference
Extraction of 5008 Haplotypes complete
Reduced to markers called 26255 / 36280
(Fraction SNP: 0.7236769570011026)
Successfully saved to: ./Empirical/Eigenstrat/Reichall/I0430_published/chr14/
Successfully loaded Data from: ./Empirical/Eigenstrat/Reichall/I0430_published/chr14/
Loaded Emission Model: haploid
Loaded Transition Model: model
Loaded Post Processing Model: Standard
Minimum Genetic Map: 0.0161
Maximum Genetic Map: 1.2020
Gaps bigger than 0.1 cM: 148
Maximum Gap: 2.8508 cM
Loaded Transition and Emission Matrix:
(3, 3)
(5009, 26255)
Loaded Observations:
(2, 26255)
Memory Usage: 1419.358208 mB
Reference Number: 5008
Total Log likelihood: -9105.968
Memory Usage: 1419.358208 mB
Finished Calculation State Posteriors
Saved Zero State Posterior to ./Empirical/Eigenstrat/Reichall/I0430_published/chr14/.
Successfully loaded for PP. from ./Empirical/Eigenstrat/Reichall/I0430_published/chr14/
Fraction Markers in ROH: 0.4072
Merged n=0 gaps < 0.0 M
Called n=4 ROH Blocks > 1.0 cM
Longest Block: 1.352
Successfully saved to ./Empirical/Eigenstrat/Reichall/I0430_published/chr14/roh.csv
Using Low-Mem Cython Linear Speed Up.
Loaded Pre Processing Model: Eigenstrat
Loading Individual: I0430_published

Loaded 34429 variants
Loaded 2504 individuals
HDF5 loaded from ./Data/1000Genomes/HDF5/1240kHDF5/all1240/chr15.hdf5
3 Eigenstrat Files with 5081 Individuals and 1233013 SNPs

Intersection on Positions: 34429
Nr of Matching Refs: 34429 / 34429
Full Intersection Ref/Alt Identical: 34407 / 34429
2504 / 2504 Individuals included in Reference
Extraction of 5008 Haplotypes complete
Reduced to markers called 25582 / 34407
(Fraction SNP: 0.7435114947539745)
Successfully saved to: ./Empirical/Eigenstrat/Reichall/I0430_published/chr15/
Successfully loaded Data from: ./Empirical/Eigenstrat/Reichall/I0430_published/chr15/
Loaded Emission Model: haploid
Loaded Transition Model: model
Loaded Post Processing Model: Standard
Minimum Genetic Map: 0.0002
Maximum Genetic Map: 1.4134
Gaps bigger than 0.1 cM: 153
Maximum Gap: 13.7349 cM
Loaded Transition and Emission Matrix:
(3, 3)
(5009, 25582)
Loaded Observations:
(2, 25582)
Memory Usage: 1389.34272 mB
Reference Number: 5008
Total Log likelihood: -8888.899
Memory Usage: 1389.34272 mB
Finished Calculation State Posteriors
Saved Zero State Posterior to ./Empirical/Eigenstrat/Reichall/I0430_published/chr15/.
Successfully loaded for PP. from ./Empirical/Eigenstrat/Reichall/I0430_published/chr15/
Fraction Markers in ROH: 0.4396
Merged n=0 gaps < 0.0 M
Called n=6 ROH Blocks > 1.0 cM
Longest Block: 1.854
Successfully saved to ./Empirical/Eigenstrat/Reichall/I0430_published/chr15/roh.csv
Using Low-Mem Cython Linear Speed Up.
Loaded Pre Processing Model: Eigenstrat
Loading Individual: I0430_published

Loaded 34402 variants
Loaded 2504 individuals
HDF5 loaded from ./Data/1000Genomes/HDF5/1240kHDF5/all1240/chr16.hdf5
3 Eigenstrat Files with 5081 Individuals and 1233013 SNPs

Intersection on Positions: 34402
Nr of Matching Refs: 34402 / 34402
Full Intersection Ref/Alt Identical: 34375 / 34402
2504 / 2504 Individuals included in Reference
Extraction of 5008 Haplotypes complete
Reduced to markers called 25862 / 34375
(Fraction SNP: 0.7523490909090909)
Successfully saved to: ./Empirical/Eigenstrat/Reichall/I0430_published/chr16/
Successfully loaded Data from: ./Empirical/Eigenstrat/Reichall/I0430_published/chr16/
Loaded Emission Model: haploid
Loaded Transition Model: model
Loaded Post Processing Model: Standard
Minimum Genetic Map: -0.0000
Maximum Genetic Map: 1.3403
Gaps bigger than 0.1 cM: 182
Maximum Gap: 0.8461 cM
Loaded Transition and Emission Matrix:
(3, 3)
(5009, 25862)
Loaded Observations:
(2, 25862)
Memory Usage: 1402.28608 mB
Reference Number: 5008
Total Log likelihood: -8852.241
Memory Usage: 1402.28608 mB
Finished Calculation State Posteriors
Saved Zero State Posterior to ./Empirical/Eigenstrat/Reichall/I0430_published/chr16/.
Successfully loaded for PP. from ./Empirical/Eigenstrat/Reichall/I0430_published/chr16/
Fraction Markers in ROH: 0.4612
Merged n=0 gaps < 0.0 M
Called n=11 ROH Blocks > 1.0 cM
Longest Block: 2.357
Successfully saved to ./Empirical/Eigenstrat/Reichall/I0430_published/chr16/roh.csv
Using Low-Mem Cython Linear Speed Up.
Loaded Pre Processing Model: Eigenstrat
Loading Individual: I0430_published

Loaded 29314 variants
Loaded 2504 individuals
HDF5 loaded from ./Data/1000Genomes/HDF5/1240kHDF5/all1240/chr17.hdf5
3 Eigenstrat Files with 5081 Individuals and 1233013 SNPs

Intersection on Positions: 29314
Nr of Matching Refs: 29314 / 29314
Full Intersection Ref/Alt Identical: 29292 / 29314
2504 / 2504 Individuals included in Reference
Extraction of 5008 Haplotypes complete
Reduced to markers called 22102 / 29292
(Fraction SNP: 0.7545404888706814)
Successfully saved to: ./Empirical/Eigenstrat/Reichall/I0430_published/chr17/
Successfully loaded Data from: ./Empirical/Eigenstrat/Reichall/I0430_published/chr17/
Loaded Emission Model: haploid
Loaded Transition Model: model
Loaded Post Processing Model: Standard
Minimum Genetic Map: -0.0002
Maximum Genetic Map: 1.2846
Gaps bigger than 0.1 cM: 175
Maximum Gap: 1.2341 cM
Loaded Transition and Emission Matrix:
(3, 3)
(5009, 22102)
Loaded Observations:
(2, 22102)
Memory Usage: 1232.01536 mB
Reference Number: 5008
Total Log likelihood: -8159.876
Memory Usage: 1232.01536 mB
Finished Calculation State Posteriors
Saved Zero State Posterior to ./Empirical/Eigenstrat/Reichall/I0430_published/chr17/.
Successfully loaded for PP. from ./Empirical/Eigenstrat/Reichall/I0430_published/chr17/
Fraction Markers in ROH: 0.3952
Merged n=0 gaps < 0.0 M
Called n=9 ROH Blocks > 1.0 cM
Longest Block: 1.955
Successfully saved to ./Empirical/Eigenstrat/Reichall/I0430_published/chr17/roh.csv
Using Low-Mem Cython Linear Speed Up.
Loaded Pre Processing Model: Eigenstrat
Loading Individual: I0430_published

Loaded 33917 variants
Loaded 2504 individuals
HDF5 loaded from ./Data/1000Genomes/HDF5/1240kHDF5/all1240/chr18.hdf5
3 Eigenstrat Files with 5081 Individuals and 1233013 SNPs

Intersection on Positions: 33917
Nr of Matching Refs: 33917 / 33917
Full Intersection Ref/Alt Identical: 33902 / 33917
2504 / 2504 Individuals included in Reference
Extraction of 5008 Haplotypes complete
Reduced to markers called 24560 / 33902
(Fraction SNP: 0.724441035927084)
Successfully saved to: ./Empirical/Eigenstrat/Reichall/I0430_published/chr18/
Successfully loaded Data from: ./Empirical/Eigenstrat/Reichall/I0430_published/chr18/
Loaded Emission Model: haploid
Loaded Transition Model: model
Loaded Post Processing Model: Standard
Minimum Genetic Map: 0.0016
Maximum Genetic Map: 1.1771
Gaps bigger than 0.1 cM: 158
Maximum Gap: 0.4764 cM
Loaded Transition and Emission Matrix:
(3, 3)
(5009, 24560)
Loaded Observations:
(2, 24560)
Memory Usage: 1343.127552 mB
Reference Number: 5008
Total Log likelihood: -8403.925
Memory Usage: 1343.127552 mB
Finished Calculation State Posteriors
Saved Zero State Posterior to ./Empirical/Eigenstrat/Reichall/I0430_published/chr18/.
Successfully loaded for PP. from ./Empirical/Eigenstrat/Reichall/I0430_published/chr18/
Fraction Markers in ROH: 0.4148
Merged n=0 gaps < 0.0 M
Called n=4 ROH Blocks > 1.0 cM
Longest Block: 3.190
Successfully saved to ./Empirical/Eigenstrat/Reichall/I0430_published/chr18/roh.csv
Using Low-Mem Cython Linear Speed Up.
Loaded Pre Processing Model: Eigenstrat
Loading Individual: I0430_published

Loaded 18460 variants
Loaded 2504 individuals
HDF5 loaded from ./Data/1000Genomes/HDF5/1240kHDF5/all1240/chr19.hdf5
3 Eigenstrat Files with 5081 Individuals and 1233013 SNPs

Intersection on Positions: 18460
Nr of Matching Refs: 18460 / 18460
Full Intersection Ref/Alt Identical: 18441 / 18460
2504 / 2504 Individuals included in Reference
Extraction of 5008 Haplotypes complete
Reduced to markers called 13570 / 18441
(Fraction SNP: 0.7358603112629467)
Successfully saved to: ./Empirical/Eigenstrat/Reichall/I0430_published/chr19/
Successfully loaded Data from: ./Empirical/Eigenstrat/Reichall/I0430_published/chr19/
Loaded Emission Model: haploid
Loaded Transition Model: model
Loaded Post Processing Model: Standard
Minimum Genetic Map: 0.0001
Maximum Genetic Map: 1.0773
Gaps bigger than 0.1 cM: 179
Maximum Gap: 0.5964 cM
Loaded Transition and Emission Matrix:
(3, 3)
(5009, 13570)
Loaded Observations:
(2, 13570)
Memory Usage: 847.814656 mB
Reference Number: 5008
Total Log likelihood: -4781.002
Memory Usage: 847.814656 mB
Finished Calculation State Posteriors
Saved Zero State Posterior to ./Empirical/Eigenstrat/Reichall/I0430_published/chr19/.
Successfully loaded for PP. from ./Empirical/Eigenstrat/Reichall/I0430_published/chr19/
Fraction Markers in ROH: 0.4629
Merged n=0 gaps < 0.0 M
Called n=5 ROH Blocks > 1.0 cM
Longest Block: 8.738
Successfully saved to ./Empirical/Eigenstrat/Reichall/I0430_published/chr19/roh.csv
Using Low-Mem Cython Linear Speed Up.
Loaded Pre Processing Model: Eigenstrat
Loading Individual: I0430_published

Loaded 29078 variants
Loaded 2504 individuals
HDF5 loaded from ./Data/1000Genomes/HDF5/1240kHDF5/all1240/chr20.hdf5
3 Eigenstrat Files with 5081 Individuals and 1233013 SNPs

Intersection on Positions: 29078
Nr of Matching Refs: 29078 / 29078
Full Intersection Ref/Alt Identical: 29053 / 29078
2504 / 2504 Individuals included in Reference
Extraction of 5008 Haplotypes complete
Reduced to markers called 22023 / 29053
(Fraction SNP: 0.7580284307988848)
Successfully saved to: ./Empirical/Eigenstrat/Reichall/I0430_published/chr20/
Successfully loaded Data from: ./Empirical/Eigenstrat/Reichall/I0430_published/chr20/
Loaded Emission Model: haploid
Loaded Transition Model: model
Loaded Post Processing Model: Standard
Minimum Genetic Map: 0.0006
Maximum Genetic Map: 1.0821
Gaps bigger than 0.1 cM: 163
Maximum Gap: 0.4744 cM
Loaded Transition and Emission Matrix:
(3, 3)
(5009, 22023)
Loaded Observations:
(2, 22023)
Memory Usage: 1229.139968 mB
Reference Number: 5008
Total Log likelihood: -7562.274
Memory Usage: 1229.139968 mB
Finished Calculation State Posteriors
Saved Zero State Posterior to ./Empirical/Eigenstrat/Reichall/I0430_published/chr20/.
Successfully loaded for PP. from ./Empirical/Eigenstrat/Reichall/I0430_published/chr20/
Fraction Markers in ROH: 0.4353
Merged n=0 gaps < 0.0 M
Called n=5 ROH Blocks > 1.0 cM
Longest Block: 1.255
Successfully saved to ./Empirical/Eigenstrat/Reichall/I0430_published/chr20/roh.csv
Using Low-Mem Cython Linear Speed Up.
Loaded Pre Processing Model: Eigenstrat
Loading Individual: I0430_published

Loaded 16038 variants
Loaded 2504 individuals
HDF5 loaded from ./Data/1000Genomes/HDF5/1240kHDF5/all1240/chr21.hdf5
3 Eigenstrat Files with 5081 Individuals and 1233013 SNPs

Intersection on Positions: 16038
Nr of Matching Refs: 16038 / 16038
Full Intersection Ref/Alt Identical: 16031 / 16038
2504 / 2504 Individuals included in Reference
Extraction of 5008 Haplotypes complete
Reduced to markers called 11378 / 16031
(Fraction SNP: 0.709749859646934)
Successfully saved to: ./Empirical/Eigenstrat/Reichall/I0430_published/chr21/
Successfully loaded Data from: ./Empirical/Eigenstrat/Reichall/I0430_published/chr21/
Loaded Emission Model: haploid
Loaded Transition Model: model
Loaded Post Processing Model: Standard
Minimum Genetic Map: 0.0086
Maximum Genetic Map: 0.6277
Gaps bigger than 0.1 cM: 96
Maximum Gap: 0.4887 cM
Loaded Transition and Emission Matrix:
(3, 3)
(5009, 11378)
Loaded Observations:
(2, 11378)
Memory Usage: 749.572096 mB
Reference Number: 5008
Total Log likelihood: -4206.204
Memory Usage: 749.572096 mB
Finished Calculation State Posteriors
Saved Zero State Posterior to ./Empirical/Eigenstrat/Reichall/I0430_published/chr21/.
Successfully loaded for PP. from ./Empirical/Eigenstrat/Reichall/I0430_published/chr21/
Fraction Markers in ROH: 0.3974
Merged n=0 gaps < 0.0 M
Called n=3 ROH Blocks > 1.0 cM
Longest Block: 1.208
Successfully saved to ./Empirical/Eigenstrat/Reichall/I0430_published/chr21/roh.csv
Using Low-Mem Cython Linear Speed Up.
Loaded Pre Processing Model: Eigenstrat
Loading Individual: I0430_published

Loaded 15802 variants
Loaded 2504 individuals
HDF5 loaded from ./Data/1000Genomes/HDF5/1240kHDF5/all1240/chr22.hdf5
3 Eigenstrat Files with 5081 Individuals and 1233013 SNPs

Intersection on Positions: 15802
Nr of Matching Refs: 15802 / 15802
Full Intersection Ref/Alt Identical: 15793 / 15802
2504 / 2504 Individuals included in Reference
Extraction of 5008 Haplotypes complete
Reduced to markers called 12059 / 15793
(Fraction SNP: 0.7635661368960932)
Successfully saved to: ./Empirical/Eigenstrat/Reichall/I0430_published/chr22/
Successfully loaded Data from: ./Empirical/Eigenstrat/Reichall/I0430_published/chr22/
Loaded Emission Model: haploid
Loaded Transition Model: model
Loaded Post Processing Model: Standard
Minimum Genetic Map: 0.0173
Maximum Genetic Map: 0.7408
Gaps bigger than 0.1 cM: 101
Maximum Gap: 1.6949 cM
Loaded Transition and Emission Matrix:
(3, 3)
(5009, 12059)
Loaded Observations:
(2, 12059)
Memory Usage: 780.591104 mB
Reference Number: 5008
Total Log likelihood: -3922.874
Memory Usage: 780.591104 mB
Finished Calculation State Posteriors
Saved Zero State Posterior to ./Empirical/Eigenstrat/Reichall/I0430_published/chr22/.
Successfully loaded for PP. from ./Empirical/Eigenstrat/Reichall/I0430_published/chr22/
Fraction Markers in ROH: 0.5439
Merged n=0 gaps < 0.0 M
Called n=7 ROH Blocks > 1.0 cM
Longest Block: 2.221
Successfully saved to ./Empirical/Eigenstrat/Reichall/I0430_published/chr22/roh.csv
