Loaded 2106 / 5081 ancient Indivdiuals Anno File.
Doing Individual RISE94.SG...
Using Low-Mem Cython Linear Speed Up.
Loaded Pre Processing Model: Eigenstrat
Loading Individual: RISE94.SG

Loaded 89147 variants
Loaded 2504 individuals
HDF5 loaded from ./Data/1000Genomes/HDF5/1240kHDF5/all1240/chr1.hdf5
3 Eigenstrat Files with 5081 Individuals and 1233013 SNPs

Intersection on Positions: 89147
Nr of Matching Refs: 89147 / 89147
Full Intersection Ref/Alt Identical: 89082 / 89147
2504 / 2504 Individuals included in Reference
Extraction of 5008 Haplotypes complete
Reduced to markers called 47807 / 89082
(Fraction SNP: 0.5366628499584652)
Successfully saved to: ./Empirical/Eigenstrat/Reichall/RISE94.SG/chr1/
Successfully loaded Data from: ./Empirical/Eigenstrat/Reichall/RISE94.SG/chr1/
Loaded Emission Model: haploid
Loaded Transition Model: model
Loaded Post Processing Model: Standard
Minimum Genetic Map: 0.0225
Maximum Genetic Map: 2.8627
Gaps bigger than 0.1 cM: 371
Maximum Gap: 2.9229 cM
Loaded Transition and Emission Matrix:
(3, 3)
(5009, 47807)
Loaded Observations:
(2, 47807)
Memory Usage: 2350.116864 mB
Reference Number: 5008
Total Log likelihood: -16981.617
Memory Usage: 2350.579712 mB
Finished Calculation State Posteriors
Saved Zero State Posterior to ./Empirical/Eigenstrat/Reichall/RISE94.SG/chr1/.
Successfully loaded for PP. from ./Empirical/Eigenstrat/Reichall/RISE94.SG/chr1/
Fraction Markers in ROH: 0.4021
Merged n=0 gaps < 0.0 M
Called n=13 ROH Blocks > 1.0 cM
Longest Block: 10.182
Successfully saved to ./Empirical/Eigenstrat/Reichall/RISE94.SG/chr1/roh.csv
Using Low-Mem Cython Linear Speed Up.
Loaded Pre Processing Model: Eigenstrat
Loading Individual: RISE94.SG

Loaded 94239 variants
Loaded 2504 individuals
HDF5 loaded from ./Data/1000Genomes/HDF5/1240kHDF5/all1240/chr2.hdf5
3 Eigenstrat Files with 5081 Individuals and 1233013 SNPs

Intersection on Positions: 94239
Nr of Matching Refs: 94239 / 94239
Full Intersection Ref/Alt Identical: 94173 / 94239
2504 / 2504 Individuals included in Reference
Extraction of 5008 Haplotypes complete
Reduced to markers called 47511 / 94173
(Fraction SNP: 0.5045076614316205)
Successfully saved to: ./Empirical/Eigenstrat/Reichall/RISE94.SG/chr2/
Successfully loaded Data from: ./Empirical/Eigenstrat/Reichall/RISE94.SG/chr2/
Loaded Emission Model: haploid
Loaded Transition Model: model
Loaded Post Processing Model: Standard
Minimum Genetic Map: 0.0002
Maximum Genetic Map: 2.6883
Gaps bigger than 0.1 cM: 389
Maximum Gap: 2.1079 cM
Loaded Transition and Emission Matrix:
(3, 3)
(5009, 47511)
Loaded Observations:
(2, 47511)
Memory Usage: 2376.425472 mB
Reference Number: 5008
Total Log likelihood: -17116.365
Memory Usage: 2376.425472 mB
Finished Calculation State Posteriors
Saved Zero State Posterior to ./Empirical/Eigenstrat/Reichall/RISE94.SG/chr2/.
Successfully loaded for PP. from ./Empirical/Eigenstrat/Reichall/RISE94.SG/chr2/
Fraction Markers in ROH: 0.4058
Merged n=0 gaps < 0.0 M
Called n=15 ROH Blocks > 1.0 cM
Longest Block: 3.419
Successfully saved to ./Empirical/Eigenstrat/Reichall/RISE94.SG/chr2/roh.csv
Using Low-Mem Cython Linear Speed Up.
Loaded Pre Processing Model: Eigenstrat
Loading Individual: RISE94.SG

Loaded 77652 variants
Loaded 2504 individuals
HDF5 loaded from ./Data/1000Genomes/HDF5/1240kHDF5/all1240/chr3.hdf5
3 Eigenstrat Files with 5081 Individuals and 1233013 SNPs

Intersection on Positions: 77652
Nr of Matching Refs: 77652 / 77652
Full Intersection Ref/Alt Identical: 77601 / 77652
2504 / 2504 Individuals included in Reference
Extraction of 5008 Haplotypes complete
Reduced to markers called 38000 / 77601
(Fraction SNP: 0.48968441128335977)
Successfully saved to: ./Empirical/Eigenstrat/Reichall/RISE94.SG/chr3/
Successfully loaded Data from: ./Empirical/Eigenstrat/Reichall/RISE94.SG/chr3/
Loaded Emission Model: haploid
Loaded Transition Model: model
Loaded Post Processing Model: Standard
Minimum Genetic Map: 0.0000
Maximum Genetic Map: 2.2325
Gaps bigger than 0.1 cM: 342
Maximum Gap: 0.2823 cM
Loaded Transition and Emission Matrix:
(3, 3)
(5009, 38000)
Loaded Observations:
(2, 38000)
Memory Usage: 1947.500544 mB
Reference Number: 5008
Total Log likelihood: -14008.970
Memory Usage: 1947.500544 mB
Finished Calculation State Posteriors
Saved Zero State Posterior to ./Empirical/Eigenstrat/Reichall/RISE94.SG/chr3/.
Successfully loaded for PP. from ./Empirical/Eigenstrat/Reichall/RISE94.SG/chr3/
Fraction Markers in ROH: 0.3970
Merged n=0 gaps < 0.0 M
Called n=14 ROH Blocks > 1.0 cM
Longest Block: 2.008
Successfully saved to ./Empirical/Eigenstrat/Reichall/RISE94.SG/chr3/roh.csv
Using Low-Mem Cython Linear Speed Up.
Loaded Pre Processing Model: Eigenstrat
Loading Individual: RISE94.SG

Loaded 68759 variants
Loaded 2504 individuals
HDF5 loaded from ./Data/1000Genomes/HDF5/1240kHDF5/all1240/chr4.hdf5
3 Eigenstrat Files with 5081 Individuals and 1233013 SNPs

Intersection on Positions: 68759
Nr of Matching Refs: 68759 / 68759
Full Intersection Ref/Alt Identical: 68720 / 68759
2504 / 2504 Individuals included in Reference
Extraction of 5008 Haplotypes complete
Reduced to markers called 31112 / 68720
(Fraction SNP: 0.4527357392316647)
Successfully saved to: ./Empirical/Eigenstrat/Reichall/RISE94.SG/chr4/
Successfully loaded Data from: ./Empirical/Eigenstrat/Reichall/RISE94.SG/chr4/
Loaded Emission Model: haploid
Loaded Transition Model: model
Loaded Post Processing Model: Standard
Minimum Genetic Map: 0.0034
Maximum Genetic Map: 2.1454
Gaps bigger than 0.1 cM: 334
Maximum Gap: 2.0422 cM
Loaded Transition and Emission Matrix:
(3, 3)
(5009, 31112)
Loaded Observations:
(2, 31112)
Memory Usage: 1637.43744 mB
Reference Number: 5008
Total Log likelihood: -11062.814
Memory Usage: 1637.43744 mB
Finished Calculation State Posteriors
Saved Zero State Posterior to ./Empirical/Eigenstrat/Reichall/RISE94.SG/chr4/.
Successfully loaded for PP. from ./Empirical/Eigenstrat/Reichall/RISE94.SG/chr4/
Fraction Markers in ROH: 0.4163
Merged n=0 gaps < 0.0 M
Called n=12 ROH Blocks > 1.0 cM
Longest Block: 2.502
Successfully saved to ./Empirical/Eigenstrat/Reichall/RISE94.SG/chr4/roh.csv
Using Low-Mem Cython Linear Speed Up.
Loaded Pre Processing Model: Eigenstrat
Loading Individual: RISE94.SG

Loaded 69399 variants
Loaded 2504 individuals
HDF5 loaded from ./Data/1000Genomes/HDF5/1240kHDF5/all1240/chr5.hdf5
3 Eigenstrat Files with 5081 Individuals and 1233013 SNPs

Intersection on Positions: 69399
Nr of Matching Refs: 69399 / 69399
Full Intersection Ref/Alt Identical: 69354 / 69399
2504 / 2504 Individuals included in Reference
Extraction of 5008 Haplotypes complete
Reduced to markers called 34194 / 69354
(Fraction SNP: 0.49303572973440607)
Successfully saved to: ./Empirical/Eigenstrat/Reichall/RISE94.SG/chr5/
Successfully loaded Data from: ./Empirical/Eigenstrat/Reichall/RISE94.SG/chr5/
Loaded Emission Model: haploid
Loaded Transition Model: model
Loaded Post Processing Model: Standard
Minimum Genetic Map: 0.0004
Maximum Genetic Map: 2.0409
Gaps bigger than 0.1 cM: 312
Maximum Gap: 1.1308 cM
Loaded Transition and Emission Matrix:
(3, 3)
(5009, 34194)
Loaded Observations:
(2, 34194)
Memory Usage: 1776.562176 mB
Reference Number: 5008
Total Log likelihood: -12340.217
Memory Usage: 1776.562176 mB
Finished Calculation State Posteriors
Saved Zero State Posterior to ./Empirical/Eigenstrat/Reichall/RISE94.SG/chr5/.
Successfully loaded for PP. from ./Empirical/Eigenstrat/Reichall/RISE94.SG/chr5/
Fraction Markers in ROH: 0.4047
Merged n=0 gaps < 0.0 M
Called n=7 ROH Blocks > 1.0 cM
Longest Block: 6.236
Successfully saved to ./Empirical/Eigenstrat/Reichall/RISE94.SG/chr5/roh.csv
Using Low-Mem Cython Linear Speed Up.
Loaded Pre Processing Model: Eigenstrat
Loading Individual: RISE94.SG

Loaded 75870 variants
Loaded 2504 individuals
HDF5 loaded from ./Data/1000Genomes/HDF5/1240kHDF5/all1240/chr6.hdf5
3 Eigenstrat Files with 5081 Individuals and 1233013 SNPs

Intersection on Positions: 75870
Nr of Matching Refs: 75870 / 75870
Full Intersection Ref/Alt Identical: 75816 / 75870
2504 / 2504 Individuals included in Reference
Extraction of 5008 Haplotypes complete
Reduced to markers called 37654 / 75816
(Fraction SNP: 0.4966497836868207)
Successfully saved to: ./Empirical/Eigenstrat/Reichall/RISE94.SG/chr6/
Successfully loaded Data from: ./Empirical/Eigenstrat/Reichall/RISE94.SG/chr6/
Loaded Emission Model: haploid
Loaded Transition Model: model
Loaded Post Processing Model: Standard
Minimum Genetic Map: 0.0032
Maximum Genetic Map: 1.9203
Gaps bigger than 0.1 cM: 277
Maximum Gap: 0.5086 cM
Loaded Transition and Emission Matrix:
(3, 3)
(5009, 37654)
Loaded Observations:
(2, 37654)
Memory Usage: 1931.743232 mB
Reference Number: 5008
Total Log likelihood: -13528.482
Memory Usage: 1931.73504 mB
Finished Calculation State Posteriors
Saved Zero State Posterior to ./Empirical/Eigenstrat/Reichall/RISE94.SG/chr6/.
Successfully loaded for PP. from ./Empirical/Eigenstrat/Reichall/RISE94.SG/chr6/
Fraction Markers in ROH: 0.3916
Merged n=0 gaps < 0.0 M
Called n=7 ROH Blocks > 1.0 cM
Longest Block: 1.742
Successfully saved to ./Empirical/Eigenstrat/Reichall/RISE94.SG/chr6/roh.csv
Using Low-Mem Cython Linear Speed Up.
Loaded Pre Processing Model: Eigenstrat
Loading Individual: RISE94.SG

Loaded 59890 variants
Loaded 2504 individuals
HDF5 loaded from ./Data/1000Genomes/HDF5/1240kHDF5/all1240/chr7.hdf5
3 Eigenstrat Files with 5081 Individuals and 1233013 SNPs

Intersection on Positions: 59890
Nr of Matching Refs: 59890 / 59890
Full Intersection Ref/Alt Identical: 59836 / 59890
2504 / 2504 Individuals included in Reference
Extraction of 5008 Haplotypes complete
Reduced to markers called 29467 / 59836
(Fraction SNP: 0.4924627314660071)
Successfully saved to: ./Empirical/Eigenstrat/Reichall/RISE94.SG/chr7/
Successfully loaded Data from: ./Empirical/Eigenstrat/Reichall/RISE94.SG/chr7/
Loaded Emission Model: haploid
Loaded Transition Model: model
Loaded Post Processing Model: Standard
Minimum Genetic Map: 0.0000
Maximum Genetic Map: 1.8715
Gaps bigger than 0.1 cM: 290
Maximum Gap: 0.8416 cM
Loaded Transition and Emission Matrix:
(3, 3)
(5009, 29467)
Loaded Observations:
(2, 29467)
Memory Usage: 1562.476544 mB
Reference Number: 5008
Total Log likelihood: -11106.434
Memory Usage: 1562.476544 mB
Finished Calculation State Posteriors
Saved Zero State Posterior to ./Empirical/Eigenstrat/Reichall/RISE94.SG/chr7/.
Successfully loaded for PP. from ./Empirical/Eigenstrat/Reichall/RISE94.SG/chr7/
Fraction Markers in ROH: 0.3579
Merged n=0 gaps < 0.0 M
Called n=7 ROH Blocks > 1.0 cM
Longest Block: 1.984
Successfully saved to ./Empirical/Eigenstrat/Reichall/RISE94.SG/chr7/roh.csv
Using Low-Mem Cython Linear Speed Up.
Loaded Pre Processing Model: Eigenstrat
Loading Individual: RISE94.SG

Loaded 61133 variants
Loaded 2504 individuals
HDF5 loaded from ./Data/1000Genomes/HDF5/1240kHDF5/all1240/chr8.hdf5
3 Eigenstrat Files with 5081 Individuals and 1233013 SNPs

Intersection on Positions: 61133
Nr of Matching Refs: 61133 / 61133
Full Intersection Ref/Alt Identical: 61091 / 61133
2504 / 2504 Individuals included in Reference
Extraction of 5008 Haplotypes complete
Reduced to markers called 30784 / 61091
(Fraction SNP: 0.5039040120476012)
Successfully saved to: ./Empirical/Eigenstrat/Reichall/RISE94.SG/chr8/
Successfully loaded Data from: ./Empirical/Eigenstrat/Reichall/RISE94.SG/chr8/
Loaded Emission Model: haploid
Loaded Transition Model: model
Loaded Post Processing Model: Standard
Minimum Genetic Map: 0.0000
Maximum Genetic Map: 1.6800
Gaps bigger than 0.1 cM: 224
Maximum Gap: 1.9321 cM
Loaded Transition and Emission Matrix:
(3, 3)
(5009, 30784)
Loaded Observations:
(2, 30784)
Memory Usage: 1622.638592 mB
Reference Number: 5008
Total Log likelihood: -11185.188
Memory Usage: 1622.638592 mB
Finished Calculation State Posteriors
Saved Zero State Posterior to ./Empirical/Eigenstrat/Reichall/RISE94.SG/chr8/.
Successfully loaded for PP. from ./Empirical/Eigenstrat/Reichall/RISE94.SG/chr8/
Fraction Markers in ROH: 0.3773
Merged n=0 gaps < 0.0 M
Called n=6 ROH Blocks > 1.0 cM
Longest Block: 3.103
Successfully saved to ./Empirical/Eigenstrat/Reichall/RISE94.SG/chr8/roh.csv
Using Low-Mem Cython Linear Speed Up.
Loaded Pre Processing Model: Eigenstrat
Loading Individual: RISE94.SG

Loaded 50668 variants
Loaded 2504 individuals
HDF5 loaded from ./Data/1000Genomes/HDF5/1240kHDF5/all1240/chr9.hdf5
3 Eigenstrat Files with 5081 Individuals and 1233013 SNPs

Intersection on Positions: 50668
Nr of Matching Refs: 50668 / 50668
Full Intersection Ref/Alt Identical: 50629 / 50668
2504 / 2504 Individuals included in Reference
Extraction of 5008 Haplotypes complete
Reduced to markers called 25897 / 50629
(Fraction SNP: 0.5115052637816271)
Successfully saved to: ./Empirical/Eigenstrat/Reichall/RISE94.SG/chr9/
Successfully loaded Data from: ./Empirical/Eigenstrat/Reichall/RISE94.SG/chr9/
Loaded Emission Model: haploid
Loaded Transition Model: model
Loaded Post Processing Model: Standard
Minimum Genetic Map: 0.0017
Maximum Genetic Map: 1.6630
Gaps bigger than 0.1 cM: 274
Maximum Gap: 2.3102 cM
Loaded Transition and Emission Matrix:
(3, 3)
(5009, 25897)
Loaded Observations:
(2, 25897)
Memory Usage: 1402.159104 mB
Reference Number: 5008
Total Log likelihood: -9411.344
Memory Usage: 1402.159104 mB
Finished Calculation State Posteriors
Saved Zero State Posterior to ./Empirical/Eigenstrat/Reichall/RISE94.SG/chr9/.
Successfully loaded for PP. from ./Empirical/Eigenstrat/Reichall/RISE94.SG/chr9/
Fraction Markers in ROH: 0.3893
Merged n=0 gaps < 0.0 M
Called n=6 ROH Blocks > 1.0 cM
Longest Block: 4.522
Successfully saved to ./Empirical/Eigenstrat/Reichall/RISE94.SG/chr9/roh.csv
Using Low-Mem Cython Linear Speed Up.
Loaded Pre Processing Model: Eigenstrat
Loading Individual: RISE94.SG

Loaded 58804 variants
Loaded 2504 individuals
HDF5 loaded from ./Data/1000Genomes/HDF5/1240kHDF5/all1240/chr10.hdf5
3 Eigenstrat Files with 5081 Individuals and 1233013 SNPs

Intersection on Positions: 58804
Nr of Matching Refs: 58804 / 58804
Full Intersection Ref/Alt Identical: 58763 / 58804
2504 / 2504 Individuals included in Reference
Extraction of 5008 Haplotypes complete
Reduced to markers called 31460 / 58763
(Fraction SNP: 0.5353708966526556)
Successfully saved to: ./Empirical/Eigenstrat/Reichall/RISE94.SG/chr10/
Successfully loaded Data from: ./Empirical/Eigenstrat/Reichall/RISE94.SG/chr10/
Loaded Emission Model: haploid
Loaded Transition Model: model
Loaded Post Processing Model: Standard
Minimum Genetic Map: 0.0001
Maximum Genetic Map: 1.8092
Gaps bigger than 0.1 cM: 247
Maximum Gap: 2.0340 cM
Loaded Transition and Emission Matrix:
(3, 3)
(5009, 31460)
Loaded Observations:
(2, 31460)
Memory Usage: 1653.469184 mB
Reference Number: 5008
Total Log likelihood: -11362.046
Memory Usage: 1653.469184 mB
Finished Calculation State Posteriors
Saved Zero State Posterior to ./Empirical/Eigenstrat/Reichall/RISE94.SG/chr10/.
Successfully loaded for PP. from ./Empirical/Eigenstrat/Reichall/RISE94.SG/chr10/
Fraction Markers in ROH: 0.3923
Merged n=0 gaps < 0.0 M
Called n=7 ROH Blocks > 1.0 cM
Longest Block: 5.705
Successfully saved to ./Empirical/Eigenstrat/Reichall/RISE94.SG/chr10/roh.csv
Using Low-Mem Cython Linear Speed Up.
Loaded Pre Processing Model: Eigenstrat
Loading Individual: RISE94.SG

Loaded 54833 variants
Loaded 2504 individuals
HDF5 loaded from ./Data/1000Genomes/HDF5/1240kHDF5/all1240/chr11.hdf5
3 Eigenstrat Files with 5081 Individuals and 1233013 SNPs

Intersection on Positions: 54833
Nr of Matching Refs: 54833 / 54833
Full Intersection Ref/Alt Identical: 54796 / 54833
2504 / 2504 Individuals included in Reference
Extraction of 5008 Haplotypes complete
Reduced to markers called 28903 / 54796
(Fraction SNP: 0.5274655084312724)
Successfully saved to: ./Empirical/Eigenstrat/Reichall/RISE94.SG/chr11/
Successfully loaded Data from: ./Empirical/Eigenstrat/Reichall/RISE94.SG/chr11/
Loaded Emission Model: haploid
Loaded Transition Model: model
Loaded Post Processing Model: Standard
Minimum Genetic Map: 0.0000
Maximum Genetic Map: 1.5822
Gaps bigger than 0.1 cM: 225
Maximum Gap: 0.5373 cM
Loaded Transition and Emission Matrix:
(3, 3)
(5009, 28903)
Loaded Observations:
(2, 28903)
Memory Usage: 1538.011136 mB
Reference Number: 5008
Total Log likelihood: -10240.182
Memory Usage: 1538.011136 mB
Finished Calculation State Posteriors
Saved Zero State Posterior to ./Empirical/Eigenstrat/Reichall/RISE94.SG/chr11/.
Successfully loaded for PP. from ./Empirical/Eigenstrat/Reichall/RISE94.SG/chr11/
Fraction Markers in ROH: 0.4302
Merged n=0 gaps < 0.0 M
Called n=7 ROH Blocks > 1.0 cM
Longest Block: 2.774
Successfully saved to ./Empirical/Eigenstrat/Reichall/RISE94.SG/chr11/roh.csv
Using Low-Mem Cython Linear Speed Up.
Loaded Pre Processing Model: Eigenstrat
Loading Individual: RISE94.SG

Loaded 53911 variants
Loaded 2504 individuals
HDF5 loaded from ./Data/1000Genomes/HDF5/1240kHDF5/all1240/chr12.hdf5
3 Eigenstrat Files with 5081 Individuals and 1233013 SNPs

Intersection on Positions: 53911
Nr of Matching Refs: 53911 / 53911
Full Intersection Ref/Alt Identical: 53884 / 53911
2504 / 2504 Individuals included in Reference
Extraction of 5008 Haplotypes complete
Reduced to markers called 27492 / 53884
(Fraction SNP: 0.5102071115730087)
Successfully saved to: ./Empirical/Eigenstrat/Reichall/RISE94.SG/chr12/
Successfully loaded Data from: ./Empirical/Eigenstrat/Reichall/RISE94.SG/chr12/
Loaded Emission Model: haploid
Loaded Transition Model: model
Loaded Post Processing Model: Standard
Minimum Genetic Map: 0.0017
Maximum Genetic Map: 1.7468
Gaps bigger than 0.1 cM: 270
Maximum Gap: 0.8015 cM
Loaded Transition and Emission Matrix:
(3, 3)
(5009, 27492)
Loaded Observations:
(2, 27492)
Memory Usage: 1473.67936 mB
Reference Number: 5008
Total Log likelihood: -10063.578
Memory Usage: 1473.67936 mB
Finished Calculation State Posteriors
Saved Zero State Posterior to ./Empirical/Eigenstrat/Reichall/RISE94.SG/chr12/.
Successfully loaded for PP. from ./Empirical/Eigenstrat/Reichall/RISE94.SG/chr12/
Fraction Markers in ROH: 0.3654
Merged n=0 gaps < 0.0 M
Called n=5 ROH Blocks > 1.0 cM
Longest Block: 1.768
Successfully saved to ./Empirical/Eigenstrat/Reichall/RISE94.SG/chr12/roh.csv
Using Low-Mem Cython Linear Speed Up.
Loaded Pre Processing Model: Eigenstrat
Loading Individual: RISE94.SG

Loaded 39018 variants
Loaded 2504 individuals
HDF5 loaded from ./Data/1000Genomes/HDF5/1240kHDF5/all1240/chr13.hdf5
3 Eigenstrat Files with 5081 Individuals and 1233013 SNPs

Intersection on Positions: 39018
Nr of Matching Refs: 39018 / 39018
Full Intersection Ref/Alt Identical: 38994 / 39018
2504 / 2504 Individuals included in Reference
Extraction of 5008 Haplotypes complete
Reduced to markers called 18155 / 38994
(Fraction SNP: 0.46558444888957273)
Successfully saved to: ./Empirical/Eigenstrat/Reichall/RISE94.SG/chr13/
Successfully loaded Data from: ./Empirical/Eigenstrat/Reichall/RISE94.SG/chr13/
Loaded Emission Model: haploid
Loaded Transition Model: model
Loaded Post Processing Model: Standard
Minimum Genetic Map: 0.0021
Maximum Genetic Map: 1.2570
Gaps bigger than 0.1 cM: 212
Maximum Gap: 1.2216 cM
Loaded Transition and Emission Matrix:
(3, 3)
(5009, 18155)
Loaded Observations:
(2, 18155)
Memory Usage: 1053.704192 mB
Reference Number: 5008
Total Log likelihood: -6829.523
Memory Usage: 1053.704192 mB
Finished Calculation State Posteriors
Saved Zero State Posterior to ./Empirical/Eigenstrat/Reichall/RISE94.SG/chr13/.
Successfully loaded for PP. from ./Empirical/Eigenstrat/Reichall/RISE94.SG/chr13/
Fraction Markers in ROH: 0.3493
Merged n=0 gaps < 0.0 M
Called n=4 ROH Blocks > 1.0 cM
Longest Block: 1.454
Successfully saved to ./Empirical/Eigenstrat/Reichall/RISE94.SG/chr13/roh.csv
Using Low-Mem Cython Linear Speed Up.
Loaded Pre Processing Model: Eigenstrat
Loading Individual: RISE94.SG

Loaded 36301 variants
Loaded 2504 individuals
HDF5 loaded from ./Data/1000Genomes/HDF5/1240kHDF5/all1240/chr14.hdf5
3 Eigenstrat Files with 5081 Individuals and 1233013 SNPs

Intersection on Positions: 36301
Nr of Matching Refs: 36301 / 36301
Full Intersection Ref/Alt Identical: 36280 / 36301
2504 / 2504 Individuals included in Reference
Extraction of 5008 Haplotypes complete
Reduced to markers called 18580 / 36280
(Fraction SNP: 0.5121278941565601)
Successfully saved to: ./Empirical/Eigenstrat/Reichall/RISE94.SG/chr14/
Successfully loaded Data from: ./Empirical/Eigenstrat/Reichall/RISE94.SG/chr14/
Loaded Emission Model: haploid
Loaded Transition Model: model
Loaded Post Processing Model: Standard
Minimum Genetic Map: 0.0161
Maximum Genetic Map: 1.2019
Gaps bigger than 0.1 cM: 179
Maximum Gap: 3.1346 cM
Loaded Transition and Emission Matrix:
(3, 3)
(5009, 18580)
Loaded Observations:
(2, 18580)
Memory Usage: 1072.451584 mB
Reference Number: 5008
Total Log likelihood: -6741.624
Memory Usage: 1072.451584 mB
Finished Calculation State Posteriors
Saved Zero State Posterior to ./Empirical/Eigenstrat/Reichall/RISE94.SG/chr14/.
Successfully loaded for PP. from ./Empirical/Eigenstrat/Reichall/RISE94.SG/chr14/
Fraction Markers in ROH: 0.4199
Merged n=0 gaps < 0.0 M
Called n=7 ROH Blocks > 1.0 cM
Longest Block: 1.928
Successfully saved to ./Empirical/Eigenstrat/Reichall/RISE94.SG/chr14/roh.csv
Using Low-Mem Cython Linear Speed Up.
Loaded Pre Processing Model: Eigenstrat
Loading Individual: RISE94.SG

Loaded 34429 variants
Loaded 2504 individuals
HDF5 loaded from ./Data/1000Genomes/HDF5/1240kHDF5/all1240/chr15.hdf5
3 Eigenstrat Files with 5081 Individuals and 1233013 SNPs

Intersection on Positions: 34429
Nr of Matching Refs: 34429 / 34429
Full Intersection Ref/Alt Identical: 34407 / 34429
2504 / 2504 Individuals included in Reference
Extraction of 5008 Haplotypes complete
Reduced to markers called 18728 / 34407
(Fraction SNP: 0.5443078443340018)
Successfully saved to: ./Empirical/Eigenstrat/Reichall/RISE94.SG/chr15/
Successfully loaded Data from: ./Empirical/Eigenstrat/Reichall/RISE94.SG/chr15/
Loaded Emission Model: haploid
Loaded Transition Model: model
Loaded Post Processing Model: Standard
Minimum Genetic Map: 0.0000
Maximum Genetic Map: 1.4134
Gaps bigger than 0.1 cM: 194
Maximum Gap: 13.8903 cM
Loaded Transition and Emission Matrix:
(3, 3)
(5009, 18728)
Loaded Observations:
(2, 18728)
Memory Usage: 1080.008704 mB
Reference Number: 5008
Total Log likelihood: -6842.562
Memory Usage: 1080.008704 mB
Finished Calculation State Posteriors
Saved Zero State Posterior to ./Empirical/Eigenstrat/Reichall/RISE94.SG/chr15/.
Successfully loaded for PP. from ./Empirical/Eigenstrat/Reichall/RISE94.SG/chr15/
Fraction Markers in ROH: 0.3896
Merged n=0 gaps < 0.0 M
Called n=5 ROH Blocks > 1.0 cM
Longest Block: 14.238
Successfully saved to ./Empirical/Eigenstrat/Reichall/RISE94.SG/chr15/roh.csv
Using Low-Mem Cython Linear Speed Up.
Loaded Pre Processing Model: Eigenstrat
Loading Individual: RISE94.SG

Loaded 34402 variants
Loaded 2504 individuals
HDF5 loaded from ./Data/1000Genomes/HDF5/1240kHDF5/all1240/chr16.hdf5
3 Eigenstrat Files with 5081 Individuals and 1233013 SNPs

Intersection on Positions: 34402
Nr of Matching Refs: 34402 / 34402
Full Intersection Ref/Alt Identical: 34375 / 34402
2504 / 2504 Individuals included in Reference
Extraction of 5008 Haplotypes complete
Reduced to markers called 20240 / 34375
(Fraction SNP: 0.5888)
Successfully saved to: ./Empirical/Eigenstrat/Reichall/RISE94.SG/chr16/
Successfully loaded Data from: ./Empirical/Eigenstrat/Reichall/RISE94.SG/chr16/
Loaded Emission Model: haploid
Loaded Transition Model: model
Loaded Post Processing Model: Standard
Minimum Genetic Map: -0.0000
Maximum Genetic Map: 1.3403
Gaps bigger than 0.1 cM: 195
Maximum Gap: 0.8458 cM
Loaded Transition and Emission Matrix:
(3, 3)
(5009, 20240)
Loaded Observations:
(2, 20240)
Memory Usage: 1148.235776 mB
Reference Number: 5008
Total Log likelihood: -7327.491
Memory Usage: 1148.235776 mB
Finished Calculation State Posteriors
Saved Zero State Posterior to ./Empirical/Eigenstrat/Reichall/RISE94.SG/chr16/.
Successfully loaded for PP. from ./Empirical/Eigenstrat/Reichall/RISE94.SG/chr16/
Fraction Markers in ROH: 0.3972
Merged n=0 gaps < 0.0 M
Called n=5 ROH Blocks > 1.0 cM
Longest Block: 2.434
Successfully saved to ./Empirical/Eigenstrat/Reichall/RISE94.SG/chr16/roh.csv
Using Low-Mem Cython Linear Speed Up.
Loaded Pre Processing Model: Eigenstrat
Loading Individual: RISE94.SG

Loaded 29314 variants
Loaded 2504 individuals
HDF5 loaded from ./Data/1000Genomes/HDF5/1240kHDF5/all1240/chr17.hdf5
3 Eigenstrat Files with 5081 Individuals and 1233013 SNPs

Intersection on Positions: 29314
Nr of Matching Refs: 29314 / 29314
Full Intersection Ref/Alt Identical: 29292 / 29314
2504 / 2504 Individuals included in Reference
Extraction of 5008 Haplotypes complete
Reduced to markers called 18036 / 29292
(Fraction SNP: 0.6157312576812781)
Successfully saved to: ./Empirical/Eigenstrat/Reichall/RISE94.SG/chr17/
Successfully loaded Data from: ./Empirical/Eigenstrat/Reichall/RISE94.SG/chr17/
Loaded Emission Model: haploid
Loaded Transition Model: model
Loaded Post Processing Model: Standard
Minimum Genetic Map: -0.0003
Maximum Genetic Map: 1.2847
Gaps bigger than 0.1 cM: 173
Maximum Gap: 1.2341 cM
Loaded Transition and Emission Matrix:
(3, 3)
(5009, 18036)
Loaded Observations:
(2, 18036)
Memory Usage: 1048.633344 mB
Reference Number: 5008
Total Log likelihood: -6848.337
Memory Usage: 1048.633344 mB
Finished Calculation State Posteriors
Saved Zero State Posterior to ./Empirical/Eigenstrat/Reichall/RISE94.SG/chr17/.
Successfully loaded for PP. from ./Empirical/Eigenstrat/Reichall/RISE94.SG/chr17/
Fraction Markers in ROH: 0.3616
Merged n=0 gaps < 0.0 M
Called n=10 ROH Blocks > 1.0 cM
Longest Block: 1.871
Successfully saved to ./Empirical/Eigenstrat/Reichall/RISE94.SG/chr17/roh.csv
Using Low-Mem Cython Linear Speed Up.
Loaded Pre Processing Model: Eigenstrat
Loading Individual: RISE94.SG

Loaded 33917 variants
Loaded 2504 individuals
HDF5 loaded from ./Data/1000Genomes/HDF5/1240kHDF5/all1240/chr18.hdf5
3 Eigenstrat Files with 5081 Individuals and 1233013 SNPs

Intersection on Positions: 33917
Nr of Matching Refs: 33917 / 33917
Full Intersection Ref/Alt Identical: 33902 / 33917
2504 / 2504 Individuals included in Reference
Extraction of 5008 Haplotypes complete
Reduced to markers called 17017 / 33902
(Fraction SNP: 0.5019467878001298)
Successfully saved to: ./Empirical/Eigenstrat/Reichall/RISE94.SG/chr18/
Successfully loaded Data from: ./Empirical/Eigenstrat/Reichall/RISE94.SG/chr18/
Loaded Emission Model: haploid
Loaded Transition Model: model
Loaded Post Processing Model: Standard
Minimum Genetic Map: 0.0025
Maximum Genetic Map: 1.1771
Gaps bigger than 0.1 cM: 185
Maximum Gap: 0.5044 cM
Loaded Transition and Emission Matrix:
(3, 3)
(5009, 17017)
Loaded Observations:
(2, 17017)
Memory Usage: 1002.217472 mB
Reference Number: 5008
Total Log likelihood: -6043.436
Memory Usage: 1002.217472 mB
Finished Calculation State Posteriors
Saved Zero State Posterior to ./Empirical/Eigenstrat/Reichall/RISE94.SG/chr18/.
Successfully loaded for PP. from ./Empirical/Eigenstrat/Reichall/RISE94.SG/chr18/
Fraction Markers in ROH: 0.3935
Merged n=0 gaps < 0.0 M
Called n=8 ROH Blocks > 1.0 cM
Longest Block: 1.954
Successfully saved to ./Empirical/Eigenstrat/Reichall/RISE94.SG/chr18/roh.csv
Using Low-Mem Cython Linear Speed Up.
Loaded Pre Processing Model: Eigenstrat
Loading Individual: RISE94.SG

Loaded 18460 variants
Loaded 2504 individuals
HDF5 loaded from ./Data/1000Genomes/HDF5/1240kHDF5/all1240/chr19.hdf5
3 Eigenstrat Files with 5081 Individuals and 1233013 SNPs

Intersection on Positions: 18460
Nr of Matching Refs: 18460 / 18460
Full Intersection Ref/Alt Identical: 18441 / 18460
2504 / 2504 Individuals included in Reference
Extraction of 5008 Haplotypes complete
Reduced to markers called 12205 / 18441
(Fraction SNP: 0.6618404641830703)
Successfully saved to: ./Empirical/Eigenstrat/Reichall/RISE94.SG/chr19/
Successfully loaded Data from: ./Empirical/Eigenstrat/Reichall/RISE94.SG/chr19/
Loaded Emission Model: haploid
Loaded Transition Model: model
Loaded Post Processing Model: Standard
Minimum Genetic Map: 0.0000
Maximum Genetic Map: 1.0773
Gaps bigger than 0.1 cM: 192
Maximum Gap: 0.5964 cM
Loaded Transition and Emission Matrix:
(3, 3)
(5009, 12205)
Loaded Observations:
(2, 12205)
Memory Usage: 785.154048 mB
Reference Number: 5008
Total Log likelihood: -4714.774
Memory Usage: 785.154048 mB
Finished Calculation State Posteriors
Saved Zero State Posterior to ./Empirical/Eigenstrat/Reichall/RISE94.SG/chr19/.
Successfully loaded for PP. from ./Empirical/Eigenstrat/Reichall/RISE94.SG/chr19/
Fraction Markers in ROH: 0.3715
Merged n=0 gaps < 0.0 M
Called n=8 ROH Blocks > 1.0 cM
Longest Block: 1.530
Successfully saved to ./Empirical/Eigenstrat/Reichall/RISE94.SG/chr19/roh.csv
Using Low-Mem Cython Linear Speed Up.
Loaded Pre Processing Model: Eigenstrat
Loading Individual: RISE94.SG

Loaded 29078 variants
Loaded 2504 individuals
HDF5 loaded from ./Data/1000Genomes/HDF5/1240kHDF5/all1240/chr20.hdf5
3 Eigenstrat Files with 5081 Individuals and 1233013 SNPs

Intersection on Positions: 29078
Nr of Matching Refs: 29078 / 29078
Full Intersection Ref/Alt Identical: 29053 / 29078
2504 / 2504 Individuals included in Reference
Extraction of 5008 Haplotypes complete
Reduced to markers called 17059 / 29053
(Fraction SNP: 0.5871682786631329)
Successfully saved to: ./Empirical/Eigenstrat/Reichall/RISE94.SG/chr20/
Successfully loaded Data from: ./Empirical/Eigenstrat/Reichall/RISE94.SG/chr20/
Loaded Emission Model: haploid
Loaded Transition Model: model
Loaded Post Processing Model: Standard
Minimum Genetic Map: 0.0000
Maximum Genetic Map: 1.0821
Gaps bigger than 0.1 cM: 173
Maximum Gap: 0.5884 cM
Loaded Transition and Emission Matrix:
(3, 3)
(5009, 17059)
Loaded Observations:
(2, 17059)
Memory Usage: 1004.50304 mB
Reference Number: 5008
Total Log likelihood: -6422.985
Memory Usage: 1004.50304 mB
Finished Calculation State Posteriors
Saved Zero State Posterior to ./Empirical/Eigenstrat/Reichall/RISE94.SG/chr20/.
Successfully loaded for PP. from ./Empirical/Eigenstrat/Reichall/RISE94.SG/chr20/
Fraction Markers in ROH: 0.3008
Merged n=0 gaps < 0.0 M
Called n=5 ROH Blocks > 1.0 cM
Longest Block: 1.198
Successfully saved to ./Empirical/Eigenstrat/Reichall/RISE94.SG/chr20/roh.csv
Using Low-Mem Cython Linear Speed Up.
Loaded Pre Processing Model: Eigenstrat
Loading Individual: RISE94.SG

Loaded 16038 variants
Loaded 2504 individuals
HDF5 loaded from ./Data/1000Genomes/HDF5/1240kHDF5/all1240/chr21.hdf5
3 Eigenstrat Files with 5081 Individuals and 1233013 SNPs

Intersection on Positions: 16038
Nr of Matching Refs: 16038 / 16038
Full Intersection Ref/Alt Identical: 16031 / 16038
2504 / 2504 Individuals included in Reference
Extraction of 5008 Haplotypes complete
Reduced to markers called 8347 / 16031
(Fraction SNP: 0.5206786850477201)
Successfully saved to: ./Empirical/Eigenstrat/Reichall/RISE94.SG/chr21/
Successfully loaded Data from: ./Empirical/Eigenstrat/Reichall/RISE94.SG/chr21/
Loaded Emission Model: haploid
Loaded Transition Model: model
Loaded Post Processing Model: Standard
Minimum Genetic Map: -0.0085
Maximum Genetic Map: 0.6279
Gaps bigger than 0.1 cM: 116
Maximum Gap: 1.7444 cM
Loaded Transition and Emission Matrix:
(3, 3)
(5009, 8347)
Loaded Observations:
(2, 8347)
Memory Usage: 611.815424 mB
Reference Number: 5008
Total Log likelihood: -3035.542
Memory Usage: 611.815424 mB
Finished Calculation State Posteriors
Saved Zero State Posterior to ./Empirical/Eigenstrat/Reichall/RISE94.SG/chr21/.
Successfully loaded for PP. from ./Empirical/Eigenstrat/Reichall/RISE94.SG/chr21/
Fraction Markers in ROH: 0.4325
Merged n=0 gaps < 0.0 M
Called n=3 ROH Blocks > 1.0 cM
Longest Block: 1.674
Successfully saved to ./Empirical/Eigenstrat/Reichall/RISE94.SG/chr21/roh.csv
Using Low-Mem Cython Linear Speed Up.
Loaded Pre Processing Model: Eigenstrat
Loading Individual: RISE94.SG

Loaded 15802 variants
Loaded 2504 individuals
HDF5 loaded from ./Data/1000Genomes/HDF5/1240kHDF5/all1240/chr22.hdf5
3 Eigenstrat Files with 5081 Individuals and 1233013 SNPs

Intersection on Positions: 15802
Nr of Matching Refs: 15802 / 15802
Full Intersection Ref/Alt Identical: 15793 / 15802
2504 / 2504 Individuals included in Reference
Extraction of 5008 Haplotypes complete
Reduced to markers called 10618 / 15793
(Fraction SNP: 0.6723231811562085)
Successfully saved to: ./Empirical/Eigenstrat/Reichall/RISE94.SG/chr22/
Successfully loaded Data from: ./Empirical/Eigenstrat/Reichall/RISE94.SG/chr22/
Loaded Emission Model: haploid
Loaded Transition Model: model
Loaded Post Processing Model: Standard
Minimum Genetic Map: 0.0171
Maximum Genetic Map: 0.7408
Gaps bigger than 0.1 cM: 112
Maximum Gap: 1.6097 cM
Loaded Transition and Emission Matrix:
(3, 3)
(5009, 10618)
Loaded Observations:
(2, 10618)
Memory Usage: 719.1552 mB
Reference Number: 5008
Total Log likelihood: -3611.804
Memory Usage: 718.901248 mB
Finished Calculation State Posteriors
Saved Zero State Posterior to ./Empirical/Eigenstrat/Reichall/RISE94.SG/chr22/.
Successfully loaded for PP. from ./Empirical/Eigenstrat/Reichall/RISE94.SG/chr22/
Fraction Markers in ROH: 0.4712
Merged n=0 gaps < 0.0 M
Called n=3 ROH Blocks > 1.0 cM
Longest Block: 3.342
Successfully saved to ./Empirical/Eigenstrat/Reichall/RISE94.SG/chr22/roh.csv
