Loaded 2106 / 5081 ancient Indivdiuals Anno File.
Doing Individual rath3.SG...
Using Low-Mem Cython Linear Speed Up.
Loaded Pre Processing Model: Eigenstrat
Loading Individual: rath3.SG

Loaded 89147 variants
Loaded 2504 individuals
HDF5 loaded from ./Data/1000Genomes/HDF5/1240kHDF5/all1240/chr1.hdf5
3 Eigenstrat Files with 5081 Individuals and 1233013 SNPs

Intersection on Positions: 89147
Nr of Matching Refs: 89147 / 89147
Full Intersection Ref/Alt Identical: 89082 / 89147
2504 / 2504 Individuals included in Reference
Extraction of 5008 Haplotypes complete
Reduced to markers called 51304 / 89082
(Fraction SNP: 0.575918816371433)
Successfully saved to: ./Empirical/Eigenstrat/Reichall/rath3.SG/chr1/
Successfully loaded Data from: ./Empirical/Eigenstrat/Reichall/rath3.SG/chr1/
Loaded Emission Model: haploid
Loaded Transition Model: model
Loaded Post Processing Model: Standard
Minimum Genetic Map: 0.0221
Maximum Genetic Map: 2.8627
Gaps bigger than 0.1 cM: 394
Maximum Gap: 2.9229 cM
Loaded Transition and Emission Matrix:
(3, 3)
(5009, 51304)
Loaded Observations:
(2, 51304)
Memory Usage: 2507.239424 mB
Reference Number: 5008
Total Log likelihood: -18493.446
Memory Usage: 2507.702272 mB
Finished Calculation State Posteriors
Saved Zero State Posterior to ./Empirical/Eigenstrat/Reichall/rath3.SG/chr1/.
Successfully loaded for PP. from ./Empirical/Eigenstrat/Reichall/rath3.SG/chr1/
Fraction Markers in ROH: 0.3987
Merged n=0 gaps < 0.0 M
Called n=15 ROH Blocks > 1.0 cM
Longest Block: 4.934
Successfully saved to ./Empirical/Eigenstrat/Reichall/rath3.SG/chr1/roh.csv
Using Low-Mem Cython Linear Speed Up.
Loaded Pre Processing Model: Eigenstrat
Loading Individual: rath3.SG

Loaded 94239 variants
Loaded 2504 individuals
HDF5 loaded from ./Data/1000Genomes/HDF5/1240kHDF5/all1240/chr2.hdf5
3 Eigenstrat Files with 5081 Individuals and 1233013 SNPs

Intersection on Positions: 94239
Nr of Matching Refs: 94239 / 94239
Full Intersection Ref/Alt Identical: 94173 / 94239
2504 / 2504 Individuals included in Reference
Extraction of 5008 Haplotypes complete
Reduced to markers called 54235 / 94173
(Fraction SNP: 0.5759081690081022)
Successfully saved to: ./Empirical/Eigenstrat/Reichall/rath3.SG/chr2/
Successfully loaded Data from: ./Empirical/Eigenstrat/Reichall/rath3.SG/chr2/
Loaded Emission Model: haploid
Loaded Transition Model: model
Loaded Post Processing Model: Standard
Minimum Genetic Map: 0.0002
Maximum Genetic Map: 2.6883
Gaps bigger than 0.1 cM: 368
Maximum Gap: 2.1081 cM
Loaded Transition and Emission Matrix:
(3, 3)
(5009, 54235)
Loaded Observations:
(2, 54235)
Memory Usage: 2678.505472 mB
Reference Number: 5008
Total Log likelihood: -19438.757
Memory Usage: 2678.505472 mB
Finished Calculation State Posteriors
Saved Zero State Posterior to ./Empirical/Eigenstrat/Reichall/rath3.SG/chr2/.
Successfully loaded for PP. from ./Empirical/Eigenstrat/Reichall/rath3.SG/chr2/
Fraction Markers in ROH: 0.4428
Merged n=0 gaps < 0.0 M
Called n=16 ROH Blocks > 1.0 cM
Longest Block: 1.854
Successfully saved to ./Empirical/Eigenstrat/Reichall/rath3.SG/chr2/roh.csv
Using Low-Mem Cython Linear Speed Up.
Loaded Pre Processing Model: Eigenstrat
Loading Individual: rath3.SG

Loaded 77652 variants
Loaded 2504 individuals
HDF5 loaded from ./Data/1000Genomes/HDF5/1240kHDF5/all1240/chr3.hdf5
3 Eigenstrat Files with 5081 Individuals and 1233013 SNPs

Intersection on Positions: 77652
Nr of Matching Refs: 77652 / 77652
Full Intersection Ref/Alt Identical: 77601 / 77652
2504 / 2504 Individuals included in Reference
Extraction of 5008 Haplotypes complete
Reduced to markers called 44548 / 77601
(Fraction SNP: 0.5740647672066082)
Successfully saved to: ./Empirical/Eigenstrat/Reichall/rath3.SG/chr3/
Successfully loaded Data from: ./Empirical/Eigenstrat/Reichall/rath3.SG/chr3/
Loaded Emission Model: haploid
Loaded Transition Model: model
Loaded Post Processing Model: Standard
Minimum Genetic Map: 0.0001
Maximum Genetic Map: 2.2325
Gaps bigger than 0.1 cM: 322
Maximum Gap: 0.4091 cM
Loaded Transition and Emission Matrix:
(3, 3)
(5009, 44548)
Loaded Observations:
(2, 44548)
Memory Usage: 2242.400256 mB
Reference Number: 5008
Total Log likelihood: -16394.599
Memory Usage: 2242.400256 mB
Finished Calculation State Posteriors
Saved Zero State Posterior to ./Empirical/Eigenstrat/Reichall/rath3.SG/chr3/.
Successfully loaded for PP. from ./Empirical/Eigenstrat/Reichall/rath3.SG/chr3/
Fraction Markers in ROH: 0.4405
Merged n=0 gaps < 0.0 M
Called n=15 ROH Blocks > 1.0 cM
Longest Block: 2.467
Successfully saved to ./Empirical/Eigenstrat/Reichall/rath3.SG/chr3/roh.csv
Using Low-Mem Cython Linear Speed Up.
Loaded Pre Processing Model: Eigenstrat
Loading Individual: rath3.SG

Loaded 68759 variants
Loaded 2504 individuals
HDF5 loaded from ./Data/1000Genomes/HDF5/1240kHDF5/all1240/chr4.hdf5
3 Eigenstrat Files with 5081 Individuals and 1233013 SNPs

Intersection on Positions: 68759
Nr of Matching Refs: 68759 / 68759
Full Intersection Ref/Alt Identical: 68720 / 68759
2504 / 2504 Individuals included in Reference
Extraction of 5008 Haplotypes complete
Reduced to markers called 39356 / 68720
(Fraction SNP: 0.5727008149010477)
Successfully saved to: ./Empirical/Eigenstrat/Reichall/rath3.SG/chr4/
Successfully loaded Data from: ./Empirical/Eigenstrat/Reichall/rath3.SG/chr4/
Loaded Emission Model: haploid
Loaded Transition Model: model
Loaded Post Processing Model: Standard
Minimum Genetic Map: 0.0034
Maximum Genetic Map: 2.1454
Gaps bigger than 0.1 cM: 307
Maximum Gap: 2.0422 cM
Loaded Transition and Emission Matrix:
(3, 3)
(5009, 39356)
Loaded Observations:
(2, 39356)
Memory Usage: 2008.756224 mB
Reference Number: 5008
Total Log likelihood: -14312.720
Memory Usage: 2008.73984 mB
Finished Calculation State Posteriors
Saved Zero State Posterior to ./Empirical/Eigenstrat/Reichall/rath3.SG/chr4/.
Successfully loaded for PP. from ./Empirical/Eigenstrat/Reichall/rath3.SG/chr4/
Fraction Markers in ROH: 0.4059
Merged n=0 gaps < 0.0 M
Called n=12 ROH Blocks > 1.0 cM
Longest Block: 3.619
Successfully saved to ./Empirical/Eigenstrat/Reichall/rath3.SG/chr4/roh.csv
Using Low-Mem Cython Linear Speed Up.
Loaded Pre Processing Model: Eigenstrat
Loading Individual: rath3.SG

Loaded 69399 variants
Loaded 2504 individuals
HDF5 loaded from ./Data/1000Genomes/HDF5/1240kHDF5/all1240/chr5.hdf5
3 Eigenstrat Files with 5081 Individuals and 1233013 SNPs

Intersection on Positions: 69399
Nr of Matching Refs: 69399 / 69399
Full Intersection Ref/Alt Identical: 69354 / 69399
2504 / 2504 Individuals included in Reference
Extraction of 5008 Haplotypes complete
Reduced to markers called 39723 / 69354
(Fraction SNP: 0.5727571589237823)
Successfully saved to: ./Empirical/Eigenstrat/Reichall/rath3.SG/chr5/
Successfully loaded Data from: ./Empirical/Eigenstrat/Reichall/rath3.SG/chr5/
Loaded Emission Model: haploid
Loaded Transition Model: model
Loaded Post Processing Model: Standard
Minimum Genetic Map: 0.0004
Maximum Genetic Map: 2.0409
Gaps bigger than 0.1 cM: 307
Maximum Gap: 1.2756 cM
Loaded Transition and Emission Matrix:
(3, 3)
(5009, 39723)
Loaded Observations:
(2, 39723)
Memory Usage: 2025.467904 mB
Reference Number: 5008
Total Log likelihood: -14762.793
Memory Usage: 2025.467904 mB
Finished Calculation State Posteriors
Saved Zero State Posterior to ./Empirical/Eigenstrat/Reichall/rath3.SG/chr5/.
Successfully loaded for PP. from ./Empirical/Eigenstrat/Reichall/rath3.SG/chr5/
Fraction Markers in ROH: 0.3683
Merged n=0 gaps < 0.0 M
Called n=6 ROH Blocks > 1.0 cM
Longest Block: 1.634
Successfully saved to ./Empirical/Eigenstrat/Reichall/rath3.SG/chr5/roh.csv
Using Low-Mem Cython Linear Speed Up.
Loaded Pre Processing Model: Eigenstrat
Loading Individual: rath3.SG

Loaded 75870 variants
Loaded 2504 individuals
HDF5 loaded from ./Data/1000Genomes/HDF5/1240kHDF5/all1240/chr6.hdf5
3 Eigenstrat Files with 5081 Individuals and 1233013 SNPs

Intersection on Positions: 75870
Nr of Matching Refs: 75870 / 75870
Full Intersection Ref/Alt Identical: 75816 / 75870
2504 / 2504 Individuals included in Reference
Extraction of 5008 Haplotypes complete
Reduced to markers called 43496 / 75816
(Fraction SNP: 0.5737047588899441)
Successfully saved to: ./Empirical/Eigenstrat/Reichall/rath3.SG/chr6/
Successfully loaded Data from: ./Empirical/Eigenstrat/Reichall/rath3.SG/chr6/
Loaded Emission Model: haploid
Loaded Transition Model: model
Loaded Post Processing Model: Standard
Minimum Genetic Map: 0.0035
Maximum Genetic Map: 1.9203
Gaps bigger than 0.1 cM: 252
Maximum Gap: 0.5062 cM
Loaded Transition and Emission Matrix:
(3, 3)
(5009, 43496)
Loaded Observations:
(2, 43496)
Memory Usage: 2195.705856 mB
Reference Number: 5008
Total Log likelihood: -16463.096
Memory Usage: 2195.705856 mB
Finished Calculation State Posteriors
Saved Zero State Posterior to ./Empirical/Eigenstrat/Reichall/rath3.SG/chr6/.
Successfully loaded for PP. from ./Empirical/Eigenstrat/Reichall/rath3.SG/chr6/
Fraction Markers in ROH: 0.3798
Merged n=0 gaps < 0.0 M
Called n=5 ROH Blocks > 1.0 cM
Longest Block: 3.615
Successfully saved to ./Empirical/Eigenstrat/Reichall/rath3.SG/chr6/roh.csv
Using Low-Mem Cython Linear Speed Up.
Loaded Pre Processing Model: Eigenstrat
Loading Individual: rath3.SG

Loaded 59890 variants
Loaded 2504 individuals
HDF5 loaded from ./Data/1000Genomes/HDF5/1240kHDF5/all1240/chr7.hdf5
3 Eigenstrat Files with 5081 Individuals and 1233013 SNPs

Intersection on Positions: 59890
Nr of Matching Refs: 59890 / 59890
Full Intersection Ref/Alt Identical: 59836 / 59890
2504 / 2504 Individuals included in Reference
Extraction of 5008 Haplotypes complete
Reduced to markers called 34300 / 59836
(Fraction SNP: 0.5732335049134301)
Successfully saved to: ./Empirical/Eigenstrat/Reichall/rath3.SG/chr7/
Successfully loaded Data from: ./Empirical/Eigenstrat/Reichall/rath3.SG/chr7/
Loaded Emission Model: haploid
Loaded Transition Model: model
Loaded Post Processing Model: Standard
Minimum Genetic Map: 0.0001
Maximum Genetic Map: 1.8715
Gaps bigger than 0.1 cM: 282
Maximum Gap: 0.9855 cM
Loaded Transition and Emission Matrix:
(3, 3)
(5009, 34300)
Loaded Observations:
(2, 34300)
Memory Usage: 1781.690368 mB
Reference Number: 5008
Total Log likelihood: -13089.203
Memory Usage: 1781.690368 mB
Finished Calculation State Posteriors
Saved Zero State Posterior to ./Empirical/Eigenstrat/Reichall/rath3.SG/chr7/.
Successfully loaded for PP. from ./Empirical/Eigenstrat/Reichall/rath3.SG/chr7/
Fraction Markers in ROH: 0.3615
Merged n=0 gaps < 0.0 M
Called n=9 ROH Blocks > 1.0 cM
Longest Block: 2.228
Successfully saved to ./Empirical/Eigenstrat/Reichall/rath3.SG/chr7/roh.csv
Using Low-Mem Cython Linear Speed Up.
Loaded Pre Processing Model: Eigenstrat
Loading Individual: rath3.SG

Loaded 61133 variants
Loaded 2504 individuals
HDF5 loaded from ./Data/1000Genomes/HDF5/1240kHDF5/all1240/chr8.hdf5
3 Eigenstrat Files with 5081 Individuals and 1233013 SNPs

Intersection on Positions: 61133
Nr of Matching Refs: 61133 / 61133
Full Intersection Ref/Alt Identical: 61091 / 61133
2504 / 2504 Individuals included in Reference
Extraction of 5008 Haplotypes complete
Reduced to markers called 35251 / 61091
(Fraction SNP: 0.5770244389517277)
Successfully saved to: ./Empirical/Eigenstrat/Reichall/rath3.SG/chr8/
Successfully loaded Data from: ./Empirical/Eigenstrat/Reichall/rath3.SG/chr8/
Loaded Emission Model: haploid
Loaded Transition Model: model
Loaded Post Processing Model: Standard
Minimum Genetic Map: 0.0000
Maximum Genetic Map: 1.6800
Gaps bigger than 0.1 cM: 229
Maximum Gap: 1.8932 cM
Loaded Transition and Emission Matrix:
(3, 3)
(5009, 35251)
Loaded Observations:
(2, 35251)
Memory Usage: 1824.575488 mB
Reference Number: 5008
Total Log likelihood: -13322.477
Memory Usage: 1824.575488 mB
Finished Calculation State Posteriors
Saved Zero State Posterior to ./Empirical/Eigenstrat/Reichall/rath3.SG/chr8/.
Successfully loaded for PP. from ./Empirical/Eigenstrat/Reichall/rath3.SG/chr8/
Fraction Markers in ROH: 0.3817
Merged n=0 gaps < 0.0 M
Called n=5 ROH Blocks > 1.0 cM
Longest Block: 1.894
Successfully saved to ./Empirical/Eigenstrat/Reichall/rath3.SG/chr8/roh.csv
Using Low-Mem Cython Linear Speed Up.
Loaded Pre Processing Model: Eigenstrat
Loading Individual: rath3.SG

Loaded 50668 variants
Loaded 2504 individuals
HDF5 loaded from ./Data/1000Genomes/HDF5/1240kHDF5/all1240/chr9.hdf5
3 Eigenstrat Files with 5081 Individuals and 1233013 SNPs

Intersection on Positions: 50668
Nr of Matching Refs: 50668 / 50668
Full Intersection Ref/Alt Identical: 50629 / 50668
2504 / 2504 Individuals included in Reference
Extraction of 5008 Haplotypes complete
Reduced to markers called 29073 / 50629
(Fraction SNP: 0.5742361097394774)
Successfully saved to: ./Empirical/Eigenstrat/Reichall/rath3.SG/chr9/
Successfully loaded Data from: ./Empirical/Eigenstrat/Reichall/rath3.SG/chr9/
Loaded Emission Model: haploid
Loaded Transition Model: model
Loaded Post Processing Model: Standard
Minimum Genetic Map: 0.0016
Maximum Genetic Map: 1.6630
Gaps bigger than 0.1 cM: 256
Maximum Gap: 1.8819 cM
Loaded Transition and Emission Matrix:
(3, 3)
(5009, 29073)
Loaded Observations:
(2, 29073)
Memory Usage: 1546.944512 mB
Reference Number: 5008
Total Log likelihood: -10796.498
Memory Usage: 1546.944512 mB
Finished Calculation State Posteriors
Saved Zero State Posterior to ./Empirical/Eigenstrat/Reichall/rath3.SG/chr9/.
Successfully loaded for PP. from ./Empirical/Eigenstrat/Reichall/rath3.SG/chr9/
Fraction Markers in ROH: 0.4062
Merged n=0 gaps < 0.0 M
Called n=8 ROH Blocks > 1.0 cM
Longest Block: 2.457
Successfully saved to ./Empirical/Eigenstrat/Reichall/rath3.SG/chr9/roh.csv
Using Low-Mem Cython Linear Speed Up.
Loaded Pre Processing Model: Eigenstrat
Loading Individual: rath3.SG

Loaded 58804 variants
Loaded 2504 individuals
HDF5 loaded from ./Data/1000Genomes/HDF5/1240kHDF5/all1240/chr10.hdf5
3 Eigenstrat Files with 5081 Individuals and 1233013 SNPs

Intersection on Positions: 58804
Nr of Matching Refs: 58804 / 58804
Full Intersection Ref/Alt Identical: 58763 / 58804
2504 / 2504 Individuals included in Reference
Extraction of 5008 Haplotypes complete
Reduced to markers called 33942 / 58763
(Fraction SNP: 0.5776083590014125)
Successfully saved to: ./Empirical/Eigenstrat/Reichall/rath3.SG/chr10/
Successfully loaded Data from: ./Empirical/Eigenstrat/Reichall/rath3.SG/chr10/
Loaded Emission Model: haploid
Loaded Transition Model: model
Loaded Post Processing Model: Standard
Minimum Genetic Map: 0.0001
Maximum Genetic Map: 1.8091
Gaps bigger than 0.1 cM: 256
Maximum Gap: 2.0352 cM
Loaded Transition and Emission Matrix:
(3, 3)
(5009, 33942)
Loaded Observations:
(2, 33942)
Memory Usage: 1766.457344 mB
Reference Number: 5008
Total Log likelihood: -12805.711
Memory Usage: 1766.457344 mB
Finished Calculation State Posteriors
Saved Zero State Posterior to ./Empirical/Eigenstrat/Reichall/rath3.SG/chr10/.
Successfully loaded for PP. from ./Empirical/Eigenstrat/Reichall/rath3.SG/chr10/
Fraction Markers in ROH: 0.3784
Merged n=0 gaps < 0.0 M
Called n=8 ROH Blocks > 1.0 cM
Longest Block: 3.149
Successfully saved to ./Empirical/Eigenstrat/Reichall/rath3.SG/chr10/roh.csv
Using Low-Mem Cython Linear Speed Up.
Loaded Pre Processing Model: Eigenstrat
Loading Individual: rath3.SG

Loaded 54833 variants
Loaded 2504 individuals
HDF5 loaded from ./Data/1000Genomes/HDF5/1240kHDF5/all1240/chr11.hdf5
3 Eigenstrat Files with 5081 Individuals and 1233013 SNPs

Intersection on Positions: 54833
Nr of Matching Refs: 54833 / 54833
Full Intersection Ref/Alt Identical: 54796 / 54833
2504 / 2504 Individuals included in Reference
Extraction of 5008 Haplotypes complete
Reduced to markers called 31604 / 54796
(Fraction SNP: 0.5767574275494561)
Successfully saved to: ./Empirical/Eigenstrat/Reichall/rath3.SG/chr11/
Successfully loaded Data from: ./Empirical/Eigenstrat/Reichall/rath3.SG/chr11/
Loaded Emission Model: haploid
Loaded Transition Model: model
Loaded Post Processing Model: Standard
Minimum Genetic Map: 0.0000
Maximum Genetic Map: 1.5822
Gaps bigger than 0.1 cM: 226
Maximum Gap: 0.5657 cM
Loaded Transition and Emission Matrix:
(3, 3)
(5009, 31604)
Loaded Observations:
(2, 31604)
Memory Usage: 1661.124608 mB
Reference Number: 5008
Total Log likelihood: -12100.799
Memory Usage: 1661.124608 mB
Finished Calculation State Posteriors
Saved Zero State Posterior to ./Empirical/Eigenstrat/Reichall/rath3.SG/chr11/.
Successfully loaded for PP. from ./Empirical/Eigenstrat/Reichall/rath3.SG/chr11/
Fraction Markers in ROH: 0.3486
Merged n=0 gaps < 0.0 M
Called n=6 ROH Blocks > 1.0 cM
Longest Block: 1.336
Successfully saved to ./Empirical/Eigenstrat/Reichall/rath3.SG/chr11/roh.csv
Using Low-Mem Cython Linear Speed Up.
Loaded Pre Processing Model: Eigenstrat
Loading Individual: rath3.SG

Loaded 53911 variants
Loaded 2504 individuals
HDF5 loaded from ./Data/1000Genomes/HDF5/1240kHDF5/all1240/chr12.hdf5
3 Eigenstrat Files with 5081 Individuals and 1233013 SNPs

Intersection on Positions: 53911
Nr of Matching Refs: 53911 / 53911
Full Intersection Ref/Alt Identical: 53884 / 53911
2504 / 2504 Individuals included in Reference
Extraction of 5008 Haplotypes complete
Reduced to markers called 30794 / 53884
(Fraction SNP: 0.5714868977804172)
Successfully saved to: ./Empirical/Eigenstrat/Reichall/rath3.SG/chr12/
Successfully loaded Data from: ./Empirical/Eigenstrat/Reichall/rath3.SG/chr12/
Loaded Emission Model: haploid
Loaded Transition Model: model
Loaded Post Processing Model: Standard
Minimum Genetic Map: 0.0017
Maximum Genetic Map: 1.7468
Gaps bigger than 0.1 cM: 263
Maximum Gap: 0.8015 cM
Loaded Transition and Emission Matrix:
(3, 3)
(5009, 30794)
Loaded Observations:
(2, 30794)
Memory Usage: 1623.625728 mB
Reference Number: 5008
Total Log likelihood: -11468.019
Memory Usage: 1623.625728 mB
Finished Calculation State Posteriors
Saved Zero State Posterior to ./Empirical/Eigenstrat/Reichall/rath3.SG/chr12/.
Successfully loaded for PP. from ./Empirical/Eigenstrat/Reichall/rath3.SG/chr12/
Fraction Markers in ROH: 0.4062
Merged n=0 gaps < 0.0 M
Called n=10 ROH Blocks > 1.0 cM
Longest Block: 2.224
Successfully saved to ./Empirical/Eigenstrat/Reichall/rath3.SG/chr12/roh.csv
Using Low-Mem Cython Linear Speed Up.
Loaded Pre Processing Model: Eigenstrat
Loading Individual: rath3.SG

Loaded 39018 variants
Loaded 2504 individuals
HDF5 loaded from ./Data/1000Genomes/HDF5/1240kHDF5/all1240/chr13.hdf5
3 Eigenstrat Files with 5081 Individuals and 1233013 SNPs

Intersection on Positions: 39018
Nr of Matching Refs: 39018 / 39018
Full Intersection Ref/Alt Identical: 38994 / 39018
2504 / 2504 Individuals included in Reference
Extraction of 5008 Haplotypes complete
Reduced to markers called 22295 / 38994
(Fraction SNP: 0.5717546289172694)
Successfully saved to: ./Empirical/Eigenstrat/Reichall/rath3.SG/chr13/
Successfully loaded Data from: ./Empirical/Eigenstrat/Reichall/rath3.SG/chr13/
Loaded Emission Model: haploid
Loaded Transition Model: model
Loaded Post Processing Model: Standard
Minimum Genetic Map: 0.0019
Maximum Genetic Map: 1.2570
Gaps bigger than 0.1 cM: 188
Maximum Gap: 1.2227 cM
Loaded Transition and Emission Matrix:
(3, 3)
(5009, 22295)
Loaded Observations:
(2, 22295)
Memory Usage: 1240.899584 mB
Reference Number: 5008
Total Log likelihood: -8567.464
Memory Usage: 1240.899584 mB
Finished Calculation State Posteriors
Saved Zero State Posterior to ./Empirical/Eigenstrat/Reichall/rath3.SG/chr13/.
Successfully loaded for PP. from ./Empirical/Eigenstrat/Reichall/rath3.SG/chr13/
Fraction Markers in ROH: 0.3392
Merged n=0 gaps < 0.0 M
Called n=3 ROH Blocks > 1.0 cM
Longest Block: 1.395
Successfully saved to ./Empirical/Eigenstrat/Reichall/rath3.SG/chr13/roh.csv
Using Low-Mem Cython Linear Speed Up.
Loaded Pre Processing Model: Eigenstrat
Loading Individual: rath3.SG

Loaded 36301 variants
Loaded 2504 individuals
HDF5 loaded from ./Data/1000Genomes/HDF5/1240kHDF5/all1240/chr14.hdf5
3 Eigenstrat Files with 5081 Individuals and 1233013 SNPs

Intersection on Positions: 36301
Nr of Matching Refs: 36301 / 36301
Full Intersection Ref/Alt Identical: 36280 / 36301
2504 / 2504 Individuals included in Reference
Extraction of 5008 Haplotypes complete
Reduced to markers called 20879 / 36280
(Fraction SNP: 0.5754961411245866)
Successfully saved to: ./Empirical/Eigenstrat/Reichall/rath3.SG/chr14/
Successfully loaded Data from: ./Empirical/Eigenstrat/Reichall/rath3.SG/chr14/
Loaded Emission Model: haploid
Loaded Transition Model: model
Loaded Post Processing Model: Standard
Minimum Genetic Map: 0.0164
Maximum Genetic Map: 1.2020
Gaps bigger than 0.1 cM: 180
Maximum Gap: 3.0388 cM
Loaded Transition and Emission Matrix:
(3, 3)
(5009, 20879)
Loaded Observations:
(2, 20879)
Memory Usage: 1177.43616 mB
Reference Number: 5008
Total Log likelihood: -7621.101
Memory Usage: 1177.43616 mB
Finished Calculation State Posteriors
Saved Zero State Posterior to ./Empirical/Eigenstrat/Reichall/rath3.SG/chr14/.
Successfully loaded for PP. from ./Empirical/Eigenstrat/Reichall/rath3.SG/chr14/
Fraction Markers in ROH: 0.4277
Merged n=0 gaps < 0.0 M
Called n=4 ROH Blocks > 1.0 cM
Longest Block: 3.714
Successfully saved to ./Empirical/Eigenstrat/Reichall/rath3.SG/chr14/roh.csv
Using Low-Mem Cython Linear Speed Up.
Loaded Pre Processing Model: Eigenstrat
Loading Individual: rath3.SG

Loaded 34429 variants
Loaded 2504 individuals
HDF5 loaded from ./Data/1000Genomes/HDF5/1240kHDF5/all1240/chr15.hdf5
3 Eigenstrat Files with 5081 Individuals and 1233013 SNPs

Intersection on Positions: 34429
Nr of Matching Refs: 34429 / 34429
Full Intersection Ref/Alt Identical: 34407 / 34429
2504 / 2504 Individuals included in Reference
Extraction of 5008 Haplotypes complete
Reduced to markers called 19779 / 34407
(Fraction SNP: 0.5748539541372395)
Successfully saved to: ./Empirical/Eigenstrat/Reichall/rath3.SG/chr15/
Successfully loaded Data from: ./Empirical/Eigenstrat/Reichall/rath3.SG/chr15/
Loaded Emission Model: haploid
Loaded Transition Model: model
Loaded Post Processing Model: Standard
Minimum Genetic Map: 0.0002
Maximum Genetic Map: 1.4135
Gaps bigger than 0.1 cM: 186
Maximum Gap: 11.4957 cM
Loaded Transition and Emission Matrix:
(3, 3)
(5009, 19779)
Loaded Observations:
(2, 19779)
Memory Usage: 1127.911424 mB
Reference Number: 5008
Total Log likelihood: -7177.350
Memory Usage: 1127.911424 mB
Finished Calculation State Posteriors
Saved Zero State Posterior to ./Empirical/Eigenstrat/Reichall/rath3.SG/chr15/.
Successfully loaded for PP. from ./Empirical/Eigenstrat/Reichall/rath3.SG/chr15/
Fraction Markers in ROH: 0.4013
Merged n=0 gaps < 0.0 M
Called n=6 ROH Blocks > 1.0 cM
Longest Block: 2.481
Successfully saved to ./Empirical/Eigenstrat/Reichall/rath3.SG/chr15/roh.csv
Using Low-Mem Cython Linear Speed Up.
Loaded Pre Processing Model: Eigenstrat
Loading Individual: rath3.SG

Loaded 34402 variants
Loaded 2504 individuals
HDF5 loaded from ./Data/1000Genomes/HDF5/1240kHDF5/all1240/chr16.hdf5
3 Eigenstrat Files with 5081 Individuals and 1233013 SNPs

Intersection on Positions: 34402
Nr of Matching Refs: 34402 / 34402
Full Intersection Ref/Alt Identical: 34375 / 34402
2504 / 2504 Individuals included in Reference
Extraction of 5008 Haplotypes complete
Reduced to markers called 19865 / 34375
(Fraction SNP: 0.5778909090909091)
Successfully saved to: ./Empirical/Eigenstrat/Reichall/rath3.SG/chr16/
Successfully loaded Data from: ./Empirical/Eigenstrat/Reichall/rath3.SG/chr16/
Loaded Emission Model: haploid
Loaded Transition Model: model
Loaded Post Processing Model: Standard
Minimum Genetic Map: -0.0000
Maximum Genetic Map: 1.3403
Gaps bigger than 0.1 cM: 216
Maximum Gap: 1.0479 cM
Loaded Transition and Emission Matrix:
(3, 3)
(5009, 19865)
Loaded Observations:
(2, 19865)
Memory Usage: 1132.109824 mB
Reference Number: 5008
Total Log likelihood: -7396.895
Memory Usage: 1132.109824 mB
Finished Calculation State Posteriors
Saved Zero State Posterior to ./Empirical/Eigenstrat/Reichall/rath3.SG/chr16/.
Successfully loaded for PP. from ./Empirical/Eigenstrat/Reichall/rath3.SG/chr16/
Fraction Markers in ROH: 0.4025
Merged n=0 gaps < 0.0 M
Called n=7 ROH Blocks > 1.0 cM
Longest Block: 2.111
Successfully saved to ./Empirical/Eigenstrat/Reichall/rath3.SG/chr16/roh.csv
Using Low-Mem Cython Linear Speed Up.
Loaded Pre Processing Model: Eigenstrat
Loading Individual: rath3.SG

Loaded 29314 variants
Loaded 2504 individuals
HDF5 loaded from ./Data/1000Genomes/HDF5/1240kHDF5/all1240/chr17.hdf5
3 Eigenstrat Files with 5081 Individuals and 1233013 SNPs

Intersection on Positions: 29314
Nr of Matching Refs: 29314 / 29314
Full Intersection Ref/Alt Identical: 29292 / 29314
2504 / 2504 Individuals included in Reference
Extraction of 5008 Haplotypes complete
Reduced to markers called 16870 / 29292
(Fraction SNP: 0.5759251672811689)
Successfully saved to: ./Empirical/Eigenstrat/Reichall/rath3.SG/chr17/
Successfully loaded Data from: ./Empirical/Eigenstrat/Reichall/rath3.SG/chr17/
Loaded Emission Model: haploid
Loaded Transition Model: model
Loaded Post Processing Model: Standard
Minimum Genetic Map: -0.0003
Maximum Genetic Map: 1.2847
Gaps bigger than 0.1 cM: 198
Maximum Gap: 1.2341 cM
Loaded Transition and Emission Matrix:
(3, 3)
(5009, 16870)
Loaded Observations:
(2, 16870)
Memory Usage: 996.589568 mB
Reference Number: 5008
Total Log likelihood: -6317.098
Memory Usage: 996.589568 mB
Finished Calculation State Posteriors
Saved Zero State Posterior to ./Empirical/Eigenstrat/Reichall/rath3.SG/chr17/.
Successfully loaded for PP. from ./Empirical/Eigenstrat/Reichall/rath3.SG/chr17/
Fraction Markers in ROH: 0.4267
Merged n=0 gaps < 0.0 M
Called n=12 ROH Blocks > 1.0 cM
Longest Block: 2.110
Successfully saved to ./Empirical/Eigenstrat/Reichall/rath3.SG/chr17/roh.csv
Using Low-Mem Cython Linear Speed Up.
Loaded Pre Processing Model: Eigenstrat
Loading Individual: rath3.SG

Loaded 33917 variants
Loaded 2504 individuals
HDF5 loaded from ./Data/1000Genomes/HDF5/1240kHDF5/all1240/chr18.hdf5
3 Eigenstrat Files with 5081 Individuals and 1233013 SNPs

Intersection on Positions: 33917
Nr of Matching Refs: 33917 / 33917
Full Intersection Ref/Alt Identical: 33902 / 33917
2504 / 2504 Individuals included in Reference
Extraction of 5008 Haplotypes complete
Reduced to markers called 19726 / 33902
(Fraction SNP: 0.5818535779600024)
Successfully saved to: ./Empirical/Eigenstrat/Reichall/rath3.SG/chr18/
Successfully loaded Data from: ./Empirical/Eigenstrat/Reichall/rath3.SG/chr18/
Loaded Emission Model: haploid
Loaded Transition Model: model
Loaded Post Processing Model: Standard
Minimum Genetic Map: 0.0016
Maximum Genetic Map: 1.1771
Gaps bigger than 0.1 cM: 175
Maximum Gap: 0.5045 cM
Loaded Transition and Emission Matrix:
(3, 3)
(5009, 19726)
Loaded Observations:
(2, 19726)
Memory Usage: 1125.380096 mB
Reference Number: 5008
Total Log likelihood: -7236.050
Memory Usage: 1125.380096 mB
Finished Calculation State Posteriors
Saved Zero State Posterior to ./Empirical/Eigenstrat/Reichall/rath3.SG/chr18/.
Successfully loaded for PP. from ./Empirical/Eigenstrat/Reichall/rath3.SG/chr18/
Fraction Markers in ROH: 0.3946
Merged n=0 gaps < 0.0 M
Called n=6 ROH Blocks > 1.0 cM
Longest Block: 1.760
Successfully saved to ./Empirical/Eigenstrat/Reichall/rath3.SG/chr18/roh.csv
Using Low-Mem Cython Linear Speed Up.
Loaded Pre Processing Model: Eigenstrat
Loading Individual: rath3.SG

Loaded 18460 variants
Loaded 2504 individuals
HDF5 loaded from ./Data/1000Genomes/HDF5/1240kHDF5/all1240/chr19.hdf5
3 Eigenstrat Files with 5081 Individuals and 1233013 SNPs

Intersection on Positions: 18460
Nr of Matching Refs: 18460 / 18460
Full Intersection Ref/Alt Identical: 18441 / 18460
2504 / 2504 Individuals included in Reference
Extraction of 5008 Haplotypes complete
Reduced to markers called 10576 / 18441
(Fraction SNP: 0.5735046906349981)
Successfully saved to: ./Empirical/Eigenstrat/Reichall/rath3.SG/chr19/
Successfully loaded Data from: ./Empirical/Eigenstrat/Reichall/rath3.SG/chr19/
Loaded Emission Model: haploid
Loaded Transition Model: model
Loaded Post Processing Model: Standard
Minimum Genetic Map: 0.0000
Maximum Genetic Map: 1.0773
Gaps bigger than 0.1 cM: 216
Maximum Gap: 0.6312 cM
Loaded Transition and Emission Matrix:
(3, 3)
(5009, 10576)
Loaded Observations:
(2, 10576)
Memory Usage: 717.459456 mB
Reference Number: 5008
Total Log likelihood: -4012.872
Memory Usage: 717.459456 mB
Finished Calculation State Posteriors
Saved Zero State Posterior to ./Empirical/Eigenstrat/Reichall/rath3.SG/chr19/.
Successfully loaded for PP. from ./Empirical/Eigenstrat/Reichall/rath3.SG/chr19/
Fraction Markers in ROH: 0.4243
Merged n=0 gaps < 0.0 M
Called n=7 ROH Blocks > 1.0 cM
Longest Block: 2.579
Successfully saved to ./Empirical/Eigenstrat/Reichall/rath3.SG/chr19/roh.csv
Using Low-Mem Cython Linear Speed Up.
Loaded Pre Processing Model: Eigenstrat
Loading Individual: rath3.SG

Loaded 29078 variants
Loaded 2504 individuals
HDF5 loaded from ./Data/1000Genomes/HDF5/1240kHDF5/all1240/chr20.hdf5
3 Eigenstrat Files with 5081 Individuals and 1233013 SNPs

Intersection on Positions: 29078
Nr of Matching Refs: 29078 / 29078
Full Intersection Ref/Alt Identical: 29053 / 29078
2504 / 2504 Individuals included in Reference
Extraction of 5008 Haplotypes complete
Reduced to markers called 16929 / 29053
(Fraction SNP: 0.5826936977248477)
Successfully saved to: ./Empirical/Eigenstrat/Reichall/rath3.SG/chr20/
Successfully loaded Data from: ./Empirical/Eigenstrat/Reichall/rath3.SG/chr20/
Loaded Emission Model: haploid
Loaded Transition Model: model
Loaded Post Processing Model: Standard
Minimum Genetic Map: 0.0002
Maximum Genetic Map: 1.0821
Gaps bigger than 0.1 cM: 182
Maximum Gap: 0.8457 cM
Loaded Transition and Emission Matrix:
(3, 3)
(5009, 16929)
Loaded Observations:
(2, 16929)
Memory Usage: 1004.388352 mB
Reference Number: 5008
Total Log likelihood: -6250.342
Memory Usage: 1004.388352 mB
Finished Calculation State Posteriors
Saved Zero State Posterior to ./Empirical/Eigenstrat/Reichall/rath3.SG/chr20/.
Successfully loaded for PP. from ./Empirical/Eigenstrat/Reichall/rath3.SG/chr20/
Fraction Markers in ROH: 0.4139
Merged n=0 gaps < 0.0 M
Called n=8 ROH Blocks > 1.0 cM
Longest Block: 2.142
Successfully saved to ./Empirical/Eigenstrat/Reichall/rath3.SG/chr20/roh.csv
Using Low-Mem Cython Linear Speed Up.
Loaded Pre Processing Model: Eigenstrat
Loading Individual: rath3.SG

Loaded 16038 variants
Loaded 2504 individuals
HDF5 loaded from ./Data/1000Genomes/HDF5/1240kHDF5/all1240/chr21.hdf5
3 Eigenstrat Files with 5081 Individuals and 1233013 SNPs

Intersection on Positions: 16038
Nr of Matching Refs: 16038 / 16038
Full Intersection Ref/Alt Identical: 16031 / 16038
2504 / 2504 Individuals included in Reference
Extraction of 5008 Haplotypes complete
Reduced to markers called 9207 / 16031
(Fraction SNP: 0.5743247458050028)
Successfully saved to: ./Empirical/Eigenstrat/Reichall/rath3.SG/chr21/
Successfully loaded Data from: ./Empirical/Eigenstrat/Reichall/rath3.SG/chr21/
Loaded Emission Model: haploid
Loaded Transition Model: model
Loaded Post Processing Model: Standard
Minimum Genetic Map: 0.0094
Maximum Genetic Map: 0.6279
Gaps bigger than 0.1 cM: 110
Maximum Gap: 0.4749 cM
Loaded Transition and Emission Matrix:
(3, 3)
(5009, 9207)
Loaded Observations:
(2, 9207)
Memory Usage: 656.01536 mB
Reference Number: 5008
Total Log likelihood: -3351.649
Memory Usage: 656.01536 mB
Finished Calculation State Posteriors
Saved Zero State Posterior to ./Empirical/Eigenstrat/Reichall/rath3.SG/chr21/.
Successfully loaded for PP. from ./Empirical/Eigenstrat/Reichall/rath3.SG/chr21/
Fraction Markers in ROH: 0.4475
Merged n=0 gaps < 0.0 M
Called n=3 ROH Blocks > 1.0 cM
Longest Block: 2.593
Successfully saved to ./Empirical/Eigenstrat/Reichall/rath3.SG/chr21/roh.csv
Using Low-Mem Cython Linear Speed Up.
Loaded Pre Processing Model: Eigenstrat
Loading Individual: rath3.SG

Loaded 15802 variants
Loaded 2504 individuals
HDF5 loaded from ./Data/1000Genomes/HDF5/1240kHDF5/all1240/chr22.hdf5
3 Eigenstrat Files with 5081 Individuals and 1233013 SNPs

Intersection on Positions: 15802
Nr of Matching Refs: 15802 / 15802
Full Intersection Ref/Alt Identical: 15793 / 15802
2504 / 2504 Individuals included in Reference
Extraction of 5008 Haplotypes complete
Reduced to markers called 9222 / 15793
(Fraction SNP: 0.5839295890584436)
Successfully saved to: ./Empirical/Eigenstrat/Reichall/rath3.SG/chr22/
Successfully loaded Data from: ./Empirical/Eigenstrat/Reichall/rath3.SG/chr22/
Loaded Emission Model: haploid
Loaded Transition Model: model
Loaded Post Processing Model: Standard
Minimum Genetic Map: 0.0171
Maximum Genetic Map: 0.7408
Gaps bigger than 0.1 cM: 123
Maximum Gap: 1.6149 cM
Loaded Transition and Emission Matrix:
(3, 3)
(5009, 9222)
Loaded Observations:
(2, 9222)
Memory Usage: 657.219584 mB
Reference Number: 5008
Total Log likelihood: -3464.530
Memory Usage: 657.219584 mB
Finished Calculation State Posteriors
Saved Zero State Posterior to ./Empirical/Eigenstrat/Reichall/rath3.SG/chr22/.
Successfully loaded for PP. from ./Empirical/Eigenstrat/Reichall/rath3.SG/chr22/
Fraction Markers in ROH: 0.3694
Merged n=0 gaps < 0.0 M
Called n=4 ROH Blocks > 1.0 cM
Longest Block: 4.068
Successfully saved to ./Empirical/Eigenstrat/Reichall/rath3.SG/chr22/roh.csv
