Loaded 2106 / 5081 ancient Indivdiuals Anno File.
Doing Individual RISE150.SG...
Using Low-Mem Cython Linear Speed Up.
Loaded Pre Processing Model: Eigenstrat
Loading Individual: RISE150.SG

Loaded 89147 variants
Loaded 2504 individuals
HDF5 loaded from ./Data/1000Genomes/HDF5/1240kHDF5/all1240/chr1.hdf5
3 Eigenstrat Files with 5081 Individuals and 1233013 SNPs

Intersection on Positions: 89147
Nr of Matching Refs: 89147 / 89147
Full Intersection Ref/Alt Identical: 89082 / 89147
2504 / 2504 Individuals included in Reference
Extraction of 5008 Haplotypes complete
Reduced to markers called 52162 / 89082
(Fraction SNP: 0.5855503917738712)
Successfully saved to: ./Empirical/Eigenstrat/Reichall/RISE150.SG/chr1/
Successfully loaded Data from: ./Empirical/Eigenstrat/Reichall/RISE150.SG/chr1/
Loaded Emission Model: haploid
Loaded Transition Model: model
Loaded Post Processing Model: Standard
Minimum Genetic Map: 0.0202
Maximum Genetic Map: 2.8627
Gaps bigger than 0.1 cM: 351
Maximum Gap: 2.9229 cM
Loaded Transition and Emission Matrix:
(3, 3)
(5009, 52162)
Loaded Observations:
(2, 52162)
Memory Usage: 2545.897472 mB
Reference Number: 5008
Total Log likelihood: -19100.288
Memory Usage: 2546.36032 mB
Finished Calculation State Posteriors
Saved Zero State Posterior to ./Empirical/Eigenstrat/Reichall/RISE150.SG/chr1/.
Successfully loaded for PP. from ./Empirical/Eigenstrat/Reichall/RISE150.SG/chr1/
Fraction Markers in ROH: 0.3950
Merged n=0 gaps < 0.0 M
Called n=8 ROH Blocks > 1.0 cM
Longest Block: 2.767
Successfully saved to ./Empirical/Eigenstrat/Reichall/RISE150.SG/chr1/roh.csv
Using Low-Mem Cython Linear Speed Up.
Loaded Pre Processing Model: Eigenstrat
Loading Individual: RISE150.SG

Loaded 94239 variants
Loaded 2504 individuals
HDF5 loaded from ./Data/1000Genomes/HDF5/1240kHDF5/all1240/chr2.hdf5
3 Eigenstrat Files with 5081 Individuals and 1233013 SNPs

Intersection on Positions: 94239
Nr of Matching Refs: 94239 / 94239
Full Intersection Ref/Alt Identical: 94173 / 94239
2504 / 2504 Individuals included in Reference
Extraction of 5008 Haplotypes complete
Reduced to markers called 49897 / 94173
(Fraction SNP: 0.5298440104913298)
Successfully saved to: ./Empirical/Eigenstrat/Reichall/RISE150.SG/chr2/
Successfully loaded Data from: ./Empirical/Eigenstrat/Reichall/RISE150.SG/chr2/
Loaded Emission Model: haploid
Loaded Transition Model: model
Loaded Post Processing Model: Standard
Minimum Genetic Map: 0.0001
Maximum Genetic Map: 2.6883
Gaps bigger than 0.1 cM: 354
Maximum Gap: 2.1079 cM
Loaded Transition and Emission Matrix:
(3, 3)
(5009, 49897)
Loaded Observations:
(2, 49897)
Memory Usage: 2483.109888 mB
Reference Number: 5008
Total Log likelihood: -18790.400
Memory Usage: 2483.109888 mB
Finished Calculation State Posteriors
Saved Zero State Posterior to ./Empirical/Eigenstrat/Reichall/RISE150.SG/chr2/.
Successfully loaded for PP. from ./Empirical/Eigenstrat/Reichall/RISE150.SG/chr2/
Fraction Markers in ROH: 0.3619
Merged n=0 gaps < 0.0 M
Called n=6 ROH Blocks > 1.0 cM
Longest Block: 1.399
Successfully saved to ./Empirical/Eigenstrat/Reichall/RISE150.SG/chr2/roh.csv
Using Low-Mem Cython Linear Speed Up.
Loaded Pre Processing Model: Eigenstrat
Loading Individual: RISE150.SG

Loaded 77652 variants
Loaded 2504 individuals
HDF5 loaded from ./Data/1000Genomes/HDF5/1240kHDF5/all1240/chr3.hdf5
3 Eigenstrat Files with 5081 Individuals and 1233013 SNPs

Intersection on Positions: 77652
Nr of Matching Refs: 77652 / 77652
Full Intersection Ref/Alt Identical: 77601 / 77652
2504 / 2504 Individuals included in Reference
Extraction of 5008 Haplotypes complete
Reduced to markers called 39748 / 77601
(Fraction SNP: 0.5122098942023943)
Successfully saved to: ./Empirical/Eigenstrat/Reichall/RISE150.SG/chr3/
Successfully loaded Data from: ./Empirical/Eigenstrat/Reichall/RISE150.SG/chr3/
Loaded Emission Model: haploid
Loaded Transition Model: model
Loaded Post Processing Model: Standard
Minimum Genetic Map: 0.0000
Maximum Genetic Map: 2.2325
Gaps bigger than 0.1 cM: 335
Maximum Gap: 0.4415 cM
Loaded Transition and Emission Matrix:
(3, 3)
(5009, 39748)
Loaded Observations:
(2, 39748)
Memory Usage: 2026.467328 mB
Reference Number: 5008
Total Log likelihood: -15025.986
Memory Usage: 2026.467328 mB
Finished Calculation State Posteriors
Saved Zero State Posterior to ./Empirical/Eigenstrat/Reichall/RISE150.SG/chr3/.
Successfully loaded for PP. from ./Empirical/Eigenstrat/Reichall/RISE150.SG/chr3/
Fraction Markers in ROH: 0.3749
Merged n=0 gaps < 0.0 M
Called n=12 ROH Blocks > 1.0 cM
Longest Block: 2.075
Successfully saved to ./Empirical/Eigenstrat/Reichall/RISE150.SG/chr3/roh.csv
Using Low-Mem Cython Linear Speed Up.
Loaded Pre Processing Model: Eigenstrat
Loading Individual: RISE150.SG

Loaded 68759 variants
Loaded 2504 individuals
HDF5 loaded from ./Data/1000Genomes/HDF5/1240kHDF5/all1240/chr4.hdf5
3 Eigenstrat Files with 5081 Individuals and 1233013 SNPs

Intersection on Positions: 68759
Nr of Matching Refs: 68759 / 68759
Full Intersection Ref/Alt Identical: 68720 / 68759
2504 / 2504 Individuals included in Reference
Extraction of 5008 Haplotypes complete
Reduced to markers called 30630 / 68720
(Fraction SNP: 0.44572176949941794)
Successfully saved to: ./Empirical/Eigenstrat/Reichall/RISE150.SG/chr4/
Successfully loaded Data from: ./Empirical/Eigenstrat/Reichall/RISE150.SG/chr4/
Loaded Emission Model: haploid
Loaded Transition Model: model
Loaded Post Processing Model: Standard
Minimum Genetic Map: 0.0034
Maximum Genetic Map: 2.1454
Gaps bigger than 0.1 cM: 349
Maximum Gap: 2.0422 cM
Loaded Transition and Emission Matrix:
(3, 3)
(5009, 30630)
Loaded Observations:
(2, 30630)
Memory Usage: 1615.609856 mB
Reference Number: 5008
Total Log likelihood: -11483.525
Memory Usage: 1615.609856 mB
Finished Calculation State Posteriors
Saved Zero State Posterior to ./Empirical/Eigenstrat/Reichall/RISE150.SG/chr4/.
Successfully loaded for PP. from ./Empirical/Eigenstrat/Reichall/RISE150.SG/chr4/
Fraction Markers in ROH: 0.3620
Merged n=0 gaps < 0.0 M
Called n=10 ROH Blocks > 1.0 cM
Longest Block: 2.786
Successfully saved to ./Empirical/Eigenstrat/Reichall/RISE150.SG/chr4/roh.csv
Using Low-Mem Cython Linear Speed Up.
Loaded Pre Processing Model: Eigenstrat
Loading Individual: RISE150.SG

Loaded 69399 variants
Loaded 2504 individuals
HDF5 loaded from ./Data/1000Genomes/HDF5/1240kHDF5/all1240/chr5.hdf5
3 Eigenstrat Files with 5081 Individuals and 1233013 SNPs

Intersection on Positions: 69399
Nr of Matching Refs: 69399 / 69399
Full Intersection Ref/Alt Identical: 69354 / 69399
2504 / 2504 Individuals included in Reference
Extraction of 5008 Haplotypes complete
Reduced to markers called 35684 / 69354
(Fraction SNP: 0.5145197104709173)
Successfully saved to: ./Empirical/Eigenstrat/Reichall/RISE150.SG/chr5/
Successfully loaded Data from: ./Empirical/Eigenstrat/Reichall/RISE150.SG/chr5/
Loaded Emission Model: haploid
Loaded Transition Model: model
Loaded Post Processing Model: Standard
Minimum Genetic Map: 0.0004
Maximum Genetic Map: 2.0409
Gaps bigger than 0.1 cM: 301
Maximum Gap: 1.1070 cM
Loaded Transition and Emission Matrix:
(3, 3)
(5009, 35684)
Loaded Observations:
(2, 35684)
Memory Usage: 1843.638272 mB
Reference Number: 5008
Total Log likelihood: -13386.287
Memory Usage: 1843.638272 mB
Finished Calculation State Posteriors
Saved Zero State Posterior to ./Empirical/Eigenstrat/Reichall/RISE150.SG/chr5/.
Successfully loaded for PP. from ./Empirical/Eigenstrat/Reichall/RISE150.SG/chr5/
Fraction Markers in ROH: 0.3649
Merged n=0 gaps < 0.0 M
Called n=8 ROH Blocks > 1.0 cM
Longest Block: 1.502
Successfully saved to ./Empirical/Eigenstrat/Reichall/RISE150.SG/chr5/roh.csv
Using Low-Mem Cython Linear Speed Up.
Loaded Pre Processing Model: Eigenstrat
Loading Individual: RISE150.SG

Loaded 75870 variants
Loaded 2504 individuals
HDF5 loaded from ./Data/1000Genomes/HDF5/1240kHDF5/all1240/chr6.hdf5
3 Eigenstrat Files with 5081 Individuals and 1233013 SNPs

Intersection on Positions: 75870
Nr of Matching Refs: 75870 / 75870
Full Intersection Ref/Alt Identical: 75816 / 75870
2504 / 2504 Individuals included in Reference
Extraction of 5008 Haplotypes complete
Reduced to markers called 39424 / 75816
(Fraction SNP: 0.5199957792550385)
Successfully saved to: ./Empirical/Eigenstrat/Reichall/RISE150.SG/chr6/
Successfully loaded Data from: ./Empirical/Eigenstrat/Reichall/RISE150.SG/chr6/
Loaded Emission Model: haploid
Loaded Transition Model: model
Loaded Post Processing Model: Standard
Minimum Genetic Map: 0.0032
Maximum Genetic Map: 1.9203
Gaps bigger than 0.1 cM: 251
Maximum Gap: 0.5076 cM
Loaded Transition and Emission Matrix:
(3, 3)
(5009, 39424)
Loaded Observations:
(2, 39424)
Memory Usage: 2012.135424 mB
Reference Number: 5008
Total Log likelihood: -14292.812
Memory Usage: 2012.135424 mB
Finished Calculation State Posteriors
Saved Zero State Posterior to ./Empirical/Eigenstrat/Reichall/RISE150.SG/chr6/.
Successfully loaded for PP. from ./Empirical/Eigenstrat/Reichall/RISE150.SG/chr6/
Fraction Markers in ROH: 0.3641
Merged n=0 gaps < 0.0 M
Called n=10 ROH Blocks > 1.0 cM
Longest Block: 2.983
Successfully saved to ./Empirical/Eigenstrat/Reichall/RISE150.SG/chr6/roh.csv
Using Low-Mem Cython Linear Speed Up.
Loaded Pre Processing Model: Eigenstrat
Loading Individual: RISE150.SG

Loaded 59890 variants
Loaded 2504 individuals
HDF5 loaded from ./Data/1000Genomes/HDF5/1240kHDF5/all1240/chr7.hdf5
3 Eigenstrat Files with 5081 Individuals and 1233013 SNPs

Intersection on Positions: 59890
Nr of Matching Refs: 59890 / 59890
Full Intersection Ref/Alt Identical: 59836 / 59890
2504 / 2504 Individuals included in Reference
Extraction of 5008 Haplotypes complete
Reduced to markers called 30830 / 59836
(Fraction SNP: 0.515241660538806)
Successfully saved to: ./Empirical/Eigenstrat/Reichall/RISE150.SG/chr7/
Successfully loaded Data from: ./Empirical/Eigenstrat/Reichall/RISE150.SG/chr7/
Loaded Emission Model: haploid
Loaded Transition Model: model
Loaded Post Processing Model: Standard
Minimum Genetic Map: 0.0000
Maximum Genetic Map: 1.8715
Gaps bigger than 0.1 cM: 283
Maximum Gap: 0.8416 cM
Loaded Transition and Emission Matrix:
(3, 3)
(5009, 30830)
Loaded Observations:
(2, 30830)
Memory Usage: 1624.727552 mB
Reference Number: 5008
Total Log likelihood: -11378.309
Memory Usage: 1624.727552 mB
Finished Calculation State Posteriors
Saved Zero State Posterior to ./Empirical/Eigenstrat/Reichall/RISE150.SG/chr7/.
Successfully loaded for PP. from ./Empirical/Eigenstrat/Reichall/RISE150.SG/chr7/
Fraction Markers in ROH: 0.3984
Merged n=0 gaps < 0.0 M
Called n=12 ROH Blocks > 1.0 cM
Longest Block: 2.303
Successfully saved to ./Empirical/Eigenstrat/Reichall/RISE150.SG/chr7/roh.csv
Using Low-Mem Cython Linear Speed Up.
Loaded Pre Processing Model: Eigenstrat
Loading Individual: RISE150.SG

Loaded 61133 variants
Loaded 2504 individuals
HDF5 loaded from ./Data/1000Genomes/HDF5/1240kHDF5/all1240/chr8.hdf5
3 Eigenstrat Files with 5081 Individuals and 1233013 SNPs

Intersection on Positions: 61133
Nr of Matching Refs: 61133 / 61133
Full Intersection Ref/Alt Identical: 61091 / 61133
2504 / 2504 Individuals included in Reference
Extraction of 5008 Haplotypes complete
Reduced to markers called 31699 / 61091
(Fraction SNP: 0.5188816683308507)
Successfully saved to: ./Empirical/Eigenstrat/Reichall/RISE150.SG/chr8/
Successfully loaded Data from: ./Empirical/Eigenstrat/Reichall/RISE150.SG/chr8/
Loaded Emission Model: haploid
Loaded Transition Model: model
Loaded Post Processing Model: Standard
Minimum Genetic Map: 0.0000
Maximum Genetic Map: 1.6800
Gaps bigger than 0.1 cM: 210
Maximum Gap: 1.9070 cM
Loaded Transition and Emission Matrix:
(3, 3)
(5009, 31699)
Loaded Observations:
(2, 31699)
Memory Usage: 1664.692224 mB
Reference Number: 5008
Total Log likelihood: -11480.884
Memory Usage: 1664.692224 mB
Finished Calculation State Posteriors
Saved Zero State Posterior to ./Empirical/Eigenstrat/Reichall/RISE150.SG/chr8/.
Successfully loaded for PP. from ./Empirical/Eigenstrat/Reichall/RISE150.SG/chr8/
Fraction Markers in ROH: 0.4065
Merged n=0 gaps < 0.0 M
Called n=10 ROH Blocks > 1.0 cM
Longest Block: 5.051
Successfully saved to ./Empirical/Eigenstrat/Reichall/RISE150.SG/chr8/roh.csv
Using Low-Mem Cython Linear Speed Up.
Loaded Pre Processing Model: Eigenstrat
Loading Individual: RISE150.SG

Loaded 50668 variants
Loaded 2504 individuals
HDF5 loaded from ./Data/1000Genomes/HDF5/1240kHDF5/all1240/chr9.hdf5
3 Eigenstrat Files with 5081 Individuals and 1233013 SNPs

Intersection on Positions: 50668
Nr of Matching Refs: 50668 / 50668
Full Intersection Ref/Alt Identical: 50629 / 50668
2504 / 2504 Individuals included in Reference
Extraction of 5008 Haplotypes complete
Reduced to markers called 27548 / 50629
(Fraction SNP: 0.5441150328862905)
Successfully saved to: ./Empirical/Eigenstrat/Reichall/RISE150.SG/chr9/
Successfully loaded Data from: ./Empirical/Eigenstrat/Reichall/RISE150.SG/chr9/
Loaded Emission Model: haploid
Loaded Transition Model: model
Loaded Post Processing Model: Standard
Minimum Genetic Map: 0.0016
Maximum Genetic Map: 1.6630
Gaps bigger than 0.1 cM: 267
Maximum Gap: 2.3102 cM
Loaded Transition and Emission Matrix:
(3, 3)
(5009, 27548)
Loaded Observations:
(2, 27548)
Memory Usage: 1477.648384 mB
Reference Number: 5008
Total Log likelihood: -10360.168
Memory Usage: 1477.648384 mB
Finished Calculation State Posteriors
Saved Zero State Posterior to ./Empirical/Eigenstrat/Reichall/RISE150.SG/chr9/.
Successfully loaded for PP. from ./Empirical/Eigenstrat/Reichall/RISE150.SG/chr9/
Fraction Markers in ROH: 0.3675
Merged n=0 gaps < 0.0 M
Called n=4 ROH Blocks > 1.0 cM
Longest Block: 2.525
Successfully saved to ./Empirical/Eigenstrat/Reichall/RISE150.SG/chr9/roh.csv
Using Low-Mem Cython Linear Speed Up.
Loaded Pre Processing Model: Eigenstrat
Loading Individual: RISE150.SG

Loaded 58804 variants
Loaded 2504 individuals
HDF5 loaded from ./Data/1000Genomes/HDF5/1240kHDF5/all1240/chr10.hdf5
3 Eigenstrat Files with 5081 Individuals and 1233013 SNPs

Intersection on Positions: 58804
Nr of Matching Refs: 58804 / 58804
Full Intersection Ref/Alt Identical: 58763 / 58804
2504 / 2504 Individuals included in Reference
Extraction of 5008 Haplotypes complete
Reduced to markers called 34085 / 58763
(Fraction SNP: 0.5800418630771064)
Successfully saved to: ./Empirical/Eigenstrat/Reichall/RISE150.SG/chr10/
Successfully loaded Data from: ./Empirical/Eigenstrat/Reichall/RISE150.SG/chr10/
Loaded Emission Model: haploid
Loaded Transition Model: model
Loaded Post Processing Model: Standard
Minimum Genetic Map: 0.0001
Maximum Genetic Map: 1.8091
Gaps bigger than 0.1 cM: 238
Maximum Gap: 2.0340 cM
Loaded Transition and Emission Matrix:
(3, 3)
(5009, 34085)
Loaded Observations:
(2, 34085)
Memory Usage: 1772.60544 mB
Reference Number: 5008
Total Log likelihood: -12690.575
Memory Usage: 1772.60544 mB
Finished Calculation State Posteriors
Saved Zero State Posterior to ./Empirical/Eigenstrat/Reichall/RISE150.SG/chr10/.
Successfully loaded for PP. from ./Empirical/Eigenstrat/Reichall/RISE150.SG/chr10/
Fraction Markers in ROH: 0.3747
Merged n=0 gaps < 0.0 M
Called n=10 ROH Blocks > 1.0 cM
Longest Block: 1.263
Successfully saved to ./Empirical/Eigenstrat/Reichall/RISE150.SG/chr10/roh.csv
Using Low-Mem Cython Linear Speed Up.
Loaded Pre Processing Model: Eigenstrat
Loading Individual: RISE150.SG

Loaded 54833 variants
Loaded 2504 individuals
HDF5 loaded from ./Data/1000Genomes/HDF5/1240kHDF5/all1240/chr11.hdf5
3 Eigenstrat Files with 5081 Individuals and 1233013 SNPs

Intersection on Positions: 54833
Nr of Matching Refs: 54833 / 54833
Full Intersection Ref/Alt Identical: 54796 / 54833
2504 / 2504 Individuals included in Reference
Extraction of 5008 Haplotypes complete
Reduced to markers called 31065 / 54796
(Fraction SNP: 0.5669209431345353)
Successfully saved to: ./Empirical/Eigenstrat/Reichall/RISE150.SG/chr11/
Successfully loaded Data from: ./Empirical/Eigenstrat/Reichall/RISE150.SG/chr11/
Loaded Emission Model: haploid
Loaded Transition Model: model
Loaded Post Processing Model: Standard
Minimum Genetic Map: 0.0000
Maximum Genetic Map: 1.5822
Gaps bigger than 0.1 cM: 223
Maximum Gap: 0.5373 cM
Loaded Transition and Emission Matrix:
(3, 3)
(5009, 31065)
Loaded Observations:
(2, 31065)
Memory Usage: 1636.798464 mB
Reference Number: 5008
Total Log likelihood: -11734.951
Memory Usage: 1636.798464 mB
Finished Calculation State Posteriors
Saved Zero State Posterior to ./Empirical/Eigenstrat/Reichall/RISE150.SG/chr11/.
Successfully loaded for PP. from ./Empirical/Eigenstrat/Reichall/RISE150.SG/chr11/
Fraction Markers in ROH: 0.3539
Merged n=0 gaps < 0.0 M
Called n=4 ROH Blocks > 1.0 cM
Longest Block: 1.592
Successfully saved to ./Empirical/Eigenstrat/Reichall/RISE150.SG/chr11/roh.csv
Using Low-Mem Cython Linear Speed Up.
Loaded Pre Processing Model: Eigenstrat
Loading Individual: RISE150.SG

Loaded 53911 variants
Loaded 2504 individuals
HDF5 loaded from ./Data/1000Genomes/HDF5/1240kHDF5/all1240/chr12.hdf5
3 Eigenstrat Files with 5081 Individuals and 1233013 SNPs

Intersection on Positions: 53911
Nr of Matching Refs: 53911 / 53911
Full Intersection Ref/Alt Identical: 53884 / 53911
2504 / 2504 Individuals included in Reference
Extraction of 5008 Haplotypes complete
Reduced to markers called 29021 / 53884
(Fraction SNP: 0.5385828817459728)
Successfully saved to: ./Empirical/Eigenstrat/Reichall/RISE150.SG/chr12/
Successfully loaded Data from: ./Empirical/Eigenstrat/Reichall/RISE150.SG/chr12/
Loaded Emission Model: haploid
Loaded Transition Model: model
Loaded Post Processing Model: Standard
Minimum Genetic Map: 0.0017
Maximum Genetic Map: 1.7468
Gaps bigger than 0.1 cM: 266
Maximum Gap: 1.1525 cM
Loaded Transition and Emission Matrix:
(3, 3)
(5009, 29021)
Loaded Observations:
(2, 29021)
Memory Usage: 1543.929856 mB
Reference Number: 5008
Total Log likelihood: -11313.511
Memory Usage: 1543.929856 mB
Finished Calculation State Posteriors
Saved Zero State Posterior to ./Empirical/Eigenstrat/Reichall/RISE150.SG/chr12/.
Successfully loaded for PP. from ./Empirical/Eigenstrat/Reichall/RISE150.SG/chr12/
Fraction Markers in ROH: 0.3388
Merged n=0 gaps < 0.0 M
Called n=6 ROH Blocks > 1.0 cM
Longest Block: 1.883
Successfully saved to ./Empirical/Eigenstrat/Reichall/RISE150.SG/chr12/roh.csv
Using Low-Mem Cython Linear Speed Up.
Loaded Pre Processing Model: Eigenstrat
Loading Individual: RISE150.SG

Loaded 39018 variants
Loaded 2504 individuals
HDF5 loaded from ./Data/1000Genomes/HDF5/1240kHDF5/all1240/chr13.hdf5
3 Eigenstrat Files with 5081 Individuals and 1233013 SNPs

Intersection on Positions: 39018
Nr of Matching Refs: 39018 / 39018
Full Intersection Ref/Alt Identical: 38994 / 39018
2504 / 2504 Individuals included in Reference
Extraction of 5008 Haplotypes complete
Reduced to markers called 18247 / 38994
(Fraction SNP: 0.46794378622352156)
Successfully saved to: ./Empirical/Eigenstrat/Reichall/RISE150.SG/chr13/
Successfully loaded Data from: ./Empirical/Eigenstrat/Reichall/RISE150.SG/chr13/
Loaded Emission Model: haploid
Loaded Transition Model: model
Loaded Post Processing Model: Standard
Minimum Genetic Map: 0.0021
Maximum Genetic Map: 1.2570
Gaps bigger than 0.1 cM: 210
Maximum Gap: 1.2216 cM
Loaded Transition and Emission Matrix:
(3, 3)
(5009, 18247)
Loaded Observations:
(2, 18247)
Memory Usage: 1058.65216 mB
Reference Number: 5008
Total Log likelihood: -6820.642
Memory Usage: 1058.312192 mB
Finished Calculation State Posteriors
Saved Zero State Posterior to ./Empirical/Eigenstrat/Reichall/RISE150.SG/chr13/.
Successfully loaded for PP. from ./Empirical/Eigenstrat/Reichall/RISE150.SG/chr13/
Fraction Markers in ROH: 0.3874
Merged n=0 gaps < 0.0 M
Called n=6 ROH Blocks > 1.0 cM
Longest Block: 1.462
Successfully saved to ./Empirical/Eigenstrat/Reichall/RISE150.SG/chr13/roh.csv
Using Low-Mem Cython Linear Speed Up.
Loaded Pre Processing Model: Eigenstrat
Loading Individual: RISE150.SG

Loaded 36301 variants
Loaded 2504 individuals
HDF5 loaded from ./Data/1000Genomes/HDF5/1240kHDF5/all1240/chr14.hdf5
3 Eigenstrat Files with 5081 Individuals and 1233013 SNPs

Intersection on Positions: 36301
Nr of Matching Refs: 36301 / 36301
Full Intersection Ref/Alt Identical: 36280 / 36301
2504 / 2504 Individuals included in Reference
Extraction of 5008 Haplotypes complete
Reduced to markers called 19941 / 36280
(Fraction SNP: 0.5496416758544652)
Successfully saved to: ./Empirical/Eigenstrat/Reichall/RISE150.SG/chr14/
Successfully loaded Data from: ./Empirical/Eigenstrat/Reichall/RISE150.SG/chr14/
Loaded Emission Model: haploid
Loaded Transition Model: model
Loaded Post Processing Model: Standard
Minimum Genetic Map: 0.0184
Maximum Genetic Map: 1.2020
Gaps bigger than 0.1 cM: 177
Maximum Gap: 2.8973 cM
Loaded Transition and Emission Matrix:
(3, 3)
(5009, 19941)
Loaded Observations:
(2, 19941)
Memory Usage: 1134.91968 mB
Reference Number: 5008
Total Log likelihood: -7534.841
Memory Usage: 1134.91968 mB
Finished Calculation State Posteriors
Saved Zero State Posterior to ./Empirical/Eigenstrat/Reichall/RISE150.SG/chr14/.
Successfully loaded for PP. from ./Empirical/Eigenstrat/Reichall/RISE150.SG/chr14/
Fraction Markers in ROH: 0.3756
Merged n=0 gaps < 0.0 M
Called n=2 ROH Blocks > 1.0 cM
Longest Block: 2.378
Successfully saved to ./Empirical/Eigenstrat/Reichall/RISE150.SG/chr14/roh.csv
Using Low-Mem Cython Linear Speed Up.
Loaded Pre Processing Model: Eigenstrat
Loading Individual: RISE150.SG

Loaded 34429 variants
Loaded 2504 individuals
HDF5 loaded from ./Data/1000Genomes/HDF5/1240kHDF5/all1240/chr15.hdf5
3 Eigenstrat Files with 5081 Individuals and 1233013 SNPs

Intersection on Positions: 34429
Nr of Matching Refs: 34429 / 34429
Full Intersection Ref/Alt Identical: 34407 / 34429
2504 / 2504 Individuals included in Reference
Extraction of 5008 Haplotypes complete
Reduced to markers called 20462 / 34407
(Fraction SNP: 0.5947045659313511)
Successfully saved to: ./Empirical/Eigenstrat/Reichall/RISE150.SG/chr15/
Successfully loaded Data from: ./Empirical/Eigenstrat/Reichall/RISE150.SG/chr15/
Loaded Emission Model: haploid
Loaded Transition Model: model
Loaded Post Processing Model: Standard
Minimum Genetic Map: 0.0000
Maximum Genetic Map: 1.4134
Gaps bigger than 0.1 cM: 186
Maximum Gap: 11.5002 cM
Loaded Transition and Emission Matrix:
(3, 3)
(5009, 20462)
Loaded Observations:
(2, 20462)
Memory Usage: 1158.766592 mB
Reference Number: 5008
Total Log likelihood: -7482.297
Memory Usage: 1158.766592 mB
Finished Calculation State Posteriors
Saved Zero State Posterior to ./Empirical/Eigenstrat/Reichall/RISE150.SG/chr15/.
Successfully loaded for PP. from ./Empirical/Eigenstrat/Reichall/RISE150.SG/chr15/
Fraction Markers in ROH: 0.3793
Merged n=0 gaps < 0.0 M
Called n=7 ROH Blocks > 1.0 cM
Longest Block: 1.875
Successfully saved to ./Empirical/Eigenstrat/Reichall/RISE150.SG/chr15/roh.csv
Using Low-Mem Cython Linear Speed Up.
Loaded Pre Processing Model: Eigenstrat
Loading Individual: RISE150.SG

Loaded 34402 variants
Loaded 2504 individuals
HDF5 loaded from ./Data/1000Genomes/HDF5/1240kHDF5/all1240/chr16.hdf5
3 Eigenstrat Files with 5081 Individuals and 1233013 SNPs

Intersection on Positions: 34402
Nr of Matching Refs: 34402 / 34402
Full Intersection Ref/Alt Identical: 34375 / 34402
2504 / 2504 Individuals included in Reference
Extraction of 5008 Haplotypes complete
Reduced to markers called 22633 / 34375
(Fraction SNP: 0.6584145454545455)
Successfully saved to: ./Empirical/Eigenstrat/Reichall/RISE150.SG/chr16/
Successfully loaded Data from: ./Empirical/Eigenstrat/Reichall/RISE150.SG/chr16/
Loaded Emission Model: haploid
Loaded Transition Model: model
Loaded Post Processing Model: Standard
Minimum Genetic Map: -0.0000
Maximum Genetic Map: 1.3403
Gaps bigger than 0.1 cM: 181
Maximum Gap: 0.8458 cM
Loaded Transition and Emission Matrix:
(3, 3)
(5009, 22633)
Loaded Observations:
(2, 22633)
Memory Usage: 1256.98048 mB
Reference Number: 5008
Total Log likelihood: -8566.181
Memory Usage: 1256.98048 mB
Finished Calculation State Posteriors
Saved Zero State Posterior to ./Empirical/Eigenstrat/Reichall/RISE150.SG/chr16/.
Successfully loaded for PP. from ./Empirical/Eigenstrat/Reichall/RISE150.SG/chr16/
Fraction Markers in ROH: 0.3776
Merged n=0 gaps < 0.0 M
Called n=6 ROH Blocks > 1.0 cM
Longest Block: 1.990
Successfully saved to ./Empirical/Eigenstrat/Reichall/RISE150.SG/chr16/roh.csv
Using Low-Mem Cython Linear Speed Up.
Loaded Pre Processing Model: Eigenstrat
Loading Individual: RISE150.SG

Loaded 29314 variants
Loaded 2504 individuals
HDF5 loaded from ./Data/1000Genomes/HDF5/1240kHDF5/all1240/chr17.hdf5
3 Eigenstrat Files with 5081 Individuals and 1233013 SNPs

Intersection on Positions: 29314
Nr of Matching Refs: 29314 / 29314
Full Intersection Ref/Alt Identical: 29292 / 29314
2504 / 2504 Individuals included in Reference
Extraction of 5008 Haplotypes complete
Reduced to markers called 20392 / 29292
(Fraction SNP: 0.6961627748190632)
Successfully saved to: ./Empirical/Eigenstrat/Reichall/RISE150.SG/chr17/
Successfully loaded Data from: ./Empirical/Eigenstrat/Reichall/RISE150.SG/chr17/
Loaded Emission Model: haploid
Loaded Transition Model: model
Loaded Post Processing Model: Standard
Minimum Genetic Map: -0.0003
Maximum Genetic Map: 1.2847
Gaps bigger than 0.1 cM: 170
Maximum Gap: 1.2341 cM
Loaded Transition and Emission Matrix:
(3, 3)
(5009, 20392)
Loaded Observations:
(2, 20392)
Memory Usage: 1155.70688 mB
Reference Number: 5008
Total Log likelihood: -7725.082
Memory Usage: 1155.70688 mB
Finished Calculation State Posteriors
Saved Zero State Posterior to ./Empirical/Eigenstrat/Reichall/RISE150.SG/chr17/.
Successfully loaded for PP. from ./Empirical/Eigenstrat/Reichall/RISE150.SG/chr17/
Fraction Markers in ROH: 0.3840
Merged n=0 gaps < 0.0 M
Called n=3 ROH Blocks > 1.0 cM
Longest Block: 1.546
Successfully saved to ./Empirical/Eigenstrat/Reichall/RISE150.SG/chr17/roh.csv
Using Low-Mem Cython Linear Speed Up.
Loaded Pre Processing Model: Eigenstrat
Loading Individual: RISE150.SG

Loaded 33917 variants
Loaded 2504 individuals
HDF5 loaded from ./Data/1000Genomes/HDF5/1240kHDF5/all1240/chr18.hdf5
3 Eigenstrat Files with 5081 Individuals and 1233013 SNPs

Intersection on Positions: 33917
Nr of Matching Refs: 33917 / 33917
Full Intersection Ref/Alt Identical: 33902 / 33917
2504 / 2504 Individuals included in Reference
Extraction of 5008 Haplotypes complete
Reduced to markers called 17470 / 33902
(Fraction SNP: 0.5153088313373843)
Successfully saved to: ./Empirical/Eigenstrat/Reichall/RISE150.SG/chr18/
Successfully loaded Data from: ./Empirical/Eigenstrat/Reichall/RISE150.SG/chr18/
Loaded Emission Model: haploid
Loaded Transition Model: model
Loaded Post Processing Model: Standard
Minimum Genetic Map: 0.0025
Maximum Genetic Map: 1.1771
Gaps bigger than 0.1 cM: 191
Maximum Gap: 0.5357 cM
Loaded Transition and Emission Matrix:
(3, 3)
(5009, 17470)
Loaded Observations:
(2, 17470)
Memory Usage: 1023.762432 mB
Reference Number: 5008
Total Log likelihood: -6496.243
Memory Usage: 1023.762432 mB
Finished Calculation State Posteriors
Saved Zero State Posterior to ./Empirical/Eigenstrat/Reichall/RISE150.SG/chr18/.
Successfully loaded for PP. from ./Empirical/Eigenstrat/Reichall/RISE150.SG/chr18/
Fraction Markers in ROH: 0.3997
Merged n=0 gaps < 0.0 M
Called n=5 ROH Blocks > 1.0 cM
Longest Block: 1.665
Successfully saved to ./Empirical/Eigenstrat/Reichall/RISE150.SG/chr18/roh.csv
Using Low-Mem Cython Linear Speed Up.
Loaded Pre Processing Model: Eigenstrat
Loading Individual: RISE150.SG

Loaded 18460 variants
Loaded 2504 individuals
HDF5 loaded from ./Data/1000Genomes/HDF5/1240kHDF5/all1240/chr19.hdf5
3 Eigenstrat Files with 5081 Individuals and 1233013 SNPs

Intersection on Positions: 18460
Nr of Matching Refs: 18460 / 18460
Full Intersection Ref/Alt Identical: 18441 / 18460
2504 / 2504 Individuals included in Reference
Extraction of 5008 Haplotypes complete
Reduced to markers called 14036 / 18441
(Fraction SNP: 0.7611300905590803)
Successfully saved to: ./Empirical/Eigenstrat/Reichall/RISE150.SG/chr19/
Successfully loaded Data from: ./Empirical/Eigenstrat/Reichall/RISE150.SG/chr19/
Loaded Emission Model: haploid
Loaded Transition Model: model
Loaded Post Processing Model: Standard
Minimum Genetic Map: 0.0000
Maximum Genetic Map: 1.0773
Gaps bigger than 0.1 cM: 163
Maximum Gap: 0.6114 cM
Loaded Transition and Emission Matrix:
(3, 3)
(5009, 14036)
Loaded Observations:
(2, 14036)
Memory Usage: 869.347328 mB
Reference Number: 5008
Total Log likelihood: -5286.774
Memory Usage: 869.347328 mB
Finished Calculation State Posteriors
Saved Zero State Posterior to ./Empirical/Eigenstrat/Reichall/RISE150.SG/chr19/.
Successfully loaded for PP. from ./Empirical/Eigenstrat/Reichall/RISE150.SG/chr19/
Fraction Markers in ROH: 0.4378
Merged n=0 gaps < 0.0 M
Called n=8 ROH Blocks > 1.0 cM
Longest Block: 2.281
Successfully saved to ./Empirical/Eigenstrat/Reichall/RISE150.SG/chr19/roh.csv
Using Low-Mem Cython Linear Speed Up.
Loaded Pre Processing Model: Eigenstrat
Loading Individual: RISE150.SG

Loaded 29078 variants
Loaded 2504 individuals
HDF5 loaded from ./Data/1000Genomes/HDF5/1240kHDF5/all1240/chr20.hdf5
3 Eigenstrat Files with 5081 Individuals and 1233013 SNPs

Intersection on Positions: 29078
Nr of Matching Refs: 29078 / 29078
Full Intersection Ref/Alt Identical: 29053 / 29078
2504 / 2504 Individuals included in Reference
Extraction of 5008 Haplotypes complete
Reduced to markers called 19037 / 29053
(Fraction SNP: 0.6552507486318109)
Successfully saved to: ./Empirical/Eigenstrat/Reichall/RISE150.SG/chr20/
Successfully loaded Data from: ./Empirical/Eigenstrat/Reichall/RISE150.SG/chr20/
Loaded Emission Model: haploid
Loaded Transition Model: model
Loaded Post Processing Model: Standard
Minimum Genetic Map: 0.0000
Maximum Genetic Map: 1.0821
Gaps bigger than 0.1 cM: 163
Maximum Gap: 0.8977 cM
Loaded Transition and Emission Matrix:
(3, 3)
(5009, 19037)
Loaded Observations:
(2, 19037)
Memory Usage: 1094.803456 mB
Reference Number: 5008
Total Log likelihood: -6760.489
Memory Usage: 1094.803456 mB
Finished Calculation State Posteriors
Saved Zero State Posterior to ./Empirical/Eigenstrat/Reichall/RISE150.SG/chr20/.
Successfully loaded for PP. from ./Empirical/Eigenstrat/Reichall/RISE150.SG/chr20/
Fraction Markers in ROH: 0.4255
Merged n=0 gaps < 0.0 M
Called n=7 ROH Blocks > 1.0 cM
Longest Block: 2.574
Successfully saved to ./Empirical/Eigenstrat/Reichall/RISE150.SG/chr20/roh.csv
Using Low-Mem Cython Linear Speed Up.
Loaded Pre Processing Model: Eigenstrat
Loading Individual: RISE150.SG

Loaded 16038 variants
Loaded 2504 individuals
HDF5 loaded from ./Data/1000Genomes/HDF5/1240kHDF5/all1240/chr21.hdf5
3 Eigenstrat Files with 5081 Individuals and 1233013 SNPs

Intersection on Positions: 16038
Nr of Matching Refs: 16038 / 16038
Full Intersection Ref/Alt Identical: 16031 / 16038
2504 / 2504 Individuals included in Reference
Extraction of 5008 Haplotypes complete
Reduced to markers called 8670 / 16031
(Fraction SNP: 0.5408271474019088)
Successfully saved to: ./Empirical/Eigenstrat/Reichall/RISE150.SG/chr21/
Successfully loaded Data from: ./Empirical/Eigenstrat/Reichall/RISE150.SG/chr21/
Loaded Emission Model: haploid
Loaded Transition Model: model
Loaded Post Processing Model: Standard
Minimum Genetic Map: -0.0085
Maximum Genetic Map: 0.6279
Gaps bigger than 0.1 cM: 117
Maximum Gap: 2.3602 cM
Loaded Transition and Emission Matrix:
(3, 3)
(5009, 8670)
Loaded Observations:
(2, 8670)
Memory Usage: 627.5072 mB
Reference Number: 5008
Total Log likelihood: -3172.248
Memory Usage: 627.5072 mB
Finished Calculation State Posteriors
Saved Zero State Posterior to ./Empirical/Eigenstrat/Reichall/RISE150.SG/chr21/.
Successfully loaded for PP. from ./Empirical/Eigenstrat/Reichall/RISE150.SG/chr21/
Fraction Markers in ROH: 0.3687
Merged n=0 gaps < 0.0 M
Called n=2 ROH Blocks > 1.0 cM
Longest Block: 1.251
Successfully saved to ./Empirical/Eigenstrat/Reichall/RISE150.SG/chr21/roh.csv
Using Low-Mem Cython Linear Speed Up.
Loaded Pre Processing Model: Eigenstrat
Loading Individual: RISE150.SG

Loaded 15802 variants
Loaded 2504 individuals
HDF5 loaded from ./Data/1000Genomes/HDF5/1240kHDF5/all1240/chr22.hdf5
3 Eigenstrat Files with 5081 Individuals and 1233013 SNPs

Intersection on Positions: 15802
Nr of Matching Refs: 15802 / 15802
Full Intersection Ref/Alt Identical: 15793 / 15802
2504 / 2504 Individuals included in Reference
Extraction of 5008 Haplotypes complete
Reduced to markers called 12187 / 15793
(Fraction SNP: 0.7716709934781232)
Successfully saved to: ./Empirical/Eigenstrat/Reichall/RISE150.SG/chr22/
Successfully loaded Data from: ./Empirical/Eigenstrat/Reichall/RISE150.SG/chr22/
Loaded Emission Model: haploid
Loaded Transition Model: model
Loaded Post Processing Model: Standard
Minimum Genetic Map: 0.0171
Maximum Genetic Map: 0.7408
Gaps bigger than 0.1 cM: 97
Maximum Gap: 1.6949 cM
Loaded Transition and Emission Matrix:
(3, 3)
(5009, 12187)
Loaded Observations:
(2, 12187)
Memory Usage: 785.600512 mB
Reference Number: 5008
Total Log likelihood: -4802.154
Memory Usage: 785.600512 mB
Finished Calculation State Posteriors
Saved Zero State Posterior to ./Empirical/Eigenstrat/Reichall/RISE150.SG/chr22/.
Successfully loaded for PP. from ./Empirical/Eigenstrat/Reichall/RISE150.SG/chr22/
Fraction Markers in ROH: 0.3074
Merged n=0 gaps < 0.0 M
Called n=1 ROH Blocks > 1.0 cM
Longest Block: 1.017
Successfully saved to ./Empirical/Eigenstrat/Reichall/RISE150.SG/chr22/roh.csv
