Loaded 2106 / 5081 ancient Indivdiuals Anno File.
Doing Individual RISE499.SG...
Using Low-Mem Cython Linear Speed Up.
Loaded Pre Processing Model: Eigenstrat
Loading Individual: RISE499.SG

Loaded 89147 variants
Loaded 2504 individuals
HDF5 loaded from ./Data/1000Genomes/HDF5/1240kHDF5/all1240/chr1.hdf5
3 Eigenstrat Files with 5081 Individuals and 1233013 SNPs

Intersection on Positions: 89147
Nr of Matching Refs: 89147 / 89147
Full Intersection Ref/Alt Identical: 89082 / 89147
2504 / 2504 Individuals included in Reference
Extraction of 5008 Haplotypes complete
Reduced to markers called 66759 / 89082
(Fraction SNP: 0.7494106553512494)
Successfully saved to: ./Empirical/Eigenstrat/Reichall/RISE499.SG/chr1/
Successfully loaded Data from: ./Empirical/Eigenstrat/Reichall/RISE499.SG/chr1/
Loaded Emission Model: haploid
Loaded Transition Model: model
Loaded Post Processing Model: Standard
Minimum Genetic Map: 0.0201
Maximum Genetic Map: 2.8626
Gaps bigger than 0.1 cM: 309
Maximum Gap: 2.9492 cM
Loaded Transition and Emission Matrix:
(3, 3)
(5009, 66759)
Loaded Observations:
(2, 66759)
Memory Usage: 3204.476928 mB
Reference Number: 5008
Total Log likelihood: -23096.138
Memory Usage: 3204.939776 mB
Finished Calculation State Posteriors
Saved Zero State Posterior to ./Empirical/Eigenstrat/Reichall/RISE499.SG/chr1/.
Successfully loaded for PP. from ./Empirical/Eigenstrat/Reichall/RISE499.SG/chr1/
Fraction Markers in ROH: 0.4048
Merged n=0 gaps < 0.0 M
Called n=10 ROH Blocks > 1.0 cM
Longest Block: 13.453
Successfully saved to ./Empirical/Eigenstrat/Reichall/RISE499.SG/chr1/roh.csv
Using Low-Mem Cython Linear Speed Up.
Loaded Pre Processing Model: Eigenstrat
Loading Individual: RISE499.SG

Loaded 94239 variants
Loaded 2504 individuals
HDF5 loaded from ./Data/1000Genomes/HDF5/1240kHDF5/all1240/chr2.hdf5
3 Eigenstrat Files with 5081 Individuals and 1233013 SNPs

Intersection on Positions: 94239
Nr of Matching Refs: 94239 / 94239
Full Intersection Ref/Alt Identical: 94173 / 94239
2504 / 2504 Individuals included in Reference
Extraction of 5008 Haplotypes complete
Reduced to markers called 69411 / 94173
(Fraction SNP: 0.7370583925328916)
Successfully saved to: ./Empirical/Eigenstrat/Reichall/RISE499.SG/chr2/
Successfully loaded Data from: ./Empirical/Eigenstrat/Reichall/RISE499.SG/chr2/
Loaded Emission Model: haploid
Loaded Transition Model: model
Loaded Post Processing Model: Standard
Minimum Genetic Map: 0.0002
Maximum Genetic Map: 2.6883
Gaps bigger than 0.1 cM: 304
Maximum Gap: 1.8302 cM
Loaded Transition and Emission Matrix:
(3, 3)
(5009, 69411)
Loaded Observations:
(2, 69411)
Memory Usage: 3363.155968 mB
Reference Number: 5008
Total Log likelihood: -25249.059
Memory Usage: 3363.155968 mB
Finished Calculation State Posteriors
Saved Zero State Posterior to ./Empirical/Eigenstrat/Reichall/RISE499.SG/chr2/.
Successfully loaded for PP. from ./Empirical/Eigenstrat/Reichall/RISE499.SG/chr2/
Fraction Markers in ROH: 0.4019
Merged n=0 gaps < 0.0 M
Called n=6 ROH Blocks > 1.0 cM
Longest Block: 3.363
Successfully saved to ./Empirical/Eigenstrat/Reichall/RISE499.SG/chr2/roh.csv
Using Low-Mem Cython Linear Speed Up.
Loaded Pre Processing Model: Eigenstrat
Loading Individual: RISE499.SG

Loaded 77652 variants
Loaded 2504 individuals
HDF5 loaded from ./Data/1000Genomes/HDF5/1240kHDF5/all1240/chr3.hdf5
3 Eigenstrat Files with 5081 Individuals and 1233013 SNPs

Intersection on Positions: 77652
Nr of Matching Refs: 77652 / 77652
Full Intersection Ref/Alt Identical: 77601 / 77652
2504 / 2504 Individuals included in Reference
Extraction of 5008 Haplotypes complete
Reduced to markers called 56736 / 77601
(Fraction SNP: 0.7311245989098079)
Successfully saved to: ./Empirical/Eigenstrat/Reichall/RISE499.SG/chr3/
Successfully loaded Data from: ./Empirical/Eigenstrat/Reichall/RISE499.SG/chr3/
Loaded Emission Model: haploid
Loaded Transition Model: model
Loaded Post Processing Model: Standard
Minimum Genetic Map: 0.0000
Maximum Genetic Map: 2.2326
Gaps bigger than 0.1 cM: 262
Maximum Gap: 0.2681 cM
Loaded Transition and Emission Matrix:
(3, 3)
(5009, 56736)
Loaded Observations:
(2, 56736)
Memory Usage: 2792.095744 mB
Reference Number: 5008
Total Log likelihood: -21400.553
Memory Usage: 2792.095744 mB
Finished Calculation State Posteriors
Saved Zero State Posterior to ./Empirical/Eigenstrat/Reichall/RISE499.SG/chr3/.
Successfully loaded for PP. from ./Empirical/Eigenstrat/Reichall/RISE499.SG/chr3/
Fraction Markers in ROH: 0.3466
Merged n=0 gaps < 0.0 M
Called n=1 ROH Blocks > 1.0 cM
Longest Block: 4.384
Successfully saved to ./Empirical/Eigenstrat/Reichall/RISE499.SG/chr3/roh.csv
Using Low-Mem Cython Linear Speed Up.
Loaded Pre Processing Model: Eigenstrat
Loading Individual: RISE499.SG

Loaded 68759 variants
Loaded 2504 individuals
HDF5 loaded from ./Data/1000Genomes/HDF5/1240kHDF5/all1240/chr4.hdf5
3 Eigenstrat Files with 5081 Individuals and 1233013 SNPs

Intersection on Positions: 68759
Nr of Matching Refs: 68759 / 68759
Full Intersection Ref/Alt Identical: 68720 / 68759
2504 / 2504 Individuals included in Reference
Extraction of 5008 Haplotypes complete
Reduced to markers called 48740 / 68720
(Fraction SNP: 0.709254947613504)
Successfully saved to: ./Empirical/Eigenstrat/Reichall/RISE499.SG/chr4/
Successfully loaded Data from: ./Empirical/Eigenstrat/Reichall/RISE499.SG/chr4/
Loaded Emission Model: haploid
Loaded Transition Model: model
Loaded Post Processing Model: Standard
Minimum Genetic Map: 0.0034
Maximum Genetic Map: 2.1454
Gaps bigger than 0.1 cM: 257
Maximum Gap: 2.0422 cM
Loaded Transition and Emission Matrix:
(3, 3)
(5009, 48740)
Loaded Observations:
(2, 48740)
Memory Usage: 2432.053248 mB
Reference Number: 5008
Total Log likelihood: -17436.768
Memory Usage: 2432.053248 mB
Finished Calculation State Posteriors
Saved Zero State Posterior to ./Empirical/Eigenstrat/Reichall/RISE499.SG/chr4/.
Successfully loaded for PP. from ./Empirical/Eigenstrat/Reichall/RISE499.SG/chr4/
Fraction Markers in ROH: 0.4047
Merged n=0 gaps < 0.0 M
Called n=8 ROH Blocks > 1.0 cM
Longest Block: 2.440
Successfully saved to ./Empirical/Eigenstrat/Reichall/RISE499.SG/chr4/roh.csv
Using Low-Mem Cython Linear Speed Up.
Loaded Pre Processing Model: Eigenstrat
Loading Individual: RISE499.SG

Loaded 69399 variants
Loaded 2504 individuals
HDF5 loaded from ./Data/1000Genomes/HDF5/1240kHDF5/all1240/chr5.hdf5
3 Eigenstrat Files with 5081 Individuals and 1233013 SNPs

Intersection on Positions: 69399
Nr of Matching Refs: 69399 / 69399
Full Intersection Ref/Alt Identical: 69354 / 69399
2504 / 2504 Individuals included in Reference
Extraction of 5008 Haplotypes complete
Reduced to markers called 50575 / 69354
(Fraction SNP: 0.7292297488248695)
Successfully saved to: ./Empirical/Eigenstrat/Reichall/RISE499.SG/chr5/
Successfully loaded Data from: ./Empirical/Eigenstrat/Reichall/RISE499.SG/chr5/
Loaded Emission Model: haploid
Loaded Transition Model: model
Loaded Post Processing Model: Standard
Minimum Genetic Map: 0.0004
Maximum Genetic Map: 2.0408
Gaps bigger than 0.1 cM: 257
Maximum Gap: 1.3052 cM
Loaded Transition and Emission Matrix:
(3, 3)
(5009, 50575)
Loaded Observations:
(2, 50575)
Memory Usage: 2515.222528 mB
Reference Number: 5008
Total Log likelihood: -18607.593
Memory Usage: 2515.222528 mB
Finished Calculation State Posteriors
Saved Zero State Posterior to ./Empirical/Eigenstrat/Reichall/RISE499.SG/chr5/.
Successfully loaded for PP. from ./Empirical/Eigenstrat/Reichall/RISE499.SG/chr5/
Fraction Markers in ROH: 0.3500
Merged n=0 gaps < 0.0 M
Called n=5 ROH Blocks > 1.0 cM
Longest Block: 1.316
Successfully saved to ./Empirical/Eigenstrat/Reichall/RISE499.SG/chr5/roh.csv
Using Low-Mem Cython Linear Speed Up.
Loaded Pre Processing Model: Eigenstrat
Loading Individual: RISE499.SG

Loaded 75870 variants
Loaded 2504 individuals
HDF5 loaded from ./Data/1000Genomes/HDF5/1240kHDF5/all1240/chr6.hdf5
3 Eigenstrat Files with 5081 Individuals and 1233013 SNPs

Intersection on Positions: 75870
Nr of Matching Refs: 75870 / 75870
Full Intersection Ref/Alt Identical: 75816 / 75870
2504 / 2504 Individuals included in Reference
Extraction of 5008 Haplotypes complete
Reduced to markers called 55301 / 75816
(Fraction SNP: 0.7294106784847526)
Successfully saved to: ./Empirical/Eigenstrat/Reichall/RISE499.SG/chr6/
Successfully loaded Data from: ./Empirical/Eigenstrat/Reichall/RISE499.SG/chr6/
Loaded Emission Model: haploid
Loaded Transition Model: model
Loaded Post Processing Model: Standard
Minimum Genetic Map: 0.0032
Maximum Genetic Map: 1.9203
Gaps bigger than 0.1 cM: 203
Maximum Gap: 0.5062 cM
Loaded Transition and Emission Matrix:
(3, 3)
(5009, 55301)
Loaded Observations:
(2, 55301)
Memory Usage: 2728.419328 mB
Reference Number: 5008
Total Log likelihood: -20556.071
Memory Usage: 2728.419328 mB
Finished Calculation State Posteriors
Saved Zero State Posterior to ./Empirical/Eigenstrat/Reichall/RISE499.SG/chr6/.
Successfully loaded for PP. from ./Empirical/Eigenstrat/Reichall/RISE499.SG/chr6/
Fraction Markers in ROH: 0.3435
Merged n=0 gaps < 0.0 M
Called n=6 ROH Blocks > 1.0 cM
Longest Block: 1.289
Successfully saved to ./Empirical/Eigenstrat/Reichall/RISE499.SG/chr6/roh.csv
Using Low-Mem Cython Linear Speed Up.
Loaded Pre Processing Model: Eigenstrat
Loading Individual: RISE499.SG

Loaded 59890 variants
Loaded 2504 individuals
HDF5 loaded from ./Data/1000Genomes/HDF5/1240kHDF5/all1240/chr7.hdf5
3 Eigenstrat Files with 5081 Individuals and 1233013 SNPs

Intersection on Positions: 59890
Nr of Matching Refs: 59890 / 59890
Full Intersection Ref/Alt Identical: 59836 / 59890
2504 / 2504 Individuals included in Reference
Extraction of 5008 Haplotypes complete
Reduced to markers called 43613 / 59836
(Fraction SNP: 0.7288755932883214)
Successfully saved to: ./Empirical/Eigenstrat/Reichall/RISE499.SG/chr7/
Successfully loaded Data from: ./Empirical/Eigenstrat/Reichall/RISE499.SG/chr7/
Loaded Emission Model: haploid
Loaded Transition Model: model
Loaded Post Processing Model: Standard
Minimum Genetic Map: 0.0000
Maximum Genetic Map: 1.8715
Gaps bigger than 0.1 cM: 229
Maximum Gap: 0.8477 cM
Loaded Transition and Emission Matrix:
(3, 3)
(5009, 43613)
Loaded Observations:
(2, 43613)
Memory Usage: 2201.014272 mB
Reference Number: 5008
Total Log likelihood: -16362.981
Memory Usage: 2201.014272 mB
Finished Calculation State Posteriors
Saved Zero State Posterior to ./Empirical/Eigenstrat/Reichall/RISE499.SG/chr7/.
Successfully loaded for PP. from ./Empirical/Eigenstrat/Reichall/RISE499.SG/chr7/
Fraction Markers in ROH: 0.3427
Merged n=0 gaps < 0.0 M
Called n=10 ROH Blocks > 1.0 cM
Longest Block: 2.525
Successfully saved to ./Empirical/Eigenstrat/Reichall/RISE499.SG/chr7/roh.csv
Using Low-Mem Cython Linear Speed Up.
Loaded Pre Processing Model: Eigenstrat
Loading Individual: RISE499.SG

Loaded 61133 variants
Loaded 2504 individuals
HDF5 loaded from ./Data/1000Genomes/HDF5/1240kHDF5/all1240/chr8.hdf5
3 Eigenstrat Files with 5081 Individuals and 1233013 SNPs

Intersection on Positions: 61133
Nr of Matching Refs: 61133 / 61133
Full Intersection Ref/Alt Identical: 61091 / 61133
2504 / 2504 Individuals included in Reference
Extraction of 5008 Haplotypes complete
Reduced to markers called 44764 / 61091
(Fraction SNP: 0.7327429572277422)
Successfully saved to: ./Empirical/Eigenstrat/Reichall/RISE499.SG/chr8/
Successfully loaded Data from: ./Empirical/Eigenstrat/Reichall/RISE499.SG/chr8/
Loaded Emission Model: haploid
Loaded Transition Model: model
Loaded Post Processing Model: Standard
Minimum Genetic Map: 0.0000
Maximum Genetic Map: 1.6800
Gaps bigger than 0.1 cM: 167
Maximum Gap: 1.8932 cM
Loaded Transition and Emission Matrix:
(3, 3)
(5009, 44764)
Loaded Observations:
(2, 44764)
Memory Usage: 2253.43488 mB
Reference Number: 5008
Total Log likelihood: -16934.878
Memory Usage: 2253.43488 mB
Finished Calculation State Posteriors
Saved Zero State Posterior to ./Empirical/Eigenstrat/Reichall/RISE499.SG/chr8/.
Successfully loaded for PP. from ./Empirical/Eigenstrat/Reichall/RISE499.SG/chr8/
Fraction Markers in ROH: 0.3327
Merged n=0 gaps < 0.0 M
Called n=5 ROH Blocks > 1.0 cM
Longest Block: 1.465
Successfully saved to ./Empirical/Eigenstrat/Reichall/RISE499.SG/chr8/roh.csv
Using Low-Mem Cython Linear Speed Up.
Loaded Pre Processing Model: Eigenstrat
Loading Individual: RISE499.SG

Loaded 50668 variants
Loaded 2504 individuals
HDF5 loaded from ./Data/1000Genomes/HDF5/1240kHDF5/all1240/chr9.hdf5
3 Eigenstrat Files with 5081 Individuals and 1233013 SNPs

Intersection on Positions: 50668
Nr of Matching Refs: 50668 / 50668
Full Intersection Ref/Alt Identical: 50629 / 50668
2504 / 2504 Individuals included in Reference
Extraction of 5008 Haplotypes complete
Reduced to markers called 37325 / 50629
(Fraction SNP: 0.737225700685378)
Successfully saved to: ./Empirical/Eigenstrat/Reichall/RISE499.SG/chr9/
Successfully loaded Data from: ./Empirical/Eigenstrat/Reichall/RISE499.SG/chr9/
Loaded Emission Model: haploid
Loaded Transition Model: model
Loaded Post Processing Model: Standard
Minimum Genetic Map: 0.0016
Maximum Genetic Map: 1.6630
Gaps bigger than 0.1 cM: 213
Maximum Gap: 1.9151 cM
Loaded Transition and Emission Matrix:
(3, 3)
(5009, 37325)
Loaded Observations:
(2, 37325)
Memory Usage: 1918.693376 mB
Reference Number: 5008
Total Log likelihood: -13942.109
Memory Usage: 1918.693376 mB
Finished Calculation State Posteriors
Saved Zero State Posterior to ./Empirical/Eigenstrat/Reichall/RISE499.SG/chr9/.
Successfully loaded for PP. from ./Empirical/Eigenstrat/Reichall/RISE499.SG/chr9/
Fraction Markers in ROH: 0.3610
Merged n=0 gaps < 0.0 M
Called n=5 ROH Blocks > 1.0 cM
Longest Block: 1.573
Successfully saved to ./Empirical/Eigenstrat/Reichall/RISE499.SG/chr9/roh.csv
Using Low-Mem Cython Linear Speed Up.
Loaded Pre Processing Model: Eigenstrat
Loading Individual: RISE499.SG

Loaded 58804 variants
Loaded 2504 individuals
HDF5 loaded from ./Data/1000Genomes/HDF5/1240kHDF5/all1240/chr10.hdf5
3 Eigenstrat Files with 5081 Individuals and 1233013 SNPs

Intersection on Positions: 58804
Nr of Matching Refs: 58804 / 58804
Full Intersection Ref/Alt Identical: 58763 / 58804
2504 / 2504 Individuals included in Reference
Extraction of 5008 Haplotypes complete
Reduced to markers called 44262 / 58763
(Fraction SNP: 0.7532290727158246)
Successfully saved to: ./Empirical/Eigenstrat/Reichall/RISE499.SG/chr10/
Successfully loaded Data from: ./Empirical/Eigenstrat/Reichall/RISE499.SG/chr10/
Loaded Emission Model: haploid
Loaded Transition Model: model
Loaded Post Processing Model: Standard
Minimum Genetic Map: 0.0001
Maximum Genetic Map: 1.8092
Gaps bigger than 0.1 cM: 211
Maximum Gap: 2.0359 cM
Loaded Transition and Emission Matrix:
(3, 3)
(5009, 44262)
Loaded Observations:
(2, 44262)
Memory Usage: 2231.66464 mB
Reference Number: 5008
Total Log likelihood: -16320.272
Memory Usage: 2231.66464 mB
Finished Calculation State Posteriors
Saved Zero State Posterior to ./Empirical/Eigenstrat/Reichall/RISE499.SG/chr10/.
Successfully loaded for PP. from ./Empirical/Eigenstrat/Reichall/RISE499.SG/chr10/
Fraction Markers in ROH: 0.3794
Merged n=0 gaps < 0.0 M
Called n=2 ROH Blocks > 1.0 cM
Longest Block: 1.982
Successfully saved to ./Empirical/Eigenstrat/Reichall/RISE499.SG/chr10/roh.csv
Using Low-Mem Cython Linear Speed Up.
Loaded Pre Processing Model: Eigenstrat
Loading Individual: RISE499.SG

Loaded 54833 variants
Loaded 2504 individuals
HDF5 loaded from ./Data/1000Genomes/HDF5/1240kHDF5/all1240/chr11.hdf5
3 Eigenstrat Files with 5081 Individuals and 1233013 SNPs

Intersection on Positions: 54833
Nr of Matching Refs: 54833 / 54833
Full Intersection Ref/Alt Identical: 54796 / 54833
2504 / 2504 Individuals included in Reference
Extraction of 5008 Haplotypes complete
Reduced to markers called 40774 / 54796
(Fraction SNP: 0.7441054091539528)
Successfully saved to: ./Empirical/Eigenstrat/Reichall/RISE499.SG/chr11/
Successfully loaded Data from: ./Empirical/Eigenstrat/Reichall/RISE499.SG/chr11/
Loaded Emission Model: haploid
Loaded Transition Model: model
Loaded Post Processing Model: Standard
Minimum Genetic Map: 0.0000
Maximum Genetic Map: 1.5822
Gaps bigger than 0.1 cM: 188
Maximum Gap: 0.5373 cM
Loaded Transition and Emission Matrix:
(3, 3)
(5009, 40774)
Loaded Observations:
(2, 40774)
Memory Usage: 2074.488832 mB
Reference Number: 5008
Total Log likelihood: -14501.490
Memory Usage: 2074.488832 mB
Finished Calculation State Posteriors
Saved Zero State Posterior to ./Empirical/Eigenstrat/Reichall/RISE499.SG/chr11/.
Successfully loaded for PP. from ./Empirical/Eigenstrat/Reichall/RISE499.SG/chr11/
Fraction Markers in ROH: 0.4073
Merged n=0 gaps < 0.0 M
Called n=4 ROH Blocks > 1.0 cM
Longest Block: 1.155
Successfully saved to ./Empirical/Eigenstrat/Reichall/RISE499.SG/chr11/roh.csv
Using Low-Mem Cython Linear Speed Up.
Loaded Pre Processing Model: Eigenstrat
Loading Individual: RISE499.SG

Loaded 53911 variants
Loaded 2504 individuals
HDF5 loaded from ./Data/1000Genomes/HDF5/1240kHDF5/all1240/chr12.hdf5
3 Eigenstrat Files with 5081 Individuals and 1233013 SNPs

Intersection on Positions: 53911
Nr of Matching Refs: 53911 / 53911
Full Intersection Ref/Alt Identical: 53884 / 53911
2504 / 2504 Individuals included in Reference
Extraction of 5008 Haplotypes complete
Reduced to markers called 39462 / 53884
(Fraction SNP: 0.7323509761710341)
Successfully saved to: ./Empirical/Eigenstrat/Reichall/RISE499.SG/chr12/
Successfully loaded Data from: ./Empirical/Eigenstrat/Reichall/RISE499.SG/chr12/
Loaded Emission Model: haploid
Loaded Transition Model: model
Loaded Post Processing Model: Standard
Minimum Genetic Map: 0.0017
Maximum Genetic Map: 1.7468
Gaps bigger than 0.1 cM: 215
Maximum Gap: 0.8015 cM
Loaded Transition and Emission Matrix:
(3, 3)
(5009, 39462)
Loaded Observations:
(2, 39462)
Memory Usage: 2014.887936 mB
Reference Number: 5008
Total Log likelihood: -14528.295
Memory Usage: 2014.887936 mB
Finished Calculation State Posteriors
Saved Zero State Posterior to ./Empirical/Eigenstrat/Reichall/RISE499.SG/chr12/.
Successfully loaded for PP. from ./Empirical/Eigenstrat/Reichall/RISE499.SG/chr12/
Fraction Markers in ROH: 0.3723
Merged n=0 gaps < 0.0 M
Called n=3 ROH Blocks > 1.0 cM
Longest Block: 2.034
Successfully saved to ./Empirical/Eigenstrat/Reichall/RISE499.SG/chr12/roh.csv
Using Low-Mem Cython Linear Speed Up.
Loaded Pre Processing Model: Eigenstrat
Loading Individual: RISE499.SG

Loaded 39018 variants
Loaded 2504 individuals
HDF5 loaded from ./Data/1000Genomes/HDF5/1240kHDF5/all1240/chr13.hdf5
3 Eigenstrat Files with 5081 Individuals and 1233013 SNPs

Intersection on Positions: 39018
Nr of Matching Refs: 39018 / 39018
Full Intersection Ref/Alt Identical: 38994 / 39018
2504 / 2504 Individuals included in Reference
Extraction of 5008 Haplotypes complete
Reduced to markers called 27801 / 38994
(Fraction SNP: 0.7129558393599015)
Successfully saved to: ./Empirical/Eigenstrat/Reichall/RISE499.SG/chr13/
Successfully loaded Data from: ./Empirical/Eigenstrat/Reichall/RISE499.SG/chr13/
Loaded Emission Model: haploid
Loaded Transition Model: model
Loaded Post Processing Model: Standard
Minimum Genetic Map: 0.0021
Maximum Genetic Map: 1.2570
Gaps bigger than 0.1 cM: 176
Maximum Gap: 1.2216 cM
Loaded Transition and Emission Matrix:
(3, 3)
(5009, 27801)
Loaded Observations:
(2, 27801)
Memory Usage: 1489.87904 mB
Reference Number: 5008
Total Log likelihood: -10404.414
Memory Usage: 1489.87904 mB
Finished Calculation State Posteriors
Saved Zero State Posterior to ./Empirical/Eigenstrat/Reichall/RISE499.SG/chr13/.
Successfully loaded for PP. from ./Empirical/Eigenstrat/Reichall/RISE499.SG/chr13/
Fraction Markers in ROH: 0.3385
Merged n=0 gaps < 0.0 M
Called n=5 ROH Blocks > 1.0 cM
Longest Block: 1.496
Successfully saved to ./Empirical/Eigenstrat/Reichall/RISE499.SG/chr13/roh.csv
Using Low-Mem Cython Linear Speed Up.
Loaded Pre Processing Model: Eigenstrat
Loading Individual: RISE499.SG

Loaded 36301 variants
Loaded 2504 individuals
HDF5 loaded from ./Data/1000Genomes/HDF5/1240kHDF5/all1240/chr14.hdf5
3 Eigenstrat Files with 5081 Individuals and 1233013 SNPs

Intersection on Positions: 36301
Nr of Matching Refs: 36301 / 36301
Full Intersection Ref/Alt Identical: 36280 / 36301
2504 / 2504 Individuals included in Reference
Extraction of 5008 Haplotypes complete
Reduced to markers called 26707 / 36280
(Fraction SNP: 0.736135611907387)
Successfully saved to: ./Empirical/Eigenstrat/Reichall/RISE499.SG/chr14/
Successfully loaded Data from: ./Empirical/Eigenstrat/Reichall/RISE499.SG/chr14/
Loaded Emission Model: haploid
Loaded Transition Model: model
Loaded Post Processing Model: Standard
Minimum Genetic Map: 0.0161
Maximum Genetic Map: 1.2020
Gaps bigger than 0.1 cM: 147
Maximum Gap: 3.2047 cM
Loaded Transition and Emission Matrix:
(3, 3)
(5009, 26707)
Loaded Observations:
(2, 26707)
Memory Usage: 1440.415744 mB
Reference Number: 5008
Total Log likelihood: -9716.889
Memory Usage: 1440.415744 mB
Finished Calculation State Posteriors
Saved Zero State Posterior to ./Empirical/Eigenstrat/Reichall/RISE499.SG/chr14/.
Successfully loaded for PP. from ./Empirical/Eigenstrat/Reichall/RISE499.SG/chr14/
Fraction Markers in ROH: 0.3872
Called n=0 ROH Blocks > 1.0 cM
Longest Block: nan
Successfully saved to ./Empirical/Eigenstrat/Reichall/RISE499.SG/chr14/roh.csv
Using Low-Mem Cython Linear Speed Up.
Loaded Pre Processing Model: Eigenstrat
Loading Individual: RISE499.SG

Loaded 34429 variants
Loaded 2504 individuals
HDF5 loaded from ./Data/1000Genomes/HDF5/1240kHDF5/all1240/chr15.hdf5
3 Eigenstrat Files with 5081 Individuals and 1233013 SNPs

Intersection on Positions: 34429
Nr of Matching Refs: 34429 / 34429
Full Intersection Ref/Alt Identical: 34407 / 34429
2504 / 2504 Individuals included in Reference
Extraction of 5008 Haplotypes complete
Reduced to markers called 25828 / 34407
(Fraction SNP: 0.750661202662249)
Successfully saved to: ./Empirical/Eigenstrat/Reichall/RISE499.SG/chr15/
Successfully loaded Data from: ./Empirical/Eigenstrat/Reichall/RISE499.SG/chr15/
Loaded Emission Model: haploid
Loaded Transition Model: model
Loaded Post Processing Model: Standard
Minimum Genetic Map: 0.0000
Maximum Genetic Map: 1.4135
Gaps bigger than 0.1 cM: 157
Maximum Gap: 11.4957 cM
Loaded Transition and Emission Matrix:
(3, 3)
(5009, 25828)
Loaded Observations:
(2, 25828)
Memory Usage: 1401.114624 mB
Reference Number: 5008
Total Log likelihood: -9186.931
Memory Usage: 1401.114624 mB
Finished Calculation State Posteriors
Saved Zero State Posterior to ./Empirical/Eigenstrat/Reichall/RISE499.SG/chr15/.
Successfully loaded for PP. from ./Empirical/Eigenstrat/Reichall/RISE499.SG/chr15/
Fraction Markers in ROH: 0.4124
Merged n=0 gaps < 0.0 M
Called n=9 ROH Blocks > 1.0 cM
Longest Block: 2.088
Successfully saved to ./Empirical/Eigenstrat/Reichall/RISE499.SG/chr15/roh.csv
Using Low-Mem Cython Linear Speed Up.
Loaded Pre Processing Model: Eigenstrat
Loading Individual: RISE499.SG

Loaded 34402 variants
Loaded 2504 individuals
HDF5 loaded from ./Data/1000Genomes/HDF5/1240kHDF5/all1240/chr16.hdf5
3 Eigenstrat Files with 5081 Individuals and 1233013 SNPs

Intersection on Positions: 34402
Nr of Matching Refs: 34402 / 34402
Full Intersection Ref/Alt Identical: 34375 / 34402
2504 / 2504 Individuals included in Reference
Extraction of 5008 Haplotypes complete
Reduced to markers called 26622 / 34375
(Fraction SNP: 0.7744581818181818)
Successfully saved to: ./Empirical/Eigenstrat/Reichall/RISE499.SG/chr16/
Successfully loaded Data from: ./Empirical/Eigenstrat/Reichall/RISE499.SG/chr16/
Loaded Emission Model: haploid
Loaded Transition Model: model
Loaded Post Processing Model: Standard
Minimum Genetic Map: -0.0000
Maximum Genetic Map: 1.3403
Gaps bigger than 0.1 cM: 166
Maximum Gap: 1.0339 cM
Loaded Transition and Emission Matrix:
(3, 3)
(5009, 26622)
Loaded Observations:
(2, 26622)
Memory Usage: 1436.9792 mB
Reference Number: 5008
Total Log likelihood: -9967.512
Memory Usage: 1436.9792 mB
Finished Calculation State Posteriors
Saved Zero State Posterior to ./Empirical/Eigenstrat/Reichall/RISE499.SG/chr16/.
Successfully loaded for PP. from ./Empirical/Eigenstrat/Reichall/RISE499.SG/chr16/
Fraction Markers in ROH: 0.3449
Merged n=0 gaps < 0.0 M
Called n=5 ROH Blocks > 1.0 cM
Longest Block: 1.448
Successfully saved to ./Empirical/Eigenstrat/Reichall/RISE499.SG/chr16/roh.csv
Using Low-Mem Cython Linear Speed Up.
Loaded Pre Processing Model: Eigenstrat
Loading Individual: RISE499.SG

Loaded 29314 variants
Loaded 2504 individuals
HDF5 loaded from ./Data/1000Genomes/HDF5/1240kHDF5/all1240/chr17.hdf5
3 Eigenstrat Files with 5081 Individuals and 1233013 SNPs

Intersection on Positions: 29314
Nr of Matching Refs: 29314 / 29314
Full Intersection Ref/Alt Identical: 29292 / 29314
2504 / 2504 Individuals included in Reference
Extraction of 5008 Haplotypes complete
Reduced to markers called 22822 / 29292
(Fraction SNP: 0.7791205789976785)
Successfully saved to: ./Empirical/Eigenstrat/Reichall/RISE499.SG/chr17/
Successfully loaded Data from: ./Empirical/Eigenstrat/Reichall/RISE499.SG/chr17/
Loaded Emission Model: haploid
Loaded Transition Model: model
Loaded Post Processing Model: Standard
Minimum Genetic Map: -0.0003
Maximum Genetic Map: 1.2847
Gaps bigger than 0.1 cM: 156
Maximum Gap: 1.2341 cM
Loaded Transition and Emission Matrix:
(3, 3)
(5009, 22822)
Loaded Observations:
(2, 22822)
Memory Usage: 1265.680384 mB
Reference Number: 5008
Total Log likelihood: -8480.624
Memory Usage: 1265.680384 mB
Finished Calculation State Posteriors
Saved Zero State Posterior to ./Empirical/Eigenstrat/Reichall/RISE499.SG/chr17/.
Successfully loaded for PP. from ./Empirical/Eigenstrat/Reichall/RISE499.SG/chr17/
Fraction Markers in ROH: 0.3802
Merged n=0 gaps < 0.0 M
Called n=4 ROH Blocks > 1.0 cM
Longest Block: 3.777
Successfully saved to ./Empirical/Eigenstrat/Reichall/RISE499.SG/chr17/roh.csv
Using Low-Mem Cython Linear Speed Up.
Loaded Pre Processing Model: Eigenstrat
Loading Individual: RISE499.SG

Loaded 33917 variants
Loaded 2504 individuals
HDF5 loaded from ./Data/1000Genomes/HDF5/1240kHDF5/all1240/chr18.hdf5
3 Eigenstrat Files with 5081 Individuals and 1233013 SNPs

Intersection on Positions: 33917
Nr of Matching Refs: 33917 / 33917
Full Intersection Ref/Alt Identical: 33902 / 33917
2504 / 2504 Individuals included in Reference
Extraction of 5008 Haplotypes complete
Reduced to markers called 24917 / 33902
(Fraction SNP: 0.7349713881186951)
Successfully saved to: ./Empirical/Eigenstrat/Reichall/RISE499.SG/chr18/
Successfully loaded Data from: ./Empirical/Eigenstrat/Reichall/RISE499.SG/chr18/
Loaded Emission Model: haploid
Loaded Transition Model: model
Loaded Post Processing Model: Standard
Minimum Genetic Map: 0.0025
Maximum Genetic Map: 1.1771
Gaps bigger than 0.1 cM: 152
Maximum Gap: 0.4827 cM
Loaded Transition and Emission Matrix:
(3, 3)
(5009, 24917)
Loaded Observations:
(2, 24917)
Memory Usage: 1359.634432 mB
Reference Number: 5008
Total Log likelihood: -9359.433
Memory Usage: 1359.634432 mB
Finished Calculation State Posteriors
Saved Zero State Posterior to ./Empirical/Eigenstrat/Reichall/RISE499.SG/chr18/.
Successfully loaded for PP. from ./Empirical/Eigenstrat/Reichall/RISE499.SG/chr18/
Fraction Markers in ROH: 0.3528
Merged n=0 gaps < 0.0 M
Called n=2 ROH Blocks > 1.0 cM
Longest Block: 1.383
Successfully saved to ./Empirical/Eigenstrat/Reichall/RISE499.SG/chr18/roh.csv
Using Low-Mem Cython Linear Speed Up.
Loaded Pre Processing Model: Eigenstrat
Loading Individual: RISE499.SG

Loaded 18460 variants
Loaded 2504 individuals
HDF5 loaded from ./Data/1000Genomes/HDF5/1240kHDF5/all1240/chr19.hdf5
3 Eigenstrat Files with 5081 Individuals and 1233013 SNPs

Intersection on Positions: 18460
Nr of Matching Refs: 18460 / 18460
Full Intersection Ref/Alt Identical: 18441 / 18460
2504 / 2504 Individuals included in Reference
Extraction of 5008 Haplotypes complete
Reduced to markers called 14553 / 18441
(Fraction SNP: 0.7891654465592972)
Successfully saved to: ./Empirical/Eigenstrat/Reichall/RISE499.SG/chr19/
Successfully loaded Data from: ./Empirical/Eigenstrat/Reichall/RISE499.SG/chr19/
Loaded Emission Model: haploid
Loaded Transition Model: model
Loaded Post Processing Model: Standard
Minimum Genetic Map: 0.0000
Maximum Genetic Map: 1.0773
Gaps bigger than 0.1 cM: 158
Maximum Gap: 0.6017 cM
Loaded Transition and Emission Matrix:
(3, 3)
(5009, 14553)
Loaded Observations:
(2, 14553)
Memory Usage: 892.813312 mB
Reference Number: 5008
Total Log likelihood: -5578.535
Memory Usage: 892.813312 mB
Finished Calculation State Posteriors
Saved Zero State Posterior to ./Empirical/Eigenstrat/Reichall/RISE499.SG/chr19/.
Successfully loaded for PP. from ./Empirical/Eigenstrat/Reichall/RISE499.SG/chr19/
Fraction Markers in ROH: 0.3673
Merged n=0 gaps < 0.0 M
Called n=4 ROH Blocks > 1.0 cM
Longest Block: 1.732
Successfully saved to ./Empirical/Eigenstrat/Reichall/RISE499.SG/chr19/roh.csv
Using Low-Mem Cython Linear Speed Up.
Loaded Pre Processing Model: Eigenstrat
Loading Individual: RISE499.SG

Loaded 29078 variants
Loaded 2504 individuals
HDF5 loaded from ./Data/1000Genomes/HDF5/1240kHDF5/all1240/chr20.hdf5
3 Eigenstrat Files with 5081 Individuals and 1233013 SNPs

Intersection on Positions: 29078
Nr of Matching Refs: 29078 / 29078
Full Intersection Ref/Alt Identical: 29053 / 29078
2504 / 2504 Individuals included in Reference
Extraction of 5008 Haplotypes complete
Reduced to markers called 22467 / 29053
(Fraction SNP: 0.7733108456957973)
Successfully saved to: ./Empirical/Eigenstrat/Reichall/RISE499.SG/chr20/
Successfully loaded Data from: ./Empirical/Eigenstrat/Reichall/RISE499.SG/chr20/
Loaded Emission Model: haploid
Loaded Transition Model: model
Loaded Post Processing Model: Standard
Minimum Genetic Map: 0.0000
Maximum Genetic Map: 1.0821
Gaps bigger than 0.1 cM: 155
Maximum Gap: 0.4744 cM
Loaded Transition and Emission Matrix:
(3, 3)
(5009, 22467)
Loaded Observations:
(2, 22467)
Memory Usage: 1249.583104 mB
Reference Number: 5008
Total Log likelihood: -8397.922
Memory Usage: 1249.583104 mB
Finished Calculation State Posteriors
Saved Zero State Posterior to ./Empirical/Eigenstrat/Reichall/RISE499.SG/chr20/.
Successfully loaded for PP. from ./Empirical/Eigenstrat/Reichall/RISE499.SG/chr20/
Fraction Markers in ROH: 0.3387
Merged n=0 gaps < 0.0 M
Called n=4 ROH Blocks > 1.0 cM
Longest Block: 1.197
Successfully saved to ./Empirical/Eigenstrat/Reichall/RISE499.SG/chr20/roh.csv
Using Low-Mem Cython Linear Speed Up.
Loaded Pre Processing Model: Eigenstrat
Loading Individual: RISE499.SG

Loaded 16038 variants
Loaded 2504 individuals
HDF5 loaded from ./Data/1000Genomes/HDF5/1240kHDF5/all1240/chr21.hdf5
3 Eigenstrat Files with 5081 Individuals and 1233013 SNPs

Intersection on Positions: 16038
Nr of Matching Refs: 16038 / 16038
Full Intersection Ref/Alt Identical: 16031 / 16038
2504 / 2504 Individuals included in Reference
Extraction of 5008 Haplotypes complete
Reduced to markers called 11888 / 16031
(Fraction SNP: 0.741563221258811)
Successfully saved to: ./Empirical/Eigenstrat/Reichall/RISE499.SG/chr21/
Successfully loaded Data from: ./Empirical/Eigenstrat/Reichall/RISE499.SG/chr21/
Loaded Emission Model: haploid
Loaded Transition Model: model
Loaded Post Processing Model: Standard
Minimum Genetic Map: 0.0086
Maximum Genetic Map: 0.6279
Gaps bigger than 0.1 cM: 97
Maximum Gap: 0.6158 cM
Loaded Transition and Emission Matrix:
(3, 3)
(5009, 11888)
Loaded Observations:
(2, 11888)
Memory Usage: 772.460544 mB
Reference Number: 5008
Total Log likelihood: -4569.549
Memory Usage: 772.460544 mB
Finished Calculation State Posteriors
Saved Zero State Posterior to ./Empirical/Eigenstrat/Reichall/RISE499.SG/chr21/.
Successfully loaded for PP. from ./Empirical/Eigenstrat/Reichall/RISE499.SG/chr21/
Fraction Markers in ROH: 0.3325
Called n=0 ROH Blocks > 1.0 cM
Longest Block: nan
Successfully saved to ./Empirical/Eigenstrat/Reichall/RISE499.SG/chr21/roh.csv
Using Low-Mem Cython Linear Speed Up.
Loaded Pre Processing Model: Eigenstrat
Loading Individual: RISE499.SG

Loaded 15802 variants
Loaded 2504 individuals
HDF5 loaded from ./Data/1000Genomes/HDF5/1240kHDF5/all1240/chr22.hdf5
3 Eigenstrat Files with 5081 Individuals and 1233013 SNPs

Intersection on Positions: 15802
Nr of Matching Refs: 15802 / 15802
Full Intersection Ref/Alt Identical: 15793 / 15802
2504 / 2504 Individuals included in Reference
Extraction of 5008 Haplotypes complete
Reduced to markers called 12697 / 15793
(Fraction SNP: 0.8039637814221491)
Successfully saved to: ./Empirical/Eigenstrat/Reichall/RISE499.SG/chr22/
Successfully loaded Data from: ./Empirical/Eigenstrat/Reichall/RISE499.SG/chr22/
Loaded Emission Model: haploid
Loaded Transition Model: model
Loaded Post Processing Model: Standard
Minimum Genetic Map: 0.0171
Maximum Genetic Map: 0.7408
Gaps bigger than 0.1 cM: 96
Maximum Gap: 1.6277 cM
Loaded Transition and Emission Matrix:
(3, 3)
(5009, 12697)
Loaded Observations:
(2, 12697)
Memory Usage: 808.984576 mB
Reference Number: 5008
Total Log likelihood: -4590.769
Memory Usage: 808.984576 mB
Finished Calculation State Posteriors
Saved Zero State Posterior to ./Empirical/Eigenstrat/Reichall/RISE499.SG/chr22/.
Successfully loaded for PP. from ./Empirical/Eigenstrat/Reichall/RISE499.SG/chr22/
Fraction Markers in ROH: 0.4391
Merged n=0 gaps < 0.0 M
Called n=6 ROH Blocks > 1.0 cM
Longest Block: 6.177
Successfully saved to ./Empirical/Eigenstrat/Reichall/RISE499.SG/chr22/roh.csv
