Loaded 2106 / 5081 ancient Indivdiuals Anno File.
Doing Individual I0577...
Using Low-Mem Cython Linear Speed Up.
Loaded Pre Processing Model: Eigenstrat
Loading Individual: I0577

Loaded 89147 variants
Loaded 2504 individuals
HDF5 loaded from ./Data/1000Genomes/HDF5/1240kHDF5/all1240/chr1.hdf5
3 Eigenstrat Files with 5081 Individuals and 1233013 SNPs

Intersection on Positions: 89147
Nr of Matching Refs: 89147 / 89147
Full Intersection Ref/Alt Identical: 89082 / 89147
2504 / 2504 Individuals included in Reference
Extraction of 5008 Haplotypes complete
Reduced to markers called 62629 / 89082
(Fraction SNP: 0.703048876316203)
Successfully saved to: ./Empirical/Eigenstrat/Reichall/I0577/chr1/
Successfully loaded Data from: ./Empirical/Eigenstrat/Reichall/I0577/chr1/
Loaded Emission Model: haploid
Loaded Transition Model: model
Loaded Post Processing Model: Standard
Minimum Genetic Map: 0.0201
Maximum Genetic Map: 2.8627
Gaps bigger than 0.1 cM: 346
Maximum Gap: 2.9229 cM
Loaded Transition and Emission Matrix:
(3, 3)
(5009, 62629)
Loaded Observations:
(2, 62629)
Memory Usage: 3018.031104 mB
Reference Number: 5008
Total Log likelihood: -22070.126
Memory Usage: 3018.493952 mB
Finished Calculation State Posteriors
Saved Zero State Posterior to ./Empirical/Eigenstrat/Reichall/I0577/chr1/.
Successfully loaded for PP. from ./Empirical/Eigenstrat/Reichall/I0577/chr1/
Fraction Markers in ROH: 0.4000
Merged n=0 gaps < 0.0 M
Called n=6 ROH Blocks > 1.0 cM
Longest Block: 2.284
Successfully saved to ./Empirical/Eigenstrat/Reichall/I0577/chr1/roh.csv
Using Low-Mem Cython Linear Speed Up.
Loaded Pre Processing Model: Eigenstrat
Loading Individual: I0577

Loaded 94239 variants
Loaded 2504 individuals
HDF5 loaded from ./Data/1000Genomes/HDF5/1240kHDF5/all1240/chr2.hdf5
3 Eigenstrat Files with 5081 Individuals and 1233013 SNPs

Intersection on Positions: 94239
Nr of Matching Refs: 94239 / 94239
Full Intersection Ref/Alt Identical: 94173 / 94239
2504 / 2504 Individuals included in Reference
Extraction of 5008 Haplotypes complete
Reduced to markers called 63320 / 94173
(Fraction SNP: 0.6723795567731727)
Successfully saved to: ./Empirical/Eigenstrat/Reichall/I0577/chr2/
Successfully loaded Data from: ./Empirical/Eigenstrat/Reichall/I0577/chr2/
Loaded Emission Model: haploid
Loaded Transition Model: model
Loaded Post Processing Model: Standard
Minimum Genetic Map: 0.0002
Maximum Genetic Map: 2.6883
Gaps bigger than 0.1 cM: 309
Maximum Gap: 1.8302 cM
Loaded Transition and Emission Matrix:
(3, 3)
(5009, 63320)
Loaded Observations:
(2, 63320)
Memory Usage: 3088.576512 mB
Reference Number: 5008
Total Log likelihood: -22729.893
Memory Usage: 3088.576512 mB
Finished Calculation State Posteriors
Saved Zero State Posterior to ./Empirical/Eigenstrat/Reichall/I0577/chr2/.
Successfully loaded for PP. from ./Empirical/Eigenstrat/Reichall/I0577/chr2/
Fraction Markers in ROH: 0.3936
Merged n=0 gaps < 0.0 M
Called n=13 ROH Blocks > 1.0 cM
Longest Block: 3.972
Successfully saved to ./Empirical/Eigenstrat/Reichall/I0577/chr2/roh.csv
Using Low-Mem Cython Linear Speed Up.
Loaded Pre Processing Model: Eigenstrat
Loading Individual: I0577

Loaded 77652 variants
Loaded 2504 individuals
HDF5 loaded from ./Data/1000Genomes/HDF5/1240kHDF5/all1240/chr3.hdf5
3 Eigenstrat Files with 5081 Individuals and 1233013 SNPs

Intersection on Positions: 77652
Nr of Matching Refs: 77652 / 77652
Full Intersection Ref/Alt Identical: 77601 / 77652
2504 / 2504 Individuals included in Reference
Extraction of 5008 Haplotypes complete
Reduced to markers called 51620 / 77601
(Fraction SNP: 0.6651976134328166)
Successfully saved to: ./Empirical/Eigenstrat/Reichall/I0577/chr3/
Successfully loaded Data from: ./Empirical/Eigenstrat/Reichall/I0577/chr3/
Loaded Emission Model: haploid
Loaded Transition Model: model
Loaded Post Processing Model: Standard
Minimum Genetic Map: 0.0000
Maximum Genetic Map: 2.2326
Gaps bigger than 0.1 cM: 283
Maximum Gap: 0.3910 cM
Loaded Transition and Emission Matrix:
(3, 3)
(5009, 51620)
Loaded Observations:
(2, 51620)
Memory Usage: 2561.20832 mB
Reference Number: 5008
Total Log likelihood: -18540.082
Memory Usage: 2561.20832 mB
Finished Calculation State Posteriors
Saved Zero State Posterior to ./Empirical/Eigenstrat/Reichall/I0577/chr3/.
Successfully loaded for PP. from ./Empirical/Eigenstrat/Reichall/I0577/chr3/
Fraction Markers in ROH: 0.4042
Merged n=0 gaps < 0.0 M
Called n=10 ROH Blocks > 1.0 cM
Longest Block: 1.750
Successfully saved to ./Empirical/Eigenstrat/Reichall/I0577/chr3/roh.csv
Using Low-Mem Cython Linear Speed Up.
Loaded Pre Processing Model: Eigenstrat
Loading Individual: I0577

Loaded 68759 variants
Loaded 2504 individuals
HDF5 loaded from ./Data/1000Genomes/HDF5/1240kHDF5/all1240/chr4.hdf5
3 Eigenstrat Files with 5081 Individuals and 1233013 SNPs

Intersection on Positions: 68759
Nr of Matching Refs: 68759 / 68759
Full Intersection Ref/Alt Identical: 68720 / 68759
2504 / 2504 Individuals included in Reference
Extraction of 5008 Haplotypes complete
Reduced to markers called 42804 / 68720
(Fraction SNP: 0.6228754365541327)
Successfully saved to: ./Empirical/Eigenstrat/Reichall/I0577/chr4/
Successfully loaded Data from: ./Empirical/Eigenstrat/Reichall/I0577/chr4/
Loaded Emission Model: haploid
Loaded Transition Model: model
Loaded Post Processing Model: Standard
Minimum Genetic Map: 0.0034
Maximum Genetic Map: 2.1454
Gaps bigger than 0.1 cM: 281
Maximum Gap: 2.0422 cM
Loaded Transition and Emission Matrix:
(3, 3)
(5009, 42804)
Loaded Observations:
(2, 42804)
Memory Usage: 2165.00224 mB
Reference Number: 5008
Total Log likelihood: -15227.451
Memory Usage: 2165.00224 mB
Finished Calculation State Posteriors
Saved Zero State Posterior to ./Empirical/Eigenstrat/Reichall/I0577/chr4/.
Successfully loaded for PP. from ./Empirical/Eigenstrat/Reichall/I0577/chr4/
Fraction Markers in ROH: 0.4237
Merged n=0 gaps < 0.0 M
Called n=11 ROH Blocks > 1.0 cM
Longest Block: 2.947
Successfully saved to ./Empirical/Eigenstrat/Reichall/I0577/chr4/roh.csv
Using Low-Mem Cython Linear Speed Up.
Loaded Pre Processing Model: Eigenstrat
Loading Individual: I0577

Loaded 69399 variants
Loaded 2504 individuals
HDF5 loaded from ./Data/1000Genomes/HDF5/1240kHDF5/all1240/chr5.hdf5
3 Eigenstrat Files with 5081 Individuals and 1233013 SNPs

Intersection on Positions: 69399
Nr of Matching Refs: 69399 / 69399
Full Intersection Ref/Alt Identical: 69354 / 69399
2504 / 2504 Individuals included in Reference
Extraction of 5008 Haplotypes complete
Reduced to markers called 46251 / 69354
(Fraction SNP: 0.6668829483519335)
Successfully saved to: ./Empirical/Eigenstrat/Reichall/I0577/chr5/
Successfully loaded Data from: ./Empirical/Eigenstrat/Reichall/I0577/chr5/
Loaded Emission Model: haploid
Loaded Transition Model: model
Loaded Post Processing Model: Standard
Minimum Genetic Map: 0.0004
Maximum Genetic Map: 2.0409
Gaps bigger than 0.1 cM: 273
Maximum Gap: 1.1070 cM
Loaded Transition and Emission Matrix:
(3, 3)
(5009, 46251)
Loaded Observations:
(2, 46251)
Memory Usage: 2320.306176 mB
Reference Number: 5008
Total Log likelihood: -16463.130
Memory Usage: 2320.306176 mB
Finished Calculation State Posteriors
Saved Zero State Posterior to ./Empirical/Eigenstrat/Reichall/I0577/chr5/.
Successfully loaded for PP. from ./Empirical/Eigenstrat/Reichall/I0577/chr5/
Fraction Markers in ROH: 0.3934
Merged n=0 gaps < 0.0 M
Called n=11 ROH Blocks > 1.0 cM
Longest Block: 2.598
Successfully saved to ./Empirical/Eigenstrat/Reichall/I0577/chr5/roh.csv
Using Low-Mem Cython Linear Speed Up.
Loaded Pre Processing Model: Eigenstrat
Loading Individual: I0577

Loaded 75870 variants
Loaded 2504 individuals
HDF5 loaded from ./Data/1000Genomes/HDF5/1240kHDF5/all1240/chr6.hdf5
3 Eigenstrat Files with 5081 Individuals and 1233013 SNPs

Intersection on Positions: 75870
Nr of Matching Refs: 75870 / 75870
Full Intersection Ref/Alt Identical: 75816 / 75870
2504 / 2504 Individuals included in Reference
Extraction of 5008 Haplotypes complete
Reduced to markers called 50521 / 75816
(Fraction SNP: 0.6663633006225599)
Successfully saved to: ./Empirical/Eigenstrat/Reichall/I0577/chr6/
Successfully loaded Data from: ./Empirical/Eigenstrat/Reichall/I0577/chr6/
Loaded Emission Model: haploid
Loaded Transition Model: model
Loaded Post Processing Model: Standard
Minimum Genetic Map: 0.0032
Maximum Genetic Map: 1.9203
Gaps bigger than 0.1 cM: 221
Maximum Gap: 0.5090 cM
Loaded Transition and Emission Matrix:
(3, 3)
(5009, 50521)
Loaded Observations:
(2, 50521)
Memory Usage: 2512.687104 mB
Reference Number: 5008
Total Log likelihood: -17772.886
Memory Usage: 2512.687104 mB
Finished Calculation State Posteriors
Saved Zero State Posterior to ./Empirical/Eigenstrat/Reichall/I0577/chr6/.
Successfully loaded for PP. from ./Empirical/Eigenstrat/Reichall/I0577/chr6/
Fraction Markers in ROH: 0.4172
Merged n=0 gaps < 0.0 M
Called n=7 ROH Blocks > 1.0 cM
Longest Block: 2.035
Successfully saved to ./Empirical/Eigenstrat/Reichall/I0577/chr6/roh.csv
Using Low-Mem Cython Linear Speed Up.
Loaded Pre Processing Model: Eigenstrat
Loading Individual: I0577

Loaded 59890 variants
Loaded 2504 individuals
HDF5 loaded from ./Data/1000Genomes/HDF5/1240kHDF5/all1240/chr7.hdf5
3 Eigenstrat Files with 5081 Individuals and 1233013 SNPs

Intersection on Positions: 59890
Nr of Matching Refs: 59890 / 59890
Full Intersection Ref/Alt Identical: 59836 / 59890
2504 / 2504 Individuals included in Reference
Extraction of 5008 Haplotypes complete
Reduced to markers called 39618 / 59836
(Fraction SNP: 0.6621097666956347)
Successfully saved to: ./Empirical/Eigenstrat/Reichall/I0577/chr7/
Successfully loaded Data from: ./Empirical/Eigenstrat/Reichall/I0577/chr7/
Loaded Emission Model: haploid
Loaded Transition Model: model
Loaded Post Processing Model: Standard
Minimum Genetic Map: 0.0001
Maximum Genetic Map: 1.8715
Gaps bigger than 0.1 cM: 253
Maximum Gap: 1.0200 cM
Loaded Transition and Emission Matrix:
(3, 3)
(5009, 39618)
Loaded Observations:
(2, 39618)
Memory Usage: 2021.453824 mB
Reference Number: 5008
Total Log likelihood: -14358.696
Memory Usage: 2021.453824 mB
Finished Calculation State Posteriors
Saved Zero State Posterior to ./Empirical/Eigenstrat/Reichall/I0577/chr7/.
Successfully loaded for PP. from ./Empirical/Eigenstrat/Reichall/I0577/chr7/
Fraction Markers in ROH: 0.3818
Merged n=0 gaps < 0.0 M
Called n=11 ROH Blocks > 1.0 cM
Longest Block: 1.682
Successfully saved to ./Empirical/Eigenstrat/Reichall/I0577/chr7/roh.csv
Using Low-Mem Cython Linear Speed Up.
Loaded Pre Processing Model: Eigenstrat
Loading Individual: I0577

Loaded 61133 variants
Loaded 2504 individuals
HDF5 loaded from ./Data/1000Genomes/HDF5/1240kHDF5/all1240/chr8.hdf5
3 Eigenstrat Files with 5081 Individuals and 1233013 SNPs

Intersection on Positions: 61133
Nr of Matching Refs: 61133 / 61133
Full Intersection Ref/Alt Identical: 61091 / 61133
2504 / 2504 Individuals included in Reference
Extraction of 5008 Haplotypes complete
Reduced to markers called 41278 / 61091
(Fraction SNP: 0.6756805421420504)
Successfully saved to: ./Empirical/Eigenstrat/Reichall/I0577/chr8/
Successfully loaded Data from: ./Empirical/Eigenstrat/Reichall/I0577/chr8/
Loaded Emission Model: haploid
Loaded Transition Model: model
Loaded Post Processing Model: Standard
Minimum Genetic Map: 0.0000
Maximum Genetic Map: 1.6800
Gaps bigger than 0.1 cM: 183
Maximum Gap: 1.8932 cM
Loaded Transition and Emission Matrix:
(3, 3)
(5009, 41278)
Loaded Observations:
(2, 41278)
Memory Usage: 2096.55808 mB
Reference Number: 5008
Total Log likelihood: -14667.511
Memory Usage: 2096.55808 mB
Finished Calculation State Posteriors
Saved Zero State Posterior to ./Empirical/Eigenstrat/Reichall/I0577/chr8/.
Successfully loaded for PP. from ./Empirical/Eigenstrat/Reichall/I0577/chr8/
Fraction Markers in ROH: 0.4129
Merged n=0 gaps < 0.0 M
Called n=8 ROH Blocks > 1.0 cM
Longest Block: 1.508
Successfully saved to ./Empirical/Eigenstrat/Reichall/I0577/chr8/roh.csv
Using Low-Mem Cython Linear Speed Up.
Loaded Pre Processing Model: Eigenstrat
Loading Individual: I0577

Loaded 50668 variants
Loaded 2504 individuals
HDF5 loaded from ./Data/1000Genomes/HDF5/1240kHDF5/all1240/chr9.hdf5
3 Eigenstrat Files with 5081 Individuals and 1233013 SNPs

Intersection on Positions: 50668
Nr of Matching Refs: 50668 / 50668
Full Intersection Ref/Alt Identical: 50629 / 50668
2504 / 2504 Individuals included in Reference
Extraction of 5008 Haplotypes complete
Reduced to markers called 34797 / 50629
(Fraction SNP: 0.6872938434494065)
Successfully saved to: ./Empirical/Eigenstrat/Reichall/I0577/chr9/
Successfully loaded Data from: ./Empirical/Eigenstrat/Reichall/I0577/chr9/
Loaded Emission Model: haploid
Loaded Transition Model: model
Loaded Post Processing Model: Standard
Minimum Genetic Map: 0.0016
Maximum Genetic Map: 1.6630
Gaps bigger than 0.1 cM: 226
Maximum Gap: 1.8819 cM
Loaded Transition and Emission Matrix:
(3, 3)
(5009, 34797)
Loaded Observations:
(2, 34797)
Memory Usage: 1804.496896 mB
Reference Number: 5008
Total Log likelihood: -12621.227
Memory Usage: 1804.496896 mB
Finished Calculation State Posteriors
Saved Zero State Posterior to ./Empirical/Eigenstrat/Reichall/I0577/chr9/.
Successfully loaded for PP. from ./Empirical/Eigenstrat/Reichall/I0577/chr9/
Fraction Markers in ROH: 0.3945
Merged n=0 gaps < 0.0 M
Called n=8 ROH Blocks > 1.0 cM
Longest Block: 2.248
Successfully saved to ./Empirical/Eigenstrat/Reichall/I0577/chr9/roh.csv
Using Low-Mem Cython Linear Speed Up.
Loaded Pre Processing Model: Eigenstrat
Loading Individual: I0577

Loaded 58804 variants
Loaded 2504 individuals
HDF5 loaded from ./Data/1000Genomes/HDF5/1240kHDF5/all1240/chr10.hdf5
3 Eigenstrat Files with 5081 Individuals and 1233013 SNPs

Intersection on Positions: 58804
Nr of Matching Refs: 58804 / 58804
Full Intersection Ref/Alt Identical: 58763 / 58804
2504 / 2504 Individuals included in Reference
Extraction of 5008 Haplotypes complete
Reduced to markers called 41133 / 58763
(Fraction SNP: 0.6999812807378792)
Successfully saved to: ./Empirical/Eigenstrat/Reichall/I0577/chr10/
Successfully loaded Data from: ./Empirical/Eigenstrat/Reichall/I0577/chr10/
Loaded Emission Model: haploid
Loaded Transition Model: model
Loaded Post Processing Model: Standard
Minimum Genetic Map: 0.0001
Maximum Genetic Map: 1.8092
Gaps bigger than 0.1 cM: 222
Maximum Gap: 2.0338 cM
Loaded Transition and Emission Matrix:
(3, 3)
(5009, 41133)
Loaded Observations:
(2, 41133)
Memory Usage: 2090.65984 mB
Reference Number: 5008
Total Log likelihood: -14879.948
Memory Usage: 2090.65984 mB
Finished Calculation State Posteriors
Saved Zero State Posterior to ./Empirical/Eigenstrat/Reichall/I0577/chr10/.
Successfully loaded for PP. from ./Empirical/Eigenstrat/Reichall/I0577/chr10/
Fraction Markers in ROH: 0.3925
Merged n=0 gaps < 0.0 M
Called n=7 ROH Blocks > 1.0 cM
Longest Block: 2.015
Successfully saved to ./Empirical/Eigenstrat/Reichall/I0577/chr10/roh.csv
Using Low-Mem Cython Linear Speed Up.
Loaded Pre Processing Model: Eigenstrat
Loading Individual: I0577

Loaded 54833 variants
Loaded 2504 individuals
HDF5 loaded from ./Data/1000Genomes/HDF5/1240kHDF5/all1240/chr11.hdf5
3 Eigenstrat Files with 5081 Individuals and 1233013 SNPs

Intersection on Positions: 54833
Nr of Matching Refs: 54833 / 54833
Full Intersection Ref/Alt Identical: 54796 / 54833
2504 / 2504 Individuals included in Reference
Extraction of 5008 Haplotypes complete
Reduced to markers called 37994 / 54796
(Fraction SNP: 0.693371778961968)
Successfully saved to: ./Empirical/Eigenstrat/Reichall/I0577/chr11/
Successfully loaded Data from: ./Empirical/Eigenstrat/Reichall/I0577/chr11/
Loaded Emission Model: haploid
Loaded Transition Model: model
Loaded Post Processing Model: Standard
Minimum Genetic Map: 0.0000
Maximum Genetic Map: 1.5822
Gaps bigger than 0.1 cM: 197
Maximum Gap: 0.5366 cM
Loaded Transition and Emission Matrix:
(3, 3)
(5009, 37994)
Loaded Observations:
(2, 37994)
Memory Usage: 1949.216768 mB
Reference Number: 5008
Total Log likelihood: -13599.976
Memory Usage: 1949.216768 mB
Finished Calculation State Posteriors
Saved Zero State Posterior to ./Empirical/Eigenstrat/Reichall/I0577/chr11/.
Successfully loaded for PP. from ./Empirical/Eigenstrat/Reichall/I0577/chr11/
Fraction Markers in ROH: 0.3861
Merged n=0 gaps < 0.0 M
Called n=3 ROH Blocks > 1.0 cM
Longest Block: 1.425
Successfully saved to ./Empirical/Eigenstrat/Reichall/I0577/chr11/roh.csv
Using Low-Mem Cython Linear Speed Up.
Loaded Pre Processing Model: Eigenstrat
Loading Individual: I0577

Loaded 53911 variants
Loaded 2504 individuals
HDF5 loaded from ./Data/1000Genomes/HDF5/1240kHDF5/all1240/chr12.hdf5
3 Eigenstrat Files with 5081 Individuals and 1233013 SNPs

Intersection on Positions: 53911
Nr of Matching Refs: 53911 / 53911
Full Intersection Ref/Alt Identical: 53884 / 53911
2504 / 2504 Individuals included in Reference
Extraction of 5008 Haplotypes complete
Reduced to markers called 36521 / 53884
(Fraction SNP: 0.6777707668324549)
Successfully saved to: ./Empirical/Eigenstrat/Reichall/I0577/chr12/
Successfully loaded Data from: ./Empirical/Eigenstrat/Reichall/I0577/chr12/
Loaded Emission Model: haploid
Loaded Transition Model: model
Loaded Post Processing Model: Standard
Minimum Genetic Map: 0.0017
Maximum Genetic Map: 1.7468
Gaps bigger than 0.1 cM: 228
Maximum Gap: 0.8015 cM
Loaded Transition and Emission Matrix:
(3, 3)
(5009, 36521)
Loaded Observations:
(2, 36521)
Memory Usage: 1882.353664 mB
Reference Number: 5008
Total Log likelihood: -13411.182
Memory Usage: 1882.353664 mB
Finished Calculation State Posteriors
Saved Zero State Posterior to ./Empirical/Eigenstrat/Reichall/I0577/chr12/.
Successfully loaded for PP. from ./Empirical/Eigenstrat/Reichall/I0577/chr12/
Fraction Markers in ROH: 0.3920
Merged n=0 gaps < 0.0 M
Called n=5 ROH Blocks > 1.0 cM
Longest Block: 1.990
Successfully saved to ./Empirical/Eigenstrat/Reichall/I0577/chr12/roh.csv
Using Low-Mem Cython Linear Speed Up.
Loaded Pre Processing Model: Eigenstrat
Loading Individual: I0577

Loaded 39018 variants
Loaded 2504 individuals
HDF5 loaded from ./Data/1000Genomes/HDF5/1240kHDF5/all1240/chr13.hdf5
3 Eigenstrat Files with 5081 Individuals and 1233013 SNPs

Intersection on Positions: 39018
Nr of Matching Refs: 39018 / 39018
Full Intersection Ref/Alt Identical: 38994 / 39018
2504 / 2504 Individuals included in Reference
Extraction of 5008 Haplotypes complete
Reduced to markers called 24898 / 38994
(Fraction SNP: 0.638508488485408)
Successfully saved to: ./Empirical/Eigenstrat/Reichall/I0577/chr13/
Successfully loaded Data from: ./Empirical/Eigenstrat/Reichall/I0577/chr13/
Loaded Emission Model: haploid
Loaded Transition Model: model
Loaded Post Processing Model: Standard
Minimum Genetic Map: 0.0019
Maximum Genetic Map: 1.2570
Gaps bigger than 0.1 cM: 181
Maximum Gap: 1.2216 cM
Loaded Transition and Emission Matrix:
(3, 3)
(5009, 24898)
Loaded Observations:
(2, 24898)
Memory Usage: 1358.790656 mB
Reference Number: 5008
Total Log likelihood: -8980.166
Memory Usage: 1358.696448 mB
Finished Calculation State Posteriors
Saved Zero State Posterior to ./Empirical/Eigenstrat/Reichall/I0577/chr13/.
Successfully loaded for PP. from ./Empirical/Eigenstrat/Reichall/I0577/chr13/
Fraction Markers in ROH: 0.3739
Merged n=0 gaps < 0.0 M
Called n=2 ROH Blocks > 1.0 cM
Longest Block: 1.284
Successfully saved to ./Empirical/Eigenstrat/Reichall/I0577/chr13/roh.csv
Using Low-Mem Cython Linear Speed Up.
Loaded Pre Processing Model: Eigenstrat
Loading Individual: I0577

Loaded 36301 variants
Loaded 2504 individuals
HDF5 loaded from ./Data/1000Genomes/HDF5/1240kHDF5/all1240/chr14.hdf5
3 Eigenstrat Files with 5081 Individuals and 1233013 SNPs

Intersection on Positions: 36301
Nr of Matching Refs: 36301 / 36301
Full Intersection Ref/Alt Identical: 36280 / 36301
2504 / 2504 Individuals included in Reference
Extraction of 5008 Haplotypes complete
Reduced to markers called 24505 / 36280
(Fraction SNP: 0.6754410143329658)
Successfully saved to: ./Empirical/Eigenstrat/Reichall/I0577/chr14/
Successfully loaded Data from: ./Empirical/Eigenstrat/Reichall/I0577/chr14/
Loaded Emission Model: haploid
Loaded Transition Model: model
Loaded Post Processing Model: Standard
Minimum Genetic Map: 0.0184
Maximum Genetic Map: 1.2020
Gaps bigger than 0.1 cM: 163
Maximum Gap: 2.8973 cM
Loaded Transition and Emission Matrix:
(3, 3)
(5009, 24505)
Loaded Observations:
(2, 24505)
Memory Usage: 1340.858368 mB
Reference Number: 5008
Total Log likelihood: -8814.597
Memory Usage: 1340.858368 mB
Finished Calculation State Posteriors
Saved Zero State Posterior to ./Empirical/Eigenstrat/Reichall/I0577/chr14/.
Successfully loaded for PP. from ./Empirical/Eigenstrat/Reichall/I0577/chr14/
Fraction Markers in ROH: 0.3986
Merged n=0 gaps < 0.0 M
Called n=1 ROH Blocks > 1.0 cM
Longest Block: 1.056
Successfully saved to ./Empirical/Eigenstrat/Reichall/I0577/chr14/roh.csv
Using Low-Mem Cython Linear Speed Up.
Loaded Pre Processing Model: Eigenstrat
Loading Individual: I0577

Loaded 34429 variants
Loaded 2504 individuals
HDF5 loaded from ./Data/1000Genomes/HDF5/1240kHDF5/all1240/chr15.hdf5
3 Eigenstrat Files with 5081 Individuals and 1233013 SNPs

Intersection on Positions: 34429
Nr of Matching Refs: 34429 / 34429
Full Intersection Ref/Alt Identical: 34407 / 34429
2504 / 2504 Individuals included in Reference
Extraction of 5008 Haplotypes complete
Reduced to markers called 24325 / 34407
(Fraction SNP: 0.706978231173889)
Successfully saved to: ./Empirical/Eigenstrat/Reichall/I0577/chr15/
Successfully loaded Data from: ./Empirical/Eigenstrat/Reichall/I0577/chr15/
Loaded Emission Model: haploid
Loaded Transition Model: model
Loaded Post Processing Model: Standard
Minimum Genetic Map: 0.0000
Maximum Genetic Map: 1.4134
Gaps bigger than 0.1 cM: 160
Maximum Gap: 13.7349 cM
Loaded Transition and Emission Matrix:
(3, 3)
(5009, 24325)
Loaded Observations:
(2, 24325)
Memory Usage: 1333.32992 mB
Reference Number: 5008
Total Log likelihood: -8924.460
Memory Usage: 1333.32992 mB
Finished Calculation State Posteriors
Saved Zero State Posterior to ./Empirical/Eigenstrat/Reichall/I0577/chr15/.
Successfully loaded for PP. from ./Empirical/Eigenstrat/Reichall/I0577/chr15/
Fraction Markers in ROH: 0.3910
Merged n=0 gaps < 0.0 M
Called n=5 ROH Blocks > 1.0 cM
Longest Block: 1.560
Successfully saved to ./Empirical/Eigenstrat/Reichall/I0577/chr15/roh.csv
Using Low-Mem Cython Linear Speed Up.
Loaded Pre Processing Model: Eigenstrat
Loading Individual: I0577

Loaded 34402 variants
Loaded 2504 individuals
HDF5 loaded from ./Data/1000Genomes/HDF5/1240kHDF5/all1240/chr16.hdf5
3 Eigenstrat Files with 5081 Individuals and 1233013 SNPs

Intersection on Positions: 34402
Nr of Matching Refs: 34402 / 34402
Full Intersection Ref/Alt Identical: 34375 / 34402
2504 / 2504 Individuals included in Reference
Extraction of 5008 Haplotypes complete
Reduced to markers called 25568 / 34375
(Fraction SNP: 0.7437963636363636)
Successfully saved to: ./Empirical/Eigenstrat/Reichall/I0577/chr16/
Successfully loaded Data from: ./Empirical/Eigenstrat/Reichall/I0577/chr16/
Loaded Emission Model: haploid
Loaded Transition Model: model
Loaded Post Processing Model: Standard
Minimum Genetic Map: -0.0000
Maximum Genetic Map: 1.3403
Gaps bigger than 0.1 cM: 173
Maximum Gap: 0.8458 cM
Loaded Transition and Emission Matrix:
(3, 3)
(5009, 25568)
Loaded Observations:
(2, 25568)
Memory Usage: 1389.674496 mB
Reference Number: 5008
Total Log likelihood: -8935.143
Memory Usage: 1389.674496 mB
Finished Calculation State Posteriors
Saved Zero State Posterior to ./Empirical/Eigenstrat/Reichall/I0577/chr16/.
Successfully loaded for PP. from ./Empirical/Eigenstrat/Reichall/I0577/chr16/
Fraction Markers in ROH: 0.4519
Merged n=0 gaps < 0.0 M
Called n=7 ROH Blocks > 1.0 cM
Longest Block: 1.737
Successfully saved to ./Empirical/Eigenstrat/Reichall/I0577/chr16/roh.csv
Using Low-Mem Cython Linear Speed Up.
Loaded Pre Processing Model: Eigenstrat
Loading Individual: I0577

Loaded 29314 variants
Loaded 2504 individuals
HDF5 loaded from ./Data/1000Genomes/HDF5/1240kHDF5/all1240/chr17.hdf5
3 Eigenstrat Files with 5081 Individuals and 1233013 SNPs

Intersection on Positions: 29314
Nr of Matching Refs: 29314 / 29314
Full Intersection Ref/Alt Identical: 29292 / 29314
2504 / 2504 Individuals included in Reference
Extraction of 5008 Haplotypes complete
Reduced to markers called 22062 / 29292
(Fraction SNP: 0.7531749283080704)
Successfully saved to: ./Empirical/Eigenstrat/Reichall/I0577/chr17/
Successfully loaded Data from: ./Empirical/Eigenstrat/Reichall/I0577/chr17/
Loaded Emission Model: haploid
Loaded Transition Model: model
Loaded Post Processing Model: Standard
Minimum Genetic Map: -0.0003
Maximum Genetic Map: 1.2847
Gaps bigger than 0.1 cM: 170
Maximum Gap: 1.2341 cM
Loaded Transition and Emission Matrix:
(3, 3)
(5009, 22062)
Loaded Observations:
(2, 22062)
Memory Usage: 1230.860288 mB
Reference Number: 5008
Total Log likelihood: -8113.199
Memory Usage: 1230.716928 mB
Finished Calculation State Posteriors
Saved Zero State Posterior to ./Empirical/Eigenstrat/Reichall/I0577/chr17/.
Successfully loaded for PP. from ./Empirical/Eigenstrat/Reichall/I0577/chr17/
Fraction Markers in ROH: 0.3647
Merged n=0 gaps < 0.0 M
Called n=5 ROH Blocks > 1.0 cM
Longest Block: 1.765
Successfully saved to ./Empirical/Eigenstrat/Reichall/I0577/chr17/roh.csv
Using Low-Mem Cython Linear Speed Up.
Loaded Pre Processing Model: Eigenstrat
Loading Individual: I0577

Loaded 33917 variants
Loaded 2504 individuals
HDF5 loaded from ./Data/1000Genomes/HDF5/1240kHDF5/all1240/chr18.hdf5
3 Eigenstrat Files with 5081 Individuals and 1233013 SNPs

Intersection on Positions: 33917
Nr of Matching Refs: 33917 / 33917
Full Intersection Ref/Alt Identical: 33902 / 33917
2504 / 2504 Individuals included in Reference
Extraction of 5008 Haplotypes complete
Reduced to markers called 22645 / 33902
(Fraction SNP: 0.6679546929384697)
Successfully saved to: ./Empirical/Eigenstrat/Reichall/I0577/chr18/
Successfully loaded Data from: ./Empirical/Eigenstrat/Reichall/I0577/chr18/
Loaded Emission Model: haploid
Loaded Transition Model: model
Loaded Post Processing Model: Standard
Minimum Genetic Map: 0.0016
Maximum Genetic Map: 1.1771
Gaps bigger than 0.1 cM: 166
Maximum Gap: 0.4827 cM
Loaded Transition and Emission Matrix:
(3, 3)
(5009, 22645)
Loaded Observations:
(2, 22645)
Memory Usage: 1257.304064 mB
Reference Number: 5008
Total Log likelihood: -8181.148
Memory Usage: 1257.304064 mB
Finished Calculation State Posteriors
Saved Zero State Posterior to ./Empirical/Eigenstrat/Reichall/I0577/chr18/.
Successfully loaded for PP. from ./Empirical/Eigenstrat/Reichall/I0577/chr18/
Fraction Markers in ROH: 0.4037
Merged n=0 gaps < 0.0 M
Called n=2 ROH Blocks > 1.0 cM
Longest Block: 1.564
Successfully saved to ./Empirical/Eigenstrat/Reichall/I0577/chr18/roh.csv
Using Low-Mem Cython Linear Speed Up.
Loaded Pre Processing Model: Eigenstrat
Loading Individual: I0577

Loaded 18460 variants
Loaded 2504 individuals
HDF5 loaded from ./Data/1000Genomes/HDF5/1240kHDF5/all1240/chr19.hdf5
3 Eigenstrat Files with 5081 Individuals and 1233013 SNPs

Intersection on Positions: 18460
Nr of Matching Refs: 18460 / 18460
Full Intersection Ref/Alt Identical: 18441 / 18460
2504 / 2504 Individuals included in Reference
Extraction of 5008 Haplotypes complete
Reduced to markers called 14405 / 18441
(Fraction SNP: 0.7811398514180359)
Successfully saved to: ./Empirical/Eigenstrat/Reichall/I0577/chr19/
Successfully loaded Data from: ./Empirical/Eigenstrat/Reichall/I0577/chr19/
Loaded Emission Model: haploid
Loaded Transition Model: model
Loaded Post Processing Model: Standard
Minimum Genetic Map: 0.0000
Maximum Genetic Map: 1.0773
Gaps bigger than 0.1 cM: 156
Maximum Gap: 0.5964 cM
Loaded Transition and Emission Matrix:
(3, 3)
(5009, 14405)
Loaded Observations:
(2, 14405)
Memory Usage: 885.948416 mB
Reference Number: 5008
Total Log likelihood: -5512.665
Memory Usage: 885.948416 mB
Finished Calculation State Posteriors
Saved Zero State Posterior to ./Empirical/Eigenstrat/Reichall/I0577/chr19/.
Successfully loaded for PP. from ./Empirical/Eigenstrat/Reichall/I0577/chr19/
Fraction Markers in ROH: 0.4047
Merged n=0 gaps < 0.0 M
Called n=8 ROH Blocks > 1.0 cM
Longest Block: 1.537
Successfully saved to ./Empirical/Eigenstrat/Reichall/I0577/chr19/roh.csv
Using Low-Mem Cython Linear Speed Up.
Loaded Pre Processing Model: Eigenstrat
Loading Individual: I0577

Loaded 29078 variants
Loaded 2504 individuals
HDF5 loaded from ./Data/1000Genomes/HDF5/1240kHDF5/all1240/chr20.hdf5
3 Eigenstrat Files with 5081 Individuals and 1233013 SNPs

Intersection on Positions: 29078
Nr of Matching Refs: 29078 / 29078
Full Intersection Ref/Alt Identical: 29053 / 29078
2504 / 2504 Individuals included in Reference
Extraction of 5008 Haplotypes complete
Reduced to markers called 21629 / 29053
(Fraction SNP: 0.7444670085705435)
Successfully saved to: ./Empirical/Eigenstrat/Reichall/I0577/chr20/
Successfully loaded Data from: ./Empirical/Eigenstrat/Reichall/I0577/chr20/
Loaded Emission Model: haploid
Loaded Transition Model: model
Loaded Post Processing Model: Standard
Minimum Genetic Map: 0.0006
Maximum Genetic Map: 1.0821
Gaps bigger than 0.1 cM: 152
Maximum Gap: 0.4744 cM
Loaded Transition and Emission Matrix:
(3, 3)
(5009, 21629)
Loaded Observations:
(2, 21629)
Memory Usage: 1211.35104 mB
Reference Number: 5008
Total Log likelihood: -8091.055
Memory Usage: 1211.35104 mB
Finished Calculation State Posteriors
Saved Zero State Posterior to ./Empirical/Eigenstrat/Reichall/I0577/chr20/.
Successfully loaded for PP. from ./Empirical/Eigenstrat/Reichall/I0577/chr20/
Fraction Markers in ROH: 0.3611
Merged n=0 gaps < 0.0 M
Called n=5 ROH Blocks > 1.0 cM
Longest Block: 2.339
Successfully saved to ./Empirical/Eigenstrat/Reichall/I0577/chr20/roh.csv
Using Low-Mem Cython Linear Speed Up.
Loaded Pre Processing Model: Eigenstrat
Loading Individual: I0577

Loaded 16038 variants
Loaded 2504 individuals
HDF5 loaded from ./Data/1000Genomes/HDF5/1240kHDF5/all1240/chr21.hdf5
3 Eigenstrat Files with 5081 Individuals and 1233013 SNPs

Intersection on Positions: 16038
Nr of Matching Refs: 16038 / 16038
Full Intersection Ref/Alt Identical: 16031 / 16038
2504 / 2504 Individuals included in Reference
Extraction of 5008 Haplotypes complete
Reduced to markers called 10709 / 16031
(Fraction SNP: 0.6680182147090014)
Successfully saved to: ./Empirical/Eigenstrat/Reichall/I0577/chr21/
Successfully loaded Data from: ./Empirical/Eigenstrat/Reichall/I0577/chr21/
Loaded Emission Model: haploid
Loaded Transition Model: model
Loaded Post Processing Model: Standard
Minimum Genetic Map: -0.0085
Maximum Genetic Map: 0.6279
Gaps bigger than 0.1 cM: 107
Maximum Gap: 1.7201 cM
Loaded Transition and Emission Matrix:
(3, 3)
(5009, 10709)
Loaded Observations:
(2, 10709)
Memory Usage: 724.09088 mB
Reference Number: 5008
Total Log likelihood: -3907.263
Memory Usage: 724.09088 mB
Finished Calculation State Posteriors
Saved Zero State Posterior to ./Empirical/Eigenstrat/Reichall/I0577/chr21/.
Successfully loaded for PP. from ./Empirical/Eigenstrat/Reichall/I0577/chr21/
Fraction Markers in ROH: 0.3796
Called n=0 ROH Blocks > 1.0 cM
Longest Block: nan
Successfully saved to ./Empirical/Eigenstrat/Reichall/I0577/chr21/roh.csv
Using Low-Mem Cython Linear Speed Up.
Loaded Pre Processing Model: Eigenstrat
Loading Individual: I0577

Loaded 15802 variants
Loaded 2504 individuals
HDF5 loaded from ./Data/1000Genomes/HDF5/1240kHDF5/all1240/chr22.hdf5
3 Eigenstrat Files with 5081 Individuals and 1233013 SNPs

Intersection on Positions: 15802
Nr of Matching Refs: 15802 / 15802
Full Intersection Ref/Alt Identical: 15793 / 15802
2504 / 2504 Individuals included in Reference
Extraction of 5008 Haplotypes complete
Reduced to markers called 12616 / 15793
(Fraction SNP: 0.7988349268663332)
Successfully saved to: ./Empirical/Eigenstrat/Reichall/I0577/chr22/
Successfully loaded Data from: ./Empirical/Eigenstrat/Reichall/I0577/chr22/
Loaded Emission Model: haploid
Loaded Transition Model: model
Loaded Post Processing Model: Standard
Minimum Genetic Map: 0.0171
Maximum Genetic Map: 0.7408
Gaps bigger than 0.1 cM: 89
Maximum Gap: 1.6949 cM
Loaded Transition and Emission Matrix:
(3, 3)
(5009, 12616)
Loaded Observations:
(2, 12616)
Memory Usage: 810.84416 mB
Reference Number: 5008
Total Log likelihood: -4944.645
Memory Usage: 810.84416 mB
Finished Calculation State Posteriors
Saved Zero State Posterior to ./Empirical/Eigenstrat/Reichall/I0577/chr22/.
Successfully loaded for PP. from ./Empirical/Eigenstrat/Reichall/I0577/chr22/
Fraction Markers in ROH: 0.3680
Merged n=0 gaps < 0.0 M
Called n=3 ROH Blocks > 1.0 cM
Longest Block: 1.709
Successfully saved to ./Empirical/Eigenstrat/Reichall/I0577/chr22/roh.csv
