Loaded 2106 / 5081 ancient Indivdiuals Anno File.
Doing Individual I3715...
Using Low-Mem Cython Linear Speed Up.
Loaded Pre Processing Model: Eigenstrat
Loading Individual: I3715

Loaded 89147 variants
Loaded 2504 individuals
HDF5 loaded from ./Data/1000Genomes/HDF5/1240kHDF5/all1240/chr1.hdf5
3 Eigenstrat Files with 5081 Individuals and 1233013 SNPs

Intersection on Positions: 89147
Nr of Matching Refs: 89147 / 89147
Full Intersection Ref/Alt Identical: 89082 / 89147
2504 / 2504 Individuals included in Reference
Extraction of 5008 Haplotypes complete
Reduced to markers called 36496 / 89082
(Fraction SNP: 0.4096899485866954)
Successfully saved to: ./Empirical/Eigenstrat/Reichall/I3715/chr1/
Successfully loaded Data from: ./Empirical/Eigenstrat/Reichall/I3715/chr1/
Loaded Emission Model: haploid
Loaded Transition Model: model
Loaded Post Processing Model: Standard
Minimum Genetic Map: 0.0227
Maximum Genetic Map: 2.8627
Gaps bigger than 0.1 cM: 468
Maximum Gap: 2.9476 cM
Loaded Transition and Emission Matrix:
(3, 3)
(5009, 36496)
Loaded Observations:
(2, 36496)
Memory Usage: 1840.20992 mB
Reference Number: 5008
Total Log likelihood: -12520.438
Memory Usage: 1840.672768 mB
Finished Calculation State Posteriors
Saved Zero State Posterior to ./Empirical/Eigenstrat/Reichall/I3715/chr1/.
Successfully loaded for PP. from ./Empirical/Eigenstrat/Reichall/I3715/chr1/
Fraction Markers in ROH: 0.4795
Merged n=0 gaps < 0.0 M
Called n=25 ROH Blocks > 1.0 cM
Longest Block: 3.904
Successfully saved to ./Empirical/Eigenstrat/Reichall/I3715/chr1/roh.csv
Using Low-Mem Cython Linear Speed Up.
Loaded Pre Processing Model: Eigenstrat
Loading Individual: I3715

Loaded 94239 variants
Loaded 2504 individuals
HDF5 loaded from ./Data/1000Genomes/HDF5/1240kHDF5/all1240/chr2.hdf5
3 Eigenstrat Files with 5081 Individuals and 1233013 SNPs

Intersection on Positions: 94239
Nr of Matching Refs: 94239 / 94239
Full Intersection Ref/Alt Identical: 94173 / 94239
2504 / 2504 Individuals included in Reference
Extraction of 5008 Haplotypes complete
Reduced to markers called 36780 / 94173
(Fraction SNP: 0.39055780319199773)
Successfully saved to: ./Empirical/Eigenstrat/Reichall/I3715/chr2/
Successfully loaded Data from: ./Empirical/Eigenstrat/Reichall/I3715/chr2/
Loaded Emission Model: haploid
Loaded Transition Model: model
Loaded Post Processing Model: Standard
Minimum Genetic Map: 0.0001
Maximum Genetic Map: 2.6883
Gaps bigger than 0.1 cM: 424
Maximum Gap: 2.1079 cM
Loaded Transition and Emission Matrix:
(3, 3)
(5009, 36780)
Loaded Observations:
(2, 36780)
Memory Usage: 1892.438016 mB
Reference Number: 5008
Total Log likelihood: -12782.692
Memory Usage: 1892.438016 mB
Finished Calculation State Posteriors
Saved Zero State Posterior to ./Empirical/Eigenstrat/Reichall/I3715/chr2/.
Successfully loaded for PP. from ./Empirical/Eigenstrat/Reichall/I3715/chr2/
Fraction Markers in ROH: 0.4706
Merged n=0 gaps < 0.0 M
Called n=24 ROH Blocks > 1.0 cM
Longest Block: 2.532
Successfully saved to ./Empirical/Eigenstrat/Reichall/I3715/chr2/roh.csv
Using Low-Mem Cython Linear Speed Up.
Loaded Pre Processing Model: Eigenstrat
Loading Individual: I3715

Loaded 77652 variants
Loaded 2504 individuals
HDF5 loaded from ./Data/1000Genomes/HDF5/1240kHDF5/all1240/chr3.hdf5
3 Eigenstrat Files with 5081 Individuals and 1233013 SNPs

Intersection on Positions: 77652
Nr of Matching Refs: 77652 / 77652
Full Intersection Ref/Alt Identical: 77601 / 77652
2504 / 2504 Individuals included in Reference
Extraction of 5008 Haplotypes complete
Reduced to markers called 29538 / 77601
(Fraction SNP: 0.38063942474968104)
Successfully saved to: ./Empirical/Eigenstrat/Reichall/I3715/chr3/
Successfully loaded Data from: ./Empirical/Eigenstrat/Reichall/I3715/chr3/
Loaded Emission Model: haploid
Loaded Transition Model: model
Loaded Post Processing Model: Standard
Minimum Genetic Map: 0.0000
Maximum Genetic Map: 2.2326
Gaps bigger than 0.1 cM: 397
Maximum Gap: 0.3236 cM
Loaded Transition and Emission Matrix:
(3, 3)
(5009, 29538)
Loaded Observations:
(2, 29538)
Memory Usage: 1566.02368 mB
Reference Number: 5008
Total Log likelihood: -10596.725
Memory Usage: 1566.02368 mB
Finished Calculation State Posteriors
Saved Zero State Posterior to ./Empirical/Eigenstrat/Reichall/I3715/chr3/.
Successfully loaded for PP. from ./Empirical/Eigenstrat/Reichall/I3715/chr3/
Fraction Markers in ROH: 0.4343
Merged n=0 gaps < 0.0 M
Called n=18 ROH Blocks > 1.0 cM
Longest Block: 2.149
Successfully saved to ./Empirical/Eigenstrat/Reichall/I3715/chr3/roh.csv
Using Low-Mem Cython Linear Speed Up.
Loaded Pre Processing Model: Eigenstrat
Loading Individual: I3715

Loaded 68759 variants
Loaded 2504 individuals
HDF5 loaded from ./Data/1000Genomes/HDF5/1240kHDF5/all1240/chr4.hdf5
3 Eigenstrat Files with 5081 Individuals and 1233013 SNPs

Intersection on Positions: 68759
Nr of Matching Refs: 68759 / 68759
Full Intersection Ref/Alt Identical: 68720 / 68759
2504 / 2504 Individuals included in Reference
Extraction of 5008 Haplotypes complete
Reduced to markers called 23922 / 68720
(Fraction SNP: 0.3481082654249127)
Successfully saved to: ./Empirical/Eigenstrat/Reichall/I3715/chr4/
Successfully loaded Data from: ./Empirical/Eigenstrat/Reichall/I3715/chr4/
Loaded Emission Model: haploid
Loaded Transition Model: model
Loaded Post Processing Model: Standard
Minimum Genetic Map: 0.0034
Maximum Genetic Map: 2.1454
Gaps bigger than 0.1 cM: 404
Maximum Gap: 2.0495 cM
Loaded Transition and Emission Matrix:
(3, 3)
(5009, 23922)
Loaded Observations:
(2, 23922)
Memory Usage: 1313.017856 mB
Reference Number: 5008
Total Log likelihood: -8709.482
Memory Usage: 1313.017856 mB
Finished Calculation State Posteriors
Saved Zero State Posterior to ./Empirical/Eigenstrat/Reichall/I3715/chr4/.
Successfully loaded for PP. from ./Empirical/Eigenstrat/Reichall/I3715/chr4/
Fraction Markers in ROH: 0.4395
Merged n=0 gaps < 0.0 M
Called n=20 ROH Blocks > 1.0 cM
Longest Block: 2.682
Successfully saved to ./Empirical/Eigenstrat/Reichall/I3715/chr4/roh.csv
Using Low-Mem Cython Linear Speed Up.
Loaded Pre Processing Model: Eigenstrat
Loading Individual: I3715

Loaded 69399 variants
Loaded 2504 individuals
HDF5 loaded from ./Data/1000Genomes/HDF5/1240kHDF5/all1240/chr5.hdf5
3 Eigenstrat Files with 5081 Individuals and 1233013 SNPs

Intersection on Positions: 69399
Nr of Matching Refs: 69399 / 69399
Full Intersection Ref/Alt Identical: 69354 / 69399
2504 / 2504 Individuals included in Reference
Extraction of 5008 Haplotypes complete
Reduced to markers called 26579 / 69354
(Fraction SNP: 0.38323672751391413)
Successfully saved to: ./Empirical/Eigenstrat/Reichall/I3715/chr5/
Successfully loaded Data from: ./Empirical/Eigenstrat/Reichall/I3715/chr5/
Loaded Emission Model: haploid
Loaded Transition Model: model
Loaded Post Processing Model: Standard
Minimum Genetic Map: 0.0004
Maximum Genetic Map: 2.0409
Gaps bigger than 0.1 cM: 379
Maximum Gap: 1.1070 cM
Loaded Transition and Emission Matrix:
(3, 3)
(5009, 26579)
Loaded Observations:
(2, 26579)
Memory Usage: 1433.747456 mB
Reference Number: 5008
Total Log likelihood: -9329.274
Memory Usage: 1433.747456 mB
Finished Calculation State Posteriors
Saved Zero State Posterior to ./Empirical/Eigenstrat/Reichall/I3715/chr5/.
Successfully loaded for PP. from ./Empirical/Eigenstrat/Reichall/I3715/chr5/
Fraction Markers in ROH: 0.4421
Merged n=0 gaps < 0.0 M
Called n=15 ROH Blocks > 1.0 cM
Longest Block: 2.811
Successfully saved to ./Empirical/Eigenstrat/Reichall/I3715/chr5/roh.csv
Using Low-Mem Cython Linear Speed Up.
Loaded Pre Processing Model: Eigenstrat
Loading Individual: I3715

Loaded 75870 variants
Loaded 2504 individuals
HDF5 loaded from ./Data/1000Genomes/HDF5/1240kHDF5/all1240/chr6.hdf5
3 Eigenstrat Files with 5081 Individuals and 1233013 SNPs

Intersection on Positions: 75870
Nr of Matching Refs: 75870 / 75870
Full Intersection Ref/Alt Identical: 75816 / 75870
2504 / 2504 Individuals included in Reference
Extraction of 5008 Haplotypes complete
Reduced to markers called 29344 / 75816
(Fraction SNP: 0.3870423129682389)
Successfully saved to: ./Empirical/Eigenstrat/Reichall/I3715/chr6/
Successfully loaded Data from: ./Empirical/Eigenstrat/Reichall/I3715/chr6/
Loaded Emission Model: haploid
Loaded Transition Model: model
Loaded Post Processing Model: Standard
Minimum Genetic Map: 0.0035
Maximum Genetic Map: 1.9203
Gaps bigger than 0.1 cM: 306
Maximum Gap: 0.5174 cM
Loaded Transition and Emission Matrix:
(3, 3)
(5009, 29344)
Loaded Observations:
(2, 29344)
Memory Usage: 1558.560768 mB
Reference Number: 5008
Total Log likelihood: -10777.068
Memory Usage: 1558.560768 mB
Finished Calculation State Posteriors
Saved Zero State Posterior to ./Empirical/Eigenstrat/Reichall/I3715/chr6/.
Successfully loaded for PP. from ./Empirical/Eigenstrat/Reichall/I3715/chr6/
Fraction Markers in ROH: 0.4120
Merged n=0 gaps < 0.0 M
Called n=14 ROH Blocks > 1.0 cM
Longest Block: 1.828
Successfully saved to ./Empirical/Eigenstrat/Reichall/I3715/chr6/roh.csv
Using Low-Mem Cython Linear Speed Up.
Loaded Pre Processing Model: Eigenstrat
Loading Individual: I3715

Loaded 59890 variants
Loaded 2504 individuals
HDF5 loaded from ./Data/1000Genomes/HDF5/1240kHDF5/all1240/chr7.hdf5
3 Eigenstrat Files with 5081 Individuals and 1233013 SNPs

Intersection on Positions: 59890
Nr of Matching Refs: 59890 / 59890
Full Intersection Ref/Alt Identical: 59836 / 59890
2504 / 2504 Individuals included in Reference
Extraction of 5008 Haplotypes complete
Reduced to markers called 23101 / 59836
(Fraction SNP: 0.38607192994184103)
Successfully saved to: ./Empirical/Eigenstrat/Reichall/I3715/chr7/
Successfully loaded Data from: ./Empirical/Eigenstrat/Reichall/I3715/chr7/
Loaded Emission Model: haploid
Loaded Transition Model: model
Loaded Post Processing Model: Standard
Minimum Genetic Map: 0.0001
Maximum Genetic Map: 1.8715
Gaps bigger than 0.1 cM: 325
Maximum Gap: 1.0508 cM
Loaded Transition and Emission Matrix:
(3, 3)
(5009, 23101)
Loaded Observations:
(2, 23101)
Memory Usage: 1276.874752 mB
Reference Number: 5008
Total Log likelihood: -8149.481
Memory Usage: 1276.874752 mB
Finished Calculation State Posteriors
Saved Zero State Posterior to ./Empirical/Eigenstrat/Reichall/I3715/chr7/.
Successfully loaded for PP. from ./Empirical/Eigenstrat/Reichall/I3715/chr7/
Fraction Markers in ROH: 0.4721
Merged n=0 gaps < 0.0 M
Called n=14 ROH Blocks > 1.0 cM
Longest Block: 1.873
Successfully saved to ./Empirical/Eigenstrat/Reichall/I3715/chr7/roh.csv
Using Low-Mem Cython Linear Speed Up.
Loaded Pre Processing Model: Eigenstrat
Loading Individual: I3715

Loaded 61133 variants
Loaded 2504 individuals
HDF5 loaded from ./Data/1000Genomes/HDF5/1240kHDF5/all1240/chr8.hdf5
3 Eigenstrat Files with 5081 Individuals and 1233013 SNPs

Intersection on Positions: 61133
Nr of Matching Refs: 61133 / 61133
Full Intersection Ref/Alt Identical: 61091 / 61133
2504 / 2504 Individuals included in Reference
Extraction of 5008 Haplotypes complete
Reduced to markers called 24021 / 61091
(Fraction SNP: 0.3932003077376373)
Successfully saved to: ./Empirical/Eigenstrat/Reichall/I3715/chr8/
Successfully loaded Data from: ./Empirical/Eigenstrat/Reichall/I3715/chr8/
Loaded Emission Model: haploid
Loaded Transition Model: model
Loaded Post Processing Model: Standard
Minimum Genetic Map: 0.0000
Maximum Genetic Map: 1.6800
Gaps bigger than 0.1 cM: 262
Maximum Gap: 1.8932 cM
Loaded Transition and Emission Matrix:
(3, 3)
(5009, 24021)
Loaded Observations:
(2, 24021)
Memory Usage: 1318.35904 mB
Reference Number: 5008
Total Log likelihood: -8320.125
Memory Usage: 1318.35904 mB
Finished Calculation State Posteriors
Saved Zero State Posterior to ./Empirical/Eigenstrat/Reichall/I3715/chr8/.
Successfully loaded for PP. from ./Empirical/Eigenstrat/Reichall/I3715/chr8/
Fraction Markers in ROH: 0.4713
Merged n=0 gaps < 0.0 M
Called n=11 ROH Blocks > 1.0 cM
Longest Block: 2.806
Successfully saved to ./Empirical/Eigenstrat/Reichall/I3715/chr8/roh.csv
Using Low-Mem Cython Linear Speed Up.
Loaded Pre Processing Model: Eigenstrat
Loading Individual: I3715

Loaded 50668 variants
Loaded 2504 individuals
HDF5 loaded from ./Data/1000Genomes/HDF5/1240kHDF5/all1240/chr9.hdf5
3 Eigenstrat Files with 5081 Individuals and 1233013 SNPs

Intersection on Positions: 50668
Nr of Matching Refs: 50668 / 50668
Full Intersection Ref/Alt Identical: 50629 / 50668
2504 / 2504 Individuals included in Reference
Extraction of 5008 Haplotypes complete
Reduced to markers called 20388 / 50629
(Fraction SNP: 0.40269410811985223)
Successfully saved to: ./Empirical/Eigenstrat/Reichall/I3715/chr9/
Successfully loaded Data from: ./Empirical/Eigenstrat/Reichall/I3715/chr9/
Loaded Emission Model: haploid
Loaded Transition Model: model
Loaded Post Processing Model: Standard
Minimum Genetic Map: 0.0016
Maximum Genetic Map: 1.6630
Gaps bigger than 0.1 cM: 307
Maximum Gap: 2.3102 cM
Loaded Transition and Emission Matrix:
(3, 3)
(5009, 20388)
Loaded Observations:
(2, 20388)
Memory Usage: 1154.936832 mB
Reference Number: 5008
Total Log likelihood: -7438.963
Memory Usage: 1154.936832 mB
Finished Calculation State Posteriors
Saved Zero State Posterior to ./Empirical/Eigenstrat/Reichall/I3715/chr9/.
Successfully loaded for PP. from ./Empirical/Eigenstrat/Reichall/I3715/chr9/
Fraction Markers in ROH: 0.4352
Merged n=0 gaps < 0.0 M
Called n=13 ROH Blocks > 1.0 cM
Longest Block: 3.770
Successfully saved to ./Empirical/Eigenstrat/Reichall/I3715/chr9/roh.csv
Using Low-Mem Cython Linear Speed Up.
Loaded Pre Processing Model: Eigenstrat
Loading Individual: I3715

Loaded 58804 variants
Loaded 2504 individuals
HDF5 loaded from ./Data/1000Genomes/HDF5/1240kHDF5/all1240/chr10.hdf5
3 Eigenstrat Files with 5081 Individuals and 1233013 SNPs

Intersection on Positions: 58804
Nr of Matching Refs: 58804 / 58804
Full Intersection Ref/Alt Identical: 58763 / 58804
2504 / 2504 Individuals included in Reference
Extraction of 5008 Haplotypes complete
Reduced to markers called 24255 / 58763
(Fraction SNP: 0.41275972976192504)
Successfully saved to: ./Empirical/Eigenstrat/Reichall/I3715/chr10/
Successfully loaded Data from: ./Empirical/Eigenstrat/Reichall/I3715/chr10/
Loaded Emission Model: haploid
Loaded Transition Model: model
Loaded Post Processing Model: Standard
Minimum Genetic Map: 0.0001
Maximum Genetic Map: 1.8091
Gaps bigger than 0.1 cM: 298
Maximum Gap: 2.0338 cM
Loaded Transition and Emission Matrix:
(3, 3)
(5009, 24255)
Loaded Observations:
(2, 24255)
Memory Usage: 1329.278976 mB
Reference Number: 5008
Total Log likelihood: -8662.862
Memory Usage: 1329.278976 mB
Finished Calculation State Posteriors
Saved Zero State Posterior to ./Empirical/Eigenstrat/Reichall/I3715/chr10/.
Successfully loaded for PP. from ./Empirical/Eigenstrat/Reichall/I3715/chr10/
Fraction Markers in ROH: 0.4411
Merged n=0 gaps < 0.0 M
Called n=14 ROH Blocks > 1.0 cM
Longest Block: 1.965
Successfully saved to ./Empirical/Eigenstrat/Reichall/I3715/chr10/roh.csv
Using Low-Mem Cython Linear Speed Up.
Loaded Pre Processing Model: Eigenstrat
Loading Individual: I3715

Loaded 54833 variants
Loaded 2504 individuals
HDF5 loaded from ./Data/1000Genomes/HDF5/1240kHDF5/all1240/chr11.hdf5
3 Eigenstrat Files with 5081 Individuals and 1233013 SNPs

Intersection on Positions: 54833
Nr of Matching Refs: 54833 / 54833
Full Intersection Ref/Alt Identical: 54796 / 54833
2504 / 2504 Individuals included in Reference
Extraction of 5008 Haplotypes complete
Reduced to markers called 22225 / 54796
(Fraction SNP: 0.40559529892692897)
Successfully saved to: ./Empirical/Eigenstrat/Reichall/I3715/chr11/
Successfully loaded Data from: ./Empirical/Eigenstrat/Reichall/I3715/chr11/
Loaded Emission Model: haploid
Loaded Transition Model: model
Loaded Post Processing Model: Standard
Minimum Genetic Map: 0.0000
Maximum Genetic Map: 1.5822
Gaps bigger than 0.1 cM: 275
Maximum Gap: 0.5585 cM
Loaded Transition and Emission Matrix:
(3, 3)
(5009, 22225)
Loaded Observations:
(2, 22225)
Memory Usage: 1237.835776 mB
Reference Number: 5008
Total Log likelihood: -7926.219
Memory Usage: 1237.835776 mB
Finished Calculation State Posteriors
Saved Zero State Posterior to ./Empirical/Eigenstrat/Reichall/I3715/chr11/.
Successfully loaded for PP. from ./Empirical/Eigenstrat/Reichall/I3715/chr11/
Fraction Markers in ROH: 0.4551
Merged n=0 gaps < 0.0 M
Called n=15 ROH Blocks > 1.0 cM
Longest Block: 2.070
Successfully saved to ./Empirical/Eigenstrat/Reichall/I3715/chr11/roh.csv
Using Low-Mem Cython Linear Speed Up.
Loaded Pre Processing Model: Eigenstrat
Loading Individual: I3715

Loaded 53911 variants
Loaded 2504 individuals
HDF5 loaded from ./Data/1000Genomes/HDF5/1240kHDF5/all1240/chr12.hdf5
3 Eigenstrat Files with 5081 Individuals and 1233013 SNPs

Intersection on Positions: 53911
Nr of Matching Refs: 53911 / 53911
Full Intersection Ref/Alt Identical: 53884 / 53911
2504 / 2504 Individuals included in Reference
Extraction of 5008 Haplotypes complete
Reduced to markers called 21068 / 53884
(Fraction SNP: 0.39098804840026724)
Successfully saved to: ./Empirical/Eigenstrat/Reichall/I3715/chr12/
Successfully loaded Data from: ./Empirical/Eigenstrat/Reichall/I3715/chr12/
Loaded Emission Model: haploid
Loaded Transition Model: model
Loaded Post Processing Model: Standard
Minimum Genetic Map: 0.0017
Maximum Genetic Map: 1.7468
Gaps bigger than 0.1 cM: 320
Maximum Gap: 1.1095 cM
Loaded Transition and Emission Matrix:
(3, 3)
(5009, 21068)
Loaded Observations:
(2, 21068)
Memory Usage: 1185.472512 mB
Reference Number: 5008
Total Log likelihood: -7472.681
Memory Usage: 1185.472512 mB
Finished Calculation State Posteriors
Saved Zero State Posterior to ./Empirical/Eigenstrat/Reichall/I3715/chr12/.
Successfully loaded for PP. from ./Empirical/Eigenstrat/Reichall/I3715/chr12/
Fraction Markers in ROH: 0.4388
Merged n=0 gaps < 0.0 M
Called n=13 ROH Blocks > 1.0 cM
Longest Block: 2.443
Successfully saved to ./Empirical/Eigenstrat/Reichall/I3715/chr12/roh.csv
Using Low-Mem Cython Linear Speed Up.
Loaded Pre Processing Model: Eigenstrat
Loading Individual: I3715

Loaded 39018 variants
Loaded 2504 individuals
HDF5 loaded from ./Data/1000Genomes/HDF5/1240kHDF5/all1240/chr13.hdf5
3 Eigenstrat Files with 5081 Individuals and 1233013 SNPs

Intersection on Positions: 39018
Nr of Matching Refs: 39018 / 39018
Full Intersection Ref/Alt Identical: 38994 / 39018
2504 / 2504 Individuals included in Reference
Extraction of 5008 Haplotypes complete
Reduced to markers called 14102 / 38994
(Fraction SNP: 0.3616453813407191)
Successfully saved to: ./Empirical/Eigenstrat/Reichall/I3715/chr13/
Successfully loaded Data from: ./Empirical/Eigenstrat/Reichall/I3715/chr13/
Loaded Emission Model: haploid
Loaded Transition Model: model
Loaded Post Processing Model: Standard
Minimum Genetic Map: 0.0021
Maximum Genetic Map: 1.2570
Gaps bigger than 0.1 cM: 239
Maximum Gap: 1.2227 cM
Loaded Transition and Emission Matrix:
(3, 3)
(5009, 14102)
Loaded Observations:
(2, 14102)
Memory Usage: 871.841792 mB
Reference Number: 5008
Total Log likelihood: -5172.617
Memory Usage: 871.841792 mB
Finished Calculation State Posteriors
Saved Zero State Posterior to ./Empirical/Eigenstrat/Reichall/I3715/chr13/.
Successfully loaded for PP. from ./Empirical/Eigenstrat/Reichall/I3715/chr13/
Fraction Markers in ROH: 0.4506
Merged n=0 gaps < 0.0 M
Called n=9 ROH Blocks > 1.0 cM
Longest Block: 3.434
Successfully saved to ./Empirical/Eigenstrat/Reichall/I3715/chr13/roh.csv
Using Low-Mem Cython Linear Speed Up.
Loaded Pre Processing Model: Eigenstrat
Loading Individual: I3715

Loaded 36301 variants
Loaded 2504 individuals
HDF5 loaded from ./Data/1000Genomes/HDF5/1240kHDF5/all1240/chr14.hdf5
3 Eigenstrat Files with 5081 Individuals and 1233013 SNPs

Intersection on Positions: 36301
Nr of Matching Refs: 36301 / 36301
Full Intersection Ref/Alt Identical: 36280 / 36301
2504 / 2504 Individuals included in Reference
Extraction of 5008 Haplotypes complete
Reduced to markers called 14297 / 36280
(Fraction SNP: 0.39407386990077176)
Successfully saved to: ./Empirical/Eigenstrat/Reichall/I3715/chr14/
Successfully loaded Data from: ./Empirical/Eigenstrat/Reichall/I3715/chr14/
Loaded Emission Model: haploid
Loaded Transition Model: model
Loaded Post Processing Model: Standard
Minimum Genetic Map: 0.0184
Maximum Genetic Map: 1.2020
Gaps bigger than 0.1 cM: 219
Maximum Gap: 3.0784 cM
Loaded Transition and Emission Matrix:
(3, 3)
(5009, 14297)
Loaded Observations:
(2, 14297)
Memory Usage: 880.738304 mB
Reference Number: 5008
Total Log likelihood: -5213.016
Memory Usage: 880.738304 mB
Finished Calculation State Posteriors
Saved Zero State Posterior to ./Empirical/Eigenstrat/Reichall/I3715/chr14/.
Successfully loaded for PP. from ./Empirical/Eigenstrat/Reichall/I3715/chr14/
Fraction Markers in ROH: 0.4478
Merged n=0 gaps < 0.0 M
Called n=8 ROH Blocks > 1.0 cM
Longest Block: 2.603
Successfully saved to ./Empirical/Eigenstrat/Reichall/I3715/chr14/roh.csv
Using Low-Mem Cython Linear Speed Up.
Loaded Pre Processing Model: Eigenstrat
Loading Individual: I3715

Loaded 34429 variants
Loaded 2504 individuals
HDF5 loaded from ./Data/1000Genomes/HDF5/1240kHDF5/all1240/chr15.hdf5
3 Eigenstrat Files with 5081 Individuals and 1233013 SNPs

Intersection on Positions: 34429
Nr of Matching Refs: 34429 / 34429
Full Intersection Ref/Alt Identical: 34407 / 34429
2504 / 2504 Individuals included in Reference
Extraction of 5008 Haplotypes complete
Reduced to markers called 14390 / 34407
(Fraction SNP: 0.4182288487807714)
Successfully saved to: ./Empirical/Eigenstrat/Reichall/I3715/chr15/
Successfully loaded Data from: ./Empirical/Eigenstrat/Reichall/I3715/chr15/
Loaded Emission Model: haploid
Loaded Transition Model: model
Loaded Post Processing Model: Standard
Minimum Genetic Map: 0.0002
Maximum Genetic Map: 1.4134
Gaps bigger than 0.1 cM: 224
Maximum Gap: 13.7827 cM
Loaded Transition and Emission Matrix:
(3, 3)
(5009, 14390)
Loaded Observations:
(2, 14390)
Memory Usage: 885.252096 mB
Reference Number: 5008
Total Log likelihood: -4668.704
Memory Usage: 885.252096 mB
Finished Calculation State Posteriors
Saved Zero State Posterior to ./Empirical/Eigenstrat/Reichall/I3715/chr15/.
Successfully loaded for PP. from ./Empirical/Eigenstrat/Reichall/I3715/chr15/
Fraction Markers in ROH: 0.5463
Merged n=0 gaps < 0.0 M
Called n=15 ROH Blocks > 1.0 cM
Longest Block: 13.878
Successfully saved to ./Empirical/Eigenstrat/Reichall/I3715/chr15/roh.csv
Using Low-Mem Cython Linear Speed Up.
Loaded Pre Processing Model: Eigenstrat
Loading Individual: I3715

Loaded 34402 variants
Loaded 2504 individuals
HDF5 loaded from ./Data/1000Genomes/HDF5/1240kHDF5/all1240/chr16.hdf5
3 Eigenstrat Files with 5081 Individuals and 1233013 SNPs

Intersection on Positions: 34402
Nr of Matching Refs: 34402 / 34402
Full Intersection Ref/Alt Identical: 34375 / 34402
2504 / 2504 Individuals included in Reference
Extraction of 5008 Haplotypes complete
Reduced to markers called 15462 / 34375
(Fraction SNP: 0.44980363636363635)
Successfully saved to: ./Empirical/Eigenstrat/Reichall/I3715/chr16/
Successfully loaded Data from: ./Empirical/Eigenstrat/Reichall/I3715/chr16/
Loaded Emission Model: haploid
Loaded Transition Model: model
Loaded Post Processing Model: Standard
Minimum Genetic Map: -0.0000
Maximum Genetic Map: 1.3403
Gaps bigger than 0.1 cM: 239
Maximum Gap: 1.0676 cM
Loaded Transition and Emission Matrix:
(3, 3)
(5009, 15462)
Loaded Observations:
(2, 15462)
Memory Usage: 933.883904 mB
Reference Number: 5008
Total Log likelihood: -5740.786
Memory Usage: 933.883904 mB
Finished Calculation State Posteriors
Saved Zero State Posterior to ./Empirical/Eigenstrat/Reichall/I3715/chr16/.
Successfully loaded for PP. from ./Empirical/Eigenstrat/Reichall/I3715/chr16/
Fraction Markers in ROH: 0.4437
Merged n=0 gaps < 0.0 M
Called n=11 ROH Blocks > 1.0 cM
Longest Block: 2.168
Successfully saved to ./Empirical/Eigenstrat/Reichall/I3715/chr16/roh.csv
Using Low-Mem Cython Linear Speed Up.
Loaded Pre Processing Model: Eigenstrat
Loading Individual: I3715

Loaded 29314 variants
Loaded 2504 individuals
HDF5 loaded from ./Data/1000Genomes/HDF5/1240kHDF5/all1240/chr17.hdf5
3 Eigenstrat Files with 5081 Individuals and 1233013 SNPs

Intersection on Positions: 29314
Nr of Matching Refs: 29314 / 29314
Full Intersection Ref/Alt Identical: 29292 / 29314
2504 / 2504 Individuals included in Reference
Extraction of 5008 Haplotypes complete
Reduced to markers called 13417 / 29292
(Fraction SNP: 0.4580431517137785)
Successfully saved to: ./Empirical/Eigenstrat/Reichall/I3715/chr17/
Successfully loaded Data from: ./Empirical/Eigenstrat/Reichall/I3715/chr17/
Loaded Emission Model: haploid
Loaded Transition Model: model
Loaded Post Processing Model: Standard
Minimum Genetic Map: 0.0004
Maximum Genetic Map: 1.2847
Gaps bigger than 0.1 cM: 251
Maximum Gap: 1.2341 cM
Loaded Transition and Emission Matrix:
(3, 3)
(5009, 13417)
Loaded Observations:
(2, 13417)
Memory Usage: 841.187328 mB
Reference Number: 5008
Total Log likelihood: -5062.369
Memory Usage: 841.187328 mB
Finished Calculation State Posteriors
Saved Zero State Posterior to ./Empirical/Eigenstrat/Reichall/I3715/chr17/.
Successfully loaded for PP. from ./Empirical/Eigenstrat/Reichall/I3715/chr17/
Fraction Markers in ROH: 0.3803
Merged n=0 gaps < 0.0 M
Called n=8 ROH Blocks > 1.0 cM
Longest Block: 2.033
Successfully saved to ./Empirical/Eigenstrat/Reichall/I3715/chr17/roh.csv
Using Low-Mem Cython Linear Speed Up.
Loaded Pre Processing Model: Eigenstrat
Loading Individual: I3715

Loaded 33917 variants
Loaded 2504 individuals
HDF5 loaded from ./Data/1000Genomes/HDF5/1240kHDF5/all1240/chr18.hdf5
3 Eigenstrat Files with 5081 Individuals and 1233013 SNPs

Intersection on Positions: 33917
Nr of Matching Refs: 33917 / 33917
Full Intersection Ref/Alt Identical: 33902 / 33917
2504 / 2504 Individuals included in Reference
Extraction of 5008 Haplotypes complete
Reduced to markers called 13094 / 33902
(Fraction SNP: 0.38623090083180933)
Successfully saved to: ./Empirical/Eigenstrat/Reichall/I3715/chr18/
Successfully loaded Data from: ./Empirical/Eigenstrat/Reichall/I3715/chr18/
Loaded Emission Model: haploid
Loaded Transition Model: model
Loaded Post Processing Model: Standard
Minimum Genetic Map: 0.0025
Maximum Genetic Map: 1.1771
Gaps bigger than 0.1 cM: 224
Maximum Gap: 0.4864 cM
Loaded Transition and Emission Matrix:
(3, 3)
(5009, 13094)
Loaded Observations:
(2, 13094)
Memory Usage: 826.138624 mB
Reference Number: 5008
Total Log likelihood: -4786.204
Memory Usage: 826.138624 mB
Finished Calculation State Posteriors
Saved Zero State Posterior to ./Empirical/Eigenstrat/Reichall/I3715/chr18/.
Successfully loaded for PP. from ./Empirical/Eigenstrat/Reichall/I3715/chr18/
Fraction Markers in ROH: 0.4634
Merged n=0 gaps < 0.0 M
Called n=11 ROH Blocks > 1.0 cM
Longest Block: 2.061
Successfully saved to ./Empirical/Eigenstrat/Reichall/I3715/chr18/roh.csv
Using Low-Mem Cython Linear Speed Up.
Loaded Pre Processing Model: Eigenstrat
Loading Individual: I3715

Loaded 18460 variants
Loaded 2504 individuals
HDF5 loaded from ./Data/1000Genomes/HDF5/1240kHDF5/all1240/chr19.hdf5
3 Eigenstrat Files with 5081 Individuals and 1233013 SNPs

Intersection on Positions: 18460
Nr of Matching Refs: 18460 / 18460
Full Intersection Ref/Alt Identical: 18441 / 18460
2504 / 2504 Individuals included in Reference
Extraction of 5008 Haplotypes complete
Reduced to markers called 9015 / 18441
(Fraction SNP: 0.48885635269237027)
Successfully saved to: ./Empirical/Eigenstrat/Reichall/I3715/chr19/
Successfully loaded Data from: ./Empirical/Eigenstrat/Reichall/I3715/chr19/
Loaded Emission Model: haploid
Loaded Transition Model: model
Loaded Post Processing Model: Standard
Minimum Genetic Map: 0.0001
Maximum Genetic Map: 1.0773
Gaps bigger than 0.1 cM: 216
Maximum Gap: 0.6167 cM
Loaded Transition and Emission Matrix:
(3, 3)
(5009, 9015)
Loaded Observations:
(2, 9015)
Memory Usage: 642.359296 mB
Reference Number: 5008
Total Log likelihood: -3467.118
Memory Usage: 642.359296 mB
Finished Calculation State Posteriors
Saved Zero State Posterior to ./Empirical/Eigenstrat/Reichall/I3715/chr19/.
Successfully loaded for PP. from ./Empirical/Eigenstrat/Reichall/I3715/chr19/
Fraction Markers in ROH: 0.4183
Merged n=0 gaps < 0.0 M
Called n=12 ROH Blocks > 1.0 cM
Longest Block: 2.180
Successfully saved to ./Empirical/Eigenstrat/Reichall/I3715/chr19/roh.csv
Using Low-Mem Cython Linear Speed Up.
Loaded Pre Processing Model: Eigenstrat
Loading Individual: I3715

Loaded 29078 variants
Loaded 2504 individuals
HDF5 loaded from ./Data/1000Genomes/HDF5/1240kHDF5/all1240/chr20.hdf5
3 Eigenstrat Files with 5081 Individuals and 1233013 SNPs

Intersection on Positions: 29078
Nr of Matching Refs: 29078 / 29078
Full Intersection Ref/Alt Identical: 29053 / 29078
2504 / 2504 Individuals included in Reference
Extraction of 5008 Haplotypes complete
Reduced to markers called 13027 / 29053
(Fraction SNP: 0.44838742986954877)
Successfully saved to: ./Empirical/Eigenstrat/Reichall/I3715/chr20/
Successfully loaded Data from: ./Empirical/Eigenstrat/Reichall/I3715/chr20/
Loaded Emission Model: haploid
Loaded Transition Model: model
Loaded Post Processing Model: Standard
Minimum Genetic Map: 0.0006
Maximum Genetic Map: 1.0821
Gaps bigger than 0.1 cM: 204
Maximum Gap: 0.6212 cM
Loaded Transition and Emission Matrix:
(3, 3)
(5009, 13027)
Loaded Observations:
(2, 13027)
Memory Usage: 823.750656 mB
Reference Number: 5008
Total Log likelihood: -4614.989
Memory Usage: 823.750656 mB
Finished Calculation State Posteriors
Saved Zero State Posterior to ./Empirical/Eigenstrat/Reichall/I3715/chr20/.
Successfully loaded for PP. from ./Empirical/Eigenstrat/Reichall/I3715/chr20/
Fraction Markers in ROH: 0.4812
Merged n=0 gaps < 0.0 M
Called n=13 ROH Blocks > 1.0 cM
Longest Block: 2.268
Successfully saved to ./Empirical/Eigenstrat/Reichall/I3715/chr20/roh.csv
Using Low-Mem Cython Linear Speed Up.
Loaded Pre Processing Model: Eigenstrat
Loading Individual: I3715

Loaded 16038 variants
Loaded 2504 individuals
HDF5 loaded from ./Data/1000Genomes/HDF5/1240kHDF5/all1240/chr21.hdf5
3 Eigenstrat Files with 5081 Individuals and 1233013 SNPs

Intersection on Positions: 16038
Nr of Matching Refs: 16038 / 16038
Full Intersection Ref/Alt Identical: 16031 / 16038
2504 / 2504 Individuals included in Reference
Extraction of 5008 Haplotypes complete
Reduced to markers called 6261 / 16031
(Fraction SNP: 0.39055579814110164)
Successfully saved to: ./Empirical/Eigenstrat/Reichall/I3715/chr21/
Successfully loaded Data from: ./Empirical/Eigenstrat/Reichall/I3715/chr21/
Loaded Emission Model: haploid
Loaded Transition Model: model
Loaded Post Processing Model: Standard
Minimum Genetic Map: -0.0085
Maximum Genetic Map: 0.6277
Gaps bigger than 0.1 cM: 135
Maximum Gap: 1.7201 cM
Loaded Transition and Emission Matrix:
(3, 3)
(5009, 6261)
Loaded Observations:
(2, 6261)
Memory Usage: 518.77888 mB
Reference Number: 5008
Total Log likelihood: -2364.793
Memory Usage: 518.77888 mB
Finished Calculation State Posteriors
Saved Zero State Posterior to ./Empirical/Eigenstrat/Reichall/I3715/chr21/.
Successfully loaded for PP. from ./Empirical/Eigenstrat/Reichall/I3715/chr21/
Fraction Markers in ROH: 0.3948
Merged n=0 gaps < 0.0 M
Called n=5 ROH Blocks > 1.0 cM
Longest Block: 2.025
Successfully saved to ./Empirical/Eigenstrat/Reichall/I3715/chr21/roh.csv
Using Low-Mem Cython Linear Speed Up.
Loaded Pre Processing Model: Eigenstrat
Loading Individual: I3715

Loaded 15802 variants
Loaded 2504 individuals
HDF5 loaded from ./Data/1000Genomes/HDF5/1240kHDF5/all1240/chr22.hdf5
3 Eigenstrat Files with 5081 Individuals and 1233013 SNPs

Intersection on Positions: 15802
Nr of Matching Refs: 15802 / 15802
Full Intersection Ref/Alt Identical: 15793 / 15802
2504 / 2504 Individuals included in Reference
Extraction of 5008 Haplotypes complete
Reduced to markers called 7872 / 15793
(Fraction SNP: 0.4984486797948458)
Successfully saved to: ./Empirical/Eigenstrat/Reichall/I3715/chr22/
Successfully loaded Data from: ./Empirical/Eigenstrat/Reichall/I3715/chr22/
Loaded Emission Model: haploid
Loaded Transition Model: model
Loaded Post Processing Model: Standard
Minimum Genetic Map: 0.0199
Maximum Genetic Map: 0.7408
Gaps bigger than 0.1 cM: 123
Maximum Gap: 1.6949 cM
Loaded Transition and Emission Matrix:
(3, 3)
(5009, 7872)
Loaded Observations:
(2, 7872)
Memory Usage: 591.699968 mB
Reference Number: 5008
Total Log likelihood: -2892.484
Memory Usage: 591.699968 mB
Finished Calculation State Posteriors
Saved Zero State Posterior to ./Empirical/Eigenstrat/Reichall/I3715/chr22/.
Successfully loaded for PP. from ./Empirical/Eigenstrat/Reichall/I3715/chr22/
Fraction Markers in ROH: 0.4677
Merged n=0 gaps < 0.0 M
Called n=4 ROH Blocks > 1.0 cM
Longest Block: 4.733
Successfully saved to ./Empirical/Eigenstrat/Reichall/I3715/chr22/roh.csv
