Loaded 2106 / 5081 ancient Indivdiuals Anno File.
Doing Individual SATP.SG...
Using Low-Mem Cython Linear Speed Up.
Loaded Pre Processing Model: Eigenstrat
Loading Individual: SATP.SG

Loaded 89147 variants
Loaded 2504 individuals
HDF5 loaded from ./Data/1000Genomes/HDF5/1240kHDF5/all1240/chr1.hdf5
3 Eigenstrat Files with 5081 Individuals and 1233013 SNPs

Intersection on Positions: 89147
Nr of Matching Refs: 89147 / 89147
Full Intersection Ref/Alt Identical: 89082 / 89147
2504 / 2504 Individuals included in Reference
Extraction of 5008 Haplotypes complete
Reduced to markers called 61665 / 89082
(Fraction SNP: 0.6922273860039065)
Successfully saved to: ./Empirical/Eigenstrat/Reichall/SATP.SG/chr1/
Successfully loaded Data from: ./Empirical/Eigenstrat/Reichall/SATP.SG/chr1/
Loaded Emission Model: haploid
Loaded Transition Model: model
Loaded Post Processing Model: Standard
Minimum Genetic Map: 0.0201
Maximum Genetic Map: 2.8627
Gaps bigger than 0.1 cM: 351
Maximum Gap: 2.9727 cM
Loaded Transition and Emission Matrix:
(3, 3)
(5009, 61665)
Loaded Observations:
(2, 61665)
Memory Usage: 2974.048256 mB
Reference Number: 5008
Total Log likelihood: -20605.831
Memory Usage: 2974.511104 mB
Finished Calculation State Posteriors
Saved Zero State Posterior to ./Empirical/Eigenstrat/Reichall/SATP.SG/chr1/.
Successfully loaded for PP. from ./Empirical/Eigenstrat/Reichall/SATP.SG/chr1/
Fraction Markers in ROH: 0.4529
Merged n=0 gaps < 0.0 M
Called n=17 ROH Blocks > 1.0 cM
Longest Block: 5.535
Successfully saved to ./Empirical/Eigenstrat/Reichall/SATP.SG/chr1/roh.csv
Using Low-Mem Cython Linear Speed Up.
Loaded Pre Processing Model: Eigenstrat
Loading Individual: SATP.SG

Loaded 94239 variants
Loaded 2504 individuals
HDF5 loaded from ./Data/1000Genomes/HDF5/1240kHDF5/all1240/chr2.hdf5
3 Eigenstrat Files with 5081 Individuals and 1233013 SNPs

Intersection on Positions: 94239
Nr of Matching Refs: 94239 / 94239
Full Intersection Ref/Alt Identical: 94173 / 94239
2504 / 2504 Individuals included in Reference
Extraction of 5008 Haplotypes complete
Reduced to markers called 65889 / 94173
(Fraction SNP: 0.6996591379694816)
Successfully saved to: ./Empirical/Eigenstrat/Reichall/SATP.SG/chr2/
Successfully loaded Data from: ./Empirical/Eigenstrat/Reichall/SATP.SG/chr2/
Loaded Emission Model: haploid
Loaded Transition Model: model
Loaded Post Processing Model: Standard
Minimum Genetic Map: 0.0001
Maximum Genetic Map: 2.6883
Gaps bigger than 0.1 cM: 333
Maximum Gap: 2.1079 cM
Loaded Transition and Emission Matrix:
(3, 3)
(5009, 65889)
Loaded Observations:
(2, 65889)
Memory Usage: 3203.076096 mB
Reference Number: 5008
Total Log likelihood: -21592.817
Memory Usage: 3203.076096 mB
Finished Calculation State Posteriors
Saved Zero State Posterior to ./Empirical/Eigenstrat/Reichall/SATP.SG/chr2/.
Successfully loaded for PP. from ./Empirical/Eigenstrat/Reichall/SATP.SG/chr2/
Fraction Markers in ROH: 0.4850
Merged n=0 gaps < 0.0 M
Called n=18 ROH Blocks > 1.0 cM
Longest Block: 5.483
Successfully saved to ./Empirical/Eigenstrat/Reichall/SATP.SG/chr2/roh.csv
Using Low-Mem Cython Linear Speed Up.
Loaded Pre Processing Model: Eigenstrat
Loading Individual: SATP.SG

Loaded 77652 variants
Loaded 2504 individuals
HDF5 loaded from ./Data/1000Genomes/HDF5/1240kHDF5/all1240/chr3.hdf5
3 Eigenstrat Files with 5081 Individuals and 1233013 SNPs

Intersection on Positions: 77652
Nr of Matching Refs: 77652 / 77652
Full Intersection Ref/Alt Identical: 77601 / 77652
2504 / 2504 Individuals included in Reference
Extraction of 5008 Haplotypes complete
Reduced to markers called 54553 / 77601
(Fraction SNP: 0.7029935181247664)
Successfully saved to: ./Empirical/Eigenstrat/Reichall/SATP.SG/chr3/
Successfully loaded Data from: ./Empirical/Eigenstrat/Reichall/SATP.SG/chr3/
Loaded Emission Model: haploid
Loaded Transition Model: model
Loaded Post Processing Model: Standard
Minimum Genetic Map: 0.0000
Maximum Genetic Map: 2.2326
Gaps bigger than 0.1 cM: 288
Maximum Gap: 0.2890 cM
Loaded Transition and Emission Matrix:
(3, 3)
(5009, 54553)
Loaded Observations:
(2, 54553)
Memory Usage: 2692.62848 mB
Reference Number: 5008
Total Log likelihood: -18772.957
Memory Usage: 2692.62848 mB
Finished Calculation State Posteriors
Saved Zero State Posterior to ./Empirical/Eigenstrat/Reichall/SATP.SG/chr3/.
Successfully loaded for PP. from ./Empirical/Eigenstrat/Reichall/SATP.SG/chr3/
Fraction Markers in ROH: 0.4466
Merged n=0 gaps < 0.0 M
Called n=10 ROH Blocks > 1.0 cM
Longest Block: 4.818
Successfully saved to ./Empirical/Eigenstrat/Reichall/SATP.SG/chr3/roh.csv
Using Low-Mem Cython Linear Speed Up.
Loaded Pre Processing Model: Eigenstrat
Loading Individual: SATP.SG

Loaded 68759 variants
Loaded 2504 individuals
HDF5 loaded from ./Data/1000Genomes/HDF5/1240kHDF5/all1240/chr4.hdf5
3 Eigenstrat Files with 5081 Individuals and 1233013 SNPs

Intersection on Positions: 68759
Nr of Matching Refs: 68759 / 68759
Full Intersection Ref/Alt Identical: 68720 / 68759
2504 / 2504 Individuals included in Reference
Extraction of 5008 Haplotypes complete
Reduced to markers called 48717 / 68720
(Fraction SNP: 0.7089202561117579)
Successfully saved to: ./Empirical/Eigenstrat/Reichall/SATP.SG/chr4/
Successfully loaded Data from: ./Empirical/Eigenstrat/Reichall/SATP.SG/chr4/
Loaded Emission Model: haploid
Loaded Transition Model: model
Loaded Post Processing Model: Standard
Minimum Genetic Map: 0.0034
Maximum Genetic Map: 2.1454
Gaps bigger than 0.1 cM: 262
Maximum Gap: 2.0519 cM
Loaded Transition and Emission Matrix:
(3, 3)
(5009, 48717)
Loaded Observations:
(2, 48717)
Memory Usage: 2430.23872 mB
Reference Number: 5008
Total Log likelihood: -16821.988
Memory Usage: 2430.23872 mB
Finished Calculation State Posteriors
Saved Zero State Posterior to ./Empirical/Eigenstrat/Reichall/SATP.SG/chr4/.
Successfully loaded for PP. from ./Empirical/Eigenstrat/Reichall/SATP.SG/chr4/
Fraction Markers in ROH: 0.4298
Merged n=0 gaps < 0.0 M
Called n=13 ROH Blocks > 1.0 cM
Longest Block: 6.146
Successfully saved to ./Empirical/Eigenstrat/Reichall/SATP.SG/chr4/roh.csv
Using Low-Mem Cython Linear Speed Up.
Loaded Pre Processing Model: Eigenstrat
Loading Individual: SATP.SG

Loaded 69399 variants
Loaded 2504 individuals
HDF5 loaded from ./Data/1000Genomes/HDF5/1240kHDF5/all1240/chr5.hdf5
3 Eigenstrat Files with 5081 Individuals and 1233013 SNPs

Intersection on Positions: 69399
Nr of Matching Refs: 69399 / 69399
Full Intersection Ref/Alt Identical: 69354 / 69399
2504 / 2504 Individuals included in Reference
Extraction of 5008 Haplotypes complete
Reduced to markers called 48643 / 69354
(Fraction SNP: 0.7013726677624939)
Successfully saved to: ./Empirical/Eigenstrat/Reichall/SATP.SG/chr5/
Successfully loaded Data from: ./Empirical/Eigenstrat/Reichall/SATP.SG/chr5/
Loaded Emission Model: haploid
Loaded Transition Model: model
Loaded Post Processing Model: Standard
Minimum Genetic Map: 0.0004
Maximum Genetic Map: 2.0408
Gaps bigger than 0.1 cM: 286
Maximum Gap: 1.0498 cM
Loaded Transition and Emission Matrix:
(3, 3)
(5009, 48643)
Loaded Observations:
(2, 48643)
Memory Usage: 2427.314176 mB
Reference Number: 5008
Total Log likelihood: -17089.797
Memory Usage: 2427.314176 mB
Finished Calculation State Posteriors
Saved Zero State Posterior to ./Empirical/Eigenstrat/Reichall/SATP.SG/chr5/.
Successfully loaded for PP. from ./Empirical/Eigenstrat/Reichall/SATP.SG/chr5/
Fraction Markers in ROH: 0.4088
Merged n=0 gaps < 0.0 M
Called n=8 ROH Blocks > 1.0 cM
Longest Block: 8.257
Successfully saved to ./Empirical/Eigenstrat/Reichall/SATP.SG/chr5/roh.csv
Using Low-Mem Cython Linear Speed Up.
Loaded Pre Processing Model: Eigenstrat
Loading Individual: SATP.SG

Loaded 75870 variants
Loaded 2504 individuals
HDF5 loaded from ./Data/1000Genomes/HDF5/1240kHDF5/all1240/chr6.hdf5
3 Eigenstrat Files with 5081 Individuals and 1233013 SNPs

Intersection on Positions: 75870
Nr of Matching Refs: 75870 / 75870
Full Intersection Ref/Alt Identical: 75816 / 75870
2504 / 2504 Individuals included in Reference
Extraction of 5008 Haplotypes complete
Reduced to markers called 53192 / 75816
(Fraction SNP: 0.7015933312229609)
Successfully saved to: ./Empirical/Eigenstrat/Reichall/SATP.SG/chr6/
Successfully loaded Data from: ./Empirical/Eigenstrat/Reichall/SATP.SG/chr6/
Loaded Emission Model: haploid
Loaded Transition Model: model
Loaded Post Processing Model: Standard
Minimum Genetic Map: 0.0032
Maximum Genetic Map: 1.9203
Gaps bigger than 0.1 cM: 225
Maximum Gap: 0.5099 cM
Loaded Transition and Emission Matrix:
(3, 3)
(5009, 53192)
Loaded Observations:
(2, 53192)
Memory Usage: 2632.015872 mB
Reference Number: 5008
Total Log likelihood: -17487.110
Memory Usage: 2632.015872 mB
Finished Calculation State Posteriors
Saved Zero State Posterior to ./Empirical/Eigenstrat/Reichall/SATP.SG/chr6/.
Successfully loaded for PP. from ./Empirical/Eigenstrat/Reichall/SATP.SG/chr6/
Fraction Markers in ROH: 0.4620
Merged n=0 gaps < 0.0 M
Called n=8 ROH Blocks > 1.0 cM
Longest Block: 3.888
Successfully saved to ./Empirical/Eigenstrat/Reichall/SATP.SG/chr6/roh.csv
Using Low-Mem Cython Linear Speed Up.
Loaded Pre Processing Model: Eigenstrat
Loading Individual: SATP.SG

Loaded 59890 variants
Loaded 2504 individuals
HDF5 loaded from ./Data/1000Genomes/HDF5/1240kHDF5/all1240/chr7.hdf5
3 Eigenstrat Files with 5081 Individuals and 1233013 SNPs

Intersection on Positions: 59890
Nr of Matching Refs: 59890 / 59890
Full Intersection Ref/Alt Identical: 59836 / 59890
2504 / 2504 Individuals included in Reference
Extraction of 5008 Haplotypes complete
Reduced to markers called 41727 / 59836
(Fraction SNP: 0.6973561066916237)
Successfully saved to: ./Empirical/Eigenstrat/Reichall/SATP.SG/chr7/
Successfully loaded Data from: ./Empirical/Eigenstrat/Reichall/SATP.SG/chr7/
Loaded Emission Model: haploid
Loaded Transition Model: model
Loaded Post Processing Model: Standard
Minimum Genetic Map: 0.0001
Maximum Genetic Map: 1.8715
Gaps bigger than 0.1 cM: 255
Maximum Gap: 0.8477 cM
Loaded Transition and Emission Matrix:
(3, 3)
(5009, 41727)
Loaded Observations:
(2, 41727)
Memory Usage: 2115.186688 mB
Reference Number: 5008
Total Log likelihood: -14939.075
Memory Usage: 2115.186688 mB
Finished Calculation State Posteriors
Saved Zero State Posterior to ./Empirical/Eigenstrat/Reichall/SATP.SG/chr7/.
Successfully loaded for PP. from ./Empirical/Eigenstrat/Reichall/SATP.SG/chr7/
Fraction Markers in ROH: 0.4207
Merged n=0 gaps < 0.0 M
Called n=11 ROH Blocks > 1.0 cM
Longest Block: 3.162
Successfully saved to ./Empirical/Eigenstrat/Reichall/SATP.SG/chr7/roh.csv
Using Low-Mem Cython Linear Speed Up.
Loaded Pre Processing Model: Eigenstrat
Loading Individual: SATP.SG

Loaded 61133 variants
Loaded 2504 individuals
HDF5 loaded from ./Data/1000Genomes/HDF5/1240kHDF5/all1240/chr8.hdf5
3 Eigenstrat Files with 5081 Individuals and 1233013 SNPs

Intersection on Positions: 61133
Nr of Matching Refs: 61133 / 61133
Full Intersection Ref/Alt Identical: 61091 / 61133
2504 / 2504 Individuals included in Reference
Extraction of 5008 Haplotypes complete
Reduced to markers called 42990 / 61091
(Fraction SNP: 0.7037043099638245)
Successfully saved to: ./Empirical/Eigenstrat/Reichall/SATP.SG/chr8/
Successfully loaded Data from: ./Empirical/Eigenstrat/Reichall/SATP.SG/chr8/
Loaded Emission Model: haploid
Loaded Transition Model: model
Loaded Post Processing Model: Standard
Minimum Genetic Map: 0.0000
Maximum Genetic Map: 1.6800
Gaps bigger than 0.1 cM: 180
Maximum Gap: 3.3471 cM
Loaded Transition and Emission Matrix:
(3, 3)
(5009, 42990)
Loaded Observations:
(2, 42990)
Memory Usage: 2172.911616 mB
Reference Number: 5008
Total Log likelihood: -14281.586
Memory Usage: 2172.911616 mB
Finished Calculation State Posteriors
Saved Zero State Posterior to ./Empirical/Eigenstrat/Reichall/SATP.SG/chr8/.
Successfully loaded for PP. from ./Empirical/Eigenstrat/Reichall/SATP.SG/chr8/
Fraction Markers in ROH: 0.4924
Merged n=0 gaps < 0.0 M
Called n=18 ROH Blocks > 1.0 cM
Longest Block: 6.199
Successfully saved to ./Empirical/Eigenstrat/Reichall/SATP.SG/chr8/roh.csv
Using Low-Mem Cython Linear Speed Up.
Loaded Pre Processing Model: Eigenstrat
Loading Individual: SATP.SG

Loaded 50668 variants
Loaded 2504 individuals
HDF5 loaded from ./Data/1000Genomes/HDF5/1240kHDF5/all1240/chr9.hdf5
3 Eigenstrat Files with 5081 Individuals and 1233013 SNPs

Intersection on Positions: 50668
Nr of Matching Refs: 50668 / 50668
Full Intersection Ref/Alt Identical: 50629 / 50668
2504 / 2504 Individuals included in Reference
Extraction of 5008 Haplotypes complete
Reduced to markers called 35235 / 50629
(Fraction SNP: 0.6959450117521578)
Successfully saved to: ./Empirical/Eigenstrat/Reichall/SATP.SG/chr9/
Successfully loaded Data from: ./Empirical/Eigenstrat/Reichall/SATP.SG/chr9/
Loaded Emission Model: haploid
Loaded Transition Model: model
Loaded Post Processing Model: Standard
Minimum Genetic Map: 0.0016
Maximum Genetic Map: 1.6630
Gaps bigger than 0.1 cM: 226
Maximum Gap: 2.1281 cM
Loaded Transition and Emission Matrix:
(3, 3)
(5009, 35235)
Loaded Observations:
(2, 35235)
Memory Usage: 1823.404032 mB
Reference Number: 5008
Total Log likelihood: -10917.541
Memory Usage: 1823.404032 mB
Finished Calculation State Posteriors
Saved Zero State Posterior to ./Empirical/Eigenstrat/Reichall/SATP.SG/chr9/.
Successfully loaded for PP. from ./Empirical/Eigenstrat/Reichall/SATP.SG/chr9/
Fraction Markers in ROH: 0.5350
Merged n=0 gaps < 0.0 M
Called n=15 ROH Blocks > 1.0 cM
Longest Block: 7.422
Successfully saved to ./Empirical/Eigenstrat/Reichall/SATP.SG/chr9/roh.csv
Using Low-Mem Cython Linear Speed Up.
Loaded Pre Processing Model: Eigenstrat
Loading Individual: SATP.SG

Loaded 58804 variants
Loaded 2504 individuals
HDF5 loaded from ./Data/1000Genomes/HDF5/1240kHDF5/all1240/chr10.hdf5
3 Eigenstrat Files with 5081 Individuals and 1233013 SNPs

Intersection on Positions: 58804
Nr of Matching Refs: 58804 / 58804
Full Intersection Ref/Alt Identical: 58763 / 58804
2504 / 2504 Individuals included in Reference
Extraction of 5008 Haplotypes complete
Reduced to markers called 40782 / 58763
(Fraction SNP: 0.694008134370267)
Successfully saved to: ./Empirical/Eigenstrat/Reichall/SATP.SG/chr10/
Successfully loaded Data from: ./Empirical/Eigenstrat/Reichall/SATP.SG/chr10/
Loaded Emission Model: haploid
Loaded Transition Model: model
Loaded Post Processing Model: Standard
Minimum Genetic Map: 0.0001
Maximum Genetic Map: 1.8092
Gaps bigger than 0.1 cM: 224
Maximum Gap: 2.0335 cM
Loaded Transition and Emission Matrix:
(3, 3)
(5009, 40782)
Loaded Observations:
(2, 40782)
Memory Usage: 2073.74336 mB
Reference Number: 5008
Total Log likelihood: -13558.022
Memory Usage: 2073.74336 mB
Finished Calculation State Posteriors
Saved Zero State Posterior to ./Empirical/Eigenstrat/Reichall/SATP.SG/chr10/.
Successfully loaded for PP. from ./Empirical/Eigenstrat/Reichall/SATP.SG/chr10/
Fraction Markers in ROH: 0.4824
Merged n=0 gaps < 0.0 M
Called n=11 ROH Blocks > 1.0 cM
Longest Block: 5.256
Successfully saved to ./Empirical/Eigenstrat/Reichall/SATP.SG/chr10/roh.csv
Using Low-Mem Cython Linear Speed Up.
Loaded Pre Processing Model: Eigenstrat
Loading Individual: SATP.SG

Loaded 54833 variants
Loaded 2504 individuals
HDF5 loaded from ./Data/1000Genomes/HDF5/1240kHDF5/all1240/chr11.hdf5
3 Eigenstrat Files with 5081 Individuals and 1233013 SNPs

Intersection on Positions: 54833
Nr of Matching Refs: 54833 / 54833
Full Intersection Ref/Alt Identical: 54796 / 54833
2504 / 2504 Individuals included in Reference
Extraction of 5008 Haplotypes complete
Reduced to markers called 38026 / 54796
(Fraction SNP: 0.6939557631943938)
Successfully saved to: ./Empirical/Eigenstrat/Reichall/SATP.SG/chr11/
Successfully loaded Data from: ./Empirical/Eigenstrat/Reichall/SATP.SG/chr11/
Loaded Emission Model: haploid
Loaded Transition Model: model
Loaded Post Processing Model: Standard
Minimum Genetic Map: 0.0001
Maximum Genetic Map: 1.5822
Gaps bigger than 0.1 cM: 199
Maximum Gap: 0.5351 cM
Loaded Transition and Emission Matrix:
(3, 3)
(5009, 38026)
Loaded Observations:
(2, 38026)
Memory Usage: 1949.310976 mB
Reference Number: 5008
Total Log likelihood: -11756.854
Memory Usage: 1949.310976 mB
Finished Calculation State Posteriors
Saved Zero State Posterior to ./Empirical/Eigenstrat/Reichall/SATP.SG/chr11/.
Successfully loaded for PP. from ./Empirical/Eigenstrat/Reichall/SATP.SG/chr11/
Fraction Markers in ROH: 0.5391
Merged n=0 gaps < 0.0 M
Called n=12 ROH Blocks > 1.0 cM
Longest Block: 6.911
Successfully saved to ./Empirical/Eigenstrat/Reichall/SATP.SG/chr11/roh.csv
Using Low-Mem Cython Linear Speed Up.
Loaded Pre Processing Model: Eigenstrat
Loading Individual: SATP.SG

Loaded 53911 variants
Loaded 2504 individuals
HDF5 loaded from ./Data/1000Genomes/HDF5/1240kHDF5/all1240/chr12.hdf5
3 Eigenstrat Files with 5081 Individuals and 1233013 SNPs

Intersection on Positions: 53911
Nr of Matching Refs: 53911 / 53911
Full Intersection Ref/Alt Identical: 53884 / 53911
2504 / 2504 Individuals included in Reference
Extraction of 5008 Haplotypes complete
Reduced to markers called 37497 / 53884
(Fraction SNP: 0.6958837502783758)
Successfully saved to: ./Empirical/Eigenstrat/Reichall/SATP.SG/chr12/
Successfully loaded Data from: ./Empirical/Eigenstrat/Reichall/SATP.SG/chr12/
Loaded Emission Model: haploid
Loaded Transition Model: model
Loaded Post Processing Model: Standard
Minimum Genetic Map: 0.0017
Maximum Genetic Map: 1.7468
Gaps bigger than 0.1 cM: 235
Maximum Gap: 0.8015 cM
Loaded Transition and Emission Matrix:
(3, 3)
(5009, 37497)
Loaded Observations:
(2, 37497)
Memory Usage: 1925.271552 mB
Reference Number: 5008
Total Log likelihood: -12865.353
Memory Usage: 1925.271552 mB
Finished Calculation State Posteriors
Saved Zero State Posterior to ./Empirical/Eigenstrat/Reichall/SATP.SG/chr12/.
Successfully loaded for PP. from ./Empirical/Eigenstrat/Reichall/SATP.SG/chr12/
Fraction Markers in ROH: 0.4643
Merged n=0 gaps < 0.0 M
Called n=14 ROH Blocks > 1.0 cM
Longest Block: 6.309
Successfully saved to ./Empirical/Eigenstrat/Reichall/SATP.SG/chr12/roh.csv
Using Low-Mem Cython Linear Speed Up.
Loaded Pre Processing Model: Eigenstrat
Loading Individual: SATP.SG

Loaded 39018 variants
Loaded 2504 individuals
HDF5 loaded from ./Data/1000Genomes/HDF5/1240kHDF5/all1240/chr13.hdf5
3 Eigenstrat Files with 5081 Individuals and 1233013 SNPs

Intersection on Positions: 39018
Nr of Matching Refs: 39018 / 39018
Full Intersection Ref/Alt Identical: 38994 / 39018
2504 / 2504 Individuals included in Reference
Extraction of 5008 Haplotypes complete
Reduced to markers called 27639 / 38994
(Fraction SNP: 0.7088013540544699)
Successfully saved to: ./Empirical/Eigenstrat/Reichall/SATP.SG/chr13/
Successfully loaded Data from: ./Empirical/Eigenstrat/Reichall/SATP.SG/chr13/
Loaded Emission Model: haploid
Loaded Transition Model: model
Loaded Post Processing Model: Standard
Minimum Genetic Map: 0.0021
Maximum Genetic Map: 1.2570
Gaps bigger than 0.1 cM: 181
Maximum Gap: 1.2216 cM
Loaded Transition and Emission Matrix:
(3, 3)
(5009, 27639)
Loaded Observations:
(2, 27639)
Memory Usage: 1481.015296 mB
Reference Number: 5008
Total Log likelihood: -9603.198
Memory Usage: 1481.015296 mB
Finished Calculation State Posteriors
Saved Zero State Posterior to ./Empirical/Eigenstrat/Reichall/SATP.SG/chr13/.
Successfully loaded for PP. from ./Empirical/Eigenstrat/Reichall/SATP.SG/chr13/
Fraction Markers in ROH: 0.4356
Merged n=0 gaps < 0.0 M
Called n=6 ROH Blocks > 1.0 cM
Longest Block: 6.155
Successfully saved to ./Empirical/Eigenstrat/Reichall/SATP.SG/chr13/roh.csv
Using Low-Mem Cython Linear Speed Up.
Loaded Pre Processing Model: Eigenstrat
Loading Individual: SATP.SG

Loaded 36301 variants
Loaded 2504 individuals
HDF5 loaded from ./Data/1000Genomes/HDF5/1240kHDF5/all1240/chr14.hdf5
3 Eigenstrat Files with 5081 Individuals and 1233013 SNPs

Intersection on Positions: 36301
Nr of Matching Refs: 36301 / 36301
Full Intersection Ref/Alt Identical: 36280 / 36301
2504 / 2504 Individuals included in Reference
Extraction of 5008 Haplotypes complete
Reduced to markers called 25234 / 36280
(Fraction SNP: 0.695534729878721)
Successfully saved to: ./Empirical/Eigenstrat/Reichall/SATP.SG/chr14/
Successfully loaded Data from: ./Empirical/Eigenstrat/Reichall/SATP.SG/chr14/
Loaded Emission Model: haploid
Loaded Transition Model: model
Loaded Post Processing Model: Standard
Minimum Genetic Map: 0.0161
Maximum Genetic Map: 1.2020
Gaps bigger than 0.1 cM: 159
Maximum Gap: 3.0774 cM
Loaded Transition and Emission Matrix:
(3, 3)
(5009, 25234)
Loaded Observations:
(2, 25234)
Memory Usage: 1373.499392 mB
Reference Number: 5008
Total Log likelihood: -8685.238
Memory Usage: 1373.499392 mB
Finished Calculation State Posteriors
Saved Zero State Posterior to ./Empirical/Eigenstrat/Reichall/SATP.SG/chr14/.
Successfully loaded for PP. from ./Empirical/Eigenstrat/Reichall/SATP.SG/chr14/
Fraction Markers in ROH: 0.4229
Merged n=0 gaps < 0.0 M
Called n=3 ROH Blocks > 1.0 cM
Longest Block: 3.807
Successfully saved to ./Empirical/Eigenstrat/Reichall/SATP.SG/chr14/roh.csv
Using Low-Mem Cython Linear Speed Up.
Loaded Pre Processing Model: Eigenstrat
Loading Individual: SATP.SG

Loaded 34429 variants
Loaded 2504 individuals
HDF5 loaded from ./Data/1000Genomes/HDF5/1240kHDF5/all1240/chr15.hdf5
3 Eigenstrat Files with 5081 Individuals and 1233013 SNPs

Intersection on Positions: 34429
Nr of Matching Refs: 34429 / 34429
Full Intersection Ref/Alt Identical: 34407 / 34429
2504 / 2504 Individuals included in Reference
Extraction of 5008 Haplotypes complete
Reduced to markers called 23876 / 34407
(Fraction SNP: 0.6939285610486239)
Successfully saved to: ./Empirical/Eigenstrat/Reichall/SATP.SG/chr15/
Successfully loaded Data from: ./Empirical/Eigenstrat/Reichall/SATP.SG/chr15/
Loaded Emission Model: haploid
Loaded Transition Model: model
Loaded Post Processing Model: Standard
Minimum Genetic Map: 0.0000
Maximum Genetic Map: 1.4135
Gaps bigger than 0.1 cM: 157
Maximum Gap: 11.5002 cM
Loaded Transition and Emission Matrix:
(3, 3)
(5009, 23876)
Loaded Observations:
(2, 23876)
Memory Usage: 1312.083968 mB
Reference Number: 5008
Total Log likelihood: -8424.955
Memory Usage: 1312.083968 mB
Finished Calculation State Posteriors
Saved Zero State Posterior to ./Empirical/Eigenstrat/Reichall/SATP.SG/chr15/.
Successfully loaded for PP. from ./Empirical/Eigenstrat/Reichall/SATP.SG/chr15/
Fraction Markers in ROH: 0.4280
Merged n=0 gaps < 0.0 M
Called n=11 ROH Blocks > 1.0 cM
Longest Block: 1.941
Successfully saved to ./Empirical/Eigenstrat/Reichall/SATP.SG/chr15/roh.csv
Using Low-Mem Cython Linear Speed Up.
Loaded Pre Processing Model: Eigenstrat
Loading Individual: SATP.SG

Loaded 34402 variants
Loaded 2504 individuals
HDF5 loaded from ./Data/1000Genomes/HDF5/1240kHDF5/all1240/chr16.hdf5
3 Eigenstrat Files with 5081 Individuals and 1233013 SNPs

Intersection on Positions: 34402
Nr of Matching Refs: 34402 / 34402
Full Intersection Ref/Alt Identical: 34375 / 34402
2504 / 2504 Individuals included in Reference
Extraction of 5008 Haplotypes complete
Reduced to markers called 23409 / 34375
(Fraction SNP: 0.6809890909090909)
Successfully saved to: ./Empirical/Eigenstrat/Reichall/SATP.SG/chr16/
Successfully loaded Data from: ./Empirical/Eigenstrat/Reichall/SATP.SG/chr16/
Loaded Emission Model: haploid
Loaded Transition Model: model
Loaded Post Processing Model: Standard
Minimum Genetic Map: 0.0000
Maximum Genetic Map: 1.3403
Gaps bigger than 0.1 cM: 203
Maximum Gap: 0.8460 cM
Loaded Transition and Emission Matrix:
(3, 3)
(5009, 23409)
Loaded Observations:
(2, 23409)
Memory Usage: 1291.358208 mB
Reference Number: 5008
Total Log likelihood: -8412.926
Memory Usage: 1291.358208 mB
Finished Calculation State Posteriors
Saved Zero State Posterior to ./Empirical/Eigenstrat/Reichall/SATP.SG/chr16/.
Successfully loaded for PP. from ./Empirical/Eigenstrat/Reichall/SATP.SG/chr16/
Fraction Markers in ROH: 0.4207
Merged n=0 gaps < 0.0 M
Called n=7 ROH Blocks > 1.0 cM
Longest Block: 1.536
Successfully saved to ./Empirical/Eigenstrat/Reichall/SATP.SG/chr16/roh.csv
Using Low-Mem Cython Linear Speed Up.
Loaded Pre Processing Model: Eigenstrat
Loading Individual: SATP.SG

Loaded 29314 variants
Loaded 2504 individuals
HDF5 loaded from ./Data/1000Genomes/HDF5/1240kHDF5/all1240/chr17.hdf5
3 Eigenstrat Files with 5081 Individuals and 1233013 SNPs

Intersection on Positions: 29314
Nr of Matching Refs: 29314 / 29314
Full Intersection Ref/Alt Identical: 29292 / 29314
2504 / 2504 Individuals included in Reference
Extraction of 5008 Haplotypes complete
Reduced to markers called 19660 / 29292
(Fraction SNP: 0.6711730165232828)
Successfully saved to: ./Empirical/Eigenstrat/Reichall/SATP.SG/chr17/
Successfully loaded Data from: ./Empirical/Eigenstrat/Reichall/SATP.SG/chr17/
Loaded Emission Model: haploid
Loaded Transition Model: model
Loaded Post Processing Model: Standard
Minimum Genetic Map: 0.0004
Maximum Genetic Map: 1.2846
Gaps bigger than 0.1 cM: 189
Maximum Gap: 1.2341 cM
Loaded Transition and Emission Matrix:
(3, 3)
(5009, 19660)
Loaded Observations:
(2, 19660)
Memory Usage: 1121.574912 mB
Reference Number: 5008
Total Log likelihood: -6989.883
Memory Usage: 1121.574912 mB
Finished Calculation State Posteriors
Saved Zero State Posterior to ./Empirical/Eigenstrat/Reichall/SATP.SG/chr17/.
Successfully loaded for PP. from ./Empirical/Eigenstrat/Reichall/SATP.SG/chr17/
Fraction Markers in ROH: 0.4268
Merged n=0 gaps < 0.0 M
Called n=8 ROH Blocks > 1.0 cM
Longest Block: 3.588
Successfully saved to ./Empirical/Eigenstrat/Reichall/SATP.SG/chr17/roh.csv
Using Low-Mem Cython Linear Speed Up.
Loaded Pre Processing Model: Eigenstrat
Loading Individual: SATP.SG

Loaded 33917 variants
Loaded 2504 individuals
HDF5 loaded from ./Data/1000Genomes/HDF5/1240kHDF5/all1240/chr18.hdf5
3 Eigenstrat Files with 5081 Individuals and 1233013 SNPs

Intersection on Positions: 33917
Nr of Matching Refs: 33917 / 33917
Full Intersection Ref/Alt Identical: 33902 / 33917
2504 / 2504 Individuals included in Reference
Extraction of 5008 Haplotypes complete
Reduced to markers called 23924 / 33902
(Fraction SNP: 0.7056810807621969)
Successfully saved to: ./Empirical/Eigenstrat/Reichall/SATP.SG/chr18/
Successfully loaded Data from: ./Empirical/Eigenstrat/Reichall/SATP.SG/chr18/
Loaded Emission Model: haploid
Loaded Transition Model: model
Loaded Post Processing Model: Standard
Minimum Genetic Map: 0.0016
Maximum Genetic Map: 1.1771
Gaps bigger than 0.1 cM: 170
Maximum Gap: 0.5044 cM
Loaded Transition and Emission Matrix:
(3, 3)
(5009, 23924)
Loaded Observations:
(2, 23924)
Memory Usage: 1313.837056 mB
Reference Number: 5008
Total Log likelihood: -6719.867
Memory Usage: 1313.837056 mB
Finished Calculation State Posteriors
Saved Zero State Posterior to ./Empirical/Eigenstrat/Reichall/SATP.SG/chr18/.
Successfully loaded for PP. from ./Empirical/Eigenstrat/Reichall/SATP.SG/chr18/
Fraction Markers in ROH: 0.5900
Merged n=0 gaps < 0.0 M
Called n=8 ROH Blocks > 1.0 cM
Longest Block: 19.915
Successfully saved to ./Empirical/Eigenstrat/Reichall/SATP.SG/chr18/roh.csv
Using Low-Mem Cython Linear Speed Up.
Loaded Pre Processing Model: Eigenstrat
Loading Individual: SATP.SG

Loaded 18460 variants
Loaded 2504 individuals
HDF5 loaded from ./Data/1000Genomes/HDF5/1240kHDF5/all1240/chr19.hdf5
3 Eigenstrat Files with 5081 Individuals and 1233013 SNPs

Intersection on Positions: 18460
Nr of Matching Refs: 18460 / 18460
Full Intersection Ref/Alt Identical: 18441 / 18460
2504 / 2504 Individuals included in Reference
Extraction of 5008 Haplotypes complete
Reduced to markers called 11807 / 18441
(Fraction SNP: 0.6402581204923811)
Successfully saved to: ./Empirical/Eigenstrat/Reichall/SATP.SG/chr19/
Successfully loaded Data from: ./Empirical/Eigenstrat/Reichall/SATP.SG/chr19/
Loaded Emission Model: haploid
Loaded Transition Model: model
Loaded Post Processing Model: Standard
Minimum Genetic Map: 0.0000
Maximum Genetic Map: 1.0773
Gaps bigger than 0.1 cM: 200
Maximum Gap: 0.6017 cM
Loaded Transition and Emission Matrix:
(3, 3)
(5009, 11807)
Loaded Observations:
(2, 11807)
Memory Usage: 768.483328 mB
Reference Number: 5008
Total Log likelihood: -4072.194
Memory Usage: 768.483328 mB
Finished Calculation State Posteriors
Saved Zero State Posterior to ./Empirical/Eigenstrat/Reichall/SATP.SG/chr19/.
Successfully loaded for PP. from ./Empirical/Eigenstrat/Reichall/SATP.SG/chr19/
Fraction Markers in ROH: 0.4917
Merged n=0 gaps < 0.0 M
Called n=10 ROH Blocks > 1.0 cM
Longest Block: 6.403
Successfully saved to ./Empirical/Eigenstrat/Reichall/SATP.SG/chr19/roh.csv
Using Low-Mem Cython Linear Speed Up.
Loaded Pre Processing Model: Eigenstrat
Loading Individual: SATP.SG

Loaded 29078 variants
Loaded 2504 individuals
HDF5 loaded from ./Data/1000Genomes/HDF5/1240kHDF5/all1240/chr20.hdf5
3 Eigenstrat Files with 5081 Individuals and 1233013 SNPs

Intersection on Positions: 29078
Nr of Matching Refs: 29078 / 29078
Full Intersection Ref/Alt Identical: 29053 / 29078
2504 / 2504 Individuals included in Reference
Extraction of 5008 Haplotypes complete
Reduced to markers called 19918 / 29053
(Fraction SNP: 0.6855746394520359)
Successfully saved to: ./Empirical/Eigenstrat/Reichall/SATP.SG/chr20/
Successfully loaded Data from: ./Empirical/Eigenstrat/Reichall/SATP.SG/chr20/
Loaded Emission Model: haploid
Loaded Transition Model: model
Loaded Post Processing Model: Standard
Minimum Genetic Map: 0.0000
Maximum Genetic Map: 1.0821
Gaps bigger than 0.1 cM: 158
Maximum Gap: 0.4744 cM
Loaded Transition and Emission Matrix:
(3, 3)
(5009, 19918)
Loaded Observations:
(2, 19918)
Memory Usage: 1133.613056 mB
Reference Number: 5008
Total Log likelihood: -6441.910
Memory Usage: 1133.613056 mB
Finished Calculation State Posteriors
Saved Zero State Posterior to ./Empirical/Eigenstrat/Reichall/SATP.SG/chr20/.
Successfully loaded for PP. from ./Empirical/Eigenstrat/Reichall/SATP.SG/chr20/
Fraction Markers in ROH: 0.4889
Merged n=0 gaps < 0.0 M
Called n=11 ROH Blocks > 1.0 cM
Longest Block: 3.777
Successfully saved to ./Empirical/Eigenstrat/Reichall/SATP.SG/chr20/roh.csv
Using Low-Mem Cython Linear Speed Up.
Loaded Pre Processing Model: Eigenstrat
Loading Individual: SATP.SG

Loaded 16038 variants
Loaded 2504 individuals
HDF5 loaded from ./Data/1000Genomes/HDF5/1240kHDF5/all1240/chr21.hdf5
3 Eigenstrat Files with 5081 Individuals and 1233013 SNPs

Intersection on Positions: 16038
Nr of Matching Refs: 16038 / 16038
Full Intersection Ref/Alt Identical: 16031 / 16038
2504 / 2504 Individuals included in Reference
Extraction of 5008 Haplotypes complete
Reduced to markers called 11223 / 16031
(Fraction SNP: 0.7000810928825401)
Successfully saved to: ./Empirical/Eigenstrat/Reichall/SATP.SG/chr21/
Successfully loaded Data from: ./Empirical/Eigenstrat/Reichall/SATP.SG/chr21/
Loaded Emission Model: haploid
Loaded Transition Model: model
Loaded Post Processing Model: Standard
Minimum Genetic Map: 0.0086
Maximum Genetic Map: 0.6279
Gaps bigger than 0.1 cM: 97
Maximum Gap: 0.4775 cM
Loaded Transition and Emission Matrix:
(3, 3)
(5009, 11223)
Loaded Observations:
(2, 11223)
Memory Usage: 749.191168 mB
Reference Number: 5008
Total Log likelihood: -4235.405
Memory Usage: 749.191168 mB
Finished Calculation State Posteriors
Saved Zero State Posterior to ./Empirical/Eigenstrat/Reichall/SATP.SG/chr21/.
Successfully loaded for PP. from ./Empirical/Eigenstrat/Reichall/SATP.SG/chr21/
Fraction Markers in ROH: 0.3666
Merged n=0 gaps < 0.0 M
Called n=1 ROH Blocks > 1.0 cM
Longest Block: 1.034
Successfully saved to ./Empirical/Eigenstrat/Reichall/SATP.SG/chr21/roh.csv
Using Low-Mem Cython Linear Speed Up.
Loaded Pre Processing Model: Eigenstrat
Loading Individual: SATP.SG

Loaded 15802 variants
Loaded 2504 individuals
HDF5 loaded from ./Data/1000Genomes/HDF5/1240kHDF5/all1240/chr22.hdf5
3 Eigenstrat Files with 5081 Individuals and 1233013 SNPs

Intersection on Positions: 15802
Nr of Matching Refs: 15802 / 15802
Full Intersection Ref/Alt Identical: 15793 / 15802
2504 / 2504 Individuals included in Reference
Extraction of 5008 Haplotypes complete
Reduced to markers called 10420 / 15793
(Fraction SNP: 0.6597859811308807)
Successfully saved to: ./Empirical/Eigenstrat/Reichall/SATP.SG/chr22/
Successfully loaded Data from: ./Empirical/Eigenstrat/Reichall/SATP.SG/chr22/
Loaded Emission Model: haploid
Loaded Transition Model: model
Loaded Post Processing Model: Standard
Minimum Genetic Map: 0.0169
Maximum Genetic Map: 0.7408
Gaps bigger than 0.1 cM: 116
Maximum Gap: 1.6277 cM
Loaded Transition and Emission Matrix:
(3, 3)
(5009, 10420)
Loaded Observations:
(2, 10420)
Memory Usage: 713.248768 mB
Reference Number: 5008
Total Log likelihood: -3945.104
Memory Usage: 713.248768 mB
Finished Calculation State Posteriors
Saved Zero State Posterior to ./Empirical/Eigenstrat/Reichall/SATP.SG/chr22/.
Successfully loaded for PP. from ./Empirical/Eigenstrat/Reichall/SATP.SG/chr22/
Fraction Markers in ROH: 0.3759
Merged n=0 gaps < 0.0 M
Called n=3 ROH Blocks > 1.0 cM
Longest Block: 2.454
Successfully saved to ./Empirical/Eigenstrat/Reichall/SATP.SG/chr22/roh.csv
