Loaded 2106 / 5081 ancient Indivdiuals Anno File.
Doing Individual AH2.SG...
Using Low-Mem Cython Linear Speed Up.
Loaded Pre Processing Model: Eigenstrat
Loading Individual: AH2.SG

Loaded 89147 variants
Loaded 2504 individuals
HDF5 loaded from ./Data/1000Genomes/HDF5/1240kHDF5/all1240/chr1.hdf5
3 Eigenstrat Files with 5081 Individuals and 1233013 SNPs

Intersection on Positions: 89147
Nr of Matching Refs: 89147 / 89147
Full Intersection Ref/Alt Identical: 89082 / 89147
2504 / 2504 Individuals included in Reference
Extraction of 5008 Haplotypes complete
Reduced to markers called 45621 / 89082
(Fraction SNP: 0.5121236613457264)
Successfully saved to: ./Empirical/Eigenstrat/Reichall/AH2.SG/chr1/
Successfully loaded Data from: ./Empirical/Eigenstrat/Reichall/AH2.SG/chr1/
Loaded Emission Model: haploid
Loaded Transition Model: model
Loaded Post Processing Model: Standard
Minimum Genetic Map: 0.0202
Maximum Genetic Map: 2.8627
Gaps bigger than 0.1 cM: 409
Maximum Gap: 2.9492 cM
Loaded Transition and Emission Matrix:
(3, 3)
(5009, 45621)
Loaded Observations:
(2, 45621)
Memory Usage: 2251.046912 mB
Reference Number: 5008
Total Log likelihood: -16100.831
Memory Usage: 2251.50976 mB
Finished Calculation State Posteriors
Saved Zero State Posterior to ./Empirical/Eigenstrat/Reichall/AH2.SG/chr1/.
Successfully loaded for PP. from ./Empirical/Eigenstrat/Reichall/AH2.SG/chr1/
Fraction Markers in ROH: 0.4543
Merged n=0 gaps < 0.0 M
Called n=23 ROH Blocks > 1.0 cM
Longest Block: 2.552
Successfully saved to ./Empirical/Eigenstrat/Reichall/AH2.SG/chr1/roh.csv
Using Low-Mem Cython Linear Speed Up.
Loaded Pre Processing Model: Eigenstrat
Loading Individual: AH2.SG

Loaded 94239 variants
Loaded 2504 individuals
HDF5 loaded from ./Data/1000Genomes/HDF5/1240kHDF5/all1240/chr2.hdf5
3 Eigenstrat Files with 5081 Individuals and 1233013 SNPs

Intersection on Positions: 94239
Nr of Matching Refs: 94239 / 94239
Full Intersection Ref/Alt Identical: 94173 / 94239
2504 / 2504 Individuals included in Reference
Extraction of 5008 Haplotypes complete
Reduced to markers called 47670 / 94173
(Fraction SNP: 0.5061960434519448)
Successfully saved to: ./Empirical/Eigenstrat/Reichall/AH2.SG/chr2/
Successfully loaded Data from: ./Empirical/Eigenstrat/Reichall/AH2.SG/chr2/
Loaded Emission Model: haploid
Loaded Transition Model: model
Loaded Post Processing Model: Standard
Minimum Genetic Map: 0.0002
Maximum Genetic Map: 2.6883
Gaps bigger than 0.1 cM: 393
Maximum Gap: 2.1079 cM
Loaded Transition and Emission Matrix:
(3, 3)
(5009, 47670)
Loaded Observations:
(2, 47670)
Memory Usage: 2382.835712 mB
Reference Number: 5008
Total Log likelihood: -17333.428
Memory Usage: 2374.647808 mB
Finished Calculation State Posteriors
Saved Zero State Posterior to ./Empirical/Eigenstrat/Reichall/AH2.SG/chr2/.
Successfully loaded for PP. from ./Empirical/Eigenstrat/Reichall/AH2.SG/chr2/
Fraction Markers in ROH: 0.4099
Merged n=0 gaps < 0.0 M
Called n=15 ROH Blocks > 1.0 cM
Longest Block: 1.723
Successfully saved to ./Empirical/Eigenstrat/Reichall/AH2.SG/chr2/roh.csv
Using Low-Mem Cython Linear Speed Up.
Loaded Pre Processing Model: Eigenstrat
Loading Individual: AH2.SG

Loaded 77652 variants
Loaded 2504 individuals
HDF5 loaded from ./Data/1000Genomes/HDF5/1240kHDF5/all1240/chr3.hdf5
3 Eigenstrat Files with 5081 Individuals and 1233013 SNPs

Intersection on Positions: 77652
Nr of Matching Refs: 77652 / 77652
Full Intersection Ref/Alt Identical: 77601 / 77652
2504 / 2504 Individuals included in Reference
Extraction of 5008 Haplotypes complete
Reduced to markers called 38958 / 77601
(Fraction SNP: 0.5020296130204508)
Successfully saved to: ./Empirical/Eigenstrat/Reichall/AH2.SG/chr3/
Successfully loaded Data from: ./Empirical/Eigenstrat/Reichall/AH2.SG/chr3/
Loaded Emission Model: haploid
Loaded Transition Model: model
Loaded Post Processing Model: Standard
Minimum Genetic Map: 0.0000
Maximum Genetic Map: 2.2326
Gaps bigger than 0.1 cM: 357
Maximum Gap: 0.2751 cM
Loaded Transition and Emission Matrix:
(3, 3)
(5009, 38958)
Loaded Observations:
(2, 38958)
Memory Usage: 1984.077824 mB
Reference Number: 5008
Total Log likelihood: -14407.653
Memory Usage: 1984.131072 mB
Finished Calculation State Posteriors
Saved Zero State Posterior to ./Empirical/Eigenstrat/Reichall/AH2.SG/chr3/.
Successfully loaded for PP. from ./Empirical/Eigenstrat/Reichall/AH2.SG/chr3/
Fraction Markers in ROH: 0.3952
Merged n=0 gaps < 0.0 M
Called n=14 ROH Blocks > 1.0 cM
Longest Block: 2.401
Successfully saved to ./Empirical/Eigenstrat/Reichall/AH2.SG/chr3/roh.csv
Using Low-Mem Cython Linear Speed Up.
Loaded Pre Processing Model: Eigenstrat
Loading Individual: AH2.SG

Loaded 68759 variants
Loaded 2504 individuals
HDF5 loaded from ./Data/1000Genomes/HDF5/1240kHDF5/all1240/chr4.hdf5
3 Eigenstrat Files with 5081 Individuals and 1233013 SNPs

Intersection on Positions: 68759
Nr of Matching Refs: 68759 / 68759
Full Intersection Ref/Alt Identical: 68720 / 68759
2504 / 2504 Individuals included in Reference
Extraction of 5008 Haplotypes complete
Reduced to markers called 33549 / 68720
(Fraction SNP: 0.48819848661233994)
Successfully saved to: ./Empirical/Eigenstrat/Reichall/AH2.SG/chr4/
Successfully loaded Data from: ./Empirical/Eigenstrat/Reichall/AH2.SG/chr4/
Loaded Emission Model: haploid
Loaded Transition Model: model
Loaded Post Processing Model: Standard
Minimum Genetic Map: 0.0034
Maximum Genetic Map: 2.1454
Gaps bigger than 0.1 cM: 321
Maximum Gap: 2.0422 cM
Loaded Transition and Emission Matrix:
(3, 3)
(5009, 33549)
Loaded Observations:
(2, 33549)
Memory Usage: 1740.73856 mB
Reference Number: 5008
Total Log likelihood: -12970.911
Memory Usage: 1740.73856 mB
Finished Calculation State Posteriors
Saved Zero State Posterior to ./Empirical/Eigenstrat/Reichall/AH2.SG/chr4/.
Successfully loaded for PP. from ./Empirical/Eigenstrat/Reichall/AH2.SG/chr4/
Fraction Markers in ROH: 0.3555
Merged n=0 gaps < 0.0 M
Called n=7 ROH Blocks > 1.0 cM
Longest Block: 2.241
Successfully saved to ./Empirical/Eigenstrat/Reichall/AH2.SG/chr4/roh.csv
Using Low-Mem Cython Linear Speed Up.
Loaded Pre Processing Model: Eigenstrat
Loading Individual: AH2.SG

Loaded 69399 variants
Loaded 2504 individuals
HDF5 loaded from ./Data/1000Genomes/HDF5/1240kHDF5/all1240/chr5.hdf5
3 Eigenstrat Files with 5081 Individuals and 1233013 SNPs

Intersection on Positions: 69399
Nr of Matching Refs: 69399 / 69399
Full Intersection Ref/Alt Identical: 69354 / 69399
2504 / 2504 Individuals included in Reference
Extraction of 5008 Haplotypes complete
Reduced to markers called 34648 / 69354
(Fraction SNP: 0.499581855408484)
Successfully saved to: ./Empirical/Eigenstrat/Reichall/AH2.SG/chr5/
Successfully loaded Data from: ./Empirical/Eigenstrat/Reichall/AH2.SG/chr5/
Loaded Emission Model: haploid
Loaded Transition Model: model
Loaded Post Processing Model: Standard
Minimum Genetic Map: 0.0004
Maximum Genetic Map: 2.0409
Gaps bigger than 0.1 cM: 321
Maximum Gap: 1.3539 cM
Loaded Transition and Emission Matrix:
(3, 3)
(5009, 34648)
Loaded Observations:
(2, 34648)
Memory Usage: 1790.459904 mB
Reference Number: 5008
Total Log likelihood: -12978.175
Memory Usage: 1790.459904 mB
Finished Calculation State Posteriors
Saved Zero State Posterior to ./Empirical/Eigenstrat/Reichall/AH2.SG/chr5/.
Successfully loaded for PP. from ./Empirical/Eigenstrat/Reichall/AH2.SG/chr5/
Fraction Markers in ROH: 0.3666
Merged n=0 gaps < 0.0 M
Called n=10 ROH Blocks > 1.0 cM
Longest Block: 2.903
Successfully saved to ./Empirical/Eigenstrat/Reichall/AH2.SG/chr5/roh.csv
Using Low-Mem Cython Linear Speed Up.
Loaded Pre Processing Model: Eigenstrat
Loading Individual: AH2.SG

Loaded 75870 variants
Loaded 2504 individuals
HDF5 loaded from ./Data/1000Genomes/HDF5/1240kHDF5/all1240/chr6.hdf5
3 Eigenstrat Files with 5081 Individuals and 1233013 SNPs

Intersection on Positions: 75870
Nr of Matching Refs: 75870 / 75870
Full Intersection Ref/Alt Identical: 75816 / 75870
2504 / 2504 Individuals included in Reference
Extraction of 5008 Haplotypes complete
Reduced to markers called 37927 / 75816
(Fraction SNP: 0.5002506067320882)
Successfully saved to: ./Empirical/Eigenstrat/Reichall/AH2.SG/chr6/
Successfully loaded Data from: ./Empirical/Eigenstrat/Reichall/AH2.SG/chr6/
Loaded Emission Model: haploid
Loaded Transition Model: model
Loaded Post Processing Model: Standard
Minimum Genetic Map: 0.0035
Maximum Genetic Map: 1.9203
Gaps bigger than 0.1 cM: 264
Maximum Gap: 0.5066 cM
Loaded Transition and Emission Matrix:
(3, 3)
(5009, 37927)
Loaded Observations:
(2, 37927)
Memory Usage: 1938.18624 mB
Reference Number: 5008
Total Log likelihood: -13867.662
Memory Usage: 1938.18624 mB
Finished Calculation State Posteriors
Saved Zero State Posterior to ./Empirical/Eigenstrat/Reichall/AH2.SG/chr6/.
Successfully loaded for PP. from ./Empirical/Eigenstrat/Reichall/AH2.SG/chr6/
Fraction Markers in ROH: 0.3984
Merged n=0 gaps < 0.0 M
Called n=14 ROH Blocks > 1.0 cM
Longest Block: 1.677
Successfully saved to ./Empirical/Eigenstrat/Reichall/AH2.SG/chr6/roh.csv
Using Low-Mem Cython Linear Speed Up.
Loaded Pre Processing Model: Eigenstrat
Loading Individual: AH2.SG

Loaded 59890 variants
Loaded 2504 individuals
HDF5 loaded from ./Data/1000Genomes/HDF5/1240kHDF5/all1240/chr7.hdf5
3 Eigenstrat Files with 5081 Individuals and 1233013 SNPs

Intersection on Positions: 59890
Nr of Matching Refs: 59890 / 59890
Full Intersection Ref/Alt Identical: 59836 / 59890
2504 / 2504 Individuals included in Reference
Extraction of 5008 Haplotypes complete
Reduced to markers called 29866 / 59836
(Fraction SNP: 0.49913095795173473)
Successfully saved to: ./Empirical/Eigenstrat/Reichall/AH2.SG/chr7/
Successfully loaded Data from: ./Empirical/Eigenstrat/Reichall/AH2.SG/chr7/
Loaded Emission Model: haploid
Loaded Transition Model: model
Loaded Post Processing Model: Standard
Minimum Genetic Map: 0.0000
Maximum Genetic Map: 1.8715
Gaps bigger than 0.1 cM: 294
Maximum Gap: 0.9071 cM
Loaded Transition and Emission Matrix:
(3, 3)
(5009, 29866)
Loaded Observations:
(2, 29866)
Memory Usage: 1574.805504 mB
Reference Number: 5008
Total Log likelihood: -11273.843
Memory Usage: 1573.392384 mB
Finished Calculation State Posteriors
Saved Zero State Posterior to ./Empirical/Eigenstrat/Reichall/AH2.SG/chr7/.
Successfully loaded for PP. from ./Empirical/Eigenstrat/Reichall/AH2.SG/chr7/
Fraction Markers in ROH: 0.3867
Merged n=0 gaps < 0.0 M
Called n=13 ROH Blocks > 1.0 cM
Longest Block: 2.400
Successfully saved to ./Empirical/Eigenstrat/Reichall/AH2.SG/chr7/roh.csv
Using Low-Mem Cython Linear Speed Up.
Loaded Pre Processing Model: Eigenstrat
Loading Individual: AH2.SG

Loaded 61133 variants
Loaded 2504 individuals
HDF5 loaded from ./Data/1000Genomes/HDF5/1240kHDF5/all1240/chr8.hdf5
3 Eigenstrat Files with 5081 Individuals and 1233013 SNPs

Intersection on Positions: 61133
Nr of Matching Refs: 61133 / 61133
Full Intersection Ref/Alt Identical: 61091 / 61133
2504 / 2504 Individuals included in Reference
Extraction of 5008 Haplotypes complete
Reduced to markers called 30546 / 61091
(Fraction SNP: 0.5000081845116302)
Successfully saved to: ./Empirical/Eigenstrat/Reichall/AH2.SG/chr8/
Successfully loaded Data from: ./Empirical/Eigenstrat/Reichall/AH2.SG/chr8/
Loaded Emission Model: haploid
Loaded Transition Model: model
Loaded Post Processing Model: Standard
Minimum Genetic Map: 0.0000
Maximum Genetic Map: 1.6800
Gaps bigger than 0.1 cM: 232
Maximum Gap: 3.3333 cM
Loaded Transition and Emission Matrix:
(3, 3)
(5009, 30546)
Loaded Observations:
(2, 30546)
Memory Usage: 1605.648384 mB
Reference Number: 5008
Total Log likelihood: -11562.735
Memory Usage: 1605.664768 mB
Finished Calculation State Posteriors
Saved Zero State Posterior to ./Empirical/Eigenstrat/Reichall/AH2.SG/chr8/.
Successfully loaded for PP. from ./Empirical/Eigenstrat/Reichall/AH2.SG/chr8/
Fraction Markers in ROH: 0.3573
Merged n=0 gaps < 0.0 M
Called n=8 ROH Blocks > 1.0 cM
Longest Block: 2.213
Successfully saved to ./Empirical/Eigenstrat/Reichall/AH2.SG/chr8/roh.csv
Using Low-Mem Cython Linear Speed Up.
Loaded Pre Processing Model: Eigenstrat
Loading Individual: AH2.SG

Loaded 50668 variants
Loaded 2504 individuals
HDF5 loaded from ./Data/1000Genomes/HDF5/1240kHDF5/all1240/chr9.hdf5
3 Eigenstrat Files with 5081 Individuals and 1233013 SNPs

Intersection on Positions: 50668
Nr of Matching Refs: 50668 / 50668
Full Intersection Ref/Alt Identical: 50629 / 50668
2504 / 2504 Individuals included in Reference
Extraction of 5008 Haplotypes complete
Reduced to markers called 25705 / 50629
(Fraction SNP: 0.5077129708269964)
Successfully saved to: ./Empirical/Eigenstrat/Reichall/AH2.SG/chr9/
Successfully loaded Data from: ./Empirical/Eigenstrat/Reichall/AH2.SG/chr9/
Loaded Emission Model: haploid
Loaded Transition Model: model
Loaded Post Processing Model: Standard
Minimum Genetic Map: 0.0016
Maximum Genetic Map: 1.6630
Gaps bigger than 0.1 cM: 269
Maximum Gap: 2.3102 cM
Loaded Transition and Emission Matrix:
(3, 3)
(5009, 25705)
Loaded Observations:
(2, 25705)
Memory Usage: 1387.515904 mB
Reference Number: 5008
Total Log likelihood: -9787.800
Memory Usage: 1387.515904 mB
Finished Calculation State Posteriors
Saved Zero State Posterior to ./Empirical/Eigenstrat/Reichall/AH2.SG/chr9/.
Successfully loaded for PP. from ./Empirical/Eigenstrat/Reichall/AH2.SG/chr9/
Fraction Markers in ROH: 0.3816
Merged n=0 gaps < 0.0 M
Called n=5 ROH Blocks > 1.0 cM
Longest Block: 1.886
Successfully saved to ./Empirical/Eigenstrat/Reichall/AH2.SG/chr9/roh.csv
Using Low-Mem Cython Linear Speed Up.
Loaded Pre Processing Model: Eigenstrat
Loading Individual: AH2.SG

Loaded 58804 variants
Loaded 2504 individuals
HDF5 loaded from ./Data/1000Genomes/HDF5/1240kHDF5/all1240/chr10.hdf5
3 Eigenstrat Files with 5081 Individuals and 1233013 SNPs

Intersection on Positions: 58804
Nr of Matching Refs: 58804 / 58804
Full Intersection Ref/Alt Identical: 58763 / 58804
2504 / 2504 Individuals included in Reference
Extraction of 5008 Haplotypes complete
Reduced to markers called 29907 / 58763
(Fraction SNP: 0.5089427020403996)
Successfully saved to: ./Empirical/Eigenstrat/Reichall/AH2.SG/chr10/
Successfully loaded Data from: ./Empirical/Eigenstrat/Reichall/AH2.SG/chr10/
Loaded Emission Model: haploid
Loaded Transition Model: model
Loaded Post Processing Model: Standard
Minimum Genetic Map: 0.0001
Maximum Genetic Map: 1.8092
Gaps bigger than 0.1 cM: 267
Maximum Gap: 2.0338 cM
Loaded Transition and Emission Matrix:
(3, 3)
(5009, 29907)
Loaded Observations:
(2, 29907)
Memory Usage: 1577.201664 mB
Reference Number: 5008
Total Log likelihood: -10418.456
Memory Usage: 1577.201664 mB
Finished Calculation State Posteriors
Saved Zero State Posterior to ./Empirical/Eigenstrat/Reichall/AH2.SG/chr10/.
Successfully loaded for PP. from ./Empirical/Eigenstrat/Reichall/AH2.SG/chr10/
Fraction Markers in ROH: 0.4513
Merged n=0 gaps < 0.0 M
Called n=7 ROH Blocks > 1.0 cM
Longest Block: 11.847
Successfully saved to ./Empirical/Eigenstrat/Reichall/AH2.SG/chr10/roh.csv
Using Low-Mem Cython Linear Speed Up.
Loaded Pre Processing Model: Eigenstrat
Loading Individual: AH2.SG

Loaded 54833 variants
Loaded 2504 individuals
HDF5 loaded from ./Data/1000Genomes/HDF5/1240kHDF5/all1240/chr11.hdf5
3 Eigenstrat Files with 5081 Individuals and 1233013 SNPs

Intersection on Positions: 54833
Nr of Matching Refs: 54833 / 54833
Full Intersection Ref/Alt Identical: 54796 / 54833
2504 / 2504 Individuals included in Reference
Extraction of 5008 Haplotypes complete
Reduced to markers called 27511 / 54796
(Fraction SNP: 0.5020621943207534)
Successfully saved to: ./Empirical/Eigenstrat/Reichall/AH2.SG/chr11/
Successfully loaded Data from: ./Empirical/Eigenstrat/Reichall/AH2.SG/chr11/
Loaded Emission Model: haploid
Loaded Transition Model: model
Loaded Post Processing Model: Standard
Minimum Genetic Map: 0.0000
Maximum Genetic Map: 1.5822
Gaps bigger than 0.1 cM: 233
Maximum Gap: 0.5672 cM
Loaded Transition and Emission Matrix:
(3, 3)
(5009, 27511)
Loaded Observations:
(2, 27511)
Memory Usage: 1469.526016 mB
Reference Number: 5008
Total Log likelihood: -10326.072
Memory Usage: 1469.526016 mB
Finished Calculation State Posteriors
Saved Zero State Posterior to ./Empirical/Eigenstrat/Reichall/AH2.SG/chr11/.
Successfully loaded for PP. from ./Empirical/Eigenstrat/Reichall/AH2.SG/chr11/
Fraction Markers in ROH: 0.3979
Merged n=0 gaps < 0.0 M
Called n=6 ROH Blocks > 1.0 cM
Longest Block: 2.305
Successfully saved to ./Empirical/Eigenstrat/Reichall/AH2.SG/chr11/roh.csv
Using Low-Mem Cython Linear Speed Up.
Loaded Pre Processing Model: Eigenstrat
Loading Individual: AH2.SG

Loaded 53911 variants
Loaded 2504 individuals
HDF5 loaded from ./Data/1000Genomes/HDF5/1240kHDF5/all1240/chr12.hdf5
3 Eigenstrat Files with 5081 Individuals and 1233013 SNPs

Intersection on Positions: 53911
Nr of Matching Refs: 53911 / 53911
Full Intersection Ref/Alt Identical: 53884 / 53911
2504 / 2504 Individuals included in Reference
Extraction of 5008 Haplotypes complete
Reduced to markers called 27123 / 53884
(Fraction SNP: 0.5033590676267538)
Successfully saved to: ./Empirical/Eigenstrat/Reichall/AH2.SG/chr12/
Successfully loaded Data from: ./Empirical/Eigenstrat/Reichall/AH2.SG/chr12/
Loaded Emission Model: haploid
Loaded Transition Model: model
Loaded Post Processing Model: Standard
Minimum Genetic Map: 0.0018
Maximum Genetic Map: 1.7468
Gaps bigger than 0.1 cM: 299
Maximum Gap: 0.8015 cM
Loaded Transition and Emission Matrix:
(3, 3)
(5009, 27123)
Loaded Observations:
(2, 27123)
Memory Usage: 1451.58144 mB
Reference Number: 5008
Total Log likelihood: -9689.198
Memory Usage: 1451.58144 mB
Finished Calculation State Posteriors
Saved Zero State Posterior to ./Empirical/Eigenstrat/Reichall/AH2.SG/chr12/.
Successfully loaded for PP. from ./Empirical/Eigenstrat/Reichall/AH2.SG/chr12/
Fraction Markers in ROH: 0.4378
Merged n=0 gaps < 0.0 M
Called n=12 ROH Blocks > 1.0 cM
Longest Block: 3.110
Successfully saved to ./Empirical/Eigenstrat/Reichall/AH2.SG/chr12/roh.csv
Using Low-Mem Cython Linear Speed Up.
Loaded Pre Processing Model: Eigenstrat
Loading Individual: AH2.SG

Loaded 39018 variants
Loaded 2504 individuals
HDF5 loaded from ./Data/1000Genomes/HDF5/1240kHDF5/all1240/chr13.hdf5
3 Eigenstrat Files with 5081 Individuals and 1233013 SNPs

Intersection on Positions: 39018
Nr of Matching Refs: 39018 / 39018
Full Intersection Ref/Alt Identical: 38994 / 39018
2504 / 2504 Individuals included in Reference
Extraction of 5008 Haplotypes complete
Reduced to markers called 19237 / 38994
(Fraction SNP: 0.4933323075344925)
Successfully saved to: ./Empirical/Eigenstrat/Reichall/AH2.SG/chr13/
Successfully loaded Data from: ./Empirical/Eigenstrat/Reichall/AH2.SG/chr13/
Loaded Emission Model: haploid
Loaded Transition Model: model
Loaded Post Processing Model: Standard
Minimum Genetic Map: 0.0019
Maximum Genetic Map: 1.2570
Gaps bigger than 0.1 cM: 215
Maximum Gap: 1.2216 cM
Loaded Transition and Emission Matrix:
(3, 3)
(5009, 19237)
Loaded Observations:
(2, 19237)
Memory Usage: 1096.23296 mB
Reference Number: 5008
Total Log likelihood: -7110.691
Memory Usage: 1096.23296 mB
Finished Calculation State Posteriors
Saved Zero State Posterior to ./Empirical/Eigenstrat/Reichall/AH2.SG/chr13/.
Successfully loaded for PP. from ./Empirical/Eigenstrat/Reichall/AH2.SG/chr13/
Fraction Markers in ROH: 0.4167
Merged n=0 gaps < 0.0 M
Called n=8 ROH Blocks > 1.0 cM
Longest Block: 3.800
Successfully saved to ./Empirical/Eigenstrat/Reichall/AH2.SG/chr13/roh.csv
Using Low-Mem Cython Linear Speed Up.
Loaded Pre Processing Model: Eigenstrat
Loading Individual: AH2.SG

Loaded 36301 variants
Loaded 2504 individuals
HDF5 loaded from ./Data/1000Genomes/HDF5/1240kHDF5/all1240/chr14.hdf5
3 Eigenstrat Files with 5081 Individuals and 1233013 SNPs

Intersection on Positions: 36301
Nr of Matching Refs: 36301 / 36301
Full Intersection Ref/Alt Identical: 36280 / 36301
2504 / 2504 Individuals included in Reference
Extraction of 5008 Haplotypes complete
Reduced to markers called 18277 / 36280
(Fraction SNP: 0.5037761852260199)
Successfully saved to: ./Empirical/Eigenstrat/Reichall/AH2.SG/chr14/
Successfully loaded Data from: ./Empirical/Eigenstrat/Reichall/AH2.SG/chr14/
Loaded Emission Model: haploid
Loaded Transition Model: model
Loaded Post Processing Model: Standard
Minimum Genetic Map: 0.0164
Maximum Genetic Map: 1.2020
Gaps bigger than 0.1 cM: 203
Maximum Gap: 2.8973 cM
Loaded Transition and Emission Matrix:
(3, 3)
(5009, 18277)
Loaded Observations:
(2, 18277)
Memory Usage: 1053.32736 mB
Reference Number: 5008
Total Log likelihood: -7071.782
Memory Usage: 1053.32736 mB
Finished Calculation State Posteriors
Saved Zero State Posterior to ./Empirical/Eigenstrat/Reichall/AH2.SG/chr14/.
Successfully loaded for PP. from ./Empirical/Eigenstrat/Reichall/AH2.SG/chr14/
Fraction Markers in ROH: 0.3450
Merged n=0 gaps < 0.0 M
Called n=2 ROH Blocks > 1.0 cM
Longest Block: 1.500
Successfully saved to ./Empirical/Eigenstrat/Reichall/AH2.SG/chr14/roh.csv
Using Low-Mem Cython Linear Speed Up.
Loaded Pre Processing Model: Eigenstrat
Loading Individual: AH2.SG

Loaded 34429 variants
Loaded 2504 individuals
HDF5 loaded from ./Data/1000Genomes/HDF5/1240kHDF5/all1240/chr15.hdf5
3 Eigenstrat Files with 5081 Individuals and 1233013 SNPs

Intersection on Positions: 34429
Nr of Matching Refs: 34429 / 34429
Full Intersection Ref/Alt Identical: 34407 / 34429
2504 / 2504 Individuals included in Reference
Extraction of 5008 Haplotypes complete
Reduced to markers called 17731 / 34407
(Fraction SNP: 0.5153311826081902)
Successfully saved to: ./Empirical/Eigenstrat/Reichall/AH2.SG/chr15/
Successfully loaded Data from: ./Empirical/Eigenstrat/Reichall/AH2.SG/chr15/
Loaded Emission Model: haploid
Loaded Transition Model: model
Loaded Post Processing Model: Standard
Minimum Genetic Map: 0.0002
Maximum Genetic Map: 1.4135
Gaps bigger than 0.1 cM: 215
Maximum Gap: 11.5006 cM
Loaded Transition and Emission Matrix:
(3, 3)
(5009, 17731)
Loaded Observations:
(2, 17731)
Memory Usage: 1029.05856 mB
Reference Number: 5008
Total Log likelihood: -6703.401
Memory Usage: 1029.05856 mB
Finished Calculation State Posteriors
Saved Zero State Posterior to ./Empirical/Eigenstrat/Reichall/AH2.SG/chr15/.
Successfully loaded for PP. from ./Empirical/Eigenstrat/Reichall/AH2.SG/chr15/
Fraction Markers in ROH: 0.3674
Merged n=0 gaps < 0.0 M
Called n=4 ROH Blocks > 1.0 cM
Longest Block: 1.591
Successfully saved to ./Empirical/Eigenstrat/Reichall/AH2.SG/chr15/roh.csv
Using Low-Mem Cython Linear Speed Up.
Loaded Pre Processing Model: Eigenstrat
Loading Individual: AH2.SG

Loaded 34402 variants
Loaded 2504 individuals
HDF5 loaded from ./Data/1000Genomes/HDF5/1240kHDF5/all1240/chr16.hdf5
3 Eigenstrat Files with 5081 Individuals and 1233013 SNPs

Intersection on Positions: 34402
Nr of Matching Refs: 34402 / 34402
Full Intersection Ref/Alt Identical: 34375 / 34402
2504 / 2504 Individuals included in Reference
Extraction of 5008 Haplotypes complete
Reduced to markers called 18058 / 34375
(Fraction SNP: 0.5253236363636363)
Successfully saved to: ./Empirical/Eigenstrat/Reichall/AH2.SG/chr16/
Successfully loaded Data from: ./Empirical/Eigenstrat/Reichall/AH2.SG/chr16/
Loaded Emission Model: haploid
Loaded Transition Model: model
Loaded Post Processing Model: Standard
Minimum Genetic Map: -0.0000
Maximum Genetic Map: 1.3402
Gaps bigger than 0.1 cM: 235
Maximum Gap: 1.0338 cM
Loaded Transition and Emission Matrix:
(3, 3)
(5009, 18058)
Loaded Observations:
(2, 18058)
Memory Usage: 1043.861504 mB
Reference Number: 5008
Total Log likelihood: -6597.936
Memory Usage: 1043.861504 mB
Finished Calculation State Posteriors
Saved Zero State Posterior to ./Empirical/Eigenstrat/Reichall/AH2.SG/chr16/.
Successfully loaded for PP. from ./Empirical/Eigenstrat/Reichall/AH2.SG/chr16/
Fraction Markers in ROH: 0.3968
Merged n=0 gaps < 0.0 M
Called n=10 ROH Blocks > 1.0 cM
Longest Block: 6.911
Successfully saved to ./Empirical/Eigenstrat/Reichall/AH2.SG/chr16/roh.csv
Using Low-Mem Cython Linear Speed Up.
Loaded Pre Processing Model: Eigenstrat
Loading Individual: AH2.SG

Loaded 29314 variants
Loaded 2504 individuals
HDF5 loaded from ./Data/1000Genomes/HDF5/1240kHDF5/all1240/chr17.hdf5
3 Eigenstrat Files with 5081 Individuals and 1233013 SNPs

Intersection on Positions: 29314
Nr of Matching Refs: 29314 / 29314
Full Intersection Ref/Alt Identical: 29292 / 29314
2504 / 2504 Individuals included in Reference
Extraction of 5008 Haplotypes complete
Reduced to markers called 15489 / 29292
(Fraction SNP: 0.5287791888570258)
Successfully saved to: ./Empirical/Eigenstrat/Reichall/AH2.SG/chr17/
Successfully loaded Data from: ./Empirical/Eigenstrat/Reichall/AH2.SG/chr17/
Loaded Emission Model: haploid
Loaded Transition Model: model
Loaded Post Processing Model: Standard
Minimum Genetic Map: -0.0002
Maximum Genetic Map: 1.2845
Gaps bigger than 0.1 cM: 217
Maximum Gap: 1.3151 cM
Loaded Transition and Emission Matrix:
(3, 3)
(5009, 15489)
Loaded Observations:
(2, 15489)
Memory Usage: 927.285248 mB
Reference Number: 5008
Total Log likelihood: -5775.890
Memory Usage: 927.285248 mB
Finished Calculation State Posteriors
Saved Zero State Posterior to ./Empirical/Eigenstrat/Reichall/AH2.SG/chr17/.
Successfully loaded for PP. from ./Empirical/Eigenstrat/Reichall/AH2.SG/chr17/
Fraction Markers in ROH: 0.4118
Merged n=0 gaps < 0.0 M
Called n=10 ROH Blocks > 1.0 cM
Longest Block: 1.569
Successfully saved to ./Empirical/Eigenstrat/Reichall/AH2.SG/chr17/roh.csv
Using Low-Mem Cython Linear Speed Up.
Loaded Pre Processing Model: Eigenstrat
Loading Individual: AH2.SG

Loaded 33917 variants
Loaded 2504 individuals
HDF5 loaded from ./Data/1000Genomes/HDF5/1240kHDF5/all1240/chr18.hdf5
3 Eigenstrat Files with 5081 Individuals and 1233013 SNPs

Intersection on Positions: 33917
Nr of Matching Refs: 33917 / 33917
Full Intersection Ref/Alt Identical: 33902 / 33917
2504 / 2504 Individuals included in Reference
Extraction of 5008 Haplotypes complete
Reduced to markers called 16903 / 33902
(Fraction SNP: 0.49858415432717834)
Successfully saved to: ./Empirical/Eigenstrat/Reichall/AH2.SG/chr18/
Successfully loaded Data from: ./Empirical/Eigenstrat/Reichall/AH2.SG/chr18/
Loaded Emission Model: haploid
Loaded Transition Model: model
Loaded Post Processing Model: Standard
Minimum Genetic Map: 0.0016
Maximum Genetic Map: 1.1771
Gaps bigger than 0.1 cM: 205
Maximum Gap: 0.5576 cM
Loaded Transition and Emission Matrix:
(3, 3)
(5009, 16903)
Loaded Observations:
(2, 16903)
Memory Usage: 991.3344 mB
Reference Number: 5008
Total Log likelihood: -6141.470
Memory Usage: 991.3344 mB
Finished Calculation State Posteriors
Saved Zero State Posterior to ./Empirical/Eigenstrat/Reichall/AH2.SG/chr18/.
Successfully loaded for PP. from ./Empirical/Eigenstrat/Reichall/AH2.SG/chr18/
Fraction Markers in ROH: 0.4460
Merged n=0 gaps < 0.0 M
Called n=11 ROH Blocks > 1.0 cM
Longest Block: 6.834
Successfully saved to ./Empirical/Eigenstrat/Reichall/AH2.SG/chr18/roh.csv
Using Low-Mem Cython Linear Speed Up.
Loaded Pre Processing Model: Eigenstrat
Loading Individual: AH2.SG

Loaded 18460 variants
Loaded 2504 individuals
HDF5 loaded from ./Data/1000Genomes/HDF5/1240kHDF5/all1240/chr19.hdf5
3 Eigenstrat Files with 5081 Individuals and 1233013 SNPs

Intersection on Positions: 18460
Nr of Matching Refs: 18460 / 18460
Full Intersection Ref/Alt Identical: 18441 / 18460
2504 / 2504 Individuals included in Reference
Extraction of 5008 Haplotypes complete
Reduced to markers called 10058 / 18441
(Fraction SNP: 0.5454151076405834)
Successfully saved to: ./Empirical/Eigenstrat/Reichall/AH2.SG/chr19/
Successfully loaded Data from: ./Empirical/Eigenstrat/Reichall/AH2.SG/chr19/
Loaded Emission Model: haploid
Loaded Transition Model: model
Loaded Post Processing Model: Standard
Minimum Genetic Map: 0.0001
Maximum Genetic Map: 1.0773
Gaps bigger than 0.1 cM: 208
Maximum Gap: 0.6365 cM
Loaded Transition and Emission Matrix:
(3, 3)
(5009, 10058)
Loaded Observations:
(2, 10058)
Memory Usage: 685.133824 mB
Reference Number: 5008
Total Log likelihood: -3934.829
Memory Usage: 685.133824 mB
Finished Calculation State Posteriors
Saved Zero State Posterior to ./Empirical/Eigenstrat/Reichall/AH2.SG/chr19/.
Successfully loaded for PP. from ./Empirical/Eigenstrat/Reichall/AH2.SG/chr19/
Fraction Markers in ROH: 0.3465
Merged n=0 gaps < 0.0 M
Called n=8 ROH Blocks > 1.0 cM
Longest Block: 1.926
Successfully saved to ./Empirical/Eigenstrat/Reichall/AH2.SG/chr19/roh.csv
Using Low-Mem Cython Linear Speed Up.
Loaded Pre Processing Model: Eigenstrat
Loading Individual: AH2.SG

Loaded 29078 variants
Loaded 2504 individuals
HDF5 loaded from ./Data/1000Genomes/HDF5/1240kHDF5/all1240/chr20.hdf5
3 Eigenstrat Files with 5081 Individuals and 1233013 SNPs

Intersection on Positions: 29078
Nr of Matching Refs: 29078 / 29078
Full Intersection Ref/Alt Identical: 29053 / 29078
2504 / 2504 Individuals included in Reference
Extraction of 5008 Haplotypes complete
Reduced to markers called 15421 / 29053
(Fraction SNP: 0.5307885588407394)
Successfully saved to: ./Empirical/Eigenstrat/Reichall/AH2.SG/chr20/
Successfully loaded Data from: ./Empirical/Eigenstrat/Reichall/AH2.SG/chr20/
Loaded Emission Model: haploid
Loaded Transition Model: model
Loaded Post Processing Model: Standard
Minimum Genetic Map: 0.0000
Maximum Genetic Map: 1.0821
Gaps bigger than 0.1 cM: 187
Maximum Gap: 0.5912 cM
Loaded Transition and Emission Matrix:
(3, 3)
(5009, 15421)
Loaded Observations:
(2, 15421)
Memory Usage: 927.162368 mB
Reference Number: 5008
Total Log likelihood: -5818.997
Memory Usage: 927.162368 mB
Finished Calculation State Posteriors
Saved Zero State Posterior to ./Empirical/Eigenstrat/Reichall/AH2.SG/chr20/.
Successfully loaded for PP. from ./Empirical/Eigenstrat/Reichall/AH2.SG/chr20/
Fraction Markers in ROH: 0.3370
Merged n=0 gaps < 0.0 M
Called n=1 ROH Blocks > 1.0 cM
Longest Block: 1.170
Successfully saved to ./Empirical/Eigenstrat/Reichall/AH2.SG/chr20/roh.csv
Using Low-Mem Cython Linear Speed Up.
Loaded Pre Processing Model: Eigenstrat
Loading Individual: AH2.SG

Loaded 16038 variants
Loaded 2504 individuals
HDF5 loaded from ./Data/1000Genomes/HDF5/1240kHDF5/all1240/chr21.hdf5
3 Eigenstrat Files with 5081 Individuals and 1233013 SNPs

Intersection on Positions: 16038
Nr of Matching Refs: 16038 / 16038
Full Intersection Ref/Alt Identical: 16031 / 16038
2504 / 2504 Individuals included in Reference
Extraction of 5008 Haplotypes complete
Reduced to markers called 8011 / 16031
(Fraction SNP: 0.4997192938681305)
Successfully saved to: ./Empirical/Eigenstrat/Reichall/AH2.SG/chr21/
Successfully loaded Data from: ./Empirical/Eigenstrat/Reichall/AH2.SG/chr21/
Loaded Emission Model: haploid
Loaded Transition Model: model
Loaded Post Processing Model: Standard
Minimum Genetic Map: 0.0087
Maximum Genetic Map: 0.6277
Gaps bigger than 0.1 cM: 123
Maximum Gap: 0.4889 cM
Loaded Transition and Emission Matrix:
(3, 3)
(5009, 8011)
Loaded Observations:
(2, 8011)
Memory Usage: 593.678336 mB
Reference Number: 5008
Total Log likelihood: -2965.232
Memory Usage: 593.678336 mB
Finished Calculation State Posteriors
Saved Zero State Posterior to ./Empirical/Eigenstrat/Reichall/AH2.SG/chr21/.
Successfully loaded for PP. from ./Empirical/Eigenstrat/Reichall/AH2.SG/chr21/
Fraction Markers in ROH: 0.4008
Merged n=0 gaps < 0.0 M
Called n=1 ROH Blocks > 1.0 cM
Longest Block: 1.685
Successfully saved to ./Empirical/Eigenstrat/Reichall/AH2.SG/chr21/roh.csv
Using Low-Mem Cython Linear Speed Up.
Loaded Pre Processing Model: Eigenstrat
Loading Individual: AH2.SG

Loaded 15802 variants
Loaded 2504 individuals
HDF5 loaded from ./Data/1000Genomes/HDF5/1240kHDF5/all1240/chr22.hdf5
3 Eigenstrat Files with 5081 Individuals and 1233013 SNPs

Intersection on Positions: 15802
Nr of Matching Refs: 15802 / 15802
Full Intersection Ref/Alt Identical: 15793 / 15802
2504 / 2504 Individuals included in Reference
Extraction of 5008 Haplotypes complete
Reduced to markers called 8691 / 15793
(Fraction SNP: 0.5503070980814285)
Successfully saved to: ./Empirical/Eigenstrat/Reichall/AH2.SG/chr22/
Successfully loaded Data from: ./Empirical/Eigenstrat/Reichall/AH2.SG/chr22/
Loaded Emission Model: haploid
Loaded Transition Model: model
Loaded Post Processing Model: Standard
Minimum Genetic Map: 0.0163
Maximum Genetic Map: 0.7408
Gaps bigger than 0.1 cM: 123
Maximum Gap: 1.7520 cM
Loaded Transition and Emission Matrix:
(3, 3)
(5009, 8691)
Loaded Observations:
(2, 8691)
Memory Usage: 624.398336 mB
Reference Number: 5008
Total Log likelihood: -3383.428
Memory Usage: 624.398336 mB
Finished Calculation State Posteriors
Saved Zero State Posterior to ./Empirical/Eigenstrat/Reichall/AH2.SG/chr22/.
Successfully loaded for PP. from ./Empirical/Eigenstrat/Reichall/AH2.SG/chr22/
Fraction Markers in ROH: 0.3680
Merged n=0 gaps < 0.0 M
Called n=4 ROH Blocks > 1.0 cM
Longest Block: 1.299
Successfully saved to ./Empirical/Eigenstrat/Reichall/AH2.SG/chr22/roh.csv
