Loaded 2106 / 5081 ancient Indivdiuals Anno File.
Doing Individual I1662...
Using Low-Mem Cython Linear Speed Up.
Loaded Pre Processing Model: Eigenstrat
Loading Individual: I1662

Loaded 89147 variants
Loaded 2504 individuals
HDF5 loaded from ./Data/1000Genomes/HDF5/1240kHDF5/all1240/chr1.hdf5
3 Eigenstrat Files with 5081 Individuals and 1233013 SNPs

Intersection on Positions: 89147
Nr of Matching Refs: 89147 / 89147
Full Intersection Ref/Alt Identical: 89082 / 89147
2504 / 2504 Individuals included in Reference
Extraction of 5008 Haplotypes complete
Reduced to markers called 47131 / 89082
(Fraction SNP: 0.5290743360050291)
Successfully saved to: ./Empirical/Eigenstrat/Reichall/I1662/chr1/
Successfully loaded Data from: ./Empirical/Eigenstrat/Reichall/I1662/chr1/
Loaded Emission Model: haploid
Loaded Transition Model: model
Loaded Post Processing Model: Standard
Minimum Genetic Map: 0.0201
Maximum Genetic Map: 2.8627
Gaps bigger than 0.1 cM: 407
Maximum Gap: 2.9476 cM
Loaded Transition and Emission Matrix:
(3, 3)
(5009, 47131)
Loaded Observations:
(2, 47131)
Memory Usage: 2319.64672 mB
Reference Number: 5008
Total Log likelihood: -16998.833
Memory Usage: 2320.109568 mB
Finished Calculation State Posteriors
Saved Zero State Posterior to ./Empirical/Eigenstrat/Reichall/I1662/chr1/.
Successfully loaded for PP. from ./Empirical/Eigenstrat/Reichall/I1662/chr1/
Fraction Markers in ROH: 0.4259
Merged n=0 gaps < 0.0 M
Called n=14 ROH Blocks > 1.0 cM
Longest Block: 1.760
Successfully saved to ./Empirical/Eigenstrat/Reichall/I1662/chr1/roh.csv
Using Low-Mem Cython Linear Speed Up.
Loaded Pre Processing Model: Eigenstrat
Loading Individual: I1662

Loaded 94239 variants
Loaded 2504 individuals
HDF5 loaded from ./Data/1000Genomes/HDF5/1240kHDF5/all1240/chr2.hdf5
3 Eigenstrat Files with 5081 Individuals and 1233013 SNPs

Intersection on Positions: 94239
Nr of Matching Refs: 94239 / 94239
Full Intersection Ref/Alt Identical: 94173 / 94239
2504 / 2504 Individuals included in Reference
Extraction of 5008 Haplotypes complete
Reduced to markers called 48275 / 94173
(Fraction SNP: 0.512620390133053)
Successfully saved to: ./Empirical/Eigenstrat/Reichall/I1662/chr2/
Successfully loaded Data from: ./Empirical/Eigenstrat/Reichall/I1662/chr2/
Loaded Emission Model: haploid
Loaded Transition Model: model
Loaded Post Processing Model: Standard
Minimum Genetic Map: 0.0002
Maximum Genetic Map: 2.6883
Gaps bigger than 0.1 cM: 405
Maximum Gap: 2.9097 cM
Loaded Transition and Emission Matrix:
(3, 3)
(5009, 48275)
Loaded Observations:
(2, 48275)
Memory Usage: 2410.348544 mB
Reference Number: 5008
Total Log likelihood: -18333.396
Memory Usage: 2410.348544 mB
Finished Calculation State Posteriors
Saved Zero State Posterior to ./Empirical/Eigenstrat/Reichall/I1662/chr2/.
Successfully loaded for PP. from ./Empirical/Eigenstrat/Reichall/I1662/chr2/
Fraction Markers in ROH: 0.3751
Merged n=0 gaps < 0.0 M
Called n=8 ROH Blocks > 1.0 cM
Longest Block: 2.620
Successfully saved to ./Empirical/Eigenstrat/Reichall/I1662/chr2/roh.csv
Using Low-Mem Cython Linear Speed Up.
Loaded Pre Processing Model: Eigenstrat
Loading Individual: I1662

Loaded 77652 variants
Loaded 2504 individuals
HDF5 loaded from ./Data/1000Genomes/HDF5/1240kHDF5/all1240/chr3.hdf5
3 Eigenstrat Files with 5081 Individuals and 1233013 SNPs

Intersection on Positions: 77652
Nr of Matching Refs: 77652 / 77652
Full Intersection Ref/Alt Identical: 77601 / 77652
2504 / 2504 Individuals included in Reference
Extraction of 5008 Haplotypes complete
Reduced to markers called 40144 / 77601
(Fraction SNP: 0.517312921225242)
Successfully saved to: ./Empirical/Eigenstrat/Reichall/I1662/chr3/
Successfully loaded Data from: ./Empirical/Eigenstrat/Reichall/I1662/chr3/
Loaded Emission Model: haploid
Loaded Transition Model: model
Loaded Post Processing Model: Standard
Minimum Genetic Map: 0.0000
Maximum Genetic Map: 2.2326
Gaps bigger than 0.1 cM: 342
Maximum Gap: 0.4415 cM
Loaded Transition and Emission Matrix:
(3, 3)
(5009, 40144)
Loaded Observations:
(2, 40144)
Memory Usage: 2044.12928 mB
Reference Number: 5008
Total Log likelihood: -14857.002
Memory Usage: 2044.12928 mB
Finished Calculation State Posteriors
Saved Zero State Posterior to ./Empirical/Eigenstrat/Reichall/I1662/chr3/.
Successfully loaded for PP. from ./Empirical/Eigenstrat/Reichall/I1662/chr3/
Fraction Markers in ROH: 0.3833
Merged n=0 gaps < 0.0 M
Called n=9 ROH Blocks > 1.0 cM
Longest Block: 1.897
Successfully saved to ./Empirical/Eigenstrat/Reichall/I1662/chr3/roh.csv
Using Low-Mem Cython Linear Speed Up.
Loaded Pre Processing Model: Eigenstrat
Loading Individual: I1662

Loaded 68759 variants
Loaded 2504 individuals
HDF5 loaded from ./Data/1000Genomes/HDF5/1240kHDF5/all1240/chr4.hdf5
3 Eigenstrat Files with 5081 Individuals and 1233013 SNPs

Intersection on Positions: 68759
Nr of Matching Refs: 68759 / 68759
Full Intersection Ref/Alt Identical: 68720 / 68759
2504 / 2504 Individuals included in Reference
Extraction of 5008 Haplotypes complete
Reduced to markers called 33589 / 68720
(Fraction SNP: 0.4887805587892899)
Successfully saved to: ./Empirical/Eigenstrat/Reichall/I1662/chr4/
Successfully loaded Data from: ./Empirical/Eigenstrat/Reichall/I1662/chr4/
Loaded Emission Model: haploid
Loaded Transition Model: model
Loaded Post Processing Model: Standard
Minimum Genetic Map: 0.0034
Maximum Genetic Map: 2.1454
Gaps bigger than 0.1 cM: 343
Maximum Gap: 2.0541 cM
Loaded Transition and Emission Matrix:
(3, 3)
(5009, 33589)
Loaded Observations:
(2, 33589)
Memory Usage: 1749.057536 mB
Reference Number: 5008
Total Log likelihood: -12498.253
Memory Usage: 1749.057536 mB
Finished Calculation State Posteriors
Saved Zero State Posterior to ./Empirical/Eigenstrat/Reichall/I1662/chr4/.
Successfully loaded for PP. from ./Empirical/Eigenstrat/Reichall/I1662/chr4/
Fraction Markers in ROH: 0.3743
Merged n=0 gaps < 0.0 M
Called n=8 ROH Blocks > 1.0 cM
Longest Block: 2.769
Successfully saved to ./Empirical/Eigenstrat/Reichall/I1662/chr4/roh.csv
Using Low-Mem Cython Linear Speed Up.
Loaded Pre Processing Model: Eigenstrat
Loading Individual: I1662

Loaded 69399 variants
Loaded 2504 individuals
HDF5 loaded from ./Data/1000Genomes/HDF5/1240kHDF5/all1240/chr5.hdf5
3 Eigenstrat Files with 5081 Individuals and 1233013 SNPs

Intersection on Positions: 69399
Nr of Matching Refs: 69399 / 69399
Full Intersection Ref/Alt Identical: 69354 / 69399
2504 / 2504 Individuals included in Reference
Extraction of 5008 Haplotypes complete
Reduced to markers called 35416 / 69354
(Fraction SNP: 0.5106554776941489)
Successfully saved to: ./Empirical/Eigenstrat/Reichall/I1662/chr5/
Successfully loaded Data from: ./Empirical/Eigenstrat/Reichall/I1662/chr5/
Loaded Emission Model: haploid
Loaded Transition Model: model
Loaded Post Processing Model: Standard
Minimum Genetic Map: 0.0004
Maximum Genetic Map: 2.0409
Gaps bigger than 0.1 cM: 324
Maximum Gap: 1.0498 cM
Loaded Transition and Emission Matrix:
(3, 3)
(5009, 35416)
Loaded Observations:
(2, 35416)
Memory Usage: 1831.325696 mB
Reference Number: 5008
Total Log likelihood: -13464.762
Memory Usage: 1831.325696 mB
Finished Calculation State Posteriors
Saved Zero State Posterior to ./Empirical/Eigenstrat/Reichall/I1662/chr5/.
Successfully loaded for PP. from ./Empirical/Eigenstrat/Reichall/I1662/chr5/
Fraction Markers in ROH: 0.3721
Merged n=0 gaps < 0.0 M
Called n=6 ROH Blocks > 1.0 cM
Longest Block: 2.497
Successfully saved to ./Empirical/Eigenstrat/Reichall/I1662/chr5/roh.csv
Using Low-Mem Cython Linear Speed Up.
Loaded Pre Processing Model: Eigenstrat
Loading Individual: I1662

Loaded 75870 variants
Loaded 2504 individuals
HDF5 loaded from ./Data/1000Genomes/HDF5/1240kHDF5/all1240/chr6.hdf5
3 Eigenstrat Files with 5081 Individuals and 1233013 SNPs

Intersection on Positions: 75870
Nr of Matching Refs: 75870 / 75870
Full Intersection Ref/Alt Identical: 75816 / 75870
2504 / 2504 Individuals included in Reference
Extraction of 5008 Haplotypes complete
Reduced to markers called 38797 / 75816
(Fraction SNP: 0.5117257570961274)
Successfully saved to: ./Empirical/Eigenstrat/Reichall/I1662/chr6/
Successfully loaded Data from: ./Empirical/Eigenstrat/Reichall/I1662/chr6/
Loaded Emission Model: haploid
Loaded Transition Model: model
Loaded Post Processing Model: Standard
Minimum Genetic Map: 0.0035
Maximum Genetic Map: 1.9203
Gaps bigger than 0.1 cM: 255
Maximum Gap: 0.5132 cM
Loaded Transition and Emission Matrix:
(3, 3)
(5009, 38797)
Loaded Observations:
(2, 38797)
Memory Usage: 1983.893504 mB
Reference Number: 5008
Total Log likelihood: -14273.954
Memory Usage: 1983.893504 mB
Finished Calculation State Posteriors
Saved Zero State Posterior to ./Empirical/Eigenstrat/Reichall/I1662/chr6/.
Successfully loaded for PP. from ./Empirical/Eigenstrat/Reichall/I1662/chr6/
Fraction Markers in ROH: 0.3859
Merged n=0 gaps < 0.0 M
Called n=7 ROH Blocks > 1.0 cM
Longest Block: 1.876
Successfully saved to ./Empirical/Eigenstrat/Reichall/I1662/chr6/roh.csv
Using Low-Mem Cython Linear Speed Up.
Loaded Pre Processing Model: Eigenstrat
Loading Individual: I1662

Loaded 59890 variants
Loaded 2504 individuals
HDF5 loaded from ./Data/1000Genomes/HDF5/1240kHDF5/all1240/chr7.hdf5
3 Eigenstrat Files with 5081 Individuals and 1233013 SNPs

Intersection on Positions: 59890
Nr of Matching Refs: 59890 / 59890
Full Intersection Ref/Alt Identical: 59836 / 59890
2504 / 2504 Individuals included in Reference
Extraction of 5008 Haplotypes complete
Reduced to markers called 30463 / 59836
(Fraction SNP: 0.5091082291597032)
Successfully saved to: ./Empirical/Eigenstrat/Reichall/I1662/chr7/
Successfully loaded Data from: ./Empirical/Eigenstrat/Reichall/I1662/chr7/
Loaded Emission Model: haploid
Loaded Transition Model: model
Loaded Post Processing Model: Standard
Minimum Genetic Map: 0.0001
Maximum Genetic Map: 1.8715
Gaps bigger than 0.1 cM: 304
Maximum Gap: 0.8484 cM
Loaded Transition and Emission Matrix:
(3, 3)
(5009, 30463)
Loaded Observations:
(2, 30463)
Memory Usage: 1608.200192 mB
Reference Number: 5008
Total Log likelihood: -11472.951
Memory Usage: 1608.200192 mB
Finished Calculation State Posteriors
Saved Zero State Posterior to ./Empirical/Eigenstrat/Reichall/I1662/chr7/.
Successfully loaded for PP. from ./Empirical/Eigenstrat/Reichall/I1662/chr7/
Fraction Markers in ROH: 0.3939
Merged n=0 gaps < 0.0 M
Called n=12 ROH Blocks > 1.0 cM
Longest Block: 1.871
Successfully saved to ./Empirical/Eigenstrat/Reichall/I1662/chr7/roh.csv
Using Low-Mem Cython Linear Speed Up.
Loaded Pre Processing Model: Eigenstrat
Loading Individual: I1662

Loaded 61133 variants
Loaded 2504 individuals
HDF5 loaded from ./Data/1000Genomes/HDF5/1240kHDF5/all1240/chr8.hdf5
3 Eigenstrat Files with 5081 Individuals and 1233013 SNPs

Intersection on Positions: 61133
Nr of Matching Refs: 61133 / 61133
Full Intersection Ref/Alt Identical: 61091 / 61133
2504 / 2504 Individuals included in Reference
Extraction of 5008 Haplotypes complete
Reduced to markers called 31749 / 61091
(Fraction SNP: 0.5197001194938698)
Successfully saved to: ./Empirical/Eigenstrat/Reichall/I1662/chr8/
Successfully loaded Data from: ./Empirical/Eigenstrat/Reichall/I1662/chr8/
Loaded Emission Model: haploid
Loaded Transition Model: model
Loaded Post Processing Model: Standard
Minimum Genetic Map: 0.0000
Maximum Genetic Map: 1.6800
Gaps bigger than 0.1 cM: 217
Maximum Gap: 3.3395 cM
Loaded Transition and Emission Matrix:
(3, 3)
(5009, 31749)
Loaded Observations:
(2, 31749)
Memory Usage: 1666.428928 mB
Reference Number: 5008
Total Log likelihood: -11848.918
Memory Usage: 1666.428928 mB
Finished Calculation State Posteriors
Saved Zero State Posterior to ./Empirical/Eigenstrat/Reichall/I1662/chr8/.
Successfully loaded for PP. from ./Empirical/Eigenstrat/Reichall/I1662/chr8/
Fraction Markers in ROH: 0.4053
Merged n=0 gaps < 0.0 M
Called n=7 ROH Blocks > 1.0 cM
Longest Block: 1.663
Successfully saved to ./Empirical/Eigenstrat/Reichall/I1662/chr8/roh.csv
Using Low-Mem Cython Linear Speed Up.
Loaded Pre Processing Model: Eigenstrat
Loading Individual: I1662

Loaded 50668 variants
Loaded 2504 individuals
HDF5 loaded from ./Data/1000Genomes/HDF5/1240kHDF5/all1240/chr9.hdf5
3 Eigenstrat Files with 5081 Individuals and 1233013 SNPs

Intersection on Positions: 50668
Nr of Matching Refs: 50668 / 50668
Full Intersection Ref/Alt Identical: 50629 / 50668
2504 / 2504 Individuals included in Reference
Extraction of 5008 Haplotypes complete
Reduced to markers called 26609 / 50629
(Fraction SNP: 0.5255683501550494)
Successfully saved to: ./Empirical/Eigenstrat/Reichall/I1662/chr9/
Successfully loaded Data from: ./Empirical/Eigenstrat/Reichall/I1662/chr9/
Loaded Emission Model: haploid
Loaded Transition Model: model
Loaded Post Processing Model: Standard
Minimum Genetic Map: 0.0017
Maximum Genetic Map: 1.6630
Gaps bigger than 0.1 cM: 267
Maximum Gap: 2.3399 cM
Loaded Transition and Emission Matrix:
(3, 3)
(5009, 26609)
Loaded Observations:
(2, 26609)
Memory Usage: 1434.996736 mB
Reference Number: 5008
Total Log likelihood: -10326.864
Memory Usage: 1434.898432 mB
Finished Calculation State Posteriors
Saved Zero State Posterior to ./Empirical/Eigenstrat/Reichall/I1662/chr9/.
Successfully loaded for PP. from ./Empirical/Eigenstrat/Reichall/I1662/chr9/
Fraction Markers in ROH: 0.3622
Merged n=0 gaps < 0.0 M
Called n=6 ROH Blocks > 1.0 cM
Longest Block: 1.238
Successfully saved to ./Empirical/Eigenstrat/Reichall/I1662/chr9/roh.csv
Using Low-Mem Cython Linear Speed Up.
Loaded Pre Processing Model: Eigenstrat
Loading Individual: I1662

Loaded 58804 variants
Loaded 2504 individuals
HDF5 loaded from ./Data/1000Genomes/HDF5/1240kHDF5/all1240/chr10.hdf5
3 Eigenstrat Files with 5081 Individuals and 1233013 SNPs

Intersection on Positions: 58804
Nr of Matching Refs: 58804 / 58804
Full Intersection Ref/Alt Identical: 58763 / 58804
2504 / 2504 Individuals included in Reference
Extraction of 5008 Haplotypes complete
Reduced to markers called 30845 / 58763
(Fraction SNP: 0.52490512737607)
Successfully saved to: ./Empirical/Eigenstrat/Reichall/I1662/chr10/
Successfully loaded Data from: ./Empirical/Eigenstrat/Reichall/I1662/chr10/
Loaded Emission Model: haploid
Loaded Transition Model: model
Loaded Post Processing Model: Standard
Minimum Genetic Map: 0.0001
Maximum Genetic Map: 1.8091
Gaps bigger than 0.1 cM: 270
Maximum Gap: 2.0338 cM
Loaded Transition and Emission Matrix:
(3, 3)
(5009, 30845)
Loaded Observations:
(2, 30845)
Memory Usage: 1625.899008 mB
Reference Number: 5008
Total Log likelihood: -12021.088
Memory Usage: 1625.899008 mB
Finished Calculation State Posteriors
Saved Zero State Posterior to ./Empirical/Eigenstrat/Reichall/I1662/chr10/.
Successfully loaded for PP. from ./Empirical/Eigenstrat/Reichall/I1662/chr10/
Fraction Markers in ROH: 0.3415
Merged n=0 gaps < 0.0 M
Called n=5 ROH Blocks > 1.0 cM
Longest Block: 2.100
Successfully saved to ./Empirical/Eigenstrat/Reichall/I1662/chr10/roh.csv
Using Low-Mem Cython Linear Speed Up.
Loaded Pre Processing Model: Eigenstrat
Loading Individual: I1662

Loaded 54833 variants
Loaded 2504 individuals
HDF5 loaded from ./Data/1000Genomes/HDF5/1240kHDF5/all1240/chr11.hdf5
3 Eigenstrat Files with 5081 Individuals and 1233013 SNPs

Intersection on Positions: 54833
Nr of Matching Refs: 54833 / 54833
Full Intersection Ref/Alt Identical: 54796 / 54833
2504 / 2504 Individuals included in Reference
Extraction of 5008 Haplotypes complete
Reduced to markers called 28591 / 54796
(Fraction SNP: 0.5217716621651215)
Successfully saved to: ./Empirical/Eigenstrat/Reichall/I1662/chr11/
Successfully loaded Data from: ./Empirical/Eigenstrat/Reichall/I1662/chr11/
Loaded Emission Model: haploid
Loaded Transition Model: model
Loaded Post Processing Model: Standard
Minimum Genetic Map: 0.0000
Maximum Genetic Map: 1.5822
Gaps bigger than 0.1 cM: 240
Maximum Gap: 0.5679 cM
Loaded Transition and Emission Matrix:
(3, 3)
(5009, 28591)
Loaded Observations:
(2, 28591)
Memory Usage: 1524.363264 mB
Reference Number: 5008
Total Log likelihood: -10631.355
Memory Usage: 1524.363264 mB
Finished Calculation State Posteriors
Saved Zero State Posterior to ./Empirical/Eigenstrat/Reichall/I1662/chr11/.
Successfully loaded for PP. from ./Empirical/Eigenstrat/Reichall/I1662/chr11/
Fraction Markers in ROH: 0.3920
Merged n=0 gaps < 0.0 M
Called n=6 ROH Blocks > 1.0 cM
Longest Block: 1.552
Successfully saved to ./Empirical/Eigenstrat/Reichall/I1662/chr11/roh.csv
Using Low-Mem Cython Linear Speed Up.
Loaded Pre Processing Model: Eigenstrat
Loading Individual: I1662

Loaded 53911 variants
Loaded 2504 individuals
HDF5 loaded from ./Data/1000Genomes/HDF5/1240kHDF5/all1240/chr12.hdf5
3 Eigenstrat Files with 5081 Individuals and 1233013 SNPs

Intersection on Positions: 53911
Nr of Matching Refs: 53911 / 53911
Full Intersection Ref/Alt Identical: 53884 / 53911
2504 / 2504 Individuals included in Reference
Extraction of 5008 Haplotypes complete
Reduced to markers called 27633 / 53884
(Fraction SNP: 0.5128238438126346)
Successfully saved to: ./Empirical/Eigenstrat/Reichall/I1662/chr12/
Successfully loaded Data from: ./Empirical/Eigenstrat/Reichall/I1662/chr12/
Loaded Emission Model: haploid
Loaded Transition Model: model
Loaded Post Processing Model: Standard
Minimum Genetic Map: 0.0009
Maximum Genetic Map: 1.7468
Gaps bigger than 0.1 cM: 283
Maximum Gap: 1.1517 cM
Loaded Transition and Emission Matrix:
(3, 3)
(5009, 27633)
Loaded Observations:
(2, 27633)
Memory Usage: 1480.466432 mB
Reference Number: 5008
Total Log likelihood: -10424.526
Memory Usage: 1480.466432 mB
Finished Calculation State Posteriors
Saved Zero State Posterior to ./Empirical/Eigenstrat/Reichall/I1662/chr12/.
Successfully loaded for PP. from ./Empirical/Eigenstrat/Reichall/I1662/chr12/
Fraction Markers in ROH: 0.3533
Merged n=0 gaps < 0.0 M
Called n=7 ROH Blocks > 1.0 cM
Longest Block: 1.333
Successfully saved to ./Empirical/Eigenstrat/Reichall/I1662/chr12/roh.csv
Using Low-Mem Cython Linear Speed Up.
Loaded Pre Processing Model: Eigenstrat
Loading Individual: I1662

Loaded 39018 variants
Loaded 2504 individuals
HDF5 loaded from ./Data/1000Genomes/HDF5/1240kHDF5/all1240/chr13.hdf5
3 Eigenstrat Files with 5081 Individuals and 1233013 SNPs

Intersection on Positions: 39018
Nr of Matching Refs: 39018 / 39018
Full Intersection Ref/Alt Identical: 38994 / 39018
2504 / 2504 Individuals included in Reference
Extraction of 5008 Haplotypes complete
Reduced to markers called 19321 / 38994
(Fraction SNP: 0.4954864851002718)
Successfully saved to: ./Empirical/Eigenstrat/Reichall/I1662/chr13/
Successfully loaded Data from: ./Empirical/Eigenstrat/Reichall/I1662/chr13/
Loaded Emission Model: haploid
Loaded Transition Model: model
Loaded Post Processing Model: Standard
Minimum Genetic Map: 0.0021
Maximum Genetic Map: 1.2570
Gaps bigger than 0.1 cM: 202
Maximum Gap: 1.2227 cM
Loaded Transition and Emission Matrix:
(3, 3)
(5009, 19321)
Loaded Observations:
(2, 19321)
Memory Usage: 1106.423808 mB
Reference Number: 5008
Total Log likelihood: -7598.123
Memory Usage: 1106.423808 mB
Finished Calculation State Posteriors
Saved Zero State Posterior to ./Empirical/Eigenstrat/Reichall/I1662/chr13/.
Successfully loaded for PP. from ./Empirical/Eigenstrat/Reichall/I1662/chr13/
Fraction Markers in ROH: 0.3124
Merged n=0 gaps < 0.0 M
Called n=2 ROH Blocks > 1.0 cM
Longest Block: 1.134
Successfully saved to ./Empirical/Eigenstrat/Reichall/I1662/chr13/roh.csv
Using Low-Mem Cython Linear Speed Up.
Loaded Pre Processing Model: Eigenstrat
Loading Individual: I1662

Loaded 36301 variants
Loaded 2504 individuals
HDF5 loaded from ./Data/1000Genomes/HDF5/1240kHDF5/all1240/chr14.hdf5
3 Eigenstrat Files with 5081 Individuals and 1233013 SNPs

Intersection on Positions: 36301
Nr of Matching Refs: 36301 / 36301
Full Intersection Ref/Alt Identical: 36280 / 36301
2504 / 2504 Individuals included in Reference
Extraction of 5008 Haplotypes complete
Reduced to markers called 18408 / 36280
(Fraction SNP: 0.5073869900771775)
Successfully saved to: ./Empirical/Eigenstrat/Reichall/I1662/chr14/
Successfully loaded Data from: ./Empirical/Eigenstrat/Reichall/I1662/chr14/
Loaded Emission Model: haploid
Loaded Transition Model: model
Loaded Post Processing Model: Standard
Minimum Genetic Map: 0.0164
Maximum Genetic Map: 1.2020
Gaps bigger than 0.1 cM: 195
Maximum Gap: 3.0853 cM
Loaded Transition and Emission Matrix:
(3, 3)
(5009, 18408)
Loaded Observations:
(2, 18408)
Memory Usage: 1065.381888 mB
Reference Number: 5008
Total Log likelihood: -6788.177
Memory Usage: 1065.381888 mB
Finished Calculation State Posteriors
Saved Zero State Posterior to ./Empirical/Eigenstrat/Reichall/I1662/chr14/.
Successfully loaded for PP. from ./Empirical/Eigenstrat/Reichall/I1662/chr14/
Fraction Markers in ROH: 0.4139
Merged n=0 gaps < 0.0 M
Called n=7 ROH Blocks > 1.0 cM
Longest Block: 2.051
Successfully saved to ./Empirical/Eigenstrat/Reichall/I1662/chr14/roh.csv
Using Low-Mem Cython Linear Speed Up.
Loaded Pre Processing Model: Eigenstrat
Loading Individual: I1662

Loaded 34429 variants
Loaded 2504 individuals
HDF5 loaded from ./Data/1000Genomes/HDF5/1240kHDF5/all1240/chr15.hdf5
3 Eigenstrat Files with 5081 Individuals and 1233013 SNPs

Intersection on Positions: 34429
Nr of Matching Refs: 34429 / 34429
Full Intersection Ref/Alt Identical: 34407 / 34429
2504 / 2504 Individuals included in Reference
Extraction of 5008 Haplotypes complete
Reduced to markers called 18156 / 34407
(Fraction SNP: 0.5276833202545994)
Successfully saved to: ./Empirical/Eigenstrat/Reichall/I1662/chr15/
Successfully loaded Data from: ./Empirical/Eigenstrat/Reichall/I1662/chr15/
Loaded Emission Model: haploid
Loaded Transition Model: model
Loaded Post Processing Model: Standard
Minimum Genetic Map: 0.0002
Maximum Genetic Map: 1.4134
Gaps bigger than 0.1 cM: 202
Maximum Gap: 11.6605 cM
Loaded Transition and Emission Matrix:
(3, 3)
(5009, 18156)
Loaded Observations:
(2, 18156)
Memory Usage: 1054.871552 mB
Reference Number: 5008
Total Log likelihood: -7069.473
Memory Usage: 1054.871552 mB
Finished Calculation State Posteriors
Saved Zero State Posterior to ./Empirical/Eigenstrat/Reichall/I1662/chr15/.
Successfully loaded for PP. from ./Empirical/Eigenstrat/Reichall/I1662/chr15/
Fraction Markers in ROH: 0.3645
Merged n=0 gaps < 0.0 M
Called n=8 ROH Blocks > 1.0 cM
Longest Block: 2.278
Successfully saved to ./Empirical/Eigenstrat/Reichall/I1662/chr15/roh.csv
Using Low-Mem Cython Linear Speed Up.
Loaded Pre Processing Model: Eigenstrat
Loading Individual: I1662

Loaded 34402 variants
Loaded 2504 individuals
HDF5 loaded from ./Data/1000Genomes/HDF5/1240kHDF5/all1240/chr16.hdf5
3 Eigenstrat Files with 5081 Individuals and 1233013 SNPs

Intersection on Positions: 34402
Nr of Matching Refs: 34402 / 34402
Full Intersection Ref/Alt Identical: 34375 / 34402
2504 / 2504 Individuals included in Reference
Extraction of 5008 Haplotypes complete
Reduced to markers called 18602 / 34375
(Fraction SNP: 0.5411490909090909)
Successfully saved to: ./Empirical/Eigenstrat/Reichall/I1662/chr16/
Successfully loaded Data from: ./Empirical/Eigenstrat/Reichall/I1662/chr16/
Loaded Emission Model: haploid
Loaded Transition Model: model
Loaded Post Processing Model: Standard
Minimum Genetic Map: 0.0000
Maximum Genetic Map: 1.3403
Gaps bigger than 0.1 cM: 224
Maximum Gap: 0.8479 cM
Loaded Transition and Emission Matrix:
(3, 3)
(5009, 18602)
Loaded Observations:
(2, 18602)
Memory Usage: 1074.778112 mB
Reference Number: 5008
Total Log likelihood: -6738.371
Memory Usage: 1074.778112 mB
Finished Calculation State Posteriors
Saved Zero State Posterior to ./Empirical/Eigenstrat/Reichall/I1662/chr16/.
Successfully loaded for PP. from ./Empirical/Eigenstrat/Reichall/I1662/chr16/
Fraction Markers in ROH: 0.4405
Merged n=0 gaps < 0.0 M
Called n=8 ROH Blocks > 1.0 cM
Longest Block: 2.160
Successfully saved to ./Empirical/Eigenstrat/Reichall/I1662/chr16/roh.csv
Using Low-Mem Cython Linear Speed Up.
Loaded Pre Processing Model: Eigenstrat
Loading Individual: I1662

Loaded 29314 variants
Loaded 2504 individuals
HDF5 loaded from ./Data/1000Genomes/HDF5/1240kHDF5/all1240/chr17.hdf5
3 Eigenstrat Files with 5081 Individuals and 1233013 SNPs

Intersection on Positions: 29314
Nr of Matching Refs: 29314 / 29314
Full Intersection Ref/Alt Identical: 29292 / 29314
2504 / 2504 Individuals included in Reference
Extraction of 5008 Haplotypes complete
Reduced to markers called 16062 / 29292
(Fraction SNP: 0.5483408439164277)
Successfully saved to: ./Empirical/Eigenstrat/Reichall/I1662/chr17/
Successfully loaded Data from: ./Empirical/Eigenstrat/Reichall/I1662/chr17/
Loaded Emission Model: haploid
Loaded Transition Model: model
Loaded Post Processing Model: Standard
Minimum Genetic Map: -0.0003
Maximum Genetic Map: 1.2846
Gaps bigger than 0.1 cM: 228
Maximum Gap: 1.4231 cM
Loaded Transition and Emission Matrix:
(3, 3)
(5009, 16062)
Loaded Observations:
(2, 16062)
Memory Usage: 960.024576 mB
Reference Number: 5008
Total Log likelihood: -6163.254
Memory Usage: 960.024576 mB
Finished Calculation State Posteriors
Saved Zero State Posterior to ./Empirical/Eigenstrat/Reichall/I1662/chr17/.
Successfully loaded for PP. from ./Empirical/Eigenstrat/Reichall/I1662/chr17/
Fraction Markers in ROH: 0.3820
Merged n=0 gaps < 0.0 M
Called n=5 ROH Blocks > 1.0 cM
Longest Block: 2.327
Successfully saved to ./Empirical/Eigenstrat/Reichall/I1662/chr17/roh.csv
Using Low-Mem Cython Linear Speed Up.
Loaded Pre Processing Model: Eigenstrat
Loading Individual: I1662

Loaded 33917 variants
Loaded 2504 individuals
HDF5 loaded from ./Data/1000Genomes/HDF5/1240kHDF5/all1240/chr18.hdf5
3 Eigenstrat Files with 5081 Individuals and 1233013 SNPs

Intersection on Positions: 33917
Nr of Matching Refs: 33917 / 33917
Full Intersection Ref/Alt Identical: 33902 / 33917
2504 / 2504 Individuals included in Reference
Extraction of 5008 Haplotypes complete
Reduced to markers called 17285 / 33902
(Fraction SNP: 0.5098519261400507)
Successfully saved to: ./Empirical/Eigenstrat/Reichall/I1662/chr18/
Successfully loaded Data from: ./Empirical/Eigenstrat/Reichall/I1662/chr18/
Loaded Emission Model: haploid
Loaded Transition Model: model
Loaded Post Processing Model: Standard
Minimum Genetic Map: 0.0025
Maximum Genetic Map: 1.1771
Gaps bigger than 0.1 cM: 209
Maximum Gap: 0.4864 cM
Loaded Transition and Emission Matrix:
(3, 3)
(5009, 17285)
Loaded Observations:
(2, 17285)
Memory Usage: 1014.935552 mB
Reference Number: 5008
Total Log likelihood: -6629.152
Memory Usage: 1014.935552 mB
Finished Calculation State Posteriors
Saved Zero State Posterior to ./Empirical/Eigenstrat/Reichall/I1662/chr18/.
Successfully loaded for PP. from ./Empirical/Eigenstrat/Reichall/I1662/chr18/
Fraction Markers in ROH: 0.3778
Merged n=0 gaps < 0.0 M
Called n=7 ROH Blocks > 1.0 cM
Longest Block: 1.485
Successfully saved to ./Empirical/Eigenstrat/Reichall/I1662/chr18/roh.csv
Using Low-Mem Cython Linear Speed Up.
Loaded Pre Processing Model: Eigenstrat
Loading Individual: I1662

Loaded 18460 variants
Loaded 2504 individuals
HDF5 loaded from ./Data/1000Genomes/HDF5/1240kHDF5/all1240/chr19.hdf5
3 Eigenstrat Files with 5081 Individuals and 1233013 SNPs

Intersection on Positions: 18460
Nr of Matching Refs: 18460 / 18460
Full Intersection Ref/Alt Identical: 18441 / 18460
2504 / 2504 Individuals included in Reference
Extraction of 5008 Haplotypes complete
Reduced to markers called 10132 / 18441
(Fraction SNP: 0.5494279052112141)
Successfully saved to: ./Empirical/Eigenstrat/Reichall/I1662/chr19/
Successfully loaded Data from: ./Empirical/Eigenstrat/Reichall/I1662/chr19/
Loaded Emission Model: haploid
Loaded Transition Model: model
Loaded Post Processing Model: Standard
Minimum Genetic Map: 0.0000
Maximum Genetic Map: 1.0773
Gaps bigger than 0.1 cM: 213
Maximum Gap: 0.6167 cM
Loaded Transition and Emission Matrix:
(3, 3)
(5009, 10132)
Loaded Observations:
(2, 10132)
Memory Usage: 695.181312 mB
Reference Number: 5008
Total Log likelihood: -4116.301
Memory Usage: 695.181312 mB
Finished Calculation State Posteriors
Saved Zero State Posterior to ./Empirical/Eigenstrat/Reichall/I1662/chr19/.
Successfully loaded for PP. from ./Empirical/Eigenstrat/Reichall/I1662/chr19/
Fraction Markers in ROH: 0.3728
Merged n=0 gaps < 0.0 M
Called n=7 ROH Blocks > 1.0 cM
Longest Block: 2.265
Successfully saved to ./Empirical/Eigenstrat/Reichall/I1662/chr19/roh.csv
Using Low-Mem Cython Linear Speed Up.
Loaded Pre Processing Model: Eigenstrat
Loading Individual: I1662

Loaded 29078 variants
Loaded 2504 individuals
HDF5 loaded from ./Data/1000Genomes/HDF5/1240kHDF5/all1240/chr20.hdf5
3 Eigenstrat Files with 5081 Individuals and 1233013 SNPs

Intersection on Positions: 29078
Nr of Matching Refs: 29078 / 29078
Full Intersection Ref/Alt Identical: 29053 / 29078
2504 / 2504 Individuals included in Reference
Extraction of 5008 Haplotypes complete
Reduced to markers called 15961 / 29053
(Fraction SNP: 0.5493752796613086)
Successfully saved to: ./Empirical/Eigenstrat/Reichall/I1662/chr20/
Successfully loaded Data from: ./Empirical/Eigenstrat/Reichall/I1662/chr20/
Loaded Emission Model: haploid
Loaded Transition Model: model
Loaded Post Processing Model: Standard
Minimum Genetic Map: 0.0006
Maximum Genetic Map: 1.0821
Gaps bigger than 0.1 cM: 187
Maximum Gap: 1.0956 cM
Loaded Transition and Emission Matrix:
(3, 3)
(5009, 15961)
Loaded Observations:
(2, 15961)
Memory Usage: 958.480384 mB
Reference Number: 5008
Total Log likelihood: -5799.258
Memory Usage: 958.480384 mB
Finished Calculation State Posteriors
Saved Zero State Posterior to ./Empirical/Eigenstrat/Reichall/I1662/chr20/.
Successfully loaded for PP. from ./Empirical/Eigenstrat/Reichall/I1662/chr20/
Fraction Markers in ROH: 0.3873
Merged n=0 gaps < 0.0 M
Called n=7 ROH Blocks > 1.0 cM
Longest Block: 2.197
Successfully saved to ./Empirical/Eigenstrat/Reichall/I1662/chr20/roh.csv
Using Low-Mem Cython Linear Speed Up.
Loaded Pre Processing Model: Eigenstrat
Loading Individual: I1662

Loaded 16038 variants
Loaded 2504 individuals
HDF5 loaded from ./Data/1000Genomes/HDF5/1240kHDF5/all1240/chr21.hdf5
3 Eigenstrat Files with 5081 Individuals and 1233013 SNPs

Intersection on Positions: 16038
Nr of Matching Refs: 16038 / 16038
Full Intersection Ref/Alt Identical: 16031 / 16038
2504 / 2504 Individuals included in Reference
Extraction of 5008 Haplotypes complete
Reduced to markers called 8242 / 16031
(Fraction SNP: 0.5141288753040983)
Successfully saved to: ./Empirical/Eigenstrat/Reichall/I1662/chr21/
Successfully loaded Data from: ./Empirical/Eigenstrat/Reichall/I1662/chr21/
Loaded Emission Model: haploid
Loaded Transition Model: model
Loaded Post Processing Model: Standard
Minimum Genetic Map: 0.0087
Maximum Genetic Map: 0.6279
Gaps bigger than 0.1 cM: 114
Maximum Gap: 0.5210 cM
Loaded Transition and Emission Matrix:
(3, 3)
(5009, 8242)
Loaded Observations:
(2, 8242)
Memory Usage: 610.021376 mB
Reference Number: 5008
Total Log likelihood: -3266.330
Memory Usage: 610.021376 mB
Finished Calculation State Posteriors
Saved Zero State Posterior to ./Empirical/Eigenstrat/Reichall/I1662/chr21/.
Successfully loaded for PP. from ./Empirical/Eigenstrat/Reichall/I1662/chr21/
Fraction Markers in ROH: 0.3174
Merged n=0 gaps < 0.0 M
Called n=2 ROH Blocks > 1.0 cM
Longest Block: 1.902
Successfully saved to ./Empirical/Eigenstrat/Reichall/I1662/chr21/roh.csv
Using Low-Mem Cython Linear Speed Up.
Loaded Pre Processing Model: Eigenstrat
Loading Individual: I1662

Loaded 15802 variants
Loaded 2504 individuals
HDF5 loaded from ./Data/1000Genomes/HDF5/1240kHDF5/all1240/chr22.hdf5
3 Eigenstrat Files with 5081 Individuals and 1233013 SNPs

Intersection on Positions: 15802
Nr of Matching Refs: 15802 / 15802
Full Intersection Ref/Alt Identical: 15793 / 15802
2504 / 2504 Individuals included in Reference
Extraction of 5008 Haplotypes complete
Reduced to markers called 9044 / 15793
(Fraction SNP: 0.5726587728740581)
Successfully saved to: ./Empirical/Eigenstrat/Reichall/I1662/chr22/
Successfully loaded Data from: ./Empirical/Eigenstrat/Reichall/I1662/chr22/
Loaded Emission Model: haploid
Loaded Transition Model: model
Loaded Post Processing Model: Standard
Minimum Genetic Map: 0.0171
Maximum Genetic Map: 0.7408
Gaps bigger than 0.1 cM: 116
Maximum Gap: 1.6949 cM
Loaded Transition and Emission Matrix:
(3, 3)
(5009, 9044)
Loaded Observations:
(2, 9044)
Memory Usage: 646.742016 mB
Reference Number: 5008
Total Log likelihood: -3387.394
Memory Usage: 646.742016 mB
Finished Calculation State Posteriors
Saved Zero State Posterior to ./Empirical/Eigenstrat/Reichall/I1662/chr22/.
Successfully loaded for PP. from ./Empirical/Eigenstrat/Reichall/I1662/chr22/
Fraction Markers in ROH: 0.4009
Merged n=0 gaps < 0.0 M
Called n=7 ROH Blocks > 1.0 cM
Longest Block: 1.936
Successfully saved to ./Empirical/Eigenstrat/Reichall/I1662/chr22/roh.csv
