Loaded 2106 / 5081 ancient Indivdiuals Anno File.
Doing Individual I2445...
Using Low-Mem Cython Linear Speed Up.
Loaded Pre Processing Model: Eigenstrat
Loading Individual: I2445

Loaded 89147 variants
Loaded 2504 individuals
HDF5 loaded from ./Data/1000Genomes/HDF5/1240kHDF5/all1240/chr1.hdf5
3 Eigenstrat Files with 5081 Individuals and 1233013 SNPs

Intersection on Positions: 89147
Nr of Matching Refs: 89147 / 89147
Full Intersection Ref/Alt Identical: 89082 / 89147
2504 / 2504 Individuals included in Reference
Extraction of 5008 Haplotypes complete
Reduced to markers called 66261 / 89082
(Fraction SNP: 0.7438203003973867)
Successfully saved to: ./Empirical/Eigenstrat/Reichall/I2445/chr1/
Successfully loaded Data from: ./Empirical/Eigenstrat/Reichall/I2445/chr1/
Loaded Emission Model: haploid
Loaded Transition Model: model
Loaded Post Processing Model: Standard
Minimum Genetic Map: 0.0201
Maximum Genetic Map: 2.8627
Gaps bigger than 0.1 cM: 315
Maximum Gap: 2.9229 cM
Loaded Transition and Emission Matrix:
(3, 3)
(5009, 66261)
Loaded Observations:
(2, 66261)
Memory Usage: 3181.498368 mB
Reference Number: 5008
Total Log likelihood: -23372.631
Memory Usage: 3181.961216 mB
Finished Calculation State Posteriors
Saved Zero State Posterior to ./Empirical/Eigenstrat/Reichall/I2445/chr1/.
Successfully loaded for PP. from ./Empirical/Eigenstrat/Reichall/I2445/chr1/
Fraction Markers in ROH: 0.3954
Merged n=0 gaps < 0.0 M
Called n=8 ROH Blocks > 1.0 cM
Longest Block: 2.182
Successfully saved to ./Empirical/Eigenstrat/Reichall/I2445/chr1/roh.csv
Using Low-Mem Cython Linear Speed Up.
Loaded Pre Processing Model: Eigenstrat
Loading Individual: I2445

Loaded 94239 variants
Loaded 2504 individuals
HDF5 loaded from ./Data/1000Genomes/HDF5/1240kHDF5/all1240/chr2.hdf5
3 Eigenstrat Files with 5081 Individuals and 1233013 SNPs

Intersection on Positions: 94239
Nr of Matching Refs: 94239 / 94239
Full Intersection Ref/Alt Identical: 94173 / 94239
2504 / 2504 Individuals included in Reference
Extraction of 5008 Haplotypes complete
Reduced to markers called 67424 / 94173
(Fraction SNP: 0.7159589266562603)
Successfully saved to: ./Empirical/Eigenstrat/Reichall/I2445/chr2/
Successfully loaded Data from: ./Empirical/Eigenstrat/Reichall/I2445/chr2/
Loaded Emission Model: haploid
Loaded Transition Model: model
Loaded Post Processing Model: Standard
Minimum Genetic Map: 0.0001
Maximum Genetic Map: 2.6883
Gaps bigger than 0.1 cM: 295
Maximum Gap: 1.8310 cM
Loaded Transition and Emission Matrix:
(3, 3)
(5009, 67424)
Loaded Observations:
(2, 67424)
Memory Usage: 3273.580544 mB
Reference Number: 5008
Total Log likelihood: -24693.727
Memory Usage: 3273.580544 mB
Finished Calculation State Posteriors
Saved Zero State Posterior to ./Empirical/Eigenstrat/Reichall/I2445/chr2/.
Successfully loaded for PP. from ./Empirical/Eigenstrat/Reichall/I2445/chr2/
Fraction Markers in ROH: 0.3828
Merged n=0 gaps < 0.0 M
Called n=10 ROH Blocks > 1.0 cM
Longest Block: 1.772
Successfully saved to ./Empirical/Eigenstrat/Reichall/I2445/chr2/roh.csv
Using Low-Mem Cython Linear Speed Up.
Loaded Pre Processing Model: Eigenstrat
Loading Individual: I2445

Loaded 77652 variants
Loaded 2504 individuals
HDF5 loaded from ./Data/1000Genomes/HDF5/1240kHDF5/all1240/chr3.hdf5
3 Eigenstrat Files with 5081 Individuals and 1233013 SNPs

Intersection on Positions: 77652
Nr of Matching Refs: 77652 / 77652
Full Intersection Ref/Alt Identical: 77601 / 77652
2504 / 2504 Individuals included in Reference
Extraction of 5008 Haplotypes complete
Reduced to markers called 54839 / 77601
(Fraction SNP: 0.7066790376412675)
Successfully saved to: ./Empirical/Eigenstrat/Reichall/I2445/chr3/
Successfully loaded Data from: ./Empirical/Eigenstrat/Reichall/I2445/chr3/
Loaded Emission Model: haploid
Loaded Transition Model: model
Loaded Post Processing Model: Standard
Minimum Genetic Map: 0.0000
Maximum Genetic Map: 2.2325
Gaps bigger than 0.1 cM: 271
Maximum Gap: 0.3297 cM
Loaded Transition and Emission Matrix:
(3, 3)
(5009, 54839)
Loaded Observations:
(2, 54839)
Memory Usage: 2706.087936 mB
Reference Number: 5008
Total Log likelihood: -20011.543
Memory Usage: 2706.087936 mB
Finished Calculation State Posteriors
Saved Zero State Posterior to ./Empirical/Eigenstrat/Reichall/I2445/chr3/.
Successfully loaded for PP. from ./Empirical/Eigenstrat/Reichall/I2445/chr3/
Fraction Markers in ROH: 0.4076
Merged n=0 gaps < 0.0 M
Called n=7 ROH Blocks > 1.0 cM
Longest Block: 1.423
Successfully saved to ./Empirical/Eigenstrat/Reichall/I2445/chr3/roh.csv
Using Low-Mem Cython Linear Speed Up.
Loaded Pre Processing Model: Eigenstrat
Loading Individual: I2445

Loaded 68759 variants
Loaded 2504 individuals
HDF5 loaded from ./Data/1000Genomes/HDF5/1240kHDF5/all1240/chr4.hdf5
3 Eigenstrat Files with 5081 Individuals and 1233013 SNPs

Intersection on Positions: 68759
Nr of Matching Refs: 68759 / 68759
Full Intersection Ref/Alt Identical: 68720 / 68759
2504 / 2504 Individuals included in Reference
Extraction of 5008 Haplotypes complete
Reduced to markers called 45512 / 68720
(Fraction SNP: 0.6622817229336437)
Successfully saved to: ./Empirical/Eigenstrat/Reichall/I2445/chr4/
Successfully loaded Data from: ./Empirical/Eigenstrat/Reichall/I2445/chr4/
Loaded Emission Model: haploid
Loaded Transition Model: model
Loaded Post Processing Model: Standard
Minimum Genetic Map: 0.0034
Maximum Genetic Map: 2.1454
Gaps bigger than 0.1 cM: 253
Maximum Gap: 2.0523 cM
Loaded Transition and Emission Matrix:
(3, 3)
(5009, 45512)
Loaded Observations:
(2, 45512)
Memory Usage: 2285.293568 mB
Reference Number: 5008
Total Log likelihood: -16518.118
Memory Usage: 2285.293568 mB
Finished Calculation State Posteriors
Saved Zero State Posterior to ./Empirical/Eigenstrat/Reichall/I2445/chr4/.
Successfully loaded for PP. from ./Empirical/Eigenstrat/Reichall/I2445/chr4/
Fraction Markers in ROH: 0.3913
Merged n=0 gaps < 0.0 M
Called n=10 ROH Blocks > 1.0 cM
Longest Block: 1.822
Successfully saved to ./Empirical/Eigenstrat/Reichall/I2445/chr4/roh.csv
Using Low-Mem Cython Linear Speed Up.
Loaded Pre Processing Model: Eigenstrat
Loading Individual: I2445

Loaded 69399 variants
Loaded 2504 individuals
HDF5 loaded from ./Data/1000Genomes/HDF5/1240kHDF5/all1240/chr5.hdf5
3 Eigenstrat Files with 5081 Individuals and 1233013 SNPs

Intersection on Positions: 69399
Nr of Matching Refs: 69399 / 69399
Full Intersection Ref/Alt Identical: 69354 / 69399
2504 / 2504 Individuals included in Reference
Extraction of 5008 Haplotypes complete
Reduced to markers called 49034 / 69354
(Fraction SNP: 0.7070104103584508)
Successfully saved to: ./Empirical/Eigenstrat/Reichall/I2445/chr5/
Successfully loaded Data from: ./Empirical/Eigenstrat/Reichall/I2445/chr5/
Loaded Emission Model: haploid
Loaded Transition Model: model
Loaded Post Processing Model: Standard
Minimum Genetic Map: 0.0004
Maximum Genetic Map: 2.0409
Gaps bigger than 0.1 cM: 259
Maximum Gap: 1.1070 cM
Loaded Transition and Emission Matrix:
(3, 3)
(5009, 49034)
Loaded Observations:
(2, 49034)
Memory Usage: 2444.500992 mB
Reference Number: 5008
Total Log likelihood: -17075.385
Memory Usage: 2444.500992 mB
Finished Calculation State Posteriors
Saved Zero State Posterior to ./Empirical/Eigenstrat/Reichall/I2445/chr5/.
Successfully loaded for PP. from ./Empirical/Eigenstrat/Reichall/I2445/chr5/
Fraction Markers in ROH: 0.4356
Merged n=0 gaps < 0.0 M
Called n=7 ROH Blocks > 1.0 cM
Longest Block: 1.840
Successfully saved to ./Empirical/Eigenstrat/Reichall/I2445/chr5/roh.csv
Using Low-Mem Cython Linear Speed Up.
Loaded Pre Processing Model: Eigenstrat
Loading Individual: I2445

Loaded 75870 variants
Loaded 2504 individuals
HDF5 loaded from ./Data/1000Genomes/HDF5/1240kHDF5/all1240/chr6.hdf5
3 Eigenstrat Files with 5081 Individuals and 1233013 SNPs

Intersection on Positions: 75870
Nr of Matching Refs: 75870 / 75870
Full Intersection Ref/Alt Identical: 75816 / 75870
2504 / 2504 Individuals included in Reference
Extraction of 5008 Haplotypes complete
Reduced to markers called 53556 / 75816
(Fraction SNP: 0.7063944286166508)
Successfully saved to: ./Empirical/Eigenstrat/Reichall/I2445/chr6/
Successfully loaded Data from: ./Empirical/Eigenstrat/Reichall/I2445/chr6/
Loaded Emission Model: haploid
Loaded Transition Model: model
Loaded Post Processing Model: Standard
Minimum Genetic Map: 0.0035
Maximum Genetic Map: 1.9203
Gaps bigger than 0.1 cM: 211
Maximum Gap: 0.5076 cM
Loaded Transition and Emission Matrix:
(3, 3)
(5009, 53556)
Loaded Observations:
(2, 53556)
Memory Usage: 2648.51456 mB
Reference Number: 5008
Total Log likelihood: -18316.755
Memory Usage: 2648.51456 mB
Finished Calculation State Posteriors
Saved Zero State Posterior to ./Empirical/Eigenstrat/Reichall/I2445/chr6/.
Successfully loaded for PP. from ./Empirical/Eigenstrat/Reichall/I2445/chr6/
Fraction Markers in ROH: 0.4245
Merged n=0 gaps < 0.0 M
Called n=8 ROH Blocks > 1.0 cM
Longest Block: 1.754
Successfully saved to ./Empirical/Eigenstrat/Reichall/I2445/chr6/roh.csv
Using Low-Mem Cython Linear Speed Up.
Loaded Pre Processing Model: Eigenstrat
Loading Individual: I2445

Loaded 59890 variants
Loaded 2504 individuals
HDF5 loaded from ./Data/1000Genomes/HDF5/1240kHDF5/all1240/chr7.hdf5
3 Eigenstrat Files with 5081 Individuals and 1233013 SNPs

Intersection on Positions: 59890
Nr of Matching Refs: 59890 / 59890
Full Intersection Ref/Alt Identical: 59836 / 59890
2504 / 2504 Individuals included in Reference
Extraction of 5008 Haplotypes complete
Reduced to markers called 41955 / 59836
(Fraction SNP: 0.7011665218263253)
Successfully saved to: ./Empirical/Eigenstrat/Reichall/I2445/chr7/
Successfully loaded Data from: ./Empirical/Eigenstrat/Reichall/I2445/chr7/
Loaded Emission Model: haploid
Loaded Transition Model: model
Loaded Post Processing Model: Standard
Minimum Genetic Map: 0.0000
Maximum Genetic Map: 1.8715
Gaps bigger than 0.1 cM: 245
Maximum Gap: 0.8416 cM
Loaded Transition and Emission Matrix:
(3, 3)
(5009, 41955)
Loaded Observations:
(2, 41955)
Memory Usage: 2125.299712 mB
Reference Number: 5008
Total Log likelihood: -15287.454
Memory Usage: 2125.299712 mB
Finished Calculation State Posteriors
Saved Zero State Posterior to ./Empirical/Eigenstrat/Reichall/I2445/chr7/.
Successfully loaded for PP. from ./Empirical/Eigenstrat/Reichall/I2445/chr7/
Fraction Markers in ROH: 0.3897
Merged n=0 gaps < 0.0 M
Called n=3 ROH Blocks > 1.0 cM
Longest Block: 1.505
Successfully saved to ./Empirical/Eigenstrat/Reichall/I2445/chr7/roh.csv
Using Low-Mem Cython Linear Speed Up.
Loaded Pre Processing Model: Eigenstrat
Loading Individual: I2445

Loaded 61133 variants
Loaded 2504 individuals
HDF5 loaded from ./Data/1000Genomes/HDF5/1240kHDF5/all1240/chr8.hdf5
3 Eigenstrat Files with 5081 Individuals and 1233013 SNPs

Intersection on Positions: 61133
Nr of Matching Refs: 61133 / 61133
Full Intersection Ref/Alt Identical: 61091 / 61133
2504 / 2504 Individuals included in Reference
Extraction of 5008 Haplotypes complete
Reduced to markers called 43691 / 61091
(Fraction SNP: 0.7151789952693522)
Successfully saved to: ./Empirical/Eigenstrat/Reichall/I2445/chr8/
Successfully loaded Data from: ./Empirical/Eigenstrat/Reichall/I2445/chr8/
Loaded Emission Model: haploid
Loaded Transition Model: model
Loaded Post Processing Model: Standard
Minimum Genetic Map: 0.0000
Maximum Genetic Map: 1.6800
Gaps bigger than 0.1 cM: 172
Maximum Gap: 1.8932 cM
Loaded Transition and Emission Matrix:
(3, 3)
(5009, 43691)
Loaded Observations:
(2, 43691)
Memory Usage: 2203.820032 mB
Reference Number: 5008
Total Log likelihood: -15879.886
Memory Usage: 2203.820032 mB
Finished Calculation State Posteriors
Saved Zero State Posterior to ./Empirical/Eigenstrat/Reichall/I2445/chr8/.
Successfully loaded for PP. from ./Empirical/Eigenstrat/Reichall/I2445/chr8/
Fraction Markers in ROH: 0.3918
Merged n=0 gaps < 0.0 M
Called n=4 ROH Blocks > 1.0 cM
Longest Block: 1.752
Successfully saved to ./Empirical/Eigenstrat/Reichall/I2445/chr8/roh.csv
Using Low-Mem Cython Linear Speed Up.
Loaded Pre Processing Model: Eigenstrat
Loading Individual: I2445

Loaded 50668 variants
Loaded 2504 individuals
HDF5 loaded from ./Data/1000Genomes/HDF5/1240kHDF5/all1240/chr9.hdf5
3 Eigenstrat Files with 5081 Individuals and 1233013 SNPs

Intersection on Positions: 50668
Nr of Matching Refs: 50668 / 50668
Full Intersection Ref/Alt Identical: 50629 / 50668
2504 / 2504 Individuals included in Reference
Extraction of 5008 Haplotypes complete
Reduced to markers called 36858 / 50629
(Fraction SNP: 0.7280017381342708)
Successfully saved to: ./Empirical/Eigenstrat/Reichall/I2445/chr9/
Successfully loaded Data from: ./Empirical/Eigenstrat/Reichall/I2445/chr9/
Loaded Emission Model: haploid
Loaded Transition Model: model
Loaded Post Processing Model: Standard
Minimum Genetic Map: 0.0016
Maximum Genetic Map: 1.6630
Gaps bigger than 0.1 cM: 226
Maximum Gap: 1.8819 cM
Loaded Transition and Emission Matrix:
(3, 3)
(5009, 36858)
Loaded Observations:
(2, 36858)
Memory Usage: 1896.398848 mB
Reference Number: 5008
Total Log likelihood: -13666.634
Memory Usage: 1896.398848 mB
Finished Calculation State Posteriors
Saved Zero State Posterior to ./Empirical/Eigenstrat/Reichall/I2445/chr9/.
Successfully loaded for PP. from ./Empirical/Eigenstrat/Reichall/I2445/chr9/
Fraction Markers in ROH: 0.3766
Merged n=0 gaps < 0.0 M
Called n=6 ROH Blocks > 1.0 cM
Longest Block: 1.529
Successfully saved to ./Empirical/Eigenstrat/Reichall/I2445/chr9/roh.csv
Using Low-Mem Cython Linear Speed Up.
Loaded Pre Processing Model: Eigenstrat
Loading Individual: I2445

Loaded 58804 variants
Loaded 2504 individuals
HDF5 loaded from ./Data/1000Genomes/HDF5/1240kHDF5/all1240/chr10.hdf5
3 Eigenstrat Files with 5081 Individuals and 1233013 SNPs

Intersection on Positions: 58804
Nr of Matching Refs: 58804 / 58804
Full Intersection Ref/Alt Identical: 58763 / 58804
2504 / 2504 Individuals included in Reference
Extraction of 5008 Haplotypes complete
Reduced to markers called 43669 / 58763
(Fraction SNP: 0.7431376886816534)
Successfully saved to: ./Empirical/Eigenstrat/Reichall/I2445/chr10/
Successfully loaded Data from: ./Empirical/Eigenstrat/Reichall/I2445/chr10/
Loaded Emission Model: haploid
Loaded Transition Model: model
Loaded Post Processing Model: Standard
Minimum Genetic Map: 0.0001
Maximum Genetic Map: 1.8092
Gaps bigger than 0.1 cM: 210
Maximum Gap: 2.0338 cM
Loaded Transition and Emission Matrix:
(3, 3)
(5009, 43669)
Loaded Observations:
(2, 43669)
Memory Usage: 2203.713536 mB
Reference Number: 5008
Total Log likelihood: -15480.637
Memory Usage: 2203.713536 mB
Finished Calculation State Posteriors
Saved Zero State Posterior to ./Empirical/Eigenstrat/Reichall/I2445/chr10/.
Successfully loaded for PP. from ./Empirical/Eigenstrat/Reichall/I2445/chr10/
Fraction Markers in ROH: 0.4205
Merged n=0 gaps < 0.0 M
Called n=6 ROH Blocks > 1.0 cM
Longest Block: 1.940
Successfully saved to ./Empirical/Eigenstrat/Reichall/I2445/chr10/roh.csv
Using Low-Mem Cython Linear Speed Up.
Loaded Pre Processing Model: Eigenstrat
Loading Individual: I2445

Loaded 54833 variants
Loaded 2504 individuals
HDF5 loaded from ./Data/1000Genomes/HDF5/1240kHDF5/all1240/chr11.hdf5
3 Eigenstrat Files with 5081 Individuals and 1233013 SNPs

Intersection on Positions: 54833
Nr of Matching Refs: 54833 / 54833
Full Intersection Ref/Alt Identical: 54796 / 54833
2504 / 2504 Individuals included in Reference
Extraction of 5008 Haplotypes complete
Reduced to markers called 40346 / 54796
(Fraction SNP: 0.7362946200452588)
Successfully saved to: ./Empirical/Eigenstrat/Reichall/I2445/chr11/
Successfully loaded Data from: ./Empirical/Eigenstrat/Reichall/I2445/chr11/
Loaded Emission Model: haploid
Loaded Transition Model: model
Loaded Post Processing Model: Standard
Minimum Genetic Map: 0.0000
Maximum Genetic Map: 1.5822
Gaps bigger than 0.1 cM: 185
Maximum Gap: 0.5279 cM
Loaded Transition and Emission Matrix:
(3, 3)
(5009, 40346)
Loaded Observations:
(2, 40346)
Memory Usage: 2053.984256 mB
Reference Number: 5008
Total Log likelihood: -14747.815
Memory Usage: 2053.984256 mB
Finished Calculation State Posteriors
Saved Zero State Posterior to ./Empirical/Eigenstrat/Reichall/I2445/chr11/.
Successfully loaded for PP. from ./Empirical/Eigenstrat/Reichall/I2445/chr11/
Fraction Markers in ROH: 0.3814
Merged n=0 gaps < 0.0 M
Called n=3 ROH Blocks > 1.0 cM
Longest Block: 1.534
Successfully saved to ./Empirical/Eigenstrat/Reichall/I2445/chr11/roh.csv
Using Low-Mem Cython Linear Speed Up.
Loaded Pre Processing Model: Eigenstrat
Loading Individual: I2445

Loaded 53911 variants
Loaded 2504 individuals
HDF5 loaded from ./Data/1000Genomes/HDF5/1240kHDF5/all1240/chr12.hdf5
3 Eigenstrat Files with 5081 Individuals and 1233013 SNPs

Intersection on Positions: 53911
Nr of Matching Refs: 53911 / 53911
Full Intersection Ref/Alt Identical: 53884 / 53911
2504 / 2504 Individuals included in Reference
Extraction of 5008 Haplotypes complete
Reduced to markers called 38719 / 53884
(Fraction SNP: 0.7185620963551332)
Successfully saved to: ./Empirical/Eigenstrat/Reichall/I2445/chr12/
Successfully loaded Data from: ./Empirical/Eigenstrat/Reichall/I2445/chr12/
Loaded Emission Model: haploid
Loaded Transition Model: model
Loaded Post Processing Model: Standard
Minimum Genetic Map: 0.0009
Maximum Genetic Map: 1.7468
Gaps bigger than 0.1 cM: 211
Maximum Gap: 0.8015 cM
Loaded Transition and Emission Matrix:
(3, 3)
(5009, 38719)
Loaded Observations:
(2, 38719)
Memory Usage: 1980.182528 mB
Reference Number: 5008
Total Log likelihood: -14200.180
Memory Usage: 1980.182528 mB
Finished Calculation State Posteriors
Saved Zero State Posterior to ./Empirical/Eigenstrat/Reichall/I2445/chr12/.
Successfully loaded for PP. from ./Empirical/Eigenstrat/Reichall/I2445/chr12/
Fraction Markers in ROH: 0.3982
Merged n=0 gaps < 0.0 M
Called n=6 ROH Blocks > 1.0 cM
Longest Block: 1.710
Successfully saved to ./Empirical/Eigenstrat/Reichall/I2445/chr12/roh.csv
Using Low-Mem Cython Linear Speed Up.
Loaded Pre Processing Model: Eigenstrat
Loading Individual: I2445

Loaded 39018 variants
Loaded 2504 individuals
HDF5 loaded from ./Data/1000Genomes/HDF5/1240kHDF5/all1240/chr13.hdf5
3 Eigenstrat Files with 5081 Individuals and 1233013 SNPs

Intersection on Positions: 39018
Nr of Matching Refs: 39018 / 39018
Full Intersection Ref/Alt Identical: 38994 / 39018
2504 / 2504 Individuals included in Reference
Extraction of 5008 Haplotypes complete
Reduced to markers called 26393 / 38994
(Fraction SNP: 0.6768477201620762)
Successfully saved to: ./Empirical/Eigenstrat/Reichall/I2445/chr13/
Successfully loaded Data from: ./Empirical/Eigenstrat/Reichall/I2445/chr13/
Loaded Emission Model: haploid
Loaded Transition Model: model
Loaded Post Processing Model: Standard
Minimum Genetic Map: 0.0019
Maximum Genetic Map: 1.2570
Gaps bigger than 0.1 cM: 177
Maximum Gap: 1.2216 cM
Loaded Transition and Emission Matrix:
(3, 3)
(5009, 26393)
Loaded Observations:
(2, 26393)
Memory Usage: 1424.941056 mB
Reference Number: 5008
Total Log likelihood: -9068.859
Memory Usage: 1424.941056 mB
Finished Calculation State Posteriors
Saved Zero State Posterior to ./Empirical/Eigenstrat/Reichall/I2445/chr13/.
Successfully loaded for PP. from ./Empirical/Eigenstrat/Reichall/I2445/chr13/
Fraction Markers in ROH: 0.4540
Merged n=0 gaps < 0.0 M
Called n=13 ROH Blocks > 1.0 cM
Longest Block: 1.935
Successfully saved to ./Empirical/Eigenstrat/Reichall/I2445/chr13/roh.csv
Using Low-Mem Cython Linear Speed Up.
Loaded Pre Processing Model: Eigenstrat
Loading Individual: I2445

Loaded 36301 variants
Loaded 2504 individuals
HDF5 loaded from ./Data/1000Genomes/HDF5/1240kHDF5/all1240/chr14.hdf5
3 Eigenstrat Files with 5081 Individuals and 1233013 SNPs

Intersection on Positions: 36301
Nr of Matching Refs: 36301 / 36301
Full Intersection Ref/Alt Identical: 36280 / 36301
2504 / 2504 Individuals included in Reference
Extraction of 5008 Haplotypes complete
Reduced to markers called 26003 / 36280
(Fraction SNP: 0.7167309812568908)
Successfully saved to: ./Empirical/Eigenstrat/Reichall/I2445/chr14/
Successfully loaded Data from: ./Empirical/Eigenstrat/Reichall/I2445/chr14/
Loaded Emission Model: haploid
Loaded Transition Model: model
Loaded Post Processing Model: Standard
Minimum Genetic Map: 0.0184
Maximum Genetic Map: 1.2020
Gaps bigger than 0.1 cM: 149
Maximum Gap: 3.0774 cM
Loaded Transition and Emission Matrix:
(3, 3)
(5009, 26003)
Loaded Observations:
(2, 26003)
Memory Usage: 1407.475712 mB
Reference Number: 5008
Total Log likelihood: -9119.931
Memory Usage: 1407.475712 mB
Finished Calculation State Posteriors
Saved Zero State Posterior to ./Empirical/Eigenstrat/Reichall/I2445/chr14/.
Successfully loaded for PP. from ./Empirical/Eigenstrat/Reichall/I2445/chr14/
Fraction Markers in ROH: 0.4103
Merged n=0 gaps < 0.0 M
Called n=2 ROH Blocks > 1.0 cM
Longest Block: 2.351
Successfully saved to ./Empirical/Eigenstrat/Reichall/I2445/chr14/roh.csv
Using Low-Mem Cython Linear Speed Up.
Loaded Pre Processing Model: Eigenstrat
Loading Individual: I2445

Loaded 34429 variants
Loaded 2504 individuals
HDF5 loaded from ./Data/1000Genomes/HDF5/1240kHDF5/all1240/chr15.hdf5
3 Eigenstrat Files with 5081 Individuals and 1233013 SNPs

Intersection on Positions: 34429
Nr of Matching Refs: 34429 / 34429
Full Intersection Ref/Alt Identical: 34407 / 34429
2504 / 2504 Individuals included in Reference
Extraction of 5008 Haplotypes complete
Reduced to markers called 25839 / 34407
(Fraction SNP: 0.7509809050483913)
Successfully saved to: ./Empirical/Eigenstrat/Reichall/I2445/chr15/
Successfully loaded Data from: ./Empirical/Eigenstrat/Reichall/I2445/chr15/
Loaded Emission Model: haploid
Loaded Transition Model: model
Loaded Post Processing Model: Standard
Minimum Genetic Map: 0.0000
Maximum Genetic Map: 1.4135
Gaps bigger than 0.1 cM: 144
Maximum Gap: 13.7349 cM
Loaded Transition and Emission Matrix:
(3, 3)
(5009, 25839)
Loaded Observations:
(2, 25839)
Memory Usage: 1400.172544 mB
Reference Number: 5008
Total Log likelihood: -9063.312
Memory Usage: 1400.172544 mB
Finished Calculation State Posteriors
Saved Zero State Posterior to ./Empirical/Eigenstrat/Reichall/I2445/chr15/.
Successfully loaded for PP. from ./Empirical/Eigenstrat/Reichall/I2445/chr15/
Fraction Markers in ROH: 0.4258
Merged n=0 gaps < 0.0 M
Called n=6 ROH Blocks > 1.0 cM
Longest Block: 6.930
Successfully saved to ./Empirical/Eigenstrat/Reichall/I2445/chr15/roh.csv
Using Low-Mem Cython Linear Speed Up.
Loaded Pre Processing Model: Eigenstrat
Loading Individual: I2445

Loaded 34402 variants
Loaded 2504 individuals
HDF5 loaded from ./Data/1000Genomes/HDF5/1240kHDF5/all1240/chr16.hdf5
3 Eigenstrat Files with 5081 Individuals and 1233013 SNPs

Intersection on Positions: 34402
Nr of Matching Refs: 34402 / 34402
Full Intersection Ref/Alt Identical: 34375 / 34402
2504 / 2504 Individuals included in Reference
Extraction of 5008 Haplotypes complete
Reduced to markers called 27223 / 34375
(Fraction SNP: 0.7919418181818182)
Successfully saved to: ./Empirical/Eigenstrat/Reichall/I2445/chr16/
Successfully loaded Data from: ./Empirical/Eigenstrat/Reichall/I2445/chr16/
Loaded Emission Model: haploid
Loaded Transition Model: model
Loaded Post Processing Model: Standard
Minimum Genetic Map: -0.0000
Maximum Genetic Map: 1.3403
Gaps bigger than 0.1 cM: 163
Maximum Gap: 0.8461 cM
Loaded Transition and Emission Matrix:
(3, 3)
(5009, 27223)
Loaded Observations:
(2, 27223)
Memory Usage: 1462.890496 mB
Reference Number: 5008
Total Log likelihood: -10175.382
Memory Usage: 1462.890496 mB
Finished Calculation State Posteriors
Saved Zero State Posterior to ./Empirical/Eigenstrat/Reichall/I2445/chr16/.
Successfully loaded for PP. from ./Empirical/Eigenstrat/Reichall/I2445/chr16/
Fraction Markers in ROH: 0.4030
Merged n=0 gaps < 0.0 M
Called n=3 ROH Blocks > 1.0 cM
Longest Block: 1.180
Successfully saved to ./Empirical/Eigenstrat/Reichall/I2445/chr16/roh.csv
Using Low-Mem Cython Linear Speed Up.
Loaded Pre Processing Model: Eigenstrat
Loading Individual: I2445

Loaded 29314 variants
Loaded 2504 individuals
HDF5 loaded from ./Data/1000Genomes/HDF5/1240kHDF5/all1240/chr17.hdf5
3 Eigenstrat Files with 5081 Individuals and 1233013 SNPs

Intersection on Positions: 29314
Nr of Matching Refs: 29314 / 29314
Full Intersection Ref/Alt Identical: 29292 / 29314
2504 / 2504 Individuals included in Reference
Extraction of 5008 Haplotypes complete
Reduced to markers called 23668 / 29292
(Fraction SNP: 0.8080021848969002)
Successfully saved to: ./Empirical/Eigenstrat/Reichall/I2445/chr17/
Successfully loaded Data from: ./Empirical/Eigenstrat/Reichall/I2445/chr17/
Loaded Emission Model: haploid
Loaded Transition Model: model
Loaded Post Processing Model: Standard
Minimum Genetic Map: -0.0003
Maximum Genetic Map: 1.2847
Gaps bigger than 0.1 cM: 148
Maximum Gap: 1.2341 cM
Loaded Transition and Emission Matrix:
(3, 3)
(5009, 23668)
Loaded Observations:
(2, 23668)
Memory Usage: 1302.114304 mB
Reference Number: 5008
Total Log likelihood: -8776.365
Memory Usage: 1302.114304 mB
Finished Calculation State Posteriors
Saved Zero State Posterior to ./Empirical/Eigenstrat/Reichall/I2445/chr17/.
Successfully loaded for PP. from ./Empirical/Eigenstrat/Reichall/I2445/chr17/
Fraction Markers in ROH: 0.3735
Merged n=0 gaps < 0.0 M
Called n=5 ROH Blocks > 1.0 cM
Longest Block: 1.410
Successfully saved to ./Empirical/Eigenstrat/Reichall/I2445/chr17/roh.csv
Using Low-Mem Cython Linear Speed Up.
Loaded Pre Processing Model: Eigenstrat
Loading Individual: I2445

Loaded 33917 variants
Loaded 2504 individuals
HDF5 loaded from ./Data/1000Genomes/HDF5/1240kHDF5/all1240/chr18.hdf5
3 Eigenstrat Files with 5081 Individuals and 1233013 SNPs

Intersection on Positions: 33917
Nr of Matching Refs: 33917 / 33917
Full Intersection Ref/Alt Identical: 33902 / 33917
2504 / 2504 Individuals included in Reference
Extraction of 5008 Haplotypes complete
Reduced to markers called 24082 / 33902
(Fraction SNP: 0.7103415727685682)
Successfully saved to: ./Empirical/Eigenstrat/Reichall/I2445/chr18/
Successfully loaded Data from: ./Empirical/Eigenstrat/Reichall/I2445/chr18/
Loaded Emission Model: haploid
Loaded Transition Model: model
Loaded Post Processing Model: Standard
Minimum Genetic Map: 0.0025
Maximum Genetic Map: 1.1771
Gaps bigger than 0.1 cM: 159
Maximum Gap: 0.4827 cM
Loaded Transition and Emission Matrix:
(3, 3)
(5009, 24082)
Loaded Observations:
(2, 24082)
Memory Usage: 1321.095168 mB
Reference Number: 5008
Total Log likelihood: -8984.720
Memory Usage: 1321.095168 mB
Finished Calculation State Posteriors
Saved Zero State Posterior to ./Empirical/Eigenstrat/Reichall/I2445/chr18/.
Successfully loaded for PP. from ./Empirical/Eigenstrat/Reichall/I2445/chr18/
Fraction Markers in ROH: 0.4052
Merged n=0 gaps < 0.0 M
Called n=8 ROH Blocks > 1.0 cM
Longest Block: 2.923
Successfully saved to ./Empirical/Eigenstrat/Reichall/I2445/chr18/roh.csv
Using Low-Mem Cython Linear Speed Up.
Loaded Pre Processing Model: Eigenstrat
Loading Individual: I2445

Loaded 18460 variants
Loaded 2504 individuals
HDF5 loaded from ./Data/1000Genomes/HDF5/1240kHDF5/all1240/chr19.hdf5
3 Eigenstrat Files with 5081 Individuals and 1233013 SNPs

Intersection on Positions: 18460
Nr of Matching Refs: 18460 / 18460
Full Intersection Ref/Alt Identical: 18441 / 18460
2504 / 2504 Individuals included in Reference
Extraction of 5008 Haplotypes complete
Reduced to markers called 15393 / 18441
(Fraction SNP: 0.834716121685375)
Successfully saved to: ./Empirical/Eigenstrat/Reichall/I2445/chr19/
Successfully loaded Data from: ./Empirical/Eigenstrat/Reichall/I2445/chr19/
Loaded Emission Model: haploid
Loaded Transition Model: model
Loaded Post Processing Model: Standard
Minimum Genetic Map: 0.0000
Maximum Genetic Map: 1.0773
Gaps bigger than 0.1 cM: 154
Maximum Gap: 0.5964 cM
Loaded Transition and Emission Matrix:
(3, 3)
(5009, 15393)
Loaded Observations:
(2, 15393)
Memory Usage: 928.9728 mB
Reference Number: 5008
Total Log likelihood: -6007.859
Memory Usage: 928.9728 mB
Finished Calculation State Posteriors
Saved Zero State Posterior to ./Empirical/Eigenstrat/Reichall/I2445/chr19/.
Successfully loaded for PP. from ./Empirical/Eigenstrat/Reichall/I2445/chr19/
Fraction Markers in ROH: 0.3761
Merged n=0 gaps < 0.0 M
Called n=6 ROH Blocks > 1.0 cM
Longest Block: 1.593
Successfully saved to ./Empirical/Eigenstrat/Reichall/I2445/chr19/roh.csv
Using Low-Mem Cython Linear Speed Up.
Loaded Pre Processing Model: Eigenstrat
Loading Individual: I2445

Loaded 29078 variants
Loaded 2504 individuals
HDF5 loaded from ./Data/1000Genomes/HDF5/1240kHDF5/all1240/chr20.hdf5
3 Eigenstrat Files with 5081 Individuals and 1233013 SNPs

Intersection on Positions: 29078
Nr of Matching Refs: 29078 / 29078
Full Intersection Ref/Alt Identical: 29053 / 29078
2504 / 2504 Individuals included in Reference
Extraction of 5008 Haplotypes complete
Reduced to markers called 22979 / 29053
(Fraction SNP: 0.7909338106219668)
Successfully saved to: ./Empirical/Eigenstrat/Reichall/I2445/chr20/
Successfully loaded Data from: ./Empirical/Eigenstrat/Reichall/I2445/chr20/
Loaded Emission Model: haploid
Loaded Transition Model: model
Loaded Post Processing Model: Standard
Minimum Genetic Map: 0.0000
Maximum Genetic Map: 1.0821
Gaps bigger than 0.1 cM: 147
Maximum Gap: 0.4744 cM
Loaded Transition and Emission Matrix:
(3, 3)
(5009, 22979)
Loaded Observations:
(2, 22979)
Memory Usage: 1271.738368 mB
Reference Number: 5008
Total Log likelihood: -8468.998
Memory Usage: 1271.738368 mB
Finished Calculation State Posteriors
Saved Zero State Posterior to ./Empirical/Eigenstrat/Reichall/I2445/chr20/.
Successfully loaded for PP. from ./Empirical/Eigenstrat/Reichall/I2445/chr20/
Fraction Markers in ROH: 0.4018
Merged n=0 gaps < 0.0 M
Called n=3 ROH Blocks > 1.0 cM
Longest Block: 1.920
Successfully saved to ./Empirical/Eigenstrat/Reichall/I2445/chr20/roh.csv
Using Low-Mem Cython Linear Speed Up.
Loaded Pre Processing Model: Eigenstrat
Loading Individual: I2445

Loaded 16038 variants
Loaded 2504 individuals
HDF5 loaded from ./Data/1000Genomes/HDF5/1240kHDF5/all1240/chr21.hdf5
3 Eigenstrat Files with 5081 Individuals and 1233013 SNPs

Intersection on Positions: 16038
Nr of Matching Refs: 16038 / 16038
Full Intersection Ref/Alt Identical: 16031 / 16038
2504 / 2504 Individuals included in Reference
Extraction of 5008 Haplotypes complete
Reduced to markers called 11494 / 16031
(Fraction SNP: 0.7169858399351257)
Successfully saved to: ./Empirical/Eigenstrat/Reichall/I2445/chr21/
Successfully loaded Data from: ./Empirical/Eigenstrat/Reichall/I2445/chr21/
Loaded Emission Model: haploid
Loaded Transition Model: model
Loaded Post Processing Model: Standard
Minimum Genetic Map: 0.0087
Maximum Genetic Map: 0.6279
Gaps bigger than 0.1 cM: 101
Maximum Gap: 0.4972 cM
Loaded Transition and Emission Matrix:
(3, 3)
(5009, 11494)
Loaded Observations:
(2, 11494)
Memory Usage: 754.036736 mB
Reference Number: 5008
Total Log likelihood: -4147.328
Memory Usage: 754.036736 mB
Finished Calculation State Posteriors
Saved Zero State Posterior to ./Empirical/Eigenstrat/Reichall/I2445/chr21/.
Successfully loaded for PP. from ./Empirical/Eigenstrat/Reichall/I2445/chr21/
Fraction Markers in ROH: 0.4278
Merged n=0 gaps < 0.0 M
Called n=1 ROH Blocks > 1.0 cM
Longest Block: 1.340
Successfully saved to ./Empirical/Eigenstrat/Reichall/I2445/chr21/roh.csv
Using Low-Mem Cython Linear Speed Up.
Loaded Pre Processing Model: Eigenstrat
Loading Individual: I2445

Loaded 15802 variants
Loaded 2504 individuals
HDF5 loaded from ./Data/1000Genomes/HDF5/1240kHDF5/all1240/chr22.hdf5
3 Eigenstrat Files with 5081 Individuals and 1233013 SNPs

Intersection on Positions: 15802
Nr of Matching Refs: 15802 / 15802
Full Intersection Ref/Alt Identical: 15793 / 15802
2504 / 2504 Individuals included in Reference
Extraction of 5008 Haplotypes complete
Reduced to markers called 13338 / 15793
(Fraction SNP: 0.8445513835243462)
Successfully saved to: ./Empirical/Eigenstrat/Reichall/I2445/chr22/
Successfully loaded Data from: ./Empirical/Eigenstrat/Reichall/I2445/chr22/
Loaded Emission Model: haploid
Loaded Transition Model: model
Loaded Post Processing Model: Standard
Minimum Genetic Map: 0.0169
Maximum Genetic Map: 0.7408
Gaps bigger than 0.1 cM: 90
Maximum Gap: 1.6097 cM
Loaded Transition and Emission Matrix:
(3, 3)
(5009, 13338)
Loaded Observations:
(2, 13338)
Memory Usage: 837.484544 mB
Reference Number: 5008
Total Log likelihood: -5028.402
Memory Usage: 837.484544 mB
Finished Calculation State Posteriors
Saved Zero State Posterior to ./Empirical/Eigenstrat/Reichall/I2445/chr22/.
Successfully loaded for PP. from ./Empirical/Eigenstrat/Reichall/I2445/chr22/
Fraction Markers in ROH: 0.3567
Merged n=0 gaps < 0.0 M
Called n=2 ROH Blocks > 1.0 cM
Longest Block: 1.876
Successfully saved to ./Empirical/Eigenstrat/Reichall/I2445/chr22/roh.csv
