Loaded 2106 / 5081 ancient Indivdiuals Anno File.
Doing Individual I0867...
Using Low-Mem Cython Linear Speed Up.
Loaded Pre Processing Model: Eigenstrat
Loading Individual: I0867

Loaded 89147 variants
Loaded 2504 individuals
HDF5 loaded from ./Data/1000Genomes/HDF5/1240kHDF5/all1240/chr1.hdf5
3 Eigenstrat Files with 5081 Individuals and 1233013 SNPs

Intersection on Positions: 89147
Nr of Matching Refs: 89147 / 89147
Full Intersection Ref/Alt Identical: 89082 / 89147
2504 / 2504 Individuals included in Reference
Extraction of 5008 Haplotypes complete
Reduced to markers called 58646 / 89082
(Fraction SNP: 0.6583372622976583)
Successfully saved to: ./Empirical/Eigenstrat/Reichall/I0867/chr1/
Successfully loaded Data from: ./Empirical/Eigenstrat/Reichall/I0867/chr1/
Loaded Emission Model: haploid
Loaded Transition Model: model
Loaded Post Processing Model: Standard
Minimum Genetic Map: 0.0201
Maximum Genetic Map: 2.8627
Gaps bigger than 0.1 cM: 339
Maximum Gap: 2.9727 cM
Loaded Transition and Emission Matrix:
(3, 3)
(5009, 58646)
Loaded Observations:
(2, 58646)
Memory Usage: 2838.474752 mB
Reference Number: 5008
Total Log likelihood: -21025.841
Memory Usage: 2838.9376 mB
Finished Calculation State Posteriors
Saved Zero State Posterior to ./Empirical/Eigenstrat/Reichall/I0867/chr1/.
Successfully loaded for PP. from ./Empirical/Eigenstrat/Reichall/I0867/chr1/
Fraction Markers in ROH: 0.4214
Merged n=0 gaps < 0.0 M
Called n=16 ROH Blocks > 1.0 cM
Longest Block: 2.478
Successfully saved to ./Empirical/Eigenstrat/Reichall/I0867/chr1/roh.csv
Using Low-Mem Cython Linear Speed Up.
Loaded Pre Processing Model: Eigenstrat
Loading Individual: I0867

Loaded 94239 variants
Loaded 2504 individuals
HDF5 loaded from ./Data/1000Genomes/HDF5/1240kHDF5/all1240/chr2.hdf5
3 Eigenstrat Files with 5081 Individuals and 1233013 SNPs

Intersection on Positions: 94239
Nr of Matching Refs: 94239 / 94239
Full Intersection Ref/Alt Identical: 94173 / 94239
2504 / 2504 Individuals included in Reference
Extraction of 5008 Haplotypes complete
Reduced to markers called 59269 / 94173
(Fraction SNP: 0.62936298089686)
Successfully saved to: ./Empirical/Eigenstrat/Reichall/I0867/chr2/
Successfully loaded Data from: ./Empirical/Eigenstrat/Reichall/I0867/chr2/
Loaded Emission Model: haploid
Loaded Transition Model: model
Loaded Post Processing Model: Standard
Minimum Genetic Map: 0.0002
Maximum Genetic Map: 2.6883
Gaps bigger than 0.1 cM: 324
Maximum Gap: 2.1079 cM
Loaded Transition and Emission Matrix:
(3, 3)
(5009, 59269)
Loaded Observations:
(2, 59269)
Memory Usage: 2905.432064 mB
Reference Number: 5008
Total Log likelihood: -21261.573
Memory Usage: 2905.432064 mB
Finished Calculation State Posteriors
Saved Zero State Posterior to ./Empirical/Eigenstrat/Reichall/I0867/chr2/.
Successfully loaded for PP. from ./Empirical/Eigenstrat/Reichall/I0867/chr2/
Fraction Markers in ROH: 0.4329
Merged n=0 gaps < 0.0 M
Called n=14 ROH Blocks > 1.0 cM
Longest Block: 2.900
Successfully saved to ./Empirical/Eigenstrat/Reichall/I0867/chr2/roh.csv
Using Low-Mem Cython Linear Speed Up.
Loaded Pre Processing Model: Eigenstrat
Loading Individual: I0867

Loaded 77652 variants
Loaded 2504 individuals
HDF5 loaded from ./Data/1000Genomes/HDF5/1240kHDF5/all1240/chr3.hdf5
3 Eigenstrat Files with 5081 Individuals and 1233013 SNPs

Intersection on Positions: 77652
Nr of Matching Refs: 77652 / 77652
Full Intersection Ref/Alt Identical: 77601 / 77652
2504 / 2504 Individuals included in Reference
Extraction of 5008 Haplotypes complete
Reduced to markers called 48266 / 77601
(Fraction SNP: 0.6219765209211221)
Successfully saved to: ./Empirical/Eigenstrat/Reichall/I0867/chr3/
Successfully loaded Data from: ./Empirical/Eigenstrat/Reichall/I0867/chr3/
Loaded Emission Model: haploid
Loaded Transition Model: model
Loaded Post Processing Model: Standard
Minimum Genetic Map: 0.0000
Maximum Genetic Map: 2.2326
Gaps bigger than 0.1 cM: 299
Maximum Gap: 0.2681 cM
Loaded Transition and Emission Matrix:
(3, 3)
(5009, 48266)
Loaded Observations:
(2, 48266)
Memory Usage: 2409.689088 mB
Reference Number: 5008
Total Log likelihood: -17056.627
Memory Usage: 2409.689088 mB
Finished Calculation State Posteriors
Saved Zero State Posterior to ./Empirical/Eigenstrat/Reichall/I0867/chr3/.
Successfully loaded for PP. from ./Empirical/Eigenstrat/Reichall/I0867/chr3/
Fraction Markers in ROH: 0.4340
Merged n=0 gaps < 0.0 M
Called n=10 ROH Blocks > 1.0 cM
Longest Block: 2.543
Successfully saved to ./Empirical/Eigenstrat/Reichall/I0867/chr3/roh.csv
Using Low-Mem Cython Linear Speed Up.
Loaded Pre Processing Model: Eigenstrat
Loading Individual: I0867

Loaded 68759 variants
Loaded 2504 individuals
HDF5 loaded from ./Data/1000Genomes/HDF5/1240kHDF5/all1240/chr4.hdf5
3 Eigenstrat Files with 5081 Individuals and 1233013 SNPs

Intersection on Positions: 68759
Nr of Matching Refs: 68759 / 68759
Full Intersection Ref/Alt Identical: 68720 / 68759
2504 / 2504 Individuals included in Reference
Extraction of 5008 Haplotypes complete
Reduced to markers called 39650 / 68720
(Fraction SNP: 0.5769790454016298)
Successfully saved to: ./Empirical/Eigenstrat/Reichall/I0867/chr4/
Successfully loaded Data from: ./Empirical/Eigenstrat/Reichall/I0867/chr4/
Loaded Emission Model: haploid
Loaded Transition Model: model
Loaded Post Processing Model: Standard
Minimum Genetic Map: 0.0035
Maximum Genetic Map: 2.1454
Gaps bigger than 0.1 cM: 293
Maximum Gap: 2.0513 cM
Loaded Transition and Emission Matrix:
(3, 3)
(5009, 39650)
Loaded Observations:
(2, 39650)
Memory Usage: 2021.699584 mB
Reference Number: 5008
Total Log likelihood: -14476.408
Memory Usage: 2021.699584 mB
Finished Calculation State Posteriors
Saved Zero State Posterior to ./Empirical/Eigenstrat/Reichall/I0867/chr4/.
Successfully loaded for PP. from ./Empirical/Eigenstrat/Reichall/I0867/chr4/
Fraction Markers in ROH: 0.4109
Merged n=0 gaps < 0.0 M
Called n=14 ROH Blocks > 1.0 cM
Longest Block: 1.787
Successfully saved to ./Empirical/Eigenstrat/Reichall/I0867/chr4/roh.csv
Using Low-Mem Cython Linear Speed Up.
Loaded Pre Processing Model: Eigenstrat
Loading Individual: I0867

Loaded 69399 variants
Loaded 2504 individuals
HDF5 loaded from ./Data/1000Genomes/HDF5/1240kHDF5/all1240/chr5.hdf5
3 Eigenstrat Files with 5081 Individuals and 1233013 SNPs

Intersection on Positions: 69399
Nr of Matching Refs: 69399 / 69399
Full Intersection Ref/Alt Identical: 69354 / 69399
2504 / 2504 Individuals included in Reference
Extraction of 5008 Haplotypes complete
Reduced to markers called 42949 / 69354
(Fraction SNP: 0.6192721400351818)
Successfully saved to: ./Empirical/Eigenstrat/Reichall/I0867/chr5/
Successfully loaded Data from: ./Empirical/Eigenstrat/Reichall/I0867/chr5/
Loaded Emission Model: haploid
Loaded Transition Model: model
Loaded Post Processing Model: Standard
Minimum Genetic Map: 0.0004
Maximum Genetic Map: 2.0409
Gaps bigger than 0.1 cM: 270
Maximum Gap: 1.0498 cM
Loaded Transition and Emission Matrix:
(3, 3)
(5009, 42949)
Loaded Observations:
(2, 42949)
Memory Usage: 2170.32704 mB
Reference Number: 5008
Total Log likelihood: -15269.604
Memory Usage: 2170.32704 mB
Finished Calculation State Posteriors
Saved Zero State Posterior to ./Empirical/Eigenstrat/Reichall/I0867/chr5/.
Successfully loaded for PP. from ./Empirical/Eigenstrat/Reichall/I0867/chr5/
Fraction Markers in ROH: 0.4270
Merged n=0 gaps < 0.0 M
Called n=12 ROH Blocks > 1.0 cM
Longest Block: 2.871
Successfully saved to ./Empirical/Eigenstrat/Reichall/I0867/chr5/roh.csv
Using Low-Mem Cython Linear Speed Up.
Loaded Pre Processing Model: Eigenstrat
Loading Individual: I0867

Loaded 75870 variants
Loaded 2504 individuals
HDF5 loaded from ./Data/1000Genomes/HDF5/1240kHDF5/all1240/chr6.hdf5
3 Eigenstrat Files with 5081 Individuals and 1233013 SNPs

Intersection on Positions: 75870
Nr of Matching Refs: 75870 / 75870
Full Intersection Ref/Alt Identical: 75816 / 75870
2504 / 2504 Individuals included in Reference
Extraction of 5008 Haplotypes complete
Reduced to markers called 47083 / 75816
(Fraction SNP: 0.6210166719425979)
Successfully saved to: ./Empirical/Eigenstrat/Reichall/I0867/chr6/
Successfully loaded Data from: ./Empirical/Eigenstrat/Reichall/I0867/chr6/
Loaded Emission Model: haploid
Loaded Transition Model: model
Loaded Post Processing Model: Standard
Minimum Genetic Map: 0.0035
Maximum Genetic Map: 1.9203
Gaps bigger than 0.1 cM: 228
Maximum Gap: 0.5066 cM
Loaded Transition and Emission Matrix:
(3, 3)
(5009, 47083)
Loaded Observations:
(2, 47083)
Memory Usage: 2357.108736 mB
Reference Number: 5008
Total Log likelihood: -17297.877
Memory Usage: 2357.108736 mB
Finished Calculation State Posteriors
Saved Zero State Posterior to ./Empirical/Eigenstrat/Reichall/I0867/chr6/.
Successfully loaded for PP. from ./Empirical/Eigenstrat/Reichall/I0867/chr6/
Fraction Markers in ROH: 0.3739
Merged n=0 gaps < 0.0 M
Called n=11 ROH Blocks > 1.0 cM
Longest Block: 1.622
Successfully saved to ./Empirical/Eigenstrat/Reichall/I0867/chr6/roh.csv
Using Low-Mem Cython Linear Speed Up.
Loaded Pre Processing Model: Eigenstrat
Loading Individual: I0867

Loaded 59890 variants
Loaded 2504 individuals
HDF5 loaded from ./Data/1000Genomes/HDF5/1240kHDF5/all1240/chr7.hdf5
3 Eigenstrat Files with 5081 Individuals and 1233013 SNPs

Intersection on Positions: 59890
Nr of Matching Refs: 59890 / 59890
Full Intersection Ref/Alt Identical: 59836 / 59890
2504 / 2504 Individuals included in Reference
Extraction of 5008 Haplotypes complete
Reduced to markers called 37180 / 59836
(Fraction SNP: 0.6213650645096598)
Successfully saved to: ./Empirical/Eigenstrat/Reichall/I0867/chr7/
Successfully loaded Data from: ./Empirical/Eigenstrat/Reichall/I0867/chr7/
Loaded Emission Model: haploid
Loaded Transition Model: model
Loaded Post Processing Model: Standard
Minimum Genetic Map: 0.0001
Maximum Genetic Map: 1.8715
Gaps bigger than 0.1 cM: 268
Maximum Gap: 0.8416 cM
Loaded Transition and Emission Matrix:
(3, 3)
(5009, 37180)
Loaded Observations:
(2, 37180)
Memory Usage: 1910.431744 mB
Reference Number: 5008
Total Log likelihood: -13987.513
Memory Usage: 1910.431744 mB
Finished Calculation State Posteriors
Saved Zero State Posterior to ./Empirical/Eigenstrat/Reichall/I0867/chr7/.
Successfully loaded for PP. from ./Empirical/Eigenstrat/Reichall/I0867/chr7/
Fraction Markers in ROH: 0.3884
Merged n=0 gaps < 0.0 M
Called n=11 ROH Blocks > 1.0 cM
Longest Block: 1.556
Successfully saved to ./Empirical/Eigenstrat/Reichall/I0867/chr7/roh.csv
Using Low-Mem Cython Linear Speed Up.
Loaded Pre Processing Model: Eigenstrat
Loading Individual: I0867

Loaded 61133 variants
Loaded 2504 individuals
HDF5 loaded from ./Data/1000Genomes/HDF5/1240kHDF5/all1240/chr8.hdf5
3 Eigenstrat Files with 5081 Individuals and 1233013 SNPs

Intersection on Positions: 61133
Nr of Matching Refs: 61133 / 61133
Full Intersection Ref/Alt Identical: 61091 / 61133
2504 / 2504 Individuals included in Reference
Extraction of 5008 Haplotypes complete
Reduced to markers called 38476 / 61091
(Fraction SNP: 0.6298145389664599)
Successfully saved to: ./Empirical/Eigenstrat/Reichall/I0867/chr8/
Successfully loaded Data from: ./Empirical/Eigenstrat/Reichall/I0867/chr8/
Loaded Emission Model: haploid
Loaded Transition Model: model
Loaded Post Processing Model: Standard
Minimum Genetic Map: 0.0000
Maximum Genetic Map: 1.6800
Gaps bigger than 0.1 cM: 190
Maximum Gap: 1.9110 cM
Loaded Transition and Emission Matrix:
(3, 3)
(5009, 38476)
Loaded Observations:
(2, 38476)
Memory Usage: 1968.861184 mB
Reference Number: 5008
Total Log likelihood: -13872.623
Memory Usage: 1968.861184 mB
Finished Calculation State Posteriors
Saved Zero State Posterior to ./Empirical/Eigenstrat/Reichall/I0867/chr8/.
Successfully loaded for PP. from ./Empirical/Eigenstrat/Reichall/I0867/chr8/
Fraction Markers in ROH: 0.4171
Merged n=0 gaps < 0.0 M
Called n=7 ROH Blocks > 1.0 cM
Longest Block: 1.711
Successfully saved to ./Empirical/Eigenstrat/Reichall/I0867/chr8/roh.csv
Using Low-Mem Cython Linear Speed Up.
Loaded Pre Processing Model: Eigenstrat
Loading Individual: I0867

Loaded 50668 variants
Loaded 2504 individuals
HDF5 loaded from ./Data/1000Genomes/HDF5/1240kHDF5/all1240/chr9.hdf5
3 Eigenstrat Files with 5081 Individuals and 1233013 SNPs

Intersection on Positions: 50668
Nr of Matching Refs: 50668 / 50668
Full Intersection Ref/Alt Identical: 50629 / 50668
2504 / 2504 Individuals included in Reference
Extraction of 5008 Haplotypes complete
Reduced to markers called 32539 / 50629
(Fraction SNP: 0.6426948981808844)
Successfully saved to: ./Empirical/Eigenstrat/Reichall/I0867/chr9/
Successfully loaded Data from: ./Empirical/Eigenstrat/Reichall/I0867/chr9/
Loaded Emission Model: haploid
Loaded Transition Model: model
Loaded Post Processing Model: Standard
Minimum Genetic Map: 0.0016
Maximum Genetic Map: 1.6630
Gaps bigger than 0.1 cM: 245
Maximum Gap: 1.9151 cM
Loaded Transition and Emission Matrix:
(3, 3)
(5009, 32539)
Loaded Observations:
(2, 32539)
Memory Usage: 1702.100992 mB
Reference Number: 5008
Total Log likelihood: -11826.073
Memory Usage: 1702.100992 mB
Finished Calculation State Posteriors
Saved Zero State Posterior to ./Empirical/Eigenstrat/Reichall/I0867/chr9/.
Successfully loaded for PP. from ./Empirical/Eigenstrat/Reichall/I0867/chr9/
Fraction Markers in ROH: 0.4357
Merged n=0 gaps < 0.0 M
Called n=11 ROH Blocks > 1.0 cM
Longest Block: 3.021
Successfully saved to ./Empirical/Eigenstrat/Reichall/I0867/chr9/roh.csv
Using Low-Mem Cython Linear Speed Up.
Loaded Pre Processing Model: Eigenstrat
Loading Individual: I0867

Loaded 58804 variants
Loaded 2504 individuals
HDF5 loaded from ./Data/1000Genomes/HDF5/1240kHDF5/all1240/chr10.hdf5
3 Eigenstrat Files with 5081 Individuals and 1233013 SNPs

Intersection on Positions: 58804
Nr of Matching Refs: 58804 / 58804
Full Intersection Ref/Alt Identical: 58763 / 58804
2504 / 2504 Individuals included in Reference
Extraction of 5008 Haplotypes complete
Reduced to markers called 38681 / 58763
(Fraction SNP: 0.6582543437196876)
Successfully saved to: ./Empirical/Eigenstrat/Reichall/I0867/chr10/
Successfully loaded Data from: ./Empirical/Eigenstrat/Reichall/I0867/chr10/
Loaded Emission Model: haploid
Loaded Transition Model: model
Loaded Post Processing Model: Standard
Minimum Genetic Map: 0.0001
Maximum Genetic Map: 1.8092
Gaps bigger than 0.1 cM: 217
Maximum Gap: 2.0343 cM
Loaded Transition and Emission Matrix:
(3, 3)
(5009, 38681)
Loaded Observations:
(2, 38681)
Memory Usage: 1979.265024 mB
Reference Number: 5008
Total Log likelihood: -14306.030
Memory Usage: 1979.265024 mB
Finished Calculation State Posteriors
Saved Zero State Posterior to ./Empirical/Eigenstrat/Reichall/I0867/chr10/.
Successfully loaded for PP. from ./Empirical/Eigenstrat/Reichall/I0867/chr10/
Fraction Markers in ROH: 0.3956
Merged n=0 gaps < 0.0 M
Called n=10 ROH Blocks > 1.0 cM
Longest Block: 2.472
Successfully saved to ./Empirical/Eigenstrat/Reichall/I0867/chr10/roh.csv
Using Low-Mem Cython Linear Speed Up.
Loaded Pre Processing Model: Eigenstrat
Loading Individual: I0867

Loaded 54833 variants
Loaded 2504 individuals
HDF5 loaded from ./Data/1000Genomes/HDF5/1240kHDF5/all1240/chr11.hdf5
3 Eigenstrat Files with 5081 Individuals and 1233013 SNPs

Intersection on Positions: 54833
Nr of Matching Refs: 54833 / 54833
Full Intersection Ref/Alt Identical: 54796 / 54833
2504 / 2504 Individuals included in Reference
Extraction of 5008 Haplotypes complete
Reduced to markers called 35550 / 54796
(Fraction SNP: 0.6487699832104533)
Successfully saved to: ./Empirical/Eigenstrat/Reichall/I0867/chr11/
Successfully loaded Data from: ./Empirical/Eigenstrat/Reichall/I0867/chr11/
Loaded Emission Model: haploid
Loaded Transition Model: model
Loaded Post Processing Model: Standard
Minimum Genetic Map: 0.0000
Maximum Genetic Map: 1.5822
Gaps bigger than 0.1 cM: 206
Maximum Gap: 0.5585 cM
Loaded Transition and Emission Matrix:
(3, 3)
(5009, 35550)
Loaded Observations:
(2, 35550)
Memory Usage: 1838.968832 mB
Reference Number: 5008
Total Log likelihood: -12817.571
Memory Usage: 1838.968832 mB
Finished Calculation State Posteriors
Saved Zero State Posterior to ./Empirical/Eigenstrat/Reichall/I0867/chr11/.
Successfully loaded for PP. from ./Empirical/Eigenstrat/Reichall/I0867/chr11/
Fraction Markers in ROH: 0.4345
Merged n=0 gaps < 0.0 M
Called n=9 ROH Blocks > 1.0 cM
Longest Block: 2.576
Successfully saved to ./Empirical/Eigenstrat/Reichall/I0867/chr11/roh.csv
Using Low-Mem Cython Linear Speed Up.
Loaded Pre Processing Model: Eigenstrat
Loading Individual: I0867

Loaded 53911 variants
Loaded 2504 individuals
HDF5 loaded from ./Data/1000Genomes/HDF5/1240kHDF5/all1240/chr12.hdf5
3 Eigenstrat Files with 5081 Individuals and 1233013 SNPs

Intersection on Positions: 53911
Nr of Matching Refs: 53911 / 53911
Full Intersection Ref/Alt Identical: 53884 / 53911
2504 / 2504 Individuals included in Reference
Extraction of 5008 Haplotypes complete
Reduced to markers called 34004 / 53884
(Fraction SNP: 0.6310593125974315)
Successfully saved to: ./Empirical/Eigenstrat/Reichall/I0867/chr12/
Successfully loaded Data from: ./Empirical/Eigenstrat/Reichall/I0867/chr12/
Loaded Emission Model: haploid
Loaded Transition Model: model
Loaded Post Processing Model: Standard
Minimum Genetic Map: 0.0017
Maximum Genetic Map: 1.7468
Gaps bigger than 0.1 cM: 247
Maximum Gap: 0.8015 cM
Loaded Transition and Emission Matrix:
(3, 3)
(5009, 34004)
Loaded Observations:
(2, 34004)
Memory Usage: 1768.034304 mB
Reference Number: 5008
Total Log likelihood: -11848.476
Memory Usage: 1768.034304 mB
Finished Calculation State Posteriors
Saved Zero State Posterior to ./Empirical/Eigenstrat/Reichall/I0867/chr12/.
Successfully loaded for PP. from ./Empirical/Eigenstrat/Reichall/I0867/chr12/
Fraction Markers in ROH: 0.4492
Merged n=0 gaps < 0.0 M
Called n=11 ROH Blocks > 1.0 cM
Longest Block: 2.680
Successfully saved to ./Empirical/Eigenstrat/Reichall/I0867/chr12/roh.csv
Using Low-Mem Cython Linear Speed Up.
Loaded Pre Processing Model: Eigenstrat
Loading Individual: I0867

Loaded 39018 variants
Loaded 2504 individuals
HDF5 loaded from ./Data/1000Genomes/HDF5/1240kHDF5/all1240/chr13.hdf5
3 Eigenstrat Files with 5081 Individuals and 1233013 SNPs

Intersection on Positions: 39018
Nr of Matching Refs: 39018 / 39018
Full Intersection Ref/Alt Identical: 38994 / 39018
2504 / 2504 Individuals included in Reference
Extraction of 5008 Haplotypes complete
Reduced to markers called 23227 / 38994
(Fraction SNP: 0.5956557419090116)
Successfully saved to: ./Empirical/Eigenstrat/Reichall/I0867/chr13/
Successfully loaded Data from: ./Empirical/Eigenstrat/Reichall/I0867/chr13/
Loaded Emission Model: haploid
Loaded Transition Model: model
Loaded Post Processing Model: Standard
Minimum Genetic Map: 0.0019
Maximum Genetic Map: 1.2570
Gaps bigger than 0.1 cM: 186
Maximum Gap: 1.2216 cM
Loaded Transition and Emission Matrix:
(3, 3)
(5009, 23227)
Loaded Observations:
(2, 23227)
Memory Usage: 1282.8672 mB
Reference Number: 5008
Total Log likelihood: -8881.827
Memory Usage: 1282.8672 mB
Finished Calculation State Posteriors
Saved Zero State Posterior to ./Empirical/Eigenstrat/Reichall/I0867/chr13/.
Successfully loaded for PP. from ./Empirical/Eigenstrat/Reichall/I0867/chr13/
Fraction Markers in ROH: 0.3530
Merged n=0 gaps < 0.0 M
Called n=3 ROH Blocks > 1.0 cM
Longest Block: 1.373
Successfully saved to ./Empirical/Eigenstrat/Reichall/I0867/chr13/roh.csv
Using Low-Mem Cython Linear Speed Up.
Loaded Pre Processing Model: Eigenstrat
Loading Individual: I0867

Loaded 36301 variants
Loaded 2504 individuals
HDF5 loaded from ./Data/1000Genomes/HDF5/1240kHDF5/all1240/chr14.hdf5
3 Eigenstrat Files with 5081 Individuals and 1233013 SNPs

Intersection on Positions: 36301
Nr of Matching Refs: 36301 / 36301
Full Intersection Ref/Alt Identical: 36280 / 36301
2504 / 2504 Individuals included in Reference
Extraction of 5008 Haplotypes complete
Reduced to markers called 22991 / 36280
(Fraction SNP: 0.633710033076075)
Successfully saved to: ./Empirical/Eigenstrat/Reichall/I0867/chr14/
Successfully loaded Data from: ./Empirical/Eigenstrat/Reichall/I0867/chr14/
Loaded Emission Model: haploid
Loaded Transition Model: model
Loaded Post Processing Model: Standard
Minimum Genetic Map: 0.0184
Maximum Genetic Map: 1.2020
Gaps bigger than 0.1 cM: 162
Maximum Gap: 3.3147 cM
Loaded Transition and Emission Matrix:
(3, 3)
(5009, 22991)
Loaded Observations:
(2, 22991)
Memory Usage: 1272.34048 mB
Reference Number: 5008
Total Log likelihood: -8193.686
Memory Usage: 1272.34048 mB
Finished Calculation State Posteriors
Saved Zero State Posterior to ./Empirical/Eigenstrat/Reichall/I0867/chr14/.
Successfully loaded for PP. from ./Empirical/Eigenstrat/Reichall/I0867/chr14/
Fraction Markers in ROH: 0.4617
Merged n=0 gaps < 0.0 M
Called n=6 ROH Blocks > 1.0 cM
Longest Block: 2.011
Successfully saved to ./Empirical/Eigenstrat/Reichall/I0867/chr14/roh.csv
Using Low-Mem Cython Linear Speed Up.
Loaded Pre Processing Model: Eigenstrat
Loading Individual: I0867

Loaded 34429 variants
Loaded 2504 individuals
HDF5 loaded from ./Data/1000Genomes/HDF5/1240kHDF5/all1240/chr15.hdf5
3 Eigenstrat Files with 5081 Individuals and 1233013 SNPs

Intersection on Positions: 34429
Nr of Matching Refs: 34429 / 34429
Full Intersection Ref/Alt Identical: 34407 / 34429
2504 / 2504 Individuals included in Reference
Extraction of 5008 Haplotypes complete
Reduced to markers called 22947 / 34407
(Fraction SNP: 0.6669282413462377)
Successfully saved to: ./Empirical/Eigenstrat/Reichall/I0867/chr15/
Successfully loaded Data from: ./Empirical/Eigenstrat/Reichall/I0867/chr15/
Loaded Emission Model: haploid
Loaded Transition Model: model
Loaded Post Processing Model: Standard
Minimum Genetic Map: 0.0000
Maximum Genetic Map: 1.4135
Gaps bigger than 0.1 cM: 168
Maximum Gap: 11.4957 cM
Loaded Transition and Emission Matrix:
(3, 3)
(5009, 22947)
Loaded Observations:
(2, 22947)
Memory Usage: 1270.677504 mB
Reference Number: 5008
Total Log likelihood: -8292.822
Memory Usage: 1270.677504 mB
Finished Calculation State Posteriors
Saved Zero State Posterior to ./Empirical/Eigenstrat/Reichall/I0867/chr15/.
Successfully loaded for PP. from ./Empirical/Eigenstrat/Reichall/I0867/chr15/
Fraction Markers in ROH: 0.4469
Merged n=0 gaps < 0.0 M
Called n=8 ROH Blocks > 1.0 cM
Longest Block: 6.283
Successfully saved to ./Empirical/Eigenstrat/Reichall/I0867/chr15/roh.csv
Using Low-Mem Cython Linear Speed Up.
Loaded Pre Processing Model: Eigenstrat
Loading Individual: I0867

Loaded 34402 variants
Loaded 2504 individuals
HDF5 loaded from ./Data/1000Genomes/HDF5/1240kHDF5/all1240/chr16.hdf5
3 Eigenstrat Files with 5081 Individuals and 1233013 SNPs

Intersection on Positions: 34402
Nr of Matching Refs: 34402 / 34402
Full Intersection Ref/Alt Identical: 34375 / 34402
2504 / 2504 Individuals included in Reference
Extraction of 5008 Haplotypes complete
Reduced to markers called 24064 / 34375
(Fraction SNP: 0.7000436363636363)
Successfully saved to: ./Empirical/Eigenstrat/Reichall/I0867/chr16/
Successfully loaded Data from: ./Empirical/Eigenstrat/Reichall/I0867/chr16/
Loaded Emission Model: haploid
Loaded Transition Model: model
Loaded Post Processing Model: Standard
Minimum Genetic Map: -0.0000
Maximum Genetic Map: 1.3403
Gaps bigger than 0.1 cM: 187
Maximum Gap: 0.8458 cM
Loaded Transition and Emission Matrix:
(3, 3)
(5009, 24064)
Loaded Observations:
(2, 24064)
Memory Usage: 1320.833024 mB
Reference Number: 5008
Total Log likelihood: -8906.288
Memory Usage: 1320.833024 mB
Finished Calculation State Posteriors
Saved Zero State Posterior to ./Empirical/Eigenstrat/Reichall/I0867/chr16/.
Successfully loaded for PP. from ./Empirical/Eigenstrat/Reichall/I0867/chr16/
Fraction Markers in ROH: 0.4098
Merged n=0 gaps < 0.0 M
Called n=7 ROH Blocks > 1.0 cM
Longest Block: 2.691
Successfully saved to ./Empirical/Eigenstrat/Reichall/I0867/chr16/roh.csv
Using Low-Mem Cython Linear Speed Up.
Loaded Pre Processing Model: Eigenstrat
Loading Individual: I0867

Loaded 29314 variants
Loaded 2504 individuals
HDF5 loaded from ./Data/1000Genomes/HDF5/1240kHDF5/all1240/chr17.hdf5
3 Eigenstrat Files with 5081 Individuals and 1233013 SNPs

Intersection on Positions: 29314
Nr of Matching Refs: 29314 / 29314
Full Intersection Ref/Alt Identical: 29292 / 29314
2504 / 2504 Individuals included in Reference
Extraction of 5008 Haplotypes complete
Reduced to markers called 21036 / 29292
(Fraction SNP: 0.7181482998770995)
Successfully saved to: ./Empirical/Eigenstrat/Reichall/I0867/chr17/
Successfully loaded Data from: ./Empirical/Eigenstrat/Reichall/I0867/chr17/
Loaded Emission Model: haploid
Loaded Transition Model: model
Loaded Post Processing Model: Standard
Minimum Genetic Map: -0.0003
Maximum Genetic Map: 1.2847
Gaps bigger than 0.1 cM: 160
Maximum Gap: 1.2341 cM
Loaded Transition and Emission Matrix:
(3, 3)
(5009, 21036)
Loaded Observations:
(2, 21036)
Memory Usage: 1184.33792 mB
Reference Number: 5008
Total Log likelihood: -7533.290
Memory Usage: 1184.33792 mB
Finished Calculation State Posteriors
Saved Zero State Posterior to ./Empirical/Eigenstrat/Reichall/I0867/chr17/.
Successfully loaded for PP. from ./Empirical/Eigenstrat/Reichall/I0867/chr17/
Fraction Markers in ROH: 0.4651
Merged n=0 gaps < 0.0 M
Called n=13 ROH Blocks > 1.0 cM
Longest Block: 2.459
Successfully saved to ./Empirical/Eigenstrat/Reichall/I0867/chr17/roh.csv
Using Low-Mem Cython Linear Speed Up.
Loaded Pre Processing Model: Eigenstrat
Loading Individual: I0867

Loaded 33917 variants
Loaded 2504 individuals
HDF5 loaded from ./Data/1000Genomes/HDF5/1240kHDF5/all1240/chr18.hdf5
3 Eigenstrat Files with 5081 Individuals and 1233013 SNPs

Intersection on Positions: 33917
Nr of Matching Refs: 33917 / 33917
Full Intersection Ref/Alt Identical: 33902 / 33917
2504 / 2504 Individuals included in Reference
Extraction of 5008 Haplotypes complete
Reduced to markers called 21135 / 33902
(Fraction SNP: 0.6234145478142883)
Successfully saved to: ./Empirical/Eigenstrat/Reichall/I0867/chr18/
Successfully loaded Data from: ./Empirical/Eigenstrat/Reichall/I0867/chr18/
Loaded Emission Model: haploid
Loaded Transition Model: model
Loaded Post Processing Model: Standard
Minimum Genetic Map: 0.0025
Maximum Genetic Map: 1.1771
Gaps bigger than 0.1 cM: 179
Maximum Gap: 0.4764 cM
Loaded Transition and Emission Matrix:
(3, 3)
(5009, 21135)
Loaded Observations:
(2, 21135)
Memory Usage: 1188.57728 mB
Reference Number: 5008
Total Log likelihood: -7895.910
Memory Usage: 1188.57728 mB
Finished Calculation State Posteriors
Saved Zero State Posterior to ./Empirical/Eigenstrat/Reichall/I0867/chr18/.
Successfully loaded for PP. from ./Empirical/Eigenstrat/Reichall/I0867/chr18/
Fraction Markers in ROH: 0.3796
Merged n=0 gaps < 0.0 M
Called n=5 ROH Blocks > 1.0 cM
Longest Block: 2.762
Successfully saved to ./Empirical/Eigenstrat/Reichall/I0867/chr18/roh.csv
Using Low-Mem Cython Linear Speed Up.
Loaded Pre Processing Model: Eigenstrat
Loading Individual: I0867

Loaded 18460 variants
Loaded 2504 individuals
HDF5 loaded from ./Data/1000Genomes/HDF5/1240kHDF5/all1240/chr19.hdf5
3 Eigenstrat Files with 5081 Individuals and 1233013 SNPs

Intersection on Positions: 18460
Nr of Matching Refs: 18460 / 18460
Full Intersection Ref/Alt Identical: 18441 / 18460
2504 / 2504 Individuals included in Reference
Extraction of 5008 Haplotypes complete
Reduced to markers called 13954 / 18441
(Fraction SNP: 0.7566834770348679)
Successfully saved to: ./Empirical/Eigenstrat/Reichall/I0867/chr19/
Successfully loaded Data from: ./Empirical/Eigenstrat/Reichall/I0867/chr19/
Loaded Emission Model: haploid
Loaded Transition Model: model
Loaded Post Processing Model: Standard
Minimum Genetic Map: 0.0000
Maximum Genetic Map: 1.0773
Gaps bigger than 0.1 cM: 174
Maximum Gap: 0.5964 cM
Loaded Transition and Emission Matrix:
(3, 3)
(5009, 13954)
Loaded Observations:
(2, 13954)
Memory Usage: 865.230848 mB
Reference Number: 5008
Total Log likelihood: -5449.486
Memory Usage: 865.230848 mB
Finished Calculation State Posteriors
Saved Zero State Posterior to ./Empirical/Eigenstrat/Reichall/I0867/chr19/.
Successfully loaded for PP. from ./Empirical/Eigenstrat/Reichall/I0867/chr19/
Fraction Markers in ROH: 0.3784
Merged n=0 gaps < 0.0 M
Called n=5 ROH Blocks > 1.0 cM
Longest Block: 1.873
Successfully saved to ./Empirical/Eigenstrat/Reichall/I0867/chr19/roh.csv
Using Low-Mem Cython Linear Speed Up.
Loaded Pre Processing Model: Eigenstrat
Loading Individual: I0867

Loaded 29078 variants
Loaded 2504 individuals
HDF5 loaded from ./Data/1000Genomes/HDF5/1240kHDF5/all1240/chr20.hdf5
3 Eigenstrat Files with 5081 Individuals and 1233013 SNPs

Intersection on Positions: 29078
Nr of Matching Refs: 29078 / 29078
Full Intersection Ref/Alt Identical: 29053 / 29078
2504 / 2504 Individuals included in Reference
Extraction of 5008 Haplotypes complete
Reduced to markers called 20500 / 29053
(Fraction SNP: 0.705606994114205)
Successfully saved to: ./Empirical/Eigenstrat/Reichall/I0867/chr20/
Successfully loaded Data from: ./Empirical/Eigenstrat/Reichall/I0867/chr20/
Loaded Emission Model: haploid
Loaded Transition Model: model
Loaded Post Processing Model: Standard
Minimum Genetic Map: 0.0006
Maximum Genetic Map: 1.0821
Gaps bigger than 0.1 cM: 160
Maximum Gap: 0.5669 cM
Loaded Transition and Emission Matrix:
(3, 3)
(5009, 20500)
Loaded Observations:
(2, 20500)
Memory Usage: 1160.33536 mB
Reference Number: 5008
Total Log likelihood: -7783.427
Memory Usage: 1160.33536 mB
Finished Calculation State Posteriors
Saved Zero State Posterior to ./Empirical/Eigenstrat/Reichall/I0867/chr20/.
Successfully loaded for PP. from ./Empirical/Eigenstrat/Reichall/I0867/chr20/
Fraction Markers in ROH: 0.3686
Merged n=0 gaps < 0.0 M
Called n=6 ROH Blocks > 1.0 cM
Longest Block: 1.849
Successfully saved to ./Empirical/Eigenstrat/Reichall/I0867/chr20/roh.csv
Using Low-Mem Cython Linear Speed Up.
Loaded Pre Processing Model: Eigenstrat
Loading Individual: I0867

Loaded 16038 variants
Loaded 2504 individuals
HDF5 loaded from ./Data/1000Genomes/HDF5/1240kHDF5/all1240/chr21.hdf5
3 Eigenstrat Files with 5081 Individuals and 1233013 SNPs

Intersection on Positions: 16038
Nr of Matching Refs: 16038 / 16038
Full Intersection Ref/Alt Identical: 16031 / 16038
2504 / 2504 Individuals included in Reference
Extraction of 5008 Haplotypes complete
Reduced to markers called 10182 / 16031
(Fraction SNP: 0.6351444077100618)
Successfully saved to: ./Empirical/Eigenstrat/Reichall/I0867/chr21/
Successfully loaded Data from: ./Empirical/Eigenstrat/Reichall/I0867/chr21/
Loaded Emission Model: haploid
Loaded Transition Model: model
Loaded Post Processing Model: Standard
Minimum Genetic Map: -0.0085
Maximum Genetic Map: 0.6279
Gaps bigger than 0.1 cM: 109
Maximum Gap: 1.7201 cM
Loaded Transition and Emission Matrix:
(3, 3)
(5009, 10182)
Loaded Observations:
(2, 10182)
Memory Usage: 698.220544 mB
Reference Number: 5008
Total Log likelihood: -3819.445
Memory Usage: 698.220544 mB
Finished Calculation State Posteriors
Saved Zero State Posterior to ./Empirical/Eigenstrat/Reichall/I0867/chr21/.
Successfully loaded for PP. from ./Empirical/Eigenstrat/Reichall/I0867/chr21/
Fraction Markers in ROH: 0.4230
Merged n=0 gaps < 0.0 M
Called n=4 ROH Blocks > 1.0 cM
Longest Block: 1.925
Successfully saved to ./Empirical/Eigenstrat/Reichall/I0867/chr21/roh.csv
Using Low-Mem Cython Linear Speed Up.
Loaded Pre Processing Model: Eigenstrat
Loading Individual: I0867

Loaded 15802 variants
Loaded 2504 individuals
HDF5 loaded from ./Data/1000Genomes/HDF5/1240kHDF5/all1240/chr22.hdf5
3 Eigenstrat Files with 5081 Individuals and 1233013 SNPs

Intersection on Positions: 15802
Nr of Matching Refs: 15802 / 15802
Full Intersection Ref/Alt Identical: 15793 / 15802
2504 / 2504 Individuals included in Reference
Extraction of 5008 Haplotypes complete
Reduced to markers called 12240 / 15793
(Fraction SNP: 0.77502691065662)
Successfully saved to: ./Empirical/Eigenstrat/Reichall/I0867/chr22/
Successfully loaded Data from: ./Empirical/Eigenstrat/Reichall/I0867/chr22/
Loaded Emission Model: haploid
Loaded Transition Model: model
Loaded Post Processing Model: Standard
Minimum Genetic Map: 0.0178
Maximum Genetic Map: 0.7408
Gaps bigger than 0.1 cM: 89
Maximum Gap: 1.6949 cM
Loaded Transition and Emission Matrix:
(3, 3)
(5009, 12240)
Loaded Observations:
(2, 12240)
Memory Usage: 791.556096 mB
Reference Number: 5008
Total Log likelihood: -4832.014
Memory Usage: 791.556096 mB
Finished Calculation State Posteriors
Saved Zero State Posterior to ./Empirical/Eigenstrat/Reichall/I0867/chr22/.
Successfully loaded for PP. from ./Empirical/Eigenstrat/Reichall/I0867/chr22/
Fraction Markers in ROH: 0.3569
Merged n=0 gaps < 0.0 M
Called n=2 ROH Blocks > 1.0 cM
Longest Block: 2.533
Successfully saved to ./Empirical/Eigenstrat/Reichall/I0867/chr22/roh.csv
