Loaded 2106 / 5081 ancient Indivdiuals Anno File.
Doing Individual E09538...
Using Low-Mem Cython Linear Speed Up.
Loaded Pre Processing Model: Eigenstrat
Loading Individual: E09538

Loaded 89147 variants
Loaded 2504 individuals
HDF5 loaded from ./Data/1000Genomes/HDF5/1240kHDF5/all1240/chr1.hdf5
3 Eigenstrat Files with 5081 Individuals and 1233013 SNPs

Intersection on Positions: 89147
Nr of Matching Refs: 89147 / 89147
Full Intersection Ref/Alt Identical: 89082 / 89147
2504 / 2504 Individuals included in Reference
Extraction of 5008 Haplotypes complete
Reduced to markers called 43292 / 89082
(Fraction SNP: 0.48597921016591455)
Successfully saved to: ./Empirical/Eigenstrat/Reichall/E09538/chr1/
Successfully loaded Data from: ./Empirical/Eigenstrat/Reichall/E09538/chr1/
Loaded Emission Model: haploid
Loaded Transition Model: model
Loaded Post Processing Model: Standard
Minimum Genetic Map: 0.0225
Maximum Genetic Map: 2.8627
Gaps bigger than 0.1 cM: 426
Maximum Gap: 3.3427 cM
Loaded Transition and Emission Matrix:
(3, 3)
(5009, 43292)
Loaded Observations:
(2, 43292)
Memory Usage: 2146.32448 mB
Reference Number: 5008
Total Log likelihood: -15489.576
Memory Usage: 2146.787328 mB
Finished Calculation State Posteriors
Saved Zero State Posterior to ./Empirical/Eigenstrat/Reichall/E09538/chr1/.
Successfully loaded for PP. from ./Empirical/Eigenstrat/Reichall/E09538/chr1/
Fraction Markers in ROH: 0.4065
Merged n=0 gaps < 0.0 M
Called n=13 ROH Blocks > 1.0 cM
Longest Block: 1.720
Successfully saved to ./Empirical/Eigenstrat/Reichall/E09538/chr1/roh.csv
Using Low-Mem Cython Linear Speed Up.
Loaded Pre Processing Model: Eigenstrat
Loading Individual: E09538

Loaded 94239 variants
Loaded 2504 individuals
HDF5 loaded from ./Data/1000Genomes/HDF5/1240kHDF5/all1240/chr2.hdf5
3 Eigenstrat Files with 5081 Individuals and 1233013 SNPs

Intersection on Positions: 94239
Nr of Matching Refs: 94239 / 94239
Full Intersection Ref/Alt Identical: 94173 / 94239
2504 / 2504 Individuals included in Reference
Extraction of 5008 Haplotypes complete
Reduced to markers called 42378 / 94173
(Fraction SNP: 0.4500015928132267)
Successfully saved to: ./Empirical/Eigenstrat/Reichall/E09538/chr2/
Successfully loaded Data from: ./Empirical/Eigenstrat/Reichall/E09538/chr2/
Loaded Emission Model: haploid
Loaded Transition Model: model
Loaded Post Processing Model: Standard
Minimum Genetic Map: 0.0001
Maximum Genetic Map: 2.6883
Gaps bigger than 0.1 cM: 400
Maximum Gap: 2.1111 cM
Loaded Transition and Emission Matrix:
(3, 3)
(5009, 42378)
Loaded Observations:
(2, 42378)
Memory Usage: 2144.514048 mB
Reference Number: 5008
Total Log likelihood: -15722.043
Memory Usage: 2144.514048 mB
Finished Calculation State Posteriors
Saved Zero State Posterior to ./Empirical/Eigenstrat/Reichall/E09538/chr2/.
Successfully loaded for PP. from ./Empirical/Eigenstrat/Reichall/E09538/chr2/
Fraction Markers in ROH: 0.3970
Merged n=0 gaps < 0.0 M
Called n=19 ROH Blocks > 1.0 cM
Longest Block: 2.007
Successfully saved to ./Empirical/Eigenstrat/Reichall/E09538/chr2/roh.csv
Using Low-Mem Cython Linear Speed Up.
Loaded Pre Processing Model: Eigenstrat
Loading Individual: E09538

Loaded 77652 variants
Loaded 2504 individuals
HDF5 loaded from ./Data/1000Genomes/HDF5/1240kHDF5/all1240/chr3.hdf5
3 Eigenstrat Files with 5081 Individuals and 1233013 SNPs

Intersection on Positions: 77652
Nr of Matching Refs: 77652 / 77652
Full Intersection Ref/Alt Identical: 77601 / 77652
2504 / 2504 Individuals included in Reference
Extraction of 5008 Haplotypes complete
Reduced to markers called 34113 / 77601
(Fraction SNP: 0.4395948505818224)
Successfully saved to: ./Empirical/Eigenstrat/Reichall/E09538/chr3/
Successfully loaded Data from: ./Empirical/Eigenstrat/Reichall/E09538/chr3/
Loaded Emission Model: haploid
Loaded Transition Model: model
Loaded Post Processing Model: Standard
Minimum Genetic Map: 0.0000
Maximum Genetic Map: 2.2326
Gaps bigger than 0.1 cM: 363
Maximum Gap: 0.3297 cM
Loaded Transition and Emission Matrix:
(3, 3)
(5009, 34113)
Loaded Observations:
(2, 34113)
Memory Usage: 1772.552192 mB
Reference Number: 5008
Total Log likelihood: -12469.276
Memory Usage: 1772.552192 mB
Finished Calculation State Posteriors
Saved Zero State Posterior to ./Empirical/Eigenstrat/Reichall/E09538/chr3/.
Successfully loaded for PP. from ./Empirical/Eigenstrat/Reichall/E09538/chr3/
Fraction Markers in ROH: 0.4065
Merged n=0 gaps < 0.0 M
Called n=15 ROH Blocks > 1.0 cM
Longest Block: 1.657
Successfully saved to ./Empirical/Eigenstrat/Reichall/E09538/chr3/roh.csv
Using Low-Mem Cython Linear Speed Up.
Loaded Pre Processing Model: Eigenstrat
Loading Individual: E09538

Loaded 68759 variants
Loaded 2504 individuals
HDF5 loaded from ./Data/1000Genomes/HDF5/1240kHDF5/all1240/chr4.hdf5
3 Eigenstrat Files with 5081 Individuals and 1233013 SNPs

Intersection on Positions: 68759
Nr of Matching Refs: 68759 / 68759
Full Intersection Ref/Alt Identical: 68720 / 68759
2504 / 2504 Individuals included in Reference
Extraction of 5008 Haplotypes complete
Reduced to markers called 27196 / 68720
(Fraction SNP: 0.3957508731082654)
Successfully saved to: ./Empirical/Eigenstrat/Reichall/E09538/chr4/
Successfully loaded Data from: ./Empirical/Eigenstrat/Reichall/E09538/chr4/
Loaded Emission Model: haploid
Loaded Transition Model: model
Loaded Post Processing Model: Standard
Minimum Genetic Map: 0.0034
Maximum Genetic Map: 2.1454
Gaps bigger than 0.1 cM: 350
Maximum Gap: 2.1472 cM
Loaded Transition and Emission Matrix:
(3, 3)
(5009, 27196)
Loaded Observations:
(2, 27196)
Memory Usage: 1460.932608 mB
Reference Number: 5008
Total Log likelihood: -10450.040
Memory Usage: 1460.932608 mB
Finished Calculation State Posteriors
Saved Zero State Posterior to ./Empirical/Eigenstrat/Reichall/E09538/chr4/.
Successfully loaded for PP. from ./Empirical/Eigenstrat/Reichall/E09538/chr4/
Fraction Markers in ROH: 0.3299
Merged n=0 gaps < 0.0 M
Called n=9 ROH Blocks > 1.0 cM
Longest Block: 2.774
Successfully saved to ./Empirical/Eigenstrat/Reichall/E09538/chr4/roh.csv
Using Low-Mem Cython Linear Speed Up.
Loaded Pre Processing Model: Eigenstrat
Loading Individual: E09538

Loaded 69399 variants
Loaded 2504 individuals
HDF5 loaded from ./Data/1000Genomes/HDF5/1240kHDF5/all1240/chr5.hdf5
3 Eigenstrat Files with 5081 Individuals and 1233013 SNPs

Intersection on Positions: 69399
Nr of Matching Refs: 69399 / 69399
Full Intersection Ref/Alt Identical: 69354 / 69399
2504 / 2504 Individuals included in Reference
Extraction of 5008 Haplotypes complete
Reduced to markers called 30249 / 69354
(Fraction SNP: 0.4361536465092136)
Successfully saved to: ./Empirical/Eigenstrat/Reichall/E09538/chr5/
Successfully loaded Data from: ./Empirical/Eigenstrat/Reichall/E09538/chr5/
Loaded Emission Model: haploid
Loaded Transition Model: model
Loaded Post Processing Model: Standard
Minimum Genetic Map: 0.0005
Maximum Genetic Map: 2.0409
Gaps bigger than 0.1 cM: 333
Maximum Gap: 1.0985 cM
Loaded Transition and Emission Matrix:
(3, 3)
(5009, 30249)
Loaded Observations:
(2, 30249)
Memory Usage: 1598.492672 mB
Reference Number: 5008
Total Log likelihood: -11159.308
Memory Usage: 1598.492672 mB
Finished Calculation State Posteriors
Saved Zero State Posterior to ./Empirical/Eigenstrat/Reichall/E09538/chr5/.
Successfully loaded for PP. from ./Empirical/Eigenstrat/Reichall/E09538/chr5/
Fraction Markers in ROH: 0.4190
Merged n=0 gaps < 0.0 M
Called n=10 ROH Blocks > 1.0 cM
Longest Block: 1.834
Successfully saved to ./Empirical/Eigenstrat/Reichall/E09538/chr5/roh.csv
Using Low-Mem Cython Linear Speed Up.
Loaded Pre Processing Model: Eigenstrat
Loading Individual: E09538

Loaded 75870 variants
Loaded 2504 individuals
HDF5 loaded from ./Data/1000Genomes/HDF5/1240kHDF5/all1240/chr6.hdf5
3 Eigenstrat Files with 5081 Individuals and 1233013 SNPs

Intersection on Positions: 75870
Nr of Matching Refs: 75870 / 75870
Full Intersection Ref/Alt Identical: 75816 / 75870
2504 / 2504 Individuals included in Reference
Extraction of 5008 Haplotypes complete
Reduced to markers called 34028 / 75816
(Fraction SNP: 0.44882346734198586)
Successfully saved to: ./Empirical/Eigenstrat/Reichall/E09538/chr6/
Successfully loaded Data from: ./Empirical/Eigenstrat/Reichall/E09538/chr6/
Loaded Emission Model: haploid
Loaded Transition Model: model
Loaded Post Processing Model: Standard
Minimum Genetic Map: 0.0035
Maximum Genetic Map: 1.9203
Gaps bigger than 0.1 cM: 280
Maximum Gap: 0.5149 cM
Loaded Transition and Emission Matrix:
(3, 3)
(5009, 34028)
Loaded Observations:
(2, 34028)
Memory Usage: 1768.869888 mB
Reference Number: 5008
Total Log likelihood: -12181.596
Memory Usage: 1768.869888 mB
Finished Calculation State Posteriors
Saved Zero State Posterior to ./Empirical/Eigenstrat/Reichall/E09538/chr6/.
Successfully loaded for PP. from ./Empirical/Eigenstrat/Reichall/E09538/chr6/
Fraction Markers in ROH: 0.4154
Merged n=0 gaps < 0.0 M
Called n=7 ROH Blocks > 1.0 cM
Longest Block: 1.500
Successfully saved to ./Empirical/Eigenstrat/Reichall/E09538/chr6/roh.csv
Using Low-Mem Cython Linear Speed Up.
Loaded Pre Processing Model: Eigenstrat
Loading Individual: E09538

Loaded 59890 variants
Loaded 2504 individuals
HDF5 loaded from ./Data/1000Genomes/HDF5/1240kHDF5/all1240/chr7.hdf5
3 Eigenstrat Files with 5081 Individuals and 1233013 SNPs

Intersection on Positions: 59890
Nr of Matching Refs: 59890 / 59890
Full Intersection Ref/Alt Identical: 59836 / 59890
2504 / 2504 Individuals included in Reference
Extraction of 5008 Haplotypes complete
Reduced to markers called 26458 / 59836
(Fraction SNP: 0.44217527909619625)
Successfully saved to: ./Empirical/Eigenstrat/Reichall/E09538/chr7/
Successfully loaded Data from: ./Empirical/Eigenstrat/Reichall/E09538/chr7/
Loaded Emission Model: haploid
Loaded Transition Model: model
Loaded Post Processing Model: Standard
Minimum Genetic Map: 0.0001
Maximum Genetic Map: 1.8715
Gaps bigger than 0.1 cM: 307
Maximum Gap: 0.8484 cM
Loaded Transition and Emission Matrix:
(3, 3)
(5009, 26458)
Loaded Observations:
(2, 26458)
Memory Usage: 1428.160512 mB
Reference Number: 5008
Total Log likelihood: -10144.626
Memory Usage: 1428.160512 mB
Finished Calculation State Posteriors
Saved Zero State Posterior to ./Empirical/Eigenstrat/Reichall/E09538/chr7/.
Successfully loaded for PP. from ./Empirical/Eigenstrat/Reichall/E09538/chr7/
Fraction Markers in ROH: 0.3503
Merged n=0 gaps < 0.0 M
Called n=5 ROH Blocks > 1.0 cM
Longest Block: 3.778
Successfully saved to ./Empirical/Eigenstrat/Reichall/E09538/chr7/roh.csv
Using Low-Mem Cython Linear Speed Up.
Loaded Pre Processing Model: Eigenstrat
Loading Individual: E09538

Loaded 61133 variants
Loaded 2504 individuals
HDF5 loaded from ./Data/1000Genomes/HDF5/1240kHDF5/all1240/chr8.hdf5
3 Eigenstrat Files with 5081 Individuals and 1233013 SNPs

Intersection on Positions: 61133
Nr of Matching Refs: 61133 / 61133
Full Intersection Ref/Alt Identical: 61091 / 61133
2504 / 2504 Individuals included in Reference
Extraction of 5008 Haplotypes complete
Reduced to markers called 27085 / 61091
(Fraction SNP: 0.4433549950074479)
Successfully saved to: ./Empirical/Eigenstrat/Reichall/E09538/chr8/
Successfully loaded Data from: ./Empirical/Eigenstrat/Reichall/E09538/chr8/
Loaded Emission Model: haploid
Loaded Transition Model: model
Loaded Post Processing Model: Standard
Minimum Genetic Map: 0.0000
Maximum Genetic Map: 1.6800
Gaps bigger than 0.1 cM: 245
Maximum Gap: 1.9070 cM
Loaded Transition and Emission Matrix:
(3, 3)
(5009, 27085)
Loaded Observations:
(2, 27085)
Memory Usage: 1456.951296 mB
Reference Number: 5008
Total Log likelihood: -9998.830
Memory Usage: 1456.951296 mB
Finished Calculation State Posteriors
Saved Zero State Posterior to ./Empirical/Eigenstrat/Reichall/E09538/chr8/.
Successfully loaded for PP. from ./Empirical/Eigenstrat/Reichall/E09538/chr8/
Fraction Markers in ROH: 0.3917
Merged n=0 gaps < 0.0 M
Called n=9 ROH Blocks > 1.0 cM
Longest Block: 1.892
Successfully saved to ./Empirical/Eigenstrat/Reichall/E09538/chr8/roh.csv
Using Low-Mem Cython Linear Speed Up.
Loaded Pre Processing Model: Eigenstrat
Loading Individual: E09538

Loaded 50668 variants
Loaded 2504 individuals
HDF5 loaded from ./Data/1000Genomes/HDF5/1240kHDF5/all1240/chr9.hdf5
3 Eigenstrat Files with 5081 Individuals and 1233013 SNPs

Intersection on Positions: 50668
Nr of Matching Refs: 50668 / 50668
Full Intersection Ref/Alt Identical: 50629 / 50668
2504 / 2504 Individuals included in Reference
Extraction of 5008 Haplotypes complete
Reduced to markers called 23420 / 50629
(Fraction SNP: 0.4625807343617294)
Successfully saved to: ./Empirical/Eigenstrat/Reichall/E09538/chr9/
Successfully loaded Data from: ./Empirical/Eigenstrat/Reichall/E09538/chr9/
Loaded Emission Model: haploid
Loaded Transition Model: model
Loaded Post Processing Model: Standard
Minimum Genetic Map: 0.0017
Maximum Genetic Map: 1.6630
Gaps bigger than 0.1 cM: 287
Maximum Gap: 1.8819 cM
Loaded Transition and Emission Matrix:
(3, 3)
(5009, 23420)
Loaded Observations:
(2, 23420)
Memory Usage: 1291.55072 mB
Reference Number: 5008
Total Log likelihood: -8899.455
Memory Usage: 1291.55072 mB
Finished Calculation State Posteriors
Saved Zero State Posterior to ./Empirical/Eigenstrat/Reichall/E09538/chr9/.
Successfully loaded for PP. from ./Empirical/Eigenstrat/Reichall/E09538/chr9/
Fraction Markers in ROH: 0.3605
Merged n=0 gaps < 0.0 M
Called n=8 ROH Blocks > 1.0 cM
Longest Block: 1.466
Successfully saved to ./Empirical/Eigenstrat/Reichall/E09538/chr9/roh.csv
Using Low-Mem Cython Linear Speed Up.
Loaded Pre Processing Model: Eigenstrat
Loading Individual: E09538

Loaded 58804 variants
Loaded 2504 individuals
HDF5 loaded from ./Data/1000Genomes/HDF5/1240kHDF5/all1240/chr10.hdf5
3 Eigenstrat Files with 5081 Individuals and 1233013 SNPs

Intersection on Positions: 58804
Nr of Matching Refs: 58804 / 58804
Full Intersection Ref/Alt Identical: 58763 / 58804
2504 / 2504 Individuals included in Reference
Extraction of 5008 Haplotypes complete
Reduced to markers called 28182 / 58763
(Fraction SNP: 0.47958749553290336)
Successfully saved to: ./Empirical/Eigenstrat/Reichall/E09538/chr10/
Successfully loaded Data from: ./Empirical/Eigenstrat/Reichall/E09538/chr10/
Loaded Emission Model: haploid
Loaded Transition Model: model
Loaded Post Processing Model: Standard
Minimum Genetic Map: 0.0001
Maximum Genetic Map: 1.8091
Gaps bigger than 0.1 cM: 280
Maximum Gap: 2.0343 cM
Loaded Transition and Emission Matrix:
(3, 3)
(5009, 28182)
Loaded Observations:
(2, 28182)
Memory Usage: 1506.500608 mB
Reference Number: 5008
Total Log likelihood: -10776.534
Memory Usage: 1506.500608 mB
Finished Calculation State Posteriors
Saved Zero State Posterior to ./Empirical/Eigenstrat/Reichall/E09538/chr10/.
Successfully loaded for PP. from ./Empirical/Eigenstrat/Reichall/E09538/chr10/
Fraction Markers in ROH: 0.3517
Merged n=0 gaps < 0.0 M
Called n=7 ROH Blocks > 1.0 cM
Longest Block: 1.648
Successfully saved to ./Empirical/Eigenstrat/Reichall/E09538/chr10/roh.csv
Using Low-Mem Cython Linear Speed Up.
Loaded Pre Processing Model: Eigenstrat
Loading Individual: E09538

Loaded 54833 variants
Loaded 2504 individuals
HDF5 loaded from ./Data/1000Genomes/HDF5/1240kHDF5/all1240/chr11.hdf5
3 Eigenstrat Files with 5081 Individuals and 1233013 SNPs

Intersection on Positions: 54833
Nr of Matching Refs: 54833 / 54833
Full Intersection Ref/Alt Identical: 54796 / 54833
2504 / 2504 Individuals included in Reference
Extraction of 5008 Haplotypes complete
Reduced to markers called 25840 / 54796
(Fraction SNP: 0.47156726768377255)
Successfully saved to: ./Empirical/Eigenstrat/Reichall/E09538/chr11/
Successfully loaded Data from: ./Empirical/Eigenstrat/Reichall/E09538/chr11/
Loaded Emission Model: haploid
Loaded Transition Model: model
Loaded Post Processing Model: Standard
Minimum Genetic Map: 0.0000
Maximum Genetic Map: 1.5822
Gaps bigger than 0.1 cM: 253
Maximum Gap: 0.5366 cM
Loaded Transition and Emission Matrix:
(3, 3)
(5009, 25840)
Loaded Observations:
(2, 25840)
Memory Usage: 1400.983552 mB
Reference Number: 5008
Total Log likelihood: -9502.900
Memory Usage: 1400.983552 mB
Finished Calculation State Posteriors
Saved Zero State Posterior to ./Empirical/Eigenstrat/Reichall/E09538/chr11/.
Successfully loaded for PP. from ./Empirical/Eigenstrat/Reichall/E09538/chr11/
Fraction Markers in ROH: 0.4402
Merged n=0 gaps < 0.0 M
Called n=4 ROH Blocks > 1.0 cM
Longest Block: 1.170
Successfully saved to ./Empirical/Eigenstrat/Reichall/E09538/chr11/roh.csv
Using Low-Mem Cython Linear Speed Up.
Loaded Pre Processing Model: Eigenstrat
Loading Individual: E09538

Loaded 53911 variants
Loaded 2504 individuals
HDF5 loaded from ./Data/1000Genomes/HDF5/1240kHDF5/all1240/chr12.hdf5
3 Eigenstrat Files with 5081 Individuals and 1233013 SNPs

Intersection on Positions: 53911
Nr of Matching Refs: 53911 / 53911
Full Intersection Ref/Alt Identical: 53884 / 53911
2504 / 2504 Individuals included in Reference
Extraction of 5008 Haplotypes complete
Reduced to markers called 24611 / 53884
(Fraction SNP: 0.4567404053151214)
Successfully saved to: ./Empirical/Eigenstrat/Reichall/E09538/chr12/
Successfully loaded Data from: ./Empirical/Eigenstrat/Reichall/E09538/chr12/
Loaded Emission Model: haploid
Loaded Transition Model: model
Loaded Post Processing Model: Standard
Minimum Genetic Map: 0.0017
Maximum Genetic Map: 1.7468
Gaps bigger than 0.1 cM: 304
Maximum Gap: 0.8437 cM
Loaded Transition and Emission Matrix:
(3, 3)
(5009, 24611)
Loaded Observations:
(2, 24611)
Memory Usage: 1344.86016 mB
Reference Number: 5008
Total Log likelihood: -9253.800
Memory Usage: 1344.86016 mB
Finished Calculation State Posteriors
Saved Zero State Posterior to ./Empirical/Eigenstrat/Reichall/E09538/chr12/.
Successfully loaded for PP. from ./Empirical/Eigenstrat/Reichall/E09538/chr12/
Fraction Markers in ROH: 0.3591
Merged n=0 gaps < 0.0 M
Called n=8 ROH Blocks > 1.0 cM
Longest Block: 1.630
Successfully saved to ./Empirical/Eigenstrat/Reichall/E09538/chr12/roh.csv
Using Low-Mem Cython Linear Speed Up.
Loaded Pre Processing Model: Eigenstrat
Loading Individual: E09538

Loaded 39018 variants
Loaded 2504 individuals
HDF5 loaded from ./Data/1000Genomes/HDF5/1240kHDF5/all1240/chr13.hdf5
3 Eigenstrat Files with 5081 Individuals and 1233013 SNPs

Intersection on Positions: 39018
Nr of Matching Refs: 39018 / 39018
Full Intersection Ref/Alt Identical: 38994 / 39018
2504 / 2504 Individuals included in Reference
Extraction of 5008 Haplotypes complete
Reduced to markers called 15754 / 38994
(Fraction SNP: 0.40401087346771297)
Successfully saved to: ./Empirical/Eigenstrat/Reichall/E09538/chr13/
Successfully loaded Data from: ./Empirical/Eigenstrat/Reichall/E09538/chr13/
Loaded Emission Model: haploid
Loaded Transition Model: model
Loaded Post Processing Model: Standard
Minimum Genetic Map: 0.0021
Maximum Genetic Map: 1.2570
Gaps bigger than 0.1 cM: 234
Maximum Gap: 1.2216 cM
Loaded Transition and Emission Matrix:
(3, 3)
(5009, 15754)
Loaded Observations:
(2, 15754)
Memory Usage: 945.733632 mB
Reference Number: 5008
Total Log likelihood: -6010.155
Memory Usage: 945.733632 mB
Finished Calculation State Posteriors
Saved Zero State Posterior to ./Empirical/Eigenstrat/Reichall/E09538/chr13/.
Successfully loaded for PP. from ./Empirical/Eigenstrat/Reichall/E09538/chr13/
Fraction Markers in ROH: 0.3589
Merged n=0 gaps < 0.0 M
Called n=6 ROH Blocks > 1.0 cM
Longest Block: 1.902
Successfully saved to ./Empirical/Eigenstrat/Reichall/E09538/chr13/roh.csv
Using Low-Mem Cython Linear Speed Up.
Loaded Pre Processing Model: Eigenstrat
Loading Individual: E09538

Loaded 36301 variants
Loaded 2504 individuals
HDF5 loaded from ./Data/1000Genomes/HDF5/1240kHDF5/all1240/chr14.hdf5
3 Eigenstrat Files with 5081 Individuals and 1233013 SNPs

Intersection on Positions: 36301
Nr of Matching Refs: 36301 / 36301
Full Intersection Ref/Alt Identical: 36280 / 36301
2504 / 2504 Individuals included in Reference
Extraction of 5008 Haplotypes complete
Reduced to markers called 16661 / 36280
(Fraction SNP: 0.4592337375964719)
Successfully saved to: ./Empirical/Eigenstrat/Reichall/E09538/chr14/
Successfully loaded Data from: ./Empirical/Eigenstrat/Reichall/E09538/chr14/
Loaded Emission Model: haploid
Loaded Transition Model: model
Loaded Post Processing Model: Standard
Minimum Genetic Map: 0.0184
Maximum Genetic Map: 1.2020
Gaps bigger than 0.1 cM: 203
Maximum Gap: 3.0853 cM
Loaded Transition and Emission Matrix:
(3, 3)
(5009, 16661)
Loaded Observations:
(2, 16661)
Memory Usage: 987.254784 mB
Reference Number: 5008
Total Log likelihood: -6330.480
Memory Usage: 987.254784 mB
Finished Calculation State Posteriors
Saved Zero State Posterior to ./Empirical/Eigenstrat/Reichall/E09538/chr14/.
Successfully loaded for PP. from ./Empirical/Eigenstrat/Reichall/E09538/chr14/
Fraction Markers in ROH: 0.4136
Merged n=0 gaps < 0.0 M
Called n=6 ROH Blocks > 1.0 cM
Longest Block: 1.825
Successfully saved to ./Empirical/Eigenstrat/Reichall/E09538/chr14/roh.csv
Using Low-Mem Cython Linear Speed Up.
Loaded Pre Processing Model: Eigenstrat
Loading Individual: E09538

Loaded 34429 variants
Loaded 2504 individuals
HDF5 loaded from ./Data/1000Genomes/HDF5/1240kHDF5/all1240/chr15.hdf5
3 Eigenstrat Files with 5081 Individuals and 1233013 SNPs

Intersection on Positions: 34429
Nr of Matching Refs: 34429 / 34429
Full Intersection Ref/Alt Identical: 34407 / 34429
2504 / 2504 Individuals included in Reference
Extraction of 5008 Haplotypes complete
Reduced to markers called 16953 / 34407
(Fraction SNP: 0.49271950475194)
Successfully saved to: ./Empirical/Eigenstrat/Reichall/E09538/chr15/
Successfully loaded Data from: ./Empirical/Eigenstrat/Reichall/E09538/chr15/
Loaded Emission Model: haploid
Loaded Transition Model: model
Loaded Post Processing Model: Standard
Minimum Genetic Map: 0.0002
Maximum Genetic Map: 1.4134
Gaps bigger than 0.1 cM: 201
Maximum Gap: 13.7349 cM
Loaded Transition and Emission Matrix:
(3, 3)
(5009, 16953)
Loaded Observations:
(2, 16953)
Memory Usage: 1000.255488 mB
Reference Number: 5008
Total Log likelihood: -6446.400
Memory Usage: 1000.255488 mB
Finished Calculation State Posteriors
Saved Zero State Posterior to ./Empirical/Eigenstrat/Reichall/E09538/chr15/.
Successfully loaded for PP. from ./Empirical/Eigenstrat/Reichall/E09538/chr15/
Fraction Markers in ROH: 0.3609
Merged n=0 gaps < 0.0 M
Called n=5 ROH Blocks > 1.0 cM
Longest Block: 2.467
Successfully saved to ./Empirical/Eigenstrat/Reichall/E09538/chr15/roh.csv
Using Low-Mem Cython Linear Speed Up.
Loaded Pre Processing Model: Eigenstrat
Loading Individual: E09538

Loaded 34402 variants
Loaded 2504 individuals
HDF5 loaded from ./Data/1000Genomes/HDF5/1240kHDF5/all1240/chr16.hdf5
3 Eigenstrat Files with 5081 Individuals and 1233013 SNPs

Intersection on Positions: 34402
Nr of Matching Refs: 34402 / 34402
Full Intersection Ref/Alt Identical: 34375 / 34402
2504 / 2504 Individuals included in Reference
Extraction of 5008 Haplotypes complete
Reduced to markers called 18240 / 34375
(Fraction SNP: 0.5306181818181818)
Successfully saved to: ./Empirical/Eigenstrat/Reichall/E09538/chr16/
Successfully loaded Data from: ./Empirical/Eigenstrat/Reichall/E09538/chr16/
Loaded Emission Model: haploid
Loaded Transition Model: model
Loaded Post Processing Model: Standard
Minimum Genetic Map: -0.0000
Maximum Genetic Map: 1.3403
Gaps bigger than 0.1 cM: 223
Maximum Gap: 1.0676 cM
Loaded Transition and Emission Matrix:
(3, 3)
(5009, 18240)
Loaded Observations:
(2, 18240)
Memory Usage: 1058.598912 mB
Reference Number: 5008
Total Log likelihood: -6800.948
Memory Usage: 1058.598912 mB
Finished Calculation State Posteriors
Saved Zero State Posterior to ./Empirical/Eigenstrat/Reichall/E09538/chr16/.
Successfully loaded for PP. from ./Empirical/Eigenstrat/Reichall/E09538/chr16/
Fraction Markers in ROH: 0.4241
Merged n=0 gaps < 0.0 M
Called n=12 ROH Blocks > 1.0 cM
Longest Block: 2.204
Successfully saved to ./Empirical/Eigenstrat/Reichall/E09538/chr16/roh.csv
Using Low-Mem Cython Linear Speed Up.
Loaded Pre Processing Model: Eigenstrat
Loading Individual: E09538

Loaded 29314 variants
Loaded 2504 individuals
HDF5 loaded from ./Data/1000Genomes/HDF5/1240kHDF5/all1240/chr17.hdf5
3 Eigenstrat Files with 5081 Individuals and 1233013 SNPs

Intersection on Positions: 29314
Nr of Matching Refs: 29314 / 29314
Full Intersection Ref/Alt Identical: 29292 / 29314
2504 / 2504 Individuals included in Reference
Extraction of 5008 Haplotypes complete
Reduced to markers called 16480 / 29292
(Fraction SNP: 0.5626109517957122)
Successfully saved to: ./Empirical/Eigenstrat/Reichall/E09538/chr17/
Successfully loaded Data from: ./Empirical/Eigenstrat/Reichall/E09538/chr17/
Loaded Emission Model: haploid
Loaded Transition Model: model
Loaded Post Processing Model: Standard
Minimum Genetic Map: -0.0003
Maximum Genetic Map: 1.2847
Gaps bigger than 0.1 cM: 214
Maximum Gap: 1.2341 cM
Loaded Transition and Emission Matrix:
(3, 3)
(5009, 16480)
Loaded Observations:
(2, 16480)
Memory Usage: 978.755584 mB
Reference Number: 5008
Total Log likelihood: -6000.826
Memory Usage: 978.755584 mB
Finished Calculation State Posteriors
Saved Zero State Posterior to ./Empirical/Eigenstrat/Reichall/E09538/chr17/.
Successfully loaded for PP. from ./Empirical/Eigenstrat/Reichall/E09538/chr17/
Fraction Markers in ROH: 0.4272
Merged n=0 gaps < 0.0 M
Called n=10 ROH Blocks > 1.0 cM
Longest Block: 8.413
Successfully saved to ./Empirical/Eigenstrat/Reichall/E09538/chr17/roh.csv
Using Low-Mem Cython Linear Speed Up.
Loaded Pre Processing Model: Eigenstrat
Loading Individual: E09538

Loaded 33917 variants
Loaded 2504 individuals
HDF5 loaded from ./Data/1000Genomes/HDF5/1240kHDF5/all1240/chr18.hdf5
3 Eigenstrat Files with 5081 Individuals and 1233013 SNPs

Intersection on Positions: 33917
Nr of Matching Refs: 33917 / 33917
Full Intersection Ref/Alt Identical: 33902 / 33917
2504 / 2504 Individuals included in Reference
Extraction of 5008 Haplotypes complete
Reduced to markers called 14915 / 33902
(Fraction SNP: 0.43994454604448113)
Successfully saved to: ./Empirical/Eigenstrat/Reichall/E09538/chr18/
Successfully loaded Data from: ./Empirical/Eigenstrat/Reichall/E09538/chr18/
Loaded Emission Model: haploid
Loaded Transition Model: model
Loaded Post Processing Model: Standard
Minimum Genetic Map: 0.0025
Maximum Genetic Map: 1.1771
Gaps bigger than 0.1 cM: 216
Maximum Gap: 0.4934 cM
Loaded Transition and Emission Matrix:
(3, 3)
(5009, 14915)
Loaded Observations:
(2, 14915)
Memory Usage: 908.51328 mB
Reference Number: 5008
Total Log likelihood: -5654.519
Memory Usage: 908.51328 mB
Finished Calculation State Posteriors
Saved Zero State Posterior to ./Empirical/Eigenstrat/Reichall/E09538/chr18/.
Successfully loaded for PP. from ./Empirical/Eigenstrat/Reichall/E09538/chr18/
Fraction Markers in ROH: 0.3367
Merged n=0 gaps < 0.0 M
Called n=3 ROH Blocks > 1.0 cM
Longest Block: 2.095
Successfully saved to ./Empirical/Eigenstrat/Reichall/E09538/chr18/roh.csv
Using Low-Mem Cython Linear Speed Up.
Loaded Pre Processing Model: Eigenstrat
Loading Individual: E09538

Loaded 18460 variants
Loaded 2504 individuals
HDF5 loaded from ./Data/1000Genomes/HDF5/1240kHDF5/all1240/chr19.hdf5
3 Eigenstrat Files with 5081 Individuals and 1233013 SNPs

Intersection on Positions: 18460
Nr of Matching Refs: 18460 / 18460
Full Intersection Ref/Alt Identical: 18441 / 18460
2504 / 2504 Individuals included in Reference
Extraction of 5008 Haplotypes complete
Reduced to markers called 11109 / 18441
(Fraction SNP: 0.6024076785423784)
Successfully saved to: ./Empirical/Eigenstrat/Reichall/E09538/chr19/
Successfully loaded Data from: ./Empirical/Eigenstrat/Reichall/E09538/chr19/
Loaded Emission Model: haploid
Loaded Transition Model: model
Loaded Post Processing Model: Standard
Minimum Genetic Map: 0.0000
Maximum Genetic Map: 1.0773
Gaps bigger than 0.1 cM: 203
Maximum Gap: 0.6459 cM
Loaded Transition and Emission Matrix:
(3, 3)
(5009, 11109)
Loaded Observations:
(2, 11109)
Memory Usage: 743.804928 mB
Reference Number: 5008
Total Log likelihood: -4554.025
Memory Usage: 743.804928 mB
Finished Calculation State Posteriors
Saved Zero State Posterior to ./Empirical/Eigenstrat/Reichall/E09538/chr19/.
Successfully loaded for PP. from ./Empirical/Eigenstrat/Reichall/E09538/chr19/
Fraction Markers in ROH: 0.3070
Merged n=0 gaps < 0.0 M
Called n=3 ROH Blocks > 1.0 cM
Longest Block: 1.180
Successfully saved to ./Empirical/Eigenstrat/Reichall/E09538/chr19/roh.csv
Using Low-Mem Cython Linear Speed Up.
Loaded Pre Processing Model: Eigenstrat
Loading Individual: E09538

Loaded 29078 variants
Loaded 2504 individuals
HDF5 loaded from ./Data/1000Genomes/HDF5/1240kHDF5/all1240/chr20.hdf5
3 Eigenstrat Files with 5081 Individuals and 1233013 SNPs

Intersection on Positions: 29078
Nr of Matching Refs: 29078 / 29078
Full Intersection Ref/Alt Identical: 29053 / 29078
2504 / 2504 Individuals included in Reference
Extraction of 5008 Haplotypes complete
Reduced to markers called 15299 / 29053
(Fraction SNP: 0.5265893367294255)
Successfully saved to: ./Empirical/Eigenstrat/Reichall/E09538/chr20/
Successfully loaded Data from: ./Empirical/Eigenstrat/Reichall/E09538/chr20/
Loaded Emission Model: haploid
Loaded Transition Model: model
Loaded Post Processing Model: Standard
Minimum Genetic Map: 0.0000
Maximum Genetic Map: 1.0821
Gaps bigger than 0.1 cM: 191
Maximum Gap: 0.5912 cM
Loaded Transition and Emission Matrix:
(3, 3)
(5009, 15299)
Loaded Observations:
(2, 15299)
Memory Usage: 932.691968 mB
Reference Number: 5008
Total Log likelihood: -5727.789
Memory Usage: 932.691968 mB
Finished Calculation State Posteriors
Saved Zero State Posterior to ./Empirical/Eigenstrat/Reichall/E09538/chr20/.
Successfully loaded for PP. from ./Empirical/Eigenstrat/Reichall/E09538/chr20/
Fraction Markers in ROH: 0.4098
Merged n=0 gaps < 0.0 M
Called n=4 ROH Blocks > 1.0 cM
Longest Block: 1.531
Successfully saved to ./Empirical/Eigenstrat/Reichall/E09538/chr20/roh.csv
Using Low-Mem Cython Linear Speed Up.
Loaded Pre Processing Model: Eigenstrat
Loading Individual: E09538

Loaded 16038 variants
Loaded 2504 individuals
HDF5 loaded from ./Data/1000Genomes/HDF5/1240kHDF5/all1240/chr21.hdf5
3 Eigenstrat Files with 5081 Individuals and 1233013 SNPs

Intersection on Positions: 16038
Nr of Matching Refs: 16038 / 16038
Full Intersection Ref/Alt Identical: 16031 / 16038
2504 / 2504 Individuals included in Reference
Extraction of 5008 Haplotypes complete
Reduced to markers called 7357 / 16031
(Fraction SNP: 0.45892333603642943)
Successfully saved to: ./Empirical/Eigenstrat/Reichall/E09538/chr21/
Successfully loaded Data from: ./Empirical/Eigenstrat/Reichall/E09538/chr21/
Loaded Emission Model: haploid
Loaded Transition Model: model
Loaded Post Processing Model: Standard
Minimum Genetic Map: -0.0085
Maximum Genetic Map: 0.6277
Gaps bigger than 0.1 cM: 121
Maximum Gap: 2.3602 cM
Loaded Transition and Emission Matrix:
(3, 3)
(5009, 7357)
Loaded Observations:
(2, 7357)
Memory Usage: 574.926848 mB
Reference Number: 5008
Total Log likelihood: -2867.487
Memory Usage: 574.926848 mB
Finished Calculation State Posteriors
Saved Zero State Posterior to ./Empirical/Eigenstrat/Reichall/E09538/chr21/.
Successfully loaded for PP. from ./Empirical/Eigenstrat/Reichall/E09538/chr21/
Fraction Markers in ROH: 0.3814
Merged n=0 gaps < 0.0 M
Called n=4 ROH Blocks > 1.0 cM
Longest Block: 1.946
Successfully saved to ./Empirical/Eigenstrat/Reichall/E09538/chr21/roh.csv
Using Low-Mem Cython Linear Speed Up.
Loaded Pre Processing Model: Eigenstrat
Loading Individual: E09538

Loaded 15802 variants
Loaded 2504 individuals
HDF5 loaded from ./Data/1000Genomes/HDF5/1240kHDF5/all1240/chr22.hdf5
3 Eigenstrat Files with 5081 Individuals and 1233013 SNPs

Intersection on Positions: 15802
Nr of Matching Refs: 15802 / 15802
Full Intersection Ref/Alt Identical: 15793 / 15802
2504 / 2504 Individuals included in Reference
Extraction of 5008 Haplotypes complete
Reduced to markers called 9661 / 15793
(Fraction SNP: 0.6117267143671247)
Successfully saved to: ./Empirical/Eigenstrat/Reichall/E09538/chr22/
Successfully loaded Data from: ./Empirical/Eigenstrat/Reichall/E09538/chr22/
Loaded Emission Model: haploid
Loaded Transition Model: model
Loaded Post Processing Model: Standard
Minimum Genetic Map: 0.0180
Maximum Genetic Map: 0.7408
Gaps bigger than 0.1 cM: 118
Maximum Gap: 1.6949 cM
Loaded Transition and Emission Matrix:
(3, 3)
(5009, 9661)
Loaded Observations:
(2, 9661)
Memory Usage: 678.793216 mB
Reference Number: 5008
Total Log likelihood: -3869.481
Memory Usage: 678.793216 mB
Finished Calculation State Posteriors
Saved Zero State Posterior to ./Empirical/Eigenstrat/Reichall/E09538/chr22/.
Successfully loaded for PP. from ./Empirical/Eigenstrat/Reichall/E09538/chr22/
Fraction Markers in ROH: 0.3179
Merged n=0 gaps < 0.0 M
Called n=3 ROH Blocks > 1.0 cM
Longest Block: 1.521
Successfully saved to ./Empirical/Eigenstrat/Reichall/E09538/chr22/roh.csv
