Loaded 2106 / 5081 ancient Indivdiuals Anno File.
Doing Individual I1656...
Using Low-Mem Cython Linear Speed Up.
Loaded Pre Processing Model: Eigenstrat
Loading Individual: I1656

Loaded 89147 variants
Loaded 2504 individuals
HDF5 loaded from ./Data/1000Genomes/HDF5/1240kHDF5/all1240/chr1.hdf5
3 Eigenstrat Files with 5081 Individuals and 1233013 SNPs

Intersection on Positions: 89147
Nr of Matching Refs: 89147 / 89147
Full Intersection Ref/Alt Identical: 89082 / 89147
2504 / 2504 Individuals included in Reference
Extraction of 5008 Haplotypes complete
Reduced to markers called 65455 / 89082
(Fraction SNP: 0.7347724568375205)
Successfully saved to: ./Empirical/Eigenstrat/Reichall/I1656/chr1/
Successfully loaded Data from: ./Empirical/Eigenstrat/Reichall/I1656/chr1/
Loaded Emission Model: haploid
Loaded Transition Model: model
Loaded Post Processing Model: Standard
Minimum Genetic Map: 0.0201
Maximum Genetic Map: 2.8627
Gaps bigger than 0.1 cM: 325
Maximum Gap: 2.9229 cM
Loaded Transition and Emission Matrix:
(3, 3)
(5009, 65455)
Loaded Observations:
(2, 65455)
Memory Usage: 3145.68704 mB
Reference Number: 5008
Total Log likelihood: -23513.681
Memory Usage: 3146.145792 mB
Finished Calculation State Posteriors
Saved Zero State Posterior to ./Empirical/Eigenstrat/Reichall/I1656/chr1/.
Successfully loaded for PP. from ./Empirical/Eigenstrat/Reichall/I1656/chr1/
Fraction Markers in ROH: 0.3960
Merged n=0 gaps < 0.0 M
Called n=12 ROH Blocks > 1.0 cM
Longest Block: 1.743
Successfully saved to ./Empirical/Eigenstrat/Reichall/I1656/chr1/roh.csv
Using Low-Mem Cython Linear Speed Up.
Loaded Pre Processing Model: Eigenstrat
Loading Individual: I1656

Loaded 94239 variants
Loaded 2504 individuals
HDF5 loaded from ./Data/1000Genomes/HDF5/1240kHDF5/all1240/chr2.hdf5
3 Eigenstrat Files with 5081 Individuals and 1233013 SNPs

Intersection on Positions: 94239
Nr of Matching Refs: 94239 / 94239
Full Intersection Ref/Alt Identical: 94173 / 94239
2504 / 2504 Individuals included in Reference
Extraction of 5008 Haplotypes complete
Reduced to markers called 66986 / 94173
(Fraction SNP: 0.7113079120342348)
Successfully saved to: ./Empirical/Eigenstrat/Reichall/I1656/chr2/
Successfully loaded Data from: ./Empirical/Eigenstrat/Reichall/I1656/chr2/
Loaded Emission Model: haploid
Loaded Transition Model: model
Loaded Post Processing Model: Standard
Minimum Genetic Map: 0.0001
Maximum Genetic Map: 2.6883
Gaps bigger than 0.1 cM: 300
Maximum Gap: 1.8354 cM
Loaded Transition and Emission Matrix:
(3, 3)
(5009, 66986)
Loaded Observations:
(2, 66986)
Memory Usage: 3254.091776 mB
Reference Number: 5008
Total Log likelihood: -24087.460
Memory Usage: 3254.091776 mB
Finished Calculation State Posteriors
Saved Zero State Posterior to ./Empirical/Eigenstrat/Reichall/I1656/chr2/.
Successfully loaded for PP. from ./Empirical/Eigenstrat/Reichall/I1656/chr2/
Fraction Markers in ROH: 0.4100
Merged n=0 gaps < 0.0 M
Called n=4 ROH Blocks > 1.0 cM
Longest Block: 1.294
Successfully saved to ./Empirical/Eigenstrat/Reichall/I1656/chr2/roh.csv
Using Low-Mem Cython Linear Speed Up.
Loaded Pre Processing Model: Eigenstrat
Loading Individual: I1656

Loaded 77652 variants
Loaded 2504 individuals
HDF5 loaded from ./Data/1000Genomes/HDF5/1240kHDF5/all1240/chr3.hdf5
3 Eigenstrat Files with 5081 Individuals and 1233013 SNPs

Intersection on Positions: 77652
Nr of Matching Refs: 77652 / 77652
Full Intersection Ref/Alt Identical: 77601 / 77652
2504 / 2504 Individuals included in Reference
Extraction of 5008 Haplotypes complete
Reduced to markers called 55279 / 77601
(Fraction SNP: 0.7123490676666537)
Successfully saved to: ./Empirical/Eigenstrat/Reichall/I1656/chr3/
Successfully loaded Data from: ./Empirical/Eigenstrat/Reichall/I1656/chr3/
Loaded Emission Model: haploid
Loaded Transition Model: model
Loaded Post Processing Model: Standard
Minimum Genetic Map: 0.0000
Maximum Genetic Map: 2.2326
Gaps bigger than 0.1 cM: 278
Maximum Gap: 0.3297 cM
Loaded Transition and Emission Matrix:
(3, 3)
(5009, 55279)
Loaded Observations:
(2, 55279)
Memory Usage: 2727.194624 mB
Reference Number: 5008
Total Log likelihood: -20334.670
Memory Usage: 2727.194624 mB
Finished Calculation State Posteriors
Saved Zero State Posterior to ./Empirical/Eigenstrat/Reichall/I1656/chr3/.
Successfully loaded for PP. from ./Empirical/Eigenstrat/Reichall/I1656/chr3/
Fraction Markers in ROH: 0.3771
Merged n=0 gaps < 0.0 M
Called n=6 ROH Blocks > 1.0 cM
Longest Block: 1.651
Successfully saved to ./Empirical/Eigenstrat/Reichall/I1656/chr3/roh.csv
Using Low-Mem Cython Linear Speed Up.
Loaded Pre Processing Model: Eigenstrat
Loading Individual: I1656

Loaded 68759 variants
Loaded 2504 individuals
HDF5 loaded from ./Data/1000Genomes/HDF5/1240kHDF5/all1240/chr4.hdf5
3 Eigenstrat Files with 5081 Individuals and 1233013 SNPs

Intersection on Positions: 68759
Nr of Matching Refs: 68759 / 68759
Full Intersection Ref/Alt Identical: 68720 / 68759
2504 / 2504 Individuals included in Reference
Extraction of 5008 Haplotypes complete
Reduced to markers called 46357 / 68720
(Fraction SNP: 0.6745779976717113)
Successfully saved to: ./Empirical/Eigenstrat/Reichall/I1656/chr4/
Successfully loaded Data from: ./Empirical/Eigenstrat/Reichall/I1656/chr4/
Loaded Emission Model: haploid
Loaded Transition Model: model
Loaded Post Processing Model: Standard
Minimum Genetic Map: 0.0034
Maximum Genetic Map: 2.1454
Gaps bigger than 0.1 cM: 265
Maximum Gap: 2.0422 cM
Loaded Transition and Emission Matrix:
(3, 3)
(5009, 46357)
Loaded Observations:
(2, 46357)
Memory Usage: 2324.8896 mB
Reference Number: 5008
Total Log likelihood: -16898.138
Memory Usage: 2324.8896 mB
Finished Calculation State Posteriors
Saved Zero State Posterior to ./Empirical/Eigenstrat/Reichall/I1656/chr4/.
Successfully loaded for PP. from ./Empirical/Eigenstrat/Reichall/I1656/chr4/
Fraction Markers in ROH: 0.3896
Merged n=0 gaps < 0.0 M
Called n=6 ROH Blocks > 1.0 cM
Longest Block: 1.360
Successfully saved to ./Empirical/Eigenstrat/Reichall/I1656/chr4/roh.csv
Using Low-Mem Cython Linear Speed Up.
Loaded Pre Processing Model: Eigenstrat
Loading Individual: I1656

Loaded 69399 variants
Loaded 2504 individuals
HDF5 loaded from ./Data/1000Genomes/HDF5/1240kHDF5/all1240/chr5.hdf5
3 Eigenstrat Files with 5081 Individuals and 1233013 SNPs

Intersection on Positions: 69399
Nr of Matching Refs: 69399 / 69399
Full Intersection Ref/Alt Identical: 69354 / 69399
2504 / 2504 Individuals included in Reference
Extraction of 5008 Haplotypes complete
Reduced to markers called 48902 / 69354
(Fraction SNP: 0.7051071315281022)
Successfully saved to: ./Empirical/Eigenstrat/Reichall/I1656/chr5/
Successfully loaded Data from: ./Empirical/Eigenstrat/Reichall/I1656/chr5/
Loaded Emission Model: haploid
Loaded Transition Model: model
Loaded Post Processing Model: Standard
Minimum Genetic Map: 0.0004
Maximum Genetic Map: 2.0409
Gaps bigger than 0.1 cM: 276
Maximum Gap: 1.1070 cM
Loaded Transition and Emission Matrix:
(3, 3)
(5009, 48902)
Loaded Observations:
(2, 48902)
Memory Usage: 2439.794688 mB
Reference Number: 5008
Total Log likelihood: -18094.976
Memory Usage: 2439.794688 mB
Finished Calculation State Posteriors
Saved Zero State Posterior to ./Empirical/Eigenstrat/Reichall/I1656/chr5/.
Successfully loaded for PP. from ./Empirical/Eigenstrat/Reichall/I1656/chr5/
Fraction Markers in ROH: 0.3591
Merged n=0 gaps < 0.0 M
Called n=4 ROH Blocks > 1.0 cM
Longest Block: 1.526
Successfully saved to ./Empirical/Eigenstrat/Reichall/I1656/chr5/roh.csv
Using Low-Mem Cython Linear Speed Up.
Loaded Pre Processing Model: Eigenstrat
Loading Individual: I1656

Loaded 75870 variants
Loaded 2504 individuals
HDF5 loaded from ./Data/1000Genomes/HDF5/1240kHDF5/all1240/chr6.hdf5
3 Eigenstrat Files with 5081 Individuals and 1233013 SNPs

Intersection on Positions: 75870
Nr of Matching Refs: 75870 / 75870
Full Intersection Ref/Alt Identical: 75816 / 75870
2504 / 2504 Individuals included in Reference
Extraction of 5008 Haplotypes complete
Reduced to markers called 53639 / 75816
(Fraction SNP: 0.7074891843410362)
Successfully saved to: ./Empirical/Eigenstrat/Reichall/I1656/chr6/
Successfully loaded Data from: ./Empirical/Eigenstrat/Reichall/I1656/chr6/
Loaded Emission Model: haploid
Loaded Transition Model: model
Loaded Post Processing Model: Standard
Minimum Genetic Map: 0.0035
Maximum Genetic Map: 1.9203
Gaps bigger than 0.1 cM: 213
Maximum Gap: 0.5122 cM
Loaded Transition and Emission Matrix:
(3, 3)
(5009, 53639)
Loaded Observations:
(2, 53639)
Memory Usage: 2653.487104 mB
Reference Number: 5008
Total Log likelihood: -19934.866
Memory Usage: 2653.487104 mB
Finished Calculation State Posteriors
Saved Zero State Posterior to ./Empirical/Eigenstrat/Reichall/I1656/chr6/.
Successfully loaded for PP. from ./Empirical/Eigenstrat/Reichall/I1656/chr6/
Fraction Markers in ROH: 0.3530
Called n=0 ROH Blocks > 1.0 cM
Longest Block: nan
Successfully saved to ./Empirical/Eigenstrat/Reichall/I1656/chr6/roh.csv
Using Low-Mem Cython Linear Speed Up.
Loaded Pre Processing Model: Eigenstrat
Loading Individual: I1656

Loaded 59890 variants
Loaded 2504 individuals
HDF5 loaded from ./Data/1000Genomes/HDF5/1240kHDF5/all1240/chr7.hdf5
3 Eigenstrat Files with 5081 Individuals and 1233013 SNPs

Intersection on Positions: 59890
Nr of Matching Refs: 59890 / 59890
Full Intersection Ref/Alt Identical: 59836 / 59890
2504 / 2504 Individuals included in Reference
Extraction of 5008 Haplotypes complete
Reduced to markers called 42120 / 59836
(Fraction SNP: 0.7039240590948593)
Successfully saved to: ./Empirical/Eigenstrat/Reichall/I1656/chr7/
Successfully loaded Data from: ./Empirical/Eigenstrat/Reichall/I1656/chr7/
Loaded Emission Model: haploid
Loaded Transition Model: model
Loaded Post Processing Model: Standard
Minimum Genetic Map: 0.0000
Maximum Genetic Map: 1.8715
Gaps bigger than 0.1 cM: 243
Maximum Gap: 0.8533 cM
Loaded Transition and Emission Matrix:
(3, 3)
(5009, 42120)
Loaded Observations:
(2, 42120)
Memory Usage: 2133.966848 mB
Reference Number: 5008
Total Log likelihood: -16067.266
Memory Usage: 2133.966848 mB
Finished Calculation State Posteriors
Saved Zero State Posterior to ./Empirical/Eigenstrat/Reichall/I1656/chr7/.
Successfully loaded for PP. from ./Empirical/Eigenstrat/Reichall/I1656/chr7/
Fraction Markers in ROH: 0.3517
Merged n=0 gaps < 0.0 M
Called n=3 ROH Blocks > 1.0 cM
Longest Block: 2.293
Successfully saved to ./Empirical/Eigenstrat/Reichall/I1656/chr7/roh.csv
Using Low-Mem Cython Linear Speed Up.
Loaded Pre Processing Model: Eigenstrat
Loading Individual: I1656

Loaded 61133 variants
Loaded 2504 individuals
HDF5 loaded from ./Data/1000Genomes/HDF5/1240kHDF5/all1240/chr8.hdf5
3 Eigenstrat Files with 5081 Individuals and 1233013 SNPs

Intersection on Positions: 61133
Nr of Matching Refs: 61133 / 61133
Full Intersection Ref/Alt Identical: 61091 / 61133
2504 / 2504 Individuals included in Reference
Extraction of 5008 Haplotypes complete
Reduced to markers called 43752 / 61091
(Fraction SNP: 0.7161775056882356)
Successfully saved to: ./Empirical/Eigenstrat/Reichall/I1656/chr8/
Successfully loaded Data from: ./Empirical/Eigenstrat/Reichall/I1656/chr8/
Loaded Emission Model: haploid
Loaded Transition Model: model
Loaded Post Processing Model: Standard
Minimum Genetic Map: 0.0000
Maximum Genetic Map: 1.6800
Gaps bigger than 0.1 cM: 172
Maximum Gap: 3.3333 cM
Loaded Transition and Emission Matrix:
(3, 3)
(5009, 43752)
Loaded Observations:
(2, 43752)
Memory Usage: 2208.055296 mB
Reference Number: 5008
Total Log likelihood: -16131.290
Memory Usage: 2208.055296 mB
Finished Calculation State Posteriors
Saved Zero State Posterior to ./Empirical/Eigenstrat/Reichall/I1656/chr8/.
Successfully loaded for PP. from ./Empirical/Eigenstrat/Reichall/I1656/chr8/
Fraction Markers in ROH: 0.3879
Merged n=0 gaps < 0.0 M
Called n=8 ROH Blocks > 1.0 cM
Longest Block: 1.802
Successfully saved to ./Empirical/Eigenstrat/Reichall/I1656/chr8/roh.csv
Using Low-Mem Cython Linear Speed Up.
Loaded Pre Processing Model: Eigenstrat
Loading Individual: I1656

Loaded 50668 variants
Loaded 2504 individuals
HDF5 loaded from ./Data/1000Genomes/HDF5/1240kHDF5/all1240/chr9.hdf5
3 Eigenstrat Files with 5081 Individuals and 1233013 SNPs

Intersection on Positions: 50668
Nr of Matching Refs: 50668 / 50668
Full Intersection Ref/Alt Identical: 50629 / 50668
2504 / 2504 Individuals included in Reference
Extraction of 5008 Haplotypes complete
Reduced to markers called 36716 / 50629
(Fraction SNP: 0.7251970214699085)
Successfully saved to: ./Empirical/Eigenstrat/Reichall/I1656/chr9/
Successfully loaded Data from: ./Empirical/Eigenstrat/Reichall/I1656/chr9/
Loaded Emission Model: haploid
Loaded Transition Model: model
Loaded Post Processing Model: Standard
Minimum Genetic Map: 0.0016
Maximum Genetic Map: 1.6630
Gaps bigger than 0.1 cM: 232
Maximum Gap: 2.3102 cM
Loaded Transition and Emission Matrix:
(3, 3)
(5009, 36716)
Loaded Observations:
(2, 36716)
Memory Usage: 1890.603008 mB
Reference Number: 5008
Total Log likelihood: -14118.478
Memory Usage: 1890.603008 mB
Finished Calculation State Posteriors
Saved Zero State Posterior to ./Empirical/Eigenstrat/Reichall/I1656/chr9/.
Successfully loaded for PP. from ./Empirical/Eigenstrat/Reichall/I1656/chr9/
Fraction Markers in ROH: 0.3568
Merged n=0 gaps < 0.0 M
Called n=4 ROH Blocks > 1.0 cM
Longest Block: 1.524
Successfully saved to ./Empirical/Eigenstrat/Reichall/I1656/chr9/roh.csv
Using Low-Mem Cython Linear Speed Up.
Loaded Pre Processing Model: Eigenstrat
Loading Individual: I1656

Loaded 58804 variants
Loaded 2504 individuals
HDF5 loaded from ./Data/1000Genomes/HDF5/1240kHDF5/all1240/chr10.hdf5
3 Eigenstrat Files with 5081 Individuals and 1233013 SNPs

Intersection on Positions: 58804
Nr of Matching Refs: 58804 / 58804
Full Intersection Ref/Alt Identical: 58763 / 58804
2504 / 2504 Individuals included in Reference
Extraction of 5008 Haplotypes complete
Reduced to markers called 42923 / 58763
(Fraction SNP: 0.7304426254616)
Successfully saved to: ./Empirical/Eigenstrat/Reichall/I1656/chr10/
Successfully loaded Data from: ./Empirical/Eigenstrat/Reichall/I1656/chr10/
Loaded Emission Model: haploid
Loaded Transition Model: model
Loaded Post Processing Model: Standard
Minimum Genetic Map: 0.0001
Maximum Genetic Map: 1.8092
Gaps bigger than 0.1 cM: 218
Maximum Gap: 2.0338 cM
Loaded Transition and Emission Matrix:
(3, 3)
(5009, 42923)
Loaded Observations:
(2, 42923)
Memory Usage: 2170.6752 mB
Reference Number: 5008
Total Log likelihood: -15387.762
Memory Usage: 2170.6752 mB
Finished Calculation State Posteriors
Saved Zero State Posterior to ./Empirical/Eigenstrat/Reichall/I1656/chr10/.
Successfully loaded for PP. from ./Empirical/Eigenstrat/Reichall/I1656/chr10/
Fraction Markers in ROH: 0.4247
Merged n=0 gaps < 0.0 M
Called n=4 ROH Blocks > 1.0 cM
Longest Block: 1.983
Successfully saved to ./Empirical/Eigenstrat/Reichall/I1656/chr10/roh.csv
Using Low-Mem Cython Linear Speed Up.
Loaded Pre Processing Model: Eigenstrat
Loading Individual: I1656

Loaded 54833 variants
Loaded 2504 individuals
HDF5 loaded from ./Data/1000Genomes/HDF5/1240kHDF5/all1240/chr11.hdf5
3 Eigenstrat Files with 5081 Individuals and 1233013 SNPs

Intersection on Positions: 54833
Nr of Matching Refs: 54833 / 54833
Full Intersection Ref/Alt Identical: 54796 / 54833
2504 / 2504 Individuals included in Reference
Extraction of 5008 Haplotypes complete
Reduced to markers called 39809 / 54796
(Fraction SNP: 0.7264946346448646)
Successfully saved to: ./Empirical/Eigenstrat/Reichall/I1656/chr11/
Successfully loaded Data from: ./Empirical/Eigenstrat/Reichall/I1656/chr11/
Loaded Emission Model: haploid
Loaded Transition Model: model
Loaded Post Processing Model: Standard
Minimum Genetic Map: 0.0000
Maximum Genetic Map: 1.5822
Gaps bigger than 0.1 cM: 195
Maximum Gap: 0.5279 cM
Loaded Transition and Emission Matrix:
(3, 3)
(5009, 39809)
Loaded Observations:
(2, 39809)
Memory Usage: 2030.620672 mB
Reference Number: 5008
Total Log likelihood: -14140.569
Memory Usage: 2030.620672 mB
Finished Calculation State Posteriors
Saved Zero State Posterior to ./Empirical/Eigenstrat/Reichall/I1656/chr11/.
Successfully loaded for PP. from ./Empirical/Eigenstrat/Reichall/I1656/chr11/
Fraction Markers in ROH: 0.4274
Merged n=0 gaps < 0.0 M
Called n=6 ROH Blocks > 1.0 cM
Longest Block: 1.572
Successfully saved to ./Empirical/Eigenstrat/Reichall/I1656/chr11/roh.csv
Using Low-Mem Cython Linear Speed Up.
Loaded Pre Processing Model: Eigenstrat
Loading Individual: I1656

Loaded 53911 variants
Loaded 2504 individuals
HDF5 loaded from ./Data/1000Genomes/HDF5/1240kHDF5/all1240/chr12.hdf5
3 Eigenstrat Files with 5081 Individuals and 1233013 SNPs

Intersection on Positions: 53911
Nr of Matching Refs: 53911 / 53911
Full Intersection Ref/Alt Identical: 53884 / 53911
2504 / 2504 Individuals included in Reference
Extraction of 5008 Haplotypes complete
Reduced to markers called 38424 / 53884
(Fraction SNP: 0.713087372875065)
Successfully saved to: ./Empirical/Eigenstrat/Reichall/I1656/chr12/
Successfully loaded Data from: ./Empirical/Eigenstrat/Reichall/I1656/chr12/
Loaded Emission Model: haploid
Loaded Transition Model: model
Loaded Post Processing Model: Standard
Minimum Genetic Map: 0.0017
Maximum Genetic Map: 1.7468
Gaps bigger than 0.1 cM: 225
Maximum Gap: 1.1095 cM
Loaded Transition and Emission Matrix:
(3, 3)
(5009, 38424)
Loaded Observations:
(2, 38424)
Memory Usage: 1967.468544 mB
Reference Number: 5008
Total Log likelihood: -13774.717
Memory Usage: 1967.468544 mB
Finished Calculation State Posteriors
Saved Zero State Posterior to ./Empirical/Eigenstrat/Reichall/I1656/chr12/.
Successfully loaded for PP. from ./Empirical/Eigenstrat/Reichall/I1656/chr12/
Fraction Markers in ROH: 0.4424
Merged n=0 gaps < 0.0 M
Called n=6 ROH Blocks > 1.0 cM
Longest Block: 1.741
Successfully saved to ./Empirical/Eigenstrat/Reichall/I1656/chr12/roh.csv
Using Low-Mem Cython Linear Speed Up.
Loaded Pre Processing Model: Eigenstrat
Loading Individual: I1656

Loaded 39018 variants
Loaded 2504 individuals
HDF5 loaded from ./Data/1000Genomes/HDF5/1240kHDF5/all1240/chr13.hdf5
3 Eigenstrat Files with 5081 Individuals and 1233013 SNPs

Intersection on Positions: 39018
Nr of Matching Refs: 39018 / 39018
Full Intersection Ref/Alt Identical: 38994 / 39018
2504 / 2504 Individuals included in Reference
Extraction of 5008 Haplotypes complete
Reduced to markers called 26765 / 38994
(Fraction SNP: 0.6863876493819562)
Successfully saved to: ./Empirical/Eigenstrat/Reichall/I1656/chr13/
Successfully loaded Data from: ./Empirical/Eigenstrat/Reichall/I1656/chr13/
Loaded Emission Model: haploid
Loaded Transition Model: model
Loaded Post Processing Model: Standard
Minimum Genetic Map: 0.0019
Maximum Genetic Map: 1.2570
Gaps bigger than 0.1 cM: 176
Maximum Gap: 1.2216 cM
Loaded Transition and Emission Matrix:
(3, 3)
(5009, 26765)
Loaded Observations:
(2, 26765)
Memory Usage: 1442.28352 mB
Reference Number: 5008
Total Log likelihood: -9824.361
Memory Usage: 1442.28352 mB
Finished Calculation State Posteriors
Saved Zero State Posterior to ./Empirical/Eigenstrat/Reichall/I1656/chr13/.
Successfully loaded for PP. from ./Empirical/Eigenstrat/Reichall/I1656/chr13/
Fraction Markers in ROH: 0.4016
Merged n=0 gaps < 0.0 M
Called n=7 ROH Blocks > 1.0 cM
Longest Block: 1.337
Successfully saved to ./Empirical/Eigenstrat/Reichall/I1656/chr13/roh.csv
Using Low-Mem Cython Linear Speed Up.
Loaded Pre Processing Model: Eigenstrat
Loading Individual: I1656

Loaded 36301 variants
Loaded 2504 individuals
HDF5 loaded from ./Data/1000Genomes/HDF5/1240kHDF5/all1240/chr14.hdf5
3 Eigenstrat Files with 5081 Individuals and 1233013 SNPs

Intersection on Positions: 36301
Nr of Matching Refs: 36301 / 36301
Full Intersection Ref/Alt Identical: 36280 / 36301
2504 / 2504 Individuals included in Reference
Extraction of 5008 Haplotypes complete
Reduced to markers called 25832 / 36280
(Fraction SNP: 0.7120176405733186)
Successfully saved to: ./Empirical/Eigenstrat/Reichall/I1656/chr14/
Successfully loaded Data from: ./Empirical/Eigenstrat/Reichall/I1656/chr14/
Loaded Emission Model: haploid
Loaded Transition Model: model
Loaded Post Processing Model: Standard
Minimum Genetic Map: 0.0161
Maximum Genetic Map: 1.2020
Gaps bigger than 0.1 cM: 155
Maximum Gap: 2.8508 cM
Loaded Transition and Emission Matrix:
(3, 3)
(5009, 25832)
Loaded Observations:
(2, 25832)
Memory Usage: 1400.60672 mB
Reference Number: 5008
Total Log likelihood: -9705.421
Memory Usage: 1400.60672 mB
Finished Calculation State Posteriors
Saved Zero State Posterior to ./Empirical/Eigenstrat/Reichall/I1656/chr14/.
Successfully loaded for PP. from ./Empirical/Eigenstrat/Reichall/I1656/chr14/
Fraction Markers in ROH: 0.4179
Merged n=0 gaps < 0.0 M
Called n=3 ROH Blocks > 1.0 cM
Longest Block: 1.198
Successfully saved to ./Empirical/Eigenstrat/Reichall/I1656/chr14/roh.csv
Using Low-Mem Cython Linear Speed Up.
Loaded Pre Processing Model: Eigenstrat
Loading Individual: I1656

Loaded 34429 variants
Loaded 2504 individuals
HDF5 loaded from ./Data/1000Genomes/HDF5/1240kHDF5/all1240/chr15.hdf5
3 Eigenstrat Files with 5081 Individuals and 1233013 SNPs

Intersection on Positions: 34429
Nr of Matching Refs: 34429 / 34429
Full Intersection Ref/Alt Identical: 34407 / 34429
2504 / 2504 Individuals included in Reference
Extraction of 5008 Haplotypes complete
Reduced to markers called 25343 / 34407
(Fraction SNP: 0.7365652338186996)
Successfully saved to: ./Empirical/Eigenstrat/Reichall/I1656/chr15/
Successfully loaded Data from: ./Empirical/Eigenstrat/Reichall/I1656/chr15/
Loaded Emission Model: haploid
Loaded Transition Model: model
Loaded Post Processing Model: Standard
Minimum Genetic Map: 0.0000
Maximum Genetic Map: 1.4135
Gaps bigger than 0.1 cM: 163
Maximum Gap: 11.4957 cM
Loaded Transition and Emission Matrix:
(3, 3)
(5009, 25343)
Loaded Observations:
(2, 25343)
Memory Usage: 1378.893824 mB
Reference Number: 5008
Total Log likelihood: -8799.301
Memory Usage: 1378.893824 mB
Finished Calculation State Posteriors
Saved Zero State Posterior to ./Empirical/Eigenstrat/Reichall/I1656/chr15/.
Successfully loaded for PP. from ./Empirical/Eigenstrat/Reichall/I1656/chr15/
Fraction Markers in ROH: 0.4492
Merged n=0 gaps < 0.0 M
Called n=8 ROH Blocks > 1.0 cM
Longest Block: 1.728
Successfully saved to ./Empirical/Eigenstrat/Reichall/I1656/chr15/roh.csv
Using Low-Mem Cython Linear Speed Up.
Loaded Pre Processing Model: Eigenstrat
Loading Individual: I1656

Loaded 34402 variants
Loaded 2504 individuals
HDF5 loaded from ./Data/1000Genomes/HDF5/1240kHDF5/all1240/chr16.hdf5
3 Eigenstrat Files with 5081 Individuals and 1233013 SNPs

Intersection on Positions: 34402
Nr of Matching Refs: 34402 / 34402
Full Intersection Ref/Alt Identical: 34375 / 34402
2504 / 2504 Individuals included in Reference
Extraction of 5008 Haplotypes complete
Reduced to markers called 26187 / 34375
(Fraction SNP: 0.7618036363636363)
Successfully saved to: ./Empirical/Eigenstrat/Reichall/I1656/chr16/
Successfully loaded Data from: ./Empirical/Eigenstrat/Reichall/I1656/chr16/
Loaded Emission Model: haploid
Loaded Transition Model: model
Loaded Post Processing Model: Standard
Minimum Genetic Map: -0.0000
Maximum Genetic Map: 1.3403
Gaps bigger than 0.1 cM: 177
Maximum Gap: 0.8461 cM
Loaded Transition and Emission Matrix:
(3, 3)
(5009, 26187)
Loaded Observations:
(2, 26187)
Memory Usage: 1417.003008 mB
Reference Number: 5008
Total Log likelihood: -9775.364
Memory Usage: 1417.003008 mB
Finished Calculation State Posteriors
Saved Zero State Posterior to ./Empirical/Eigenstrat/Reichall/I1656/chr16/.
Successfully loaded for PP. from ./Empirical/Eigenstrat/Reichall/I1656/chr16/
Fraction Markers in ROH: 0.3802
Merged n=0 gaps < 0.0 M
Called n=5 ROH Blocks > 1.0 cM
Longest Block: 2.511
Successfully saved to ./Empirical/Eigenstrat/Reichall/I1656/chr16/roh.csv
Using Low-Mem Cython Linear Speed Up.
Loaded Pre Processing Model: Eigenstrat
Loading Individual: I1656

Loaded 29314 variants
Loaded 2504 individuals
HDF5 loaded from ./Data/1000Genomes/HDF5/1240kHDF5/all1240/chr17.hdf5
3 Eigenstrat Files with 5081 Individuals and 1233013 SNPs

Intersection on Positions: 29314
Nr of Matching Refs: 29314 / 29314
Full Intersection Ref/Alt Identical: 29292 / 29314
2504 / 2504 Individuals included in Reference
Extraction of 5008 Haplotypes complete
Reduced to markers called 22577 / 29292
(Fraction SNP: 0.7707565205516864)
Successfully saved to: ./Empirical/Eigenstrat/Reichall/I1656/chr17/
Successfully loaded Data from: ./Empirical/Eigenstrat/Reichall/I1656/chr17/
Loaded Emission Model: haploid
Loaded Transition Model: model
Loaded Post Processing Model: Standard
Minimum Genetic Map: -0.0003
Maximum Genetic Map: 1.2847
Gaps bigger than 0.1 cM: 164
Maximum Gap: 1.2341 cM
Loaded Transition and Emission Matrix:
(3, 3)
(5009, 22577)
Loaded Observations:
(2, 22577)
Memory Usage: 1254.281216 mB
Reference Number: 5008
Total Log likelihood: -8303.176
Memory Usage: 1254.281216 mB
Finished Calculation State Posteriors
Saved Zero State Posterior to ./Empirical/Eigenstrat/Reichall/I1656/chr17/.
Successfully loaded for PP. from ./Empirical/Eigenstrat/Reichall/I1656/chr17/
Fraction Markers in ROH: 0.4239
Merged n=0 gaps < 0.0 M
Called n=4 ROH Blocks > 1.0 cM
Longest Block: 3.189
Successfully saved to ./Empirical/Eigenstrat/Reichall/I1656/chr17/roh.csv
Using Low-Mem Cython Linear Speed Up.
Loaded Pre Processing Model: Eigenstrat
Loading Individual: I1656

Loaded 33917 variants
Loaded 2504 individuals
HDF5 loaded from ./Data/1000Genomes/HDF5/1240kHDF5/all1240/chr18.hdf5
3 Eigenstrat Files with 5081 Individuals and 1233013 SNPs

Intersection on Positions: 33917
Nr of Matching Refs: 33917 / 33917
Full Intersection Ref/Alt Identical: 33902 / 33917
2504 / 2504 Individuals included in Reference
Extraction of 5008 Haplotypes complete
Reduced to markers called 24076 / 33902
(Fraction SNP: 0.7101645920594655)
Successfully saved to: ./Empirical/Eigenstrat/Reichall/I1656/chr18/
Successfully loaded Data from: ./Empirical/Eigenstrat/Reichall/I1656/chr18/
Loaded Emission Model: haploid
Loaded Transition Model: model
Loaded Post Processing Model: Standard
Minimum Genetic Map: 0.0025
Maximum Genetic Map: 1.1771
Gaps bigger than 0.1 cM: 171
Maximum Gap: 0.4764 cM
Loaded Transition and Emission Matrix:
(3, 3)
(5009, 24076)
Loaded Observations:
(2, 24076)
Memory Usage: 1321.3696 mB
Reference Number: 5008
Total Log likelihood: -8865.554
Memory Usage: 1321.3696 mB
Finished Calculation State Posteriors
Saved Zero State Posterior to ./Empirical/Eigenstrat/Reichall/I1656/chr18/.
Successfully loaded for PP. from ./Empirical/Eigenstrat/Reichall/I1656/chr18/
Fraction Markers in ROH: 0.3874
Merged n=0 gaps < 0.0 M
Called n=2 ROH Blocks > 1.0 cM
Longest Block: 1.209
Successfully saved to ./Empirical/Eigenstrat/Reichall/I1656/chr18/roh.csv
Using Low-Mem Cython Linear Speed Up.
Loaded Pre Processing Model: Eigenstrat
Loading Individual: I1656

Loaded 18460 variants
Loaded 2504 individuals
HDF5 loaded from ./Data/1000Genomes/HDF5/1240kHDF5/all1240/chr19.hdf5
3 Eigenstrat Files with 5081 Individuals and 1233013 SNPs

Intersection on Positions: 18460
Nr of Matching Refs: 18460 / 18460
Full Intersection Ref/Alt Identical: 18441 / 18460
2504 / 2504 Individuals included in Reference
Extraction of 5008 Haplotypes complete
Reduced to markers called 14449 / 18441
(Fraction SNP: 0.7835258391627352)
Successfully saved to: ./Empirical/Eigenstrat/Reichall/I1656/chr19/
Successfully loaded Data from: ./Empirical/Eigenstrat/Reichall/I1656/chr19/
Loaded Emission Model: haploid
Loaded Transition Model: model
Loaded Post Processing Model: Standard
Minimum Genetic Map: 0.0000
Maximum Genetic Map: 1.0773
Gaps bigger than 0.1 cM: 164
Maximum Gap: 0.5964 cM
Loaded Transition and Emission Matrix:
(3, 3)
(5009, 14449)
Loaded Observations:
(2, 14449)
Memory Usage: 887.758848 mB
Reference Number: 5008
Total Log likelihood: -5659.217
Memory Usage: 887.758848 mB
Finished Calculation State Posteriors
Saved Zero State Posterior to ./Empirical/Eigenstrat/Reichall/I1656/chr19/.
Successfully loaded for PP. from ./Empirical/Eigenstrat/Reichall/I1656/chr19/
Fraction Markers in ROH: 0.3695
Merged n=0 gaps < 0.0 M
Called n=4 ROH Blocks > 1.0 cM
Longest Block: 1.821
Successfully saved to ./Empirical/Eigenstrat/Reichall/I1656/chr19/roh.csv
Using Low-Mem Cython Linear Speed Up.
Loaded Pre Processing Model: Eigenstrat
Loading Individual: I1656

Loaded 29078 variants
Loaded 2504 individuals
HDF5 loaded from ./Data/1000Genomes/HDF5/1240kHDF5/all1240/chr20.hdf5
3 Eigenstrat Files with 5081 Individuals and 1233013 SNPs

Intersection on Positions: 29078
Nr of Matching Refs: 29078 / 29078
Full Intersection Ref/Alt Identical: 29053 / 29078
2504 / 2504 Individuals included in Reference
Extraction of 5008 Haplotypes complete
Reduced to markers called 22192 / 29053
(Fraction SNP: 0.7638453860186556)
Successfully saved to: ./Empirical/Eigenstrat/Reichall/I1656/chr20/
Successfully loaded Data from: ./Empirical/Eigenstrat/Reichall/I1656/chr20/
Loaded Emission Model: haploid
Loaded Transition Model: model
Loaded Post Processing Model: Standard
Minimum Genetic Map: 0.0000
Maximum Genetic Map: 1.0821
Gaps bigger than 0.1 cM: 158
Maximum Gap: 0.4744 cM
Loaded Transition and Emission Matrix:
(3, 3)
(5009, 22192)
Loaded Observations:
(2, 22192)
Memory Usage: 1236.815872 mB
Reference Number: 5008
Total Log likelihood: -7828.505
Memory Usage: 1236.815872 mB
Finished Calculation State Posteriors
Saved Zero State Posterior to ./Empirical/Eigenstrat/Reichall/I1656/chr20/.
Successfully loaded for PP. from ./Empirical/Eigenstrat/Reichall/I1656/chr20/
Fraction Markers in ROH: 0.4116
Merged n=0 gaps < 0.0 M
Called n=2 ROH Blocks > 1.0 cM
Longest Block: 1.904
Successfully saved to ./Empirical/Eigenstrat/Reichall/I1656/chr20/roh.csv
Using Low-Mem Cython Linear Speed Up.
Loaded Pre Processing Model: Eigenstrat
Loading Individual: I1656

Loaded 16038 variants
Loaded 2504 individuals
HDF5 loaded from ./Data/1000Genomes/HDF5/1240kHDF5/all1240/chr21.hdf5
3 Eigenstrat Files with 5081 Individuals and 1233013 SNPs

Intersection on Positions: 16038
Nr of Matching Refs: 16038 / 16038
Full Intersection Ref/Alt Identical: 16031 / 16038
2504 / 2504 Individuals included in Reference
Extraction of 5008 Haplotypes complete
Reduced to markers called 11490 / 16031
(Fraction SNP: 0.7167363233734639)
Successfully saved to: ./Empirical/Eigenstrat/Reichall/I1656/chr21/
Successfully loaded Data from: ./Empirical/Eigenstrat/Reichall/I1656/chr21/
Loaded Emission Model: haploid
Loaded Transition Model: model
Loaded Post Processing Model: Standard
Minimum Genetic Map: -0.0085
Maximum Genetic Map: 0.6279
Gaps bigger than 0.1 cM: 100
Maximum Gap: 1.7201 cM
Loaded Transition and Emission Matrix:
(3, 3)
(5009, 11490)
Loaded Observations:
(2, 11490)
Memory Usage: 754.159616 mB
Reference Number: 5008
Total Log likelihood: -4200.743
Memory Usage: 754.159616 mB
Finished Calculation State Posteriors
Saved Zero State Posterior to ./Empirical/Eigenstrat/Reichall/I1656/chr21/.
Successfully loaded for PP. from ./Empirical/Eigenstrat/Reichall/I1656/chr21/
Fraction Markers in ROH: 0.4190
Merged n=0 gaps < 0.0 M
Called n=1 ROH Blocks > 1.0 cM
Longest Block: 1.012
Successfully saved to ./Empirical/Eigenstrat/Reichall/I1656/chr21/roh.csv
Using Low-Mem Cython Linear Speed Up.
Loaded Pre Processing Model: Eigenstrat
Loading Individual: I1656

Loaded 15802 variants
Loaded 2504 individuals
HDF5 loaded from ./Data/1000Genomes/HDF5/1240kHDF5/all1240/chr22.hdf5
3 Eigenstrat Files with 5081 Individuals and 1233013 SNPs

Intersection on Positions: 15802
Nr of Matching Refs: 15802 / 15802
Full Intersection Ref/Alt Identical: 15793 / 15802
2504 / 2504 Individuals included in Reference
Extraction of 5008 Haplotypes complete
Reduced to markers called 12668 / 15793
(Fraction SNP: 0.8021275248527828)
Successfully saved to: ./Empirical/Eigenstrat/Reichall/I1656/chr22/
Successfully loaded Data from: ./Empirical/Eigenstrat/Reichall/I1656/chr22/
Loaded Emission Model: haploid
Loaded Transition Model: model
Loaded Post Processing Model: Standard
Minimum Genetic Map: 0.0171
Maximum Genetic Map: 0.7408
Gaps bigger than 0.1 cM: 90
Maximum Gap: 1.6163 cM
Loaded Transition and Emission Matrix:
(3, 3)
(5009, 12668)
Loaded Observations:
(2, 12668)
Memory Usage: 807.829504 mB
Reference Number: 5008
Total Log likelihood: -4565.507
Memory Usage: 807.829504 mB
Finished Calculation State Posteriors
Saved Zero State Posterior to ./Empirical/Eigenstrat/Reichall/I1656/chr22/.
Successfully loaded for PP. from ./Empirical/Eigenstrat/Reichall/I1656/chr22/
Fraction Markers in ROH: 0.4252
Merged n=0 gaps < 0.0 M
Called n=4 ROH Blocks > 1.0 cM
Longest Block: 1.179
Successfully saved to ./Empirical/Eigenstrat/Reichall/I1656/chr22/roh.csv
