Loaded 2106 / 5081 ancient Indivdiuals Anno File.
Doing Individual I2979...
Using Low-Mem Cython Linear Speed Up.
Loaded Pre Processing Model: Eigenstrat
Loading Individual: I2979

Loaded 89147 variants
Loaded 2504 individuals
HDF5 loaded from ./Data/1000Genomes/HDF5/1240kHDF5/all1240/chr1.hdf5
3 Eigenstrat Files with 5081 Individuals and 1233013 SNPs

Intersection on Positions: 89147
Nr of Matching Refs: 89147 / 89147
Full Intersection Ref/Alt Identical: 89082 / 89147
2504 / 2504 Individuals included in Reference
Extraction of 5008 Haplotypes complete
Reduced to markers called 62135 / 89082
(Fraction SNP: 0.6975034238117689)
Successfully saved to: ./Empirical/Eigenstrat/Reichall/I2979/chr1/
Successfully loaded Data from: ./Empirical/Eigenstrat/Reichall/I2979/chr1/
Loaded Emission Model: haploid
Loaded Transition Model: model
Loaded Post Processing Model: Standard
Minimum Genetic Map: 0.0201
Maximum Genetic Map: 2.8627
Gaps bigger than 0.1 cM: 327
Maximum Gap: 2.9229 cM
Loaded Transition and Emission Matrix:
(3, 3)
(5009, 62135)
Loaded Observations:
(2, 62135)
Memory Usage: 2996.027392 mB
Reference Number: 5008
Total Log likelihood: -20985.201
Memory Usage: 2996.49024 mB
Finished Calculation State Posteriors
Saved Zero State Posterior to ./Empirical/Eigenstrat/Reichall/I2979/chr1/.
Successfully loaded for PP. from ./Empirical/Eigenstrat/Reichall/I2979/chr1/
Fraction Markers in ROH: 0.4610
Merged n=0 gaps < 0.0 M
Called n=13 ROH Blocks > 1.0 cM
Longest Block: 7.330
Successfully saved to ./Empirical/Eigenstrat/Reichall/I2979/chr1/roh.csv
Using Low-Mem Cython Linear Speed Up.
Loaded Pre Processing Model: Eigenstrat
Loading Individual: I2979

Loaded 94239 variants
Loaded 2504 individuals
HDF5 loaded from ./Data/1000Genomes/HDF5/1240kHDF5/all1240/chr2.hdf5
3 Eigenstrat Files with 5081 Individuals and 1233013 SNPs

Intersection on Positions: 94239
Nr of Matching Refs: 94239 / 94239
Full Intersection Ref/Alt Identical: 94173 / 94239
2504 / 2504 Individuals included in Reference
Extraction of 5008 Haplotypes complete
Reduced to markers called 62619 / 94173
(Fraction SNP: 0.6649358096269632)
Successfully saved to: ./Empirical/Eigenstrat/Reichall/I2979/chr2/
Successfully loaded Data from: ./Empirical/Eigenstrat/Reichall/I2979/chr2/
Loaded Emission Model: haploid
Loaded Transition Model: model
Loaded Post Processing Model: Standard
Minimum Genetic Map: 0.0001
Maximum Genetic Map: 2.6883
Gaps bigger than 0.1 cM: 306
Maximum Gap: 2.1083 cM
Loaded Transition and Emission Matrix:
(3, 3)
(5009, 62619)
Loaded Observations:
(2, 62619)
Memory Usage: 3056.447488 mB
Reference Number: 5008
Total Log likelihood: -21694.365
Memory Usage: 3056.447488 mB
Finished Calculation State Posteriors
Saved Zero State Posterior to ./Empirical/Eigenstrat/Reichall/I2979/chr2/.
Successfully loaded for PP. from ./Empirical/Eigenstrat/Reichall/I2979/chr2/
Fraction Markers in ROH: 0.4413
Merged n=0 gaps < 0.0 M
Called n=13 ROH Blocks > 1.0 cM
Longest Block: 2.465
Successfully saved to ./Empirical/Eigenstrat/Reichall/I2979/chr2/roh.csv
Using Low-Mem Cython Linear Speed Up.
Loaded Pre Processing Model: Eigenstrat
Loading Individual: I2979

Loaded 77652 variants
Loaded 2504 individuals
HDF5 loaded from ./Data/1000Genomes/HDF5/1240kHDF5/all1240/chr3.hdf5
3 Eigenstrat Files with 5081 Individuals and 1233013 SNPs

Intersection on Positions: 77652
Nr of Matching Refs: 77652 / 77652
Full Intersection Ref/Alt Identical: 77601 / 77652
2504 / 2504 Individuals included in Reference
Extraction of 5008 Haplotypes complete
Reduced to markers called 51342 / 77601
(Fraction SNP: 0.6616151853713226)
Successfully saved to: ./Empirical/Eigenstrat/Reichall/I2979/chr3/
Successfully loaded Data from: ./Empirical/Eigenstrat/Reichall/I2979/chr3/
Loaded Emission Model: haploid
Loaded Transition Model: model
Loaded Post Processing Model: Standard
Minimum Genetic Map: 0.0000
Maximum Genetic Map: 2.2326
Gaps bigger than 0.1 cM: 277
Maximum Gap: 0.3910 cM
Loaded Transition and Emission Matrix:
(3, 3)
(5009, 51342)
Loaded Observations:
(2, 51342)
Memory Usage: 2549.223424 mB
Reference Number: 5008
Total Log likelihood: -17427.091
Memory Usage: 2549.223424 mB
Finished Calculation State Posteriors
Saved Zero State Posterior to ./Empirical/Eigenstrat/Reichall/I2979/chr3/.
Successfully loaded for PP. from ./Empirical/Eigenstrat/Reichall/I2979/chr3/
Fraction Markers in ROH: 0.4445
Merged n=0 gaps < 0.0 M
Called n=10 ROH Blocks > 1.0 cM
Longest Block: 9.406
Successfully saved to ./Empirical/Eigenstrat/Reichall/I2979/chr3/roh.csv
Using Low-Mem Cython Linear Speed Up.
Loaded Pre Processing Model: Eigenstrat
Loading Individual: I2979

Loaded 68759 variants
Loaded 2504 individuals
HDF5 loaded from ./Data/1000Genomes/HDF5/1240kHDF5/all1240/chr4.hdf5
3 Eigenstrat Files with 5081 Individuals and 1233013 SNPs

Intersection on Positions: 68759
Nr of Matching Refs: 68759 / 68759
Full Intersection Ref/Alt Identical: 68720 / 68759
2504 / 2504 Individuals included in Reference
Extraction of 5008 Haplotypes complete
Reduced to markers called 42156 / 68720
(Fraction SNP: 0.6134458672875437)
Successfully saved to: ./Empirical/Eigenstrat/Reichall/I2979/chr4/
Successfully loaded Data from: ./Empirical/Eigenstrat/Reichall/I2979/chr4/
Loaded Emission Model: haploid
Loaded Transition Model: model
Loaded Post Processing Model: Standard
Minimum Genetic Map: 0.0034
Maximum Genetic Map: 2.1454
Gaps bigger than 0.1 cM: 275
Maximum Gap: 2.0422 cM
Loaded Transition and Emission Matrix:
(3, 3)
(5009, 42156)
Loaded Observations:
(2, 42156)
Memory Usage: 2135.57248 mB
Reference Number: 5008
Total Log likelihood: -15054.322
Memory Usage: 2135.57248 mB
Finished Calculation State Posteriors
Saved Zero State Posterior to ./Empirical/Eigenstrat/Reichall/I2979/chr4/.
Successfully loaded for PP. from ./Empirical/Eigenstrat/Reichall/I2979/chr4/
Fraction Markers in ROH: 0.4179
Merged n=0 gaps < 0.0 M
Called n=15 ROH Blocks > 1.0 cM
Longest Block: 3.598
Successfully saved to ./Empirical/Eigenstrat/Reichall/I2979/chr4/roh.csv
Using Low-Mem Cython Linear Speed Up.
Loaded Pre Processing Model: Eigenstrat
Loading Individual: I2979

Loaded 69399 variants
Loaded 2504 individuals
HDF5 loaded from ./Data/1000Genomes/HDF5/1240kHDF5/all1240/chr5.hdf5
3 Eigenstrat Files with 5081 Individuals and 1233013 SNPs

Intersection on Positions: 69399
Nr of Matching Refs: 69399 / 69399
Full Intersection Ref/Alt Identical: 69354 / 69399
2504 / 2504 Individuals included in Reference
Extraction of 5008 Haplotypes complete
Reduced to markers called 45543 / 69354
(Fraction SNP: 0.6566744528073363)
Successfully saved to: ./Empirical/Eigenstrat/Reichall/I2979/chr5/
Successfully loaded Data from: ./Empirical/Eigenstrat/Reichall/I2979/chr5/
Loaded Emission Model: haploid
Loaded Transition Model: model
Loaded Post Processing Model: Standard
Minimum Genetic Map: 0.0004
Maximum Genetic Map: 2.0409
Gaps bigger than 0.1 cM: 274
Maximum Gap: 1.1070 cM
Loaded Transition and Emission Matrix:
(3, 3)
(5009, 45543)
Loaded Observations:
(2, 45543)
Memory Usage: 2288.181248 mB
Reference Number: 5008
Total Log likelihood: -15773.922
Memory Usage: 2288.181248 mB
Finished Calculation State Posteriors
Saved Zero State Posterior to ./Empirical/Eigenstrat/Reichall/I2979/chr5/.
Successfully loaded for PP. from ./Empirical/Eigenstrat/Reichall/I2979/chr5/
Fraction Markers in ROH: 0.4442
Merged n=0 gaps < 0.0 M
Called n=7 ROH Blocks > 1.0 cM
Longest Block: 1.697
Successfully saved to ./Empirical/Eigenstrat/Reichall/I2979/chr5/roh.csv
Using Low-Mem Cython Linear Speed Up.
Loaded Pre Processing Model: Eigenstrat
Loading Individual: I2979

Loaded 75870 variants
Loaded 2504 individuals
HDF5 loaded from ./Data/1000Genomes/HDF5/1240kHDF5/all1240/chr6.hdf5
3 Eigenstrat Files with 5081 Individuals and 1233013 SNPs

Intersection on Positions: 75870
Nr of Matching Refs: 75870 / 75870
Full Intersection Ref/Alt Identical: 75816 / 75870
2504 / 2504 Individuals included in Reference
Extraction of 5008 Haplotypes complete
Reduced to markers called 49930 / 75816
(Fraction SNP: 0.658568112271816)
Successfully saved to: ./Empirical/Eigenstrat/Reichall/I2979/chr6/
Successfully loaded Data from: ./Empirical/Eigenstrat/Reichall/I2979/chr6/
Loaded Emission Model: haploid
Loaded Transition Model: model
Loaded Post Processing Model: Standard
Minimum Genetic Map: 0.0035
Maximum Genetic Map: 1.9203
Gaps bigger than 0.1 cM: 221
Maximum Gap: 0.5122 cM
Loaded Transition and Emission Matrix:
(3, 3)
(5009, 49930)
Loaded Observations:
(2, 49930)
Memory Usage: 2486.112256 mB
Reference Number: 5008
Total Log likelihood: -17622.964
Memory Usage: 2486.112256 mB
Finished Calculation State Posteriors
Saved Zero State Posterior to ./Empirical/Eigenstrat/Reichall/I2979/chr6/.
Successfully loaded for PP. from ./Empirical/Eigenstrat/Reichall/I2979/chr6/
Fraction Markers in ROH: 0.4209
Merged n=0 gaps < 0.0 M
Called n=8 ROH Blocks > 1.0 cM
Longest Block: 1.473
Successfully saved to ./Empirical/Eigenstrat/Reichall/I2979/chr6/roh.csv
Using Low-Mem Cython Linear Speed Up.
Loaded Pre Processing Model: Eigenstrat
Loading Individual: I2979

Loaded 59890 variants
Loaded 2504 individuals
HDF5 loaded from ./Data/1000Genomes/HDF5/1240kHDF5/all1240/chr7.hdf5
3 Eigenstrat Files with 5081 Individuals and 1233013 SNPs

Intersection on Positions: 59890
Nr of Matching Refs: 59890 / 59890
Full Intersection Ref/Alt Identical: 59836 / 59890
2504 / 2504 Individuals included in Reference
Extraction of 5008 Haplotypes complete
Reduced to markers called 39321 / 59836
(Fraction SNP: 0.6571461996122735)
Successfully saved to: ./Empirical/Eigenstrat/Reichall/I2979/chr7/
Successfully loaded Data from: ./Empirical/Eigenstrat/Reichall/I2979/chr7/
Loaded Emission Model: haploid
Loaded Transition Model: model
Loaded Post Processing Model: Standard
Minimum Genetic Map: 0.0000
Maximum Genetic Map: 1.8715
Gaps bigger than 0.1 cM: 253
Maximum Gap: 0.8416 cM
Loaded Transition and Emission Matrix:
(3, 3)
(5009, 39321)
Loaded Observations:
(2, 39321)
Memory Usage: 2007.617536 mB
Reference Number: 5008
Total Log likelihood: -13942.297
Memory Usage: 2007.617536 mB
Finished Calculation State Posteriors
Saved Zero State Posterior to ./Empirical/Eigenstrat/Reichall/I2979/chr7/.
Successfully loaded for PP. from ./Empirical/Eigenstrat/Reichall/I2979/chr7/
Fraction Markers in ROH: 0.4239
Merged n=0 gaps < 0.0 M
Called n=14 ROH Blocks > 1.0 cM
Longest Block: 2.155
Successfully saved to ./Empirical/Eigenstrat/Reichall/I2979/chr7/roh.csv
Using Low-Mem Cython Linear Speed Up.
Loaded Pre Processing Model: Eigenstrat
Loading Individual: I2979

Loaded 61133 variants
Loaded 2504 individuals
HDF5 loaded from ./Data/1000Genomes/HDF5/1240kHDF5/all1240/chr8.hdf5
3 Eigenstrat Files with 5081 Individuals and 1233013 SNPs

Intersection on Positions: 61133
Nr of Matching Refs: 61133 / 61133
Full Intersection Ref/Alt Identical: 61091 / 61133
2504 / 2504 Individuals included in Reference
Extraction of 5008 Haplotypes complete
Reduced to markers called 40919 / 61091
(Fraction SNP: 0.6698040627915732)
Successfully saved to: ./Empirical/Eigenstrat/Reichall/I2979/chr8/
Successfully loaded Data from: ./Empirical/Eigenstrat/Reichall/I2979/chr8/
Loaded Emission Model: haploid
Loaded Transition Model: model
Loaded Post Processing Model: Standard
Minimum Genetic Map: 0.0000
Maximum Genetic Map: 1.6800
Gaps bigger than 0.1 cM: 182
Maximum Gap: 1.8932 cM
Loaded Transition and Emission Matrix:
(3, 3)
(5009, 40919)
Loaded Observations:
(2, 40919)
Memory Usage: 2080.17408 mB
Reference Number: 5008
Total Log likelihood: -14308.902
Memory Usage: 2080.17408 mB
Finished Calculation State Posteriors
Saved Zero State Posterior to ./Empirical/Eigenstrat/Reichall/I2979/chr8/.
Successfully loaded for PP. from ./Empirical/Eigenstrat/Reichall/I2979/chr8/
Fraction Markers in ROH: 0.4317
Merged n=0 gaps < 0.0 M
Called n=6 ROH Blocks > 1.0 cM
Longest Block: 1.816
Successfully saved to ./Empirical/Eigenstrat/Reichall/I2979/chr8/roh.csv
Using Low-Mem Cython Linear Speed Up.
Loaded Pre Processing Model: Eigenstrat
Loading Individual: I2979

Loaded 50668 variants
Loaded 2504 individuals
HDF5 loaded from ./Data/1000Genomes/HDF5/1240kHDF5/all1240/chr9.hdf5
3 Eigenstrat Files with 5081 Individuals and 1233013 SNPs

Intersection on Positions: 50668
Nr of Matching Refs: 50668 / 50668
Full Intersection Ref/Alt Identical: 50629 / 50668
2504 / 2504 Individuals included in Reference
Extraction of 5008 Haplotypes complete
Reduced to markers called 34509 / 50629
(Fraction SNP: 0.6816054040174604)
Successfully saved to: ./Empirical/Eigenstrat/Reichall/I2979/chr9/
Successfully loaded Data from: ./Empirical/Eigenstrat/Reichall/I2979/chr9/
Loaded Emission Model: haploid
Loaded Transition Model: model
Loaded Post Processing Model: Standard
Minimum Genetic Map: 0.0016
Maximum Genetic Map: 1.6630
Gaps bigger than 0.1 cM: 237
Maximum Gap: 1.8819 cM
Loaded Transition and Emission Matrix:
(3, 3)
(5009, 34509)
Loaded Observations:
(2, 34509)
Memory Usage: 1791.041536 mB
Reference Number: 5008
Total Log likelihood: -12585.943
Memory Usage: 1791.041536 mB
Finished Calculation State Posteriors
Saved Zero State Posterior to ./Empirical/Eigenstrat/Reichall/I2979/chr9/.
Successfully loaded for PP. from ./Empirical/Eigenstrat/Reichall/I2979/chr9/
Fraction Markers in ROH: 0.4258
Merged n=0 gaps < 0.0 M
Called n=13 ROH Blocks > 1.0 cM
Longest Block: 1.713
Successfully saved to ./Empirical/Eigenstrat/Reichall/I2979/chr9/roh.csv
Using Low-Mem Cython Linear Speed Up.
Loaded Pre Processing Model: Eigenstrat
Loading Individual: I2979

Loaded 58804 variants
Loaded 2504 individuals
HDF5 loaded from ./Data/1000Genomes/HDF5/1240kHDF5/all1240/chr10.hdf5
3 Eigenstrat Files with 5081 Individuals and 1233013 SNPs

Intersection on Positions: 58804
Nr of Matching Refs: 58804 / 58804
Full Intersection Ref/Alt Identical: 58763 / 58804
2504 / 2504 Individuals included in Reference
Extraction of 5008 Haplotypes complete
Reduced to markers called 41106 / 58763
(Fraction SNP: 0.6995218079403707)
Successfully saved to: ./Empirical/Eigenstrat/Reichall/I2979/chr10/
Successfully loaded Data from: ./Empirical/Eigenstrat/Reichall/I2979/chr10/
Loaded Emission Model: haploid
Loaded Transition Model: model
Loaded Post Processing Model: Standard
Minimum Genetic Map: 0.0001
Maximum Genetic Map: 1.8092
Gaps bigger than 0.1 cM: 217
Maximum Gap: 2.0338 cM
Loaded Transition and Emission Matrix:
(3, 3)
(5009, 41106)
Loaded Observations:
(2, 41106)
Memory Usage: 2088.71424 mB
Reference Number: 5008
Total Log likelihood: -14690.119
Memory Usage: 2088.71424 mB
Finished Calculation State Posteriors
Saved Zero State Posterior to ./Empirical/Eigenstrat/Reichall/I2979/chr10/.
Successfully loaded for PP. from ./Empirical/Eigenstrat/Reichall/I2979/chr10/
Fraction Markers in ROH: 0.3894
Merged n=0 gaps < 0.0 M
Called n=7 ROH Blocks > 1.0 cM
Longest Block: 2.107
Successfully saved to ./Empirical/Eigenstrat/Reichall/I2979/chr10/roh.csv
Using Low-Mem Cython Linear Speed Up.
Loaded Pre Processing Model: Eigenstrat
Loading Individual: I2979

Loaded 54833 variants
Loaded 2504 individuals
HDF5 loaded from ./Data/1000Genomes/HDF5/1240kHDF5/all1240/chr11.hdf5
3 Eigenstrat Files with 5081 Individuals and 1233013 SNPs

Intersection on Positions: 54833
Nr of Matching Refs: 54833 / 54833
Full Intersection Ref/Alt Identical: 54796 / 54833
2504 / 2504 Individuals included in Reference
Extraction of 5008 Haplotypes complete
Reduced to markers called 37832 / 54796
(Fraction SNP: 0.6904153587853128)
Successfully saved to: ./Empirical/Eigenstrat/Reichall/I2979/chr11/
Successfully loaded Data from: ./Empirical/Eigenstrat/Reichall/I2979/chr11/
Loaded Emission Model: haploid
Loaded Transition Model: model
Loaded Post Processing Model: Standard
Minimum Genetic Map: 0.0000
Maximum Genetic Map: 1.5822
Gaps bigger than 0.1 cM: 199
Maximum Gap: 0.5366 cM
Loaded Transition and Emission Matrix:
(3, 3)
(5009, 37832)
Loaded Observations:
(2, 37832)
Memory Usage: 1941.450752 mB
Reference Number: 5008
Total Log likelihood: -13231.811
Memory Usage: 1941.450752 mB
Finished Calculation State Posteriors
Saved Zero State Posterior to ./Empirical/Eigenstrat/Reichall/I2979/chr11/.
Successfully loaded for PP. from ./Empirical/Eigenstrat/Reichall/I2979/chr11/
Fraction Markers in ROH: 0.4409
Merged n=0 gaps < 0.0 M
Called n=11 ROH Blocks > 1.0 cM
Longest Block: 2.235
Successfully saved to ./Empirical/Eigenstrat/Reichall/I2979/chr11/roh.csv
Using Low-Mem Cython Linear Speed Up.
Loaded Pre Processing Model: Eigenstrat
Loading Individual: I2979

Loaded 53911 variants
Loaded 2504 individuals
HDF5 loaded from ./Data/1000Genomes/HDF5/1240kHDF5/all1240/chr12.hdf5
3 Eigenstrat Files with 5081 Individuals and 1233013 SNPs

Intersection on Positions: 53911
Nr of Matching Refs: 53911 / 53911
Full Intersection Ref/Alt Identical: 53884 / 53911
2504 / 2504 Individuals included in Reference
Extraction of 5008 Haplotypes complete
Reduced to markers called 36092 / 53884
(Fraction SNP: 0.6698092198055081)
Successfully saved to: ./Empirical/Eigenstrat/Reichall/I2979/chr12/
Successfully loaded Data from: ./Empirical/Eigenstrat/Reichall/I2979/chr12/
Loaded Emission Model: haploid
Loaded Transition Model: model
Loaded Post Processing Model: Standard
Minimum Genetic Map: 0.0017
Maximum Genetic Map: 1.7468
Gaps bigger than 0.1 cM: 228
Maximum Gap: 0.8437 cM
Loaded Transition and Emission Matrix:
(3, 3)
(5009, 36092)
Loaded Observations:
(2, 36092)
Memory Usage: 1862.303744 mB
Reference Number: 5008
Total Log likelihood: -13012.935
Memory Usage: 1862.303744 mB
Finished Calculation State Posteriors
Saved Zero State Posterior to ./Empirical/Eigenstrat/Reichall/I2979/chr12/.
Successfully loaded for PP. from ./Empirical/Eigenstrat/Reichall/I2979/chr12/
Fraction Markers in ROH: 0.4048
Merged n=0 gaps < 0.0 M
Called n=9 ROH Blocks > 1.0 cM
Longest Block: 1.438
Successfully saved to ./Empirical/Eigenstrat/Reichall/I2979/chr12/roh.csv
Using Low-Mem Cython Linear Speed Up.
Loaded Pre Processing Model: Eigenstrat
Loading Individual: I2979

Loaded 39018 variants
Loaded 2504 individuals
HDF5 loaded from ./Data/1000Genomes/HDF5/1240kHDF5/all1240/chr13.hdf5
3 Eigenstrat Files with 5081 Individuals and 1233013 SNPs

Intersection on Positions: 39018
Nr of Matching Refs: 39018 / 39018
Full Intersection Ref/Alt Identical: 38994 / 39018
2504 / 2504 Individuals included in Reference
Extraction of 5008 Haplotypes complete
Reduced to markers called 24653 / 38994
(Fraction SNP: 0.6322254705852183)
Successfully saved to: ./Empirical/Eigenstrat/Reichall/I2979/chr13/
Successfully loaded Data from: ./Empirical/Eigenstrat/Reichall/I2979/chr13/
Loaded Emission Model: haploid
Loaded Transition Model: model
Loaded Post Processing Model: Standard
Minimum Genetic Map: 0.0019
Maximum Genetic Map: 1.2570
Gaps bigger than 0.1 cM: 182
Maximum Gap: 1.2216 cM
Loaded Transition and Emission Matrix:
(3, 3)
(5009, 24653)
Loaded Observations:
(2, 24653)
Memory Usage: 1347.043328 mB
Reference Number: 5008
Total Log likelihood: -9054.473
Memory Usage: 1347.043328 mB
Finished Calculation State Posteriors
Saved Zero State Posterior to ./Empirical/Eigenstrat/Reichall/I2979/chr13/.
Successfully loaded for PP. from ./Empirical/Eigenstrat/Reichall/I2979/chr13/
Fraction Markers in ROH: 0.3815
Merged n=0 gaps < 0.0 M
Called n=4 ROH Blocks > 1.0 cM
Longest Block: 1.616
Successfully saved to ./Empirical/Eigenstrat/Reichall/I2979/chr13/roh.csv
Using Low-Mem Cython Linear Speed Up.
Loaded Pre Processing Model: Eigenstrat
Loading Individual: I2979

Loaded 36301 variants
Loaded 2504 individuals
HDF5 loaded from ./Data/1000Genomes/HDF5/1240kHDF5/all1240/chr14.hdf5
3 Eigenstrat Files with 5081 Individuals and 1233013 SNPs

Intersection on Positions: 36301
Nr of Matching Refs: 36301 / 36301
Full Intersection Ref/Alt Identical: 36280 / 36301
2504 / 2504 Individuals included in Reference
Extraction of 5008 Haplotypes complete
Reduced to markers called 24394 / 36280
(Fraction SNP: 0.6723814773980155)
Successfully saved to: ./Empirical/Eigenstrat/Reichall/I2979/chr14/
Successfully loaded Data from: ./Empirical/Eigenstrat/Reichall/I2979/chr14/
Loaded Emission Model: haploid
Loaded Transition Model: model
Loaded Post Processing Model: Standard
Minimum Genetic Map: 0.0161
Maximum Genetic Map: 1.2020
Gaps bigger than 0.1 cM: 160
Maximum Gap: 2.8973 cM
Loaded Transition and Emission Matrix:
(3, 3)
(5009, 24394)
Loaded Observations:
(2, 24394)
Memory Usage: 1335.996416 mB
Reference Number: 5008
Total Log likelihood: -8763.794
Memory Usage: 1335.996416 mB
Finished Calculation State Posteriors
Saved Zero State Posterior to ./Empirical/Eigenstrat/Reichall/I2979/chr14/.
Successfully loaded for PP. from ./Empirical/Eigenstrat/Reichall/I2979/chr14/
Fraction Markers in ROH: 0.4280
Merged n=0 gaps < 0.0 M
Called n=6 ROH Blocks > 1.0 cM
Longest Block: 1.370
Successfully saved to ./Empirical/Eigenstrat/Reichall/I2979/chr14/roh.csv
Using Low-Mem Cython Linear Speed Up.
Loaded Pre Processing Model: Eigenstrat
Loading Individual: I2979

Loaded 34429 variants
Loaded 2504 individuals
HDF5 loaded from ./Data/1000Genomes/HDF5/1240kHDF5/all1240/chr15.hdf5
3 Eigenstrat Files with 5081 Individuals and 1233013 SNPs

Intersection on Positions: 34429
Nr of Matching Refs: 34429 / 34429
Full Intersection Ref/Alt Identical: 34407 / 34429
2504 / 2504 Individuals included in Reference
Extraction of 5008 Haplotypes complete
Reduced to markers called 24200 / 34407
(Fraction SNP: 0.7033452495131804)
Successfully saved to: ./Empirical/Eigenstrat/Reichall/I2979/chr15/
Successfully loaded Data from: ./Empirical/Eigenstrat/Reichall/I2979/chr15/
Loaded Emission Model: haploid
Loaded Transition Model: model
Loaded Post Processing Model: Standard
Minimum Genetic Map: 0.0002
Maximum Genetic Map: 1.4135
Gaps bigger than 0.1 cM: 158
Maximum Gap: 11.4957 cM
Loaded Transition and Emission Matrix:
(3, 3)
(5009, 24200)
Loaded Observations:
(2, 24200)
Memory Usage: 1327.341568 mB
Reference Number: 5008
Total Log likelihood: -8584.248
Memory Usage: 1327.341568 mB
Finished Calculation State Posteriors
Saved Zero State Posterior to ./Empirical/Eigenstrat/Reichall/I2979/chr15/.
Successfully loaded for PP. from ./Empirical/Eigenstrat/Reichall/I2979/chr15/
Fraction Markers in ROH: 0.4323
Merged n=0 gaps < 0.0 M
Called n=3 ROH Blocks > 1.0 cM
Longest Block: 1.628
Successfully saved to ./Empirical/Eigenstrat/Reichall/I2979/chr15/roh.csv
Using Low-Mem Cython Linear Speed Up.
Loaded Pre Processing Model: Eigenstrat
Loading Individual: I2979

Loaded 34402 variants
Loaded 2504 individuals
HDF5 loaded from ./Data/1000Genomes/HDF5/1240kHDF5/all1240/chr16.hdf5
3 Eigenstrat Files with 5081 Individuals and 1233013 SNPs

Intersection on Positions: 34402
Nr of Matching Refs: 34402 / 34402
Full Intersection Ref/Alt Identical: 34375 / 34402
2504 / 2504 Individuals included in Reference
Extraction of 5008 Haplotypes complete
Reduced to markers called 25598 / 34375
(Fraction SNP: 0.744669090909091)
Successfully saved to: ./Empirical/Eigenstrat/Reichall/I2979/chr16/
Successfully loaded Data from: ./Empirical/Eigenstrat/Reichall/I2979/chr16/
Loaded Emission Model: haploid
Loaded Transition Model: model
Loaded Post Processing Model: Standard
Minimum Genetic Map: -0.0000
Maximum Genetic Map: 1.3403
Gaps bigger than 0.1 cM: 182
Maximum Gap: 0.8461 cM
Loaded Transition and Emission Matrix:
(3, 3)
(5009, 25598)
Loaded Observations:
(2, 25598)
Memory Usage: 1390.686208 mB
Reference Number: 5008
Total Log likelihood: -9317.073
Memory Usage: 1390.686208 mB
Finished Calculation State Posteriors
Saved Zero State Posterior to ./Empirical/Eigenstrat/Reichall/I2979/chr16/.
Successfully loaded for PP. from ./Empirical/Eigenstrat/Reichall/I2979/chr16/
Fraction Markers in ROH: 0.4269
Merged n=0 gaps < 0.0 M
Called n=7 ROH Blocks > 1.0 cM
Longest Block: 1.500
Successfully saved to ./Empirical/Eigenstrat/Reichall/I2979/chr16/roh.csv
Using Low-Mem Cython Linear Speed Up.
Loaded Pre Processing Model: Eigenstrat
Loading Individual: I2979

Loaded 29314 variants
Loaded 2504 individuals
HDF5 loaded from ./Data/1000Genomes/HDF5/1240kHDF5/all1240/chr17.hdf5
3 Eigenstrat Files with 5081 Individuals and 1233013 SNPs

Intersection on Positions: 29314
Nr of Matching Refs: 29314 / 29314
Full Intersection Ref/Alt Identical: 29292 / 29314
2504 / 2504 Individuals included in Reference
Extraction of 5008 Haplotypes complete
Reduced to markers called 22220 / 29292
(Fraction SNP: 0.7585688925303837)
Successfully saved to: ./Empirical/Eigenstrat/Reichall/I2979/chr17/
Successfully loaded Data from: ./Empirical/Eigenstrat/Reichall/I2979/chr17/
Loaded Emission Model: haploid
Loaded Transition Model: model
Loaded Post Processing Model: Standard
Minimum Genetic Map: -0.0003
Maximum Genetic Map: 1.2847
Gaps bigger than 0.1 cM: 161
Maximum Gap: 1.2341 cM
Loaded Transition and Emission Matrix:
(3, 3)
(5009, 22220)
Loaded Observations:
(2, 22220)
Memory Usage: 1237.897216 mB
Reference Number: 5008
Total Log likelihood: -7790.841
Memory Usage: 1237.897216 mB
Finished Calculation State Posteriors
Saved Zero State Posterior to ./Empirical/Eigenstrat/Reichall/I2979/chr17/.
Successfully loaded for PP. from ./Empirical/Eigenstrat/Reichall/I2979/chr17/
Fraction Markers in ROH: 0.4854
Merged n=0 gaps < 0.0 M
Called n=16 ROH Blocks > 1.0 cM
Longest Block: 2.009
Successfully saved to ./Empirical/Eigenstrat/Reichall/I2979/chr17/roh.csv
Using Low-Mem Cython Linear Speed Up.
Loaded Pre Processing Model: Eigenstrat
Loading Individual: I2979

Loaded 33917 variants
Loaded 2504 individuals
HDF5 loaded from ./Data/1000Genomes/HDF5/1240kHDF5/all1240/chr18.hdf5
3 Eigenstrat Files with 5081 Individuals and 1233013 SNPs

Intersection on Positions: 33917
Nr of Matching Refs: 33917 / 33917
Full Intersection Ref/Alt Identical: 33902 / 33917
2504 / 2504 Individuals included in Reference
Extraction of 5008 Haplotypes complete
Reduced to markers called 22350 / 33902
(Fraction SNP: 0.6592531414075866)
Successfully saved to: ./Empirical/Eigenstrat/Reichall/I2979/chr18/
Successfully loaded Data from: ./Empirical/Eigenstrat/Reichall/I2979/chr18/
Loaded Emission Model: haploid
Loaded Transition Model: model
Loaded Post Processing Model: Standard
Minimum Genetic Map: 0.0025
Maximum Genetic Map: 1.1771
Gaps bigger than 0.1 cM: 175
Maximum Gap: 0.4764 cM
Loaded Transition and Emission Matrix:
(3, 3)
(5009, 22350)
Loaded Observations:
(2, 22350)
Memory Usage: 1243.807744 mB
Reference Number: 5008
Total Log likelihood: -8050.114
Memory Usage: 1243.807744 mB
Finished Calculation State Posteriors
Saved Zero State Posterior to ./Empirical/Eigenstrat/Reichall/I2979/chr18/.
Successfully loaded for PP. from ./Empirical/Eigenstrat/Reichall/I2979/chr18/
Fraction Markers in ROH: 0.4195
Merged n=0 gaps < 0.0 M
Called n=7 ROH Blocks > 1.0 cM
Longest Block: 1.852
Successfully saved to ./Empirical/Eigenstrat/Reichall/I2979/chr18/roh.csv
Using Low-Mem Cython Linear Speed Up.
Loaded Pre Processing Model: Eigenstrat
Loading Individual: I2979

Loaded 18460 variants
Loaded 2504 individuals
HDF5 loaded from ./Data/1000Genomes/HDF5/1240kHDF5/all1240/chr19.hdf5
3 Eigenstrat Files with 5081 Individuals and 1233013 SNPs

Intersection on Positions: 18460
Nr of Matching Refs: 18460 / 18460
Full Intersection Ref/Alt Identical: 18441 / 18460
2504 / 2504 Individuals included in Reference
Extraction of 5008 Haplotypes complete
Reduced to markers called 14644 / 18441
(Fraction SNP: 0.794100103031289)
Successfully saved to: ./Empirical/Eigenstrat/Reichall/I2979/chr19/
Successfully loaded Data from: ./Empirical/Eigenstrat/Reichall/I2979/chr19/
Loaded Emission Model: haploid
Loaded Transition Model: model
Loaded Post Processing Model: Standard
Minimum Genetic Map: 0.0000
Maximum Genetic Map: 1.0773
Gaps bigger than 0.1 cM: 161
Maximum Gap: 0.5964 cM
Loaded Transition and Emission Matrix:
(3, 3)
(5009, 14644)
Loaded Observations:
(2, 14644)
Memory Usage: 896.520192 mB
Reference Number: 5008
Total Log likelihood: -5585.778
Memory Usage: 896.520192 mB
Finished Calculation State Posteriors
Saved Zero State Posterior to ./Empirical/Eigenstrat/Reichall/I2979/chr19/.
Successfully loaded for PP. from ./Empirical/Eigenstrat/Reichall/I2979/chr19/
Fraction Markers in ROH: 0.4435
Merged n=0 gaps < 0.0 M
Called n=9 ROH Blocks > 1.0 cM
Longest Block: 2.620
Successfully saved to ./Empirical/Eigenstrat/Reichall/I2979/chr19/roh.csv
Using Low-Mem Cython Linear Speed Up.
Loaded Pre Processing Model: Eigenstrat
Loading Individual: I2979

Loaded 29078 variants
Loaded 2504 individuals
HDF5 loaded from ./Data/1000Genomes/HDF5/1240kHDF5/all1240/chr20.hdf5
3 Eigenstrat Files with 5081 Individuals and 1233013 SNPs

Intersection on Positions: 29078
Nr of Matching Refs: 29078 / 29078
Full Intersection Ref/Alt Identical: 29053 / 29078
2504 / 2504 Individuals included in Reference
Extraction of 5008 Haplotypes complete
Reduced to markers called 21648 / 29053
(Fraction SNP: 0.7451209857846005)
Successfully saved to: ./Empirical/Eigenstrat/Reichall/I2979/chr20/
Successfully loaded Data from: ./Empirical/Eigenstrat/Reichall/I2979/chr20/
Loaded Emission Model: haploid
Loaded Transition Model: model
Loaded Post Processing Model: Standard
Minimum Genetic Map: 0.0002
Maximum Genetic Map: 1.0821
Gaps bigger than 0.1 cM: 151
Maximum Gap: 0.4744 cM
Loaded Transition and Emission Matrix:
(3, 3)
(5009, 21648)
Loaded Observations:
(2, 21648)
Memory Usage: 1212.276736 mB
Reference Number: 5008
Total Log likelihood: -7514.923
Memory Usage: 1212.276736 mB
Finished Calculation State Posteriors
Saved Zero State Posterior to ./Empirical/Eigenstrat/Reichall/I2979/chr20/.
Successfully loaded for PP. from ./Empirical/Eigenstrat/Reichall/I2979/chr20/
Fraction Markers in ROH: 0.4570
Merged n=0 gaps < 0.0 M
Called n=8 ROH Blocks > 1.0 cM
Longest Block: 1.724
Successfully saved to ./Empirical/Eigenstrat/Reichall/I2979/chr20/roh.csv
Using Low-Mem Cython Linear Speed Up.
Loaded Pre Processing Model: Eigenstrat
Loading Individual: I2979

Loaded 16038 variants
Loaded 2504 individuals
HDF5 loaded from ./Data/1000Genomes/HDF5/1240kHDF5/all1240/chr21.hdf5
3 Eigenstrat Files with 5081 Individuals and 1233013 SNPs

Intersection on Positions: 16038
Nr of Matching Refs: 16038 / 16038
Full Intersection Ref/Alt Identical: 16031 / 16038
2504 / 2504 Individuals included in Reference
Extraction of 5008 Haplotypes complete
Reduced to markers called 10750 / 16031
(Fraction SNP: 0.6705757594660345)
Successfully saved to: ./Empirical/Eigenstrat/Reichall/I2979/chr21/
Successfully loaded Data from: ./Empirical/Eigenstrat/Reichall/I2979/chr21/
Loaded Emission Model: haploid
Loaded Transition Model: model
Loaded Post Processing Model: Standard
Minimum Genetic Map: -0.0085
Maximum Genetic Map: 0.6277
Gaps bigger than 0.1 cM: 109
Maximum Gap: 1.7201 cM
Loaded Transition and Emission Matrix:
(3, 3)
(5009, 10750)
Loaded Observations:
(2, 10750)
Memory Usage: 726.061056 mB
Reference Number: 5008
Total Log likelihood: -4066.159
Memory Usage: 726.061056 mB
Finished Calculation State Posteriors
Saved Zero State Posterior to ./Empirical/Eigenstrat/Reichall/I2979/chr21/.
Successfully loaded for PP. from ./Empirical/Eigenstrat/Reichall/I2979/chr21/
Fraction Markers in ROH: 0.3919
Merged n=0 gaps < 0.0 M
Called n=1 ROH Blocks > 1.0 cM
Longest Block: 1.240
Successfully saved to ./Empirical/Eigenstrat/Reichall/I2979/chr21/roh.csv
Using Low-Mem Cython Linear Speed Up.
Loaded Pre Processing Model: Eigenstrat
Loading Individual: I2979

Loaded 15802 variants
Loaded 2504 individuals
HDF5 loaded from ./Data/1000Genomes/HDF5/1240kHDF5/all1240/chr22.hdf5
3 Eigenstrat Files with 5081 Individuals and 1233013 SNPs

Intersection on Positions: 15802
Nr of Matching Refs: 15802 / 15802
Full Intersection Ref/Alt Identical: 15793 / 15802
2504 / 2504 Individuals included in Reference
Extraction of 5008 Haplotypes complete
Reduced to markers called 12769 / 15793
(Fraction SNP: 0.808522763249541)
Successfully saved to: ./Empirical/Eigenstrat/Reichall/I2979/chr22/
Successfully loaded Data from: ./Empirical/Eigenstrat/Reichall/I2979/chr22/
Loaded Emission Model: haploid
Loaded Transition Model: model
Loaded Post Processing Model: Standard
Minimum Genetic Map: 0.0180
Maximum Genetic Map: 0.7408
Gaps bigger than 0.1 cM: 96
Maximum Gap: 1.6949 cM
Loaded Transition and Emission Matrix:
(3, 3)
(5009, 12769)
Loaded Observations:
(2, 12769)
Memory Usage: 817.60256 mB
Reference Number: 5008
Total Log likelihood: -4690.938
Memory Usage: 817.60256 mB
Finished Calculation State Posteriors
Saved Zero State Posterior to ./Empirical/Eigenstrat/Reichall/I2979/chr22/.
Successfully loaded for PP. from ./Empirical/Eigenstrat/Reichall/I2979/chr22/
Fraction Markers in ROH: 0.3977
Merged n=0 gaps < 0.0 M
Called n=4 ROH Blocks > 1.0 cM
Longest Block: 1.700
Successfully saved to ./Empirical/Eigenstrat/Reichall/I2979/chr22/roh.csv
