Loaded 2106 / 5081 ancient Indivdiuals Anno File.
Doing Individual I7568...
Using Low-Mem Cython Linear Speed Up.
Loaded Pre Processing Model: Eigenstrat
Loading Individual: I7568

Loaded 89147 variants
Loaded 2504 individuals
HDF5 loaded from ./Data/1000Genomes/HDF5/1240kHDF5/all1240/chr1.hdf5
3 Eigenstrat Files with 5081 Individuals and 1233013 SNPs

Intersection on Positions: 89147
Nr of Matching Refs: 89147 / 89147
Full Intersection Ref/Alt Identical: 89082 / 89147
2504 / 2504 Individuals included in Reference
Extraction of 5008 Haplotypes complete
Reduced to markers called 61568 / 89082
(Fraction SNP: 0.6911385016052626)
Successfully saved to: ./Empirical/Eigenstrat/Reichall/I7568/chr1/
Successfully loaded Data from: ./Empirical/Eigenstrat/Reichall/I7568/chr1/
Loaded Emission Model: haploid
Loaded Transition Model: model
Loaded Post Processing Model: Standard
Minimum Genetic Map: 0.0201
Maximum Genetic Map: 2.8627
Gaps bigger than 0.1 cM: 335
Maximum Gap: 2.9229 cM
Loaded Transition and Emission Matrix:
(3, 3)
(5009, 61568)
Loaded Observations:
(2, 61568)
Memory Usage: 2970.206208 mB
Reference Number: 5008
Total Log likelihood: -21429.870
Memory Usage: 2970.669056 mB
Finished Calculation State Posteriors
Saved Zero State Posterior to ./Empirical/Eigenstrat/Reichall/I7568/chr1/.
Successfully loaded for PP. from ./Empirical/Eigenstrat/Reichall/I7568/chr1/
Fraction Markers in ROH: 0.4037
Merged n=0 gaps < 0.0 M
Called n=16 ROH Blocks > 1.0 cM
Longest Block: 5.282
Successfully saved to ./Empirical/Eigenstrat/Reichall/I7568/chr1/roh.csv
Using Low-Mem Cython Linear Speed Up.
Loaded Pre Processing Model: Eigenstrat
Loading Individual: I7568

Loaded 94239 variants
Loaded 2504 individuals
HDF5 loaded from ./Data/1000Genomes/HDF5/1240kHDF5/all1240/chr2.hdf5
3 Eigenstrat Files with 5081 Individuals and 1233013 SNPs

Intersection on Positions: 94239
Nr of Matching Refs: 94239 / 94239
Full Intersection Ref/Alt Identical: 94173 / 94239
2504 / 2504 Individuals included in Reference
Extraction of 5008 Haplotypes complete
Reduced to markers called 61599 / 94173
(Fraction SNP: 0.6541046796852601)
Successfully saved to: ./Empirical/Eigenstrat/Reichall/I7568/chr2/
Successfully loaded Data from: ./Empirical/Eigenstrat/Reichall/I7568/chr2/
Loaded Emission Model: haploid
Loaded Transition Model: model
Loaded Post Processing Model: Standard
Minimum Genetic Map: 0.0001
Maximum Genetic Map: 2.6883
Gaps bigger than 0.1 cM: 312
Maximum Gap: 2.1079 cM
Loaded Transition and Emission Matrix:
(3, 3)
(5009, 61599)
Loaded Observations:
(2, 61599)
Memory Usage: 3010.473984 mB
Reference Number: 5008
Total Log likelihood: -22145.219
Memory Usage: 3010.473984 mB
Finished Calculation State Posteriors
Saved Zero State Posterior to ./Empirical/Eigenstrat/Reichall/I7568/chr2/.
Successfully loaded for PP. from ./Empirical/Eigenstrat/Reichall/I7568/chr2/
Fraction Markers in ROH: 0.4180
Merged n=0 gaps < 0.0 M
Called n=15 ROH Blocks > 1.0 cM
Longest Block: 1.489
Successfully saved to ./Empirical/Eigenstrat/Reichall/I7568/chr2/roh.csv
Using Low-Mem Cython Linear Speed Up.
Loaded Pre Processing Model: Eigenstrat
Loading Individual: I7568

Loaded 77652 variants
Loaded 2504 individuals
HDF5 loaded from ./Data/1000Genomes/HDF5/1240kHDF5/all1240/chr3.hdf5
3 Eigenstrat Files with 5081 Individuals and 1233013 SNPs

Intersection on Positions: 77652
Nr of Matching Refs: 77652 / 77652
Full Intersection Ref/Alt Identical: 77601 / 77652
2504 / 2504 Individuals included in Reference
Extraction of 5008 Haplotypes complete
Reduced to markers called 49999 / 77601
(Fraction SNP: 0.6443087073620185)
Successfully saved to: ./Empirical/Eigenstrat/Reichall/I7568/chr3/
Successfully loaded Data from: ./Empirical/Eigenstrat/Reichall/I7568/chr3/
Loaded Emission Model: haploid
Loaded Transition Model: model
Loaded Post Processing Model: Standard
Minimum Genetic Map: 0.0000
Maximum Genetic Map: 2.2326
Gaps bigger than 0.1 cM: 284
Maximum Gap: 0.3910 cM
Loaded Transition and Emission Matrix:
(3, 3)
(5009, 49999)
Loaded Observations:
(2, 49999)
Memory Usage: 2487.611392 mB
Reference Number: 5008
Total Log likelihood: -17535.564
Memory Usage: 2487.611392 mB
Finished Calculation State Posteriors
Saved Zero State Posterior to ./Empirical/Eigenstrat/Reichall/I7568/chr3/.
Successfully loaded for PP. from ./Empirical/Eigenstrat/Reichall/I7568/chr3/
Fraction Markers in ROH: 0.4190
Merged n=0 gaps < 0.0 M
Called n=16 ROH Blocks > 1.0 cM
Longest Block: 1.918
Successfully saved to ./Empirical/Eigenstrat/Reichall/I7568/chr3/roh.csv
Using Low-Mem Cython Linear Speed Up.
Loaded Pre Processing Model: Eigenstrat
Loading Individual: I7568

Loaded 68759 variants
Loaded 2504 individuals
HDF5 loaded from ./Data/1000Genomes/HDF5/1240kHDF5/all1240/chr4.hdf5
3 Eigenstrat Files with 5081 Individuals and 1233013 SNPs

Intersection on Positions: 68759
Nr of Matching Refs: 68759 / 68759
Full Intersection Ref/Alt Identical: 68720 / 68759
2504 / 2504 Individuals included in Reference
Extraction of 5008 Haplotypes complete
Reduced to markers called 40903 / 68720
(Fraction SNP: 0.5952124563445867)
Successfully saved to: ./Empirical/Eigenstrat/Reichall/I7568/chr4/
Successfully loaded Data from: ./Empirical/Eigenstrat/Reichall/I7568/chr4/
Loaded Emission Model: haploid
Loaded Transition Model: model
Loaded Post Processing Model: Standard
Minimum Genetic Map: 0.0034
Maximum Genetic Map: 2.1454
Gaps bigger than 0.1 cM: 285
Maximum Gap: 2.0495 cM
Loaded Transition and Emission Matrix:
(3, 3)
(5009, 40903)
Loaded Observations:
(2, 40903)
Memory Usage: 2087.313408 mB
Reference Number: 5008
Total Log likelihood: -14960.629
Memory Usage: 2087.313408 mB
Finished Calculation State Posteriors
Saved Zero State Posterior to ./Empirical/Eigenstrat/Reichall/I7568/chr4/.
Successfully loaded for PP. from ./Empirical/Eigenstrat/Reichall/I7568/chr4/
Fraction Markers in ROH: 0.4012
Merged n=0 gaps < 0.0 M
Called n=12 ROH Blocks > 1.0 cM
Longest Block: 2.393
Successfully saved to ./Empirical/Eigenstrat/Reichall/I7568/chr4/roh.csv
Using Low-Mem Cython Linear Speed Up.
Loaded Pre Processing Model: Eigenstrat
Loading Individual: I7568

Loaded 69399 variants
Loaded 2504 individuals
HDF5 loaded from ./Data/1000Genomes/HDF5/1240kHDF5/all1240/chr5.hdf5
3 Eigenstrat Files with 5081 Individuals and 1233013 SNPs

Intersection on Positions: 69399
Nr of Matching Refs: 69399 / 69399
Full Intersection Ref/Alt Identical: 69354 / 69399
2504 / 2504 Individuals included in Reference
Extraction of 5008 Haplotypes complete
Reduced to markers called 44899 / 69354
(Fraction SNP: 0.6473887591198777)
Successfully saved to: ./Empirical/Eigenstrat/Reichall/I7568/chr5/
Successfully loaded Data from: ./Empirical/Eigenstrat/Reichall/I7568/chr5/
Loaded Emission Model: haploid
Loaded Transition Model: model
Loaded Post Processing Model: Standard
Minimum Genetic Map: 0.0004
Maximum Genetic Map: 2.0409
Gaps bigger than 0.1 cM: 283
Maximum Gap: 1.1070 cM
Loaded Transition and Emission Matrix:
(3, 3)
(5009, 44899)
Loaded Observations:
(2, 44899)
Memory Usage: 2267.62752 mB
Reference Number: 5008
Total Log likelihood: -15952.602
Memory Usage: 2267.62752 mB
Finished Calculation State Posteriors
Saved Zero State Posterior to ./Empirical/Eigenstrat/Reichall/I7568/chr5/.
Successfully loaded for PP. from ./Empirical/Eigenstrat/Reichall/I7568/chr5/
Fraction Markers in ROH: 0.4108
Merged n=0 gaps < 0.0 M
Called n=7 ROH Blocks > 1.0 cM
Longest Block: 1.776
Successfully saved to ./Empirical/Eigenstrat/Reichall/I7568/chr5/roh.csv
Using Low-Mem Cython Linear Speed Up.
Loaded Pre Processing Model: Eigenstrat
Loading Individual: I7568

Loaded 75870 variants
Loaded 2504 individuals
HDF5 loaded from ./Data/1000Genomes/HDF5/1240kHDF5/all1240/chr6.hdf5
3 Eigenstrat Files with 5081 Individuals and 1233013 SNPs

Intersection on Positions: 75870
Nr of Matching Refs: 75870 / 75870
Full Intersection Ref/Alt Identical: 75816 / 75870
2504 / 2504 Individuals included in Reference
Extraction of 5008 Haplotypes complete
Reduced to markers called 48949 / 75816
(Fraction SNP: 0.6456288909992614)
Successfully saved to: ./Empirical/Eigenstrat/Reichall/I7568/chr6/
Successfully loaded Data from: ./Empirical/Eigenstrat/Reichall/I7568/chr6/
Loaded Emission Model: haploid
Loaded Transition Model: model
Loaded Post Processing Model: Standard
Minimum Genetic Map: 0.0035
Maximum Genetic Map: 1.9203
Gaps bigger than 0.1 cM: 217
Maximum Gap: 0.5076 cM
Loaded Transition and Emission Matrix:
(3, 3)
(5009, 48949)
Loaded Observations:
(2, 48949)
Memory Usage: 2392.989696 mB
Reference Number: 5008
Total Log likelihood: -17334.968
Memory Usage: 2391.379968 mB
Finished Calculation State Posteriors
Saved Zero State Posterior to ./Empirical/Eigenstrat/Reichall/I7568/chr6/.
Successfully loaded for PP. from ./Empirical/Eigenstrat/Reichall/I7568/chr6/
Fraction Markers in ROH: 0.4122
Merged n=0 gaps < 0.0 M
Called n=5 ROH Blocks > 1.0 cM
Longest Block: 1.872
Successfully saved to ./Empirical/Eigenstrat/Reichall/I7568/chr6/roh.csv
Using Low-Mem Cython Linear Speed Up.
Loaded Pre Processing Model: Eigenstrat
Loading Individual: I7568

Loaded 59890 variants
Loaded 2504 individuals
HDF5 loaded from ./Data/1000Genomes/HDF5/1240kHDF5/all1240/chr7.hdf5
3 Eigenstrat Files with 5081 Individuals and 1233013 SNPs

Intersection on Positions: 59890
Nr of Matching Refs: 59890 / 59890
Full Intersection Ref/Alt Identical: 59836 / 59890
2504 / 2504 Individuals included in Reference
Extraction of 5008 Haplotypes complete
Reduced to markers called 38526 / 59836
(Fraction SNP: 0.6438598836820643)
Successfully saved to: ./Empirical/Eigenstrat/Reichall/I7568/chr7/
Successfully loaded Data from: ./Empirical/Eigenstrat/Reichall/I7568/chr7/
Loaded Emission Model: haploid
Loaded Transition Model: model
Loaded Post Processing Model: Standard
Minimum Genetic Map: 0.0001
Maximum Genetic Map: 1.8715
Gaps bigger than 0.1 cM: 253
Maximum Gap: 0.8416 cM
Loaded Transition and Emission Matrix:
(3, 3)
(5009, 38526)
Loaded Observations:
(2, 38526)
Memory Usage: 1970.065408 mB
Reference Number: 5008
Total Log likelihood: -13900.594
Memory Usage: 1970.081792 mB
Finished Calculation State Posteriors
Saved Zero State Posterior to ./Empirical/Eigenstrat/Reichall/I7568/chr7/.
Successfully loaded for PP. from ./Empirical/Eigenstrat/Reichall/I7568/chr7/
Fraction Markers in ROH: 0.3972
Merged n=0 gaps < 0.0 M
Called n=13 ROH Blocks > 1.0 cM
Longest Block: 1.850
Successfully saved to ./Empirical/Eigenstrat/Reichall/I7568/chr7/roh.csv
Using Low-Mem Cython Linear Speed Up.
Loaded Pre Processing Model: Eigenstrat
Loading Individual: I7568

Loaded 61133 variants
Loaded 2504 individuals
HDF5 loaded from ./Data/1000Genomes/HDF5/1240kHDF5/all1240/chr8.hdf5
3 Eigenstrat Files with 5081 Individuals and 1233013 SNPs

Intersection on Positions: 61133
Nr of Matching Refs: 61133 / 61133
Full Intersection Ref/Alt Identical: 61091 / 61133
2504 / 2504 Individuals included in Reference
Extraction of 5008 Haplotypes complete
Reduced to markers called 40099 / 61091
(Fraction SNP: 0.6563814637180599)
Successfully saved to: ./Empirical/Eigenstrat/Reichall/I7568/chr8/
Successfully loaded Data from: ./Empirical/Eigenstrat/Reichall/I7568/chr8/
Loaded Emission Model: haploid
Loaded Transition Model: model
Loaded Post Processing Model: Standard
Minimum Genetic Map: 0.0000
Maximum Genetic Map: 1.6800
Gaps bigger than 0.1 cM: 185
Maximum Gap: 1.8932 cM
Loaded Transition and Emission Matrix:
(3, 3)
(5009, 40099)
Loaded Observations:
(2, 40099)
Memory Usage: 2041.270272 mB
Reference Number: 5008
Total Log likelihood: -14693.340
Memory Usage: 2041.270272 mB
Finished Calculation State Posteriors
Saved Zero State Posterior to ./Empirical/Eigenstrat/Reichall/I7568/chr8/.
Successfully loaded for PP. from ./Empirical/Eigenstrat/Reichall/I7568/chr8/
Fraction Markers in ROH: 0.4080
Merged n=0 gaps < 0.0 M
Called n=4 ROH Blocks > 1.0 cM
Longest Block: 2.060
Successfully saved to ./Empirical/Eigenstrat/Reichall/I7568/chr8/roh.csv
Using Low-Mem Cython Linear Speed Up.
Loaded Pre Processing Model: Eigenstrat
Loading Individual: I7568

Loaded 50668 variants
Loaded 2504 individuals
HDF5 loaded from ./Data/1000Genomes/HDF5/1240kHDF5/all1240/chr9.hdf5
3 Eigenstrat Files with 5081 Individuals and 1233013 SNPs

Intersection on Positions: 50668
Nr of Matching Refs: 50668 / 50668
Full Intersection Ref/Alt Identical: 50629 / 50668
2504 / 2504 Individuals included in Reference
Extraction of 5008 Haplotypes complete
Reduced to markers called 34078 / 50629
(Fraction SNP: 0.6730924963953465)
Successfully saved to: ./Empirical/Eigenstrat/Reichall/I7568/chr9/
Successfully loaded Data from: ./Empirical/Eigenstrat/Reichall/I7568/chr9/
Loaded Emission Model: haploid
Loaded Transition Model: model
Loaded Post Processing Model: Standard
Minimum Genetic Map: 0.0016
Maximum Genetic Map: 1.6630
Gaps bigger than 0.1 cM: 231
Maximum Gap: 2.3102 cM
Loaded Transition and Emission Matrix:
(3, 3)
(5009, 34078)
Loaded Observations:
(2, 34078)
Memory Usage: 1770.20928 mB
Reference Number: 5008
Total Log likelihood: -12144.460
Memory Usage: 1770.20928 mB
Finished Calculation State Posteriors
Saved Zero State Posterior to ./Empirical/Eigenstrat/Reichall/I7568/chr9/.
Successfully loaded for PP. from ./Empirical/Eigenstrat/Reichall/I7568/chr9/
Fraction Markers in ROH: 0.4461
Merged n=0 gaps < 0.0 M
Called n=8 ROH Blocks > 1.0 cM
Longest Block: 2.469
Successfully saved to ./Empirical/Eigenstrat/Reichall/I7568/chr9/roh.csv
Using Low-Mem Cython Linear Speed Up.
Loaded Pre Processing Model: Eigenstrat
Loading Individual: I7568

Loaded 58804 variants
Loaded 2504 individuals
HDF5 loaded from ./Data/1000Genomes/HDF5/1240kHDF5/all1240/chr10.hdf5
3 Eigenstrat Files with 5081 Individuals and 1233013 SNPs

Intersection on Positions: 58804
Nr of Matching Refs: 58804 / 58804
Full Intersection Ref/Alt Identical: 58763 / 58804
2504 / 2504 Individuals included in Reference
Extraction of 5008 Haplotypes complete
Reduced to markers called 40451 / 58763
(Fraction SNP: 0.6883753382230315)
Successfully saved to: ./Empirical/Eigenstrat/Reichall/I7568/chr10/
Successfully loaded Data from: ./Empirical/Eigenstrat/Reichall/I7568/chr10/
Loaded Emission Model: haploid
Loaded Transition Model: model
Loaded Post Processing Model: Standard
Minimum Genetic Map: 0.0001
Maximum Genetic Map: 1.8092
Gaps bigger than 0.1 cM: 228
Maximum Gap: 2.0340 cM
Loaded Transition and Emission Matrix:
(3, 3)
(5009, 40451)
Loaded Observations:
(2, 40451)
Memory Usage: 2058.047488 mB
Reference Number: 5008
Total Log likelihood: -14457.469
Memory Usage: 2058.047488 mB
Finished Calculation State Posteriors
Saved Zero State Posterior to ./Empirical/Eigenstrat/Reichall/I7568/chr10/.
Successfully loaded for PP. from ./Empirical/Eigenstrat/Reichall/I7568/chr10/
Fraction Markers in ROH: 0.4203
Merged n=0 gaps < 0.0 M
Called n=5 ROH Blocks > 1.0 cM
Longest Block: 1.648
Successfully saved to ./Empirical/Eigenstrat/Reichall/I7568/chr10/roh.csv
Using Low-Mem Cython Linear Speed Up.
Loaded Pre Processing Model: Eigenstrat
Loading Individual: I7568

Loaded 54833 variants
Loaded 2504 individuals
HDF5 loaded from ./Data/1000Genomes/HDF5/1240kHDF5/all1240/chr11.hdf5
3 Eigenstrat Files with 5081 Individuals and 1233013 SNPs

Intersection on Positions: 54833
Nr of Matching Refs: 54833 / 54833
Full Intersection Ref/Alt Identical: 54796 / 54833
2504 / 2504 Individuals included in Reference
Extraction of 5008 Haplotypes complete
Reduced to markers called 37032 / 54796
(Fraction SNP: 0.6758157529746697)
Successfully saved to: ./Empirical/Eigenstrat/Reichall/I7568/chr11/
Successfully loaded Data from: ./Empirical/Eigenstrat/Reichall/I7568/chr11/
Loaded Emission Model: haploid
Loaded Transition Model: model
Loaded Post Processing Model: Standard
Minimum Genetic Map: 0.0000
Maximum Genetic Map: 1.5822
Gaps bigger than 0.1 cM: 200
Maximum Gap: 0.5373 cM
Loaded Transition and Emission Matrix:
(3, 3)
(5009, 37032)
Loaded Observations:
(2, 37032)
Memory Usage: 1904.25088 mB
Reference Number: 5008
Total Log likelihood: -13177.463
Memory Usage: 1904.25088 mB
Finished Calculation State Posteriors
Saved Zero State Posterior to ./Empirical/Eigenstrat/Reichall/I7568/chr11/.
Successfully loaded for PP. from ./Empirical/Eigenstrat/Reichall/I7568/chr11/
Fraction Markers in ROH: 0.4027
Merged n=0 gaps < 0.0 M
Called n=1 ROH Blocks > 1.0 cM
Longest Block: 1.188
Successfully saved to ./Empirical/Eigenstrat/Reichall/I7568/chr11/roh.csv
Using Low-Mem Cython Linear Speed Up.
Loaded Pre Processing Model: Eigenstrat
Loading Individual: I7568

Loaded 53911 variants
Loaded 2504 individuals
HDF5 loaded from ./Data/1000Genomes/HDF5/1240kHDF5/all1240/chr12.hdf5
3 Eigenstrat Files with 5081 Individuals and 1233013 SNPs

Intersection on Positions: 53911
Nr of Matching Refs: 53911 / 53911
Full Intersection Ref/Alt Identical: 53884 / 53911
2504 / 2504 Individuals included in Reference
Extraction of 5008 Haplotypes complete
Reduced to markers called 35497 / 53884
(Fraction SNP: 0.6587669809219806)
Successfully saved to: ./Empirical/Eigenstrat/Reichall/I7568/chr12/
Successfully loaded Data from: ./Empirical/Eigenstrat/Reichall/I7568/chr12/
Loaded Emission Model: haploid
Loaded Transition Model: model
Loaded Post Processing Model: Standard
Minimum Genetic Map: 0.0017
Maximum Genetic Map: 1.7468
Gaps bigger than 0.1 cM: 236
Maximum Gap: 0.8437 cM
Loaded Transition and Emission Matrix:
(3, 3)
(5009, 35497)
Loaded Observations:
(2, 35497)
Memory Usage: 1833.816064 mB
Reference Number: 5008
Total Log likelihood: -13187.719
Memory Usage: 1833.816064 mB
Finished Calculation State Posteriors
Saved Zero State Posterior to ./Empirical/Eigenstrat/Reichall/I7568/chr12/.
Successfully loaded for PP. from ./Empirical/Eigenstrat/Reichall/I7568/chr12/
Fraction Markers in ROH: 0.3867
Merged n=0 gaps < 0.0 M
Called n=5 ROH Blocks > 1.0 cM
Longest Block: 2.007
Successfully saved to ./Empirical/Eigenstrat/Reichall/I7568/chr12/roh.csv
Using Low-Mem Cython Linear Speed Up.
Loaded Pre Processing Model: Eigenstrat
Loading Individual: I7568

Loaded 39018 variants
Loaded 2504 individuals
HDF5 loaded from ./Data/1000Genomes/HDF5/1240kHDF5/all1240/chr13.hdf5
3 Eigenstrat Files with 5081 Individuals and 1233013 SNPs

Intersection on Positions: 39018
Nr of Matching Refs: 39018 / 39018
Full Intersection Ref/Alt Identical: 38994 / 39018
2504 / 2504 Individuals included in Reference
Extraction of 5008 Haplotypes complete
Reduced to markers called 23911 / 38994
(Fraction SNP: 0.6131969020875007)
Successfully saved to: ./Empirical/Eigenstrat/Reichall/I7568/chr13/
Successfully loaded Data from: ./Empirical/Eigenstrat/Reichall/I7568/chr13/
Loaded Emission Model: haploid
Loaded Transition Model: model
Loaded Post Processing Model: Standard
Minimum Genetic Map: 0.0021
Maximum Genetic Map: 1.2570
Gaps bigger than 0.1 cM: 176
Maximum Gap: 1.2216 cM
Loaded Transition and Emission Matrix:
(3, 3)
(5009, 23911)
Loaded Observations:
(2, 23911)
Memory Usage: 1312.190464 mB
Reference Number: 5008
Total Log likelihood: -8654.585
Memory Usage: 1312.190464 mB
Finished Calculation State Posteriors
Saved Zero State Posterior to ./Empirical/Eigenstrat/Reichall/I7568/chr13/.
Successfully loaded for PP. from ./Empirical/Eigenstrat/Reichall/I7568/chr13/
Fraction Markers in ROH: 0.3892
Merged n=0 gaps < 0.0 M
Called n=8 ROH Blocks > 1.0 cM
Longest Block: 2.139
Successfully saved to ./Empirical/Eigenstrat/Reichall/I7568/chr13/roh.csv
Using Low-Mem Cython Linear Speed Up.
Loaded Pre Processing Model: Eigenstrat
Loading Individual: I7568

Loaded 36301 variants
Loaded 2504 individuals
HDF5 loaded from ./Data/1000Genomes/HDF5/1240kHDF5/all1240/chr14.hdf5
3 Eigenstrat Files with 5081 Individuals and 1233013 SNPs

Intersection on Positions: 36301
Nr of Matching Refs: 36301 / 36301
Full Intersection Ref/Alt Identical: 36280 / 36301
2504 / 2504 Individuals included in Reference
Extraction of 5008 Haplotypes complete
Reduced to markers called 23906 / 36280
(Fraction SNP: 0.6589305402425579)
Successfully saved to: ./Empirical/Eigenstrat/Reichall/I7568/chr14/
Successfully loaded Data from: ./Empirical/Eigenstrat/Reichall/I7568/chr14/
Loaded Emission Model: haploid
Loaded Transition Model: model
Loaded Post Processing Model: Standard
Minimum Genetic Map: 0.0184
Maximum Genetic Map: 1.2020
Gaps bigger than 0.1 cM: 158
Maximum Gap: 3.3157 cM
Loaded Transition and Emission Matrix:
(3, 3)
(5009, 23906)
Loaded Observations:
(2, 23906)
Memory Usage: 1311.830016 mB
Reference Number: 5008
Total Log likelihood: -8440.000
Memory Usage: 1311.830016 mB
Finished Calculation State Posteriors
Saved Zero State Posterior to ./Empirical/Eigenstrat/Reichall/I7568/chr14/.
Successfully loaded for PP. from ./Empirical/Eigenstrat/Reichall/I7568/chr14/
Fraction Markers in ROH: 0.4155
Merged n=0 gaps < 0.0 M
Called n=3 ROH Blocks > 1.0 cM
Longest Block: 4.166
Successfully saved to ./Empirical/Eigenstrat/Reichall/I7568/chr14/roh.csv
Using Low-Mem Cython Linear Speed Up.
Loaded Pre Processing Model: Eigenstrat
Loading Individual: I7568

Loaded 34429 variants
Loaded 2504 individuals
HDF5 loaded from ./Data/1000Genomes/HDF5/1240kHDF5/all1240/chr15.hdf5
3 Eigenstrat Files with 5081 Individuals and 1233013 SNPs

Intersection on Positions: 34429
Nr of Matching Refs: 34429 / 34429
Full Intersection Ref/Alt Identical: 34407 / 34429
2504 / 2504 Individuals included in Reference
Extraction of 5008 Haplotypes complete
Reduced to markers called 23979 / 34407
(Fraction SNP: 0.6969221379370477)
Successfully saved to: ./Empirical/Eigenstrat/Reichall/I7568/chr15/
Successfully loaded Data from: ./Empirical/Eigenstrat/Reichall/I7568/chr15/
Loaded Emission Model: haploid
Loaded Transition Model: model
Loaded Post Processing Model: Standard
Minimum Genetic Map: 0.0000
Maximum Genetic Map: 1.4134
Gaps bigger than 0.1 cM: 157
Maximum Gap: 13.7349 cM
Loaded Transition and Emission Matrix:
(3, 3)
(5009, 23979)
Loaded Observations:
(2, 23979)
Memory Usage: 1315.708928 mB
Reference Number: 5008
Total Log likelihood: -8759.257
Memory Usage: 1315.708928 mB
Finished Calculation State Posteriors
Saved Zero State Posterior to ./Empirical/Eigenstrat/Reichall/I7568/chr15/.
Successfully loaded for PP. from ./Empirical/Eigenstrat/Reichall/I7568/chr15/
Fraction Markers in ROH: 0.3976
Merged n=0 gaps < 0.0 M
Called n=3 ROH Blocks > 1.0 cM
Longest Block: 1.706
Successfully saved to ./Empirical/Eigenstrat/Reichall/I7568/chr15/roh.csv
Using Low-Mem Cython Linear Speed Up.
Loaded Pre Processing Model: Eigenstrat
Loading Individual: I7568

Loaded 34402 variants
Loaded 2504 individuals
HDF5 loaded from ./Data/1000Genomes/HDF5/1240kHDF5/all1240/chr16.hdf5
3 Eigenstrat Files with 5081 Individuals and 1233013 SNPs

Intersection on Positions: 34402
Nr of Matching Refs: 34402 / 34402
Full Intersection Ref/Alt Identical: 34375 / 34402
2504 / 2504 Individuals included in Reference
Extraction of 5008 Haplotypes complete
Reduced to markers called 25339 / 34375
(Fraction SNP: 0.7371345454545455)
Successfully saved to: ./Empirical/Eigenstrat/Reichall/I7568/chr16/
Successfully loaded Data from: ./Empirical/Eigenstrat/Reichall/I7568/chr16/
Loaded Emission Model: haploid
Loaded Transition Model: model
Loaded Post Processing Model: Standard
Minimum Genetic Map: -0.0000
Maximum Genetic Map: 1.3403
Gaps bigger than 0.1 cM: 181
Maximum Gap: 0.8476 cM
Loaded Transition and Emission Matrix:
(3, 3)
(5009, 25339)
Loaded Observations:
(2, 25339)
Memory Usage: 1377.337344 mB
Reference Number: 5008
Total Log likelihood: -9280.064
Memory Usage: 1377.337344 mB
Finished Calculation State Posteriors
Saved Zero State Posterior to ./Empirical/Eigenstrat/Reichall/I7568/chr16/.
Successfully loaded for PP. from ./Empirical/Eigenstrat/Reichall/I7568/chr16/
Fraction Markers in ROH: 0.4179
Merged n=0 gaps < 0.0 M
Called n=5 ROH Blocks > 1.0 cM
Longest Block: 1.924
Successfully saved to ./Empirical/Eigenstrat/Reichall/I7568/chr16/roh.csv
Using Low-Mem Cython Linear Speed Up.
Loaded Pre Processing Model: Eigenstrat
Loading Individual: I7568

Loaded 29314 variants
Loaded 2504 individuals
HDF5 loaded from ./Data/1000Genomes/HDF5/1240kHDF5/all1240/chr17.hdf5
3 Eigenstrat Files with 5081 Individuals and 1233013 SNPs

Intersection on Positions: 29314
Nr of Matching Refs: 29314 / 29314
Full Intersection Ref/Alt Identical: 29292 / 29314
2504 / 2504 Individuals included in Reference
Extraction of 5008 Haplotypes complete
Reduced to markers called 22184 / 29292
(Fraction SNP: 0.7573398880240338)
Successfully saved to: ./Empirical/Eigenstrat/Reichall/I7568/chr17/
Successfully loaded Data from: ./Empirical/Eigenstrat/Reichall/I7568/chr17/
Loaded Emission Model: haploid
Loaded Transition Model: model
Loaded Post Processing Model: Standard
Minimum Genetic Map: -0.0003
Maximum Genetic Map: 1.2847
Gaps bigger than 0.1 cM: 153
Maximum Gap: 1.2341 cM
Loaded Transition and Emission Matrix:
(3, 3)
(5009, 22184)
Loaded Observations:
(2, 22184)
Memory Usage: 1235.12832 mB
Reference Number: 5008
Total Log likelihood: -8070.151
Memory Usage: 1235.12832 mB
Finished Calculation State Posteriors
Saved Zero State Posterior to ./Empirical/Eigenstrat/Reichall/I7568/chr17/.
Successfully loaded for PP. from ./Empirical/Eigenstrat/Reichall/I7568/chr17/
Fraction Markers in ROH: 0.4017
Merged n=0 gaps < 0.0 M
Called n=9 ROH Blocks > 1.0 cM
Longest Block: 1.798
Successfully saved to ./Empirical/Eigenstrat/Reichall/I7568/chr17/roh.csv
Using Low-Mem Cython Linear Speed Up.
Loaded Pre Processing Model: Eigenstrat
Loading Individual: I7568

Loaded 33917 variants
Loaded 2504 individuals
HDF5 loaded from ./Data/1000Genomes/HDF5/1240kHDF5/all1240/chr18.hdf5
3 Eigenstrat Files with 5081 Individuals and 1233013 SNPs

Intersection on Positions: 33917
Nr of Matching Refs: 33917 / 33917
Full Intersection Ref/Alt Identical: 33902 / 33917
2504 / 2504 Individuals included in Reference
Extraction of 5008 Haplotypes complete
Reduced to markers called 21988 / 33902
(Fraction SNP: 0.6485753052917232)
Successfully saved to: ./Empirical/Eigenstrat/Reichall/I7568/chr18/
Successfully loaded Data from: ./Empirical/Eigenstrat/Reichall/I7568/chr18/
Loaded Emission Model: haploid
Loaded Transition Model: model
Loaded Post Processing Model: Standard
Minimum Genetic Map: 0.0025
Maximum Genetic Map: 1.1771
Gaps bigger than 0.1 cM: 171
Maximum Gap: 0.4934 cM
Loaded Transition and Emission Matrix:
(3, 3)
(5009, 21988)
Loaded Observations:
(2, 21988)
Memory Usage: 1225.80992 mB
Reference Number: 5008
Total Log likelihood: -7941.601
Memory Usage: 1225.80992 mB
Finished Calculation State Posteriors
Saved Zero State Posterior to ./Empirical/Eigenstrat/Reichall/I7568/chr18/.
Successfully loaded for PP. from ./Empirical/Eigenstrat/Reichall/I7568/chr18/
Fraction Markers in ROH: 0.4194
Merged n=0 gaps < 0.0 M
Called n=9 ROH Blocks > 1.0 cM
Longest Block: 2.179
Successfully saved to ./Empirical/Eigenstrat/Reichall/I7568/chr18/roh.csv
Using Low-Mem Cython Linear Speed Up.
Loaded Pre Processing Model: Eigenstrat
Loading Individual: I7568

Loaded 18460 variants
Loaded 2504 individuals
HDF5 loaded from ./Data/1000Genomes/HDF5/1240kHDF5/all1240/chr19.hdf5
3 Eigenstrat Files with 5081 Individuals and 1233013 SNPs

Intersection on Positions: 18460
Nr of Matching Refs: 18460 / 18460
Full Intersection Ref/Alt Identical: 18441 / 18460
2504 / 2504 Individuals included in Reference
Extraction of 5008 Haplotypes complete
Reduced to markers called 14601 / 18441
(Fraction SNP: 0.7917683422807874)
Successfully saved to: ./Empirical/Eigenstrat/Reichall/I7568/chr19/
Successfully loaded Data from: ./Empirical/Eigenstrat/Reichall/I7568/chr19/
Loaded Emission Model: haploid
Loaded Transition Model: model
Loaded Post Processing Model: Standard
Minimum Genetic Map: 0.0000
Maximum Genetic Map: 1.0773
Gaps bigger than 0.1 cM: 162
Maximum Gap: 0.5964 cM
Loaded Transition and Emission Matrix:
(3, 3)
(5009, 14601)
Loaded Observations:
(2, 14601)
Memory Usage: 892.68224 mB
Reference Number: 5008
Total Log likelihood: -5510.700
Memory Usage: 892.68224 mB
Finished Calculation State Posteriors
Saved Zero State Posterior to ./Empirical/Eigenstrat/Reichall/I7568/chr19/.
Successfully loaded for PP. from ./Empirical/Eigenstrat/Reichall/I7568/chr19/
Fraction Markers in ROH: 0.3955
Merged n=0 gaps < 0.0 M
Called n=9 ROH Blocks > 1.0 cM
Longest Block: 1.693
Successfully saved to ./Empirical/Eigenstrat/Reichall/I7568/chr19/roh.csv
Using Low-Mem Cython Linear Speed Up.
Loaded Pre Processing Model: Eigenstrat
Loading Individual: I7568

Loaded 29078 variants
Loaded 2504 individuals
HDF5 loaded from ./Data/1000Genomes/HDF5/1240kHDF5/all1240/chr20.hdf5
3 Eigenstrat Files with 5081 Individuals and 1233013 SNPs

Intersection on Positions: 29078
Nr of Matching Refs: 29078 / 29078
Full Intersection Ref/Alt Identical: 29053 / 29078
2504 / 2504 Individuals included in Reference
Extraction of 5008 Haplotypes complete
Reduced to markers called 21490 / 29053
(Fraction SNP: 0.7396826489519155)
Successfully saved to: ./Empirical/Eigenstrat/Reichall/I7568/chr20/
Successfully loaded Data from: ./Empirical/Eigenstrat/Reichall/I7568/chr20/
Loaded Emission Model: haploid
Loaded Transition Model: model
Loaded Post Processing Model: Standard
Minimum Genetic Map: 0.0000
Maximum Genetic Map: 1.0821
Gaps bigger than 0.1 cM: 158
Maximum Gap: 0.4744 cM
Loaded Transition and Emission Matrix:
(3, 3)
(5009, 21490)
Loaded Observations:
(2, 21490)
Memory Usage: 1203.769344 mB
Reference Number: 5008
Total Log likelihood: -7481.333
Memory Usage: 1203.769344 mB
Finished Calculation State Posteriors
Saved Zero State Posterior to ./Empirical/Eigenstrat/Reichall/I7568/chr20/.
Successfully loaded for PP. from ./Empirical/Eigenstrat/Reichall/I7568/chr20/
Fraction Markers in ROH: 0.4362
Merged n=0 gaps < 0.0 M
Called n=6 ROH Blocks > 1.0 cM
Longest Block: 1.366
Successfully saved to ./Empirical/Eigenstrat/Reichall/I7568/chr20/roh.csv
Using Low-Mem Cython Linear Speed Up.
Loaded Pre Processing Model: Eigenstrat
Loading Individual: I7568

Loaded 16038 variants
Loaded 2504 individuals
HDF5 loaded from ./Data/1000Genomes/HDF5/1240kHDF5/all1240/chr21.hdf5
3 Eigenstrat Files with 5081 Individuals and 1233013 SNPs

Intersection on Positions: 16038
Nr of Matching Refs: 16038 / 16038
Full Intersection Ref/Alt Identical: 16031 / 16038
2504 / 2504 Individuals included in Reference
Extraction of 5008 Haplotypes complete
Reduced to markers called 10570 / 16031
(Fraction SNP: 0.6593475141912545)
Successfully saved to: ./Empirical/Eigenstrat/Reichall/I7568/chr21/
Successfully loaded Data from: ./Empirical/Eigenstrat/Reichall/I7568/chr21/
Loaded Emission Model: haploid
Loaded Transition Model: model
Loaded Post Processing Model: Standard
Minimum Genetic Map: -0.0085
Maximum Genetic Map: 0.6279
Gaps bigger than 0.1 cM: 113
Maximum Gap: 1.7201 cM
Loaded Transition and Emission Matrix:
(3, 3)
(5009, 10570)
Loaded Observations:
(2, 10570)
Memory Usage: 716.058624 mB
Reference Number: 5008
Total Log likelihood: -3634.484
Memory Usage: 716.058624 mB
Finished Calculation State Posteriors
Saved Zero State Posterior to ./Empirical/Eigenstrat/Reichall/I7568/chr21/.
Successfully loaded for PP. from ./Empirical/Eigenstrat/Reichall/I7568/chr21/
Fraction Markers in ROH: 0.4392
Merged n=0 gaps < 0.0 M
Called n=5 ROH Blocks > 1.0 cM
Longest Block: 2.131
Successfully saved to ./Empirical/Eigenstrat/Reichall/I7568/chr21/roh.csv
Using Low-Mem Cython Linear Speed Up.
Loaded Pre Processing Model: Eigenstrat
Loading Individual: I7568

Loaded 15802 variants
Loaded 2504 individuals
HDF5 loaded from ./Data/1000Genomes/HDF5/1240kHDF5/all1240/chr22.hdf5
3 Eigenstrat Files with 5081 Individuals and 1233013 SNPs

Intersection on Positions: 15802
Nr of Matching Refs: 15802 / 15802
Full Intersection Ref/Alt Identical: 15793 / 15802
2504 / 2504 Individuals included in Reference
Extraction of 5008 Haplotypes complete
Reduced to markers called 12818 / 15793
(Fraction SNP: 0.8116254036598493)
Successfully saved to: ./Empirical/Eigenstrat/Reichall/I7568/chr22/
Successfully loaded Data from: ./Empirical/Eigenstrat/Reichall/I7568/chr22/
Loaded Emission Model: haploid
Loaded Transition Model: model
Loaded Post Processing Model: Standard
Minimum Genetic Map: 0.0171
Maximum Genetic Map: 0.7408
Gaps bigger than 0.1 cM: 92
Maximum Gap: 1.6949 cM
Loaded Transition and Emission Matrix:
(3, 3)
(5009, 12818)
Loaded Observations:
(2, 12818)
Memory Usage: 817.93024 mB
Reference Number: 5008
Total Log likelihood: -4605.208
Memory Usage: 817.93024 mB
Finished Calculation State Posteriors
Saved Zero State Posterior to ./Empirical/Eigenstrat/Reichall/I7568/chr22/.
Successfully loaded for PP. from ./Empirical/Eigenstrat/Reichall/I7568/chr22/
Fraction Markers in ROH: 0.4221
Merged n=0 gaps < 0.0 M
Called n=3 ROH Blocks > 1.0 cM
Longest Block: 1.230
Successfully saved to ./Empirical/Eigenstrat/Reichall/I7568/chr22/roh.csv
