Loaded 2106 / 5081 ancient Indivdiuals Anno File.
Doing Individual I1674...
Using Low-Mem Cython Linear Speed Up.
Loaded Pre Processing Model: Eigenstrat
Loading Individual: I1674

Loaded 89147 variants
Loaded 2504 individuals
HDF5 loaded from ./Data/1000Genomes/HDF5/1240kHDF5/all1240/chr1.hdf5
3 Eigenstrat Files with 5081 Individuals and 1233013 SNPs

Intersection on Positions: 89147
Nr of Matching Refs: 89147 / 89147
Full Intersection Ref/Alt Identical: 89082 / 89147
2504 / 2504 Individuals included in Reference
Extraction of 5008 Haplotypes complete
Reduced to markers called 48390 / 89082
(Fraction SNP: 0.543207381962686)
Successfully saved to: ./Empirical/Eigenstrat/Reichall/I1674/chr1/
Successfully loaded Data from: ./Empirical/Eigenstrat/Reichall/I1674/chr1/
Loaded Emission Model: haploid
Loaded Transition Model: model
Loaded Post Processing Model: Standard
Minimum Genetic Map: 0.0201
Maximum Genetic Map: 2.8626
Gaps bigger than 0.1 cM: 384
Maximum Gap: 2.9727 cM
Loaded Transition and Emission Matrix:
(3, 3)
(5009, 48390)
Loaded Observations:
(2, 48390)
Memory Usage: 2376.138752 mB
Reference Number: 5008
Total Log likelihood: -18399.068
Memory Usage: 2376.6016 mB
Finished Calculation State Posteriors
Saved Zero State Posterior to ./Empirical/Eigenstrat/Reichall/I1674/chr1/.
Successfully loaded for PP. from ./Empirical/Eigenstrat/Reichall/I1674/chr1/
Fraction Markers in ROH: 0.3588
Merged n=0 gaps < 0.0 M
Called n=8 ROH Blocks > 1.0 cM
Longest Block: 2.129
Successfully saved to ./Empirical/Eigenstrat/Reichall/I1674/chr1/roh.csv
Using Low-Mem Cython Linear Speed Up.
Loaded Pre Processing Model: Eigenstrat
Loading Individual: I1674

Loaded 94239 variants
Loaded 2504 individuals
HDF5 loaded from ./Data/1000Genomes/HDF5/1240kHDF5/all1240/chr2.hdf5
3 Eigenstrat Files with 5081 Individuals and 1233013 SNPs

Intersection on Positions: 94239
Nr of Matching Refs: 94239 / 94239
Full Intersection Ref/Alt Identical: 94173 / 94239
2504 / 2504 Individuals included in Reference
Extraction of 5008 Haplotypes complete
Reduced to markers called 49669 / 94173
(Fraction SNP: 0.5274229343867138)
Successfully saved to: ./Empirical/Eigenstrat/Reichall/I1674/chr2/
Successfully loaded Data from: ./Empirical/Eigenstrat/Reichall/I1674/chr2/
Loaded Emission Model: haploid
Loaded Transition Model: model
Loaded Post Processing Model: Standard
Minimum Genetic Map: 0.0001
Maximum Genetic Map: 2.6883
Gaps bigger than 0.1 cM: 370
Maximum Gap: 1.8302 cM
Loaded Transition and Emission Matrix:
(3, 3)
(5009, 49669)
Loaded Observations:
(2, 49669)
Memory Usage: 2473.705472 mB
Reference Number: 5008
Total Log likelihood: -18320.051
Memory Usage: 2473.705472 mB
Finished Calculation State Posteriors
Saved Zero State Posterior to ./Empirical/Eigenstrat/Reichall/I1674/chr2/.
Successfully loaded for PP. from ./Empirical/Eigenstrat/Reichall/I1674/chr2/
Fraction Markers in ROH: 0.3837
Merged n=0 gaps < 0.0 M
Called n=11 ROH Blocks > 1.0 cM
Longest Block: 2.420
Successfully saved to ./Empirical/Eigenstrat/Reichall/I1674/chr2/roh.csv
Using Low-Mem Cython Linear Speed Up.
Loaded Pre Processing Model: Eigenstrat
Loading Individual: I1674

Loaded 77652 variants
Loaded 2504 individuals
HDF5 loaded from ./Data/1000Genomes/HDF5/1240kHDF5/all1240/chr3.hdf5
3 Eigenstrat Files with 5081 Individuals and 1233013 SNPs

Intersection on Positions: 77652
Nr of Matching Refs: 77652 / 77652
Full Intersection Ref/Alt Identical: 77601 / 77652
2504 / 2504 Individuals included in Reference
Extraction of 5008 Haplotypes complete
Reduced to markers called 41005 / 77601
(Fraction SNP: 0.5284081390703728)
Successfully saved to: ./Empirical/Eigenstrat/Reichall/I1674/chr3/
Successfully loaded Data from: ./Empirical/Eigenstrat/Reichall/I1674/chr3/
Loaded Emission Model: haploid
Loaded Transition Model: model
Loaded Post Processing Model: Standard
Minimum Genetic Map: 0.0000
Maximum Genetic Map: 2.2326
Gaps bigger than 0.1 cM: 335
Maximum Gap: 0.4158 cM
Loaded Transition and Emission Matrix:
(3, 3)
(5009, 41005)
Loaded Observations:
(2, 41005)
Memory Usage: 2082.971648 mB
Reference Number: 5008
Total Log likelihood: -15005.587
Memory Usage: 2082.971648 mB
Finished Calculation State Posteriors
Saved Zero State Posterior to ./Empirical/Eigenstrat/Reichall/I1674/chr3/.
Successfully loaded for PP. from ./Empirical/Eigenstrat/Reichall/I1674/chr3/
Fraction Markers in ROH: 0.3926
Merged n=0 gaps < 0.0 M
Called n=10 ROH Blocks > 1.0 cM
Longest Block: 2.611
Successfully saved to ./Empirical/Eigenstrat/Reichall/I1674/chr3/roh.csv
Using Low-Mem Cython Linear Speed Up.
Loaded Pre Processing Model: Eigenstrat
Loading Individual: I1674

Loaded 68759 variants
Loaded 2504 individuals
HDF5 loaded from ./Data/1000Genomes/HDF5/1240kHDF5/all1240/chr4.hdf5
3 Eigenstrat Files with 5081 Individuals and 1233013 SNPs

Intersection on Positions: 68759
Nr of Matching Refs: 68759 / 68759
Full Intersection Ref/Alt Identical: 68720 / 68759
2504 / 2504 Individuals included in Reference
Extraction of 5008 Haplotypes complete
Reduced to markers called 34449 / 68720
(Fraction SNP: 0.5012951105937136)
Successfully saved to: ./Empirical/Eigenstrat/Reichall/I1674/chr4/
Successfully loaded Data from: ./Empirical/Eigenstrat/Reichall/I1674/chr4/
Loaded Emission Model: haploid
Loaded Transition Model: model
Loaded Post Processing Model: Standard
Minimum Genetic Map: 0.0035
Maximum Genetic Map: 2.1454
Gaps bigger than 0.1 cM: 332
Maximum Gap: 2.0422 cM
Loaded Transition and Emission Matrix:
(3, 3)
(5009, 34449)
Loaded Observations:
(2, 34449)
Memory Usage: 1788.403712 mB
Reference Number: 5008
Total Log likelihood: -13021.324
Memory Usage: 1788.403712 mB
Finished Calculation State Posteriors
Saved Zero State Posterior to ./Empirical/Eigenstrat/Reichall/I1674/chr4/.
Successfully loaded for PP. from ./Empirical/Eigenstrat/Reichall/I1674/chr4/
Fraction Markers in ROH: 0.4020
Merged n=0 gaps < 0.0 M
Called n=9 ROH Blocks > 1.0 cM
Longest Block: 2.565
Successfully saved to ./Empirical/Eigenstrat/Reichall/I1674/chr4/roh.csv
Using Low-Mem Cython Linear Speed Up.
Loaded Pre Processing Model: Eigenstrat
Loading Individual: I1674

Loaded 69399 variants
Loaded 2504 individuals
HDF5 loaded from ./Data/1000Genomes/HDF5/1240kHDF5/all1240/chr5.hdf5
3 Eigenstrat Files with 5081 Individuals and 1233013 SNPs

Intersection on Positions: 69399
Nr of Matching Refs: 69399 / 69399
Full Intersection Ref/Alt Identical: 69354 / 69399
2504 / 2504 Individuals included in Reference
Extraction of 5008 Haplotypes complete
Reduced to markers called 36328 / 69354
(Fraction SNP: 0.5238054041583758)
Successfully saved to: ./Empirical/Eigenstrat/Reichall/I1674/chr5/
Successfully loaded Data from: ./Empirical/Eigenstrat/Reichall/I1674/chr5/
Loaded Emission Model: haploid
Loaded Transition Model: model
Loaded Post Processing Model: Standard
Minimum Genetic Map: 0.0004
Maximum Genetic Map: 2.0409
Gaps bigger than 0.1 cM: 321
Maximum Gap: 1.0985 cM
Loaded Transition and Emission Matrix:
(3, 3)
(5009, 36328)
Loaded Observations:
(2, 36328)
Memory Usage: 1873.031168 mB
Reference Number: 5008
Total Log likelihood: -13276.570
Memory Usage: 1873.031168 mB
Finished Calculation State Posteriors
Saved Zero State Posterior to ./Empirical/Eigenstrat/Reichall/I1674/chr5/.
Successfully loaded for PP. from ./Empirical/Eigenstrat/Reichall/I1674/chr5/
Fraction Markers in ROH: 0.4065
Merged n=0 gaps < 0.0 M
Called n=12 ROH Blocks > 1.0 cM
Longest Block: 2.901
Successfully saved to ./Empirical/Eigenstrat/Reichall/I1674/chr5/roh.csv
Using Low-Mem Cython Linear Speed Up.
Loaded Pre Processing Model: Eigenstrat
Loading Individual: I1674

Loaded 75870 variants
Loaded 2504 individuals
HDF5 loaded from ./Data/1000Genomes/HDF5/1240kHDF5/all1240/chr6.hdf5
3 Eigenstrat Files with 5081 Individuals and 1233013 SNPs

Intersection on Positions: 75870
Nr of Matching Refs: 75870 / 75870
Full Intersection Ref/Alt Identical: 75816 / 75870
2504 / 2504 Individuals included in Reference
Extraction of 5008 Haplotypes complete
Reduced to markers called 39748 / 75816
(Fraction SNP: 0.5242692835285427)
Successfully saved to: ./Empirical/Eigenstrat/Reichall/I1674/chr6/
Successfully loaded Data from: ./Empirical/Eigenstrat/Reichall/I1674/chr6/
Loaded Emission Model: haploid
Loaded Transition Model: model
Loaded Post Processing Model: Standard
Minimum Genetic Map: 0.0035
Maximum Genetic Map: 1.9203
Gaps bigger than 0.1 cM: 259
Maximum Gap: 0.5118 cM
Loaded Transition and Emission Matrix:
(3, 3)
(5009, 39748)
Loaded Observations:
(2, 39748)
Memory Usage: 2027.364352 mB
Reference Number: 5008
Total Log likelihood: -14743.447
Memory Usage: 2027.237376 mB
Finished Calculation State Posteriors
Saved Zero State Posterior to ./Empirical/Eigenstrat/Reichall/I1674/chr6/.
Successfully loaded for PP. from ./Empirical/Eigenstrat/Reichall/I1674/chr6/
Fraction Markers in ROH: 0.3702
Merged n=0 gaps < 0.0 M
Called n=11 ROH Blocks > 1.0 cM
Longest Block: 1.621
Successfully saved to ./Empirical/Eigenstrat/Reichall/I1674/chr6/roh.csv
Using Low-Mem Cython Linear Speed Up.
Loaded Pre Processing Model: Eigenstrat
Loading Individual: I1674

Loaded 59890 variants
Loaded 2504 individuals
HDF5 loaded from ./Data/1000Genomes/HDF5/1240kHDF5/all1240/chr7.hdf5
3 Eigenstrat Files with 5081 Individuals and 1233013 SNPs

Intersection on Positions: 59890
Nr of Matching Refs: 59890 / 59890
Full Intersection Ref/Alt Identical: 59836 / 59890
2504 / 2504 Individuals included in Reference
Extraction of 5008 Haplotypes complete
Reduced to markers called 31358 / 59836
(Fraction SNP: 0.5240657797981149)
Successfully saved to: ./Empirical/Eigenstrat/Reichall/I1674/chr7/
Successfully loaded Data from: ./Empirical/Eigenstrat/Reichall/I1674/chr7/
Loaded Emission Model: haploid
Loaded Transition Model: model
Loaded Post Processing Model: Standard
Minimum Genetic Map: 0.0000
Maximum Genetic Map: 1.8715
Gaps bigger than 0.1 cM: 283
Maximum Gap: 0.8416 cM
Loaded Transition and Emission Matrix:
(3, 3)
(5009, 31358)
Loaded Observations:
(2, 31358)
Memory Usage: 1648.746496 mB
Reference Number: 5008
Total Log likelihood: -12275.196
Memory Usage: 1648.795648 mB
Finished Calculation State Posteriors
Saved Zero State Posterior to ./Empirical/Eigenstrat/Reichall/I1674/chr7/.
Successfully loaded for PP. from ./Empirical/Eigenstrat/Reichall/I1674/chr7/
Fraction Markers in ROH: 0.3578
Merged n=0 gaps < 0.0 M
Called n=7 ROH Blocks > 1.0 cM
Longest Block: 1.962
Successfully saved to ./Empirical/Eigenstrat/Reichall/I1674/chr7/roh.csv
Using Low-Mem Cython Linear Speed Up.
Loaded Pre Processing Model: Eigenstrat
Loading Individual: I1674

Loaded 61133 variants
Loaded 2504 individuals
HDF5 loaded from ./Data/1000Genomes/HDF5/1240kHDF5/all1240/chr8.hdf5
3 Eigenstrat Files with 5081 Individuals and 1233013 SNPs

Intersection on Positions: 61133
Nr of Matching Refs: 61133 / 61133
Full Intersection Ref/Alt Identical: 61091 / 61133
2504 / 2504 Individuals included in Reference
Extraction of 5008 Haplotypes complete
Reduced to markers called 32723 / 61091
(Fraction SNP: 0.5356435481494819)
Successfully saved to: ./Empirical/Eigenstrat/Reichall/I1674/chr8/
Successfully loaded Data from: ./Empirical/Eigenstrat/Reichall/I1674/chr8/
Loaded Emission Model: haploid
Loaded Transition Model: model
Loaded Post Processing Model: Standard
Minimum Genetic Map: 0.0000
Maximum Genetic Map: 1.6800
Gaps bigger than 0.1 cM: 212
Maximum Gap: 1.8932 cM
Loaded Transition and Emission Matrix:
(3, 3)
(5009, 32723)
Loaded Observations:
(2, 32723)
Memory Usage: 1711.374336 mB
Reference Number: 5008
Total Log likelihood: -12858.613
Memory Usage: 1711.374336 mB
Finished Calculation State Posteriors
Saved Zero State Posterior to ./Empirical/Eigenstrat/Reichall/I1674/chr8/.
Successfully loaded for PP. from ./Empirical/Eigenstrat/Reichall/I1674/chr8/
Fraction Markers in ROH: 0.3469
Merged n=0 gaps < 0.0 M
Called n=2 ROH Blocks > 1.0 cM
Longest Block: 1.313
Successfully saved to ./Empirical/Eigenstrat/Reichall/I1674/chr8/roh.csv
Using Low-Mem Cython Linear Speed Up.
Loaded Pre Processing Model: Eigenstrat
Loading Individual: I1674

Loaded 50668 variants
Loaded 2504 individuals
HDF5 loaded from ./Data/1000Genomes/HDF5/1240kHDF5/all1240/chr9.hdf5
3 Eigenstrat Files with 5081 Individuals and 1233013 SNPs

Intersection on Positions: 50668
Nr of Matching Refs: 50668 / 50668
Full Intersection Ref/Alt Identical: 50629 / 50668
2504 / 2504 Individuals included in Reference
Extraction of 5008 Haplotypes complete
Reduced to markers called 27099 / 50629
(Fraction SNP: 0.53524659779968)
Successfully saved to: ./Empirical/Eigenstrat/Reichall/I1674/chr9/
Successfully loaded Data from: ./Empirical/Eigenstrat/Reichall/I1674/chr9/
Loaded Emission Model: haploid
Loaded Transition Model: model
Loaded Post Processing Model: Standard
Minimum Genetic Map: 0.0016
Maximum Genetic Map: 1.6630
Gaps bigger than 0.1 cM: 271
Maximum Gap: 2.3101 cM
Loaded Transition and Emission Matrix:
(3, 3)
(5009, 27099)
Loaded Observations:
(2, 27099)
Memory Usage: 1457.668096 mB
Reference Number: 5008
Total Log likelihood: -9920.644
Memory Usage: 1457.668096 mB
Finished Calculation State Posteriors
Saved Zero State Posterior to ./Empirical/Eigenstrat/Reichall/I1674/chr9/.
Successfully loaded for PP. from ./Empirical/Eigenstrat/Reichall/I1674/chr9/
Fraction Markers in ROH: 0.4527
Merged n=0 gaps < 0.0 M
Called n=12 ROH Blocks > 1.0 cM
Longest Block: 2.714
Successfully saved to ./Empirical/Eigenstrat/Reichall/I1674/chr9/roh.csv
Using Low-Mem Cython Linear Speed Up.
Loaded Pre Processing Model: Eigenstrat
Loading Individual: I1674

Loaded 58804 variants
Loaded 2504 individuals
HDF5 loaded from ./Data/1000Genomes/HDF5/1240kHDF5/all1240/chr10.hdf5
3 Eigenstrat Files with 5081 Individuals and 1233013 SNPs

Intersection on Positions: 58804
Nr of Matching Refs: 58804 / 58804
Full Intersection Ref/Alt Identical: 58763 / 58804
2504 / 2504 Individuals included in Reference
Extraction of 5008 Haplotypes complete
Reduced to markers called 31850 / 58763
(Fraction SNP: 0.5420077259500026)
Successfully saved to: ./Empirical/Eigenstrat/Reichall/I1674/chr10/
Successfully loaded Data from: ./Empirical/Eigenstrat/Reichall/I1674/chr10/
Loaded Emission Model: haploid
Loaded Transition Model: model
Loaded Post Processing Model: Standard
Minimum Genetic Map: 0.0001
Maximum Genetic Map: 1.8091
Gaps bigger than 0.1 cM: 271
Maximum Gap: 2.0340 cM
Loaded Transition and Emission Matrix:
(3, 3)
(5009, 31850)
Loaded Observations:
(2, 31850)
Memory Usage: 1671.868416 mB
Reference Number: 5008
Total Log likelihood: -11889.682
Memory Usage: 1671.868416 mB
Finished Calculation State Posteriors
Saved Zero State Posterior to ./Empirical/Eigenstrat/Reichall/I1674/chr10/.
Successfully loaded for PP. from ./Empirical/Eigenstrat/Reichall/I1674/chr10/
Fraction Markers in ROH: 0.3995
Merged n=0 gaps < 0.0 M
Called n=8 ROH Blocks > 1.0 cM
Longest Block: 2.924
Successfully saved to ./Empirical/Eigenstrat/Reichall/I1674/chr10/roh.csv
Using Low-Mem Cython Linear Speed Up.
Loaded Pre Processing Model: Eigenstrat
Loading Individual: I1674

Loaded 54833 variants
Loaded 2504 individuals
HDF5 loaded from ./Data/1000Genomes/HDF5/1240kHDF5/all1240/chr11.hdf5
3 Eigenstrat Files with 5081 Individuals and 1233013 SNPs

Intersection on Positions: 54833
Nr of Matching Refs: 54833 / 54833
Full Intersection Ref/Alt Identical: 54796 / 54833
2504 / 2504 Individuals included in Reference
Extraction of 5008 Haplotypes complete
Reduced to markers called 29242 / 54796
(Fraction SNP: 0.5336520913935324)
Successfully saved to: ./Empirical/Eigenstrat/Reichall/I1674/chr11/
Successfully loaded Data from: ./Empirical/Eigenstrat/Reichall/I1674/chr11/
Loaded Emission Model: haploid
Loaded Transition Model: model
Loaded Post Processing Model: Standard
Minimum Genetic Map: 0.0000
Maximum Genetic Map: 1.5822
Gaps bigger than 0.1 cM: 236
Maximum Gap: 0.5351 cM
Loaded Transition and Emission Matrix:
(3, 3)
(5009, 29242)
Loaded Observations:
(2, 29242)
Memory Usage: 1554.366464 mB
Reference Number: 5008
Total Log likelihood: -11015.350
Memory Usage: 1554.366464 mB
Finished Calculation State Posteriors
Saved Zero State Posterior to ./Empirical/Eigenstrat/Reichall/I1674/chr11/.
Successfully loaded for PP. from ./Empirical/Eigenstrat/Reichall/I1674/chr11/
Fraction Markers in ROH: 0.3688
Merged n=0 gaps < 0.0 M
Called n=8 ROH Blocks > 1.0 cM
Longest Block: 1.801
Successfully saved to ./Empirical/Eigenstrat/Reichall/I1674/chr11/roh.csv
Using Low-Mem Cython Linear Speed Up.
Loaded Pre Processing Model: Eigenstrat
Loading Individual: I1674

Loaded 53911 variants
Loaded 2504 individuals
HDF5 loaded from ./Data/1000Genomes/HDF5/1240kHDF5/all1240/chr12.hdf5
3 Eigenstrat Files with 5081 Individuals and 1233013 SNPs

Intersection on Positions: 53911
Nr of Matching Refs: 53911 / 53911
Full Intersection Ref/Alt Identical: 53884 / 53911
2504 / 2504 Individuals included in Reference
Extraction of 5008 Haplotypes complete
Reduced to markers called 28484 / 53884
(Fraction SNP: 0.5286170291737807)
Successfully saved to: ./Empirical/Eigenstrat/Reichall/I1674/chr12/
Successfully loaded Data from: ./Empirical/Eigenstrat/Reichall/I1674/chr12/
Loaded Emission Model: haploid
Loaded Transition Model: model
Loaded Post Processing Model: Standard
Minimum Genetic Map: 0.0017
Maximum Genetic Map: 1.7468
Gaps bigger than 0.1 cM: 292
Maximum Gap: 0.8437 cM
Loaded Transition and Emission Matrix:
(3, 3)
(5009, 28484)
Loaded Observations:
(2, 28484)
Memory Usage: 1519.480832 mB
Reference Number: 5008
Total Log likelihood: -10850.038
Memory Usage: 1519.480832 mB
Finished Calculation State Posteriors
Saved Zero State Posterior to ./Empirical/Eigenstrat/Reichall/I1674/chr12/.
Successfully loaded for PP. from ./Empirical/Eigenstrat/Reichall/I1674/chr12/
Fraction Markers in ROH: 0.3485
Merged n=0 gaps < 0.0 M
Called n=4 ROH Blocks > 1.0 cM
Longest Block: 1.382
Successfully saved to ./Empirical/Eigenstrat/Reichall/I1674/chr12/roh.csv
Using Low-Mem Cython Linear Speed Up.
Loaded Pre Processing Model: Eigenstrat
Loading Individual: I1674

Loaded 39018 variants
Loaded 2504 individuals
HDF5 loaded from ./Data/1000Genomes/HDF5/1240kHDF5/all1240/chr13.hdf5
3 Eigenstrat Files with 5081 Individuals and 1233013 SNPs

Intersection on Positions: 39018
Nr of Matching Refs: 39018 / 39018
Full Intersection Ref/Alt Identical: 38994 / 39018
2504 / 2504 Individuals included in Reference
Extraction of 5008 Haplotypes complete
Reduced to markers called 19770 / 38994
(Fraction SNP: 0.5070010770887828)
Successfully saved to: ./Empirical/Eigenstrat/Reichall/I1674/chr13/
Successfully loaded Data from: ./Empirical/Eigenstrat/Reichall/I1674/chr13/
Loaded Emission Model: haploid
Loaded Transition Model: model
Loaded Post Processing Model: Standard
Minimum Genetic Map: 0.0019
Maximum Genetic Map: 1.2570
Gaps bigger than 0.1 cM: 214
Maximum Gap: 1.2227 cM
Loaded Transition and Emission Matrix:
(3, 3)
(5009, 19770)
Loaded Observations:
(2, 19770)
Memory Usage: 1127.317504 mB
Reference Number: 5008
Total Log likelihood: -7609.469
Memory Usage: 1127.317504 mB
Finished Calculation State Posteriors
Saved Zero State Posterior to ./Empirical/Eigenstrat/Reichall/I1674/chr13/.
Successfully loaded for PP. from ./Empirical/Eigenstrat/Reichall/I1674/chr13/
Fraction Markers in ROH: 0.3541
Merged n=0 gaps < 0.0 M
Called n=8 ROH Blocks > 1.0 cM
Longest Block: 2.573
Successfully saved to ./Empirical/Eigenstrat/Reichall/I1674/chr13/roh.csv
Using Low-Mem Cython Linear Speed Up.
Loaded Pre Processing Model: Eigenstrat
Loading Individual: I1674

Loaded 36301 variants
Loaded 2504 individuals
HDF5 loaded from ./Data/1000Genomes/HDF5/1240kHDF5/all1240/chr14.hdf5
3 Eigenstrat Files with 5081 Individuals and 1233013 SNPs

Intersection on Positions: 36301
Nr of Matching Refs: 36301 / 36301
Full Intersection Ref/Alt Identical: 36280 / 36301
2504 / 2504 Individuals included in Reference
Extraction of 5008 Haplotypes complete
Reduced to markers called 19152 / 36280
(Fraction SNP: 0.5278941565600882)
Successfully saved to: ./Empirical/Eigenstrat/Reichall/I1674/chr14/
Successfully loaded Data from: ./Empirical/Eigenstrat/Reichall/I1674/chr14/
Loaded Emission Model: haploid
Loaded Transition Model: model
Loaded Post Processing Model: Standard
Minimum Genetic Map: 0.0161
Maximum Genetic Map: 1.2020
Gaps bigger than 0.1 cM: 188
Maximum Gap: 3.0774 cM
Loaded Transition and Emission Matrix:
(3, 3)
(5009, 19152)
Loaded Observations:
(2, 19152)
Memory Usage: 1099.321344 mB
Reference Number: 5008
Total Log likelihood: -7423.318
Memory Usage: 1099.321344 mB
Finished Calculation State Posteriors
Saved Zero State Posterior to ./Empirical/Eigenstrat/Reichall/I1674/chr14/.
Successfully loaded for PP. from ./Empirical/Eigenstrat/Reichall/I1674/chr14/
Fraction Markers in ROH: 0.3534
Merged n=0 gaps < 0.0 M
Called n=5 ROH Blocks > 1.0 cM
Longest Block: 2.057
Successfully saved to ./Empirical/Eigenstrat/Reichall/I1674/chr14/roh.csv
Using Low-Mem Cython Linear Speed Up.
Loaded Pre Processing Model: Eigenstrat
Loading Individual: I1674

Loaded 34429 variants
Loaded 2504 individuals
HDF5 loaded from ./Data/1000Genomes/HDF5/1240kHDF5/all1240/chr15.hdf5
3 Eigenstrat Files with 5081 Individuals and 1233013 SNPs

Intersection on Positions: 34429
Nr of Matching Refs: 34429 / 34429
Full Intersection Ref/Alt Identical: 34407 / 34429
2504 / 2504 Individuals included in Reference
Extraction of 5008 Haplotypes complete
Reduced to markers called 18763 / 34407
(Fraction SNP: 0.5453250791990002)
Successfully saved to: ./Empirical/Eigenstrat/Reichall/I1674/chr15/
Successfully loaded Data from: ./Empirical/Eigenstrat/Reichall/I1674/chr15/
Loaded Emission Model: haploid
Loaded Transition Model: model
Loaded Post Processing Model: Standard
Minimum Genetic Map: 0.0000
Maximum Genetic Map: 1.4134
Gaps bigger than 0.1 cM: 193
Maximum Gap: 11.6560 cM
Loaded Transition and Emission Matrix:
(3, 3)
(5009, 18763)
Loaded Observations:
(2, 18763)
Memory Usage: 1082.392576 mB
Reference Number: 5008
Total Log likelihood: -7115.328
Memory Usage: 1082.392576 mB
Finished Calculation State Posteriors
Saved Zero State Posterior to ./Empirical/Eigenstrat/Reichall/I1674/chr15/.
Successfully loaded for PP. from ./Empirical/Eigenstrat/Reichall/I1674/chr15/
Fraction Markers in ROH: 0.3869
Merged n=0 gaps < 0.0 M
Called n=5 ROH Blocks > 1.0 cM
Longest Block: 2.185
Successfully saved to ./Empirical/Eigenstrat/Reichall/I1674/chr15/roh.csv
Using Low-Mem Cython Linear Speed Up.
Loaded Pre Processing Model: Eigenstrat
Loading Individual: I1674

Loaded 34402 variants
Loaded 2504 individuals
HDF5 loaded from ./Data/1000Genomes/HDF5/1240kHDF5/all1240/chr16.hdf5
3 Eigenstrat Files with 5081 Individuals and 1233013 SNPs

Intersection on Positions: 34402
Nr of Matching Refs: 34402 / 34402
Full Intersection Ref/Alt Identical: 34375 / 34402
2504 / 2504 Individuals included in Reference
Extraction of 5008 Haplotypes complete
Reduced to markers called 19244 / 34375
(Fraction SNP: 0.5598254545454545)
Successfully saved to: ./Empirical/Eigenstrat/Reichall/I1674/chr16/
Successfully loaded Data from: ./Empirical/Eigenstrat/Reichall/I1674/chr16/
Loaded Emission Model: haploid
Loaded Transition Model: model
Loaded Post Processing Model: Standard
Minimum Genetic Map: -0.0000
Maximum Genetic Map: 1.3403
Gaps bigger than 0.1 cM: 213
Maximum Gap: 0.8476 cM
Loaded Transition and Emission Matrix:
(3, 3)
(5009, 19244)
Loaded Observations:
(2, 19244)
Memory Usage: 1104.400384 mB
Reference Number: 5008
Total Log likelihood: -7180.332
Memory Usage: 1104.400384 mB
Finished Calculation State Posteriors
Saved Zero State Posterior to ./Empirical/Eigenstrat/Reichall/I1674/chr16/.
Successfully loaded for PP. from ./Empirical/Eigenstrat/Reichall/I1674/chr16/
Fraction Markers in ROH: 0.3944
Merged n=0 gaps < 0.0 M
Called n=7 ROH Blocks > 1.0 cM
Longest Block: 3.405
Successfully saved to ./Empirical/Eigenstrat/Reichall/I1674/chr16/roh.csv
Using Low-Mem Cython Linear Speed Up.
Loaded Pre Processing Model: Eigenstrat
Loading Individual: I1674

Loaded 29314 variants
Loaded 2504 individuals
HDF5 loaded from ./Data/1000Genomes/HDF5/1240kHDF5/all1240/chr17.hdf5
3 Eigenstrat Files with 5081 Individuals and 1233013 SNPs

Intersection on Positions: 29314
Nr of Matching Refs: 29314 / 29314
Full Intersection Ref/Alt Identical: 29292 / 29314
2504 / 2504 Individuals included in Reference
Extraction of 5008 Haplotypes complete
Reduced to markers called 16614 / 29292
(Fraction SNP: 0.5671855796804588)
Successfully saved to: ./Empirical/Eigenstrat/Reichall/I1674/chr17/
Successfully loaded Data from: ./Empirical/Eigenstrat/Reichall/I1674/chr17/
Loaded Emission Model: haploid
Loaded Transition Model: model
Loaded Post Processing Model: Standard
Minimum Genetic Map: -0.0002
Maximum Genetic Map: 1.2846
Gaps bigger than 0.1 cM: 208
Maximum Gap: 1.2341 cM
Loaded Transition and Emission Matrix:
(3, 3)
(5009, 16614)
Loaded Observations:
(2, 16614)
Memory Usage: 985.337856 mB
Reference Number: 5008
Total Log likelihood: -6394.493
Memory Usage: 985.337856 mB
Finished Calculation State Posteriors
Saved Zero State Posterior to ./Empirical/Eigenstrat/Reichall/I1674/chr17/.
Successfully loaded for PP. from ./Empirical/Eigenstrat/Reichall/I1674/chr17/
Fraction Markers in ROH: 0.3717
Merged n=0 gaps < 0.0 M
Called n=8 ROH Blocks > 1.0 cM
Longest Block: 2.003
Successfully saved to ./Empirical/Eigenstrat/Reichall/I1674/chr17/roh.csv
Using Low-Mem Cython Linear Speed Up.
Loaded Pre Processing Model: Eigenstrat
Loading Individual: I1674

Loaded 33917 variants
Loaded 2504 individuals
HDF5 loaded from ./Data/1000Genomes/HDF5/1240kHDF5/all1240/chr18.hdf5
3 Eigenstrat Files with 5081 Individuals and 1233013 SNPs

Intersection on Positions: 33917
Nr of Matching Refs: 33917 / 33917
Full Intersection Ref/Alt Identical: 33902 / 33917
2504 / 2504 Individuals included in Reference
Extraction of 5008 Haplotypes complete
Reduced to markers called 17899 / 33902
(Fraction SNP: 0.5279629520382279)
Successfully saved to: ./Empirical/Eigenstrat/Reichall/I1674/chr18/
Successfully loaded Data from: ./Empirical/Eigenstrat/Reichall/I1674/chr18/
Loaded Emission Model: haploid
Loaded Transition Model: model
Loaded Post Processing Model: Standard
Minimum Genetic Map: 0.0016
Maximum Genetic Map: 1.1771
Gaps bigger than 0.1 cM: 197
Maximum Gap: 0.4764 cM
Loaded Transition and Emission Matrix:
(3, 3)
(5009, 17899)
Loaded Observations:
(2, 17899)
Memory Usage: 1043.0464 mB
Reference Number: 5008
Total Log likelihood: -6795.538
Memory Usage: 1043.0464 mB
Finished Calculation State Posteriors
Saved Zero State Posterior to ./Empirical/Eigenstrat/Reichall/I1674/chr18/.
Successfully loaded for PP. from ./Empirical/Eigenstrat/Reichall/I1674/chr18/
Fraction Markers in ROH: 0.3576
Merged n=0 gaps < 0.0 M
Called n=5 ROH Blocks > 1.0 cM
Longest Block: 1.841
Successfully saved to ./Empirical/Eigenstrat/Reichall/I1674/chr18/roh.csv
Using Low-Mem Cython Linear Speed Up.
Loaded Pre Processing Model: Eigenstrat
Loading Individual: I1674

Loaded 18460 variants
Loaded 2504 individuals
HDF5 loaded from ./Data/1000Genomes/HDF5/1240kHDF5/all1240/chr19.hdf5
3 Eigenstrat Files with 5081 Individuals and 1233013 SNPs

Intersection on Positions: 18460
Nr of Matching Refs: 18460 / 18460
Full Intersection Ref/Alt Identical: 18441 / 18460
2504 / 2504 Individuals included in Reference
Extraction of 5008 Haplotypes complete
Reduced to markers called 10695 / 18441
(Fraction SNP: 0.5799577029445258)
Successfully saved to: ./Empirical/Eigenstrat/Reichall/I1674/chr19/
Successfully loaded Data from: ./Empirical/Eigenstrat/Reichall/I1674/chr19/
Loaded Emission Model: haploid
Loaded Transition Model: model
Loaded Post Processing Model: Standard
Minimum Genetic Map: 0.0000
Maximum Genetic Map: 1.0773
Gaps bigger than 0.1 cM: 208
Maximum Gap: 0.6114 cM
Loaded Transition and Emission Matrix:
(3, 3)
(5009, 10695)
Loaded Observations:
(2, 10695)
Memory Usage: 723.49696 mB
Reference Number: 5008
Total Log likelihood: -4278.147
Memory Usage: 723.49696 mB
Finished Calculation State Posteriors
Saved Zero State Posterior to ./Empirical/Eigenstrat/Reichall/I1674/chr19/.
Successfully loaded for PP. from ./Empirical/Eigenstrat/Reichall/I1674/chr19/
Fraction Markers in ROH: 0.3602
Merged n=0 gaps < 0.0 M
Called n=7 ROH Blocks > 1.0 cM
Longest Block: 2.925
Successfully saved to ./Empirical/Eigenstrat/Reichall/I1674/chr19/roh.csv
Using Low-Mem Cython Linear Speed Up.
Loaded Pre Processing Model: Eigenstrat
Loading Individual: I1674

Loaded 29078 variants
Loaded 2504 individuals
HDF5 loaded from ./Data/1000Genomes/HDF5/1240kHDF5/all1240/chr20.hdf5
3 Eigenstrat Files with 5081 Individuals and 1233013 SNPs

Intersection on Positions: 29078
Nr of Matching Refs: 29078 / 29078
Full Intersection Ref/Alt Identical: 29053 / 29078
2504 / 2504 Individuals included in Reference
Extraction of 5008 Haplotypes complete
Reduced to markers called 16427 / 29053
(Fraction SNP: 0.5654149313323925)
Successfully saved to: ./Empirical/Eigenstrat/Reichall/I1674/chr20/
Successfully loaded Data from: ./Empirical/Eigenstrat/Reichall/I1674/chr20/
Loaded Emission Model: haploid
Loaded Transition Model: model
Loaded Post Processing Model: Standard
Minimum Genetic Map: 0.0000
Maximum Genetic Map: 1.0821
Gaps bigger than 0.1 cM: 178
Maximum Gap: 0.4744 cM
Loaded Transition and Emission Matrix:
(3, 3)
(5009, 16427)
Loaded Observations:
(2, 16427)
Memory Usage: 981.905408 mB
Reference Number: 5008
Total Log likelihood: -6196.447
Memory Usage: 981.905408 mB
Finished Calculation State Posteriors
Saved Zero State Posterior to ./Empirical/Eigenstrat/Reichall/I1674/chr20/.
Successfully loaded for PP. from ./Empirical/Eigenstrat/Reichall/I1674/chr20/
Fraction Markers in ROH: 0.3842
Merged n=0 gaps < 0.0 M
Called n=6 ROH Blocks > 1.0 cM
Longest Block: 1.525
Successfully saved to ./Empirical/Eigenstrat/Reichall/I1674/chr20/roh.csv
Using Low-Mem Cython Linear Speed Up.
Loaded Pre Processing Model: Eigenstrat
Loading Individual: I1674

Loaded 16038 variants
Loaded 2504 individuals
HDF5 loaded from ./Data/1000Genomes/HDF5/1240kHDF5/all1240/chr21.hdf5
3 Eigenstrat Files with 5081 Individuals and 1233013 SNPs

Intersection on Positions: 16038
Nr of Matching Refs: 16038 / 16038
Full Intersection Ref/Alt Identical: 16031 / 16038
2504 / 2504 Individuals included in Reference
Extraction of 5008 Haplotypes complete
Reduced to markers called 8372 / 16031
(Fraction SNP: 0.5222381635581061)
Successfully saved to: ./Empirical/Eigenstrat/Reichall/I1674/chr21/
Successfully loaded Data from: ./Empirical/Eigenstrat/Reichall/I1674/chr21/
Loaded Emission Model: haploid
Loaded Transition Model: model
Loaded Post Processing Model: Standard
Minimum Genetic Map: -0.0085
Maximum Genetic Map: 0.6277
Gaps bigger than 0.1 cM: 122
Maximum Gap: 1.7443 cM
Loaded Transition and Emission Matrix:
(3, 3)
(5009, 8372)
Loaded Observations:
(2, 8372)
Memory Usage: 618.78272 mB
Reference Number: 5008
Total Log likelihood: -3375.491
Memory Usage: 618.78272 mB
Finished Calculation State Posteriors
Saved Zero State Posterior to ./Empirical/Eigenstrat/Reichall/I1674/chr21/.
Successfully loaded for PP. from ./Empirical/Eigenstrat/Reichall/I1674/chr21/
Fraction Markers in ROH: 0.3121
Merged n=0 gaps < 0.0 M
Called n=3 ROH Blocks > 1.0 cM
Longest Block: 2.229
Successfully saved to ./Empirical/Eigenstrat/Reichall/I1674/chr21/roh.csv
Using Low-Mem Cython Linear Speed Up.
Loaded Pre Processing Model: Eigenstrat
Loading Individual: I1674

Loaded 15802 variants
Loaded 2504 individuals
HDF5 loaded from ./Data/1000Genomes/HDF5/1240kHDF5/all1240/chr22.hdf5
3 Eigenstrat Files with 5081 Individuals and 1233013 SNPs

Intersection on Positions: 15802
Nr of Matching Refs: 15802 / 15802
Full Intersection Ref/Alt Identical: 15793 / 15802
2504 / 2504 Individuals included in Reference
Extraction of 5008 Haplotypes complete
Reduced to markers called 9274 / 15793
(Fraction SNP: 0.5872221870448933)
Successfully saved to: ./Empirical/Eigenstrat/Reichall/I1674/chr22/
Successfully loaded Data from: ./Empirical/Eigenstrat/Reichall/I1674/chr22/
Loaded Emission Model: haploid
Loaded Transition Model: model
Loaded Post Processing Model: Standard
Minimum Genetic Map: 0.0180
Maximum Genetic Map: 0.7408
Gaps bigger than 0.1 cM: 126
Maximum Gap: 1.7129 cM
Loaded Transition and Emission Matrix:
(3, 3)
(5009, 9274)
Loaded Observations:
(2, 9274)
Memory Usage: 659.972096 mB
Reference Number: 5008
Total Log likelihood: -3617.651
Memory Usage: 659.972096 mB
Finished Calculation State Posteriors
Saved Zero State Posterior to ./Empirical/Eigenstrat/Reichall/I1674/chr22/.
Successfully loaded for PP. from ./Empirical/Eigenstrat/Reichall/I1674/chr22/
Fraction Markers in ROH: 0.3347
Merged n=0 gaps < 0.0 M
Called n=3 ROH Blocks > 1.0 cM
Longest Block: 1.707
Successfully saved to ./Empirical/Eigenstrat/Reichall/I1674/chr22/roh.csv
