Loaded 2106 / 5081 ancient Indivdiuals Anno File.
Doing Individual I1499...
Using Low-Mem Cython Linear Speed Up.
Loaded Pre Processing Model: Eigenstrat
Loading Individual: I1499

Loaded 89147 variants
Loaded 2504 individuals
HDF5 loaded from ./Data/1000Genomes/HDF5/1240kHDF5/all1240/chr1.hdf5
3 Eigenstrat Files with 5081 Individuals and 1233013 SNPs

Intersection on Positions: 89147
Nr of Matching Refs: 89147 / 89147
Full Intersection Ref/Alt Identical: 89082 / 89147
2504 / 2504 Individuals included in Reference
Extraction of 5008 Haplotypes complete
Reduced to markers called 64909 / 89082
(Fraction SNP: 0.7286432724905143)
Successfully saved to: ./Empirical/Eigenstrat/Reichall/I1499/chr1/
Successfully loaded Data from: ./Empirical/Eigenstrat/Reichall/I1499/chr1/
Loaded Emission Model: haploid
Loaded Transition Model: model
Loaded Post Processing Model: Standard
Minimum Genetic Map: 0.0201
Maximum Genetic Map: 2.8627
Gaps bigger than 0.1 cM: 319
Maximum Gap: 2.9476 cM
Loaded Transition and Emission Matrix:
(3, 3)
(5009, 64909)
Loaded Observations:
(2, 64909)
Memory Usage: 3120.5376 mB
Reference Number: 5008
Total Log likelihood: -22375.667
Memory Usage: 3121.000448 mB
Finished Calculation State Posteriors
Saved Zero State Posterior to ./Empirical/Eigenstrat/Reichall/I1499/chr1/.
Successfully loaded for PP. from ./Empirical/Eigenstrat/Reichall/I1499/chr1/
Fraction Markers in ROH: 0.4550
Merged n=0 gaps < 0.0 M
Called n=14 ROH Blocks > 1.0 cM
Longest Block: 4.390
Successfully saved to ./Empirical/Eigenstrat/Reichall/I1499/chr1/roh.csv
Using Low-Mem Cython Linear Speed Up.
Loaded Pre Processing Model: Eigenstrat
Loading Individual: I1499

Loaded 94239 variants
Loaded 2504 individuals
HDF5 loaded from ./Data/1000Genomes/HDF5/1240kHDF5/all1240/chr2.hdf5
3 Eigenstrat Files with 5081 Individuals and 1233013 SNPs

Intersection on Positions: 94239
Nr of Matching Refs: 94239 / 94239
Full Intersection Ref/Alt Identical: 94173 / 94239
2504 / 2504 Individuals included in Reference
Extraction of 5008 Haplotypes complete
Reduced to markers called 65762 / 94173
(Fraction SNP: 0.6983105561041912)
Successfully saved to: ./Empirical/Eigenstrat/Reichall/I1499/chr2/
Successfully loaded Data from: ./Empirical/Eigenstrat/Reichall/I1499/chr2/
Loaded Emission Model: haploid
Loaded Transition Model: model
Loaded Post Processing Model: Standard
Minimum Genetic Map: 0.0002
Maximum Genetic Map: 2.6883
Gaps bigger than 0.1 cM: 309
Maximum Gap: 1.8302 cM
Loaded Transition and Emission Matrix:
(3, 3)
(5009, 65762)
Loaded Observations:
(2, 65762)
Memory Usage: 3198.13632 mB
Reference Number: 5008
Total Log likelihood: -23345.725
Memory Usage: 3198.13632 mB
Finished Calculation State Posteriors
Saved Zero State Posterior to ./Empirical/Eigenstrat/Reichall/I1499/chr2/.
Successfully loaded for PP. from ./Empirical/Eigenstrat/Reichall/I1499/chr2/
Fraction Markers in ROH: 0.4345
Merged n=0 gaps < 0.0 M
Called n=12 ROH Blocks > 1.0 cM
Longest Block: 2.703
Successfully saved to ./Empirical/Eigenstrat/Reichall/I1499/chr2/roh.csv
Using Low-Mem Cython Linear Speed Up.
Loaded Pre Processing Model: Eigenstrat
Loading Individual: I1499

Loaded 77652 variants
Loaded 2504 individuals
HDF5 loaded from ./Data/1000Genomes/HDF5/1240kHDF5/all1240/chr3.hdf5
3 Eigenstrat Files with 5081 Individuals and 1233013 SNPs

Intersection on Positions: 77652
Nr of Matching Refs: 77652 / 77652
Full Intersection Ref/Alt Identical: 77601 / 77652
2504 / 2504 Individuals included in Reference
Extraction of 5008 Haplotypes complete
Reduced to markers called 53669 / 77601
(Fraction SNP: 0.6916019123464904)
Successfully saved to: ./Empirical/Eigenstrat/Reichall/I1499/chr3/
Successfully loaded Data from: ./Empirical/Eigenstrat/Reichall/I1499/chr3/
Loaded Emission Model: haploid
Loaded Transition Model: model
Loaded Post Processing Model: Standard
Minimum Genetic Map: 0.0000
Maximum Genetic Map: 2.2326
Gaps bigger than 0.1 cM: 269
Maximum Gap: 0.3910 cM
Loaded Transition and Emission Matrix:
(3, 3)
(5009, 53669)
Loaded Observations:
(2, 53669)
Memory Usage: 2653.30688 mB
Reference Number: 5008
Total Log likelihood: -19298.068
Memory Usage: 2653.30688 mB
Finished Calculation State Posteriors
Saved Zero State Posterior to ./Empirical/Eigenstrat/Reichall/I1499/chr3/.
Successfully loaded for PP. from ./Empirical/Eigenstrat/Reichall/I1499/chr3/
Fraction Markers in ROH: 0.4070
Merged n=0 gaps < 0.0 M
Called n=8 ROH Blocks > 1.0 cM
Longest Block: 2.389
Successfully saved to ./Empirical/Eigenstrat/Reichall/I1499/chr3/roh.csv
Using Low-Mem Cython Linear Speed Up.
Loaded Pre Processing Model: Eigenstrat
Loading Individual: I1499

Loaded 68759 variants
Loaded 2504 individuals
HDF5 loaded from ./Data/1000Genomes/HDF5/1240kHDF5/all1240/chr4.hdf5
3 Eigenstrat Files with 5081 Individuals and 1233013 SNPs

Intersection on Positions: 68759
Nr of Matching Refs: 68759 / 68759
Full Intersection Ref/Alt Identical: 68720 / 68759
2504 / 2504 Individuals included in Reference
Extraction of 5008 Haplotypes complete
Reduced to markers called 44402 / 68720
(Fraction SNP: 0.6461292200232829)
Successfully saved to: ./Empirical/Eigenstrat/Reichall/I1499/chr4/
Successfully loaded Data from: ./Empirical/Eigenstrat/Reichall/I1499/chr4/
Loaded Emission Model: haploid
Loaded Transition Model: model
Loaded Post Processing Model: Standard
Minimum Genetic Map: 0.0034
Maximum Genetic Map: 2.1454
Gaps bigger than 0.1 cM: 275
Maximum Gap: 2.0422 cM
Loaded Transition and Emission Matrix:
(3, 3)
(5009, 44402)
Loaded Observations:
(2, 44402)
Memory Usage: 2235.71968 mB
Reference Number: 5008
Total Log likelihood: -15621.327
Memory Usage: 2235.71968 mB
Finished Calculation State Posteriors
Saved Zero State Posterior to ./Empirical/Eigenstrat/Reichall/I1499/chr4/.
Successfully loaded for PP. from ./Empirical/Eigenstrat/Reichall/I1499/chr4/
Fraction Markers in ROH: 0.4210
Merged n=0 gaps < 0.0 M
Called n=12 ROH Blocks > 1.0 cM
Longest Block: 3.074
Successfully saved to ./Empirical/Eigenstrat/Reichall/I1499/chr4/roh.csv
Using Low-Mem Cython Linear Speed Up.
Loaded Pre Processing Model: Eigenstrat
Loading Individual: I1499

Loaded 69399 variants
Loaded 2504 individuals
HDF5 loaded from ./Data/1000Genomes/HDF5/1240kHDF5/all1240/chr5.hdf5
3 Eigenstrat Files with 5081 Individuals and 1233013 SNPs

Intersection on Positions: 69399
Nr of Matching Refs: 69399 / 69399
Full Intersection Ref/Alt Identical: 69354 / 69399
2504 / 2504 Individuals included in Reference
Extraction of 5008 Haplotypes complete
Reduced to markers called 47949 / 69354
(Fraction SNP: 0.6913660351241457)
Successfully saved to: ./Empirical/Eigenstrat/Reichall/I1499/chr5/
Successfully loaded Data from: ./Empirical/Eigenstrat/Reichall/I1499/chr5/
Loaded Emission Model: haploid
Loaded Transition Model: model
Loaded Post Processing Model: Standard
Minimum Genetic Map: 0.0004
Maximum Genetic Map: 2.0409
Gaps bigger than 0.1 cM: 271
Maximum Gap: 1.1070 cM
Loaded Transition and Emission Matrix:
(3, 3)
(5009, 47949)
Loaded Observations:
(2, 47949)
Memory Usage: 2395.529216 mB
Reference Number: 5008
Total Log likelihood: -16751.549
Memory Usage: 2395.529216 mB
Finished Calculation State Posteriors
Saved Zero State Posterior to ./Empirical/Eigenstrat/Reichall/I1499/chr5/.
Successfully loaded for PP. from ./Empirical/Eigenstrat/Reichall/I1499/chr5/
Fraction Markers in ROH: 0.4328
Merged n=0 gaps < 0.0 M
Called n=11 ROH Blocks > 1.0 cM
Longest Block: 1.705
Successfully saved to ./Empirical/Eigenstrat/Reichall/I1499/chr5/roh.csv
Using Low-Mem Cython Linear Speed Up.
Loaded Pre Processing Model: Eigenstrat
Loading Individual: I1499

Loaded 75870 variants
Loaded 2504 individuals
HDF5 loaded from ./Data/1000Genomes/HDF5/1240kHDF5/all1240/chr6.hdf5
3 Eigenstrat Files with 5081 Individuals and 1233013 SNPs

Intersection on Positions: 75870
Nr of Matching Refs: 75870 / 75870
Full Intersection Ref/Alt Identical: 75816 / 75870
2504 / 2504 Individuals included in Reference
Extraction of 5008 Haplotypes complete
Reduced to markers called 52418 / 75816
(Fraction SNP: 0.6913844043473674)
Successfully saved to: ./Empirical/Eigenstrat/Reichall/I1499/chr6/
Successfully loaded Data from: ./Empirical/Eigenstrat/Reichall/I1499/chr6/
Loaded Emission Model: haploid
Loaded Transition Model: model
Loaded Post Processing Model: Standard
Minimum Genetic Map: 0.0032
Maximum Genetic Map: 1.9203
Gaps bigger than 0.1 cM: 206
Maximum Gap: 0.5076 cM
Loaded Transition and Emission Matrix:
(3, 3)
(5009, 52418)
Loaded Observations:
(2, 52418)
Memory Usage: 2597.675008 mB
Reference Number: 5008
Total Log likelihood: -17742.927
Memory Usage: 2597.675008 mB
Finished Calculation State Posteriors
Saved Zero State Posterior to ./Empirical/Eigenstrat/Reichall/I1499/chr6/.
Successfully loaded for PP. from ./Empirical/Eigenstrat/Reichall/I1499/chr6/
Fraction Markers in ROH: 0.4422
Merged n=0 gaps < 0.0 M
Called n=6 ROH Blocks > 1.0 cM
Longest Block: 14.095
Successfully saved to ./Empirical/Eigenstrat/Reichall/I1499/chr6/roh.csv
Using Low-Mem Cython Linear Speed Up.
Loaded Pre Processing Model: Eigenstrat
Loading Individual: I1499

Loaded 59890 variants
Loaded 2504 individuals
HDF5 loaded from ./Data/1000Genomes/HDF5/1240kHDF5/all1240/chr7.hdf5
3 Eigenstrat Files with 5081 Individuals and 1233013 SNPs

Intersection on Positions: 59890
Nr of Matching Refs: 59890 / 59890
Full Intersection Ref/Alt Identical: 59836 / 59890
2504 / 2504 Individuals included in Reference
Extraction of 5008 Haplotypes complete
Reduced to markers called 41165 / 59836
(Fraction SNP: 0.6879637676315262)
Successfully saved to: ./Empirical/Eigenstrat/Reichall/I1499/chr7/
Successfully loaded Data from: ./Empirical/Eigenstrat/Reichall/I1499/chr7/
Loaded Emission Model: haploid
Loaded Transition Model: model
Loaded Post Processing Model: Standard
Minimum Genetic Map: 0.0000
Maximum Genetic Map: 1.8715
Gaps bigger than 0.1 cM: 245
Maximum Gap: 0.8416 cM
Loaded Transition and Emission Matrix:
(3, 3)
(5009, 41165)
Loaded Observations:
(2, 41165)
Memory Usage: 2090.135552 mB
Reference Number: 5008
Total Log likelihood: -15135.780
Memory Usage: 2090.135552 mB
Finished Calculation State Posteriors
Saved Zero State Posterior to ./Empirical/Eigenstrat/Reichall/I1499/chr7/.
Successfully loaded for PP. from ./Empirical/Eigenstrat/Reichall/I1499/chr7/
Fraction Markers in ROH: 0.4071
Merged n=0 gaps < 0.0 M
Called n=6 ROH Blocks > 1.0 cM
Longest Block: 3.001
Successfully saved to ./Empirical/Eigenstrat/Reichall/I1499/chr7/roh.csv
Using Low-Mem Cython Linear Speed Up.
Loaded Pre Processing Model: Eigenstrat
Loading Individual: I1499

Loaded 61133 variants
Loaded 2504 individuals
HDF5 loaded from ./Data/1000Genomes/HDF5/1240kHDF5/all1240/chr8.hdf5
3 Eigenstrat Files with 5081 Individuals and 1233013 SNPs

Intersection on Positions: 61133
Nr of Matching Refs: 61133 / 61133
Full Intersection Ref/Alt Identical: 61091 / 61133
2504 / 2504 Individuals included in Reference
Extraction of 5008 Haplotypes complete
Reduced to markers called 42844 / 61091
(Fraction SNP: 0.7013144325678087)
Successfully saved to: ./Empirical/Eigenstrat/Reichall/I1499/chr8/
Successfully loaded Data from: ./Empirical/Eigenstrat/Reichall/I1499/chr8/
Loaded Emission Model: haploid
Loaded Transition Model: model
Loaded Post Processing Model: Standard
Minimum Genetic Map: 0.0000
Maximum Genetic Map: 1.6800
Gaps bigger than 0.1 cM: 172
Maximum Gap: 1.8932 cM
Loaded Transition and Emission Matrix:
(3, 3)
(5009, 42844)
Loaded Observations:
(2, 42844)
Memory Usage: 2166.611968 mB
Reference Number: 5008
Total Log likelihood: -14762.369
Memory Usage: 2166.611968 mB
Finished Calculation State Posteriors
Saved Zero State Posterior to ./Empirical/Eigenstrat/Reichall/I1499/chr8/.
Successfully loaded for PP. from ./Empirical/Eigenstrat/Reichall/I1499/chr8/
Fraction Markers in ROH: 0.4558
Merged n=0 gaps < 0.0 M
Called n=4 ROH Blocks > 1.0 cM
Longest Block: 1.583
Successfully saved to ./Empirical/Eigenstrat/Reichall/I1499/chr8/roh.csv
Using Low-Mem Cython Linear Speed Up.
Loaded Pre Processing Model: Eigenstrat
Loading Individual: I1499

Loaded 50668 variants
Loaded 2504 individuals
HDF5 loaded from ./Data/1000Genomes/HDF5/1240kHDF5/all1240/chr9.hdf5
3 Eigenstrat Files with 5081 Individuals and 1233013 SNPs

Intersection on Positions: 50668
Nr of Matching Refs: 50668 / 50668
Full Intersection Ref/Alt Identical: 50629 / 50668
2504 / 2504 Individuals included in Reference
Extraction of 5008 Haplotypes complete
Reduced to markers called 36036 / 50629
(Fraction SNP: 0.711765983922258)
Successfully saved to: ./Empirical/Eigenstrat/Reichall/I1499/chr9/
Successfully loaded Data from: ./Empirical/Eigenstrat/Reichall/I1499/chr9/
Loaded Emission Model: haploid
Loaded Transition Model: model
Loaded Post Processing Model: Standard
Minimum Genetic Map: 0.0016
Maximum Genetic Map: 1.6630
Gaps bigger than 0.1 cM: 228
Maximum Gap: 1.8819 cM
Loaded Transition and Emission Matrix:
(3, 3)
(5009, 36036)
Loaded Observations:
(2, 36036)
Memory Usage: 1859.2768 mB
Reference Number: 5008
Total Log likelihood: -13164.106
Memory Usage: 1859.2768 mB
Finished Calculation State Posteriors
Saved Zero State Posterior to ./Empirical/Eigenstrat/Reichall/I1499/chr9/.
Successfully loaded for PP. from ./Empirical/Eigenstrat/Reichall/I1499/chr9/
Fraction Markers in ROH: 0.4148
Merged n=0 gaps < 0.0 M
Called n=8 ROH Blocks > 1.0 cM
Longest Block: 1.809
Successfully saved to ./Empirical/Eigenstrat/Reichall/I1499/chr9/roh.csv
Using Low-Mem Cython Linear Speed Up.
Loaded Pre Processing Model: Eigenstrat
Loading Individual: I1499

Loaded 58804 variants
Loaded 2504 individuals
HDF5 loaded from ./Data/1000Genomes/HDF5/1240kHDF5/all1240/chr10.hdf5
3 Eigenstrat Files with 5081 Individuals and 1233013 SNPs

Intersection on Positions: 58804
Nr of Matching Refs: 58804 / 58804
Full Intersection Ref/Alt Identical: 58763 / 58804
2504 / 2504 Individuals included in Reference
Extraction of 5008 Haplotypes complete
Reduced to markers called 42703 / 58763
(Fraction SNP: 0.7266987730374556)
Successfully saved to: ./Empirical/Eigenstrat/Reichall/I1499/chr10/
Successfully loaded Data from: ./Empirical/Eigenstrat/Reichall/I1499/chr10/
Loaded Emission Model: haploid
Loaded Transition Model: model
Loaded Post Processing Model: Standard
Minimum Genetic Map: 0.0001
Maximum Genetic Map: 1.8092
Gaps bigger than 0.1 cM: 212
Maximum Gap: 2.0338 cM
Loaded Transition and Emission Matrix:
(3, 3)
(5009, 42703)
Loaded Observations:
(2, 42703)
Memory Usage: 2160.369664 mB
Reference Number: 5008
Total Log likelihood: -15329.211
Memory Usage: 2160.369664 mB
Finished Calculation State Posteriors
Saved Zero State Posterior to ./Empirical/Eigenstrat/Reichall/I1499/chr10/.
Successfully loaded for PP. from ./Empirical/Eigenstrat/Reichall/I1499/chr10/
Fraction Markers in ROH: 0.4143
Merged n=0 gaps < 0.0 M
Called n=8 ROH Blocks > 1.0 cM
Longest Block: 2.201
Successfully saved to ./Empirical/Eigenstrat/Reichall/I1499/chr10/roh.csv
Using Low-Mem Cython Linear Speed Up.
Loaded Pre Processing Model: Eigenstrat
Loading Individual: I1499

Loaded 54833 variants
Loaded 2504 individuals
HDF5 loaded from ./Data/1000Genomes/HDF5/1240kHDF5/all1240/chr11.hdf5
3 Eigenstrat Files with 5081 Individuals and 1233013 SNPs

Intersection on Positions: 54833
Nr of Matching Refs: 54833 / 54833
Full Intersection Ref/Alt Identical: 54796 / 54833
2504 / 2504 Individuals included in Reference
Extraction of 5008 Haplotypes complete
Reduced to markers called 39392 / 54796
(Fraction SNP: 0.7188845901160669)
Successfully saved to: ./Empirical/Eigenstrat/Reichall/I1499/chr11/
Successfully loaded Data from: ./Empirical/Eigenstrat/Reichall/I1499/chr11/
Loaded Emission Model: haploid
Loaded Transition Model: model
Loaded Post Processing Model: Standard
Minimum Genetic Map: 0.0000
Maximum Genetic Map: 1.5822
Gaps bigger than 0.1 cM: 190
Maximum Gap: 0.5366 cM
Loaded Transition and Emission Matrix:
(3, 3)
(5009, 39392)
Loaded Observations:
(2, 39392)
Memory Usage: 2011.435008 mB
Reference Number: 5008
Total Log likelihood: -14340.427
Memory Usage: 2011.348992 mB
Finished Calculation State Posteriors
Saved Zero State Posterior to ./Empirical/Eigenstrat/Reichall/I1499/chr11/.
Successfully loaded for PP. from ./Empirical/Eigenstrat/Reichall/I1499/chr11/
Fraction Markers in ROH: 0.4003
Merged n=0 gaps < 0.0 M
Called n=2 ROH Blocks > 1.0 cM
Longest Block: 1.086
Successfully saved to ./Empirical/Eigenstrat/Reichall/I1499/chr11/roh.csv
Using Low-Mem Cython Linear Speed Up.
Loaded Pre Processing Model: Eigenstrat
Loading Individual: I1499

Loaded 53911 variants
Loaded 2504 individuals
HDF5 loaded from ./Data/1000Genomes/HDF5/1240kHDF5/all1240/chr12.hdf5
3 Eigenstrat Files with 5081 Individuals and 1233013 SNPs

Intersection on Positions: 53911
Nr of Matching Refs: 53911 / 53911
Full Intersection Ref/Alt Identical: 53884 / 53911
2504 / 2504 Individuals included in Reference
Extraction of 5008 Haplotypes complete
Reduced to markers called 37777 / 53884
(Fraction SNP: 0.7010800979882711)
Successfully saved to: ./Empirical/Eigenstrat/Reichall/I1499/chr12/
Successfully loaded Data from: ./Empirical/Eigenstrat/Reichall/I1499/chr12/
Loaded Emission Model: haploid
Loaded Transition Model: model
Loaded Post Processing Model: Standard
Minimum Genetic Map: 0.0017
Maximum Genetic Map: 1.7468
Gaps bigger than 0.1 cM: 228
Maximum Gap: 0.8015 cM
Loaded Transition and Emission Matrix:
(3, 3)
(5009, 37777)
Loaded Observations:
(2, 37777)
Memory Usage: 1937.842176 mB
Reference Number: 5008
Total Log likelihood: -13617.827
Memory Usage: 1937.842176 mB
Finished Calculation State Posteriors
Saved Zero State Posterior to ./Empirical/Eigenstrat/Reichall/I1499/chr12/.
Successfully loaded for PP. from ./Empirical/Eigenstrat/Reichall/I1499/chr12/
Fraction Markers in ROH: 0.4281
Merged n=0 gaps < 0.0 M
Called n=10 ROH Blocks > 1.0 cM
Longest Block: 2.979
Successfully saved to ./Empirical/Eigenstrat/Reichall/I1499/chr12/roh.csv
Using Low-Mem Cython Linear Speed Up.
Loaded Pre Processing Model: Eigenstrat
Loading Individual: I1499

Loaded 39018 variants
Loaded 2504 individuals
HDF5 loaded from ./Data/1000Genomes/HDF5/1240kHDF5/all1240/chr13.hdf5
3 Eigenstrat Files with 5081 Individuals and 1233013 SNPs

Intersection on Positions: 39018
Nr of Matching Refs: 39018 / 39018
Full Intersection Ref/Alt Identical: 38994 / 39018
2504 / 2504 Individuals included in Reference
Extraction of 5008 Haplotypes complete
Reduced to markers called 25845 / 38994
(Fraction SNP: 0.6627942760424681)
Successfully saved to: ./Empirical/Eigenstrat/Reichall/I1499/chr13/
Successfully loaded Data from: ./Empirical/Eigenstrat/Reichall/I1499/chr13/
Loaded Emission Model: haploid
Loaded Transition Model: model
Loaded Post Processing Model: Standard
Minimum Genetic Map: 0.0019
Maximum Genetic Map: 1.2570
Gaps bigger than 0.1 cM: 175
Maximum Gap: 1.2227 cM
Loaded Transition and Emission Matrix:
(3, 3)
(5009, 25845)
Loaded Observations:
(2, 25845)
Memory Usage: 1400.393728 mB
Reference Number: 5008
Total Log likelihood: -9553.520
Memory Usage: 1400.393728 mB
Finished Calculation State Posteriors
Saved Zero State Posterior to ./Empirical/Eigenstrat/Reichall/I1499/chr13/.
Successfully loaded for PP. from ./Empirical/Eigenstrat/Reichall/I1499/chr13/
Fraction Markers in ROH: 0.3933
Merged n=0 gaps < 0.0 M
Called n=6 ROH Blocks > 1.0 cM
Longest Block: 2.105
Successfully saved to ./Empirical/Eigenstrat/Reichall/I1499/chr13/roh.csv
Using Low-Mem Cython Linear Speed Up.
Loaded Pre Processing Model: Eigenstrat
Loading Individual: I1499

Loaded 36301 variants
Loaded 2504 individuals
HDF5 loaded from ./Data/1000Genomes/HDF5/1240kHDF5/all1240/chr14.hdf5
3 Eigenstrat Files with 5081 Individuals and 1233013 SNPs

Intersection on Positions: 36301
Nr of Matching Refs: 36301 / 36301
Full Intersection Ref/Alt Identical: 36280 / 36301
2504 / 2504 Individuals included in Reference
Extraction of 5008 Haplotypes complete
Reduced to markers called 25413 / 36280
(Fraction SNP: 0.7004685777287761)
Successfully saved to: ./Empirical/Eigenstrat/Reichall/I1499/chr14/
Successfully loaded Data from: ./Empirical/Eigenstrat/Reichall/I1499/chr14/
Loaded Emission Model: haploid
Loaded Transition Model: model
Loaded Post Processing Model: Standard
Minimum Genetic Map: 0.0161
Maximum Genetic Map: 1.2020
Gaps bigger than 0.1 cM: 154
Maximum Gap: 3.0853 cM
Loaded Transition and Emission Matrix:
(3, 3)
(5009, 25413)
Loaded Observations:
(2, 25413)
Memory Usage: 1380.7616 mB
Reference Number: 5008
Total Log likelihood: -9232.992
Memory Usage: 1380.7616 mB
Finished Calculation State Posteriors
Saved Zero State Posterior to ./Empirical/Eigenstrat/Reichall/I1499/chr14/.
Successfully loaded for PP. from ./Empirical/Eigenstrat/Reichall/I1499/chr14/
Fraction Markers in ROH: 0.4106
Merged n=0 gaps < 0.0 M
Called n=6 ROH Blocks > 1.0 cM
Longest Block: 2.366
Successfully saved to ./Empirical/Eigenstrat/Reichall/I1499/chr14/roh.csv
Using Low-Mem Cython Linear Speed Up.
Loaded Pre Processing Model: Eigenstrat
Loading Individual: I1499

Loaded 34429 variants
Loaded 2504 individuals
HDF5 loaded from ./Data/1000Genomes/HDF5/1240kHDF5/all1240/chr15.hdf5
3 Eigenstrat Files with 5081 Individuals and 1233013 SNPs

Intersection on Positions: 34429
Nr of Matching Refs: 34429 / 34429
Full Intersection Ref/Alt Identical: 34407 / 34429
2504 / 2504 Individuals included in Reference
Extraction of 5008 Haplotypes complete
Reduced to markers called 25222 / 34407
(Fraction SNP: 0.7330485075711338)
Successfully saved to: ./Empirical/Eigenstrat/Reichall/I1499/chr15/
Successfully loaded Data from: ./Empirical/Eigenstrat/Reichall/I1499/chr15/
Loaded Emission Model: haploid
Loaded Transition Model: model
Loaded Post Processing Model: Standard
Minimum Genetic Map: 0.0002
Maximum Genetic Map: 1.4134
Gaps bigger than 0.1 cM: 158
Maximum Gap: 11.6560 cM
Loaded Transition and Emission Matrix:
(3, 3)
(5009, 25222)
Loaded Observations:
(2, 25222)
Memory Usage: 1372.729344 mB
Reference Number: 5008
Total Log likelihood: -8733.347
Memory Usage: 1372.729344 mB
Finished Calculation State Posteriors
Saved Zero State Posterior to ./Empirical/Eigenstrat/Reichall/I1499/chr15/.
Successfully loaded for PP. from ./Empirical/Eigenstrat/Reichall/I1499/chr15/
Fraction Markers in ROH: 0.4602
Merged n=0 gaps < 0.0 M
Called n=10 ROH Blocks > 1.0 cM
Longest Block: 2.235
Successfully saved to ./Empirical/Eigenstrat/Reichall/I1499/chr15/roh.csv
Using Low-Mem Cython Linear Speed Up.
Loaded Pre Processing Model: Eigenstrat
Loading Individual: I1499

Loaded 34402 variants
Loaded 2504 individuals
HDF5 loaded from ./Data/1000Genomes/HDF5/1240kHDF5/all1240/chr16.hdf5
3 Eigenstrat Files with 5081 Individuals and 1233013 SNPs

Intersection on Positions: 34402
Nr of Matching Refs: 34402 / 34402
Full Intersection Ref/Alt Identical: 34375 / 34402
2504 / 2504 Individuals included in Reference
Extraction of 5008 Haplotypes complete
Reduced to markers called 26546 / 34375
(Fraction SNP: 0.7722472727272728)
Successfully saved to: ./Empirical/Eigenstrat/Reichall/I1499/chr16/
Successfully loaded Data from: ./Empirical/Eigenstrat/Reichall/I1499/chr16/
Loaded Emission Model: haploid
Loaded Transition Model: model
Loaded Post Processing Model: Standard
Minimum Genetic Map: -0.0000
Maximum Genetic Map: 1.3403
Gaps bigger than 0.1 cM: 176
Maximum Gap: 0.8458 cM
Loaded Transition and Emission Matrix:
(3, 3)
(5009, 26546)
Loaded Observations:
(2, 26546)
Memory Usage: 1431.94112 mB
Reference Number: 5008
Total Log likelihood: -8704.871
Memory Usage: 1431.94112 mB
Finished Calculation State Posteriors
Saved Zero State Posterior to ./Empirical/Eigenstrat/Reichall/I1499/chr16/.
Successfully loaded for PP. from ./Empirical/Eigenstrat/Reichall/I1499/chr16/
Fraction Markers in ROH: 0.5065
Merged n=0 gaps < 0.0 M
Called n=8 ROH Blocks > 1.0 cM
Longest Block: 15.523
Successfully saved to ./Empirical/Eigenstrat/Reichall/I1499/chr16/roh.csv
Using Low-Mem Cython Linear Speed Up.
Loaded Pre Processing Model: Eigenstrat
Loading Individual: I1499

Loaded 29314 variants
Loaded 2504 individuals
HDF5 loaded from ./Data/1000Genomes/HDF5/1240kHDF5/all1240/chr17.hdf5
3 Eigenstrat Files with 5081 Individuals and 1233013 SNPs

Intersection on Positions: 29314
Nr of Matching Refs: 29314 / 29314
Full Intersection Ref/Alt Identical: 29292 / 29314
2504 / 2504 Individuals included in Reference
Extraction of 5008 Haplotypes complete
Reduced to markers called 22942 / 29292
(Fraction SNP: 0.7832172606855115)
Successfully saved to: ./Empirical/Eigenstrat/Reichall/I1499/chr17/
Successfully loaded Data from: ./Empirical/Eigenstrat/Reichall/I1499/chr17/
Loaded Emission Model: haploid
Loaded Transition Model: model
Loaded Post Processing Model: Standard
Minimum Genetic Map: -0.0003
Maximum Genetic Map: 1.2847
Gaps bigger than 0.1 cM: 152
Maximum Gap: 1.2341 cM
Loaded Transition and Emission Matrix:
(3, 3)
(5009, 22942)
Loaded Observations:
(2, 22942)
Memory Usage: 1269.76 mB
Reference Number: 5008
Total Log likelihood: -8033.225
Memory Usage: 1269.76 mB
Finished Calculation State Posteriors
Saved Zero State Posterior to ./Empirical/Eigenstrat/Reichall/I1499/chr17/.
Successfully loaded for PP. from ./Empirical/Eigenstrat/Reichall/I1499/chr17/
Fraction Markers in ROH: 0.4599
Merged n=0 gaps < 0.0 M
Called n=11 ROH Blocks > 1.0 cM
Longest Block: 2.647
Successfully saved to ./Empirical/Eigenstrat/Reichall/I1499/chr17/roh.csv
Using Low-Mem Cython Linear Speed Up.
Loaded Pre Processing Model: Eigenstrat
Loading Individual: I1499

Loaded 33917 variants
Loaded 2504 individuals
HDF5 loaded from ./Data/1000Genomes/HDF5/1240kHDF5/all1240/chr18.hdf5
3 Eigenstrat Files with 5081 Individuals and 1233013 SNPs

Intersection on Positions: 33917
Nr of Matching Refs: 33917 / 33917
Full Intersection Ref/Alt Identical: 33902 / 33917
2504 / 2504 Individuals included in Reference
Extraction of 5008 Haplotypes complete
Reduced to markers called 23521 / 33902
(Fraction SNP: 0.693793876467465)
Successfully saved to: ./Empirical/Eigenstrat/Reichall/I1499/chr18/
Successfully loaded Data from: ./Empirical/Eigenstrat/Reichall/I1499/chr18/
Loaded Emission Model: haploid
Loaded Transition Model: model
Loaded Post Processing Model: Standard
Minimum Genetic Map: 0.0016
Maximum Genetic Map: 1.1771
Gaps bigger than 0.1 cM: 160
Maximum Gap: 0.4827 cM
Loaded Transition and Emission Matrix:
(3, 3)
(5009, 23521)
Loaded Observations:
(2, 23521)
Memory Usage: 1295.163392 mB
Reference Number: 5008
Total Log likelihood: -8817.309
Memory Usage: 1295.163392 mB
Finished Calculation State Posteriors
Saved Zero State Posterior to ./Empirical/Eigenstrat/Reichall/I1499/chr18/.
Successfully loaded for PP. from ./Empirical/Eigenstrat/Reichall/I1499/chr18/
Fraction Markers in ROH: 0.3834
Merged n=0 gaps < 0.0 M
Called n=6 ROH Blocks > 1.0 cM
Longest Block: 2.398
Successfully saved to ./Empirical/Eigenstrat/Reichall/I1499/chr18/roh.csv
Using Low-Mem Cython Linear Speed Up.
Loaded Pre Processing Model: Eigenstrat
Loading Individual: I1499

Loaded 18460 variants
Loaded 2504 individuals
HDF5 loaded from ./Data/1000Genomes/HDF5/1240kHDF5/all1240/chr19.hdf5
3 Eigenstrat Files with 5081 Individuals and 1233013 SNPs

Intersection on Positions: 18460
Nr of Matching Refs: 18460 / 18460
Full Intersection Ref/Alt Identical: 18441 / 18460
2504 / 2504 Individuals included in Reference
Extraction of 5008 Haplotypes complete
Reduced to markers called 14930 / 18441
(Fraction SNP: 0.8096090233718345)
Successfully saved to: ./Empirical/Eigenstrat/Reichall/I1499/chr19/
Successfully loaded Data from: ./Empirical/Eigenstrat/Reichall/I1499/chr19/
Loaded Emission Model: haploid
Loaded Transition Model: model
Loaded Post Processing Model: Standard
Minimum Genetic Map: 0.0000
Maximum Genetic Map: 1.0773
Gaps bigger than 0.1 cM: 156
Maximum Gap: 0.5964 cM
Loaded Transition and Emission Matrix:
(3, 3)
(5009, 14930)
Loaded Observations:
(2, 14930)
Memory Usage: 908.238848 mB
Reference Number: 5008
Total Log likelihood: -5794.994
Memory Usage: 908.238848 mB
Finished Calculation State Posteriors
Saved Zero State Posterior to ./Empirical/Eigenstrat/Reichall/I1499/chr19/.
Successfully loaded for PP. from ./Empirical/Eigenstrat/Reichall/I1499/chr19/
Fraction Markers in ROH: 0.3991
Merged n=0 gaps < 0.0 M
Called n=6 ROH Blocks > 1.0 cM
Longest Block: 2.148
Successfully saved to ./Empirical/Eigenstrat/Reichall/I1499/chr19/roh.csv
Using Low-Mem Cython Linear Speed Up.
Loaded Pre Processing Model: Eigenstrat
Loading Individual: I1499

Loaded 29078 variants
Loaded 2504 individuals
HDF5 loaded from ./Data/1000Genomes/HDF5/1240kHDF5/all1240/chr20.hdf5
3 Eigenstrat Files with 5081 Individuals and 1233013 SNPs

Intersection on Positions: 29078
Nr of Matching Refs: 29078 / 29078
Full Intersection Ref/Alt Identical: 29053 / 29078
2504 / 2504 Individuals included in Reference
Extraction of 5008 Haplotypes complete
Reduced to markers called 22509 / 29053
(Fraction SNP: 0.7747564795373971)
Successfully saved to: ./Empirical/Eigenstrat/Reichall/I1499/chr20/
Successfully loaded Data from: ./Empirical/Eigenstrat/Reichall/I1499/chr20/
Loaded Emission Model: haploid
Loaded Transition Model: model
Loaded Post Processing Model: Standard
Minimum Genetic Map: 0.0000
Maximum Genetic Map: 1.0821
Gaps bigger than 0.1 cM: 149
Maximum Gap: 0.4744 cM
Loaded Transition and Emission Matrix:
(3, 3)
(5009, 22509)
Loaded Observations:
(2, 22509)
Memory Usage: 1249.902592 mB
Reference Number: 5008
Total Log likelihood: -7824.583
Memory Usage: 1249.902592 mB
Finished Calculation State Posteriors
Saved Zero State Posterior to ./Empirical/Eigenstrat/Reichall/I1499/chr20/.
Successfully loaded for PP. from ./Empirical/Eigenstrat/Reichall/I1499/chr20/
Fraction Markers in ROH: 0.4524
Merged n=0 gaps < 0.0 M
Called n=10 ROH Blocks > 1.0 cM
Longest Block: 1.362
Successfully saved to ./Empirical/Eigenstrat/Reichall/I1499/chr20/roh.csv
Using Low-Mem Cython Linear Speed Up.
Loaded Pre Processing Model: Eigenstrat
Loading Individual: I1499

Loaded 16038 variants
Loaded 2504 individuals
HDF5 loaded from ./Data/1000Genomes/HDF5/1240kHDF5/all1240/chr21.hdf5
3 Eigenstrat Files with 5081 Individuals and 1233013 SNPs

Intersection on Positions: 16038
Nr of Matching Refs: 16038 / 16038
Full Intersection Ref/Alt Identical: 16031 / 16038
2504 / 2504 Individuals included in Reference
Extraction of 5008 Haplotypes complete
Reduced to markers called 11219 / 16031
(Fraction SNP: 0.6998315763208783)
Successfully saved to: ./Empirical/Eigenstrat/Reichall/I1499/chr21/
Successfully loaded Data from: ./Empirical/Eigenstrat/Reichall/I1499/chr21/
Loaded Emission Model: haploid
Loaded Transition Model: model
Loaded Post Processing Model: Standard
Minimum Genetic Map: -0.0085
Maximum Genetic Map: 0.6279
Gaps bigger than 0.1 cM: 103
Maximum Gap: 1.7201 cM
Loaded Transition and Emission Matrix:
(3, 3)
(5009, 11219)
Loaded Observations:
(2, 11219)
Memory Usage: 747.978752 mB
Reference Number: 5008
Total Log likelihood: -4207.274
Memory Usage: 747.978752 mB
Finished Calculation State Posteriors
Saved Zero State Posterior to ./Empirical/Eigenstrat/Reichall/I1499/chr21/.
Successfully loaded for PP. from ./Empirical/Eigenstrat/Reichall/I1499/chr21/
Fraction Markers in ROH: 0.3826
Merged n=0 gaps < 0.0 M
Called n=2 ROH Blocks > 1.0 cM
Longest Block: 1.611
Successfully saved to ./Empirical/Eigenstrat/Reichall/I1499/chr21/roh.csv
Using Low-Mem Cython Linear Speed Up.
Loaded Pre Processing Model: Eigenstrat
Loading Individual: I1499

Loaded 15802 variants
Loaded 2504 individuals
HDF5 loaded from ./Data/1000Genomes/HDF5/1240kHDF5/all1240/chr22.hdf5
3 Eigenstrat Files with 5081 Individuals and 1233013 SNPs

Intersection on Positions: 15802
Nr of Matching Refs: 15802 / 15802
Full Intersection Ref/Alt Identical: 15793 / 15802
2504 / 2504 Individuals included in Reference
Extraction of 5008 Haplotypes complete
Reduced to markers called 13115 / 15793
(Fraction SNP: 0.8304312036978408)
Successfully saved to: ./Empirical/Eigenstrat/Reichall/I1499/chr22/
Successfully loaded Data from: ./Empirical/Eigenstrat/Reichall/I1499/chr22/
Loaded Emission Model: haploid
Loaded Transition Model: model
Loaded Post Processing Model: Standard
Minimum Genetic Map: 0.0171
Maximum Genetic Map: 0.7408
Gaps bigger than 0.1 cM: 86
Maximum Gap: 1.6949 cM
Loaded Transition and Emission Matrix:
(3, 3)
(5009, 13115)
Loaded Observations:
(2, 13115)
Memory Usage: 833.982464 mB
Reference Number: 5008
Total Log likelihood: -4777.375
Memory Usage: 833.982464 mB
Finished Calculation State Posteriors
Saved Zero State Posterior to ./Empirical/Eigenstrat/Reichall/I1499/chr22/.
Successfully loaded for PP. from ./Empirical/Eigenstrat/Reichall/I1499/chr22/
Fraction Markers in ROH: 0.3989
Merged n=0 gaps < 0.0 M
Called n=1 ROH Blocks > 1.0 cM
Longest Block: 1.206
Successfully saved to ./Empirical/Eigenstrat/Reichall/I1499/chr22/roh.csv
