Loaded 2106 / 5081 ancient Indivdiuals Anno File.
Doing Individual I0459...
Using Low-Mem Cython Linear Speed Up.
Loaded Pre Processing Model: Eigenstrat
Loading Individual: I0459

Loaded 89147 variants
Loaded 2504 individuals
HDF5 loaded from ./Data/1000Genomes/HDF5/1240kHDF5/all1240/chr1.hdf5
3 Eigenstrat Files with 5081 Individuals and 1233013 SNPs

Intersection on Positions: 89147
Nr of Matching Refs: 89147 / 89147
Full Intersection Ref/Alt Identical: 89082 / 89147
2504 / 2504 Individuals included in Reference
Extraction of 5008 Haplotypes complete
Reduced to markers called 41267 / 89082
(Fraction SNP: 0.4632473451426775)
Successfully saved to: ./Empirical/Eigenstrat/Reichall/I0459/chr1/
Successfully loaded Data from: ./Empirical/Eigenstrat/Reichall/I0459/chr1/
Loaded Emission Model: haploid
Loaded Transition Model: model
Loaded Post Processing Model: Standard
Minimum Genetic Map: 0.0201
Maximum Genetic Map: 2.8627
Gaps bigger than 0.1 cM: 443
Maximum Gap: 2.9479 cM
Loaded Transition and Emission Matrix:
(3, 3)
(5009, 41267)
Loaded Observations:
(2, 41267)
Memory Usage: 2053.853184 mB
Reference Number: 5008
Total Log likelihood: -14494.100
Memory Usage: 2053.615616 mB
Finished Calculation State Posteriors
Saved Zero State Posterior to ./Empirical/Eigenstrat/Reichall/I0459/chr1/.
Successfully loaded for PP. from ./Empirical/Eigenstrat/Reichall/I0459/chr1/
Fraction Markers in ROH: 0.4414
Merged n=0 gaps < 0.0 M
Called n=15 ROH Blocks > 1.0 cM
Longest Block: 1.768
Successfully saved to ./Empirical/Eigenstrat/Reichall/I0459/chr1/roh.csv
Using Low-Mem Cython Linear Speed Up.
Loaded Pre Processing Model: Eigenstrat
Loading Individual: I0459

Loaded 94239 variants
Loaded 2504 individuals
HDF5 loaded from ./Data/1000Genomes/HDF5/1240kHDF5/all1240/chr2.hdf5
3 Eigenstrat Files with 5081 Individuals and 1233013 SNPs

Intersection on Positions: 94239
Nr of Matching Refs: 94239 / 94239
Full Intersection Ref/Alt Identical: 94173 / 94239
2504 / 2504 Individuals included in Reference
Extraction of 5008 Haplotypes complete
Reduced to markers called 43077 / 94173
(Fraction SNP: 0.45742410244974674)
Successfully saved to: ./Empirical/Eigenstrat/Reichall/I0459/chr2/
Successfully loaded Data from: ./Empirical/Eigenstrat/Reichall/I0459/chr2/
Loaded Emission Model: haploid
Loaded Transition Model: model
Loaded Post Processing Model: Standard
Minimum Genetic Map: 0.0001
Maximum Genetic Map: 2.6883
Gaps bigger than 0.1 cM: 402
Maximum Gap: 1.8416 cM
Loaded Transition and Emission Matrix:
(3, 3)
(5009, 43077)
Loaded Observations:
(2, 43077)
Memory Usage: 2173.952 mB
Reference Number: 5008
Total Log likelihood: -15070.726
Memory Usage: 2173.952 mB
Finished Calculation State Posteriors
Saved Zero State Posterior to ./Empirical/Eigenstrat/Reichall/I0459/chr2/.
Successfully loaded for PP. from ./Empirical/Eigenstrat/Reichall/I0459/chr2/
Fraction Markers in ROH: 0.4431
Merged n=0 gaps < 0.0 M
Called n=24 ROH Blocks > 1.0 cM
Longest Block: 3.727
Successfully saved to ./Empirical/Eigenstrat/Reichall/I0459/chr2/roh.csv
Using Low-Mem Cython Linear Speed Up.
Loaded Pre Processing Model: Eigenstrat
Loading Individual: I0459

Loaded 77652 variants
Loaded 2504 individuals
HDF5 loaded from ./Data/1000Genomes/HDF5/1240kHDF5/all1240/chr3.hdf5
3 Eigenstrat Files with 5081 Individuals and 1233013 SNPs

Intersection on Positions: 77652
Nr of Matching Refs: 77652 / 77652
Full Intersection Ref/Alt Identical: 77601 / 77652
2504 / 2504 Individuals included in Reference
Extraction of 5008 Haplotypes complete
Reduced to markers called 35132 / 77601
(Fraction SNP: 0.45272612466334194)
Successfully saved to: ./Empirical/Eigenstrat/Reichall/I0459/chr3/
Successfully loaded Data from: ./Empirical/Eigenstrat/Reichall/I0459/chr3/
Loaded Emission Model: haploid
Loaded Transition Model: model
Loaded Post Processing Model: Standard
Minimum Genetic Map: 0.0000
Maximum Genetic Map: 2.2326
Gaps bigger than 0.1 cM: 379
Maximum Gap: 0.3916 cM
Loaded Transition and Emission Matrix:
(3, 3)
(5009, 35132)
Loaded Observations:
(2, 35132)
Memory Usage: 1816.121344 mB
Reference Number: 5008
Total Log likelihood: -13004.142
Memory Usage: 1816.121344 mB
Finished Calculation State Posteriors
Saved Zero State Posterior to ./Empirical/Eigenstrat/Reichall/I0459/chr3/.
Successfully loaded for PP. from ./Empirical/Eigenstrat/Reichall/I0459/chr3/
Fraction Markers in ROH: 0.3997
Merged n=0 gaps < 0.0 M
Called n=19 ROH Blocks > 1.0 cM
Longest Block: 2.032
Successfully saved to ./Empirical/Eigenstrat/Reichall/I0459/chr3/roh.csv
Using Low-Mem Cython Linear Speed Up.
Loaded Pre Processing Model: Eigenstrat
Loading Individual: I0459

Loaded 68759 variants
Loaded 2504 individuals
HDF5 loaded from ./Data/1000Genomes/HDF5/1240kHDF5/all1240/chr4.hdf5
3 Eigenstrat Files with 5081 Individuals and 1233013 SNPs

Intersection on Positions: 68759
Nr of Matching Refs: 68759 / 68759
Full Intersection Ref/Alt Identical: 68720 / 68759
2504 / 2504 Individuals included in Reference
Extraction of 5008 Haplotypes complete
Reduced to markers called 29867 / 68720
(Fraction SNP: 0.4346187427240978)
Successfully saved to: ./Empirical/Eigenstrat/Reichall/I0459/chr4/
Successfully loaded Data from: ./Empirical/Eigenstrat/Reichall/I0459/chr4/
Loaded Emission Model: haploid
Loaded Transition Model: model
Loaded Post Processing Model: Standard
Minimum Genetic Map: 0.0034
Maximum Genetic Map: 2.1454
Gaps bigger than 0.1 cM: 341
Maximum Gap: 2.1000 cM
Loaded Transition and Emission Matrix:
(3, 3)
(5009, 29867)
Loaded Observations:
(2, 29867)
Memory Usage: 1578.938368 mB
Reference Number: 5008
Total Log likelihood: -10551.081
Memory Usage: 1578.938368 mB
Finished Calculation State Posteriors
Saved Zero State Posterior to ./Empirical/Eigenstrat/Reichall/I0459/chr4/.
Successfully loaded for PP. from ./Empirical/Eigenstrat/Reichall/I0459/chr4/
Fraction Markers in ROH: 0.4610
Merged n=0 gaps < 0.0 M
Called n=17 ROH Blocks > 1.0 cM
Longest Block: 2.376
Successfully saved to ./Empirical/Eigenstrat/Reichall/I0459/chr4/roh.csv
Using Low-Mem Cython Linear Speed Up.
Loaded Pre Processing Model: Eigenstrat
Loading Individual: I0459

Loaded 69399 variants
Loaded 2504 individuals
HDF5 loaded from ./Data/1000Genomes/HDF5/1240kHDF5/all1240/chr5.hdf5
3 Eigenstrat Files with 5081 Individuals and 1233013 SNPs

Intersection on Positions: 69399
Nr of Matching Refs: 69399 / 69399
Full Intersection Ref/Alt Identical: 69354 / 69399
2504 / 2504 Individuals included in Reference
Extraction of 5008 Haplotypes complete
Reduced to markers called 31377 / 69354
(Fraction SNP: 0.4524180292412838)
Successfully saved to: ./Empirical/Eigenstrat/Reichall/I0459/chr5/
Successfully loaded Data from: ./Empirical/Eigenstrat/Reichall/I0459/chr5/
Loaded Emission Model: haploid
Loaded Transition Model: model
Loaded Post Processing Model: Standard
Minimum Genetic Map: 0.0004
Maximum Genetic Map: 2.0408
Gaps bigger than 0.1 cM: 337
Maximum Gap: 1.1110 cM
Loaded Transition and Emission Matrix:
(3, 3)
(5009, 31377)
Loaded Observations:
(2, 31377)
Memory Usage: 1647.69792 mB
Reference Number: 5008
Total Log likelihood: -11398.038
Memory Usage: 1647.69792 mB
Finished Calculation State Posteriors
Saved Zero State Posterior to ./Empirical/Eigenstrat/Reichall/I0459/chr5/.
Successfully loaded for PP. from ./Empirical/Eigenstrat/Reichall/I0459/chr5/
Fraction Markers in ROH: 0.4049
Merged n=0 gaps < 0.0 M
Called n=9 ROH Blocks > 1.0 cM
Longest Block: 2.327
Successfully saved to ./Empirical/Eigenstrat/Reichall/I0459/chr5/roh.csv
Using Low-Mem Cython Linear Speed Up.
Loaded Pre Processing Model: Eigenstrat
Loading Individual: I0459

Loaded 75870 variants
Loaded 2504 individuals
HDF5 loaded from ./Data/1000Genomes/HDF5/1240kHDF5/all1240/chr6.hdf5
3 Eigenstrat Files with 5081 Individuals and 1233013 SNPs

Intersection on Positions: 75870
Nr of Matching Refs: 75870 / 75870
Full Intersection Ref/Alt Identical: 75816 / 75870
2504 / 2504 Individuals included in Reference
Extraction of 5008 Haplotypes complete
Reduced to markers called 34460 / 75816
(Fraction SNP: 0.4545214730399916)
Successfully saved to: ./Empirical/Eigenstrat/Reichall/I0459/chr6/
Successfully loaded Data from: ./Empirical/Eigenstrat/Reichall/I0459/chr6/
Loaded Emission Model: haploid
Loaded Transition Model: model
Loaded Post Processing Model: Standard
Minimum Genetic Map: 0.0035
Maximum Genetic Map: 1.9203
Gaps bigger than 0.1 cM: 290
Maximum Gap: 0.5076 cM
Loaded Transition and Emission Matrix:
(3, 3)
(5009, 34460)
Loaded Observations:
(2, 34460)
Memory Usage: 1786.83904 mB
Reference Number: 5008
Total Log likelihood: -12069.258
Memory Usage: 1786.83904 mB
Finished Calculation State Posteriors
Saved Zero State Posterior to ./Empirical/Eigenstrat/Reichall/I0459/chr6/.
Successfully loaded for PP. from ./Empirical/Eigenstrat/Reichall/I0459/chr6/
Fraction Markers in ROH: 0.4416
Merged n=0 gaps < 0.0 M
Called n=17 ROH Blocks > 1.0 cM
Longest Block: 3.885
Successfully saved to ./Empirical/Eigenstrat/Reichall/I0459/chr6/roh.csv
Using Low-Mem Cython Linear Speed Up.
Loaded Pre Processing Model: Eigenstrat
Loading Individual: I0459

Loaded 59890 variants
Loaded 2504 individuals
HDF5 loaded from ./Data/1000Genomes/HDF5/1240kHDF5/all1240/chr7.hdf5
3 Eigenstrat Files with 5081 Individuals and 1233013 SNPs

Intersection on Positions: 59890
Nr of Matching Refs: 59890 / 59890
Full Intersection Ref/Alt Identical: 59836 / 59890
2504 / 2504 Individuals included in Reference
Extraction of 5008 Haplotypes complete
Reduced to markers called 26650 / 59836
(Fraction SNP: 0.4453840497359449)
Successfully saved to: ./Empirical/Eigenstrat/Reichall/I0459/chr7/
Successfully loaded Data from: ./Empirical/Eigenstrat/Reichall/I0459/chr7/
Loaded Emission Model: haploid
Loaded Transition Model: model
Loaded Post Processing Model: Standard
Minimum Genetic Map: 0.0000
Maximum Genetic Map: 1.8715
Gaps bigger than 0.1 cM: 333
Maximum Gap: 0.9714 cM
Loaded Transition and Emission Matrix:
(3, 3)
(5009, 26650)
Loaded Observations:
(2, 26650)
Memory Usage: 1434.513408 mB
Reference Number: 5008
Total Log likelihood: -9638.201
Memory Usage: 1434.513408 mB
Finished Calculation State Posteriors
Saved Zero State Posterior to ./Empirical/Eigenstrat/Reichall/I0459/chr7/.
Successfully loaded for PP. from ./Empirical/Eigenstrat/Reichall/I0459/chr7/
Fraction Markers in ROH: 0.4316
Merged n=0 gaps < 0.0 M
Called n=15 ROH Blocks > 1.0 cM
Longest Block: 1.514
Successfully saved to ./Empirical/Eigenstrat/Reichall/I0459/chr7/roh.csv
Using Low-Mem Cython Linear Speed Up.
Loaded Pre Processing Model: Eigenstrat
Loading Individual: I0459

Loaded 61133 variants
Loaded 2504 individuals
HDF5 loaded from ./Data/1000Genomes/HDF5/1240kHDF5/all1240/chr8.hdf5
3 Eigenstrat Files with 5081 Individuals and 1233013 SNPs

Intersection on Positions: 61133
Nr of Matching Refs: 61133 / 61133
Full Intersection Ref/Alt Identical: 61091 / 61133
2504 / 2504 Individuals included in Reference
Extraction of 5008 Haplotypes complete
Reduced to markers called 27809 / 61091
(Fraction SNP: 0.4552061678479645)
Successfully saved to: ./Empirical/Eigenstrat/Reichall/I0459/chr8/
Successfully loaded Data from: ./Empirical/Eigenstrat/Reichall/I0459/chr8/
Loaded Emission Model: haploid
Loaded Transition Model: model
Loaded Post Processing Model: Standard
Minimum Genetic Map: 0.0000
Maximum Genetic Map: 1.6800
Gaps bigger than 0.1 cM: 250
Maximum Gap: 1.9070 cM
Loaded Transition and Emission Matrix:
(3, 3)
(5009, 27809)
Loaded Observations:
(2, 27809)
Memory Usage: 1487.03232 mB
Reference Number: 5008
Total Log likelihood: -10219.966
Memory Usage: 1487.03232 mB
Finished Calculation State Posteriors
Saved Zero State Posterior to ./Empirical/Eigenstrat/Reichall/I0459/chr8/.
Successfully loaded for PP. from ./Empirical/Eigenstrat/Reichall/I0459/chr8/
Fraction Markers in ROH: 0.4248
Merged n=0 gaps < 0.0 M
Called n=12 ROH Blocks > 1.0 cM
Longest Block: 2.063
Successfully saved to ./Empirical/Eigenstrat/Reichall/I0459/chr8/roh.csv
Using Low-Mem Cython Linear Speed Up.
Loaded Pre Processing Model: Eigenstrat
Loading Individual: I0459

Loaded 50668 variants
Loaded 2504 individuals
HDF5 loaded from ./Data/1000Genomes/HDF5/1240kHDF5/all1240/chr9.hdf5
3 Eigenstrat Files with 5081 Individuals and 1233013 SNPs

Intersection on Positions: 50668
Nr of Matching Refs: 50668 / 50668
Full Intersection Ref/Alt Identical: 50629 / 50668
2504 / 2504 Individuals included in Reference
Extraction of 5008 Haplotypes complete
Reduced to markers called 23203 / 50629
(Fraction SNP: 0.4582946532619645)
Successfully saved to: ./Empirical/Eigenstrat/Reichall/I0459/chr9/
Successfully loaded Data from: ./Empirical/Eigenstrat/Reichall/I0459/chr9/
Loaded Emission Model: haploid
Loaded Transition Model: model
Loaded Post Processing Model: Standard
Minimum Genetic Map: 0.0016
Maximum Genetic Map: 1.6630
Gaps bigger than 0.1 cM: 279
Maximum Gap: 2.1281 cM
Loaded Transition and Emission Matrix:
(3, 3)
(5009, 23203)
Loaded Observations:
(2, 23203)
Memory Usage: 1279.75424 mB
Reference Number: 5008
Total Log likelihood: -8333.757
Memory Usage: 1279.75424 mB
Finished Calculation State Posteriors
Saved Zero State Posterior to ./Empirical/Eigenstrat/Reichall/I0459/chr9/.
Successfully loaded for PP. from ./Empirical/Eigenstrat/Reichall/I0459/chr9/
Fraction Markers in ROH: 0.4383
Merged n=0 gaps < 0.0 M
Called n=13 ROH Blocks > 1.0 cM
Longest Block: 3.159
Successfully saved to ./Empirical/Eigenstrat/Reichall/I0459/chr9/roh.csv
Using Low-Mem Cython Linear Speed Up.
Loaded Pre Processing Model: Eigenstrat
Loading Individual: I0459

Loaded 58804 variants
Loaded 2504 individuals
HDF5 loaded from ./Data/1000Genomes/HDF5/1240kHDF5/all1240/chr10.hdf5
3 Eigenstrat Files with 5081 Individuals and 1233013 SNPs

Intersection on Positions: 58804
Nr of Matching Refs: 58804 / 58804
Full Intersection Ref/Alt Identical: 58763 / 58804
2504 / 2504 Individuals included in Reference
Extraction of 5008 Haplotypes complete
Reduced to markers called 27291 / 58763
(Fraction SNP: 0.4644248932151184)
Successfully saved to: ./Empirical/Eigenstrat/Reichall/I0459/chr10/
Successfully loaded Data from: ./Empirical/Eigenstrat/Reichall/I0459/chr10/
Loaded Emission Model: haploid
Loaded Transition Model: model
Loaded Post Processing Model: Standard
Minimum Genetic Map: 0.0001
Maximum Genetic Map: 1.8091
Gaps bigger than 0.1 cM: 298
Maximum Gap: 2.0340 cM
Loaded Transition and Emission Matrix:
(3, 3)
(5009, 27291)
Loaded Observations:
(2, 27291)
Memory Usage: 1463.795712 mB
Reference Number: 5008
Total Log likelihood: -10032.220
Memory Usage: 1463.795712 mB
Finished Calculation State Posteriors
Saved Zero State Posterior to ./Empirical/Eigenstrat/Reichall/I0459/chr10/.
Successfully loaded for PP. from ./Empirical/Eigenstrat/Reichall/I0459/chr10/
Fraction Markers in ROH: 0.4322
Merged n=0 gaps < 0.0 M
Called n=13 ROH Blocks > 1.0 cM
Longest Block: 1.694
Successfully saved to ./Empirical/Eigenstrat/Reichall/I0459/chr10/roh.csv
Using Low-Mem Cython Linear Speed Up.
Loaded Pre Processing Model: Eigenstrat
Loading Individual: I0459

Loaded 54833 variants
Loaded 2504 individuals
HDF5 loaded from ./Data/1000Genomes/HDF5/1240kHDF5/all1240/chr11.hdf5
3 Eigenstrat Files with 5081 Individuals and 1233013 SNPs

Intersection on Positions: 54833
Nr of Matching Refs: 54833 / 54833
Full Intersection Ref/Alt Identical: 54796 / 54833
2504 / 2504 Individuals included in Reference
Extraction of 5008 Haplotypes complete
Reduced to markers called 25420 / 54796
(Fraction SNP: 0.4639024746331849)
Successfully saved to: ./Empirical/Eigenstrat/Reichall/I0459/chr11/
Successfully loaded Data from: ./Empirical/Eigenstrat/Reichall/I0459/chr11/
Loaded Emission Model: haploid
Loaded Transition Model: model
Loaded Post Processing Model: Standard
Minimum Genetic Map: 0.0000
Maximum Genetic Map: 1.5822
Gaps bigger than 0.1 cM: 244
Maximum Gap: 0.5672 cM
Loaded Transition and Emission Matrix:
(3, 3)
(5009, 25420)
Loaded Observations:
(2, 25420)
Memory Usage: 1379.77856 mB
Reference Number: 5008
Total Log likelihood: -8511.687
Memory Usage: 1379.77856 mB
Finished Calculation State Posteriors
Saved Zero State Posterior to ./Empirical/Eigenstrat/Reichall/I0459/chr11/.
Successfully loaded for PP. from ./Empirical/Eigenstrat/Reichall/I0459/chr11/
Fraction Markers in ROH: 0.5054
Merged n=0 gaps < 0.0 M
Called n=13 ROH Blocks > 1.0 cM
Longest Block: 2.667
Successfully saved to ./Empirical/Eigenstrat/Reichall/I0459/chr11/roh.csv
Using Low-Mem Cython Linear Speed Up.
Loaded Pre Processing Model: Eigenstrat
Loading Individual: I0459

Loaded 53911 variants
Loaded 2504 individuals
HDF5 loaded from ./Data/1000Genomes/HDF5/1240kHDF5/all1240/chr12.hdf5
3 Eigenstrat Files with 5081 Individuals and 1233013 SNPs

Intersection on Positions: 53911
Nr of Matching Refs: 53911 / 53911
Full Intersection Ref/Alt Identical: 53884 / 53911
2504 / 2504 Individuals included in Reference
Extraction of 5008 Haplotypes complete
Reduced to markers called 24621 / 53884
(Fraction SNP: 0.45692598916190336)
Successfully saved to: ./Empirical/Eigenstrat/Reichall/I0459/chr12/
Successfully loaded Data from: ./Empirical/Eigenstrat/Reichall/I0459/chr12/
Loaded Emission Model: haploid
Loaded Transition Model: model
Loaded Post Processing Model: Standard
Minimum Genetic Map: 0.0009
Maximum Genetic Map: 1.7468
Gaps bigger than 0.1 cM: 288
Maximum Gap: 0.8015 cM
Loaded Transition and Emission Matrix:
(3, 3)
(5009, 24621)
Loaded Observations:
(2, 24621)
Memory Usage: 1343.295488 mB
Reference Number: 5008
Total Log likelihood: -8836.874
Memory Usage: 1343.291392 mB
Finished Calculation State Posteriors
Saved Zero State Posterior to ./Empirical/Eigenstrat/Reichall/I0459/chr12/.
Successfully loaded for PP. from ./Empirical/Eigenstrat/Reichall/I0459/chr12/
Fraction Markers in ROH: 0.4114
Merged n=0 gaps < 0.0 M
Called n=11 ROH Blocks > 1.0 cM
Longest Block: 1.873
Successfully saved to ./Empirical/Eigenstrat/Reichall/I0459/chr12/roh.csv
Using Low-Mem Cython Linear Speed Up.
Loaded Pre Processing Model: Eigenstrat
Loading Individual: I0459

Loaded 39018 variants
Loaded 2504 individuals
HDF5 loaded from ./Data/1000Genomes/HDF5/1240kHDF5/all1240/chr13.hdf5
3 Eigenstrat Files with 5081 Individuals and 1233013 SNPs

Intersection on Positions: 39018
Nr of Matching Refs: 39018 / 39018
Full Intersection Ref/Alt Identical: 38994 / 39018
2504 / 2504 Individuals included in Reference
Extraction of 5008 Haplotypes complete
Reduced to markers called 17132 / 38994
(Fraction SNP: 0.4393496435349028)
Successfully saved to: ./Empirical/Eigenstrat/Reichall/I0459/chr13/
Successfully loaded Data from: ./Empirical/Eigenstrat/Reichall/I0459/chr13/
Loaded Emission Model: haploid
Loaded Transition Model: model
Loaded Post Processing Model: Standard
Minimum Genetic Map: 0.0021
Maximum Genetic Map: 1.2570
Gaps bigger than 0.1 cM: 222
Maximum Gap: 1.2279 cM
Loaded Transition and Emission Matrix:
(3, 3)
(5009, 17132)
Loaded Observations:
(2, 17132)
Memory Usage: 1006.350336 mB
Reference Number: 5008
Total Log likelihood: -6254.232
Memory Usage: 1006.350336 mB
Finished Calculation State Posteriors
Saved Zero State Posterior to ./Empirical/Eigenstrat/Reichall/I0459/chr13/.
Successfully loaded for PP. from ./Empirical/Eigenstrat/Reichall/I0459/chr13/
Fraction Markers in ROH: 0.4372
Merged n=0 gaps < 0.0 M
Called n=10 ROH Blocks > 1.0 cM
Longest Block: 2.767
Successfully saved to ./Empirical/Eigenstrat/Reichall/I0459/chr13/roh.csv
Using Low-Mem Cython Linear Speed Up.
Loaded Pre Processing Model: Eigenstrat
Loading Individual: I0459

Loaded 36301 variants
Loaded 2504 individuals
HDF5 loaded from ./Data/1000Genomes/HDF5/1240kHDF5/all1240/chr14.hdf5
3 Eigenstrat Files with 5081 Individuals and 1233013 SNPs

Intersection on Positions: 36301
Nr of Matching Refs: 36301 / 36301
Full Intersection Ref/Alt Identical: 36280 / 36301
2504 / 2504 Individuals included in Reference
Extraction of 5008 Haplotypes complete
Reduced to markers called 16374 / 36280
(Fraction SNP: 0.4513230429988975)
Successfully saved to: ./Empirical/Eigenstrat/Reichall/I0459/chr14/
Successfully loaded Data from: ./Empirical/Eigenstrat/Reichall/I0459/chr14/
Loaded Emission Model: haploid
Loaded Transition Model: model
Loaded Post Processing Model: Standard
Minimum Genetic Map: 0.0161
Maximum Genetic Map: 1.2020
Gaps bigger than 0.1 cM: 207
Maximum Gap: 3.0784 cM
Loaded Transition and Emission Matrix:
(3, 3)
(5009, 16374)
Loaded Observations:
(2, 16374)
Memory Usage: 972.283904 mB
Reference Number: 5008
Total Log likelihood: -5695.708
Memory Usage: 972.283904 mB
Finished Calculation State Posteriors
Saved Zero State Posterior to ./Empirical/Eigenstrat/Reichall/I0459/chr14/.
Successfully loaded for PP. from ./Empirical/Eigenstrat/Reichall/I0459/chr14/
Fraction Markers in ROH: 0.4447
Merged n=0 gaps < 0.0 M
Called n=8 ROH Blocks > 1.0 cM
Longest Block: 2.032
Successfully saved to ./Empirical/Eigenstrat/Reichall/I0459/chr14/roh.csv
Using Low-Mem Cython Linear Speed Up.
Loaded Pre Processing Model: Eigenstrat
Loading Individual: I0459

Loaded 34429 variants
Loaded 2504 individuals
HDF5 loaded from ./Data/1000Genomes/HDF5/1240kHDF5/all1240/chr15.hdf5
3 Eigenstrat Files with 5081 Individuals and 1233013 SNPs

Intersection on Positions: 34429
Nr of Matching Refs: 34429 / 34429
Full Intersection Ref/Alt Identical: 34407 / 34429
2504 / 2504 Individuals included in Reference
Extraction of 5008 Haplotypes complete
Reduced to markers called 15939 / 34407
(Fraction SNP: 0.46324875752027206)
Successfully saved to: ./Empirical/Eigenstrat/Reichall/I0459/chr15/
Successfully loaded Data from: ./Empirical/Eigenstrat/Reichall/I0459/chr15/
Loaded Emission Model: haploid
Loaded Transition Model: model
Loaded Post Processing Model: Standard
Minimum Genetic Map: 0.0000
Maximum Genetic Map: 1.4134
Gaps bigger than 0.1 cM: 223
Maximum Gap: 11.6736 cM
Loaded Transition and Emission Matrix:
(3, 3)
(5009, 15939)
Loaded Observations:
(2, 15939)
Memory Usage: 952.99584 mB
Reference Number: 5008
Total Log likelihood: -5380.025
Memory Usage: 952.99584 mB
Finished Calculation State Posteriors
Saved Zero State Posterior to ./Empirical/Eigenstrat/Reichall/I0459/chr15/.
Successfully loaded for PP. from ./Empirical/Eigenstrat/Reichall/I0459/chr15/
Fraction Markers in ROH: 0.5023
Merged n=0 gaps < 0.0 M
Called n=18 ROH Blocks > 1.0 cM
Longest Block: 1.953
Successfully saved to ./Empirical/Eigenstrat/Reichall/I0459/chr15/roh.csv
Using Low-Mem Cython Linear Speed Up.
Loaded Pre Processing Model: Eigenstrat
Loading Individual: I0459

Loaded 34402 variants
Loaded 2504 individuals
HDF5 loaded from ./Data/1000Genomes/HDF5/1240kHDF5/all1240/chr16.hdf5
3 Eigenstrat Files with 5081 Individuals and 1233013 SNPs

Intersection on Positions: 34402
Nr of Matching Refs: 34402 / 34402
Full Intersection Ref/Alt Identical: 34375 / 34402
2504 / 2504 Individuals included in Reference
Extraction of 5008 Haplotypes complete
Reduced to markers called 16449 / 34375
(Fraction SNP: 0.47851636363636363)
Successfully saved to: ./Empirical/Eigenstrat/Reichall/I0459/chr16/
Successfully loaded Data from: ./Empirical/Eigenstrat/Reichall/I0459/chr16/
Loaded Emission Model: haploid
Loaded Transition Model: model
Loaded Post Processing Model: Standard
Minimum Genetic Map: -0.0000
Maximum Genetic Map: 1.3403
Gaps bigger than 0.1 cM: 245
Maximum Gap: 0.8569 cM
Loaded Transition and Emission Matrix:
(3, 3)
(5009, 16449)
Loaded Observations:
(2, 16449)
Memory Usage: 976.027648 mB
Reference Number: 5008
Total Log likelihood: -5674.767
Memory Usage: 976.027648 mB
Finished Calculation State Posteriors
Saved Zero State Posterior to ./Empirical/Eigenstrat/Reichall/I0459/chr16/.
Successfully loaded for PP. from ./Empirical/Eigenstrat/Reichall/I0459/chr16/
Fraction Markers in ROH: 0.4749
Merged n=0 gaps < 0.0 M
Called n=9 ROH Blocks > 1.0 cM
Longest Block: 3.872
Successfully saved to ./Empirical/Eigenstrat/Reichall/I0459/chr16/roh.csv
Using Low-Mem Cython Linear Speed Up.
Loaded Pre Processing Model: Eigenstrat
Loading Individual: I0459

Loaded 29314 variants
Loaded 2504 individuals
HDF5 loaded from ./Data/1000Genomes/HDF5/1240kHDF5/all1240/chr17.hdf5
3 Eigenstrat Files with 5081 Individuals and 1233013 SNPs

Intersection on Positions: 29314
Nr of Matching Refs: 29314 / 29314
Full Intersection Ref/Alt Identical: 29292 / 29314
2504 / 2504 Individuals included in Reference
Extraction of 5008 Haplotypes complete
Reduced to markers called 14084 / 29292
(Fraction SNP: 0.4808138740953161)
Successfully saved to: ./Empirical/Eigenstrat/Reichall/I0459/chr17/
Successfully loaded Data from: ./Empirical/Eigenstrat/Reichall/I0459/chr17/
Loaded Emission Model: haploid
Loaded Transition Model: model
Loaded Post Processing Model: Standard
Minimum Genetic Map: -0.0003
Maximum Genetic Map: 1.2846
Gaps bigger than 0.1 cM: 246
Maximum Gap: 1.5473 cM
Loaded Transition and Emission Matrix:
(3, 3)
(5009, 14084)
Loaded Observations:
(2, 14084)
Memory Usage: 869.1712 mB
Reference Number: 5008
Total Log likelihood: -5159.390
Memory Usage: 869.1712 mB
Finished Calculation State Posteriors
Saved Zero State Posterior to ./Empirical/Eigenstrat/Reichall/I0459/chr17/.
Successfully loaded for PP. from ./Empirical/Eigenstrat/Reichall/I0459/chr17/
Fraction Markers in ROH: 0.3815
Merged n=0 gaps < 0.0 M
Called n=7 ROH Blocks > 1.0 cM
Longest Block: 3.023
Successfully saved to ./Empirical/Eigenstrat/Reichall/I0459/chr17/roh.csv
Using Low-Mem Cython Linear Speed Up.
Loaded Pre Processing Model: Eigenstrat
Loading Individual: I0459

Loaded 33917 variants
Loaded 2504 individuals
HDF5 loaded from ./Data/1000Genomes/HDF5/1240kHDF5/all1240/chr18.hdf5
3 Eigenstrat Files with 5081 Individuals and 1233013 SNPs

Intersection on Positions: 33917
Nr of Matching Refs: 33917 / 33917
Full Intersection Ref/Alt Identical: 33902 / 33917
2504 / 2504 Individuals included in Reference
Extraction of 5008 Haplotypes complete
Reduced to markers called 15419 / 33902
(Fraction SNP: 0.45481092560910863)
Successfully saved to: ./Empirical/Eigenstrat/Reichall/I0459/chr18/
Successfully loaded Data from: ./Empirical/Eigenstrat/Reichall/I0459/chr18/
Loaded Emission Model: haploid
Loaded Transition Model: model
Loaded Post Processing Model: Standard
Minimum Genetic Map: 0.0027
Maximum Genetic Map: 1.1771
Gaps bigger than 0.1 cM: 225
Maximum Gap: 0.5357 cM
Loaded Transition and Emission Matrix:
(3, 3)
(5009, 15419)
Loaded Observations:
(2, 15419)
Memory Usage: 928.8704 mB
Reference Number: 5008
Total Log likelihood: -5570.302
Memory Usage: 928.8704 mB
Finished Calculation State Posteriors
Saved Zero State Posterior to ./Empirical/Eigenstrat/Reichall/I0459/chr18/.
Successfully loaded for PP. from ./Empirical/Eigenstrat/Reichall/I0459/chr18/
Fraction Markers in ROH: 0.3820
Merged n=0 gaps < 0.0 M
Called n=6 ROH Blocks > 1.0 cM
Longest Block: 1.913
Successfully saved to ./Empirical/Eigenstrat/Reichall/I0459/chr18/roh.csv
Using Low-Mem Cython Linear Speed Up.
Loaded Pre Processing Model: Eigenstrat
Loading Individual: I0459

Loaded 18460 variants
Loaded 2504 individuals
HDF5 loaded from ./Data/1000Genomes/HDF5/1240kHDF5/all1240/chr19.hdf5
3 Eigenstrat Files with 5081 Individuals and 1233013 SNPs

Intersection on Positions: 18460
Nr of Matching Refs: 18460 / 18460
Full Intersection Ref/Alt Identical: 18441 / 18460
2504 / 2504 Individuals included in Reference
Extraction of 5008 Haplotypes complete
Reduced to markers called 8818 / 18441
(Fraction SNP: 0.4781736348354211)
Successfully saved to: ./Empirical/Eigenstrat/Reichall/I0459/chr19/
Successfully loaded Data from: ./Empirical/Eigenstrat/Reichall/I0459/chr19/
Loaded Emission Model: haploid
Loaded Transition Model: model
Loaded Post Processing Model: Standard
Minimum Genetic Map: 0.0000
Maximum Genetic Map: 1.0773
Gaps bigger than 0.1 cM: 245
Maximum Gap: 0.6114 cM
Loaded Transition and Emission Matrix:
(3, 3)
(5009, 8818)
Loaded Observations:
(2, 8818)
Memory Usage: 631.914496 mB
Reference Number: 5008
Total Log likelihood: -3232.332
Memory Usage: 631.914496 mB
Finished Calculation State Posteriors
Saved Zero State Posterior to ./Empirical/Eigenstrat/Reichall/I0459/chr19/.
Successfully loaded for PP. from ./Empirical/Eigenstrat/Reichall/I0459/chr19/
Fraction Markers in ROH: 0.4578
Merged n=0 gaps < 0.0 M
Called n=11 ROH Blocks > 1.0 cM
Longest Block: 3.013
Successfully saved to ./Empirical/Eigenstrat/Reichall/I0459/chr19/roh.csv
Using Low-Mem Cython Linear Speed Up.
Loaded Pre Processing Model: Eigenstrat
Loading Individual: I0459

Loaded 29078 variants
Loaded 2504 individuals
HDF5 loaded from ./Data/1000Genomes/HDF5/1240kHDF5/all1240/chr20.hdf5
3 Eigenstrat Files with 5081 Individuals and 1233013 SNPs

Intersection on Positions: 29078
Nr of Matching Refs: 29078 / 29078
Full Intersection Ref/Alt Identical: 29053 / 29078
2504 / 2504 Individuals included in Reference
Extraction of 5008 Haplotypes complete
Reduced to markers called 13963 / 29053
(Fraction SNP: 0.4806044126252022)
Successfully saved to: ./Empirical/Eigenstrat/Reichall/I0459/chr20/
Successfully loaded Data from: ./Empirical/Eigenstrat/Reichall/I0459/chr20/
Loaded Emission Model: haploid
Loaded Transition Model: model
Loaded Post Processing Model: Standard
Minimum Genetic Map: 0.0006
Maximum Genetic Map: 1.0821
Gaps bigger than 0.1 cM: 206
Maximum Gap: 0.4744 cM
Loaded Transition and Emission Matrix:
(3, 3)
(5009, 13963)
Loaded Observations:
(2, 13963)
Memory Usage: 864.120832 mB
Reference Number: 5008
Total Log likelihood: -5170.638
Memory Usage: 864.120832 mB
Finished Calculation State Posteriors
Saved Zero State Posterior to ./Empirical/Eigenstrat/Reichall/I0459/chr20/.
Successfully loaded for PP. from ./Empirical/Eigenstrat/Reichall/I0459/chr20/
Fraction Markers in ROH: 0.4246
Merged n=0 gaps < 0.0 M
Called n=5 ROH Blocks > 1.0 cM
Longest Block: 1.747
Successfully saved to ./Empirical/Eigenstrat/Reichall/I0459/chr20/roh.csv
Using Low-Mem Cython Linear Speed Up.
Loaded Pre Processing Model: Eigenstrat
Loading Individual: I0459

Loaded 16038 variants
Loaded 2504 individuals
HDF5 loaded from ./Data/1000Genomes/HDF5/1240kHDF5/all1240/chr21.hdf5
3 Eigenstrat Files with 5081 Individuals and 1233013 SNPs

Intersection on Positions: 16038
Nr of Matching Refs: 16038 / 16038
Full Intersection Ref/Alt Identical: 16031 / 16038
2504 / 2504 Individuals included in Reference
Extraction of 5008 Haplotypes complete
Reduced to markers called 7282 / 16031
(Fraction SNP: 0.45424490050527105)
Successfully saved to: ./Empirical/Eigenstrat/Reichall/I0459/chr21/
Successfully loaded Data from: ./Empirical/Eigenstrat/Reichall/I0459/chr21/
Loaded Emission Model: haploid
Loaded Transition Model: model
Loaded Post Processing Model: Standard
Minimum Genetic Map: -0.0085
Maximum Genetic Map: 0.6279
Gaps bigger than 0.1 cM: 123
Maximum Gap: 1.7443 cM
Loaded Transition and Emission Matrix:
(3, 3)
(5009, 7282)
Loaded Observations:
(2, 7282)
Memory Usage: 563.208192 mB
Reference Number: 5008
Total Log likelihood: -2711.905
Memory Usage: 563.208192 mB
Finished Calculation State Posteriors
Saved Zero State Posterior to ./Empirical/Eigenstrat/Reichall/I0459/chr21/.
Successfully loaded for PP. from ./Empirical/Eigenstrat/Reichall/I0459/chr21/
Fraction Markers in ROH: 0.4103
Merged n=0 gaps < 0.0 M
Called n=5 ROH Blocks > 1.0 cM
Longest Block: 1.489
Successfully saved to ./Empirical/Eigenstrat/Reichall/I0459/chr21/roh.csv
Using Low-Mem Cython Linear Speed Up.
Loaded Pre Processing Model: Eigenstrat
Loading Individual: I0459

Loaded 15802 variants
Loaded 2504 individuals
HDF5 loaded from ./Data/1000Genomes/HDF5/1240kHDF5/all1240/chr22.hdf5
3 Eigenstrat Files with 5081 Individuals and 1233013 SNPs

Intersection on Positions: 15802
Nr of Matching Refs: 15802 / 15802
Full Intersection Ref/Alt Identical: 15793 / 15802
2504 / 2504 Individuals included in Reference
Extraction of 5008 Haplotypes complete
Reduced to markers called 7822 / 15793
(Fraction SNP: 0.49528272019249037)
Successfully saved to: ./Empirical/Eigenstrat/Reichall/I0459/chr22/
Successfully loaded Data from: ./Empirical/Eigenstrat/Reichall/I0459/chr22/
Loaded Emission Model: haploid
Loaded Transition Model: model
Loaded Post Processing Model: Standard
Minimum Genetic Map: 0.0163
Maximum Genetic Map: 0.7408
Gaps bigger than 0.1 cM: 130
Maximum Gap: 1.6299 cM
Loaded Transition and Emission Matrix:
(3, 3)
(5009, 7822)
Loaded Observations:
(2, 7822)
Memory Usage: 587.374592 mB
Reference Number: 5008
Total Log likelihood: -2938.614
Memory Usage: 587.374592 mB
Finished Calculation State Posteriors
Saved Zero State Posterior to ./Empirical/Eigenstrat/Reichall/I0459/chr22/.
Successfully loaded for PP. from ./Empirical/Eigenstrat/Reichall/I0459/chr22/
Fraction Markers in ROH: 0.4012
Merged n=0 gaps < 0.0 M
Called n=4 ROH Blocks > 1.0 cM
Longest Block: 2.518
Successfully saved to ./Empirical/Eigenstrat/Reichall/I0459/chr22/roh.csv
