Loaded 2106 / 5081 ancient Indivdiuals Anno File.
Doing Individual I2509...
Using Low-Mem Cython Linear Speed Up.
Loaded Pre Processing Model: Eigenstrat
Loading Individual: I2509

Loaded 89147 variants
Loaded 2504 individuals
HDF5 loaded from ./Data/1000Genomes/HDF5/1240kHDF5/all1240/chr1.hdf5
3 Eigenstrat Files with 5081 Individuals and 1233013 SNPs

Intersection on Positions: 89147
Nr of Matching Refs: 89147 / 89147
Full Intersection Ref/Alt Identical: 89082 / 89147
2504 / 2504 Individuals included in Reference
Extraction of 5008 Haplotypes complete
Reduced to markers called 67494 / 89082
(Fraction SNP: 0.7576614804337577)
Successfully saved to: ./Empirical/Eigenstrat/Reichall/I2509/chr1/
Successfully loaded Data from: ./Empirical/Eigenstrat/Reichall/I2509/chr1/
Loaded Emission Model: haploid
Loaded Transition Model: model
Loaded Post Processing Model: Standard
Minimum Genetic Map: 0.0201
Maximum Genetic Map: 2.8627
Gaps bigger than 0.1 cM: 307
Maximum Gap: 2.9229 cM
Loaded Transition and Emission Matrix:
(3, 3)
(5009, 67494)
Loaded Observations:
(2, 67494)
Memory Usage: 3237.605376 mB
Reference Number: 5008
Total Log likelihood: -23373.218
Memory Usage: 3238.068224 mB
Finished Calculation State Posteriors
Saved Zero State Posterior to ./Empirical/Eigenstrat/Reichall/I2509/chr1/.
Successfully loaded for PP. from ./Empirical/Eigenstrat/Reichall/I2509/chr1/
Fraction Markers in ROH: 0.4349
Merged n=0 gaps < 0.0 M
Called n=9 ROH Blocks > 1.0 cM
Longest Block: 2.180
Successfully saved to ./Empirical/Eigenstrat/Reichall/I2509/chr1/roh.csv
Using Low-Mem Cython Linear Speed Up.
Loaded Pre Processing Model: Eigenstrat
Loading Individual: I2509

Loaded 94239 variants
Loaded 2504 individuals
HDF5 loaded from ./Data/1000Genomes/HDF5/1240kHDF5/all1240/chr2.hdf5
3 Eigenstrat Files with 5081 Individuals and 1233013 SNPs

Intersection on Positions: 94239
Nr of Matching Refs: 94239 / 94239
Full Intersection Ref/Alt Identical: 94173 / 94239
2504 / 2504 Individuals included in Reference
Extraction of 5008 Haplotypes complete
Reduced to markers called 68544 / 94173
(Fraction SNP: 0.727851932082444)
Successfully saved to: ./Empirical/Eigenstrat/Reichall/I2509/chr2/
Successfully loaded Data from: ./Empirical/Eigenstrat/Reichall/I2509/chr2/
Loaded Emission Model: haploid
Loaded Transition Model: model
Loaded Post Processing Model: Standard
Minimum Genetic Map: 0.0001
Maximum Genetic Map: 2.6883
Gaps bigger than 0.1 cM: 290
Maximum Gap: 2.1079 cM
Loaded Transition and Emission Matrix:
(3, 3)
(5009, 68544)
Loaded Observations:
(2, 68544)
Memory Usage: 3324.33408 mB
Reference Number: 5008
Total Log likelihood: -24007.604
Memory Usage: 3324.33408 mB
Finished Calculation State Posteriors
Saved Zero State Posterior to ./Empirical/Eigenstrat/Reichall/I2509/chr2/.
Successfully loaded for PP. from ./Empirical/Eigenstrat/Reichall/I2509/chr2/
Fraction Markers in ROH: 0.4244
Merged n=0 gaps < 0.0 M
Called n=10 ROH Blocks > 1.0 cM
Longest Block: 2.281
Successfully saved to ./Empirical/Eigenstrat/Reichall/I2509/chr2/roh.csv
Using Low-Mem Cython Linear Speed Up.
Loaded Pre Processing Model: Eigenstrat
Loading Individual: I2509

Loaded 77652 variants
Loaded 2504 individuals
HDF5 loaded from ./Data/1000Genomes/HDF5/1240kHDF5/all1240/chr3.hdf5
3 Eigenstrat Files with 5081 Individuals and 1233013 SNPs

Intersection on Positions: 77652
Nr of Matching Refs: 77652 / 77652
Full Intersection Ref/Alt Identical: 77601 / 77652
2504 / 2504 Individuals included in Reference
Extraction of 5008 Haplotypes complete
Reduced to markers called 56198 / 77601
(Fraction SNP: 0.7241916985605855)
Successfully saved to: ./Empirical/Eigenstrat/Reichall/I2509/chr3/
Successfully loaded Data from: ./Empirical/Eigenstrat/Reichall/I2509/chr3/
Loaded Emission Model: haploid
Loaded Transition Model: model
Loaded Post Processing Model: Standard
Minimum Genetic Map: 0.0000
Maximum Genetic Map: 2.2326
Gaps bigger than 0.1 cM: 268
Maximum Gap: 0.2681 cM
Loaded Transition and Emission Matrix:
(3, 3)
(5009, 56198)
Loaded Observations:
(2, 56198)
Memory Usage: 2767.847424 mB
Reference Number: 5008
Total Log likelihood: -20115.688
Memory Usage: 2767.847424 mB
Finished Calculation State Posteriors
Saved Zero State Posterior to ./Empirical/Eigenstrat/Reichall/I2509/chr3/.
Successfully loaded for PP. from ./Empirical/Eigenstrat/Reichall/I2509/chr3/
Fraction Markers in ROH: 0.4006
Merged n=0 gaps < 0.0 M
Called n=7 ROH Blocks > 1.0 cM
Longest Block: 2.184
Successfully saved to ./Empirical/Eigenstrat/Reichall/I2509/chr3/roh.csv
Using Low-Mem Cython Linear Speed Up.
Loaded Pre Processing Model: Eigenstrat
Loading Individual: I2509

Loaded 68759 variants
Loaded 2504 individuals
HDF5 loaded from ./Data/1000Genomes/HDF5/1240kHDF5/all1240/chr4.hdf5
3 Eigenstrat Files with 5081 Individuals and 1233013 SNPs

Intersection on Positions: 68759
Nr of Matching Refs: 68759 / 68759
Full Intersection Ref/Alt Identical: 68720 / 68759
2504 / 2504 Individuals included in Reference
Extraction of 5008 Haplotypes complete
Reduced to markers called 46609 / 68720
(Fraction SNP: 0.6782450523864959)
Successfully saved to: ./Empirical/Eigenstrat/Reichall/I2509/chr4/
Successfully loaded Data from: ./Empirical/Eigenstrat/Reichall/I2509/chr4/
Loaded Emission Model: haploid
Loaded Transition Model: model
Loaded Post Processing Model: Standard
Minimum Genetic Map: 0.0034
Maximum Genetic Map: 2.1454
Gaps bigger than 0.1 cM: 268
Maximum Gap: 2.0422 cM
Loaded Transition and Emission Matrix:
(3, 3)
(5009, 46609)
Loaded Observations:
(2, 46609)
Memory Usage: 2335.731712 mB
Reference Number: 5008
Total Log likelihood: -16661.257
Memory Usage: 2335.731712 mB
Finished Calculation State Posteriors
Saved Zero State Posterior to ./Empirical/Eigenstrat/Reichall/I2509/chr4/.
Successfully loaded for PP. from ./Empirical/Eigenstrat/Reichall/I2509/chr4/
Fraction Markers in ROH: 0.4089
Merged n=0 gaps < 0.0 M
Called n=7 ROH Blocks > 1.0 cM
Longest Block: 1.644
Successfully saved to ./Empirical/Eigenstrat/Reichall/I2509/chr4/roh.csv
Using Low-Mem Cython Linear Speed Up.
Loaded Pre Processing Model: Eigenstrat
Loading Individual: I2509

Loaded 69399 variants
Loaded 2504 individuals
HDF5 loaded from ./Data/1000Genomes/HDF5/1240kHDF5/all1240/chr5.hdf5
3 Eigenstrat Files with 5081 Individuals and 1233013 SNPs

Intersection on Positions: 69399
Nr of Matching Refs: 69399 / 69399
Full Intersection Ref/Alt Identical: 69354 / 69399
2504 / 2504 Individuals included in Reference
Extraction of 5008 Haplotypes complete
Reduced to markers called 49789 / 69354
(Fraction SNP: 0.7178965885168844)
Successfully saved to: ./Empirical/Eigenstrat/Reichall/I2509/chr5/
Successfully loaded Data from: ./Empirical/Eigenstrat/Reichall/I2509/chr5/
Loaded Emission Model: haploid
Loaded Transition Model: model
Loaded Post Processing Model: Standard
Minimum Genetic Map: 0.0004
Maximum Genetic Map: 2.0409
Gaps bigger than 0.1 cM: 259
Maximum Gap: 1.0985 cM
Loaded Transition and Emission Matrix:
(3, 3)
(5009, 49789)
Loaded Observations:
(2, 49789)
Memory Usage: 2478.997504 mB
Reference Number: 5008
Total Log likelihood: -17025.527
Memory Usage: 2478.997504 mB
Finished Calculation State Posteriors
Saved Zero State Posterior to ./Empirical/Eigenstrat/Reichall/I2509/chr5/.
Successfully loaded for PP. from ./Empirical/Eigenstrat/Reichall/I2509/chr5/
Fraction Markers in ROH: 0.4464
Merged n=0 gaps < 0.0 M
Called n=17 ROH Blocks > 1.0 cM
Longest Block: 2.699
Successfully saved to ./Empirical/Eigenstrat/Reichall/I2509/chr5/roh.csv
Using Low-Mem Cython Linear Speed Up.
Loaded Pre Processing Model: Eigenstrat
Loading Individual: I2509

Loaded 75870 variants
Loaded 2504 individuals
HDF5 loaded from ./Data/1000Genomes/HDF5/1240kHDF5/all1240/chr6.hdf5
3 Eigenstrat Files with 5081 Individuals and 1233013 SNPs

Intersection on Positions: 75870
Nr of Matching Refs: 75870 / 75870
Full Intersection Ref/Alt Identical: 75816 / 75870
2504 / 2504 Individuals included in Reference
Extraction of 5008 Haplotypes complete
Reduced to markers called 54610 / 75816
(Fraction SNP: 0.7202965073335443)
Successfully saved to: ./Empirical/Eigenstrat/Reichall/I2509/chr6/
Successfully loaded Data from: ./Empirical/Eigenstrat/Reichall/I2509/chr6/
Loaded Emission Model: haploid
Loaded Transition Model: model
Loaded Post Processing Model: Standard
Minimum Genetic Map: 0.0035
Maximum Genetic Map: 1.9203
Gaps bigger than 0.1 cM: 198
Maximum Gap: 0.5076 cM
Loaded Transition and Emission Matrix:
(3, 3)
(5009, 54610)
Loaded Observations:
(2, 54610)
Memory Usage: 2696.749056 mB
Reference Number: 5008
Total Log likelihood: -19591.185
Memory Usage: 2696.749056 mB
Finished Calculation State Posteriors
Saved Zero State Posterior to ./Empirical/Eigenstrat/Reichall/I2509/chr6/.
Successfully loaded for PP. from ./Empirical/Eigenstrat/Reichall/I2509/chr6/
Fraction Markers in ROH: 0.4042
Merged n=0 gaps < 0.0 M
Called n=8 ROH Blocks > 1.0 cM
Longest Block: 1.619
Successfully saved to ./Empirical/Eigenstrat/Reichall/I2509/chr6/roh.csv
Using Low-Mem Cython Linear Speed Up.
Loaded Pre Processing Model: Eigenstrat
Loading Individual: I2509

Loaded 59890 variants
Loaded 2504 individuals
HDF5 loaded from ./Data/1000Genomes/HDF5/1240kHDF5/all1240/chr7.hdf5
3 Eigenstrat Files with 5081 Individuals and 1233013 SNPs

Intersection on Positions: 59890
Nr of Matching Refs: 59890 / 59890
Full Intersection Ref/Alt Identical: 59836 / 59890
2504 / 2504 Individuals included in Reference
Extraction of 5008 Haplotypes complete
Reduced to markers called 42785 / 59836
(Fraction SNP: 0.7150377699044054)
Successfully saved to: ./Empirical/Eigenstrat/Reichall/I2509/chr7/
Successfully loaded Data from: ./Empirical/Eigenstrat/Reichall/I2509/chr7/
Loaded Emission Model: haploid
Loaded Transition Model: model
Loaded Post Processing Model: Standard
Minimum Genetic Map: 0.0000
Maximum Genetic Map: 1.8715
Gaps bigger than 0.1 cM: 240
Maximum Gap: 0.8416 cM
Loaded Transition and Emission Matrix:
(3, 3)
(5009, 42785)
Loaded Observations:
(2, 42785)
Memory Usage: 2163.703808 mB
Reference Number: 5008
Total Log likelihood: -15542.285
Memory Usage: 2163.703808 mB
Finished Calculation State Posteriors
Saved Zero State Posterior to ./Empirical/Eigenstrat/Reichall/I2509/chr7/.
Successfully loaded for PP. from ./Empirical/Eigenstrat/Reichall/I2509/chr7/
Fraction Markers in ROH: 0.3882
Merged n=0 gaps < 0.0 M
Called n=5 ROH Blocks > 1.0 cM
Longest Block: 1.760
Successfully saved to ./Empirical/Eigenstrat/Reichall/I2509/chr7/roh.csv
Using Low-Mem Cython Linear Speed Up.
Loaded Pre Processing Model: Eigenstrat
Loading Individual: I2509

Loaded 61133 variants
Loaded 2504 individuals
HDF5 loaded from ./Data/1000Genomes/HDF5/1240kHDF5/all1240/chr8.hdf5
3 Eigenstrat Files with 5081 Individuals and 1233013 SNPs

Intersection on Positions: 61133
Nr of Matching Refs: 61133 / 61133
Full Intersection Ref/Alt Identical: 61091 / 61133
2504 / 2504 Individuals included in Reference
Extraction of 5008 Haplotypes complete
Reduced to markers called 44525 / 61091
(Fraction SNP: 0.7288307606685109)
Successfully saved to: ./Empirical/Eigenstrat/Reichall/I2509/chr8/
Successfully loaded Data from: ./Empirical/Eigenstrat/Reichall/I2509/chr8/
Loaded Emission Model: haploid
Loaded Transition Model: model
Loaded Post Processing Model: Standard
Minimum Genetic Map: 0.0000
Maximum Genetic Map: 1.6800
Gaps bigger than 0.1 cM: 168
Maximum Gap: 1.8932 cM
Loaded Transition and Emission Matrix:
(3, 3)
(5009, 44525)
Loaded Observations:
(2, 44525)
Memory Usage: 2242.404352 mB
Reference Number: 5008
Total Log likelihood: -15169.501
Memory Usage: 2242.404352 mB
Finished Calculation State Posteriors
Saved Zero State Posterior to ./Empirical/Eigenstrat/Reichall/I2509/chr8/.
Successfully loaded for PP. from ./Empirical/Eigenstrat/Reichall/I2509/chr8/
Fraction Markers in ROH: 0.4685
Merged n=0 gaps < 0.0 M
Called n=8 ROH Blocks > 1.0 cM
Longest Block: 1.567
Successfully saved to ./Empirical/Eigenstrat/Reichall/I2509/chr8/roh.csv
Using Low-Mem Cython Linear Speed Up.
Loaded Pre Processing Model: Eigenstrat
Loading Individual: I2509

Loaded 50668 variants
Loaded 2504 individuals
HDF5 loaded from ./Data/1000Genomes/HDF5/1240kHDF5/all1240/chr9.hdf5
3 Eigenstrat Files with 5081 Individuals and 1233013 SNPs

Intersection on Positions: 50668
Nr of Matching Refs: 50668 / 50668
Full Intersection Ref/Alt Identical: 50629 / 50668
2504 / 2504 Individuals included in Reference
Extraction of 5008 Haplotypes complete
Reduced to markers called 37654 / 50629
(Fraction SNP: 0.7437239526753442)
Successfully saved to: ./Empirical/Eigenstrat/Reichall/I2509/chr9/
Successfully loaded Data from: ./Empirical/Eigenstrat/Reichall/I2509/chr9/
Loaded Emission Model: haploid
Loaded Transition Model: model
Loaded Post Processing Model: Standard
Minimum Genetic Map: 0.0016
Maximum Genetic Map: 1.6630
Gaps bigger than 0.1 cM: 222
Maximum Gap: 2.3102 cM
Loaded Transition and Emission Matrix:
(3, 3)
(5009, 37654)
Loaded Observations:
(2, 37654)
Memory Usage: 1932.754944 mB
Reference Number: 5008
Total Log likelihood: -13611.497
Memory Usage: 1932.754944 mB
Finished Calculation State Posteriors
Saved Zero State Posterior to ./Empirical/Eigenstrat/Reichall/I2509/chr9/.
Successfully loaded for PP. from ./Empirical/Eigenstrat/Reichall/I2509/chr9/
Fraction Markers in ROH: 0.4010
Merged n=0 gaps < 0.0 M
Called n=9 ROH Blocks > 1.0 cM
Longest Block: 3.488
Successfully saved to ./Empirical/Eigenstrat/Reichall/I2509/chr9/roh.csv
Using Low-Mem Cython Linear Speed Up.
Loaded Pre Processing Model: Eigenstrat
Loading Individual: I2509

Loaded 58804 variants
Loaded 2504 individuals
HDF5 loaded from ./Data/1000Genomes/HDF5/1240kHDF5/all1240/chr10.hdf5
3 Eigenstrat Files with 5081 Individuals and 1233013 SNPs

Intersection on Positions: 58804
Nr of Matching Refs: 58804 / 58804
Full Intersection Ref/Alt Identical: 58763 / 58804
2504 / 2504 Individuals included in Reference
Extraction of 5008 Haplotypes complete
Reduced to markers called 44534 / 58763
(Fraction SNP: 0.7578578357129486)
Successfully saved to: ./Empirical/Eigenstrat/Reichall/I2509/chr10/
Successfully loaded Data from: ./Empirical/Eigenstrat/Reichall/I2509/chr10/
Loaded Emission Model: haploid
Loaded Transition Model: model
Loaded Post Processing Model: Standard
Minimum Genetic Map: 0.0001
Maximum Genetic Map: 1.8092
Gaps bigger than 0.1 cM: 203
Maximum Gap: 2.0338 cM
Loaded Transition and Emission Matrix:
(3, 3)
(5009, 44534)
Loaded Observations:
(2, 44534)
Memory Usage: 2242.658304 mB
Reference Number: 5008
Total Log likelihood: -15210.406
Memory Usage: 2242.658304 mB
Finished Calculation State Posteriors
Saved Zero State Posterior to ./Empirical/Eigenstrat/Reichall/I2509/chr10/.
Successfully loaded for PP. from ./Empirical/Eigenstrat/Reichall/I2509/chr10/
Fraction Markers in ROH: 0.4443
Merged n=0 gaps < 0.0 M
Called n=6 ROH Blocks > 1.0 cM
Longest Block: 2.453
Successfully saved to ./Empirical/Eigenstrat/Reichall/I2509/chr10/roh.csv
Using Low-Mem Cython Linear Speed Up.
Loaded Pre Processing Model: Eigenstrat
Loading Individual: I2509

Loaded 54833 variants
Loaded 2504 individuals
HDF5 loaded from ./Data/1000Genomes/HDF5/1240kHDF5/all1240/chr11.hdf5
3 Eigenstrat Files with 5081 Individuals and 1233013 SNPs

Intersection on Positions: 54833
Nr of Matching Refs: 54833 / 54833
Full Intersection Ref/Alt Identical: 54796 / 54833
2504 / 2504 Individuals included in Reference
Extraction of 5008 Haplotypes complete
Reduced to markers called 41016 / 54796
(Fraction SNP: 0.7485217899116724)
Successfully saved to: ./Empirical/Eigenstrat/Reichall/I2509/chr11/
Successfully loaded Data from: ./Empirical/Eigenstrat/Reichall/I2509/chr11/
Loaded Emission Model: haploid
Loaded Transition Model: model
Loaded Post Processing Model: Standard
Minimum Genetic Map: 0.0000
Maximum Genetic Map: 1.5822
Gaps bigger than 0.1 cM: 192
Maximum Gap: 0.5279 cM
Loaded Transition and Emission Matrix:
(3, 3)
(5009, 41016)
Loaded Observations:
(2, 41016)
Memory Usage: 2084.388864 mB
Reference Number: 5008
Total Log likelihood: -14993.353
Memory Usage: 2084.388864 mB
Finished Calculation State Posteriors
Saved Zero State Posterior to ./Empirical/Eigenstrat/Reichall/I2509/chr11/.
Successfully loaded for PP. from ./Empirical/Eigenstrat/Reichall/I2509/chr11/
Fraction Markers in ROH: 0.3951
Merged n=0 gaps < 0.0 M
Called n=2 ROH Blocks > 1.0 cM
Longest Block: 1.200
Successfully saved to ./Empirical/Eigenstrat/Reichall/I2509/chr11/roh.csv
Using Low-Mem Cython Linear Speed Up.
Loaded Pre Processing Model: Eigenstrat
Loading Individual: I2509

Loaded 53911 variants
Loaded 2504 individuals
HDF5 loaded from ./Data/1000Genomes/HDF5/1240kHDF5/all1240/chr12.hdf5
3 Eigenstrat Files with 5081 Individuals and 1233013 SNPs

Intersection on Positions: 53911
Nr of Matching Refs: 53911 / 53911
Full Intersection Ref/Alt Identical: 53884 / 53911
2504 / 2504 Individuals included in Reference
Extraction of 5008 Haplotypes complete
Reduced to markers called 39377 / 53884
(Fraction SNP: 0.7307735134733873)
Successfully saved to: ./Empirical/Eigenstrat/Reichall/I2509/chr12/
Successfully loaded Data from: ./Empirical/Eigenstrat/Reichall/I2509/chr12/
Loaded Emission Model: haploid
Loaded Transition Model: model
Loaded Post Processing Model: Standard
Minimum Genetic Map: 0.0009
Maximum Genetic Map: 1.7468
Gaps bigger than 0.1 cM: 211
Maximum Gap: 0.8015 cM
Loaded Transition and Emission Matrix:
(3, 3)
(5009, 39377)
Loaded Observations:
(2, 39377)
Memory Usage: 2010.312704 mB
Reference Number: 5008
Total Log likelihood: -14206.727
Memory Usage: 2010.312704 mB
Finished Calculation State Posteriors
Saved Zero State Posterior to ./Empirical/Eigenstrat/Reichall/I2509/chr12/.
Successfully loaded for PP. from ./Empirical/Eigenstrat/Reichall/I2509/chr12/
Fraction Markers in ROH: 0.3907
Merged n=0 gaps < 0.0 M
Called n=8 ROH Blocks > 1.0 cM
Longest Block: 1.786
Successfully saved to ./Empirical/Eigenstrat/Reichall/I2509/chr12/roh.csv
Using Low-Mem Cython Linear Speed Up.
Loaded Pre Processing Model: Eigenstrat
Loading Individual: I2509

Loaded 39018 variants
Loaded 2504 individuals
HDF5 loaded from ./Data/1000Genomes/HDF5/1240kHDF5/all1240/chr13.hdf5
3 Eigenstrat Files with 5081 Individuals and 1233013 SNPs

Intersection on Positions: 39018
Nr of Matching Refs: 39018 / 39018
Full Intersection Ref/Alt Identical: 38994 / 39018
2504 / 2504 Individuals included in Reference
Extraction of 5008 Haplotypes complete
Reduced to markers called 27008 / 38994
(Fraction SNP: 0.6926193773401036)
Successfully saved to: ./Empirical/Eigenstrat/Reichall/I2509/chr13/
Successfully loaded Data from: ./Empirical/Eigenstrat/Reichall/I2509/chr13/
Loaded Emission Model: haploid
Loaded Transition Model: model
Loaded Post Processing Model: Standard
Minimum Genetic Map: 0.0019
Maximum Genetic Map: 1.2570
Gaps bigger than 0.1 cM: 166
Maximum Gap: 1.2216 cM
Loaded Transition and Emission Matrix:
(3, 3)
(5009, 27008)
Loaded Observations:
(2, 27008)
Memory Usage: 1452.8512 mB
Reference Number: 5008
Total Log likelihood: -10041.644
Memory Usage: 1452.8512 mB
Finished Calculation State Posteriors
Saved Zero State Posterior to ./Empirical/Eigenstrat/Reichall/I2509/chr13/.
Successfully loaded for PP. from ./Empirical/Eigenstrat/Reichall/I2509/chr13/
Fraction Markers in ROH: 0.3939
Merged n=0 gaps < 0.0 M
Called n=3 ROH Blocks > 1.0 cM
Longest Block: 2.112
Successfully saved to ./Empirical/Eigenstrat/Reichall/I2509/chr13/roh.csv
Using Low-Mem Cython Linear Speed Up.
Loaded Pre Processing Model: Eigenstrat
Loading Individual: I2509

Loaded 36301 variants
Loaded 2504 individuals
HDF5 loaded from ./Data/1000Genomes/HDF5/1240kHDF5/all1240/chr14.hdf5
3 Eigenstrat Files with 5081 Individuals and 1233013 SNPs

Intersection on Positions: 36301
Nr of Matching Refs: 36301 / 36301
Full Intersection Ref/Alt Identical: 36280 / 36301
2504 / 2504 Individuals included in Reference
Extraction of 5008 Haplotypes complete
Reduced to markers called 26501 / 36280
(Fraction SNP: 0.7304575523704521)
Successfully saved to: ./Empirical/Eigenstrat/Reichall/I2509/chr14/
Successfully loaded Data from: ./Empirical/Eigenstrat/Reichall/I2509/chr14/
Loaded Emission Model: haploid
Loaded Transition Model: model
Loaded Post Processing Model: Standard
Minimum Genetic Map: 0.0184
Maximum Genetic Map: 1.2020
Gaps bigger than 0.1 cM: 151
Maximum Gap: 2.8973 cM
Loaded Transition and Emission Matrix:
(3, 3)
(5009, 26501)
Loaded Observations:
(2, 26501)
Memory Usage: 1430.626304 mB
Reference Number: 5008
Total Log likelihood: -9125.555
Memory Usage: 1430.626304 mB
Finished Calculation State Posteriors
Saved Zero State Posterior to ./Empirical/Eigenstrat/Reichall/I2509/chr14/.
Successfully loaded for PP. from ./Empirical/Eigenstrat/Reichall/I2509/chr14/
Fraction Markers in ROH: 0.4544
Merged n=0 gaps < 0.0 M
Called n=4 ROH Blocks > 1.0 cM
Longest Block: 2.302
Successfully saved to ./Empirical/Eigenstrat/Reichall/I2509/chr14/roh.csv
Using Low-Mem Cython Linear Speed Up.
Loaded Pre Processing Model: Eigenstrat
Loading Individual: I2509

Loaded 34429 variants
Loaded 2504 individuals
HDF5 loaded from ./Data/1000Genomes/HDF5/1240kHDF5/all1240/chr15.hdf5
3 Eigenstrat Files with 5081 Individuals and 1233013 SNPs

Intersection on Positions: 34429
Nr of Matching Refs: 34429 / 34429
Full Intersection Ref/Alt Identical: 34407 / 34429
2504 / 2504 Individuals included in Reference
Extraction of 5008 Haplotypes complete
Reduced to markers called 26244 / 34407
(Fraction SNP: 0.7627517656290871)
Successfully saved to: ./Empirical/Eigenstrat/Reichall/I2509/chr15/
Successfully loaded Data from: ./Empirical/Eigenstrat/Reichall/I2509/chr15/
Loaded Emission Model: haploid
Loaded Transition Model: model
Loaded Post Processing Model: Standard
Minimum Genetic Map: 0.0000
Maximum Genetic Map: 1.4135
Gaps bigger than 0.1 cM: 160
Maximum Gap: 11.4957 cM
Loaded Transition and Emission Matrix:
(3, 3)
(5009, 26244)
Loaded Observations:
(2, 26244)
Memory Usage: 1419.362304 mB
Reference Number: 5008
Total Log likelihood: -9357.517
Memory Usage: 1419.362304 mB
Finished Calculation State Posteriors
Saved Zero State Posterior to ./Empirical/Eigenstrat/Reichall/I2509/chr15/.
Successfully loaded for PP. from ./Empirical/Eigenstrat/Reichall/I2509/chr15/
Fraction Markers in ROH: 0.4225
Merged n=0 gaps < 0.0 M
Called n=6 ROH Blocks > 1.0 cM
Longest Block: 1.965
Successfully saved to ./Empirical/Eigenstrat/Reichall/I2509/chr15/roh.csv
Using Low-Mem Cython Linear Speed Up.
Loaded Pre Processing Model: Eigenstrat
Loading Individual: I2509

Loaded 34402 variants
Loaded 2504 individuals
HDF5 loaded from ./Data/1000Genomes/HDF5/1240kHDF5/all1240/chr16.hdf5
3 Eigenstrat Files with 5081 Individuals and 1233013 SNPs

Intersection on Positions: 34402
Nr of Matching Refs: 34402 / 34402
Full Intersection Ref/Alt Identical: 34375 / 34402
2504 / 2504 Individuals included in Reference
Extraction of 5008 Haplotypes complete
Reduced to markers called 27566 / 34375
(Fraction SNP: 0.80192)
Successfully saved to: ./Empirical/Eigenstrat/Reichall/I2509/chr16/
Successfully loaded Data from: ./Empirical/Eigenstrat/Reichall/I2509/chr16/
Loaded Emission Model: haploid
Loaded Transition Model: model
Loaded Post Processing Model: Standard
Minimum Genetic Map: -0.0000
Maximum Genetic Map: 1.3403
Gaps bigger than 0.1 cM: 167
Maximum Gap: 0.8461 cM
Loaded Transition and Emission Matrix:
(3, 3)
(5009, 27566)
Loaded Observations:
(2, 27566)
Memory Usage: 1479.008256 mB
Reference Number: 5008
Total Log likelihood: -9389.596
Memory Usage: 1479.008256 mB
Finished Calculation State Posteriors
Saved Zero State Posterior to ./Empirical/Eigenstrat/Reichall/I2509/chr16/.
Successfully loaded for PP. from ./Empirical/Eigenstrat/Reichall/I2509/chr16/
Fraction Markers in ROH: 0.4692
Merged n=0 gaps < 0.0 M
Called n=12 ROH Blocks > 1.0 cM
Longest Block: 1.973
Successfully saved to ./Empirical/Eigenstrat/Reichall/I2509/chr16/roh.csv
Using Low-Mem Cython Linear Speed Up.
Loaded Pre Processing Model: Eigenstrat
Loading Individual: I2509

Loaded 29314 variants
Loaded 2504 individuals
HDF5 loaded from ./Data/1000Genomes/HDF5/1240kHDF5/all1240/chr17.hdf5
3 Eigenstrat Files with 5081 Individuals and 1233013 SNPs

Intersection on Positions: 29314
Nr of Matching Refs: 29314 / 29314
Full Intersection Ref/Alt Identical: 29292 / 29314
2504 / 2504 Individuals included in Reference
Extraction of 5008 Haplotypes complete
Reduced to markers called 23809 / 29292
(Fraction SNP: 0.8128157858801038)
Successfully saved to: ./Empirical/Eigenstrat/Reichall/I2509/chr17/
Successfully loaded Data from: ./Empirical/Eigenstrat/Reichall/I2509/chr17/
Loaded Emission Model: haploid
Loaded Transition Model: model
Loaded Post Processing Model: Standard
Minimum Genetic Map: -0.0003
Maximum Genetic Map: 1.2847
Gaps bigger than 0.1 cM: 153
Maximum Gap: 1.2341 cM
Loaded Transition and Emission Matrix:
(3, 3)
(5009, 23809)
Loaded Observations:
(2, 23809)
Memory Usage: 1309.138944 mB
Reference Number: 5008
Total Log likelihood: -8904.569
Memory Usage: 1309.138944 mB
Finished Calculation State Posteriors
Saved Zero State Posterior to ./Empirical/Eigenstrat/Reichall/I2509/chr17/.
Successfully loaded for PP. from ./Empirical/Eigenstrat/Reichall/I2509/chr17/
Fraction Markers in ROH: 0.3908
Merged n=0 gaps < 0.0 M
Called n=6 ROH Blocks > 1.0 cM
Longest Block: 1.438
Successfully saved to ./Empirical/Eigenstrat/Reichall/I2509/chr17/roh.csv
Using Low-Mem Cython Linear Speed Up.
Loaded Pre Processing Model: Eigenstrat
Loading Individual: I2509

Loaded 33917 variants
Loaded 2504 individuals
HDF5 loaded from ./Data/1000Genomes/HDF5/1240kHDF5/all1240/chr18.hdf5
3 Eigenstrat Files with 5081 Individuals and 1233013 SNPs

Intersection on Positions: 33917
Nr of Matching Refs: 33917 / 33917
Full Intersection Ref/Alt Identical: 33902 / 33917
2504 / 2504 Individuals included in Reference
Extraction of 5008 Haplotypes complete
Reduced to markers called 24494 / 33902
(Fraction SNP: 0.7224942481269542)
Successfully saved to: ./Empirical/Eigenstrat/Reichall/I2509/chr18/
Successfully loaded Data from: ./Empirical/Eigenstrat/Reichall/I2509/chr18/
Loaded Emission Model: haploid
Loaded Transition Model: model
Loaded Post Processing Model: Standard
Minimum Genetic Map: 0.0025
Maximum Genetic Map: 1.1771
Gaps bigger than 0.1 cM: 154
Maximum Gap: 0.4827 cM
Loaded Transition and Emission Matrix:
(3, 3)
(5009, 24494)
Loaded Observations:
(2, 24494)
Memory Usage: 1340.305408 mB
Reference Number: 5008
Total Log likelihood: -8717.142
Memory Usage: 1340.305408 mB
Finished Calculation State Posteriors
Saved Zero State Posterior to ./Empirical/Eigenstrat/Reichall/I2509/chr18/.
Successfully loaded for PP. from ./Empirical/Eigenstrat/Reichall/I2509/chr18/
Fraction Markers in ROH: 0.4384
Merged n=0 gaps < 0.0 M
Called n=8 ROH Blocks > 1.0 cM
Longest Block: 1.900
Successfully saved to ./Empirical/Eigenstrat/Reichall/I2509/chr18/roh.csv
Using Low-Mem Cython Linear Speed Up.
Loaded Pre Processing Model: Eigenstrat
Loading Individual: I2509

Loaded 18460 variants
Loaded 2504 individuals
HDF5 loaded from ./Data/1000Genomes/HDF5/1240kHDF5/all1240/chr19.hdf5
3 Eigenstrat Files with 5081 Individuals and 1233013 SNPs

Intersection on Positions: 18460
Nr of Matching Refs: 18460 / 18460
Full Intersection Ref/Alt Identical: 18441 / 18460
2504 / 2504 Individuals included in Reference
Extraction of 5008 Haplotypes complete
Reduced to markers called 15472 / 18441
(Fraction SNP: 0.8390000542269942)
Successfully saved to: ./Empirical/Eigenstrat/Reichall/I2509/chr19/
Successfully loaded Data from: ./Empirical/Eigenstrat/Reichall/I2509/chr19/
Loaded Emission Model: haploid
Loaded Transition Model: model
Loaded Post Processing Model: Standard
Minimum Genetic Map: 0.0000
Maximum Genetic Map: 1.0773
Gaps bigger than 0.1 cM: 156
Maximum Gap: 0.6114 cM
Loaded Transition and Emission Matrix:
(3, 3)
(5009, 15472)
Loaded Observations:
(2, 15472)
Memory Usage: 933.72416 mB
Reference Number: 5008
Total Log likelihood: -5615.510
Memory Usage: 933.72416 mB
Finished Calculation State Posteriors
Saved Zero State Posterior to ./Empirical/Eigenstrat/Reichall/I2509/chr19/.
Successfully loaded for PP. from ./Empirical/Eigenstrat/Reichall/I2509/chr19/
Fraction Markers in ROH: 0.4486
Merged n=0 gaps < 0.0 M
Called n=8 ROH Blocks > 1.0 cM
Longest Block: 5.187
Successfully saved to ./Empirical/Eigenstrat/Reichall/I2509/chr19/roh.csv
Using Low-Mem Cython Linear Speed Up.
Loaded Pre Processing Model: Eigenstrat
Loading Individual: I2509

Loaded 29078 variants
Loaded 2504 individuals
HDF5 loaded from ./Data/1000Genomes/HDF5/1240kHDF5/all1240/chr20.hdf5
3 Eigenstrat Files with 5081 Individuals and 1233013 SNPs

Intersection on Positions: 29078
Nr of Matching Refs: 29078 / 29078
Full Intersection Ref/Alt Identical: 29053 / 29078
2504 / 2504 Individuals included in Reference
Extraction of 5008 Haplotypes complete
Reduced to markers called 23234 / 29053
(Fraction SNP: 0.79971087323168)
Successfully saved to: ./Empirical/Eigenstrat/Reichall/I2509/chr20/
Successfully loaded Data from: ./Empirical/Eigenstrat/Reichall/I2509/chr20/
Loaded Emission Model: haploid
Loaded Transition Model: model
Loaded Post Processing Model: Standard
Minimum Genetic Map: 0.0000
Maximum Genetic Map: 1.0821
Gaps bigger than 0.1 cM: 143
Maximum Gap: 0.4744 cM
Loaded Transition and Emission Matrix:
(3, 3)
(5009, 23234)
Loaded Observations:
(2, 23234)
Memory Usage: 1283.641344 mB
Reference Number: 5008
Total Log likelihood: -8453.078
Memory Usage: 1283.641344 mB
Finished Calculation State Posteriors
Saved Zero State Posterior to ./Empirical/Eigenstrat/Reichall/I2509/chr20/.
Successfully loaded for PP. from ./Empirical/Eigenstrat/Reichall/I2509/chr20/
Fraction Markers in ROH: 0.4223
Merged n=0 gaps < 0.0 M
Called n=3 ROH Blocks > 1.0 cM
Longest Block: 1.748
Successfully saved to ./Empirical/Eigenstrat/Reichall/I2509/chr20/roh.csv
Using Low-Mem Cython Linear Speed Up.
Loaded Pre Processing Model: Eigenstrat
Loading Individual: I2509

Loaded 16038 variants
Loaded 2504 individuals
HDF5 loaded from ./Data/1000Genomes/HDF5/1240kHDF5/all1240/chr21.hdf5
3 Eigenstrat Files with 5081 Individuals and 1233013 SNPs

Intersection on Positions: 16038
Nr of Matching Refs: 16038 / 16038
Full Intersection Ref/Alt Identical: 16031 / 16038
2504 / 2504 Individuals included in Reference
Extraction of 5008 Haplotypes complete
Reduced to markers called 11645 / 16031
(Fraction SNP: 0.7264050901378579)
Successfully saved to: ./Empirical/Eigenstrat/Reichall/I2509/chr21/
Successfully loaded Data from: ./Empirical/Eigenstrat/Reichall/I2509/chr21/
Loaded Emission Model: haploid
Loaded Transition Model: model
Loaded Post Processing Model: Standard
Minimum Genetic Map: -0.0085
Maximum Genetic Map: 0.6277
Gaps bigger than 0.1 cM: 98
Maximum Gap: 1.7201 cM
Loaded Transition and Emission Matrix:
(3, 3)
(5009, 11645)
Loaded Observations:
(2, 11645)
Memory Usage: 761.511936 mB
Reference Number: 5008
Total Log likelihood: -4228.228
Memory Usage: 761.511936 mB
Finished Calculation State Posteriors
Saved Zero State Posterior to ./Empirical/Eigenstrat/Reichall/I2509/chr21/.
Successfully loaded for PP. from ./Empirical/Eigenstrat/Reichall/I2509/chr21/
Fraction Markers in ROH: 0.4137
Merged n=0 gaps < 0.0 M
Called n=3 ROH Blocks > 1.0 cM
Longest Block: 2.094
Successfully saved to ./Empirical/Eigenstrat/Reichall/I2509/chr21/roh.csv
Using Low-Mem Cython Linear Speed Up.
Loaded Pre Processing Model: Eigenstrat
Loading Individual: I2509

Loaded 15802 variants
Loaded 2504 individuals
HDF5 loaded from ./Data/1000Genomes/HDF5/1240kHDF5/all1240/chr22.hdf5
3 Eigenstrat Files with 5081 Individuals and 1233013 SNPs

Intersection on Positions: 15802
Nr of Matching Refs: 15802 / 15802
Full Intersection Ref/Alt Identical: 15793 / 15802
2504 / 2504 Individuals included in Reference
Extraction of 5008 Haplotypes complete
Reduced to markers called 13472 / 15793
(Fraction SNP: 0.853036155258659)
Successfully saved to: ./Empirical/Eigenstrat/Reichall/I2509/chr22/
Successfully loaded Data from: ./Empirical/Eigenstrat/Reichall/I2509/chr22/
Loaded Emission Model: haploid
Loaded Transition Model: model
Loaded Post Processing Model: Standard
Minimum Genetic Map: 0.0178
Maximum Genetic Map: 0.7408
Gaps bigger than 0.1 cM: 88
Maximum Gap: 1.6949 cM
Loaded Transition and Emission Matrix:
(3, 3)
(5009, 13472)
Loaded Observations:
(2, 13472)
Memory Usage: 843.91936 mB
Reference Number: 5008
Total Log likelihood: -4765.372
Memory Usage: 843.91936 mB
Finished Calculation State Posteriors
Saved Zero State Posterior to ./Empirical/Eigenstrat/Reichall/I2509/chr22/.
Successfully loaded for PP. from ./Empirical/Eigenstrat/Reichall/I2509/chr22/
Fraction Markers in ROH: 0.4334
Merged n=0 gaps < 0.0 M
Called n=2 ROH Blocks > 1.0 cM
Longest Block: 1.798
Successfully saved to ./Empirical/Eigenstrat/Reichall/I2509/chr22/roh.csv
