Loaded 2106 / 5081 ancient Indivdiuals Anno File.
Doing Individual I1096...
Using Low-Mem Cython Linear Speed Up.
Loaded Pre Processing Model: Eigenstrat
Loading Individual: I1096

Loaded 89147 variants
Loaded 2504 individuals
HDF5 loaded from ./Data/1000Genomes/HDF5/1240kHDF5/all1240/chr1.hdf5
3 Eigenstrat Files with 5081 Individuals and 1233013 SNPs

Intersection on Positions: 89147
Nr of Matching Refs: 89147 / 89147
Full Intersection Ref/Alt Identical: 89082 / 89147
2504 / 2504 Individuals included in Reference
Extraction of 5008 Haplotypes complete
Reduced to markers called 59278 / 89082
(Fraction SNP: 0.6654318493073798)
Successfully saved to: ./Empirical/Eigenstrat/Reichall/I1096/chr1/
Successfully loaded Data from: ./Empirical/Eigenstrat/Reichall/I1096/chr1/
Loaded Emission Model: haploid
Loaded Transition Model: model
Loaded Post Processing Model: Standard
Minimum Genetic Map: 0.0201
Maximum Genetic Map: 2.8627
Gaps bigger than 0.1 cM: 350
Maximum Gap: 2.9476 cM
Loaded Transition and Emission Matrix:
(3, 3)
(5009, 59278)
Loaded Observations:
(2, 59278)
Memory Usage: 2867.228672 mB
Reference Number: 5008
Total Log likelihood: -20288.178
Memory Usage: 2867.69152 mB
Finished Calculation State Posteriors
Saved Zero State Posterior to ./Empirical/Eigenstrat/Reichall/I1096/chr1/.
Successfully loaded for PP. from ./Empirical/Eigenstrat/Reichall/I1096/chr1/
Fraction Markers in ROH: 0.4554
Merged n=0 gaps < 0.0 M
Called n=24 ROH Blocks > 1.0 cM
Longest Block: 3.460
Successfully saved to ./Empirical/Eigenstrat/Reichall/I1096/chr1/roh.csv
Using Low-Mem Cython Linear Speed Up.
Loaded Pre Processing Model: Eigenstrat
Loading Individual: I1096

Loaded 94239 variants
Loaded 2504 individuals
HDF5 loaded from ./Data/1000Genomes/HDF5/1240kHDF5/all1240/chr2.hdf5
3 Eigenstrat Files with 5081 Individuals and 1233013 SNPs

Intersection on Positions: 94239
Nr of Matching Refs: 94239 / 94239
Full Intersection Ref/Alt Identical: 94173 / 94239
2504 / 2504 Individuals included in Reference
Extraction of 5008 Haplotypes complete
Reduced to markers called 59537 / 94173
(Fraction SNP: 0.6322088071952683)
Successfully saved to: ./Empirical/Eigenstrat/Reichall/I1096/chr2/
Successfully loaded Data from: ./Empirical/Eigenstrat/Reichall/I1096/chr2/
Loaded Emission Model: haploid
Loaded Transition Model: model
Loaded Post Processing Model: Standard
Minimum Genetic Map: 0.0001
Maximum Genetic Map: 2.6883
Gaps bigger than 0.1 cM: 319
Maximum Gap: 1.8302 cM
Loaded Transition and Emission Matrix:
(3, 3)
(5009, 59537)
Loaded Observations:
(2, 59537)
Memory Usage: 2918.322176 mB
Reference Number: 5008
Total Log likelihood: -20439.387
Memory Usage: 2918.322176 mB
Finished Calculation State Posteriors
Saved Zero State Posterior to ./Empirical/Eigenstrat/Reichall/I1096/chr2/.
Successfully loaded for PP. from ./Empirical/Eigenstrat/Reichall/I1096/chr2/
Fraction Markers in ROH: 0.4697
Merged n=0 gaps < 0.0 M
Called n=14 ROH Blocks > 1.0 cM
Longest Block: 2.834
Successfully saved to ./Empirical/Eigenstrat/Reichall/I1096/chr2/roh.csv
Using Low-Mem Cython Linear Speed Up.
Loaded Pre Processing Model: Eigenstrat
Loading Individual: I1096

Loaded 77652 variants
Loaded 2504 individuals
HDF5 loaded from ./Data/1000Genomes/HDF5/1240kHDF5/all1240/chr3.hdf5
3 Eigenstrat Files with 5081 Individuals and 1233013 SNPs

Intersection on Positions: 77652
Nr of Matching Refs: 77652 / 77652
Full Intersection Ref/Alt Identical: 77601 / 77652
2504 / 2504 Individuals included in Reference
Extraction of 5008 Haplotypes complete
Reduced to markers called 48527 / 77601
(Fraction SNP: 0.6253398796407262)
Successfully saved to: ./Empirical/Eigenstrat/Reichall/I1096/chr3/
Successfully loaded Data from: ./Empirical/Eigenstrat/Reichall/I1096/chr3/
Loaded Emission Model: haploid
Loaded Transition Model: model
Loaded Post Processing Model: Standard
Minimum Genetic Map: 0.0000
Maximum Genetic Map: 2.2326
Gaps bigger than 0.1 cM: 299
Maximum Gap: 0.2681 cM
Loaded Transition and Emission Matrix:
(3, 3)
(5009, 48527)
Loaded Observations:
(2, 48527)
Memory Usage: 2422.054912 mB
Reference Number: 5008
Total Log likelihood: -17569.764
Memory Usage: 2422.054912 mB
Finished Calculation State Posteriors
Saved Zero State Posterior to ./Empirical/Eigenstrat/Reichall/I1096/chr3/.
Successfully loaded for PP. from ./Empirical/Eigenstrat/Reichall/I1096/chr3/
Fraction Markers in ROH: 0.3948
Merged n=0 gaps < 0.0 M
Called n=15 ROH Blocks > 1.0 cM
Longest Block: 1.805
Successfully saved to ./Empirical/Eigenstrat/Reichall/I1096/chr3/roh.csv
Using Low-Mem Cython Linear Speed Up.
Loaded Pre Processing Model: Eigenstrat
Loading Individual: I1096

Loaded 68759 variants
Loaded 2504 individuals
HDF5 loaded from ./Data/1000Genomes/HDF5/1240kHDF5/all1240/chr4.hdf5
3 Eigenstrat Files with 5081 Individuals and 1233013 SNPs

Intersection on Positions: 68759
Nr of Matching Refs: 68759 / 68759
Full Intersection Ref/Alt Identical: 68720 / 68759
2504 / 2504 Individuals included in Reference
Extraction of 5008 Haplotypes complete
Reduced to markers called 39495 / 68720
(Fraction SNP: 0.5747235157159488)
Successfully saved to: ./Empirical/Eigenstrat/Reichall/I1096/chr4/
Successfully loaded Data from: ./Empirical/Eigenstrat/Reichall/I1096/chr4/
Loaded Emission Model: haploid
Loaded Transition Model: model
Loaded Post Processing Model: Standard
Minimum Genetic Map: 0.0034
Maximum Genetic Map: 2.1454
Gaps bigger than 0.1 cM: 281
Maximum Gap: 2.0495 cM
Loaded Transition and Emission Matrix:
(3, 3)
(5009, 39495)
Loaded Observations:
(2, 39495)
Memory Usage: 2014.797824 mB
Reference Number: 5008
Total Log likelihood: -14679.599
Memory Usage: 2014.797824 mB
Finished Calculation State Posteriors
Saved Zero State Posterior to ./Empirical/Eigenstrat/Reichall/I1096/chr4/.
Successfully loaded for PP. from ./Empirical/Eigenstrat/Reichall/I1096/chr4/
Fraction Markers in ROH: 0.3876
Merged n=0 gaps < 0.0 M
Called n=14 ROH Blocks > 1.0 cM
Longest Block: 2.020
Successfully saved to ./Empirical/Eigenstrat/Reichall/I1096/chr4/roh.csv
Using Low-Mem Cython Linear Speed Up.
Loaded Pre Processing Model: Eigenstrat
Loading Individual: I1096

Loaded 69399 variants
Loaded 2504 individuals
HDF5 loaded from ./Data/1000Genomes/HDF5/1240kHDF5/all1240/chr5.hdf5
3 Eigenstrat Files with 5081 Individuals and 1233013 SNPs

Intersection on Positions: 69399
Nr of Matching Refs: 69399 / 69399
Full Intersection Ref/Alt Identical: 69354 / 69399
2504 / 2504 Individuals included in Reference
Extraction of 5008 Haplotypes complete
Reduced to markers called 43382 / 69354
(Fraction SNP: 0.625515471349886)
Successfully saved to: ./Empirical/Eigenstrat/Reichall/I1096/chr5/
Successfully loaded Data from: ./Empirical/Eigenstrat/Reichall/I1096/chr5/
Loaded Emission Model: haploid
Loaded Transition Model: model
Loaded Post Processing Model: Standard
Minimum Genetic Map: 0.0004
Maximum Genetic Map: 2.0409
Gaps bigger than 0.1 cM: 278
Maximum Gap: 1.1070 cM
Loaded Transition and Emission Matrix:
(3, 3)
(5009, 43382)
Loaded Observations:
(2, 43382)
Memory Usage: 2190.188544 mB
Reference Number: 5008
Total Log likelihood: -15990.277
Memory Usage: 2190.188544 mB
Finished Calculation State Posteriors
Saved Zero State Posterior to ./Empirical/Eigenstrat/Reichall/I1096/chr5/.
Successfully loaded for PP. from ./Empirical/Eigenstrat/Reichall/I1096/chr5/
Fraction Markers in ROH: 0.4015
Merged n=0 gaps < 0.0 M
Called n=9 ROH Blocks > 1.0 cM
Longest Block: 1.890
Successfully saved to ./Empirical/Eigenstrat/Reichall/I1096/chr5/roh.csv
Using Low-Mem Cython Linear Speed Up.
Loaded Pre Processing Model: Eigenstrat
Loading Individual: I1096

Loaded 75870 variants
Loaded 2504 individuals
HDF5 loaded from ./Data/1000Genomes/HDF5/1240kHDF5/all1240/chr6.hdf5
3 Eigenstrat Files with 5081 Individuals and 1233013 SNPs

Intersection on Positions: 75870
Nr of Matching Refs: 75870 / 75870
Full Intersection Ref/Alt Identical: 75816 / 75870
2504 / 2504 Individuals included in Reference
Extraction of 5008 Haplotypes complete
Reduced to markers called 47447 / 75816
(Fraction SNP: 0.6258177693362879)
Successfully saved to: ./Empirical/Eigenstrat/Reichall/I1096/chr6/
Successfully loaded Data from: ./Empirical/Eigenstrat/Reichall/I1096/chr6/
Loaded Emission Model: haploid
Loaded Transition Model: model
Loaded Post Processing Model: Standard
Minimum Genetic Map: 0.0035
Maximum Genetic Map: 1.9203
Gaps bigger than 0.1 cM: 227
Maximum Gap: 0.5122 cM
Loaded Transition and Emission Matrix:
(3, 3)
(5009, 47447)
Loaded Observations:
(2, 47447)
Memory Usage: 2373.85728 mB
Reference Number: 5008
Total Log likelihood: -16717.847
Memory Usage: 2373.85728 mB
Finished Calculation State Posteriors
Saved Zero State Posterior to ./Empirical/Eigenstrat/Reichall/I1096/chr6/.
Successfully loaded for PP. from ./Empirical/Eigenstrat/Reichall/I1096/chr6/
Fraction Markers in ROH: 0.4348
Merged n=0 gaps < 0.0 M
Called n=9 ROH Blocks > 1.0 cM
Longest Block: 1.355
Successfully saved to ./Empirical/Eigenstrat/Reichall/I1096/chr6/roh.csv
Using Low-Mem Cython Linear Speed Up.
Loaded Pre Processing Model: Eigenstrat
Loading Individual: I1096

Loaded 59890 variants
Loaded 2504 individuals
HDF5 loaded from ./Data/1000Genomes/HDF5/1240kHDF5/all1240/chr7.hdf5
3 Eigenstrat Files with 5081 Individuals and 1233013 SNPs

Intersection on Positions: 59890
Nr of Matching Refs: 59890 / 59890
Full Intersection Ref/Alt Identical: 59836 / 59890
2504 / 2504 Individuals included in Reference
Extraction of 5008 Haplotypes complete
Reduced to markers called 37182 / 59836
(Fraction SNP: 0.6213984892038238)
Successfully saved to: ./Empirical/Eigenstrat/Reichall/I1096/chr7/
Successfully loaded Data from: ./Empirical/Eigenstrat/Reichall/I1096/chr7/
Loaded Emission Model: haploid
Loaded Transition Model: model
Loaded Post Processing Model: Standard
Minimum Genetic Map: 0.0000
Maximum Genetic Map: 1.8715
Gaps bigger than 0.1 cM: 265
Maximum Gap: 0.8416 cM
Loaded Transition and Emission Matrix:
(3, 3)
(5009, 37182)
Loaded Observations:
(2, 37182)
Memory Usage: 1911.119872 mB
Reference Number: 5008
Total Log likelihood: -13525.106
Memory Usage: 1911.119872 mB
Finished Calculation State Posteriors
Saved Zero State Posterior to ./Empirical/Eigenstrat/Reichall/I1096/chr7/.
Successfully loaded for PP. from ./Empirical/Eigenstrat/Reichall/I1096/chr7/
Fraction Markers in ROH: 0.4207
Merged n=0 gaps < 0.0 M
Called n=7 ROH Blocks > 1.0 cM
Longest Block: 1.530
Successfully saved to ./Empirical/Eigenstrat/Reichall/I1096/chr7/roh.csv
Using Low-Mem Cython Linear Speed Up.
Loaded Pre Processing Model: Eigenstrat
Loading Individual: I1096

Loaded 61133 variants
Loaded 2504 individuals
HDF5 loaded from ./Data/1000Genomes/HDF5/1240kHDF5/all1240/chr8.hdf5
3 Eigenstrat Files with 5081 Individuals and 1233013 SNPs

Intersection on Positions: 61133
Nr of Matching Refs: 61133 / 61133
Full Intersection Ref/Alt Identical: 61091 / 61133
2504 / 2504 Individuals included in Reference
Extraction of 5008 Haplotypes complete
Reduced to markers called 38876 / 61091
(Fraction SNP: 0.6363621482706127)
Successfully saved to: ./Empirical/Eigenstrat/Reichall/I1096/chr8/
Successfully loaded Data from: ./Empirical/Eigenstrat/Reichall/I1096/chr8/
Loaded Emission Model: haploid
Loaded Transition Model: model
Loaded Post Processing Model: Standard
Minimum Genetic Map: 0.0000
Maximum Genetic Map: 1.6800
Gaps bigger than 0.1 cM: 187
Maximum Gap: 1.8932 cM
Loaded Transition and Emission Matrix:
(3, 3)
(5009, 38876)
Loaded Observations:
(2, 38876)
Memory Usage: 1988.009984 mB
Reference Number: 5008
Total Log likelihood: -13655.495
Memory Usage: 1988.009984 mB
Finished Calculation State Posteriors
Saved Zero State Posterior to ./Empirical/Eigenstrat/Reichall/I1096/chr8/.
Successfully loaded for PP. from ./Empirical/Eigenstrat/Reichall/I1096/chr8/
Fraction Markers in ROH: 0.4343
Merged n=0 gaps < 0.0 M
Called n=12 ROH Blocks > 1.0 cM
Longest Block: 2.403
Successfully saved to ./Empirical/Eigenstrat/Reichall/I1096/chr8/roh.csv
Using Low-Mem Cython Linear Speed Up.
Loaded Pre Processing Model: Eigenstrat
Loading Individual: I1096

Loaded 50668 variants
Loaded 2504 individuals
HDF5 loaded from ./Data/1000Genomes/HDF5/1240kHDF5/all1240/chr9.hdf5
3 Eigenstrat Files with 5081 Individuals and 1233013 SNPs

Intersection on Positions: 50668
Nr of Matching Refs: 50668 / 50668
Full Intersection Ref/Alt Identical: 50629 / 50668
2504 / 2504 Individuals included in Reference
Extraction of 5008 Haplotypes complete
Reduced to markers called 32849 / 50629
(Fraction SNP: 0.6488178711805487)
Successfully saved to: ./Empirical/Eigenstrat/Reichall/I1096/chr9/
Successfully loaded Data from: ./Empirical/Eigenstrat/Reichall/I1096/chr9/
Loaded Emission Model: haploid
Loaded Transition Model: model
Loaded Post Processing Model: Standard
Minimum Genetic Map: 0.0016
Maximum Genetic Map: 1.6630
Gaps bigger than 0.1 cM: 243
Maximum Gap: 1.8819 cM
Loaded Transition and Emission Matrix:
(3, 3)
(5009, 32849)
Loaded Observations:
(2, 32849)
Memory Usage: 1716.416512 mB
Reference Number: 5008
Total Log likelihood: -12134.410
Memory Usage: 1716.416512 mB
Finished Calculation State Posteriors
Saved Zero State Posterior to ./Empirical/Eigenstrat/Reichall/I1096/chr9/.
Successfully loaded for PP. from ./Empirical/Eigenstrat/Reichall/I1096/chr9/
Fraction Markers in ROH: 0.4082
Merged n=0 gaps < 0.0 M
Called n=8 ROH Blocks > 1.0 cM
Longest Block: 2.221
Successfully saved to ./Empirical/Eigenstrat/Reichall/I1096/chr9/roh.csv
Using Low-Mem Cython Linear Speed Up.
Loaded Pre Processing Model: Eigenstrat
Loading Individual: I1096

Loaded 58804 variants
Loaded 2504 individuals
HDF5 loaded from ./Data/1000Genomes/HDF5/1240kHDF5/all1240/chr10.hdf5
3 Eigenstrat Files with 5081 Individuals and 1233013 SNPs

Intersection on Positions: 58804
Nr of Matching Refs: 58804 / 58804
Full Intersection Ref/Alt Identical: 58763 / 58804
2504 / 2504 Individuals included in Reference
Extraction of 5008 Haplotypes complete
Reduced to markers called 39197 / 58763
(Fraction SNP: 0.6670353794054081)
Successfully saved to: ./Empirical/Eigenstrat/Reichall/I1096/chr10/
Successfully loaded Data from: ./Empirical/Eigenstrat/Reichall/I1096/chr10/
Loaded Emission Model: haploid
Loaded Transition Model: model
Loaded Post Processing Model: Standard
Minimum Genetic Map: 0.0001
Maximum Genetic Map: 1.8092
Gaps bigger than 0.1 cM: 233
Maximum Gap: 2.0338 cM
Loaded Transition and Emission Matrix:
(3, 3)
(5009, 39197)
Loaded Observations:
(2, 39197)
Memory Usage: 2003.124224 mB
Reference Number: 5008
Total Log likelihood: -13864.925
Memory Usage: 2003.124224 mB
Finished Calculation State Posteriors
Saved Zero State Posterior to ./Empirical/Eigenstrat/Reichall/I1096/chr10/.
Successfully loaded for PP. from ./Empirical/Eigenstrat/Reichall/I1096/chr10/
Fraction Markers in ROH: 0.4257
Merged n=0 gaps < 0.0 M
Called n=8 ROH Blocks > 1.0 cM
Longest Block: 2.117
Successfully saved to ./Empirical/Eigenstrat/Reichall/I1096/chr10/roh.csv
Using Low-Mem Cython Linear Speed Up.
Loaded Pre Processing Model: Eigenstrat
Loading Individual: I1096

Loaded 54833 variants
Loaded 2504 individuals
HDF5 loaded from ./Data/1000Genomes/HDF5/1240kHDF5/all1240/chr11.hdf5
3 Eigenstrat Files with 5081 Individuals and 1233013 SNPs

Intersection on Positions: 54833
Nr of Matching Refs: 54833 / 54833
Full Intersection Ref/Alt Identical: 54796 / 54833
2504 / 2504 Individuals included in Reference
Extraction of 5008 Haplotypes complete
Reduced to markers called 35930 / 54796
(Fraction SNP: 0.6557047959705088)
Successfully saved to: ./Empirical/Eigenstrat/Reichall/I1096/chr11/
Successfully loaded Data from: ./Empirical/Eigenstrat/Reichall/I1096/chr11/
Loaded Emission Model: haploid
Loaded Transition Model: model
Loaded Post Processing Model: Standard
Minimum Genetic Map: 0.0000
Maximum Genetic Map: 1.5822
Gaps bigger than 0.1 cM: 203
Maximum Gap: 0.5373 cM
Loaded Transition and Emission Matrix:
(3, 3)
(5009, 35930)
Loaded Observations:
(2, 35930)
Memory Usage: 1855.91808 mB
Reference Number: 5008
Total Log likelihood: -12215.512
Memory Usage: 1855.91808 mB
Finished Calculation State Posteriors
Saved Zero State Posterior to ./Empirical/Eigenstrat/Reichall/I1096/chr11/.
Successfully loaded for PP. from ./Empirical/Eigenstrat/Reichall/I1096/chr11/
Fraction Markers in ROH: 0.4972
Merged n=0 gaps < 0.0 M
Called n=6 ROH Blocks > 1.0 cM
Longest Block: 1.665
Successfully saved to ./Empirical/Eigenstrat/Reichall/I1096/chr11/roh.csv
Using Low-Mem Cython Linear Speed Up.
Loaded Pre Processing Model: Eigenstrat
Loading Individual: I1096

Loaded 53911 variants
Loaded 2504 individuals
HDF5 loaded from ./Data/1000Genomes/HDF5/1240kHDF5/all1240/chr12.hdf5
3 Eigenstrat Files with 5081 Individuals and 1233013 SNPs

Intersection on Positions: 53911
Nr of Matching Refs: 53911 / 53911
Full Intersection Ref/Alt Identical: 53884 / 53911
2504 / 2504 Individuals included in Reference
Extraction of 5008 Haplotypes complete
Reduced to markers called 34172 / 53884
(Fraction SNP: 0.6341771212233687)
Successfully saved to: ./Empirical/Eigenstrat/Reichall/I1096/chr12/
Successfully loaded Data from: ./Empirical/Eigenstrat/Reichall/I1096/chr12/
Loaded Emission Model: haploid
Loaded Transition Model: model
Loaded Post Processing Model: Standard
Minimum Genetic Map: 0.0017
Maximum Genetic Map: 1.7468
Gaps bigger than 0.1 cM: 230
Maximum Gap: 1.1095 cM
Loaded Transition and Emission Matrix:
(3, 3)
(5009, 34172)
Loaded Observations:
(2, 34172)
Memory Usage: 1775.939584 mB
Reference Number: 5008
Total Log likelihood: -12298.872
Memory Usage: 1775.939584 mB
Finished Calculation State Posteriors
Saved Zero State Posterior to ./Empirical/Eigenstrat/Reichall/I1096/chr12/.
Successfully loaded for PP. from ./Empirical/Eigenstrat/Reichall/I1096/chr12/
Fraction Markers in ROH: 0.4215
Merged n=0 gaps < 0.0 M
Called n=4 ROH Blocks > 1.0 cM
Longest Block: 2.077
Successfully saved to ./Empirical/Eigenstrat/Reichall/I1096/chr12/roh.csv
Using Low-Mem Cython Linear Speed Up.
Loaded Pre Processing Model: Eigenstrat
Loading Individual: I1096

Loaded 39018 variants
Loaded 2504 individuals
HDF5 loaded from ./Data/1000Genomes/HDF5/1240kHDF5/all1240/chr13.hdf5
3 Eigenstrat Files with 5081 Individuals and 1233013 SNPs

Intersection on Positions: 39018
Nr of Matching Refs: 39018 / 39018
Full Intersection Ref/Alt Identical: 38994 / 39018
2504 / 2504 Individuals included in Reference
Extraction of 5008 Haplotypes complete
Reduced to markers called 23099 / 38994
(Fraction SNP: 0.5923731856183002)
Successfully saved to: ./Empirical/Eigenstrat/Reichall/I1096/chr13/
Successfully loaded Data from: ./Empirical/Eigenstrat/Reichall/I1096/chr13/
Loaded Emission Model: haploid
Loaded Transition Model: model
Loaded Post Processing Model: Standard
Minimum Genetic Map: 0.0019
Maximum Genetic Map: 1.2570
Gaps bigger than 0.1 cM: 188
Maximum Gap: 1.2216 cM
Loaded Transition and Emission Matrix:
(3, 3)
(5009, 23099)
Loaded Observations:
(2, 23099)
Memory Usage: 1277.308928 mB
Reference Number: 5008
Total Log likelihood: -8658.028
Memory Usage: 1277.308928 mB
Finished Calculation State Posteriors
Saved Zero State Posterior to ./Empirical/Eigenstrat/Reichall/I1096/chr13/.
Successfully loaded for PP. from ./Empirical/Eigenstrat/Reichall/I1096/chr13/
Fraction Markers in ROH: 0.3954
Merged n=0 gaps < 0.0 M
Called n=8 ROH Blocks > 1.0 cM
Longest Block: 1.505
Successfully saved to ./Empirical/Eigenstrat/Reichall/I1096/chr13/roh.csv
Using Low-Mem Cython Linear Speed Up.
Loaded Pre Processing Model: Eigenstrat
Loading Individual: I1096

Loaded 36301 variants
Loaded 2504 individuals
HDF5 loaded from ./Data/1000Genomes/HDF5/1240kHDF5/all1240/chr14.hdf5
3 Eigenstrat Files with 5081 Individuals and 1233013 SNPs

Intersection on Positions: 36301
Nr of Matching Refs: 36301 / 36301
Full Intersection Ref/Alt Identical: 36280 / 36301
2504 / 2504 Individuals included in Reference
Extraction of 5008 Haplotypes complete
Reduced to markers called 23069 / 36280
(Fraction SNP: 0.6358599779492834)
Successfully saved to: ./Empirical/Eigenstrat/Reichall/I1096/chr14/
Successfully loaded Data from: ./Empirical/Eigenstrat/Reichall/I1096/chr14/
Loaded Emission Model: haploid
Loaded Transition Model: model
Loaded Post Processing Model: Standard
Minimum Genetic Map: 0.0184
Maximum Genetic Map: 1.2020
Gaps bigger than 0.1 cM: 168
Maximum Gap: 3.3147 cM
Loaded Transition and Emission Matrix:
(3, 3)
(5009, 23069)
Loaded Observations:
(2, 23069)
Memory Usage: 1275.8016 mB
Reference Number: 5008
Total Log likelihood: -7985.009
Memory Usage: 1275.8016 mB
Finished Calculation State Posteriors
Saved Zero State Posterior to ./Empirical/Eigenstrat/Reichall/I1096/chr14/.
Successfully loaded for PP. from ./Empirical/Eigenstrat/Reichall/I1096/chr14/
Fraction Markers in ROH: 0.4481
Merged n=0 gaps < 0.0 M
Called n=4 ROH Blocks > 1.0 cM
Longest Block: 11.814
Successfully saved to ./Empirical/Eigenstrat/Reichall/I1096/chr14/roh.csv
Using Low-Mem Cython Linear Speed Up.
Loaded Pre Processing Model: Eigenstrat
Loading Individual: I1096

Loaded 34429 variants
Loaded 2504 individuals
HDF5 loaded from ./Data/1000Genomes/HDF5/1240kHDF5/all1240/chr15.hdf5
3 Eigenstrat Files with 5081 Individuals and 1233013 SNPs

Intersection on Positions: 34429
Nr of Matching Refs: 34429 / 34429
Full Intersection Ref/Alt Identical: 34407 / 34429
2504 / 2504 Individuals included in Reference
Extraction of 5008 Haplotypes complete
Reduced to markers called 23189 / 34407
(Fraction SNP: 0.6739616938413695)
Successfully saved to: ./Empirical/Eigenstrat/Reichall/I1096/chr15/
Successfully loaded Data from: ./Empirical/Eigenstrat/Reichall/I1096/chr15/
Loaded Emission Model: haploid
Loaded Transition Model: model
Loaded Post Processing Model: Standard
Minimum Genetic Map: 0.0000
Maximum Genetic Map: 1.4135
Gaps bigger than 0.1 cM: 172
Maximum Gap: 13.7349 cM
Loaded Transition and Emission Matrix:
(3, 3)
(5009, 23189)
Loaded Observations:
(2, 23189)
Memory Usage: 1281.523712 mB
Reference Number: 5008
Total Log likelihood: -8603.655
Memory Usage: 1281.523712 mB
Finished Calculation State Posteriors
Saved Zero State Posterior to ./Empirical/Eigenstrat/Reichall/I1096/chr15/.
Successfully loaded for PP. from ./Empirical/Eigenstrat/Reichall/I1096/chr15/
Fraction Markers in ROH: 0.4155
Merged n=0 gaps < 0.0 M
Called n=4 ROH Blocks > 1.0 cM
Longest Block: 2.380
Successfully saved to ./Empirical/Eigenstrat/Reichall/I1096/chr15/roh.csv
Using Low-Mem Cython Linear Speed Up.
Loaded Pre Processing Model: Eigenstrat
Loading Individual: I1096

Loaded 34402 variants
Loaded 2504 individuals
HDF5 loaded from ./Data/1000Genomes/HDF5/1240kHDF5/all1240/chr16.hdf5
3 Eigenstrat Files with 5081 Individuals and 1233013 SNPs

Intersection on Positions: 34402
Nr of Matching Refs: 34402 / 34402
Full Intersection Ref/Alt Identical: 34375 / 34402
2504 / 2504 Individuals included in Reference
Extraction of 5008 Haplotypes complete
Reduced to markers called 24570 / 34375
(Fraction SNP: 0.7147636363636364)
Successfully saved to: ./Empirical/Eigenstrat/Reichall/I1096/chr16/
Successfully loaded Data from: ./Empirical/Eigenstrat/Reichall/I1096/chr16/
Loaded Emission Model: haploid
Loaded Transition Model: model
Loaded Post Processing Model: Standard
Minimum Genetic Map: -0.0000
Maximum Genetic Map: 1.3403
Gaps bigger than 0.1 cM: 182
Maximum Gap: 0.8458 cM
Loaded Transition and Emission Matrix:
(3, 3)
(5009, 24570)
Loaded Observations:
(2, 24570)
Memory Usage: 1343.565824 mB
Reference Number: 5008
Total Log likelihood: -8954.191
Memory Usage: 1343.565824 mB
Finished Calculation State Posteriors
Saved Zero State Posterior to ./Empirical/Eigenstrat/Reichall/I1096/chr16/.
Successfully loaded for PP. from ./Empirical/Eigenstrat/Reichall/I1096/chr16/
Fraction Markers in ROH: 0.4385
Merged n=0 gaps < 0.0 M
Called n=11 ROH Blocks > 1.0 cM
Longest Block: 1.734
Successfully saved to ./Empirical/Eigenstrat/Reichall/I1096/chr16/roh.csv
Using Low-Mem Cython Linear Speed Up.
Loaded Pre Processing Model: Eigenstrat
Loading Individual: I1096

Loaded 29314 variants
Loaded 2504 individuals
HDF5 loaded from ./Data/1000Genomes/HDF5/1240kHDF5/all1240/chr17.hdf5
3 Eigenstrat Files with 5081 Individuals and 1233013 SNPs

Intersection on Positions: 29314
Nr of Matching Refs: 29314 / 29314
Full Intersection Ref/Alt Identical: 29292 / 29314
2504 / 2504 Individuals included in Reference
Extraction of 5008 Haplotypes complete
Reduced to markers called 21456 / 29292
(Fraction SNP: 0.7324866857845146)
Successfully saved to: ./Empirical/Eigenstrat/Reichall/I1096/chr17/
Successfully loaded Data from: ./Empirical/Eigenstrat/Reichall/I1096/chr17/
Loaded Emission Model: haploid
Loaded Transition Model: model
Loaded Post Processing Model: Standard
Minimum Genetic Map: -0.0003
Maximum Genetic Map: 1.2847
Gaps bigger than 0.1 cM: 165
Maximum Gap: 1.2341 cM
Loaded Transition and Emission Matrix:
(3, 3)
(5009, 21456)
Loaded Observations:
(2, 21456)
Memory Usage: 1203.204096 mB
Reference Number: 5008
Total Log likelihood: -8137.865
Memory Usage: 1203.204096 mB
Finished Calculation State Posteriors
Saved Zero State Posterior to ./Empirical/Eigenstrat/Reichall/I1096/chr17/.
Successfully loaded for PP. from ./Empirical/Eigenstrat/Reichall/I1096/chr17/
Fraction Markers in ROH: 0.3955
Merged n=0 gaps < 0.0 M
Called n=6 ROH Blocks > 1.0 cM
Longest Block: 1.911
Successfully saved to ./Empirical/Eigenstrat/Reichall/I1096/chr17/roh.csv
Using Low-Mem Cython Linear Speed Up.
Loaded Pre Processing Model: Eigenstrat
Loading Individual: I1096

Loaded 33917 variants
Loaded 2504 individuals
HDF5 loaded from ./Data/1000Genomes/HDF5/1240kHDF5/all1240/chr18.hdf5
3 Eigenstrat Files with 5081 Individuals and 1233013 SNPs

Intersection on Positions: 33917
Nr of Matching Refs: 33917 / 33917
Full Intersection Ref/Alt Identical: 33902 / 33917
2504 / 2504 Individuals included in Reference
Extraction of 5008 Haplotypes complete
Reduced to markers called 21253 / 33902
(Fraction SNP: 0.6268951684266415)
Successfully saved to: ./Empirical/Eigenstrat/Reichall/I1096/chr18/
Successfully loaded Data from: ./Empirical/Eigenstrat/Reichall/I1096/chr18/
Loaded Emission Model: haploid
Loaded Transition Model: model
Loaded Post Processing Model: Standard
Minimum Genetic Map: 0.0016
Maximum Genetic Map: 1.1771
Gaps bigger than 0.1 cM: 173
Maximum Gap: 0.4827 cM
Loaded Transition and Emission Matrix:
(3, 3)
(5009, 21253)
Loaded Observations:
(2, 21253)
Memory Usage: 1193.828352 mB
Reference Number: 5008
Total Log likelihood: -7570.846
Memory Usage: 1193.828352 mB
Finished Calculation State Posteriors
Saved Zero State Posterior to ./Empirical/Eigenstrat/Reichall/I1096/chr18/.
Successfully loaded for PP. from ./Empirical/Eigenstrat/Reichall/I1096/chr18/
Fraction Markers in ROH: 0.4238
Merged n=0 gaps < 0.0 M
Called n=6 ROH Blocks > 1.0 cM
Longest Block: 1.871
Successfully saved to ./Empirical/Eigenstrat/Reichall/I1096/chr18/roh.csv
Using Low-Mem Cython Linear Speed Up.
Loaded Pre Processing Model: Eigenstrat
Loading Individual: I1096

Loaded 18460 variants
Loaded 2504 individuals
HDF5 loaded from ./Data/1000Genomes/HDF5/1240kHDF5/all1240/chr19.hdf5
3 Eigenstrat Files with 5081 Individuals and 1233013 SNPs

Intersection on Positions: 18460
Nr of Matching Refs: 18460 / 18460
Full Intersection Ref/Alt Identical: 18441 / 18460
2504 / 2504 Individuals included in Reference
Extraction of 5008 Haplotypes complete
Reduced to markers called 14179 / 18441
(Fraction SNP: 0.768884550729353)
Successfully saved to: ./Empirical/Eigenstrat/Reichall/I1096/chr19/
Successfully loaded Data from: ./Empirical/Eigenstrat/Reichall/I1096/chr19/
Loaded Emission Model: haploid
Loaded Transition Model: model
Loaded Post Processing Model: Standard
Minimum Genetic Map: 0.0000
Maximum Genetic Map: 1.0773
Gaps bigger than 0.1 cM: 166
Maximum Gap: 0.6114 cM
Loaded Transition and Emission Matrix:
(3, 3)
(5009, 14179)
Loaded Observations:
(2, 14179)
Memory Usage: 875.036672 mB
Reference Number: 5008
Total Log likelihood: -5463.290
Memory Usage: 875.036672 mB
Finished Calculation State Posteriors
Saved Zero State Posterior to ./Empirical/Eigenstrat/Reichall/I1096/chr19/.
Successfully loaded for PP. from ./Empirical/Eigenstrat/Reichall/I1096/chr19/
Fraction Markers in ROH: 0.4463
Merged n=0 gaps < 0.0 M
Called n=7 ROH Blocks > 1.0 cM
Longest Block: 1.606
Successfully saved to ./Empirical/Eigenstrat/Reichall/I1096/chr19/roh.csv
Using Low-Mem Cython Linear Speed Up.
Loaded Pre Processing Model: Eigenstrat
Loading Individual: I1096

Loaded 29078 variants
Loaded 2504 individuals
HDF5 loaded from ./Data/1000Genomes/HDF5/1240kHDF5/all1240/chr20.hdf5
3 Eigenstrat Files with 5081 Individuals and 1233013 SNPs

Intersection on Positions: 29078
Nr of Matching Refs: 29078 / 29078
Full Intersection Ref/Alt Identical: 29053 / 29078
2504 / 2504 Individuals included in Reference
Extraction of 5008 Haplotypes complete
Reduced to markers called 20724 / 29053
(Fraction SNP: 0.7133170412694042)
Successfully saved to: ./Empirical/Eigenstrat/Reichall/I1096/chr20/
Successfully loaded Data from: ./Empirical/Eigenstrat/Reichall/I1096/chr20/
Loaded Emission Model: haploid
Loaded Transition Model: model
Loaded Post Processing Model: Standard
Minimum Genetic Map: 0.0000
Maximum Genetic Map: 1.0821
Gaps bigger than 0.1 cM: 157
Maximum Gap: 0.4744 cM
Loaded Transition and Emission Matrix:
(3, 3)
(5009, 20724)
Loaded Observations:
(2, 20724)
Memory Usage: 1170.354176 mB
Reference Number: 5008
Total Log likelihood: -7298.268
Memory Usage: 1170.354176 mB
Finished Calculation State Posteriors
Saved Zero State Posterior to ./Empirical/Eigenstrat/Reichall/I1096/chr20/.
Successfully loaded for PP. from ./Empirical/Eigenstrat/Reichall/I1096/chr20/
Fraction Markers in ROH: 0.4282
Merged n=0 gaps < 0.0 M
Called n=4 ROH Blocks > 1.0 cM
Longest Block: 1.408
Successfully saved to ./Empirical/Eigenstrat/Reichall/I1096/chr20/roh.csv
Using Low-Mem Cython Linear Speed Up.
Loaded Pre Processing Model: Eigenstrat
Loading Individual: I1096

Loaded 16038 variants
Loaded 2504 individuals
HDF5 loaded from ./Data/1000Genomes/HDF5/1240kHDF5/all1240/chr21.hdf5
3 Eigenstrat Files with 5081 Individuals and 1233013 SNPs

Intersection on Positions: 16038
Nr of Matching Refs: 16038 / 16038
Full Intersection Ref/Alt Identical: 16031 / 16038
2504 / 2504 Individuals included in Reference
Extraction of 5008 Haplotypes complete
Reduced to markers called 10250 / 16031
(Fraction SNP: 0.639386189258312)
Successfully saved to: ./Empirical/Eigenstrat/Reichall/I1096/chr21/
Successfully loaded Data from: ./Empirical/Eigenstrat/Reichall/I1096/chr21/
Loaded Emission Model: haploid
Loaded Transition Model: model
Loaded Post Processing Model: Standard
Minimum Genetic Map: -0.0085
Maximum Genetic Map: 0.6277
Gaps bigger than 0.1 cM: 105
Maximum Gap: 1.7201 cM
Loaded Transition and Emission Matrix:
(3, 3)
(5009, 10250)
Loaded Observations:
(2, 10250)
Memory Usage: 701.48096 mB
Reference Number: 5008
Total Log likelihood: -3774.927
Memory Usage: 701.48096 mB
Finished Calculation State Posteriors
Saved Zero State Posterior to ./Empirical/Eigenstrat/Reichall/I1096/chr21/.
Successfully loaded for PP. from ./Empirical/Eigenstrat/Reichall/I1096/chr21/
Fraction Markers in ROH: 0.4367
Merged n=0 gaps < 0.0 M
Called n=2 ROH Blocks > 1.0 cM
Longest Block: 1.149
Successfully saved to ./Empirical/Eigenstrat/Reichall/I1096/chr21/roh.csv
Using Low-Mem Cython Linear Speed Up.
Loaded Pre Processing Model: Eigenstrat
Loading Individual: I1096

Loaded 15802 variants
Loaded 2504 individuals
HDF5 loaded from ./Data/1000Genomes/HDF5/1240kHDF5/all1240/chr22.hdf5
3 Eigenstrat Files with 5081 Individuals and 1233013 SNPs

Intersection on Positions: 15802
Nr of Matching Refs: 15802 / 15802
Full Intersection Ref/Alt Identical: 15793 / 15802
2504 / 2504 Individuals included in Reference
Extraction of 5008 Haplotypes complete
Reduced to markers called 12472 / 15793
(Fraction SNP: 0.7897169632115494)
Successfully saved to: ./Empirical/Eigenstrat/Reichall/I1096/chr22/
Successfully loaded Data from: ./Empirical/Eigenstrat/Reichall/I1096/chr22/
Loaded Emission Model: haploid
Loaded Transition Model: model
Loaded Post Processing Model: Standard
Minimum Genetic Map: 0.0180
Maximum Genetic Map: 0.7408
Gaps bigger than 0.1 cM: 93
Maximum Gap: 1.6949 cM
Loaded Transition and Emission Matrix:
(3, 3)
(5009, 12472)
Loaded Observations:
(2, 12472)
Memory Usage: 802.185216 mB
Reference Number: 5008
Total Log likelihood: -4720.837
Memory Usage: 802.185216 mB
Finished Calculation State Posteriors
Saved Zero State Posterior to ./Empirical/Eigenstrat/Reichall/I1096/chr22/.
Successfully loaded for PP. from ./Empirical/Eigenstrat/Reichall/I1096/chr22/
Fraction Markers in ROH: 0.3926
Merged n=0 gaps < 0.0 M
Called n=4 ROH Blocks > 1.0 cM
Longest Block: 1.800
Successfully saved to ./Empirical/Eigenstrat/Reichall/I1096/chr22/roh.csv
