Loaded 2106 / 5081 ancient Indivdiuals Anno File.
Doing Individual I0424_published...
Using Low-Mem Cython Linear Speed Up.
Loaded Pre Processing Model: Eigenstrat
Loading Individual: I0424_published

Loaded 89147 variants
Loaded 2504 individuals
HDF5 loaded from ./Data/1000Genomes/HDF5/1240kHDF5/all1240/chr1.hdf5
3 Eigenstrat Files with 5081 Individuals and 1233013 SNPs

Intersection on Positions: 89147
Nr of Matching Refs: 89147 / 89147
Full Intersection Ref/Alt Identical: 89082 / 89147
2504 / 2504 Individuals included in Reference
Extraction of 5008 Haplotypes complete
Reduced to markers called 39463 / 89082
(Fraction SNP: 0.44299634045037156)
Successfully saved to: ./Empirical/Eigenstrat/Reichall/I0424_published/chr1/
Successfully loaded Data from: ./Empirical/Eigenstrat/Reichall/I0424_published/chr1/
Loaded Emission Model: haploid
Loaded Transition Model: model
Loaded Post Processing Model: Standard
Minimum Genetic Map: 0.0201
Maximum Genetic Map: 2.8627
Gaps bigger than 0.1 cM: 488
Maximum Gap: 2.9476 cM
Loaded Transition and Emission Matrix:
(3, 3)
(5009, 39463)
Loaded Observations:
(2, 39463)
Memory Usage: 1973.968896 mB
Reference Number: 5008
Total Log likelihood: -13968.203
Memory Usage: 1974.431744 mB
Finished Calculation State Posteriors
Saved Zero State Posterior to ./Empirical/Eigenstrat/Reichall/I0424_published/chr1/.
Successfully loaded for PP. from ./Empirical/Eigenstrat/Reichall/I0424_published/chr1/
Fraction Markers in ROH: 0.4192
Merged n=0 gaps < 0.0 M
Called n=19 ROH Blocks > 1.0 cM
Longest Block: 3.786
Successfully saved to ./Empirical/Eigenstrat/Reichall/I0424_published/chr1/roh.csv
Using Low-Mem Cython Linear Speed Up.
Loaded Pre Processing Model: Eigenstrat
Loading Individual: I0424_published

Loaded 94239 variants
Loaded 2504 individuals
HDF5 loaded from ./Data/1000Genomes/HDF5/1240kHDF5/all1240/chr2.hdf5
3 Eigenstrat Files with 5081 Individuals and 1233013 SNPs

Intersection on Positions: 94239
Nr of Matching Refs: 94239 / 94239
Full Intersection Ref/Alt Identical: 94173 / 94239
2504 / 2504 Individuals included in Reference
Extraction of 5008 Haplotypes complete
Reduced to markers called 40723 / 94173
(Fraction SNP: 0.4324275535450713)
Successfully saved to: ./Empirical/Eigenstrat/Reichall/I0424_published/chr2/
Successfully loaded Data from: ./Empirical/Eigenstrat/Reichall/I0424_published/chr2/
Loaded Emission Model: haploid
Loaded Transition Model: model
Loaded Post Processing Model: Standard
Minimum Genetic Map: 0.0001
Maximum Genetic Map: 2.6883
Gaps bigger than 0.1 cM: 423
Maximum Gap: 2.0159 cM
Loaded Transition and Emission Matrix:
(3, 3)
(5009, 40723)
Loaded Observations:
(2, 40723)
Memory Usage: 2069.655552 mB
Reference Number: 5008
Total Log likelihood: -14670.284
Memory Usage: 2069.655552 mB
Finished Calculation State Posteriors
Saved Zero State Posterior to ./Empirical/Eigenstrat/Reichall/I0424_published/chr2/.
Successfully loaded for PP. from ./Empirical/Eigenstrat/Reichall/I0424_published/chr2/
Fraction Markers in ROH: 0.4213
Merged n=0 gaps < 0.0 M
Called n=15 ROH Blocks > 1.0 cM
Longest Block: 6.525
Successfully saved to ./Empirical/Eigenstrat/Reichall/I0424_published/chr2/roh.csv
Using Low-Mem Cython Linear Speed Up.
Loaded Pre Processing Model: Eigenstrat
Loading Individual: I0424_published

Loaded 77652 variants
Loaded 2504 individuals
HDF5 loaded from ./Data/1000Genomes/HDF5/1240kHDF5/all1240/chr3.hdf5
3 Eigenstrat Files with 5081 Individuals and 1233013 SNPs

Intersection on Positions: 77652
Nr of Matching Refs: 77652 / 77652
Full Intersection Ref/Alt Identical: 77601 / 77652
2504 / 2504 Individuals included in Reference
Extraction of 5008 Haplotypes complete
Reduced to markers called 33434 / 77601
(Fraction SNP: 0.4308449633381013)
Successfully saved to: ./Empirical/Eigenstrat/Reichall/I0424_published/chr3/
Successfully loaded Data from: ./Empirical/Eigenstrat/Reichall/I0424_published/chr3/
Loaded Emission Model: haploid
Loaded Transition Model: model
Loaded Post Processing Model: Standard
Minimum Genetic Map: 0.0000
Maximum Genetic Map: 2.2326
Gaps bigger than 0.1 cM: 382
Maximum Gap: 0.4234 cM
Loaded Transition and Emission Matrix:
(3, 3)
(5009, 33434)
Loaded Observations:
(2, 33434)
Memory Usage: 1741.123584 mB
Reference Number: 5008
Total Log likelihood: -12534.980
Memory Usage: 1741.123584 mB
Finished Calculation State Posteriors
Saved Zero State Posterior to ./Empirical/Eigenstrat/Reichall/I0424_published/chr3/.
Successfully loaded for PP. from ./Empirical/Eigenstrat/Reichall/I0424_published/chr3/
Fraction Markers in ROH: 0.4019
Merged n=0 gaps < 0.0 M
Called n=9 ROH Blocks > 1.0 cM
Longest Block: 1.663
Successfully saved to ./Empirical/Eigenstrat/Reichall/I0424_published/chr3/roh.csv
Using Low-Mem Cython Linear Speed Up.
Loaded Pre Processing Model: Eigenstrat
Loading Individual: I0424_published

Loaded 68759 variants
Loaded 2504 individuals
HDF5 loaded from ./Data/1000Genomes/HDF5/1240kHDF5/all1240/chr4.hdf5
3 Eigenstrat Files with 5081 Individuals and 1233013 SNPs

Intersection on Positions: 68759
Nr of Matching Refs: 68759 / 68759
Full Intersection Ref/Alt Identical: 68720 / 68759
2504 / 2504 Individuals included in Reference
Extraction of 5008 Haplotypes complete
Reduced to markers called 28545 / 68720
(Fraction SNP: 0.4153812572759022)
Successfully saved to: ./Empirical/Eigenstrat/Reichall/I0424_published/chr4/
Successfully loaded Data from: ./Empirical/Eigenstrat/Reichall/I0424_published/chr4/
Loaded Emission Model: haploid
Loaded Transition Model: model
Loaded Post Processing Model: Standard
Minimum Genetic Map: 0.0034
Maximum Genetic Map: 2.1454
Gaps bigger than 0.1 cM: 365
Maximum Gap: 2.0578 cM
Loaded Transition and Emission Matrix:
(3, 3)
(5009, 28545)
Loaded Observations:
(2, 28545)
Memory Usage: 1521.680384 mB
Reference Number: 5008
Total Log likelihood: -10499.579
Memory Usage: 1521.668096 mB
Finished Calculation State Posteriors
Saved Zero State Posterior to ./Empirical/Eigenstrat/Reichall/I0424_published/chr4/.
Successfully loaded for PP. from ./Empirical/Eigenstrat/Reichall/I0424_published/chr4/
Fraction Markers in ROH: 0.4034
Merged n=0 gaps < 0.0 M
Called n=18 ROH Blocks > 1.0 cM
Longest Block: 2.528
Successfully saved to ./Empirical/Eigenstrat/Reichall/I0424_published/chr4/roh.csv
Using Low-Mem Cython Linear Speed Up.
Loaded Pre Processing Model: Eigenstrat
Loading Individual: I0424_published

Loaded 69399 variants
Loaded 2504 individuals
HDF5 loaded from ./Data/1000Genomes/HDF5/1240kHDF5/all1240/chr5.hdf5
3 Eigenstrat Files with 5081 Individuals and 1233013 SNPs

Intersection on Positions: 69399
Nr of Matching Refs: 69399 / 69399
Full Intersection Ref/Alt Identical: 69354 / 69399
2504 / 2504 Individuals included in Reference
Extraction of 5008 Haplotypes complete
Reduced to markers called 29363 / 69354
(Fraction SNP: 0.4233786082994492)
Successfully saved to: ./Empirical/Eigenstrat/Reichall/I0424_published/chr5/
Successfully loaded Data from: ./Empirical/Eigenstrat/Reichall/I0424_published/chr5/
Loaded Emission Model: haploid
Loaded Transition Model: model
Loaded Post Processing Model: Standard
Minimum Genetic Map: 0.0004
Maximum Genetic Map: 2.0408
Gaps bigger than 0.1 cM: 350
Maximum Gap: 1.0498 cM
Loaded Transition and Emission Matrix:
(3, 3)
(5009, 29363)
Loaded Observations:
(2, 29363)
Memory Usage: 1558.704128 mB
Reference Number: 5008
Total Log likelihood: -10817.234
Memory Usage: 1558.704128 mB
Finished Calculation State Posteriors
Saved Zero State Posterior to ./Empirical/Eigenstrat/Reichall/I0424_published/chr5/.
Successfully loaded for PP. from ./Empirical/Eigenstrat/Reichall/I0424_published/chr5/
Fraction Markers in ROH: 0.3743
Merged n=0 gaps < 0.0 M
Called n=11 ROH Blocks > 1.0 cM
Longest Block: 2.029
Successfully saved to ./Empirical/Eigenstrat/Reichall/I0424_published/chr5/roh.csv
Using Low-Mem Cython Linear Speed Up.
Loaded Pre Processing Model: Eigenstrat
Loading Individual: I0424_published

Loaded 75870 variants
Loaded 2504 individuals
HDF5 loaded from ./Data/1000Genomes/HDF5/1240kHDF5/all1240/chr6.hdf5
3 Eigenstrat Files with 5081 Individuals and 1233013 SNPs

Intersection on Positions: 75870
Nr of Matching Refs: 75870 / 75870
Full Intersection Ref/Alt Identical: 75816 / 75870
2504 / 2504 Individuals included in Reference
Extraction of 5008 Haplotypes complete
Reduced to markers called 32697 / 75816
(Fraction SNP: 0.43126780626780625)
Successfully saved to: ./Empirical/Eigenstrat/Reichall/I0424_published/chr6/
Successfully loaded Data from: ./Empirical/Eigenstrat/Reichall/I0424_published/chr6/
Loaded Emission Model: haploid
Loaded Transition Model: model
Loaded Post Processing Model: Standard
Minimum Genetic Map: 0.0035
Maximum Genetic Map: 1.9203
Gaps bigger than 0.1 cM: 293
Maximum Gap: 0.5500 cM
Loaded Transition and Emission Matrix:
(3, 3)
(5009, 32697)
Loaded Observations:
(2, 32697)
Memory Usage: 1708.908544 mB
Reference Number: 5008
Total Log likelihood: -11761.427
Memory Usage: 1708.908544 mB
Finished Calculation State Posteriors
Saved Zero State Posterior to ./Empirical/Eigenstrat/Reichall/I0424_published/chr6/.
Successfully loaded for PP. from ./Empirical/Eigenstrat/Reichall/I0424_published/chr6/
Fraction Markers in ROH: 0.4327
Merged n=0 gaps < 0.0 M
Called n=14 ROH Blocks > 1.0 cM
Longest Block: 2.770
Successfully saved to ./Empirical/Eigenstrat/Reichall/I0424_published/chr6/roh.csv
Using Low-Mem Cython Linear Speed Up.
Loaded Pre Processing Model: Eigenstrat
Loading Individual: I0424_published

Loaded 59890 variants
Loaded 2504 individuals
HDF5 loaded from ./Data/1000Genomes/HDF5/1240kHDF5/all1240/chr7.hdf5
3 Eigenstrat Files with 5081 Individuals and 1233013 SNPs

Intersection on Positions: 59890
Nr of Matching Refs: 59890 / 59890
Full Intersection Ref/Alt Identical: 59836 / 59890
2504 / 2504 Individuals included in Reference
Extraction of 5008 Haplotypes complete
Reduced to markers called 25245 / 59836
(Fraction SNP: 0.4219032020857009)
Successfully saved to: ./Empirical/Eigenstrat/Reichall/I0424_published/chr7/
Successfully loaded Data from: ./Empirical/Eigenstrat/Reichall/I0424_published/chr7/
Loaded Emission Model: haploid
Loaded Transition Model: model
Loaded Post Processing Model: Standard
Minimum Genetic Map: 0.0000
Maximum Genetic Map: 1.8715
Gaps bigger than 0.1 cM: 331
Maximum Gap: 1.0508 cM
Loaded Transition and Emission Matrix:
(3, 3)
(5009, 25245)
Loaded Observations:
(2, 25245)
Memory Usage: 1372.9792 mB
Reference Number: 5008
Total Log likelihood: -9543.689
Memory Usage: 1372.9792 mB
Finished Calculation State Posteriors
Saved Zero State Posterior to ./Empirical/Eigenstrat/Reichall/I0424_published/chr7/.
Successfully loaded for PP. from ./Empirical/Eigenstrat/Reichall/I0424_published/chr7/
Fraction Markers in ROH: 0.3713
Merged n=0 gaps < 0.0 M
Called n=6 ROH Blocks > 1.0 cM
Longest Block: 1.799
Successfully saved to ./Empirical/Eigenstrat/Reichall/I0424_published/chr7/roh.csv
Using Low-Mem Cython Linear Speed Up.
Loaded Pre Processing Model: Eigenstrat
Loading Individual: I0424_published

Loaded 61133 variants
Loaded 2504 individuals
HDF5 loaded from ./Data/1000Genomes/HDF5/1240kHDF5/all1240/chr8.hdf5
3 Eigenstrat Files with 5081 Individuals and 1233013 SNPs

Intersection on Positions: 61133
Nr of Matching Refs: 61133 / 61133
Full Intersection Ref/Alt Identical: 61091 / 61133
2504 / 2504 Individuals included in Reference
Extraction of 5008 Haplotypes complete
Reduced to markers called 26222 / 61091
(Fraction SNP: 0.42922852793373817)
Successfully saved to: ./Empirical/Eigenstrat/Reichall/I0424_published/chr8/
Successfully loaded Data from: ./Empirical/Eigenstrat/Reichall/I0424_published/chr8/
Loaded Emission Model: haploid
Loaded Transition Model: model
Loaded Post Processing Model: Standard
Minimum Genetic Map: 0.0000
Maximum Genetic Map: 1.6800
Gaps bigger than 0.1 cM: 266
Maximum Gap: 1.9070 cM
Loaded Transition and Emission Matrix:
(3, 3)
(5009, 26222)
Loaded Observations:
(2, 26222)
Memory Usage: 1417.29792 mB
Reference Number: 5008
Total Log likelihood: -9633.809
Memory Usage: 1417.29792 mB
Finished Calculation State Posteriors
Saved Zero State Posterior to ./Empirical/Eigenstrat/Reichall/I0424_published/chr8/.
Successfully loaded for PP. from ./Empirical/Eigenstrat/Reichall/I0424_published/chr8/
Fraction Markers in ROH: 0.4342
Merged n=0 gaps < 0.0 M
Called n=10 ROH Blocks > 1.0 cM
Longest Block: 4.356
Successfully saved to ./Empirical/Eigenstrat/Reichall/I0424_published/chr8/roh.csv
Using Low-Mem Cython Linear Speed Up.
Loaded Pre Processing Model: Eigenstrat
Loading Individual: I0424_published

Loaded 50668 variants
Loaded 2504 individuals
HDF5 loaded from ./Data/1000Genomes/HDF5/1240kHDF5/all1240/chr9.hdf5
3 Eigenstrat Files with 5081 Individuals and 1233013 SNPs

Intersection on Positions: 50668
Nr of Matching Refs: 50668 / 50668
Full Intersection Ref/Alt Identical: 50629 / 50668
2504 / 2504 Individuals included in Reference
Extraction of 5008 Haplotypes complete
Reduced to markers called 22003 / 50629
(Fraction SNP: 0.4345928222955223)
Successfully saved to: ./Empirical/Eigenstrat/Reichall/I0424_published/chr9/
Successfully loaded Data from: ./Empirical/Eigenstrat/Reichall/I0424_published/chr9/
Loaded Emission Model: haploid
Loaded Transition Model: model
Loaded Post Processing Model: Standard
Minimum Genetic Map: 0.0016
Maximum Genetic Map: 1.6630
Gaps bigger than 0.1 cM: 302
Maximum Gap: 2.3102 cM
Loaded Transition and Emission Matrix:
(3, 3)
(5009, 22003)
Loaded Observations:
(2, 22003)
Memory Usage: 1227.460608 mB
Reference Number: 5008
Total Log likelihood: -8354.294
Memory Usage: 1227.460608 mB
Finished Calculation State Posteriors
Saved Zero State Posterior to ./Empirical/Eigenstrat/Reichall/I0424_published/chr9/.
Successfully loaded for PP. from ./Empirical/Eigenstrat/Reichall/I0424_published/chr9/
Fraction Markers in ROH: 0.3440
Merged n=0 gaps < 0.0 M
Called n=10 ROH Blocks > 1.0 cM
Longest Block: 1.605
Successfully saved to ./Empirical/Eigenstrat/Reichall/I0424_published/chr9/roh.csv
Using Low-Mem Cython Linear Speed Up.
Loaded Pre Processing Model: Eigenstrat
Loading Individual: I0424_published

Loaded 58804 variants
Loaded 2504 individuals
HDF5 loaded from ./Data/1000Genomes/HDF5/1240kHDF5/all1240/chr10.hdf5
3 Eigenstrat Files with 5081 Individuals and 1233013 SNPs

Intersection on Positions: 58804
Nr of Matching Refs: 58804 / 58804
Full Intersection Ref/Alt Identical: 58763 / 58804
2504 / 2504 Individuals included in Reference
Extraction of 5008 Haplotypes complete
Reduced to markers called 25811 / 58763
(Fraction SNP: 0.43923897690723757)
Successfully saved to: ./Empirical/Eigenstrat/Reichall/I0424_published/chr10/
Successfully loaded Data from: ./Empirical/Eigenstrat/Reichall/I0424_published/chr10/
Loaded Emission Model: haploid
Loaded Transition Model: model
Loaded Post Processing Model: Standard
Minimum Genetic Map: 0.0001
Maximum Genetic Map: 1.8091
Gaps bigger than 0.1 cM: 290
Maximum Gap: 2.0338 cM
Loaded Transition and Emission Matrix:
(3, 3)
(5009, 25811)
Loaded Observations:
(2, 25811)
Memory Usage: 1398.874112 mB
Reference Number: 5008
Total Log likelihood: -9422.977
Memory Usage: 1398.874112 mB
Finished Calculation State Posteriors
Saved Zero State Posterior to ./Empirical/Eigenstrat/Reichall/I0424_published/chr10/.
Successfully loaded for PP. from ./Empirical/Eigenstrat/Reichall/I0424_published/chr10/
Fraction Markers in ROH: 0.4142
Merged n=0 gaps < 0.0 M
Called n=12 ROH Blocks > 1.0 cM
Longest Block: 2.023
Successfully saved to ./Empirical/Eigenstrat/Reichall/I0424_published/chr10/roh.csv
Using Low-Mem Cython Linear Speed Up.
Loaded Pre Processing Model: Eigenstrat
Loading Individual: I0424_published

Loaded 54833 variants
Loaded 2504 individuals
HDF5 loaded from ./Data/1000Genomes/HDF5/1240kHDF5/all1240/chr11.hdf5
3 Eigenstrat Files with 5081 Individuals and 1233013 SNPs

Intersection on Positions: 54833
Nr of Matching Refs: 54833 / 54833
Full Intersection Ref/Alt Identical: 54796 / 54833
2504 / 2504 Individuals included in Reference
Extraction of 5008 Haplotypes complete
Reduced to markers called 23595 / 54796
(Fraction SNP: 0.4305971238776553)
Successfully saved to: ./Empirical/Eigenstrat/Reichall/I0424_published/chr11/
Successfully loaded Data from: ./Empirical/Eigenstrat/Reichall/I0424_published/chr11/
Loaded Emission Model: haploid
Loaded Transition Model: model
Loaded Post Processing Model: Standard
Minimum Genetic Map: 0.0001
Maximum Genetic Map: 1.5822
Gaps bigger than 0.1 cM: 269
Maximum Gap: 0.5366 cM
Loaded Transition and Emission Matrix:
(3, 3)
(5009, 23595)
Loaded Observations:
(2, 23595)
Memory Usage: 1299.054592 mB
Reference Number: 5008
Total Log likelihood: -8822.093
Memory Usage: 1299.054592 mB
Finished Calculation State Posteriors
Saved Zero State Posterior to ./Empirical/Eigenstrat/Reichall/I0424_published/chr11/.
Successfully loaded for PP. from ./Empirical/Eigenstrat/Reichall/I0424_published/chr11/
Fraction Markers in ROH: 0.3717
Merged n=0 gaps < 0.0 M
Called n=4 ROH Blocks > 1.0 cM
Longest Block: 2.259
Successfully saved to ./Empirical/Eigenstrat/Reichall/I0424_published/chr11/roh.csv
Using Low-Mem Cython Linear Speed Up.
Loaded Pre Processing Model: Eigenstrat
Loading Individual: I0424_published

Loaded 53911 variants
Loaded 2504 individuals
HDF5 loaded from ./Data/1000Genomes/HDF5/1240kHDF5/all1240/chr12.hdf5
3 Eigenstrat Files with 5081 Individuals and 1233013 SNPs

Intersection on Positions: 53911
Nr of Matching Refs: 53911 / 53911
Full Intersection Ref/Alt Identical: 53884 / 53911
2504 / 2504 Individuals included in Reference
Extraction of 5008 Haplotypes complete
Reduced to markers called 23265 / 53884
(Fraction SNP: 0.4317608195382674)
Successfully saved to: ./Empirical/Eigenstrat/Reichall/I0424_published/chr12/
Successfully loaded Data from: ./Empirical/Eigenstrat/Reichall/I0424_published/chr12/
Loaded Emission Model: haploid
Loaded Transition Model: model
Loaded Post Processing Model: Standard
Minimum Genetic Map: 0.0017
Maximum Genetic Map: 1.7468
Gaps bigger than 0.1 cM: 307
Maximum Gap: 0.8015 cM
Loaded Transition and Emission Matrix:
(3, 3)
(5009, 23265)
Loaded Observations:
(2, 23265)
Memory Usage: 1284.5056 mB
Reference Number: 5008
Total Log likelihood: -8640.423
Memory Usage: 1284.5056 mB
Finished Calculation State Posteriors
Saved Zero State Posterior to ./Empirical/Eigenstrat/Reichall/I0424_published/chr12/.
Successfully loaded for PP. from ./Empirical/Eigenstrat/Reichall/I0424_published/chr12/
Fraction Markers in ROH: 0.4040
Merged n=0 gaps < 0.0 M
Called n=11 ROH Blocks > 1.0 cM
Longest Block: 1.334
Successfully saved to ./Empirical/Eigenstrat/Reichall/I0424_published/chr12/roh.csv
Using Low-Mem Cython Linear Speed Up.
Loaded Pre Processing Model: Eigenstrat
Loading Individual: I0424_published

Loaded 39018 variants
Loaded 2504 individuals
HDF5 loaded from ./Data/1000Genomes/HDF5/1240kHDF5/all1240/chr13.hdf5
3 Eigenstrat Files with 5081 Individuals and 1233013 SNPs

Intersection on Positions: 39018
Nr of Matching Refs: 39018 / 39018
Full Intersection Ref/Alt Identical: 38994 / 39018
2504 / 2504 Individuals included in Reference
Extraction of 5008 Haplotypes complete
Reduced to markers called 16226 / 38994
(Fraction SNP: 0.41611529978971123)
Successfully saved to: ./Empirical/Eigenstrat/Reichall/I0424_published/chr13/
Successfully loaded Data from: ./Empirical/Eigenstrat/Reichall/I0424_published/chr13/
Loaded Emission Model: haploid
Loaded Transition Model: model
Loaded Post Processing Model: Standard
Minimum Genetic Map: 0.0019
Maximum Genetic Map: 1.2570
Gaps bigger than 0.1 cM: 232
Maximum Gap: 1.2518 cM
Loaded Transition and Emission Matrix:
(3, 3)
(5009, 16226)
Loaded Observations:
(2, 16226)
Memory Usage: 967.589888 mB
Reference Number: 5008
Total Log likelihood: -6234.956
Memory Usage: 967.589888 mB
Finished Calculation State Posteriors
Saved Zero State Posterior to ./Empirical/Eigenstrat/Reichall/I0424_published/chr13/.
Successfully loaded for PP. from ./Empirical/Eigenstrat/Reichall/I0424_published/chr13/
Fraction Markers in ROH: 0.3399
Merged n=0 gaps < 0.0 M
Called n=6 ROH Blocks > 1.0 cM
Longest Block: 1.915
Successfully saved to ./Empirical/Eigenstrat/Reichall/I0424_published/chr13/roh.csv
Using Low-Mem Cython Linear Speed Up.
Loaded Pre Processing Model: Eigenstrat
Loading Individual: I0424_published

Loaded 36301 variants
Loaded 2504 individuals
HDF5 loaded from ./Data/1000Genomes/HDF5/1240kHDF5/all1240/chr14.hdf5
3 Eigenstrat Files with 5081 Individuals and 1233013 SNPs

Intersection on Positions: 36301
Nr of Matching Refs: 36301 / 36301
Full Intersection Ref/Alt Identical: 36280 / 36301
2504 / 2504 Individuals included in Reference
Extraction of 5008 Haplotypes complete
Reduced to markers called 15654 / 36280
(Fraction SNP: 0.4314773980154355)
Successfully saved to: ./Empirical/Eigenstrat/Reichall/I0424_published/chr14/
Successfully loaded Data from: ./Empirical/Eigenstrat/Reichall/I0424_published/chr14/
Loaded Emission Model: haploid
Loaded Transition Model: model
Loaded Post Processing Model: Standard
Minimum Genetic Map: 0.0161
Maximum Genetic Map: 1.2020
Gaps bigger than 0.1 cM: 207
Maximum Gap: 3.3955 cM
Loaded Transition and Emission Matrix:
(3, 3)
(5009, 15654)
Loaded Observations:
(2, 15654)
Memory Usage: 941.91616 mB
Reference Number: 5008
Total Log likelihood: -5794.124
Memory Usage: 941.91616 mB
Finished Calculation State Posteriors
Saved Zero State Posterior to ./Empirical/Eigenstrat/Reichall/I0424_published/chr14/.
Successfully loaded for PP. from ./Empirical/Eigenstrat/Reichall/I0424_published/chr14/
Fraction Markers in ROH: 0.4215
Merged n=0 gaps < 0.0 M
Called n=9 ROH Blocks > 1.0 cM
Longest Block: 1.699
Successfully saved to ./Empirical/Eigenstrat/Reichall/I0424_published/chr14/roh.csv
Using Low-Mem Cython Linear Speed Up.
Loaded Pre Processing Model: Eigenstrat
Loading Individual: I0424_published

Loaded 34429 variants
Loaded 2504 individuals
HDF5 loaded from ./Data/1000Genomes/HDF5/1240kHDF5/all1240/chr15.hdf5
3 Eigenstrat Files with 5081 Individuals and 1233013 SNPs

Intersection on Positions: 34429
Nr of Matching Refs: 34429 / 34429
Full Intersection Ref/Alt Identical: 34407 / 34429
2504 / 2504 Individuals included in Reference
Extraction of 5008 Haplotypes complete
Reduced to markers called 14998 / 34407
(Fraction SNP: 0.4358996715784579)
Successfully saved to: ./Empirical/Eigenstrat/Reichall/I0424_published/chr15/
Successfully loaded Data from: ./Empirical/Eigenstrat/Reichall/I0424_published/chr15/
Loaded Emission Model: haploid
Loaded Transition Model: model
Loaded Post Processing Model: Standard
Minimum Genetic Map: 0.0002
Maximum Genetic Map: 1.4134
Gaps bigger than 0.1 cM: 214
Maximum Gap: 11.4957 cM
Loaded Transition and Emission Matrix:
(3, 3)
(5009, 14998)
Loaded Observations:
(2, 14998)
Memory Usage: 912.662528 mB
Reference Number: 5008
Total Log likelihood: -5650.392
Memory Usage: 912.662528 mB
Finished Calculation State Posteriors
Saved Zero State Posterior to ./Empirical/Eigenstrat/Reichall/I0424_published/chr15/.
Successfully loaded for PP. from ./Empirical/Eigenstrat/Reichall/I0424_published/chr15/
Fraction Markers in ROH: 0.4198
Merged n=0 gaps < 0.0 M
Called n=7 ROH Blocks > 1.0 cM
Longest Block: 3.449
Successfully saved to ./Empirical/Eigenstrat/Reichall/I0424_published/chr15/roh.csv
Using Low-Mem Cython Linear Speed Up.
Loaded Pre Processing Model: Eigenstrat
Loading Individual: I0424_published

Loaded 34402 variants
Loaded 2504 individuals
HDF5 loaded from ./Data/1000Genomes/HDF5/1240kHDF5/all1240/chr16.hdf5
3 Eigenstrat Files with 5081 Individuals and 1233013 SNPs

Intersection on Positions: 34402
Nr of Matching Refs: 34402 / 34402
Full Intersection Ref/Alt Identical: 34375 / 34402
2504 / 2504 Individuals included in Reference
Extraction of 5008 Haplotypes complete
Reduced to markers called 15381 / 34375
(Fraction SNP: 0.44744727272727275)
Successfully saved to: ./Empirical/Eigenstrat/Reichall/I0424_published/chr16/
Successfully loaded Data from: ./Empirical/Eigenstrat/Reichall/I0424_published/chr16/
Loaded Emission Model: haploid
Loaded Transition Model: model
Loaded Post Processing Model: Standard
Minimum Genetic Map: -0.0000
Maximum Genetic Map: 1.3403
Gaps bigger than 0.1 cM: 249
Maximum Gap: 1.0583 cM
Loaded Transition and Emission Matrix:
(3, 3)
(5009, 15381)
Loaded Observations:
(2, 15381)
Memory Usage: 930.246656 mB
Reference Number: 5008
Total Log likelihood: -5839.104
Memory Usage: 930.246656 mB
Finished Calculation State Posteriors
Saved Zero State Posterior to ./Empirical/Eigenstrat/Reichall/I0424_published/chr16/.
Successfully loaded for PP. from ./Empirical/Eigenstrat/Reichall/I0424_published/chr16/
Fraction Markers in ROH: 0.3811
Merged n=0 gaps < 0.0 M
Called n=9 ROH Blocks > 1.0 cM
Longest Block: 1.785
Successfully saved to ./Empirical/Eigenstrat/Reichall/I0424_published/chr16/roh.csv
Using Low-Mem Cython Linear Speed Up.
Loaded Pre Processing Model: Eigenstrat
Loading Individual: I0424_published

Loaded 29314 variants
Loaded 2504 individuals
HDF5 loaded from ./Data/1000Genomes/HDF5/1240kHDF5/all1240/chr17.hdf5
3 Eigenstrat Files with 5081 Individuals and 1233013 SNPs

Intersection on Positions: 29314
Nr of Matching Refs: 29314 / 29314
Full Intersection Ref/Alt Identical: 29292 / 29314
2504 / 2504 Individuals included in Reference
Extraction of 5008 Haplotypes complete
Reduced to markers called 13161 / 29292
(Fraction SNP: 0.44930356411306843)
Successfully saved to: ./Empirical/Eigenstrat/Reichall/I0424_published/chr17/
Successfully loaded Data from: ./Empirical/Eigenstrat/Reichall/I0424_published/chr17/
Loaded Emission Model: haploid
Loaded Transition Model: model
Loaded Post Processing Model: Standard
Minimum Genetic Map: 0.0002
Maximum Genetic Map: 1.2847
Gaps bigger than 0.1 cM: 248
Maximum Gap: 1.2341 cM
Loaded Transition and Emission Matrix:
(3, 3)
(5009, 13161)
Loaded Observations:
(2, 13161)
Memory Usage: 829.394944 mB
Reference Number: 5008
Total Log likelihood: -4964.621
Memory Usage: 829.394944 mB
Finished Calculation State Posteriors
Saved Zero State Posterior to ./Empirical/Eigenstrat/Reichall/I0424_published/chr17/.
Successfully loaded for PP. from ./Empirical/Eigenstrat/Reichall/I0424_published/chr17/
Fraction Markers in ROH: 0.3897
Merged n=0 gaps < 0.0 M
Called n=8 ROH Blocks > 1.0 cM
Longest Block: 2.287
Successfully saved to ./Empirical/Eigenstrat/Reichall/I0424_published/chr17/roh.csv
Using Low-Mem Cython Linear Speed Up.
Loaded Pre Processing Model: Eigenstrat
Loading Individual: I0424_published

Loaded 33917 variants
Loaded 2504 individuals
HDF5 loaded from ./Data/1000Genomes/HDF5/1240kHDF5/all1240/chr18.hdf5
3 Eigenstrat Files with 5081 Individuals and 1233013 SNPs

Intersection on Positions: 33917
Nr of Matching Refs: 33917 / 33917
Full Intersection Ref/Alt Identical: 33902 / 33917
2504 / 2504 Individuals included in Reference
Extraction of 5008 Haplotypes complete
Reduced to markers called 14529 / 33902
(Fraction SNP: 0.42855878709220696)
Successfully saved to: ./Empirical/Eigenstrat/Reichall/I0424_published/chr18/
Successfully loaded Data from: ./Empirical/Eigenstrat/Reichall/I0424_published/chr18/
Loaded Emission Model: haploid
Loaded Transition Model: model
Loaded Post Processing Model: Standard
Minimum Genetic Map: 0.0025
Maximum Genetic Map: 1.1771
Gaps bigger than 0.1 cM: 209
Maximum Gap: 0.4864 cM
Loaded Transition and Emission Matrix:
(3, 3)
(5009, 14529)
Loaded Observations:
(2, 14529)
Memory Usage: 891.101184 mB
Reference Number: 5008
Total Log likelihood: -5370.898
Memory Usage: 891.101184 mB
Finished Calculation State Posteriors
Saved Zero State Posterior to ./Empirical/Eigenstrat/Reichall/I0424_published/chr18/.
Successfully loaded for PP. from ./Empirical/Eigenstrat/Reichall/I0424_published/chr18/
Fraction Markers in ROH: 0.4243
Merged n=0 gaps < 0.0 M
Called n=8 ROH Blocks > 1.0 cM
Longest Block: 1.809
Successfully saved to ./Empirical/Eigenstrat/Reichall/I0424_published/chr18/roh.csv
Using Low-Mem Cython Linear Speed Up.
Loaded Pre Processing Model: Eigenstrat
Loading Individual: I0424_published

Loaded 18460 variants
Loaded 2504 individuals
HDF5 loaded from ./Data/1000Genomes/HDF5/1240kHDF5/all1240/chr19.hdf5
3 Eigenstrat Files with 5081 Individuals and 1233013 SNPs

Intersection on Positions: 18460
Nr of Matching Refs: 18460 / 18460
Full Intersection Ref/Alt Identical: 18441 / 18460
2504 / 2504 Individuals included in Reference
Extraction of 5008 Haplotypes complete
Reduced to markers called 8313 / 18441
(Fraction SNP: 0.4507890027655767)
Successfully saved to: ./Empirical/Eigenstrat/Reichall/I0424_published/chr19/
Successfully loaded Data from: ./Empirical/Eigenstrat/Reichall/I0424_published/chr19/
Loaded Emission Model: haploid
Loaded Transition Model: model
Loaded Post Processing Model: Standard
Minimum Genetic Map: 0.0000
Maximum Genetic Map: 1.0773
Gaps bigger than 0.1 cM: 246
Maximum Gap: 0.6017 cM
Loaded Transition and Emission Matrix:
(3, 3)
(5009, 8313)
Loaded Observations:
(2, 8313)
Memory Usage: 611.250176 mB
Reference Number: 5008
Total Log likelihood: -3247.139
Memory Usage: 611.250176 mB
Finished Calculation State Posteriors
Saved Zero State Posterior to ./Empirical/Eigenstrat/Reichall/I0424_published/chr19/.
Successfully loaded for PP. from ./Empirical/Eigenstrat/Reichall/I0424_published/chr19/
Fraction Markers in ROH: 0.3579
Merged n=0 gaps < 0.0 M
Called n=8 ROH Blocks > 1.0 cM
Longest Block: 2.235
Successfully saved to ./Empirical/Eigenstrat/Reichall/I0424_published/chr19/roh.csv
Using Low-Mem Cython Linear Speed Up.
Loaded Pre Processing Model: Eigenstrat
Loading Individual: I0424_published

Loaded 29078 variants
Loaded 2504 individuals
HDF5 loaded from ./Data/1000Genomes/HDF5/1240kHDF5/all1240/chr20.hdf5
3 Eigenstrat Files with 5081 Individuals and 1233013 SNPs

Intersection on Positions: 29078
Nr of Matching Refs: 29078 / 29078
Full Intersection Ref/Alt Identical: 29053 / 29078
2504 / 2504 Individuals included in Reference
Extraction of 5008 Haplotypes complete
Reduced to markers called 13031 / 29053
(Fraction SNP: 0.44852510928303446)
Successfully saved to: ./Empirical/Eigenstrat/Reichall/I0424_published/chr20/
Successfully loaded Data from: ./Empirical/Eigenstrat/Reichall/I0424_published/chr20/
Loaded Emission Model: haploid
Loaded Transition Model: model
Loaded Post Processing Model: Standard
Minimum Genetic Map: 0.0002
Maximum Genetic Map: 1.0821
Gaps bigger than 0.1 cM: 213
Maximum Gap: 0.5909 cM
Loaded Transition and Emission Matrix:
(3, 3)
(5009, 13031)
Loaded Observations:
(2, 13031)
Memory Usage: 823.68512 mB
Reference Number: 5008
Total Log likelihood: -4689.191
Memory Usage: 823.68512 mB
Finished Calculation State Posteriors
Saved Zero State Posterior to ./Empirical/Eigenstrat/Reichall/I0424_published/chr20/.
Successfully loaded for PP. from ./Empirical/Eigenstrat/Reichall/I0424_published/chr20/
Fraction Markers in ROH: 0.4004
Merged n=0 gaps < 0.0 M
Called n=10 ROH Blocks > 1.0 cM
Longest Block: 1.807
Successfully saved to ./Empirical/Eigenstrat/Reichall/I0424_published/chr20/roh.csv
Using Low-Mem Cython Linear Speed Up.
Loaded Pre Processing Model: Eigenstrat
Loading Individual: I0424_published

Loaded 16038 variants
Loaded 2504 individuals
HDF5 loaded from ./Data/1000Genomes/HDF5/1240kHDF5/all1240/chr21.hdf5
3 Eigenstrat Files with 5081 Individuals and 1233013 SNPs

Intersection on Positions: 16038
Nr of Matching Refs: 16038 / 16038
Full Intersection Ref/Alt Identical: 16031 / 16038
2504 / 2504 Individuals included in Reference
Extraction of 5008 Haplotypes complete
Reduced to markers called 6802 / 16031
(Fraction SNP: 0.4243029131058574)
Successfully saved to: ./Empirical/Eigenstrat/Reichall/I0424_published/chr21/
Successfully loaded Data from: ./Empirical/Eigenstrat/Reichall/I0424_published/chr21/
Loaded Emission Model: haploid
Loaded Transition Model: model
Loaded Post Processing Model: Standard
Minimum Genetic Map: -0.0085
Maximum Genetic Map: 0.6277
Gaps bigger than 0.1 cM: 134
Maximum Gap: 1.8390 cM
Loaded Transition and Emission Matrix:
(3, 3)
(5009, 6802)
Loaded Observations:
(2, 6802)
Memory Usage: 543.4368 mB
Reference Number: 5008
Total Log likelihood: -2557.480
Memory Usage: 543.4368 mB
Finished Calculation State Posteriors
Saved Zero State Posterior to ./Empirical/Eigenstrat/Reichall/I0424_published/chr21/.
Successfully loaded for PP. from ./Empirical/Eigenstrat/Reichall/I0424_published/chr21/
Fraction Markers in ROH: 0.4077
Merged n=0 gaps < 0.0 M
Called n=7 ROH Blocks > 1.0 cM
Longest Block: 2.692
Successfully saved to ./Empirical/Eigenstrat/Reichall/I0424_published/chr21/roh.csv
Using Low-Mem Cython Linear Speed Up.
Loaded Pre Processing Model: Eigenstrat
Loading Individual: I0424_published

Loaded 15802 variants
Loaded 2504 individuals
HDF5 loaded from ./Data/1000Genomes/HDF5/1240kHDF5/all1240/chr22.hdf5
3 Eigenstrat Files with 5081 Individuals and 1233013 SNPs

Intersection on Positions: 15802
Nr of Matching Refs: 15802 / 15802
Full Intersection Ref/Alt Identical: 15793 / 15802
2504 / 2504 Individuals included in Reference
Extraction of 5008 Haplotypes complete
Reduced to markers called 7261 / 15793
(Fraction SNP: 0.4597606534540619)
Successfully saved to: ./Empirical/Eigenstrat/Reichall/I0424_published/chr22/
Successfully loaded Data from: ./Empirical/Eigenstrat/Reichall/I0424_published/chr22/
Loaded Emission Model: haploid
Loaded Transition Model: model
Loaded Post Processing Model: Standard
Minimum Genetic Map: 0.0171
Maximum Genetic Map: 0.7408
Gaps bigger than 0.1 cM: 135
Maximum Gap: 1.7499 cM
Loaded Transition and Emission Matrix:
(3, 3)
(5009, 7261)
Loaded Observations:
(2, 7261)
Memory Usage: 563.662848 mB
Reference Number: 5008
Total Log likelihood: -2807.565
Memory Usage: 563.662848 mB
Finished Calculation State Posteriors
Saved Zero State Posterior to ./Empirical/Eigenstrat/Reichall/I0424_published/chr22/.
Successfully loaded for PP. from ./Empirical/Eigenstrat/Reichall/I0424_published/chr22/
Fraction Markers in ROH: 0.3118
Merged n=0 gaps < 0.0 M
Called n=5 ROH Blocks > 1.0 cM
Longest Block: 1.491
Successfully saved to ./Empirical/Eigenstrat/Reichall/I0424_published/chr22/roh.csv
