Loaded 2106 / 5081 ancient Indivdiuals Anno File.
Doing Individual I7282...
Using Low-Mem Cython Linear Speed Up.
Loaded Pre Processing Model: Eigenstrat
Loading Individual: I7282

Loaded 89147 variants
Loaded 2504 individuals
HDF5 loaded from ./Data/1000Genomes/HDF5/1240kHDF5/all1240/chr1.hdf5
3 Eigenstrat Files with 5081 Individuals and 1233013 SNPs

Intersection on Positions: 89147
Nr of Matching Refs: 89147 / 89147
Full Intersection Ref/Alt Identical: 89082 / 89147
2504 / 2504 Individuals included in Reference
Extraction of 5008 Haplotypes complete
Reduced to markers called 61099 / 89082
(Fraction SNP: 0.6858736894097573)
Successfully saved to: ./Empirical/Eigenstrat/Reichall/I7282/chr1/
Successfully loaded Data from: ./Empirical/Eigenstrat/Reichall/I7282/chr1/
Loaded Emission Model: haploid
Loaded Transition Model: model
Loaded Post Processing Model: Standard
Minimum Genetic Map: 0.0201
Maximum Genetic Map: 2.8627
Gaps bigger than 0.1 cM: 332
Maximum Gap: 2.9229 cM
Loaded Transition and Emission Matrix:
(3, 3)
(5009, 61099)
Loaded Observations:
(2, 61099)
Memory Usage: 2949.316608 mB
Reference Number: 5008
Total Log likelihood: -21777.469
Memory Usage: 2949.779456 mB
Finished Calculation State Posteriors
Saved Zero State Posterior to ./Empirical/Eigenstrat/Reichall/I7282/chr1/.
Successfully loaded for PP. from ./Empirical/Eigenstrat/Reichall/I7282/chr1/
Fraction Markers in ROH: 0.4044
Merged n=0 gaps < 0.0 M
Called n=10 ROH Blocks > 1.0 cM
Longest Block: 1.767
Successfully saved to ./Empirical/Eigenstrat/Reichall/I7282/chr1/roh.csv
Using Low-Mem Cython Linear Speed Up.
Loaded Pre Processing Model: Eigenstrat
Loading Individual: I7282

Loaded 94239 variants
Loaded 2504 individuals
HDF5 loaded from ./Data/1000Genomes/HDF5/1240kHDF5/all1240/chr2.hdf5
3 Eigenstrat Files with 5081 Individuals and 1233013 SNPs

Intersection on Positions: 94239
Nr of Matching Refs: 94239 / 94239
Full Intersection Ref/Alt Identical: 94173 / 94239
2504 / 2504 Individuals included in Reference
Extraction of 5008 Haplotypes complete
Reduced to markers called 61675 / 94173
(Fraction SNP: 0.6549117050534654)
Successfully saved to: ./Empirical/Eigenstrat/Reichall/I7282/chr2/
Successfully loaded Data from: ./Empirical/Eigenstrat/Reichall/I7282/chr2/
Loaded Emission Model: haploid
Loaded Transition Model: model
Loaded Post Processing Model: Standard
Minimum Genetic Map: 0.0002
Maximum Genetic Map: 2.6883
Gaps bigger than 0.1 cM: 314
Maximum Gap: 1.8354 cM
Loaded Transition and Emission Matrix:
(3, 3)
(5009, 61675)
Loaded Observations:
(2, 61675)
Memory Usage: 3013.890048 mB
Reference Number: 5008
Total Log likelihood: -22139.466
Memory Usage: 3013.890048 mB
Finished Calculation State Posteriors
Saved Zero State Posterior to ./Empirical/Eigenstrat/Reichall/I7282/chr2/.
Successfully loaded for PP. from ./Empirical/Eigenstrat/Reichall/I7282/chr2/
Fraction Markers in ROH: 0.4234
Merged n=0 gaps < 0.0 M
Called n=9 ROH Blocks > 1.0 cM
Longest Block: 1.268
Successfully saved to ./Empirical/Eigenstrat/Reichall/I7282/chr2/roh.csv
Using Low-Mem Cython Linear Speed Up.
Loaded Pre Processing Model: Eigenstrat
Loading Individual: I7282

Loaded 77652 variants
Loaded 2504 individuals
HDF5 loaded from ./Data/1000Genomes/HDF5/1240kHDF5/all1240/chr3.hdf5
3 Eigenstrat Files with 5081 Individuals and 1233013 SNPs

Intersection on Positions: 77652
Nr of Matching Refs: 77652 / 77652
Full Intersection Ref/Alt Identical: 77601 / 77652
2504 / 2504 Individuals included in Reference
Extraction of 5008 Haplotypes complete
Reduced to markers called 50307 / 77601
(Fraction SNP: 0.6482777283797889)
Successfully saved to: ./Empirical/Eigenstrat/Reichall/I7282/chr3/
Successfully loaded Data from: ./Empirical/Eigenstrat/Reichall/I7282/chr3/
Loaded Emission Model: haploid
Loaded Transition Model: model
Loaded Post Processing Model: Standard
Minimum Genetic Map: 0.0000
Maximum Genetic Map: 2.2326
Gaps bigger than 0.1 cM: 286
Maximum Gap: 0.3910 cM
Loaded Transition and Emission Matrix:
(3, 3)
(5009, 50307)
Loaded Observations:
(2, 50307)
Memory Usage: 2501.48864 mB
Reference Number: 5008
Total Log likelihood: -18768.564
Memory Usage: 2501.48864 mB
Finished Calculation State Posteriors
Saved Zero State Posterior to ./Empirical/Eigenstrat/Reichall/I7282/chr3/.
Successfully loaded for PP. from ./Empirical/Eigenstrat/Reichall/I7282/chr3/
Fraction Markers in ROH: 0.3857
Merged n=0 gaps < 0.0 M
Called n=7 ROH Blocks > 1.0 cM
Longest Block: 1.925
Successfully saved to ./Empirical/Eigenstrat/Reichall/I7282/chr3/roh.csv
Using Low-Mem Cython Linear Speed Up.
Loaded Pre Processing Model: Eigenstrat
Loading Individual: I7282

Loaded 68759 variants
Loaded 2504 individuals
HDF5 loaded from ./Data/1000Genomes/HDF5/1240kHDF5/all1240/chr4.hdf5
3 Eigenstrat Files with 5081 Individuals and 1233013 SNPs

Intersection on Positions: 68759
Nr of Matching Refs: 68759 / 68759
Full Intersection Ref/Alt Identical: 68720 / 68759
2504 / 2504 Individuals included in Reference
Extraction of 5008 Haplotypes complete
Reduced to markers called 41617 / 68720
(Fraction SNP: 0.6056024447031432)
Successfully saved to: ./Empirical/Eigenstrat/Reichall/I7282/chr4/
Successfully loaded Data from: ./Empirical/Eigenstrat/Reichall/I7282/chr4/
Loaded Emission Model: haploid
Loaded Transition Model: model
Loaded Post Processing Model: Standard
Minimum Genetic Map: 0.0034
Maximum Genetic Map: 2.1454
Gaps bigger than 0.1 cM: 286
Maximum Gap: 2.0495 cM
Loaded Transition and Emission Matrix:
(3, 3)
(5009, 41617)
Loaded Observations:
(2, 41617)
Memory Usage: 2110.693376 mB
Reference Number: 5008
Total Log likelihood: -15135.100
Memory Usage: 2110.693376 mB
Finished Calculation State Posteriors
Saved Zero State Posterior to ./Empirical/Eigenstrat/Reichall/I7282/chr4/.
Successfully loaded for PP. from ./Empirical/Eigenstrat/Reichall/I7282/chr4/
Fraction Markers in ROH: 0.4104
Merged n=0 gaps < 0.0 M
Called n=9 ROH Blocks > 1.0 cM
Longest Block: 1.722
Successfully saved to ./Empirical/Eigenstrat/Reichall/I7282/chr4/roh.csv
Using Low-Mem Cython Linear Speed Up.
Loaded Pre Processing Model: Eigenstrat
Loading Individual: I7282

Loaded 69399 variants
Loaded 2504 individuals
HDF5 loaded from ./Data/1000Genomes/HDF5/1240kHDF5/all1240/chr5.hdf5
3 Eigenstrat Files with 5081 Individuals and 1233013 SNPs

Intersection on Positions: 69399
Nr of Matching Refs: 69399 / 69399
Full Intersection Ref/Alt Identical: 69354 / 69399
2504 / 2504 Individuals included in Reference
Extraction of 5008 Haplotypes complete
Reduced to markers called 44846 / 69354
(Fraction SNP: 0.6466245638319347)
Successfully saved to: ./Empirical/Eigenstrat/Reichall/I7282/chr5/
Successfully loaded Data from: ./Empirical/Eigenstrat/Reichall/I7282/chr5/
Loaded Emission Model: haploid
Loaded Transition Model: model
Loaded Post Processing Model: Standard
Minimum Genetic Map: 0.0004
Maximum Genetic Map: 2.0409
Gaps bigger than 0.1 cM: 272
Maximum Gap: 1.1070 cM
Loaded Transition and Emission Matrix:
(3, 3)
(5009, 44846)
Loaded Observations:
(2, 44846)
Memory Usage: 2256.420864 mB
Reference Number: 5008
Total Log likelihood: -16429.289
Memory Usage: 2256.420864 mB
Finished Calculation State Posteriors
Saved Zero State Posterior to ./Empirical/Eigenstrat/Reichall/I7282/chr5/.
Successfully loaded for PP. from ./Empirical/Eigenstrat/Reichall/I7282/chr5/
Fraction Markers in ROH: 0.3807
Merged n=0 gaps < 0.0 M
Called n=7 ROH Blocks > 1.0 cM
Longest Block: 2.316
Successfully saved to ./Empirical/Eigenstrat/Reichall/I7282/chr5/roh.csv
Using Low-Mem Cython Linear Speed Up.
Loaded Pre Processing Model: Eigenstrat
Loading Individual: I7282

Loaded 75870 variants
Loaded 2504 individuals
HDF5 loaded from ./Data/1000Genomes/HDF5/1240kHDF5/all1240/chr6.hdf5
3 Eigenstrat Files with 5081 Individuals and 1233013 SNPs

Intersection on Positions: 75870
Nr of Matching Refs: 75870 / 75870
Full Intersection Ref/Alt Identical: 75816 / 75870
2504 / 2504 Individuals included in Reference
Extraction of 5008 Haplotypes complete
Reduced to markers called 49160 / 75816
(Fraction SNP: 0.648411944708241)
Successfully saved to: ./Empirical/Eigenstrat/Reichall/I7282/chr6/
Successfully loaded Data from: ./Empirical/Eigenstrat/Reichall/I7282/chr6/
Loaded Emission Model: haploid
Loaded Transition Model: model
Loaded Post Processing Model: Standard
Minimum Genetic Map: 0.0035
Maximum Genetic Map: 1.9203
Gaps bigger than 0.1 cM: 219
Maximum Gap: 0.5122 cM
Loaded Transition and Emission Matrix:
(3, 3)
(5009, 49160)
Loaded Observations:
(2, 49160)
Memory Usage: 2451.050496 mB
Reference Number: 5008
Total Log likelihood: -18319.102
Memory Usage: 2451.034112 mB
Finished Calculation State Posteriors
Saved Zero State Posterior to ./Empirical/Eigenstrat/Reichall/I7282/chr6/.
Successfully loaded for PP. from ./Empirical/Eigenstrat/Reichall/I7282/chr6/
Fraction Markers in ROH: 0.3663
Merged n=0 gaps < 0.0 M
Called n=7 ROH Blocks > 1.0 cM
Longest Block: 1.508
Successfully saved to ./Empirical/Eigenstrat/Reichall/I7282/chr6/roh.csv
Using Low-Mem Cython Linear Speed Up.
Loaded Pre Processing Model: Eigenstrat
Loading Individual: I7282

Loaded 59890 variants
Loaded 2504 individuals
HDF5 loaded from ./Data/1000Genomes/HDF5/1240kHDF5/all1240/chr7.hdf5
3 Eigenstrat Files with 5081 Individuals and 1233013 SNPs

Intersection on Positions: 59890
Nr of Matching Refs: 59890 / 59890
Full Intersection Ref/Alt Identical: 59836 / 59890
2504 / 2504 Individuals included in Reference
Extraction of 5008 Haplotypes complete
Reduced to markers called 38678 / 59836
(Fraction SNP: 0.646400160438532)
Successfully saved to: ./Empirical/Eigenstrat/Reichall/I7282/chr7/
Successfully loaded Data from: ./Empirical/Eigenstrat/Reichall/I7282/chr7/
Loaded Emission Model: haploid
Loaded Transition Model: model
Loaded Post Processing Model: Standard
Minimum Genetic Map: 0.0000
Maximum Genetic Map: 1.8715
Gaps bigger than 0.1 cM: 258
Maximum Gap: 0.8416 cM
Loaded Transition and Emission Matrix:
(3, 3)
(5009, 38678)
Loaded Observations:
(2, 38678)
Memory Usage: 1977.421824 mB
Reference Number: 5008
Total Log likelihood: -14237.023
Memory Usage: 1977.438208 mB
Finished Calculation State Posteriors
Saved Zero State Posterior to ./Empirical/Eigenstrat/Reichall/I7282/chr7/.
Successfully loaded for PP. from ./Empirical/Eigenstrat/Reichall/I7282/chr7/
Fraction Markers in ROH: 0.3909
Merged n=0 gaps < 0.0 M
Called n=5 ROH Blocks > 1.0 cM
Longest Block: 2.566
Successfully saved to ./Empirical/Eigenstrat/Reichall/I7282/chr7/roh.csv
Using Low-Mem Cython Linear Speed Up.
Loaded Pre Processing Model: Eigenstrat
Loading Individual: I7282

Loaded 61133 variants
Loaded 2504 individuals
HDF5 loaded from ./Data/1000Genomes/HDF5/1240kHDF5/all1240/chr8.hdf5
3 Eigenstrat Files with 5081 Individuals and 1233013 SNPs

Intersection on Positions: 61133
Nr of Matching Refs: 61133 / 61133
Full Intersection Ref/Alt Identical: 61091 / 61133
2504 / 2504 Individuals included in Reference
Extraction of 5008 Haplotypes complete
Reduced to markers called 40178 / 61091
(Fraction SNP: 0.6576746165556301)
Successfully saved to: ./Empirical/Eigenstrat/Reichall/I7282/chr8/
Successfully loaded Data from: ./Empirical/Eigenstrat/Reichall/I7282/chr8/
Loaded Emission Model: haploid
Loaded Transition Model: model
Loaded Post Processing Model: Standard
Minimum Genetic Map: 0.0000
Maximum Genetic Map: 1.6800
Gaps bigger than 0.1 cM: 178
Maximum Gap: 1.8932 cM
Loaded Transition and Emission Matrix:
(3, 3)
(5009, 40178)
Loaded Observations:
(2, 40178)
Memory Usage: 2045.894656 mB
Reference Number: 5008
Total Log likelihood: -14703.349
Memory Usage: 2045.894656 mB
Finished Calculation State Posteriors
Saved Zero State Posterior to ./Empirical/Eigenstrat/Reichall/I7282/chr8/.
Successfully loaded for PP. from ./Empirical/Eigenstrat/Reichall/I7282/chr8/
Fraction Markers in ROH: 0.4055
Merged n=0 gaps < 0.0 M
Called n=6 ROH Blocks > 1.0 cM
Longest Block: 1.455
Successfully saved to ./Empirical/Eigenstrat/Reichall/I7282/chr8/roh.csv
Using Low-Mem Cython Linear Speed Up.
Loaded Pre Processing Model: Eigenstrat
Loading Individual: I7282

Loaded 50668 variants
Loaded 2504 individuals
HDF5 loaded from ./Data/1000Genomes/HDF5/1240kHDF5/all1240/chr9.hdf5
3 Eigenstrat Files with 5081 Individuals and 1233013 SNPs

Intersection on Positions: 50668
Nr of Matching Refs: 50668 / 50668
Full Intersection Ref/Alt Identical: 50629 / 50668
2504 / 2504 Individuals included in Reference
Extraction of 5008 Haplotypes complete
Reduced to markers called 33943 / 50629
(Fraction SNP: 0.6704260404116218)
Successfully saved to: ./Empirical/Eigenstrat/Reichall/I7282/chr9/
Successfully loaded Data from: ./Empirical/Eigenstrat/Reichall/I7282/chr9/
Loaded Emission Model: haploid
Loaded Transition Model: model
Loaded Post Processing Model: Standard
Minimum Genetic Map: 0.0016
Maximum Genetic Map: 1.6630
Gaps bigger than 0.1 cM: 228
Maximum Gap: 1.8819 cM
Loaded Transition and Emission Matrix:
(3, 3)
(5009, 33943)
Loaded Observations:
(2, 33943)
Memory Usage: 1764.6592 mB
Reference Number: 5008
Total Log likelihood: -12373.034
Memory Usage: 1764.6592 mB
Finished Calculation State Posteriors
Saved Zero State Posterior to ./Empirical/Eigenstrat/Reichall/I7282/chr9/.
Successfully loaded for PP. from ./Empirical/Eigenstrat/Reichall/I7282/chr9/
Fraction Markers in ROH: 0.4420
Merged n=0 gaps < 0.0 M
Called n=6 ROH Blocks > 1.0 cM
Longest Block: 1.307
Successfully saved to ./Empirical/Eigenstrat/Reichall/I7282/chr9/roh.csv
Using Low-Mem Cython Linear Speed Up.
Loaded Pre Processing Model: Eigenstrat
Loading Individual: I7282

Loaded 58804 variants
Loaded 2504 individuals
HDF5 loaded from ./Data/1000Genomes/HDF5/1240kHDF5/all1240/chr10.hdf5
3 Eigenstrat Files with 5081 Individuals and 1233013 SNPs

Intersection on Positions: 58804
Nr of Matching Refs: 58804 / 58804
Full Intersection Ref/Alt Identical: 58763 / 58804
2504 / 2504 Individuals included in Reference
Extraction of 5008 Haplotypes complete
Reduced to markers called 40375 / 58763
(Fraction SNP: 0.6870820073855998)
Successfully saved to: ./Empirical/Eigenstrat/Reichall/I7282/chr10/
Successfully loaded Data from: ./Empirical/Eigenstrat/Reichall/I7282/chr10/
Loaded Emission Model: haploid
Loaded Transition Model: model
Loaded Post Processing Model: Standard
Minimum Genetic Map: 0.0001
Maximum Genetic Map: 1.8092
Gaps bigger than 0.1 cM: 219
Maximum Gap: 2.0338 cM
Loaded Transition and Emission Matrix:
(3, 3)
(5009, 40375)
Loaded Observations:
(2, 40375)
Memory Usage: 2055.143424 mB
Reference Number: 5008
Total Log likelihood: -14374.048
Memory Usage: 2055.143424 mB
Finished Calculation State Posteriors
Saved Zero State Posterior to ./Empirical/Eigenstrat/Reichall/I7282/chr10/.
Successfully loaded for PP. from ./Empirical/Eigenstrat/Reichall/I7282/chr10/
Fraction Markers in ROH: 0.4155
Merged n=0 gaps < 0.0 M
Called n=8 ROH Blocks > 1.0 cM
Longest Block: 2.563
Successfully saved to ./Empirical/Eigenstrat/Reichall/I7282/chr10/roh.csv
Using Low-Mem Cython Linear Speed Up.
Loaded Pre Processing Model: Eigenstrat
Loading Individual: I7282

Loaded 54833 variants
Loaded 2504 individuals
HDF5 loaded from ./Data/1000Genomes/HDF5/1240kHDF5/all1240/chr11.hdf5
3 Eigenstrat Files with 5081 Individuals and 1233013 SNPs

Intersection on Positions: 54833
Nr of Matching Refs: 54833 / 54833
Full Intersection Ref/Alt Identical: 54796 / 54833
2504 / 2504 Individuals included in Reference
Extraction of 5008 Haplotypes complete
Reduced to markers called 37010 / 54796
(Fraction SNP: 0.675414263814877)
Successfully saved to: ./Empirical/Eigenstrat/Reichall/I7282/chr11/
Successfully loaded Data from: ./Empirical/Eigenstrat/Reichall/I7282/chr11/
Loaded Emission Model: haploid
Loaded Transition Model: model
Loaded Post Processing Model: Standard
Minimum Genetic Map: 0.0000
Maximum Genetic Map: 1.5822
Gaps bigger than 0.1 cM: 202
Maximum Gap: 0.5366 cM
Loaded Transition and Emission Matrix:
(3, 3)
(5009, 37010)
Loaded Observations:
(2, 37010)
Memory Usage: 1903.26784 mB
Reference Number: 5008
Total Log likelihood: -13347.812
Memory Usage: 1903.26784 mB
Finished Calculation State Posteriors
Saved Zero State Posterior to ./Empirical/Eigenstrat/Reichall/I7282/chr11/.
Successfully loaded for PP. from ./Empirical/Eigenstrat/Reichall/I7282/chr11/
Fraction Markers in ROH: 0.4310
Merged n=0 gaps < 0.0 M
Called n=2 ROH Blocks > 1.0 cM
Longest Block: 2.040
Successfully saved to ./Empirical/Eigenstrat/Reichall/I7282/chr11/roh.csv
Using Low-Mem Cython Linear Speed Up.
Loaded Pre Processing Model: Eigenstrat
Loading Individual: I7282

Loaded 53911 variants
Loaded 2504 individuals
HDF5 loaded from ./Data/1000Genomes/HDF5/1240kHDF5/all1240/chr12.hdf5
3 Eigenstrat Files with 5081 Individuals and 1233013 SNPs

Intersection on Positions: 53911
Nr of Matching Refs: 53911 / 53911
Full Intersection Ref/Alt Identical: 53884 / 53911
2504 / 2504 Individuals included in Reference
Extraction of 5008 Haplotypes complete
Reduced to markers called 35611 / 53884
(Fraction SNP: 0.6608826367752951)
Successfully saved to: ./Empirical/Eigenstrat/Reichall/I7282/chr12/
Successfully loaded Data from: ./Empirical/Eigenstrat/Reichall/I7282/chr12/
Loaded Emission Model: haploid
Loaded Transition Model: model
Loaded Post Processing Model: Standard
Minimum Genetic Map: 0.0017
Maximum Genetic Map: 1.7468
Gaps bigger than 0.1 cM: 224
Maximum Gap: 0.8015 cM
Loaded Transition and Emission Matrix:
(3, 3)
(5009, 35611)
Loaded Observations:
(2, 35611)
Memory Usage: 1840.263168 mB
Reference Number: 5008
Total Log likelihood: -12786.745
Memory Usage: 1840.263168 mB
Finished Calculation State Posteriors
Saved Zero State Posterior to ./Empirical/Eigenstrat/Reichall/I7282/chr12/.
Successfully loaded for PP. from ./Empirical/Eigenstrat/Reichall/I7282/chr12/
Fraction Markers in ROH: 0.4127
Merged n=0 gaps < 0.0 M
Called n=8 ROH Blocks > 1.0 cM
Longest Block: 1.892
Successfully saved to ./Empirical/Eigenstrat/Reichall/I7282/chr12/roh.csv
Using Low-Mem Cython Linear Speed Up.
Loaded Pre Processing Model: Eigenstrat
Loading Individual: I7282

Loaded 39018 variants
Loaded 2504 individuals
HDF5 loaded from ./Data/1000Genomes/HDF5/1240kHDF5/all1240/chr13.hdf5
3 Eigenstrat Files with 5081 Individuals and 1233013 SNPs

Intersection on Positions: 39018
Nr of Matching Refs: 39018 / 39018
Full Intersection Ref/Alt Identical: 38994 / 39018
2504 / 2504 Individuals included in Reference
Extraction of 5008 Haplotypes complete
Reduced to markers called 24164 / 38994
(Fraction SNP: 0.6196850797558598)
Successfully saved to: ./Empirical/Eigenstrat/Reichall/I7282/chr13/
Successfully loaded Data from: ./Empirical/Eigenstrat/Reichall/I7282/chr13/
Loaded Emission Model: haploid
Loaded Transition Model: model
Loaded Post Processing Model: Standard
Minimum Genetic Map: 0.0021
Maximum Genetic Map: 1.2570
Gaps bigger than 0.1 cM: 181
Maximum Gap: 1.2216 cM
Loaded Transition and Emission Matrix:
(3, 3)
(5009, 24164)
Loaded Observations:
(2, 24164)
Memory Usage: 1324.388352 mB
Reference Number: 5008
Total Log likelihood: -8941.430
Memory Usage: 1324.388352 mB
Finished Calculation State Posteriors
Saved Zero State Posterior to ./Empirical/Eigenstrat/Reichall/I7282/chr13/.
Successfully loaded for PP. from ./Empirical/Eigenstrat/Reichall/I7282/chr13/
Fraction Markers in ROH: 0.3766
Merged n=0 gaps < 0.0 M
Called n=1 ROH Blocks > 1.0 cM
Longest Block: 1.369
Successfully saved to ./Empirical/Eigenstrat/Reichall/I7282/chr13/roh.csv
Using Low-Mem Cython Linear Speed Up.
Loaded Pre Processing Model: Eigenstrat
Loading Individual: I7282

Loaded 36301 variants
Loaded 2504 individuals
HDF5 loaded from ./Data/1000Genomes/HDF5/1240kHDF5/all1240/chr14.hdf5
3 Eigenstrat Files with 5081 Individuals and 1233013 SNPs

Intersection on Positions: 36301
Nr of Matching Refs: 36301 / 36301
Full Intersection Ref/Alt Identical: 36280 / 36301
2504 / 2504 Individuals included in Reference
Extraction of 5008 Haplotypes complete
Reduced to markers called 23940 / 36280
(Fraction SNP: 0.6598676957001103)
Successfully saved to: ./Empirical/Eigenstrat/Reichall/I7282/chr14/
Successfully loaded Data from: ./Empirical/Eigenstrat/Reichall/I7282/chr14/
Loaded Emission Model: haploid
Loaded Transition Model: model
Loaded Post Processing Model: Standard
Minimum Genetic Map: 0.0184
Maximum Genetic Map: 1.2020
Gaps bigger than 0.1 cM: 150
Maximum Gap: 3.1346 cM
Loaded Transition and Emission Matrix:
(3, 3)
(5009, 23940)
Loaded Observations:
(2, 23940)
Memory Usage: 1314.65216 mB
Reference Number: 5008
Total Log likelihood: -9028.963
Memory Usage: 1314.65216 mB
Finished Calculation State Posteriors
Saved Zero State Posterior to ./Empirical/Eigenstrat/Reichall/I7282/chr14/.
Successfully loaded for PP. from ./Empirical/Eigenstrat/Reichall/I7282/chr14/
Fraction Markers in ROH: 0.3586
Merged n=0 gaps < 0.0 M
Called n=2 ROH Blocks > 1.0 cM
Longest Block: 2.264
Successfully saved to ./Empirical/Eigenstrat/Reichall/I7282/chr14/roh.csv
Using Low-Mem Cython Linear Speed Up.
Loaded Pre Processing Model: Eigenstrat
Loading Individual: I7282

Loaded 34429 variants
Loaded 2504 individuals
HDF5 loaded from ./Data/1000Genomes/HDF5/1240kHDF5/all1240/chr15.hdf5
3 Eigenstrat Files with 5081 Individuals and 1233013 SNPs

Intersection on Positions: 34429
Nr of Matching Refs: 34429 / 34429
Full Intersection Ref/Alt Identical: 34407 / 34429
2504 / 2504 Individuals included in Reference
Extraction of 5008 Haplotypes complete
Reduced to markers called 23773 / 34407
(Fraction SNP: 0.6909349841601999)
Successfully saved to: ./Empirical/Eigenstrat/Reichall/I7282/chr15/
Successfully loaded Data from: ./Empirical/Eigenstrat/Reichall/I7282/chr15/
Loaded Emission Model: haploid
Loaded Transition Model: model
Loaded Post Processing Model: Standard
Minimum Genetic Map: 0.0002
Maximum Genetic Map: 1.4135
Gaps bigger than 0.1 cM: 159
Maximum Gap: 13.7349 cM
Loaded Transition and Emission Matrix:
(3, 3)
(5009, 23773)
Loaded Observations:
(2, 23773)
Memory Usage: 1307.193344 mB
Reference Number: 5008
Total Log likelihood: -8607.903
Memory Usage: 1307.193344 mB
Finished Calculation State Posteriors
Saved Zero State Posterior to ./Empirical/Eigenstrat/Reichall/I7282/chr15/.
Successfully loaded for PP. from ./Empirical/Eigenstrat/Reichall/I7282/chr15/
Fraction Markers in ROH: 0.4300
Merged n=0 gaps < 0.0 M
Called n=6 ROH Blocks > 1.0 cM
Longest Block: 3.953
Successfully saved to ./Empirical/Eigenstrat/Reichall/I7282/chr15/roh.csv
Using Low-Mem Cython Linear Speed Up.
Loaded Pre Processing Model: Eigenstrat
Loading Individual: I7282

Loaded 34402 variants
Loaded 2504 individuals
HDF5 loaded from ./Data/1000Genomes/HDF5/1240kHDF5/all1240/chr16.hdf5
3 Eigenstrat Files with 5081 Individuals and 1233013 SNPs

Intersection on Positions: 34402
Nr of Matching Refs: 34402 / 34402
Full Intersection Ref/Alt Identical: 34375 / 34402
2504 / 2504 Individuals included in Reference
Extraction of 5008 Haplotypes complete
Reduced to markers called 25181 / 34375
(Fraction SNP: 0.7325381818181819)
Successfully saved to: ./Empirical/Eigenstrat/Reichall/I7282/chr16/
Successfully loaded Data from: ./Empirical/Eigenstrat/Reichall/I7282/chr16/
Loaded Emission Model: haploid
Loaded Transition Model: model
Loaded Post Processing Model: Standard
Minimum Genetic Map: -0.0000
Maximum Genetic Map: 1.3403
Gaps bigger than 0.1 cM: 182
Maximum Gap: 0.8458 cM
Loaded Transition and Emission Matrix:
(3, 3)
(5009, 25181)
Loaded Observations:
(2, 25181)
Memory Usage: 1370.984448 mB
Reference Number: 5008
Total Log likelihood: -9093.860
Memory Usage: 1370.984448 mB
Finished Calculation State Posteriors
Saved Zero State Posterior to ./Empirical/Eigenstrat/Reichall/I7282/chr16/.
Successfully loaded for PP. from ./Empirical/Eigenstrat/Reichall/I7282/chr16/
Fraction Markers in ROH: 0.4622
Merged n=0 gaps < 0.0 M
Called n=10 ROH Blocks > 1.0 cM
Longest Block: 2.557
Successfully saved to ./Empirical/Eigenstrat/Reichall/I7282/chr16/roh.csv
Using Low-Mem Cython Linear Speed Up.
Loaded Pre Processing Model: Eigenstrat
Loading Individual: I7282

Loaded 29314 variants
Loaded 2504 individuals
HDF5 loaded from ./Data/1000Genomes/HDF5/1240kHDF5/all1240/chr17.hdf5
3 Eigenstrat Files with 5081 Individuals and 1233013 SNPs

Intersection on Positions: 29314
Nr of Matching Refs: 29314 / 29314
Full Intersection Ref/Alt Identical: 29292 / 29314
2504 / 2504 Individuals included in Reference
Extraction of 5008 Haplotypes complete
Reduced to markers called 21831 / 29292
(Fraction SNP: 0.7452888160589922)
Successfully saved to: ./Empirical/Eigenstrat/Reichall/I7282/chr17/
Successfully loaded Data from: ./Empirical/Eigenstrat/Reichall/I7282/chr17/
Loaded Emission Model: haploid
Loaded Transition Model: model
Loaded Post Processing Model: Standard
Minimum Genetic Map: 0.0002
Maximum Genetic Map: 1.2847
Gaps bigger than 0.1 cM: 171
Maximum Gap: 1.2341 cM
Loaded Transition and Emission Matrix:
(3, 3)
(5009, 21831)
Loaded Observations:
(2, 21831)
Memory Usage: 1219.203072 mB
Reference Number: 5008
Total Log likelihood: -8304.763
Memory Usage: 1219.203072 mB
Finished Calculation State Posteriors
Saved Zero State Posterior to ./Empirical/Eigenstrat/Reichall/I7282/chr17/.
Successfully loaded for PP. from ./Empirical/Eigenstrat/Reichall/I7282/chr17/
Fraction Markers in ROH: 0.3986
Merged n=0 gaps < 0.0 M
Called n=10 ROH Blocks > 1.0 cM
Longest Block: 1.819
Successfully saved to ./Empirical/Eigenstrat/Reichall/I7282/chr17/roh.csv
Using Low-Mem Cython Linear Speed Up.
Loaded Pre Processing Model: Eigenstrat
Loading Individual: I7282

Loaded 33917 variants
Loaded 2504 individuals
HDF5 loaded from ./Data/1000Genomes/HDF5/1240kHDF5/all1240/chr18.hdf5
3 Eigenstrat Files with 5081 Individuals and 1233013 SNPs

Intersection on Positions: 33917
Nr of Matching Refs: 33917 / 33917
Full Intersection Ref/Alt Identical: 33902 / 33917
2504 / 2504 Individuals included in Reference
Extraction of 5008 Haplotypes complete
Reduced to markers called 22095 / 33902
(Fraction SNP: 0.6517314612707215)
Successfully saved to: ./Empirical/Eigenstrat/Reichall/I7282/chr18/
Successfully loaded Data from: ./Empirical/Eigenstrat/Reichall/I7282/chr18/
Loaded Emission Model: haploid
Loaded Transition Model: model
Loaded Post Processing Model: Standard
Minimum Genetic Map: 0.0025
Maximum Genetic Map: 1.1771
Gaps bigger than 0.1 cM: 172
Maximum Gap: 0.4827 cM
Loaded Transition and Emission Matrix:
(3, 3)
(5009, 22095)
Loaded Observations:
(2, 22095)
Memory Usage: 1231.405056 mB
Reference Number: 5008
Total Log likelihood: -8091.438
Memory Usage: 1231.405056 mB
Finished Calculation State Posteriors
Saved Zero State Posterior to ./Empirical/Eigenstrat/Reichall/I7282/chr18/.
Successfully loaded for PP. from ./Empirical/Eigenstrat/Reichall/I7282/chr18/
Fraction Markers in ROH: 0.3987
Merged n=0 gaps < 0.0 M
Called n=4 ROH Blocks > 1.0 cM
Longest Block: 1.385
Successfully saved to ./Empirical/Eigenstrat/Reichall/I7282/chr18/roh.csv
Using Low-Mem Cython Linear Speed Up.
Loaded Pre Processing Model: Eigenstrat
Loading Individual: I7282

Loaded 18460 variants
Loaded 2504 individuals
HDF5 loaded from ./Data/1000Genomes/HDF5/1240kHDF5/all1240/chr19.hdf5
3 Eigenstrat Files with 5081 Individuals and 1233013 SNPs

Intersection on Positions: 18460
Nr of Matching Refs: 18460 / 18460
Full Intersection Ref/Alt Identical: 18441 / 18460
2504 / 2504 Individuals included in Reference
Extraction of 5008 Haplotypes complete
Reduced to markers called 14287 / 18441
(Fraction SNP: 0.7747410661027059)
Successfully saved to: ./Empirical/Eigenstrat/Reichall/I7282/chr19/
Successfully loaded Data from: ./Empirical/Eigenstrat/Reichall/I7282/chr19/
Loaded Emission Model: haploid
Loaded Transition Model: model
Loaded Post Processing Model: Standard
Minimum Genetic Map: 0.0000
Maximum Genetic Map: 1.0773
Gaps bigger than 0.1 cM: 160
Maximum Gap: 0.5964 cM
Loaded Transition and Emission Matrix:
(3, 3)
(5009, 14287)
Loaded Observations:
(2, 14287)
Memory Usage: 879.517696 mB
Reference Number: 5008
Total Log likelihood: -5604.062
Memory Usage: 879.517696 mB
Finished Calculation State Posteriors
Saved Zero State Posterior to ./Empirical/Eigenstrat/Reichall/I7282/chr19/.
Successfully loaded for PP. from ./Empirical/Eigenstrat/Reichall/I7282/chr19/
Fraction Markers in ROH: 0.3818
Merged n=0 gaps < 0.0 M
Called n=8 ROH Blocks > 1.0 cM
Longest Block: 1.694
Successfully saved to ./Empirical/Eigenstrat/Reichall/I7282/chr19/roh.csv
Using Low-Mem Cython Linear Speed Up.
Loaded Pre Processing Model: Eigenstrat
Loading Individual: I7282

Loaded 29078 variants
Loaded 2504 individuals
HDF5 loaded from ./Data/1000Genomes/HDF5/1240kHDF5/all1240/chr20.hdf5
3 Eigenstrat Files with 5081 Individuals and 1233013 SNPs

Intersection on Positions: 29078
Nr of Matching Refs: 29078 / 29078
Full Intersection Ref/Alt Identical: 29053 / 29078
2504 / 2504 Individuals included in Reference
Extraction of 5008 Haplotypes complete
Reduced to markers called 21252 / 29053
(Fraction SNP: 0.7314907238495164)
Successfully saved to: ./Empirical/Eigenstrat/Reichall/I7282/chr20/
Successfully loaded Data from: ./Empirical/Eigenstrat/Reichall/I7282/chr20/
Loaded Emission Model: haploid
Loaded Transition Model: model
Loaded Post Processing Model: Standard
Minimum Genetic Map: 0.0000
Maximum Genetic Map: 1.0821
Gaps bigger than 0.1 cM: 149
Maximum Gap: 0.5884 cM
Loaded Transition and Emission Matrix:
(3, 3)
(5009, 21252)
Loaded Observations:
(2, 21252)
Memory Usage: 1193.51296 mB
Reference Number: 5008
Total Log likelihood: -7699.359
Memory Usage: 1193.51296 mB
Finished Calculation State Posteriors
Saved Zero State Posterior to ./Empirical/Eigenstrat/Reichall/I7282/chr20/.
Successfully loaded for PP. from ./Empirical/Eigenstrat/Reichall/I7282/chr20/
Fraction Markers in ROH: 0.4034
Merged n=0 gaps < 0.0 M
Called n=5 ROH Blocks > 1.0 cM
Longest Block: 1.298
Successfully saved to ./Empirical/Eigenstrat/Reichall/I7282/chr20/roh.csv
Using Low-Mem Cython Linear Speed Up.
Loaded Pre Processing Model: Eigenstrat
Loading Individual: I7282

Loaded 16038 variants
Loaded 2504 individuals
HDF5 loaded from ./Data/1000Genomes/HDF5/1240kHDF5/all1240/chr21.hdf5
3 Eigenstrat Files with 5081 Individuals and 1233013 SNPs

Intersection on Positions: 16038
Nr of Matching Refs: 16038 / 16038
Full Intersection Ref/Alt Identical: 16031 / 16038
2504 / 2504 Individuals included in Reference
Extraction of 5008 Haplotypes complete
Reduced to markers called 10665 / 16031
(Fraction SNP: 0.6652735325307217)
Successfully saved to: ./Empirical/Eigenstrat/Reichall/I7282/chr21/
Successfully loaded Data from: ./Empirical/Eigenstrat/Reichall/I7282/chr21/
Loaded Emission Model: haploid
Loaded Transition Model: model
Loaded Post Processing Model: Standard
Minimum Genetic Map: -0.0085
Maximum Genetic Map: 0.6279
Gaps bigger than 0.1 cM: 97
Maximum Gap: 1.7201 cM
Loaded Transition and Emission Matrix:
(3, 3)
(5009, 10665)
Loaded Observations:
(2, 10665)
Memory Usage: 721.063936 mB
Reference Number: 5008
Total Log likelihood: -4225.816
Memory Usage: 721.063936 mB
Finished Calculation State Posteriors
Saved Zero State Posterior to ./Empirical/Eigenstrat/Reichall/I7282/chr21/.
Successfully loaded for PP. from ./Empirical/Eigenstrat/Reichall/I7282/chr21/
Fraction Markers in ROH: 0.3801
Merged n=0 gaps < 0.0 M
Called n=3 ROH Blocks > 1.0 cM
Longest Block: 1.836
Successfully saved to ./Empirical/Eigenstrat/Reichall/I7282/chr21/roh.csv
Using Low-Mem Cython Linear Speed Up.
Loaded Pre Processing Model: Eigenstrat
Loading Individual: I7282

Loaded 15802 variants
Loaded 2504 individuals
HDF5 loaded from ./Data/1000Genomes/HDF5/1240kHDF5/all1240/chr22.hdf5
3 Eigenstrat Files with 5081 Individuals and 1233013 SNPs

Intersection on Positions: 15802
Nr of Matching Refs: 15802 / 15802
Full Intersection Ref/Alt Identical: 15793 / 15802
2504 / 2504 Individuals included in Reference
Extraction of 5008 Haplotypes complete
Reduced to markers called 12532 / 15793
(Fraction SNP: 0.793516114734376)
Successfully saved to: ./Empirical/Eigenstrat/Reichall/I7282/chr22/
Successfully loaded Data from: ./Empirical/Eigenstrat/Reichall/I7282/chr22/
Loaded Emission Model: haploid
Loaded Transition Model: model
Loaded Post Processing Model: Standard
Minimum Genetic Map: 0.0180
Maximum Genetic Map: 0.7408
Gaps bigger than 0.1 cM: 90
Maximum Gap: 1.6949 cM
Loaded Transition and Emission Matrix:
(3, 3)
(5009, 12532)
Loaded Observations:
(2, 12532)
Memory Usage: 806.023168 mB
Reference Number: 5008
Total Log likelihood: -4783.087
Memory Usage: 806.023168 mB
Finished Calculation State Posteriors
Saved Zero State Posterior to ./Empirical/Eigenstrat/Reichall/I7282/chr22/.
Successfully loaded for PP. from ./Empirical/Eigenstrat/Reichall/I7282/chr22/
Fraction Markers in ROH: 0.3872
Merged n=0 gaps < 0.0 M
Called n=3 ROH Blocks > 1.0 cM
Longest Block: 2.385
Successfully saved to ./Empirical/Eigenstrat/Reichall/I7282/chr22/roh.csv
