Loaded 2106 / 5081 ancient Indivdiuals Anno File.
Doing Individual I0070...
Using Low-Mem Cython Linear Speed Up.
Loaded Pre Processing Model: Eigenstrat
Loading Individual: I0070

Loaded 89147 variants
Loaded 2504 individuals
HDF5 loaded from ./Data/1000Genomes/HDF5/1240kHDF5/all1240/chr1.hdf5
3 Eigenstrat Files with 5081 Individuals and 1233013 SNPs

Intersection on Positions: 89147
Nr of Matching Refs: 89147 / 89147
Full Intersection Ref/Alt Identical: 89082 / 89147
2504 / 2504 Individuals included in Reference
Extraction of 5008 Haplotypes complete
Reduced to markers called 48886 / 89082
(Fraction SNP: 0.5487752856918345)
Successfully saved to: ./Empirical/Eigenstrat/Reichall/I0070/chr1/
Successfully loaded Data from: ./Empirical/Eigenstrat/Reichall/I0070/chr1/
Loaded Emission Model: haploid
Loaded Transition Model: model
Loaded Post Processing Model: Standard
Minimum Genetic Map: 0.0201
Maximum Genetic Map: 2.8627
Gaps bigger than 0.1 cM: 388
Maximum Gap: 2.9492 cM
Loaded Transition and Emission Matrix:
(3, 3)
(5009, 48886)
Loaded Observations:
(2, 48886)
Memory Usage: 2398.490624 mB
Reference Number: 5008
Total Log likelihood: -17176.958
Memory Usage: 2398.949376 mB
Finished Calculation State Posteriors
Saved Zero State Posterior to ./Empirical/Eigenstrat/Reichall/I0070/chr1/.
Successfully loaded for PP. from ./Empirical/Eigenstrat/Reichall/I0070/chr1/
Fraction Markers in ROH: 0.4231
Merged n=0 gaps < 0.0 M
Called n=20 ROH Blocks > 1.0 cM
Longest Block: 2.148
Successfully saved to ./Empirical/Eigenstrat/Reichall/I0070/chr1/roh.csv
Using Low-Mem Cython Linear Speed Up.
Loaded Pre Processing Model: Eigenstrat
Loading Individual: I0070

Loaded 94239 variants
Loaded 2504 individuals
HDF5 loaded from ./Data/1000Genomes/HDF5/1240kHDF5/all1240/chr2.hdf5
3 Eigenstrat Files with 5081 Individuals and 1233013 SNPs

Intersection on Positions: 94239
Nr of Matching Refs: 94239 / 94239
Full Intersection Ref/Alt Identical: 94173 / 94239
2504 / 2504 Individuals included in Reference
Extraction of 5008 Haplotypes complete
Reduced to markers called 49082 / 94173
(Fraction SNP: 0.5211897252928122)
Successfully saved to: ./Empirical/Eigenstrat/Reichall/I0070/chr2/
Successfully loaded Data from: ./Empirical/Eigenstrat/Reichall/I0070/chr2/
Loaded Emission Model: haploid
Loaded Transition Model: model
Loaded Post Processing Model: Standard
Minimum Genetic Map: 0.0001
Maximum Genetic Map: 2.6883
Gaps bigger than 0.1 cM: 383
Maximum Gap: 1.8349 cM
Loaded Transition and Emission Matrix:
(3, 3)
(5009, 49082)
Loaded Observations:
(2, 49082)
Memory Usage: 2443.051008 mB
Reference Number: 5008
Total Log likelihood: -17316.445
Memory Usage: 2443.10016 mB
Finished Calculation State Posteriors
Saved Zero State Posterior to ./Empirical/Eigenstrat/Reichall/I0070/chr2/.
Successfully loaded for PP. from ./Empirical/Eigenstrat/Reichall/I0070/chr2/
Fraction Markers in ROH: 0.4107
Merged n=0 gaps < 0.0 M
Called n=10 ROH Blocks > 1.0 cM
Longest Block: 2.230
Successfully saved to ./Empirical/Eigenstrat/Reichall/I0070/chr2/roh.csv
Using Low-Mem Cython Linear Speed Up.
Loaded Pre Processing Model: Eigenstrat
Loading Individual: I0070

Loaded 77652 variants
Loaded 2504 individuals
HDF5 loaded from ./Data/1000Genomes/HDF5/1240kHDF5/all1240/chr3.hdf5
3 Eigenstrat Files with 5081 Individuals and 1233013 SNPs

Intersection on Positions: 77652
Nr of Matching Refs: 77652 / 77652
Full Intersection Ref/Alt Identical: 77601 / 77652
2504 / 2504 Individuals included in Reference
Extraction of 5008 Haplotypes complete
Reduced to markers called 40060 / 77601
(Fraction SNP: 0.5162304609476682)
Successfully saved to: ./Empirical/Eigenstrat/Reichall/I0070/chr3/
Successfully loaded Data from: ./Empirical/Eigenstrat/Reichall/I0070/chr3/
Loaded Emission Model: haploid
Loaded Transition Model: model
Loaded Post Processing Model: Standard
Minimum Genetic Map: 0.0001
Maximum Genetic Map: 2.2326
Gaps bigger than 0.1 cM: 344
Maximum Gap: 0.3200 cM
Loaded Transition and Emission Matrix:
(3, 3)
(5009, 40060)
Loaded Observations:
(2, 40060)
Memory Usage: 2036.785152 mB
Reference Number: 5008
Total Log likelihood: -13769.805
Memory Usage: 2036.785152 mB
Finished Calculation State Posteriors
Saved Zero State Posterior to ./Empirical/Eigenstrat/Reichall/I0070/chr3/.
Successfully loaded for PP. from ./Empirical/Eigenstrat/Reichall/I0070/chr3/
Fraction Markers in ROH: 0.4418
Merged n=0 gaps < 0.0 M
Called n=11 ROH Blocks > 1.0 cM
Longest Block: 1.779
Successfully saved to ./Empirical/Eigenstrat/Reichall/I0070/chr3/roh.csv
Using Low-Mem Cython Linear Speed Up.
Loaded Pre Processing Model: Eigenstrat
Loading Individual: I0070

Loaded 68759 variants
Loaded 2504 individuals
HDF5 loaded from ./Data/1000Genomes/HDF5/1240kHDF5/all1240/chr4.hdf5
3 Eigenstrat Files with 5081 Individuals and 1233013 SNPs

Intersection on Positions: 68759
Nr of Matching Refs: 68759 / 68759
Full Intersection Ref/Alt Identical: 68720 / 68759
2504 / 2504 Individuals included in Reference
Extraction of 5008 Haplotypes complete
Reduced to markers called 33240 / 68720
(Fraction SNP: 0.48370197904540163)
Successfully saved to: ./Empirical/Eigenstrat/Reichall/I0070/chr4/
Successfully loaded Data from: ./Empirical/Eigenstrat/Reichall/I0070/chr4/
Loaded Emission Model: haploid
Loaded Transition Model: model
Loaded Post Processing Model: Standard
Minimum Genetic Map: 0.0034
Maximum Genetic Map: 2.1454
Gaps bigger than 0.1 cM: 325
Maximum Gap: 2.0886 cM
Loaded Transition and Emission Matrix:
(3, 3)
(5009, 33240)
Loaded Observations:
(2, 33240)
Memory Usage: 1730.064384 mB
Reference Number: 5008
Total Log likelihood: -11794.638
Memory Usage: 1730.064384 mB
Finished Calculation State Posteriors
Saved Zero State Posterior to ./Empirical/Eigenstrat/Reichall/I0070/chr4/.
Successfully loaded for PP. from ./Empirical/Eigenstrat/Reichall/I0070/chr4/
Fraction Markers in ROH: 0.4276
Merged n=0 gaps < 0.0 M
Called n=11 ROH Blocks > 1.0 cM
Longest Block: 2.405
Successfully saved to ./Empirical/Eigenstrat/Reichall/I0070/chr4/roh.csv
Using Low-Mem Cython Linear Speed Up.
Loaded Pre Processing Model: Eigenstrat
Loading Individual: I0070

Loaded 69399 variants
Loaded 2504 individuals
HDF5 loaded from ./Data/1000Genomes/HDF5/1240kHDF5/all1240/chr5.hdf5
3 Eigenstrat Files with 5081 Individuals and 1233013 SNPs

Intersection on Positions: 69399
Nr of Matching Refs: 69399 / 69399
Full Intersection Ref/Alt Identical: 69354 / 69399
2504 / 2504 Individuals included in Reference
Extraction of 5008 Haplotypes complete
Reduced to markers called 35433 / 69354
(Fraction SNP: 0.5109005969374514)
Successfully saved to: ./Empirical/Eigenstrat/Reichall/I0070/chr5/
Successfully loaded Data from: ./Empirical/Eigenstrat/Reichall/I0070/chr5/
Loaded Emission Model: haploid
Loaded Transition Model: model
Loaded Post Processing Model: Standard
Minimum Genetic Map: 0.0004
Maximum Genetic Map: 2.0409
Gaps bigger than 0.1 cM: 321
Maximum Gap: 1.1070 cM
Loaded Transition and Emission Matrix:
(3, 3)
(5009, 35433)
Loaded Observations:
(2, 35433)
Memory Usage: 1828.847616 mB
Reference Number: 5008
Total Log likelihood: -12265.630
Memory Usage: 1828.847616 mB
Finished Calculation State Posteriors
Saved Zero State Posterior to ./Empirical/Eigenstrat/Reichall/I0070/chr5/.
Successfully loaded for PP. from ./Empirical/Eigenstrat/Reichall/I0070/chr5/
Fraction Markers in ROH: 0.4228
Merged n=0 gaps < 0.0 M
Called n=13 ROH Blocks > 1.0 cM
Longest Block: 2.589
Successfully saved to ./Empirical/Eigenstrat/Reichall/I0070/chr5/roh.csv
Using Low-Mem Cython Linear Speed Up.
Loaded Pre Processing Model: Eigenstrat
Loading Individual: I0070

Loaded 75870 variants
Loaded 2504 individuals
HDF5 loaded from ./Data/1000Genomes/HDF5/1240kHDF5/all1240/chr6.hdf5
3 Eigenstrat Files with 5081 Individuals and 1233013 SNPs

Intersection on Positions: 75870
Nr of Matching Refs: 75870 / 75870
Full Intersection Ref/Alt Identical: 75816 / 75870
2504 / 2504 Individuals included in Reference
Extraction of 5008 Haplotypes complete
Reduced to markers called 39705 / 75816
(Fraction SNP: 0.5237021209243431)
Successfully saved to: ./Empirical/Eigenstrat/Reichall/I0070/chr6/
Successfully loaded Data from: ./Empirical/Eigenstrat/Reichall/I0070/chr6/
Loaded Emission Model: haploid
Loaded Transition Model: model
Loaded Post Processing Model: Standard
Minimum Genetic Map: 0.0035
Maximum Genetic Map: 1.9203
Gaps bigger than 0.1 cM: 266
Maximum Gap: 0.5072 cM
Loaded Transition and Emission Matrix:
(3, 3)
(5009, 39705)
Loaded Observations:
(2, 39705)
Memory Usage: 2021.593088 mB
Reference Number: 5008
Total Log likelihood: -13820.547
Memory Usage: 2020.089856 mB
Finished Calculation State Posteriors
Saved Zero State Posterior to ./Empirical/Eigenstrat/Reichall/I0070/chr6/.
Successfully loaded for PP. from ./Empirical/Eigenstrat/Reichall/I0070/chr6/
Fraction Markers in ROH: 0.4409
Merged n=0 gaps < 0.0 M
Called n=12 ROH Blocks > 1.0 cM
Longest Block: 2.360
Successfully saved to ./Empirical/Eigenstrat/Reichall/I0070/chr6/roh.csv
Using Low-Mem Cython Linear Speed Up.
Loaded Pre Processing Model: Eigenstrat
Loading Individual: I0070

Loaded 59890 variants
Loaded 2504 individuals
HDF5 loaded from ./Data/1000Genomes/HDF5/1240kHDF5/all1240/chr7.hdf5
3 Eigenstrat Files with 5081 Individuals and 1233013 SNPs

Intersection on Positions: 59890
Nr of Matching Refs: 59890 / 59890
Full Intersection Ref/Alt Identical: 59836 / 59890
2504 / 2504 Individuals included in Reference
Extraction of 5008 Haplotypes complete
Reduced to markers called 30071 / 59836
(Fraction SNP: 0.5025569891035497)
Successfully saved to: ./Empirical/Eigenstrat/Reichall/I0070/chr7/
Successfully loaded Data from: ./Empirical/Eigenstrat/Reichall/I0070/chr7/
Loaded Emission Model: haploid
Loaded Transition Model: model
Loaded Post Processing Model: Standard
Minimum Genetic Map: 0.0001
Maximum Genetic Map: 1.8715
Gaps bigger than 0.1 cM: 284
Maximum Gap: 0.8724 cM
Loaded Transition and Emission Matrix:
(3, 3)
(5009, 30071)
Loaded Observations:
(2, 30071)
Memory Usage: 1586.618368 mB
Reference Number: 5008
Total Log likelihood: -11108.271
Memory Usage: 1586.634752 mB
Finished Calculation State Posteriors
Saved Zero State Posterior to ./Empirical/Eigenstrat/Reichall/I0070/chr7/.
Successfully loaded for PP. from ./Empirical/Eigenstrat/Reichall/I0070/chr7/
Fraction Markers in ROH: 0.3709
Merged n=0 gaps < 0.0 M
Called n=8 ROH Blocks > 1.0 cM
Longest Block: 2.828
Successfully saved to ./Empirical/Eigenstrat/Reichall/I0070/chr7/roh.csv
Using Low-Mem Cython Linear Speed Up.
Loaded Pre Processing Model: Eigenstrat
Loading Individual: I0070

Loaded 61133 variants
Loaded 2504 individuals
HDF5 loaded from ./Data/1000Genomes/HDF5/1240kHDF5/all1240/chr8.hdf5
3 Eigenstrat Files with 5081 Individuals and 1233013 SNPs

Intersection on Positions: 61133
Nr of Matching Refs: 61133 / 61133
Full Intersection Ref/Alt Identical: 61091 / 61133
2504 / 2504 Individuals included in Reference
Extraction of 5008 Haplotypes complete
Reduced to markers called 31336 / 61091
(Fraction SNP: 0.512939712887332)
Successfully saved to: ./Empirical/Eigenstrat/Reichall/I0070/chr8/
Successfully loaded Data from: ./Empirical/Eigenstrat/Reichall/I0070/chr8/
Loaded Emission Model: haploid
Loaded Transition Model: model
Loaded Post Processing Model: Standard
Minimum Genetic Map: 0.0000
Maximum Genetic Map: 1.6800
Gaps bigger than 0.1 cM: 231
Maximum Gap: 1.9070 cM
Loaded Transition and Emission Matrix:
(3, 3)
(5009, 31336)
Loaded Observations:
(2, 31336)
Memory Usage: 1644.187648 mB
Reference Number: 5008
Total Log likelihood: -11129.207
Memory Usage: 1644.187648 mB
Finished Calculation State Posteriors
Saved Zero State Posterior to ./Empirical/Eigenstrat/Reichall/I0070/chr8/.
Successfully loaded for PP. from ./Empirical/Eigenstrat/Reichall/I0070/chr8/
Fraction Markers in ROH: 0.4173
Merged n=0 gaps < 0.0 M
Called n=7 ROH Blocks > 1.0 cM
Longest Block: 1.533
Successfully saved to ./Empirical/Eigenstrat/Reichall/I0070/chr8/roh.csv
Using Low-Mem Cython Linear Speed Up.
Loaded Pre Processing Model: Eigenstrat
Loading Individual: I0070

Loaded 50668 variants
Loaded 2504 individuals
HDF5 loaded from ./Data/1000Genomes/HDF5/1240kHDF5/all1240/chr9.hdf5
3 Eigenstrat Files with 5081 Individuals and 1233013 SNPs

Intersection on Positions: 50668
Nr of Matching Refs: 50668 / 50668
Full Intersection Ref/Alt Identical: 50629 / 50668
2504 / 2504 Individuals included in Reference
Extraction of 5008 Haplotypes complete
Reduced to markers called 26410 / 50629
(Fraction SNP: 0.5216377965197811)
Successfully saved to: ./Empirical/Eigenstrat/Reichall/I0070/chr9/
Successfully loaded Data from: ./Empirical/Eigenstrat/Reichall/I0070/chr9/
Loaded Emission Model: haploid
Loaded Transition Model: model
Loaded Post Processing Model: Standard
Minimum Genetic Map: 0.0016
Maximum Genetic Map: 1.6630
Gaps bigger than 0.1 cM: 275
Maximum Gap: 2.3102 cM
Loaded Transition and Emission Matrix:
(3, 3)
(5009, 26410)
Loaded Observations:
(2, 26410)
Memory Usage: 1422.204928 mB
Reference Number: 5008
Total Log likelihood: -9296.395
Memory Usage: 1422.204928 mB
Finished Calculation State Posteriors
Saved Zero State Posterior to ./Empirical/Eigenstrat/Reichall/I0070/chr9/.
Successfully loaded for PP. from ./Empirical/Eigenstrat/Reichall/I0070/chr9/
Fraction Markers in ROH: 0.4336
Merged n=0 gaps < 0.0 M
Called n=7 ROH Blocks > 1.0 cM
Longest Block: 3.702
Successfully saved to ./Empirical/Eigenstrat/Reichall/I0070/chr9/roh.csv
Using Low-Mem Cython Linear Speed Up.
Loaded Pre Processing Model: Eigenstrat
Loading Individual: I0070

Loaded 58804 variants
Loaded 2504 individuals
HDF5 loaded from ./Data/1000Genomes/HDF5/1240kHDF5/all1240/chr10.hdf5
3 Eigenstrat Files with 5081 Individuals and 1233013 SNPs

Intersection on Positions: 58804
Nr of Matching Refs: 58804 / 58804
Full Intersection Ref/Alt Identical: 58763 / 58804
2504 / 2504 Individuals included in Reference
Extraction of 5008 Haplotypes complete
Reduced to markers called 31916 / 58763
(Fraction SNP: 0.5431308816772459)
Successfully saved to: ./Empirical/Eigenstrat/Reichall/I0070/chr10/
Successfully loaded Data from: ./Empirical/Eigenstrat/Reichall/I0070/chr10/
Loaded Emission Model: haploid
Loaded Transition Model: model
Loaded Post Processing Model: Standard
Minimum Genetic Map: 0.0001
Maximum Genetic Map: 1.8091
Gaps bigger than 0.1 cM: 270
Maximum Gap: 2.0338 cM
Loaded Transition and Emission Matrix:
(3, 3)
(5009, 31916)
Loaded Observations:
(2, 31916)
Memory Usage: 1670.946816 mB
Reference Number: 5008
Total Log likelihood: -11342.420
Memory Usage: 1670.946816 mB
Finished Calculation State Posteriors
Saved Zero State Posterior to ./Empirical/Eigenstrat/Reichall/I0070/chr10/.
Successfully loaded for PP. from ./Empirical/Eigenstrat/Reichall/I0070/chr10/
Fraction Markers in ROH: 0.4073
Merged n=0 gaps < 0.0 M
Called n=6 ROH Blocks > 1.0 cM
Longest Block: 6.046
Successfully saved to ./Empirical/Eigenstrat/Reichall/I0070/chr10/roh.csv
Using Low-Mem Cython Linear Speed Up.
Loaded Pre Processing Model: Eigenstrat
Loading Individual: I0070

Loaded 54833 variants
Loaded 2504 individuals
HDF5 loaded from ./Data/1000Genomes/HDF5/1240kHDF5/all1240/chr11.hdf5
3 Eigenstrat Files with 5081 Individuals and 1233013 SNPs

Intersection on Positions: 54833
Nr of Matching Refs: 54833 / 54833
Full Intersection Ref/Alt Identical: 54796 / 54833
2504 / 2504 Individuals included in Reference
Extraction of 5008 Haplotypes complete
Reduced to markers called 29573 / 54796
(Fraction SNP: 0.539692678297686)
Successfully saved to: ./Empirical/Eigenstrat/Reichall/I0070/chr11/
Successfully loaded Data from: ./Empirical/Eigenstrat/Reichall/I0070/chr11/
Loaded Emission Model: haploid
Loaded Transition Model: model
Loaded Post Processing Model: Standard
Minimum Genetic Map: 0.0000
Maximum Genetic Map: 1.5822
Gaps bigger than 0.1 cM: 235
Maximum Gap: 0.5373 cM
Loaded Transition and Emission Matrix:
(3, 3)
(5009, 29573)
Loaded Observations:
(2, 29573)
Memory Usage: 1565.3888 mB
Reference Number: 5008
Total Log likelihood: -9915.296
Memory Usage: 1565.3888 mB
Finished Calculation State Posteriors
Saved Zero State Posterior to ./Empirical/Eigenstrat/Reichall/I0070/chr11/.
Successfully loaded for PP. from ./Empirical/Eigenstrat/Reichall/I0070/chr11/
Fraction Markers in ROH: 0.4726
Merged n=0 gaps < 0.0 M
Called n=11 ROH Blocks > 1.0 cM
Longest Block: 6.916
Successfully saved to ./Empirical/Eigenstrat/Reichall/I0070/chr11/roh.csv
Using Low-Mem Cython Linear Speed Up.
Loaded Pre Processing Model: Eigenstrat
Loading Individual: I0070

Loaded 53911 variants
Loaded 2504 individuals
HDF5 loaded from ./Data/1000Genomes/HDF5/1240kHDF5/all1240/chr12.hdf5
3 Eigenstrat Files with 5081 Individuals and 1233013 SNPs

Intersection on Positions: 53911
Nr of Matching Refs: 53911 / 53911
Full Intersection Ref/Alt Identical: 53884 / 53911
2504 / 2504 Individuals included in Reference
Extraction of 5008 Haplotypes complete
Reduced to markers called 28400 / 53884
(Fraction SNP: 0.5270581248608122)
Successfully saved to: ./Empirical/Eigenstrat/Reichall/I0070/chr12/
Successfully loaded Data from: ./Empirical/Eigenstrat/Reichall/I0070/chr12/
Loaded Emission Model: haploid
Loaded Transition Model: model
Loaded Post Processing Model: Standard
Minimum Genetic Map: 0.0009
Maximum Genetic Map: 1.7468
Gaps bigger than 0.1 cM: 282
Maximum Gap: 1.1103 cM
Loaded Transition and Emission Matrix:
(3, 3)
(5009, 28400)
Loaded Observations:
(2, 28400)
Memory Usage: 1511.5264 mB
Reference Number: 5008
Total Log likelihood: -10044.739
Memory Usage: 1511.5264 mB
Finished Calculation State Posteriors
Saved Zero State Posterior to ./Empirical/Eigenstrat/Reichall/I0070/chr12/.
Successfully loaded for PP. from ./Empirical/Eigenstrat/Reichall/I0070/chr12/
Fraction Markers in ROH: 0.4298
Merged n=0 gaps < 0.0 M
Called n=11 ROH Blocks > 1.0 cM
Longest Block: 2.553
Successfully saved to ./Empirical/Eigenstrat/Reichall/I0070/chr12/roh.csv
Using Low-Mem Cython Linear Speed Up.
Loaded Pre Processing Model: Eigenstrat
Loading Individual: I0070

Loaded 39018 variants
Loaded 2504 individuals
HDF5 loaded from ./Data/1000Genomes/HDF5/1240kHDF5/all1240/chr13.hdf5
3 Eigenstrat Files with 5081 Individuals and 1233013 SNPs

Intersection on Positions: 39018
Nr of Matching Refs: 39018 / 39018
Full Intersection Ref/Alt Identical: 38994 / 39018
2504 / 2504 Individuals included in Reference
Extraction of 5008 Haplotypes complete
Reduced to markers called 19014 / 38994
(Fraction SNP: 0.4876134789967687)
Successfully saved to: ./Empirical/Eigenstrat/Reichall/I0070/chr13/
Successfully loaded Data from: ./Empirical/Eigenstrat/Reichall/I0070/chr13/
Loaded Emission Model: haploid
Loaded Transition Model: model
Loaded Post Processing Model: Standard
Minimum Genetic Map: 0.0019
Maximum Genetic Map: 1.2570
Gaps bigger than 0.1 cM: 216
Maximum Gap: 1.2245 cM
Loaded Transition and Emission Matrix:
(3, 3)
(5009, 19014)
Loaded Observations:
(2, 19014)
Memory Usage: 1089.069056 mB
Reference Number: 5008
Total Log likelihood: -6894.327
Memory Usage: 1089.069056 mB
Finished Calculation State Posteriors
Saved Zero State Posterior to ./Empirical/Eigenstrat/Reichall/I0070/chr13/.
Successfully loaded for PP. from ./Empirical/Eigenstrat/Reichall/I0070/chr13/
Fraction Markers in ROH: 0.4309
Merged n=0 gaps < 0.0 M
Called n=8 ROH Blocks > 1.0 cM
Longest Block: 1.685
Successfully saved to ./Empirical/Eigenstrat/Reichall/I0070/chr13/roh.csv
Using Low-Mem Cython Linear Speed Up.
Loaded Pre Processing Model: Eigenstrat
Loading Individual: I0070

Loaded 36301 variants
Loaded 2504 individuals
HDF5 loaded from ./Data/1000Genomes/HDF5/1240kHDF5/all1240/chr14.hdf5
3 Eigenstrat Files with 5081 Individuals and 1233013 SNPs

Intersection on Positions: 36301
Nr of Matching Refs: 36301 / 36301
Full Intersection Ref/Alt Identical: 36280 / 36301
2504 / 2504 Individuals included in Reference
Extraction of 5008 Haplotypes complete
Reduced to markers called 18846 / 36280
(Fraction SNP: 0.5194597574421169)
Successfully saved to: ./Empirical/Eigenstrat/Reichall/I0070/chr14/
Successfully loaded Data from: ./Empirical/Eigenstrat/Reichall/I0070/chr14/
Loaded Emission Model: haploid
Loaded Transition Model: model
Loaded Post Processing Model: Standard
Minimum Genetic Map: 0.0184
Maximum Genetic Map: 1.2020
Gaps bigger than 0.1 cM: 176
Maximum Gap: 3.1346 cM
Loaded Transition and Emission Matrix:
(3, 3)
(5009, 18846)
Loaded Observations:
(2, 18846)
Memory Usage: 1081.622528 mB
Reference Number: 5008
Total Log likelihood: -6661.433
Memory Usage: 1081.622528 mB
Finished Calculation State Posteriors
Saved Zero State Posterior to ./Empirical/Eigenstrat/Reichall/I0070/chr14/.
Successfully loaded for PP. from ./Empirical/Eigenstrat/Reichall/I0070/chr14/
Fraction Markers in ROH: 0.4397
Merged n=0 gaps < 0.0 M
Called n=12 ROH Blocks > 1.0 cM
Longest Block: 2.193
Successfully saved to ./Empirical/Eigenstrat/Reichall/I0070/chr14/roh.csv
Using Low-Mem Cython Linear Speed Up.
Loaded Pre Processing Model: Eigenstrat
Loading Individual: I0070

Loaded 34429 variants
Loaded 2504 individuals
HDF5 loaded from ./Data/1000Genomes/HDF5/1240kHDF5/all1240/chr15.hdf5
3 Eigenstrat Files with 5081 Individuals and 1233013 SNPs

Intersection on Positions: 34429
Nr of Matching Refs: 34429 / 34429
Full Intersection Ref/Alt Identical: 34407 / 34429
2504 / 2504 Individuals included in Reference
Extraction of 5008 Haplotypes complete
Reduced to markers called 18943 / 34407
(Fraction SNP: 0.5505565727904206)
Successfully saved to: ./Empirical/Eigenstrat/Reichall/I0070/chr15/
Successfully loaded Data from: ./Empirical/Eigenstrat/Reichall/I0070/chr15/
Loaded Emission Model: haploid
Loaded Transition Model: model
Loaded Post Processing Model: Standard
Minimum Genetic Map: 0.0002
Maximum Genetic Map: 1.4135
Gaps bigger than 0.1 cM: 200
Maximum Gap: 11.5006 cM
Loaded Transition and Emission Matrix:
(3, 3)
(5009, 18943)
Loaded Observations:
(2, 18943)
Memory Usage: 1086.60736 mB
Reference Number: 5008
Total Log likelihood: -6487.593
Memory Usage: 1086.60736 mB
Finished Calculation State Posteriors
Saved Zero State Posterior to ./Empirical/Eigenstrat/Reichall/I0070/chr15/.
Successfully loaded for PP. from ./Empirical/Eigenstrat/Reichall/I0070/chr15/
Fraction Markers in ROH: 0.4536
Merged n=0 gaps < 0.0 M
Called n=8 ROH Blocks > 1.0 cM
Longest Block: 2.185
Successfully saved to ./Empirical/Eigenstrat/Reichall/I0070/chr15/roh.csv
Using Low-Mem Cython Linear Speed Up.
Loaded Pre Processing Model: Eigenstrat
Loading Individual: I0070

Loaded 34402 variants
Loaded 2504 individuals
HDF5 loaded from ./Data/1000Genomes/HDF5/1240kHDF5/all1240/chr16.hdf5
3 Eigenstrat Files with 5081 Individuals and 1233013 SNPs

Intersection on Positions: 34402
Nr of Matching Refs: 34402 / 34402
Full Intersection Ref/Alt Identical: 34375 / 34402
2504 / 2504 Individuals included in Reference
Extraction of 5008 Haplotypes complete
Reduced to markers called 19678 / 34375
(Fraction SNP: 0.5724509090909091)
Successfully saved to: ./Empirical/Eigenstrat/Reichall/I0070/chr16/
Successfully loaded Data from: ./Empirical/Eigenstrat/Reichall/I0070/chr16/
Loaded Emission Model: haploid
Loaded Transition Model: model
Loaded Post Processing Model: Standard
Minimum Genetic Map: 0.0000
Maximum Genetic Map: 1.3403
Gaps bigger than 0.1 cM: 224
Maximum Gap: 0.8476 cM
Loaded Transition and Emission Matrix:
(3, 3)
(5009, 19678)
Loaded Observations:
(2, 19678)
Memory Usage: 1119.535104 mB
Reference Number: 5008
Total Log likelihood: -6690.654
Memory Usage: 1119.535104 mB
Finished Calculation State Posteriors
Saved Zero State Posterior to ./Empirical/Eigenstrat/Reichall/I0070/chr16/.
Successfully loaded for PP. from ./Empirical/Eigenstrat/Reichall/I0070/chr16/
Fraction Markers in ROH: 0.4743
Merged n=0 gaps < 0.0 M
Called n=9 ROH Blocks > 1.0 cM
Longest Block: 4.990
Successfully saved to ./Empirical/Eigenstrat/Reichall/I0070/chr16/roh.csv
Using Low-Mem Cython Linear Speed Up.
Loaded Pre Processing Model: Eigenstrat
Loading Individual: I0070

Loaded 29314 variants
Loaded 2504 individuals
HDF5 loaded from ./Data/1000Genomes/HDF5/1240kHDF5/all1240/chr17.hdf5
3 Eigenstrat Files with 5081 Individuals and 1233013 SNPs

Intersection on Positions: 29314
Nr of Matching Refs: 29314 / 29314
Full Intersection Ref/Alt Identical: 29292 / 29314
2504 / 2504 Individuals included in Reference
Extraction of 5008 Haplotypes complete
Reduced to markers called 16873 / 29292
(Fraction SNP: 0.5760275843233648)
Successfully saved to: ./Empirical/Eigenstrat/Reichall/I0070/chr17/
Successfully loaded Data from: ./Empirical/Eigenstrat/Reichall/I0070/chr17/
Loaded Emission Model: haploid
Loaded Transition Model: model
Loaded Post Processing Model: Standard
Minimum Genetic Map: -0.0002
Maximum Genetic Map: 1.2847
Gaps bigger than 0.1 cM: 211
Maximum Gap: 1.2341 cM
Loaded Transition and Emission Matrix:
(3, 3)
(5009, 16873)
Loaded Observations:
(2, 16873)
Memory Usage: 993.099776 mB
Reference Number: 5008
Total Log likelihood: -6112.730
Memory Usage: 993.099776 mB
Finished Calculation State Posteriors
Saved Zero State Posterior to ./Empirical/Eigenstrat/Reichall/I0070/chr17/.
Successfully loaded for PP. from ./Empirical/Eigenstrat/Reichall/I0070/chr17/
Fraction Markers in ROH: 0.4078
Merged n=0 gaps < 0.0 M
Called n=6 ROH Blocks > 1.0 cM
Longest Block: 5.912
Successfully saved to ./Empirical/Eigenstrat/Reichall/I0070/chr17/roh.csv
Using Low-Mem Cython Linear Speed Up.
Loaded Pre Processing Model: Eigenstrat
Loading Individual: I0070

Loaded 33917 variants
Loaded 2504 individuals
HDF5 loaded from ./Data/1000Genomes/HDF5/1240kHDF5/all1240/chr18.hdf5
3 Eigenstrat Files with 5081 Individuals and 1233013 SNPs

Intersection on Positions: 33917
Nr of Matching Refs: 33917 / 33917
Full Intersection Ref/Alt Identical: 33902 / 33917
2504 / 2504 Individuals included in Reference
Extraction of 5008 Haplotypes complete
Reduced to markers called 17491 / 33902
(Fraction SNP: 0.5159282638192437)
Successfully saved to: ./Empirical/Eigenstrat/Reichall/I0070/chr18/
Successfully loaded Data from: ./Empirical/Eigenstrat/Reichall/I0070/chr18/
Loaded Emission Model: haploid
Loaded Transition Model: model
Loaded Post Processing Model: Standard
Minimum Genetic Map: 0.0027
Maximum Genetic Map: 1.1771
Gaps bigger than 0.1 cM: 204
Maximum Gap: 0.4879 cM
Loaded Transition and Emission Matrix:
(3, 3)
(5009, 17491)
Loaded Observations:
(2, 17491)
Memory Usage: 1020.751872 mB
Reference Number: 5008
Total Log likelihood: -6137.778
Memory Usage: 1020.751872 mB
Finished Calculation State Posteriors
Saved Zero State Posterior to ./Empirical/Eigenstrat/Reichall/I0070/chr18/.
Successfully loaded for PP. from ./Empirical/Eigenstrat/Reichall/I0070/chr18/
Fraction Markers in ROH: 0.4025
Merged n=0 gaps < 0.0 M
Called n=4 ROH Blocks > 1.0 cM
Longest Block: 1.484
Successfully saved to ./Empirical/Eigenstrat/Reichall/I0070/chr18/roh.csv
Using Low-Mem Cython Linear Speed Up.
Loaded Pre Processing Model: Eigenstrat
Loading Individual: I0070

Loaded 18460 variants
Loaded 2504 individuals
HDF5 loaded from ./Data/1000Genomes/HDF5/1240kHDF5/all1240/chr19.hdf5
3 Eigenstrat Files with 5081 Individuals and 1233013 SNPs

Intersection on Positions: 18460
Nr of Matching Refs: 18460 / 18460
Full Intersection Ref/Alt Identical: 18441 / 18460
2504 / 2504 Individuals included in Reference
Extraction of 5008 Haplotypes complete
Reduced to markers called 10833 / 18441
(Fraction SNP: 0.5874410281438099)
Successfully saved to: ./Empirical/Eigenstrat/Reichall/I0070/chr19/
Successfully loaded Data from: ./Empirical/Eigenstrat/Reichall/I0070/chr19/
Loaded Emission Model: haploid
Loaded Transition Model: model
Loaded Post Processing Model: Standard
Minimum Genetic Map: 0.0001
Maximum Genetic Map: 1.0773
Gaps bigger than 0.1 cM: 206
Maximum Gap: 0.5964 cM
Loaded Transition and Emission Matrix:
(3, 3)
(5009, 10833)
Loaded Observations:
(2, 10833)
Memory Usage: 726.134784 mB
Reference Number: 5008
Total Log likelihood: -4019.193
Memory Usage: 726.134784 mB
Finished Calculation State Posteriors
Saved Zero State Posterior to ./Empirical/Eigenstrat/Reichall/I0070/chr19/.
Successfully loaded for PP. from ./Empirical/Eigenstrat/Reichall/I0070/chr19/
Fraction Markers in ROH: 0.4278
Merged n=0 gaps < 0.0 M
Called n=6 ROH Blocks > 1.0 cM
Longest Block: 1.791
Successfully saved to ./Empirical/Eigenstrat/Reichall/I0070/chr19/roh.csv
Using Low-Mem Cython Linear Speed Up.
Loaded Pre Processing Model: Eigenstrat
Loading Individual: I0070

Loaded 29078 variants
Loaded 2504 individuals
HDF5 loaded from ./Data/1000Genomes/HDF5/1240kHDF5/all1240/chr20.hdf5
3 Eigenstrat Files with 5081 Individuals and 1233013 SNPs

Intersection on Positions: 29078
Nr of Matching Refs: 29078 / 29078
Full Intersection Ref/Alt Identical: 29053 / 29078
2504 / 2504 Individuals included in Reference
Extraction of 5008 Haplotypes complete
Reduced to markers called 16783 / 29053
(Fraction SNP: 0.5776683991326197)
Successfully saved to: ./Empirical/Eigenstrat/Reichall/I0070/chr20/
Successfully loaded Data from: ./Empirical/Eigenstrat/Reichall/I0070/chr20/
Loaded Emission Model: haploid
Loaded Transition Model: model
Loaded Post Processing Model: Standard
Minimum Genetic Map: 0.0006
Maximum Genetic Map: 1.0821
Gaps bigger than 0.1 cM: 184
Maximum Gap: 0.5884 cM
Loaded Transition and Emission Matrix:
(3, 3)
(5009, 16783)
Loaded Observations:
(2, 16783)
Memory Usage: 994.430976 mB
Reference Number: 5008
Total Log likelihood: -5989.508
Memory Usage: 994.430976 mB
Finished Calculation State Posteriors
Saved Zero State Posterior to ./Empirical/Eigenstrat/Reichall/I0070/chr20/.
Successfully loaded for PP. from ./Empirical/Eigenstrat/Reichall/I0070/chr20/
Fraction Markers in ROH: 0.4072
Merged n=0 gaps < 0.0 M
Called n=7 ROH Blocks > 1.0 cM
Longest Block: 3.200
Successfully saved to ./Empirical/Eigenstrat/Reichall/I0070/chr20/roh.csv
Using Low-Mem Cython Linear Speed Up.
Loaded Pre Processing Model: Eigenstrat
Loading Individual: I0070

Loaded 16038 variants
Loaded 2504 individuals
HDF5 loaded from ./Data/1000Genomes/HDF5/1240kHDF5/all1240/chr21.hdf5
3 Eigenstrat Files with 5081 Individuals and 1233013 SNPs

Intersection on Positions: 16038
Nr of Matching Refs: 16038 / 16038
Full Intersection Ref/Alt Identical: 16031 / 16038
2504 / 2504 Individuals included in Reference
Extraction of 5008 Haplotypes complete
Reduced to markers called 8248 / 16031
(Fraction SNP: 0.514503150146591)
Successfully saved to: ./Empirical/Eigenstrat/Reichall/I0070/chr21/
Successfully loaded Data from: ./Empirical/Eigenstrat/Reichall/I0070/chr21/
Loaded Emission Model: haploid
Loaded Transition Model: model
Loaded Post Processing Model: Standard
Minimum Genetic Map: -0.0085
Maximum Genetic Map: 0.6277
Gaps bigger than 0.1 cM: 119
Maximum Gap: 1.7201 cM
Loaded Transition and Emission Matrix:
(3, 3)
(5009, 8248)
Loaded Observations:
(2, 8248)
Memory Usage: 609.93536 mB
Reference Number: 5008
Total Log likelihood: -2956.261
Memory Usage: 609.8944 mB
Finished Calculation State Posteriors
Saved Zero State Posterior to ./Empirical/Eigenstrat/Reichall/I0070/chr21/.
Successfully loaded for PP. from ./Empirical/Eigenstrat/Reichall/I0070/chr21/
Fraction Markers in ROH: 0.4065
Merged n=0 gaps < 0.0 M
Called n=4 ROH Blocks > 1.0 cM
Longest Block: 1.657
Successfully saved to ./Empirical/Eigenstrat/Reichall/I0070/chr21/roh.csv
Using Low-Mem Cython Linear Speed Up.
Loaded Pre Processing Model: Eigenstrat
Loading Individual: I0070

Loaded 15802 variants
Loaded 2504 individuals
HDF5 loaded from ./Data/1000Genomes/HDF5/1240kHDF5/all1240/chr22.hdf5
3 Eigenstrat Files with 5081 Individuals and 1233013 SNPs

Intersection on Positions: 15802
Nr of Matching Refs: 15802 / 15802
Full Intersection Ref/Alt Identical: 15793 / 15802
2504 / 2504 Individuals included in Reference
Extraction of 5008 Haplotypes complete
Reduced to markers called 9531 / 15793
(Fraction SNP: 0.6034952194010005)
Successfully saved to: ./Empirical/Eigenstrat/Reichall/I0070/chr22/
Successfully loaded Data from: ./Empirical/Eigenstrat/Reichall/I0070/chr22/
Loaded Emission Model: haploid
Loaded Transition Model: model
Loaded Post Processing Model: Standard
Minimum Genetic Map: 0.0178
Maximum Genetic Map: 0.7408
Gaps bigger than 0.1 cM: 117
Maximum Gap: 1.6949 cM
Loaded Transition and Emission Matrix:
(3, 3)
(5009, 9531)
Loaded Observations:
(2, 9531)
Memory Usage: 667.99616 mB
Reference Number: 5008
Total Log likelihood: -3485.952
Memory Usage: 667.99616 mB
Finished Calculation State Posteriors
Saved Zero State Posterior to ./Empirical/Eigenstrat/Reichall/I0070/chr22/.
Successfully loaded for PP. from ./Empirical/Eigenstrat/Reichall/I0070/chr22/
Fraction Markers in ROH: 0.3993
Merged n=0 gaps < 0.0 M
Called n=2 ROH Blocks > 1.0 cM
Longest Block: 1.411
Successfully saved to ./Empirical/Eigenstrat/Reichall/I0070/chr22/roh.csv
