Loaded 2106 / 5081 ancient Indivdiuals Anno File.
Doing Individual I7283...
Using Low-Mem Cython Linear Speed Up.
Loaded Pre Processing Model: Eigenstrat
Loading Individual: I7283

Loaded 89147 variants
Loaded 2504 individuals
HDF5 loaded from ./Data/1000Genomes/HDF5/1240kHDF5/all1240/chr1.hdf5
3 Eigenstrat Files with 5081 Individuals and 1233013 SNPs

Intersection on Positions: 89147
Nr of Matching Refs: 89147 / 89147
Full Intersection Ref/Alt Identical: 89082 / 89147
2504 / 2504 Individuals included in Reference
Extraction of 5008 Haplotypes complete
Reduced to markers called 59097 / 89082
(Fraction SNP: 0.6634000134707349)
Successfully saved to: ./Empirical/Eigenstrat/Reichall/I7283/chr1/
Successfully loaded Data from: ./Empirical/Eigenstrat/Reichall/I7283/chr1/
Loaded Emission Model: haploid
Loaded Transition Model: model
Loaded Post Processing Model: Standard
Minimum Genetic Map: 0.0201
Maximum Genetic Map: 2.8627
Gaps bigger than 0.1 cM: 341
Maximum Gap: 2.9229 cM
Loaded Transition and Emission Matrix:
(3, 3)
(5009, 59097)
Loaded Observations:
(2, 59097)
Memory Usage: 2859.065344 mB
Reference Number: 5008
Total Log likelihood: -20741.425
Memory Usage: 2859.528192 mB
Finished Calculation State Posteriors
Saved Zero State Posterior to ./Empirical/Eigenstrat/Reichall/I7283/chr1/.
Successfully loaded for PP. from ./Empirical/Eigenstrat/Reichall/I7283/chr1/
Fraction Markers in ROH: 0.4193
Merged n=0 gaps < 0.0 M
Called n=13 ROH Blocks > 1.0 cM
Longest Block: 1.621
Successfully saved to ./Empirical/Eigenstrat/Reichall/I7283/chr1/roh.csv
Using Low-Mem Cython Linear Speed Up.
Loaded Pre Processing Model: Eigenstrat
Loading Individual: I7283

Loaded 94239 variants
Loaded 2504 individuals
HDF5 loaded from ./Data/1000Genomes/HDF5/1240kHDF5/all1240/chr2.hdf5
3 Eigenstrat Files with 5081 Individuals and 1233013 SNPs

Intersection on Positions: 94239
Nr of Matching Refs: 94239 / 94239
Full Intersection Ref/Alt Identical: 94173 / 94239
2504 / 2504 Individuals included in Reference
Extraction of 5008 Haplotypes complete
Reduced to markers called 59067 / 94173
(Fraction SNP: 0.6272179924182091)
Successfully saved to: ./Empirical/Eigenstrat/Reichall/I7283/chr2/
Successfully loaded Data from: ./Empirical/Eigenstrat/Reichall/I7283/chr2/
Loaded Emission Model: haploid
Loaded Transition Model: model
Loaded Post Processing Model: Standard
Minimum Genetic Map: 0.0002
Maximum Genetic Map: 2.6883
Gaps bigger than 0.1 cM: 316
Maximum Gap: 2.1083 cM
Loaded Transition and Emission Matrix:
(3, 3)
(5009, 59067)
Loaded Observations:
(2, 59067)
Memory Usage: 2896.842752 mB
Reference Number: 5008
Total Log likelihood: -21256.402
Memory Usage: 2896.842752 mB
Finished Calculation State Posteriors
Saved Zero State Posterior to ./Empirical/Eigenstrat/Reichall/I7283/chr2/.
Successfully loaded for PP. from ./Empirical/Eigenstrat/Reichall/I7283/chr2/
Fraction Markers in ROH: 0.4142
Merged n=0 gaps < 0.0 M
Called n=6 ROH Blocks > 1.0 cM
Longest Block: 2.448
Successfully saved to ./Empirical/Eigenstrat/Reichall/I7283/chr2/roh.csv
Using Low-Mem Cython Linear Speed Up.
Loaded Pre Processing Model: Eigenstrat
Loading Individual: I7283

Loaded 77652 variants
Loaded 2504 individuals
HDF5 loaded from ./Data/1000Genomes/HDF5/1240kHDF5/all1240/chr3.hdf5
3 Eigenstrat Files with 5081 Individuals and 1233013 SNPs

Intersection on Positions: 77652
Nr of Matching Refs: 77652 / 77652
Full Intersection Ref/Alt Identical: 77601 / 77652
2504 / 2504 Individuals included in Reference
Extraction of 5008 Haplotypes complete
Reduced to markers called 48364 / 77601
(Fraction SNP: 0.6232393912449582)
Successfully saved to: ./Empirical/Eigenstrat/Reichall/I7283/chr3/
Successfully loaded Data from: ./Empirical/Eigenstrat/Reichall/I7283/chr3/
Loaded Emission Model: haploid
Loaded Transition Model: model
Loaded Post Processing Model: Standard
Minimum Genetic Map: 0.0000
Maximum Genetic Map: 2.2326
Gaps bigger than 0.1 cM: 297
Maximum Gap: 0.3297 cM
Loaded Transition and Emission Matrix:
(3, 3)
(5009, 48364)
Loaded Observations:
(2, 48364)
Memory Usage: 2414.682112 mB
Reference Number: 5008
Total Log likelihood: -16996.819
Memory Usage: 2414.682112 mB
Finished Calculation State Posteriors
Saved Zero State Posterior to ./Empirical/Eigenstrat/Reichall/I7283/chr3/.
Successfully loaded for PP. from ./Empirical/Eigenstrat/Reichall/I7283/chr3/
Fraction Markers in ROH: 0.4415
Merged n=0 gaps < 0.0 M
Called n=14 ROH Blocks > 1.0 cM
Longest Block: 2.351
Successfully saved to ./Empirical/Eigenstrat/Reichall/I7283/chr3/roh.csv
Using Low-Mem Cython Linear Speed Up.
Loaded Pre Processing Model: Eigenstrat
Loading Individual: I7283

Loaded 68759 variants
Loaded 2504 individuals
HDF5 loaded from ./Data/1000Genomes/HDF5/1240kHDF5/all1240/chr4.hdf5
3 Eigenstrat Files with 5081 Individuals and 1233013 SNPs

Intersection on Positions: 68759
Nr of Matching Refs: 68759 / 68759
Full Intersection Ref/Alt Identical: 68720 / 68759
2504 / 2504 Individuals included in Reference
Extraction of 5008 Haplotypes complete
Reduced to markers called 39420 / 68720
(Fraction SNP: 0.5736321303841676)
Successfully saved to: ./Empirical/Eigenstrat/Reichall/I7283/chr4/
Successfully loaded Data from: ./Empirical/Eigenstrat/Reichall/I7283/chr4/
Loaded Emission Model: haploid
Loaded Transition Model: model
Loaded Post Processing Model: Standard
Minimum Genetic Map: 0.0034
Maximum Genetic Map: 2.1454
Gaps bigger than 0.1 cM: 298
Maximum Gap: 2.0422 cM
Loaded Transition and Emission Matrix:
(3, 3)
(5009, 39420)
Loaded Observations:
(2, 39420)
Memory Usage: 2011.91424 mB
Reference Number: 5008
Total Log likelihood: -14261.240
Memory Usage: 2011.91424 mB
Finished Calculation State Posteriors
Saved Zero State Posterior to ./Empirical/Eigenstrat/Reichall/I7283/chr4/.
Successfully loaded for PP. from ./Empirical/Eigenstrat/Reichall/I7283/chr4/
Fraction Markers in ROH: 0.4064
Merged n=0 gaps < 0.0 M
Called n=15 ROH Blocks > 1.0 cM
Longest Block: 2.553
Successfully saved to ./Empirical/Eigenstrat/Reichall/I7283/chr4/roh.csv
Using Low-Mem Cython Linear Speed Up.
Loaded Pre Processing Model: Eigenstrat
Loading Individual: I7283

Loaded 69399 variants
Loaded 2504 individuals
HDF5 loaded from ./Data/1000Genomes/HDF5/1240kHDF5/all1240/chr5.hdf5
3 Eigenstrat Files with 5081 Individuals and 1233013 SNPs

Intersection on Positions: 69399
Nr of Matching Refs: 69399 / 69399
Full Intersection Ref/Alt Identical: 69354 / 69399
2504 / 2504 Individuals included in Reference
Extraction of 5008 Haplotypes complete
Reduced to markers called 43132 / 69354
(Fraction SNP: 0.6219107765954379)
Successfully saved to: ./Empirical/Eigenstrat/Reichall/I7283/chr5/
Successfully loaded Data from: ./Empirical/Eigenstrat/Reichall/I7283/chr5/
Loaded Emission Model: haploid
Loaded Transition Model: model
Loaded Post Processing Model: Standard
Minimum Genetic Map: 0.0004
Maximum Genetic Map: 2.0409
Gaps bigger than 0.1 cM: 279
Maximum Gap: 1.1070 cM
Loaded Transition and Emission Matrix:
(3, 3)
(5009, 43132)
Loaded Observations:
(2, 43132)
Memory Usage: 2178.899968 mB
Reference Number: 5008
Total Log likelihood: -15538.404
Memory Usage: 2178.899968 mB
Finished Calculation State Posteriors
Saved Zero State Posterior to ./Empirical/Eigenstrat/Reichall/I7283/chr5/.
Successfully loaded for PP. from ./Empirical/Eigenstrat/Reichall/I7283/chr5/
Fraction Markers in ROH: 0.4173
Merged n=0 gaps < 0.0 M
Called n=9 ROH Blocks > 1.0 cM
Longest Block: 2.571
Successfully saved to ./Empirical/Eigenstrat/Reichall/I7283/chr5/roh.csv
Using Low-Mem Cython Linear Speed Up.
Loaded Pre Processing Model: Eigenstrat
Loading Individual: I7283

Loaded 75870 variants
Loaded 2504 individuals
HDF5 loaded from ./Data/1000Genomes/HDF5/1240kHDF5/all1240/chr6.hdf5
3 Eigenstrat Files with 5081 Individuals and 1233013 SNPs

Intersection on Positions: 75870
Nr of Matching Refs: 75870 / 75870
Full Intersection Ref/Alt Identical: 75816 / 75870
2504 / 2504 Individuals included in Reference
Extraction of 5008 Haplotypes complete
Reduced to markers called 47056 / 75816
(Fraction SNP: 0.6206605465864725)
Successfully saved to: ./Empirical/Eigenstrat/Reichall/I7283/chr6/
Successfully loaded Data from: ./Empirical/Eigenstrat/Reichall/I7283/chr6/
Loaded Emission Model: haploid
Loaded Transition Model: model
Loaded Post Processing Model: Standard
Minimum Genetic Map: 0.0035
Maximum Genetic Map: 1.9203
Gaps bigger than 0.1 cM: 238
Maximum Gap: 0.5138 cM
Loaded Transition and Emission Matrix:
(3, 3)
(5009, 47056)
Loaded Observations:
(2, 47056)
Memory Usage: 2356.215808 mB
Reference Number: 5008
Total Log likelihood: -16752.897
Memory Usage: 2356.215808 mB
Finished Calculation State Posteriors
Saved Zero State Posterior to ./Empirical/Eigenstrat/Reichall/I7283/chr6/.
Successfully loaded for PP. from ./Empirical/Eigenstrat/Reichall/I7283/chr6/
Fraction Markers in ROH: 0.4039
Merged n=0 gaps < 0.0 M
Called n=7 ROH Blocks > 1.0 cM
Longest Block: 1.634
Successfully saved to ./Empirical/Eigenstrat/Reichall/I7283/chr6/roh.csv
Using Low-Mem Cython Linear Speed Up.
Loaded Pre Processing Model: Eigenstrat
Loading Individual: I7283

Loaded 59890 variants
Loaded 2504 individuals
HDF5 loaded from ./Data/1000Genomes/HDF5/1240kHDF5/all1240/chr7.hdf5
3 Eigenstrat Files with 5081 Individuals and 1233013 SNPs

Intersection on Positions: 59890
Nr of Matching Refs: 59890 / 59890
Full Intersection Ref/Alt Identical: 59836 / 59890
2504 / 2504 Individuals included in Reference
Extraction of 5008 Haplotypes complete
Reduced to markers called 37071 / 59836
(Fraction SNP: 0.6195434186777191)
Successfully saved to: ./Empirical/Eigenstrat/Reichall/I7283/chr7/
Successfully loaded Data from: ./Empirical/Eigenstrat/Reichall/I7283/chr7/
Loaded Emission Model: haploid
Loaded Transition Model: model
Loaded Post Processing Model: Standard
Minimum Genetic Map: 0.0000
Maximum Genetic Map: 1.8715
Gaps bigger than 0.1 cM: 259
Maximum Gap: 0.8416 cM
Loaded Transition and Emission Matrix:
(3, 3)
(5009, 37071)
Loaded Observations:
(2, 37071)
Memory Usage: 1905.516544 mB
Reference Number: 5008
Total Log likelihood: -13574.500
Memory Usage: 1905.532928 mB
Finished Calculation State Posteriors
Saved Zero State Posterior to ./Empirical/Eigenstrat/Reichall/I7283/chr7/.
Successfully loaded for PP. from ./Empirical/Eigenstrat/Reichall/I7283/chr7/
Fraction Markers in ROH: 0.3784
Merged n=0 gaps < 0.0 M
Called n=7 ROH Blocks > 1.0 cM
Longest Block: 1.448
Successfully saved to ./Empirical/Eigenstrat/Reichall/I7283/chr7/roh.csv
Using Low-Mem Cython Linear Speed Up.
Loaded Pre Processing Model: Eigenstrat
Loading Individual: I7283

Loaded 61133 variants
Loaded 2504 individuals
HDF5 loaded from ./Data/1000Genomes/HDF5/1240kHDF5/all1240/chr8.hdf5
3 Eigenstrat Files with 5081 Individuals and 1233013 SNPs

Intersection on Positions: 61133
Nr of Matching Refs: 61133 / 61133
Full Intersection Ref/Alt Identical: 61091 / 61133
2504 / 2504 Individuals included in Reference
Extraction of 5008 Haplotypes complete
Reduced to markers called 38467 / 61091
(Fraction SNP: 0.6296672177571164)
Successfully saved to: ./Empirical/Eigenstrat/Reichall/I7283/chr8/
Successfully loaded Data from: ./Empirical/Eigenstrat/Reichall/I7283/chr8/
Loaded Emission Model: haploid
Loaded Transition Model: model
Loaded Post Processing Model: Standard
Minimum Genetic Map: 0.0000
Maximum Genetic Map: 1.6800
Gaps bigger than 0.1 cM: 184
Maximum Gap: 1.8932 cM
Loaded Transition and Emission Matrix:
(3, 3)
(5009, 38467)
Loaded Observations:
(2, 38467)
Memory Usage: 1969.033216 mB
Reference Number: 5008
Total Log likelihood: -14314.388
Memory Usage: 1969.033216 mB
Finished Calculation State Posteriors
Saved Zero State Posterior to ./Empirical/Eigenstrat/Reichall/I7283/chr8/.
Successfully loaded for PP. from ./Empirical/Eigenstrat/Reichall/I7283/chr8/
Fraction Markers in ROH: 0.3913
Merged n=0 gaps < 0.0 M
Called n=10 ROH Blocks > 1.0 cM
Longest Block: 2.561
Successfully saved to ./Empirical/Eigenstrat/Reichall/I7283/chr8/roh.csv
Using Low-Mem Cython Linear Speed Up.
Loaded Pre Processing Model: Eigenstrat
Loading Individual: I7283

Loaded 50668 variants
Loaded 2504 individuals
HDF5 loaded from ./Data/1000Genomes/HDF5/1240kHDF5/all1240/chr9.hdf5
3 Eigenstrat Files with 5081 Individuals and 1233013 SNPs

Intersection on Positions: 50668
Nr of Matching Refs: 50668 / 50668
Full Intersection Ref/Alt Identical: 50629 / 50668
2504 / 2504 Individuals included in Reference
Extraction of 5008 Haplotypes complete
Reduced to markers called 32736 / 50629
(Fraction SNP: 0.646585948764542)
Successfully saved to: ./Empirical/Eigenstrat/Reichall/I7283/chr9/
Successfully loaded Data from: ./Empirical/Eigenstrat/Reichall/I7283/chr9/
Loaded Emission Model: haploid
Loaded Transition Model: model
Loaded Post Processing Model: Standard
Minimum Genetic Map: 0.0016
Maximum Genetic Map: 1.6630
Gaps bigger than 0.1 cM: 238
Maximum Gap: 2.3102 cM
Loaded Transition and Emission Matrix:
(3, 3)
(5009, 32736)
Loaded Observations:
(2, 32736)
Memory Usage: 1710.514176 mB
Reference Number: 5008
Total Log likelihood: -11962.065
Memory Usage: 1710.514176 mB
Finished Calculation State Posteriors
Saved Zero State Posterior to ./Empirical/Eigenstrat/Reichall/I7283/chr9/.
Successfully loaded for PP. from ./Empirical/Eigenstrat/Reichall/I7283/chr9/
Fraction Markers in ROH: 0.4281
Merged n=0 gaps < 0.0 M
Called n=6 ROH Blocks > 1.0 cM
Longest Block: 2.824
Successfully saved to ./Empirical/Eigenstrat/Reichall/I7283/chr9/roh.csv
Using Low-Mem Cython Linear Speed Up.
Loaded Pre Processing Model: Eigenstrat
Loading Individual: I7283

Loaded 58804 variants
Loaded 2504 individuals
HDF5 loaded from ./Data/1000Genomes/HDF5/1240kHDF5/all1240/chr10.hdf5
3 Eigenstrat Files with 5081 Individuals and 1233013 SNPs

Intersection on Positions: 58804
Nr of Matching Refs: 58804 / 58804
Full Intersection Ref/Alt Identical: 58763 / 58804
2504 / 2504 Individuals included in Reference
Extraction of 5008 Haplotypes complete
Reduced to markers called 38925 / 58763
(Fraction SNP: 0.6624066164082841)
Successfully saved to: ./Empirical/Eigenstrat/Reichall/I7283/chr10/
Successfully loaded Data from: ./Empirical/Eigenstrat/Reichall/I7283/chr10/
Loaded Emission Model: haploid
Loaded Transition Model: model
Loaded Post Processing Model: Standard
Minimum Genetic Map: 0.0001
Maximum Genetic Map: 1.8092
Gaps bigger than 0.1 cM: 225
Maximum Gap: 2.0340 cM
Loaded Transition and Emission Matrix:
(3, 3)
(5009, 38925)
Loaded Observations:
(2, 38925)
Memory Usage: 1990.049792 mB
Reference Number: 5008
Total Log likelihood: -14521.570
Memory Usage: 1990.049792 mB
Finished Calculation State Posteriors
Saved Zero State Posterior to ./Empirical/Eigenstrat/Reichall/I7283/chr10/.
Successfully loaded for PP. from ./Empirical/Eigenstrat/Reichall/I7283/chr10/
Fraction Markers in ROH: 0.3712
Merged n=0 gaps < 0.0 M
Called n=6 ROH Blocks > 1.0 cM
Longest Block: 1.828
Successfully saved to ./Empirical/Eigenstrat/Reichall/I7283/chr10/roh.csv
Using Low-Mem Cython Linear Speed Up.
Loaded Pre Processing Model: Eigenstrat
Loading Individual: I7283

Loaded 54833 variants
Loaded 2504 individuals
HDF5 loaded from ./Data/1000Genomes/HDF5/1240kHDF5/all1240/chr11.hdf5
3 Eigenstrat Files with 5081 Individuals and 1233013 SNPs

Intersection on Positions: 54833
Nr of Matching Refs: 54833 / 54833
Full Intersection Ref/Alt Identical: 54796 / 54833
2504 / 2504 Individuals included in Reference
Extraction of 5008 Haplotypes complete
Reduced to markers called 35663 / 54796
(Fraction SNP: 0.6508321775312067)
Successfully saved to: ./Empirical/Eigenstrat/Reichall/I7283/chr11/
Successfully loaded Data from: ./Empirical/Eigenstrat/Reichall/I7283/chr11/
Loaded Emission Model: haploid
Loaded Transition Model: model
Loaded Post Processing Model: Standard
Minimum Genetic Map: 0.0000
Maximum Genetic Map: 1.5822
Gaps bigger than 0.1 cM: 203
Maximum Gap: 0.5366 cM
Loaded Transition and Emission Matrix:
(3, 3)
(5009, 35663)
Loaded Observations:
(2, 35663)
Memory Usage: 1843.073024 mB
Reference Number: 5008
Total Log likelihood: -13076.694
Memory Usage: 1843.073024 mB
Finished Calculation State Posteriors
Saved Zero State Posterior to ./Empirical/Eigenstrat/Reichall/I7283/chr11/.
Successfully loaded for PP. from ./Empirical/Eigenstrat/Reichall/I7283/chr11/
Fraction Markers in ROH: 0.3633
Merged n=0 gaps < 0.0 M
Called n=4 ROH Blocks > 1.0 cM
Longest Block: 1.444
Successfully saved to ./Empirical/Eigenstrat/Reichall/I7283/chr11/roh.csv
Using Low-Mem Cython Linear Speed Up.
Loaded Pre Processing Model: Eigenstrat
Loading Individual: I7283

Loaded 53911 variants
Loaded 2504 individuals
HDF5 loaded from ./Data/1000Genomes/HDF5/1240kHDF5/all1240/chr12.hdf5
3 Eigenstrat Files with 5081 Individuals and 1233013 SNPs

Intersection on Positions: 53911
Nr of Matching Refs: 53911 / 53911
Full Intersection Ref/Alt Identical: 53884 / 53911
2504 / 2504 Individuals included in Reference
Extraction of 5008 Haplotypes complete
Reduced to markers called 34170 / 53884
(Fraction SNP: 0.6341400044540123)
Successfully saved to: ./Empirical/Eigenstrat/Reichall/I7283/chr12/
Successfully loaded Data from: ./Empirical/Eigenstrat/Reichall/I7283/chr12/
Loaded Emission Model: haploid
Loaded Transition Model: model
Loaded Post Processing Model: Standard
Minimum Genetic Map: 0.0017
Maximum Genetic Map: 1.7468
Gaps bigger than 0.1 cM: 237
Maximum Gap: 0.8015 cM
Loaded Transition and Emission Matrix:
(3, 3)
(5009, 34170)
Loaded Observations:
(2, 34170)
Memory Usage: 1775.058944 mB
Reference Number: 5008
Total Log likelihood: -12642.178
Memory Usage: 1775.058944 mB
Finished Calculation State Posteriors
Saved Zero State Posterior to ./Empirical/Eigenstrat/Reichall/I7283/chr12/.
Successfully loaded for PP. from ./Empirical/Eigenstrat/Reichall/I7283/chr12/
Fraction Markers in ROH: 0.3750
Merged n=0 gaps < 0.0 M
Called n=5 ROH Blocks > 1.0 cM
Longest Block: 3.056
Successfully saved to ./Empirical/Eigenstrat/Reichall/I7283/chr12/roh.csv
Using Low-Mem Cython Linear Speed Up.
Loaded Pre Processing Model: Eigenstrat
Loading Individual: I7283

Loaded 39018 variants
Loaded 2504 individuals
HDF5 loaded from ./Data/1000Genomes/HDF5/1240kHDF5/all1240/chr13.hdf5
3 Eigenstrat Files with 5081 Individuals and 1233013 SNPs

Intersection on Positions: 39018
Nr of Matching Refs: 39018 / 39018
Full Intersection Ref/Alt Identical: 38994 / 39018
2504 / 2504 Individuals included in Reference
Extraction of 5008 Haplotypes complete
Reduced to markers called 23068 / 38994
(Fraction SNP: 0.5915781915166436)
Successfully saved to: ./Empirical/Eigenstrat/Reichall/I7283/chr13/
Successfully loaded Data from: ./Empirical/Eigenstrat/Reichall/I7283/chr13/
Loaded Emission Model: haploid
Loaded Transition Model: model
Loaded Post Processing Model: Standard
Minimum Genetic Map: 0.0019
Maximum Genetic Map: 1.2570
Gaps bigger than 0.1 cM: 190
Maximum Gap: 1.2216 cM
Loaded Transition and Emission Matrix:
(3, 3)
(5009, 23068)
Loaded Observations:
(2, 23068)
Memory Usage: 1274.9824 mB
Reference Number: 5008
Total Log likelihood: -8472.717
Memory Usage: 1274.9824 mB
Finished Calculation State Posteriors
Saved Zero State Posterior to ./Empirical/Eigenstrat/Reichall/I7283/chr13/.
Successfully loaded for PP. from ./Empirical/Eigenstrat/Reichall/I7283/chr13/
Fraction Markers in ROH: 0.3792
Merged n=0 gaps < 0.0 M
Called n=3 ROH Blocks > 1.0 cM
Longest Block: 1.801
Successfully saved to ./Empirical/Eigenstrat/Reichall/I7283/chr13/roh.csv
Using Low-Mem Cython Linear Speed Up.
Loaded Pre Processing Model: Eigenstrat
Loading Individual: I7283

Loaded 36301 variants
Loaded 2504 individuals
HDF5 loaded from ./Data/1000Genomes/HDF5/1240kHDF5/all1240/chr14.hdf5
3 Eigenstrat Files with 5081 Individuals and 1233013 SNPs

Intersection on Positions: 36301
Nr of Matching Refs: 36301 / 36301
Full Intersection Ref/Alt Identical: 36280 / 36301
2504 / 2504 Individuals included in Reference
Extraction of 5008 Haplotypes complete
Reduced to markers called 23054 / 36280
(Fraction SNP: 0.6354465270121279)
Successfully saved to: ./Empirical/Eigenstrat/Reichall/I7283/chr14/
Successfully loaded Data from: ./Empirical/Eigenstrat/Reichall/I7283/chr14/
Loaded Emission Model: haploid
Loaded Transition Model: model
Loaded Post Processing Model: Standard
Minimum Genetic Map: 0.0184
Maximum Genetic Map: 1.2020
Gaps bigger than 0.1 cM: 164
Maximum Gap: 3.3147 cM
Loaded Transition and Emission Matrix:
(3, 3)
(5009, 23054)
Loaded Observations:
(2, 23054)
Memory Usage: 1274.728448 mB
Reference Number: 5008
Total Log likelihood: -8693.325
Memory Usage: 1274.728448 mB
Finished Calculation State Posteriors
Saved Zero State Posterior to ./Empirical/Eigenstrat/Reichall/I7283/chr14/.
Successfully loaded for PP. from ./Empirical/Eigenstrat/Reichall/I7283/chr14/
Fraction Markers in ROH: 0.3617
Merged n=0 gaps < 0.0 M
Called n=6 ROH Blocks > 1.0 cM
Longest Block: 1.708
Successfully saved to ./Empirical/Eigenstrat/Reichall/I7283/chr14/roh.csv
Using Low-Mem Cython Linear Speed Up.
Loaded Pre Processing Model: Eigenstrat
Loading Individual: I7283

Loaded 34429 variants
Loaded 2504 individuals
HDF5 loaded from ./Data/1000Genomes/HDF5/1240kHDF5/all1240/chr15.hdf5
3 Eigenstrat Files with 5081 Individuals and 1233013 SNPs

Intersection on Positions: 34429
Nr of Matching Refs: 34429 / 34429
Full Intersection Ref/Alt Identical: 34407 / 34429
2504 / 2504 Individuals included in Reference
Extraction of 5008 Haplotypes complete
Reduced to markers called 22902 / 34407
(Fraction SNP: 0.6656203679483826)
Successfully saved to: ./Empirical/Eigenstrat/Reichall/I7283/chr15/
Successfully loaded Data from: ./Empirical/Eigenstrat/Reichall/I7283/chr15/
Loaded Emission Model: haploid
Loaded Transition Model: model
Loaded Post Processing Model: Standard
Minimum Genetic Map: 0.0000
Maximum Genetic Map: 1.4134
Gaps bigger than 0.1 cM: 169
Maximum Gap: 11.4957 cM
Loaded Transition and Emission Matrix:
(3, 3)
(5009, 22902)
Loaded Observations:
(2, 22902)
Memory Usage: 1267.605504 mB
Reference Number: 5008
Total Log likelihood: -8529.774
Memory Usage: 1267.605504 mB
Finished Calculation State Posteriors
Saved Zero State Posterior to ./Empirical/Eigenstrat/Reichall/I7283/chr15/.
Successfully loaded for PP. from ./Empirical/Eigenstrat/Reichall/I7283/chr15/
Fraction Markers in ROH: 0.4089
Merged n=0 gaps < 0.0 M
Called n=9 ROH Blocks > 1.0 cM
Longest Block: 1.590
Successfully saved to ./Empirical/Eigenstrat/Reichall/I7283/chr15/roh.csv
Using Low-Mem Cython Linear Speed Up.
Loaded Pre Processing Model: Eigenstrat
Loading Individual: I7283

Loaded 34402 variants
Loaded 2504 individuals
HDF5 loaded from ./Data/1000Genomes/HDF5/1240kHDF5/all1240/chr16.hdf5
3 Eigenstrat Files with 5081 Individuals and 1233013 SNPs

Intersection on Positions: 34402
Nr of Matching Refs: 34402 / 34402
Full Intersection Ref/Alt Identical: 34375 / 34402
2504 / 2504 Individuals included in Reference
Extraction of 5008 Haplotypes complete
Reduced to markers called 24419 / 34375
(Fraction SNP: 0.710370909090909)
Successfully saved to: ./Empirical/Eigenstrat/Reichall/I7283/chr16/
Successfully loaded Data from: ./Empirical/Eigenstrat/Reichall/I7283/chr16/
Loaded Emission Model: haploid
Loaded Transition Model: model
Loaded Post Processing Model: Standard
Minimum Genetic Map: -0.0000
Maximum Genetic Map: 1.3403
Gaps bigger than 0.1 cM: 194
Maximum Gap: 0.8458 cM
Loaded Transition and Emission Matrix:
(3, 3)
(5009, 24419)
Loaded Observations:
(2, 24419)
Memory Usage: 1336.029184 mB
Reference Number: 5008
Total Log likelihood: -8910.994
Memory Usage: 1336.029184 mB
Finished Calculation State Posteriors
Saved Zero State Posterior to ./Empirical/Eigenstrat/Reichall/I7283/chr16/.
Successfully loaded for PP. from ./Empirical/Eigenstrat/Reichall/I7283/chr16/
Fraction Markers in ROH: 0.4064
Merged n=0 gaps < 0.0 M
Called n=7 ROH Blocks > 1.0 cM
Longest Block: 1.717
Successfully saved to ./Empirical/Eigenstrat/Reichall/I7283/chr16/roh.csv
Using Low-Mem Cython Linear Speed Up.
Loaded Pre Processing Model: Eigenstrat
Loading Individual: I7283

Loaded 29314 variants
Loaded 2504 individuals
HDF5 loaded from ./Data/1000Genomes/HDF5/1240kHDF5/all1240/chr17.hdf5
3 Eigenstrat Files with 5081 Individuals and 1233013 SNPs

Intersection on Positions: 29314
Nr of Matching Refs: 29314 / 29314
Full Intersection Ref/Alt Identical: 29292 / 29314
2504 / 2504 Individuals included in Reference
Extraction of 5008 Haplotypes complete
Reduced to markers called 21402 / 29292
(Fraction SNP: 0.7306431790249898)
Successfully saved to: ./Empirical/Eigenstrat/Reichall/I7283/chr17/
Successfully loaded Data from: ./Empirical/Eigenstrat/Reichall/I7283/chr17/
Loaded Emission Model: haploid
Loaded Transition Model: model
Loaded Post Processing Model: Standard
Minimum Genetic Map: -0.0003
Maximum Genetic Map: 1.2847
Gaps bigger than 0.1 cM: 166
Maximum Gap: 1.2341 cM
Loaded Transition and Emission Matrix:
(3, 3)
(5009, 21402)
Loaded Observations:
(2, 21402)
Memory Usage: 1200.29184 mB
Reference Number: 5008
Total Log likelihood: -7857.394
Memory Usage: 1200.29184 mB
Finished Calculation State Posteriors
Saved Zero State Posterior to ./Empirical/Eigenstrat/Reichall/I7283/chr17/.
Successfully loaded for PP. from ./Empirical/Eigenstrat/Reichall/I7283/chr17/
Fraction Markers in ROH: 0.3909
Merged n=0 gaps < 0.0 M
Called n=8 ROH Blocks > 1.0 cM
Longest Block: 2.154
Successfully saved to ./Empirical/Eigenstrat/Reichall/I7283/chr17/roh.csv
Using Low-Mem Cython Linear Speed Up.
Loaded Pre Processing Model: Eigenstrat
Loading Individual: I7283

Loaded 33917 variants
Loaded 2504 individuals
HDF5 loaded from ./Data/1000Genomes/HDF5/1240kHDF5/all1240/chr18.hdf5
3 Eigenstrat Files with 5081 Individuals and 1233013 SNPs

Intersection on Positions: 33917
Nr of Matching Refs: 33917 / 33917
Full Intersection Ref/Alt Identical: 33902 / 33917
2504 / 2504 Individuals included in Reference
Extraction of 5008 Haplotypes complete
Reduced to markers called 21198 / 33902
(Fraction SNP: 0.6252728452598667)
Successfully saved to: ./Empirical/Eigenstrat/Reichall/I7283/chr18/
Successfully loaded Data from: ./Empirical/Eigenstrat/Reichall/I7283/chr18/
Loaded Emission Model: haploid
Loaded Transition Model: model
Loaded Post Processing Model: Standard
Minimum Genetic Map: 0.0025
Maximum Genetic Map: 1.1771
Gaps bigger than 0.1 cM: 175
Maximum Gap: 0.4827 cM
Loaded Transition and Emission Matrix:
(3, 3)
(5009, 21198)
Loaded Observations:
(2, 21198)
Memory Usage: 1190.875136 mB
Reference Number: 5008
Total Log likelihood: -8037.776
Memory Usage: 1190.875136 mB
Finished Calculation State Posteriors
Saved Zero State Posterior to ./Empirical/Eigenstrat/Reichall/I7283/chr18/.
Successfully loaded for PP. from ./Empirical/Eigenstrat/Reichall/I7283/chr18/
Fraction Markers in ROH: 0.3694
Merged n=0 gaps < 0.0 M
Called n=4 ROH Blocks > 1.0 cM
Longest Block: 2.054
Successfully saved to ./Empirical/Eigenstrat/Reichall/I7283/chr18/roh.csv
Using Low-Mem Cython Linear Speed Up.
Loaded Pre Processing Model: Eigenstrat
Loading Individual: I7283

Loaded 18460 variants
Loaded 2504 individuals
HDF5 loaded from ./Data/1000Genomes/HDF5/1240kHDF5/all1240/chr19.hdf5
3 Eigenstrat Files with 5081 Individuals and 1233013 SNPs

Intersection on Positions: 18460
Nr of Matching Refs: 18460 / 18460
Full Intersection Ref/Alt Identical: 18441 / 18460
2504 / 2504 Individuals included in Reference
Extraction of 5008 Haplotypes complete
Reduced to markers called 14109 / 18441
(Fraction SNP: 0.7650886611355132)
Successfully saved to: ./Empirical/Eigenstrat/Reichall/I7283/chr19/
Successfully loaded Data from: ./Empirical/Eigenstrat/Reichall/I7283/chr19/
Loaded Emission Model: haploid
Loaded Transition Model: model
Loaded Post Processing Model: Standard
Minimum Genetic Map: 0.0000
Maximum Genetic Map: 1.0773
Gaps bigger than 0.1 cM: 161
Maximum Gap: 0.5964 cM
Loaded Transition and Emission Matrix:
(3, 3)
(5009, 14109)
Loaded Observations:
(2, 14109)
Memory Usage: 871.13728 mB
Reference Number: 5008
Total Log likelihood: -5717.712
Memory Usage: 871.13728 mB
Finished Calculation State Posteriors
Saved Zero State Posterior to ./Empirical/Eigenstrat/Reichall/I7283/chr19/.
Successfully loaded for PP. from ./Empirical/Eigenstrat/Reichall/I7283/chr19/
Fraction Markers in ROH: 0.3650
Merged n=0 gaps < 0.0 M
Called n=6 ROH Blocks > 1.0 cM
Longest Block: 1.920
Successfully saved to ./Empirical/Eigenstrat/Reichall/I7283/chr19/roh.csv
Using Low-Mem Cython Linear Speed Up.
Loaded Pre Processing Model: Eigenstrat
Loading Individual: I7283

Loaded 29078 variants
Loaded 2504 individuals
HDF5 loaded from ./Data/1000Genomes/HDF5/1240kHDF5/all1240/chr20.hdf5
3 Eigenstrat Files with 5081 Individuals and 1233013 SNPs

Intersection on Positions: 29078
Nr of Matching Refs: 29078 / 29078
Full Intersection Ref/Alt Identical: 29053 / 29078
2504 / 2504 Individuals included in Reference
Extraction of 5008 Haplotypes complete
Reduced to markers called 20690 / 29053
(Fraction SNP: 0.7121467662547758)
Successfully saved to: ./Empirical/Eigenstrat/Reichall/I7283/chr20/
Successfully loaded Data from: ./Empirical/Eigenstrat/Reichall/I7283/chr20/
Loaded Emission Model: haploid
Loaded Transition Model: model
Loaded Post Processing Model: Standard
Minimum Genetic Map: 0.0000
Maximum Genetic Map: 1.0821
Gaps bigger than 0.1 cM: 154
Maximum Gap: 0.4744 cM
Loaded Transition and Emission Matrix:
(3, 3)
(5009, 20690)
Loaded Observations:
(2, 20690)
Memory Usage: 1168.338944 mB
Reference Number: 5008
Total Log likelihood: -7274.824
Memory Usage: 1168.338944 mB
Finished Calculation State Posteriors
Saved Zero State Posterior to ./Empirical/Eigenstrat/Reichall/I7283/chr20/.
Successfully loaded for PP. from ./Empirical/Eigenstrat/Reichall/I7283/chr20/
Fraction Markers in ROH: 0.4494
Merged n=0 gaps < 0.0 M
Called n=4 ROH Blocks > 1.0 cM
Longest Block: 1.381
Successfully saved to ./Empirical/Eigenstrat/Reichall/I7283/chr20/roh.csv
Using Low-Mem Cython Linear Speed Up.
Loaded Pre Processing Model: Eigenstrat
Loading Individual: I7283

Loaded 16038 variants
Loaded 2504 individuals
HDF5 loaded from ./Data/1000Genomes/HDF5/1240kHDF5/all1240/chr21.hdf5
3 Eigenstrat Files with 5081 Individuals and 1233013 SNPs

Intersection on Positions: 16038
Nr of Matching Refs: 16038 / 16038
Full Intersection Ref/Alt Identical: 16031 / 16038
2504 / 2504 Individuals included in Reference
Extraction of 5008 Haplotypes complete
Reduced to markers called 10140 / 16031
(Fraction SNP: 0.6325244838126131)
Successfully saved to: ./Empirical/Eigenstrat/Reichall/I7283/chr21/
Successfully loaded Data from: ./Empirical/Eigenstrat/Reichall/I7283/chr21/
Loaded Emission Model: haploid
Loaded Transition Model: model
Loaded Post Processing Model: Standard
Minimum Genetic Map: -0.0085
Maximum Genetic Map: 0.6277
Gaps bigger than 0.1 cM: 110
Maximum Gap: 2.2090 cM
Loaded Transition and Emission Matrix:
(3, 3)
(5009, 10140)
Loaded Observations:
(2, 10140)
Memory Usage: 695.390208 mB
Reference Number: 5008
Total Log likelihood: -4036.516
Memory Usage: 695.390208 mB
Finished Calculation State Posteriors
Saved Zero State Posterior to ./Empirical/Eigenstrat/Reichall/I7283/chr21/.
Successfully loaded for PP. from ./Empirical/Eigenstrat/Reichall/I7283/chr21/
Fraction Markers in ROH: 0.3679
Merged n=0 gaps < 0.0 M
Called n=2 ROH Blocks > 1.0 cM
Longest Block: 1.552
Successfully saved to ./Empirical/Eigenstrat/Reichall/I7283/chr21/roh.csv
Using Low-Mem Cython Linear Speed Up.
Loaded Pre Processing Model: Eigenstrat
Loading Individual: I7283

Loaded 15802 variants
Loaded 2504 individuals
HDF5 loaded from ./Data/1000Genomes/HDF5/1240kHDF5/all1240/chr22.hdf5
3 Eigenstrat Files with 5081 Individuals and 1233013 SNPs

Intersection on Positions: 15802
Nr of Matching Refs: 15802 / 15802
Full Intersection Ref/Alt Identical: 15793 / 15802
2504 / 2504 Individuals included in Reference
Extraction of 5008 Haplotypes complete
Reduced to markers called 12367 / 15793
(Fraction SNP: 0.7830684480466029)
Successfully saved to: ./Empirical/Eigenstrat/Reichall/I7283/chr22/
Successfully loaded Data from: ./Empirical/Eigenstrat/Reichall/I7283/chr22/
Loaded Emission Model: haploid
Loaded Transition Model: model
Loaded Post Processing Model: Standard
Minimum Genetic Map: 0.0172
Maximum Genetic Map: 0.7408
Gaps bigger than 0.1 cM: 93
Maximum Gap: 1.6097 cM
Loaded Transition and Emission Matrix:
(3, 3)
(5009, 12367)
Loaded Observations:
(2, 12367)
Memory Usage: 796.348416 mB
Reference Number: 5008
Total Log likelihood: -4788.867
Memory Usage: 796.348416 mB
Finished Calculation State Posteriors
Saved Zero State Posterior to ./Empirical/Eigenstrat/Reichall/I7283/chr22/.
Successfully loaded for PP. from ./Empirical/Eigenstrat/Reichall/I7283/chr22/
Fraction Markers in ROH: 0.3497
Merged n=0 gaps < 0.0 M
Called n=5 ROH Blocks > 1.0 cM
Longest Block: 1.907
Successfully saved to ./Empirical/Eigenstrat/Reichall/I7283/chr22/roh.csv
