Loaded 2106 / 5081 ancient Indivdiuals Anno File.
Doing Individual I1507...
Using Low-Mem Cython Linear Speed Up.
Loaded Pre Processing Model: Eigenstrat
Loading Individual: I1507

Loaded 89147 variants
Loaded 2504 individuals
HDF5 loaded from ./Data/1000Genomes/HDF5/1240kHDF5/all1240/chr1.hdf5
3 Eigenstrat Files with 5081 Individuals and 1233013 SNPs

Intersection on Positions: 89147
Nr of Matching Refs: 89147 / 89147
Full Intersection Ref/Alt Identical: 89082 / 89147
2504 / 2504 Individuals included in Reference
Extraction of 5008 Haplotypes complete
Reduced to markers called 62620 / 89082
(Fraction SNP: 0.7029478458049887)
Successfully saved to: ./Empirical/Eigenstrat/Reichall/I1507/chr1/
Successfully loaded Data from: ./Empirical/Eigenstrat/Reichall/I1507/chr1/
Loaded Emission Model: haploid
Loaded Transition Model: model
Loaded Post Processing Model: Standard
Minimum Genetic Map: 0.0201
Maximum Genetic Map: 2.8627
Gaps bigger than 0.1 cM: 332
Maximum Gap: 2.9229 cM
Loaded Transition and Emission Matrix:
(3, 3)
(5009, 62620)
Loaded Observations:
(2, 62620)
Memory Usage: 3017.883648 mB
Reference Number: 5008
Total Log likelihood: -19736.307
Memory Usage: 3018.346496 mB
Finished Calculation State Posteriors
Saved Zero State Posterior to ./Empirical/Eigenstrat/Reichall/I1507/chr1/.
Successfully loaded for PP. from ./Empirical/Eigenstrat/Reichall/I1507/chr1/
Fraction Markers in ROH: 0.5076
Merged n=0 gaps < 0.0 M
Called n=22 ROH Blocks > 1.0 cM
Longest Block: 2.381
Successfully saved to ./Empirical/Eigenstrat/Reichall/I1507/chr1/roh.csv
Using Low-Mem Cython Linear Speed Up.
Loaded Pre Processing Model: Eigenstrat
Loading Individual: I1507

Loaded 94239 variants
Loaded 2504 individuals
HDF5 loaded from ./Data/1000Genomes/HDF5/1240kHDF5/all1240/chr2.hdf5
3 Eigenstrat Files with 5081 Individuals and 1233013 SNPs

Intersection on Positions: 94239
Nr of Matching Refs: 94239 / 94239
Full Intersection Ref/Alt Identical: 94173 / 94239
2504 / 2504 Individuals included in Reference
Extraction of 5008 Haplotypes complete
Reduced to markers called 62917 / 94173
(Fraction SNP: 0.6681001985707156)
Successfully saved to: ./Empirical/Eigenstrat/Reichall/I1507/chr2/
Successfully loaded Data from: ./Empirical/Eigenstrat/Reichall/I1507/chr2/
Loaded Emission Model: haploid
Loaded Transition Model: model
Loaded Post Processing Model: Standard
Minimum Genetic Map: 0.0001
Maximum Genetic Map: 2.6883
Gaps bigger than 0.1 cM: 304
Maximum Gap: 2.1079 cM
Loaded Transition and Emission Matrix:
(3, 3)
(5009, 62917)
Loaded Observations:
(2, 62917)
Memory Usage: 3070.1568 mB
Reference Number: 5008
Total Log likelihood: -20250.108
Memory Usage: 3070.1568 mB
Finished Calculation State Posteriors
Saved Zero State Posterior to ./Empirical/Eigenstrat/Reichall/I1507/chr2/.
Successfully loaded for PP. from ./Empirical/Eigenstrat/Reichall/I1507/chr2/
Fraction Markers in ROH: 0.4928
Merged n=0 gaps < 0.0 M
Called n=24 ROH Blocks > 1.0 cM
Longest Block: 2.411
Successfully saved to ./Empirical/Eigenstrat/Reichall/I1507/chr2/roh.csv
Using Low-Mem Cython Linear Speed Up.
Loaded Pre Processing Model: Eigenstrat
Loading Individual: I1507

Loaded 77652 variants
Loaded 2504 individuals
HDF5 loaded from ./Data/1000Genomes/HDF5/1240kHDF5/all1240/chr3.hdf5
3 Eigenstrat Files with 5081 Individuals and 1233013 SNPs

Intersection on Positions: 77652
Nr of Matching Refs: 77652 / 77652
Full Intersection Ref/Alt Identical: 77601 / 77652
2504 / 2504 Individuals included in Reference
Extraction of 5008 Haplotypes complete
Reduced to markers called 51168 / 77601
(Fraction SNP: 0.6593729462249198)
Successfully saved to: ./Empirical/Eigenstrat/Reichall/I1507/chr3/
Successfully loaded Data from: ./Empirical/Eigenstrat/Reichall/I1507/chr3/
Loaded Emission Model: haploid
Loaded Transition Model: model
Loaded Post Processing Model: Standard
Minimum Genetic Map: 0.0000
Maximum Genetic Map: 2.2326
Gaps bigger than 0.1 cM: 286
Maximum Gap: 0.3910 cM
Loaded Transition and Emission Matrix:
(3, 3)
(5009, 51168)
Loaded Observations:
(2, 51168)
Memory Usage: 2540.834816 mB
Reference Number: 5008
Total Log likelihood: -16430.649
Memory Usage: 2540.834816 mB
Finished Calculation State Posteriors
Saved Zero State Posterior to ./Empirical/Eigenstrat/Reichall/I1507/chr3/.
Successfully loaded for PP. from ./Empirical/Eigenstrat/Reichall/I1507/chr3/
Fraction Markers in ROH: 0.5220
Merged n=0 gaps < 0.0 M
Called n=18 ROH Blocks > 1.0 cM
Longest Block: 3.254
Successfully saved to ./Empirical/Eigenstrat/Reichall/I1507/chr3/roh.csv
Using Low-Mem Cython Linear Speed Up.
Loaded Pre Processing Model: Eigenstrat
Loading Individual: I1507

Loaded 68759 variants
Loaded 2504 individuals
HDF5 loaded from ./Data/1000Genomes/HDF5/1240kHDF5/all1240/chr4.hdf5
3 Eigenstrat Files with 5081 Individuals and 1233013 SNPs

Intersection on Positions: 68759
Nr of Matching Refs: 68759 / 68759
Full Intersection Ref/Alt Identical: 68720 / 68759
2504 / 2504 Individuals included in Reference
Extraction of 5008 Haplotypes complete
Reduced to markers called 41946 / 68720
(Fraction SNP: 0.6103899883585565)
Successfully saved to: ./Empirical/Eigenstrat/Reichall/I1507/chr4/
Successfully loaded Data from: ./Empirical/Eigenstrat/Reichall/I1507/chr4/
Loaded Emission Model: haploid
Loaded Transition Model: model
Loaded Post Processing Model: Standard
Minimum Genetic Map: 0.0034
Maximum Genetic Map: 2.1454
Gaps bigger than 0.1 cM: 279
Maximum Gap: 2.0422 cM
Loaded Transition and Emission Matrix:
(3, 3)
(5009, 41946)
Loaded Observations:
(2, 41946)
Memory Usage: 2125.541376 mB
Reference Number: 5008
Total Log likelihood: -13597.920
Memory Usage: 2125.541376 mB
Finished Calculation State Posteriors
Saved Zero State Posterior to ./Empirical/Eigenstrat/Reichall/I1507/chr4/.
Successfully loaded for PP. from ./Empirical/Eigenstrat/Reichall/I1507/chr4/
Fraction Markers in ROH: 0.5108
Merged n=0 gaps < 0.0 M
Called n=19 ROH Blocks > 1.0 cM
Longest Block: 3.334
Successfully saved to ./Empirical/Eigenstrat/Reichall/I1507/chr4/roh.csv
Using Low-Mem Cython Linear Speed Up.
Loaded Pre Processing Model: Eigenstrat
Loading Individual: I1507

Loaded 69399 variants
Loaded 2504 individuals
HDF5 loaded from ./Data/1000Genomes/HDF5/1240kHDF5/all1240/chr5.hdf5
3 Eigenstrat Files with 5081 Individuals and 1233013 SNPs

Intersection on Positions: 69399
Nr of Matching Refs: 69399 / 69399
Full Intersection Ref/Alt Identical: 69354 / 69399
2504 / 2504 Individuals included in Reference
Extraction of 5008 Haplotypes complete
Reduced to markers called 45664 / 69354
(Fraction SNP: 0.6584191250684892)
Successfully saved to: ./Empirical/Eigenstrat/Reichall/I1507/chr5/
Successfully loaded Data from: ./Empirical/Eigenstrat/Reichall/I1507/chr5/
Loaded Emission Model: haploid
Loaded Transition Model: model
Loaded Post Processing Model: Standard
Minimum Genetic Map: 0.0004
Maximum Genetic Map: 2.0409
Gaps bigger than 0.1 cM: 277
Maximum Gap: 1.1070 cM
Loaded Transition and Emission Matrix:
(3, 3)
(5009, 45664)
Loaded Observations:
(2, 45664)
Memory Usage: 2293.837824 mB
Reference Number: 5008
Total Log likelihood: -13809.331
Memory Usage: 2293.837824 mB
Finished Calculation State Posteriors
Saved Zero State Posterior to ./Empirical/Eigenstrat/Reichall/I1507/chr5/.
Successfully loaded for PP. from ./Empirical/Eigenstrat/Reichall/I1507/chr5/
Fraction Markers in ROH: 0.5459
Merged n=0 gaps < 0.0 M
Called n=18 ROH Blocks > 1.0 cM
Longest Block: 4.340
Successfully saved to ./Empirical/Eigenstrat/Reichall/I1507/chr5/roh.csv
Using Low-Mem Cython Linear Speed Up.
Loaded Pre Processing Model: Eigenstrat
Loading Individual: I1507

Loaded 75870 variants
Loaded 2504 individuals
HDF5 loaded from ./Data/1000Genomes/HDF5/1240kHDF5/all1240/chr6.hdf5
3 Eigenstrat Files with 5081 Individuals and 1233013 SNPs

Intersection on Positions: 75870
Nr of Matching Refs: 75870 / 75870
Full Intersection Ref/Alt Identical: 75816 / 75870
2504 / 2504 Individuals included in Reference
Extraction of 5008 Haplotypes complete
Reduced to markers called 49959 / 75816
(Fraction SNP: 0.6589506172839507)
Successfully saved to: ./Empirical/Eigenstrat/Reichall/I1507/chr6/
Successfully loaded Data from: ./Empirical/Eigenstrat/Reichall/I1507/chr6/
Loaded Emission Model: haploid
Loaded Transition Model: model
Loaded Post Processing Model: Standard
Minimum Genetic Map: 0.0035
Maximum Genetic Map: 1.9203
Gaps bigger than 0.1 cM: 218
Maximum Gap: 0.5076 cM
Loaded Transition and Emission Matrix:
(3, 3)
(5009, 49959)
Loaded Observations:
(2, 49959)
Memory Usage: 2487.607296 mB
Reference Number: 5008
Total Log likelihood: -15733.923
Memory Usage: 2487.607296 mB
Finished Calculation State Posteriors
Saved Zero State Posterior to ./Empirical/Eigenstrat/Reichall/I1507/chr6/.
Successfully loaded for PP. from ./Empirical/Eigenstrat/Reichall/I1507/chr6/
Fraction Markers in ROH: 0.5002
Merged n=0 gaps < 0.0 M
Called n=14 ROH Blocks > 1.0 cM
Longest Block: 6.858
Successfully saved to ./Empirical/Eigenstrat/Reichall/I1507/chr6/roh.csv
Using Low-Mem Cython Linear Speed Up.
Loaded Pre Processing Model: Eigenstrat
Loading Individual: I1507

Loaded 59890 variants
Loaded 2504 individuals
HDF5 loaded from ./Data/1000Genomes/HDF5/1240kHDF5/all1240/chr7.hdf5
3 Eigenstrat Files with 5081 Individuals and 1233013 SNPs

Intersection on Positions: 59890
Nr of Matching Refs: 59890 / 59890
Full Intersection Ref/Alt Identical: 59836 / 59890
2504 / 2504 Individuals included in Reference
Extraction of 5008 Haplotypes complete
Reduced to markers called 39230 / 59836
(Fraction SNP: 0.6556253760278093)
Successfully saved to: ./Empirical/Eigenstrat/Reichall/I1507/chr7/
Successfully loaded Data from: ./Empirical/Eigenstrat/Reichall/I1507/chr7/
Loaded Emission Model: haploid
Loaded Transition Model: model
Loaded Post Processing Model: Standard
Minimum Genetic Map: 0.0000
Maximum Genetic Map: 1.8715
Gaps bigger than 0.1 cM: 255
Maximum Gap: 0.8416 cM
Loaded Transition and Emission Matrix:
(3, 3)
(5009, 39230)
Loaded Observations:
(2, 39230)
Memory Usage: 2003.697664 mB
Reference Number: 5008
Total Log likelihood: -13178.167
Memory Usage: 2003.697664 mB
Finished Calculation State Posteriors
Saved Zero State Posterior to ./Empirical/Eigenstrat/Reichall/I1507/chr7/.
Successfully loaded for PP. from ./Empirical/Eigenstrat/Reichall/I1507/chr7/
Fraction Markers in ROH: 0.4892
Merged n=0 gaps < 0.0 M
Called n=23 ROH Blocks > 1.0 cM
Longest Block: 2.201
Successfully saved to ./Empirical/Eigenstrat/Reichall/I1507/chr7/roh.csv
Using Low-Mem Cython Linear Speed Up.
Loaded Pre Processing Model: Eigenstrat
Loading Individual: I1507

Loaded 61133 variants
Loaded 2504 individuals
HDF5 loaded from ./Data/1000Genomes/HDF5/1240kHDF5/all1240/chr8.hdf5
3 Eigenstrat Files with 5081 Individuals and 1233013 SNPs

Intersection on Positions: 61133
Nr of Matching Refs: 61133 / 61133
Full Intersection Ref/Alt Identical: 61091 / 61133
2504 / 2504 Individuals included in Reference
Extraction of 5008 Haplotypes complete
Reduced to markers called 40827 / 61091
(Fraction SNP: 0.6682981126516181)
Successfully saved to: ./Empirical/Eigenstrat/Reichall/I1507/chr8/
Successfully loaded Data from: ./Empirical/Eigenstrat/Reichall/I1507/chr8/
Loaded Emission Model: haploid
Loaded Transition Model: model
Loaded Post Processing Model: Standard
Minimum Genetic Map: 0.0000
Maximum Genetic Map: 1.6800
Gaps bigger than 0.1 cM: 177
Maximum Gap: 1.8932 cM
Loaded Transition and Emission Matrix:
(3, 3)
(5009, 40827)
Loaded Observations:
(2, 40827)
Memory Usage: 2075.951104 mB
Reference Number: 5008
Total Log likelihood: -13483.478
Memory Usage: 2075.951104 mB
Finished Calculation State Posteriors
Saved Zero State Posterior to ./Empirical/Eigenstrat/Reichall/I1507/chr8/.
Successfully loaded for PP. from ./Empirical/Eigenstrat/Reichall/I1507/chr8/
Fraction Markers in ROH: 0.4802
Merged n=0 gaps < 0.0 M
Called n=9 ROH Blocks > 1.0 cM
Longest Block: 2.529
Successfully saved to ./Empirical/Eigenstrat/Reichall/I1507/chr8/roh.csv
Using Low-Mem Cython Linear Speed Up.
Loaded Pre Processing Model: Eigenstrat
Loading Individual: I1507

Loaded 50668 variants
Loaded 2504 individuals
HDF5 loaded from ./Data/1000Genomes/HDF5/1240kHDF5/all1240/chr9.hdf5
3 Eigenstrat Files with 5081 Individuals and 1233013 SNPs

Intersection on Positions: 50668
Nr of Matching Refs: 50668 / 50668
Full Intersection Ref/Alt Identical: 50629 / 50668
2504 / 2504 Individuals included in Reference
Extraction of 5008 Haplotypes complete
Reduced to markers called 34519 / 50629
(Fraction SNP: 0.6818029192755141)
Successfully saved to: ./Empirical/Eigenstrat/Reichall/I1507/chr9/
Successfully loaded Data from: ./Empirical/Eigenstrat/Reichall/I1507/chr9/
Loaded Emission Model: haploid
Loaded Transition Model: model
Loaded Post Processing Model: Standard
Minimum Genetic Map: 0.0016
Maximum Genetic Map: 1.6630
Gaps bigger than 0.1 cM: 231
Maximum Gap: 1.8819 cM
Loaded Transition and Emission Matrix:
(3, 3)
(5009, 34519)
Loaded Observations:
(2, 34519)
Memory Usage: 1791.660032 mB
Reference Number: 5008
Total Log likelihood: -11579.938
Memory Usage: 1791.660032 mB
Finished Calculation State Posteriors
Saved Zero State Posterior to ./Empirical/Eigenstrat/Reichall/I1507/chr9/.
Successfully loaded for PP. from ./Empirical/Eigenstrat/Reichall/I1507/chr9/
Fraction Markers in ROH: 0.4700
Merged n=0 gaps < 0.0 M
Called n=20 ROH Blocks > 1.0 cM
Longest Block: 4.997
Successfully saved to ./Empirical/Eigenstrat/Reichall/I1507/chr9/roh.csv
Using Low-Mem Cython Linear Speed Up.
Loaded Pre Processing Model: Eigenstrat
Loading Individual: I1507

Loaded 58804 variants
Loaded 2504 individuals
HDF5 loaded from ./Data/1000Genomes/HDF5/1240kHDF5/all1240/chr10.hdf5
3 Eigenstrat Files with 5081 Individuals and 1233013 SNPs

Intersection on Positions: 58804
Nr of Matching Refs: 58804 / 58804
Full Intersection Ref/Alt Identical: 58763 / 58804
2504 / 2504 Individuals included in Reference
Extraction of 5008 Haplotypes complete
Reduced to markers called 41274 / 58763
(Fraction SNP: 0.7023807497915355)
Successfully saved to: ./Empirical/Eigenstrat/Reichall/I1507/chr10/
Successfully loaded Data from: ./Empirical/Eigenstrat/Reichall/I1507/chr10/
Loaded Emission Model: haploid
Loaded Transition Model: model
Loaded Post Processing Model: Standard
Minimum Genetic Map: 0.0001
Maximum Genetic Map: 1.8092
Gaps bigger than 0.1 cM: 220
Maximum Gap: 2.0338 cM
Loaded Transition and Emission Matrix:
(3, 3)
(5009, 41274)
Loaded Observations:
(2, 41274)
Memory Usage: 2096.443392 mB
Reference Number: 5008
Total Log likelihood: -12606.732
Memory Usage: 2096.443392 mB
Finished Calculation State Posteriors
Saved Zero State Posterior to ./Empirical/Eigenstrat/Reichall/I1507/chr10/.
Successfully loaded for PP. from ./Empirical/Eigenstrat/Reichall/I1507/chr10/
Fraction Markers in ROH: 0.5345
Merged n=0 gaps < 0.0 M
Called n=19 ROH Blocks > 1.0 cM
Longest Block: 3.972
Successfully saved to ./Empirical/Eigenstrat/Reichall/I1507/chr10/roh.csv
Using Low-Mem Cython Linear Speed Up.
Loaded Pre Processing Model: Eigenstrat
Loading Individual: I1507

Loaded 54833 variants
Loaded 2504 individuals
HDF5 loaded from ./Data/1000Genomes/HDF5/1240kHDF5/all1240/chr11.hdf5
3 Eigenstrat Files with 5081 Individuals and 1233013 SNPs

Intersection on Positions: 54833
Nr of Matching Refs: 54833 / 54833
Full Intersection Ref/Alt Identical: 54796 / 54833
2504 / 2504 Individuals included in Reference
Extraction of 5008 Haplotypes complete
Reduced to markers called 37928 / 54796
(Fraction SNP: 0.6921673114825899)
Successfully saved to: ./Empirical/Eigenstrat/Reichall/I1507/chr11/
Successfully loaded Data from: ./Empirical/Eigenstrat/Reichall/I1507/chr11/
Loaded Emission Model: haploid
Loaded Transition Model: model
Loaded Post Processing Model: Standard
Minimum Genetic Map: 0.0000
Maximum Genetic Map: 1.5822
Gaps bigger than 0.1 cM: 206
Maximum Gap: 0.5366 cM
Loaded Transition and Emission Matrix:
(3, 3)
(5009, 37928)
Loaded Observations:
(2, 37928)
Memory Usage: 1945.944064 mB
Reference Number: 5008
Total Log likelihood: -12377.693
Memory Usage: 1945.944064 mB
Finished Calculation State Posteriors
Saved Zero State Posterior to ./Empirical/Eigenstrat/Reichall/I1507/chr11/.
Successfully loaded for PP. from ./Empirical/Eigenstrat/Reichall/I1507/chr11/
Fraction Markers in ROH: 0.4878
Merged n=0 gaps < 0.0 M
Called n=13 ROH Blocks > 1.0 cM
Longest Block: 1.854
Successfully saved to ./Empirical/Eigenstrat/Reichall/I1507/chr11/roh.csv
Using Low-Mem Cython Linear Speed Up.
Loaded Pre Processing Model: Eigenstrat
Loading Individual: I1507

Loaded 53911 variants
Loaded 2504 individuals
HDF5 loaded from ./Data/1000Genomes/HDF5/1240kHDF5/all1240/chr12.hdf5
3 Eigenstrat Files with 5081 Individuals and 1233013 SNPs

Intersection on Positions: 53911
Nr of Matching Refs: 53911 / 53911
Full Intersection Ref/Alt Identical: 53884 / 53911
2504 / 2504 Individuals included in Reference
Extraction of 5008 Haplotypes complete
Reduced to markers called 36293 / 53884
(Fraction SNP: 0.6735394551258258)
Successfully saved to: ./Empirical/Eigenstrat/Reichall/I1507/chr12/
Successfully loaded Data from: ./Empirical/Eigenstrat/Reichall/I1507/chr12/
Loaded Emission Model: haploid
Loaded Transition Model: model
Loaded Post Processing Model: Standard
Minimum Genetic Map: 0.0017
Maximum Genetic Map: 1.7468
Gaps bigger than 0.1 cM: 227
Maximum Gap: 0.8015 cM
Loaded Transition and Emission Matrix:
(3, 3)
(5009, 36293)
Loaded Observations:
(2, 36293)
Memory Usage: 1871.785984 mB
Reference Number: 5008
Total Log likelihood: -11815.595
Memory Usage: 1871.785984 mB
Finished Calculation State Posteriors
Saved Zero State Posterior to ./Empirical/Eigenstrat/Reichall/I1507/chr12/.
Successfully loaded for PP. from ./Empirical/Eigenstrat/Reichall/I1507/chr12/
Fraction Markers in ROH: 0.5001
Merged n=0 gaps < 0.0 M
Called n=13 ROH Blocks > 1.0 cM
Longest Block: 1.816
Successfully saved to ./Empirical/Eigenstrat/Reichall/I1507/chr12/roh.csv
Using Low-Mem Cython Linear Speed Up.
Loaded Pre Processing Model: Eigenstrat
Loading Individual: I1507

Loaded 39018 variants
Loaded 2504 individuals
HDF5 loaded from ./Data/1000Genomes/HDF5/1240kHDF5/all1240/chr13.hdf5
3 Eigenstrat Files with 5081 Individuals and 1233013 SNPs

Intersection on Positions: 39018
Nr of Matching Refs: 39018 / 39018
Full Intersection Ref/Alt Identical: 38994 / 39018
2504 / 2504 Individuals included in Reference
Extraction of 5008 Haplotypes complete
Reduced to markers called 24477 / 38994
(Fraction SNP: 0.6277119556854901)
Successfully saved to: ./Empirical/Eigenstrat/Reichall/I1507/chr13/
Successfully loaded Data from: ./Empirical/Eigenstrat/Reichall/I1507/chr13/
Loaded Emission Model: haploid
Loaded Transition Model: model
Loaded Post Processing Model: Standard
Minimum Genetic Map: 0.0019
Maximum Genetic Map: 1.2570
Gaps bigger than 0.1 cM: 179
Maximum Gap: 1.2216 cM
Loaded Transition and Emission Matrix:
(3, 3)
(5009, 24477)
Loaded Observations:
(2, 24477)
Memory Usage: 1339.265024 mB
Reference Number: 5008
Total Log likelihood: -8360.474
Memory Usage: 1339.265024 mB
Finished Calculation State Posteriors
Saved Zero State Posterior to ./Empirical/Eigenstrat/Reichall/I1507/chr13/.
Successfully loaded for PP. from ./Empirical/Eigenstrat/Reichall/I1507/chr13/
Fraction Markers in ROH: 0.4639
Merged n=0 gaps < 0.0 M
Called n=9 ROH Blocks > 1.0 cM
Longest Block: 1.869
Successfully saved to ./Empirical/Eigenstrat/Reichall/I1507/chr13/roh.csv
Using Low-Mem Cython Linear Speed Up.
Loaded Pre Processing Model: Eigenstrat
Loading Individual: I1507

Loaded 36301 variants
Loaded 2504 individuals
HDF5 loaded from ./Data/1000Genomes/HDF5/1240kHDF5/all1240/chr14.hdf5
3 Eigenstrat Files with 5081 Individuals and 1233013 SNPs

Intersection on Positions: 36301
Nr of Matching Refs: 36301 / 36301
Full Intersection Ref/Alt Identical: 36280 / 36301
2504 / 2504 Individuals included in Reference
Extraction of 5008 Haplotypes complete
Reduced to markers called 24422 / 36280
(Fraction SNP: 0.6731532524807057)
Successfully saved to: ./Empirical/Eigenstrat/Reichall/I1507/chr14/
Successfully loaded Data from: ./Empirical/Eigenstrat/Reichall/I1507/chr14/
Loaded Emission Model: haploid
Loaded Transition Model: model
Loaded Post Processing Model: Standard
Minimum Genetic Map: 0.0184
Maximum Genetic Map: 1.2020
Gaps bigger than 0.1 cM: 159
Maximum Gap: 3.1346 cM
Loaded Transition and Emission Matrix:
(3, 3)
(5009, 24422)
Loaded Observations:
(2, 24422)
Memory Usage: 1336.897536 mB
Reference Number: 5008
Total Log likelihood: -7725.943
Memory Usage: 1336.897536 mB
Finished Calculation State Posteriors
Saved Zero State Posterior to ./Empirical/Eigenstrat/Reichall/I1507/chr14/.
Successfully loaded for PP. from ./Empirical/Eigenstrat/Reichall/I1507/chr14/
Fraction Markers in ROH: 0.5218
Merged n=0 gaps < 0.0 M
Called n=7 ROH Blocks > 1.0 cM
Longest Block: 4.617
Successfully saved to ./Empirical/Eigenstrat/Reichall/I1507/chr14/roh.csv
Using Low-Mem Cython Linear Speed Up.
Loaded Pre Processing Model: Eigenstrat
Loading Individual: I1507

Loaded 34429 variants
Loaded 2504 individuals
HDF5 loaded from ./Data/1000Genomes/HDF5/1240kHDF5/all1240/chr15.hdf5
3 Eigenstrat Files with 5081 Individuals and 1233013 SNPs

Intersection on Positions: 34429
Nr of Matching Refs: 34429 / 34429
Full Intersection Ref/Alt Identical: 34407 / 34429
2504 / 2504 Individuals included in Reference
Extraction of 5008 Haplotypes complete
Reduced to markers called 24352 / 34407
(Fraction SNP: 0.7077629552126021)
Successfully saved to: ./Empirical/Eigenstrat/Reichall/I1507/chr15/
Successfully loaded Data from: ./Empirical/Eigenstrat/Reichall/I1507/chr15/
Loaded Emission Model: haploid
Loaded Transition Model: model
Loaded Post Processing Model: Standard
Minimum Genetic Map: 0.0000
Maximum Genetic Map: 1.4134
Gaps bigger than 0.1 cM: 163
Maximum Gap: 11.6560 cM
Loaded Transition and Emission Matrix:
(3, 3)
(5009, 24352)
Loaded Observations:
(2, 24352)
Memory Usage: 1334.071296 mB
Reference Number: 5008
Total Log likelihood: -8292.741
Memory Usage: 1334.071296 mB
Finished Calculation State Posteriors
Saved Zero State Posterior to ./Empirical/Eigenstrat/Reichall/I1507/chr15/.
Successfully loaded for PP. from ./Empirical/Eigenstrat/Reichall/I1507/chr15/
Fraction Markers in ROH: 0.4702
Merged n=0 gaps < 0.0 M
Called n=14 ROH Blocks > 1.0 cM
Longest Block: 1.451
Successfully saved to ./Empirical/Eigenstrat/Reichall/I1507/chr15/roh.csv
Using Low-Mem Cython Linear Speed Up.
Loaded Pre Processing Model: Eigenstrat
Loading Individual: I1507

Loaded 34402 variants
Loaded 2504 individuals
HDF5 loaded from ./Data/1000Genomes/HDF5/1240kHDF5/all1240/chr16.hdf5
3 Eigenstrat Files with 5081 Individuals and 1233013 SNPs

Intersection on Positions: 34402
Nr of Matching Refs: 34402 / 34402
Full Intersection Ref/Alt Identical: 34375 / 34402
2504 / 2504 Individuals included in Reference
Extraction of 5008 Haplotypes complete
Reduced to markers called 25787 / 34375
(Fraction SNP: 0.7501672727272727)
Successfully saved to: ./Empirical/Eigenstrat/Reichall/I1507/chr16/
Successfully loaded Data from: ./Empirical/Eigenstrat/Reichall/I1507/chr16/
Loaded Emission Model: haploid
Loaded Transition Model: model
Loaded Post Processing Model: Standard
Minimum Genetic Map: -0.0000
Maximum Genetic Map: 1.3403
Gaps bigger than 0.1 cM: 174
Maximum Gap: 0.8458 cM
Loaded Transition and Emission Matrix:
(3, 3)
(5009, 25787)
Loaded Observations:
(2, 25787)
Memory Usage: 1399.074816 mB
Reference Number: 5008
Total Log likelihood: -8710.839
Memory Usage: 1399.074816 mB
Finished Calculation State Posteriors
Saved Zero State Posterior to ./Empirical/Eigenstrat/Reichall/I1507/chr16/.
Successfully loaded for PP. from ./Empirical/Eigenstrat/Reichall/I1507/chr16/
Fraction Markers in ROH: 0.4788
Merged n=0 gaps < 0.0 M
Called n=12 ROH Blocks > 1.0 cM
Longest Block: 3.630
Successfully saved to ./Empirical/Eigenstrat/Reichall/I1507/chr16/roh.csv
Using Low-Mem Cython Linear Speed Up.
Loaded Pre Processing Model: Eigenstrat
Loading Individual: I1507

Loaded 29314 variants
Loaded 2504 individuals
HDF5 loaded from ./Data/1000Genomes/HDF5/1240kHDF5/all1240/chr17.hdf5
3 Eigenstrat Files with 5081 Individuals and 1233013 SNPs

Intersection on Positions: 29314
Nr of Matching Refs: 29314 / 29314
Full Intersection Ref/Alt Identical: 29292 / 29314
2504 / 2504 Individuals included in Reference
Extraction of 5008 Haplotypes complete
Reduced to markers called 22482 / 29292
(Fraction SNP: 0.7675133142154854)
Successfully saved to: ./Empirical/Eigenstrat/Reichall/I1507/chr17/
Successfully loaded Data from: ./Empirical/Eigenstrat/Reichall/I1507/chr17/
Loaded Emission Model: haploid
Loaded Transition Model: model
Loaded Post Processing Model: Standard
Minimum Genetic Map: -0.0003
Maximum Genetic Map: 1.2847
Gaps bigger than 0.1 cM: 156
Maximum Gap: 1.2341 cM
Loaded Transition and Emission Matrix:
(3, 3)
(5009, 22482)
Loaded Observations:
(2, 22482)
Memory Usage: 1249.574912 mB
Reference Number: 5008
Total Log likelihood: -8045.290
Memory Usage: 1249.574912 mB
Finished Calculation State Posteriors
Saved Zero State Posterior to ./Empirical/Eigenstrat/Reichall/I1507/chr17/.
Successfully loaded for PP. from ./Empirical/Eigenstrat/Reichall/I1507/chr17/
Fraction Markers in ROH: 0.4242
Merged n=0 gaps < 0.0 M
Called n=9 ROH Blocks > 1.0 cM
Longest Block: 2.631
Successfully saved to ./Empirical/Eigenstrat/Reichall/I1507/chr17/roh.csv
Using Low-Mem Cython Linear Speed Up.
Loaded Pre Processing Model: Eigenstrat
Loading Individual: I1507

Loaded 33917 variants
Loaded 2504 individuals
HDF5 loaded from ./Data/1000Genomes/HDF5/1240kHDF5/all1240/chr18.hdf5
3 Eigenstrat Files with 5081 Individuals and 1233013 SNPs

Intersection on Positions: 33917
Nr of Matching Refs: 33917 / 33917
Full Intersection Ref/Alt Identical: 33902 / 33917
2504 / 2504 Individuals included in Reference
Extraction of 5008 Haplotypes complete
Reduced to markers called 22453 / 33902
(Fraction SNP: 0.662291310247183)
Successfully saved to: ./Empirical/Eigenstrat/Reichall/I1507/chr18/
Successfully loaded Data from: ./Empirical/Eigenstrat/Reichall/I1507/chr18/
Loaded Emission Model: haploid
Loaded Transition Model: model
Loaded Post Processing Model: Standard
Minimum Genetic Map: 0.0025
Maximum Genetic Map: 1.1771
Gaps bigger than 0.1 cM: 176
Maximum Gap: 0.4827 cM
Loaded Transition and Emission Matrix:
(3, 3)
(5009, 22453)
Loaded Observations:
(2, 22453)
Memory Usage: 1248.313344 mB
Reference Number: 5008
Total Log likelihood: -7331.473
Memory Usage: 1248.313344 mB
Finished Calculation State Posteriors
Saved Zero State Posterior to ./Empirical/Eigenstrat/Reichall/I1507/chr18/.
Successfully loaded for PP. from ./Empirical/Eigenstrat/Reichall/I1507/chr18/
Fraction Markers in ROH: 0.5246
Merged n=0 gaps < 0.0 M
Called n=8 ROH Blocks > 1.0 cM
Longest Block: 2.866
Successfully saved to ./Empirical/Eigenstrat/Reichall/I1507/chr18/roh.csv
Using Low-Mem Cython Linear Speed Up.
Loaded Pre Processing Model: Eigenstrat
Loading Individual: I1507

Loaded 18460 variants
Loaded 2504 individuals
HDF5 loaded from ./Data/1000Genomes/HDF5/1240kHDF5/all1240/chr19.hdf5
3 Eigenstrat Files with 5081 Individuals and 1233013 SNPs

Intersection on Positions: 18460
Nr of Matching Refs: 18460 / 18460
Full Intersection Ref/Alt Identical: 18441 / 18460
2504 / 2504 Individuals included in Reference
Extraction of 5008 Haplotypes complete
Reduced to markers called 14775 / 18441
(Fraction SNP: 0.8012038392711892)
Successfully saved to: ./Empirical/Eigenstrat/Reichall/I1507/chr19/
Successfully loaded Data from: ./Empirical/Eigenstrat/Reichall/I1507/chr19/
Loaded Emission Model: haploid
Loaded Transition Model: model
Loaded Post Processing Model: Standard
Minimum Genetic Map: 0.0000
Maximum Genetic Map: 1.0773
Gaps bigger than 0.1 cM: 163
Maximum Gap: 0.6114 cM
Loaded Transition and Emission Matrix:
(3, 3)
(5009, 14775)
Loaded Observations:
(2, 14775)
Memory Usage: 902.291456 mB
Reference Number: 5008
Total Log likelihood: -4850.732
Memory Usage: 902.291456 mB
Finished Calculation State Posteriors
Saved Zero State Posterior to ./Empirical/Eigenstrat/Reichall/I1507/chr19/.
Successfully loaded for PP. from ./Empirical/Eigenstrat/Reichall/I1507/chr19/
Fraction Markers in ROH: 0.5625
Merged n=0 gaps < 0.0 M
Called n=15 ROH Blocks > 1.0 cM
Longest Block: 3.672
Successfully saved to ./Empirical/Eigenstrat/Reichall/I1507/chr19/roh.csv
Using Low-Mem Cython Linear Speed Up.
Loaded Pre Processing Model: Eigenstrat
Loading Individual: I1507

Loaded 29078 variants
Loaded 2504 individuals
HDF5 loaded from ./Data/1000Genomes/HDF5/1240kHDF5/all1240/chr20.hdf5
3 Eigenstrat Files with 5081 Individuals and 1233013 SNPs

Intersection on Positions: 29078
Nr of Matching Refs: 29078 / 29078
Full Intersection Ref/Alt Identical: 29053 / 29078
2504 / 2504 Individuals included in Reference
Extraction of 5008 Haplotypes complete
Reduced to markers called 21821 / 29053
(Fraction SNP: 0.751075620417857)
Successfully saved to: ./Empirical/Eigenstrat/Reichall/I1507/chr20/
Successfully loaded Data from: ./Empirical/Eigenstrat/Reichall/I1507/chr20/
Loaded Emission Model: haploid
Loaded Transition Model: model
Loaded Post Processing Model: Standard
Minimum Genetic Map: 0.0000
Maximum Genetic Map: 1.0821
Gaps bigger than 0.1 cM: 157
Maximum Gap: 0.4744 cM
Loaded Transition and Emission Matrix:
(3, 3)
(5009, 21821)
Loaded Observations:
(2, 21821)
Memory Usage: 1219.944448 mB
Reference Number: 5008
Total Log likelihood: -7043.583
Memory Usage: 1219.805184 mB
Finished Calculation State Posteriors
Saved Zero State Posterior to ./Empirical/Eigenstrat/Reichall/I1507/chr20/.
Successfully loaded for PP. from ./Empirical/Eigenstrat/Reichall/I1507/chr20/
Fraction Markers in ROH: 0.4687
Merged n=0 gaps < 0.0 M
Called n=9 ROH Blocks > 1.0 cM
Longest Block: 3.338
Successfully saved to ./Empirical/Eigenstrat/Reichall/I1507/chr20/roh.csv
Using Low-Mem Cython Linear Speed Up.
Loaded Pre Processing Model: Eigenstrat
Loading Individual: I1507

Loaded 16038 variants
Loaded 2504 individuals
HDF5 loaded from ./Data/1000Genomes/HDF5/1240kHDF5/all1240/chr21.hdf5
3 Eigenstrat Files with 5081 Individuals and 1233013 SNPs

Intersection on Positions: 16038
Nr of Matching Refs: 16038 / 16038
Full Intersection Ref/Alt Identical: 16031 / 16038
2504 / 2504 Individuals included in Reference
Extraction of 5008 Haplotypes complete
Reduced to markers called 10720 / 16031
(Fraction SNP: 0.6687043852535712)
Successfully saved to: ./Empirical/Eigenstrat/Reichall/I1507/chr21/
Successfully loaded Data from: ./Empirical/Eigenstrat/Reichall/I1507/chr21/
Loaded Emission Model: haploid
Loaded Transition Model: model
Loaded Post Processing Model: Standard
Minimum Genetic Map: -0.0085
Maximum Genetic Map: 0.6277
Gaps bigger than 0.1 cM: 105
Maximum Gap: 1.7201 cM
Loaded Transition and Emission Matrix:
(3, 3)
(5009, 10720)
Loaded Observations:
(2, 10720)
Memory Usage: 724.733952 mB
Reference Number: 5008
Total Log likelihood: -3540.274
Memory Usage: 724.733952 mB
Finished Calculation State Posteriors
Saved Zero State Posterior to ./Empirical/Eigenstrat/Reichall/I1507/chr21/.
Successfully loaded for PP. from ./Empirical/Eigenstrat/Reichall/I1507/chr21/
Fraction Markers in ROH: 0.5285
Merged n=0 gaps < 0.0 M
Called n=9 ROH Blocks > 1.0 cM
Longest Block: 2.953
Successfully saved to ./Empirical/Eigenstrat/Reichall/I1507/chr21/roh.csv
Using Low-Mem Cython Linear Speed Up.
Loaded Pre Processing Model: Eigenstrat
Loading Individual: I1507

Loaded 15802 variants
Loaded 2504 individuals
HDF5 loaded from ./Data/1000Genomes/HDF5/1240kHDF5/all1240/chr22.hdf5
3 Eigenstrat Files with 5081 Individuals and 1233013 SNPs

Intersection on Positions: 15802
Nr of Matching Refs: 15802 / 15802
Full Intersection Ref/Alt Identical: 15793 / 15802
2504 / 2504 Individuals included in Reference
Extraction of 5008 Haplotypes complete
Reduced to markers called 12963 / 15793
(Fraction SNP: 0.8208066865066802)
Successfully saved to: ./Empirical/Eigenstrat/Reichall/I1507/chr22/
Successfully loaded Data from: ./Empirical/Eigenstrat/Reichall/I1507/chr22/
Loaded Emission Model: haploid
Loaded Transition Model: model
Loaded Post Processing Model: Standard
Minimum Genetic Map: 0.0180
Maximum Genetic Map: 0.7408
Gaps bigger than 0.1 cM: 95
Maximum Gap: 1.6097 cM
Loaded Transition and Emission Matrix:
(3, 3)
(5009, 12963)
Loaded Observations:
(2, 12963)
Memory Usage: 825.851904 mB
Reference Number: 5008
Total Log likelihood: -4332.730
Memory Usage: 825.851904 mB
Finished Calculation State Posteriors
Saved Zero State Posterior to ./Empirical/Eigenstrat/Reichall/I1507/chr22/.
Successfully loaded for PP. from ./Empirical/Eigenstrat/Reichall/I1507/chr22/
Fraction Markers in ROH: 0.4808
Merged n=0 gaps < 0.0 M
Called n=8 ROH Blocks > 1.0 cM
Longest Block: 2.401
Successfully saved to ./Empirical/Eigenstrat/Reichall/I1507/chr22/roh.csv
