Loaded 2106 / 5081 ancient Indivdiuals Anno File.
Doing Individual I9005...
Using Low-Mem Cython Linear Speed Up.
Loaded Pre Processing Model: Eigenstrat
Loading Individual: I9005

Loaded 89147 variants
Loaded 2504 individuals
HDF5 loaded from ./Data/1000Genomes/HDF5/1240kHDF5/all1240/chr1.hdf5
3 Eigenstrat Files with 5081 Individuals and 1233013 SNPs

Intersection on Positions: 89147
Nr of Matching Refs: 89147 / 89147
Full Intersection Ref/Alt Identical: 89082 / 89147
2504 / 2504 Individuals included in Reference
Extraction of 5008 Haplotypes complete
Reduced to markers called 30845 / 89082
(Fraction SNP: 0.3462540131564177)
Successfully saved to: ./Empirical/Eigenstrat/Reichall/I9005/chr1/
Successfully loaded Data from: ./Empirical/Eigenstrat/Reichall/I9005/chr1/
Loaded Emission Model: haploid
Loaded Transition Model: model
Loaded Post Processing Model: Standard
Minimum Genetic Map: 0.0201
Maximum Genetic Map: 2.8623
Gaps bigger than 0.1 cM: 557
Maximum Gap: 3.1376 cM
Loaded Transition and Emission Matrix:
(3, 3)
(5009, 30845)
Loaded Observations:
(2, 30845)
Memory Usage: 1585.197056 mB
Reference Number: 5008
Total Log likelihood: -9575.501
Memory Usage: 1585.655808 mB
Finished Calculation State Posteriors
Saved Zero State Posterior to ./Empirical/Eigenstrat/Reichall/I9005/chr1/.
Successfully loaded for PP. from ./Empirical/Eigenstrat/Reichall/I9005/chr1/
Fraction Markers in ROH: 0.5155
Merged n=0 gaps < 0.0 M
Called n=22 ROH Blocks > 1.0 cM
Longest Block: 13.759
Successfully saved to ./Empirical/Eigenstrat/Reichall/I9005/chr1/roh.csv
Using Low-Mem Cython Linear Speed Up.
Loaded Pre Processing Model: Eigenstrat
Loading Individual: I9005

Loaded 94239 variants
Loaded 2504 individuals
HDF5 loaded from ./Data/1000Genomes/HDF5/1240kHDF5/all1240/chr2.hdf5
3 Eigenstrat Files with 5081 Individuals and 1233013 SNPs

Intersection on Positions: 94239
Nr of Matching Refs: 94239 / 94239
Full Intersection Ref/Alt Identical: 94173 / 94239
2504 / 2504 Individuals included in Reference
Extraction of 5008 Haplotypes complete
Reduced to markers called 31678 / 94173
(Fraction SNP: 0.33638091597379294)
Successfully saved to: ./Empirical/Eigenstrat/Reichall/I9005/chr2/
Successfully loaded Data from: ./Empirical/Eigenstrat/Reichall/I9005/chr2/
Loaded Emission Model: haploid
Loaded Transition Model: model
Loaded Post Processing Model: Standard
Minimum Genetic Map: 0.0001
Maximum Genetic Map: 2.6883
Gaps bigger than 0.1 cM: 506
Maximum Gap: 2.1079 cM
Loaded Transition and Emission Matrix:
(3, 3)
(5009, 31678)
Loaded Observations:
(2, 31678)
Memory Usage: 1662.164992 mB
Reference Number: 5008
Total Log likelihood: -10618.993
Memory Usage: 1662.164992 mB
Finished Calculation State Posteriors
Saved Zero State Posterior to ./Empirical/Eigenstrat/Reichall/I9005/chr2/.
Successfully loaded for PP. from ./Empirical/Eigenstrat/Reichall/I9005/chr2/
Fraction Markers in ROH: 0.4364
Merged n=0 gaps < 0.0 M
Called n=23 ROH Blocks > 1.0 cM
Longest Block: 2.970
Successfully saved to ./Empirical/Eigenstrat/Reichall/I9005/chr2/roh.csv
Using Low-Mem Cython Linear Speed Up.
Loaded Pre Processing Model: Eigenstrat
Loading Individual: I9005

Loaded 77652 variants
Loaded 2504 individuals
HDF5 loaded from ./Data/1000Genomes/HDF5/1240kHDF5/all1240/chr3.hdf5
3 Eigenstrat Files with 5081 Individuals and 1233013 SNPs

Intersection on Positions: 77652
Nr of Matching Refs: 77652 / 77652
Full Intersection Ref/Alt Identical: 77601 / 77652
2504 / 2504 Individuals included in Reference
Extraction of 5008 Haplotypes complete
Reduced to markers called 25749 / 77601
(Fraction SNP: 0.3318127343719797)
Successfully saved to: ./Empirical/Eigenstrat/Reichall/I9005/chr3/
Successfully loaded Data from: ./Empirical/Eigenstrat/Reichall/I9005/chr3/
Loaded Emission Model: haploid
Loaded Transition Model: model
Loaded Post Processing Model: Standard
Minimum Genetic Map: 0.0002
Maximum Genetic Map: 2.2326
Gaps bigger than 0.1 cM: 459
Maximum Gap: 0.4179 cM
Loaded Transition and Emission Matrix:
(3, 3)
(5009, 25749)
Loaded Observations:
(2, 25749)
Memory Usage: 1394.970624 mB
Reference Number: 5008
Total Log likelihood: -8693.777
Memory Usage: 1394.970624 mB
Finished Calculation State Posteriors
Saved Zero State Posterior to ./Empirical/Eigenstrat/Reichall/I9005/chr3/.
Successfully loaded for PP. from ./Empirical/Eigenstrat/Reichall/I9005/chr3/
Fraction Markers in ROH: 0.4415
Merged n=0 gaps < 0.0 M
Called n=13 ROH Blocks > 1.0 cM
Longest Block: 5.277
Successfully saved to ./Empirical/Eigenstrat/Reichall/I9005/chr3/roh.csv
Using Low-Mem Cython Linear Speed Up.
Loaded Pre Processing Model: Eigenstrat
Loading Individual: I9005

Loaded 68759 variants
Loaded 2504 individuals
HDF5 loaded from ./Data/1000Genomes/HDF5/1240kHDF5/all1240/chr4.hdf5
3 Eigenstrat Files with 5081 Individuals and 1233013 SNPs

Intersection on Positions: 68759
Nr of Matching Refs: 68759 / 68759
Full Intersection Ref/Alt Identical: 68720 / 68759
2504 / 2504 Individuals included in Reference
Extraction of 5008 Haplotypes complete
Reduced to markers called 22022 / 68720
(Fraction SNP: 0.32045983701979047)
Successfully saved to: ./Empirical/Eigenstrat/Reichall/I9005/chr4/
Successfully loaded Data from: ./Empirical/Eigenstrat/Reichall/I9005/chr4/
Loaded Emission Model: haploid
Loaded Transition Model: model
Loaded Post Processing Model: Standard
Minimum Genetic Map: 0.0034
Maximum Genetic Map: 2.1454
Gaps bigger than 0.1 cM: 430
Maximum Gap: 2.1261 cM
Loaded Transition and Emission Matrix:
(3, 3)
(5009, 22022)
Loaded Observations:
(2, 22022)
Memory Usage: 1227.40736 mB
Reference Number: 5008
Total Log likelihood: -7600.446
Memory Usage: 1227.40736 mB
Finished Calculation State Posteriors
Saved Zero State Posterior to ./Empirical/Eigenstrat/Reichall/I9005/chr4/.
Successfully loaded for PP. from ./Empirical/Eigenstrat/Reichall/I9005/chr4/
Fraction Markers in ROH: 0.3765
Merged n=0 gaps < 0.0 M
Called n=22 ROH Blocks > 1.0 cM
Longest Block: 2.752
Successfully saved to ./Empirical/Eigenstrat/Reichall/I9005/chr4/roh.csv
Using Low-Mem Cython Linear Speed Up.
Loaded Pre Processing Model: Eigenstrat
Loading Individual: I9005

Loaded 69399 variants
Loaded 2504 individuals
HDF5 loaded from ./Data/1000Genomes/HDF5/1240kHDF5/all1240/chr5.hdf5
3 Eigenstrat Files with 5081 Individuals and 1233013 SNPs

Intersection on Positions: 69399
Nr of Matching Refs: 69399 / 69399
Full Intersection Ref/Alt Identical: 69354 / 69399
2504 / 2504 Individuals included in Reference
Extraction of 5008 Haplotypes complete
Reduced to markers called 22291 / 69354
(Fraction SNP: 0.3214090030856187)
Successfully saved to: ./Empirical/Eigenstrat/Reichall/I9005/chr5/
Successfully loaded Data from: ./Empirical/Eigenstrat/Reichall/I9005/chr5/
Loaded Emission Model: haploid
Loaded Transition Model: model
Loaded Post Processing Model: Standard
Minimum Genetic Map: 0.0004
Maximum Genetic Map: 2.0409
Gaps bigger than 0.1 cM: 418
Maximum Gap: 1.3607 cM
Loaded Transition and Emission Matrix:
(3, 3)
(5009, 22291)
Loaded Observations:
(2, 22291)
Memory Usage: 1239.457792 mB
Reference Number: 5008
Total Log likelihood: -7664.734
Memory Usage: 1239.457792 mB
Finished Calculation State Posteriors
Saved Zero State Posterior to ./Empirical/Eigenstrat/Reichall/I9005/chr5/.
Successfully loaded for PP. from ./Empirical/Eigenstrat/Reichall/I9005/chr5/
Fraction Markers in ROH: 0.4144
Merged n=0 gaps < 0.0 M
Called n=14 ROH Blocks > 1.0 cM
Longest Block: 5.425
Successfully saved to ./Empirical/Eigenstrat/Reichall/I9005/chr5/roh.csv
Using Low-Mem Cython Linear Speed Up.
Loaded Pre Processing Model: Eigenstrat
Loading Individual: I9005

Loaded 75870 variants
Loaded 2504 individuals
HDF5 loaded from ./Data/1000Genomes/HDF5/1240kHDF5/all1240/chr6.hdf5
3 Eigenstrat Files with 5081 Individuals and 1233013 SNPs

Intersection on Positions: 75870
Nr of Matching Refs: 75870 / 75870
Full Intersection Ref/Alt Identical: 75816 / 75870
2504 / 2504 Individuals included in Reference
Extraction of 5008 Haplotypes complete
Reduced to markers called 26601 / 75816
(Fraction SNP: 0.35086261475150365)
Successfully saved to: ./Empirical/Eigenstrat/Reichall/I9005/chr6/
Successfully loaded Data from: ./Empirical/Eigenstrat/Reichall/I9005/chr6/
Loaded Emission Model: haploid
Loaded Transition Model: model
Loaded Post Processing Model: Standard
Minimum Genetic Map: 0.0035
Maximum Genetic Map: 1.9203
Gaps bigger than 0.1 cM: 368
Maximum Gap: 0.5473 cM
Loaded Transition and Emission Matrix:
(3, 3)
(5009, 26601)
Loaded Observations:
(2, 26601)
Memory Usage: 1433.649152 mB
Reference Number: 5008
Total Log likelihood: -5915.335
Memory Usage: 1433.649152 mB
Finished Calculation State Posteriors
Saved Zero State Posterior to ./Empirical/Eigenstrat/Reichall/I9005/chr6/.
Successfully loaded for PP. from ./Empirical/Eigenstrat/Reichall/I9005/chr6/
Fraction Markers in ROH: 0.7091
Merged n=0 gaps < 0.0 M
Called n=11 ROH Blocks > 1.0 cM
Longest Block: 46.578
Successfully saved to ./Empirical/Eigenstrat/Reichall/I9005/chr6/roh.csv
Using Low-Mem Cython Linear Speed Up.
Loaded Pre Processing Model: Eigenstrat
Loading Individual: I9005

Loaded 59890 variants
Loaded 2504 individuals
HDF5 loaded from ./Data/1000Genomes/HDF5/1240kHDF5/all1240/chr7.hdf5
3 Eigenstrat Files with 5081 Individuals and 1233013 SNPs

Intersection on Positions: 59890
Nr of Matching Refs: 59890 / 59890
Full Intersection Ref/Alt Identical: 59836 / 59890
2504 / 2504 Individuals included in Reference
Extraction of 5008 Haplotypes complete
Reduced to markers called 17866 / 59836
(Fraction SNP: 0.29858279296744433)
Successfully saved to: ./Empirical/Eigenstrat/Reichall/I9005/chr7/
Successfully loaded Data from: ./Empirical/Eigenstrat/Reichall/I9005/chr7/
Loaded Emission Model: haploid
Loaded Transition Model: model
Loaded Post Processing Model: Standard
Minimum Genetic Map: 0.0005
Maximum Genetic Map: 1.8715
Gaps bigger than 0.1 cM: 413
Maximum Gap: 1.0534 cM
Loaded Transition and Emission Matrix:
(3, 3)
(5009, 17866)
Loaded Observations:
(2, 17866)
Memory Usage: 1040.40448 mB
Reference Number: 5008
Total Log likelihood: -6063.543
Memory Usage: 1040.40448 mB
Finished Calculation State Posteriors
Saved Zero State Posterior to ./Empirical/Eigenstrat/Reichall/I9005/chr7/.
Successfully loaded for PP. from ./Empirical/Eigenstrat/Reichall/I9005/chr7/
Fraction Markers in ROH: 0.4387
Merged n=0 gaps < 0.0 M
Called n=16 ROH Blocks > 1.0 cM
Longest Block: 7.199
Successfully saved to ./Empirical/Eigenstrat/Reichall/I9005/chr7/roh.csv
Using Low-Mem Cython Linear Speed Up.
Loaded Pre Processing Model: Eigenstrat
Loading Individual: I9005

Loaded 61133 variants
Loaded 2504 individuals
HDF5 loaded from ./Data/1000Genomes/HDF5/1240kHDF5/all1240/chr8.hdf5
3 Eigenstrat Files with 5081 Individuals and 1233013 SNPs

Intersection on Positions: 61133
Nr of Matching Refs: 61133 / 61133
Full Intersection Ref/Alt Identical: 61091 / 61133
2504 / 2504 Individuals included in Reference
Extraction of 5008 Haplotypes complete
Reduced to markers called 18487 / 61091
(Fraction SNP: 0.30261413301468304)
Successfully saved to: ./Empirical/Eigenstrat/Reichall/I9005/chr8/
Successfully loaded Data from: ./Empirical/Eigenstrat/Reichall/I9005/chr8/
Loaded Emission Model: haploid
Loaded Transition Model: model
Loaded Post Processing Model: Standard
Minimum Genetic Map: 0.0001
Maximum Genetic Map: 1.6798
Gaps bigger than 0.1 cM: 332
Maximum Gap: 3.4466 cM
Loaded Transition and Emission Matrix:
(3, 3)
(5009, 18487)
Loaded Observations:
(2, 18487)
Memory Usage: 1067.118592 mB
Reference Number: 5008
Total Log likelihood: -6185.108
Memory Usage: 1067.15136 mB
Finished Calculation State Posteriors
Saved Zero State Posterior to ./Empirical/Eigenstrat/Reichall/I9005/chr8/.
Successfully loaded for PP. from ./Empirical/Eigenstrat/Reichall/I9005/chr8/
Fraction Markers in ROH: 0.4182
Merged n=0 gaps < 0.0 M
Called n=10 ROH Blocks > 1.0 cM
Longest Block: 2.151
Successfully saved to ./Empirical/Eigenstrat/Reichall/I9005/chr8/roh.csv
Using Low-Mem Cython Linear Speed Up.
Loaded Pre Processing Model: Eigenstrat
Loading Individual: I9005

Loaded 50668 variants
Loaded 2504 individuals
HDF5 loaded from ./Data/1000Genomes/HDF5/1240kHDF5/all1240/chr9.hdf5
3 Eigenstrat Files with 5081 Individuals and 1233013 SNPs

Intersection on Positions: 50668
Nr of Matching Refs: 50668 / 50668
Full Intersection Ref/Alt Identical: 50629 / 50668
2504 / 2504 Individuals included in Reference
Extraction of 5008 Haplotypes complete
Reduced to markers called 15487 / 50629
(Fraction SNP: 0.30589188014774144)
Successfully saved to: ./Empirical/Eigenstrat/Reichall/I9005/chr9/
Successfully loaded Data from: ./Empirical/Eigenstrat/Reichall/I9005/chr9/
Loaded Emission Model: haploid
Loaded Transition Model: model
Loaded Post Processing Model: Standard
Minimum Genetic Map: 0.0017
Maximum Genetic Map: 1.6630
Gaps bigger than 0.1 cM: 362
Maximum Gap: 2.3712 cM
Loaded Transition and Emission Matrix:
(3, 3)
(5009, 15487)
Loaded Observations:
(2, 15487)
Memory Usage: 932.724736 mB
Reference Number: 5008
Total Log likelihood: -4824.667
Memory Usage: 932.724736 mB
Finished Calculation State Posteriors
Saved Zero State Posterior to ./Empirical/Eigenstrat/Reichall/I9005/chr9/.
Successfully loaded for PP. from ./Empirical/Eigenstrat/Reichall/I9005/chr9/
Fraction Markers in ROH: 0.5192
Merged n=0 gaps < 0.0 M
Called n=16 ROH Blocks > 1.0 cM
Longest Block: 12.281
Successfully saved to ./Empirical/Eigenstrat/Reichall/I9005/chr9/roh.csv
Using Low-Mem Cython Linear Speed Up.
Loaded Pre Processing Model: Eigenstrat
Loading Individual: I9005

Loaded 58804 variants
Loaded 2504 individuals
HDF5 loaded from ./Data/1000Genomes/HDF5/1240kHDF5/all1240/chr10.hdf5
3 Eigenstrat Files with 5081 Individuals and 1233013 SNPs

Intersection on Positions: 58804
Nr of Matching Refs: 58804 / 58804
Full Intersection Ref/Alt Identical: 58763 / 58804
2504 / 2504 Individuals included in Reference
Extraction of 5008 Haplotypes complete
Reduced to markers called 20196 / 58763
(Fraction SNP: 0.34368565253646)
Successfully saved to: ./Empirical/Eigenstrat/Reichall/I9005/chr10/
Successfully loaded Data from: ./Empirical/Eigenstrat/Reichall/I9005/chr10/
Loaded Emission Model: haploid
Loaded Transition Model: model
Loaded Post Processing Model: Standard
Minimum Genetic Map: 0.0001
Maximum Genetic Map: 1.8089
Gaps bigger than 0.1 cM: 340
Maximum Gap: 2.1218 cM
Loaded Transition and Emission Matrix:
(3, 3)
(5009, 20196)
Loaded Observations:
(2, 20196)
Memory Usage: 1145.28256 mB
Reference Number: 5008
Total Log likelihood: -6960.463
Memory Usage: 1145.28256 mB
Finished Calculation State Posteriors
Saved Zero State Posterior to ./Empirical/Eigenstrat/Reichall/I9005/chr10/.
Successfully loaded for PP. from ./Empirical/Eigenstrat/Reichall/I9005/chr10/
Fraction Markers in ROH: 0.4175
Merged n=0 gaps < 0.0 M
Called n=8 ROH Blocks > 1.0 cM
Longest Block: 1.843
Successfully saved to ./Empirical/Eigenstrat/Reichall/I9005/chr10/roh.csv
Using Low-Mem Cython Linear Speed Up.
Loaded Pre Processing Model: Eigenstrat
Loading Individual: I9005

Loaded 54833 variants
Loaded 2504 individuals
HDF5 loaded from ./Data/1000Genomes/HDF5/1240kHDF5/all1240/chr11.hdf5
3 Eigenstrat Files with 5081 Individuals and 1233013 SNPs

Intersection on Positions: 54833
Nr of Matching Refs: 54833 / 54833
Full Intersection Ref/Alt Identical: 54796 / 54833
2504 / 2504 Individuals included in Reference
Extraction of 5008 Haplotypes complete
Reduced to markers called 18599 / 54796
(Fraction SNP: 0.33942258559018906)
Successfully saved to: ./Empirical/Eigenstrat/Reichall/I9005/chr11/
Successfully loaded Data from: ./Empirical/Eigenstrat/Reichall/I9005/chr11/
Loaded Emission Model: haploid
Loaded Transition Model: model
Loaded Post Processing Model: Standard
Minimum Genetic Map: 0.0000
Maximum Genetic Map: 1.5822
Gaps bigger than 0.1 cM: 297
Maximum Gap: 0.5683 cM
Loaded Transition and Emission Matrix:
(3, 3)
(5009, 18599)
Loaded Observations:
(2, 18599)
Memory Usage: 1073.360896 mB
Reference Number: 5008
Total Log likelihood: -6025.321
Memory Usage: 1073.360896 mB
Finished Calculation State Posteriors
Saved Zero State Posterior to ./Empirical/Eigenstrat/Reichall/I9005/chr11/.
Successfully loaded for PP. from ./Empirical/Eigenstrat/Reichall/I9005/chr11/
Fraction Markers in ROH: 0.4496
Merged n=0 gaps < 0.0 M
Called n=16 ROH Blocks > 1.0 cM
Longest Block: 6.080
Successfully saved to ./Empirical/Eigenstrat/Reichall/I9005/chr11/roh.csv
Using Low-Mem Cython Linear Speed Up.
Loaded Pre Processing Model: Eigenstrat
Loading Individual: I9005

Loaded 53911 variants
Loaded 2504 individuals
HDF5 loaded from ./Data/1000Genomes/HDF5/1240kHDF5/all1240/chr12.hdf5
3 Eigenstrat Files with 5081 Individuals and 1233013 SNPs

Intersection on Positions: 53911
Nr of Matching Refs: 53911 / 53911
Full Intersection Ref/Alt Identical: 53884 / 53911
2504 / 2504 Individuals included in Reference
Extraction of 5008 Haplotypes complete
Reduced to markers called 18301 / 53884
(Fraction SNP: 0.33963699799569447)
Successfully saved to: ./Empirical/Eigenstrat/Reichall/I9005/chr12/
Successfully loaded Data from: ./Empirical/Eigenstrat/Reichall/I9005/chr12/
Loaded Emission Model: haploid
Loaded Transition Model: model
Loaded Post Processing Model: Standard
Minimum Genetic Map: 0.0009
Maximum Genetic Map: 1.7468
Gaps bigger than 0.1 cM: 354
Maximum Gap: 0.8015 cM
Loaded Transition and Emission Matrix:
(3, 3)
(5009, 18301)
Loaded Observations:
(2, 18301)
Memory Usage: 1059.721216 mB
Reference Number: 5008
Total Log likelihood: -6387.948
Memory Usage: 1059.721216 mB
Finished Calculation State Posteriors
Saved Zero State Posterior to ./Empirical/Eigenstrat/Reichall/I9005/chr12/.
Successfully loaded for PP. from ./Empirical/Eigenstrat/Reichall/I9005/chr12/
Fraction Markers in ROH: 0.3882
Merged n=0 gaps < 0.0 M
Called n=13 ROH Blocks > 1.0 cM
Longest Block: 2.995
Successfully saved to ./Empirical/Eigenstrat/Reichall/I9005/chr12/roh.csv
Using Low-Mem Cython Linear Speed Up.
Loaded Pre Processing Model: Eigenstrat
Loading Individual: I9005

Loaded 39018 variants
Loaded 2504 individuals
HDF5 loaded from ./Data/1000Genomes/HDF5/1240kHDF5/all1240/chr13.hdf5
3 Eigenstrat Files with 5081 Individuals and 1233013 SNPs

Intersection on Positions: 39018
Nr of Matching Refs: 39018 / 39018
Full Intersection Ref/Alt Identical: 38994 / 39018
2504 / 2504 Individuals included in Reference
Extraction of 5008 Haplotypes complete
Reduced to markers called 12051 / 38994
(Fraction SNP: 0.30904754577627325)
Successfully saved to: ./Empirical/Eigenstrat/Reichall/I9005/chr13/
Successfully loaded Data from: ./Empirical/Eigenstrat/Reichall/I9005/chr13/
Loaded Emission Model: haploid
Loaded Transition Model: model
Loaded Post Processing Model: Standard
Minimum Genetic Map: 0.0028
Maximum Genetic Map: 1.2570
Gaps bigger than 0.1 cM: 273
Maximum Gap: 1.2297 cM
Loaded Transition and Emission Matrix:
(3, 3)
(5009, 12051)
Loaded Observations:
(2, 12051)
Memory Usage: 778.125312 mB
Reference Number: 5008
Total Log likelihood: -4233.417
Memory Usage: 778.125312 mB
Finished Calculation State Posteriors
Saved Zero State Posterior to ./Empirical/Eigenstrat/Reichall/I9005/chr13/.
Successfully loaded for PP. from ./Empirical/Eigenstrat/Reichall/I9005/chr13/
Fraction Markers in ROH: 0.3582
Merged n=0 gaps < 0.0 M
Called n=5 ROH Blocks > 1.0 cM
Longest Block: 3.667
Successfully saved to ./Empirical/Eigenstrat/Reichall/I9005/chr13/roh.csv
Using Low-Mem Cython Linear Speed Up.
Loaded Pre Processing Model: Eigenstrat
Loading Individual: I9005

Loaded 36301 variants
Loaded 2504 individuals
HDF5 loaded from ./Data/1000Genomes/HDF5/1240kHDF5/all1240/chr14.hdf5
3 Eigenstrat Files with 5081 Individuals and 1233013 SNPs

Intersection on Positions: 36301
Nr of Matching Refs: 36301 / 36301
Full Intersection Ref/Alt Identical: 36280 / 36301
2504 / 2504 Individuals included in Reference
Extraction of 5008 Haplotypes complete
Reduced to markers called 12113 / 36280
(Fraction SNP: 0.33387541345093713)
Successfully saved to: ./Empirical/Eigenstrat/Reichall/I9005/chr14/
Successfully loaded Data from: ./Empirical/Eigenstrat/Reichall/I9005/chr14/
Loaded Emission Model: haploid
Loaded Transition Model: model
Loaded Post Processing Model: Standard
Minimum Genetic Map: 0.0184
Maximum Genetic Map: 1.2020
Gaps bigger than 0.1 cM: 247
Maximum Gap: 3.1346 cM
Loaded Transition and Emission Matrix:
(3, 3)
(5009, 12113)
Loaded Observations:
(2, 12113)
Memory Usage: 781.299712 mB
Reference Number: 5008
Total Log likelihood: -4143.011
Memory Usage: 781.299712 mB
Finished Calculation State Posteriors
Saved Zero State Posterior to ./Empirical/Eigenstrat/Reichall/I9005/chr14/.
Successfully loaded for PP. from ./Empirical/Eigenstrat/Reichall/I9005/chr14/
Fraction Markers in ROH: 0.4380
Merged n=0 gaps < 0.0 M
Called n=9 ROH Blocks > 1.0 cM
Longest Block: 3.386
Successfully saved to ./Empirical/Eigenstrat/Reichall/I9005/chr14/roh.csv
Using Low-Mem Cython Linear Speed Up.
Loaded Pre Processing Model: Eigenstrat
Loading Individual: I9005

Loaded 34429 variants
Loaded 2504 individuals
HDF5 loaded from ./Data/1000Genomes/HDF5/1240kHDF5/all1240/chr15.hdf5
3 Eigenstrat Files with 5081 Individuals and 1233013 SNPs

Intersection on Positions: 34429
Nr of Matching Refs: 34429 / 34429
Full Intersection Ref/Alt Identical: 34407 / 34429
2504 / 2504 Individuals included in Reference
Extraction of 5008 Haplotypes complete
Reduced to markers called 11810 / 34407
(Fraction SNP: 0.3432441073037463)
Successfully saved to: ./Empirical/Eigenstrat/Reichall/I9005/chr15/
Successfully loaded Data from: ./Empirical/Eigenstrat/Reichall/I9005/chr15/
Loaded Emission Model: haploid
Loaded Transition Model: model
Loaded Post Processing Model: Standard
Minimum Genetic Map: 0.0002
Maximum Genetic Map: 1.4133
Gaps bigger than 0.1 cM: 275
Maximum Gap: 13.7876 cM
Loaded Transition and Emission Matrix:
(3, 3)
(5009, 11810)
Loaded Observations:
(2, 11810)
Memory Usage: 767.987712 mB
Reference Number: 5008
Total Log likelihood: -3975.200
Memory Usage: 767.987712 mB
Finished Calculation State Posteriors
Saved Zero State Posterior to ./Empirical/Eigenstrat/Reichall/I9005/chr15/.
Successfully loaded for PP. from ./Empirical/Eigenstrat/Reichall/I9005/chr15/
Fraction Markers in ROH: 0.4550
Merged n=0 gaps < 0.0 M
Called n=13 ROH Blocks > 1.0 cM
Longest Block: 2.503
Successfully saved to ./Empirical/Eigenstrat/Reichall/I9005/chr15/roh.csv
Using Low-Mem Cython Linear Speed Up.
Loaded Pre Processing Model: Eigenstrat
Loading Individual: I9005

Loaded 34402 variants
Loaded 2504 individuals
HDF5 loaded from ./Data/1000Genomes/HDF5/1240kHDF5/all1240/chr16.hdf5
3 Eigenstrat Files with 5081 Individuals and 1233013 SNPs

Intersection on Positions: 34402
Nr of Matching Refs: 34402 / 34402
Full Intersection Ref/Alt Identical: 34375 / 34402
2504 / 2504 Individuals included in Reference
Extraction of 5008 Haplotypes complete
Reduced to markers called 12143 / 34375
(Fraction SNP: 0.3532509090909091)
Successfully saved to: ./Empirical/Eigenstrat/Reichall/I9005/chr16/
Successfully loaded Data from: ./Empirical/Eigenstrat/Reichall/I9005/chr16/
Loaded Emission Model: haploid
Loaded Transition Model: model
Loaded Post Processing Model: Standard
Minimum Genetic Map: 0.0001
Maximum Genetic Map: 1.3402
Gaps bigger than 0.1 cM: 296
Maximum Gap: 0.8476 cM
Loaded Transition and Emission Matrix:
(3, 3)
(5009, 12143)
Loaded Observations:
(2, 12143)
Memory Usage: 783.060992 mB
Reference Number: 5008
Total Log likelihood: -4233.715
Memory Usage: 783.060992 mB
Finished Calculation State Posteriors
Saved Zero State Posterior to ./Empirical/Eigenstrat/Reichall/I9005/chr16/.
Successfully loaded for PP. from ./Empirical/Eigenstrat/Reichall/I9005/chr16/
Fraction Markers in ROH: 0.4113
Merged n=0 gaps < 0.0 M
Called n=9 ROH Blocks > 1.0 cM
Longest Block: 2.711
Successfully saved to ./Empirical/Eigenstrat/Reichall/I9005/chr16/roh.csv
Using Low-Mem Cython Linear Speed Up.
Loaded Pre Processing Model: Eigenstrat
Loading Individual: I9005

Loaded 29314 variants
Loaded 2504 individuals
HDF5 loaded from ./Data/1000Genomes/HDF5/1240kHDF5/all1240/chr17.hdf5
3 Eigenstrat Files with 5081 Individuals and 1233013 SNPs

Intersection on Positions: 29314
Nr of Matching Refs: 29314 / 29314
Full Intersection Ref/Alt Identical: 29292 / 29314
2504 / 2504 Individuals included in Reference
Extraction of 5008 Haplotypes complete
Reduced to markers called 9979 / 29292
(Fraction SNP: 0.3406732213573672)
Successfully saved to: ./Empirical/Eigenstrat/Reichall/I9005/chr17/
Successfully loaded Data from: ./Empirical/Eigenstrat/Reichall/I9005/chr17/
Loaded Emission Model: haploid
Loaded Transition Model: model
Loaded Post Processing Model: Standard
Minimum Genetic Map: -0.0002
Maximum Genetic Map: 1.2845
Gaps bigger than 0.1 cM: 295
Maximum Gap: 1.2355 cM
Loaded Transition and Emission Matrix:
(3, 3)
(5009, 9979)
Loaded Observations:
(2, 9979)
Memory Usage: 687.12448 mB
Reference Number: 5008
Total Log likelihood: -3269.476
Memory Usage: 687.12448 mB
Finished Calculation State Posteriors
Saved Zero State Posterior to ./Empirical/Eigenstrat/Reichall/I9005/chr17/.
Successfully loaded for PP. from ./Empirical/Eigenstrat/Reichall/I9005/chr17/
Fraction Markers in ROH: 0.4592
Merged n=0 gaps < 0.0 M
Called n=14 ROH Blocks > 1.0 cM
Longest Block: 2.266
Successfully saved to ./Empirical/Eigenstrat/Reichall/I9005/chr17/roh.csv
Using Low-Mem Cython Linear Speed Up.
Loaded Pre Processing Model: Eigenstrat
Loading Individual: I9005

Loaded 33917 variants
Loaded 2504 individuals
HDF5 loaded from ./Data/1000Genomes/HDF5/1240kHDF5/all1240/chr18.hdf5
3 Eigenstrat Files with 5081 Individuals and 1233013 SNPs

Intersection on Positions: 33917
Nr of Matching Refs: 33917 / 33917
Full Intersection Ref/Alt Identical: 33902 / 33917
2504 / 2504 Individuals included in Reference
Extraction of 5008 Haplotypes complete
Reduced to markers called 11438 / 33902
(Fraction SNP: 0.337384225119462)
Successfully saved to: ./Empirical/Eigenstrat/Reichall/I9005/chr18/
Successfully loaded Data from: ./Empirical/Eigenstrat/Reichall/I9005/chr18/
Loaded Emission Model: haploid
Loaded Transition Model: model
Loaded Post Processing Model: Standard
Minimum Genetic Map: 0.0027
Maximum Genetic Map: 1.1771
Gaps bigger than 0.1 cM: 247
Maximum Gap: 0.8037 cM
Loaded Transition and Emission Matrix:
(3, 3)
(5009, 11438)
Loaded Observations:
(2, 11438)
Memory Usage: 752.943104 mB
Reference Number: 5008
Total Log likelihood: -3818.490
Memory Usage: 752.943104 mB
Finished Calculation State Posteriors
Saved Zero State Posterior to ./Empirical/Eigenstrat/Reichall/I9005/chr18/.
Successfully loaded for PP. from ./Empirical/Eigenstrat/Reichall/I9005/chr18/
Fraction Markers in ROH: 0.4271
Merged n=0 gaps < 0.0 M
Called n=10 ROH Blocks > 1.0 cM
Longest Block: 3.176
Successfully saved to ./Empirical/Eigenstrat/Reichall/I9005/chr18/roh.csv
Using Low-Mem Cython Linear Speed Up.
Loaded Pre Processing Model: Eigenstrat
Loading Individual: I9005

Loaded 18460 variants
Loaded 2504 individuals
HDF5 loaded from ./Data/1000Genomes/HDF5/1240kHDF5/all1240/chr19.hdf5
3 Eigenstrat Files with 5081 Individuals and 1233013 SNPs

Intersection on Positions: 18460
Nr of Matching Refs: 18460 / 18460
Full Intersection Ref/Alt Identical: 18441 / 18460
2504 / 2504 Individuals included in Reference
Extraction of 5008 Haplotypes complete
Reduced to markers called 6097 / 18441
(Fraction SNP: 0.33062198362344775)
Successfully saved to: ./Empirical/Eigenstrat/Reichall/I9005/chr19/
Successfully loaded Data from: ./Empirical/Eigenstrat/Reichall/I9005/chr19/
Loaded Emission Model: haploid
Loaded Transition Model: model
Loaded Post Processing Model: Standard
Minimum Genetic Map: 0.0004
Maximum Genetic Map: 1.0773
Gaps bigger than 0.1 cM: 305
Maximum Gap: 0.6458 cM
Loaded Transition and Emission Matrix:
(3, 3)
(5009, 6097)
Loaded Observations:
(2, 6097)
Memory Usage: 512.544768 mB
Reference Number: 5008
Total Log likelihood: -2290.956
Memory Usage: 512.544768 mB
Finished Calculation State Posteriors
Saved Zero State Posterior to ./Empirical/Eigenstrat/Reichall/I9005/chr19/.
Successfully loaded for PP. from ./Empirical/Eigenstrat/Reichall/I9005/chr19/
Fraction Markers in ROH: 0.3020
Merged n=0 gaps < 0.0 M
Called n=8 ROH Blocks > 1.0 cM
Longest Block: 2.623
Successfully saved to ./Empirical/Eigenstrat/Reichall/I9005/chr19/roh.csv
Using Low-Mem Cython Linear Speed Up.
Loaded Pre Processing Model: Eigenstrat
Loading Individual: I9005

Loaded 29078 variants
Loaded 2504 individuals
HDF5 loaded from ./Data/1000Genomes/HDF5/1240kHDF5/all1240/chr20.hdf5
3 Eigenstrat Files with 5081 Individuals and 1233013 SNPs

Intersection on Positions: 29078
Nr of Matching Refs: 29078 / 29078
Full Intersection Ref/Alt Identical: 29053 / 29078
2504 / 2504 Individuals included in Reference
Extraction of 5008 Haplotypes complete
Reduced to markers called 10362 / 29053
(Fraction SNP: 0.3566585206347021)
Successfully saved to: ./Empirical/Eigenstrat/Reichall/I9005/chr20/
Successfully loaded Data from: ./Empirical/Eigenstrat/Reichall/I9005/chr20/
Loaded Emission Model: haploid
Loaded Transition Model: model
Loaded Post Processing Model: Standard
Minimum Genetic Map: 0.0008
Maximum Genetic Map: 1.0821
Gaps bigger than 0.1 cM: 249
Maximum Gap: 1.2110 cM
Loaded Transition and Emission Matrix:
(3, 3)
(5009, 10362)
Loaded Observations:
(2, 10362)
Memory Usage: 706.236416 mB
Reference Number: 5008
Total Log likelihood: -3575.778
Memory Usage: 706.236416 mB
Finished Calculation State Posteriors
Saved Zero State Posterior to ./Empirical/Eigenstrat/Reichall/I9005/chr20/.
Successfully loaded for PP. from ./Empirical/Eigenstrat/Reichall/I9005/chr20/
Fraction Markers in ROH: 0.4260
Merged n=0 gaps < 0.0 M
Called n=13 ROH Blocks > 1.0 cM
Longest Block: 2.700
Successfully saved to ./Empirical/Eigenstrat/Reichall/I9005/chr20/roh.csv
Using Low-Mem Cython Linear Speed Up.
Loaded Pre Processing Model: Eigenstrat
Loading Individual: I9005

Loaded 16038 variants
Loaded 2504 individuals
HDF5 loaded from ./Data/1000Genomes/HDF5/1240kHDF5/all1240/chr21.hdf5
3 Eigenstrat Files with 5081 Individuals and 1233013 SNPs

Intersection on Positions: 16038
Nr of Matching Refs: 16038 / 16038
Full Intersection Ref/Alt Identical: 16031 / 16038
2504 / 2504 Individuals included in Reference
Extraction of 5008 Haplotypes complete
Reduced to markers called 5100 / 16031
(Fraction SNP: 0.3181336161187699)
Successfully saved to: ./Empirical/Eigenstrat/Reichall/I9005/chr21/
Successfully loaded Data from: ./Empirical/Eigenstrat/Reichall/I9005/chr21/
Loaded Emission Model: haploid
Loaded Transition Model: model
Loaded Post Processing Model: Standard
Minimum Genetic Map: 0.0145
Maximum Genetic Map: 0.6277
Gaps bigger than 0.1 cM: 143
Maximum Gap: 0.7121 cM
Loaded Transition and Emission Matrix:
(3, 3)
(5009, 5100)
Loaded Observations:
(2, 5100)
Memory Usage: 455.63904 mB
Reference Number: 5008
Total Log likelihood: -1649.913
Memory Usage: 455.63904 mB
Finished Calculation State Posteriors
Saved Zero State Posterior to ./Empirical/Eigenstrat/Reichall/I9005/chr21/.
Successfully loaded for PP. from ./Empirical/Eigenstrat/Reichall/I9005/chr21/
Fraction Markers in ROH: 0.4939
Merged n=0 gaps < 0.0 M
Called n=8 ROH Blocks > 1.0 cM
Longest Block: 3.083
Successfully saved to ./Empirical/Eigenstrat/Reichall/I9005/chr21/roh.csv
Using Low-Mem Cython Linear Speed Up.
Loaded Pre Processing Model: Eigenstrat
Loading Individual: I9005

Loaded 15802 variants
Loaded 2504 individuals
HDF5 loaded from ./Data/1000Genomes/HDF5/1240kHDF5/all1240/chr22.hdf5
3 Eigenstrat Files with 5081 Individuals and 1233013 SNPs

Intersection on Positions: 15802
Nr of Matching Refs: 15802 / 15802
Full Intersection Ref/Alt Identical: 15793 / 15802
2504 / 2504 Individuals included in Reference
Extraction of 5008 Haplotypes complete
Reduced to markers called 5360 / 15793
(Fraction SNP: 0.3393908693725068)
Successfully saved to: ./Empirical/Eigenstrat/Reichall/I9005/chr22/
Successfully loaded Data from: ./Empirical/Eigenstrat/Reichall/I9005/chr22/
Loaded Emission Model: haploid
Loaded Transition Model: model
Loaded Post Processing Model: Standard
Minimum Genetic Map: 0.0178
Maximum Genetic Map: 0.7408
Gaps bigger than 0.1 cM: 166
Maximum Gap: 1.8477 cM
Loaded Transition and Emission Matrix:
(3, 3)
(5009, 5360)
Loaded Observations:
(2, 5360)
Memory Usage: 467.881984 mB
Reference Number: 5008
Total Log likelihood: -1992.827
Memory Usage: 467.881984 mB
Finished Calculation State Posteriors
Saved Zero State Posterior to ./Empirical/Eigenstrat/Reichall/I9005/chr22/.
Successfully loaded for PP. from ./Empirical/Eigenstrat/Reichall/I9005/chr22/
Fraction Markers in ROH: 0.3276
Merged n=0 gaps < 0.0 M
Called n=2 ROH Blocks > 1.0 cM
Longest Block: 1.365
Successfully saved to ./Empirical/Eigenstrat/Reichall/I9005/chr22/roh.csv
