Loaded 2106 / 5081 ancient Indivdiuals Anno File.
Doing Individual I1736...
Using Low-Mem Cython Linear Speed Up.
Loaded Pre Processing Model: Eigenstrat
Loading Individual: I1736

Loaded 89147 variants
Loaded 2504 individuals
HDF5 loaded from ./Data/1000Genomes/HDF5/1240kHDF5/all1240/chr1.hdf5
3 Eigenstrat Files with 5081 Individuals and 1233013 SNPs

Intersection on Positions: 89147
Nr of Matching Refs: 89147 / 89147
Full Intersection Ref/Alt Identical: 89082 / 89147
2504 / 2504 Individuals included in Reference
Extraction of 5008 Haplotypes complete
Reduced to markers called 52234 / 89082
(Fraction SNP: 0.5863586358635864)
Successfully saved to: ./Empirical/Eigenstrat/Reichall/I1736/chr1/
Successfully loaded Data from: ./Empirical/Eigenstrat/Reichall/I1736/chr1/
Loaded Emission Model: haploid
Loaded Transition Model: model
Loaded Post Processing Model: Standard
Minimum Genetic Map: 0.0201
Maximum Genetic Map: 2.8627
Gaps bigger than 0.1 cM: 362
Maximum Gap: 2.9492 cM
Loaded Transition and Emission Matrix:
(3, 3)
(5009, 52234)
Loaded Observations:
(2, 52234)
Memory Usage: 2549.424128 mB
Reference Number: 5008
Total Log likelihood: -17250.381
Memory Usage: 2549.886976 mB
Finished Calculation State Posteriors
Saved Zero State Posterior to ./Empirical/Eigenstrat/Reichall/I1736/chr1/.
Successfully loaded for PP. from ./Empirical/Eigenstrat/Reichall/I1736/chr1/
Fraction Markers in ROH: 0.4798
Merged n=0 gaps < 0.0 M
Called n=21 ROH Blocks > 1.0 cM
Longest Block: 6.138
Successfully saved to ./Empirical/Eigenstrat/Reichall/I1736/chr1/roh.csv
Using Low-Mem Cython Linear Speed Up.
Loaded Pre Processing Model: Eigenstrat
Loading Individual: I1736

Loaded 94239 variants
Loaded 2504 individuals
HDF5 loaded from ./Data/1000Genomes/HDF5/1240kHDF5/all1240/chr2.hdf5
3 Eigenstrat Files with 5081 Individuals and 1233013 SNPs

Intersection on Positions: 94239
Nr of Matching Refs: 94239 / 94239
Full Intersection Ref/Alt Identical: 94173 / 94239
2504 / 2504 Individuals included in Reference
Extraction of 5008 Haplotypes complete
Reduced to markers called 51915 / 94173
(Fraction SNP: 0.5512726577681502)
Successfully saved to: ./Empirical/Eigenstrat/Reichall/I1736/chr2/
Successfully loaded Data from: ./Empirical/Eigenstrat/Reichall/I1736/chr2/
Loaded Emission Model: haploid
Loaded Transition Model: model
Loaded Post Processing Model: Standard
Minimum Genetic Map: 0.0001
Maximum Genetic Map: 2.6883
Gaps bigger than 0.1 cM: 337
Maximum Gap: 3.9385 cM
Loaded Transition and Emission Matrix:
(3, 3)
(5009, 51915)
Loaded Observations:
(2, 51915)
Memory Usage: 2574.19264 mB
Reference Number: 5008
Total Log likelihood: -18363.627
Memory Usage: 2574.19264 mB
Finished Calculation State Posteriors
Saved Zero State Posterior to ./Empirical/Eigenstrat/Reichall/I1736/chr2/.
Successfully loaded for PP. from ./Empirical/Eigenstrat/Reichall/I1736/chr2/
Fraction Markers in ROH: 0.4474
Merged n=0 gaps < 0.0 M
Called n=22 ROH Blocks > 1.0 cM
Longest Block: 4.441
Successfully saved to ./Empirical/Eigenstrat/Reichall/I1736/chr2/roh.csv
Using Low-Mem Cython Linear Speed Up.
Loaded Pre Processing Model: Eigenstrat
Loading Individual: I1736

Loaded 77652 variants
Loaded 2504 individuals
HDF5 loaded from ./Data/1000Genomes/HDF5/1240kHDF5/all1240/chr3.hdf5
3 Eigenstrat Files with 5081 Individuals and 1233013 SNPs

Intersection on Positions: 77652
Nr of Matching Refs: 77652 / 77652
Full Intersection Ref/Alt Identical: 77601 / 77652
2504 / 2504 Individuals included in Reference
Extraction of 5008 Haplotypes complete
Reduced to markers called 41805 / 77601
(Fraction SNP: 0.5387172845710752)
Successfully saved to: ./Empirical/Eigenstrat/Reichall/I1736/chr3/
Successfully loaded Data from: ./Empirical/Eigenstrat/Reichall/I1736/chr3/
Loaded Emission Model: haploid
Loaded Transition Model: model
Loaded Post Processing Model: Standard
Minimum Genetic Map: 0.0000
Maximum Genetic Map: 2.2326
Gaps bigger than 0.1 cM: 308
Maximum Gap: 0.3297 cM
Loaded Transition and Emission Matrix:
(3, 3)
(5009, 41805)
Loaded Observations:
(2, 41805)
Memory Usage: 2118.754304 mB
Reference Number: 5008
Total Log likelihood: -14275.247
Memory Usage: 2118.754304 mB
Finished Calculation State Posteriors
Saved Zero State Posterior to ./Empirical/Eigenstrat/Reichall/I1736/chr3/.
Successfully loaded for PP. from ./Empirical/Eigenstrat/Reichall/I1736/chr3/
Fraction Markers in ROH: 0.4619
Merged n=0 gaps < 0.0 M
Called n=19 ROH Blocks > 1.0 cM
Longest Block: 5.634
Successfully saved to ./Empirical/Eigenstrat/Reichall/I1736/chr3/roh.csv
Using Low-Mem Cython Linear Speed Up.
Loaded Pre Processing Model: Eigenstrat
Loading Individual: I1736

Loaded 68759 variants
Loaded 2504 individuals
HDF5 loaded from ./Data/1000Genomes/HDF5/1240kHDF5/all1240/chr4.hdf5
3 Eigenstrat Files with 5081 Individuals and 1233013 SNPs

Intersection on Positions: 68759
Nr of Matching Refs: 68759 / 68759
Full Intersection Ref/Alt Identical: 68720 / 68759
2504 / 2504 Individuals included in Reference
Extraction of 5008 Haplotypes complete
Reduced to markers called 34065 / 68720
(Fraction SNP: 0.4957072176949942)
Successfully saved to: ./Empirical/Eigenstrat/Reichall/I1736/chr4/
Successfully loaded Data from: ./Empirical/Eigenstrat/Reichall/I1736/chr4/
Loaded Emission Model: haploid
Loaded Transition Model: model
Loaded Post Processing Model: Standard
Minimum Genetic Map: 0.0034
Maximum Genetic Map: 2.1454
Gaps bigger than 0.1 cM: 316
Maximum Gap: 2.0523 cM
Loaded Transition and Emission Matrix:
(3, 3)
(5009, 34065)
Loaded Observations:
(2, 34065)
Memory Usage: 1769.730048 mB
Reference Number: 5008
Total Log likelihood: -11465.918
Memory Usage: 1769.730048 mB
Finished Calculation State Posteriors
Saved Zero State Posterior to ./Empirical/Eigenstrat/Reichall/I1736/chr4/.
Successfully loaded for PP. from ./Empirical/Eigenstrat/Reichall/I1736/chr4/
Fraction Markers in ROH: 0.4861
Merged n=0 gaps < 0.0 M
Called n=22 ROH Blocks > 1.0 cM
Longest Block: 2.920
Successfully saved to ./Empirical/Eigenstrat/Reichall/I1736/chr4/roh.csv
Using Low-Mem Cython Linear Speed Up.
Loaded Pre Processing Model: Eigenstrat
Loading Individual: I1736

Loaded 69399 variants
Loaded 2504 individuals
HDF5 loaded from ./Data/1000Genomes/HDF5/1240kHDF5/all1240/chr5.hdf5
3 Eigenstrat Files with 5081 Individuals and 1233013 SNPs

Intersection on Positions: 69399
Nr of Matching Refs: 69399 / 69399
Full Intersection Ref/Alt Identical: 69354 / 69399
2504 / 2504 Individuals included in Reference
Extraction of 5008 Haplotypes complete
Reduced to markers called 37367 / 69354
(Fraction SNP: 0.5387865155578626)
Successfully saved to: ./Empirical/Eigenstrat/Reichall/I1736/chr5/
Successfully loaded Data from: ./Empirical/Eigenstrat/Reichall/I1736/chr5/
Loaded Emission Model: haploid
Loaded Transition Model: model
Loaded Post Processing Model: Standard
Minimum Genetic Map: 0.0004
Maximum Genetic Map: 2.0409
Gaps bigger than 0.1 cM: 297
Maximum Gap: 1.0498 cM
Loaded Transition and Emission Matrix:
(3, 3)
(5009, 37367)
Loaded Observations:
(2, 37367)
Memory Usage: 1919.012864 mB
Reference Number: 5008
Total Log likelihood: -13069.506
Memory Usage: 1919.012864 mB
Finished Calculation State Posteriors
Saved Zero State Posterior to ./Empirical/Eigenstrat/Reichall/I1736/chr5/.
Successfully loaded for PP. from ./Empirical/Eigenstrat/Reichall/I1736/chr5/
Fraction Markers in ROH: 0.4575
Merged n=0 gaps < 0.0 M
Called n=14 ROH Blocks > 1.0 cM
Longest Block: 2.505
Successfully saved to ./Empirical/Eigenstrat/Reichall/I1736/chr5/roh.csv
Using Low-Mem Cython Linear Speed Up.
Loaded Pre Processing Model: Eigenstrat
Loading Individual: I1736

Loaded 75870 variants
Loaded 2504 individuals
HDF5 loaded from ./Data/1000Genomes/HDF5/1240kHDF5/all1240/chr6.hdf5
3 Eigenstrat Files with 5081 Individuals and 1233013 SNPs

Intersection on Positions: 75870
Nr of Matching Refs: 75870 / 75870
Full Intersection Ref/Alt Identical: 75816 / 75870
2504 / 2504 Individuals included in Reference
Extraction of 5008 Haplotypes complete
Reduced to markers called 41320 / 75816
(Fraction SNP: 0.5450036931518413)
Successfully saved to: ./Empirical/Eigenstrat/Reichall/I1736/chr6/
Successfully loaded Data from: ./Empirical/Eigenstrat/Reichall/I1736/chr6/
Loaded Emission Model: haploid
Loaded Transition Model: model
Loaded Post Processing Model: Standard
Minimum Genetic Map: 0.0035
Maximum Genetic Map: 1.9203
Gaps bigger than 0.1 cM: 255
Maximum Gap: 0.5086 cM
Loaded Transition and Emission Matrix:
(3, 3)
(5009, 41320)
Loaded Observations:
(2, 41320)
Memory Usage: 2097.635328 mB
Reference Number: 5008
Total Log likelihood: -14520.928
Memory Usage: 2097.635328 mB
Finished Calculation State Posteriors
Saved Zero State Posterior to ./Empirical/Eigenstrat/Reichall/I1736/chr6/.
Successfully loaded for PP. from ./Empirical/Eigenstrat/Reichall/I1736/chr6/
Fraction Markers in ROH: 0.4095
Merged n=0 gaps < 0.0 M
Called n=10 ROH Blocks > 1.0 cM
Longest Block: 2.614
Successfully saved to ./Empirical/Eigenstrat/Reichall/I1736/chr6/roh.csv
Using Low-Mem Cython Linear Speed Up.
Loaded Pre Processing Model: Eigenstrat
Loading Individual: I1736

Loaded 59890 variants
Loaded 2504 individuals
HDF5 loaded from ./Data/1000Genomes/HDF5/1240kHDF5/all1240/chr7.hdf5
3 Eigenstrat Files with 5081 Individuals and 1233013 SNPs

Intersection on Positions: 59890
Nr of Matching Refs: 59890 / 59890
Full Intersection Ref/Alt Identical: 59836 / 59890
2504 / 2504 Individuals included in Reference
Extraction of 5008 Haplotypes complete
Reduced to markers called 32511 / 59836
(Fraction SNP: 0.5433351159836888)
Successfully saved to: ./Empirical/Eigenstrat/Reichall/I1736/chr7/
Successfully loaded Data from: ./Empirical/Eigenstrat/Reichall/I1736/chr7/
Loaded Emission Model: haploid
Loaded Transition Model: model
Loaded Post Processing Model: Standard
Minimum Genetic Map: 0.0001
Maximum Genetic Map: 1.8715
Gaps bigger than 0.1 cM: 278
Maximum Gap: 0.8724 cM
Loaded Transition and Emission Matrix:
(3, 3)
(5009, 32511)
Loaded Observations:
(2, 32511)
Memory Usage: 1700.806656 mB
Reference Number: 5008
Total Log likelihood: -10918.362
Memory Usage: 1700.806656 mB
Finished Calculation State Posteriors
Saved Zero State Posterior to ./Empirical/Eigenstrat/Reichall/I1736/chr7/.
Successfully loaded for PP. from ./Empirical/Eigenstrat/Reichall/I1736/chr7/
Fraction Markers in ROH: 0.4831
Merged n=0 gaps < 0.0 M
Called n=13 ROH Blocks > 1.0 cM
Longest Block: 7.559
Successfully saved to ./Empirical/Eigenstrat/Reichall/I1736/chr7/roh.csv
Using Low-Mem Cython Linear Speed Up.
Loaded Pre Processing Model: Eigenstrat
Loading Individual: I1736

Loaded 61133 variants
Loaded 2504 individuals
HDF5 loaded from ./Data/1000Genomes/HDF5/1240kHDF5/all1240/chr8.hdf5
3 Eigenstrat Files with 5081 Individuals and 1233013 SNPs

Intersection on Positions: 61133
Nr of Matching Refs: 61133 / 61133
Full Intersection Ref/Alt Identical: 61091 / 61133
2504 / 2504 Individuals included in Reference
Extraction of 5008 Haplotypes complete
Reduced to markers called 33692 / 61091
(Fraction SNP: 0.5515051316887921)
Successfully saved to: ./Empirical/Eigenstrat/Reichall/I1736/chr8/
Successfully loaded Data from: ./Empirical/Eigenstrat/Reichall/I1736/chr8/
Loaded Emission Model: haploid
Loaded Transition Model: model
Loaded Post Processing Model: Standard
Minimum Genetic Map: 0.0000
Maximum Genetic Map: 1.6800
Gaps bigger than 0.1 cM: 207
Maximum Gap: 1.9070 cM
Loaded Transition and Emission Matrix:
(3, 3)
(5009, 33692)
Loaded Observations:
(2, 33692)
Memory Usage: 1754.3168 mB
Reference Number: 5008
Total Log likelihood: -11172.234
Memory Usage: 1754.3168 mB
Finished Calculation State Posteriors
Saved Zero State Posterior to ./Empirical/Eigenstrat/Reichall/I1736/chr8/.
Successfully loaded for PP. from ./Empirical/Eigenstrat/Reichall/I1736/chr8/
Fraction Markers in ROH: 0.5059
Merged n=0 gaps < 0.0 M
Called n=13 ROH Blocks > 1.0 cM
Longest Block: 2.031
Successfully saved to ./Empirical/Eigenstrat/Reichall/I1736/chr8/roh.csv
Using Low-Mem Cython Linear Speed Up.
Loaded Pre Processing Model: Eigenstrat
Loading Individual: I1736

Loaded 50668 variants
Loaded 2504 individuals
HDF5 loaded from ./Data/1000Genomes/HDF5/1240kHDF5/all1240/chr9.hdf5
3 Eigenstrat Files with 5081 Individuals and 1233013 SNPs

Intersection on Positions: 50668
Nr of Matching Refs: 50668 / 50668
Full Intersection Ref/Alt Identical: 50629 / 50668
2504 / 2504 Individuals included in Reference
Extraction of 5008 Haplotypes complete
Reduced to markers called 28640 / 50629
(Fraction SNP: 0.5656836990657528)
Successfully saved to: ./Empirical/Eigenstrat/Reichall/I1736/chr9/
Successfully loaded Data from: ./Empirical/Eigenstrat/Reichall/I1736/chr9/
Loaded Emission Model: haploid
Loaded Transition Model: model
Loaded Post Processing Model: Standard
Minimum Genetic Map: 0.0016
Maximum Genetic Map: 1.6630
Gaps bigger than 0.1 cM: 263
Maximum Gap: 2.3102 cM
Loaded Transition and Emission Matrix:
(3, 3)
(5009, 28640)
Loaded Observations:
(2, 28640)
Memory Usage: 1526.403072 mB
Reference Number: 5008
Total Log likelihood: -10336.637
Memory Usage: 1526.403072 mB
Finished Calculation State Posteriors
Saved Zero State Posterior to ./Empirical/Eigenstrat/Reichall/I1736/chr9/.
Successfully loaded for PP. from ./Empirical/Eigenstrat/Reichall/I1736/chr9/
Fraction Markers in ROH: 0.4184
Merged n=0 gaps < 0.0 M
Called n=10 ROH Blocks > 1.0 cM
Longest Block: 3.119
Successfully saved to ./Empirical/Eigenstrat/Reichall/I1736/chr9/roh.csv
Using Low-Mem Cython Linear Speed Up.
Loaded Pre Processing Model: Eigenstrat
Loading Individual: I1736

Loaded 58804 variants
Loaded 2504 individuals
HDF5 loaded from ./Data/1000Genomes/HDF5/1240kHDF5/all1240/chr10.hdf5
3 Eigenstrat Files with 5081 Individuals and 1233013 SNPs

Intersection on Positions: 58804
Nr of Matching Refs: 58804 / 58804
Full Intersection Ref/Alt Identical: 58763 / 58804
2504 / 2504 Individuals included in Reference
Extraction of 5008 Haplotypes complete
Reduced to markers called 34424 / 58763
(Fraction SNP: 0.5858107993124926)
Successfully saved to: ./Empirical/Eigenstrat/Reichall/I1736/chr10/
Successfully loaded Data from: ./Empirical/Eigenstrat/Reichall/I1736/chr10/
Loaded Emission Model: haploid
Loaded Transition Model: model
Loaded Post Processing Model: Standard
Minimum Genetic Map: 0.0001
Maximum Genetic Map: 1.8092
Gaps bigger than 0.1 cM: 248
Maximum Gap: 2.0340 cM
Loaded Transition and Emission Matrix:
(3, 3)
(5009, 34424)
Loaded Observations:
(2, 34424)
Memory Usage: 1787.416576 mB
Reference Number: 5008
Total Log likelihood: -12109.393
Memory Usage: 1787.416576 mB
Finished Calculation State Posteriors
Saved Zero State Posterior to ./Empirical/Eigenstrat/Reichall/I1736/chr10/.
Successfully loaded for PP. from ./Empirical/Eigenstrat/Reichall/I1736/chr10/
Fraction Markers in ROH: 0.4498
Merged n=0 gaps < 0.0 M
Called n=15 ROH Blocks > 1.0 cM
Longest Block: 2.448
Successfully saved to ./Empirical/Eigenstrat/Reichall/I1736/chr10/roh.csv
Using Low-Mem Cython Linear Speed Up.
Loaded Pre Processing Model: Eigenstrat
Loading Individual: I1736

Loaded 54833 variants
Loaded 2504 individuals
HDF5 loaded from ./Data/1000Genomes/HDF5/1240kHDF5/all1240/chr11.hdf5
3 Eigenstrat Files with 5081 Individuals and 1233013 SNPs

Intersection on Positions: 54833
Nr of Matching Refs: 54833 / 54833
Full Intersection Ref/Alt Identical: 54796 / 54833
2504 / 2504 Individuals included in Reference
Extraction of 5008 Haplotypes complete
Reduced to markers called 31206 / 54796
(Fraction SNP: 0.5694941236586613)
Successfully saved to: ./Empirical/Eigenstrat/Reichall/I1736/chr11/
Successfully loaded Data from: ./Empirical/Eigenstrat/Reichall/I1736/chr11/
Loaded Emission Model: haploid
Loaded Transition Model: model
Loaded Post Processing Model: Standard
Minimum Genetic Map: 0.0000
Maximum Genetic Map: 1.5822
Gaps bigger than 0.1 cM: 217
Maximum Gap: 0.5279 cM
Loaded Transition and Emission Matrix:
(3, 3)
(5009, 31206)
Loaded Observations:
(2, 31206)
Memory Usage: 1642.692608 mB
Reference Number: 5008
Total Log likelihood: -10640.278
Memory Usage: 1642.692608 mB
Finished Calculation State Posteriors
Saved Zero State Posterior to ./Empirical/Eigenstrat/Reichall/I1736/chr11/.
Successfully loaded for PP. from ./Empirical/Eigenstrat/Reichall/I1736/chr11/
Fraction Markers in ROH: 0.4591
Merged n=0 gaps < 0.0 M
Called n=11 ROH Blocks > 1.0 cM
Longest Block: 1.755
Successfully saved to ./Empirical/Eigenstrat/Reichall/I1736/chr11/roh.csv
Using Low-Mem Cython Linear Speed Up.
Loaded Pre Processing Model: Eigenstrat
Loading Individual: I1736

Loaded 53911 variants
Loaded 2504 individuals
HDF5 loaded from ./Data/1000Genomes/HDF5/1240kHDF5/all1240/chr12.hdf5
3 Eigenstrat Files with 5081 Individuals and 1233013 SNPs

Intersection on Positions: 53911
Nr of Matching Refs: 53911 / 53911
Full Intersection Ref/Alt Identical: 53884 / 53911
2504 / 2504 Individuals included in Reference
Extraction of 5008 Haplotypes complete
Reduced to markers called 29787 / 53884
(Fraction SNP: 0.5527986044094721)
Successfully saved to: ./Empirical/Eigenstrat/Reichall/I1736/chr12/
Successfully loaded Data from: ./Empirical/Eigenstrat/Reichall/I1736/chr12/
Loaded Emission Model: haploid
Loaded Transition Model: model
Loaded Post Processing Model: Standard
Minimum Genetic Map: 0.0017
Maximum Genetic Map: 1.7468
Gaps bigger than 0.1 cM: 264
Maximum Gap: 0.8015 cM
Loaded Transition and Emission Matrix:
(3, 3)
(5009, 29787)
Loaded Observations:
(2, 29787)
Memory Usage: 1577.746432 mB
Reference Number: 5008
Total Log likelihood: -10452.955
Memory Usage: 1577.746432 mB
Finished Calculation State Posteriors
Saved Zero State Posterior to ./Empirical/Eigenstrat/Reichall/I1736/chr12/.
Successfully loaded for PP. from ./Empirical/Eigenstrat/Reichall/I1736/chr12/
Fraction Markers in ROH: 0.4520
Merged n=0 gaps < 0.0 M
Called n=17 ROH Blocks > 1.0 cM
Longest Block: 2.264
Successfully saved to ./Empirical/Eigenstrat/Reichall/I1736/chr12/roh.csv
Using Low-Mem Cython Linear Speed Up.
Loaded Pre Processing Model: Eigenstrat
Loading Individual: I1736

Loaded 39018 variants
Loaded 2504 individuals
HDF5 loaded from ./Data/1000Genomes/HDF5/1240kHDF5/all1240/chr13.hdf5
3 Eigenstrat Files with 5081 Individuals and 1233013 SNPs

Intersection on Positions: 39018
Nr of Matching Refs: 39018 / 39018
Full Intersection Ref/Alt Identical: 38994 / 39018
2504 / 2504 Individuals included in Reference
Extraction of 5008 Haplotypes complete
Reduced to markers called 20001 / 38994
(Fraction SNP: 0.5129250653946761)
Successfully saved to: ./Empirical/Eigenstrat/Reichall/I1736/chr13/
Successfully loaded Data from: ./Empirical/Eigenstrat/Reichall/I1736/chr13/
Loaded Emission Model: haploid
Loaded Transition Model: model
Loaded Post Processing Model: Standard
Minimum Genetic Map: 0.0021
Maximum Genetic Map: 1.2570
Gaps bigger than 0.1 cM: 201
Maximum Gap: 1.2227 cM
Loaded Transition and Emission Matrix:
(3, 3)
(5009, 20001)
Loaded Observations:
(2, 20001)
Memory Usage: 1137.2544 mB
Reference Number: 5008
Total Log likelihood: -7097.492
Memory Usage: 1137.2544 mB
Finished Calculation State Posteriors
Saved Zero State Posterior to ./Empirical/Eigenstrat/Reichall/I1736/chr13/.
Successfully loaded for PP. from ./Empirical/Eigenstrat/Reichall/I1736/chr13/
Fraction Markers in ROH: 0.4731
Merged n=0 gaps < 0.0 M
Called n=8 ROH Blocks > 1.0 cM
Longest Block: 1.544
Successfully saved to ./Empirical/Eigenstrat/Reichall/I1736/chr13/roh.csv
Using Low-Mem Cython Linear Speed Up.
Loaded Pre Processing Model: Eigenstrat
Loading Individual: I1736

Loaded 36301 variants
Loaded 2504 individuals
HDF5 loaded from ./Data/1000Genomes/HDF5/1240kHDF5/all1240/chr14.hdf5
3 Eigenstrat Files with 5081 Individuals and 1233013 SNPs

Intersection on Positions: 36301
Nr of Matching Refs: 36301 / 36301
Full Intersection Ref/Alt Identical: 36280 / 36301
2504 / 2504 Individuals included in Reference
Extraction of 5008 Haplotypes complete
Reduced to markers called 20118 / 36280
(Fraction SNP: 0.5545203969128997)
Successfully saved to: ./Empirical/Eigenstrat/Reichall/I1736/chr14/
Successfully loaded Data from: ./Empirical/Eigenstrat/Reichall/I1736/chr14/
Loaded Emission Model: haploid
Loaded Transition Model: model
Loaded Post Processing Model: Standard
Minimum Genetic Map: 0.0164
Maximum Genetic Map: 1.2020
Gaps bigger than 0.1 cM: 174
Maximum Gap: 3.0774 cM
Loaded Transition and Emission Matrix:
(3, 3)
(5009, 20118)
Loaded Observations:
(2, 20118)
Memory Usage: 1142.3744 mB
Reference Number: 5008
Total Log likelihood: -7132.597
Memory Usage: 1142.3744 mB
Finished Calculation State Posteriors
Saved Zero State Posterior to ./Empirical/Eigenstrat/Reichall/I1736/chr14/.
Successfully loaded for PP. from ./Empirical/Eigenstrat/Reichall/I1736/chr14/
Fraction Markers in ROH: 0.4381
Merged n=0 gaps < 0.0 M
Called n=5 ROH Blocks > 1.0 cM
Longest Block: 1.789
Successfully saved to ./Empirical/Eigenstrat/Reichall/I1736/chr14/roh.csv
Using Low-Mem Cython Linear Speed Up.
Loaded Pre Processing Model: Eigenstrat
Loading Individual: I1736

Loaded 34429 variants
Loaded 2504 individuals
HDF5 loaded from ./Data/1000Genomes/HDF5/1240kHDF5/all1240/chr15.hdf5
3 Eigenstrat Files with 5081 Individuals and 1233013 SNPs

Intersection on Positions: 34429
Nr of Matching Refs: 34429 / 34429
Full Intersection Ref/Alt Identical: 34407 / 34429
2504 / 2504 Individuals included in Reference
Extraction of 5008 Haplotypes complete
Reduced to markers called 20377 / 34407
(Fraction SNP: 0.5922341384020694)
Successfully saved to: ./Empirical/Eigenstrat/Reichall/I1736/chr15/
Successfully loaded Data from: ./Empirical/Eigenstrat/Reichall/I1736/chr15/
Loaded Emission Model: haploid
Loaded Transition Model: model
Loaded Post Processing Model: Standard
Minimum Genetic Map: 0.0000
Maximum Genetic Map: 1.4134
Gaps bigger than 0.1 cM: 182
Maximum Gap: 13.7349 cM
Loaded Transition and Emission Matrix:
(3, 3)
(5009, 20377)
Loaded Observations:
(2, 20377)
Memory Usage: 1154.895872 mB
Reference Number: 5008
Total Log likelihood: -6968.246
Memory Usage: 1154.895872 mB
Finished Calculation State Posteriors
Saved Zero State Posterior to ./Empirical/Eigenstrat/Reichall/I1736/chr15/.
Successfully loaded for PP. from ./Empirical/Eigenstrat/Reichall/I1736/chr15/
Fraction Markers in ROH: 0.4663
Merged n=0 gaps < 0.0 M
Called n=10 ROH Blocks > 1.0 cM
Longest Block: 4.103
Successfully saved to ./Empirical/Eigenstrat/Reichall/I1736/chr15/roh.csv
Using Low-Mem Cython Linear Speed Up.
Loaded Pre Processing Model: Eigenstrat
Loading Individual: I1736

Loaded 34402 variants
Loaded 2504 individuals
HDF5 loaded from ./Data/1000Genomes/HDF5/1240kHDF5/all1240/chr16.hdf5
3 Eigenstrat Files with 5081 Individuals and 1233013 SNPs

Intersection on Positions: 34402
Nr of Matching Refs: 34402 / 34402
Full Intersection Ref/Alt Identical: 34375 / 34402
2504 / 2504 Individuals included in Reference
Extraction of 5008 Haplotypes complete
Reduced to markers called 21692 / 34375
(Fraction SNP: 0.63104)
Successfully saved to: ./Empirical/Eigenstrat/Reichall/I1736/chr16/
Successfully loaded Data from: ./Empirical/Eigenstrat/Reichall/I1736/chr16/
Loaded Emission Model: haploid
Loaded Transition Model: model
Loaded Post Processing Model: Standard
Minimum Genetic Map: -0.0000
Maximum Genetic Map: 1.3403
Gaps bigger than 0.1 cM: 197
Maximum Gap: 0.8461 cM
Loaded Transition and Emission Matrix:
(3, 3)
(5009, 21692)
Loaded Observations:
(2, 21692)
Memory Usage: 1213.968384 mB
Reference Number: 5008
Total Log likelihood: -7698.782
Memory Usage: 1213.968384 mB
Finished Calculation State Posteriors
Saved Zero State Posterior to ./Empirical/Eigenstrat/Reichall/I1736/chr16/.
Successfully loaded for PP. from ./Empirical/Eigenstrat/Reichall/I1736/chr16/
Fraction Markers in ROH: 0.4351
Merged n=0 gaps < 0.0 M
Called n=11 ROH Blocks > 1.0 cM
Longest Block: 2.406
Successfully saved to ./Empirical/Eigenstrat/Reichall/I1736/chr16/roh.csv
Using Low-Mem Cython Linear Speed Up.
Loaded Pre Processing Model: Eigenstrat
Loading Individual: I1736

Loaded 29314 variants
Loaded 2504 individuals
HDF5 loaded from ./Data/1000Genomes/HDF5/1240kHDF5/all1240/chr17.hdf5
3 Eigenstrat Files with 5081 Individuals and 1233013 SNPs

Intersection on Positions: 29314
Nr of Matching Refs: 29314 / 29314
Full Intersection Ref/Alt Identical: 29292 / 29314
2504 / 2504 Individuals included in Reference
Extraction of 5008 Haplotypes complete
Reduced to markers called 19254 / 29292
(Fraction SNP: 0.6573125768127817)
Successfully saved to: ./Empirical/Eigenstrat/Reichall/I1736/chr17/
Successfully loaded Data from: ./Empirical/Eigenstrat/Reichall/I1736/chr17/
Loaded Emission Model: haploid
Loaded Transition Model: model
Loaded Post Processing Model: Standard
Minimum Genetic Map: 0.0002
Maximum Genetic Map: 1.2847
Gaps bigger than 0.1 cM: 183
Maximum Gap: 1.2341 cM
Loaded Transition and Emission Matrix:
(3, 3)
(5009, 19254)
Loaded Observations:
(2, 19254)
Memory Usage: 1103.294464 mB
Reference Number: 5008
Total Log likelihood: -6883.491
Memory Usage: 1103.294464 mB
Finished Calculation State Posteriors
Saved Zero State Posterior to ./Empirical/Eigenstrat/Reichall/I1736/chr17/.
Successfully loaded for PP. from ./Empirical/Eigenstrat/Reichall/I1736/chr17/
Fraction Markers in ROH: 0.4382
Merged n=0 gaps < 0.0 M
Called n=10 ROH Blocks > 1.0 cM
Longest Block: 1.925
Successfully saved to ./Empirical/Eigenstrat/Reichall/I1736/chr17/roh.csv
Using Low-Mem Cython Linear Speed Up.
Loaded Pre Processing Model: Eigenstrat
Loading Individual: I1736

Loaded 33917 variants
Loaded 2504 individuals
HDF5 loaded from ./Data/1000Genomes/HDF5/1240kHDF5/all1240/chr18.hdf5
3 Eigenstrat Files with 5081 Individuals and 1233013 SNPs

Intersection on Positions: 33917
Nr of Matching Refs: 33917 / 33917
Full Intersection Ref/Alt Identical: 33902 / 33917
2504 / 2504 Individuals included in Reference
Extraction of 5008 Haplotypes complete
Reduced to markers called 18496 / 33902
(Fraction SNP: 0.5455725325939472)
Successfully saved to: ./Empirical/Eigenstrat/Reichall/I1736/chr18/
Successfully loaded Data from: ./Empirical/Eigenstrat/Reichall/I1736/chr18/
Loaded Emission Model: haploid
Loaded Transition Model: model
Loaded Post Processing Model: Standard
Minimum Genetic Map: 0.0025
Maximum Genetic Map: 1.1771
Gaps bigger than 0.1 cM: 189
Maximum Gap: 0.4763 cM
Loaded Transition and Emission Matrix:
(3, 3)
(5009, 18496)
Loaded Observations:
(2, 18496)
Memory Usage: 1069.162496 mB
Reference Number: 5008
Total Log likelihood: -6574.278
Memory Usage: 1069.162496 mB
Finished Calculation State Posteriors
Saved Zero State Posterior to ./Empirical/Eigenstrat/Reichall/I1736/chr18/.
Successfully loaded for PP. from ./Empirical/Eigenstrat/Reichall/I1736/chr18/
Fraction Markers in ROH: 0.4572
Merged n=0 gaps < 0.0 M
Called n=8 ROH Blocks > 1.0 cM
Longest Block: 1.762
Successfully saved to ./Empirical/Eigenstrat/Reichall/I1736/chr18/roh.csv
Using Low-Mem Cython Linear Speed Up.
Loaded Pre Processing Model: Eigenstrat
Loading Individual: I1736

Loaded 18460 variants
Loaded 2504 individuals
HDF5 loaded from ./Data/1000Genomes/HDF5/1240kHDF5/all1240/chr19.hdf5
3 Eigenstrat Files with 5081 Individuals and 1233013 SNPs

Intersection on Positions: 18460
Nr of Matching Refs: 18460 / 18460
Full Intersection Ref/Alt Identical: 18441 / 18460
2504 / 2504 Individuals included in Reference
Extraction of 5008 Haplotypes complete
Reduced to markers called 12813 / 18441
(Fraction SNP: 0.694810476655279)
Successfully saved to: ./Empirical/Eigenstrat/Reichall/I1736/chr19/
Successfully loaded Data from: ./Empirical/Eigenstrat/Reichall/I1736/chr19/
Loaded Emission Model: haploid
Loaded Transition Model: model
Loaded Post Processing Model: Standard
Minimum Genetic Map: 0.0000
Maximum Genetic Map: 1.0773
Gaps bigger than 0.1 cM: 177
Maximum Gap: 0.5964 cM
Loaded Transition and Emission Matrix:
(3, 3)
(5009, 12813)
Loaded Observations:
(2, 12813)
Memory Usage: 813.600768 mB
Reference Number: 5008
Total Log likelihood: -4522.437
Memory Usage: 813.600768 mB
Finished Calculation State Posteriors
Saved Zero State Posterior to ./Empirical/Eigenstrat/Reichall/I1736/chr19/.
Successfully loaded for PP. from ./Empirical/Eigenstrat/Reichall/I1736/chr19/
Fraction Markers in ROH: 0.4683
Merged n=0 gaps < 0.0 M
Called n=12 ROH Blocks > 1.0 cM
Longest Block: 2.415
Successfully saved to ./Empirical/Eigenstrat/Reichall/I1736/chr19/roh.csv
Using Low-Mem Cython Linear Speed Up.
Loaded Pre Processing Model: Eigenstrat
Loading Individual: I1736

Loaded 29078 variants
Loaded 2504 individuals
HDF5 loaded from ./Data/1000Genomes/HDF5/1240kHDF5/all1240/chr20.hdf5
3 Eigenstrat Files with 5081 Individuals and 1233013 SNPs

Intersection on Positions: 29078
Nr of Matching Refs: 29078 / 29078
Full Intersection Ref/Alt Identical: 29053 / 29078
2504 / 2504 Individuals included in Reference
Extraction of 5008 Haplotypes complete
Reduced to markers called 18571 / 29053
(Fraction SNP: 0.639211096960727)
Successfully saved to: ./Empirical/Eigenstrat/Reichall/I1736/chr20/
Successfully loaded Data from: ./Empirical/Eigenstrat/Reichall/I1736/chr20/
Loaded Emission Model: haploid
Loaded Transition Model: model
Loaded Post Processing Model: Standard
Minimum Genetic Map: 0.0000
Maximum Genetic Map: 1.0821
Gaps bigger than 0.1 cM: 172
Maximum Gap: 0.8977 cM
Loaded Transition and Emission Matrix:
(3, 3)
(5009, 18571)
Loaded Observations:
(2, 18571)
Memory Usage: 1073.180672 mB
Reference Number: 5008
Total Log likelihood: -6535.402
Memory Usage: 1073.180672 mB
Finished Calculation State Posteriors
Saved Zero State Posterior to ./Empirical/Eigenstrat/Reichall/I1736/chr20/.
Successfully loaded for PP. from ./Empirical/Eigenstrat/Reichall/I1736/chr20/
Fraction Markers in ROH: 0.4551
Merged n=0 gaps < 0.0 M
Called n=8 ROH Blocks > 1.0 cM
Longest Block: 1.394
Successfully saved to ./Empirical/Eigenstrat/Reichall/I1736/chr20/roh.csv
Using Low-Mem Cython Linear Speed Up.
Loaded Pre Processing Model: Eigenstrat
Loading Individual: I1736

Loaded 16038 variants
Loaded 2504 individuals
HDF5 loaded from ./Data/1000Genomes/HDF5/1240kHDF5/all1240/chr21.hdf5
3 Eigenstrat Files with 5081 Individuals and 1233013 SNPs

Intersection on Positions: 16038
Nr of Matching Refs: 16038 / 16038
Full Intersection Ref/Alt Identical: 16031 / 16038
2504 / 2504 Individuals included in Reference
Extraction of 5008 Haplotypes complete
Reduced to markers called 8941 / 16031
(Fraction SNP: 0.5577318944544944)
Successfully saved to: ./Empirical/Eigenstrat/Reichall/I1736/chr21/
Successfully loaded Data from: ./Empirical/Eigenstrat/Reichall/I1736/chr21/
Loaded Emission Model: haploid
Loaded Transition Model: model
Loaded Post Processing Model: Standard
Minimum Genetic Map: -0.0085
Maximum Genetic Map: 0.6277
Gaps bigger than 0.1 cM: 118
Maximum Gap: 1.7201 cM
Loaded Transition and Emission Matrix:
(3, 3)
(5009, 8941)
Loaded Observations:
(2, 8941)
Memory Usage: 639.090688 mB
Reference Number: 5008
Total Log likelihood: -2999.405
Memory Usage: 639.090688 mB
Finished Calculation State Posteriors
Saved Zero State Posterior to ./Empirical/Eigenstrat/Reichall/I1736/chr21/.
Successfully loaded for PP. from ./Empirical/Eigenstrat/Reichall/I1736/chr21/
Fraction Markers in ROH: 0.4633
Merged n=0 gaps < 0.0 M
Called n=5 ROH Blocks > 1.0 cM
Longest Block: 2.636
Successfully saved to ./Empirical/Eigenstrat/Reichall/I1736/chr21/roh.csv
Using Low-Mem Cython Linear Speed Up.
Loaded Pre Processing Model: Eigenstrat
Loading Individual: I1736

Loaded 15802 variants
Loaded 2504 individuals
HDF5 loaded from ./Data/1000Genomes/HDF5/1240kHDF5/all1240/chr22.hdf5
3 Eigenstrat Files with 5081 Individuals and 1233013 SNPs

Intersection on Positions: 15802
Nr of Matching Refs: 15802 / 15802
Full Intersection Ref/Alt Identical: 15793 / 15802
2504 / 2504 Individuals included in Reference
Extraction of 5008 Haplotypes complete
Reduced to markers called 11275 / 15793
(Fraction SNP: 0.7139238903311593)
Successfully saved to: ./Empirical/Eigenstrat/Reichall/I1736/chr22/
Successfully loaded Data from: ./Empirical/Eigenstrat/Reichall/I1736/chr22/
Loaded Emission Model: haploid
Loaded Transition Model: model
Loaded Post Processing Model: Standard
Minimum Genetic Map: 0.0180
Maximum Genetic Map: 0.7408
Gaps bigger than 0.1 cM: 101
Maximum Gap: 1.6949 cM
Loaded Transition and Emission Matrix:
(3, 3)
(5009, 11275)
Loaded Observations:
(2, 11275)
Memory Usage: 744.620032 mB
Reference Number: 5008
Total Log likelihood: -3755.390
Memory Usage: 744.620032 mB
Finished Calculation State Posteriors
Saved Zero State Posterior to ./Empirical/Eigenstrat/Reichall/I1736/chr22/.
Successfully loaded for PP. from ./Empirical/Eigenstrat/Reichall/I1736/chr22/
Fraction Markers in ROH: 0.5500
Merged n=0 gaps < 0.0 M
Called n=7 ROH Blocks > 1.0 cM
Longest Block: 3.152
Successfully saved to ./Empirical/Eigenstrat/Reichall/I1736/chr22/roh.csv
