Loaded 2106 / 5081 ancient Indivdiuals Anno File.
Doing Individual RISE97.SG...
Using Low-Mem Cython Linear Speed Up.
Loaded Pre Processing Model: Eigenstrat
Loading Individual: RISE97.SG

Loaded 89147 variants
Loaded 2504 individuals
HDF5 loaded from ./Data/1000Genomes/HDF5/1240kHDF5/all1240/chr1.hdf5
3 Eigenstrat Files with 5081 Individuals and 1233013 SNPs

Intersection on Positions: 89147
Nr of Matching Refs: 89147 / 89147
Full Intersection Ref/Alt Identical: 89082 / 89147
2504 / 2504 Individuals included in Reference
Extraction of 5008 Haplotypes complete
Reduced to markers called 44750 / 89082
(Fraction SNP: 0.5023461529826452)
Successfully saved to: ./Empirical/Eigenstrat/Reichall/RISE97.SG/chr1/
Successfully loaded Data from: ./Empirical/Eigenstrat/Reichall/RISE97.SG/chr1/
Loaded Emission Model: haploid
Loaded Transition Model: model
Loaded Post Processing Model: Standard
Minimum Genetic Map: 0.0225
Maximum Genetic Map: 2.8627
Gaps bigger than 0.1 cM: 421
Maximum Gap: 2.9245 cM
Loaded Transition and Emission Matrix:
(3, 3)
(5009, 44750)
Loaded Observations:
(2, 44750)
Memory Usage: 2212.31104 mB
Reference Number: 5008
Total Log likelihood: -16161.605
Memory Usage: 2212.773888 mB
Finished Calculation State Posteriors
Saved Zero State Posterior to ./Empirical/Eigenstrat/Reichall/RISE97.SG/chr1/.
Successfully loaded for PP. from ./Empirical/Eigenstrat/Reichall/RISE97.SG/chr1/
Fraction Markers in ROH: 0.4027
Merged n=0 gaps < 0.0 M
Called n=16 ROH Blocks > 1.0 cM
Longest Block: 6.753
Successfully saved to ./Empirical/Eigenstrat/Reichall/RISE97.SG/chr1/roh.csv
Using Low-Mem Cython Linear Speed Up.
Loaded Pre Processing Model: Eigenstrat
Loading Individual: RISE97.SG

Loaded 94239 variants
Loaded 2504 individuals
HDF5 loaded from ./Data/1000Genomes/HDF5/1240kHDF5/all1240/chr2.hdf5
3 Eigenstrat Files with 5081 Individuals and 1233013 SNPs

Intersection on Positions: 94239
Nr of Matching Refs: 94239 / 94239
Full Intersection Ref/Alt Identical: 94173 / 94239
2504 / 2504 Individuals included in Reference
Extraction of 5008 Haplotypes complete
Reduced to markers called 44902 / 94173
(Fraction SNP: 0.4768033300415193)
Successfully saved to: ./Empirical/Eigenstrat/Reichall/RISE97.SG/chr2/
Successfully loaded Data from: ./Empirical/Eigenstrat/Reichall/RISE97.SG/chr2/
Loaded Emission Model: haploid
Loaded Transition Model: model
Loaded Post Processing Model: Standard
Minimum Genetic Map: 0.0001
Maximum Genetic Map: 2.6883
Gaps bigger than 0.1 cM: 379
Maximum Gap: 3.9428 cM
Loaded Transition and Emission Matrix:
(3, 3)
(5009, 44902)
Loaded Observations:
(2, 44902)
Memory Usage: 2257.772544 mB
Reference Number: 5008
Total Log likelihood: -16835.314
Memory Usage: 2257.772544 mB
Finished Calculation State Posteriors
Saved Zero State Posterior to ./Empirical/Eigenstrat/Reichall/RISE97.SG/chr2/.
Successfully loaded for PP. from ./Empirical/Eigenstrat/Reichall/RISE97.SG/chr2/
Fraction Markers in ROH: 0.4028
Merged n=0 gaps < 0.0 M
Called n=13 ROH Blocks > 1.0 cM
Longest Block: 3.357
Successfully saved to ./Empirical/Eigenstrat/Reichall/RISE97.SG/chr2/roh.csv
Using Low-Mem Cython Linear Speed Up.
Loaded Pre Processing Model: Eigenstrat
Loading Individual: RISE97.SG

Loaded 77652 variants
Loaded 2504 individuals
HDF5 loaded from ./Data/1000Genomes/HDF5/1240kHDF5/all1240/chr3.hdf5
3 Eigenstrat Files with 5081 Individuals and 1233013 SNPs

Intersection on Positions: 77652
Nr of Matching Refs: 77652 / 77652
Full Intersection Ref/Alt Identical: 77601 / 77652
2504 / 2504 Individuals included in Reference
Extraction of 5008 Haplotypes complete
Reduced to markers called 35786 / 77601
(Fraction SNP: 0.4611538511101661)
Successfully saved to: ./Empirical/Eigenstrat/Reichall/RISE97.SG/chr3/
Successfully loaded Data from: ./Empirical/Eigenstrat/Reichall/RISE97.SG/chr3/
Loaded Emission Model: haploid
Loaded Transition Model: model
Loaded Post Processing Model: Standard
Minimum Genetic Map: 0.0000
Maximum Genetic Map: 2.2326
Gaps bigger than 0.1 cM: 357
Maximum Gap: 0.4228 cM
Loaded Transition and Emission Matrix:
(3, 3)
(5009, 35786)
Loaded Observations:
(2, 35786)
Memory Usage: 1847.693312 mB
Reference Number: 5008
Total Log likelihood: -13260.602
Memory Usage: 1847.693312 mB
Finished Calculation State Posteriors
Saved Zero State Posterior to ./Empirical/Eigenstrat/Reichall/RISE97.SG/chr3/.
Successfully loaded for PP. from ./Empirical/Eigenstrat/Reichall/RISE97.SG/chr3/
Fraction Markers in ROH: 0.3851
Merged n=0 gaps < 0.0 M
Called n=9 ROH Blocks > 1.0 cM
Longest Block: 3.178
Successfully saved to ./Empirical/Eigenstrat/Reichall/RISE97.SG/chr3/roh.csv
Using Low-Mem Cython Linear Speed Up.
Loaded Pre Processing Model: Eigenstrat
Loading Individual: RISE97.SG

Loaded 68759 variants
Loaded 2504 individuals
HDF5 loaded from ./Data/1000Genomes/HDF5/1240kHDF5/all1240/chr4.hdf5
3 Eigenstrat Files with 5081 Individuals and 1233013 SNPs

Intersection on Positions: 68759
Nr of Matching Refs: 68759 / 68759
Full Intersection Ref/Alt Identical: 68720 / 68759
2504 / 2504 Individuals included in Reference
Extraction of 5008 Haplotypes complete
Reduced to markers called 29887 / 68720
(Fraction SNP: 0.43490977881257276)
Successfully saved to: ./Empirical/Eigenstrat/Reichall/RISE97.SG/chr4/
Successfully loaded Data from: ./Empirical/Eigenstrat/Reichall/RISE97.SG/chr4/
Loaded Emission Model: haploid
Loaded Transition Model: model
Loaded Post Processing Model: Standard
Minimum Genetic Map: 0.0034
Maximum Genetic Map: 2.1454
Gaps bigger than 0.1 cM: 345
Maximum Gap: 2.0422 cM
Loaded Transition and Emission Matrix:
(3, 3)
(5009, 29887)
Loaded Observations:
(2, 29887)
Memory Usage: 1582.227456 mB
Reference Number: 5008
Total Log likelihood: -10799.776
Memory Usage: 1582.227456 mB
Finished Calculation State Posteriors
Saved Zero State Posterior to ./Empirical/Eigenstrat/Reichall/RISE97.SG/chr4/.
Successfully loaded for PP. from ./Empirical/Eigenstrat/Reichall/RISE97.SG/chr4/
Fraction Markers in ROH: 0.4046
Merged n=0 gaps < 0.0 M
Called n=9 ROH Blocks > 1.0 cM
Longest Block: 1.823
Successfully saved to ./Empirical/Eigenstrat/Reichall/RISE97.SG/chr4/roh.csv
Using Low-Mem Cython Linear Speed Up.
Loaded Pre Processing Model: Eigenstrat
Loading Individual: RISE97.SG

Loaded 69399 variants
Loaded 2504 individuals
HDF5 loaded from ./Data/1000Genomes/HDF5/1240kHDF5/all1240/chr5.hdf5
3 Eigenstrat Files with 5081 Individuals and 1233013 SNPs

Intersection on Positions: 69399
Nr of Matching Refs: 69399 / 69399
Full Intersection Ref/Alt Identical: 69354 / 69399
2504 / 2504 Individuals included in Reference
Extraction of 5008 Haplotypes complete
Reduced to markers called 32037 / 69354
(Fraction SNP: 0.4619344233930271)
Successfully saved to: ./Empirical/Eigenstrat/Reichall/RISE97.SG/chr5/
Successfully loaded Data from: ./Empirical/Eigenstrat/Reichall/RISE97.SG/chr5/
Loaded Emission Model: haploid
Loaded Transition Model: model
Loaded Post Processing Model: Standard
Minimum Genetic Map: 0.0004
Maximum Genetic Map: 2.0409
Gaps bigger than 0.1 cM: 318
Maximum Gap: 1.1070 cM
Loaded Transition and Emission Matrix:
(3, 3)
(5009, 32037)
Loaded Observations:
(2, 32037)
Memory Usage: 1679.065088 mB
Reference Number: 5008
Total Log likelihood: -12071.864
Memory Usage: 1679.065088 mB
Finished Calculation State Posteriors
Saved Zero State Posterior to ./Empirical/Eigenstrat/Reichall/RISE97.SG/chr5/.
Successfully loaded for PP. from ./Empirical/Eigenstrat/Reichall/RISE97.SG/chr5/
Fraction Markers in ROH: 0.3925
Merged n=0 gaps < 0.0 M
Called n=11 ROH Blocks > 1.0 cM
Longest Block: 2.086
Successfully saved to ./Empirical/Eigenstrat/Reichall/RISE97.SG/chr5/roh.csv
Using Low-Mem Cython Linear Speed Up.
Loaded Pre Processing Model: Eigenstrat
Loading Individual: RISE97.SG

Loaded 75870 variants
Loaded 2504 individuals
HDF5 loaded from ./Data/1000Genomes/HDF5/1240kHDF5/all1240/chr6.hdf5
3 Eigenstrat Files with 5081 Individuals and 1233013 SNPs

Intersection on Positions: 75870
Nr of Matching Refs: 75870 / 75870
Full Intersection Ref/Alt Identical: 75816 / 75870
2504 / 2504 Individuals included in Reference
Extraction of 5008 Haplotypes complete
Reduced to markers called 35441 / 75816
(Fraction SNP: 0.46746069431254617)
Successfully saved to: ./Empirical/Eigenstrat/Reichall/RISE97.SG/chr6/
Successfully loaded Data from: ./Empirical/Eigenstrat/Reichall/RISE97.SG/chr6/
Loaded Emission Model: haploid
Loaded Transition Model: model
Loaded Post Processing Model: Standard
Minimum Genetic Map: 0.0032
Maximum Genetic Map: 1.9203
Gaps bigger than 0.1 cM: 279
Maximum Gap: 0.5090 cM
Loaded Transition and Emission Matrix:
(3, 3)
(5009, 35441)
Loaded Observations:
(2, 35441)
Memory Usage: 1832.42752 mB
Reference Number: 5008
Total Log likelihood: -13016.059
Memory Usage: 1832.42752 mB
Finished Calculation State Posteriors
Saved Zero State Posterior to ./Empirical/Eigenstrat/Reichall/RISE97.SG/chr6/.
Successfully loaded for PP. from ./Empirical/Eigenstrat/Reichall/RISE97.SG/chr6/
Fraction Markers in ROH: 0.3866
Merged n=0 gaps < 0.0 M
Called n=7 ROH Blocks > 1.0 cM
Longest Block: 3.400
Successfully saved to ./Empirical/Eigenstrat/Reichall/RISE97.SG/chr6/roh.csv
Using Low-Mem Cython Linear Speed Up.
Loaded Pre Processing Model: Eigenstrat
Loading Individual: RISE97.SG

Loaded 59890 variants
Loaded 2504 individuals
HDF5 loaded from ./Data/1000Genomes/HDF5/1240kHDF5/all1240/chr7.hdf5
3 Eigenstrat Files with 5081 Individuals and 1233013 SNPs

Intersection on Positions: 59890
Nr of Matching Refs: 59890 / 59890
Full Intersection Ref/Alt Identical: 59836 / 59890
2504 / 2504 Individuals included in Reference
Extraction of 5008 Haplotypes complete
Reduced to markers called 27743 / 59836
(Fraction SNP: 0.46365064509659737)
Successfully saved to: ./Empirical/Eigenstrat/Reichall/RISE97.SG/chr7/
Successfully loaded Data from: ./Empirical/Eigenstrat/Reichall/RISE97.SG/chr7/
Loaded Emission Model: haploid
Loaded Transition Model: model
Loaded Post Processing Model: Standard
Minimum Genetic Map: 0.0000
Maximum Genetic Map: 1.8715
Gaps bigger than 0.1 cM: 297
Maximum Gap: 0.8416 cM
Loaded Transition and Emission Matrix:
(3, 3)
(5009, 27743)
Loaded Observations:
(2, 27743)
Memory Usage: 1485.668352 mB
Reference Number: 5008
Total Log likelihood: -10195.950
Memory Usage: 1485.668352 mB
Finished Calculation State Posteriors
Saved Zero State Posterior to ./Empirical/Eigenstrat/Reichall/RISE97.SG/chr7/.
Successfully loaded for PP. from ./Empirical/Eigenstrat/Reichall/RISE97.SG/chr7/
Fraction Markers in ROH: 0.4046
Merged n=0 gaps < 0.0 M
Called n=5 ROH Blocks > 1.0 cM
Longest Block: 2.651
Successfully saved to ./Empirical/Eigenstrat/Reichall/RISE97.SG/chr7/roh.csv
Using Low-Mem Cython Linear Speed Up.
Loaded Pre Processing Model: Eigenstrat
Loading Individual: RISE97.SG

Loaded 61133 variants
Loaded 2504 individuals
HDF5 loaded from ./Data/1000Genomes/HDF5/1240kHDF5/all1240/chr8.hdf5
3 Eigenstrat Files with 5081 Individuals and 1233013 SNPs

Intersection on Positions: 61133
Nr of Matching Refs: 61133 / 61133
Full Intersection Ref/Alt Identical: 61091 / 61133
2504 / 2504 Individuals included in Reference
Extraction of 5008 Haplotypes complete
Reduced to markers called 28646 / 61091
(Fraction SNP: 0.4689070403169043)
Successfully saved to: ./Empirical/Eigenstrat/Reichall/RISE97.SG/chr8/
Successfully loaded Data from: ./Empirical/Eigenstrat/Reichall/RISE97.SG/chr8/
Loaded Emission Model: haploid
Loaded Transition Model: model
Loaded Post Processing Model: Standard
Minimum Genetic Map: 0.0000
Maximum Genetic Map: 1.6800
Gaps bigger than 0.1 cM: 221
Maximum Gap: 1.9321 cM
Loaded Transition and Emission Matrix:
(3, 3)
(5009, 28646)
Loaded Observations:
(2, 28646)
Memory Usage: 1526.902784 mB
Reference Number: 5008
Total Log likelihood: -10572.564
Memory Usage: 1526.902784 mB
Finished Calculation State Posteriors
Saved Zero State Posterior to ./Empirical/Eigenstrat/Reichall/RISE97.SG/chr8/.
Successfully loaded for PP. from ./Empirical/Eigenstrat/Reichall/RISE97.SG/chr8/
Fraction Markers in ROH: 0.4031
Merged n=0 gaps < 0.0 M
Called n=7 ROH Blocks > 1.0 cM
Longest Block: 2.008
Successfully saved to ./Empirical/Eigenstrat/Reichall/RISE97.SG/chr8/roh.csv
Using Low-Mem Cython Linear Speed Up.
Loaded Pre Processing Model: Eigenstrat
Loading Individual: RISE97.SG

Loaded 50668 variants
Loaded 2504 individuals
HDF5 loaded from ./Data/1000Genomes/HDF5/1240kHDF5/all1240/chr9.hdf5
3 Eigenstrat Files with 5081 Individuals and 1233013 SNPs

Intersection on Positions: 50668
Nr of Matching Refs: 50668 / 50668
Full Intersection Ref/Alt Identical: 50629 / 50668
2504 / 2504 Individuals included in Reference
Extraction of 5008 Haplotypes complete
Reduced to markers called 24596 / 50629
(Fraction SNP: 0.4858085287088428)
Successfully saved to: ./Empirical/Eigenstrat/Reichall/RISE97.SG/chr9/
Successfully loaded Data from: ./Empirical/Eigenstrat/Reichall/RISE97.SG/chr9/
Loaded Emission Model: haploid
Loaded Transition Model: model
Loaded Post Processing Model: Standard
Minimum Genetic Map: 0.0017
Maximum Genetic Map: 1.6630
Gaps bigger than 0.1 cM: 273
Maximum Gap: 2.3102 cM
Loaded Transition and Emission Matrix:
(3, 3)
(5009, 24596)
Loaded Observations:
(2, 24596)
Memory Usage: 1344.151552 mB
Reference Number: 5008
Total Log likelihood: -9322.230
Memory Usage: 1344.151552 mB
Finished Calculation State Posteriors
Saved Zero State Posterior to ./Empirical/Eigenstrat/Reichall/RISE97.SG/chr9/.
Successfully loaded for PP. from ./Empirical/Eigenstrat/Reichall/RISE97.SG/chr9/
Fraction Markers in ROH: 0.3840
Merged n=0 gaps < 0.0 M
Called n=7 ROH Blocks > 1.0 cM
Longest Block: 1.680
Successfully saved to ./Empirical/Eigenstrat/Reichall/RISE97.SG/chr9/roh.csv
Using Low-Mem Cython Linear Speed Up.
Loaded Pre Processing Model: Eigenstrat
Loading Individual: RISE97.SG

Loaded 58804 variants
Loaded 2504 individuals
HDF5 loaded from ./Data/1000Genomes/HDF5/1240kHDF5/all1240/chr10.hdf5
3 Eigenstrat Files with 5081 Individuals and 1233013 SNPs

Intersection on Positions: 58804
Nr of Matching Refs: 58804 / 58804
Full Intersection Ref/Alt Identical: 58763 / 58804
2504 / 2504 Individuals included in Reference
Extraction of 5008 Haplotypes complete
Reduced to markers called 29509 / 58763
(Fraction SNP: 0.502169732654902)
Successfully saved to: ./Empirical/Eigenstrat/Reichall/RISE97.SG/chr10/
Successfully loaded Data from: ./Empirical/Eigenstrat/Reichall/RISE97.SG/chr10/
Loaded Emission Model: haploid
Loaded Transition Model: model
Loaded Post Processing Model: Standard
Minimum Genetic Map: 0.0001
Maximum Genetic Map: 1.8092
Gaps bigger than 0.1 cM: 259
Maximum Gap: 2.0338 cM
Loaded Transition and Emission Matrix:
(3, 3)
(5009, 29509)
Loaded Observations:
(2, 29509)
Memory Usage: 1566.158848 mB
Reference Number: 5008
Total Log likelihood: -10601.009
Memory Usage: 1566.158848 mB
Finished Calculation State Posteriors
Saved Zero State Posterior to ./Empirical/Eigenstrat/Reichall/RISE97.SG/chr10/.
Successfully loaded for PP. from ./Empirical/Eigenstrat/Reichall/RISE97.SG/chr10/
Fraction Markers in ROH: 0.4366
Merged n=0 gaps < 0.0 M
Called n=14 ROH Blocks > 1.0 cM
Longest Block: 2.109
Successfully saved to ./Empirical/Eigenstrat/Reichall/RISE97.SG/chr10/roh.csv
Using Low-Mem Cython Linear Speed Up.
Loaded Pre Processing Model: Eigenstrat
Loading Individual: RISE97.SG

Loaded 54833 variants
Loaded 2504 individuals
HDF5 loaded from ./Data/1000Genomes/HDF5/1240kHDF5/all1240/chr11.hdf5
3 Eigenstrat Files with 5081 Individuals and 1233013 SNPs

Intersection on Positions: 54833
Nr of Matching Refs: 54833 / 54833
Full Intersection Ref/Alt Identical: 54796 / 54833
2504 / 2504 Individuals included in Reference
Extraction of 5008 Haplotypes complete
Reduced to markers called 27019 / 54796
(Fraction SNP: 0.49308343674720784)
Successfully saved to: ./Empirical/Eigenstrat/Reichall/RISE97.SG/chr11/
Successfully loaded Data from: ./Empirical/Eigenstrat/Reichall/RISE97.SG/chr11/
Loaded Emission Model: haploid
Loaded Transition Model: model
Loaded Post Processing Model: Standard
Minimum Genetic Map: 0.0000
Maximum Genetic Map: 1.5822
Gaps bigger than 0.1 cM: 243
Maximum Gap: 0.5679 cM
Loaded Transition and Emission Matrix:
(3, 3)
(5009, 27019)
Loaded Observations:
(2, 27019)
Memory Usage: 1453.9776 mB
Reference Number: 5008
Total Log likelihood: -10050.092
Memory Usage: 1453.9776 mB
Finished Calculation State Posteriors
Saved Zero State Posterior to ./Empirical/Eigenstrat/Reichall/RISE97.SG/chr11/.
Successfully loaded for PP. from ./Empirical/Eigenstrat/Reichall/RISE97.SG/chr11/
Fraction Markers in ROH: 0.3858
Merged n=0 gaps < 0.0 M
Called n=7 ROH Blocks > 1.0 cM
Longest Block: 1.726
Successfully saved to ./Empirical/Eigenstrat/Reichall/RISE97.SG/chr11/roh.csv
Using Low-Mem Cython Linear Speed Up.
Loaded Pre Processing Model: Eigenstrat
Loading Individual: RISE97.SG

Loaded 53911 variants
Loaded 2504 individuals
HDF5 loaded from ./Data/1000Genomes/HDF5/1240kHDF5/all1240/chr12.hdf5
3 Eigenstrat Files with 5081 Individuals and 1233013 SNPs

Intersection on Positions: 53911
Nr of Matching Refs: 53911 / 53911
Full Intersection Ref/Alt Identical: 53884 / 53911
2504 / 2504 Individuals included in Reference
Extraction of 5008 Haplotypes complete
Reduced to markers called 25697 / 53884
(Fraction SNP: 0.47689481107564397)
Successfully saved to: ./Empirical/Eigenstrat/Reichall/RISE97.SG/chr12/
Successfully loaded Data from: ./Empirical/Eigenstrat/Reichall/RISE97.SG/chr12/
Loaded Emission Model: haploid
Loaded Transition Model: model
Loaded Post Processing Model: Standard
Minimum Genetic Map: 0.0017
Maximum Genetic Map: 1.7468
Gaps bigger than 0.1 cM: 283
Maximum Gap: 1.0255 cM
Loaded Transition and Emission Matrix:
(3, 3)
(5009, 25697)
Loaded Observations:
(2, 25697)
Memory Usage: 1393.405952 mB
Reference Number: 5008
Total Log likelihood: -9402.684
Memory Usage: 1393.405952 mB
Finished Calculation State Posteriors
Saved Zero State Posterior to ./Empirical/Eigenstrat/Reichall/RISE97.SG/chr12/.
Successfully loaded for PP. from ./Empirical/Eigenstrat/Reichall/RISE97.SG/chr12/
Fraction Markers in ROH: 0.4127
Merged n=0 gaps < 0.0 M
Called n=9 ROH Blocks > 1.0 cM
Longest Block: 3.548
Successfully saved to ./Empirical/Eigenstrat/Reichall/RISE97.SG/chr12/roh.csv
Using Low-Mem Cython Linear Speed Up.
Loaded Pre Processing Model: Eigenstrat
Loading Individual: RISE97.SG

Loaded 39018 variants
Loaded 2504 individuals
HDF5 loaded from ./Data/1000Genomes/HDF5/1240kHDF5/all1240/chr13.hdf5
3 Eigenstrat Files with 5081 Individuals and 1233013 SNPs

Intersection on Positions: 39018
Nr of Matching Refs: 39018 / 39018
Full Intersection Ref/Alt Identical: 38994 / 39018
2504 / 2504 Individuals included in Reference
Extraction of 5008 Haplotypes complete
Reduced to markers called 17245 / 38994
(Fraction SNP: 0.4422475252602965)
Successfully saved to: ./Empirical/Eigenstrat/Reichall/RISE97.SG/chr13/
Successfully loaded Data from: ./Empirical/Eigenstrat/Reichall/RISE97.SG/chr13/
Loaded Emission Model: haploid
Loaded Transition Model: model
Loaded Post Processing Model: Standard
Minimum Genetic Map: 0.0055
Maximum Genetic Map: 1.2570
Gaps bigger than 0.1 cM: 211
Maximum Gap: 1.2216 cM
Loaded Transition and Emission Matrix:
(3, 3)
(5009, 17245)
Loaded Observations:
(2, 17245)
Memory Usage: 1013.06368 mB
Reference Number: 5008
Total Log likelihood: -6524.686
Memory Usage: 1013.06368 mB
Finished Calculation State Posteriors
Saved Zero State Posterior to ./Empirical/Eigenstrat/Reichall/RISE97.SG/chr13/.
Successfully loaded for PP. from ./Empirical/Eigenstrat/Reichall/RISE97.SG/chr13/
Fraction Markers in ROH: 0.3184
Merged n=0 gaps < 0.0 M
Called n=5 ROH Blocks > 1.0 cM
Longest Block: 1.618
Successfully saved to ./Empirical/Eigenstrat/Reichall/RISE97.SG/chr13/roh.csv
Using Low-Mem Cython Linear Speed Up.
Loaded Pre Processing Model: Eigenstrat
Loading Individual: RISE97.SG

Loaded 36301 variants
Loaded 2504 individuals
HDF5 loaded from ./Data/1000Genomes/HDF5/1240kHDF5/all1240/chr14.hdf5
3 Eigenstrat Files with 5081 Individuals and 1233013 SNPs

Intersection on Positions: 36301
Nr of Matching Refs: 36301 / 36301
Full Intersection Ref/Alt Identical: 36280 / 36301
2504 / 2504 Individuals included in Reference
Extraction of 5008 Haplotypes complete
Reduced to markers called 17433 / 36280
(Fraction SNP: 0.48051267916207274)
Successfully saved to: ./Empirical/Eigenstrat/Reichall/RISE97.SG/chr14/
Successfully loaded Data from: ./Empirical/Eigenstrat/Reichall/RISE97.SG/chr14/
Loaded Emission Model: haploid
Loaded Transition Model: model
Loaded Post Processing Model: Standard
Minimum Genetic Map: 0.0184
Maximum Genetic Map: 1.2020
Gaps bigger than 0.1 cM: 193
Maximum Gap: 3.2051 cM
Loaded Transition and Emission Matrix:
(3, 3)
(5009, 17433)
Loaded Observations:
(2, 17433)
Memory Usage: 1021.6448 mB
Reference Number: 5008
Total Log likelihood: -6387.992
Memory Usage: 1021.6448 mB
Finished Calculation State Posteriors
Saved Zero State Posterior to ./Empirical/Eigenstrat/Reichall/RISE97.SG/chr14/.
Successfully loaded for PP. from ./Empirical/Eigenstrat/Reichall/RISE97.SG/chr14/
Fraction Markers in ROH: 0.3805
Merged n=0 gaps < 0.0 M
Called n=6 ROH Blocks > 1.0 cM
Longest Block: 1.505
Successfully saved to ./Empirical/Eigenstrat/Reichall/RISE97.SG/chr14/roh.csv
Using Low-Mem Cython Linear Speed Up.
Loaded Pre Processing Model: Eigenstrat
Loading Individual: RISE97.SG

Loaded 34429 variants
Loaded 2504 individuals
HDF5 loaded from ./Data/1000Genomes/HDF5/1240kHDF5/all1240/chr15.hdf5
3 Eigenstrat Files with 5081 Individuals and 1233013 SNPs

Intersection on Positions: 34429
Nr of Matching Refs: 34429 / 34429
Full Intersection Ref/Alt Identical: 34407 / 34429
2504 / 2504 Individuals included in Reference
Extraction of 5008 Haplotypes complete
Reduced to markers called 17492 / 34407
(Fraction SNP: 0.5083849216729154)
Successfully saved to: ./Empirical/Eigenstrat/Reichall/RISE97.SG/chr15/
Successfully loaded Data from: ./Empirical/Eigenstrat/Reichall/RISE97.SG/chr15/
Loaded Emission Model: haploid
Loaded Transition Model: model
Loaded Post Processing Model: Standard
Minimum Genetic Map: 0.0002
Maximum Genetic Map: 1.4134
Gaps bigger than 0.1 cM: 196
Maximum Gap: 13.7767 cM
Loaded Transition and Emission Matrix:
(3, 3)
(5009, 17492)
Loaded Observations:
(2, 17492)
Memory Usage: 1024.9216 mB
Reference Number: 5008
Total Log likelihood: -6468.728
Memory Usage: 1024.9216 mB
Finished Calculation State Posteriors
Saved Zero State Posterior to ./Empirical/Eigenstrat/Reichall/RISE97.SG/chr15/.
Successfully loaded for PP. from ./Empirical/Eigenstrat/Reichall/RISE97.SG/chr15/
Fraction Markers in ROH: 0.3884
Merged n=0 gaps < 0.0 M
Called n=6 ROH Blocks > 1.0 cM
Longest Block: 1.518
Successfully saved to ./Empirical/Eigenstrat/Reichall/RISE97.SG/chr15/roh.csv
Using Low-Mem Cython Linear Speed Up.
Loaded Pre Processing Model: Eigenstrat
Loading Individual: RISE97.SG

Loaded 34402 variants
Loaded 2504 individuals
HDF5 loaded from ./Data/1000Genomes/HDF5/1240kHDF5/all1240/chr16.hdf5
3 Eigenstrat Files with 5081 Individuals and 1233013 SNPs

Intersection on Positions: 34402
Nr of Matching Refs: 34402 / 34402
Full Intersection Ref/Alt Identical: 34375 / 34402
2504 / 2504 Individuals included in Reference
Extraction of 5008 Haplotypes complete
Reduced to markers called 18839 / 34375
(Fraction SNP: 0.5480436363636364)
Successfully saved to: ./Empirical/Eigenstrat/Reichall/RISE97.SG/chr16/
Successfully loaded Data from: ./Empirical/Eigenstrat/Reichall/RISE97.SG/chr16/
Loaded Emission Model: haploid
Loaded Transition Model: model
Loaded Post Processing Model: Standard
Minimum Genetic Map: -0.0000
Maximum Genetic Map: 1.3403
Gaps bigger than 0.1 cM: 204
Maximum Gap: 1.0339 cM
Loaded Transition and Emission Matrix:
(3, 3)
(5009, 18839)
Loaded Observations:
(2, 18839)
Memory Usage: 1085.70624 mB
Reference Number: 5008
Total Log likelihood: -7256.688
Memory Usage: 1085.70624 mB
Finished Calculation State Posteriors
Saved Zero State Posterior to ./Empirical/Eigenstrat/Reichall/RISE97.SG/chr16/.
Successfully loaded for PP. from ./Empirical/Eigenstrat/Reichall/RISE97.SG/chr16/
Fraction Markers in ROH: 0.3522
Merged n=0 gaps < 0.0 M
Called n=6 ROH Blocks > 1.0 cM
Longest Block: 2.695
Successfully saved to ./Empirical/Eigenstrat/Reichall/RISE97.SG/chr16/roh.csv
Using Low-Mem Cython Linear Speed Up.
Loaded Pre Processing Model: Eigenstrat
Loading Individual: RISE97.SG

Loaded 29314 variants
Loaded 2504 individuals
HDF5 loaded from ./Data/1000Genomes/HDF5/1240kHDF5/all1240/chr17.hdf5
3 Eigenstrat Files with 5081 Individuals and 1233013 SNPs

Intersection on Positions: 29314
Nr of Matching Refs: 29314 / 29314
Full Intersection Ref/Alt Identical: 29292 / 29314
2504 / 2504 Individuals included in Reference
Extraction of 5008 Haplotypes complete
Reduced to markers called 16632 / 29292
(Fraction SNP: 0.5678000819336337)
Successfully saved to: ./Empirical/Eigenstrat/Reichall/RISE97.SG/chr17/
Successfully loaded Data from: ./Empirical/Eigenstrat/Reichall/RISE97.SG/chr17/
Loaded Emission Model: haploid
Loaded Transition Model: model
Loaded Post Processing Model: Standard
Minimum Genetic Map: -0.0003
Maximum Genetic Map: 1.2847
Gaps bigger than 0.1 cM: 197
Maximum Gap: 1.2341 cM
Loaded Transition and Emission Matrix:
(3, 3)
(5009, 16632)
Loaded Observations:
(2, 16632)
Memory Usage: 985.96864 mB
Reference Number: 5008
Total Log likelihood: -6265.336
Memory Usage: 985.96864 mB
Finished Calculation State Posteriors
Saved Zero State Posterior to ./Empirical/Eigenstrat/Reichall/RISE97.SG/chr17/.
Successfully loaded for PP. from ./Empirical/Eigenstrat/Reichall/RISE97.SG/chr17/
Fraction Markers in ROH: 0.4025
Merged n=0 gaps < 0.0 M
Called n=6 ROH Blocks > 1.0 cM
Longest Block: 2.300
Successfully saved to ./Empirical/Eigenstrat/Reichall/RISE97.SG/chr17/roh.csv
Using Low-Mem Cython Linear Speed Up.
Loaded Pre Processing Model: Eigenstrat
Loading Individual: RISE97.SG

Loaded 33917 variants
Loaded 2504 individuals
HDF5 loaded from ./Data/1000Genomes/HDF5/1240kHDF5/all1240/chr18.hdf5
3 Eigenstrat Files with 5081 Individuals and 1233013 SNPs

Intersection on Positions: 33917
Nr of Matching Refs: 33917 / 33917
Full Intersection Ref/Alt Identical: 33902 / 33917
2504 / 2504 Individuals included in Reference
Extraction of 5008 Haplotypes complete
Reduced to markers called 15846 / 33902
(Fraction SNP: 0.4674060527402513)
Successfully saved to: ./Empirical/Eigenstrat/Reichall/RISE97.SG/chr18/
Successfully loaded Data from: ./Empirical/Eigenstrat/Reichall/RISE97.SG/chr18/
Loaded Emission Model: haploid
Loaded Transition Model: model
Loaded Post Processing Model: Standard
Minimum Genetic Map: 0.0027
Maximum Genetic Map: 1.1771
Gaps bigger than 0.1 cM: 205
Maximum Gap: 0.4827 cM
Loaded Transition and Emission Matrix:
(3, 3)
(5009, 15846)
Loaded Observations:
(2, 15846)
Memory Usage: 950.059008 mB
Reference Number: 5008
Total Log likelihood: -6026.102
Memory Usage: 950.059008 mB
Finished Calculation State Posteriors
Saved Zero State Posterior to ./Empirical/Eigenstrat/Reichall/RISE97.SG/chr18/.
Successfully loaded for PP. from ./Empirical/Eigenstrat/Reichall/RISE97.SG/chr18/
Fraction Markers in ROH: 0.3652
Merged n=0 gaps < 0.0 M
Called n=5 ROH Blocks > 1.0 cM
Longest Block: 1.917
Successfully saved to ./Empirical/Eigenstrat/Reichall/RISE97.SG/chr18/roh.csv
Using Low-Mem Cython Linear Speed Up.
Loaded Pre Processing Model: Eigenstrat
Loading Individual: RISE97.SG

Loaded 18460 variants
Loaded 2504 individuals
HDF5 loaded from ./Data/1000Genomes/HDF5/1240kHDF5/all1240/chr19.hdf5
3 Eigenstrat Files with 5081 Individuals and 1233013 SNPs

Intersection on Positions: 18460
Nr of Matching Refs: 18460 / 18460
Full Intersection Ref/Alt Identical: 18441 / 18460
2504 / 2504 Individuals included in Reference
Extraction of 5008 Haplotypes complete
Reduced to markers called 11198 / 18441
(Fraction SNP: 0.6072338810259748)
Successfully saved to: ./Empirical/Eigenstrat/Reichall/RISE97.SG/chr19/
Successfully loaded Data from: ./Empirical/Eigenstrat/Reichall/RISE97.SG/chr19/
Loaded Emission Model: haploid
Loaded Transition Model: model
Loaded Post Processing Model: Standard
Minimum Genetic Map: 0.0000
Maximum Genetic Map: 1.0773
Gaps bigger than 0.1 cM: 191
Maximum Gap: 0.5964 cM
Loaded Transition and Emission Matrix:
(3, 3)
(5009, 11198)
Loaded Observations:
(2, 11198)
Memory Usage: 747.45856 mB
Reference Number: 5008
Total Log likelihood: -4516.456
Memory Usage: 747.45856 mB
Finished Calculation State Posteriors
Saved Zero State Posterior to ./Empirical/Eigenstrat/Reichall/RISE97.SG/chr19/.
Successfully loaded for PP. from ./Empirical/Eigenstrat/Reichall/RISE97.SG/chr19/
Fraction Markers in ROH: 0.3696
Merged n=0 gaps < 0.0 M
Called n=4 ROH Blocks > 1.0 cM
Longest Block: 1.319
Successfully saved to ./Empirical/Eigenstrat/Reichall/RISE97.SG/chr19/roh.csv
Using Low-Mem Cython Linear Speed Up.
Loaded Pre Processing Model: Eigenstrat
Loading Individual: RISE97.SG

Loaded 29078 variants
Loaded 2504 individuals
HDF5 loaded from ./Data/1000Genomes/HDF5/1240kHDF5/all1240/chr20.hdf5
3 Eigenstrat Files with 5081 Individuals and 1233013 SNPs

Intersection on Positions: 29078
Nr of Matching Refs: 29078 / 29078
Full Intersection Ref/Alt Identical: 29053 / 29078
2504 / 2504 Individuals included in Reference
Extraction of 5008 Haplotypes complete
Reduced to markers called 15863 / 29053
(Fraction SNP: 0.546002134030909)
Successfully saved to: ./Empirical/Eigenstrat/Reichall/RISE97.SG/chr20/
Successfully loaded Data from: ./Empirical/Eigenstrat/Reichall/RISE97.SG/chr20/
Loaded Emission Model: haploid
Loaded Transition Model: model
Loaded Post Processing Model: Standard
Minimum Genetic Map: 0.0006
Maximum Genetic Map: 1.0821
Gaps bigger than 0.1 cM: 183
Maximum Gap: 0.5884 cM
Loaded Transition and Emission Matrix:
(3, 3)
(5009, 15863)
Loaded Observations:
(2, 15863)
Memory Usage: 958.009344 mB
Reference Number: 5008
Total Log likelihood: -5624.154
Memory Usage: 958.009344 mB
Finished Calculation State Posteriors
Saved Zero State Posterior to ./Empirical/Eigenstrat/Reichall/RISE97.SG/chr20/.
Successfully loaded for PP. from ./Empirical/Eigenstrat/Reichall/RISE97.SG/chr20/
Fraction Markers in ROH: 0.4290
Merged n=0 gaps < 0.0 M
Called n=7 ROH Blocks > 1.0 cM
Longest Block: 1.596
Successfully saved to ./Empirical/Eigenstrat/Reichall/RISE97.SG/chr20/roh.csv
Using Low-Mem Cython Linear Speed Up.
Loaded Pre Processing Model: Eigenstrat
Loading Individual: RISE97.SG

Loaded 16038 variants
Loaded 2504 individuals
HDF5 loaded from ./Data/1000Genomes/HDF5/1240kHDF5/all1240/chr21.hdf5
3 Eigenstrat Files with 5081 Individuals and 1233013 SNPs

Intersection on Positions: 16038
Nr of Matching Refs: 16038 / 16038
Full Intersection Ref/Alt Identical: 16031 / 16038
2504 / 2504 Individuals included in Reference
Extraction of 5008 Haplotypes complete
Reduced to markers called 7859 / 16031
(Fraction SNP: 0.49023766452498285)
Successfully saved to: ./Empirical/Eigenstrat/Reichall/RISE97.SG/chr21/
Successfully loaded Data from: ./Empirical/Eigenstrat/Reichall/RISE97.SG/chr21/
Loaded Emission Model: haploid
Loaded Transition Model: model
Loaded Post Processing Model: Standard
Minimum Genetic Map: 0.0099
Maximum Genetic Map: 0.6279
Gaps bigger than 0.1 cM: 121
Maximum Gap: 0.5212 cM
Loaded Transition and Emission Matrix:
(3, 3)
(5009, 7859)
Loaded Observations:
(2, 7859)
Memory Usage: 596.938752 mB
Reference Number: 5008
Total Log likelihood: -2946.257
Memory Usage: 596.938752 mB
Finished Calculation State Posteriors
Saved Zero State Posterior to ./Empirical/Eigenstrat/Reichall/RISE97.SG/chr21/.
Successfully loaded for PP. from ./Empirical/Eigenstrat/Reichall/RISE97.SG/chr21/
Fraction Markers in ROH: 0.3712
Merged n=0 gaps < 0.0 M
Called n=4 ROH Blocks > 1.0 cM
Longest Block: 1.319
Successfully saved to ./Empirical/Eigenstrat/Reichall/RISE97.SG/chr21/roh.csv
Using Low-Mem Cython Linear Speed Up.
Loaded Pre Processing Model: Eigenstrat
Loading Individual: RISE97.SG

Loaded 15802 variants
Loaded 2504 individuals
HDF5 loaded from ./Data/1000Genomes/HDF5/1240kHDF5/all1240/chr22.hdf5
3 Eigenstrat Files with 5081 Individuals and 1233013 SNPs

Intersection on Positions: 15802
Nr of Matching Refs: 15802 / 15802
Full Intersection Ref/Alt Identical: 15793 / 15802
2504 / 2504 Individuals included in Reference
Extraction of 5008 Haplotypes complete
Reduced to markers called 9720 / 15793
(Fraction SNP: 0.6154625466979041)
Successfully saved to: ./Empirical/Eigenstrat/Reichall/RISE97.SG/chr22/
Successfully loaded Data from: ./Empirical/Eigenstrat/Reichall/RISE97.SG/chr22/
Loaded Emission Model: haploid
Loaded Transition Model: model
Loaded Post Processing Model: Standard
Minimum Genetic Map: 0.0171
Maximum Genetic Map: 0.7408
Gaps bigger than 0.1 cM: 119
Maximum Gap: 1.6949 cM
Loaded Transition and Emission Matrix:
(3, 3)
(5009, 9720)
Loaded Observations:
(2, 9720)
Memory Usage: 681.357312 mB
Reference Number: 5008
Total Log likelihood: -3697.193
Memory Usage: 680.841216 mB
Finished Calculation State Posteriors
Saved Zero State Posterior to ./Empirical/Eigenstrat/Reichall/RISE97.SG/chr22/.
Successfully loaded for PP. from ./Empirical/Eigenstrat/Reichall/RISE97.SG/chr22/
Fraction Markers in ROH: 0.3598
Merged n=0 gaps < 0.0 M
Called n=4 ROH Blocks > 1.0 cM
Longest Block: 1.691
Successfully saved to ./Empirical/Eigenstrat/Reichall/RISE97.SG/chr22/roh.csv
