Loaded 2106 / 5081 ancient Indivdiuals Anno File.
Doing Individual I1506...
Using Low-Mem Cython Linear Speed Up.
Loaded Pre Processing Model: Eigenstrat
Loading Individual: I1506

Loaded 89147 variants
Loaded 2504 individuals
HDF5 loaded from ./Data/1000Genomes/HDF5/1240kHDF5/all1240/chr1.hdf5
3 Eigenstrat Files with 5081 Individuals and 1233013 SNPs

Intersection on Positions: 89147
Nr of Matching Refs: 89147 / 89147
Full Intersection Ref/Alt Identical: 89082 / 89147
2504 / 2504 Individuals included in Reference
Extraction of 5008 Haplotypes complete
Reduced to markers called 56297 / 89082
(Fraction SNP: 0.6319682988707034)
Successfully saved to: ./Empirical/Eigenstrat/Reichall/I1506/chr1/
Successfully loaded Data from: ./Empirical/Eigenstrat/Reichall/I1506/chr1/
Loaded Emission Model: haploid
Loaded Transition Model: model
Loaded Post Processing Model: Standard
Minimum Genetic Map: 0.0201
Maximum Genetic Map: 2.8627
Gaps bigger than 0.1 cM: 344
Maximum Gap: 2.9476 cM
Loaded Transition and Emission Matrix:
(3, 3)
(5009, 56297)
Loaded Observations:
(2, 56297)
Memory Usage: 2732.843008 mB
Reference Number: 5008
Total Log likelihood: -20007.486
Memory Usage: 2733.305856 mB
Finished Calculation State Posteriors
Saved Zero State Posterior to ./Empirical/Eigenstrat/Reichall/I1506/chr1/.
Successfully loaded for PP. from ./Empirical/Eigenstrat/Reichall/I1506/chr1/
Fraction Markers in ROH: 0.4206
Merged n=0 gaps < 0.0 M
Called n=12 ROH Blocks > 1.0 cM
Longest Block: 1.992
Successfully saved to ./Empirical/Eigenstrat/Reichall/I1506/chr1/roh.csv
Using Low-Mem Cython Linear Speed Up.
Loaded Pre Processing Model: Eigenstrat
Loading Individual: I1506

Loaded 94239 variants
Loaded 2504 individuals
HDF5 loaded from ./Data/1000Genomes/HDF5/1240kHDF5/all1240/chr2.hdf5
3 Eigenstrat Files with 5081 Individuals and 1233013 SNPs

Intersection on Positions: 94239
Nr of Matching Refs: 94239 / 94239
Full Intersection Ref/Alt Identical: 94173 / 94239
2504 / 2504 Individuals included in Reference
Extraction of 5008 Haplotypes complete
Reduced to markers called 56349 / 94173
(Fraction SNP: 0.5983562167500239)
Successfully saved to: ./Empirical/Eigenstrat/Reichall/I1506/chr2/
Successfully loaded Data from: ./Empirical/Eigenstrat/Reichall/I1506/chr2/
Loaded Emission Model: haploid
Loaded Transition Model: model
Loaded Post Processing Model: Standard
Minimum Genetic Map: 0.0001
Maximum Genetic Map: 2.6883
Gaps bigger than 0.1 cM: 327
Maximum Gap: 2.1083 cM
Loaded Transition and Emission Matrix:
(3, 3)
(5009, 56349)
Loaded Observations:
(2, 56349)
Memory Usage: 2774.577152 mB
Reference Number: 5008
Total Log likelihood: -19945.636
Memory Usage: 2774.577152 mB
Finished Calculation State Posteriors
Saved Zero State Posterior to ./Empirical/Eigenstrat/Reichall/I1506/chr2/.
Successfully loaded for PP. from ./Empirical/Eigenstrat/Reichall/I1506/chr2/
Fraction Markers in ROH: 0.4329
Merged n=0 gaps < 0.0 M
Called n=12 ROH Blocks > 1.0 cM
Longest Block: 1.534
Successfully saved to ./Empirical/Eigenstrat/Reichall/I1506/chr2/roh.csv
Using Low-Mem Cython Linear Speed Up.
Loaded Pre Processing Model: Eigenstrat
Loading Individual: I1506

Loaded 77652 variants
Loaded 2504 individuals
HDF5 loaded from ./Data/1000Genomes/HDF5/1240kHDF5/all1240/chr3.hdf5
3 Eigenstrat Files with 5081 Individuals and 1233013 SNPs

Intersection on Positions: 77652
Nr of Matching Refs: 77652 / 77652
Full Intersection Ref/Alt Identical: 77601 / 77652
2504 / 2504 Individuals included in Reference
Extraction of 5008 Haplotypes complete
Reduced to markers called 45581 / 77601
(Fraction SNP: 0.58737645133439)
Successfully saved to: ./Empirical/Eigenstrat/Reichall/I1506/chr3/
Successfully loaded Data from: ./Empirical/Eigenstrat/Reichall/I1506/chr3/
Loaded Emission Model: haploid
Loaded Transition Model: model
Loaded Post Processing Model: Standard
Minimum Genetic Map: 0.0000
Maximum Genetic Map: 2.2326
Gaps bigger than 0.1 cM: 293
Maximum Gap: 0.3916 cM
Loaded Transition and Emission Matrix:
(3, 3)
(5009, 45581)
Loaded Observations:
(2, 45581)
Memory Usage: 2289.483776 mB
Reference Number: 5008
Total Log likelihood: -16469.204
Memory Usage: 2289.483776 mB
Finished Calculation State Posteriors
Saved Zero State Posterior to ./Empirical/Eigenstrat/Reichall/I1506/chr3/.
Successfully loaded for PP. from ./Empirical/Eigenstrat/Reichall/I1506/chr3/
Fraction Markers in ROH: 0.4437
Merged n=0 gaps < 0.0 M
Called n=14 ROH Blocks > 1.0 cM
Longest Block: 1.550
Successfully saved to ./Empirical/Eigenstrat/Reichall/I1506/chr3/roh.csv
Using Low-Mem Cython Linear Speed Up.
Loaded Pre Processing Model: Eigenstrat
Loading Individual: I1506

Loaded 68759 variants
Loaded 2504 individuals
HDF5 loaded from ./Data/1000Genomes/HDF5/1240kHDF5/all1240/chr4.hdf5
3 Eigenstrat Files with 5081 Individuals and 1233013 SNPs

Intersection on Positions: 68759
Nr of Matching Refs: 68759 / 68759
Full Intersection Ref/Alt Identical: 68720 / 68759
2504 / 2504 Individuals included in Reference
Extraction of 5008 Haplotypes complete
Reduced to markers called 37217 / 68720
(Fraction SNP: 0.5415745052386496)
Successfully saved to: ./Empirical/Eigenstrat/Reichall/I1506/chr4/
Successfully loaded Data from: ./Empirical/Eigenstrat/Reichall/I1506/chr4/
Loaded Emission Model: haploid
Loaded Transition Model: model
Loaded Post Processing Model: Standard
Minimum Genetic Map: 0.0034
Maximum Genetic Map: 2.1454
Gaps bigger than 0.1 cM: 308
Maximum Gap: 2.0495 cM
Loaded Transition and Emission Matrix:
(3, 3)
(5009, 37217)
Loaded Observations:
(2, 37217)
Memory Usage: 1912.590336 mB
Reference Number: 5008
Total Log likelihood: -13326.243
Memory Usage: 1912.590336 mB
Finished Calculation State Posteriors
Saved Zero State Posterior to ./Empirical/Eigenstrat/Reichall/I1506/chr4/.
Successfully loaded for PP. from ./Empirical/Eigenstrat/Reichall/I1506/chr4/
Fraction Markers in ROH: 0.4164
Merged n=0 gaps < 0.0 M
Called n=13 ROH Blocks > 1.0 cM
Longest Block: 2.382
Successfully saved to ./Empirical/Eigenstrat/Reichall/I1506/chr4/roh.csv
Using Low-Mem Cython Linear Speed Up.
Loaded Pre Processing Model: Eigenstrat
Loading Individual: I1506

Loaded 69399 variants
Loaded 2504 individuals
HDF5 loaded from ./Data/1000Genomes/HDF5/1240kHDF5/all1240/chr5.hdf5
3 Eigenstrat Files with 5081 Individuals and 1233013 SNPs

Intersection on Positions: 69399
Nr of Matching Refs: 69399 / 69399
Full Intersection Ref/Alt Identical: 69354 / 69399
2504 / 2504 Individuals included in Reference
Extraction of 5008 Haplotypes complete
Reduced to markers called 40651 / 69354
(Fraction SNP: 0.586137785852294)
Successfully saved to: ./Empirical/Eigenstrat/Reichall/I1506/chr5/
Successfully loaded Data from: ./Empirical/Eigenstrat/Reichall/I1506/chr5/
Loaded Emission Model: haploid
Loaded Transition Model: model
Loaded Post Processing Model: Standard
Minimum Genetic Map: 0.0004
Maximum Genetic Map: 2.0409
Gaps bigger than 0.1 cM: 297
Maximum Gap: 1.0498 cM
Loaded Transition and Emission Matrix:
(3, 3)
(5009, 40651)
Loaded Observations:
(2, 40651)
Memory Usage: 2067.570688 mB
Reference Number: 5008
Total Log likelihood: -14028.266
Memory Usage: 2067.570688 mB
Finished Calculation State Posteriors
Saved Zero State Posterior to ./Empirical/Eigenstrat/Reichall/I1506/chr5/.
Successfully loaded for PP. from ./Empirical/Eigenstrat/Reichall/I1506/chr5/
Fraction Markers in ROH: 0.4485
Merged n=0 gaps < 0.0 M
Called n=13 ROH Blocks > 1.0 cM
Longest Block: 1.929
Successfully saved to ./Empirical/Eigenstrat/Reichall/I1506/chr5/roh.csv
Using Low-Mem Cython Linear Speed Up.
Loaded Pre Processing Model: Eigenstrat
Loading Individual: I1506

Loaded 75870 variants
Loaded 2504 individuals
HDF5 loaded from ./Data/1000Genomes/HDF5/1240kHDF5/all1240/chr6.hdf5
3 Eigenstrat Files with 5081 Individuals and 1233013 SNPs

Intersection on Positions: 75870
Nr of Matching Refs: 75870 / 75870
Full Intersection Ref/Alt Identical: 75816 / 75870
2504 / 2504 Individuals included in Reference
Extraction of 5008 Haplotypes complete
Reduced to markers called 44686 / 75816
(Fraction SNP: 0.589400654215469)
Successfully saved to: ./Empirical/Eigenstrat/Reichall/I1506/chr6/
Successfully loaded Data from: ./Empirical/Eigenstrat/Reichall/I1506/chr6/
Loaded Emission Model: haploid
Loaded Transition Model: model
Loaded Post Processing Model: Standard
Minimum Genetic Map: 0.0035
Maximum Genetic Map: 1.9203
Gaps bigger than 0.1 cM: 233
Maximum Gap: 0.5076 cM
Loaded Transition and Emission Matrix:
(3, 3)
(5009, 44686)
Loaded Observations:
(2, 44686)
Memory Usage: 2249.367552 mB
Reference Number: 5008
Total Log likelihood: -15185.659
Memory Usage: 2249.363456 mB
Finished Calculation State Posteriors
Saved Zero State Posterior to ./Empirical/Eigenstrat/Reichall/I1506/chr6/.
Successfully loaded for PP. from ./Empirical/Eigenstrat/Reichall/I1506/chr6/
Fraction Markers in ROH: 0.4326
Merged n=0 gaps < 0.0 M
Called n=8 ROH Blocks > 1.0 cM
Longest Block: 2.183
Successfully saved to ./Empirical/Eigenstrat/Reichall/I1506/chr6/roh.csv
Using Low-Mem Cython Linear Speed Up.
Loaded Pre Processing Model: Eigenstrat
Loading Individual: I1506

Loaded 59890 variants
Loaded 2504 individuals
HDF5 loaded from ./Data/1000Genomes/HDF5/1240kHDF5/all1240/chr7.hdf5
3 Eigenstrat Files with 5081 Individuals and 1233013 SNPs

Intersection on Positions: 59890
Nr of Matching Refs: 59890 / 59890
Full Intersection Ref/Alt Identical: 59836 / 59890
2504 / 2504 Individuals included in Reference
Extraction of 5008 Haplotypes complete
Reduced to markers called 35192 / 59836
(Fraction SNP: 0.5881409185105956)
Successfully saved to: ./Empirical/Eigenstrat/Reichall/I1506/chr7/
Successfully loaded Data from: ./Empirical/Eigenstrat/Reichall/I1506/chr7/
Loaded Emission Model: haploid
Loaded Transition Model: model
Loaded Post Processing Model: Standard
Minimum Genetic Map: 0.0000
Maximum Genetic Map: 1.8715
Gaps bigger than 0.1 cM: 259
Maximum Gap: 1.0220 cM
Loaded Transition and Emission Matrix:
(3, 3)
(5009, 35192)
Loaded Observations:
(2, 35192)
Memory Usage: 1821.646848 mB
Reference Number: 5008
Total Log likelihood: -13414.129
Memory Usage: 1821.646848 mB
Finished Calculation State Posteriors
Saved Zero State Posterior to ./Empirical/Eigenstrat/Reichall/I1506/chr7/.
Successfully loaded for PP. from ./Empirical/Eigenstrat/Reichall/I1506/chr7/
Fraction Markers in ROH: 0.3934
Merged n=0 gaps < 0.0 M
Called n=5 ROH Blocks > 1.0 cM
Longest Block: 1.697
Successfully saved to ./Empirical/Eigenstrat/Reichall/I1506/chr7/roh.csv
Using Low-Mem Cython Linear Speed Up.
Loaded Pre Processing Model: Eigenstrat
Loading Individual: I1506

Loaded 61133 variants
Loaded 2504 individuals
HDF5 loaded from ./Data/1000Genomes/HDF5/1240kHDF5/all1240/chr8.hdf5
3 Eigenstrat Files with 5081 Individuals and 1233013 SNPs

Intersection on Positions: 61133
Nr of Matching Refs: 61133 / 61133
Full Intersection Ref/Alt Identical: 61091 / 61133
2504 / 2504 Individuals included in Reference
Extraction of 5008 Haplotypes complete
Reduced to markers called 36772 / 61091
(Fraction SNP: 0.6019217233307689)
Successfully saved to: ./Empirical/Eigenstrat/Reichall/I1506/chr8/
Successfully loaded Data from: ./Empirical/Eigenstrat/Reichall/I1506/chr8/
Loaded Emission Model: haploid
Loaded Transition Model: model
Loaded Post Processing Model: Standard
Minimum Genetic Map: 0.0000
Maximum Genetic Map: 1.6800
Gaps bigger than 0.1 cM: 208
Maximum Gap: 3.3333 cM
Loaded Transition and Emission Matrix:
(3, 3)
(5009, 36772)
Loaded Observations:
(2, 36772)
Memory Usage: 1892.88448 mB
Reference Number: 5008
Total Log likelihood: -13302.368
Memory Usage: 1892.88448 mB
Finished Calculation State Posteriors
Saved Zero State Posterior to ./Empirical/Eigenstrat/Reichall/I1506/chr8/.
Successfully loaded for PP. from ./Empirical/Eigenstrat/Reichall/I1506/chr8/
Fraction Markers in ROH: 0.4357
Merged n=0 gaps < 0.0 M
Called n=11 ROH Blocks > 1.0 cM
Longest Block: 3.675
Successfully saved to ./Empirical/Eigenstrat/Reichall/I1506/chr8/roh.csv
Using Low-Mem Cython Linear Speed Up.
Loaded Pre Processing Model: Eigenstrat
Loading Individual: I1506

Loaded 50668 variants
Loaded 2504 individuals
HDF5 loaded from ./Data/1000Genomes/HDF5/1240kHDF5/all1240/chr9.hdf5
3 Eigenstrat Files with 5081 Individuals and 1233013 SNPs

Intersection on Positions: 50668
Nr of Matching Refs: 50668 / 50668
Full Intersection Ref/Alt Identical: 50629 / 50668
2504 / 2504 Individuals included in Reference
Extraction of 5008 Haplotypes complete
Reduced to markers called 31191 / 50629
(Fraction SNP: 0.6160698413952478)
Successfully saved to: ./Empirical/Eigenstrat/Reichall/I1506/chr9/
Successfully loaded Data from: ./Empirical/Eigenstrat/Reichall/I1506/chr9/
Loaded Emission Model: haploid
Loaded Transition Model: model
Loaded Post Processing Model: Standard
Minimum Genetic Map: 0.0016
Maximum Genetic Map: 1.6630
Gaps bigger than 0.1 cM: 241
Maximum Gap: 2.3101 cM
Loaded Transition and Emission Matrix:
(3, 3)
(5009, 31191)
Loaded Observations:
(2, 31191)
Memory Usage: 1641.910272 mB
Reference Number: 5008
Total Log likelihood: -10956.584
Memory Usage: 1641.910272 mB
Finished Calculation State Posteriors
Saved Zero State Posterior to ./Empirical/Eigenstrat/Reichall/I1506/chr9/.
Successfully loaded for PP. from ./Empirical/Eigenstrat/Reichall/I1506/chr9/
Fraction Markers in ROH: 0.4404
Merged n=0 gaps < 0.0 M
Called n=7 ROH Blocks > 1.0 cM
Longest Block: 6.675
Successfully saved to ./Empirical/Eigenstrat/Reichall/I1506/chr9/roh.csv
Using Low-Mem Cython Linear Speed Up.
Loaded Pre Processing Model: Eigenstrat
Loading Individual: I1506

Loaded 58804 variants
Loaded 2504 individuals
HDF5 loaded from ./Data/1000Genomes/HDF5/1240kHDF5/all1240/chr10.hdf5
3 Eigenstrat Files with 5081 Individuals and 1233013 SNPs

Intersection on Positions: 58804
Nr of Matching Refs: 58804 / 58804
Full Intersection Ref/Alt Identical: 58763 / 58804
2504 / 2504 Individuals included in Reference
Extraction of 5008 Haplotypes complete
Reduced to markers called 37100 / 58763
(Fraction SNP: 0.631349658798904)
Successfully saved to: ./Empirical/Eigenstrat/Reichall/I1506/chr10/
Successfully loaded Data from: ./Empirical/Eigenstrat/Reichall/I1506/chr10/
Loaded Emission Model: haploid
Loaded Transition Model: model
Loaded Post Processing Model: Standard
Minimum Genetic Map: 0.0001
Maximum Genetic Map: 1.8092
Gaps bigger than 0.1 cM: 241
Maximum Gap: 2.0338 cM
Loaded Transition and Emission Matrix:
(3, 3)
(5009, 37100)
Loaded Observations:
(2, 37100)
Memory Usage: 1908.830208 mB
Reference Number: 5008
Total Log likelihood: -13391.397
Memory Usage: 1908.555776 mB
Finished Calculation State Posteriors
Saved Zero State Posterior to ./Empirical/Eigenstrat/Reichall/I1506/chr10/.
Successfully loaded for PP. from ./Empirical/Eigenstrat/Reichall/I1506/chr10/
Fraction Markers in ROH: 0.4211
Merged n=0 gaps < 0.0 M
Called n=10 ROH Blocks > 1.0 cM
Longest Block: 1.969
Successfully saved to ./Empirical/Eigenstrat/Reichall/I1506/chr10/roh.csv
Using Low-Mem Cython Linear Speed Up.
Loaded Pre Processing Model: Eigenstrat
Loading Individual: I1506

Loaded 54833 variants
Loaded 2504 individuals
HDF5 loaded from ./Data/1000Genomes/HDF5/1240kHDF5/all1240/chr11.hdf5
3 Eigenstrat Files with 5081 Individuals and 1233013 SNPs

Intersection on Positions: 54833
Nr of Matching Refs: 54833 / 54833
Full Intersection Ref/Alt Identical: 54796 / 54833
2504 / 2504 Individuals included in Reference
Extraction of 5008 Haplotypes complete
Reduced to markers called 34132 / 54796
(Fraction SNP: 0.6228921819110884)
Successfully saved to: ./Empirical/Eigenstrat/Reichall/I1506/chr11/
Successfully loaded Data from: ./Empirical/Eigenstrat/Reichall/I1506/chr11/
Loaded Emission Model: haploid
Loaded Transition Model: model
Loaded Post Processing Model: Standard
Minimum Genetic Map: 0.0001
Maximum Genetic Map: 1.5822
Gaps bigger than 0.1 cM: 213
Maximum Gap: 0.5679 cM
Loaded Transition and Emission Matrix:
(3, 3)
(5009, 34132)
Loaded Observations:
(2, 34132)
Memory Usage: 1774.522368 mB
Reference Number: 5008
Total Log likelihood: -12402.343
Memory Usage: 1774.522368 mB
Finished Calculation State Posteriors
Saved Zero State Posterior to ./Empirical/Eigenstrat/Reichall/I1506/chr11/.
Successfully loaded for PP. from ./Empirical/Eigenstrat/Reichall/I1506/chr11/
Fraction Markers in ROH: 0.4143
Merged n=0 gaps < 0.0 M
Called n=7 ROH Blocks > 1.0 cM
Longest Block: 1.405
Successfully saved to ./Empirical/Eigenstrat/Reichall/I1506/chr11/roh.csv
Using Low-Mem Cython Linear Speed Up.
Loaded Pre Processing Model: Eigenstrat
Loading Individual: I1506

Loaded 53911 variants
Loaded 2504 individuals
HDF5 loaded from ./Data/1000Genomes/HDF5/1240kHDF5/all1240/chr12.hdf5
3 Eigenstrat Files with 5081 Individuals and 1233013 SNPs

Intersection on Positions: 53911
Nr of Matching Refs: 53911 / 53911
Full Intersection Ref/Alt Identical: 53884 / 53911
2504 / 2504 Individuals included in Reference
Extraction of 5008 Haplotypes complete
Reduced to markers called 32366 / 53884
(Fraction SNP: 0.6006606784945439)
Successfully saved to: ./Empirical/Eigenstrat/Reichall/I1506/chr12/
Successfully loaded Data from: ./Empirical/Eigenstrat/Reichall/I1506/chr12/
Loaded Emission Model: haploid
Loaded Transition Model: model
Loaded Post Processing Model: Standard
Minimum Genetic Map: 0.0009
Maximum Genetic Map: 1.7468
Gaps bigger than 0.1 cM: 239
Maximum Gap: 0.8445 cM
Loaded Transition and Emission Matrix:
(3, 3)
(5009, 32366)
Loaded Observations:
(2, 32366)
Memory Usage: 1694.224384 mB
Reference Number: 5008
Total Log likelihood: -11471.462
Memory Usage: 1694.224384 mB
Finished Calculation State Posteriors
Saved Zero State Posterior to ./Empirical/Eigenstrat/Reichall/I1506/chr12/.
Successfully loaded for PP. from ./Empirical/Eigenstrat/Reichall/I1506/chr12/
Fraction Markers in ROH: 0.4250
Merged n=0 gaps < 0.0 M
Called n=11 ROH Blocks > 1.0 cM
Longest Block: 4.428
Successfully saved to ./Empirical/Eigenstrat/Reichall/I1506/chr12/roh.csv
Using Low-Mem Cython Linear Speed Up.
Loaded Pre Processing Model: Eigenstrat
Loading Individual: I1506

Loaded 39018 variants
Loaded 2504 individuals
HDF5 loaded from ./Data/1000Genomes/HDF5/1240kHDF5/all1240/chr13.hdf5
3 Eigenstrat Files with 5081 Individuals and 1233013 SNPs

Intersection on Positions: 39018
Nr of Matching Refs: 39018 / 39018
Full Intersection Ref/Alt Identical: 38994 / 39018
2504 / 2504 Individuals included in Reference
Extraction of 5008 Haplotypes complete
Reduced to markers called 21812 / 38994
(Fraction SNP: 0.559368107914038)
Successfully saved to: ./Empirical/Eigenstrat/Reichall/I1506/chr13/
Successfully loaded Data from: ./Empirical/Eigenstrat/Reichall/I1506/chr13/
Loaded Emission Model: haploid
Loaded Transition Model: model
Loaded Post Processing Model: Standard
Minimum Genetic Map: 0.0019
Maximum Genetic Map: 1.2570
Gaps bigger than 0.1 cM: 192
Maximum Gap: 1.2216 cM
Loaded Transition and Emission Matrix:
(3, 3)
(5009, 21812)
Loaded Observations:
(2, 21812)
Memory Usage: 1218.84672 mB
Reference Number: 5008
Total Log likelihood: -7920.843
Memory Usage: 1218.84672 mB
Finished Calculation State Posteriors
Saved Zero State Posterior to ./Empirical/Eigenstrat/Reichall/I1506/chr13/.
Successfully loaded for PP. from ./Empirical/Eigenstrat/Reichall/I1506/chr13/
Fraction Markers in ROH: 0.4208
Merged n=0 gaps < 0.0 M
Called n=8 ROH Blocks > 1.0 cM
Longest Block: 1.966
Successfully saved to ./Empirical/Eigenstrat/Reichall/I1506/chr13/roh.csv
Using Low-Mem Cython Linear Speed Up.
Loaded Pre Processing Model: Eigenstrat
Loading Individual: I1506

Loaded 36301 variants
Loaded 2504 individuals
HDF5 loaded from ./Data/1000Genomes/HDF5/1240kHDF5/all1240/chr14.hdf5
3 Eigenstrat Files with 5081 Individuals and 1233013 SNPs

Intersection on Positions: 36301
Nr of Matching Refs: 36301 / 36301
Full Intersection Ref/Alt Identical: 36280 / 36301
2504 / 2504 Individuals included in Reference
Extraction of 5008 Haplotypes complete
Reduced to markers called 21870 / 36280
(Fraction SNP: 0.6028114663726571)
Successfully saved to: ./Empirical/Eigenstrat/Reichall/I1506/chr14/
Successfully loaded Data from: ./Empirical/Eigenstrat/Reichall/I1506/chr14/
Loaded Emission Model: haploid
Loaded Transition Model: model
Loaded Post Processing Model: Standard
Minimum Genetic Map: 0.0161
Maximum Genetic Map: 1.2020
Gaps bigger than 0.1 cM: 167
Maximum Gap: 3.0774 cM
Loaded Transition and Emission Matrix:
(3, 3)
(5009, 21870)
Loaded Observations:
(2, 21870)
Memory Usage: 1221.8368 mB
Reference Number: 5008
Total Log likelihood: -7550.523
Memory Usage: 1221.8368 mB
Finished Calculation State Posteriors
Saved Zero State Posterior to ./Empirical/Eigenstrat/Reichall/I1506/chr14/.
Successfully loaded for PP. from ./Empirical/Eigenstrat/Reichall/I1506/chr14/
Fraction Markers in ROH: 0.4430
Merged n=0 gaps < 0.0 M
Called n=7 ROH Blocks > 1.0 cM
Longest Block: 2.293
Successfully saved to ./Empirical/Eigenstrat/Reichall/I1506/chr14/roh.csv
Using Low-Mem Cython Linear Speed Up.
Loaded Pre Processing Model: Eigenstrat
Loading Individual: I1506

Loaded 34429 variants
Loaded 2504 individuals
HDF5 loaded from ./Data/1000Genomes/HDF5/1240kHDF5/all1240/chr15.hdf5
3 Eigenstrat Files with 5081 Individuals and 1233013 SNPs

Intersection on Positions: 34429
Nr of Matching Refs: 34429 / 34429
Full Intersection Ref/Alt Identical: 34407 / 34429
2504 / 2504 Individuals included in Reference
Extraction of 5008 Haplotypes complete
Reduced to markers called 21976 / 34407
(Fraction SNP: 0.6387072398058534)
Successfully saved to: ./Empirical/Eigenstrat/Reichall/I1506/chr15/
Successfully loaded Data from: ./Empirical/Eigenstrat/Reichall/I1506/chr15/
Loaded Emission Model: haploid
Loaded Transition Model: model
Loaded Post Processing Model: Standard
Minimum Genetic Map: 0.0000
Maximum Genetic Map: 1.4135
Gaps bigger than 0.1 cM: 171
Maximum Gap: 11.4957 cM
Loaded Transition and Emission Matrix:
(3, 3)
(5009, 21976)
Loaded Observations:
(2, 21976)
Memory Usage: 1226.420224 mB
Reference Number: 5008
Total Log likelihood: -7997.347
Memory Usage: 1226.420224 mB
Finished Calculation State Posteriors
Saved Zero State Posterior to ./Empirical/Eigenstrat/Reichall/I1506/chr15/.
Successfully loaded for PP. from ./Empirical/Eigenstrat/Reichall/I1506/chr15/
Fraction Markers in ROH: 0.4044
Merged n=0 gaps < 0.0 M
Called n=5 ROH Blocks > 1.0 cM
Longest Block: 1.903
Successfully saved to ./Empirical/Eigenstrat/Reichall/I1506/chr15/roh.csv
Using Low-Mem Cython Linear Speed Up.
Loaded Pre Processing Model: Eigenstrat
Loading Individual: I1506

Loaded 34402 variants
Loaded 2504 individuals
HDF5 loaded from ./Data/1000Genomes/HDF5/1240kHDF5/all1240/chr16.hdf5
3 Eigenstrat Files with 5081 Individuals and 1233013 SNPs

Intersection on Positions: 34402
Nr of Matching Refs: 34402 / 34402
Full Intersection Ref/Alt Identical: 34375 / 34402
2504 / 2504 Individuals included in Reference
Extraction of 5008 Haplotypes complete
Reduced to markers called 23425 / 34375
(Fraction SNP: 0.6814545454545454)
Successfully saved to: ./Empirical/Eigenstrat/Reichall/I1506/chr16/
Successfully loaded Data from: ./Empirical/Eigenstrat/Reichall/I1506/chr16/
Loaded Emission Model: haploid
Loaded Transition Model: model
Loaded Post Processing Model: Standard
Minimum Genetic Map: -0.0000
Maximum Genetic Map: 1.3403
Gaps bigger than 0.1 cM: 181
Maximum Gap: 0.8458 cM
Loaded Transition and Emission Matrix:
(3, 3)
(5009, 23425)
Loaded Observations:
(2, 23425)
Memory Usage: 1292.046336 mB
Reference Number: 5008
Total Log likelihood: -8627.151
Memory Usage: 1292.046336 mB
Finished Calculation State Posteriors
Saved Zero State Posterior to ./Empirical/Eigenstrat/Reichall/I1506/chr16/.
Successfully loaded for PP. from ./Empirical/Eigenstrat/Reichall/I1506/chr16/
Fraction Markers in ROH: 0.4178
Merged n=0 gaps < 0.0 M
Called n=6 ROH Blocks > 1.0 cM
Longest Block: 2.368
Successfully saved to ./Empirical/Eigenstrat/Reichall/I1506/chr16/roh.csv
Using Low-Mem Cython Linear Speed Up.
Loaded Pre Processing Model: Eigenstrat
Loading Individual: I1506

Loaded 29314 variants
Loaded 2504 individuals
HDF5 loaded from ./Data/1000Genomes/HDF5/1240kHDF5/all1240/chr17.hdf5
3 Eigenstrat Files with 5081 Individuals and 1233013 SNPs

Intersection on Positions: 29314
Nr of Matching Refs: 29314 / 29314
Full Intersection Ref/Alt Identical: 29292 / 29314
2504 / 2504 Individuals included in Reference
Extraction of 5008 Haplotypes complete
Reduced to markers called 20462 / 29292
(Fraction SNP: 0.6985525058036324)
Successfully saved to: ./Empirical/Eigenstrat/Reichall/I1506/chr17/
Successfully loaded Data from: ./Empirical/Eigenstrat/Reichall/I1506/chr17/
Loaded Emission Model: haploid
Loaded Transition Model: model
Loaded Post Processing Model: Standard
Minimum Genetic Map: -0.0003
Maximum Genetic Map: 1.2847
Gaps bigger than 0.1 cM: 169
Maximum Gap: 1.2341 cM
Loaded Transition and Emission Matrix:
(3, 3)
(5009, 20462)
Loaded Observations:
(2, 20462)
Memory Usage: 1158.283264 mB
Reference Number: 5008
Total Log likelihood: -7567.251
Memory Usage: 1158.283264 mB
Finished Calculation State Posteriors
Saved Zero State Posterior to ./Empirical/Eigenstrat/Reichall/I1506/chr17/.
Successfully loaded for PP. from ./Empirical/Eigenstrat/Reichall/I1506/chr17/
Fraction Markers in ROH: 0.3993
Merged n=0 gaps < 0.0 M
Called n=7 ROH Blocks > 1.0 cM
Longest Block: 1.739
Successfully saved to ./Empirical/Eigenstrat/Reichall/I1506/chr17/roh.csv
Using Low-Mem Cython Linear Speed Up.
Loaded Pre Processing Model: Eigenstrat
Loading Individual: I1506

Loaded 33917 variants
Loaded 2504 individuals
HDF5 loaded from ./Data/1000Genomes/HDF5/1240kHDF5/all1240/chr18.hdf5
3 Eigenstrat Files with 5081 Individuals and 1233013 SNPs

Intersection on Positions: 33917
Nr of Matching Refs: 33917 / 33917
Full Intersection Ref/Alt Identical: 33902 / 33917
2504 / 2504 Individuals included in Reference
Extraction of 5008 Haplotypes complete
Reduced to markers called 20095 / 33902
(Fraction SNP: 0.5927378915698189)
Successfully saved to: ./Empirical/Eigenstrat/Reichall/I1506/chr18/
Successfully loaded Data from: ./Empirical/Eigenstrat/Reichall/I1506/chr18/
Loaded Emission Model: haploid
Loaded Transition Model: model
Loaded Post Processing Model: Standard
Minimum Genetic Map: 0.0025
Maximum Genetic Map: 1.1771
Gaps bigger than 0.1 cM: 175
Maximum Gap: 0.4827 cM
Loaded Transition and Emission Matrix:
(3, 3)
(5009, 20095)
Loaded Observations:
(2, 20095)
Memory Usage: 1141.260288 mB
Reference Number: 5008
Total Log likelihood: -7420.075
Memory Usage: 1141.260288 mB
Finished Calculation State Posteriors
Saved Zero State Posterior to ./Empirical/Eigenstrat/Reichall/I1506/chr18/.
Successfully loaded for PP. from ./Empirical/Eigenstrat/Reichall/I1506/chr18/
Fraction Markers in ROH: 0.3816
Merged n=0 gaps < 0.0 M
Called n=6 ROH Blocks > 1.0 cM
Longest Block: 2.493
Successfully saved to ./Empirical/Eigenstrat/Reichall/I1506/chr18/roh.csv
Using Low-Mem Cython Linear Speed Up.
Loaded Pre Processing Model: Eigenstrat
Loading Individual: I1506

Loaded 18460 variants
Loaded 2504 individuals
HDF5 loaded from ./Data/1000Genomes/HDF5/1240kHDF5/all1240/chr19.hdf5
3 Eigenstrat Files with 5081 Individuals and 1233013 SNPs

Intersection on Positions: 18460
Nr of Matching Refs: 18460 / 18460
Full Intersection Ref/Alt Identical: 18441 / 18460
2504 / 2504 Individuals included in Reference
Extraction of 5008 Haplotypes complete
Reduced to markers called 13613 / 18441
(Fraction SNP: 0.7381920720134483)
Successfully saved to: ./Empirical/Eigenstrat/Reichall/I1506/chr19/
Successfully loaded Data from: ./Empirical/Eigenstrat/Reichall/I1506/chr19/
Loaded Emission Model: haploid
Loaded Transition Model: model
Loaded Post Processing Model: Standard
Minimum Genetic Map: 0.0000
Maximum Genetic Map: 1.0773
Gaps bigger than 0.1 cM: 162
Maximum Gap: 0.5964 cM
Loaded Transition and Emission Matrix:
(3, 3)
(5009, 13613)
Loaded Observations:
(2, 13613)
Memory Usage: 849.166336 mB
Reference Number: 5008
Total Log likelihood: -5229.986
Memory Usage: 849.166336 mB
Finished Calculation State Posteriors
Saved Zero State Posterior to ./Empirical/Eigenstrat/Reichall/I1506/chr19/.
Successfully loaded for PP. from ./Empirical/Eigenstrat/Reichall/I1506/chr19/
Fraction Markers in ROH: 0.3970
Merged n=0 gaps < 0.0 M
Called n=5 ROH Blocks > 1.0 cM
Longest Block: 2.608
Successfully saved to ./Empirical/Eigenstrat/Reichall/I1506/chr19/roh.csv
Using Low-Mem Cython Linear Speed Up.
Loaded Pre Processing Model: Eigenstrat
Loading Individual: I1506

Loaded 29078 variants
Loaded 2504 individuals
HDF5 loaded from ./Data/1000Genomes/HDF5/1240kHDF5/all1240/chr20.hdf5
3 Eigenstrat Files with 5081 Individuals and 1233013 SNPs

Intersection on Positions: 29078
Nr of Matching Refs: 29078 / 29078
Full Intersection Ref/Alt Identical: 29053 / 29078
2504 / 2504 Individuals included in Reference
Extraction of 5008 Haplotypes complete
Reduced to markers called 19759 / 29053
(Fraction SNP: 0.6801018827659794)
Successfully saved to: ./Empirical/Eigenstrat/Reichall/I1506/chr20/
Successfully loaded Data from: ./Empirical/Eigenstrat/Reichall/I1506/chr20/
Loaded Emission Model: haploid
Loaded Transition Model: model
Loaded Post Processing Model: Standard
Minimum Genetic Map: 0.0000
Maximum Genetic Map: 1.0821
Gaps bigger than 0.1 cM: 163
Maximum Gap: 0.4744 cM
Loaded Transition and Emission Matrix:
(3, 3)
(5009, 19759)
Loaded Observations:
(2, 19759)
Memory Usage: 1126.756352 mB
Reference Number: 5008
Total Log likelihood: -6963.660
Memory Usage: 1126.756352 mB
Finished Calculation State Posteriors
Saved Zero State Posterior to ./Empirical/Eigenstrat/Reichall/I1506/chr20/.
Successfully loaded for PP. from ./Empirical/Eigenstrat/Reichall/I1506/chr20/
Fraction Markers in ROH: 0.4489
Merged n=0 gaps < 0.0 M
Called n=10 ROH Blocks > 1.0 cM
Longest Block: 1.380
Successfully saved to ./Empirical/Eigenstrat/Reichall/I1506/chr20/roh.csv
Using Low-Mem Cython Linear Speed Up.
Loaded Pre Processing Model: Eigenstrat
Loading Individual: I1506

Loaded 16038 variants
Loaded 2504 individuals
HDF5 loaded from ./Data/1000Genomes/HDF5/1240kHDF5/all1240/chr21.hdf5
3 Eigenstrat Files with 5081 Individuals and 1233013 SNPs

Intersection on Positions: 16038
Nr of Matching Refs: 16038 / 16038
Full Intersection Ref/Alt Identical: 16031 / 16038
2504 / 2504 Individuals included in Reference
Extraction of 5008 Haplotypes complete
Reduced to markers called 9684 / 16031
(Fraction SNP: 0.60407959578317)
Successfully saved to: ./Empirical/Eigenstrat/Reichall/I1506/chr21/
Successfully loaded Data from: ./Empirical/Eigenstrat/Reichall/I1506/chr21/
Loaded Emission Model: haploid
Loaded Transition Model: model
Loaded Post Processing Model: Standard
Minimum Genetic Map: -0.0085
Maximum Genetic Map: 0.6277
Gaps bigger than 0.1 cM: 116
Maximum Gap: 1.7201 cM
Loaded Transition and Emission Matrix:
(3, 3)
(5009, 9684)
Loaded Observations:
(2, 9684)
Memory Usage: 673.533952 mB
Reference Number: 5008
Total Log likelihood: -3674.419
Memory Usage: 673.533952 mB
Finished Calculation State Posteriors
Saved Zero State Posterior to ./Empirical/Eigenstrat/Reichall/I1506/chr21/.
Successfully loaded for PP. from ./Empirical/Eigenstrat/Reichall/I1506/chr21/
Fraction Markers in ROH: 0.3852
Merged n=0 gaps < 0.0 M
Called n=4 ROH Blocks > 1.0 cM
Longest Block: 1.294
Successfully saved to ./Empirical/Eigenstrat/Reichall/I1506/chr21/roh.csv
Using Low-Mem Cython Linear Speed Up.
Loaded Pre Processing Model: Eigenstrat
Loading Individual: I1506

Loaded 15802 variants
Loaded 2504 individuals
HDF5 loaded from ./Data/1000Genomes/HDF5/1240kHDF5/all1240/chr22.hdf5
3 Eigenstrat Files with 5081 Individuals and 1233013 SNPs

Intersection on Positions: 15802
Nr of Matching Refs: 15802 / 15802
Full Intersection Ref/Alt Identical: 15793 / 15802
2504 / 2504 Individuals included in Reference
Extraction of 5008 Haplotypes complete
Reduced to markers called 11890 / 15793
(Fraction SNP: 0.7528651934401317)
Successfully saved to: ./Empirical/Eigenstrat/Reichall/I1506/chr22/
Successfully loaded Data from: ./Empirical/Eigenstrat/Reichall/I1506/chr22/
Loaded Emission Model: haploid
Loaded Transition Model: model
Loaded Post Processing Model: Standard
Minimum Genetic Map: 0.0180
Maximum Genetic Map: 0.7408
Gaps bigger than 0.1 cM: 97
Maximum Gap: 1.7139 cM
Loaded Transition and Emission Matrix:
(3, 3)
(5009, 11890)
Loaded Observations:
(2, 11890)
Memory Usage: 773.287936 mB
Reference Number: 5008
Total Log likelihood: -4657.650
Memory Usage: 773.287936 mB
Finished Calculation State Posteriors
Saved Zero State Posterior to ./Empirical/Eigenstrat/Reichall/I1506/chr22/.
Successfully loaded for PP. from ./Empirical/Eigenstrat/Reichall/I1506/chr22/
Fraction Markers in ROH: 0.3870
Merged n=0 gaps < 0.0 M
Called n=3 ROH Blocks > 1.0 cM
Longest Block: 3.013
Successfully saved to ./Empirical/Eigenstrat/Reichall/I1506/chr22/roh.csv
