Loaded 2106 / 5081 ancient Indivdiuals Anno File.
Doing Individual I0049...
Using Low-Mem Cython Linear Speed Up.
Loaded Pre Processing Model: Eigenstrat
Loading Individual: I0049

Loaded 89147 variants
Loaded 2504 individuals
HDF5 loaded from ./Data/1000Genomes/HDF5/1240kHDF5/all1240/chr1.hdf5
3 Eigenstrat Files with 5081 Individuals and 1233013 SNPs

Intersection on Positions: 89147
Nr of Matching Refs: 89147 / 89147
Full Intersection Ref/Alt Identical: 89082 / 89147
2504 / 2504 Individuals included in Reference
Extraction of 5008 Haplotypes complete
Reduced to markers called 40647 / 89082
(Fraction SNP: 0.456287465481242)
Successfully saved to: ./Empirical/Eigenstrat/Reichall/I0049/chr1/
Successfully loaded Data from: ./Empirical/Eigenstrat/Reichall/I0049/chr1/
Loaded Emission Model: haploid
Loaded Transition Model: model
Loaded Post Processing Model: Standard
Minimum Genetic Map: 0.0201
Maximum Genetic Map: 2.8627
Gaps bigger than 0.1 cM: 464
Maximum Gap: 3.3407 cM
Loaded Transition and Emission Matrix:
(3, 3)
(5009, 40647)
Loaded Observations:
(2, 40647)
Memory Usage: 2026.811392 mB
Reference Number: 5008
Total Log likelihood: -14908.820
Memory Usage: 2026.47552 mB
Finished Calculation State Posteriors
Saved Zero State Posterior to ./Empirical/Eigenstrat/Reichall/I0049/chr1/.
Successfully loaded for PP. from ./Empirical/Eigenstrat/Reichall/I0049/chr1/
Fraction Markers in ROH: 0.3784
Merged n=0 gaps < 0.0 M
Called n=11 ROH Blocks > 1.0 cM
Longest Block: 4.737
Successfully saved to ./Empirical/Eigenstrat/Reichall/I0049/chr1/roh.csv
Using Low-Mem Cython Linear Speed Up.
Loaded Pre Processing Model: Eigenstrat
Loading Individual: I0049

Loaded 94239 variants
Loaded 2504 individuals
HDF5 loaded from ./Data/1000Genomes/HDF5/1240kHDF5/all1240/chr2.hdf5
3 Eigenstrat Files with 5081 Individuals and 1233013 SNPs

Intersection on Positions: 94239
Nr of Matching Refs: 94239 / 94239
Full Intersection Ref/Alt Identical: 94173 / 94239
2504 / 2504 Individuals included in Reference
Extraction of 5008 Haplotypes complete
Reduced to markers called 41897 / 94173
(Fraction SNP: 0.4448939717328746)
Successfully saved to: ./Empirical/Eigenstrat/Reichall/I0049/chr2/
Successfully loaded Data from: ./Empirical/Eigenstrat/Reichall/I0049/chr2/
Loaded Emission Model: haploid
Loaded Transition Model: model
Loaded Post Processing Model: Standard
Minimum Genetic Map: 0.0002
Maximum Genetic Map: 2.6883
Gaps bigger than 0.1 cM: 431
Maximum Gap: 2.1083 cM
Loaded Transition and Emission Matrix:
(3, 3)
(5009, 41897)
Loaded Observations:
(2, 41897)
Memory Usage: 2121.54368 mB
Reference Number: 5008
Total Log likelihood: -15257.826
Memory Usage: 2121.519104 mB
Finished Calculation State Posteriors
Saved Zero State Posterior to ./Empirical/Eigenstrat/Reichall/I0049/chr2/.
Successfully loaded for PP. from ./Empirical/Eigenstrat/Reichall/I0049/chr2/
Fraction Markers in ROH: 0.4128
Merged n=0 gaps < 0.0 M
Called n=12 ROH Blocks > 1.0 cM
Longest Block: 1.895
Successfully saved to ./Empirical/Eigenstrat/Reichall/I0049/chr2/roh.csv
Using Low-Mem Cython Linear Speed Up.
Loaded Pre Processing Model: Eigenstrat
Loading Individual: I0049

Loaded 77652 variants
Loaded 2504 individuals
HDF5 loaded from ./Data/1000Genomes/HDF5/1240kHDF5/all1240/chr3.hdf5
3 Eigenstrat Files with 5081 Individuals and 1233013 SNPs

Intersection on Positions: 77652
Nr of Matching Refs: 77652 / 77652
Full Intersection Ref/Alt Identical: 77601 / 77652
2504 / 2504 Individuals included in Reference
Extraction of 5008 Haplotypes complete
Reduced to markers called 34562 / 77601
(Fraction SNP: 0.4453808584940916)
Successfully saved to: ./Empirical/Eigenstrat/Reichall/I0049/chr3/
Successfully loaded Data from: ./Empirical/Eigenstrat/Reichall/I0049/chr3/
Loaded Emission Model: haploid
Loaded Transition Model: model
Loaded Post Processing Model: Standard
Minimum Genetic Map: 0.0000
Maximum Genetic Map: 2.2326
Gaps bigger than 0.1 cM: 385
Maximum Gap: 0.3910 cM
Loaded Transition and Emission Matrix:
(3, 3)
(5009, 34562)
Loaded Observations:
(2, 34562)
Memory Usage: 1791.737856 mB
Reference Number: 5008
Total Log likelihood: -12857.947
Memory Usage: 1791.737856 mB
Finished Calculation State Posteriors
Saved Zero State Posterior to ./Empirical/Eigenstrat/Reichall/I0049/chr3/.
Successfully loaded for PP. from ./Empirical/Eigenstrat/Reichall/I0049/chr3/
Fraction Markers in ROH: 0.4121
Merged n=0 gaps < 0.0 M
Called n=17 ROH Blocks > 1.0 cM
Longest Block: 2.205
Successfully saved to ./Empirical/Eigenstrat/Reichall/I0049/chr3/roh.csv
Using Low-Mem Cython Linear Speed Up.
Loaded Pre Processing Model: Eigenstrat
Loading Individual: I0049

Loaded 68759 variants
Loaded 2504 individuals
HDF5 loaded from ./Data/1000Genomes/HDF5/1240kHDF5/all1240/chr4.hdf5
3 Eigenstrat Files with 5081 Individuals and 1233013 SNPs

Intersection on Positions: 68759
Nr of Matching Refs: 68759 / 68759
Full Intersection Ref/Alt Identical: 68720 / 68759
2504 / 2504 Individuals included in Reference
Extraction of 5008 Haplotypes complete
Reduced to markers called 29569 / 68720
(Fraction SNP: 0.4302823050058207)
Successfully saved to: ./Empirical/Eigenstrat/Reichall/I0049/chr4/
Successfully loaded Data from: ./Empirical/Eigenstrat/Reichall/I0049/chr4/
Loaded Emission Model: haploid
Loaded Transition Model: model
Loaded Post Processing Model: Standard
Minimum Genetic Map: 0.0034
Maximum Genetic Map: 2.1454
Gaps bigger than 0.1 cM: 355
Maximum Gap: 2.0831 cM
Loaded Transition and Emission Matrix:
(3, 3)
(5009, 29569)
Loaded Observations:
(2, 29569)
Memory Usage: 1566.33088 mB
Reference Number: 5008
Total Log likelihood: -11007.340
Memory Usage: 1566.33088 mB
Finished Calculation State Posteriors
Saved Zero State Posterior to ./Empirical/Eigenstrat/Reichall/I0049/chr4/.
Successfully loaded for PP. from ./Empirical/Eigenstrat/Reichall/I0049/chr4/
Fraction Markers in ROH: 0.4182
Merged n=0 gaps < 0.0 M
Called n=8 ROH Blocks > 1.0 cM
Longest Block: 3.172
Successfully saved to ./Empirical/Eigenstrat/Reichall/I0049/chr4/roh.csv
Using Low-Mem Cython Linear Speed Up.
Loaded Pre Processing Model: Eigenstrat
Loading Individual: I0049

Loaded 69399 variants
Loaded 2504 individuals
HDF5 loaded from ./Data/1000Genomes/HDF5/1240kHDF5/all1240/chr5.hdf5
3 Eigenstrat Files with 5081 Individuals and 1233013 SNPs

Intersection on Positions: 69399
Nr of Matching Refs: 69399 / 69399
Full Intersection Ref/Alt Identical: 69354 / 69399
2504 / 2504 Individuals included in Reference
Extraction of 5008 Haplotypes complete
Reduced to markers called 30710 / 69354
(Fraction SNP: 0.44280070363641605)
Successfully saved to: ./Empirical/Eigenstrat/Reichall/I0049/chr5/
Successfully loaded Data from: ./Empirical/Eigenstrat/Reichall/I0049/chr5/
Loaded Emission Model: haploid
Loaded Transition Model: model
Loaded Post Processing Model: Standard
Minimum Genetic Map: 0.0004
Maximum Genetic Map: 2.0409
Gaps bigger than 0.1 cM: 337
Maximum Gap: 1.2671 cM
Loaded Transition and Emission Matrix:
(3, 3)
(5009, 30710)
Loaded Observations:
(2, 30710)
Memory Usage: 1617.952768 mB
Reference Number: 5008
Total Log likelihood: -11408.943
Memory Usage: 1617.952768 mB
Finished Calculation State Posteriors
Saved Zero State Posterior to ./Empirical/Eigenstrat/Reichall/I0049/chr5/.
Successfully loaded for PP. from ./Empirical/Eigenstrat/Reichall/I0049/chr5/
Fraction Markers in ROH: 0.4033
Merged n=0 gaps < 0.0 M
Called n=10 ROH Blocks > 1.0 cM
Longest Block: 3.299
Successfully saved to ./Empirical/Eigenstrat/Reichall/I0049/chr5/roh.csv
Using Low-Mem Cython Linear Speed Up.
Loaded Pre Processing Model: Eigenstrat
Loading Individual: I0049

Loaded 75870 variants
Loaded 2504 individuals
HDF5 loaded from ./Data/1000Genomes/HDF5/1240kHDF5/all1240/chr6.hdf5
3 Eigenstrat Files with 5081 Individuals and 1233013 SNPs

Intersection on Positions: 75870
Nr of Matching Refs: 75870 / 75870
Full Intersection Ref/Alt Identical: 75816 / 75870
2504 / 2504 Individuals included in Reference
Extraction of 5008 Haplotypes complete
Reduced to markers called 33681 / 75816
(Fraction SNP: 0.4442465970243748)
Successfully saved to: ./Empirical/Eigenstrat/Reichall/I0049/chr6/
Successfully loaded Data from: ./Empirical/Eigenstrat/Reichall/I0049/chr6/
Loaded Emission Model: haploid
Loaded Transition Model: model
Loaded Post Processing Model: Standard
Minimum Genetic Map: 0.0035
Maximum Genetic Map: 1.9203
Gaps bigger than 0.1 cM: 285
Maximum Gap: 0.5066 cM
Loaded Transition and Emission Matrix:
(3, 3)
(5009, 33681)
Loaded Observations:
(2, 33681)
Memory Usage: 1752.051712 mB
Reference Number: 5008
Total Log likelihood: -12536.078
Memory Usage: 1752.051712 mB
Finished Calculation State Posteriors
Saved Zero State Posterior to ./Empirical/Eigenstrat/Reichall/I0049/chr6/.
Successfully loaded for PP. from ./Empirical/Eigenstrat/Reichall/I0049/chr6/
Fraction Markers in ROH: 0.4006
Merged n=0 gaps < 0.0 M
Called n=11 ROH Blocks > 1.0 cM
Longest Block: 2.519
Successfully saved to ./Empirical/Eigenstrat/Reichall/I0049/chr6/roh.csv
Using Low-Mem Cython Linear Speed Up.
Loaded Pre Processing Model: Eigenstrat
Loading Individual: I0049

Loaded 59890 variants
Loaded 2504 individuals
HDF5 loaded from ./Data/1000Genomes/HDF5/1240kHDF5/all1240/chr7.hdf5
3 Eigenstrat Files with 5081 Individuals and 1233013 SNPs

Intersection on Positions: 59890
Nr of Matching Refs: 59890 / 59890
Full Intersection Ref/Alt Identical: 59836 / 59890
2504 / 2504 Individuals included in Reference
Extraction of 5008 Haplotypes complete
Reduced to markers called 26302 / 59836
(Fraction SNP: 0.4395681529514005)
Successfully saved to: ./Empirical/Eigenstrat/Reichall/I0049/chr7/
Successfully loaded Data from: ./Empirical/Eigenstrat/Reichall/I0049/chr7/
Loaded Emission Model: haploid
Loaded Transition Model: model
Loaded Post Processing Model: Standard
Minimum Genetic Map: 0.0003
Maximum Genetic Map: 1.8715
Gaps bigger than 0.1 cM: 321
Maximum Gap: 0.8545 cM
Loaded Transition and Emission Matrix:
(3, 3)
(5009, 26302)
Loaded Observations:
(2, 26302)
Memory Usage: 1419.419648 mB
Reference Number: 5008
Total Log likelihood: -9600.350
Memory Usage: 1419.419648 mB
Finished Calculation State Posteriors
Saved Zero State Posterior to ./Empirical/Eigenstrat/Reichall/I0049/chr7/.
Successfully loaded for PP. from ./Empirical/Eigenstrat/Reichall/I0049/chr7/
Fraction Markers in ROH: 0.4245
Merged n=0 gaps < 0.0 M
Called n=13 ROH Blocks > 1.0 cM
Longest Block: 1.734
Successfully saved to ./Empirical/Eigenstrat/Reichall/I0049/chr7/roh.csv
Using Low-Mem Cython Linear Speed Up.
Loaded Pre Processing Model: Eigenstrat
Loading Individual: I0049

Loaded 61133 variants
Loaded 2504 individuals
HDF5 loaded from ./Data/1000Genomes/HDF5/1240kHDF5/all1240/chr8.hdf5
3 Eigenstrat Files with 5081 Individuals and 1233013 SNPs

Intersection on Positions: 61133
Nr of Matching Refs: 61133 / 61133
Full Intersection Ref/Alt Identical: 61091 / 61133
2504 / 2504 Individuals included in Reference
Extraction of 5008 Haplotypes complete
Reduced to markers called 27690 / 61091
(Fraction SNP: 0.45325825407997905)
Successfully saved to: ./Empirical/Eigenstrat/Reichall/I0049/chr8/
Successfully loaded Data from: ./Empirical/Eigenstrat/Reichall/I0049/chr8/
Loaded Emission Model: haploid
Loaded Transition Model: model
Loaded Post Processing Model: Standard
Minimum Genetic Map: 0.0000
Maximum Genetic Map: 1.6800
Gaps bigger than 0.1 cM: 251
Maximum Gap: 3.3533 cM
Loaded Transition and Emission Matrix:
(3, 3)
(5009, 27690)
Loaded Observations:
(2, 27690)
Memory Usage: 1481.998336 mB
Reference Number: 5008
Total Log likelihood: -10163.908
Memory Usage: 1481.998336 mB
Finished Calculation State Posteriors
Saved Zero State Posterior to ./Empirical/Eigenstrat/Reichall/I0049/chr8/.
Successfully loaded for PP. from ./Empirical/Eigenstrat/Reichall/I0049/chr8/
Fraction Markers in ROH: 0.4111
Merged n=0 gaps < 0.0 M
Called n=10 ROH Blocks > 1.0 cM
Longest Block: 1.821
Successfully saved to ./Empirical/Eigenstrat/Reichall/I0049/chr8/roh.csv
Using Low-Mem Cython Linear Speed Up.
Loaded Pre Processing Model: Eigenstrat
Loading Individual: I0049

Loaded 50668 variants
Loaded 2504 individuals
HDF5 loaded from ./Data/1000Genomes/HDF5/1240kHDF5/all1240/chr9.hdf5
3 Eigenstrat Files with 5081 Individuals and 1233013 SNPs

Intersection on Positions: 50668
Nr of Matching Refs: 50668 / 50668
Full Intersection Ref/Alt Identical: 50629 / 50668
2504 / 2504 Individuals included in Reference
Extraction of 5008 Haplotypes complete
Reduced to markers called 22591 / 50629
(Fraction SNP: 0.44620671946907897)
Successfully saved to: ./Empirical/Eigenstrat/Reichall/I0049/chr9/
Successfully loaded Data from: ./Empirical/Eigenstrat/Reichall/I0049/chr9/
Loaded Emission Model: haploid
Loaded Transition Model: model
Loaded Post Processing Model: Standard
Minimum Genetic Map: 0.0016
Maximum Genetic Map: 1.6630
Gaps bigger than 0.1 cM: 302
Maximum Gap: 1.9413 cM
Loaded Transition and Emission Matrix:
(3, 3)
(5009, 22591)
Loaded Observations:
(2, 22591)
Memory Usage: 1252.499456 mB
Reference Number: 5008
Total Log likelihood: -8485.326
Memory Usage: 1252.499456 mB
Finished Calculation State Posteriors
Saved Zero State Posterior to ./Empirical/Eigenstrat/Reichall/I0049/chr9/.
Successfully loaded for PP. from ./Empirical/Eigenstrat/Reichall/I0049/chr9/
Fraction Markers in ROH: 0.4112
Merged n=0 gaps < 0.0 M
Called n=18 ROH Blocks > 1.0 cM
Longest Block: 1.929
Successfully saved to ./Empirical/Eigenstrat/Reichall/I0049/chr9/roh.csv
Using Low-Mem Cython Linear Speed Up.
Loaded Pre Processing Model: Eigenstrat
Loading Individual: I0049

Loaded 58804 variants
Loaded 2504 individuals
HDF5 loaded from ./Data/1000Genomes/HDF5/1240kHDF5/all1240/chr10.hdf5
3 Eigenstrat Files with 5081 Individuals and 1233013 SNPs

Intersection on Positions: 58804
Nr of Matching Refs: 58804 / 58804
Full Intersection Ref/Alt Identical: 58763 / 58804
2504 / 2504 Individuals included in Reference
Extraction of 5008 Haplotypes complete
Reduced to markers called 26656 / 58763
(Fraction SNP: 0.453618773718156)
Successfully saved to: ./Empirical/Eigenstrat/Reichall/I0049/chr10/
Successfully loaded Data from: ./Empirical/Eigenstrat/Reichall/I0049/chr10/
Loaded Emission Model: haploid
Loaded Transition Model: model
Loaded Post Processing Model: Standard
Minimum Genetic Map: 0.0001
Maximum Genetic Map: 1.8091
Gaps bigger than 0.1 cM: 292
Maximum Gap: 2.0340 cM
Loaded Transition and Emission Matrix:
(3, 3)
(5009, 26656)
Loaded Observations:
(2, 26656)
Memory Usage: 1435.758592 mB
Reference Number: 5008
Total Log likelihood: -9752.477
Memory Usage: 1435.758592 mB
Finished Calculation State Posteriors
Saved Zero State Posterior to ./Empirical/Eigenstrat/Reichall/I0049/chr10/.
Successfully loaded for PP. from ./Empirical/Eigenstrat/Reichall/I0049/chr10/
Fraction Markers in ROH: 0.4046
Merged n=0 gaps < 0.0 M
Called n=10 ROH Blocks > 1.0 cM
Longest Block: 2.865
Successfully saved to ./Empirical/Eigenstrat/Reichall/I0049/chr10/roh.csv
Using Low-Mem Cython Linear Speed Up.
Loaded Pre Processing Model: Eigenstrat
Loading Individual: I0049

Loaded 54833 variants
Loaded 2504 individuals
HDF5 loaded from ./Data/1000Genomes/HDF5/1240kHDF5/all1240/chr11.hdf5
3 Eigenstrat Files with 5081 Individuals and 1233013 SNPs

Intersection on Positions: 54833
Nr of Matching Refs: 54833 / 54833
Full Intersection Ref/Alt Identical: 54796 / 54833
2504 / 2504 Individuals included in Reference
Extraction of 5008 Haplotypes complete
Reduced to markers called 24406 / 54796
(Fraction SNP: 0.44539747426819476)
Successfully saved to: ./Empirical/Eigenstrat/Reichall/I0049/chr11/
Successfully loaded Data from: ./Empirical/Eigenstrat/Reichall/I0049/chr11/
Loaded Emission Model: haploid
Loaded Transition Model: model
Loaded Post Processing Model: Standard
Minimum Genetic Map: 0.0001
Maximum Genetic Map: 1.5822
Gaps bigger than 0.1 cM: 266
Maximum Gap: 0.5279 cM
Loaded Transition and Emission Matrix:
(3, 3)
(5009, 24406)
Loaded Observations:
(2, 24406)
Memory Usage: 1334.136832 mB
Reference Number: 5008
Total Log likelihood: -9219.287
Memory Usage: 1334.136832 mB
Finished Calculation State Posteriors
Saved Zero State Posterior to ./Empirical/Eigenstrat/Reichall/I0049/chr11/.
Successfully loaded for PP. from ./Empirical/Eigenstrat/Reichall/I0049/chr11/
Fraction Markers in ROH: 0.3911
Merged n=0 gaps < 0.0 M
Called n=7 ROH Blocks > 1.0 cM
Longest Block: 1.953
Successfully saved to ./Empirical/Eigenstrat/Reichall/I0049/chr11/roh.csv
Using Low-Mem Cython Linear Speed Up.
Loaded Pre Processing Model: Eigenstrat
Loading Individual: I0049

Loaded 53911 variants
Loaded 2504 individuals
HDF5 loaded from ./Data/1000Genomes/HDF5/1240kHDF5/all1240/chr12.hdf5
3 Eigenstrat Files with 5081 Individuals and 1233013 SNPs

Intersection on Positions: 53911
Nr of Matching Refs: 53911 / 53911
Full Intersection Ref/Alt Identical: 53884 / 53911
2504 / 2504 Individuals included in Reference
Extraction of 5008 Haplotypes complete
Reduced to markers called 24014 / 53884
(Fraction SNP: 0.4456610496622374)
Successfully saved to: ./Empirical/Eigenstrat/Reichall/I0049/chr12/
Successfully loaded Data from: ./Empirical/Eigenstrat/Reichall/I0049/chr12/
Loaded Emission Model: haploid
Loaded Transition Model: model
Loaded Post Processing Model: Standard
Minimum Genetic Map: 0.0017
Maximum Genetic Map: 1.7468
Gaps bigger than 0.1 cM: 297
Maximum Gap: 0.8437 cM
Loaded Transition and Emission Matrix:
(3, 3)
(5009, 24014)
Loaded Observations:
(2, 24014)
Memory Usage: 1317.044224 mB
Reference Number: 5008
Total Log likelihood: -9030.366
Memory Usage: 1317.044224 mB
Finished Calculation State Posteriors
Saved Zero State Posterior to ./Empirical/Eigenstrat/Reichall/I0049/chr12/.
Successfully loaded for PP. from ./Empirical/Eigenstrat/Reichall/I0049/chr12/
Fraction Markers in ROH: 0.4119
Merged n=0 gaps < 0.0 M
Called n=11 ROH Blocks > 1.0 cM
Longest Block: 2.015
Successfully saved to ./Empirical/Eigenstrat/Reichall/I0049/chr12/roh.csv
Using Low-Mem Cython Linear Speed Up.
Loaded Pre Processing Model: Eigenstrat
Loading Individual: I0049

Loaded 39018 variants
Loaded 2504 individuals
HDF5 loaded from ./Data/1000Genomes/HDF5/1240kHDF5/all1240/chr13.hdf5
3 Eigenstrat Files with 5081 Individuals and 1233013 SNPs

Intersection on Positions: 39018
Nr of Matching Refs: 39018 / 39018
Full Intersection Ref/Alt Identical: 38994 / 39018
2504 / 2504 Individuals included in Reference
Extraction of 5008 Haplotypes complete
Reduced to markers called 17083 / 38994
(Fraction SNP: 0.43809303995486487)
Successfully saved to: ./Empirical/Eigenstrat/Reichall/I0049/chr13/
Successfully loaded Data from: ./Empirical/Eigenstrat/Reichall/I0049/chr13/
Loaded Emission Model: haploid
Loaded Transition Model: model
Loaded Post Processing Model: Standard
Minimum Genetic Map: 0.0019
Maximum Genetic Map: 1.2570
Gaps bigger than 0.1 cM: 226
Maximum Gap: 1.2227 cM
Loaded Transition and Emission Matrix:
(3, 3)
(5009, 17083)
Loaded Observations:
(2, 17083)
Memory Usage: 1004.224512 mB
Reference Number: 5008
Total Log likelihood: -6491.208
Memory Usage: 1004.224512 mB
Finished Calculation State Posteriors
Saved Zero State Posterior to ./Empirical/Eigenstrat/Reichall/I0049/chr13/.
Successfully loaded for PP. from ./Empirical/Eigenstrat/Reichall/I0049/chr13/
Fraction Markers in ROH: 0.4194
Merged n=0 gaps < 0.0 M
Called n=16 ROH Blocks > 1.0 cM
Longest Block: 2.492
Successfully saved to ./Empirical/Eigenstrat/Reichall/I0049/chr13/roh.csv
Using Low-Mem Cython Linear Speed Up.
Loaded Pre Processing Model: Eigenstrat
Loading Individual: I0049

Loaded 36301 variants
Loaded 2504 individuals
HDF5 loaded from ./Data/1000Genomes/HDF5/1240kHDF5/all1240/chr14.hdf5
3 Eigenstrat Files with 5081 Individuals and 1233013 SNPs

Intersection on Positions: 36301
Nr of Matching Refs: 36301 / 36301
Full Intersection Ref/Alt Identical: 36280 / 36301
2504 / 2504 Individuals included in Reference
Extraction of 5008 Haplotypes complete
Reduced to markers called 15967 / 36280
(Fraction SNP: 0.44010474090407936)
Successfully saved to: ./Empirical/Eigenstrat/Reichall/I0049/chr14/
Successfully loaded Data from: ./Empirical/Eigenstrat/Reichall/I0049/chr14/
Loaded Emission Model: haploid
Loaded Transition Model: model
Loaded Post Processing Model: Standard
Minimum Genetic Map: 0.0161
Maximum Genetic Map: 1.2020
Gaps bigger than 0.1 cM: 210
Maximum Gap: 2.8973 cM
Loaded Transition and Emission Matrix:
(3, 3)
(5009, 15967)
Loaded Observations:
(2, 15967)
Memory Usage: 954.55232 mB
Reference Number: 5008
Total Log likelihood: -5984.485
Memory Usage: 954.55232 mB
Finished Calculation State Posteriors
Saved Zero State Posterior to ./Empirical/Eigenstrat/Reichall/I0049/chr14/.
Successfully loaded for PP. from ./Empirical/Eigenstrat/Reichall/I0049/chr14/
Fraction Markers in ROH: 0.4160
Merged n=0 gaps < 0.0 M
Called n=5 ROH Blocks > 1.0 cM
Longest Block: 2.840
Successfully saved to ./Empirical/Eigenstrat/Reichall/I0049/chr14/roh.csv
Using Low-Mem Cython Linear Speed Up.
Loaded Pre Processing Model: Eigenstrat
Loading Individual: I0049

Loaded 34429 variants
Loaded 2504 individuals
HDF5 loaded from ./Data/1000Genomes/HDF5/1240kHDF5/all1240/chr15.hdf5
3 Eigenstrat Files with 5081 Individuals and 1233013 SNPs

Intersection on Positions: 34429
Nr of Matching Refs: 34429 / 34429
Full Intersection Ref/Alt Identical: 34407 / 34429
2504 / 2504 Individuals included in Reference
Extraction of 5008 Haplotypes complete
Reduced to markers called 15512 / 34407
(Fraction SNP: 0.45083849216729155)
Successfully saved to: ./Empirical/Eigenstrat/Reichall/I0049/chr15/
Successfully loaded Data from: ./Empirical/Eigenstrat/Reichall/I0049/chr15/
Loaded Emission Model: haploid
Loaded Transition Model: model
Loaded Post Processing Model: Standard
Minimum Genetic Map: 0.0002
Maximum Genetic Map: 1.4135
Gaps bigger than 0.1 cM: 223
Maximum Gap: 13.7349 cM
Loaded Transition and Emission Matrix:
(3, 3)
(5009, 15512)
Loaded Observations:
(2, 15512)
Memory Usage: 934.121472 mB
Reference Number: 5008
Total Log likelihood: -5773.990
Memory Usage: 934.121472 mB
Finished Calculation State Posteriors
Saved Zero State Posterior to ./Empirical/Eigenstrat/Reichall/I0049/chr15/.
Successfully loaded for PP. from ./Empirical/Eigenstrat/Reichall/I0049/chr15/
Fraction Markers in ROH: 0.4032
Merged n=0 gaps < 0.0 M
Called n=8 ROH Blocks > 1.0 cM
Longest Block: 1.596
Successfully saved to ./Empirical/Eigenstrat/Reichall/I0049/chr15/roh.csv
Using Low-Mem Cython Linear Speed Up.
Loaded Pre Processing Model: Eigenstrat
Loading Individual: I0049

Loaded 34402 variants
Loaded 2504 individuals
HDF5 loaded from ./Data/1000Genomes/HDF5/1240kHDF5/all1240/chr16.hdf5
3 Eigenstrat Files with 5081 Individuals and 1233013 SNPs

Intersection on Positions: 34402
Nr of Matching Refs: 34402 / 34402
Full Intersection Ref/Alt Identical: 34375 / 34402
2504 / 2504 Individuals included in Reference
Extraction of 5008 Haplotypes complete
Reduced to markers called 15731 / 34375
(Fraction SNP: 0.45762909090909093)
Successfully saved to: ./Empirical/Eigenstrat/Reichall/I0049/chr16/
Successfully loaded Data from: ./Empirical/Eigenstrat/Reichall/I0049/chr16/
Loaded Emission Model: haploid
Loaded Transition Model: model
Loaded Post Processing Model: Standard
Minimum Genetic Map: 0.0000
Maximum Genetic Map: 1.3403
Gaps bigger than 0.1 cM: 255
Maximum Gap: 0.8461 cM
Loaded Transition and Emission Matrix:
(3, 3)
(5009, 15731)
Loaded Observations:
(2, 15731)
Memory Usage: 944.050176 mB
Reference Number: 5008
Total Log likelihood: -6096.328
Memory Usage: 944.050176 mB
Finished Calculation State Posteriors
Saved Zero State Posterior to ./Empirical/Eigenstrat/Reichall/I0049/chr16/.
Successfully loaded for PP. from ./Empirical/Eigenstrat/Reichall/I0049/chr16/
Fraction Markers in ROH: 0.3784
Merged n=0 gaps < 0.0 M
Called n=4 ROH Blocks > 1.0 cM
Longest Block: 3.436
Successfully saved to ./Empirical/Eigenstrat/Reichall/I0049/chr16/roh.csv
Using Low-Mem Cython Linear Speed Up.
Loaded Pre Processing Model: Eigenstrat
Loading Individual: I0049

Loaded 29314 variants
Loaded 2504 individuals
HDF5 loaded from ./Data/1000Genomes/HDF5/1240kHDF5/all1240/chr17.hdf5
3 Eigenstrat Files with 5081 Individuals and 1233013 SNPs

Intersection on Positions: 29314
Nr of Matching Refs: 29314 / 29314
Full Intersection Ref/Alt Identical: 29292 / 29314
2504 / 2504 Individuals included in Reference
Extraction of 5008 Haplotypes complete
Reduced to markers called 13178 / 29292
(Fraction SNP: 0.4498839273521781)
Successfully saved to: ./Empirical/Eigenstrat/Reichall/I0049/chr17/
Successfully loaded Data from: ./Empirical/Eigenstrat/Reichall/I0049/chr17/
Loaded Emission Model: haploid
Loaded Transition Model: model
Loaded Post Processing Model: Standard
Minimum Genetic Map: -0.0002
Maximum Genetic Map: 1.2844
Gaps bigger than 0.1 cM: 251
Maximum Gap: 1.2341 cM
Loaded Transition and Emission Matrix:
(3, 3)
(5009, 13178)
Loaded Observations:
(2, 13178)
Memory Usage: 828.710912 mB
Reference Number: 5008
Total Log likelihood: -4928.901
Memory Usage: 828.710912 mB
Finished Calculation State Posteriors
Saved Zero State Posterior to ./Empirical/Eigenstrat/Reichall/I0049/chr17/.
Successfully loaded for PP. from ./Empirical/Eigenstrat/Reichall/I0049/chr17/
Fraction Markers in ROH: 0.4099
Merged n=0 gaps < 0.0 M
Called n=8 ROH Blocks > 1.0 cM
Longest Block: 2.329
Successfully saved to ./Empirical/Eigenstrat/Reichall/I0049/chr17/roh.csv
Using Low-Mem Cython Linear Speed Up.
Loaded Pre Processing Model: Eigenstrat
Loading Individual: I0049

Loaded 33917 variants
Loaded 2504 individuals
HDF5 loaded from ./Data/1000Genomes/HDF5/1240kHDF5/all1240/chr18.hdf5
3 Eigenstrat Files with 5081 Individuals and 1233013 SNPs

Intersection on Positions: 33917
Nr of Matching Refs: 33917 / 33917
Full Intersection Ref/Alt Identical: 33902 / 33917
2504 / 2504 Individuals included in Reference
Extraction of 5008 Haplotypes complete
Reduced to markers called 14940 / 33902
(Fraction SNP: 0.4406819656657424)
Successfully saved to: ./Empirical/Eigenstrat/Reichall/I0049/chr18/
Successfully loaded Data from: ./Empirical/Eigenstrat/Reichall/I0049/chr18/
Loaded Emission Model: haploid
Loaded Transition Model: model
Loaded Post Processing Model: Standard
Minimum Genetic Map: 0.0025
Maximum Genetic Map: 1.1771
Gaps bigger than 0.1 cM: 212
Maximum Gap: 0.4864 cM
Loaded Transition and Emission Matrix:
(3, 3)
(5009, 14940)
Loaded Observations:
(2, 14940)
Memory Usage: 907.931648 mB
Reference Number: 5008
Total Log likelihood: -5511.616
Memory Usage: 907.931648 mB
Finished Calculation State Posteriors
Saved Zero State Posterior to ./Empirical/Eigenstrat/Reichall/I0049/chr18/.
Successfully loaded for PP. from ./Empirical/Eigenstrat/Reichall/I0049/chr18/
Fraction Markers in ROH: 0.4021
Merged n=0 gaps < 0.0 M
Called n=7 ROH Blocks > 1.0 cM
Longest Block: 2.615
Successfully saved to ./Empirical/Eigenstrat/Reichall/I0049/chr18/roh.csv
Using Low-Mem Cython Linear Speed Up.
Loaded Pre Processing Model: Eigenstrat
Loading Individual: I0049

Loaded 18460 variants
Loaded 2504 individuals
HDF5 loaded from ./Data/1000Genomes/HDF5/1240kHDF5/all1240/chr19.hdf5
3 Eigenstrat Files with 5081 Individuals and 1233013 SNPs

Intersection on Positions: 18460
Nr of Matching Refs: 18460 / 18460
Full Intersection Ref/Alt Identical: 18441 / 18460
2504 / 2504 Individuals included in Reference
Extraction of 5008 Haplotypes complete
Reduced to markers called 8111 / 18441
(Fraction SNP: 0.43983514993763895)
Successfully saved to: ./Empirical/Eigenstrat/Reichall/I0049/chr19/
Successfully loaded Data from: ./Empirical/Eigenstrat/Reichall/I0049/chr19/
Loaded Emission Model: haploid
Loaded Transition Model: model
Loaded Post Processing Model: Standard
Minimum Genetic Map: 0.0000
Maximum Genetic Map: 1.0773
Gaps bigger than 0.1 cM: 255
Maximum Gap: 0.6114 cM
Loaded Transition and Emission Matrix:
(3, 3)
(5009, 8111)
Loaded Observations:
(2, 8111)
Memory Usage: 600.69888 mB
Reference Number: 5008
Total Log likelihood: -3055.912
Memory Usage: 600.69888 mB
Finished Calculation State Posteriors
Saved Zero State Posterior to ./Empirical/Eigenstrat/Reichall/I0049/chr19/.
Successfully loaded for PP. from ./Empirical/Eigenstrat/Reichall/I0049/chr19/
Fraction Markers in ROH: 0.4024
Merged n=0 gaps < 0.0 M
Called n=8 ROH Blocks > 1.0 cM
Longest Block: 4.031
Successfully saved to ./Empirical/Eigenstrat/Reichall/I0049/chr19/roh.csv
Using Low-Mem Cython Linear Speed Up.
Loaded Pre Processing Model: Eigenstrat
Loading Individual: I0049

Loaded 29078 variants
Loaded 2504 individuals
HDF5 loaded from ./Data/1000Genomes/HDF5/1240kHDF5/all1240/chr20.hdf5
3 Eigenstrat Files with 5081 Individuals and 1233013 SNPs

Intersection on Positions: 29078
Nr of Matching Refs: 29078 / 29078
Full Intersection Ref/Alt Identical: 29053 / 29078
2504 / 2504 Individuals included in Reference
Extraction of 5008 Haplotypes complete
Reduced to markers called 13352 / 29053
(Fraction SNP: 0.45957388221526174)
Successfully saved to: ./Empirical/Eigenstrat/Reichall/I0049/chr20/
Successfully loaded Data from: ./Empirical/Eigenstrat/Reichall/I0049/chr20/
Loaded Emission Model: haploid
Loaded Transition Model: model
Loaded Post Processing Model: Standard
Minimum Genetic Map: 0.0000
Maximum Genetic Map: 1.0821
Gaps bigger than 0.1 cM: 219
Maximum Gap: 0.5669 cM
Loaded Transition and Emission Matrix:
(3, 3)
(5009, 13352)
Loaded Observations:
(2, 13352)
Memory Usage: 836.452352 mB
Reference Number: 5008
Total Log likelihood: -5085.801
Memory Usage: 836.452352 mB
Finished Calculation State Posteriors
Saved Zero State Posterior to ./Empirical/Eigenstrat/Reichall/I0049/chr20/.
Successfully loaded for PP. from ./Empirical/Eigenstrat/Reichall/I0049/chr20/
Fraction Markers in ROH: 0.3877
Merged n=0 gaps < 0.0 M
Called n=5 ROH Blocks > 1.0 cM
Longest Block: 1.689
Successfully saved to ./Empirical/Eigenstrat/Reichall/I0049/chr20/roh.csv
Using Low-Mem Cython Linear Speed Up.
Loaded Pre Processing Model: Eigenstrat
Loading Individual: I0049

Loaded 16038 variants
Loaded 2504 individuals
HDF5 loaded from ./Data/1000Genomes/HDF5/1240kHDF5/all1240/chr21.hdf5
3 Eigenstrat Files with 5081 Individuals and 1233013 SNPs

Intersection on Positions: 16038
Nr of Matching Refs: 16038 / 16038
Full Intersection Ref/Alt Identical: 16031 / 16038
2504 / 2504 Individuals included in Reference
Extraction of 5008 Haplotypes complete
Reduced to markers called 7063 / 16031
(Fraction SNP: 0.44058386875428857)
Successfully saved to: ./Empirical/Eigenstrat/Reichall/I0049/chr21/
Successfully loaded Data from: ./Empirical/Eigenstrat/Reichall/I0049/chr21/
Loaded Emission Model: haploid
Loaded Transition Model: model
Loaded Post Processing Model: Standard
Minimum Genetic Map: 0.0089
Maximum Genetic Map: 0.6277
Gaps bigger than 0.1 cM: 132
Maximum Gap: 0.6152 cM
Loaded Transition and Emission Matrix:
(3, 3)
(5009, 7063)
Loaded Observations:
(2, 7063)
Memory Usage: 553.234432 mB
Reference Number: 5008
Total Log likelihood: -2678.719
Memory Usage: 553.234432 mB
Finished Calculation State Posteriors
Saved Zero State Posterior to ./Empirical/Eigenstrat/Reichall/I0049/chr21/.
Successfully loaded for PP. from ./Empirical/Eigenstrat/Reichall/I0049/chr21/
Fraction Markers in ROH: 0.3623
Merged n=0 gaps < 0.0 M
Called n=4 ROH Blocks > 1.0 cM
Longest Block: 1.702
Successfully saved to ./Empirical/Eigenstrat/Reichall/I0049/chr21/roh.csv
Using Low-Mem Cython Linear Speed Up.
Loaded Pre Processing Model: Eigenstrat
Loading Individual: I0049

Loaded 15802 variants
Loaded 2504 individuals
HDF5 loaded from ./Data/1000Genomes/HDF5/1240kHDF5/all1240/chr22.hdf5
3 Eigenstrat Files with 5081 Individuals and 1233013 SNPs

Intersection on Positions: 15802
Nr of Matching Refs: 15802 / 15802
Full Intersection Ref/Alt Identical: 15793 / 15802
2504 / 2504 Individuals included in Reference
Extraction of 5008 Haplotypes complete
Reduced to markers called 7196 / 15793
(Fraction SNP: 0.4556449059709998)
Successfully saved to: ./Empirical/Eigenstrat/Reichall/I0049/chr22/
Successfully loaded Data from: ./Empirical/Eigenstrat/Reichall/I0049/chr22/
Loaded Emission Model: haploid
Loaded Transition Model: model
Loaded Post Processing Model: Standard
Minimum Genetic Map: 0.0171
Maximum Genetic Map: 0.7408
Gaps bigger than 0.1 cM: 138
Maximum Gap: 1.6206 cM
Loaded Transition and Emission Matrix:
(3, 3)
(5009, 7196)
Loaded Observations:
(2, 7196)
Memory Usage: 559.28832 mB
Reference Number: 5008
Total Log likelihood: -2771.543
Memory Usage: 559.28832 mB
Finished Calculation State Posteriors
Saved Zero State Posterior to ./Empirical/Eigenstrat/Reichall/I0049/chr22/.
Successfully loaded for PP. from ./Empirical/Eigenstrat/Reichall/I0049/chr22/
Fraction Markers in ROH: 0.3820
Merged n=0 gaps < 0.0 M
Called n=4 ROH Blocks > 1.0 cM
Longest Block: 1.943
Successfully saved to ./Empirical/Eigenstrat/Reichall/I0049/chr22/roh.csv
