Loaded 2106 / 5081 ancient Indivdiuals Anno File.
Doing Individual I2433...
Using Low-Mem Cython Linear Speed Up.
Loaded Pre Processing Model: Eigenstrat
Loading Individual: I2433

Loaded 89147 variants
Loaded 2504 individuals
HDF5 loaded from ./Data/1000Genomes/HDF5/1240kHDF5/all1240/chr1.hdf5
3 Eigenstrat Files with 5081 Individuals and 1233013 SNPs

Intersection on Positions: 89147
Nr of Matching Refs: 89147 / 89147
Full Intersection Ref/Alt Identical: 89082 / 89147
2504 / 2504 Individuals included in Reference
Extraction of 5008 Haplotypes complete
Reduced to markers called 42441 / 89082
(Fraction SNP: 0.4764262140499764)
Successfully saved to: ./Empirical/Eigenstrat/Reichall/I2433/chr1/
Successfully loaded Data from: ./Empirical/Eigenstrat/Reichall/I2433/chr1/
Loaded Emission Model: haploid
Loaded Transition Model: model
Loaded Post Processing Model: Standard
Minimum Genetic Map: 0.0201
Maximum Genetic Map: 2.8627
Gaps bigger than 0.1 cM: 417
Maximum Gap: 2.9476 cM
Loaded Transition and Emission Matrix:
(3, 3)
(5009, 42441)
Loaded Observations:
(2, 42441)
Memory Usage: 2108.215296 mB
Reference Number: 5008
Total Log likelihood: -15608.595
Memory Usage: 2108.674048 mB
Finished Calculation State Posteriors
Saved Zero State Posterior to ./Empirical/Eigenstrat/Reichall/I2433/chr1/.
Successfully loaded for PP. from ./Empirical/Eigenstrat/Reichall/I2433/chr1/
Fraction Markers in ROH: 0.3967
Merged n=0 gaps < 0.0 M
Called n=16 ROH Blocks > 1.0 cM
Longest Block: 2.135
Successfully saved to ./Empirical/Eigenstrat/Reichall/I2433/chr1/roh.csv
Using Low-Mem Cython Linear Speed Up.
Loaded Pre Processing Model: Eigenstrat
Loading Individual: I2433

Loaded 94239 variants
Loaded 2504 individuals
HDF5 loaded from ./Data/1000Genomes/HDF5/1240kHDF5/all1240/chr2.hdf5
3 Eigenstrat Files with 5081 Individuals and 1233013 SNPs

Intersection on Positions: 94239
Nr of Matching Refs: 94239 / 94239
Full Intersection Ref/Alt Identical: 94173 / 94239
2504 / 2504 Individuals included in Reference
Extraction of 5008 Haplotypes complete
Reduced to markers called 41826 / 94173
(Fraction SNP: 0.4441400401388933)
Successfully saved to: ./Empirical/Eigenstrat/Reichall/I2433/chr2/
Successfully loaded Data from: ./Empirical/Eigenstrat/Reichall/I2433/chr2/
Loaded Emission Model: haploid
Loaded Transition Model: model
Loaded Post Processing Model: Standard
Minimum Genetic Map: 0.0002
Maximum Genetic Map: 2.6883
Gaps bigger than 0.1 cM: 409
Maximum Gap: 2.1104 cM
Loaded Transition and Emission Matrix:
(3, 3)
(5009, 41826)
Loaded Observations:
(2, 41826)
Memory Usage: 2119.626752 mB
Reference Number: 5008
Total Log likelihood: -15337.683
Memory Usage: 2119.626752 mB
Finished Calculation State Posteriors
Saved Zero State Posterior to ./Empirical/Eigenstrat/Reichall/I2433/chr2/.
Successfully loaded for PP. from ./Empirical/Eigenstrat/Reichall/I2433/chr2/
Fraction Markers in ROH: 0.4326
Merged n=0 gaps < 0.0 M
Called n=20 ROH Blocks > 1.0 cM
Longest Block: 2.824
Successfully saved to ./Empirical/Eigenstrat/Reichall/I2433/chr2/roh.csv
Using Low-Mem Cython Linear Speed Up.
Loaded Pre Processing Model: Eigenstrat
Loading Individual: I2433

Loaded 77652 variants
Loaded 2504 individuals
HDF5 loaded from ./Data/1000Genomes/HDF5/1240kHDF5/all1240/chr3.hdf5
3 Eigenstrat Files with 5081 Individuals and 1233013 SNPs

Intersection on Positions: 77652
Nr of Matching Refs: 77652 / 77652
Full Intersection Ref/Alt Identical: 77601 / 77652
2504 / 2504 Individuals included in Reference
Extraction of 5008 Haplotypes complete
Reduced to markers called 33834 / 77601
(Fraction SNP: 0.4359995360884525)
Successfully saved to: ./Empirical/Eigenstrat/Reichall/I2433/chr3/
Successfully loaded Data from: ./Empirical/Eigenstrat/Reichall/I2433/chr3/
Loaded Emission Model: haploid
Loaded Transition Model: model
Loaded Post Processing Model: Standard
Minimum Genetic Map: 0.0001
Maximum Genetic Map: 2.2326
Gaps bigger than 0.1 cM: 364
Maximum Gap: 0.4415 cM
Loaded Transition and Emission Matrix:
(3, 3)
(5009, 33834)
Loaded Observations:
(2, 33834)
Memory Usage: 1759.670272 mB
Reference Number: 5008
Total Log likelihood: -10491.095
Memory Usage: 1759.670272 mB
Finished Calculation State Posteriors
Saved Zero State Posterior to ./Empirical/Eigenstrat/Reichall/I2433/chr3/.
Successfully loaded for PP. from ./Empirical/Eigenstrat/Reichall/I2433/chr3/
Fraction Markers in ROH: 0.5312
Merged n=0 gaps < 0.0 M
Called n=18 ROH Blocks > 1.0 cM
Longest Block: 30.406
Successfully saved to ./Empirical/Eigenstrat/Reichall/I2433/chr3/roh.csv
Using Low-Mem Cython Linear Speed Up.
Loaded Pre Processing Model: Eigenstrat
Loading Individual: I2433

Loaded 68759 variants
Loaded 2504 individuals
HDF5 loaded from ./Data/1000Genomes/HDF5/1240kHDF5/all1240/chr4.hdf5
3 Eigenstrat Files with 5081 Individuals and 1233013 SNPs

Intersection on Positions: 68759
Nr of Matching Refs: 68759 / 68759
Full Intersection Ref/Alt Identical: 68720 / 68759
2504 / 2504 Individuals included in Reference
Extraction of 5008 Haplotypes complete
Reduced to markers called 26925 / 68720
(Fraction SNP: 0.3918073341094296)
Successfully saved to: ./Empirical/Eigenstrat/Reichall/I2433/chr4/
Successfully loaded Data from: ./Empirical/Eigenstrat/Reichall/I2433/chr4/
Loaded Emission Model: haploid
Loaded Transition Model: model
Loaded Post Processing Model: Standard
Minimum Genetic Map: 0.0034
Maximum Genetic Map: 2.1454
Gaps bigger than 0.1 cM: 375
Maximum Gap: 2.1410 cM
Loaded Transition and Emission Matrix:
(3, 3)
(5009, 26925)
Loaded Observations:
(2, 26925)
Memory Usage: 1448.361984 mB
Reference Number: 5008
Total Log likelihood: -9649.151
Memory Usage: 1448.361984 mB
Finished Calculation State Posteriors
Saved Zero State Posterior to ./Empirical/Eigenstrat/Reichall/I2433/chr4/.
Successfully loaded for PP. from ./Empirical/Eigenstrat/Reichall/I2433/chr4/
Fraction Markers in ROH: 0.4149
Merged n=0 gaps < 0.0 M
Called n=17 ROH Blocks > 1.0 cM
Longest Block: 2.654
Successfully saved to ./Empirical/Eigenstrat/Reichall/I2433/chr4/roh.csv
Using Low-Mem Cython Linear Speed Up.
Loaded Pre Processing Model: Eigenstrat
Loading Individual: I2433

Loaded 69399 variants
Loaded 2504 individuals
HDF5 loaded from ./Data/1000Genomes/HDF5/1240kHDF5/all1240/chr5.hdf5
3 Eigenstrat Files with 5081 Individuals and 1233013 SNPs

Intersection on Positions: 69399
Nr of Matching Refs: 69399 / 69399
Full Intersection Ref/Alt Identical: 69354 / 69399
2504 / 2504 Individuals included in Reference
Extraction of 5008 Haplotypes complete
Reduced to markers called 30371 / 69354
(Fraction SNP: 0.4379127375493843)
Successfully saved to: ./Empirical/Eigenstrat/Reichall/I2433/chr5/
Successfully loaded Data from: ./Empirical/Eigenstrat/Reichall/I2433/chr5/
Loaded Emission Model: haploid
Loaded Transition Model: model
Loaded Post Processing Model: Standard
Minimum Genetic Map: 0.0004
Maximum Genetic Map: 2.0409
Gaps bigger than 0.1 cM: 346
Maximum Gap: 1.1070 cM
Loaded Transition and Emission Matrix:
(3, 3)
(5009, 30371)
Loaded Observations:
(2, 30371)
Memory Usage: 1604.4032 mB
Reference Number: 5008
Total Log likelihood: -10965.608
Memory Usage: 1602.793472 mB
Finished Calculation State Posteriors
Saved Zero State Posterior to ./Empirical/Eigenstrat/Reichall/I2433/chr5/.
Successfully loaded for PP. from ./Empirical/Eigenstrat/Reichall/I2433/chr5/
Fraction Markers in ROH: 0.4328
Merged n=0 gaps < 0.0 M
Called n=19 ROH Blocks > 1.0 cM
Longest Block: 2.560
Successfully saved to ./Empirical/Eigenstrat/Reichall/I2433/chr5/roh.csv
Using Low-Mem Cython Linear Speed Up.
Loaded Pre Processing Model: Eigenstrat
Loading Individual: I2433

Loaded 75870 variants
Loaded 2504 individuals
HDF5 loaded from ./Data/1000Genomes/HDF5/1240kHDF5/all1240/chr6.hdf5
3 Eigenstrat Files with 5081 Individuals and 1233013 SNPs

Intersection on Positions: 75870
Nr of Matching Refs: 75870 / 75870
Full Intersection Ref/Alt Identical: 75816 / 75870
2504 / 2504 Individuals included in Reference
Extraction of 5008 Haplotypes complete
Reduced to markers called 33329 / 75816
(Fraction SNP: 0.4396037775667405)
Successfully saved to: ./Empirical/Eigenstrat/Reichall/I2433/chr6/
Successfully loaded Data from: ./Empirical/Eigenstrat/Reichall/I2433/chr6/
Loaded Emission Model: haploid
Loaded Transition Model: model
Loaded Post Processing Model: Standard
Minimum Genetic Map: 0.0035
Maximum Genetic Map: 1.9203
Gaps bigger than 0.1 cM: 263
Maximum Gap: 0.5122 cM
Loaded Transition and Emission Matrix:
(3, 3)
(5009, 33329)
Loaded Observations:
(2, 33329)
Memory Usage: 1736.84736 mB
Reference Number: 5008
Total Log likelihood: -11698.947
Memory Usage: 1736.863744 mB
Finished Calculation State Posteriors
Saved Zero State Posterior to ./Empirical/Eigenstrat/Reichall/I2433/chr6/.
Successfully loaded for PP. from ./Empirical/Eigenstrat/Reichall/I2433/chr6/
Fraction Markers in ROH: 0.4342
Merged n=0 gaps < 0.0 M
Called n=14 ROH Blocks > 1.0 cM
Longest Block: 2.226
Successfully saved to ./Empirical/Eigenstrat/Reichall/I2433/chr6/roh.csv
Using Low-Mem Cython Linear Speed Up.
Loaded Pre Processing Model: Eigenstrat
Loading Individual: I2433

Loaded 59890 variants
Loaded 2504 individuals
HDF5 loaded from ./Data/1000Genomes/HDF5/1240kHDF5/all1240/chr7.hdf5
3 Eigenstrat Files with 5081 Individuals and 1233013 SNPs

Intersection on Positions: 59890
Nr of Matching Refs: 59890 / 59890
Full Intersection Ref/Alt Identical: 59836 / 59890
2504 / 2504 Individuals included in Reference
Extraction of 5008 Haplotypes complete
Reduced to markers called 26321 / 59836
(Fraction SNP: 0.43988568754595897)
Successfully saved to: ./Empirical/Eigenstrat/Reichall/I2433/chr7/
Successfully loaded Data from: ./Empirical/Eigenstrat/Reichall/I2433/chr7/
Loaded Emission Model: haploid
Loaded Transition Model: model
Loaded Post Processing Model: Standard
Minimum Genetic Map: 0.0001
Maximum Genetic Map: 1.8715
Gaps bigger than 0.1 cM: 300
Maximum Gap: 0.8484 cM
Loaded Transition and Emission Matrix:
(3, 3)
(5009, 26321)
Loaded Observations:
(2, 26321)
Memory Usage: 1420.701696 mB
Reference Number: 5008
Total Log likelihood: -9825.325
Memory Usage: 1420.701696 mB
Finished Calculation State Posteriors
Saved Zero State Posterior to ./Empirical/Eigenstrat/Reichall/I2433/chr7/.
Successfully loaded for PP. from ./Empirical/Eigenstrat/Reichall/I2433/chr7/
Fraction Markers in ROH: 0.4204
Merged n=0 gaps < 0.0 M
Called n=8 ROH Blocks > 1.0 cM
Longest Block: 1.975
Successfully saved to ./Empirical/Eigenstrat/Reichall/I2433/chr7/roh.csv
Using Low-Mem Cython Linear Speed Up.
Loaded Pre Processing Model: Eigenstrat
Loading Individual: I2433

Loaded 61133 variants
Loaded 2504 individuals
HDF5 loaded from ./Data/1000Genomes/HDF5/1240kHDF5/all1240/chr8.hdf5
3 Eigenstrat Files with 5081 Individuals and 1233013 SNPs

Intersection on Positions: 61133
Nr of Matching Refs: 61133 / 61133
Full Intersection Ref/Alt Identical: 61091 / 61133
2504 / 2504 Individuals included in Reference
Extraction of 5008 Haplotypes complete
Reduced to markers called 27283 / 61091
(Fraction SNP: 0.4465960616130035)
Successfully saved to: ./Empirical/Eigenstrat/Reichall/I2433/chr8/
Successfully loaded Data from: ./Empirical/Eigenstrat/Reichall/I2433/chr8/
Loaded Emission Model: haploid
Loaded Transition Model: model
Loaded Post Processing Model: Standard
Minimum Genetic Map: 0.0000
Maximum Genetic Map: 1.6800
Gaps bigger than 0.1 cM: 238
Maximum Gap: 3.3333 cM
Loaded Transition and Emission Matrix:
(3, 3)
(5009, 27283)
Loaded Observations:
(2, 27283)
Memory Usage: 1464.868864 mB
Reference Number: 5008
Total Log likelihood: -10283.425
Memory Usage: 1464.868864 mB
Finished Calculation State Posteriors
Saved Zero State Posterior to ./Empirical/Eigenstrat/Reichall/I2433/chr8/.
Successfully loaded for PP. from ./Empirical/Eigenstrat/Reichall/I2433/chr8/
Fraction Markers in ROH: 0.3901
Merged n=0 gaps < 0.0 M
Called n=13 ROH Blocks > 1.0 cM
Longest Block: 1.910
Successfully saved to ./Empirical/Eigenstrat/Reichall/I2433/chr8/roh.csv
Using Low-Mem Cython Linear Speed Up.
Loaded Pre Processing Model: Eigenstrat
Loading Individual: I2433

Loaded 50668 variants
Loaded 2504 individuals
HDF5 loaded from ./Data/1000Genomes/HDF5/1240kHDF5/all1240/chr9.hdf5
3 Eigenstrat Files with 5081 Individuals and 1233013 SNPs

Intersection on Positions: 50668
Nr of Matching Refs: 50668 / 50668
Full Intersection Ref/Alt Identical: 50629 / 50668
2504 / 2504 Individuals included in Reference
Extraction of 5008 Haplotypes complete
Reduced to markers called 23423 / 50629
(Fraction SNP: 0.46263998893914554)
Successfully saved to: ./Empirical/Eigenstrat/Reichall/I2433/chr9/
Successfully loaded Data from: ./Empirical/Eigenstrat/Reichall/I2433/chr9/
Loaded Emission Model: haploid
Loaded Transition Model: model
Loaded Post Processing Model: Standard
Minimum Genetic Map: 0.0016
Maximum Genetic Map: 1.6630
Gaps bigger than 0.1 cM: 290
Maximum Gap: 1.9424 cM
Loaded Transition and Emission Matrix:
(3, 3)
(5009, 23423)
Loaded Observations:
(2, 23423)
Memory Usage: 1290.698752 mB
Reference Number: 5008
Total Log likelihood: -8654.314
Memory Usage: 1290.698752 mB
Finished Calculation State Posteriors
Saved Zero State Posterior to ./Empirical/Eigenstrat/Reichall/I2433/chr9/.
Successfully loaded for PP. from ./Empirical/Eigenstrat/Reichall/I2433/chr9/
Fraction Markers in ROH: 0.4213
Merged n=0 gaps < 0.0 M
Called n=11 ROH Blocks > 1.0 cM
Longest Block: 2.032
Successfully saved to ./Empirical/Eigenstrat/Reichall/I2433/chr9/roh.csv
Using Low-Mem Cython Linear Speed Up.
Loaded Pre Processing Model: Eigenstrat
Loading Individual: I2433

Loaded 58804 variants
Loaded 2504 individuals
HDF5 loaded from ./Data/1000Genomes/HDF5/1240kHDF5/all1240/chr10.hdf5
3 Eigenstrat Files with 5081 Individuals and 1233013 SNPs

Intersection on Positions: 58804
Nr of Matching Refs: 58804 / 58804
Full Intersection Ref/Alt Identical: 58763 / 58804
2504 / 2504 Individuals included in Reference
Extraction of 5008 Haplotypes complete
Reduced to markers called 28128 / 58763
(Fraction SNP: 0.4786685499378861)
Successfully saved to: ./Empirical/Eigenstrat/Reichall/I2433/chr10/
Successfully loaded Data from: ./Empirical/Eigenstrat/Reichall/I2433/chr10/
Loaded Emission Model: haploid
Loaded Transition Model: model
Loaded Post Processing Model: Standard
Minimum Genetic Map: 0.0001
Maximum Genetic Map: 1.8092
Gaps bigger than 0.1 cM: 276
Maximum Gap: 2.0338 cM
Loaded Transition and Emission Matrix:
(3, 3)
(5009, 28128)
Loaded Observations:
(2, 28128)
Memory Usage: 1502.810112 mB
Reference Number: 5008
Total Log likelihood: -10282.390
Memory Usage: 1502.810112 mB
Finished Calculation State Posteriors
Saved Zero State Posterior to ./Empirical/Eigenstrat/Reichall/I2433/chr10/.
Successfully loaded for PP. from ./Empirical/Eigenstrat/Reichall/I2433/chr10/
Fraction Markers in ROH: 0.3976
Merged n=0 gaps < 0.0 M
Called n=5 ROH Blocks > 1.0 cM
Longest Block: 2.988
Successfully saved to ./Empirical/Eigenstrat/Reichall/I2433/chr10/roh.csv
Using Low-Mem Cython Linear Speed Up.
Loaded Pre Processing Model: Eigenstrat
Loading Individual: I2433

Loaded 54833 variants
Loaded 2504 individuals
HDF5 loaded from ./Data/1000Genomes/HDF5/1240kHDF5/all1240/chr11.hdf5
3 Eigenstrat Files with 5081 Individuals and 1233013 SNPs

Intersection on Positions: 54833
Nr of Matching Refs: 54833 / 54833
Full Intersection Ref/Alt Identical: 54796 / 54833
2504 / 2504 Individuals included in Reference
Extraction of 5008 Haplotypes complete
Reduced to markers called 25514 / 54796
(Fraction SNP: 0.46561792831593546)
Successfully saved to: ./Empirical/Eigenstrat/Reichall/I2433/chr11/
Successfully loaded Data from: ./Empirical/Eigenstrat/Reichall/I2433/chr11/
Loaded Emission Model: haploid
Loaded Transition Model: model
Loaded Post Processing Model: Standard
Minimum Genetic Map: 0.0000
Maximum Genetic Map: 1.5822
Gaps bigger than 0.1 cM: 264
Maximum Gap: 0.5679 cM
Loaded Transition and Emission Matrix:
(3, 3)
(5009, 25514)
Loaded Observations:
(2, 25514)
Memory Usage: 1385.295872 mB
Reference Number: 5008
Total Log likelihood: -9862.669
Memory Usage: 1385.295872 mB
Finished Calculation State Posteriors
Saved Zero State Posterior to ./Empirical/Eigenstrat/Reichall/I2433/chr11/.
Successfully loaded for PP. from ./Empirical/Eigenstrat/Reichall/I2433/chr11/
Fraction Markers in ROH: 0.3630
Merged n=0 gaps < 0.0 M
Called n=6 ROH Blocks > 1.0 cM
Longest Block: 1.447
Successfully saved to ./Empirical/Eigenstrat/Reichall/I2433/chr11/roh.csv
Using Low-Mem Cython Linear Speed Up.
Loaded Pre Processing Model: Eigenstrat
Loading Individual: I2433

Loaded 53911 variants
Loaded 2504 individuals
HDF5 loaded from ./Data/1000Genomes/HDF5/1240kHDF5/all1240/chr12.hdf5
3 Eigenstrat Files with 5081 Individuals and 1233013 SNPs

Intersection on Positions: 53911
Nr of Matching Refs: 53911 / 53911
Full Intersection Ref/Alt Identical: 53884 / 53911
2504 / 2504 Individuals included in Reference
Extraction of 5008 Haplotypes complete
Reduced to markers called 24262 / 53884
(Fraction SNP: 0.4502635290624304)
Successfully saved to: ./Empirical/Eigenstrat/Reichall/I2433/chr12/
Successfully loaded Data from: ./Empirical/Eigenstrat/Reichall/I2433/chr12/
Loaded Emission Model: haploid
Loaded Transition Model: model
Loaded Post Processing Model: Standard
Minimum Genetic Map: 0.0017
Maximum Genetic Map: 1.7468
Gaps bigger than 0.1 cM: 292
Maximum Gap: 1.1095 cM
Loaded Transition and Emission Matrix:
(3, 3)
(5009, 24262)
Loaded Observations:
(2, 24262)
Memory Usage: 1328.402432 mB
Reference Number: 5008
Total Log likelihood: -8798.209
Memory Usage: 1328.402432 mB
Finished Calculation State Posteriors
Saved Zero State Posterior to ./Empirical/Eigenstrat/Reichall/I2433/chr12/.
Successfully loaded for PP. from ./Empirical/Eigenstrat/Reichall/I2433/chr12/
Fraction Markers in ROH: 0.4043
Merged n=0 gaps < 0.0 M
Called n=14 ROH Blocks > 1.0 cM
Longest Block: 2.076
Successfully saved to ./Empirical/Eigenstrat/Reichall/I2433/chr12/roh.csv
Using Low-Mem Cython Linear Speed Up.
Loaded Pre Processing Model: Eigenstrat
Loading Individual: I2433

Loaded 39018 variants
Loaded 2504 individuals
HDF5 loaded from ./Data/1000Genomes/HDF5/1240kHDF5/all1240/chr13.hdf5
3 Eigenstrat Files with 5081 Individuals and 1233013 SNPs

Intersection on Positions: 39018
Nr of Matching Refs: 39018 / 39018
Full Intersection Ref/Alt Identical: 38994 / 39018
2504 / 2504 Individuals included in Reference
Extraction of 5008 Haplotypes complete
Reduced to markers called 15901 / 38994
(Fraction SNP: 0.40778068420782687)
Successfully saved to: ./Empirical/Eigenstrat/Reichall/I2433/chr13/
Successfully loaded Data from: ./Empirical/Eigenstrat/Reichall/I2433/chr13/
Loaded Emission Model: haploid
Loaded Transition Model: model
Loaded Post Processing Model: Standard
Minimum Genetic Map: 0.0021
Maximum Genetic Map: 1.2570
Gaps bigger than 0.1 cM: 223
Maximum Gap: 1.2227 cM
Loaded Transition and Emission Matrix:
(3, 3)
(5009, 15901)
Loaded Observations:
(2, 15901)
Memory Usage: 951.62368 mB
Reference Number: 5008
Total Log likelihood: -5891.533
Memory Usage: 951.62368 mB
Finished Calculation State Posteriors
Saved Zero State Posterior to ./Empirical/Eigenstrat/Reichall/I2433/chr13/.
Successfully loaded for PP. from ./Empirical/Eigenstrat/Reichall/I2433/chr13/
Fraction Markers in ROH: 0.3810
Merged n=0 gaps < 0.0 M
Called n=7 ROH Blocks > 1.0 cM
Longest Block: 2.314
Successfully saved to ./Empirical/Eigenstrat/Reichall/I2433/chr13/roh.csv
Using Low-Mem Cython Linear Speed Up.
Loaded Pre Processing Model: Eigenstrat
Loading Individual: I2433

Loaded 36301 variants
Loaded 2504 individuals
HDF5 loaded from ./Data/1000Genomes/HDF5/1240kHDF5/all1240/chr14.hdf5
3 Eigenstrat Files with 5081 Individuals and 1233013 SNPs

Intersection on Positions: 36301
Nr of Matching Refs: 36301 / 36301
Full Intersection Ref/Alt Identical: 36280 / 36301
2504 / 2504 Individuals included in Reference
Extraction of 5008 Haplotypes complete
Reduced to markers called 16202 / 36280
(Fraction SNP: 0.44658213891951487)
Successfully saved to: ./Empirical/Eigenstrat/Reichall/I2433/chr14/
Successfully loaded Data from: ./Empirical/Eigenstrat/Reichall/I2433/chr14/
Loaded Emission Model: haploid
Loaded Transition Model: model
Loaded Post Processing Model: Standard
Minimum Genetic Map: 0.0161
Maximum Genetic Map: 1.2020
Gaps bigger than 0.1 cM: 197
Maximum Gap: 3.4034 cM
Loaded Transition and Emission Matrix:
(3, 3)
(5009, 16202)
Loaded Observations:
(2, 16202)
Memory Usage: 965.820416 mB
Reference Number: 5008
Total Log likelihood: -6062.435
Memory Usage: 965.820416 mB
Finished Calculation State Posteriors
Saved Zero State Posterior to ./Empirical/Eigenstrat/Reichall/I2433/chr14/.
Successfully loaded for PP. from ./Empirical/Eigenstrat/Reichall/I2433/chr14/
Fraction Markers in ROH: 0.3970
Merged n=0 gaps < 0.0 M
Called n=4 ROH Blocks > 1.0 cM
Longest Block: 2.388
Successfully saved to ./Empirical/Eigenstrat/Reichall/I2433/chr14/roh.csv
Using Low-Mem Cython Linear Speed Up.
Loaded Pre Processing Model: Eigenstrat
Loading Individual: I2433

Loaded 34429 variants
Loaded 2504 individuals
HDF5 loaded from ./Data/1000Genomes/HDF5/1240kHDF5/all1240/chr15.hdf5
3 Eigenstrat Files with 5081 Individuals and 1233013 SNPs

Intersection on Positions: 34429
Nr of Matching Refs: 34429 / 34429
Full Intersection Ref/Alt Identical: 34407 / 34429
2504 / 2504 Individuals included in Reference
Extraction of 5008 Haplotypes complete
Reduced to markers called 16651 / 34407
(Fraction SNP: 0.4839422210596681)
Successfully saved to: ./Empirical/Eigenstrat/Reichall/I2433/chr15/
Successfully loaded Data from: ./Empirical/Eigenstrat/Reichall/I2433/chr15/
Loaded Emission Model: haploid
Loaded Transition Model: model
Loaded Post Processing Model: Standard
Minimum Genetic Map: 0.0002
Maximum Genetic Map: 1.4134
Gaps bigger than 0.1 cM: 199
Maximum Gap: 13.7349 cM
Loaded Transition and Emission Matrix:
(3, 3)
(5009, 16651)
Loaded Observations:
(2, 16651)
Memory Usage: 986.64448 mB
Reference Number: 5008
Total Log likelihood: -6029.098
Memory Usage: 986.64448 mB
Finished Calculation State Posteriors
Saved Zero State Posterior to ./Empirical/Eigenstrat/Reichall/I2433/chr15/.
Successfully loaded for PP. from ./Empirical/Eigenstrat/Reichall/I2433/chr15/
Fraction Markers in ROH: 0.4340
Merged n=0 gaps < 0.0 M
Called n=8 ROH Blocks > 1.0 cM
Longest Block: 2.419
Successfully saved to ./Empirical/Eigenstrat/Reichall/I2433/chr15/roh.csv
Using Low-Mem Cython Linear Speed Up.
Loaded Pre Processing Model: Eigenstrat
Loading Individual: I2433

Loaded 34402 variants
Loaded 2504 individuals
HDF5 loaded from ./Data/1000Genomes/HDF5/1240kHDF5/all1240/chr16.hdf5
3 Eigenstrat Files with 5081 Individuals and 1233013 SNPs

Intersection on Positions: 34402
Nr of Matching Refs: 34402 / 34402
Full Intersection Ref/Alt Identical: 34375 / 34402
2504 / 2504 Individuals included in Reference
Extraction of 5008 Haplotypes complete
Reduced to markers called 17999 / 34375
(Fraction SNP: 0.5236072727272727)
Successfully saved to: ./Empirical/Eigenstrat/Reichall/I2433/chr16/
Successfully loaded Data from: ./Empirical/Eigenstrat/Reichall/I2433/chr16/
Loaded Emission Model: haploid
Loaded Transition Model: model
Loaded Post Processing Model: Standard
Minimum Genetic Map: -0.0000
Maximum Genetic Map: 1.3403
Gaps bigger than 0.1 cM: 211
Maximum Gap: 0.8461 cM
Loaded Transition and Emission Matrix:
(3, 3)
(5009, 17999)
Loaded Observations:
(2, 17999)
Memory Usage: 1047.47008 mB
Reference Number: 5008
Total Log likelihood: -6553.006
Memory Usage: 1047.47008 mB
Finished Calculation State Posteriors
Saved Zero State Posterior to ./Empirical/Eigenstrat/Reichall/I2433/chr16/.
Successfully loaded for PP. from ./Empirical/Eigenstrat/Reichall/I2433/chr16/
Fraction Markers in ROH: 0.4256
Merged n=0 gaps < 0.0 M
Called n=12 ROH Blocks > 1.0 cM
Longest Block: 2.635
Successfully saved to ./Empirical/Eigenstrat/Reichall/I2433/chr16/roh.csv
Using Low-Mem Cython Linear Speed Up.
Loaded Pre Processing Model: Eigenstrat
Loading Individual: I2433

Loaded 29314 variants
Loaded 2504 individuals
HDF5 loaded from ./Data/1000Genomes/HDF5/1240kHDF5/all1240/chr17.hdf5
3 Eigenstrat Files with 5081 Individuals and 1233013 SNPs

Intersection on Positions: 29314
Nr of Matching Refs: 29314 / 29314
Full Intersection Ref/Alt Identical: 29292 / 29314
2504 / 2504 Individuals included in Reference
Extraction of 5008 Haplotypes complete
Reduced to markers called 16002 / 29292
(Fraction SNP: 0.5462925030725113)
Successfully saved to: ./Empirical/Eigenstrat/Reichall/I2433/chr17/
Successfully loaded Data from: ./Empirical/Eigenstrat/Reichall/I2433/chr17/
Loaded Emission Model: haploid
Loaded Transition Model: model
Loaded Post Processing Model: Standard
Minimum Genetic Map: -0.0003
Maximum Genetic Map: 1.2847
Gaps bigger than 0.1 cM: 221
Maximum Gap: 1.2341 cM
Loaded Transition and Emission Matrix:
(3, 3)
(5009, 16002)
Loaded Observations:
(2, 16002)
Memory Usage: 956.407808 mB
Reference Number: 5008
Total Log likelihood: -5921.209
Memory Usage: 956.407808 mB
Finished Calculation State Posteriors
Saved Zero State Posterior to ./Empirical/Eigenstrat/Reichall/I2433/chr17/.
Successfully loaded for PP. from ./Empirical/Eigenstrat/Reichall/I2433/chr17/
Fraction Markers in ROH: 0.4150
Merged n=0 gaps < 0.0 M
Called n=12 ROH Blocks > 1.0 cM
Longest Block: 1.932
Successfully saved to ./Empirical/Eigenstrat/Reichall/I2433/chr17/roh.csv
Using Low-Mem Cython Linear Speed Up.
Loaded Pre Processing Model: Eigenstrat
Loading Individual: I2433

Loaded 33917 variants
Loaded 2504 individuals
HDF5 loaded from ./Data/1000Genomes/HDF5/1240kHDF5/all1240/chr18.hdf5
3 Eigenstrat Files with 5081 Individuals and 1233013 SNPs

Intersection on Positions: 33917
Nr of Matching Refs: 33917 / 33917
Full Intersection Ref/Alt Identical: 33902 / 33917
2504 / 2504 Individuals included in Reference
Extraction of 5008 Haplotypes complete
Reduced to markers called 14765 / 33902
(Fraction SNP: 0.43552002831691344)
Successfully saved to: ./Empirical/Eigenstrat/Reichall/I2433/chr18/
Successfully loaded Data from: ./Empirical/Eigenstrat/Reichall/I2433/chr18/
Loaded Emission Model: haploid
Loaded Transition Model: model
Loaded Post Processing Model: Standard
Minimum Genetic Map: 0.0025
Maximum Genetic Map: 1.1771
Gaps bigger than 0.1 cM: 218
Maximum Gap: 0.5215 cM
Loaded Transition and Emission Matrix:
(3, 3)
(5009, 14765)
Loaded Observations:
(2, 14765)
Memory Usage: 900.677632 mB
Reference Number: 5008
Total Log likelihood: -5426.701
Memory Usage: 900.677632 mB
Finished Calculation State Posteriors
Saved Zero State Posterior to ./Empirical/Eigenstrat/Reichall/I2433/chr18/.
Successfully loaded for PP. from ./Empirical/Eigenstrat/Reichall/I2433/chr18/
Fraction Markers in ROH: 0.4124
Merged n=0 gaps < 0.0 M
Called n=8 ROH Blocks > 1.0 cM
Longest Block: 3.190
Successfully saved to ./Empirical/Eigenstrat/Reichall/I2433/chr18/roh.csv
Using Low-Mem Cython Linear Speed Up.
Loaded Pre Processing Model: Eigenstrat
Loading Individual: I2433

Loaded 18460 variants
Loaded 2504 individuals
HDF5 loaded from ./Data/1000Genomes/HDF5/1240kHDF5/all1240/chr19.hdf5
3 Eigenstrat Files with 5081 Individuals and 1233013 SNPs

Intersection on Positions: 18460
Nr of Matching Refs: 18460 / 18460
Full Intersection Ref/Alt Identical: 18441 / 18460
2504 / 2504 Individuals included in Reference
Extraction of 5008 Haplotypes complete
Reduced to markers called 10829 / 18441
(Fraction SNP: 0.5872241201670192)
Successfully saved to: ./Empirical/Eigenstrat/Reichall/I2433/chr19/
Successfully loaded Data from: ./Empirical/Eigenstrat/Reichall/I2433/chr19/
Loaded Emission Model: haploid
Loaded Transition Model: model
Loaded Post Processing Model: Standard
Minimum Genetic Map: 0.0000
Maximum Genetic Map: 1.0773
Gaps bigger than 0.1 cM: 207
Maximum Gap: 0.6732 cM
Loaded Transition and Emission Matrix:
(3, 3)
(5009, 10829)
Loaded Observations:
(2, 10829)
Memory Usage: 729.493504 mB
Reference Number: 5008
Total Log likelihood: -4425.233
Memory Usage: 729.493504 mB
Finished Calculation State Posteriors
Saved Zero State Posterior to ./Empirical/Eigenstrat/Reichall/I2433/chr19/.
Successfully loaded for PP. from ./Empirical/Eigenstrat/Reichall/I2433/chr19/
Fraction Markers in ROH: 0.3107
Merged n=0 gaps < 0.0 M
Called n=1 ROH Blocks > 1.0 cM
Longest Block: 1.071
Successfully saved to ./Empirical/Eigenstrat/Reichall/I2433/chr19/roh.csv
Using Low-Mem Cython Linear Speed Up.
Loaded Pre Processing Model: Eigenstrat
Loading Individual: I2433

Loaded 29078 variants
Loaded 2504 individuals
HDF5 loaded from ./Data/1000Genomes/HDF5/1240kHDF5/all1240/chr20.hdf5
3 Eigenstrat Files with 5081 Individuals and 1233013 SNPs

Intersection on Positions: 29078
Nr of Matching Refs: 29078 / 29078
Full Intersection Ref/Alt Identical: 29053 / 29078
2504 / 2504 Individuals included in Reference
Extraction of 5008 Haplotypes complete
Reduced to markers called 15339 / 29053
(Fraction SNP: 0.5279661308642826)
Successfully saved to: ./Empirical/Eigenstrat/Reichall/I2433/chr20/
Successfully loaded Data from: ./Empirical/Eigenstrat/Reichall/I2433/chr20/
Loaded Emission Model: haploid
Loaded Transition Model: model
Loaded Post Processing Model: Standard
Minimum Genetic Map: 0.0000
Maximum Genetic Map: 1.0821
Gaps bigger than 0.1 cM: 190
Maximum Gap: 0.4744 cM
Loaded Transition and Emission Matrix:
(3, 3)
(5009, 15339)
Loaded Observations:
(2, 15339)
Memory Usage: 932.806656 mB
Reference Number: 5008
Total Log likelihood: -5651.320
Memory Usage: 932.806656 mB
Finished Calculation State Posteriors
Saved Zero State Posterior to ./Empirical/Eigenstrat/Reichall/I2433/chr20/.
Successfully loaded for PP. from ./Empirical/Eigenstrat/Reichall/I2433/chr20/
Fraction Markers in ROH: 0.4390
Merged n=0 gaps < 0.0 M
Called n=8 ROH Blocks > 1.0 cM
Longest Block: 2.939
Successfully saved to ./Empirical/Eigenstrat/Reichall/I2433/chr20/roh.csv
Using Low-Mem Cython Linear Speed Up.
Loaded Pre Processing Model: Eigenstrat
Loading Individual: I2433

Loaded 16038 variants
Loaded 2504 individuals
HDF5 loaded from ./Data/1000Genomes/HDF5/1240kHDF5/all1240/chr21.hdf5
3 Eigenstrat Files with 5081 Individuals and 1233013 SNPs

Intersection on Positions: 16038
Nr of Matching Refs: 16038 / 16038
Full Intersection Ref/Alt Identical: 16031 / 16038
2504 / 2504 Individuals included in Reference
Extraction of 5008 Haplotypes complete
Reduced to markers called 7244 / 16031
(Fraction SNP: 0.45187449316948414)
Successfully saved to: ./Empirical/Eigenstrat/Reichall/I2433/chr21/
Successfully loaded Data from: ./Empirical/Eigenstrat/Reichall/I2433/chr21/
Loaded Emission Model: haploid
Loaded Transition Model: model
Loaded Post Processing Model: Standard
Minimum Genetic Map: 0.0087
Maximum Genetic Map: 0.6277
Gaps bigger than 0.1 cM: 124
Maximum Gap: 0.6809 cM
Loaded Transition and Emission Matrix:
(3, 3)
(5009, 7244)
Loaded Observations:
(2, 7244)
Memory Usage: 568.102912 mB
Reference Number: 5008
Total Log likelihood: -2564.295
Memory Usage: 568.102912 mB
Finished Calculation State Posteriors
Saved Zero State Posterior to ./Empirical/Eigenstrat/Reichall/I2433/chr21/.
Successfully loaded for PP. from ./Empirical/Eigenstrat/Reichall/I2433/chr21/
Fraction Markers in ROH: 0.4938
Merged n=0 gaps < 0.0 M
Called n=5 ROH Blocks > 1.0 cM
Longest Block: 3.977
Successfully saved to ./Empirical/Eigenstrat/Reichall/I2433/chr21/roh.csv
Using Low-Mem Cython Linear Speed Up.
Loaded Pre Processing Model: Eigenstrat
Loading Individual: I2433

Loaded 15802 variants
Loaded 2504 individuals
HDF5 loaded from ./Data/1000Genomes/HDF5/1240kHDF5/all1240/chr22.hdf5
3 Eigenstrat Files with 5081 Individuals and 1233013 SNPs

Intersection on Positions: 15802
Nr of Matching Refs: 15802 / 15802
Full Intersection Ref/Alt Identical: 15793 / 15802
2504 / 2504 Individuals included in Reference
Extraction of 5008 Haplotypes complete
Reduced to markers called 9532 / 15793
(Fraction SNP: 0.6035585385930475)
Successfully saved to: ./Empirical/Eigenstrat/Reichall/I2433/chr22/
Successfully loaded Data from: ./Empirical/Eigenstrat/Reichall/I2433/chr22/
Loaded Emission Model: haploid
Loaded Transition Model: model
Loaded Post Processing Model: Standard
Minimum Genetic Map: 0.0180
Maximum Genetic Map: 0.7408
Gaps bigger than 0.1 cM: 108
Maximum Gap: 1.6949 cM
Loaded Transition and Emission Matrix:
(3, 3)
(5009, 9532)
Loaded Observations:
(2, 9532)
Memory Usage: 671.768576 mB
Reference Number: 5008
Total Log likelihood: -3667.980
Memory Usage: 671.768576 mB
Finished Calculation State Posteriors
Saved Zero State Posterior to ./Empirical/Eigenstrat/Reichall/I2433/chr22/.
Successfully loaded for PP. from ./Empirical/Eigenstrat/Reichall/I2433/chr22/
Fraction Markers in ROH: 0.3627
Merged n=0 gaps < 0.0 M
Called n=4 ROH Blocks > 1.0 cM
Longest Block: 2.415
Successfully saved to ./Empirical/Eigenstrat/Reichall/I2433/chr22/roh.csv
