Loaded 2106 / 5081 ancient Indivdiuals Anno File.
Doing Individual I7626...
Using Low-Mem Cython Linear Speed Up.
Loaded Pre Processing Model: Eigenstrat
Loading Individual: I7626

Loaded 89147 variants
Loaded 2504 individuals
HDF5 loaded from ./Data/1000Genomes/HDF5/1240kHDF5/all1240/chr1.hdf5
3 Eigenstrat Files with 5081 Individuals and 1233013 SNPs

Intersection on Positions: 89147
Nr of Matching Refs: 89147 / 89147
Full Intersection Ref/Alt Identical: 89082 / 89147
2504 / 2504 Individuals included in Reference
Extraction of 5008 Haplotypes complete
Reduced to markers called 61212 / 89082
(Fraction SNP: 0.6871421836061157)
Successfully saved to: ./Empirical/Eigenstrat/Reichall/I7626/chr1/
Successfully loaded Data from: ./Empirical/Eigenstrat/Reichall/I7626/chr1/
Loaded Emission Model: haploid
Loaded Transition Model: model
Loaded Post Processing Model: Standard
Minimum Genetic Map: 0.0202
Maximum Genetic Map: 2.8627
Gaps bigger than 0.1 cM: 330
Maximum Gap: 2.9229 cM
Loaded Transition and Emission Matrix:
(3, 3)
(5009, 61212)
Loaded Observations:
(2, 61212)
Memory Usage: 2953.89184 mB
Reference Number: 5008
Total Log likelihood: -21394.894
Memory Usage: 2954.354688 mB
Finished Calculation State Posteriors
Saved Zero State Posterior to ./Empirical/Eigenstrat/Reichall/I7626/chr1/.
Successfully loaded for PP. from ./Empirical/Eigenstrat/Reichall/I7626/chr1/
Fraction Markers in ROH: 0.4427
Merged n=0 gaps < 0.0 M
Called n=10 ROH Blocks > 1.0 cM
Longest Block: 2.076
Successfully saved to ./Empirical/Eigenstrat/Reichall/I7626/chr1/roh.csv
Using Low-Mem Cython Linear Speed Up.
Loaded Pre Processing Model: Eigenstrat
Loading Individual: I7626

Loaded 94239 variants
Loaded 2504 individuals
HDF5 loaded from ./Data/1000Genomes/HDF5/1240kHDF5/all1240/chr2.hdf5
3 Eigenstrat Files with 5081 Individuals and 1233013 SNPs

Intersection on Positions: 94239
Nr of Matching Refs: 94239 / 94239
Full Intersection Ref/Alt Identical: 94173 / 94239
2504 / 2504 Individuals included in Reference
Extraction of 5008 Haplotypes complete
Reduced to markers called 61536 / 94173
(Fraction SNP: 0.6534356981300373)
Successfully saved to: ./Empirical/Eigenstrat/Reichall/I7626/chr2/
Successfully loaded Data from: ./Empirical/Eigenstrat/Reichall/I7626/chr2/
Loaded Emission Model: haploid
Loaded Transition Model: model
Loaded Post Processing Model: Standard
Minimum Genetic Map: 0.0001
Maximum Genetic Map: 2.6883
Gaps bigger than 0.1 cM: 308
Maximum Gap: 1.8302 cM
Loaded Transition and Emission Matrix:
(3, 3)
(5009, 61536)
Loaded Observations:
(2, 61536)
Memory Usage: 3007.627264 mB
Reference Number: 5008
Total Log likelihood: -22123.789
Memory Usage: 3007.627264 mB
Finished Calculation State Posteriors
Saved Zero State Posterior to ./Empirical/Eigenstrat/Reichall/I7626/chr2/.
Successfully loaded for PP. from ./Empirical/Eigenstrat/Reichall/I7626/chr2/
Fraction Markers in ROH: 0.4094
Merged n=0 gaps < 0.0 M
Called n=17 ROH Blocks > 1.0 cM
Longest Block: 2.299
Successfully saved to ./Empirical/Eigenstrat/Reichall/I7626/chr2/roh.csv
Using Low-Mem Cython Linear Speed Up.
Loaded Pre Processing Model: Eigenstrat
Loading Individual: I7626

Loaded 77652 variants
Loaded 2504 individuals
HDF5 loaded from ./Data/1000Genomes/HDF5/1240kHDF5/all1240/chr3.hdf5
3 Eigenstrat Files with 5081 Individuals and 1233013 SNPs

Intersection on Positions: 77652
Nr of Matching Refs: 77652 / 77652
Full Intersection Ref/Alt Identical: 77601 / 77652
2504 / 2504 Individuals included in Reference
Extraction of 5008 Haplotypes complete
Reduced to markers called 50110 / 77601
(Fraction SNP: 0.6457391013002409)
Successfully saved to: ./Empirical/Eigenstrat/Reichall/I7626/chr3/
Successfully loaded Data from: ./Empirical/Eigenstrat/Reichall/I7626/chr3/
Loaded Emission Model: haploid
Loaded Transition Model: model
Loaded Post Processing Model: Standard
Minimum Genetic Map: 0.0000
Maximum Genetic Map: 2.2326
Gaps bigger than 0.1 cM: 289
Maximum Gap: 0.3910 cM
Loaded Transition and Emission Matrix:
(3, 3)
(5009, 50110)
Loaded Observations:
(2, 50110)
Memory Usage: 2492.899328 mB
Reference Number: 5008
Total Log likelihood: -17978.606
Memory Usage: 2492.899328 mB
Finished Calculation State Posteriors
Saved Zero State Posterior to ./Empirical/Eigenstrat/Reichall/I7626/chr3/.
Successfully loaded for PP. from ./Empirical/Eigenstrat/Reichall/I7626/chr3/
Fraction Markers in ROH: 0.4166
Merged n=0 gaps < 0.0 M
Called n=2 ROH Blocks > 1.0 cM
Longest Block: 1.628
Successfully saved to ./Empirical/Eigenstrat/Reichall/I7626/chr3/roh.csv
Using Low-Mem Cython Linear Speed Up.
Loaded Pre Processing Model: Eigenstrat
Loading Individual: I7626

Loaded 68759 variants
Loaded 2504 individuals
HDF5 loaded from ./Data/1000Genomes/HDF5/1240kHDF5/all1240/chr4.hdf5
3 Eigenstrat Files with 5081 Individuals and 1233013 SNPs

Intersection on Positions: 68759
Nr of Matching Refs: 68759 / 68759
Full Intersection Ref/Alt Identical: 68720 / 68759
2504 / 2504 Individuals included in Reference
Extraction of 5008 Haplotypes complete
Reduced to markers called 41235 / 68720
(Fraction SNP: 0.6000436554132712)
Successfully saved to: ./Empirical/Eigenstrat/Reichall/I7626/chr4/
Successfully loaded Data from: ./Empirical/Eigenstrat/Reichall/I7626/chr4/
Loaded Emission Model: haploid
Loaded Transition Model: model
Loaded Post Processing Model: Standard
Minimum Genetic Map: 0.0034
Maximum Genetic Map: 2.1454
Gaps bigger than 0.1 cM: 281
Maximum Gap: 2.0513 cM
Loaded Transition and Emission Matrix:
(3, 3)
(5009, 41235)
Loaded Observations:
(2, 41235)
Memory Usage: 2093.50656 mB
Reference Number: 5008
Total Log likelihood: -14996.163
Memory Usage: 2093.50656 mB
Finished Calculation State Posteriors
Saved Zero State Posterior to ./Empirical/Eigenstrat/Reichall/I7626/chr4/.
Successfully loaded for PP. from ./Empirical/Eigenstrat/Reichall/I7626/chr4/
Fraction Markers in ROH: 0.3994
Merged n=0 gaps < 0.0 M
Called n=8 ROH Blocks > 1.0 cM
Longest Block: 1.575
Successfully saved to ./Empirical/Eigenstrat/Reichall/I7626/chr4/roh.csv
Using Low-Mem Cython Linear Speed Up.
Loaded Pre Processing Model: Eigenstrat
Loading Individual: I7626

Loaded 69399 variants
Loaded 2504 individuals
HDF5 loaded from ./Data/1000Genomes/HDF5/1240kHDF5/all1240/chr5.hdf5
3 Eigenstrat Files with 5081 Individuals and 1233013 SNPs

Intersection on Positions: 69399
Nr of Matching Refs: 69399 / 69399
Full Intersection Ref/Alt Identical: 69354 / 69399
2504 / 2504 Individuals included in Reference
Extraction of 5008 Haplotypes complete
Reduced to markers called 44657 / 69354
(Fraction SNP: 0.6438994145975718)
Successfully saved to: ./Empirical/Eigenstrat/Reichall/I7626/chr5/
Successfully loaded Data from: ./Empirical/Eigenstrat/Reichall/I7626/chr5/
Loaded Emission Model: haploid
Loaded Transition Model: model
Loaded Post Processing Model: Standard
Minimum Genetic Map: 0.0004
Maximum Genetic Map: 2.0409
Gaps bigger than 0.1 cM: 279
Maximum Gap: 1.1070 cM
Loaded Transition and Emission Matrix:
(3, 3)
(5009, 44657)
Loaded Observations:
(2, 44657)
Memory Usage: 2247.176192 mB
Reference Number: 5008
Total Log likelihood: -15929.700
Memory Usage: 2247.176192 mB
Finished Calculation State Posteriors
Saved Zero State Posterior to ./Empirical/Eigenstrat/Reichall/I7626/chr5/.
Successfully loaded for PP. from ./Empirical/Eigenstrat/Reichall/I7626/chr5/
Fraction Markers in ROH: 0.4288
Merged n=0 gaps < 0.0 M
Called n=7 ROH Blocks > 1.0 cM
Longest Block: 1.874
Successfully saved to ./Empirical/Eigenstrat/Reichall/I7626/chr5/roh.csv
Using Low-Mem Cython Linear Speed Up.
Loaded Pre Processing Model: Eigenstrat
Loading Individual: I7626

Loaded 75870 variants
Loaded 2504 individuals
HDF5 loaded from ./Data/1000Genomes/HDF5/1240kHDF5/all1240/chr6.hdf5
3 Eigenstrat Files with 5081 Individuals and 1233013 SNPs

Intersection on Positions: 75870
Nr of Matching Refs: 75870 / 75870
Full Intersection Ref/Alt Identical: 75816 / 75870
2504 / 2504 Individuals included in Reference
Extraction of 5008 Haplotypes complete
Reduced to markers called 49225 / 75816
(Fraction SNP: 0.6492692835285427)
Successfully saved to: ./Empirical/Eigenstrat/Reichall/I7626/chr6/
Successfully loaded Data from: ./Empirical/Eigenstrat/Reichall/I7626/chr6/
Loaded Emission Model: haploid
Loaded Transition Model: model
Loaded Post Processing Model: Standard
Minimum Genetic Map: 0.0035
Maximum Genetic Map: 1.9203
Gaps bigger than 0.1 cM: 228
Maximum Gap: 0.5076 cM
Loaded Transition and Emission Matrix:
(3, 3)
(5009, 49225)
Loaded Observations:
(2, 49225)
Memory Usage: 2453.262336 mB
Reference Number: 5008
Total Log likelihood: -17553.096
Memory Usage: 2451.652608 mB
Finished Calculation State Posteriors
Saved Zero State Posterior to ./Empirical/Eigenstrat/Reichall/I7626/chr6/.
Successfully loaded for PP. from ./Empirical/Eigenstrat/Reichall/I7626/chr6/
Fraction Markers in ROH: 0.4136
Merged n=0 gaps < 0.0 M
Called n=6 ROH Blocks > 1.0 cM
Longest Block: 1.607
Successfully saved to ./Empirical/Eigenstrat/Reichall/I7626/chr6/roh.csv
Using Low-Mem Cython Linear Speed Up.
Loaded Pre Processing Model: Eigenstrat
Loading Individual: I7626

Loaded 59890 variants
Loaded 2504 individuals
HDF5 loaded from ./Data/1000Genomes/HDF5/1240kHDF5/all1240/chr7.hdf5
3 Eigenstrat Files with 5081 Individuals and 1233013 SNPs

Intersection on Positions: 59890
Nr of Matching Refs: 59890 / 59890
Full Intersection Ref/Alt Identical: 59836 / 59890
2504 / 2504 Individuals included in Reference
Extraction of 5008 Haplotypes complete
Reduced to markers called 38665 / 59836
(Fraction SNP: 0.6461828999264657)
Successfully saved to: ./Empirical/Eigenstrat/Reichall/I7626/chr7/
Successfully loaded Data from: ./Empirical/Eigenstrat/Reichall/I7626/chr7/
Loaded Emission Model: haploid
Loaded Transition Model: model
Loaded Post Processing Model: Standard
Minimum Genetic Map: 0.0000
Maximum Genetic Map: 1.8715
Gaps bigger than 0.1 cM: 246
Maximum Gap: 0.8416 cM
Loaded Transition and Emission Matrix:
(3, 3)
(5009, 38665)
Loaded Observations:
(2, 38665)
Memory Usage: 1976.963072 mB
Reference Number: 5008
Total Log likelihood: -14210.260
Memory Usage: 1976.979456 mB
Finished Calculation State Posteriors
Saved Zero State Posterior to ./Empirical/Eigenstrat/Reichall/I7626/chr7/.
Successfully loaded for PP. from ./Empirical/Eigenstrat/Reichall/I7626/chr7/
Fraction Markers in ROH: 0.3947
Merged n=0 gaps < 0.0 M
Called n=6 ROH Blocks > 1.0 cM
Longest Block: 1.578
Successfully saved to ./Empirical/Eigenstrat/Reichall/I7626/chr7/roh.csv
Using Low-Mem Cython Linear Speed Up.
Loaded Pre Processing Model: Eigenstrat
Loading Individual: I7626

Loaded 61133 variants
Loaded 2504 individuals
HDF5 loaded from ./Data/1000Genomes/HDF5/1240kHDF5/all1240/chr8.hdf5
3 Eigenstrat Files with 5081 Individuals and 1233013 SNPs

Intersection on Positions: 61133
Nr of Matching Refs: 61133 / 61133
Full Intersection Ref/Alt Identical: 61091 / 61133
2504 / 2504 Individuals included in Reference
Extraction of 5008 Haplotypes complete
Reduced to markers called 40120 / 61091
(Fraction SNP: 0.656725213206528)
Successfully saved to: ./Empirical/Eigenstrat/Reichall/I7626/chr8/
Successfully loaded Data from: ./Empirical/Eigenstrat/Reichall/I7626/chr8/
Loaded Emission Model: haploid
Loaded Transition Model: model
Loaded Post Processing Model: Standard
Minimum Genetic Map: 0.0000
Maximum Genetic Map: 1.6800
Gaps bigger than 0.1 cM: 186
Maximum Gap: 1.8932 cM
Loaded Transition and Emission Matrix:
(3, 3)
(5009, 40120)
Loaded Observations:
(2, 40120)
Memory Usage: 2042.576896 mB
Reference Number: 5008
Total Log likelihood: -14293.431
Memory Usage: 2042.576896 mB
Finished Calculation State Posteriors
Saved Zero State Posterior to ./Empirical/Eigenstrat/Reichall/I7626/chr8/.
Successfully loaded for PP. from ./Empirical/Eigenstrat/Reichall/I7626/chr8/
Fraction Markers in ROH: 0.4329
Merged n=0 gaps < 0.0 M
Called n=8 ROH Blocks > 1.0 cM
Longest Block: 3.364
Successfully saved to ./Empirical/Eigenstrat/Reichall/I7626/chr8/roh.csv
Using Low-Mem Cython Linear Speed Up.
Loaded Pre Processing Model: Eigenstrat
Loading Individual: I7626

Loaded 50668 variants
Loaded 2504 individuals
HDF5 loaded from ./Data/1000Genomes/HDF5/1240kHDF5/all1240/chr9.hdf5
3 Eigenstrat Files with 5081 Individuals and 1233013 SNPs

Intersection on Positions: 50668
Nr of Matching Refs: 50668 / 50668
Full Intersection Ref/Alt Identical: 50629 / 50668
2504 / 2504 Individuals included in Reference
Extraction of 5008 Haplotypes complete
Reduced to markers called 33854 / 50629
(Fraction SNP: 0.668668154614944)
Successfully saved to: ./Empirical/Eigenstrat/Reichall/I7626/chr9/
Successfully loaded Data from: ./Empirical/Eigenstrat/Reichall/I7626/chr9/
Loaded Emission Model: haploid
Loaded Transition Model: model
Loaded Post Processing Model: Standard
Minimum Genetic Map: 0.0016
Maximum Genetic Map: 1.6630
Gaps bigger than 0.1 cM: 238
Maximum Gap: 1.8819 cM
Loaded Transition and Emission Matrix:
(3, 3)
(5009, 33854)
Loaded Observations:
(2, 33854)
Memory Usage: 1760.468992 mB
Reference Number: 5008
Total Log likelihood: -12480.725
Memory Usage: 1760.468992 mB
Finished Calculation State Posteriors
Saved Zero State Posterior to ./Empirical/Eigenstrat/Reichall/I7626/chr9/.
Successfully loaded for PP. from ./Empirical/Eigenstrat/Reichall/I7626/chr9/
Fraction Markers in ROH: 0.4070
Merged n=0 gaps < 0.0 M
Called n=6 ROH Blocks > 1.0 cM
Longest Block: 1.964
Successfully saved to ./Empirical/Eigenstrat/Reichall/I7626/chr9/roh.csv
Using Low-Mem Cython Linear Speed Up.
Loaded Pre Processing Model: Eigenstrat
Loading Individual: I7626

Loaded 58804 variants
Loaded 2504 individuals
HDF5 loaded from ./Data/1000Genomes/HDF5/1240kHDF5/all1240/chr10.hdf5
3 Eigenstrat Files with 5081 Individuals and 1233013 SNPs

Intersection on Positions: 58804
Nr of Matching Refs: 58804 / 58804
Full Intersection Ref/Alt Identical: 58763 / 58804
2504 / 2504 Individuals included in Reference
Extraction of 5008 Haplotypes complete
Reduced to markers called 40396 / 58763
(Fraction SNP: 0.6874393751169954)
Successfully saved to: ./Empirical/Eigenstrat/Reichall/I7626/chr10/
Successfully loaded Data from: ./Empirical/Eigenstrat/Reichall/I7626/chr10/
Loaded Emission Model: haploid
Loaded Transition Model: model
Loaded Post Processing Model: Standard
Minimum Genetic Map: 0.0001
Maximum Genetic Map: 1.8091
Gaps bigger than 0.1 cM: 218
Maximum Gap: 2.0338 cM
Loaded Transition and Emission Matrix:
(3, 3)
(5009, 40396)
Loaded Observations:
(2, 40396)
Memory Usage: 2055.655424 mB
Reference Number: 5008
Total Log likelihood: -14939.413
Memory Usage: 2055.655424 mB
Finished Calculation State Posteriors
Saved Zero State Posterior to ./Empirical/Eigenstrat/Reichall/I7626/chr10/.
Successfully loaded for PP. from ./Empirical/Eigenstrat/Reichall/I7626/chr10/
Fraction Markers in ROH: 0.3724
Merged n=0 gaps < 0.0 M
Called n=8 ROH Blocks > 1.0 cM
Longest Block: 1.465
Successfully saved to ./Empirical/Eigenstrat/Reichall/I7626/chr10/roh.csv
Using Low-Mem Cython Linear Speed Up.
Loaded Pre Processing Model: Eigenstrat
Loading Individual: I7626

Loaded 54833 variants
Loaded 2504 individuals
HDF5 loaded from ./Data/1000Genomes/HDF5/1240kHDF5/all1240/chr11.hdf5
3 Eigenstrat Files with 5081 Individuals and 1233013 SNPs

Intersection on Positions: 54833
Nr of Matching Refs: 54833 / 54833
Full Intersection Ref/Alt Identical: 54796 / 54833
2504 / 2504 Individuals included in Reference
Extraction of 5008 Haplotypes complete
Reduced to markers called 37233 / 54796
(Fraction SNP: 0.6794839039345938)
Successfully saved to: ./Empirical/Eigenstrat/Reichall/I7626/chr11/
Successfully loaded Data from: ./Empirical/Eigenstrat/Reichall/I7626/chr11/
Loaded Emission Model: haploid
Loaded Transition Model: model
Loaded Post Processing Model: Standard
Minimum Genetic Map: 0.0000
Maximum Genetic Map: 1.5822
Gaps bigger than 0.1 cM: 204
Maximum Gap: 0.5279 cM
Loaded Transition and Emission Matrix:
(3, 3)
(5009, 37233)
Loaded Observations:
(2, 37233)
Memory Usage: 1912.614912 mB
Reference Number: 5008
Total Log likelihood: -13372.349
Memory Usage: 1912.614912 mB
Finished Calculation State Posteriors
Saved Zero State Posterior to ./Empirical/Eigenstrat/Reichall/I7626/chr11/.
Successfully loaded for PP. from ./Empirical/Eigenstrat/Reichall/I7626/chr11/
Fraction Markers in ROH: 0.4115
Merged n=0 gaps < 0.0 M
Called n=4 ROH Blocks > 1.0 cM
Longest Block: 1.481
Successfully saved to ./Empirical/Eigenstrat/Reichall/I7626/chr11/roh.csv
Using Low-Mem Cython Linear Speed Up.
Loaded Pre Processing Model: Eigenstrat
Loading Individual: I7626

Loaded 53911 variants
Loaded 2504 individuals
HDF5 loaded from ./Data/1000Genomes/HDF5/1240kHDF5/all1240/chr12.hdf5
3 Eigenstrat Files with 5081 Individuals and 1233013 SNPs

Intersection on Positions: 53911
Nr of Matching Refs: 53911 / 53911
Full Intersection Ref/Alt Identical: 53884 / 53911
2504 / 2504 Individuals included in Reference
Extraction of 5008 Haplotypes complete
Reduced to markers called 35391 / 53884
(Fraction SNP: 0.6567997921460916)
Successfully saved to: ./Empirical/Eigenstrat/Reichall/I7626/chr12/
Successfully loaded Data from: ./Empirical/Eigenstrat/Reichall/I7626/chr12/
Loaded Emission Model: haploid
Loaded Transition Model: model
Loaded Post Processing Model: Standard
Minimum Genetic Map: 0.0009
Maximum Genetic Map: 1.7468
Gaps bigger than 0.1 cM: 227
Maximum Gap: 1.1095 cM
Loaded Transition and Emission Matrix:
(3, 3)
(5009, 35391)
Loaded Observations:
(2, 35391)
Memory Usage: 1829.371904 mB
Reference Number: 5008
Total Log likelihood: -12495.712
Memory Usage: 1829.371904 mB
Finished Calculation State Posteriors
Saved Zero State Posterior to ./Empirical/Eigenstrat/Reichall/I7626/chr12/.
Successfully loaded for PP. from ./Empirical/Eigenstrat/Reichall/I7626/chr12/
Fraction Markers in ROH: 0.4505
Merged n=0 gaps < 0.0 M
Called n=15 ROH Blocks > 1.0 cM
Longest Block: 2.113
Successfully saved to ./Empirical/Eigenstrat/Reichall/I7626/chr12/roh.csv
Using Low-Mem Cython Linear Speed Up.
Loaded Pre Processing Model: Eigenstrat
Loading Individual: I7626

Loaded 39018 variants
Loaded 2504 individuals
HDF5 loaded from ./Data/1000Genomes/HDF5/1240kHDF5/all1240/chr13.hdf5
3 Eigenstrat Files with 5081 Individuals and 1233013 SNPs

Intersection on Positions: 39018
Nr of Matching Refs: 39018 / 39018
Full Intersection Ref/Alt Identical: 38994 / 39018
2504 / 2504 Individuals included in Reference
Extraction of 5008 Haplotypes complete
Reduced to markers called 24041 / 38994
(Fraction SNP: 0.6165307483202545)
Successfully saved to: ./Empirical/Eigenstrat/Reichall/I7626/chr13/
Successfully loaded Data from: ./Empirical/Eigenstrat/Reichall/I7626/chr13/
Loaded Emission Model: haploid
Loaded Transition Model: model
Loaded Post Processing Model: Standard
Minimum Genetic Map: 0.0021
Maximum Genetic Map: 1.2570
Gaps bigger than 0.1 cM: 183
Maximum Gap: 1.2227 cM
Loaded Transition and Emission Matrix:
(3, 3)
(5009, 24041)
Loaded Observations:
(2, 24041)
Memory Usage: 1318.383616 mB
Reference Number: 5008
Total Log likelihood: -8893.318
Memory Usage: 1318.383616 mB
Finished Calculation State Posteriors
Saved Zero State Posterior to ./Empirical/Eigenstrat/Reichall/I7626/chr13/.
Successfully loaded for PP. from ./Empirical/Eigenstrat/Reichall/I7626/chr13/
Fraction Markers in ROH: 0.3972
Merged n=0 gaps < 0.0 M
Called n=5 ROH Blocks > 1.0 cM
Longest Block: 1.562
Successfully saved to ./Empirical/Eigenstrat/Reichall/I7626/chr13/roh.csv
Using Low-Mem Cython Linear Speed Up.
Loaded Pre Processing Model: Eigenstrat
Loading Individual: I7626

Loaded 36301 variants
Loaded 2504 individuals
HDF5 loaded from ./Data/1000Genomes/HDF5/1240kHDF5/all1240/chr14.hdf5
3 Eigenstrat Files with 5081 Individuals and 1233013 SNPs

Intersection on Positions: 36301
Nr of Matching Refs: 36301 / 36301
Full Intersection Ref/Alt Identical: 36280 / 36301
2504 / 2504 Individuals included in Reference
Extraction of 5008 Haplotypes complete
Reduced to markers called 23889 / 36280
(Fraction SNP: 0.6584619625137818)
Successfully saved to: ./Empirical/Eigenstrat/Reichall/I7626/chr14/
Successfully loaded Data from: ./Empirical/Eigenstrat/Reichall/I7626/chr14/
Loaded Emission Model: haploid
Loaded Transition Model: model
Loaded Post Processing Model: Standard
Minimum Genetic Map: 0.0184
Maximum Genetic Map: 1.2020
Gaps bigger than 0.1 cM: 163
Maximum Gap: 3.3157 cM
Loaded Transition and Emission Matrix:
(3, 3)
(5009, 23889)
Loaded Observations:
(2, 23889)
Memory Usage: 1312.165888 mB
Reference Number: 5008
Total Log likelihood: -8705.749
Memory Usage: 1312.165888 mB
Finished Calculation State Posteriors
Saved Zero State Posterior to ./Empirical/Eigenstrat/Reichall/I7626/chr14/.
Successfully loaded for PP. from ./Empirical/Eigenstrat/Reichall/I7626/chr14/
Fraction Markers in ROH: 0.4168
Merged n=0 gaps < 0.0 M
Called n=10 ROH Blocks > 1.0 cM
Longest Block: 4.255
Successfully saved to ./Empirical/Eigenstrat/Reichall/I7626/chr14/roh.csv
Using Low-Mem Cython Linear Speed Up.
Loaded Pre Processing Model: Eigenstrat
Loading Individual: I7626

Loaded 34429 variants
Loaded 2504 individuals
HDF5 loaded from ./Data/1000Genomes/HDF5/1240kHDF5/all1240/chr15.hdf5
3 Eigenstrat Files with 5081 Individuals and 1233013 SNPs

Intersection on Positions: 34429
Nr of Matching Refs: 34429 / 34429
Full Intersection Ref/Alt Identical: 34407 / 34429
2504 / 2504 Individuals included in Reference
Extraction of 5008 Haplotypes complete
Reduced to markers called 23823 / 34407
(Fraction SNP: 0.6923881768244834)
Successfully saved to: ./Empirical/Eigenstrat/Reichall/I7626/chr15/
Successfully loaded Data from: ./Empirical/Eigenstrat/Reichall/I7626/chr15/
Loaded Emission Model: haploid
Loaded Transition Model: model
Loaded Post Processing Model: Standard
Minimum Genetic Map: 0.0000
Maximum Genetic Map: 1.4135
Gaps bigger than 0.1 cM: 158
Maximum Gap: 11.6560 cM
Loaded Transition and Emission Matrix:
(3, 3)
(5009, 23823)
Loaded Observations:
(2, 23823)
Memory Usage: 1309.548544 mB
Reference Number: 5008
Total Log likelihood: -8885.456
Memory Usage: 1309.548544 mB
Finished Calculation State Posteriors
Saved Zero State Posterior to ./Empirical/Eigenstrat/Reichall/I7626/chr15/.
Successfully loaded for PP. from ./Empirical/Eigenstrat/Reichall/I7626/chr15/
Fraction Markers in ROH: 0.4075
Merged n=0 gaps < 0.0 M
Called n=1 ROH Blocks > 1.0 cM
Longest Block: 1.280
Successfully saved to ./Empirical/Eigenstrat/Reichall/I7626/chr15/roh.csv
Using Low-Mem Cython Linear Speed Up.
Loaded Pre Processing Model: Eigenstrat
Loading Individual: I7626

Loaded 34402 variants
Loaded 2504 individuals
HDF5 loaded from ./Data/1000Genomes/HDF5/1240kHDF5/all1240/chr16.hdf5
3 Eigenstrat Files with 5081 Individuals and 1233013 SNPs

Intersection on Positions: 34402
Nr of Matching Refs: 34402 / 34402
Full Intersection Ref/Alt Identical: 34375 / 34402
2504 / 2504 Individuals included in Reference
Extraction of 5008 Haplotypes complete
Reduced to markers called 25177 / 34375
(Fraction SNP: 0.7324218181818182)
Successfully saved to: ./Empirical/Eigenstrat/Reichall/I7626/chr16/
Successfully loaded Data from: ./Empirical/Eigenstrat/Reichall/I7626/chr16/
Loaded Emission Model: haploid
Loaded Transition Model: model
Loaded Post Processing Model: Standard
Minimum Genetic Map: -0.0000
Maximum Genetic Map: 1.3403
Gaps bigger than 0.1 cM: 177
Maximum Gap: 0.8461 cM
Loaded Transition and Emission Matrix:
(3, 3)
(5009, 25177)
Loaded Observations:
(2, 25177)
Memory Usage: 1370.112 mB
Reference Number: 5008
Total Log likelihood: -8541.815
Memory Usage: 1370.112 mB
Finished Calculation State Posteriors
Saved Zero State Posterior to ./Empirical/Eigenstrat/Reichall/I7626/chr16/.
Successfully loaded for PP. from ./Empirical/Eigenstrat/Reichall/I7626/chr16/
Fraction Markers in ROH: 0.4621
Merged n=0 gaps < 0.0 M
Called n=7 ROH Blocks > 1.0 cM
Longest Block: 3.978
Successfully saved to ./Empirical/Eigenstrat/Reichall/I7626/chr16/roh.csv
Using Low-Mem Cython Linear Speed Up.
Loaded Pre Processing Model: Eigenstrat
Loading Individual: I7626

Loaded 29314 variants
Loaded 2504 individuals
HDF5 loaded from ./Data/1000Genomes/HDF5/1240kHDF5/all1240/chr17.hdf5
3 Eigenstrat Files with 5081 Individuals and 1233013 SNPs

Intersection on Positions: 29314
Nr of Matching Refs: 29314 / 29314
Full Intersection Ref/Alt Identical: 29292 / 29314
2504 / 2504 Individuals included in Reference
Extraction of 5008 Haplotypes complete
Reduced to markers called 21828 / 29292
(Fraction SNP: 0.7451863990167964)
Successfully saved to: ./Empirical/Eigenstrat/Reichall/I7626/chr17/
Successfully loaded Data from: ./Empirical/Eigenstrat/Reichall/I7626/chr17/
Loaded Emission Model: haploid
Loaded Transition Model: model
Loaded Post Processing Model: Standard
Minimum Genetic Map: -0.0003
Maximum Genetic Map: 1.2847
Gaps bigger than 0.1 cM: 158
Maximum Gap: 1.2341 cM
Loaded Transition and Emission Matrix:
(3, 3)
(5009, 21828)
Loaded Observations:
(2, 21828)
Memory Usage: 1219.162112 mB
Reference Number: 5008
Total Log likelihood: -8012.487
Memory Usage: 1219.162112 mB
Finished Calculation State Posteriors
Saved Zero State Posterior to ./Empirical/Eigenstrat/Reichall/I7626/chr17/.
Successfully loaded for PP. from ./Empirical/Eigenstrat/Reichall/I7626/chr17/
Fraction Markers in ROH: 0.4219
Merged n=0 gaps < 0.0 M
Called n=13 ROH Blocks > 1.0 cM
Longest Block: 1.865
Successfully saved to ./Empirical/Eigenstrat/Reichall/I7626/chr17/roh.csv
Using Low-Mem Cython Linear Speed Up.
Loaded Pre Processing Model: Eigenstrat
Loading Individual: I7626

Loaded 33917 variants
Loaded 2504 individuals
HDF5 loaded from ./Data/1000Genomes/HDF5/1240kHDF5/all1240/chr18.hdf5
3 Eigenstrat Files with 5081 Individuals and 1233013 SNPs

Intersection on Positions: 33917
Nr of Matching Refs: 33917 / 33917
Full Intersection Ref/Alt Identical: 33902 / 33917
2504 / 2504 Individuals included in Reference
Extraction of 5008 Haplotypes complete
Reduced to markers called 22052 / 33902
(Fraction SNP: 0.6504630995221521)
Successfully saved to: ./Empirical/Eigenstrat/Reichall/I7626/chr18/
Successfully loaded Data from: ./Empirical/Eigenstrat/Reichall/I7626/chr18/
Loaded Emission Model: haploid
Loaded Transition Model: model
Loaded Post Processing Model: Standard
Minimum Genetic Map: 0.0016
Maximum Genetic Map: 1.1771
Gaps bigger than 0.1 cM: 176
Maximum Gap: 0.4827 cM
Loaded Transition and Emission Matrix:
(3, 3)
(5009, 22052)
Loaded Observations:
(2, 22052)
Memory Usage: 1229.312 mB
Reference Number: 5008
Total Log likelihood: -8408.016
Memory Usage: 1229.312 mB
Finished Calculation State Posteriors
Saved Zero State Posterior to ./Empirical/Eigenstrat/Reichall/I7626/chr18/.
Successfully loaded for PP. from ./Empirical/Eigenstrat/Reichall/I7626/chr18/
Fraction Markers in ROH: 0.3727
Merged n=0 gaps < 0.0 M
Called n=4 ROH Blocks > 1.0 cM
Longest Block: 1.811
Successfully saved to ./Empirical/Eigenstrat/Reichall/I7626/chr18/roh.csv
Using Low-Mem Cython Linear Speed Up.
Loaded Pre Processing Model: Eigenstrat
Loading Individual: I7626

Loaded 18460 variants
Loaded 2504 individuals
HDF5 loaded from ./Data/1000Genomes/HDF5/1240kHDF5/all1240/chr19.hdf5
3 Eigenstrat Files with 5081 Individuals and 1233013 SNPs

Intersection on Positions: 18460
Nr of Matching Refs: 18460 / 18460
Full Intersection Ref/Alt Identical: 18441 / 18460
2504 / 2504 Individuals included in Reference
Extraction of 5008 Haplotypes complete
Reduced to markers called 14437 / 18441
(Fraction SNP: 0.7828751152323626)
Successfully saved to: ./Empirical/Eigenstrat/Reichall/I7626/chr19/
Successfully loaded Data from: ./Empirical/Eigenstrat/Reichall/I7626/chr19/
Loaded Emission Model: haploid
Loaded Transition Model: model
Loaded Post Processing Model: Standard
Minimum Genetic Map: 0.0000
Maximum Genetic Map: 1.0773
Gaps bigger than 0.1 cM: 159
Maximum Gap: 0.5964 cM
Loaded Transition and Emission Matrix:
(3, 3)
(5009, 14437)
Loaded Observations:
(2, 14437)
Memory Usage: 885.88288 mB
Reference Number: 5008
Total Log likelihood: -5580.458
Memory Usage: 885.88288 mB
Finished Calculation State Posteriors
Saved Zero State Posterior to ./Empirical/Eigenstrat/Reichall/I7626/chr19/.
Successfully loaded for PP. from ./Empirical/Eigenstrat/Reichall/I7626/chr19/
Fraction Markers in ROH: 0.4112
Merged n=0 gaps < 0.0 M
Called n=8 ROH Blocks > 1.0 cM
Longest Block: 1.795
Successfully saved to ./Empirical/Eigenstrat/Reichall/I7626/chr19/roh.csv
Using Low-Mem Cython Linear Speed Up.
Loaded Pre Processing Model: Eigenstrat
Loading Individual: I7626

Loaded 29078 variants
Loaded 2504 individuals
HDF5 loaded from ./Data/1000Genomes/HDF5/1240kHDF5/all1240/chr20.hdf5
3 Eigenstrat Files with 5081 Individuals and 1233013 SNPs

Intersection on Positions: 29078
Nr of Matching Refs: 29078 / 29078
Full Intersection Ref/Alt Identical: 29053 / 29078
2504 / 2504 Individuals included in Reference
Extraction of 5008 Haplotypes complete
Reduced to markers called 21297 / 29053
(Fraction SNP: 0.7330396172512305)
Successfully saved to: ./Empirical/Eigenstrat/Reichall/I7626/chr20/
Successfully loaded Data from: ./Empirical/Eigenstrat/Reichall/I7626/chr20/
Loaded Emission Model: haploid
Loaded Transition Model: model
Loaded Post Processing Model: Standard
Minimum Genetic Map: 0.0000
Maximum Genetic Map: 1.0821
Gaps bigger than 0.1 cM: 162
Maximum Gap: 0.4744 cM
Loaded Transition and Emission Matrix:
(3, 3)
(5009, 21297)
Loaded Observations:
(2, 21297)
Memory Usage: 1195.139072 mB
Reference Number: 5008
Total Log likelihood: -7846.699
Memory Usage: 1195.139072 mB
Finished Calculation State Posteriors
Saved Zero State Posterior to ./Empirical/Eigenstrat/Reichall/I7626/chr20/.
Successfully loaded for PP. from ./Empirical/Eigenstrat/Reichall/I7626/chr20/
Fraction Markers in ROH: 0.3870
Merged n=0 gaps < 0.0 M
Called n=3 ROH Blocks > 1.0 cM
Longest Block: 2.146
Successfully saved to ./Empirical/Eigenstrat/Reichall/I7626/chr20/roh.csv
Using Low-Mem Cython Linear Speed Up.
Loaded Pre Processing Model: Eigenstrat
Loading Individual: I7626

Loaded 16038 variants
Loaded 2504 individuals
HDF5 loaded from ./Data/1000Genomes/HDF5/1240kHDF5/all1240/chr21.hdf5
3 Eigenstrat Files with 5081 Individuals and 1233013 SNPs

Intersection on Positions: 16038
Nr of Matching Refs: 16038 / 16038
Full Intersection Ref/Alt Identical: 16031 / 16038
2504 / 2504 Individuals included in Reference
Extraction of 5008 Haplotypes complete
Reduced to markers called 10521 / 16031
(Fraction SNP: 0.6562909363108976)
Successfully saved to: ./Empirical/Eigenstrat/Reichall/I7626/chr21/
Successfully loaded Data from: ./Empirical/Eigenstrat/Reichall/I7626/chr21/
Loaded Emission Model: haploid
Loaded Transition Model: model
Loaded Post Processing Model: Standard
Minimum Genetic Map: -0.0085
Maximum Genetic Map: 0.6279
Gaps bigger than 0.1 cM: 110
Maximum Gap: 1.7201 cM
Loaded Transition and Emission Matrix:
(3, 3)
(5009, 10521)
Loaded Observations:
(2, 10521)
Memory Usage: 714.01472 mB
Reference Number: 5008
Total Log likelihood: -4087.347
Memory Usage: 714.01472 mB
Finished Calculation State Posteriors
Saved Zero State Posterior to ./Empirical/Eigenstrat/Reichall/I7626/chr21/.
Successfully loaded for PP. from ./Empirical/Eigenstrat/Reichall/I7626/chr21/
Fraction Markers in ROH: 0.3247
Merged n=0 gaps < 0.0 M
Called n=2 ROH Blocks > 1.0 cM
Longest Block: 1.576
Successfully saved to ./Empirical/Eigenstrat/Reichall/I7626/chr21/roh.csv
Using Low-Mem Cython Linear Speed Up.
Loaded Pre Processing Model: Eigenstrat
Loading Individual: I7626

Loaded 15802 variants
Loaded 2504 individuals
HDF5 loaded from ./Data/1000Genomes/HDF5/1240kHDF5/all1240/chr22.hdf5
3 Eigenstrat Files with 5081 Individuals and 1233013 SNPs

Intersection on Positions: 15802
Nr of Matching Refs: 15802 / 15802
Full Intersection Ref/Alt Identical: 15793 / 15802
2504 / 2504 Individuals included in Reference
Extraction of 5008 Haplotypes complete
Reduced to markers called 12639 / 15793
(Fraction SNP: 0.8002912682834167)
Successfully saved to: ./Empirical/Eigenstrat/Reichall/I7626/chr22/
Successfully loaded Data from: ./Empirical/Eigenstrat/Reichall/I7626/chr22/
Loaded Emission Model: haploid
Loaded Transition Model: model
Loaded Post Processing Model: Standard
Minimum Genetic Map: 0.0180
Maximum Genetic Map: 0.7408
Gaps bigger than 0.1 cM: 87
Maximum Gap: 1.6949 cM
Loaded Transition and Emission Matrix:
(3, 3)
(5009, 12639)
Loaded Observations:
(2, 12639)
Memory Usage: 809.488384 mB
Reference Number: 5008
Total Log likelihood: -4891.588
Memory Usage: 809.488384 mB
Finished Calculation State Posteriors
Saved Zero State Posterior to ./Empirical/Eigenstrat/Reichall/I7626/chr22/.
Successfully loaded for PP. from ./Empirical/Eigenstrat/Reichall/I7626/chr22/
Fraction Markers in ROH: 0.3599
Merged n=0 gaps < 0.0 M
Called n=3 ROH Blocks > 1.0 cM
Longest Block: 1.995
Successfully saved to ./Empirical/Eigenstrat/Reichall/I7626/chr22/roh.csv
