Loaded 2106 / 5081 ancient Indivdiuals Anno File.
Doing Individual I0164...
Using Low-Mem Cython Linear Speed Up.
Loaded Pre Processing Model: Eigenstrat
Loading Individual: I0164

Loaded 89147 variants
Loaded 2504 individuals
HDF5 loaded from ./Data/1000Genomes/HDF5/1240kHDF5/all1240/chr1.hdf5
3 Eigenstrat Files with 5081 Individuals and 1233013 SNPs

Intersection on Positions: 89147
Nr of Matching Refs: 89147 / 89147
Full Intersection Ref/Alt Identical: 89082 / 89147
2504 / 2504 Individuals included in Reference
Extraction of 5008 Haplotypes complete
Reduced to markers called 65186 / 89082
(Fraction SNP: 0.7317527671134461)
Successfully saved to: ./Empirical/Eigenstrat/Reichall/I0164/chr1/
Successfully loaded Data from: ./Empirical/Eigenstrat/Reichall/I0164/chr1/
Loaded Emission Model: haploid
Loaded Transition Model: model
Loaded Post Processing Model: Standard
Minimum Genetic Map: 0.0201
Maximum Genetic Map: 2.8627
Gaps bigger than 0.1 cM: 343
Maximum Gap: 2.9476 cM
Loaded Transition and Emission Matrix:
(3, 3)
(5009, 65186)
Loaded Observations:
(2, 65186)
Memory Usage: 3133.280256 mB
Reference Number: 5008
Total Log likelihood: -22213.830
Memory Usage: 3133.169664 mB
Finished Calculation State Posteriors
Saved Zero State Posterior to ./Empirical/Eigenstrat/Reichall/I0164/chr1/.
Successfully loaded for PP. from ./Empirical/Eigenstrat/Reichall/I0164/chr1/
Fraction Markers in ROH: 0.4283
Merged n=0 gaps < 0.0 M
Called n=10 ROH Blocks > 1.0 cM
Longest Block: 1.671
Successfully saved to ./Empirical/Eigenstrat/Reichall/I0164/chr1/roh.csv
Using Low-Mem Cython Linear Speed Up.
Loaded Pre Processing Model: Eigenstrat
Loading Individual: I0164

Loaded 94239 variants
Loaded 2504 individuals
HDF5 loaded from ./Data/1000Genomes/HDF5/1240kHDF5/all1240/chr2.hdf5
3 Eigenstrat Files with 5081 Individuals and 1233013 SNPs

Intersection on Positions: 94239
Nr of Matching Refs: 94239 / 94239
Full Intersection Ref/Alt Identical: 94173 / 94239
2504 / 2504 Individuals included in Reference
Extraction of 5008 Haplotypes complete
Reduced to markers called 68307 / 94173
(Fraction SNP: 0.7253352871842248)
Successfully saved to: ./Empirical/Eigenstrat/Reichall/I0164/chr2/
Successfully loaded Data from: ./Empirical/Eigenstrat/Reichall/I0164/chr2/
Loaded Emission Model: haploid
Loaded Transition Model: model
Loaded Post Processing Model: Standard
Minimum Genetic Map: 0.0001
Maximum Genetic Map: 2.6883
Gaps bigger than 0.1 cM: 318
Maximum Gap: 1.8302 cM
Loaded Transition and Emission Matrix:
(3, 3)
(5009, 68307)
Loaded Observations:
(2, 68307)
Memory Usage: 3312.533504 mB
Reference Number: 5008
Total Log likelihood: -23098.745
Memory Usage: 3312.533504 mB
Finished Calculation State Posteriors
Saved Zero State Posterior to ./Empirical/Eigenstrat/Reichall/I0164/chr2/.
Successfully loaded for PP. from ./Empirical/Eigenstrat/Reichall/I0164/chr2/
Fraction Markers in ROH: 0.4345
Merged n=0 gaps < 0.0 M
Called n=13 ROH Blocks > 1.0 cM
Longest Block: 5.274
Successfully saved to ./Empirical/Eigenstrat/Reichall/I0164/chr2/roh.csv
Using Low-Mem Cython Linear Speed Up.
Loaded Pre Processing Model: Eigenstrat
Loading Individual: I0164

Loaded 77652 variants
Loaded 2504 individuals
HDF5 loaded from ./Data/1000Genomes/HDF5/1240kHDF5/all1240/chr3.hdf5
3 Eigenstrat Files with 5081 Individuals and 1233013 SNPs

Intersection on Positions: 77652
Nr of Matching Refs: 77652 / 77652
Full Intersection Ref/Alt Identical: 77601 / 77652
2504 / 2504 Individuals included in Reference
Extraction of 5008 Haplotypes complete
Reduced to markers called 56234 / 77601
(Fraction SNP: 0.7246556101081172)
Successfully saved to: ./Empirical/Eigenstrat/Reichall/I0164/chr3/
Successfully loaded Data from: ./Empirical/Eigenstrat/Reichall/I0164/chr3/
Loaded Emission Model: haploid
Loaded Transition Model: model
Loaded Post Processing Model: Standard
Minimum Genetic Map: 0.0000
Maximum Genetic Map: 2.2326
Gaps bigger than 0.1 cM: 292
Maximum Gap: 0.3297 cM
Loaded Transition and Emission Matrix:
(3, 3)
(5009, 56234)
Loaded Observations:
(2, 56234)
Memory Usage: 2768.60928 mB
Reference Number: 5008
Total Log likelihood: -19885.799
Memory Usage: 2768.60928 mB
Finished Calculation State Posteriors
Saved Zero State Posterior to ./Empirical/Eigenstrat/Reichall/I0164/chr3/.
Successfully loaded for PP. from ./Empirical/Eigenstrat/Reichall/I0164/chr3/
Fraction Markers in ROH: 0.4209
Merged n=0 gaps < 0.0 M
Called n=6 ROH Blocks > 1.0 cM
Longest Block: 1.210
Successfully saved to ./Empirical/Eigenstrat/Reichall/I0164/chr3/roh.csv
Using Low-Mem Cython Linear Speed Up.
Loaded Pre Processing Model: Eigenstrat
Loading Individual: I0164

Loaded 68759 variants
Loaded 2504 individuals
HDF5 loaded from ./Data/1000Genomes/HDF5/1240kHDF5/all1240/chr4.hdf5
3 Eigenstrat Files with 5081 Individuals and 1233013 SNPs

Intersection on Positions: 68759
Nr of Matching Refs: 68759 / 68759
Full Intersection Ref/Alt Identical: 68720 / 68759
2504 / 2504 Individuals included in Reference
Extraction of 5008 Haplotypes complete
Reduced to markers called 48637 / 68720
(Fraction SNP: 0.707756111757858)
Successfully saved to: ./Empirical/Eigenstrat/Reichall/I0164/chr4/
Successfully loaded Data from: ./Empirical/Eigenstrat/Reichall/I0164/chr4/
Loaded Emission Model: haploid
Loaded Transition Model: model
Loaded Post Processing Model: Standard
Minimum Genetic Map: 0.0034
Maximum Genetic Map: 2.1454
Gaps bigger than 0.1 cM: 262
Maximum Gap: 2.0550 cM
Loaded Transition and Emission Matrix:
(3, 3)
(5009, 48637)
Loaded Observations:
(2, 48637)
Memory Usage: 2426.30656 mB
Reference Number: 5008
Total Log likelihood: -17502.304
Memory Usage: 2426.30656 mB
Finished Calculation State Posteriors
Saved Zero State Posterior to ./Empirical/Eigenstrat/Reichall/I0164/chr4/.
Successfully loaded for PP. from ./Empirical/Eigenstrat/Reichall/I0164/chr4/
Fraction Markers in ROH: 0.3891
Merged n=0 gaps < 0.0 M
Called n=8 ROH Blocks > 1.0 cM
Longest Block: 1.823
Successfully saved to ./Empirical/Eigenstrat/Reichall/I0164/chr4/roh.csv
Using Low-Mem Cython Linear Speed Up.
Loaded Pre Processing Model: Eigenstrat
Loading Individual: I0164

Loaded 69399 variants
Loaded 2504 individuals
HDF5 loaded from ./Data/1000Genomes/HDF5/1240kHDF5/all1240/chr5.hdf5
3 Eigenstrat Files with 5081 Individuals and 1233013 SNPs

Intersection on Positions: 69399
Nr of Matching Refs: 69399 / 69399
Full Intersection Ref/Alt Identical: 69354 / 69399
2504 / 2504 Individuals included in Reference
Extraction of 5008 Haplotypes complete
Reduced to markers called 49801 / 69354
(Fraction SNP: 0.7180696138650979)
Successfully saved to: ./Empirical/Eigenstrat/Reichall/I0164/chr5/
Successfully loaded Data from: ./Empirical/Eigenstrat/Reichall/I0164/chr5/
Loaded Emission Model: haploid
Loaded Transition Model: model
Loaded Post Processing Model: Standard
Minimum Genetic Map: 0.0004
Maximum Genetic Map: 2.0409
Gaps bigger than 0.1 cM: 278
Maximum Gap: 1.0498 cM
Loaded Transition and Emission Matrix:
(3, 3)
(5009, 49801)
Loaded Observations:
(2, 49801)
Memory Usage: 2478.952448 mB
Reference Number: 5008
Total Log likelihood: -17673.153
Memory Usage: 2478.952448 mB
Finished Calculation State Posteriors
Saved Zero State Posterior to ./Empirical/Eigenstrat/Reichall/I0164/chr5/.
Successfully loaded for PP. from ./Empirical/Eigenstrat/Reichall/I0164/chr5/
Fraction Markers in ROH: 0.4324
Merged n=0 gaps < 0.0 M
Called n=8 ROH Blocks > 1.0 cM
Longest Block: 2.200
Successfully saved to ./Empirical/Eigenstrat/Reichall/I0164/chr5/roh.csv
Using Low-Mem Cython Linear Speed Up.
Loaded Pre Processing Model: Eigenstrat
Loading Individual: I0164

Loaded 75870 variants
Loaded 2504 individuals
HDF5 loaded from ./Data/1000Genomes/HDF5/1240kHDF5/all1240/chr6.hdf5
3 Eigenstrat Files with 5081 Individuals and 1233013 SNPs

Intersection on Positions: 75870
Nr of Matching Refs: 75870 / 75870
Full Intersection Ref/Alt Identical: 75816 / 75870
2504 / 2504 Individuals included in Reference
Extraction of 5008 Haplotypes complete
Reduced to markers called 55158 / 75816
(Fraction SNP: 0.7275245330800887)
Successfully saved to: ./Empirical/Eigenstrat/Reichall/I0164/chr6/
Successfully loaded Data from: ./Empirical/Eigenstrat/Reichall/I0164/chr6/
Loaded Emission Model: haploid
Loaded Transition Model: model
Loaded Post Processing Model: Standard
Minimum Genetic Map: 0.0035
Maximum Genetic Map: 1.9203
Gaps bigger than 0.1 cM: 210
Maximum Gap: 0.5440 cM
Loaded Transition and Emission Matrix:
(3, 3)
(5009, 55158)
Loaded Observations:
(2, 55158)
Memory Usage: 2720.595968 mB
Reference Number: 5008
Total Log likelihood: -19583.888
Memory Usage: 2720.595968 mB
Finished Calculation State Posteriors
Saved Zero State Posterior to ./Empirical/Eigenstrat/Reichall/I0164/chr6/.
Successfully loaded for PP. from ./Empirical/Eigenstrat/Reichall/I0164/chr6/
Fraction Markers in ROH: 0.4132
Merged n=0 gaps < 0.0 M
Called n=7 ROH Blocks > 1.0 cM
Longest Block: 1.696
Successfully saved to ./Empirical/Eigenstrat/Reichall/I0164/chr6/roh.csv
Using Low-Mem Cython Linear Speed Up.
Loaded Pre Processing Model: Eigenstrat
Loading Individual: I0164

Loaded 59890 variants
Loaded 2504 individuals
HDF5 loaded from ./Data/1000Genomes/HDF5/1240kHDF5/all1240/chr7.hdf5
3 Eigenstrat Files with 5081 Individuals and 1233013 SNPs

Intersection on Positions: 59890
Nr of Matching Refs: 59890 / 59890
Full Intersection Ref/Alt Identical: 59836 / 59890
2504 / 2504 Individuals included in Reference
Extraction of 5008 Haplotypes complete
Reduced to markers called 42326 / 59836
(Fraction SNP: 0.7073668025937563)
Successfully saved to: ./Empirical/Eigenstrat/Reichall/I0164/chr7/
Successfully loaded Data from: ./Empirical/Eigenstrat/Reichall/I0164/chr7/
Loaded Emission Model: haploid
Loaded Transition Model: model
Loaded Post Processing Model: Standard
Minimum Genetic Map: 0.0001
Maximum Genetic Map: 1.8715
Gaps bigger than 0.1 cM: 251
Maximum Gap: 0.8484 cM
Loaded Transition and Emission Matrix:
(3, 3)
(5009, 42326)
Loaded Observations:
(2, 42326)
Memory Usage: 2142.150656 mB
Reference Number: 5008
Total Log likelihood: -14532.986
Memory Usage: 2142.150656 mB
Finished Calculation State Posteriors
Saved Zero State Posterior to ./Empirical/Eigenstrat/Reichall/I0164/chr7/.
Successfully loaded for PP. from ./Empirical/Eigenstrat/Reichall/I0164/chr7/
Fraction Markers in ROH: 0.4421
Merged n=0 gaps < 0.0 M
Called n=11 ROH Blocks > 1.0 cM
Longest Block: 3.850
Successfully saved to ./Empirical/Eigenstrat/Reichall/I0164/chr7/roh.csv
Using Low-Mem Cython Linear Speed Up.
Loaded Pre Processing Model: Eigenstrat
Loading Individual: I0164

Loaded 61133 variants
Loaded 2504 individuals
HDF5 loaded from ./Data/1000Genomes/HDF5/1240kHDF5/all1240/chr8.hdf5
3 Eigenstrat Files with 5081 Individuals and 1233013 SNPs

Intersection on Positions: 61133
Nr of Matching Refs: 61133 / 61133
Full Intersection Ref/Alt Identical: 61091 / 61133
2504 / 2504 Individuals included in Reference
Extraction of 5008 Haplotypes complete
Reduced to markers called 43993 / 61091
(Fraction SNP: 0.7201224402939876)
Successfully saved to: ./Empirical/Eigenstrat/Reichall/I0164/chr8/
Successfully loaded Data from: ./Empirical/Eigenstrat/Reichall/I0164/chr8/
Loaded Emission Model: haploid
Loaded Transition Model: model
Loaded Post Processing Model: Standard
Minimum Genetic Map: 0.0000
Maximum Genetic Map: 1.6800
Gaps bigger than 0.1 cM: 173
Maximum Gap: 1.8932 cM
Loaded Transition and Emission Matrix:
(3, 3)
(5009, 43993)
Loaded Observations:
(2, 43993)
Memory Usage: 2217.5744 mB
Reference Number: 5008
Total Log likelihood: -15319.167
Memory Usage: 2217.5744 mB
Finished Calculation State Posteriors
Saved Zero State Posterior to ./Empirical/Eigenstrat/Reichall/I0164/chr8/.
Successfully loaded for PP. from ./Empirical/Eigenstrat/Reichall/I0164/chr8/
Fraction Markers in ROH: 0.4162
Merged n=0 gaps < 0.0 M
Called n=3 ROH Blocks > 1.0 cM
Longest Block: 2.493
Successfully saved to ./Empirical/Eigenstrat/Reichall/I0164/chr8/roh.csv
Using Low-Mem Cython Linear Speed Up.
Loaded Pre Processing Model: Eigenstrat
Loading Individual: I0164

Loaded 50668 variants
Loaded 2504 individuals
HDF5 loaded from ./Data/1000Genomes/HDF5/1240kHDF5/all1240/chr9.hdf5
3 Eigenstrat Files with 5081 Individuals and 1233013 SNPs

Intersection on Positions: 50668
Nr of Matching Refs: 50668 / 50668
Full Intersection Ref/Alt Identical: 50629 / 50668
2504 / 2504 Individuals included in Reference
Extraction of 5008 Haplotypes complete
Reduced to markers called 36463 / 50629
(Fraction SNP: 0.7201998854411503)
Successfully saved to: ./Empirical/Eigenstrat/Reichall/I0164/chr9/
Successfully loaded Data from: ./Empirical/Eigenstrat/Reichall/I0164/chr9/
Loaded Emission Model: haploid
Loaded Transition Model: model
Loaded Post Processing Model: Standard
Minimum Genetic Map: 0.0016
Maximum Genetic Map: 1.6630
Gaps bigger than 0.1 cM: 239
Maximum Gap: 2.1875 cM
Loaded Transition and Emission Matrix:
(3, 3)
(5009, 36463)
Loaded Observations:
(2, 36463)
Memory Usage: 1878.728704 mB
Reference Number: 5008
Total Log likelihood: -13000.575
Memory Usage: 1878.728704 mB
Finished Calculation State Posteriors
Saved Zero State Posterior to ./Empirical/Eigenstrat/Reichall/I0164/chr9/.
Successfully loaded for PP. from ./Empirical/Eigenstrat/Reichall/I0164/chr9/
Fraction Markers in ROH: 0.4169
Merged n=0 gaps < 0.0 M
Called n=9 ROH Blocks > 1.0 cM
Longest Block: 2.201
Successfully saved to ./Empirical/Eigenstrat/Reichall/I0164/chr9/roh.csv
Using Low-Mem Cython Linear Speed Up.
Loaded Pre Processing Model: Eigenstrat
Loading Individual: I0164

Loaded 58804 variants
Loaded 2504 individuals
HDF5 loaded from ./Data/1000Genomes/HDF5/1240kHDF5/all1240/chr10.hdf5
3 Eigenstrat Files with 5081 Individuals and 1233013 SNPs

Intersection on Positions: 58804
Nr of Matching Refs: 58804 / 58804
Full Intersection Ref/Alt Identical: 58763 / 58804
2504 / 2504 Individuals included in Reference
Extraction of 5008 Haplotypes complete
Reduced to markers called 42832 / 58763
(Fraction SNP: 0.7288940319588857)
Successfully saved to: ./Empirical/Eigenstrat/Reichall/I0164/chr10/
Successfully loaded Data from: ./Empirical/Eigenstrat/Reichall/I0164/chr10/
Loaded Emission Model: haploid
Loaded Transition Model: model
Loaded Post Processing Model: Standard
Minimum Genetic Map: 0.0001
Maximum Genetic Map: 1.8092
Gaps bigger than 0.1 cM: 220
Maximum Gap: 2.0342 cM
Loaded Transition and Emission Matrix:
(3, 3)
(5009, 42832)
Loaded Observations:
(2, 42832)
Memory Usage: 2165.338112 mB
Reference Number: 5008
Total Log likelihood: -14774.825
Memory Usage: 2165.338112 mB
Finished Calculation State Posteriors
Saved Zero State Posterior to ./Empirical/Eigenstrat/Reichall/I0164/chr10/.
Successfully loaded for PP. from ./Empirical/Eigenstrat/Reichall/I0164/chr10/
Fraction Markers in ROH: 0.4448
Merged n=0 gaps < 0.0 M
Called n=4 ROH Blocks > 1.0 cM
Longest Block: 1.376
Successfully saved to ./Empirical/Eigenstrat/Reichall/I0164/chr10/roh.csv
Using Low-Mem Cython Linear Speed Up.
Loaded Pre Processing Model: Eigenstrat
Loading Individual: I0164

Loaded 54833 variants
Loaded 2504 individuals
HDF5 loaded from ./Data/1000Genomes/HDF5/1240kHDF5/all1240/chr11.hdf5
3 Eigenstrat Files with 5081 Individuals and 1233013 SNPs

Intersection on Positions: 54833
Nr of Matching Refs: 54833 / 54833
Full Intersection Ref/Alt Identical: 54796 / 54833
2504 / 2504 Individuals included in Reference
Extraction of 5008 Haplotypes complete
Reduced to markers called 39669 / 54796
(Fraction SNP: 0.7239397036280021)
Successfully saved to: ./Empirical/Eigenstrat/Reichall/I0164/chr11/
Successfully loaded Data from: ./Empirical/Eigenstrat/Reichall/I0164/chr11/
Loaded Emission Model: haploid
Loaded Transition Model: model
Loaded Post Processing Model: Standard
Minimum Genetic Map: 0.0000
Maximum Genetic Map: 1.5822
Gaps bigger than 0.1 cM: 193
Maximum Gap: 0.5279 cM
Loaded Transition and Emission Matrix:
(3, 3)
(5009, 39669)
Loaded Observations:
(2, 39669)
Memory Usage: 2023.264256 mB
Reference Number: 5008
Total Log likelihood: -14435.225
Memory Usage: 2023.223296 mB
Finished Calculation State Posteriors
Saved Zero State Posterior to ./Empirical/Eigenstrat/Reichall/I0164/chr11/.
Successfully loaded for PP. from ./Empirical/Eigenstrat/Reichall/I0164/chr11/
Fraction Markers in ROH: 0.3927
Merged n=0 gaps < 0.0 M
Called n=2 ROH Blocks > 1.0 cM
Longest Block: 1.570
Successfully saved to ./Empirical/Eigenstrat/Reichall/I0164/chr11/roh.csv
Using Low-Mem Cython Linear Speed Up.
Loaded Pre Processing Model: Eigenstrat
Loading Individual: I0164

Loaded 53911 variants
Loaded 2504 individuals
HDF5 loaded from ./Data/1000Genomes/HDF5/1240kHDF5/all1240/chr12.hdf5
3 Eigenstrat Files with 5081 Individuals and 1233013 SNPs

Intersection on Positions: 53911
Nr of Matching Refs: 53911 / 53911
Full Intersection Ref/Alt Identical: 53884 / 53911
2504 / 2504 Individuals included in Reference
Extraction of 5008 Haplotypes complete
Reduced to markers called 39219 / 53884
(Fraction SNP: 0.727841288694232)
Successfully saved to: ./Empirical/Eigenstrat/Reichall/I0164/chr12/
Successfully loaded Data from: ./Empirical/Eigenstrat/Reichall/I0164/chr12/
Loaded Emission Model: haploid
Loaded Transition Model: model
Loaded Post Processing Model: Standard
Minimum Genetic Map: 0.0009
Maximum Genetic Map: 1.7468
Gaps bigger than 0.1 cM: 227
Maximum Gap: 0.8015 cM
Loaded Transition and Emission Matrix:
(3, 3)
(5009, 39219)
Loaded Observations:
(2, 39219)
Memory Usage: 2002.751488 mB
Reference Number: 5008
Total Log likelihood: -14403.622
Memory Usage: 2002.751488 mB
Finished Calculation State Posteriors
Saved Zero State Posterior to ./Empirical/Eigenstrat/Reichall/I0164/chr12/.
Successfully loaded for PP. from ./Empirical/Eigenstrat/Reichall/I0164/chr12/
Fraction Markers in ROH: 0.3888
Merged n=0 gaps < 0.0 M
Called n=10 ROH Blocks > 1.0 cM
Longest Block: 1.626
Successfully saved to ./Empirical/Eigenstrat/Reichall/I0164/chr12/roh.csv
Using Low-Mem Cython Linear Speed Up.
Loaded Pre Processing Model: Eigenstrat
Loading Individual: I0164

Loaded 39018 variants
Loaded 2504 individuals
HDF5 loaded from ./Data/1000Genomes/HDF5/1240kHDF5/all1240/chr13.hdf5
3 Eigenstrat Files with 5081 Individuals and 1233013 SNPs

Intersection on Positions: 39018
Nr of Matching Refs: 39018 / 39018
Full Intersection Ref/Alt Identical: 38994 / 39018
2504 / 2504 Individuals included in Reference
Extraction of 5008 Haplotypes complete
Reduced to markers called 27360 / 38994
(Fraction SNP: 0.70164640713956)
Successfully saved to: ./Empirical/Eigenstrat/Reichall/I0164/chr13/
Successfully loaded Data from: ./Empirical/Eigenstrat/Reichall/I0164/chr13/
Loaded Emission Model: haploid
Loaded Transition Model: model
Loaded Post Processing Model: Standard
Minimum Genetic Map: 0.0019
Maximum Genetic Map: 1.2570
Gaps bigger than 0.1 cM: 173
Maximum Gap: 1.2227 cM
Loaded Transition and Emission Matrix:
(3, 3)
(5009, 27360)
Loaded Observations:
(2, 27360)
Memory Usage: 1468.551168 mB
Reference Number: 5008
Total Log likelihood: -10223.461
Memory Usage: 1468.551168 mB
Finished Calculation State Posteriors
Saved Zero State Posterior to ./Empirical/Eigenstrat/Reichall/I0164/chr13/.
Successfully loaded for PP. from ./Empirical/Eigenstrat/Reichall/I0164/chr13/
Fraction Markers in ROH: 0.3725
Merged n=0 gaps < 0.0 M
Called n=4 ROH Blocks > 1.0 cM
Longest Block: 1.811
Successfully saved to ./Empirical/Eigenstrat/Reichall/I0164/chr13/roh.csv
Using Low-Mem Cython Linear Speed Up.
Loaded Pre Processing Model: Eigenstrat
Loading Individual: I0164

Loaded 36301 variants
Loaded 2504 individuals
HDF5 loaded from ./Data/1000Genomes/HDF5/1240kHDF5/all1240/chr14.hdf5
3 Eigenstrat Files with 5081 Individuals and 1233013 SNPs

Intersection on Positions: 36301
Nr of Matching Refs: 36301 / 36301
Full Intersection Ref/Alt Identical: 36280 / 36301
2504 / 2504 Individuals included in Reference
Extraction of 5008 Haplotypes complete
Reduced to markers called 25963 / 36280
(Fraction SNP: 0.7156284454244763)
Successfully saved to: ./Empirical/Eigenstrat/Reichall/I0164/chr14/
Successfully loaded Data from: ./Empirical/Eigenstrat/Reichall/I0164/chr14/
Loaded Emission Model: haploid
Loaded Transition Model: model
Loaded Post Processing Model: Standard
Minimum Genetic Map: 0.0184
Maximum Genetic Map: 1.2020
Gaps bigger than 0.1 cM: 156
Maximum Gap: 3.1346 cM
Loaded Transition and Emission Matrix:
(3, 3)
(5009, 25963)
Loaded Observations:
(2, 25963)
Memory Usage: 1405.681664 mB
Reference Number: 5008
Total Log likelihood: -9061.550
Memory Usage: 1405.681664 mB
Finished Calculation State Posteriors
Saved Zero State Posterior to ./Empirical/Eigenstrat/Reichall/I0164/chr14/.
Successfully loaded for PP. from ./Empirical/Eigenstrat/Reichall/I0164/chr14/
Fraction Markers in ROH: 0.4355
Merged n=0 gaps < 0.0 M
Called n=2 ROH Blocks > 1.0 cM
Longest Block: 1.495
Successfully saved to ./Empirical/Eigenstrat/Reichall/I0164/chr14/roh.csv
Using Low-Mem Cython Linear Speed Up.
Loaded Pre Processing Model: Eigenstrat
Loading Individual: I0164

Loaded 34429 variants
Loaded 2504 individuals
HDF5 loaded from ./Data/1000Genomes/HDF5/1240kHDF5/all1240/chr15.hdf5
3 Eigenstrat Files with 5081 Individuals and 1233013 SNPs

Intersection on Positions: 34429
Nr of Matching Refs: 34429 / 34429
Full Intersection Ref/Alt Identical: 34407 / 34429
2504 / 2504 Individuals included in Reference
Extraction of 5008 Haplotypes complete
Reduced to markers called 25210 / 34407
(Fraction SNP: 0.7326997413317058)
Successfully saved to: ./Empirical/Eigenstrat/Reichall/I0164/chr15/
Successfully loaded Data from: ./Empirical/Eigenstrat/Reichall/I0164/chr15/
Loaded Emission Model: haploid
Loaded Transition Model: model
Loaded Post Processing Model: Standard
Minimum Genetic Map: 0.0000
Maximum Genetic Map: 1.4134
Gaps bigger than 0.1 cM: 163
Maximum Gap: 11.6560 cM
Loaded Transition and Emission Matrix:
(3, 3)
(5009, 25210)
Loaded Observations:
(2, 25210)
Memory Usage: 1371.799552 mB
Reference Number: 5008
Total Log likelihood: -8882.396
Memory Usage: 1371.799552 mB
Finished Calculation State Posteriors
Saved Zero State Posterior to ./Empirical/Eigenstrat/Reichall/I0164/chr15/.
Successfully loaded for PP. from ./Empirical/Eigenstrat/Reichall/I0164/chr15/
Fraction Markers in ROH: 0.4263
Merged n=0 gaps < 0.0 M
Called n=8 ROH Blocks > 1.0 cM
Longest Block: 2.209
Successfully saved to ./Empirical/Eigenstrat/Reichall/I0164/chr15/roh.csv
Using Low-Mem Cython Linear Speed Up.
Loaded Pre Processing Model: Eigenstrat
Loading Individual: I0164

Loaded 34402 variants
Loaded 2504 individuals
HDF5 loaded from ./Data/1000Genomes/HDF5/1240kHDF5/all1240/chr16.hdf5
3 Eigenstrat Files with 5081 Individuals and 1233013 SNPs

Intersection on Positions: 34402
Nr of Matching Refs: 34402 / 34402
Full Intersection Ref/Alt Identical: 34375 / 34402
2504 / 2504 Individuals included in Reference
Extraction of 5008 Haplotypes complete
Reduced to markers called 25245 / 34375
(Fraction SNP: 0.7344)
Successfully saved to: ./Empirical/Eigenstrat/Reichall/I0164/chr16/
Successfully loaded Data from: ./Empirical/Eigenstrat/Reichall/I0164/chr16/
Loaded Emission Model: haploid
Loaded Transition Model: model
Loaded Post Processing Model: Standard
Minimum Genetic Map: 0.0000
Maximum Genetic Map: 1.3402
Gaps bigger than 0.1 cM: 185
Maximum Gap: 0.8473 cM
Loaded Transition and Emission Matrix:
(3, 3)
(5009, 25245)
Loaded Observations:
(2, 25245)
Memory Usage: 1373.687808 mB
Reference Number: 5008
Total Log likelihood: -9403.845
Memory Usage: 1373.687808 mB
Finished Calculation State Posteriors
Saved Zero State Posterior to ./Empirical/Eigenstrat/Reichall/I0164/chr16/.
Successfully loaded for PP. from ./Empirical/Eigenstrat/Reichall/I0164/chr16/
Fraction Markers in ROH: 0.3453
Merged n=0 gaps < 0.0 M
Called n=4 ROH Blocks > 1.0 cM
Longest Block: 2.147
Successfully saved to ./Empirical/Eigenstrat/Reichall/I0164/chr16/roh.csv
Using Low-Mem Cython Linear Speed Up.
Loaded Pre Processing Model: Eigenstrat
Loading Individual: I0164

Loaded 29314 variants
Loaded 2504 individuals
HDF5 loaded from ./Data/1000Genomes/HDF5/1240kHDF5/all1240/chr17.hdf5
3 Eigenstrat Files with 5081 Individuals and 1233013 SNPs

Intersection on Positions: 29314
Nr of Matching Refs: 29314 / 29314
Full Intersection Ref/Alt Identical: 29292 / 29314
2504 / 2504 Individuals included in Reference
Extraction of 5008 Haplotypes complete
Reduced to markers called 21366 / 29292
(Fraction SNP: 0.7294141745186399)
Successfully saved to: ./Empirical/Eigenstrat/Reichall/I0164/chr17/
Successfully loaded Data from: ./Empirical/Eigenstrat/Reichall/I0164/chr17/
Loaded Emission Model: haploid
Loaded Transition Model: model
Loaded Post Processing Model: Standard
Minimum Genetic Map: -0.0002
Maximum Genetic Map: 1.2846
Gaps bigger than 0.1 cM: 184
Maximum Gap: 1.2341 cM
Loaded Transition and Emission Matrix:
(3, 3)
(5009, 21366)
Loaded Observations:
(2, 21366)
Memory Usage: 1198.313472 mB
Reference Number: 5008
Total Log likelihood: -7372.731
Memory Usage: 1198.313472 mB
Finished Calculation State Posteriors
Saved Zero State Posterior to ./Empirical/Eigenstrat/Reichall/I0164/chr17/.
Successfully loaded for PP. from ./Empirical/Eigenstrat/Reichall/I0164/chr17/
Fraction Markers in ROH: 0.4561
Merged n=0 gaps < 0.0 M
Called n=10 ROH Blocks > 1.0 cM
Longest Block: 3.663
Successfully saved to ./Empirical/Eigenstrat/Reichall/I0164/chr17/roh.csv
Using Low-Mem Cython Linear Speed Up.
Loaded Pre Processing Model: Eigenstrat
Loading Individual: I0164

Loaded 33917 variants
Loaded 2504 individuals
HDF5 loaded from ./Data/1000Genomes/HDF5/1240kHDF5/all1240/chr18.hdf5
3 Eigenstrat Files with 5081 Individuals and 1233013 SNPs

Intersection on Positions: 33917
Nr of Matching Refs: 33917 / 33917
Full Intersection Ref/Alt Identical: 33902 / 33917
2504 / 2504 Individuals included in Reference
Extraction of 5008 Haplotypes complete
Reduced to markers called 24343 / 33902
(Fraction SNP: 0.7180402336145361)
Successfully saved to: ./Empirical/Eigenstrat/Reichall/I0164/chr18/
Successfully loaded Data from: ./Empirical/Eigenstrat/Reichall/I0164/chr18/
Loaded Emission Model: haploid
Loaded Transition Model: model
Loaded Post Processing Model: Standard
Minimum Genetic Map: 0.0016
Maximum Genetic Map: 1.1771
Gaps bigger than 0.1 cM: 157
Maximum Gap: 0.4764 cM
Loaded Transition and Emission Matrix:
(3, 3)
(5009, 24343)
Loaded Observations:
(2, 24343)
Memory Usage: 1333.092352 mB
Reference Number: 5008
Total Log likelihood: -8365.622
Memory Usage: 1333.092352 mB
Finished Calculation State Posteriors
Saved Zero State Posterior to ./Empirical/Eigenstrat/Reichall/I0164/chr18/.
Successfully loaded for PP. from ./Empirical/Eigenstrat/Reichall/I0164/chr18/
Fraction Markers in ROH: 0.4065
Merged n=0 gaps < 0.0 M
Called n=4 ROH Blocks > 1.0 cM
Longest Block: 2.082
Successfully saved to ./Empirical/Eigenstrat/Reichall/I0164/chr18/roh.csv
Using Low-Mem Cython Linear Speed Up.
Loaded Pre Processing Model: Eigenstrat
Loading Individual: I0164

Loaded 18460 variants
Loaded 2504 individuals
HDF5 loaded from ./Data/1000Genomes/HDF5/1240kHDF5/all1240/chr19.hdf5
3 Eigenstrat Files with 5081 Individuals and 1233013 SNPs

Intersection on Positions: 18460
Nr of Matching Refs: 18460 / 18460
Full Intersection Ref/Alt Identical: 18441 / 18460
2504 / 2504 Individuals included in Reference
Extraction of 5008 Haplotypes complete
Reduced to markers called 12994 / 18441
(Fraction SNP: 0.7046255626050648)
Successfully saved to: ./Empirical/Eigenstrat/Reichall/I0164/chr19/
Successfully loaded Data from: ./Empirical/Eigenstrat/Reichall/I0164/chr19/
Loaded Emission Model: haploid
Loaded Transition Model: model
Loaded Post Processing Model: Standard
Minimum Genetic Map: 0.0000
Maximum Genetic Map: 1.0773
Gaps bigger than 0.1 cM: 184
Maximum Gap: 0.5964 cM
Loaded Transition and Emission Matrix:
(3, 3)
(5009, 12994)
Loaded Observations:
(2, 12994)
Memory Usage: 821.313536 mB
Reference Number: 5008
Total Log likelihood: -4881.286
Memory Usage: 821.1456 mB
Finished Calculation State Posteriors
Saved Zero State Posterior to ./Empirical/Eigenstrat/Reichall/I0164/chr19/.
Successfully loaded for PP. from ./Empirical/Eigenstrat/Reichall/I0164/chr19/
Fraction Markers in ROH: 0.4203
Merged n=0 gaps < 0.0 M
Called n=7 ROH Blocks > 1.0 cM
Longest Block: 2.911
Successfully saved to ./Empirical/Eigenstrat/Reichall/I0164/chr19/roh.csv
Using Low-Mem Cython Linear Speed Up.
Loaded Pre Processing Model: Eigenstrat
Loading Individual: I0164

Loaded 29078 variants
Loaded 2504 individuals
HDF5 loaded from ./Data/1000Genomes/HDF5/1240kHDF5/all1240/chr20.hdf5
3 Eigenstrat Files with 5081 Individuals and 1233013 SNPs

Intersection on Positions: 29078
Nr of Matching Refs: 29078 / 29078
Full Intersection Ref/Alt Identical: 29053 / 29078
2504 / 2504 Individuals included in Reference
Extraction of 5008 Haplotypes complete
Reduced to markers called 21636 / 29053
(Fraction SNP: 0.7447079475441435)
Successfully saved to: ./Empirical/Eigenstrat/Reichall/I0164/chr20/
Successfully loaded Data from: ./Empirical/Eigenstrat/Reichall/I0164/chr20/
Loaded Emission Model: haploid
Loaded Transition Model: model
Loaded Post Processing Model: Standard
Minimum Genetic Map: 0.0002
Maximum Genetic Map: 1.0821
Gaps bigger than 0.1 cM: 155
Maximum Gap: 0.4744 cM
Loaded Transition and Emission Matrix:
(3, 3)
(5009, 21636)
Loaded Observations:
(2, 21636)
Memory Usage: 1211.00288 mB
Reference Number: 5008
Total Log likelihood: -7376.657
Memory Usage: 1210.998784 mB
Finished Calculation State Posteriors
Saved Zero State Posterior to ./Empirical/Eigenstrat/Reichall/I0164/chr20/.
Successfully loaded for PP. from ./Empirical/Eigenstrat/Reichall/I0164/chr20/
Fraction Markers in ROH: 0.4682
Merged n=0 gaps < 0.0 M
Called n=6 ROH Blocks > 1.0 cM
Longest Block: 2.897
Successfully saved to ./Empirical/Eigenstrat/Reichall/I0164/chr20/roh.csv
Using Low-Mem Cython Linear Speed Up.
Loaded Pre Processing Model: Eigenstrat
Loading Individual: I0164

Loaded 16038 variants
Loaded 2504 individuals
HDF5 loaded from ./Data/1000Genomes/HDF5/1240kHDF5/all1240/chr21.hdf5
3 Eigenstrat Files with 5081 Individuals and 1233013 SNPs

Intersection on Positions: 16038
Nr of Matching Refs: 16038 / 16038
Full Intersection Ref/Alt Identical: 16031 / 16038
2504 / 2504 Individuals included in Reference
Extraction of 5008 Haplotypes complete
Reduced to markers called 11295 / 16031
(Fraction SNP: 0.7045723909924522)
Successfully saved to: ./Empirical/Eigenstrat/Reichall/I0164/chr21/
Successfully loaded Data from: ./Empirical/Eigenstrat/Reichall/I0164/chr21/
Loaded Emission Model: haploid
Loaded Transition Model: model
Loaded Post Processing Model: Standard
Minimum Genetic Map: -0.0085
Maximum Genetic Map: 0.6277
Gaps bigger than 0.1 cM: 95
Maximum Gap: 1.7443 cM
Loaded Transition and Emission Matrix:
(3, 3)
(5009, 11295)
Loaded Observations:
(2, 11295)
Memory Usage: 744.329216 mB
Reference Number: 5008
Total Log likelihood: -3750.068
Memory Usage: 744.329216 mB
Finished Calculation State Posteriors
Saved Zero State Posterior to ./Empirical/Eigenstrat/Reichall/I0164/chr21/.
Successfully loaded for PP. from ./Empirical/Eigenstrat/Reichall/I0164/chr21/
Fraction Markers in ROH: 0.4840
Merged n=0 gaps < 0.0 M
Called n=5 ROH Blocks > 1.0 cM
Longest Block: 2.158
Successfully saved to ./Empirical/Eigenstrat/Reichall/I0164/chr21/roh.csv
Using Low-Mem Cython Linear Speed Up.
Loaded Pre Processing Model: Eigenstrat
Loading Individual: I0164

Loaded 15802 variants
Loaded 2504 individuals
HDF5 loaded from ./Data/1000Genomes/HDF5/1240kHDF5/all1240/chr22.hdf5
3 Eigenstrat Files with 5081 Individuals and 1233013 SNPs

Intersection on Positions: 15802
Nr of Matching Refs: 15802 / 15802
Full Intersection Ref/Alt Identical: 15793 / 15802
2504 / 2504 Individuals included in Reference
Extraction of 5008 Haplotypes complete
Reduced to markers called 11374 / 15793
(Fraction SNP: 0.7201924903438233)
Successfully saved to: ./Empirical/Eigenstrat/Reichall/I0164/chr22/
Successfully loaded Data from: ./Empirical/Eigenstrat/Reichall/I0164/chr22/
Loaded Emission Model: haploid
Loaded Transition Model: model
Loaded Post Processing Model: Standard
Minimum Genetic Map: 0.0171
Maximum Genetic Map: 0.7408
Gaps bigger than 0.1 cM: 109
Maximum Gap: 1.6097 cM
Loaded Transition and Emission Matrix:
(3, 3)
(5009, 11374)
Loaded Observations:
(2, 11374)
Memory Usage: 748.466176 mB
Reference Number: 5008
Total Log likelihood: -4239.623
Memory Usage: 748.466176 mB
Finished Calculation State Posteriors
Saved Zero State Posterior to ./Empirical/Eigenstrat/Reichall/I0164/chr22/.
Successfully loaded for PP. from ./Empirical/Eigenstrat/Reichall/I0164/chr22/
Fraction Markers in ROH: 0.3622
Merged n=0 gaps < 0.0 M
Called n=5 ROH Blocks > 1.0 cM
Longest Block: 1.907
Successfully saved to ./Empirical/Eigenstrat/Reichall/I0164/chr22/roh.csv
