Loaded 2106 / 5081 ancient Indivdiuals Anno File.
Doing Individual RISE509.SG...
Using Low-Mem Cython Linear Speed Up.
Loaded Pre Processing Model: Eigenstrat
Loading Individual: RISE509.SG

Loaded 89147 variants
Loaded 2504 individuals
HDF5 loaded from ./Data/1000Genomes/HDF5/1240kHDF5/all1240/chr1.hdf5
3 Eigenstrat Files with 5081 Individuals and 1233013 SNPs

Intersection on Positions: 89147
Nr of Matching Refs: 89147 / 89147
Full Intersection Ref/Alt Identical: 89082 / 89147
2504 / 2504 Individuals included in Reference
Extraction of 5008 Haplotypes complete
Reduced to markers called 53374 / 89082
(Fraction SNP: 0.599155833950742)
Successfully saved to: ./Empirical/Eigenstrat/Reichall/RISE509.SG/chr1/
Successfully loaded Data from: ./Empirical/Eigenstrat/Reichall/RISE509.SG/chr1/
Loaded Emission Model: haploid
Loaded Transition Model: model
Loaded Post Processing Model: Standard
Minimum Genetic Map: 0.0201
Maximum Genetic Map: 2.8627
Gaps bigger than 0.1 cM: 377
Maximum Gap: 2.9229 cM
Loaded Transition and Emission Matrix:
(3, 3)
(5009, 53374)
Loaded Observations:
(2, 53374)
Memory Usage: 2600.820736 mB
Reference Number: 5008
Total Log likelihood: -18470.965
Memory Usage: 2601.283584 mB
Finished Calculation State Posteriors
Saved Zero State Posterior to ./Empirical/Eigenstrat/Reichall/RISE509.SG/chr1/.
Successfully loaded for PP. from ./Empirical/Eigenstrat/Reichall/RISE509.SG/chr1/
Fraction Markers in ROH: 0.4234
Merged n=0 gaps < 0.0 M
Called n=16 ROH Blocks > 1.0 cM
Longest Block: 2.263
Successfully saved to ./Empirical/Eigenstrat/Reichall/RISE509.SG/chr1/roh.csv
Using Low-Mem Cython Linear Speed Up.
Loaded Pre Processing Model: Eigenstrat
Loading Individual: RISE509.SG

Loaded 94239 variants
Loaded 2504 individuals
HDF5 loaded from ./Data/1000Genomes/HDF5/1240kHDF5/all1240/chr2.hdf5
3 Eigenstrat Files with 5081 Individuals and 1233013 SNPs

Intersection on Positions: 94239
Nr of Matching Refs: 94239 / 94239
Full Intersection Ref/Alt Identical: 94173 / 94239
2504 / 2504 Individuals included in Reference
Extraction of 5008 Haplotypes complete
Reduced to markers called 54529 / 94173
(Fraction SNP: 0.5790300829324754)
Successfully saved to: ./Empirical/Eigenstrat/Reichall/RISE509.SG/chr2/
Successfully loaded Data from: ./Empirical/Eigenstrat/Reichall/RISE509.SG/chr2/
Loaded Emission Model: haploid
Loaded Transition Model: model
Loaded Post Processing Model: Standard
Minimum Genetic Map: 0.0001
Maximum Genetic Map: 2.6883
Gaps bigger than 0.1 cM: 340
Maximum Gap: 2.0159 cM
Loaded Transition and Emission Matrix:
(3, 3)
(5009, 54529)
Loaded Observations:
(2, 54529)
Memory Usage: 2692.022272 mB
Reference Number: 5008
Total Log likelihood: -19096.701
Memory Usage: 2692.022272 mB
Finished Calculation State Posteriors
Saved Zero State Posterior to ./Empirical/Eigenstrat/Reichall/RISE509.SG/chr2/.
Successfully loaded for PP. from ./Empirical/Eigenstrat/Reichall/RISE509.SG/chr2/
Fraction Markers in ROH: 0.4118
Merged n=0 gaps < 0.0 M
Called n=14 ROH Blocks > 1.0 cM
Longest Block: 2.849
Successfully saved to ./Empirical/Eigenstrat/Reichall/RISE509.SG/chr2/roh.csv
Using Low-Mem Cython Linear Speed Up.
Loaded Pre Processing Model: Eigenstrat
Loading Individual: RISE509.SG

Loaded 77652 variants
Loaded 2504 individuals
HDF5 loaded from ./Data/1000Genomes/HDF5/1240kHDF5/all1240/chr3.hdf5
3 Eigenstrat Files with 5081 Individuals and 1233013 SNPs

Intersection on Positions: 77652
Nr of Matching Refs: 77652 / 77652
Full Intersection Ref/Alt Identical: 77601 / 77652
2504 / 2504 Individuals included in Reference
Extraction of 5008 Haplotypes complete
Reduced to markers called 44561 / 77601
(Fraction SNP: 0.5742322908209946)
Successfully saved to: ./Empirical/Eigenstrat/Reichall/RISE509.SG/chr3/
Successfully loaded Data from: ./Empirical/Eigenstrat/Reichall/RISE509.SG/chr3/
Loaded Emission Model: haploid
Loaded Transition Model: model
Loaded Post Processing Model: Standard
Minimum Genetic Map: 0.0000
Maximum Genetic Map: 2.2326
Gaps bigger than 0.1 cM: 332
Maximum Gap: 0.2988 cM
Loaded Transition and Emission Matrix:
(3, 3)
(5009, 44561)
Loaded Observations:
(2, 44561)
Memory Usage: 2242.490368 mB
Reference Number: 5008
Total Log likelihood: -15440.099
Memory Usage: 2242.490368 mB
Finished Calculation State Posteriors
Saved Zero State Posterior to ./Empirical/Eigenstrat/Reichall/RISE509.SG/chr3/.
Successfully loaded for PP. from ./Empirical/Eigenstrat/Reichall/RISE509.SG/chr3/
Fraction Markers in ROH: 0.4442
Merged n=0 gaps < 0.0 M
Called n=10 ROH Blocks > 1.0 cM
Longest Block: 5.114
Successfully saved to ./Empirical/Eigenstrat/Reichall/RISE509.SG/chr3/roh.csv
Using Low-Mem Cython Linear Speed Up.
Loaded Pre Processing Model: Eigenstrat
Loading Individual: RISE509.SG

Loaded 68759 variants
Loaded 2504 individuals
HDF5 loaded from ./Data/1000Genomes/HDF5/1240kHDF5/all1240/chr4.hdf5
3 Eigenstrat Files with 5081 Individuals and 1233013 SNPs

Intersection on Positions: 68759
Nr of Matching Refs: 68759 / 68759
Full Intersection Ref/Alt Identical: 68720 / 68759
2504 / 2504 Individuals included in Reference
Extraction of 5008 Haplotypes complete
Reduced to markers called 37971 / 68720
(Fraction SNP: 0.552546565774156)
Successfully saved to: ./Empirical/Eigenstrat/Reichall/RISE509.SG/chr4/
Successfully loaded Data from: ./Empirical/Eigenstrat/Reichall/RISE509.SG/chr4/
Loaded Emission Model: haploid
Loaded Transition Model: model
Loaded Post Processing Model: Standard
Minimum Genetic Map: 0.0034
Maximum Genetic Map: 2.1454
Gaps bigger than 0.1 cM: 303
Maximum Gap: 2.0495 cM
Loaded Transition and Emission Matrix:
(3, 3)
(5009, 37971)
Loaded Observations:
(2, 37971)
Memory Usage: 1946.394624 mB
Reference Number: 5008
Total Log likelihood: -13215.681
Memory Usage: 1946.394624 mB
Finished Calculation State Posteriors
Saved Zero State Posterior to ./Empirical/Eigenstrat/Reichall/RISE509.SG/chr4/.
Successfully loaded for PP. from ./Empirical/Eigenstrat/Reichall/RISE509.SG/chr4/
Fraction Markers in ROH: 0.4229
Merged n=0 gaps < 0.0 M
Called n=8 ROH Blocks > 1.0 cM
Longest Block: 9.658
Successfully saved to ./Empirical/Eigenstrat/Reichall/RISE509.SG/chr4/roh.csv
Using Low-Mem Cython Linear Speed Up.
Loaded Pre Processing Model: Eigenstrat
Loading Individual: RISE509.SG

Loaded 69399 variants
Loaded 2504 individuals
HDF5 loaded from ./Data/1000Genomes/HDF5/1240kHDF5/all1240/chr5.hdf5
3 Eigenstrat Files with 5081 Individuals and 1233013 SNPs

Intersection on Positions: 69399
Nr of Matching Refs: 69399 / 69399
Full Intersection Ref/Alt Identical: 69354 / 69399
2504 / 2504 Individuals included in Reference
Extraction of 5008 Haplotypes complete
Reduced to markers called 39846 / 69354
(Fraction SNP: 0.5745306687429709)
Successfully saved to: ./Empirical/Eigenstrat/Reichall/RISE509.SG/chr5/
Successfully loaded Data from: ./Empirical/Eigenstrat/Reichall/RISE509.SG/chr5/
Loaded Emission Model: haploid
Loaded Transition Model: model
Loaded Post Processing Model: Standard
Minimum Genetic Map: 0.0004
Maximum Genetic Map: 2.0409
Gaps bigger than 0.1 cM: 293
Maximum Gap: 1.2756 cM
Loaded Transition and Emission Matrix:
(3, 3)
(5009, 39846)
Loaded Observations:
(2, 39846)
Memory Usage: 2031.095808 mB
Reference Number: 5008
Total Log likelihood: -14422.731
Memory Usage: 2031.095808 mB
Finished Calculation State Posteriors
Saved Zero State Posterior to ./Empirical/Eigenstrat/Reichall/RISE509.SG/chr5/.
Successfully loaded for PP. from ./Empirical/Eigenstrat/Reichall/RISE509.SG/chr5/
Fraction Markers in ROH: 0.3920
Merged n=0 gaps < 0.0 M
Called n=5 ROH Blocks > 1.0 cM
Longest Block: 1.728
Successfully saved to ./Empirical/Eigenstrat/Reichall/RISE509.SG/chr5/roh.csv
Using Low-Mem Cython Linear Speed Up.
Loaded Pre Processing Model: Eigenstrat
Loading Individual: RISE509.SG

Loaded 75870 variants
Loaded 2504 individuals
HDF5 loaded from ./Data/1000Genomes/HDF5/1240kHDF5/all1240/chr6.hdf5
3 Eigenstrat Files with 5081 Individuals and 1233013 SNPs

Intersection on Positions: 75870
Nr of Matching Refs: 75870 / 75870
Full Intersection Ref/Alt Identical: 75816 / 75870
2504 / 2504 Individuals included in Reference
Extraction of 5008 Haplotypes complete
Reduced to markers called 43389 / 75816
(Fraction SNP: 0.5722934472934473)
Successfully saved to: ./Empirical/Eigenstrat/Reichall/RISE509.SG/chr6/
Successfully loaded Data from: ./Empirical/Eigenstrat/Reichall/RISE509.SG/chr6/
Loaded Emission Model: haploid
Loaded Transition Model: model
Loaded Post Processing Model: Standard
Minimum Genetic Map: 0.0032
Maximum Genetic Map: 1.9203
Gaps bigger than 0.1 cM: 233
Maximum Gap: 0.5076 cM
Loaded Transition and Emission Matrix:
(3, 3)
(5009, 43389)
Loaded Observations:
(2, 43389)
Memory Usage: 2191.23712 mB
Reference Number: 5008
Total Log likelihood: -15362.230
Memory Usage: 2191.23712 mB
Finished Calculation State Posteriors
Saved Zero State Posterior to ./Empirical/Eigenstrat/Reichall/RISE509.SG/chr6/.
Successfully loaded for PP. from ./Empirical/Eigenstrat/Reichall/RISE509.SG/chr6/
Fraction Markers in ROH: 0.3937
Merged n=0 gaps < 0.0 M
Called n=10 ROH Blocks > 1.0 cM
Longest Block: 4.357
Successfully saved to ./Empirical/Eigenstrat/Reichall/RISE509.SG/chr6/roh.csv
Using Low-Mem Cython Linear Speed Up.
Loaded Pre Processing Model: Eigenstrat
Loading Individual: RISE509.SG

Loaded 59890 variants
Loaded 2504 individuals
HDF5 loaded from ./Data/1000Genomes/HDF5/1240kHDF5/all1240/chr7.hdf5
3 Eigenstrat Files with 5081 Individuals and 1233013 SNPs

Intersection on Positions: 59890
Nr of Matching Refs: 59890 / 59890
Full Intersection Ref/Alt Identical: 59836 / 59890
2504 / 2504 Individuals included in Reference
Extraction of 5008 Haplotypes complete
Reduced to markers called 34569 / 59836
(Fraction SNP: 0.5777291262784946)
Successfully saved to: ./Empirical/Eigenstrat/Reichall/RISE509.SG/chr7/
Successfully loaded Data from: ./Empirical/Eigenstrat/Reichall/RISE509.SG/chr7/
Loaded Emission Model: haploid
Loaded Transition Model: model
Loaded Post Processing Model: Standard
Minimum Genetic Map: 0.0001
Maximum Genetic Map: 1.8715
Gaps bigger than 0.1 cM: 271
Maximum Gap: 0.8744 cM
Loaded Transition and Emission Matrix:
(3, 3)
(5009, 34569)
Loaded Observations:
(2, 34569)
Memory Usage: 1793.384448 mB
Reference Number: 5008
Total Log likelihood: -12487.479
Memory Usage: 1793.384448 mB
Finished Calculation State Posteriors
Saved Zero State Posterior to ./Empirical/Eigenstrat/Reichall/RISE509.SG/chr7/.
Successfully loaded for PP. from ./Empirical/Eigenstrat/Reichall/RISE509.SG/chr7/
Fraction Markers in ROH: 0.4015
Merged n=0 gaps < 0.0 M
Called n=7 ROH Blocks > 1.0 cM
Longest Block: 2.847
Successfully saved to ./Empirical/Eigenstrat/Reichall/RISE509.SG/chr7/roh.csv
Using Low-Mem Cython Linear Speed Up.
Loaded Pre Processing Model: Eigenstrat
Loading Individual: RISE509.SG

Loaded 61133 variants
Loaded 2504 individuals
HDF5 loaded from ./Data/1000Genomes/HDF5/1240kHDF5/all1240/chr8.hdf5
3 Eigenstrat Files with 5081 Individuals and 1233013 SNPs

Intersection on Positions: 61133
Nr of Matching Refs: 61133 / 61133
Full Intersection Ref/Alt Identical: 61091 / 61133
2504 / 2504 Individuals included in Reference
Extraction of 5008 Haplotypes complete
Reduced to markers called 35509 / 61091
(Fraction SNP: 0.5812476469529063)
Successfully saved to: ./Empirical/Eigenstrat/Reichall/RISE509.SG/chr8/
Successfully loaded Data from: ./Empirical/Eigenstrat/Reichall/RISE509.SG/chr8/
Loaded Emission Model: haploid
Loaded Transition Model: model
Loaded Post Processing Model: Standard
Minimum Genetic Map: 0.0000
Maximum Genetic Map: 1.6800
Gaps bigger than 0.1 cM: 198
Maximum Gap: 3.3395 cM
Loaded Transition and Emission Matrix:
(3, 3)
(5009, 35509)
Loaded Observations:
(2, 35509)
Memory Usage: 1836.544 mB
Reference Number: 5008
Total Log likelihood: -12568.680
Memory Usage: 1836.544 mB
Finished Calculation State Posteriors
Saved Zero State Posterior to ./Empirical/Eigenstrat/Reichall/RISE509.SG/chr8/.
Successfully loaded for PP. from ./Empirical/Eigenstrat/Reichall/RISE509.SG/chr8/
Fraction Markers in ROH: 0.4221
Merged n=0 gaps < 0.0 M
Called n=6 ROH Blocks > 1.0 cM
Longest Block: 4.685
Successfully saved to ./Empirical/Eigenstrat/Reichall/RISE509.SG/chr8/roh.csv
Using Low-Mem Cython Linear Speed Up.
Loaded Pre Processing Model: Eigenstrat
Loading Individual: RISE509.SG

Loaded 50668 variants
Loaded 2504 individuals
HDF5 loaded from ./Data/1000Genomes/HDF5/1240kHDF5/all1240/chr9.hdf5
3 Eigenstrat Files with 5081 Individuals and 1233013 SNPs

Intersection on Positions: 50668
Nr of Matching Refs: 50668 / 50668
Full Intersection Ref/Alt Identical: 50629 / 50668
2504 / 2504 Individuals included in Reference
Extraction of 5008 Haplotypes complete
Reduced to markers called 29630 / 50629
(Fraction SNP: 0.5852377096130676)
Successfully saved to: ./Empirical/Eigenstrat/Reichall/RISE509.SG/chr9/
Successfully loaded Data from: ./Empirical/Eigenstrat/Reichall/RISE509.SG/chr9/
Loaded Emission Model: haploid
Loaded Transition Model: model
Loaded Post Processing Model: Standard
Minimum Genetic Map: 0.0016
Maximum Genetic Map: 1.6630
Gaps bigger than 0.1 cM: 245
Maximum Gap: 1.9159 cM
Loaded Transition and Emission Matrix:
(3, 3)
(5009, 29630)
Loaded Observations:
(2, 29630)
Memory Usage: 1571.094528 mB
Reference Number: 5008
Total Log likelihood: -10504.847
Memory Usage: 1571.094528 mB
Finished Calculation State Posteriors
Saved Zero State Posterior to ./Empirical/Eigenstrat/Reichall/RISE509.SG/chr9/.
Successfully loaded for PP. from ./Empirical/Eigenstrat/Reichall/RISE509.SG/chr9/
Fraction Markers in ROH: 0.3898
Merged n=0 gaps < 0.0 M
Called n=7 ROH Blocks > 1.0 cM
Longest Block: 4.240
Successfully saved to ./Empirical/Eigenstrat/Reichall/RISE509.SG/chr9/roh.csv
Using Low-Mem Cython Linear Speed Up.
Loaded Pre Processing Model: Eigenstrat
Loading Individual: RISE509.SG

Loaded 58804 variants
Loaded 2504 individuals
HDF5 loaded from ./Data/1000Genomes/HDF5/1240kHDF5/all1240/chr10.hdf5
3 Eigenstrat Files with 5081 Individuals and 1233013 SNPs

Intersection on Positions: 58804
Nr of Matching Refs: 58804 / 58804
Full Intersection Ref/Alt Identical: 58763 / 58804
2504 / 2504 Individuals included in Reference
Extraction of 5008 Haplotypes complete
Reduced to markers called 35218 / 58763
(Fraction SNP: 0.5993227030614502)
Successfully saved to: ./Empirical/Eigenstrat/Reichall/RISE509.SG/chr10/
Successfully loaded Data from: ./Empirical/Eigenstrat/Reichall/RISE509.SG/chr10/
Loaded Emission Model: haploid
Loaded Transition Model: model
Loaded Post Processing Model: Standard
Minimum Genetic Map: 0.0001
Maximum Genetic Map: 1.8092
Gaps bigger than 0.1 cM: 252
Maximum Gap: 2.0338 cM
Loaded Transition and Emission Matrix:
(3, 3)
(5009, 35218)
Loaded Observations:
(2, 35218)
Memory Usage: 1823.535104 mB
Reference Number: 5008
Total Log likelihood: -12570.100
Memory Usage: 1823.535104 mB
Finished Calculation State Posteriors
Saved Zero State Posterior to ./Empirical/Eigenstrat/Reichall/RISE509.SG/chr10/.
Successfully loaded for PP. from ./Empirical/Eigenstrat/Reichall/RISE509.SG/chr10/
Fraction Markers in ROH: 0.3739
Merged n=0 gaps < 0.0 M
Called n=3 ROH Blocks > 1.0 cM
Longest Block: 1.477
Successfully saved to ./Empirical/Eigenstrat/Reichall/RISE509.SG/chr10/roh.csv
Using Low-Mem Cython Linear Speed Up.
Loaded Pre Processing Model: Eigenstrat
Loading Individual: RISE509.SG

Loaded 54833 variants
Loaded 2504 individuals
HDF5 loaded from ./Data/1000Genomes/HDF5/1240kHDF5/all1240/chr11.hdf5
3 Eigenstrat Files with 5081 Individuals and 1233013 SNPs

Intersection on Positions: 54833
Nr of Matching Refs: 54833 / 54833
Full Intersection Ref/Alt Identical: 54796 / 54833
2504 / 2504 Individuals included in Reference
Extraction of 5008 Haplotypes complete
Reduced to markers called 32496 / 54796
(Fraction SNP: 0.5930359880283232)
Successfully saved to: ./Empirical/Eigenstrat/Reichall/RISE509.SG/chr11/
Successfully loaded Data from: ./Empirical/Eigenstrat/Reichall/RISE509.SG/chr11/
Loaded Emission Model: haploid
Loaded Transition Model: model
Loaded Post Processing Model: Standard
Minimum Genetic Map: 0.0000
Maximum Genetic Map: 1.5822
Gaps bigger than 0.1 cM: 208
Maximum Gap: 0.5672 cM
Loaded Transition and Emission Matrix:
(3, 3)
(5009, 32496)
Loaded Observations:
(2, 32496)
Memory Usage: 1700.888576 mB
Reference Number: 5008
Total Log likelihood: -11690.814
Memory Usage: 1700.888576 mB
Finished Calculation State Posteriors
Saved Zero State Posterior to ./Empirical/Eigenstrat/Reichall/RISE509.SG/chr11/.
Successfully loaded for PP. from ./Empirical/Eigenstrat/Reichall/RISE509.SG/chr11/
Fraction Markers in ROH: 0.3937
Merged n=0 gaps < 0.0 M
Called n=10 ROH Blocks > 1.0 cM
Longest Block: 1.911
Successfully saved to ./Empirical/Eigenstrat/Reichall/RISE509.SG/chr11/roh.csv
Using Low-Mem Cython Linear Speed Up.
Loaded Pre Processing Model: Eigenstrat
Loading Individual: RISE509.SG

Loaded 53911 variants
Loaded 2504 individuals
HDF5 loaded from ./Data/1000Genomes/HDF5/1240kHDF5/all1240/chr12.hdf5
3 Eigenstrat Files with 5081 Individuals and 1233013 SNPs

Intersection on Positions: 53911
Nr of Matching Refs: 53911 / 53911
Full Intersection Ref/Alt Identical: 53884 / 53911
2504 / 2504 Individuals included in Reference
Extraction of 5008 Haplotypes complete
Reduced to markers called 31388 / 53884
(Fraction SNP: 0.5825105782792666)
Successfully saved to: ./Empirical/Eigenstrat/Reichall/RISE509.SG/chr12/
Successfully loaded Data from: ./Empirical/Eigenstrat/Reichall/RISE509.SG/chr12/
Loaded Emission Model: haploid
Loaded Transition Model: model
Loaded Post Processing Model: Standard
Minimum Genetic Map: 0.0009
Maximum Genetic Map: 1.7468
Gaps bigger than 0.1 cM: 259
Maximum Gap: 1.0255 cM
Loaded Transition and Emission Matrix:
(3, 3)
(5009, 31388)
Loaded Observations:
(2, 31388)
Memory Usage: 1650.233344 mB
Reference Number: 5008
Total Log likelihood: -11308.394
Memory Usage: 1650.233344 mB
Finished Calculation State Posteriors
Saved Zero State Posterior to ./Empirical/Eigenstrat/Reichall/RISE509.SG/chr12/.
Successfully loaded for PP. from ./Empirical/Eigenstrat/Reichall/RISE509.SG/chr12/
Fraction Markers in ROH: 0.3956
Merged n=0 gaps < 0.0 M
Called n=7 ROH Blocks > 1.0 cM
Longest Block: 1.513
Successfully saved to ./Empirical/Eigenstrat/Reichall/RISE509.SG/chr12/roh.csv
Using Low-Mem Cython Linear Speed Up.
Loaded Pre Processing Model: Eigenstrat
Loading Individual: RISE509.SG

Loaded 39018 variants
Loaded 2504 individuals
HDF5 loaded from ./Data/1000Genomes/HDF5/1240kHDF5/all1240/chr13.hdf5
3 Eigenstrat Files with 5081 Individuals and 1233013 SNPs

Intersection on Positions: 39018
Nr of Matching Refs: 39018 / 39018
Full Intersection Ref/Alt Identical: 38994 / 39018
2504 / 2504 Individuals included in Reference
Extraction of 5008 Haplotypes complete
Reduced to markers called 21830 / 38994
(Fraction SNP: 0.5598297173924194)
Successfully saved to: ./Empirical/Eigenstrat/Reichall/RISE509.SG/chr13/
Successfully loaded Data from: ./Empirical/Eigenstrat/Reichall/RISE509.SG/chr13/
Loaded Emission Model: haploid
Loaded Transition Model: model
Loaded Post Processing Model: Standard
Minimum Genetic Map: 0.0021
Maximum Genetic Map: 1.2570
Gaps bigger than 0.1 cM: 203
Maximum Gap: 1.2216 cM
Loaded Transition and Emission Matrix:
(3, 3)
(5009, 21830)
Loaded Observations:
(2, 21830)
Memory Usage: 1220.292608 mB
Reference Number: 5008
Total Log likelihood: -8055.562
Memory Usage: 1220.292608 mB
Finished Calculation State Posteriors
Saved Zero State Posterior to ./Empirical/Eigenstrat/Reichall/RISE509.SG/chr13/.
Successfully loaded for PP. from ./Empirical/Eigenstrat/Reichall/RISE509.SG/chr13/
Fraction Markers in ROH: 0.4135
Merged n=0 gaps < 0.0 M
Called n=8 ROH Blocks > 1.0 cM
Longest Block: 1.533
Successfully saved to ./Empirical/Eigenstrat/Reichall/RISE509.SG/chr13/roh.csv
Using Low-Mem Cython Linear Speed Up.
Loaded Pre Processing Model: Eigenstrat
Loading Individual: RISE509.SG

Loaded 36301 variants
Loaded 2504 individuals
HDF5 loaded from ./Data/1000Genomes/HDF5/1240kHDF5/all1240/chr14.hdf5
3 Eigenstrat Files with 5081 Individuals and 1233013 SNPs

Intersection on Positions: 36301
Nr of Matching Refs: 36301 / 36301
Full Intersection Ref/Alt Identical: 36280 / 36301
2504 / 2504 Individuals included in Reference
Extraction of 5008 Haplotypes complete
Reduced to markers called 21211 / 36280
(Fraction SNP: 0.5846471885336273)
Successfully saved to: ./Empirical/Eigenstrat/Reichall/RISE509.SG/chr14/
Successfully loaded Data from: ./Empirical/Eigenstrat/Reichall/RISE509.SG/chr14/
Loaded Emission Model: haploid
Loaded Transition Model: model
Loaded Post Processing Model: Standard
Minimum Genetic Map: 0.0161
Maximum Genetic Map: 1.2020
Gaps bigger than 0.1 cM: 190
Maximum Gap: 3.0774 cM
Loaded Transition and Emission Matrix:
(3, 3)
(5009, 21211)
Loaded Observations:
(2, 21211)
Memory Usage: 1191.85408 mB
Reference Number: 5008
Total Log likelihood: -7635.175
Memory Usage: 1191.85408 mB
Finished Calculation State Posteriors
Saved Zero State Posterior to ./Empirical/Eigenstrat/Reichall/RISE509.SG/chr14/.
Successfully loaded for PP. from ./Empirical/Eigenstrat/Reichall/RISE509.SG/chr14/
Fraction Markers in ROH: 0.4269
Merged n=0 gaps < 0.0 M
Called n=6 ROH Blocks > 1.0 cM
Longest Block: 5.193
Successfully saved to ./Empirical/Eigenstrat/Reichall/RISE509.SG/chr14/roh.csv
Using Low-Mem Cython Linear Speed Up.
Loaded Pre Processing Model: Eigenstrat
Loading Individual: RISE509.SG

Loaded 34429 variants
Loaded 2504 individuals
HDF5 loaded from ./Data/1000Genomes/HDF5/1240kHDF5/all1240/chr15.hdf5
3 Eigenstrat Files with 5081 Individuals and 1233013 SNPs

Intersection on Positions: 34429
Nr of Matching Refs: 34429 / 34429
Full Intersection Ref/Alt Identical: 34407 / 34429
2504 / 2504 Individuals included in Reference
Extraction of 5008 Haplotypes complete
Reduced to markers called 20725 / 34407
(Fraction SNP: 0.602348359345482)
Successfully saved to: ./Empirical/Eigenstrat/Reichall/RISE509.SG/chr15/
Successfully loaded Data from: ./Empirical/Eigenstrat/Reichall/RISE509.SG/chr15/
Loaded Emission Model: haploid
Loaded Transition Model: model
Loaded Post Processing Model: Standard
Minimum Genetic Map: 0.0002
Maximum Genetic Map: 1.4134
Gaps bigger than 0.1 cM: 184
Maximum Gap: 11.6605 cM
Loaded Transition and Emission Matrix:
(3, 3)
(5009, 20725)
Loaded Observations:
(2, 20725)
Memory Usage: 1170.82112 mB
Reference Number: 5008
Total Log likelihood: -7768.802
Memory Usage: 1170.82112 mB
Finished Calculation State Posteriors
Saved Zero State Posterior to ./Empirical/Eigenstrat/Reichall/RISE509.SG/chr15/.
Successfully loaded for PP. from ./Empirical/Eigenstrat/Reichall/RISE509.SG/chr15/
Fraction Markers in ROH: 0.3595
Merged n=0 gaps < 0.0 M
Called n=2 ROH Blocks > 1.0 cM
Longest Block: 1.324
Successfully saved to ./Empirical/Eigenstrat/Reichall/RISE509.SG/chr15/roh.csv
Using Low-Mem Cython Linear Speed Up.
Loaded Pre Processing Model: Eigenstrat
Loading Individual: RISE509.SG

Loaded 34402 variants
Loaded 2504 individuals
HDF5 loaded from ./Data/1000Genomes/HDF5/1240kHDF5/all1240/chr16.hdf5
3 Eigenstrat Files with 5081 Individuals and 1233013 SNPs

Intersection on Positions: 34402
Nr of Matching Refs: 34402 / 34402
Full Intersection Ref/Alt Identical: 34375 / 34402
2504 / 2504 Individuals included in Reference
Extraction of 5008 Haplotypes complete
Reduced to markers called 21498 / 34375
(Fraction SNP: 0.6253963636363636)
Successfully saved to: ./Empirical/Eigenstrat/Reichall/RISE509.SG/chr16/
Successfully loaded Data from: ./Empirical/Eigenstrat/Reichall/RISE509.SG/chr16/
Loaded Emission Model: haploid
Loaded Transition Model: model
Loaded Post Processing Model: Standard
Minimum Genetic Map: -0.0000
Maximum Genetic Map: 1.3403
Gaps bigger than 0.1 cM: 207
Maximum Gap: 0.8569 cM
Loaded Transition and Emission Matrix:
(3, 3)
(5009, 21498)
Loaded Observations:
(2, 21498)
Memory Usage: 1205.989376 mB
Reference Number: 5008
Total Log likelihood: -7684.993
Memory Usage: 1205.989376 mB
Finished Calculation State Posteriors
Saved Zero State Posterior to ./Empirical/Eigenstrat/Reichall/RISE509.SG/chr16/.
Successfully loaded for PP. from ./Empirical/Eigenstrat/Reichall/RISE509.SG/chr16/
Fraction Markers in ROH: 0.4024
Merged n=0 gaps < 0.0 M
Called n=10 ROH Blocks > 1.0 cM
Longest Block: 3.427
Successfully saved to ./Empirical/Eigenstrat/Reichall/RISE509.SG/chr16/roh.csv
Using Low-Mem Cython Linear Speed Up.
Loaded Pre Processing Model: Eigenstrat
Loading Individual: RISE509.SG

Loaded 29314 variants
Loaded 2504 individuals
HDF5 loaded from ./Data/1000Genomes/HDF5/1240kHDF5/all1240/chr17.hdf5
3 Eigenstrat Files with 5081 Individuals and 1233013 SNPs

Intersection on Positions: 29314
Nr of Matching Refs: 29314 / 29314
Full Intersection Ref/Alt Identical: 29292 / 29314
2504 / 2504 Individuals included in Reference
Extraction of 5008 Haplotypes complete
Reduced to markers called 18676 / 29292
(Fraction SNP: 0.6375802266830534)
Successfully saved to: ./Empirical/Eigenstrat/Reichall/RISE509.SG/chr17/
Successfully loaded Data from: ./Empirical/Eigenstrat/Reichall/RISE509.SG/chr17/
Loaded Emission Model: haploid
Loaded Transition Model: model
Loaded Post Processing Model: Standard
Minimum Genetic Map: -0.0003
Maximum Genetic Map: 1.2847
Gaps bigger than 0.1 cM: 180
Maximum Gap: 1.3036 cM
Loaded Transition and Emission Matrix:
(3, 3)
(5009, 18676)
Loaded Observations:
(2, 18676)
Memory Usage: 1078.013952 mB
Reference Number: 5008
Total Log likelihood: -6639.270
Memory Usage: 1078.013952 mB
Finished Calculation State Posteriors
Saved Zero State Posterior to ./Empirical/Eigenstrat/Reichall/RISE509.SG/chr17/.
Successfully loaded for PP. from ./Empirical/Eigenstrat/Reichall/RISE509.SG/chr17/
Fraction Markers in ROH: 0.4335
Merged n=0 gaps < 0.0 M
Called n=11 ROH Blocks > 1.0 cM
Longest Block: 2.068
Successfully saved to ./Empirical/Eigenstrat/Reichall/RISE509.SG/chr17/roh.csv
Using Low-Mem Cython Linear Speed Up.
Loaded Pre Processing Model: Eigenstrat
Loading Individual: RISE509.SG

Loaded 33917 variants
Loaded 2504 individuals
HDF5 loaded from ./Data/1000Genomes/HDF5/1240kHDF5/all1240/chr18.hdf5
3 Eigenstrat Files with 5081 Individuals and 1233013 SNPs

Intersection on Positions: 33917
Nr of Matching Refs: 33917 / 33917
Full Intersection Ref/Alt Identical: 33902 / 33917
2504 / 2504 Individuals included in Reference
Extraction of 5008 Haplotypes complete
Reduced to markers called 19727 / 33902
(Fraction SNP: 0.5818830747448528)
Successfully saved to: ./Empirical/Eigenstrat/Reichall/RISE509.SG/chr18/
Successfully loaded Data from: ./Empirical/Eigenstrat/Reichall/RISE509.SG/chr18/
Loaded Emission Model: haploid
Loaded Transition Model: model
Loaded Post Processing Model: Standard
Minimum Genetic Map: 0.0025
Maximum Genetic Map: 1.1771
Gaps bigger than 0.1 cM: 179
Maximum Gap: 0.4916 cM
Loaded Transition and Emission Matrix:
(3, 3)
(5009, 19727)
Loaded Observations:
(2, 19727)
Memory Usage: 1125.1712 mB
Reference Number: 5008
Total Log likelihood: -6904.703
Memory Usage: 1125.1712 mB
Finished Calculation State Posteriors
Saved Zero State Posterior to ./Empirical/Eigenstrat/Reichall/RISE509.SG/chr18/.
Successfully loaded for PP. from ./Empirical/Eigenstrat/Reichall/RISE509.SG/chr18/
Fraction Markers in ROH: 0.4069
Merged n=0 gaps < 0.0 M
Called n=5 ROH Blocks > 1.0 cM
Longest Block: 1.378
Successfully saved to ./Empirical/Eigenstrat/Reichall/RISE509.SG/chr18/roh.csv
Using Low-Mem Cython Linear Speed Up.
Loaded Pre Processing Model: Eigenstrat
Loading Individual: RISE509.SG

Loaded 18460 variants
Loaded 2504 individuals
HDF5 loaded from ./Data/1000Genomes/HDF5/1240kHDF5/all1240/chr19.hdf5
3 Eigenstrat Files with 5081 Individuals and 1233013 SNPs

Intersection on Positions: 18460
Nr of Matching Refs: 18460 / 18460
Full Intersection Ref/Alt Identical: 18441 / 18460
2504 / 2504 Individuals included in Reference
Extraction of 5008 Haplotypes complete
Reduced to markers called 12213 / 18441
(Fraction SNP: 0.662274280136652)
Successfully saved to: ./Empirical/Eigenstrat/Reichall/RISE509.SG/chr19/
Successfully loaded Data from: ./Empirical/Eigenstrat/Reichall/RISE509.SG/chr19/
Loaded Emission Model: haploid
Loaded Transition Model: model
Loaded Post Processing Model: Standard
Minimum Genetic Map: 0.0000
Maximum Genetic Map: 1.0773
Gaps bigger than 0.1 cM: 197
Maximum Gap: 0.6538 cM
Loaded Transition and Emission Matrix:
(3, 3)
(5009, 12213)
Loaded Observations:
(2, 12213)
Memory Usage: 787.062784 mB
Reference Number: 5008
Total Log likelihood: -4735.626
Memory Usage: 787.062784 mB
Finished Calculation State Posteriors
Saved Zero State Posterior to ./Empirical/Eigenstrat/Reichall/RISE509.SG/chr19/.
Successfully loaded for PP. from ./Empirical/Eigenstrat/Reichall/RISE509.SG/chr19/
Fraction Markers in ROH: 0.3830
Merged n=0 gaps < 0.0 M
Called n=8 ROH Blocks > 1.0 cM
Longest Block: 2.698
Successfully saved to ./Empirical/Eigenstrat/Reichall/RISE509.SG/chr19/roh.csv
Using Low-Mem Cython Linear Speed Up.
Loaded Pre Processing Model: Eigenstrat
Loading Individual: RISE509.SG

Loaded 29078 variants
Loaded 2504 individuals
HDF5 loaded from ./Data/1000Genomes/HDF5/1240kHDF5/all1240/chr20.hdf5
3 Eigenstrat Files with 5081 Individuals and 1233013 SNPs

Intersection on Positions: 29078
Nr of Matching Refs: 29078 / 29078
Full Intersection Ref/Alt Identical: 29053 / 29078
2504 / 2504 Individuals included in Reference
Extraction of 5008 Haplotypes complete
Reduced to markers called 18310 / 29053
(Fraction SNP: 0.6302275152307851)
Successfully saved to: ./Empirical/Eigenstrat/Reichall/RISE509.SG/chr20/
Successfully loaded Data from: ./Empirical/Eigenstrat/Reichall/RISE509.SG/chr20/
Loaded Emission Model: haploid
Loaded Transition Model: model
Loaded Post Processing Model: Standard
Minimum Genetic Map: 0.0000
Maximum Genetic Map: 1.0821
Gaps bigger than 0.1 cM: 178
Maximum Gap: 0.4744 cM
Loaded Transition and Emission Matrix:
(3, 3)
(5009, 18310)
Loaded Observations:
(2, 18310)
Memory Usage: 1061.666816 mB
Reference Number: 5008
Total Log likelihood: -5806.712
Memory Usage: 1061.666816 mB
Finished Calculation State Posteriors
Saved Zero State Posterior to ./Empirical/Eigenstrat/Reichall/RISE509.SG/chr20/.
Successfully loaded for PP. from ./Empirical/Eigenstrat/Reichall/RISE509.SG/chr20/
Fraction Markers in ROH: 0.4619
Merged n=0 gaps < 0.0 M
Called n=7 ROH Blocks > 1.0 cM
Longest Block: 11.113
Successfully saved to ./Empirical/Eigenstrat/Reichall/RISE509.SG/chr20/roh.csv
Using Low-Mem Cython Linear Speed Up.
Loaded Pre Processing Model: Eigenstrat
Loading Individual: RISE509.SG

Loaded 16038 variants
Loaded 2504 individuals
HDF5 loaded from ./Data/1000Genomes/HDF5/1240kHDF5/all1240/chr21.hdf5
3 Eigenstrat Files with 5081 Individuals and 1233013 SNPs

Intersection on Positions: 16038
Nr of Matching Refs: 16038 / 16038
Full Intersection Ref/Alt Identical: 16031 / 16038
2504 / 2504 Individuals included in Reference
Extraction of 5008 Haplotypes complete
Reduced to markers called 9313 / 16031
(Fraction SNP: 0.58093693468904)
Successfully saved to: ./Empirical/Eigenstrat/Reichall/RISE509.SG/chr21/
Successfully loaded Data from: ./Empirical/Eigenstrat/Reichall/RISE509.SG/chr21/
Loaded Emission Model: haploid
Loaded Transition Model: model
Loaded Post Processing Model: Standard
Minimum Genetic Map: 0.0086
Maximum Genetic Map: 0.6279
Gaps bigger than 0.1 cM: 114
Maximum Gap: 0.5544 cM
Loaded Transition and Emission Matrix:
(3, 3)
(5009, 9313)
Loaded Observations:
(2, 9313)
Memory Usage: 656.109568 mB
Reference Number: 5008
Total Log likelihood: -3319.940
Memory Usage: 656.109568 mB
Finished Calculation State Posteriors
Saved Zero State Posterior to ./Empirical/Eigenstrat/Reichall/RISE509.SG/chr21/.
Successfully loaded for PP. from ./Empirical/Eigenstrat/Reichall/RISE509.SG/chr21/
Fraction Markers in ROH: 0.4355
Merged n=0 gaps < 0.0 M
Called n=4 ROH Blocks > 1.0 cM
Longest Block: 2.147
Successfully saved to ./Empirical/Eigenstrat/Reichall/RISE509.SG/chr21/roh.csv
Using Low-Mem Cython Linear Speed Up.
Loaded Pre Processing Model: Eigenstrat
Loading Individual: RISE509.SG

Loaded 15802 variants
Loaded 2504 individuals
HDF5 loaded from ./Data/1000Genomes/HDF5/1240kHDF5/all1240/chr22.hdf5
3 Eigenstrat Files with 5081 Individuals and 1233013 SNPs

Intersection on Positions: 15802
Nr of Matching Refs: 15802 / 15802
Full Intersection Ref/Alt Identical: 15793 / 15802
2504 / 2504 Individuals included in Reference
Extraction of 5008 Haplotypes complete
Reduced to markers called 10510 / 15793
(Fraction SNP: 0.6654847084151206)
Successfully saved to: ./Empirical/Eigenstrat/Reichall/RISE509.SG/chr22/
Successfully loaded Data from: ./Empirical/Eigenstrat/Reichall/RISE509.SG/chr22/
Loaded Emission Model: haploid
Loaded Transition Model: model
Loaded Post Processing Model: Standard
Minimum Genetic Map: 0.0163
Maximum Genetic Map: 0.7408
Gaps bigger than 0.1 cM: 115
Maximum Gap: 1.6277 cM
Loaded Transition and Emission Matrix:
(3, 3)
(5009, 10510)
Loaded Observations:
(2, 10510)
Memory Usage: 713.89184 mB
Reference Number: 5008
Total Log likelihood: -3803.355
Memory Usage: 713.89184 mB
Finished Calculation State Posteriors
Saved Zero State Posterior to ./Empirical/Eigenstrat/Reichall/RISE509.SG/chr22/.
Successfully loaded for PP. from ./Empirical/Eigenstrat/Reichall/RISE509.SG/chr22/
Fraction Markers in ROH: 0.3951
Merged n=0 gaps < 0.0 M
Called n=4 ROH Blocks > 1.0 cM
Longest Block: 3.003
Successfully saved to ./Empirical/Eigenstrat/Reichall/RISE509.SG/chr22/roh.csv
