Loaded 2106 / 5081 ancient Indivdiuals Anno File.
Doing Individual I0013...
Using Low-Mem Cython Linear Speed Up.
Loaded Pre Processing Model: Eigenstrat
Loading Individual: I0013

Loaded 89147 variants
Loaded 2504 individuals
HDF5 loaded from ./Data/1000Genomes/HDF5/1240kHDF5/all1240/chr1.hdf5
3 Eigenstrat Files with 5081 Individuals and 1233013 SNPs

Intersection on Positions: 89147
Nr of Matching Refs: 89147 / 89147
Full Intersection Ref/Alt Identical: 89082 / 89147
2504 / 2504 Individuals included in Reference
Extraction of 5008 Haplotypes complete
Reduced to markers called 25378 / 89082
(Fraction SNP: 0.28488359039985633)
Successfully saved to: ./Empirical/Eigenstrat/Reichall/I0013/chr1/
Successfully loaded Data from: ./Empirical/Eigenstrat/Reichall/I0013/chr1/
Loaded Emission Model: haploid
Loaded Transition Model: model
Loaded Post Processing Model: Standard
Minimum Genetic Map: 0.0201
Maximum Genetic Map: 2.8622
Gaps bigger than 0.1 cM: 618
Maximum Gap: 3.3421 cM
Loaded Transition and Emission Matrix:
(3, 3)
(5009, 25378)
Loaded Observations:
(2, 25378)
Memory Usage: 1338.753024 mB
Reference Number: 5008
Total Log likelihood: -8192.466
Memory Usage: 1339.215872 mB
Finished Calculation State Posteriors
Saved Zero State Posterior to ./Empirical/Eigenstrat/Reichall/I0013/chr1/.
Successfully loaded for PP. from ./Empirical/Eigenstrat/Reichall/I0013/chr1/
Fraction Markers in ROH: 0.4795
Merged n=0 gaps < 0.0 M
Called n=29 ROH Blocks > 1.0 cM
Longest Block: 3.291
Successfully saved to ./Empirical/Eigenstrat/Reichall/I0013/chr1/roh.csv
Using Low-Mem Cython Linear Speed Up.
Loaded Pre Processing Model: Eigenstrat
Loading Individual: I0013

Loaded 94239 variants
Loaded 2504 individuals
HDF5 loaded from ./Data/1000Genomes/HDF5/1240kHDF5/all1240/chr2.hdf5
3 Eigenstrat Files with 5081 Individuals and 1233013 SNPs

Intersection on Positions: 94239
Nr of Matching Refs: 94239 / 94239
Full Intersection Ref/Alt Identical: 94173 / 94239
2504 / 2504 Individuals included in Reference
Extraction of 5008 Haplotypes complete
Reduced to markers called 25558 / 94173
(Fraction SNP: 0.2713941363235747)
Successfully saved to: ./Empirical/Eigenstrat/Reichall/I0013/chr2/
Successfully loaded Data from: ./Empirical/Eigenstrat/Reichall/I0013/chr2/
Loaded Emission Model: haploid
Loaded Transition Model: model
Loaded Post Processing Model: Standard
Minimum Genetic Map: 0.0001
Maximum Genetic Map: 2.6883
Gaps bigger than 0.1 cM: 552
Maximum Gap: 3.9438 cM
Loaded Transition and Emission Matrix:
(3, 3)
(5009, 25558)
Loaded Observations:
(2, 25558)
Memory Usage: 1386.815488 mB
Reference Number: 5008
Total Log likelihood: -8357.194
Memory Usage: 1386.815488 mB
Finished Calculation State Posteriors
Saved Zero State Posterior to ./Empirical/Eigenstrat/Reichall/I0013/chr2/.
Successfully loaded for PP. from ./Empirical/Eigenstrat/Reichall/I0013/chr2/
Fraction Markers in ROH: 0.4471
Merged n=0 gaps < 0.0 M
Called n=25 ROH Blocks > 1.0 cM
Longest Block: 5.595
Successfully saved to ./Empirical/Eigenstrat/Reichall/I0013/chr2/roh.csv
Using Low-Mem Cython Linear Speed Up.
Loaded Pre Processing Model: Eigenstrat
Loading Individual: I0013

Loaded 77652 variants
Loaded 2504 individuals
HDF5 loaded from ./Data/1000Genomes/HDF5/1240kHDF5/all1240/chr3.hdf5
3 Eigenstrat Files with 5081 Individuals and 1233013 SNPs

Intersection on Positions: 77652
Nr of Matching Refs: 77652 / 77652
Full Intersection Ref/Alt Identical: 77601 / 77652
2504 / 2504 Individuals included in Reference
Extraction of 5008 Haplotypes complete
Reduced to markers called 20662 / 77601
(Fraction SNP: 0.26625945541938895)
Successfully saved to: ./Empirical/Eigenstrat/Reichall/I0013/chr3/
Successfully loaded Data from: ./Empirical/Eigenstrat/Reichall/I0013/chr3/
Loaded Emission Model: haploid
Loaded Transition Model: model
Loaded Post Processing Model: Standard
Minimum Genetic Map: 0.0001
Maximum Genetic Map: 2.2326
Gaps bigger than 0.1 cM: 501
Maximum Gap: 0.4191 cM
Loaded Transition and Emission Matrix:
(3, 3)
(5009, 20662)
Loaded Observations:
(2, 20662)
Memory Usage: 1166.180352 mB
Reference Number: 5008
Total Log likelihood: -6834.075
Memory Usage: 1166.180352 mB
Finished Calculation State Posteriors
Saved Zero State Posterior to ./Empirical/Eigenstrat/Reichall/I0013/chr3/.
Successfully loaded for PP. from ./Empirical/Eigenstrat/Reichall/I0013/chr3/
Fraction Markers in ROH: 0.4645
Merged n=0 gaps < 0.0 M
Called n=29 ROH Blocks > 1.0 cM
Longest Block: 7.906
Successfully saved to ./Empirical/Eigenstrat/Reichall/I0013/chr3/roh.csv
Using Low-Mem Cython Linear Speed Up.
Loaded Pre Processing Model: Eigenstrat
Loading Individual: I0013

Loaded 68759 variants
Loaded 2504 individuals
HDF5 loaded from ./Data/1000Genomes/HDF5/1240kHDF5/all1240/chr4.hdf5
3 Eigenstrat Files with 5081 Individuals and 1233013 SNPs

Intersection on Positions: 68759
Nr of Matching Refs: 68759 / 68759
Full Intersection Ref/Alt Identical: 68720 / 68759
2504 / 2504 Individuals included in Reference
Extraction of 5008 Haplotypes complete
Reduced to markers called 17188 / 68720
(Fraction SNP: 0.25011641443539)
Successfully saved to: ./Empirical/Eigenstrat/Reichall/I0013/chr4/
Successfully loaded Data from: ./Empirical/Eigenstrat/Reichall/I0013/chr4/
Loaded Emission Model: haploid
Loaded Transition Model: model
Loaded Post Processing Model: Standard
Minimum Genetic Map: 0.0034
Maximum Genetic Map: 2.1454
Gaps bigger than 0.1 cM: 478
Maximum Gap: 2.0827 cM
Loaded Transition and Emission Matrix:
(3, 3)
(5009, 17188)
Loaded Observations:
(2, 17188)
Memory Usage: 1009.504256 mB
Reference Number: 5008
Total Log likelihood: -5655.570
Memory Usage: 1009.504256 mB
Finished Calculation State Posteriors
Saved Zero State Posterior to ./Empirical/Eigenstrat/Reichall/I0013/chr4/.
Successfully loaded for PP. from ./Empirical/Eigenstrat/Reichall/I0013/chr4/
Fraction Markers in ROH: 0.4279
Merged n=0 gaps < 0.0 M
Called n=25 ROH Blocks > 1.0 cM
Longest Block: 4.420
Successfully saved to ./Empirical/Eigenstrat/Reichall/I0013/chr4/roh.csv
Using Low-Mem Cython Linear Speed Up.
Loaded Pre Processing Model: Eigenstrat
Loading Individual: I0013

Loaded 69399 variants
Loaded 2504 individuals
HDF5 loaded from ./Data/1000Genomes/HDF5/1240kHDF5/all1240/chr5.hdf5
3 Eigenstrat Files with 5081 Individuals and 1233013 SNPs

Intersection on Positions: 69399
Nr of Matching Refs: 69399 / 69399
Full Intersection Ref/Alt Identical: 69354 / 69399
2504 / 2504 Individuals included in Reference
Extraction of 5008 Haplotypes complete
Reduced to markers called 17926 / 69354
(Fraction SNP: 0.25847103267295324)
Successfully saved to: ./Empirical/Eigenstrat/Reichall/I0013/chr5/
Successfully loaded Data from: ./Empirical/Eigenstrat/Reichall/I0013/chr5/
Loaded Emission Model: haploid
Loaded Transition Model: model
Loaded Post Processing Model: Standard
Minimum Genetic Map: 0.0007
Maximum Genetic Map: 2.0409
Gaps bigger than 0.1 cM: 468
Maximum Gap: 1.3692 cM
Loaded Transition and Emission Matrix:
(3, 3)
(5009, 17926)
Loaded Observations:
(2, 17926)
Memory Usage: 1043.480576 mB
Reference Number: 5008
Total Log likelihood: -6010.847
Memory Usage: 1043.480576 mB
Finished Calculation State Posteriors
Saved Zero State Posterior to ./Empirical/Eigenstrat/Reichall/I0013/chr5/.
Successfully loaded for PP. from ./Empirical/Eigenstrat/Reichall/I0013/chr5/
Fraction Markers in ROH: 0.3928
Merged n=0 gaps < 0.0 M
Called n=23 ROH Blocks > 1.0 cM
Longest Block: 3.266
Successfully saved to ./Empirical/Eigenstrat/Reichall/I0013/chr5/roh.csv
Using Low-Mem Cython Linear Speed Up.
Loaded Pre Processing Model: Eigenstrat
Loading Individual: I0013

Loaded 75870 variants
Loaded 2504 individuals
HDF5 loaded from ./Data/1000Genomes/HDF5/1240kHDF5/all1240/chr6.hdf5
3 Eigenstrat Files with 5081 Individuals and 1233013 SNPs

Intersection on Positions: 75870
Nr of Matching Refs: 75870 / 75870
Full Intersection Ref/Alt Identical: 75816 / 75870
2504 / 2504 Individuals included in Reference
Extraction of 5008 Haplotypes complete
Reduced to markers called 21582 / 75816
(Fraction SNP: 0.28466286799620133)
Successfully saved to: ./Empirical/Eigenstrat/Reichall/I0013/chr6/
Successfully loaded Data from: ./Empirical/Eigenstrat/Reichall/I0013/chr6/
Loaded Emission Model: haploid
Loaded Transition Model: model
Loaded Post Processing Model: Standard
Minimum Genetic Map: 0.0038
Maximum Genetic Map: 1.9203
Gaps bigger than 0.1 cM: 400
Maximum Gap: 0.5704 cM
Loaded Transition and Emission Matrix:
(3, 3)
(5009, 21582)
Loaded Observations:
(2, 21582)
Memory Usage: 1208.455168 mB
Reference Number: 5008
Total Log likelihood: -6911.567
Memory Usage: 1208.455168 mB
Finished Calculation State Posteriors
Saved Zero State Posterior to ./Empirical/Eigenstrat/Reichall/I0013/chr6/.
Successfully loaded for PP. from ./Empirical/Eigenstrat/Reichall/I0013/chr6/
Fraction Markers in ROH: 0.4886
Merged n=0 gaps < 0.0 M
Called n=21 ROH Blocks > 1.0 cM
Longest Block: 4.035
Successfully saved to ./Empirical/Eigenstrat/Reichall/I0013/chr6/roh.csv
Using Low-Mem Cython Linear Speed Up.
Loaded Pre Processing Model: Eigenstrat
Loading Individual: I0013

Loaded 59890 variants
Loaded 2504 individuals
HDF5 loaded from ./Data/1000Genomes/HDF5/1240kHDF5/all1240/chr7.hdf5
3 Eigenstrat Files with 5081 Individuals and 1233013 SNPs

Intersection on Positions: 59890
Nr of Matching Refs: 59890 / 59890
Full Intersection Ref/Alt Identical: 59836 / 59890
2504 / 2504 Individuals included in Reference
Extraction of 5008 Haplotypes complete
Reduced to markers called 14609 / 59836
(Fraction SNP: 0.24415067852129152)
Successfully saved to: ./Empirical/Eigenstrat/Reichall/I0013/chr7/
Successfully loaded Data from: ./Empirical/Eigenstrat/Reichall/I0013/chr7/
Loaded Emission Model: haploid
Loaded Transition Model: model
Loaded Post Processing Model: Standard
Minimum Genetic Map: 0.0005
Maximum Genetic Map: 1.8715
Gaps bigger than 0.1 cM: 449
Maximum Gap: 1.0899 cM
Loaded Transition and Emission Matrix:
(3, 3)
(5009, 14609)
Loaded Observations:
(2, 14609)
Memory Usage: 893.853696 mB
Reference Number: 5008
Total Log likelihood: -4939.099
Memory Usage: 893.853696 mB
Finished Calculation State Posteriors
Saved Zero State Posterior to ./Empirical/Eigenstrat/Reichall/I0013/chr7/.
Successfully loaded for PP. from ./Empirical/Eigenstrat/Reichall/I0013/chr7/
Fraction Markers in ROH: 0.4248
Merged n=0 gaps < 0.0 M
Called n=21 ROH Blocks > 1.0 cM
Longest Block: 3.241
Successfully saved to ./Empirical/Eigenstrat/Reichall/I0013/chr7/roh.csv
Using Low-Mem Cython Linear Speed Up.
Loaded Pre Processing Model: Eigenstrat
Loading Individual: I0013

Loaded 61133 variants
Loaded 2504 individuals
HDF5 loaded from ./Data/1000Genomes/HDF5/1240kHDF5/all1240/chr8.hdf5
3 Eigenstrat Files with 5081 Individuals and 1233013 SNPs

Intersection on Positions: 61133
Nr of Matching Refs: 61133 / 61133
Full Intersection Ref/Alt Identical: 61091 / 61133
2504 / 2504 Individuals included in Reference
Extraction of 5008 Haplotypes complete
Reduced to markers called 15140 / 61091
(Fraction SNP: 0.24782701216218428)
Successfully saved to: ./Empirical/Eigenstrat/Reichall/I0013/chr8/
Successfully loaded Data from: ./Empirical/Eigenstrat/Reichall/I0013/chr8/
Loaded Emission Model: haploid
Loaded Transition Model: model
Loaded Post Processing Model: Standard
Minimum Genetic Map: 0.0001
Maximum Genetic Map: 1.6798
Gaps bigger than 0.1 cM: 352
Maximum Gap: 1.9464 cM
Loaded Transition and Emission Matrix:
(3, 3)
(5009, 15140)
Loaded Observations:
(2, 15140)
Memory Usage: 918.069248 mB
Reference Number: 5008
Total Log likelihood: -4678.510
Memory Usage: 918.069248 mB
Finished Calculation State Posteriors
Saved Zero State Posterior to ./Empirical/Eigenstrat/Reichall/I0013/chr8/.
Successfully loaded for PP. from ./Empirical/Eigenstrat/Reichall/I0013/chr8/
Fraction Markers in ROH: 0.5398
Merged n=0 gaps < 0.0 M
Called n=22 ROH Blocks > 1.0 cM
Longest Block: 8.261
Successfully saved to ./Empirical/Eigenstrat/Reichall/I0013/chr8/roh.csv
Using Low-Mem Cython Linear Speed Up.
Loaded Pre Processing Model: Eigenstrat
Loading Individual: I0013

Loaded 50668 variants
Loaded 2504 individuals
HDF5 loaded from ./Data/1000Genomes/HDF5/1240kHDF5/all1240/chr9.hdf5
3 Eigenstrat Files with 5081 Individuals and 1233013 SNPs

Intersection on Positions: 50668
Nr of Matching Refs: 50668 / 50668
Full Intersection Ref/Alt Identical: 50629 / 50668
2504 / 2504 Individuals included in Reference
Extraction of 5008 Haplotypes complete
Reduced to markers called 12738 / 50629
(Fraction SNP: 0.2515949357087835)
Successfully saved to: ./Empirical/Eigenstrat/Reichall/I0013/chr9/
Successfully loaded Data from: ./Empirical/Eigenstrat/Reichall/I0013/chr9/
Loaded Emission Model: haploid
Loaded Transition Model: model
Loaded Post Processing Model: Standard
Minimum Genetic Map: 0.0017
Maximum Genetic Map: 1.6630
Gaps bigger than 0.1 cM: 400
Maximum Gap: 2.3712 cM
Loaded Transition and Emission Matrix:
(3, 3)
(5009, 12738)
Loaded Observations:
(2, 12738)
Memory Usage: 809.8816 mB
Reference Number: 5008
Total Log likelihood: -4263.963
Memory Usage: 809.8816 mB
Finished Calculation State Posteriors
Saved Zero State Posterior to ./Empirical/Eigenstrat/Reichall/I0013/chr9/.
Successfully loaded for PP. from ./Empirical/Eigenstrat/Reichall/I0013/chr9/
Fraction Markers in ROH: 0.4060
Merged n=0 gaps < 0.0 M
Called n=17 ROH Blocks > 1.0 cM
Longest Block: 2.887
Successfully saved to ./Empirical/Eigenstrat/Reichall/I0013/chr9/roh.csv
Using Low-Mem Cython Linear Speed Up.
Loaded Pre Processing Model: Eigenstrat
Loading Individual: I0013

Loaded 58804 variants
Loaded 2504 individuals
HDF5 loaded from ./Data/1000Genomes/HDF5/1240kHDF5/all1240/chr10.hdf5
3 Eigenstrat Files with 5081 Individuals and 1233013 SNPs

Intersection on Positions: 58804
Nr of Matching Refs: 58804 / 58804
Full Intersection Ref/Alt Identical: 58763 / 58804
2504 / 2504 Individuals included in Reference
Extraction of 5008 Haplotypes complete
Reduced to markers called 16474 / 58763
(Fraction SNP: 0.2803464765243435)
Successfully saved to: ./Empirical/Eigenstrat/Reichall/I0013/chr10/
Successfully loaded Data from: ./Empirical/Eigenstrat/Reichall/I0013/chr10/
Loaded Emission Model: haploid
Loaded Transition Model: model
Loaded Post Processing Model: Standard
Minimum Genetic Map: 0.0001
Maximum Genetic Map: 1.8091
Gaps bigger than 0.1 cM: 364
Maximum Gap: 2.0524 cM
Loaded Transition and Emission Matrix:
(3, 3)
(5009, 16474)
Loaded Observations:
(2, 16474)
Memory Usage: 979.103744 mB
Reference Number: 5008
Total Log likelihood: -5531.885
Memory Usage: 979.103744 mB
Finished Calculation State Posteriors
Saved Zero State Posterior to ./Empirical/Eigenstrat/Reichall/I0013/chr10/.
Successfully loaded for PP. from ./Empirical/Eigenstrat/Reichall/I0013/chr10/
Fraction Markers in ROH: 0.4662
Merged n=0 gaps < 0.0 M
Called n=16 ROH Blocks > 1.0 cM
Longest Block: 3.260
Successfully saved to ./Empirical/Eigenstrat/Reichall/I0013/chr10/roh.csv
Using Low-Mem Cython Linear Speed Up.
Loaded Pre Processing Model: Eigenstrat
Loading Individual: I0013

Loaded 54833 variants
Loaded 2504 individuals
HDF5 loaded from ./Data/1000Genomes/HDF5/1240kHDF5/all1240/chr11.hdf5
3 Eigenstrat Files with 5081 Individuals and 1233013 SNPs

Intersection on Positions: 54833
Nr of Matching Refs: 54833 / 54833
Full Intersection Ref/Alt Identical: 54796 / 54833
2504 / 2504 Individuals included in Reference
Extraction of 5008 Haplotypes complete
Reduced to markers called 15268 / 54796
(Fraction SNP: 0.2786334768961238)
Successfully saved to: ./Empirical/Eigenstrat/Reichall/I0013/chr11/
Successfully loaded Data from: ./Empirical/Eigenstrat/Reichall/I0013/chr11/
Loaded Emission Model: haploid
Loaded Transition Model: model
Loaded Post Processing Model: Standard
Minimum Genetic Map: 0.0000
Maximum Genetic Map: 1.5822
Gaps bigger than 0.1 cM: 337
Maximum Gap: 0.6007 cM
Loaded Transition and Emission Matrix:
(3, 3)
(5009, 15268)
Loaded Observations:
(2, 15268)
Memory Usage: 924.553216 mB
Reference Number: 5008
Total Log likelihood: -4991.012
Memory Usage: 924.553216 mB
Finished Calculation State Posteriors
Saved Zero State Posterior to ./Empirical/Eigenstrat/Reichall/I0013/chr11/.
Successfully loaded for PP. from ./Empirical/Eigenstrat/Reichall/I0013/chr11/
Fraction Markers in ROH: 0.4599
Merged n=0 gaps < 0.0 M
Called n=20 ROH Blocks > 1.0 cM
Longest Block: 3.788
Successfully saved to ./Empirical/Eigenstrat/Reichall/I0013/chr11/roh.csv
Using Low-Mem Cython Linear Speed Up.
Loaded Pre Processing Model: Eigenstrat
Loading Individual: I0013

Loaded 53911 variants
Loaded 2504 individuals
HDF5 loaded from ./Data/1000Genomes/HDF5/1240kHDF5/all1240/chr12.hdf5
3 Eigenstrat Files with 5081 Individuals and 1233013 SNPs

Intersection on Positions: 53911
Nr of Matching Refs: 53911 / 53911
Full Intersection Ref/Alt Identical: 53884 / 53911
2504 / 2504 Individuals included in Reference
Extraction of 5008 Haplotypes complete
Reduced to markers called 14918 / 53884
(Fraction SNP: 0.27685398262935196)
Successfully saved to: ./Empirical/Eigenstrat/Reichall/I0013/chr12/
Successfully loaded Data from: ./Empirical/Eigenstrat/Reichall/I0013/chr12/
Loaded Emission Model: haploid
Loaded Transition Model: model
Loaded Post Processing Model: Standard
Minimum Genetic Map: 0.0018
Maximum Genetic Map: 1.7468
Gaps bigger than 0.1 cM: 390
Maximum Gap: 0.8015 cM
Loaded Transition and Emission Matrix:
(3, 3)
(5009, 14918)
Loaded Observations:
(2, 14918)
Memory Usage: 908.562432 mB
Reference Number: 5008
Total Log likelihood: -5140.771
Memory Usage: 908.562432 mB
Finished Calculation State Posteriors
Saved Zero State Posterior to ./Empirical/Eigenstrat/Reichall/I0013/chr12/.
Successfully loaded for PP. from ./Empirical/Eigenstrat/Reichall/I0013/chr12/
Fraction Markers in ROH: 0.4392
Merged n=0 gaps < 0.0 M
Called n=21 ROH Blocks > 1.0 cM
Longest Block: 4.292
Successfully saved to ./Empirical/Eigenstrat/Reichall/I0013/chr12/roh.csv
Using Low-Mem Cython Linear Speed Up.
Loaded Pre Processing Model: Eigenstrat
Loading Individual: I0013

Loaded 39018 variants
Loaded 2504 individuals
HDF5 loaded from ./Data/1000Genomes/HDF5/1240kHDF5/all1240/chr13.hdf5
3 Eigenstrat Files with 5081 Individuals and 1233013 SNPs

Intersection on Positions: 39018
Nr of Matching Refs: 39018 / 39018
Full Intersection Ref/Alt Identical: 38994 / 39018
2504 / 2504 Individuals included in Reference
Extraction of 5008 Haplotypes complete
Reduced to markers called 9606 / 38994
(Fraction SNP: 0.24634559162948147)
Successfully saved to: ./Empirical/Eigenstrat/Reichall/I0013/chr13/
Successfully loaded Data from: ./Empirical/Eigenstrat/Reichall/I0013/chr13/
Loaded Emission Model: haploid
Loaded Transition Model: model
Loaded Post Processing Model: Standard
Minimum Genetic Map: 0.0028
Maximum Genetic Map: 1.2570
Gaps bigger than 0.1 cM: 305
Maximum Gap: 1.2478 cM
Loaded Transition and Emission Matrix:
(3, 3)
(5009, 9606)
Loaded Observations:
(2, 9606)
Memory Usage: 669.499392 mB
Reference Number: 5008
Total Log likelihood: -3155.571
Memory Usage: 669.499392 mB
Finished Calculation State Posteriors
Saved Zero State Posterior to ./Empirical/Eigenstrat/Reichall/I0013/chr13/.
Successfully loaded for PP. from ./Empirical/Eigenstrat/Reichall/I0013/chr13/
Fraction Markers in ROH: 0.4715
Merged n=0 gaps < 0.0 M
Called n=14 ROH Blocks > 1.0 cM
Longest Block: 5.478
Successfully saved to ./Empirical/Eigenstrat/Reichall/I0013/chr13/roh.csv
Using Low-Mem Cython Linear Speed Up.
Loaded Pre Processing Model: Eigenstrat
Loading Individual: I0013

Loaded 36301 variants
Loaded 2504 individuals
HDF5 loaded from ./Data/1000Genomes/HDF5/1240kHDF5/all1240/chr14.hdf5
3 Eigenstrat Files with 5081 Individuals and 1233013 SNPs

Intersection on Positions: 36301
Nr of Matching Refs: 36301 / 36301
Full Intersection Ref/Alt Identical: 36280 / 36301
2504 / 2504 Individuals included in Reference
Extraction of 5008 Haplotypes complete
Reduced to markers called 9766 / 36280
(Fraction SNP: 0.2691841234840132)
Successfully saved to: ./Empirical/Eigenstrat/Reichall/I0013/chr14/
Successfully loaded Data from: ./Empirical/Eigenstrat/Reichall/I0013/chr14/
Loaded Emission Model: haploid
Loaded Transition Model: model
Loaded Post Processing Model: Standard
Minimum Genetic Map: 0.0184
Maximum Genetic Map: 1.2020
Gaps bigger than 0.1 cM: 269
Maximum Gap: 3.1346 cM
Loaded Transition and Emission Matrix:
(3, 3)
(5009, 9766)
Loaded Observations:
(2, 9766)
Memory Usage: 677.892096 mB
Reference Number: 5008
Total Log likelihood: -3421.012
Memory Usage: 677.892096 mB
Finished Calculation State Posteriors
Saved Zero State Posterior to ./Empirical/Eigenstrat/Reichall/I0013/chr14/.
Successfully loaded for PP. from ./Empirical/Eigenstrat/Reichall/I0013/chr14/
Fraction Markers in ROH: 0.4112
Merged n=0 gaps < 0.0 M
Called n=10 ROH Blocks > 1.0 cM
Longest Block: 2.046
Successfully saved to ./Empirical/Eigenstrat/Reichall/I0013/chr14/roh.csv
Using Low-Mem Cython Linear Speed Up.
Loaded Pre Processing Model: Eigenstrat
Loading Individual: I0013

Loaded 34429 variants
Loaded 2504 individuals
HDF5 loaded from ./Data/1000Genomes/HDF5/1240kHDF5/all1240/chr15.hdf5
3 Eigenstrat Files with 5081 Individuals and 1233013 SNPs

Intersection on Positions: 34429
Nr of Matching Refs: 34429 / 34429
Full Intersection Ref/Alt Identical: 34407 / 34429
2504 / 2504 Individuals included in Reference
Extraction of 5008 Haplotypes complete
Reduced to markers called 9774 / 34407
(Fraction SNP: 0.284070102014125)
Successfully saved to: ./Empirical/Eigenstrat/Reichall/I0013/chr15/
Successfully loaded Data from: ./Empirical/Eigenstrat/Reichall/I0013/chr15/
Loaded Emission Model: haploid
Loaded Transition Model: model
Loaded Post Processing Model: Standard
Minimum Genetic Map: 0.0002
Maximum Genetic Map: 1.4133
Gaps bigger than 0.1 cM: 304
Maximum Gap: 13.7876 cM
Loaded Transition and Emission Matrix:
(3, 3)
(5009, 9774)
Loaded Observations:
(2, 9774)
Memory Usage: 678.105088 mB
Reference Number: 5008
Total Log likelihood: -3408.811
Memory Usage: 678.105088 mB
Finished Calculation State Posteriors
Saved Zero State Posterior to ./Empirical/Eigenstrat/Reichall/I0013/chr15/.
Successfully loaded for PP. from ./Empirical/Eigenstrat/Reichall/I0013/chr15/
Fraction Markers in ROH: 0.3953
Merged n=0 gaps < 0.0 M
Called n=11 ROH Blocks > 1.0 cM
Longest Block: 3.715
Successfully saved to ./Empirical/Eigenstrat/Reichall/I0013/chr15/roh.csv
Using Low-Mem Cython Linear Speed Up.
Loaded Pre Processing Model: Eigenstrat
Loading Individual: I0013

Loaded 34402 variants
Loaded 2504 individuals
HDF5 loaded from ./Data/1000Genomes/HDF5/1240kHDF5/all1240/chr16.hdf5
3 Eigenstrat Files with 5081 Individuals and 1233013 SNPs

Intersection on Positions: 34402
Nr of Matching Refs: 34402 / 34402
Full Intersection Ref/Alt Identical: 34375 / 34402
2504 / 2504 Individuals included in Reference
Extraction of 5008 Haplotypes complete
Reduced to markers called 10216 / 34375
(Fraction SNP: 0.2971927272727273)
Successfully saved to: ./Empirical/Eigenstrat/Reichall/I0013/chr16/
Successfully loaded Data from: ./Empirical/Eigenstrat/Reichall/I0013/chr16/
Loaded Emission Model: haploid
Loaded Transition Model: model
Loaded Post Processing Model: Standard
Minimum Genetic Map: 0.0001
Maximum Genetic Map: 1.3402
Gaps bigger than 0.1 cM: 310
Maximum Gap: 0.8479 cM
Loaded Transition and Emission Matrix:
(3, 3)
(5009, 10216)
Loaded Observations:
(2, 10216)
Memory Usage: 700.563456 mB
Reference Number: 5008
Total Log likelihood: -3407.856
Memory Usage: 700.563456 mB
Finished Calculation State Posteriors
Saved Zero State Posterior to ./Empirical/Eigenstrat/Reichall/I0013/chr16/.
Successfully loaded for PP. from ./Empirical/Eigenstrat/Reichall/I0013/chr16/
Fraction Markers in ROH: 0.4470
Merged n=0 gaps < 0.0 M
Called n=16 ROH Blocks > 1.0 cM
Longest Block: 2.772
Successfully saved to ./Empirical/Eigenstrat/Reichall/I0013/chr16/roh.csv
Using Low-Mem Cython Linear Speed Up.
Loaded Pre Processing Model: Eigenstrat
Loading Individual: I0013

Loaded 29314 variants
Loaded 2504 individuals
HDF5 loaded from ./Data/1000Genomes/HDF5/1240kHDF5/all1240/chr17.hdf5
3 Eigenstrat Files with 5081 Individuals and 1233013 SNPs

Intersection on Positions: 29314
Nr of Matching Refs: 29314 / 29314
Full Intersection Ref/Alt Identical: 29292 / 29314
2504 / 2504 Individuals included in Reference
Extraction of 5008 Haplotypes complete
Reduced to markers called 8390 / 29292
(Fraction SNP: 0.2864263280076471)
Successfully saved to: ./Empirical/Eigenstrat/Reichall/I0013/chr17/
Successfully loaded Data from: ./Empirical/Eigenstrat/Reichall/I0013/chr17/
Loaded Emission Model: haploid
Loaded Transition Model: model
Loaded Post Processing Model: Standard
Minimum Genetic Map: 0.0002
Maximum Genetic Map: 1.2845
Gaps bigger than 0.1 cM: 330
Maximum Gap: 1.2355 cM
Loaded Transition and Emission Matrix:
(3, 3)
(5009, 8390)
Loaded Observations:
(2, 8390)
Memory Usage: 617.480192 mB
Reference Number: 5008
Total Log likelihood: -2890.336
Memory Usage: 617.480192 mB
Finished Calculation State Posteriors
Saved Zero State Posterior to ./Empirical/Eigenstrat/Reichall/I0013/chr17/.
Successfully loaded for PP. from ./Empirical/Eigenstrat/Reichall/I0013/chr17/
Fraction Markers in ROH: 0.4653
Merged n=0 gaps < 0.0 M
Called n=14 ROH Blocks > 1.0 cM
Longest Block: 6.107
Successfully saved to ./Empirical/Eigenstrat/Reichall/I0013/chr17/roh.csv
Using Low-Mem Cython Linear Speed Up.
Loaded Pre Processing Model: Eigenstrat
Loading Individual: I0013

Loaded 33917 variants
Loaded 2504 individuals
HDF5 loaded from ./Data/1000Genomes/HDF5/1240kHDF5/all1240/chr18.hdf5
3 Eigenstrat Files with 5081 Individuals and 1233013 SNPs

Intersection on Positions: 33917
Nr of Matching Refs: 33917 / 33917
Full Intersection Ref/Alt Identical: 33902 / 33917
2504 / 2504 Individuals included in Reference
Extraction of 5008 Haplotypes complete
Reduced to markers called 9158 / 33902
(Fraction SNP: 0.270131555660433)
Successfully saved to: ./Empirical/Eigenstrat/Reichall/I0013/chr18/
Successfully loaded Data from: ./Empirical/Eigenstrat/Reichall/I0013/chr18/
Loaded Emission Model: haploid
Loaded Transition Model: model
Loaded Post Processing Model: Standard
Minimum Genetic Map: 0.0027
Maximum Genetic Map: 1.1771
Gaps bigger than 0.1 cM: 277
Maximum Gap: 0.8037 cM
Loaded Transition and Emission Matrix:
(3, 3)
(5009, 9158)
Loaded Observations:
(2, 9158)
Memory Usage: 652.382208 mB
Reference Number: 5008
Total Log likelihood: -3158.260
Memory Usage: 652.382208 mB
Finished Calculation State Posteriors
Saved Zero State Posterior to ./Empirical/Eigenstrat/Reichall/I0013/chr18/.
Successfully loaded for PP. from ./Empirical/Eigenstrat/Reichall/I0013/chr18/
Fraction Markers in ROH: 0.4013
Merged n=0 gaps < 0.0 M
Called n=13 ROH Blocks > 1.0 cM
Longest Block: 3.365
Successfully saved to ./Empirical/Eigenstrat/Reichall/I0013/chr18/roh.csv
Using Low-Mem Cython Linear Speed Up.
Loaded Pre Processing Model: Eigenstrat
Loading Individual: I0013

Loaded 18460 variants
Loaded 2504 individuals
HDF5 loaded from ./Data/1000Genomes/HDF5/1240kHDF5/all1240/chr19.hdf5
3 Eigenstrat Files with 5081 Individuals and 1233013 SNPs

Intersection on Positions: 18460
Nr of Matching Refs: 18460 / 18460
Full Intersection Ref/Alt Identical: 18441 / 18460
2504 / 2504 Individuals included in Reference
Extraction of 5008 Haplotypes complete
Reduced to markers called 5159 / 18441
(Fraction SNP: 0.27975706306599424)
Successfully saved to: ./Empirical/Eigenstrat/Reichall/I0013/chr19/
Successfully loaded Data from: ./Empirical/Eigenstrat/Reichall/I0013/chr19/
Loaded Emission Model: haploid
Loaded Transition Model: model
Loaded Post Processing Model: Standard
Minimum Genetic Map: 0.0004
Maximum Genetic Map: 1.0773
Gaps bigger than 0.1 cM: 324
Maximum Gap: 0.6458 cM
Loaded Transition and Emission Matrix:
(3, 3)
(5009, 5159)
Loaded Observations:
(2, 5159)
Memory Usage: 459.083776 mB
Reference Number: 5008
Total Log likelihood: -1817.891
Memory Usage: 459.083776 mB
Finished Calculation State Posteriors
Saved Zero State Posterior to ./Empirical/Eigenstrat/Reichall/I0013/chr19/.
Successfully loaded for PP. from ./Empirical/Eigenstrat/Reichall/I0013/chr19/
Fraction Markers in ROH: 0.4067
Merged n=0 gaps < 0.0 M
Called n=11 ROH Blocks > 1.0 cM
Longest Block: 2.671
Successfully saved to ./Empirical/Eigenstrat/Reichall/I0013/chr19/roh.csv
Using Low-Mem Cython Linear Speed Up.
Loaded Pre Processing Model: Eigenstrat
Loading Individual: I0013

Loaded 29078 variants
Loaded 2504 individuals
HDF5 loaded from ./Data/1000Genomes/HDF5/1240kHDF5/all1240/chr20.hdf5
3 Eigenstrat Files with 5081 Individuals and 1233013 SNPs

Intersection on Positions: 29078
Nr of Matching Refs: 29078 / 29078
Full Intersection Ref/Alt Identical: 29053 / 29078
2504 / 2504 Individuals included in Reference
Extraction of 5008 Haplotypes complete
Reduced to markers called 8736 / 29053
(Fraction SNP: 0.30069183905276564)
Successfully saved to: ./Empirical/Eigenstrat/Reichall/I0013/chr20/
Successfully loaded Data from: ./Empirical/Eigenstrat/Reichall/I0013/chr20/
Loaded Emission Model: haploid
Loaded Transition Model: model
Loaded Post Processing Model: Standard
Minimum Genetic Map: 0.0006
Maximum Genetic Map: 1.0821
Gaps bigger than 0.1 cM: 264
Maximum Gap: 1.2120 cM
Loaded Transition and Emission Matrix:
(3, 3)
(5009, 8736)
Loaded Observations:
(2, 8736)
Memory Usage: 628.912128 mB
Reference Number: 5008
Total Log likelihood: -2807.408
Memory Usage: 628.912128 mB
Finished Calculation State Posteriors
Saved Zero State Posterior to ./Empirical/Eigenstrat/Reichall/I0013/chr20/.
Successfully loaded for PP. from ./Empirical/Eigenstrat/Reichall/I0013/chr20/
Fraction Markers in ROH: 0.4726
Merged n=0 gaps < 0.0 M
Called n=13 ROH Blocks > 1.0 cM
Longest Block: 2.335
Successfully saved to ./Empirical/Eigenstrat/Reichall/I0013/chr20/roh.csv
Using Low-Mem Cython Linear Speed Up.
Loaded Pre Processing Model: Eigenstrat
Loading Individual: I0013

Loaded 16038 variants
Loaded 2504 individuals
HDF5 loaded from ./Data/1000Genomes/HDF5/1240kHDF5/all1240/chr21.hdf5
3 Eigenstrat Files with 5081 Individuals and 1233013 SNPs

Intersection on Positions: 16038
Nr of Matching Refs: 16038 / 16038
Full Intersection Ref/Alt Identical: 16031 / 16038
2504 / 2504 Individuals included in Reference
Extraction of 5008 Haplotypes complete
Reduced to markers called 4136 / 16031
(Fraction SNP: 0.2580001247582808)
Successfully saved to: ./Empirical/Eigenstrat/Reichall/I0013/chr21/
Successfully loaded Data from: ./Empirical/Eigenstrat/Reichall/I0013/chr21/
Loaded Emission Model: haploid
Loaded Transition Model: model
Loaded Post Processing Model: Standard
Minimum Genetic Map: 0.0145
Maximum Genetic Map: 0.6276
Gaps bigger than 0.1 cM: 154
Maximum Gap: 0.7121 cM
Loaded Transition and Emission Matrix:
(3, 3)
(5009, 4136)
Loaded Observations:
(2, 4136)
Memory Usage: 412.860416 mB
Reference Number: 5008
Total Log likelihood: -1397.252
Memory Usage: 412.860416 mB
Finished Calculation State Posteriors
Saved Zero State Posterior to ./Empirical/Eigenstrat/Reichall/I0013/chr21/.
Successfully loaded for PP. from ./Empirical/Eigenstrat/Reichall/I0013/chr21/
Fraction Markers in ROH: 0.4657
Merged n=0 gaps < 0.0 M
Called n=7 ROH Blocks > 1.0 cM
Longest Block: 3.013
Successfully saved to ./Empirical/Eigenstrat/Reichall/I0013/chr21/roh.csv
Using Low-Mem Cython Linear Speed Up.
Loaded Pre Processing Model: Eigenstrat
Loading Individual: I0013

Loaded 15802 variants
Loaded 2504 individuals
HDF5 loaded from ./Data/1000Genomes/HDF5/1240kHDF5/all1240/chr22.hdf5
3 Eigenstrat Files with 5081 Individuals and 1233013 SNPs

Intersection on Positions: 15802
Nr of Matching Refs: 15802 / 15802
Full Intersection Ref/Alt Identical: 15793 / 15802
2504 / 2504 Individuals included in Reference
Extraction of 5008 Haplotypes complete
Reduced to markers called 4601 / 15793
(Fraction SNP: 0.29133160260875074)
Successfully saved to: ./Empirical/Eigenstrat/Reichall/I0013/chr22/
Successfully loaded Data from: ./Empirical/Eigenstrat/Reichall/I0013/chr22/
Loaded Emission Model: haploid
Loaded Transition Model: model
Loaded Post Processing Model: Standard
Minimum Genetic Map: 0.0178
Maximum Genetic Map: 0.7408
Gaps bigger than 0.1 cM: 179
Maximum Gap: 1.8477 cM
Loaded Transition and Emission Matrix:
(3, 3)
(5009, 4601)
Loaded Observations:
(2, 4601)
Memory Usage: 433.795072 mB
Reference Number: 5008
Total Log likelihood: -1603.496
Memory Usage: 433.795072 mB
Finished Calculation State Posteriors
Saved Zero State Posterior to ./Empirical/Eigenstrat/Reichall/I0013/chr22/.
Successfully loaded for PP. from ./Empirical/Eigenstrat/Reichall/I0013/chr22/
Fraction Markers in ROH: 0.4303
Merged n=0 gaps < 0.0 M
Called n=7 ROH Blocks > 1.0 cM
Longest Block: 3.678
Successfully saved to ./Empirical/Eigenstrat/Reichall/I0013/chr22/roh.csv
