Loaded 2106 / 5081 ancient Indivdiuals Anno File.
Doing Individual I7269...
Using Low-Mem Cython Linear Speed Up.
Loaded Pre Processing Model: Eigenstrat
Loading Individual: I7269

Loaded 89147 variants
Loaded 2504 individuals
HDF5 loaded from ./Data/1000Genomes/HDF5/1240kHDF5/all1240/chr1.hdf5
3 Eigenstrat Files with 5081 Individuals and 1233013 SNPs

Intersection on Positions: 89147
Nr of Matching Refs: 89147 / 89147
Full Intersection Ref/Alt Identical: 89082 / 89147
2504 / 2504 Individuals included in Reference
Extraction of 5008 Haplotypes complete
Reduced to markers called 55279 / 89082
(Fraction SNP: 0.6205406254911205)
Successfully saved to: ./Empirical/Eigenstrat/Reichall/I7269/chr1/
Successfully loaded Data from: ./Empirical/Eigenstrat/Reichall/I7269/chr1/
Loaded Emission Model: haploid
Loaded Transition Model: model
Loaded Post Processing Model: Standard
Minimum Genetic Map: 0.0201
Maximum Genetic Map: 2.8627
Gaps bigger than 0.1 cM: 354
Maximum Gap: 2.9727 cM
Loaded Transition and Emission Matrix:
(3, 3)
(5009, 55279)
Loaded Observations:
(2, 55279)
Memory Usage: 2686.431232 mB
Reference Number: 5008
Total Log likelihood: -19266.626
Memory Usage: 2686.89408 mB
Finished Calculation State Posteriors
Saved Zero State Posterior to ./Empirical/Eigenstrat/Reichall/I7269/chr1/.
Successfully loaded for PP. from ./Empirical/Eigenstrat/Reichall/I7269/chr1/
Fraction Markers in ROH: 0.4261
Merged n=0 gaps < 0.0 M
Called n=12 ROH Blocks > 1.0 cM
Longest Block: 3.055
Successfully saved to ./Empirical/Eigenstrat/Reichall/I7269/chr1/roh.csv
Using Low-Mem Cython Linear Speed Up.
Loaded Pre Processing Model: Eigenstrat
Loading Individual: I7269

Loaded 94239 variants
Loaded 2504 individuals
HDF5 loaded from ./Data/1000Genomes/HDF5/1240kHDF5/all1240/chr2.hdf5
3 Eigenstrat Files with 5081 Individuals and 1233013 SNPs

Intersection on Positions: 94239
Nr of Matching Refs: 94239 / 94239
Full Intersection Ref/Alt Identical: 94173 / 94239
2504 / 2504 Individuals included in Reference
Extraction of 5008 Haplotypes complete
Reduced to markers called 55087 / 94173
(Fraction SNP: 0.5849553481358776)
Successfully saved to: ./Empirical/Eigenstrat/Reichall/I7269/chr2/
Successfully loaded Data from: ./Empirical/Eigenstrat/Reichall/I7269/chr2/
Loaded Emission Model: haploid
Loaded Transition Model: model
Loaded Post Processing Model: Standard
Minimum Genetic Map: 0.0002
Maximum Genetic Map: 2.6883
Gaps bigger than 0.1 cM: 345
Maximum Gap: 2.1079 cM
Loaded Transition and Emission Matrix:
(3, 3)
(5009, 55087)
Loaded Observations:
(2, 55087)
Memory Usage: 2717.16352 mB
Reference Number: 5008
Total Log likelihood: -19537.699
Memory Usage: 2717.16352 mB
Finished Calculation State Posteriors
Saved Zero State Posterior to ./Empirical/Eigenstrat/Reichall/I7269/chr2/.
Successfully loaded for PP. from ./Empirical/Eigenstrat/Reichall/I7269/chr2/
Fraction Markers in ROH: 0.4108
Merged n=0 gaps < 0.0 M
Called n=12 ROH Blocks > 1.0 cM
Longest Block: 4.230
Successfully saved to ./Empirical/Eigenstrat/Reichall/I7269/chr2/roh.csv
Using Low-Mem Cython Linear Speed Up.
Loaded Pre Processing Model: Eigenstrat
Loading Individual: I7269

Loaded 77652 variants
Loaded 2504 individuals
HDF5 loaded from ./Data/1000Genomes/HDF5/1240kHDF5/all1240/chr3.hdf5
3 Eigenstrat Files with 5081 Individuals and 1233013 SNPs

Intersection on Positions: 77652
Nr of Matching Refs: 77652 / 77652
Full Intersection Ref/Alt Identical: 77601 / 77652
2504 / 2504 Individuals included in Reference
Extraction of 5008 Haplotypes complete
Reduced to markers called 44698 / 77601
(Fraction SNP: 0.5759977319879899)
Successfully saved to: ./Empirical/Eigenstrat/Reichall/I7269/chr3/
Successfully loaded Data from: ./Empirical/Eigenstrat/Reichall/I7269/chr3/
Loaded Emission Model: haploid
Loaded Transition Model: model
Loaded Post Processing Model: Standard
Minimum Genetic Map: 0.0000
Maximum Genetic Map: 2.2326
Gaps bigger than 0.1 cM: 312
Maximum Gap: 0.3910 cM
Loaded Transition and Emission Matrix:
(3, 3)
(5009, 44698)
Loaded Observations:
(2, 44698)
Memory Usage: 2249.416704 mB
Reference Number: 5008
Total Log likelihood: -16280.752
Memory Usage: 2249.416704 mB
Finished Calculation State Posteriors
Saved Zero State Posterior to ./Empirical/Eigenstrat/Reichall/I7269/chr3/.
Successfully loaded for PP. from ./Empirical/Eigenstrat/Reichall/I7269/chr3/
Fraction Markers in ROH: 0.3936
Merged n=0 gaps < 0.0 M
Called n=12 ROH Blocks > 1.0 cM
Longest Block: 2.010
Successfully saved to ./Empirical/Eigenstrat/Reichall/I7269/chr3/roh.csv
Using Low-Mem Cython Linear Speed Up.
Loaded Pre Processing Model: Eigenstrat
Loading Individual: I7269

Loaded 68759 variants
Loaded 2504 individuals
HDF5 loaded from ./Data/1000Genomes/HDF5/1240kHDF5/all1240/chr4.hdf5
3 Eigenstrat Files with 5081 Individuals and 1233013 SNPs

Intersection on Positions: 68759
Nr of Matching Refs: 68759 / 68759
Full Intersection Ref/Alt Identical: 68720 / 68759
2504 / 2504 Individuals included in Reference
Extraction of 5008 Haplotypes complete
Reduced to markers called 36322 / 68720
(Fraction SNP: 0.5285506402793947)
Successfully saved to: ./Empirical/Eigenstrat/Reichall/I7269/chr4/
Successfully loaded Data from: ./Empirical/Eigenstrat/Reichall/I7269/chr4/
Loaded Emission Model: haploid
Loaded Transition Model: model
Loaded Post Processing Model: Standard
Minimum Genetic Map: 0.0034
Maximum Genetic Map: 2.1454
Gaps bigger than 0.1 cM: 312
Maximum Gap: 2.0422 cM
Loaded Transition and Emission Matrix:
(3, 3)
(5009, 36322)
Loaded Observations:
(2, 36322)
Memory Usage: 1871.978496 mB
Reference Number: 5008
Total Log likelihood: -13500.088
Memory Usage: 1871.978496 mB
Finished Calculation State Posteriors
Saved Zero State Posterior to ./Empirical/Eigenstrat/Reichall/I7269/chr4/.
Successfully loaded for PP. from ./Empirical/Eigenstrat/Reichall/I7269/chr4/
Fraction Markers in ROH: 0.3963
Merged n=0 gaps < 0.0 M
Called n=6 ROH Blocks > 1.0 cM
Longest Block: 3.338
Successfully saved to ./Empirical/Eigenstrat/Reichall/I7269/chr4/roh.csv
Using Low-Mem Cython Linear Speed Up.
Loaded Pre Processing Model: Eigenstrat
Loading Individual: I7269

Loaded 69399 variants
Loaded 2504 individuals
HDF5 loaded from ./Data/1000Genomes/HDF5/1240kHDF5/all1240/chr5.hdf5
3 Eigenstrat Files with 5081 Individuals and 1233013 SNPs

Intersection on Positions: 69399
Nr of Matching Refs: 69399 / 69399
Full Intersection Ref/Alt Identical: 69354 / 69399
2504 / 2504 Individuals included in Reference
Extraction of 5008 Haplotypes complete
Reduced to markers called 40001 / 69354
(Fraction SNP: 0.5767655794907287)
Successfully saved to: ./Empirical/Eigenstrat/Reichall/I7269/chr5/
Successfully loaded Data from: ./Empirical/Eigenstrat/Reichall/I7269/chr5/
Loaded Emission Model: haploid
Loaded Transition Model: model
Loaded Post Processing Model: Standard
Minimum Genetic Map: 0.0004
Maximum Genetic Map: 2.0409
Gaps bigger than 0.1 cM: 288
Maximum Gap: 1.0498 cM
Loaded Transition and Emission Matrix:
(3, 3)
(5009, 40001)
Loaded Observations:
(2, 40001)
Memory Usage: 2037.98528 mB
Reference Number: 5008
Total Log likelihood: -14619.469
Memory Usage: 2037.98528 mB
Finished Calculation State Posteriors
Saved Zero State Posterior to ./Empirical/Eigenstrat/Reichall/I7269/chr5/.
Successfully loaded for PP. from ./Empirical/Eigenstrat/Reichall/I7269/chr5/
Fraction Markers in ROH: 0.3982
Merged n=0 gaps < 0.0 M
Called n=9 ROH Blocks > 1.0 cM
Longest Block: 1.665
Successfully saved to ./Empirical/Eigenstrat/Reichall/I7269/chr5/roh.csv
Using Low-Mem Cython Linear Speed Up.
Loaded Pre Processing Model: Eigenstrat
Loading Individual: I7269

Loaded 75870 variants
Loaded 2504 individuals
HDF5 loaded from ./Data/1000Genomes/HDF5/1240kHDF5/all1240/chr6.hdf5
3 Eigenstrat Files with 5081 Individuals and 1233013 SNPs

Intersection on Positions: 75870
Nr of Matching Refs: 75870 / 75870
Full Intersection Ref/Alt Identical: 75816 / 75870
2504 / 2504 Individuals included in Reference
Extraction of 5008 Haplotypes complete
Reduced to markers called 43820 / 75816
(Fraction SNP: 0.5779782631634484)
Successfully saved to: ./Empirical/Eigenstrat/Reichall/I7269/chr6/
Successfully loaded Data from: ./Empirical/Eigenstrat/Reichall/I7269/chr6/
Loaded Emission Model: haploid
Loaded Transition Model: model
Loaded Post Processing Model: Standard
Minimum Genetic Map: 0.0035
Maximum Genetic Map: 1.9203
Gaps bigger than 0.1 cM: 238
Maximum Gap: 0.5066 cM
Loaded Transition and Emission Matrix:
(3, 3)
(5009, 43820)
Loaded Observations:
(2, 43820)
Memory Usage: 2210.312192 mB
Reference Number: 5008
Total Log likelihood: -15376.834
Memory Usage: 2210.312192 mB
Finished Calculation State Posteriors
Saved Zero State Posterior to ./Empirical/Eigenstrat/Reichall/I7269/chr6/.
Successfully loaded for PP. from ./Empirical/Eigenstrat/Reichall/I7269/chr6/
Fraction Markers in ROH: 0.4306
Merged n=0 gaps < 0.0 M
Called n=9 ROH Blocks > 1.0 cM
Longest Block: 2.718
Successfully saved to ./Empirical/Eigenstrat/Reichall/I7269/chr6/roh.csv
Using Low-Mem Cython Linear Speed Up.
Loaded Pre Processing Model: Eigenstrat
Loading Individual: I7269

Loaded 59890 variants
Loaded 2504 individuals
HDF5 loaded from ./Data/1000Genomes/HDF5/1240kHDF5/all1240/chr7.hdf5
3 Eigenstrat Files with 5081 Individuals and 1233013 SNPs

Intersection on Positions: 59890
Nr of Matching Refs: 59890 / 59890
Full Intersection Ref/Alt Identical: 59836 / 59890
2504 / 2504 Individuals included in Reference
Extraction of 5008 Haplotypes complete
Reduced to markers called 34534 / 59836
(Fraction SNP: 0.5771441941306237)
Successfully saved to: ./Empirical/Eigenstrat/Reichall/I7269/chr7/
Successfully loaded Data from: ./Empirical/Eigenstrat/Reichall/I7269/chr7/
Loaded Emission Model: haploid
Loaded Transition Model: model
Loaded Post Processing Model: Standard
Minimum Genetic Map: 0.0000
Maximum Genetic Map: 1.8715
Gaps bigger than 0.1 cM: 275
Maximum Gap: 0.8416 cM
Loaded Transition and Emission Matrix:
(3, 3)
(5009, 34534)
Loaded Observations:
(2, 34534)
Memory Usage: 1791.717376 mB
Reference Number: 5008
Total Log likelihood: -12707.752
Memory Usage: 1791.717376 mB
Finished Calculation State Posteriors
Saved Zero State Posterior to ./Empirical/Eigenstrat/Reichall/I7269/chr7/.
Successfully loaded for PP. from ./Empirical/Eigenstrat/Reichall/I7269/chr7/
Fraction Markers in ROH: 0.4134
Merged n=0 gaps < 0.0 M
Called n=12 ROH Blocks > 1.0 cM
Longest Block: 2.552
Successfully saved to ./Empirical/Eigenstrat/Reichall/I7269/chr7/roh.csv
Using Low-Mem Cython Linear Speed Up.
Loaded Pre Processing Model: Eigenstrat
Loading Individual: I7269

Loaded 61133 variants
Loaded 2504 individuals
HDF5 loaded from ./Data/1000Genomes/HDF5/1240kHDF5/all1240/chr8.hdf5
3 Eigenstrat Files with 5081 Individuals and 1233013 SNPs

Intersection on Positions: 61133
Nr of Matching Refs: 61133 / 61133
Full Intersection Ref/Alt Identical: 61091 / 61133
2504 / 2504 Individuals included in Reference
Extraction of 5008 Haplotypes complete
Reduced to markers called 35891 / 61091
(Fraction SNP: 0.5875006138383723)
Successfully saved to: ./Empirical/Eigenstrat/Reichall/I7269/chr8/
Successfully loaded Data from: ./Empirical/Eigenstrat/Reichall/I7269/chr8/
Loaded Emission Model: haploid
Loaded Transition Model: model
Loaded Post Processing Model: Standard
Minimum Genetic Map: 0.0000
Maximum Genetic Map: 1.6800
Gaps bigger than 0.1 cM: 207
Maximum Gap: 1.8932 cM
Loaded Transition and Emission Matrix:
(3, 3)
(5009, 35891)
Loaded Observations:
(2, 35891)
Memory Usage: 1852.39552 mB
Reference Number: 5008
Total Log likelihood: -13188.111
Memory Usage: 1852.428288 mB
Finished Calculation State Posteriors
Saved Zero State Posterior to ./Empirical/Eigenstrat/Reichall/I7269/chr8/.
Successfully loaded for PP. from ./Empirical/Eigenstrat/Reichall/I7269/chr8/
Fraction Markers in ROH: 0.4051
Merged n=0 gaps < 0.0 M
Called n=4 ROH Blocks > 1.0 cM
Longest Block: 2.766
Successfully saved to ./Empirical/Eigenstrat/Reichall/I7269/chr8/roh.csv
Using Low-Mem Cython Linear Speed Up.
Loaded Pre Processing Model: Eigenstrat
Loading Individual: I7269

Loaded 50668 variants
Loaded 2504 individuals
HDF5 loaded from ./Data/1000Genomes/HDF5/1240kHDF5/all1240/chr9.hdf5
3 Eigenstrat Files with 5081 Individuals and 1233013 SNPs

Intersection on Positions: 50668
Nr of Matching Refs: 50668 / 50668
Full Intersection Ref/Alt Identical: 50629 / 50668
2504 / 2504 Individuals included in Reference
Extraction of 5008 Haplotypes complete
Reduced to markers called 30582 / 50629
(Fraction SNP: 0.6040411621797784)
Successfully saved to: ./Empirical/Eigenstrat/Reichall/I7269/chr9/
Successfully loaded Data from: ./Empirical/Eigenstrat/Reichall/I7269/chr9/
Loaded Emission Model: haploid
Loaded Transition Model: model
Loaded Post Processing Model: Standard
Minimum Genetic Map: 0.0016
Maximum Genetic Map: 1.6630
Gaps bigger than 0.1 cM: 250
Maximum Gap: 1.8819 cM
Loaded Transition and Emission Matrix:
(3, 3)
(5009, 30582)
Loaded Observations:
(2, 30582)
Memory Usage: 1613.672448 mB
Reference Number: 5008
Total Log likelihood: -10891.182
Memory Usage: 1613.672448 mB
Finished Calculation State Posteriors
Saved Zero State Posterior to ./Empirical/Eigenstrat/Reichall/I7269/chr9/.
Successfully loaded for PP. from ./Empirical/Eigenstrat/Reichall/I7269/chr9/
Fraction Markers in ROH: 0.4263
Merged n=0 gaps < 0.0 M
Called n=8 ROH Blocks > 1.0 cM
Longest Block: 2.272
Successfully saved to ./Empirical/Eigenstrat/Reichall/I7269/chr9/roh.csv
Using Low-Mem Cython Linear Speed Up.
Loaded Pre Processing Model: Eigenstrat
Loading Individual: I7269

Loaded 58804 variants
Loaded 2504 individuals
HDF5 loaded from ./Data/1000Genomes/HDF5/1240kHDF5/all1240/chr10.hdf5
3 Eigenstrat Files with 5081 Individuals and 1233013 SNPs

Intersection on Positions: 58804
Nr of Matching Refs: 58804 / 58804
Full Intersection Ref/Alt Identical: 58763 / 58804
2504 / 2504 Individuals included in Reference
Extraction of 5008 Haplotypes complete
Reduced to markers called 36402 / 58763
(Fraction SNP: 0.6194714361077549)
Successfully saved to: ./Empirical/Eigenstrat/Reichall/I7269/chr10/
Successfully loaded Data from: ./Empirical/Eigenstrat/Reichall/I7269/chr10/
Loaded Emission Model: haploid
Loaded Transition Model: model
Loaded Post Processing Model: Standard
Minimum Genetic Map: 0.0001
Maximum Genetic Map: 1.8091
Gaps bigger than 0.1 cM: 233
Maximum Gap: 2.0338 cM
Loaded Transition and Emission Matrix:
(3, 3)
(5009, 36402)
Loaded Observations:
(2, 36402)
Memory Usage: 1876.058112 mB
Reference Number: 5008
Total Log likelihood: -12812.623
Memory Usage: 1876.058112 mB
Finished Calculation State Posteriors
Saved Zero State Posterior to ./Empirical/Eigenstrat/Reichall/I7269/chr10/.
Successfully loaded for PP. from ./Empirical/Eigenstrat/Reichall/I7269/chr10/
Fraction Markers in ROH: 0.4084
Merged n=0 gaps < 0.0 M
Called n=7 ROH Blocks > 1.0 cM
Longest Block: 3.285
Successfully saved to ./Empirical/Eigenstrat/Reichall/I7269/chr10/roh.csv
Using Low-Mem Cython Linear Speed Up.
Loaded Pre Processing Model: Eigenstrat
Loading Individual: I7269

Loaded 54833 variants
Loaded 2504 individuals
HDF5 loaded from ./Data/1000Genomes/HDF5/1240kHDF5/all1240/chr11.hdf5
3 Eigenstrat Files with 5081 Individuals and 1233013 SNPs

Intersection on Positions: 54833
Nr of Matching Refs: 54833 / 54833
Full Intersection Ref/Alt Identical: 54796 / 54833
2504 / 2504 Individuals included in Reference
Extraction of 5008 Haplotypes complete
Reduced to markers called 33384 / 54796
(Fraction SNP: 0.6092415504781371)
Successfully saved to: ./Empirical/Eigenstrat/Reichall/I7269/chr11/
Successfully loaded Data from: ./Empirical/Eigenstrat/Reichall/I7269/chr11/
Loaded Emission Model: haploid
Loaded Transition Model: model
Loaded Post Processing Model: Standard
Minimum Genetic Map: 0.0000
Maximum Genetic Map: 1.5822
Gaps bigger than 0.1 cM: 221
Maximum Gap: 0.5279 cM
Loaded Transition and Emission Matrix:
(3, 3)
(5009, 33384)
Loaded Observations:
(2, 33384)
Memory Usage: 1739.812864 mB
Reference Number: 5008
Total Log likelihood: -12242.915
Memory Usage: 1739.812864 mB
Finished Calculation State Posteriors
Saved Zero State Posterior to ./Empirical/Eigenstrat/Reichall/I7269/chr11/.
Successfully loaded for PP. from ./Empirical/Eigenstrat/Reichall/I7269/chr11/
Fraction Markers in ROH: 0.3798
Merged n=0 gaps < 0.0 M
Called n=3 ROH Blocks > 1.0 cM
Longest Block: 2.886
Successfully saved to ./Empirical/Eigenstrat/Reichall/I7269/chr11/roh.csv
Using Low-Mem Cython Linear Speed Up.
Loaded Pre Processing Model: Eigenstrat
Loading Individual: I7269

Loaded 53911 variants
Loaded 2504 individuals
HDF5 loaded from ./Data/1000Genomes/HDF5/1240kHDF5/all1240/chr12.hdf5
3 Eigenstrat Files with 5081 Individuals and 1233013 SNPs

Intersection on Positions: 53911
Nr of Matching Refs: 53911 / 53911
Full Intersection Ref/Alt Identical: 53884 / 53911
2504 / 2504 Individuals included in Reference
Extraction of 5008 Haplotypes complete
Reduced to markers called 31614 / 53884
(Fraction SNP: 0.5867047732165392)
Successfully saved to: ./Empirical/Eigenstrat/Reichall/I7269/chr12/
Successfully loaded Data from: ./Empirical/Eigenstrat/Reichall/I7269/chr12/
Loaded Emission Model: haploid
Loaded Transition Model: model
Loaded Post Processing Model: Standard
Minimum Genetic Map: 0.0017
Maximum Genetic Map: 1.7468
Gaps bigger than 0.1 cM: 253
Maximum Gap: 1.1520 cM
Loaded Transition and Emission Matrix:
(3, 3)
(5009, 31614)
Loaded Observations:
(2, 31614)
Memory Usage: 1659.826176 mB
Reference Number: 5008
Total Log likelihood: -11286.418
Memory Usage: 1659.826176 mB
Finished Calculation State Posteriors
Saved Zero State Posterior to ./Empirical/Eigenstrat/Reichall/I7269/chr12/.
Successfully loaded for PP. from ./Empirical/Eigenstrat/Reichall/I7269/chr12/
Fraction Markers in ROH: 0.4280
Merged n=0 gaps < 0.0 M
Called n=9 ROH Blocks > 1.0 cM
Longest Block: 3.878
Successfully saved to ./Empirical/Eigenstrat/Reichall/I7269/chr12/roh.csv
Using Low-Mem Cython Linear Speed Up.
Loaded Pre Processing Model: Eigenstrat
Loading Individual: I7269

Loaded 39018 variants
Loaded 2504 individuals
HDF5 loaded from ./Data/1000Genomes/HDF5/1240kHDF5/all1240/chr13.hdf5
3 Eigenstrat Files with 5081 Individuals and 1233013 SNPs

Intersection on Positions: 39018
Nr of Matching Refs: 39018 / 39018
Full Intersection Ref/Alt Identical: 38994 / 39018
2504 / 2504 Individuals included in Reference
Extraction of 5008 Haplotypes complete
Reduced to markers called 21202 / 38994
(Fraction SNP: 0.5437246755911166)
Successfully saved to: ./Empirical/Eigenstrat/Reichall/I7269/chr13/
Successfully loaded Data from: ./Empirical/Eigenstrat/Reichall/I7269/chr13/
Loaded Emission Model: haploid
Loaded Transition Model: model
Loaded Post Processing Model: Standard
Minimum Genetic Map: 0.0019
Maximum Genetic Map: 1.2570
Gaps bigger than 0.1 cM: 189
Maximum Gap: 1.2227 cM
Loaded Transition and Emission Matrix:
(3, 3)
(5009, 21202)
Loaded Observations:
(2, 21202)
Memory Usage: 1190.85056 mB
Reference Number: 5008
Total Log likelihood: -8023.112
Memory Usage: 1190.85056 mB
Finished Calculation State Posteriors
Saved Zero State Posterior to ./Empirical/Eigenstrat/Reichall/I7269/chr13/.
Successfully loaded for PP. from ./Empirical/Eigenstrat/Reichall/I7269/chr13/
Fraction Markers in ROH: 0.3843
Merged n=0 gaps < 0.0 M
Called n=2 ROH Blocks > 1.0 cM
Longest Block: 1.671
Successfully saved to ./Empirical/Eigenstrat/Reichall/I7269/chr13/roh.csv
Using Low-Mem Cython Linear Speed Up.
Loaded Pre Processing Model: Eigenstrat
Loading Individual: I7269

Loaded 36301 variants
Loaded 2504 individuals
HDF5 loaded from ./Data/1000Genomes/HDF5/1240kHDF5/all1240/chr14.hdf5
3 Eigenstrat Files with 5081 Individuals and 1233013 SNPs

Intersection on Positions: 36301
Nr of Matching Refs: 36301 / 36301
Full Intersection Ref/Alt Identical: 36280 / 36301
2504 / 2504 Individuals included in Reference
Extraction of 5008 Haplotypes complete
Reduced to markers called 21526 / 36280
(Fraction SNP: 0.5933296582138919)
Successfully saved to: ./Empirical/Eigenstrat/Reichall/I7269/chr14/
Successfully loaded Data from: ./Empirical/Eigenstrat/Reichall/I7269/chr14/
Loaded Emission Model: haploid
Loaded Transition Model: model
Loaded Post Processing Model: Standard
Minimum Genetic Map: 0.0161
Maximum Genetic Map: 1.2020
Gaps bigger than 0.1 cM: 172
Maximum Gap: 2.8973 cM
Loaded Transition and Emission Matrix:
(3, 3)
(5009, 21526)
Loaded Observations:
(2, 21526)
Memory Usage: 1205.563392 mB
Reference Number: 5008
Total Log likelihood: -7909.568
Memory Usage: 1205.563392 mB
Finished Calculation State Posteriors
Saved Zero State Posterior to ./Empirical/Eigenstrat/Reichall/I7269/chr14/.
Successfully loaded for PP. from ./Empirical/Eigenstrat/Reichall/I7269/chr14/
Fraction Markers in ROH: 0.4163
Merged n=0 gaps < 0.0 M
Called n=5 ROH Blocks > 1.0 cM
Longest Block: 1.775
Successfully saved to ./Empirical/Eigenstrat/Reichall/I7269/chr14/roh.csv
Using Low-Mem Cython Linear Speed Up.
Loaded Pre Processing Model: Eigenstrat
Loading Individual: I7269

Loaded 34429 variants
Loaded 2504 individuals
HDF5 loaded from ./Data/1000Genomes/HDF5/1240kHDF5/all1240/chr15.hdf5
3 Eigenstrat Files with 5081 Individuals and 1233013 SNPs

Intersection on Positions: 34429
Nr of Matching Refs: 34429 / 34429
Full Intersection Ref/Alt Identical: 34407 / 34429
2504 / 2504 Individuals included in Reference
Extraction of 5008 Haplotypes complete
Reduced to markers called 21428 / 34407
(Fraction SNP: 0.6227802482053071)
Successfully saved to: ./Empirical/Eigenstrat/Reichall/I7269/chr15/
Successfully loaded Data from: ./Empirical/Eigenstrat/Reichall/I7269/chr15/
Loaded Emission Model: haploid
Loaded Transition Model: model
Loaded Post Processing Model: Standard
Minimum Genetic Map: 0.0000
Maximum Genetic Map: 1.4134
Gaps bigger than 0.1 cM: 169
Maximum Gap: 13.7827 cM
Loaded Transition and Emission Matrix:
(3, 3)
(5009, 21428)
Loaded Observations:
(2, 21428)
Memory Usage: 1201.741824 mB
Reference Number: 5008
Total Log likelihood: -7596.390
Memory Usage: 1201.741824 mB
Finished Calculation State Posteriors
Saved Zero State Posterior to ./Empirical/Eigenstrat/Reichall/I7269/chr15/.
Successfully loaded for PP. from ./Empirical/Eigenstrat/Reichall/I7269/chr15/
Fraction Markers in ROH: 0.4482
Merged n=0 gaps < 0.0 M
Called n=11 ROH Blocks > 1.0 cM
Longest Block: 2.693
Successfully saved to ./Empirical/Eigenstrat/Reichall/I7269/chr15/roh.csv
Using Low-Mem Cython Linear Speed Up.
Loaded Pre Processing Model: Eigenstrat
Loading Individual: I7269

Loaded 34402 variants
Loaded 2504 individuals
HDF5 loaded from ./Data/1000Genomes/HDF5/1240kHDF5/all1240/chr16.hdf5
3 Eigenstrat Files with 5081 Individuals and 1233013 SNPs

Intersection on Positions: 34402
Nr of Matching Refs: 34402 / 34402
Full Intersection Ref/Alt Identical: 34375 / 34402
2504 / 2504 Individuals included in Reference
Extraction of 5008 Haplotypes complete
Reduced to markers called 22854 / 34375
(Fraction SNP: 0.6648436363636364)
Successfully saved to: ./Empirical/Eigenstrat/Reichall/I7269/chr16/
Successfully loaded Data from: ./Empirical/Eigenstrat/Reichall/I7269/chr16/
Loaded Emission Model: haploid
Loaded Transition Model: model
Loaded Post Processing Model: Standard
Minimum Genetic Map: -0.0000
Maximum Genetic Map: 1.3403
Gaps bigger than 0.1 cM: 192
Maximum Gap: 0.8461 cM
Loaded Transition and Emission Matrix:
(3, 3)
(5009, 22854)
Loaded Observations:
(2, 22854)
Memory Usage: 1265.819648 mB
Reference Number: 5008
Total Log likelihood: -8344.042
Memory Usage: 1265.819648 mB
Finished Calculation State Posteriors
Saved Zero State Posterior to ./Empirical/Eigenstrat/Reichall/I7269/chr16/.
Successfully loaded for PP. from ./Empirical/Eigenstrat/Reichall/I7269/chr16/
Fraction Markers in ROH: 0.4215
Merged n=0 gaps < 0.0 M
Called n=11 ROH Blocks > 1.0 cM
Longest Block: 2.238
Successfully saved to ./Empirical/Eigenstrat/Reichall/I7269/chr16/roh.csv
Using Low-Mem Cython Linear Speed Up.
Loaded Pre Processing Model: Eigenstrat
Loading Individual: I7269

Loaded 29314 variants
Loaded 2504 individuals
HDF5 loaded from ./Data/1000Genomes/HDF5/1240kHDF5/all1240/chr17.hdf5
3 Eigenstrat Files with 5081 Individuals and 1233013 SNPs

Intersection on Positions: 29314
Nr of Matching Refs: 29314 / 29314
Full Intersection Ref/Alt Identical: 29292 / 29314
2504 / 2504 Individuals included in Reference
Extraction of 5008 Haplotypes complete
Reduced to markers called 20090 / 29292
(Fraction SNP: 0.6858527925713506)
Successfully saved to: ./Empirical/Eigenstrat/Reichall/I7269/chr17/
Successfully loaded Data from: ./Empirical/Eigenstrat/Reichall/I7269/chr17/
Loaded Emission Model: haploid
Loaded Transition Model: model
Loaded Post Processing Model: Standard
Minimum Genetic Map: -0.0003
Maximum Genetic Map: 1.2847
Gaps bigger than 0.1 cM: 179
Maximum Gap: 1.2341 cM
Loaded Transition and Emission Matrix:
(3, 3)
(5009, 20090)
Loaded Observations:
(2, 20090)
Memory Usage: 1140.707328 mB
Reference Number: 5008
Total Log likelihood: -7496.458
Memory Usage: 1140.707328 mB
Finished Calculation State Posteriors
Saved Zero State Posterior to ./Empirical/Eigenstrat/Reichall/I7269/chr17/.
Successfully loaded for PP. from ./Empirical/Eigenstrat/Reichall/I7269/chr17/
Fraction Markers in ROH: 0.4167
Merged n=0 gaps < 0.0 M
Called n=10 ROH Blocks > 1.0 cM
Longest Block: 2.133
Successfully saved to ./Empirical/Eigenstrat/Reichall/I7269/chr17/roh.csv
Using Low-Mem Cython Linear Speed Up.
Loaded Pre Processing Model: Eigenstrat
Loading Individual: I7269

Loaded 33917 variants
Loaded 2504 individuals
HDF5 loaded from ./Data/1000Genomes/HDF5/1240kHDF5/all1240/chr18.hdf5
3 Eigenstrat Files with 5081 Individuals and 1233013 SNPs

Intersection on Positions: 33917
Nr of Matching Refs: 33917 / 33917
Full Intersection Ref/Alt Identical: 33902 / 33917
2504 / 2504 Individuals included in Reference
Extraction of 5008 Haplotypes complete
Reduced to markers called 19613 / 33902
(Fraction SNP: 0.5785204412719014)
Successfully saved to: ./Empirical/Eigenstrat/Reichall/I7269/chr18/
Successfully loaded Data from: ./Empirical/Eigenstrat/Reichall/I7269/chr18/
Loaded Emission Model: haploid
Loaded Transition Model: model
Loaded Post Processing Model: Standard
Minimum Genetic Map: 0.0025
Maximum Genetic Map: 1.1771
Gaps bigger than 0.1 cM: 189
Maximum Gap: 0.4827 cM
Loaded Transition and Emission Matrix:
(3, 3)
(5009, 19613)
Loaded Observations:
(2, 19613)
Memory Usage: 1119.76448 mB
Reference Number: 5008
Total Log likelihood: -7361.577
Memory Usage: 1119.76448 mB
Finished Calculation State Posteriors
Saved Zero State Posterior to ./Empirical/Eigenstrat/Reichall/I7269/chr18/.
Successfully loaded for PP. from ./Empirical/Eigenstrat/Reichall/I7269/chr18/
Fraction Markers in ROH: 0.3675
Merged n=0 gaps < 0.0 M
Called n=5 ROH Blocks > 1.0 cM
Longest Block: 1.747
Successfully saved to ./Empirical/Eigenstrat/Reichall/I7269/chr18/roh.csv
Using Low-Mem Cython Linear Speed Up.
Loaded Pre Processing Model: Eigenstrat
Loading Individual: I7269

Loaded 18460 variants
Loaded 2504 individuals
HDF5 loaded from ./Data/1000Genomes/HDF5/1240kHDF5/all1240/chr19.hdf5
3 Eigenstrat Files with 5081 Individuals and 1233013 SNPs

Intersection on Positions: 18460
Nr of Matching Refs: 18460 / 18460
Full Intersection Ref/Alt Identical: 18441 / 18460
2504 / 2504 Individuals included in Reference
Extraction of 5008 Haplotypes complete
Reduced to markers called 13360 / 18441
(Fraction SNP: 0.7244726424814273)
Successfully saved to: ./Empirical/Eigenstrat/Reichall/I7269/chr19/
Successfully loaded Data from: ./Empirical/Eigenstrat/Reichall/I7269/chr19/
Loaded Emission Model: haploid
Loaded Transition Model: model
Loaded Post Processing Model: Standard
Minimum Genetic Map: 0.0000
Maximum Genetic Map: 1.0773
Gaps bigger than 0.1 cM: 167
Maximum Gap: 0.5964 cM
Loaded Transition and Emission Matrix:
(3, 3)
(5009, 13360)
Loaded Observations:
(2, 13360)
Memory Usage: 837.476352 mB
Reference Number: 5008
Total Log likelihood: -5159.477
Memory Usage: 837.476352 mB
Finished Calculation State Posteriors
Saved Zero State Posterior to ./Empirical/Eigenstrat/Reichall/I7269/chr19/.
Successfully loaded for PP. from ./Empirical/Eigenstrat/Reichall/I7269/chr19/
Fraction Markers in ROH: 0.3800
Merged n=0 gaps < 0.0 M
Called n=7 ROH Blocks > 1.0 cM
Longest Block: 1.440
Successfully saved to ./Empirical/Eigenstrat/Reichall/I7269/chr19/roh.csv
Using Low-Mem Cython Linear Speed Up.
Loaded Pre Processing Model: Eigenstrat
Loading Individual: I7269

Loaded 29078 variants
Loaded 2504 individuals
HDF5 loaded from ./Data/1000Genomes/HDF5/1240kHDF5/all1240/chr20.hdf5
3 Eigenstrat Files with 5081 Individuals and 1233013 SNPs

Intersection on Positions: 29078
Nr of Matching Refs: 29078 / 29078
Full Intersection Ref/Alt Identical: 29053 / 29078
2504 / 2504 Individuals included in Reference
Extraction of 5008 Haplotypes complete
Reduced to markers called 19444 / 29053
(Fraction SNP: 0.6692596289539806)
Successfully saved to: ./Empirical/Eigenstrat/Reichall/I7269/chr20/
Successfully loaded Data from: ./Empirical/Eigenstrat/Reichall/I7269/chr20/
Loaded Emission Model: haploid
Loaded Transition Model: model
Loaded Post Processing Model: Standard
Minimum Genetic Map: 0.0000
Maximum Genetic Map: 1.0821
Gaps bigger than 0.1 cM: 166
Maximum Gap: 0.4744 cM
Loaded Transition and Emission Matrix:
(3, 3)
(5009, 19444)
Loaded Observations:
(2, 19444)
Memory Usage: 1112.276992 mB
Reference Number: 5008
Total Log likelihood: -6838.057
Memory Usage: 1112.276992 mB
Finished Calculation State Posteriors
Saved Zero State Posterior to ./Empirical/Eigenstrat/Reichall/I7269/chr20/.
Successfully loaded for PP. from ./Empirical/Eigenstrat/Reichall/I7269/chr20/
Fraction Markers in ROH: 0.4435
Merged n=0 gaps < 0.0 M
Called n=6 ROH Blocks > 1.0 cM
Longest Block: 1.353
Successfully saved to ./Empirical/Eigenstrat/Reichall/I7269/chr20/roh.csv
Using Low-Mem Cython Linear Speed Up.
Loaded Pre Processing Model: Eigenstrat
Loading Individual: I7269

Loaded 16038 variants
Loaded 2504 individuals
HDF5 loaded from ./Data/1000Genomes/HDF5/1240kHDF5/all1240/chr21.hdf5
3 Eigenstrat Files with 5081 Individuals and 1233013 SNPs

Intersection on Positions: 16038
Nr of Matching Refs: 16038 / 16038
Full Intersection Ref/Alt Identical: 16031 / 16038
2504 / 2504 Individuals included in Reference
Extraction of 5008 Haplotypes complete
Reduced to markers called 9384 / 16031
(Fraction SNP: 0.5853658536585366)
Successfully saved to: ./Empirical/Eigenstrat/Reichall/I7269/chr21/
Successfully loaded Data from: ./Empirical/Eigenstrat/Reichall/I7269/chr21/
Loaded Emission Model: haploid
Loaded Transition Model: model
Loaded Post Processing Model: Standard
Minimum Genetic Map: -0.0085
Maximum Genetic Map: 0.6279
Gaps bigger than 0.1 cM: 114
Maximum Gap: 1.7201 cM
Loaded Transition and Emission Matrix:
(3, 3)
(5009, 9384)
Loaded Observations:
(2, 9384)
Memory Usage: 658.546688 mB
Reference Number: 5008
Total Log likelihood: -3666.818
Memory Usage: 658.546688 mB
Finished Calculation State Posteriors
Saved Zero State Posterior to ./Empirical/Eigenstrat/Reichall/I7269/chr21/.
Successfully loaded for PP. from ./Empirical/Eigenstrat/Reichall/I7269/chr21/
Fraction Markers in ROH: 0.3697
Merged n=0 gaps < 0.0 M
Called n=3 ROH Blocks > 1.0 cM
Longest Block: 1.365
Successfully saved to ./Empirical/Eigenstrat/Reichall/I7269/chr21/roh.csv
Using Low-Mem Cython Linear Speed Up.
Loaded Pre Processing Model: Eigenstrat
Loading Individual: I7269

Loaded 15802 variants
Loaded 2504 individuals
HDF5 loaded from ./Data/1000Genomes/HDF5/1240kHDF5/all1240/chr22.hdf5
3 Eigenstrat Files with 5081 Individuals and 1233013 SNPs

Intersection on Positions: 15802
Nr of Matching Refs: 15802 / 15802
Full Intersection Ref/Alt Identical: 15793 / 15802
2504 / 2504 Individuals included in Reference
Extraction of 5008 Haplotypes complete
Reduced to markers called 11716 / 15793
(Fraction SNP: 0.7418476540239346)
Successfully saved to: ./Empirical/Eigenstrat/Reichall/I7269/chr22/
Successfully loaded Data from: ./Empirical/Eigenstrat/Reichall/I7269/chr22/
Loaded Emission Model: haploid
Loaded Transition Model: model
Loaded Post Processing Model: Standard
Minimum Genetic Map: 0.0180
Maximum Genetic Map: 0.7408
Gaps bigger than 0.1 cM: 100
Maximum Gap: 1.6949 cM
Loaded Transition and Emission Matrix:
(3, 3)
(5009, 11716)
Loaded Observations:
(2, 11716)
Memory Usage: 764.243968 mB
Reference Number: 5008
Total Log likelihood: -4761.632
Memory Usage: 764.243968 mB
Finished Calculation State Posteriors
Saved Zero State Posterior to ./Empirical/Eigenstrat/Reichall/I7269/chr22/.
Successfully loaded for PP. from ./Empirical/Eigenstrat/Reichall/I7269/chr22/
Fraction Markers in ROH: 0.3089
Merged n=0 gaps < 0.0 M
Called n=3 ROH Blocks > 1.0 cM
Longest Block: 1.665
Successfully saved to ./Empirical/Eigenstrat/Reichall/I7269/chr22/roh.csv
