Loaded 2106 / 5081 ancient Indivdiuals Anno File.
Doing Individual I1390...
Using Low-Mem Cython Linear Speed Up.
Loaded Pre Processing Model: Eigenstrat
Loading Individual: I1390

Loaded 89147 variants
Loaded 2504 individuals
HDF5 loaded from ./Data/1000Genomes/HDF5/1240kHDF5/all1240/chr1.hdf5
3 Eigenstrat Files with 5081 Individuals and 1233013 SNPs

Intersection on Positions: 89147
Nr of Matching Refs: 89147 / 89147
Full Intersection Ref/Alt Identical: 89082 / 89147
2504 / 2504 Individuals included in Reference
Extraction of 5008 Haplotypes complete
Reduced to markers called 35317 / 89082
(Fraction SNP: 0.39645495161761074)
Successfully saved to: ./Empirical/Eigenstrat/Reichall/I1390/chr1/
Successfully loaded Data from: ./Empirical/Eigenstrat/Reichall/I1390/chr1/
Loaded Emission Model: haploid
Loaded Transition Model: model
Loaded Post Processing Model: Standard
Minimum Genetic Map: 0.0201
Maximum Genetic Map: 2.8627
Gaps bigger than 0.1 cM: 474
Maximum Gap: 3.3404 cM
Loaded Transition and Emission Matrix:
(3, 3)
(5009, 35317)
Loaded Observations:
(2, 35317)
Memory Usage: 1786.810368 mB
Reference Number: 5008
Total Log likelihood: -13209.344
Memory Usage: 1787.273216 mB
Finished Calculation State Posteriors
Saved Zero State Posterior to ./Empirical/Eigenstrat/Reichall/I1390/chr1/.
Successfully loaded for PP. from ./Empirical/Eigenstrat/Reichall/I1390/chr1/
Fraction Markers in ROH: 0.3833
Merged n=0 gaps < 0.0 M
Called n=11 ROH Blocks > 1.0 cM
Longest Block: 1.888
Successfully saved to ./Empirical/Eigenstrat/Reichall/I1390/chr1/roh.csv
Using Low-Mem Cython Linear Speed Up.
Loaded Pre Processing Model: Eigenstrat
Loading Individual: I1390

Loaded 94239 variants
Loaded 2504 individuals
HDF5 loaded from ./Data/1000Genomes/HDF5/1240kHDF5/all1240/chr2.hdf5
3 Eigenstrat Files with 5081 Individuals and 1233013 SNPs

Intersection on Positions: 94239
Nr of Matching Refs: 94239 / 94239
Full Intersection Ref/Alt Identical: 94173 / 94239
2504 / 2504 Individuals included in Reference
Extraction of 5008 Haplotypes complete
Reduced to markers called 35118 / 94173
(Fraction SNP: 0.37290943263992865)
Successfully saved to: ./Empirical/Eigenstrat/Reichall/I1390/chr2/
Successfully loaded Data from: ./Empirical/Eigenstrat/Reichall/I1390/chr2/
Loaded Emission Model: haploid
Loaded Transition Model: model
Loaded Post Processing Model: Standard
Minimum Genetic Map: 0.0002
Maximum Genetic Map: 2.6883
Gaps bigger than 0.1 cM: 443
Maximum Gap: 2.1111 cM
Loaded Transition and Emission Matrix:
(3, 3)
(5009, 35118)
Loaded Observations:
(2, 35118)
Memory Usage: 1816.973312 mB
Reference Number: 5008
Total Log likelihood: -13156.611
Memory Usage: 1816.973312 mB
Finished Calculation State Posteriors
Saved Zero State Posterior to ./Empirical/Eigenstrat/Reichall/I1390/chr2/.
Successfully loaded for PP. from ./Empirical/Eigenstrat/Reichall/I1390/chr2/
Fraction Markers in ROH: 0.4009
Merged n=0 gaps < 0.0 M
Called n=13 ROH Blocks > 1.0 cM
Longest Block: 1.841
Successfully saved to ./Empirical/Eigenstrat/Reichall/I1390/chr2/roh.csv
Using Low-Mem Cython Linear Speed Up.
Loaded Pre Processing Model: Eigenstrat
Loading Individual: I1390

Loaded 77652 variants
Loaded 2504 individuals
HDF5 loaded from ./Data/1000Genomes/HDF5/1240kHDF5/all1240/chr3.hdf5
3 Eigenstrat Files with 5081 Individuals and 1233013 SNPs

Intersection on Positions: 77652
Nr of Matching Refs: 77652 / 77652
Full Intersection Ref/Alt Identical: 77601 / 77652
2504 / 2504 Individuals included in Reference
Extraction of 5008 Haplotypes complete
Reduced to markers called 28107 / 77601
(Fraction SNP: 0.3621989407352998)
Successfully saved to: ./Empirical/Eigenstrat/Reichall/I1390/chr3/
Successfully loaded Data from: ./Empirical/Eigenstrat/Reichall/I1390/chr3/
Loaded Emission Model: haploid
Loaded Transition Model: model
Loaded Post Processing Model: Standard
Minimum Genetic Map: 0.0001
Maximum Genetic Map: 2.2326
Gaps bigger than 0.1 cM: 396
Maximum Gap: 0.4415 cM
Loaded Transition and Emission Matrix:
(3, 3)
(5009, 28107)
Loaded Observations:
(2, 28107)
Memory Usage: 1501.769728 mB
Reference Number: 5008
Total Log likelihood: -10480.607
Memory Usage: 1501.769728 mB
Finished Calculation State Posteriors
Saved Zero State Posterior to ./Empirical/Eigenstrat/Reichall/I1390/chr3/.
Successfully loaded for PP. from ./Empirical/Eigenstrat/Reichall/I1390/chr3/
Fraction Markers in ROH: 0.4018
Merged n=0 gaps < 0.0 M
Called n=18 ROH Blocks > 1.0 cM
Longest Block: 2.669
Successfully saved to ./Empirical/Eigenstrat/Reichall/I1390/chr3/roh.csv
Using Low-Mem Cython Linear Speed Up.
Loaded Pre Processing Model: Eigenstrat
Loading Individual: I1390

Loaded 68759 variants
Loaded 2504 individuals
HDF5 loaded from ./Data/1000Genomes/HDF5/1240kHDF5/all1240/chr4.hdf5
3 Eigenstrat Files with 5081 Individuals and 1233013 SNPs

Intersection on Positions: 68759
Nr of Matching Refs: 68759 / 68759
Full Intersection Ref/Alt Identical: 68720 / 68759
2504 / 2504 Individuals included in Reference
Extraction of 5008 Haplotypes complete
Reduced to markers called 22641 / 68720
(Fraction SNP: 0.3294674039580908)
Successfully saved to: ./Empirical/Eigenstrat/Reichall/I1390/chr4/
Successfully loaded Data from: ./Empirical/Eigenstrat/Reichall/I1390/chr4/
Loaded Emission Model: haploid
Loaded Transition Model: model
Loaded Post Processing Model: Standard
Minimum Genetic Map: 0.0034
Maximum Genetic Map: 2.1454
Gaps bigger than 0.1 cM: 408
Maximum Gap: 2.0495 cM
Loaded Transition and Emission Matrix:
(3, 3)
(5009, 22641)
Loaded Observations:
(2, 22641)
Memory Usage: 1254.989824 mB
Reference Number: 5008
Total Log likelihood: -8809.237
Memory Usage: 1254.989824 mB
Finished Calculation State Posteriors
Saved Zero State Posterior to ./Empirical/Eigenstrat/Reichall/I1390/chr4/.
Successfully loaded for PP. from ./Empirical/Eigenstrat/Reichall/I1390/chr4/
Fraction Markers in ROH: 0.3645
Merged n=0 gaps < 0.0 M
Called n=14 ROH Blocks > 1.0 cM
Longest Block: 3.687
Successfully saved to ./Empirical/Eigenstrat/Reichall/I1390/chr4/roh.csv
Using Low-Mem Cython Linear Speed Up.
Loaded Pre Processing Model: Eigenstrat
Loading Individual: I1390

Loaded 69399 variants
Loaded 2504 individuals
HDF5 loaded from ./Data/1000Genomes/HDF5/1240kHDF5/all1240/chr5.hdf5
3 Eigenstrat Files with 5081 Individuals and 1233013 SNPs

Intersection on Positions: 69399
Nr of Matching Refs: 69399 / 69399
Full Intersection Ref/Alt Identical: 69354 / 69399
2504 / 2504 Individuals included in Reference
Extraction of 5008 Haplotypes complete
Reduced to markers called 25756 / 69354
(Fraction SNP: 0.37137007238227066)
Successfully saved to: ./Empirical/Eigenstrat/Reichall/I1390/chr5/
Successfully loaded Data from: ./Empirical/Eigenstrat/Reichall/I1390/chr5/
Loaded Emission Model: haploid
Loaded Transition Model: model
Loaded Post Processing Model: Standard
Minimum Genetic Map: 0.0004
Maximum Genetic Map: 2.0409
Gaps bigger than 0.1 cM: 364
Maximum Gap: 1.1070 cM
Loaded Transition and Emission Matrix:
(3, 3)
(5009, 25756)
Loaded Observations:
(2, 25756)
Memory Usage: 1395.851264 mB
Reference Number: 5008
Total Log likelihood: -9485.885
Memory Usage: 1395.851264 mB
Finished Calculation State Posteriors
Saved Zero State Posterior to ./Empirical/Eigenstrat/Reichall/I1390/chr5/.
Successfully loaded for PP. from ./Empirical/Eigenstrat/Reichall/I1390/chr5/
Fraction Markers in ROH: 0.3966
Merged n=0 gaps < 0.0 M
Called n=14 ROH Blocks > 1.0 cM
Longest Block: 7.623
Successfully saved to ./Empirical/Eigenstrat/Reichall/I1390/chr5/roh.csv
Using Low-Mem Cython Linear Speed Up.
Loaded Pre Processing Model: Eigenstrat
Loading Individual: I1390

Loaded 75870 variants
Loaded 2504 individuals
HDF5 loaded from ./Data/1000Genomes/HDF5/1240kHDF5/all1240/chr6.hdf5
3 Eigenstrat Files with 5081 Individuals and 1233013 SNPs

Intersection on Positions: 75870
Nr of Matching Refs: 75870 / 75870
Full Intersection Ref/Alt Identical: 75816 / 75870
2504 / 2504 Individuals included in Reference
Extraction of 5008 Haplotypes complete
Reduced to markers called 27845 / 75816
(Fraction SNP: 0.3672707607892793)
Successfully saved to: ./Empirical/Eigenstrat/Reichall/I1390/chr6/
Successfully loaded Data from: ./Empirical/Eigenstrat/Reichall/I1390/chr6/
Loaded Emission Model: haploid
Loaded Transition Model: model
Loaded Post Processing Model: Standard
Minimum Genetic Map: 0.0035
Maximum Genetic Map: 1.9203
Gaps bigger than 0.1 cM: 318
Maximum Gap: 0.5132 cM
Loaded Transition and Emission Matrix:
(3, 3)
(5009, 27845)
Loaded Observations:
(2, 27845)
Memory Usage: 1489.915904 mB
Reference Number: 5008
Total Log likelihood: -10371.112
Memory Usage: 1489.915904 mB
Finished Calculation State Posteriors
Saved Zero State Posterior to ./Empirical/Eigenstrat/Reichall/I1390/chr6/.
Successfully loaded for PP. from ./Empirical/Eigenstrat/Reichall/I1390/chr6/
Fraction Markers in ROH: 0.3652
Merged n=0 gaps < 0.0 M
Called n=7 ROH Blocks > 1.0 cM
Longest Block: 1.980
Successfully saved to ./Empirical/Eigenstrat/Reichall/I1390/chr6/roh.csv
Using Low-Mem Cython Linear Speed Up.
Loaded Pre Processing Model: Eigenstrat
Loading Individual: I1390

Loaded 59890 variants
Loaded 2504 individuals
HDF5 loaded from ./Data/1000Genomes/HDF5/1240kHDF5/all1240/chr7.hdf5
3 Eigenstrat Files with 5081 Individuals and 1233013 SNPs

Intersection on Positions: 59890
Nr of Matching Refs: 59890 / 59890
Full Intersection Ref/Alt Identical: 59836 / 59890
2504 / 2504 Individuals included in Reference
Extraction of 5008 Haplotypes complete
Reduced to markers called 22171 / 59836
(Fraction SNP: 0.3705294471555585)
Successfully saved to: ./Empirical/Eigenstrat/Reichall/I1390/chr7/
Successfully loaded Data from: ./Empirical/Eigenstrat/Reichall/I1390/chr7/
Loaded Emission Model: haploid
Loaded Transition Model: model
Loaded Post Processing Model: Standard
Minimum Genetic Map: 0.0000
Maximum Genetic Map: 1.8715
Gaps bigger than 0.1 cM: 342
Maximum Gap: 0.8484 cM
Loaded Transition and Emission Matrix:
(3, 3)
(5009, 22171)
Loaded Observations:
(2, 22171)
Memory Usage: 1234.665472 mB
Reference Number: 5008
Total Log likelihood: -8127.581
Memory Usage: 1234.665472 mB
Finished Calculation State Posteriors
Saved Zero State Posterior to ./Empirical/Eigenstrat/Reichall/I1390/chr7/.
Successfully loaded for PP. from ./Empirical/Eigenstrat/Reichall/I1390/chr7/
Fraction Markers in ROH: 0.4373
Merged n=0 gaps < 0.0 M
Called n=13 ROH Blocks > 1.0 cM
Longest Block: 3.188
Successfully saved to ./Empirical/Eigenstrat/Reichall/I1390/chr7/roh.csv
Using Low-Mem Cython Linear Speed Up.
Loaded Pre Processing Model: Eigenstrat
Loading Individual: I1390

Loaded 61133 variants
Loaded 2504 individuals
HDF5 loaded from ./Data/1000Genomes/HDF5/1240kHDF5/all1240/chr8.hdf5
3 Eigenstrat Files with 5081 Individuals and 1233013 SNPs

Intersection on Positions: 61133
Nr of Matching Refs: 61133 / 61133
Full Intersection Ref/Alt Identical: 61091 / 61133
2504 / 2504 Individuals included in Reference
Extraction of 5008 Haplotypes complete
Reduced to markers called 22997 / 61091
(Fraction SNP: 0.37643842791900606)
Successfully saved to: ./Empirical/Eigenstrat/Reichall/I1390/chr8/
Successfully loaded Data from: ./Empirical/Eigenstrat/Reichall/I1390/chr8/
Loaded Emission Model: haploid
Loaded Transition Model: model
Loaded Post Processing Model: Standard
Minimum Genetic Map: 0.0000
Maximum Genetic Map: 1.6800
Gaps bigger than 0.1 cM: 272
Maximum Gap: 1.9070 cM
Loaded Transition and Emission Matrix:
(3, 3)
(5009, 22997)
Loaded Observations:
(2, 22997)
Memory Usage: 1271.914496 mB
Reference Number: 5008
Total Log likelihood: -8658.528
Memory Usage: 1271.914496 mB
Finished Calculation State Posteriors
Saved Zero State Posterior to ./Empirical/Eigenstrat/Reichall/I1390/chr8/.
Successfully loaded for PP. from ./Empirical/Eigenstrat/Reichall/I1390/chr8/
Fraction Markers in ROH: 0.3938
Merged n=0 gaps < 0.0 M
Called n=6 ROH Blocks > 1.0 cM
Longest Block: 1.881
Successfully saved to ./Empirical/Eigenstrat/Reichall/I1390/chr8/roh.csv
Using Low-Mem Cython Linear Speed Up.
Loaded Pre Processing Model: Eigenstrat
Loading Individual: I1390

Loaded 50668 variants
Loaded 2504 individuals
HDF5 loaded from ./Data/1000Genomes/HDF5/1240kHDF5/all1240/chr9.hdf5
3 Eigenstrat Files with 5081 Individuals and 1233013 SNPs

Intersection on Positions: 50668
Nr of Matching Refs: 50668 / 50668
Full Intersection Ref/Alt Identical: 50629 / 50668
2504 / 2504 Individuals included in Reference
Extraction of 5008 Haplotypes complete
Reduced to markers called 19525 / 50629
(Fraction SNP: 0.3856485413498193)
Successfully saved to: ./Empirical/Eigenstrat/Reichall/I1390/chr9/
Successfully loaded Data from: ./Empirical/Eigenstrat/Reichall/I1390/chr9/
Loaded Emission Model: haploid
Loaded Transition Model: model
Loaded Post Processing Model: Standard
Minimum Genetic Map: 0.0016
Maximum Genetic Map: 1.6630
Gaps bigger than 0.1 cM: 314
Maximum Gap: 2.3102 cM
Loaded Transition and Emission Matrix:
(3, 3)
(5009, 19525)
Loaded Observations:
(2, 19525)
Memory Usage: 1115.758592 mB
Reference Number: 5008
Total Log likelihood: -7386.822
Memory Usage: 1115.758592 mB
Finished Calculation State Posteriors
Saved Zero State Posterior to ./Empirical/Eigenstrat/Reichall/I1390/chr9/.
Successfully loaded for PP. from ./Empirical/Eigenstrat/Reichall/I1390/chr9/
Fraction Markers in ROH: 0.4202
Merged n=0 gaps < 0.0 M
Called n=13 ROH Blocks > 1.0 cM
Longest Block: 4.083
Successfully saved to ./Empirical/Eigenstrat/Reichall/I1390/chr9/roh.csv
Using Low-Mem Cython Linear Speed Up.
Loaded Pre Processing Model: Eigenstrat
Loading Individual: I1390

Loaded 58804 variants
Loaded 2504 individuals
HDF5 loaded from ./Data/1000Genomes/HDF5/1240kHDF5/all1240/chr10.hdf5
3 Eigenstrat Files with 5081 Individuals and 1233013 SNPs

Intersection on Positions: 58804
Nr of Matching Refs: 58804 / 58804
Full Intersection Ref/Alt Identical: 58763 / 58804
2504 / 2504 Individuals included in Reference
Extraction of 5008 Haplotypes complete
Reduced to markers called 23413 / 58763
(Fraction SNP: 0.3984309854840631)
Successfully saved to: ./Empirical/Eigenstrat/Reichall/I1390/chr10/
Successfully loaded Data from: ./Empirical/Eigenstrat/Reichall/I1390/chr10/
Loaded Emission Model: haploid
Loaded Transition Model: model
Loaded Post Processing Model: Standard
Minimum Genetic Map: 0.0001
Maximum Genetic Map: 1.8091
Gaps bigger than 0.1 cM: 308
Maximum Gap: 2.0340 cM
Loaded Transition and Emission Matrix:
(3, 3)
(5009, 23413)
Loaded Observations:
(2, 23413)
Memory Usage: 1291.309056 mB
Reference Number: 5008
Total Log likelihood: -8678.434
Memory Usage: 1291.309056 mB
Finished Calculation State Posteriors
Saved Zero State Posterior to ./Empirical/Eigenstrat/Reichall/I1390/chr10/.
Successfully loaded for PP. from ./Empirical/Eigenstrat/Reichall/I1390/chr10/
Fraction Markers in ROH: 0.3886
Merged n=0 gaps < 0.0 M
Called n=11 ROH Blocks > 1.0 cM
Longest Block: 6.183
Successfully saved to ./Empirical/Eigenstrat/Reichall/I1390/chr10/roh.csv
Using Low-Mem Cython Linear Speed Up.
Loaded Pre Processing Model: Eigenstrat
Loading Individual: I1390

Loaded 54833 variants
Loaded 2504 individuals
HDF5 loaded from ./Data/1000Genomes/HDF5/1240kHDF5/all1240/chr11.hdf5
3 Eigenstrat Files with 5081 Individuals and 1233013 SNPs

Intersection on Positions: 54833
Nr of Matching Refs: 54833 / 54833
Full Intersection Ref/Alt Identical: 54796 / 54833
2504 / 2504 Individuals included in Reference
Extraction of 5008 Haplotypes complete
Reduced to markers called 21531 / 54796
(Fraction SNP: 0.3929301408861961)
Successfully saved to: ./Empirical/Eigenstrat/Reichall/I1390/chr11/
Successfully loaded Data from: ./Empirical/Eigenstrat/Reichall/I1390/chr11/
Loaded Emission Model: haploid
Loaded Transition Model: model
Loaded Post Processing Model: Standard
Minimum Genetic Map: 0.0000
Maximum Genetic Map: 1.5822
Gaps bigger than 0.1 cM: 283
Maximum Gap: 0.5373 cM
Loaded Transition and Emission Matrix:
(3, 3)
(5009, 21531)
Loaded Observations:
(2, 21531)
Memory Usage: 1206.53824 mB
Reference Number: 5008
Total Log likelihood: -7856.749
Memory Usage: 1206.53824 mB
Finished Calculation State Posteriors
Saved Zero State Posterior to ./Empirical/Eigenstrat/Reichall/I1390/chr11/.
Successfully loaded for PP. from ./Empirical/Eigenstrat/Reichall/I1390/chr11/
Fraction Markers in ROH: 0.4239
Merged n=0 gaps < 0.0 M
Called n=9 ROH Blocks > 1.0 cM
Longest Block: 2.168
Successfully saved to ./Empirical/Eigenstrat/Reichall/I1390/chr11/roh.csv
Using Low-Mem Cython Linear Speed Up.
Loaded Pre Processing Model: Eigenstrat
Loading Individual: I1390

Loaded 53911 variants
Loaded 2504 individuals
HDF5 loaded from ./Data/1000Genomes/HDF5/1240kHDF5/all1240/chr12.hdf5
3 Eigenstrat Files with 5081 Individuals and 1233013 SNPs

Intersection on Positions: 53911
Nr of Matching Refs: 53911 / 53911
Full Intersection Ref/Alt Identical: 53884 / 53911
2504 / 2504 Individuals included in Reference
Extraction of 5008 Haplotypes complete
Reduced to markers called 20339 / 53884
(Fraction SNP: 0.37745898596986116)
Successfully saved to: ./Empirical/Eigenstrat/Reichall/I1390/chr12/
Successfully loaded Data from: ./Empirical/Eigenstrat/Reichall/I1390/chr12/
Loaded Emission Model: haploid
Loaded Transition Model: model
Loaded Post Processing Model: Standard
Minimum Genetic Map: 0.0017
Maximum Genetic Map: 1.7468
Gaps bigger than 0.1 cM: 317
Maximum Gap: 1.1525 cM
Loaded Transition and Emission Matrix:
(3, 3)
(5009, 20339)
Loaded Observations:
(2, 20339)
Memory Usage: 1151.807488 mB
Reference Number: 5008
Total Log likelihood: -7753.701
Memory Usage: 1151.807488 mB
Finished Calculation State Posteriors
Saved Zero State Posterior to ./Empirical/Eigenstrat/Reichall/I1390/chr12/.
Successfully loaded for PP. from ./Empirical/Eigenstrat/Reichall/I1390/chr12/
Fraction Markers in ROH: 0.3840
Merged n=0 gaps < 0.0 M
Called n=10 ROH Blocks > 1.0 cM
Longest Block: 2.275
Successfully saved to ./Empirical/Eigenstrat/Reichall/I1390/chr12/roh.csv
Using Low-Mem Cython Linear Speed Up.
Loaded Pre Processing Model: Eigenstrat
Loading Individual: I1390

Loaded 39018 variants
Loaded 2504 individuals
HDF5 loaded from ./Data/1000Genomes/HDF5/1240kHDF5/all1240/chr13.hdf5
3 Eigenstrat Files with 5081 Individuals and 1233013 SNPs

Intersection on Positions: 39018
Nr of Matching Refs: 39018 / 39018
Full Intersection Ref/Alt Identical: 38994 / 39018
2504 / 2504 Individuals included in Reference
Extraction of 5008 Haplotypes complete
Reduced to markers called 13433 / 38994
(Fraction SNP: 0.3444888957275478)
Successfully saved to: ./Empirical/Eigenstrat/Reichall/I1390/chr13/
Successfully loaded Data from: ./Empirical/Eigenstrat/Reichall/I1390/chr13/
Loaded Emission Model: haploid
Loaded Transition Model: model
Loaded Post Processing Model: Standard
Minimum Genetic Map: 0.0019
Maximum Genetic Map: 1.2570
Gaps bigger than 0.1 cM: 250
Maximum Gap: 1.2234 cM
Loaded Transition and Emission Matrix:
(3, 3)
(5009, 13433)
Loaded Observations:
(2, 13433)
Memory Usage: 840.884224 mB
Reference Number: 5008
Total Log likelihood: -5045.413
Memory Usage: 840.884224 mB
Finished Calculation State Posteriors
Saved Zero State Posterior to ./Empirical/Eigenstrat/Reichall/I1390/chr13/.
Successfully loaded for PP. from ./Empirical/Eigenstrat/Reichall/I1390/chr13/
Fraction Markers in ROH: 0.3931
Merged n=0 gaps < 0.0 M
Called n=13 ROH Blocks > 1.0 cM
Longest Block: 2.154
Successfully saved to ./Empirical/Eigenstrat/Reichall/I1390/chr13/roh.csv
Using Low-Mem Cython Linear Speed Up.
Loaded Pre Processing Model: Eigenstrat
Loading Individual: I1390

Loaded 36301 variants
Loaded 2504 individuals
HDF5 loaded from ./Data/1000Genomes/HDF5/1240kHDF5/all1240/chr14.hdf5
3 Eigenstrat Files with 5081 Individuals and 1233013 SNPs

Intersection on Positions: 36301
Nr of Matching Refs: 36301 / 36301
Full Intersection Ref/Alt Identical: 36280 / 36301
2504 / 2504 Individuals included in Reference
Extraction of 5008 Haplotypes complete
Reduced to markers called 13626 / 36280
(Fraction SNP: 0.37557883131201764)
Successfully saved to: ./Empirical/Eigenstrat/Reichall/I1390/chr14/
Successfully loaded Data from: ./Empirical/Eigenstrat/Reichall/I1390/chr14/
Loaded Emission Model: haploid
Loaded Transition Model: model
Loaded Post Processing Model: Standard
Minimum Genetic Map: 0.0184
Maximum Genetic Map: 1.2020
Gaps bigger than 0.1 cM: 221
Maximum Gap: 3.3226 cM
Loaded Transition and Emission Matrix:
(3, 3)
(5009, 13626)
Loaded Observations:
(2, 13626)
Memory Usage: 850.214912 mB
Reference Number: 5008
Total Log likelihood: -5243.844
Memory Usage: 850.214912 mB
Finished Calculation State Posteriors
Saved Zero State Posterior to ./Empirical/Eigenstrat/Reichall/I1390/chr14/.
Successfully loaded for PP. from ./Empirical/Eigenstrat/Reichall/I1390/chr14/
Fraction Markers in ROH: 0.3762
Merged n=0 gaps < 0.0 M
Called n=6 ROH Blocks > 1.0 cM
Longest Block: 2.431
Successfully saved to ./Empirical/Eigenstrat/Reichall/I1390/chr14/roh.csv
Using Low-Mem Cython Linear Speed Up.
Loaded Pre Processing Model: Eigenstrat
Loading Individual: I1390

Loaded 34429 variants
Loaded 2504 individuals
HDF5 loaded from ./Data/1000Genomes/HDF5/1240kHDF5/all1240/chr15.hdf5
3 Eigenstrat Files with 5081 Individuals and 1233013 SNPs

Intersection on Positions: 34429
Nr of Matching Refs: 34429 / 34429
Full Intersection Ref/Alt Identical: 34407 / 34429
2504 / 2504 Individuals included in Reference
Extraction of 5008 Haplotypes complete
Reduced to markers called 13878 / 34407
(Fraction SNP: 0.40334815589850903)
Successfully saved to: ./Empirical/Eigenstrat/Reichall/I1390/chr15/
Successfully loaded Data from: ./Empirical/Eigenstrat/Reichall/I1390/chr15/
Loaded Emission Model: haploid
Loaded Transition Model: model
Loaded Post Processing Model: Standard
Minimum Genetic Map: 0.1391
Maximum Genetic Map: 1.4134
Gaps bigger than 0.1 cM: 221
Maximum Gap: 4.1520 cM
Loaded Transition and Emission Matrix:
(3, 3)
(5009, 13878)
Loaded Observations:
(2, 13878)
Memory Usage: 861.376512 mB
Reference Number: 5008
Total Log likelihood: -5496.054
Memory Usage: 861.376512 mB
Finished Calculation State Posteriors
Saved Zero State Posterior to ./Empirical/Eigenstrat/Reichall/I1390/chr15/.
Successfully loaded for PP. from ./Empirical/Eigenstrat/Reichall/I1390/chr15/
Fraction Markers in ROH: 0.3800
Merged n=0 gaps < 0.0 M
Called n=5 ROH Blocks > 1.0 cM
Longest Block: 1.994
Successfully saved to ./Empirical/Eigenstrat/Reichall/I1390/chr15/roh.csv
Using Low-Mem Cython Linear Speed Up.
Loaded Pre Processing Model: Eigenstrat
Loading Individual: I1390

Loaded 34402 variants
Loaded 2504 individuals
HDF5 loaded from ./Data/1000Genomes/HDF5/1240kHDF5/all1240/chr16.hdf5
3 Eigenstrat Files with 5081 Individuals and 1233013 SNPs

Intersection on Positions: 34402
Nr of Matching Refs: 34402 / 34402
Full Intersection Ref/Alt Identical: 34375 / 34402
2504 / 2504 Individuals included in Reference
Extraction of 5008 Haplotypes complete
Reduced to markers called 14914 / 34375
(Fraction SNP: 0.4338618181818182)
Successfully saved to: ./Empirical/Eigenstrat/Reichall/I1390/chr16/
Successfully loaded Data from: ./Empirical/Eigenstrat/Reichall/I1390/chr16/
Loaded Emission Model: haploid
Loaded Transition Model: model
Loaded Post Processing Model: Standard
Minimum Genetic Map: -0.0000
Maximum Genetic Map: 1.3403
Gaps bigger than 0.1 cM: 247
Maximum Gap: 0.8461 cM
Loaded Transition and Emission Matrix:
(3, 3)
(5009, 14914)
Loaded Observations:
(2, 14914)
Memory Usage: 908.3904 mB
Reference Number: 5008
Total Log likelihood: -5677.351
Memory Usage: 908.3904 mB
Finished Calculation State Posteriors
Saved Zero State Posterior to ./Empirical/Eigenstrat/Reichall/I1390/chr16/.
Successfully loaded for PP. from ./Empirical/Eigenstrat/Reichall/I1390/chr16/
Fraction Markers in ROH: 0.3989
Merged n=0 gaps < 0.0 M
Called n=5 ROH Blocks > 1.0 cM
Longest Block: 1.742
Successfully saved to ./Empirical/Eigenstrat/Reichall/I1390/chr16/roh.csv
Using Low-Mem Cython Linear Speed Up.
Loaded Pre Processing Model: Eigenstrat
Loading Individual: I1390

Loaded 29314 variants
Loaded 2504 individuals
HDF5 loaded from ./Data/1000Genomes/HDF5/1240kHDF5/all1240/chr17.hdf5
3 Eigenstrat Files with 5081 Individuals and 1233013 SNPs

Intersection on Positions: 29314
Nr of Matching Refs: 29314 / 29314
Full Intersection Ref/Alt Identical: 29292 / 29314
2504 / 2504 Individuals included in Reference
Extraction of 5008 Haplotypes complete
Reduced to markers called 13375 / 29292
(Fraction SNP: 0.456609313123037)
Successfully saved to: ./Empirical/Eigenstrat/Reichall/I1390/chr17/
Successfully loaded Data from: ./Empirical/Eigenstrat/Reichall/I1390/chr17/
Loaded Emission Model: haploid
Loaded Transition Model: model
Loaded Post Processing Model: Standard
Minimum Genetic Map: -0.0003
Maximum Genetic Map: 1.2847
Gaps bigger than 0.1 cM: 246
Maximum Gap: 1.2341 cM
Loaded Transition and Emission Matrix:
(3, 3)
(5009, 13375)
Loaded Observations:
(2, 13375)
Memory Usage: 839.028736 mB
Reference Number: 5008
Total Log likelihood: -5106.311
Memory Usage: 839.028736 mB
Finished Calculation State Posteriors
Saved Zero State Posterior to ./Empirical/Eigenstrat/Reichall/I1390/chr17/.
Successfully loaded for PP. from ./Empirical/Eigenstrat/Reichall/I1390/chr17/
Fraction Markers in ROH: 0.4096
Merged n=0 gaps < 0.0 M
Called n=8 ROH Blocks > 1.0 cM
Longest Block: 2.724
Successfully saved to ./Empirical/Eigenstrat/Reichall/I1390/chr17/roh.csv
Using Low-Mem Cython Linear Speed Up.
Loaded Pre Processing Model: Eigenstrat
Loading Individual: I1390

Loaded 33917 variants
Loaded 2504 individuals
HDF5 loaded from ./Data/1000Genomes/HDF5/1240kHDF5/all1240/chr18.hdf5
3 Eigenstrat Files with 5081 Individuals and 1233013 SNPs

Intersection on Positions: 33917
Nr of Matching Refs: 33917 / 33917
Full Intersection Ref/Alt Identical: 33902 / 33917
2504 / 2504 Individuals included in Reference
Extraction of 5008 Haplotypes complete
Reduced to markers called 12535 / 33902
(Fraction SNP: 0.36974219810040704)
Successfully saved to: ./Empirical/Eigenstrat/Reichall/I1390/chr18/
Successfully loaded Data from: ./Empirical/Eigenstrat/Reichall/I1390/chr18/
Loaded Emission Model: haploid
Loaded Transition Model: model
Loaded Post Processing Model: Standard
Minimum Genetic Map: 0.0025
Maximum Genetic Map: 1.1771
Gaps bigger than 0.1 cM: 241
Maximum Gap: 0.4827 cM
Loaded Transition and Emission Matrix:
(3, 3)
(5009, 12535)
Loaded Observations:
(2, 12535)
Memory Usage: 801.193984 mB
Reference Number: 5008
Total Log likelihood: -4846.078
Memory Usage: 801.193984 mB
Finished Calculation State Posteriors
Saved Zero State Posterior to ./Empirical/Eigenstrat/Reichall/I1390/chr18/.
Successfully loaded for PP. from ./Empirical/Eigenstrat/Reichall/I1390/chr18/
Fraction Markers in ROH: 0.3730
Merged n=0 gaps < 0.0 M
Called n=7 ROH Blocks > 1.0 cM
Longest Block: 2.076
Successfully saved to ./Empirical/Eigenstrat/Reichall/I1390/chr18/roh.csv
Using Low-Mem Cython Linear Speed Up.
Loaded Pre Processing Model: Eigenstrat
Loading Individual: I1390

Loaded 18460 variants
Loaded 2504 individuals
HDF5 loaded from ./Data/1000Genomes/HDF5/1240kHDF5/all1240/chr19.hdf5
3 Eigenstrat Files with 5081 Individuals and 1233013 SNPs

Intersection on Positions: 18460
Nr of Matching Refs: 18460 / 18460
Full Intersection Ref/Alt Identical: 18441 / 18460
2504 / 2504 Individuals included in Reference
Extraction of 5008 Haplotypes complete
Reduced to markers called 8941 / 18441
(Fraction SNP: 0.4848435551217396)
Successfully saved to: ./Empirical/Eigenstrat/Reichall/I1390/chr19/
Successfully loaded Data from: ./Empirical/Eigenstrat/Reichall/I1390/chr19/
Loaded Emission Model: haploid
Loaded Transition Model: model
Loaded Post Processing Model: Standard
Minimum Genetic Map: 0.0000
Maximum Genetic Map: 1.0773
Gaps bigger than 0.1 cM: 223
Maximum Gap: 0.6114 cM
Loaded Transition and Emission Matrix:
(3, 3)
(5009, 8941)
Loaded Observations:
(2, 8941)
Memory Usage: 639.287296 mB
Reference Number: 5008
Total Log likelihood: -3703.409
Memory Usage: 639.287296 mB
Finished Calculation State Posteriors
Saved Zero State Posterior to ./Empirical/Eigenstrat/Reichall/I1390/chr19/.
Successfully loaded for PP. from ./Empirical/Eigenstrat/Reichall/I1390/chr19/
Fraction Markers in ROH: 0.3696
Merged n=0 gaps < 0.0 M
Called n=10 ROH Blocks > 1.0 cM
Longest Block: 2.562
Successfully saved to ./Empirical/Eigenstrat/Reichall/I1390/chr19/roh.csv
Using Low-Mem Cython Linear Speed Up.
Loaded Pre Processing Model: Eigenstrat
Loading Individual: I1390

Loaded 29078 variants
Loaded 2504 individuals
HDF5 loaded from ./Data/1000Genomes/HDF5/1240kHDF5/all1240/chr20.hdf5
3 Eigenstrat Files with 5081 Individuals and 1233013 SNPs

Intersection on Positions: 29078
Nr of Matching Refs: 29078 / 29078
Full Intersection Ref/Alt Identical: 29053 / 29078
2504 / 2504 Individuals included in Reference
Extraction of 5008 Haplotypes complete
Reduced to markers called 12824 / 29053
(Fraction SNP: 0.44140019963514954)
Successfully saved to: ./Empirical/Eigenstrat/Reichall/I1390/chr20/
Successfully loaded Data from: ./Empirical/Eigenstrat/Reichall/I1390/chr20/
Loaded Emission Model: haploid
Loaded Transition Model: model
Loaded Post Processing Model: Standard
Minimum Genetic Map: 0.0000
Maximum Genetic Map: 1.0821
Gaps bigger than 0.1 cM: 214
Maximum Gap: 0.4744 cM
Loaded Transition and Emission Matrix:
(3, 3)
(5009, 12824)
Loaded Observations:
(2, 12824)
Memory Usage: 813.780992 mB
Reference Number: 5008
Total Log likelihood: -4759.844
Memory Usage: 813.73184 mB
Finished Calculation State Posteriors
Saved Zero State Posterior to ./Empirical/Eigenstrat/Reichall/I1390/chr20/.
Successfully loaded for PP. from ./Empirical/Eigenstrat/Reichall/I1390/chr20/
Fraction Markers in ROH: 0.4011
Merged n=0 gaps < 0.0 M
Called n=7 ROH Blocks > 1.0 cM
Longest Block: 1.563
Successfully saved to ./Empirical/Eigenstrat/Reichall/I1390/chr20/roh.csv
Using Low-Mem Cython Linear Speed Up.
Loaded Pre Processing Model: Eigenstrat
Loading Individual: I1390

Loaded 16038 variants
Loaded 2504 individuals
HDF5 loaded from ./Data/1000Genomes/HDF5/1240kHDF5/all1240/chr21.hdf5
3 Eigenstrat Files with 5081 Individuals and 1233013 SNPs

Intersection on Positions: 16038
Nr of Matching Refs: 16038 / 16038
Full Intersection Ref/Alt Identical: 16031 / 16038
2504 / 2504 Individuals included in Reference
Extraction of 5008 Haplotypes complete
Reduced to markers called 6052 / 16031
(Fraction SNP: 0.37751855779427357)
Successfully saved to: ./Empirical/Eigenstrat/Reichall/I1390/chr21/
Successfully loaded Data from: ./Empirical/Eigenstrat/Reichall/I1390/chr21/
Loaded Emission Model: haploid
Loaded Transition Model: model
Loaded Post Processing Model: Standard
Minimum Genetic Map: 0.0152
Maximum Genetic Map: 0.6277
Gaps bigger than 0.1 cM: 139
Maximum Gap: 0.6893 cM
Loaded Transition and Emission Matrix:
(3, 3)
(5009, 6052)
Loaded Observations:
(2, 6052)
Memory Usage: 509.0304 mB
Reference Number: 5008
Total Log likelihood: -2437.543
Memory Usage: 509.0304 mB
Finished Calculation State Posteriors
Saved Zero State Posterior to ./Empirical/Eigenstrat/Reichall/I1390/chr21/.
Successfully loaded for PP. from ./Empirical/Eigenstrat/Reichall/I1390/chr21/
Fraction Markers in ROH: 0.2634
Merged n=0 gaps < 0.0 M
Called n=2 ROH Blocks > 1.0 cM
Longest Block: 1.291
Successfully saved to ./Empirical/Eigenstrat/Reichall/I1390/chr21/roh.csv
Using Low-Mem Cython Linear Speed Up.
Loaded Pre Processing Model: Eigenstrat
Loading Individual: I1390

Loaded 15802 variants
Loaded 2504 individuals
HDF5 loaded from ./Data/1000Genomes/HDF5/1240kHDF5/all1240/chr22.hdf5
3 Eigenstrat Files with 5081 Individuals and 1233013 SNPs

Intersection on Positions: 15802
Nr of Matching Refs: 15802 / 15802
Full Intersection Ref/Alt Identical: 15793 / 15802
2504 / 2504 Individuals included in Reference
Extraction of 5008 Haplotypes complete
Reduced to markers called 7971 / 15793
(Fraction SNP: 0.5047172798075097)
Successfully saved to: ./Empirical/Eigenstrat/Reichall/I1390/chr22/
Successfully loaded Data from: ./Empirical/Eigenstrat/Reichall/I1390/chr22/
Loaded Emission Model: haploid
Loaded Transition Model: model
Loaded Post Processing Model: Standard
Minimum Genetic Map: 0.0180
Maximum Genetic Map: 0.7408
Gaps bigger than 0.1 cM: 129
Maximum Gap: 1.7129 cM
Loaded Transition and Emission Matrix:
(3, 3)
(5009, 7971)
Loaded Observations:
(2, 7971)
Memory Usage: 595.84512 mB
Reference Number: 5008
Total Log likelihood: -3150.096
Memory Usage: 595.84512 mB
Finished Calculation State Posteriors
Saved Zero State Posterior to ./Empirical/Eigenstrat/Reichall/I1390/chr22/.
Successfully loaded for PP. from ./Empirical/Eigenstrat/Reichall/I1390/chr22/
Fraction Markers in ROH: 0.4141
Merged n=0 gaps < 0.0 M
Called n=6 ROH Blocks > 1.0 cM
Longest Block: 2.871
Successfully saved to ./Empirical/Eigenstrat/Reichall/I1390/chr22/roh.csv
