Loaded 2106 / 5081 ancient Indivdiuals Anno File.
Doing Individual I3499...
Using Low-Mem Cython Linear Speed Up.
Loaded Pre Processing Model: Eigenstrat
Loading Individual: I3499

Loaded 89147 variants
Loaded 2504 individuals
HDF5 loaded from ./Data/1000Genomes/HDF5/1240kHDF5/all1240/chr1.hdf5
3 Eigenstrat Files with 5081 Individuals and 1233013 SNPs

Intersection on Positions: 89147
Nr of Matching Refs: 89147 / 89147
Full Intersection Ref/Alt Identical: 89082 / 89147
2504 / 2504 Individuals included in Reference
Extraction of 5008 Haplotypes complete
Reduced to markers called 33600 / 89082
(Fraction SNP: 0.3771805752003772)
Successfully saved to: ./Empirical/Eigenstrat/Reichall/I3499/chr1/
Successfully loaded Data from: ./Empirical/Eigenstrat/Reichall/I3499/chr1/
Loaded Emission Model: haploid
Loaded Transition Model: model
Loaded Post Processing Model: Standard
Minimum Genetic Map: 0.0201
Maximum Genetic Map: 2.8627
Gaps bigger than 0.1 cM: 482
Maximum Gap: 2.9229 cM
Loaded Transition and Emission Matrix:
(3, 3)
(5009, 33600)
Loaded Observations:
(2, 33600)
Memory Usage: 1709.6704 mB
Reference Number: 5008
Total Log likelihood: -12507.439
Memory Usage: 1710.133248 mB
Finished Calculation State Posteriors
Saved Zero State Posterior to ./Empirical/Eigenstrat/Reichall/I3499/chr1/.
Successfully loaded for PP. from ./Empirical/Eigenstrat/Reichall/I3499/chr1/
Fraction Markers in ROH: 0.3946
Merged n=0 gaps < 0.0 M
Called n=13 ROH Blocks > 1.0 cM
Longest Block: 1.954
Successfully saved to ./Empirical/Eigenstrat/Reichall/I3499/chr1/roh.csv
Using Low-Mem Cython Linear Speed Up.
Loaded Pre Processing Model: Eigenstrat
Loading Individual: I3499

Loaded 94239 variants
Loaded 2504 individuals
HDF5 loaded from ./Data/1000Genomes/HDF5/1240kHDF5/all1240/chr2.hdf5
3 Eigenstrat Files with 5081 Individuals and 1233013 SNPs

Intersection on Positions: 94239
Nr of Matching Refs: 94239 / 94239
Full Intersection Ref/Alt Identical: 94173 / 94239
2504 / 2504 Individuals included in Reference
Extraction of 5008 Haplotypes complete
Reduced to markers called 32437 / 94173
(Fraction SNP: 0.34444055090100134)
Successfully saved to: ./Empirical/Eigenstrat/Reichall/I3499/chr2/
Successfully loaded Data from: ./Empirical/Eigenstrat/Reichall/I3499/chr2/
Loaded Emission Model: haploid
Loaded Transition Model: model
Loaded Post Processing Model: Standard
Minimum Genetic Map: 0.0001
Maximum Genetic Map: 2.6883
Gaps bigger than 0.1 cM: 453
Maximum Gap: 2.1083 cM
Loaded Transition and Emission Matrix:
(3, 3)
(5009, 32437)
Loaded Observations:
(2, 32437)
Memory Usage: 1696.894976 mB
Reference Number: 5008
Total Log likelihood: -12493.539
Memory Usage: 1696.894976 mB
Finished Calculation State Posteriors
Saved Zero State Posterior to ./Empirical/Eigenstrat/Reichall/I3499/chr2/.
Successfully loaded for PP. from ./Empirical/Eigenstrat/Reichall/I3499/chr2/
Fraction Markers in ROH: 0.3794
Merged n=0 gaps < 0.0 M
Called n=17 ROH Blocks > 1.0 cM
Longest Block: 2.632
Successfully saved to ./Empirical/Eigenstrat/Reichall/I3499/chr2/roh.csv
Using Low-Mem Cython Linear Speed Up.
Loaded Pre Processing Model: Eigenstrat
Loading Individual: I3499

Loaded 77652 variants
Loaded 2504 individuals
HDF5 loaded from ./Data/1000Genomes/HDF5/1240kHDF5/all1240/chr3.hdf5
3 Eigenstrat Files with 5081 Individuals and 1233013 SNPs

Intersection on Positions: 77652
Nr of Matching Refs: 77652 / 77652
Full Intersection Ref/Alt Identical: 77601 / 77652
2504 / 2504 Individuals included in Reference
Extraction of 5008 Haplotypes complete
Reduced to markers called 25877 / 77601
(Fraction SNP: 0.3334621976520921)
Successfully saved to: ./Empirical/Eigenstrat/Reichall/I3499/chr3/
Successfully loaded Data from: ./Empirical/Eigenstrat/Reichall/I3499/chr3/
Loaded Emission Model: haploid
Loaded Transition Model: model
Loaded Post Processing Model: Standard
Minimum Genetic Map: 0.0001
Maximum Genetic Map: 2.2325
Gaps bigger than 0.1 cM: 420
Maximum Gap: 0.4161 cM
Loaded Transition and Emission Matrix:
(3, 3)
(5009, 25877)
Loaded Observations:
(2, 25877)
Memory Usage: 1401.786368 mB
Reference Number: 5008
Total Log likelihood: -9596.903
Memory Usage: 1401.786368 mB
Finished Calculation State Posteriors
Saved Zero State Posterior to ./Empirical/Eigenstrat/Reichall/I3499/chr3/.
Successfully loaded for PP. from ./Empirical/Eigenstrat/Reichall/I3499/chr3/
Fraction Markers in ROH: 0.4154
Merged n=0 gaps < 0.0 M
Called n=15 ROH Blocks > 1.0 cM
Longest Block: 3.454
Successfully saved to ./Empirical/Eigenstrat/Reichall/I3499/chr3/roh.csv
Using Low-Mem Cython Linear Speed Up.
Loaded Pre Processing Model: Eigenstrat
Loading Individual: I3499

Loaded 68759 variants
Loaded 2504 individuals
HDF5 loaded from ./Data/1000Genomes/HDF5/1240kHDF5/all1240/chr4.hdf5
3 Eigenstrat Files with 5081 Individuals and 1233013 SNPs

Intersection on Positions: 68759
Nr of Matching Refs: 68759 / 68759
Full Intersection Ref/Alt Identical: 68720 / 68759
2504 / 2504 Individuals included in Reference
Extraction of 5008 Haplotypes complete
Reduced to markers called 20582 / 68720
(Fraction SNP: 0.29950523864959255)
Successfully saved to: ./Empirical/Eigenstrat/Reichall/I3499/chr4/
Successfully loaded Data from: ./Empirical/Eigenstrat/Reichall/I3499/chr4/
Loaded Emission Model: haploid
Loaded Transition Model: model
Loaded Post Processing Model: Standard
Minimum Genetic Map: 0.0034
Maximum Genetic Map: 2.1454
Gaps bigger than 0.1 cM: 427
Maximum Gap: 2.1576 cM
Loaded Transition and Emission Matrix:
(3, 3)
(5009, 20582)
Loaded Observations:
(2, 20582)
Memory Usage: 1163.026432 mB
Reference Number: 5008
Total Log likelihood: -8006.897
Memory Usage: 1163.026432 mB
Finished Calculation State Posteriors
Saved Zero State Posterior to ./Empirical/Eigenstrat/Reichall/I3499/chr4/.
Successfully loaded for PP. from ./Empirical/Eigenstrat/Reichall/I3499/chr4/
Fraction Markers in ROH: 0.3640
Merged n=0 gaps < 0.0 M
Called n=14 ROH Blocks > 1.0 cM
Longest Block: 3.492
Successfully saved to ./Empirical/Eigenstrat/Reichall/I3499/chr4/roh.csv
Using Low-Mem Cython Linear Speed Up.
Loaded Pre Processing Model: Eigenstrat
Loading Individual: I3499

Loaded 69399 variants
Loaded 2504 individuals
HDF5 loaded from ./Data/1000Genomes/HDF5/1240kHDF5/all1240/chr5.hdf5
3 Eigenstrat Files with 5081 Individuals and 1233013 SNPs

Intersection on Positions: 69399
Nr of Matching Refs: 69399 / 69399
Full Intersection Ref/Alt Identical: 69354 / 69399
2504 / 2504 Individuals included in Reference
Extraction of 5008 Haplotypes complete
Reduced to markers called 23451 / 69354
(Fraction SNP: 0.33813478674625835)
Successfully saved to: ./Empirical/Eigenstrat/Reichall/I3499/chr5/
Successfully loaded Data from: ./Empirical/Eigenstrat/Reichall/I3499/chr5/
Loaded Emission Model: haploid
Loaded Transition Model: model
Loaded Post Processing Model: Standard
Minimum Genetic Map: 0.0004
Maximum Genetic Map: 2.0409
Gaps bigger than 0.1 cM: 374
Maximum Gap: 1.1070 cM
Loaded Transition and Emission Matrix:
(3, 3)
(5009, 23451)
Loaded Observations:
(2, 23451)
Memory Usage: 1292.292096 mB
Reference Number: 5008
Total Log likelihood: -9074.993
Memory Usage: 1292.292096 mB
Finished Calculation State Posteriors
Saved Zero State Posterior to ./Empirical/Eigenstrat/Reichall/I3499/chr5/.
Successfully loaded for PP. from ./Empirical/Eigenstrat/Reichall/I3499/chr5/
Fraction Markers in ROH: 0.3699
Merged n=0 gaps < 0.0 M
Called n=12 ROH Blocks > 1.0 cM
Longest Block: 2.082
Successfully saved to ./Empirical/Eigenstrat/Reichall/I3499/chr5/roh.csv
Using Low-Mem Cython Linear Speed Up.
Loaded Pre Processing Model: Eigenstrat
Loading Individual: I3499

Loaded 75870 variants
Loaded 2504 individuals
HDF5 loaded from ./Data/1000Genomes/HDF5/1240kHDF5/all1240/chr6.hdf5
3 Eigenstrat Files with 5081 Individuals and 1233013 SNPs

Intersection on Positions: 75870
Nr of Matching Refs: 75870 / 75870
Full Intersection Ref/Alt Identical: 75816 / 75870
2504 / 2504 Individuals included in Reference
Extraction of 5008 Haplotypes complete
Reduced to markers called 25699 / 75816
(Fraction SNP: 0.3389653898913158)
Successfully saved to: ./Empirical/Eigenstrat/Reichall/I3499/chr6/
Successfully loaded Data from: ./Empirical/Eigenstrat/Reichall/I3499/chr6/
Loaded Emission Model: haploid
Loaded Transition Model: model
Loaded Post Processing Model: Standard
Minimum Genetic Map: 0.0035
Maximum Genetic Map: 1.9203
Gaps bigger than 0.1 cM: 321
Maximum Gap: 0.5122 cM
Loaded Transition and Emission Matrix:
(3, 3)
(5009, 25699)
Loaded Observations:
(2, 25699)
Memory Usage: 1393.815552 mB
Reference Number: 5008
Total Log likelihood: -9776.311
Memory Usage: 1393.815552 mB
Finished Calculation State Posteriors
Saved Zero State Posterior to ./Empirical/Eigenstrat/Reichall/I3499/chr6/.
Successfully loaded for PP. from ./Empirical/Eigenstrat/Reichall/I3499/chr6/
Fraction Markers in ROH: 0.3558
Merged n=0 gaps < 0.0 M
Called n=13 ROH Blocks > 1.0 cM
Longest Block: 1.959
Successfully saved to ./Empirical/Eigenstrat/Reichall/I3499/chr6/roh.csv
Using Low-Mem Cython Linear Speed Up.
Loaded Pre Processing Model: Eigenstrat
Loading Individual: I3499

Loaded 59890 variants
Loaded 2504 individuals
HDF5 loaded from ./Data/1000Genomes/HDF5/1240kHDF5/all1240/chr7.hdf5
3 Eigenstrat Files with 5081 Individuals and 1233013 SNPs

Intersection on Positions: 59890
Nr of Matching Refs: 59890 / 59890
Full Intersection Ref/Alt Identical: 59836 / 59890
2504 / 2504 Individuals included in Reference
Extraction of 5008 Haplotypes complete
Reduced to markers called 20539 / 59836
(Fraction SNP: 0.34325489671769505)
Successfully saved to: ./Empirical/Eigenstrat/Reichall/I3499/chr7/
Successfully loaded Data from: ./Empirical/Eigenstrat/Reichall/I3499/chr7/
Loaded Emission Model: haploid
Loaded Transition Model: model
Loaded Post Processing Model: Standard
Minimum Genetic Map: 0.0001
Maximum Genetic Map: 1.8715
Gaps bigger than 0.1 cM: 348
Maximum Gap: 0.8416 cM
Loaded Transition and Emission Matrix:
(3, 3)
(5009, 20539)
Loaded Observations:
(2, 20539)
Memory Usage: 1161.48224 mB
Reference Number: 5008
Total Log likelihood: -7984.529
Memory Usage: 1161.48224 mB
Finished Calculation State Posteriors
Saved Zero State Posterior to ./Empirical/Eigenstrat/Reichall/I3499/chr7/.
Successfully loaded for PP. from ./Empirical/Eigenstrat/Reichall/I3499/chr7/
Fraction Markers in ROH: 0.3886
Merged n=0 gaps < 0.0 M
Called n=11 ROH Blocks > 1.0 cM
Longest Block: 1.972
Successfully saved to ./Empirical/Eigenstrat/Reichall/I3499/chr7/roh.csv
Using Low-Mem Cython Linear Speed Up.
Loaded Pre Processing Model: Eigenstrat
Loading Individual: I3499

Loaded 61133 variants
Loaded 2504 individuals
HDF5 loaded from ./Data/1000Genomes/HDF5/1240kHDF5/all1240/chr8.hdf5
3 Eigenstrat Files with 5081 Individuals and 1233013 SNPs

Intersection on Positions: 61133
Nr of Matching Refs: 61133 / 61133
Full Intersection Ref/Alt Identical: 61091 / 61133
2504 / 2504 Individuals included in Reference
Extraction of 5008 Haplotypes complete
Reduced to markers called 21177 / 61091
(Fraction SNP: 0.34664680558511074)
Successfully saved to: ./Empirical/Eigenstrat/Reichall/I3499/chr8/
Successfully loaded Data from: ./Empirical/Eigenstrat/Reichall/I3499/chr8/
Loaded Emission Model: haploid
Loaded Transition Model: model
Loaded Post Processing Model: Standard
Minimum Genetic Map: 0.0001
Maximum Genetic Map: 1.6800
Gaps bigger than 0.1 cM: 269
Maximum Gap: 1.9338 cM
Loaded Transition and Emission Matrix:
(3, 3)
(5009, 21177)
Loaded Observations:
(2, 21177)
Memory Usage: 1190.506496 mB
Reference Number: 5008
Total Log likelihood: -7926.793
Memory Usage: 1190.506496 mB
Finished Calculation State Posteriors
Saved Zero State Posterior to ./Empirical/Eigenstrat/Reichall/I3499/chr8/.
Successfully loaded for PP. from ./Empirical/Eigenstrat/Reichall/I3499/chr8/
Fraction Markers in ROH: 0.4228
Merged n=0 gaps < 0.0 M
Called n=10 ROH Blocks > 1.0 cM
Longest Block: 6.654
Successfully saved to ./Empirical/Eigenstrat/Reichall/I3499/chr8/roh.csv
Using Low-Mem Cython Linear Speed Up.
Loaded Pre Processing Model: Eigenstrat
Loading Individual: I3499

Loaded 50668 variants
Loaded 2504 individuals
HDF5 loaded from ./Data/1000Genomes/HDF5/1240kHDF5/all1240/chr9.hdf5
3 Eigenstrat Files with 5081 Individuals and 1233013 SNPs

Intersection on Positions: 50668
Nr of Matching Refs: 50668 / 50668
Full Intersection Ref/Alt Identical: 50629 / 50668
2504 / 2504 Individuals included in Reference
Extraction of 5008 Haplotypes complete
Reduced to markers called 18292 / 50629
(Fraction SNP: 0.3612949100318)
Successfully saved to: ./Empirical/Eigenstrat/Reichall/I3499/chr9/
Successfully loaded Data from: ./Empirical/Eigenstrat/Reichall/I3499/chr9/
Loaded Emission Model: haploid
Loaded Transition Model: model
Loaded Post Processing Model: Standard
Minimum Genetic Map: 0.0016
Maximum Genetic Map: 1.6630
Gaps bigger than 0.1 cM: 315
Maximum Gap: 2.3102 cM
Loaded Transition and Emission Matrix:
(3, 3)
(5009, 18292)
Loaded Observations:
(2, 18292)
Memory Usage: 1060.794368 mB
Reference Number: 5008
Total Log likelihood: -7356.158
Memory Usage: 1060.794368 mB
Finished Calculation State Posteriors
Saved Zero State Posterior to ./Empirical/Eigenstrat/Reichall/I3499/chr9/.
Successfully loaded for PP. from ./Empirical/Eigenstrat/Reichall/I3499/chr9/
Fraction Markers in ROH: 0.3037
Merged n=0 gaps < 0.0 M
Called n=8 ROH Blocks > 1.0 cM
Longest Block: 2.254
Successfully saved to ./Empirical/Eigenstrat/Reichall/I3499/chr9/roh.csv
Using Low-Mem Cython Linear Speed Up.
Loaded Pre Processing Model: Eigenstrat
Loading Individual: I3499

Loaded 58804 variants
Loaded 2504 individuals
HDF5 loaded from ./Data/1000Genomes/HDF5/1240kHDF5/all1240/chr10.hdf5
3 Eigenstrat Files with 5081 Individuals and 1233013 SNPs

Intersection on Positions: 58804
Nr of Matching Refs: 58804 / 58804
Full Intersection Ref/Alt Identical: 58763 / 58804
2504 / 2504 Individuals included in Reference
Extraction of 5008 Haplotypes complete
Reduced to markers called 21960 / 58763
(Fraction SNP: 0.3737045419736909)
Successfully saved to: ./Empirical/Eigenstrat/Reichall/I3499/chr10/
Successfully loaded Data from: ./Empirical/Eigenstrat/Reichall/I3499/chr10/
Loaded Emission Model: haploid
Loaded Transition Model: model
Loaded Post Processing Model: Standard
Minimum Genetic Map: 0.0001
Maximum Genetic Map: 1.8091
Gaps bigger than 0.1 cM: 322
Maximum Gap: 2.0340 cM
Loaded Transition and Emission Matrix:
(3, 3)
(5009, 21960)
Loaded Observations:
(2, 21960)
Memory Usage: 1226.162176 mB
Reference Number: 5008
Total Log likelihood: -8711.995
Memory Usage: 1226.162176 mB
Finished Calculation State Posteriors
Saved Zero State Posterior to ./Empirical/Eigenstrat/Reichall/I3499/chr10/.
Successfully loaded for PP. from ./Empirical/Eigenstrat/Reichall/I3499/chr10/
Fraction Markers in ROH: 0.3350
Merged n=0 gaps < 0.0 M
Called n=3 ROH Blocks > 1.0 cM
Longest Block: 1.983
Successfully saved to ./Empirical/Eigenstrat/Reichall/I3499/chr10/roh.csv
Using Low-Mem Cython Linear Speed Up.
Loaded Pre Processing Model: Eigenstrat
Loading Individual: I3499

Loaded 54833 variants
Loaded 2504 individuals
HDF5 loaded from ./Data/1000Genomes/HDF5/1240kHDF5/all1240/chr11.hdf5
3 Eigenstrat Files with 5081 Individuals and 1233013 SNPs

Intersection on Positions: 54833
Nr of Matching Refs: 54833 / 54833
Full Intersection Ref/Alt Identical: 54796 / 54833
2504 / 2504 Individuals included in Reference
Extraction of 5008 Haplotypes complete
Reduced to markers called 20176 / 54796
(Fraction SNP: 0.3682020585444193)
Successfully saved to: ./Empirical/Eigenstrat/Reichall/I3499/chr11/
Successfully loaded Data from: ./Empirical/Eigenstrat/Reichall/I3499/chr11/
Loaded Emission Model: haploid
Loaded Transition Model: model
Loaded Post Processing Model: Standard
Minimum Genetic Map: 0.0000
Maximum Genetic Map: 1.5822
Gaps bigger than 0.1 cM: 285
Maximum Gap: 0.5683 cM
Loaded Transition and Emission Matrix:
(3, 3)
(5009, 20176)
Loaded Observations:
(2, 20176)
Memory Usage: 1146.064896 mB
Reference Number: 5008
Total Log likelihood: -7779.026
Memory Usage: 1146.064896 mB
Finished Calculation State Posteriors
Saved Zero State Posterior to ./Empirical/Eigenstrat/Reichall/I3499/chr11/.
Successfully loaded for PP. from ./Empirical/Eigenstrat/Reichall/I3499/chr11/
Fraction Markers in ROH: 0.3640
Merged n=0 gaps < 0.0 M
Called n=9 ROH Blocks > 1.0 cM
Longest Block: 2.452
Successfully saved to ./Empirical/Eigenstrat/Reichall/I3499/chr11/roh.csv
Using Low-Mem Cython Linear Speed Up.
Loaded Pre Processing Model: Eigenstrat
Loading Individual: I3499

Loaded 53911 variants
Loaded 2504 individuals
HDF5 loaded from ./Data/1000Genomes/HDF5/1240kHDF5/all1240/chr12.hdf5
3 Eigenstrat Files with 5081 Individuals and 1233013 SNPs

Intersection on Positions: 53911
Nr of Matching Refs: 53911 / 53911
Full Intersection Ref/Alt Identical: 53884 / 53911
2504 / 2504 Individuals included in Reference
Extraction of 5008 Haplotypes complete
Reduced to markers called 18972 / 53884
(Fraction SNP: 0.35208967411476505)
Successfully saved to: ./Empirical/Eigenstrat/Reichall/I3499/chr12/
Successfully loaded Data from: ./Empirical/Eigenstrat/Reichall/I3499/chr12/
Loaded Emission Model: haploid
Loaded Transition Model: model
Loaded Post Processing Model: Standard
Minimum Genetic Map: 0.0017
Maximum Genetic Map: 1.7468
Gaps bigger than 0.1 cM: 322
Maximum Gap: 1.1517 cM
Loaded Transition and Emission Matrix:
(3, 3)
(5009, 18972)
Loaded Observations:
(2, 18972)
Memory Usage: 1090.551808 mB
Reference Number: 5008
Total Log likelihood: -7444.919
Memory Usage: 1090.551808 mB
Finished Calculation State Posteriors
Saved Zero State Posterior to ./Empirical/Eigenstrat/Reichall/I3499/chr12/.
Successfully loaded for PP. from ./Empirical/Eigenstrat/Reichall/I3499/chr12/
Fraction Markers in ROH: 0.3508
Merged n=0 gaps < 0.0 M
Called n=8 ROH Blocks > 1.0 cM
Longest Block: 2.310
Successfully saved to ./Empirical/Eigenstrat/Reichall/I3499/chr12/roh.csv
Using Low-Mem Cython Linear Speed Up.
Loaded Pre Processing Model: Eigenstrat
Loading Individual: I3499

Loaded 39018 variants
Loaded 2504 individuals
HDF5 loaded from ./Data/1000Genomes/HDF5/1240kHDF5/all1240/chr13.hdf5
3 Eigenstrat Files with 5081 Individuals and 1233013 SNPs

Intersection on Positions: 39018
Nr of Matching Refs: 39018 / 39018
Full Intersection Ref/Alt Identical: 38994 / 39018
2504 / 2504 Individuals included in Reference
Extraction of 5008 Haplotypes complete
Reduced to markers called 12295 / 38994
(Fraction SNP: 0.31530491870544186)
Successfully saved to: ./Empirical/Eigenstrat/Reichall/I3499/chr13/
Successfully loaded Data from: ./Empirical/Eigenstrat/Reichall/I3499/chr13/
Loaded Emission Model: haploid
Loaded Transition Model: model
Loaded Post Processing Model: Standard
Minimum Genetic Map: 0.0021
Maximum Genetic Map: 1.2570
Gaps bigger than 0.1 cM: 258
Maximum Gap: 1.2450 cM
Loaded Transition and Emission Matrix:
(3, 3)
(5009, 12295)
Loaded Observations:
(2, 12295)
Memory Usage: 790.216704 mB
Reference Number: 5008
Total Log likelihood: -4624.988
Memory Usage: 790.216704 mB
Finished Calculation State Posteriors
Saved Zero State Posterior to ./Empirical/Eigenstrat/Reichall/I3499/chr13/.
Successfully loaded for PP. from ./Empirical/Eigenstrat/Reichall/I3499/chr13/
Fraction Markers in ROH: 0.3832
Merged n=0 gaps < 0.0 M
Called n=7 ROH Blocks > 1.0 cM
Longest Block: 4.055
Successfully saved to ./Empirical/Eigenstrat/Reichall/I3499/chr13/roh.csv
Using Low-Mem Cython Linear Speed Up.
Loaded Pre Processing Model: Eigenstrat
Loading Individual: I3499

Loaded 36301 variants
Loaded 2504 individuals
HDF5 loaded from ./Data/1000Genomes/HDF5/1240kHDF5/all1240/chr14.hdf5
3 Eigenstrat Files with 5081 Individuals and 1233013 SNPs

Intersection on Positions: 36301
Nr of Matching Refs: 36301 / 36301
Full Intersection Ref/Alt Identical: 36280 / 36301
2504 / 2504 Individuals included in Reference
Extraction of 5008 Haplotypes complete
Reduced to markers called 12792 / 36280
(Fraction SNP: 0.3525909592061742)
Successfully saved to: ./Empirical/Eigenstrat/Reichall/I3499/chr14/
Successfully loaded Data from: ./Empirical/Eigenstrat/Reichall/I3499/chr14/
Loaded Emission Model: haploid
Loaded Transition Model: model
Loaded Post Processing Model: Standard
Minimum Genetic Map: 0.0184
Maximum Genetic Map: 1.2020
Gaps bigger than 0.1 cM: 225
Maximum Gap: 2.8973 cM
Loaded Transition and Emission Matrix:
(3, 3)
(5009, 12792)
Loaded Observations:
(2, 12792)
Memory Usage: 813.2608 mB
Reference Number: 5008
Total Log likelihood: -4721.130
Memory Usage: 813.2608 mB
Finished Calculation State Posteriors
Saved Zero State Posterior to ./Empirical/Eigenstrat/Reichall/I3499/chr14/.
Successfully loaded for PP. from ./Empirical/Eigenstrat/Reichall/I3499/chr14/
Fraction Markers in ROH: 0.4304
Merged n=0 gaps < 0.0 M
Called n=10 ROH Blocks > 1.0 cM
Longest Block: 1.553
Successfully saved to ./Empirical/Eigenstrat/Reichall/I3499/chr14/roh.csv
Using Low-Mem Cython Linear Speed Up.
Loaded Pre Processing Model: Eigenstrat
Loading Individual: I3499

Loaded 34429 variants
Loaded 2504 individuals
HDF5 loaded from ./Data/1000Genomes/HDF5/1240kHDF5/all1240/chr15.hdf5
3 Eigenstrat Files with 5081 Individuals and 1233013 SNPs

Intersection on Positions: 34429
Nr of Matching Refs: 34429 / 34429
Full Intersection Ref/Alt Identical: 34407 / 34429
2504 / 2504 Individuals included in Reference
Extraction of 5008 Haplotypes complete
Reduced to markers called 13251 / 34407
(Fraction SNP: 0.3851251198883948)
Successfully saved to: ./Empirical/Eigenstrat/Reichall/I3499/chr15/
Successfully loaded Data from: ./Empirical/Eigenstrat/Reichall/I3499/chr15/
Loaded Emission Model: haploid
Loaded Transition Model: model
Loaded Post Processing Model: Standard
Minimum Genetic Map: 0.0002
Maximum Genetic Map: 1.4134
Gaps bigger than 0.1 cM: 232
Maximum Gap: 13.7349 cM
Loaded Transition and Emission Matrix:
(3, 3)
(5009, 13251)
Loaded Observations:
(2, 13251)
Memory Usage: 834.318336 mB
Reference Number: 5008
Total Log likelihood: -5164.782
Memory Usage: 834.318336 mB
Finished Calculation State Posteriors
Saved Zero State Posterior to ./Empirical/Eigenstrat/Reichall/I3499/chr15/.
Successfully loaded for PP. from ./Empirical/Eigenstrat/Reichall/I3499/chr15/
Fraction Markers in ROH: 0.3349
Merged n=0 gaps < 0.0 M
Called n=11 ROH Blocks > 1.0 cM
Longest Block: 2.311
Successfully saved to ./Empirical/Eigenstrat/Reichall/I3499/chr15/roh.csv
Using Low-Mem Cython Linear Speed Up.
Loaded Pre Processing Model: Eigenstrat
Loading Individual: I3499

Loaded 34402 variants
Loaded 2504 individuals
HDF5 loaded from ./Data/1000Genomes/HDF5/1240kHDF5/all1240/chr16.hdf5
3 Eigenstrat Files with 5081 Individuals and 1233013 SNPs

Intersection on Positions: 34402
Nr of Matching Refs: 34402 / 34402
Full Intersection Ref/Alt Identical: 34375 / 34402
2504 / 2504 Individuals included in Reference
Extraction of 5008 Haplotypes complete
Reduced to markers called 14421 / 34375
(Fraction SNP: 0.41952)
Successfully saved to: ./Empirical/Eigenstrat/Reichall/I3499/chr16/
Successfully loaded Data from: ./Empirical/Eigenstrat/Reichall/I3499/chr16/
Loaded Emission Model: haploid
Loaded Transition Model: model
Loaded Post Processing Model: Standard
Minimum Genetic Map: 0.0000
Maximum Genetic Map: 1.3403
Gaps bigger than 0.1 cM: 240
Maximum Gap: 0.8485 cM
Loaded Transition and Emission Matrix:
(3, 3)
(5009, 14421)
Loaded Observations:
(2, 14421)
Memory Usage: 886.861824 mB
Reference Number: 5008
Total Log likelihood: -5747.807
Memory Usage: 886.861824 mB
Finished Calculation State Posteriors
Saved Zero State Posterior to ./Empirical/Eigenstrat/Reichall/I3499/chr16/.
Successfully loaded for PP. from ./Empirical/Eigenstrat/Reichall/I3499/chr16/
Fraction Markers in ROH: 0.3096
Merged n=0 gaps < 0.0 M
Called n=2 ROH Blocks > 1.0 cM
Longest Block: 1.168
Successfully saved to ./Empirical/Eigenstrat/Reichall/I3499/chr16/roh.csv
Using Low-Mem Cython Linear Speed Up.
Loaded Pre Processing Model: Eigenstrat
Loading Individual: I3499

Loaded 29314 variants
Loaded 2504 individuals
HDF5 loaded from ./Data/1000Genomes/HDF5/1240kHDF5/all1240/chr17.hdf5
3 Eigenstrat Files with 5081 Individuals and 1233013 SNPs

Intersection on Positions: 29314
Nr of Matching Refs: 29314 / 29314
Full Intersection Ref/Alt Identical: 29292 / 29314
2504 / 2504 Individuals included in Reference
Extraction of 5008 Haplotypes complete
Reduced to markers called 13121 / 29292
(Fraction SNP: 0.4479380035504575)
Successfully saved to: ./Empirical/Eigenstrat/Reichall/I3499/chr17/
Successfully loaded Data from: ./Empirical/Eigenstrat/Reichall/I3499/chr17/
Loaded Emission Model: haploid
Loaded Transition Model: model
Loaded Post Processing Model: Standard
Minimum Genetic Map: 0.0004
Maximum Genetic Map: 1.2847
Gaps bigger than 0.1 cM: 231
Maximum Gap: 1.2341 cM
Loaded Transition and Emission Matrix:
(3, 3)
(5009, 13121)
Loaded Observations:
(2, 13121)
Memory Usage: 827.744256 mB
Reference Number: 5008
Total Log likelihood: -5062.296
Memory Usage: 827.744256 mB
Finished Calculation State Posteriors
Saved Zero State Posterior to ./Empirical/Eigenstrat/Reichall/I3499/chr17/.
Successfully loaded for PP. from ./Empirical/Eigenstrat/Reichall/I3499/chr17/
Fraction Markers in ROH: 0.3763
Merged n=0 gaps < 0.0 M
Called n=8 ROH Blocks > 1.0 cM
Longest Block: 1.884
Successfully saved to ./Empirical/Eigenstrat/Reichall/I3499/chr17/roh.csv
Using Low-Mem Cython Linear Speed Up.
Loaded Pre Processing Model: Eigenstrat
Loading Individual: I3499

Loaded 33917 variants
Loaded 2504 individuals
HDF5 loaded from ./Data/1000Genomes/HDF5/1240kHDF5/all1240/chr18.hdf5
3 Eigenstrat Files with 5081 Individuals and 1233013 SNPs

Intersection on Positions: 33917
Nr of Matching Refs: 33917 / 33917
Full Intersection Ref/Alt Identical: 33902 / 33917
2504 / 2504 Individuals included in Reference
Extraction of 5008 Haplotypes complete
Reduced to markers called 11682 / 33902
(Fraction SNP: 0.3445814406229721)
Successfully saved to: ./Empirical/Eigenstrat/Reichall/I3499/chr18/
Successfully loaded Data from: ./Empirical/Eigenstrat/Reichall/I3499/chr18/
Loaded Emission Model: haploid
Loaded Transition Model: model
Loaded Post Processing Model: Standard
Minimum Genetic Map: 0.0025
Maximum Genetic Map: 1.1771
Gaps bigger than 0.1 cM: 234
Maximum Gap: 0.4879 cM
Loaded Transition and Emission Matrix:
(3, 3)
(5009, 11682)
Loaded Observations:
(2, 11682)
Memory Usage: 762.667008 mB
Reference Number: 5008
Total Log likelihood: -4264.460
Memory Usage: 762.667008 mB
Finished Calculation State Posteriors
Saved Zero State Posterior to ./Empirical/Eigenstrat/Reichall/I3499/chr18/.
Successfully loaded for PP. from ./Empirical/Eigenstrat/Reichall/I3499/chr18/
Fraction Markers in ROH: 0.4563
Merged n=0 gaps < 0.0 M
Called n=13 ROH Blocks > 1.0 cM
Longest Block: 1.917
Successfully saved to ./Empirical/Eigenstrat/Reichall/I3499/chr18/roh.csv
Using Low-Mem Cython Linear Speed Up.
Loaded Pre Processing Model: Eigenstrat
Loading Individual: I3499

Loaded 18460 variants
Loaded 2504 individuals
HDF5 loaded from ./Data/1000Genomes/HDF5/1240kHDF5/all1240/chr19.hdf5
3 Eigenstrat Files with 5081 Individuals and 1233013 SNPs

Intersection on Positions: 18460
Nr of Matching Refs: 18460 / 18460
Full Intersection Ref/Alt Identical: 18441 / 18460
2504 / 2504 Individuals included in Reference
Extraction of 5008 Haplotypes complete
Reduced to markers called 9055 / 18441
(Fraction SNP: 0.49102543246027874)
Successfully saved to: ./Empirical/Eigenstrat/Reichall/I3499/chr19/
Successfully loaded Data from: ./Empirical/Eigenstrat/Reichall/I3499/chr19/
Loaded Emission Model: haploid
Loaded Transition Model: model
Loaded Post Processing Model: Standard
Minimum Genetic Map: 0.0001
Maximum Genetic Map: 1.0773
Gaps bigger than 0.1 cM: 229
Maximum Gap: 0.6312 cM
Loaded Transition and Emission Matrix:
(3, 3)
(5009, 9055)
Loaded Observations:
(2, 9055)
Memory Usage: 644.34176 mB
Reference Number: 5008
Total Log likelihood: -3738.150
Memory Usage: 644.34176 mB
Finished Calculation State Posteriors
Saved Zero State Posterior to ./Empirical/Eigenstrat/Reichall/I3499/chr19/.
Successfully loaded for PP. from ./Empirical/Eigenstrat/Reichall/I3499/chr19/
Fraction Markers in ROH: 0.3493
Merged n=0 gaps < 0.0 M
Called n=7 ROH Blocks > 1.0 cM
Longest Block: 2.531
Successfully saved to ./Empirical/Eigenstrat/Reichall/I3499/chr19/roh.csv
Using Low-Mem Cython Linear Speed Up.
Loaded Pre Processing Model: Eigenstrat
Loading Individual: I3499

Loaded 29078 variants
Loaded 2504 individuals
HDF5 loaded from ./Data/1000Genomes/HDF5/1240kHDF5/all1240/chr20.hdf5
3 Eigenstrat Files with 5081 Individuals and 1233013 SNPs

Intersection on Positions: 29078
Nr of Matching Refs: 29078 / 29078
Full Intersection Ref/Alt Identical: 29053 / 29078
2504 / 2504 Individuals included in Reference
Extraction of 5008 Haplotypes complete
Reduced to markers called 12238 / 29053
(Fraction SNP: 0.4212301655594947)
Successfully saved to: ./Empirical/Eigenstrat/Reichall/I3499/chr20/
Successfully loaded Data from: ./Empirical/Eigenstrat/Reichall/I3499/chr20/
Loaded Emission Model: haploid
Loaded Transition Model: model
Loaded Post Processing Model: Standard
Minimum Genetic Map: 0.0006
Maximum Genetic Map: 1.0821
Gaps bigger than 0.1 cM: 218
Maximum Gap: 0.8977 cM
Loaded Transition and Emission Matrix:
(3, 3)
(5009, 12238)
Loaded Observations:
(2, 12238)
Memory Usage: 788.094976 mB
Reference Number: 5008
Total Log likelihood: -4749.953
Memory Usage: 788.094976 mB
Finished Calculation State Posteriors
Saved Zero State Posterior to ./Empirical/Eigenstrat/Reichall/I3499/chr20/.
Successfully loaded for PP. from ./Empirical/Eigenstrat/Reichall/I3499/chr20/
Fraction Markers in ROH: 0.3271
Merged n=0 gaps < 0.0 M
Called n=4 ROH Blocks > 1.0 cM
Longest Block: 1.364
Successfully saved to ./Empirical/Eigenstrat/Reichall/I3499/chr20/roh.csv
Using Low-Mem Cython Linear Speed Up.
Loaded Pre Processing Model: Eigenstrat
Loading Individual: I3499

Loaded 16038 variants
Loaded 2504 individuals
HDF5 loaded from ./Data/1000Genomes/HDF5/1240kHDF5/all1240/chr21.hdf5
3 Eigenstrat Files with 5081 Individuals and 1233013 SNPs

Intersection on Positions: 16038
Nr of Matching Refs: 16038 / 16038
Full Intersection Ref/Alt Identical: 16031 / 16038
2504 / 2504 Individuals included in Reference
Extraction of 5008 Haplotypes complete
Reduced to markers called 5630 / 16031
(Fraction SNP: 0.35119456053895576)
Successfully saved to: ./Empirical/Eigenstrat/Reichall/I3499/chr21/
Successfully loaded Data from: ./Empirical/Eigenstrat/Reichall/I3499/chr21/
Loaded Emission Model: haploid
Loaded Transition Model: model
Loaded Post Processing Model: Standard
Minimum Genetic Map: -0.0085
Maximum Genetic Map: 0.6277
Gaps bigger than 0.1 cM: 150
Maximum Gap: 2.3602 cM
Loaded Transition and Emission Matrix:
(3, 3)
(5009, 5630)
Loaded Observations:
(2, 5630)
Memory Usage: 480.60416 mB
Reference Number: 5008
Total Log likelihood: -2298.578
Memory Usage: 480.60416 mB
Finished Calculation State Posteriors
Saved Zero State Posterior to ./Empirical/Eigenstrat/Reichall/I3499/chr21/.
Successfully loaded for PP. from ./Empirical/Eigenstrat/Reichall/I3499/chr21/
Fraction Markers in ROH: 0.2819
Merged n=0 gaps < 0.0 M
Called n=2 ROH Blocks > 1.0 cM
Longest Block: 1.770
Successfully saved to ./Empirical/Eigenstrat/Reichall/I3499/chr21/roh.csv
Using Low-Mem Cython Linear Speed Up.
Loaded Pre Processing Model: Eigenstrat
Loading Individual: I3499

Loaded 15802 variants
Loaded 2504 individuals
HDF5 loaded from ./Data/1000Genomes/HDF5/1240kHDF5/all1240/chr22.hdf5
3 Eigenstrat Files with 5081 Individuals and 1233013 SNPs

Intersection on Positions: 15802
Nr of Matching Refs: 15802 / 15802
Full Intersection Ref/Alt Identical: 15793 / 15802
2504 / 2504 Individuals included in Reference
Extraction of 5008 Haplotypes complete
Reduced to markers called 7964 / 15793
(Fraction SNP: 0.5042740454631799)
Successfully saved to: ./Empirical/Eigenstrat/Reichall/I3499/chr22/
Successfully loaded Data from: ./Empirical/Eigenstrat/Reichall/I3499/chr22/
Loaded Emission Model: haploid
Loaded Transition Model: model
Loaded Post Processing Model: Standard
Minimum Genetic Map: 0.0180
Maximum Genetic Map: 0.7408
Gaps bigger than 0.1 cM: 131
Maximum Gap: 1.6097 cM
Loaded Transition and Emission Matrix:
(3, 3)
(5009, 7964)
Loaded Observations:
(2, 7964)
Memory Usage: 594.55488 mB
Reference Number: 5008
Total Log likelihood: -3161.480
Memory Usage: 594.55488 mB
Finished Calculation State Posteriors
Saved Zero State Posterior to ./Empirical/Eigenstrat/Reichall/I3499/chr22/.
Successfully loaded for PP. from ./Empirical/Eigenstrat/Reichall/I3499/chr22/
Fraction Markers in ROH: 0.3634
Merged n=0 gaps < 0.0 M
Called n=3 ROH Blocks > 1.0 cM
Longest Block: 2.144
Successfully saved to ./Empirical/Eigenstrat/Reichall/I3499/chr22/roh.csv
