Loaded 2106 / 5081 ancient Indivdiuals Anno File.
Doing Individual I2379...
Using Low-Mem Cython Linear Speed Up.
Loaded Pre Processing Model: Eigenstrat
Loading Individual: I2379

Loaded 89147 variants
Loaded 2504 individuals
HDF5 loaded from ./Data/1000Genomes/HDF5/1240kHDF5/all1240/chr1.hdf5
3 Eigenstrat Files with 5081 Individuals and 1233013 SNPs

Intersection on Positions: 89147
Nr of Matching Refs: 89147 / 89147
Full Intersection Ref/Alt Identical: 89082 / 89147
2504 / 2504 Individuals included in Reference
Extraction of 5008 Haplotypes complete
Reduced to markers called 48227 / 89082
(Fraction SNP: 0.5413776071484699)
Successfully saved to: ./Empirical/Eigenstrat/Reichall/I2379/chr1/
Successfully loaded Data from: ./Empirical/Eigenstrat/Reichall/I2379/chr1/
Loaded Emission Model: haploid
Loaded Transition Model: model
Loaded Post Processing Model: Standard
Minimum Genetic Map: 0.0201
Maximum Genetic Map: 2.8627
Gaps bigger than 0.1 cM: 406
Maximum Gap: 2.9229 cM
Loaded Transition and Emission Matrix:
(3, 3)
(5009, 48227)
Loaded Observations:
(2, 48227)
Memory Usage: 2369.052672 mB
Reference Number: 5008
Total Log likelihood: -17004.085
Memory Usage: 2369.51552 mB
Finished Calculation State Posteriors
Saved Zero State Posterior to ./Empirical/Eigenstrat/Reichall/I2379/chr1/.
Successfully loaded for PP. from ./Empirical/Eigenstrat/Reichall/I2379/chr1/
Fraction Markers in ROH: 0.4204
Merged n=0 gaps < 0.0 M
Called n=22 ROH Blocks > 1.0 cM
Longest Block: 2.280
Successfully saved to ./Empirical/Eigenstrat/Reichall/I2379/chr1/roh.csv
Using Low-Mem Cython Linear Speed Up.
Loaded Pre Processing Model: Eigenstrat
Loading Individual: I2379

Loaded 94239 variants
Loaded 2504 individuals
HDF5 loaded from ./Data/1000Genomes/HDF5/1240kHDF5/all1240/chr2.hdf5
3 Eigenstrat Files with 5081 Individuals and 1233013 SNPs

Intersection on Positions: 94239
Nr of Matching Refs: 94239 / 94239
Full Intersection Ref/Alt Identical: 94173 / 94239
2504 / 2504 Individuals included in Reference
Extraction of 5008 Haplotypes complete
Reduced to markers called 49154 / 94173
(Fraction SNP: 0.5219542756416382)
Successfully saved to: ./Empirical/Eigenstrat/Reichall/I2379/chr2/
Successfully loaded Data from: ./Empirical/Eigenstrat/Reichall/I2379/chr2/
Loaded Emission Model: haploid
Loaded Transition Model: model
Loaded Post Processing Model: Standard
Minimum Genetic Map: 0.0001
Maximum Genetic Map: 2.6883
Gaps bigger than 0.1 cM: 362
Maximum Gap: 2.1079 cM
Loaded Transition and Emission Matrix:
(3, 3)
(5009, 49154)
Loaded Observations:
(2, 49154)
Memory Usage: 2450.251776 mB
Reference Number: 5008
Total Log likelihood: -17010.971
Memory Usage: 2450.251776 mB
Finished Calculation State Posteriors
Saved Zero State Posterior to ./Empirical/Eigenstrat/Reichall/I2379/chr2/.
Successfully loaded for PP. from ./Empirical/Eigenstrat/Reichall/I2379/chr2/
Fraction Markers in ROH: 0.4617
Merged n=0 gaps < 0.0 M
Called n=14 ROH Blocks > 1.0 cM
Longest Block: 7.643
Successfully saved to ./Empirical/Eigenstrat/Reichall/I2379/chr2/roh.csv
Using Low-Mem Cython Linear Speed Up.
Loaded Pre Processing Model: Eigenstrat
Loading Individual: I2379

Loaded 77652 variants
Loaded 2504 individuals
HDF5 loaded from ./Data/1000Genomes/HDF5/1240kHDF5/all1240/chr3.hdf5
3 Eigenstrat Files with 5081 Individuals and 1233013 SNPs

Intersection on Positions: 77652
Nr of Matching Refs: 77652 / 77652
Full Intersection Ref/Alt Identical: 77601 / 77652
2504 / 2504 Individuals included in Reference
Extraction of 5008 Haplotypes complete
Reduced to markers called 39965 / 77601
(Fraction SNP: 0.5150062499194598)
Successfully saved to: ./Empirical/Eigenstrat/Reichall/I2379/chr3/
Successfully loaded Data from: ./Empirical/Eigenstrat/Reichall/I2379/chr3/
Loaded Emission Model: haploid
Loaded Transition Model: model
Loaded Post Processing Model: Standard
Minimum Genetic Map: 0.0000
Maximum Genetic Map: 2.2325
Gaps bigger than 0.1 cM: 333
Maximum Gap: 0.3910 cM
Loaded Transition and Emission Matrix:
(3, 3)
(5009, 39965)
Loaded Observations:
(2, 39965)
Memory Usage: 2036.072448 mB
Reference Number: 5008
Total Log likelihood: -14532.284
Memory Usage: 2036.072448 mB
Finished Calculation State Posteriors
Saved Zero State Posterior to ./Empirical/Eigenstrat/Reichall/I2379/chr3/.
Successfully loaded for PP. from ./Empirical/Eigenstrat/Reichall/I2379/chr3/
Fraction Markers in ROH: 0.4225
Merged n=0 gaps < 0.0 M
Called n=16 ROH Blocks > 1.0 cM
Longest Block: 1.476
Successfully saved to ./Empirical/Eigenstrat/Reichall/I2379/chr3/roh.csv
Using Low-Mem Cython Linear Speed Up.
Loaded Pre Processing Model: Eigenstrat
Loading Individual: I2379

Loaded 68759 variants
Loaded 2504 individuals
HDF5 loaded from ./Data/1000Genomes/HDF5/1240kHDF5/all1240/chr4.hdf5
3 Eigenstrat Files with 5081 Individuals and 1233013 SNPs

Intersection on Positions: 68759
Nr of Matching Refs: 68759 / 68759
Full Intersection Ref/Alt Identical: 68720 / 68759
2504 / 2504 Individuals included in Reference
Extraction of 5008 Haplotypes complete
Reduced to markers called 33019 / 68720
(Fraction SNP: 0.4804860302677532)
Successfully saved to: ./Empirical/Eigenstrat/Reichall/I2379/chr4/
Successfully loaded Data from: ./Empirical/Eigenstrat/Reichall/I2379/chr4/
Loaded Emission Model: haploid
Loaded Transition Model: model
Loaded Post Processing Model: Standard
Minimum Genetic Map: 0.0034
Maximum Genetic Map: 2.1454
Gaps bigger than 0.1 cM: 326
Maximum Gap: 2.0541 cM
Loaded Transition and Emission Matrix:
(3, 3)
(5009, 33019)
Loaded Observations:
(2, 33019)
Memory Usage: 1723.633664 mB
Reference Number: 5008
Total Log likelihood: -11854.339
Memory Usage: 1723.633664 mB
Finished Calculation State Posteriors
Saved Zero State Posterior to ./Empirical/Eigenstrat/Reichall/I2379/chr4/.
Successfully loaded for PP. from ./Empirical/Eigenstrat/Reichall/I2379/chr4/
Fraction Markers in ROH: 0.4407
Merged n=0 gaps < 0.0 M
Called n=17 ROH Blocks > 1.0 cM
Longest Block: 2.967
Successfully saved to ./Empirical/Eigenstrat/Reichall/I2379/chr4/roh.csv
Using Low-Mem Cython Linear Speed Up.
Loaded Pre Processing Model: Eigenstrat
Loading Individual: I2379

Loaded 69399 variants
Loaded 2504 individuals
HDF5 loaded from ./Data/1000Genomes/HDF5/1240kHDF5/all1240/chr5.hdf5
3 Eigenstrat Files with 5081 Individuals and 1233013 SNPs

Intersection on Positions: 69399
Nr of Matching Refs: 69399 / 69399
Full Intersection Ref/Alt Identical: 69354 / 69399
2504 / 2504 Individuals included in Reference
Extraction of 5008 Haplotypes complete
Reduced to markers called 35775 / 69354
(Fraction SNP: 0.5158318193615364)
Successfully saved to: ./Empirical/Eigenstrat/Reichall/I2379/chr5/
Successfully loaded Data from: ./Empirical/Eigenstrat/Reichall/I2379/chr5/
Loaded Emission Model: haploid
Loaded Transition Model: model
Loaded Post Processing Model: Standard
Minimum Genetic Map: 0.0004
Maximum Genetic Map: 2.0409
Gaps bigger than 0.1 cM: 313
Maximum Gap: 1.3624 cM
Loaded Transition and Emission Matrix:
(3, 3)
(5009, 35775)
Loaded Observations:
(2, 35775)
Memory Usage: 1848.045568 mB
Reference Number: 5008
Total Log likelihood: -12848.315
Memory Usage: 1848.045568 mB
Finished Calculation State Posteriors
Saved Zero State Posterior to ./Empirical/Eigenstrat/Reichall/I2379/chr5/.
Successfully loaded for PP. from ./Empirical/Eigenstrat/Reichall/I2379/chr5/
Fraction Markers in ROH: 0.4058
Merged n=0 gaps < 0.0 M
Called n=10 ROH Blocks > 1.0 cM
Longest Block: 1.852
Successfully saved to ./Empirical/Eigenstrat/Reichall/I2379/chr5/roh.csv
Using Low-Mem Cython Linear Speed Up.
Loaded Pre Processing Model: Eigenstrat
Loading Individual: I2379

Loaded 75870 variants
Loaded 2504 individuals
HDF5 loaded from ./Data/1000Genomes/HDF5/1240kHDF5/all1240/chr6.hdf5
3 Eigenstrat Files with 5081 Individuals and 1233013 SNPs

Intersection on Positions: 75870
Nr of Matching Refs: 75870 / 75870
Full Intersection Ref/Alt Identical: 75816 / 75870
2504 / 2504 Individuals included in Reference
Extraction of 5008 Haplotypes complete
Reduced to markers called 39101 / 75816
(Fraction SNP: 0.5157354648095389)
Successfully saved to: ./Empirical/Eigenstrat/Reichall/I2379/chr6/
Successfully loaded Data from: ./Empirical/Eigenstrat/Reichall/I2379/chr6/
Loaded Emission Model: haploid
Loaded Transition Model: model
Loaded Post Processing Model: Standard
Minimum Genetic Map: 0.0035
Maximum Genetic Map: 1.9203
Gaps bigger than 0.1 cM: 261
Maximum Gap: 0.5138 cM
Loaded Transition and Emission Matrix:
(3, 3)
(5009, 39101)
Loaded Observations:
(2, 39101)
Memory Usage: 1997.623296 mB
Reference Number: 5008
Total Log likelihood: -13948.423
Memory Usage: 1997.623296 mB
Finished Calculation State Posteriors
Saved Zero State Posterior to ./Empirical/Eigenstrat/Reichall/I2379/chr6/.
Successfully loaded for PP. from ./Empirical/Eigenstrat/Reichall/I2379/chr6/
Fraction Markers in ROH: 0.4297
Merged n=0 gaps < 0.0 M
Called n=8 ROH Blocks > 1.0 cM
Longest Block: 1.531
Successfully saved to ./Empirical/Eigenstrat/Reichall/I2379/chr6/roh.csv
Using Low-Mem Cython Linear Speed Up.
Loaded Pre Processing Model: Eigenstrat
Loading Individual: I2379

Loaded 59890 variants
Loaded 2504 individuals
HDF5 loaded from ./Data/1000Genomes/HDF5/1240kHDF5/all1240/chr7.hdf5
3 Eigenstrat Files with 5081 Individuals and 1233013 SNPs

Intersection on Positions: 59890
Nr of Matching Refs: 59890 / 59890
Full Intersection Ref/Alt Identical: 59836 / 59890
2504 / 2504 Individuals included in Reference
Extraction of 5008 Haplotypes complete
Reduced to markers called 30699 / 59836
(Fraction SNP: 0.5130523430710608)
Successfully saved to: ./Empirical/Eigenstrat/Reichall/I2379/chr7/
Successfully loaded Data from: ./Empirical/Eigenstrat/Reichall/I2379/chr7/
Loaded Emission Model: haploid
Loaded Transition Model: model
Loaded Post Processing Model: Standard
Minimum Genetic Map: 0.0001
Maximum Genetic Map: 1.8715
Gaps bigger than 0.1 cM: 291
Maximum Gap: 0.8724 cM
Loaded Transition and Emission Matrix:
(3, 3)
(5009, 30699)
Loaded Observations:
(2, 30699)
Memory Usage: 1618.866176 mB
Reference Number: 5008
Total Log likelihood: -11201.482
Memory Usage: 1618.866176 mB
Finished Calculation State Posteriors
Saved Zero State Posterior to ./Empirical/Eigenstrat/Reichall/I2379/chr7/.
Successfully loaded for PP. from ./Empirical/Eigenstrat/Reichall/I2379/chr7/
Fraction Markers in ROH: 0.4280
Merged n=0 gaps < 0.0 M
Called n=9 ROH Blocks > 1.0 cM
Longest Block: 2.679
Successfully saved to ./Empirical/Eigenstrat/Reichall/I2379/chr7/roh.csv
Using Low-Mem Cython Linear Speed Up.
Loaded Pre Processing Model: Eigenstrat
Loading Individual: I2379

Loaded 61133 variants
Loaded 2504 individuals
HDF5 loaded from ./Data/1000Genomes/HDF5/1240kHDF5/all1240/chr8.hdf5
3 Eigenstrat Files with 5081 Individuals and 1233013 SNPs

Intersection on Positions: 61133
Nr of Matching Refs: 61133 / 61133
Full Intersection Ref/Alt Identical: 61091 / 61133
2504 / 2504 Individuals included in Reference
Extraction of 5008 Haplotypes complete
Reduced to markers called 32085 / 61091
(Fraction SNP: 0.5252001113093582)
Successfully saved to: ./Empirical/Eigenstrat/Reichall/I2379/chr8/
Successfully loaded Data from: ./Empirical/Eigenstrat/Reichall/I2379/chr8/
Loaded Emission Model: haploid
Loaded Transition Model: model
Loaded Post Processing Model: Standard
Minimum Genetic Map: 0.0000
Maximum Genetic Map: 1.6800
Gaps bigger than 0.1 cM: 213
Maximum Gap: 3.3533 cM
Loaded Transition and Emission Matrix:
(3, 3)
(5009, 32085)
Loaded Observations:
(2, 32085)
Memory Usage: 1682.132992 mB
Reference Number: 5008
Total Log likelihood: -11092.763
Memory Usage: 1682.132992 mB
Finished Calculation State Posteriors
Saved Zero State Posterior to ./Empirical/Eigenstrat/Reichall/I2379/chr8/.
Successfully loaded for PP. from ./Empirical/Eigenstrat/Reichall/I2379/chr8/
Fraction Markers in ROH: 0.4635
Merged n=0 gaps < 0.0 M
Called n=7 ROH Blocks > 1.0 cM
Longest Block: 4.876
Successfully saved to ./Empirical/Eigenstrat/Reichall/I2379/chr8/roh.csv
Using Low-Mem Cython Linear Speed Up.
Loaded Pre Processing Model: Eigenstrat
Loading Individual: I2379

Loaded 50668 variants
Loaded 2504 individuals
HDF5 loaded from ./Data/1000Genomes/HDF5/1240kHDF5/all1240/chr9.hdf5
3 Eigenstrat Files with 5081 Individuals and 1233013 SNPs

Intersection on Positions: 50668
Nr of Matching Refs: 50668 / 50668
Full Intersection Ref/Alt Identical: 50629 / 50668
2504 / 2504 Individuals included in Reference
Extraction of 5008 Haplotypes complete
Reduced to markers called 26729 / 50629
(Fraction SNP: 0.5279385332516937)
Successfully saved to: ./Empirical/Eigenstrat/Reichall/I2379/chr9/
Successfully loaded Data from: ./Empirical/Eigenstrat/Reichall/I2379/chr9/
Loaded Emission Model: haploid
Loaded Transition Model: model
Loaded Post Processing Model: Standard
Minimum Genetic Map: 0.0017
Maximum Genetic Map: 1.6630
Gaps bigger than 0.1 cM: 266
Maximum Gap: 2.3102 cM
Loaded Transition and Emission Matrix:
(3, 3)
(5009, 26729)
Loaded Observations:
(2, 26729)
Memory Usage: 1440.514048 mB
Reference Number: 5008
Total Log likelihood: -9870.411
Memory Usage: 1440.514048 mB
Finished Calculation State Posteriors
Saved Zero State Posterior to ./Empirical/Eigenstrat/Reichall/I2379/chr9/.
Successfully loaded for PP. from ./Empirical/Eigenstrat/Reichall/I2379/chr9/
Fraction Markers in ROH: 0.4333
Merged n=0 gaps < 0.0 M
Called n=11 ROH Blocks > 1.0 cM
Longest Block: 2.817
Successfully saved to ./Empirical/Eigenstrat/Reichall/I2379/chr9/roh.csv
Using Low-Mem Cython Linear Speed Up.
Loaded Pre Processing Model: Eigenstrat
Loading Individual: I2379

Loaded 58804 variants
Loaded 2504 individuals
HDF5 loaded from ./Data/1000Genomes/HDF5/1240kHDF5/all1240/chr10.hdf5
3 Eigenstrat Files with 5081 Individuals and 1233013 SNPs

Intersection on Positions: 58804
Nr of Matching Refs: 58804 / 58804
Full Intersection Ref/Alt Identical: 58763 / 58804
2504 / 2504 Individuals included in Reference
Extraction of 5008 Haplotypes complete
Reduced to markers called 31726 / 58763
(Fraction SNP: 0.5398975545836666)
Successfully saved to: ./Empirical/Eigenstrat/Reichall/I2379/chr10/
Successfully loaded Data from: ./Empirical/Eigenstrat/Reichall/I2379/chr10/
Loaded Emission Model: haploid
Loaded Transition Model: model
Loaded Post Processing Model: Standard
Minimum Genetic Map: 0.0001
Maximum Genetic Map: 1.8092
Gaps bigger than 0.1 cM: 266
Maximum Gap: 2.0340 cM
Loaded Transition and Emission Matrix:
(3, 3)
(5009, 31726)
Loaded Observations:
(2, 31726)
Memory Usage: 1666.043904 mB
Reference Number: 5008
Total Log likelihood: -11443.104
Memory Usage: 1666.043904 mB
Finished Calculation State Posteriors
Saved Zero State Posterior to ./Empirical/Eigenstrat/Reichall/I2379/chr10/.
Successfully loaded for PP. from ./Empirical/Eigenstrat/Reichall/I2379/chr10/
Fraction Markers in ROH: 0.4407
Merged n=0 gaps < 0.0 M
Called n=9 ROH Blocks > 1.0 cM
Longest Block: 2.005
Successfully saved to ./Empirical/Eigenstrat/Reichall/I2379/chr10/roh.csv
Using Low-Mem Cython Linear Speed Up.
Loaded Pre Processing Model: Eigenstrat
Loading Individual: I2379

Loaded 54833 variants
Loaded 2504 individuals
HDF5 loaded from ./Data/1000Genomes/HDF5/1240kHDF5/all1240/chr11.hdf5
3 Eigenstrat Files with 5081 Individuals and 1233013 SNPs

Intersection on Positions: 54833
Nr of Matching Refs: 54833 / 54833
Full Intersection Ref/Alt Identical: 54796 / 54833
2504 / 2504 Individuals included in Reference
Extraction of 5008 Haplotypes complete
Reduced to markers called 29180 / 54796
(Fraction SNP: 0.5325206219432075)
Successfully saved to: ./Empirical/Eigenstrat/Reichall/I2379/chr11/
Successfully loaded Data from: ./Empirical/Eigenstrat/Reichall/I2379/chr11/
Loaded Emission Model: haploid
Loaded Transition Model: model
Loaded Post Processing Model: Standard
Minimum Genetic Map: 0.0000
Maximum Genetic Map: 1.5822
Gaps bigger than 0.1 cM: 231
Maximum Gap: 0.5366 cM
Loaded Transition and Emission Matrix:
(3, 3)
(5009, 29180)
Loaded Observations:
(2, 29180)
Memory Usage: 1551.335424 mB
Reference Number: 5008
Total Log likelihood: -10463.041
Memory Usage: 1551.335424 mB
Finished Calculation State Posteriors
Saved Zero State Posterior to ./Empirical/Eigenstrat/Reichall/I2379/chr11/.
Successfully loaded for PP. from ./Empirical/Eigenstrat/Reichall/I2379/chr11/
Fraction Markers in ROH: 0.4215
Merged n=0 gaps < 0.0 M
Called n=7 ROH Blocks > 1.0 cM
Longest Block: 1.578
Successfully saved to ./Empirical/Eigenstrat/Reichall/I2379/chr11/roh.csv
Using Low-Mem Cython Linear Speed Up.
Loaded Pre Processing Model: Eigenstrat
Loading Individual: I2379

Loaded 53911 variants
Loaded 2504 individuals
HDF5 loaded from ./Data/1000Genomes/HDF5/1240kHDF5/all1240/chr12.hdf5
3 Eigenstrat Files with 5081 Individuals and 1233013 SNPs

Intersection on Positions: 53911
Nr of Matching Refs: 53911 / 53911
Full Intersection Ref/Alt Identical: 53884 / 53911
2504 / 2504 Individuals included in Reference
Extraction of 5008 Haplotypes complete
Reduced to markers called 28323 / 53884
(Fraction SNP: 0.5256291292405909)
Successfully saved to: ./Empirical/Eigenstrat/Reichall/I2379/chr12/
Successfully loaded Data from: ./Empirical/Eigenstrat/Reichall/I2379/chr12/
Loaded Emission Model: haploid
Loaded Transition Model: model
Loaded Post Processing Model: Standard
Minimum Genetic Map: 0.0009
Maximum Genetic Map: 1.7468
Gaps bigger than 0.1 cM: 278
Maximum Gap: 1.1517 cM
Loaded Transition and Emission Matrix:
(3, 3)
(5009, 28323)
Loaded Observations:
(2, 28323)
Memory Usage: 1511.981056 mB
Reference Number: 5008
Total Log likelihood: -10083.197
Memory Usage: 1511.981056 mB
Finished Calculation State Posteriors
Saved Zero State Posterior to ./Empirical/Eigenstrat/Reichall/I2379/chr12/.
Successfully loaded for PP. from ./Empirical/Eigenstrat/Reichall/I2379/chr12/
Fraction Markers in ROH: 0.4674
Merged n=0 gaps < 0.0 M
Called n=14 ROH Blocks > 1.0 cM
Longest Block: 2.258
Successfully saved to ./Empirical/Eigenstrat/Reichall/I2379/chr12/roh.csv
Using Low-Mem Cython Linear Speed Up.
Loaded Pre Processing Model: Eigenstrat
Loading Individual: I2379

Loaded 39018 variants
Loaded 2504 individuals
HDF5 loaded from ./Data/1000Genomes/HDF5/1240kHDF5/all1240/chr13.hdf5
3 Eigenstrat Files with 5081 Individuals and 1233013 SNPs

Intersection on Positions: 39018
Nr of Matching Refs: 39018 / 39018
Full Intersection Ref/Alt Identical: 38994 / 39018
2504 / 2504 Individuals included in Reference
Extraction of 5008 Haplotypes complete
Reduced to markers called 19305 / 38994
(Fraction SNP: 0.4950761655639329)
Successfully saved to: ./Empirical/Eigenstrat/Reichall/I2379/chr13/
Successfully loaded Data from: ./Empirical/Eigenstrat/Reichall/I2379/chr13/
Loaded Emission Model: haploid
Loaded Transition Model: model
Loaded Post Processing Model: Standard
Minimum Genetic Map: 0.0021
Maximum Genetic Map: 1.2570
Gaps bigger than 0.1 cM: 210
Maximum Gap: 1.2227 cM
Loaded Transition and Emission Matrix:
(3, 3)
(5009, 19305)
Loaded Observations:
(2, 19305)
Memory Usage: 1105.850368 mB
Reference Number: 5008
Total Log likelihood: -6835.524
Memory Usage: 1105.850368 mB
Finished Calculation State Posteriors
Saved Zero State Posterior to ./Empirical/Eigenstrat/Reichall/I2379/chr13/.
Successfully loaded for PP. from ./Empirical/Eigenstrat/Reichall/I2379/chr13/
Fraction Markers in ROH: 0.4526
Merged n=0 gaps < 0.0 M
Called n=9 ROH Blocks > 1.0 cM
Longest Block: 2.384
Successfully saved to ./Empirical/Eigenstrat/Reichall/I2379/chr13/roh.csv
Using Low-Mem Cython Linear Speed Up.
Loaded Pre Processing Model: Eigenstrat
Loading Individual: I2379

Loaded 36301 variants
Loaded 2504 individuals
HDF5 loaded from ./Data/1000Genomes/HDF5/1240kHDF5/all1240/chr14.hdf5
3 Eigenstrat Files with 5081 Individuals and 1233013 SNPs

Intersection on Positions: 36301
Nr of Matching Refs: 36301 / 36301
Full Intersection Ref/Alt Identical: 36280 / 36301
2504 / 2504 Individuals included in Reference
Extraction of 5008 Haplotypes complete
Reduced to markers called 18907 / 36280
(Fraction SNP: 0.521141124586549)
Successfully saved to: ./Empirical/Eigenstrat/Reichall/I2379/chr14/
Successfully loaded Data from: ./Empirical/Eigenstrat/Reichall/I2379/chr14/
Loaded Emission Model: haploid
Loaded Transition Model: model
Loaded Post Processing Model: Standard
Minimum Genetic Map: 0.0184
Maximum Genetic Map: 1.2020
Gaps bigger than 0.1 cM: 185
Maximum Gap: 2.8508 cM
Loaded Transition and Emission Matrix:
(3, 3)
(5009, 18907)
Loaded Observations:
(2, 18907)
Memory Usage: 1088.55296 mB
Reference Number: 5008
Total Log likelihood: -7028.364
Memory Usage: 1088.55296 mB
Finished Calculation State Posteriors
Saved Zero State Posterior to ./Empirical/Eigenstrat/Reichall/I2379/chr14/.
Successfully loaded for PP. from ./Empirical/Eigenstrat/Reichall/I2379/chr14/
Fraction Markers in ROH: 0.3972
Merged n=0 gaps < 0.0 M
Called n=4 ROH Blocks > 1.0 cM
Longest Block: 2.550
Successfully saved to ./Empirical/Eigenstrat/Reichall/I2379/chr14/roh.csv
Using Low-Mem Cython Linear Speed Up.
Loaded Pre Processing Model: Eigenstrat
Loading Individual: I2379

Loaded 34429 variants
Loaded 2504 individuals
HDF5 loaded from ./Data/1000Genomes/HDF5/1240kHDF5/all1240/chr15.hdf5
3 Eigenstrat Files with 5081 Individuals and 1233013 SNPs

Intersection on Positions: 34429
Nr of Matching Refs: 34429 / 34429
Full Intersection Ref/Alt Identical: 34407 / 34429
2504 / 2504 Individuals included in Reference
Extraction of 5008 Haplotypes complete
Reduced to markers called 18584 / 34407
(Fraction SNP: 0.5401226494608655)
Successfully saved to: ./Empirical/Eigenstrat/Reichall/I2379/chr15/
Successfully loaded Data from: ./Empirical/Eigenstrat/Reichall/I2379/chr15/
Loaded Emission Model: haploid
Loaded Transition Model: model
Loaded Post Processing Model: Standard
Minimum Genetic Map: 0.0000
Maximum Genetic Map: 1.4134
Gaps bigger than 0.1 cM: 198
Maximum Gap: 13.7774 cM
Loaded Transition and Emission Matrix:
(3, 3)
(5009, 18584)
Loaded Observations:
(2, 18584)
Memory Usage: 1074.065408 mB
Reference Number: 5008
Total Log likelihood: -6753.826
Memory Usage: 1074.065408 mB
Finished Calculation State Posteriors
Saved Zero State Posterior to ./Empirical/Eigenstrat/Reichall/I2379/chr15/.
Successfully loaded for PP. from ./Empirical/Eigenstrat/Reichall/I2379/chr15/
Fraction Markers in ROH: 0.4419
Merged n=0 gaps < 0.0 M
Called n=10 ROH Blocks > 1.0 cM
Longest Block: 2.326
Successfully saved to ./Empirical/Eigenstrat/Reichall/I2379/chr15/roh.csv
Using Low-Mem Cython Linear Speed Up.
Loaded Pre Processing Model: Eigenstrat
Loading Individual: I2379

Loaded 34402 variants
Loaded 2504 individuals
HDF5 loaded from ./Data/1000Genomes/HDF5/1240kHDF5/all1240/chr16.hdf5
3 Eigenstrat Files with 5081 Individuals and 1233013 SNPs

Intersection on Positions: 34402
Nr of Matching Refs: 34402 / 34402
Full Intersection Ref/Alt Identical: 34375 / 34402
2504 / 2504 Individuals included in Reference
Extraction of 5008 Haplotypes complete
Reduced to markers called 19668 / 34375
(Fraction SNP: 0.57216)
Successfully saved to: ./Empirical/Eigenstrat/Reichall/I2379/chr16/
Successfully loaded Data from: ./Empirical/Eigenstrat/Reichall/I2379/chr16/
Loaded Emission Model: haploid
Loaded Transition Model: model
Loaded Post Processing Model: Standard
Minimum Genetic Map: -0.0000
Maximum Genetic Map: 1.3403
Gaps bigger than 0.1 cM: 213
Maximum Gap: 1.0291 cM
Loaded Transition and Emission Matrix:
(3, 3)
(5009, 19668)
Loaded Observations:
(2, 19668)
Memory Usage: 1123.51232 mB
Reference Number: 5008
Total Log likelihood: -7356.660
Memory Usage: 1123.51232 mB
Finished Calculation State Posteriors
Saved Zero State Posterior to ./Empirical/Eigenstrat/Reichall/I2379/chr16/.
Successfully loaded for PP. from ./Empirical/Eigenstrat/Reichall/I2379/chr16/
Fraction Markers in ROH: 0.3990
Merged n=0 gaps < 0.0 M
Called n=8 ROH Blocks > 1.0 cM
Longest Block: 2.181
Successfully saved to ./Empirical/Eigenstrat/Reichall/I2379/chr16/roh.csv
Using Low-Mem Cython Linear Speed Up.
Loaded Pre Processing Model: Eigenstrat
Loading Individual: I2379

Loaded 29314 variants
Loaded 2504 individuals
HDF5 loaded from ./Data/1000Genomes/HDF5/1240kHDF5/all1240/chr17.hdf5
3 Eigenstrat Files with 5081 Individuals and 1233013 SNPs

Intersection on Positions: 29314
Nr of Matching Refs: 29314 / 29314
Full Intersection Ref/Alt Identical: 29292 / 29314
2504 / 2504 Individuals included in Reference
Extraction of 5008 Haplotypes complete
Reduced to markers called 16846 / 29292
(Fraction SNP: 0.5751058309436023)
Successfully saved to: ./Empirical/Eigenstrat/Reichall/I2379/chr17/
Successfully loaded Data from: ./Empirical/Eigenstrat/Reichall/I2379/chr17/
Loaded Emission Model: haploid
Loaded Transition Model: model
Loaded Post Processing Model: Standard
Minimum Genetic Map: 0.0002
Maximum Genetic Map: 1.2847
Gaps bigger than 0.1 cM: 203
Maximum Gap: 1.2341 cM
Loaded Transition and Emission Matrix:
(3, 3)
(5009, 16846)
Loaded Observations:
(2, 16846)
Memory Usage: 995.782656 mB
Reference Number: 5008
Total Log likelihood: -6159.165
Memory Usage: 995.782656 mB
Finished Calculation State Posteriors
Saved Zero State Posterior to ./Empirical/Eigenstrat/Reichall/I2379/chr17/.
Successfully loaded for PP. from ./Empirical/Eigenstrat/Reichall/I2379/chr17/
Fraction Markers in ROH: 0.4179
Merged n=0 gaps < 0.0 M
Called n=9 ROH Blocks > 1.0 cM
Longest Block: 2.361
Successfully saved to ./Empirical/Eigenstrat/Reichall/I2379/chr17/roh.csv
Using Low-Mem Cython Linear Speed Up.
Loaded Pre Processing Model: Eigenstrat
Loading Individual: I2379

Loaded 33917 variants
Loaded 2504 individuals
HDF5 loaded from ./Data/1000Genomes/HDF5/1240kHDF5/all1240/chr18.hdf5
3 Eigenstrat Files with 5081 Individuals and 1233013 SNPs

Intersection on Positions: 33917
Nr of Matching Refs: 33917 / 33917
Full Intersection Ref/Alt Identical: 33902 / 33917
2504 / 2504 Individuals included in Reference
Extraction of 5008 Haplotypes complete
Reduced to markers called 17573 / 33902
(Fraction SNP: 0.5183470001769807)
Successfully saved to: ./Empirical/Eigenstrat/Reichall/I2379/chr18/
Successfully loaded Data from: ./Empirical/Eigenstrat/Reichall/I2379/chr18/
Loaded Emission Model: haploid
Loaded Transition Model: model
Loaded Post Processing Model: Standard
Minimum Genetic Map: 0.0027
Maximum Genetic Map: 1.1771
Gaps bigger than 0.1 cM: 196
Maximum Gap: 0.4827 cM
Loaded Transition and Emission Matrix:
(3, 3)
(5009, 17573)
Loaded Observations:
(2, 17573)
Memory Usage: 1028.595712 mB
Reference Number: 5008
Total Log likelihood: -6581.765
Memory Usage: 1028.595712 mB
Finished Calculation State Posteriors
Saved Zero State Posterior to ./Empirical/Eigenstrat/Reichall/I2379/chr18/.
Successfully loaded for PP. from ./Empirical/Eigenstrat/Reichall/I2379/chr18/
Fraction Markers in ROH: 0.3813
Merged n=0 gaps < 0.0 M
Called n=7 ROH Blocks > 1.0 cM
Longest Block: 1.776
Successfully saved to ./Empirical/Eigenstrat/Reichall/I2379/chr18/roh.csv
Using Low-Mem Cython Linear Speed Up.
Loaded Pre Processing Model: Eigenstrat
Loading Individual: I2379

Loaded 18460 variants
Loaded 2504 individuals
HDF5 loaded from ./Data/1000Genomes/HDF5/1240kHDF5/all1240/chr19.hdf5
3 Eigenstrat Files with 5081 Individuals and 1233013 SNPs

Intersection on Positions: 18460
Nr of Matching Refs: 18460 / 18460
Full Intersection Ref/Alt Identical: 18441 / 18460
2504 / 2504 Individuals included in Reference
Extraction of 5008 Haplotypes complete
Reduced to markers called 10785 / 18441
(Fraction SNP: 0.5848381324223199)
Successfully saved to: ./Empirical/Eigenstrat/Reichall/I2379/chr19/
Successfully loaded Data from: ./Empirical/Eigenstrat/Reichall/I2379/chr19/
Loaded Emission Model: haploid
Loaded Transition Model: model
Loaded Post Processing Model: Standard
Minimum Genetic Map: 0.0000
Maximum Genetic Map: 1.0773
Gaps bigger than 0.1 cM: 204
Maximum Gap: 0.6114 cM
Loaded Transition and Emission Matrix:
(3, 3)
(5009, 10785)
Loaded Observations:
(2, 10785)
Memory Usage: 728.02304 mB
Reference Number: 5008
Total Log likelihood: -4300.414
Memory Usage: 728.02304 mB
Finished Calculation State Posteriors
Saved Zero State Posterior to ./Empirical/Eigenstrat/Reichall/I2379/chr19/.
Successfully loaded for PP. from ./Empirical/Eigenstrat/Reichall/I2379/chr19/
Fraction Markers in ROH: 0.3903
Merged n=0 gaps < 0.0 M
Called n=5 ROH Blocks > 1.0 cM
Longest Block: 1.701
Successfully saved to ./Empirical/Eigenstrat/Reichall/I2379/chr19/roh.csv
Using Low-Mem Cython Linear Speed Up.
Loaded Pre Processing Model: Eigenstrat
Loading Individual: I2379

Loaded 29078 variants
Loaded 2504 individuals
HDF5 loaded from ./Data/1000Genomes/HDF5/1240kHDF5/all1240/chr20.hdf5
3 Eigenstrat Files with 5081 Individuals and 1233013 SNPs

Intersection on Positions: 29078
Nr of Matching Refs: 29078 / 29078
Full Intersection Ref/Alt Identical: 29053 / 29078
2504 / 2504 Individuals included in Reference
Extraction of 5008 Haplotypes complete
Reduced to markers called 16592 / 29053
(Fraction SNP: 0.5710942071386775)
Successfully saved to: ./Empirical/Eigenstrat/Reichall/I2379/chr20/
Successfully loaded Data from: ./Empirical/Eigenstrat/Reichall/I2379/chr20/
Loaded Emission Model: haploid
Loaded Transition Model: model
Loaded Post Processing Model: Standard
Minimum Genetic Map: 0.0000
Maximum Genetic Map: 1.0821
Gaps bigger than 0.1 cM: 183
Maximum Gap: 0.4744 cM
Loaded Transition and Emission Matrix:
(3, 3)
(5009, 16592)
Loaded Observations:
(2, 16592)
Memory Usage: 990.072832 mB
Reference Number: 5008
Total Log likelihood: -6235.220
Memory Usage: 990.072832 mB
Finished Calculation State Posteriors
Saved Zero State Posterior to ./Empirical/Eigenstrat/Reichall/I2379/chr20/.
Successfully loaded for PP. from ./Empirical/Eigenstrat/Reichall/I2379/chr20/
Fraction Markers in ROH: 0.3739
Merged n=0 gaps < 0.0 M
Called n=4 ROH Blocks > 1.0 cM
Longest Block: 1.762
Successfully saved to ./Empirical/Eigenstrat/Reichall/I2379/chr20/roh.csv
Using Low-Mem Cython Linear Speed Up.
Loaded Pre Processing Model: Eigenstrat
Loading Individual: I2379

Loaded 16038 variants
Loaded 2504 individuals
HDF5 loaded from ./Data/1000Genomes/HDF5/1240kHDF5/all1240/chr21.hdf5
3 Eigenstrat Files with 5081 Individuals and 1233013 SNPs

Intersection on Positions: 16038
Nr of Matching Refs: 16038 / 16038
Full Intersection Ref/Alt Identical: 16031 / 16038
2504 / 2504 Individuals included in Reference
Extraction of 5008 Haplotypes complete
Reduced to markers called 8197 / 16031
(Fraction SNP: 0.5113218139854033)
Successfully saved to: ./Empirical/Eigenstrat/Reichall/I2379/chr21/
Successfully loaded Data from: ./Empirical/Eigenstrat/Reichall/I2379/chr21/
Loaded Emission Model: haploid
Loaded Transition Model: model
Loaded Post Processing Model: Standard
Minimum Genetic Map: -0.0085
Maximum Genetic Map: 0.6277
Gaps bigger than 0.1 cM: 117
Maximum Gap: 1.7201 cM
Loaded Transition and Emission Matrix:
(3, 3)
(5009, 8197)
Loaded Observations:
(2, 8197)
Memory Usage: 611.885056 mB
Reference Number: 5008
Total Log likelihood: -3068.759
Memory Usage: 611.885056 mB
Finished Calculation State Posteriors
Saved Zero State Posterior to ./Empirical/Eigenstrat/Reichall/I2379/chr21/.
Successfully loaded for PP. from ./Empirical/Eigenstrat/Reichall/I2379/chr21/
Fraction Markers in ROH: 0.4313
Merged n=0 gaps < 0.0 M
Called n=4 ROH Blocks > 1.0 cM
Longest Block: 1.988
Successfully saved to ./Empirical/Eigenstrat/Reichall/I2379/chr21/roh.csv
Using Low-Mem Cython Linear Speed Up.
Loaded Pre Processing Model: Eigenstrat
Loading Individual: I2379

Loaded 15802 variants
Loaded 2504 individuals
HDF5 loaded from ./Data/1000Genomes/HDF5/1240kHDF5/all1240/chr22.hdf5
3 Eigenstrat Files with 5081 Individuals and 1233013 SNPs

Intersection on Positions: 15802
Nr of Matching Refs: 15802 / 15802
Full Intersection Ref/Alt Identical: 15793 / 15802
2504 / 2504 Individuals included in Reference
Extraction of 5008 Haplotypes complete
Reduced to markers called 9531 / 15793
(Fraction SNP: 0.6034952194010005)
Successfully saved to: ./Empirical/Eigenstrat/Reichall/I2379/chr22/
Successfully loaded Data from: ./Empirical/Eigenstrat/Reichall/I2379/chr22/
Loaded Emission Model: haploid
Loaded Transition Model: model
Loaded Post Processing Model: Standard
Minimum Genetic Map: 0.0171
Maximum Genetic Map: 0.7408
Gaps bigger than 0.1 cM: 114
Maximum Gap: 1.7129 cM
Loaded Transition and Emission Matrix:
(3, 3)
(5009, 9531)
Loaded Observations:
(2, 9531)
Memory Usage: 672.022528 mB
Reference Number: 5008
Total Log likelihood: -3404.696
Memory Usage: 672.022528 mB
Finished Calculation State Posteriors
Saved Zero State Posterior to ./Empirical/Eigenstrat/Reichall/I2379/chr22/.
Successfully loaded for PP. from ./Empirical/Eigenstrat/Reichall/I2379/chr22/
Fraction Markers in ROH: 0.4421
Merged n=0 gaps < 0.0 M
Called n=6 ROH Blocks > 1.0 cM
Longest Block: 2.235
Successfully saved to ./Empirical/Eigenstrat/Reichall/I2379/chr22/roh.csv
