Loaded 2106 / 5081 ancient Indivdiuals Anno File.
Doing Individual I2370...
Using Low-Mem Cython Linear Speed Up.
Loaded Pre Processing Model: Eigenstrat
Loading Individual: I2370

Loaded 89147 variants
Loaded 2504 individuals
HDF5 loaded from ./Data/1000Genomes/HDF5/1240kHDF5/all1240/chr1.hdf5
3 Eigenstrat Files with 5081 Individuals and 1233013 SNPs

Intersection on Positions: 89147
Nr of Matching Refs: 89147 / 89147
Full Intersection Ref/Alt Identical: 89082 / 89147
2504 / 2504 Individuals included in Reference
Extraction of 5008 Haplotypes complete
Reduced to markers called 67550 / 89082
(Fraction SNP: 0.7582901147257582)
Successfully saved to: ./Empirical/Eigenstrat/Reichall/I2370/chr1/
Successfully loaded Data from: ./Empirical/Eigenstrat/Reichall/I2370/chr1/
Loaded Emission Model: haploid
Loaded Transition Model: model
Loaded Post Processing Model: Standard
Minimum Genetic Map: 0.0201
Maximum Genetic Map: 2.8627
Gaps bigger than 0.1 cM: 314
Maximum Gap: 2.9476 cM
Loaded Transition and Emission Matrix:
(3, 3)
(5009, 67550)
Loaded Observations:
(2, 67550)
Memory Usage: 3239.612416 mB
Reference Number: 5008
Total Log likelihood: -23223.900
Memory Usage: 3240.075264 mB
Finished Calculation State Posteriors
Saved Zero State Posterior to ./Empirical/Eigenstrat/Reichall/I2370/chr1/.
Successfully loaded for PP. from ./Empirical/Eigenstrat/Reichall/I2370/chr1/
Fraction Markers in ROH: 0.4495
Merged n=0 gaps < 0.0 M
Called n=12 ROH Blocks > 1.0 cM
Longest Block: 2.204
Successfully saved to ./Empirical/Eigenstrat/Reichall/I2370/chr1/roh.csv
Using Low-Mem Cython Linear Speed Up.
Loaded Pre Processing Model: Eigenstrat
Loading Individual: I2370

Loaded 94239 variants
Loaded 2504 individuals
HDF5 loaded from ./Data/1000Genomes/HDF5/1240kHDF5/all1240/chr2.hdf5
3 Eigenstrat Files with 5081 Individuals and 1233013 SNPs

Intersection on Positions: 94239
Nr of Matching Refs: 94239 / 94239
Full Intersection Ref/Alt Identical: 94173 / 94239
2504 / 2504 Individuals included in Reference
Extraction of 5008 Haplotypes complete
Reduced to markers called 68751 / 94173
(Fraction SNP: 0.730050014335319)
Successfully saved to: ./Empirical/Eigenstrat/Reichall/I2370/chr2/
Successfully loaded Data from: ./Empirical/Eigenstrat/Reichall/I2370/chr2/
Loaded Emission Model: haploid
Loaded Transition Model: model
Loaded Post Processing Model: Standard
Minimum Genetic Map: 0.0001
Maximum Genetic Map: 2.6883
Gaps bigger than 0.1 cM: 296
Maximum Gap: 2.1079 cM
Loaded Transition and Emission Matrix:
(3, 3)
(5009, 68751)
Loaded Observations:
(2, 68751)
Memory Usage: 3332.616192 mB
Reference Number: 5008
Total Log likelihood: -24184.757
Memory Usage: 3332.616192 mB
Finished Calculation State Posteriors
Saved Zero State Posterior to ./Empirical/Eigenstrat/Reichall/I2370/chr2/.
Successfully loaded for PP. from ./Empirical/Eigenstrat/Reichall/I2370/chr2/
Fraction Markers in ROH: 0.4344
Merged n=0 gaps < 0.0 M
Called n=10 ROH Blocks > 1.0 cM
Longest Block: 2.364
Successfully saved to ./Empirical/Eigenstrat/Reichall/I2370/chr2/roh.csv
Using Low-Mem Cython Linear Speed Up.
Loaded Pre Processing Model: Eigenstrat
Loading Individual: I2370

Loaded 77652 variants
Loaded 2504 individuals
HDF5 loaded from ./Data/1000Genomes/HDF5/1240kHDF5/all1240/chr3.hdf5
3 Eigenstrat Files with 5081 Individuals and 1233013 SNPs

Intersection on Positions: 77652
Nr of Matching Refs: 77652 / 77652
Full Intersection Ref/Alt Identical: 77601 / 77652
2504 / 2504 Individuals included in Reference
Extraction of 5008 Haplotypes complete
Reduced to markers called 56202 / 77601
(Fraction SNP: 0.7242432442880891)
Successfully saved to: ./Empirical/Eigenstrat/Reichall/I2370/chr3/
Successfully loaded Data from: ./Empirical/Eigenstrat/Reichall/I2370/chr3/
Loaded Emission Model: haploid
Loaded Transition Model: model
Loaded Post Processing Model: Standard
Minimum Genetic Map: 0.0000
Maximum Genetic Map: 2.2325
Gaps bigger than 0.1 cM: 263
Maximum Gap: 0.3910 cM
Loaded Transition and Emission Matrix:
(3, 3)
(5009, 56202)
Loaded Observations:
(2, 56202)
Memory Usage: 2767.499264 mB
Reference Number: 5008
Total Log likelihood: -19951.132
Memory Usage: 2767.499264 mB
Finished Calculation State Posteriors
Saved Zero State Posterior to ./Empirical/Eigenstrat/Reichall/I2370/chr3/.
Successfully loaded for PP. from ./Empirical/Eigenstrat/Reichall/I2370/chr3/
Fraction Markers in ROH: 0.4320
Merged n=0 gaps < 0.0 M
Called n=8 ROH Blocks > 1.0 cM
Longest Block: 1.906
Successfully saved to ./Empirical/Eigenstrat/Reichall/I2370/chr3/roh.csv
Using Low-Mem Cython Linear Speed Up.
Loaded Pre Processing Model: Eigenstrat
Loading Individual: I2370

Loaded 68759 variants
Loaded 2504 individuals
HDF5 loaded from ./Data/1000Genomes/HDF5/1240kHDF5/all1240/chr4.hdf5
3 Eigenstrat Files with 5081 Individuals and 1233013 SNPs

Intersection on Positions: 68759
Nr of Matching Refs: 68759 / 68759
Full Intersection Ref/Alt Identical: 68720 / 68759
2504 / 2504 Individuals included in Reference
Extraction of 5008 Haplotypes complete
Reduced to markers called 47073 / 68720
(Fraction SNP: 0.6849970896391152)
Successfully saved to: ./Empirical/Eigenstrat/Reichall/I2370/chr4/
Successfully loaded Data from: ./Empirical/Eigenstrat/Reichall/I2370/chr4/
Loaded Emission Model: haploid
Loaded Transition Model: model
Loaded Post Processing Model: Standard
Minimum Genetic Map: 0.0034
Maximum Genetic Map: 2.1454
Gaps bigger than 0.1 cM: 269
Maximum Gap: 2.0422 cM
Loaded Transition and Emission Matrix:
(3, 3)
(5009, 47073)
Loaded Observations:
(2, 47073)
Memory Usage: 2356.65408 mB
Reference Number: 5008
Total Log likelihood: -17203.269
Memory Usage: 2356.65408 mB
Finished Calculation State Posteriors
Saved Zero State Posterior to ./Empirical/Eigenstrat/Reichall/I2370/chr4/.
Successfully loaded for PP. from ./Empirical/Eigenstrat/Reichall/I2370/chr4/
Fraction Markers in ROH: 0.3869
Merged n=0 gaps < 0.0 M
Called n=3 ROH Blocks > 1.0 cM
Longest Block: 2.135
Successfully saved to ./Empirical/Eigenstrat/Reichall/I2370/chr4/roh.csv
Using Low-Mem Cython Linear Speed Up.
Loaded Pre Processing Model: Eigenstrat
Loading Individual: I2370

Loaded 69399 variants
Loaded 2504 individuals
HDF5 loaded from ./Data/1000Genomes/HDF5/1240kHDF5/all1240/chr5.hdf5
3 Eigenstrat Files with 5081 Individuals and 1233013 SNPs

Intersection on Positions: 69399
Nr of Matching Refs: 69399 / 69399
Full Intersection Ref/Alt Identical: 69354 / 69399
2504 / 2504 Individuals included in Reference
Extraction of 5008 Haplotypes complete
Reduced to markers called 50197 / 69354
(Fraction SNP: 0.7237794503561439)
Successfully saved to: ./Empirical/Eigenstrat/Reichall/I2370/chr5/
Successfully loaded Data from: ./Empirical/Eigenstrat/Reichall/I2370/chr5/
Loaded Emission Model: haploid
Loaded Transition Model: model
Loaded Post Processing Model: Standard
Minimum Genetic Map: 0.0004
Maximum Genetic Map: 2.0409
Gaps bigger than 0.1 cM: 256
Maximum Gap: 1.0985 cM
Loaded Transition and Emission Matrix:
(3, 3)
(5009, 50197)
Loaded Observations:
(2, 50197)
Memory Usage: 2497.650688 mB
Reference Number: 5008
Total Log likelihood: -17946.382
Memory Usage: 2497.650688 mB
Finished Calculation State Posteriors
Saved Zero State Posterior to ./Empirical/Eigenstrat/Reichall/I2370/chr5/.
Successfully loaded for PP. from ./Empirical/Eigenstrat/Reichall/I2370/chr5/
Fraction Markers in ROH: 0.4089
Merged n=0 gaps < 0.0 M
Called n=11 ROH Blocks > 1.0 cM
Longest Block: 1.942
Successfully saved to ./Empirical/Eigenstrat/Reichall/I2370/chr5/roh.csv
Using Low-Mem Cython Linear Speed Up.
Loaded Pre Processing Model: Eigenstrat
Loading Individual: I2370

Loaded 75870 variants
Loaded 2504 individuals
HDF5 loaded from ./Data/1000Genomes/HDF5/1240kHDF5/all1240/chr6.hdf5
3 Eigenstrat Files with 5081 Individuals and 1233013 SNPs

Intersection on Positions: 75870
Nr of Matching Refs: 75870 / 75870
Full Intersection Ref/Alt Identical: 75816 / 75870
2504 / 2504 Individuals included in Reference
Extraction of 5008 Haplotypes complete
Reduced to markers called 54883 / 75816
(Fraction SNP: 0.7238973303788119)
Successfully saved to: ./Empirical/Eigenstrat/Reichall/I2370/chr6/
Successfully loaded Data from: ./Empirical/Eigenstrat/Reichall/I2370/chr6/
Loaded Emission Model: haploid
Loaded Transition Model: model
Loaded Post Processing Model: Standard
Minimum Genetic Map: 0.0035
Maximum Genetic Map: 1.9203
Gaps bigger than 0.1 cM: 203
Maximum Gap: 0.5076 cM
Loaded Transition and Emission Matrix:
(3, 3)
(5009, 54883)
Loaded Observations:
(2, 54883)
Memory Usage: 2708.201472 mB
Reference Number: 5008
Total Log likelihood: -19884.704
Memory Usage: 2708.201472 mB
Finished Calculation State Posteriors
Saved Zero State Posterior to ./Empirical/Eigenstrat/Reichall/I2370/chr6/.
Successfully loaded for PP. from ./Empirical/Eigenstrat/Reichall/I2370/chr6/
Fraction Markers in ROH: 0.3765
Merged n=0 gaps < 0.0 M
Called n=6 ROH Blocks > 1.0 cM
Longest Block: 2.556
Successfully saved to ./Empirical/Eigenstrat/Reichall/I2370/chr6/roh.csv
Using Low-Mem Cython Linear Speed Up.
Loaded Pre Processing Model: Eigenstrat
Loading Individual: I2370

Loaded 59890 variants
Loaded 2504 individuals
HDF5 loaded from ./Data/1000Genomes/HDF5/1240kHDF5/all1240/chr7.hdf5
3 Eigenstrat Files with 5081 Individuals and 1233013 SNPs

Intersection on Positions: 59890
Nr of Matching Refs: 59890 / 59890
Full Intersection Ref/Alt Identical: 59836 / 59890
2504 / 2504 Individuals included in Reference
Extraction of 5008 Haplotypes complete
Reduced to markers called 43039 / 59836
(Fraction SNP: 0.7192827060632395)
Successfully saved to: ./Empirical/Eigenstrat/Reichall/I2370/chr7/
Successfully loaded Data from: ./Empirical/Eigenstrat/Reichall/I2370/chr7/
Loaded Emission Model: haploid
Loaded Transition Model: model
Loaded Post Processing Model: Standard
Minimum Genetic Map: 0.0001
Maximum Genetic Map: 1.8715
Gaps bigger than 0.1 cM: 244
Maximum Gap: 0.8416 cM
Loaded Transition and Emission Matrix:
(3, 3)
(5009, 43039)
Loaded Observations:
(2, 43039)
Memory Usage: 2174.672896 mB
Reference Number: 5008
Total Log likelihood: -15624.180
Memory Usage: 2174.672896 mB
Finished Calculation State Posteriors
Saved Zero State Posterior to ./Empirical/Eigenstrat/Reichall/I2370/chr7/.
Successfully loaded for PP. from ./Empirical/Eigenstrat/Reichall/I2370/chr7/
Fraction Markers in ROH: 0.4127
Merged n=0 gaps < 0.0 M
Called n=6 ROH Blocks > 1.0 cM
Longest Block: 1.397
Successfully saved to ./Empirical/Eigenstrat/Reichall/I2370/chr7/roh.csv
Using Low-Mem Cython Linear Speed Up.
Loaded Pre Processing Model: Eigenstrat
Loading Individual: I2370

Loaded 61133 variants
Loaded 2504 individuals
HDF5 loaded from ./Data/1000Genomes/HDF5/1240kHDF5/all1240/chr8.hdf5
3 Eigenstrat Files with 5081 Individuals and 1233013 SNPs

Intersection on Positions: 61133
Nr of Matching Refs: 61133 / 61133
Full Intersection Ref/Alt Identical: 61091 / 61133
2504 / 2504 Individuals included in Reference
Extraction of 5008 Haplotypes complete
Reduced to markers called 44744 / 61091
(Fraction SNP: 0.7324155767625345)
Successfully saved to: ./Empirical/Eigenstrat/Reichall/I2370/chr8/
Successfully loaded Data from: ./Empirical/Eigenstrat/Reichall/I2370/chr8/
Loaded Emission Model: haploid
Loaded Transition Model: model
Loaded Post Processing Model: Standard
Minimum Genetic Map: 0.0000
Maximum Genetic Map: 1.6800
Gaps bigger than 0.1 cM: 168
Maximum Gap: 1.8932 cM
Loaded Transition and Emission Matrix:
(3, 3)
(5009, 44744)
Loaded Observations:
(2, 44744)
Memory Usage: 2251.800576 mB
Reference Number: 5008
Total Log likelihood: -16655.212
Memory Usage: 2251.800576 mB
Finished Calculation State Posteriors
Saved Zero State Posterior to ./Empirical/Eigenstrat/Reichall/I2370/chr8/.
Successfully loaded for PP. from ./Empirical/Eigenstrat/Reichall/I2370/chr8/
Fraction Markers in ROH: 0.4011
Merged n=0 gaps < 0.0 M
Called n=4 ROH Blocks > 1.0 cM
Longest Block: 1.206
Successfully saved to ./Empirical/Eigenstrat/Reichall/I2370/chr8/roh.csv
Using Low-Mem Cython Linear Speed Up.
Loaded Pre Processing Model: Eigenstrat
Loading Individual: I2370

Loaded 50668 variants
Loaded 2504 individuals
HDF5 loaded from ./Data/1000Genomes/HDF5/1240kHDF5/all1240/chr9.hdf5
3 Eigenstrat Files with 5081 Individuals and 1233013 SNPs

Intersection on Positions: 50668
Nr of Matching Refs: 50668 / 50668
Full Intersection Ref/Alt Identical: 50629 / 50668
2504 / 2504 Individuals included in Reference
Extraction of 5008 Haplotypes complete
Reduced to markers called 37575 / 50629
(Fraction SNP: 0.7421635821367201)
Successfully saved to: ./Empirical/Eigenstrat/Reichall/I2370/chr9/
Successfully loaded Data from: ./Empirical/Eigenstrat/Reichall/I2370/chr9/
Loaded Emission Model: haploid
Loaded Transition Model: model
Loaded Post Processing Model: Standard
Minimum Genetic Map: 0.0016
Maximum Genetic Map: 1.6630
Gaps bigger than 0.1 cM: 221
Maximum Gap: 1.8819 cM
Loaded Transition and Emission Matrix:
(3, 3)
(5009, 37575)
Loaded Observations:
(2, 37575)
Memory Usage: 1928.716288 mB
Reference Number: 5008
Total Log likelihood: -13478.397
Memory Usage: 1928.716288 mB
Finished Calculation State Posteriors
Saved Zero State Posterior to ./Empirical/Eigenstrat/Reichall/I2370/chr9/.
Successfully loaded for PP. from ./Empirical/Eigenstrat/Reichall/I2370/chr9/
Fraction Markers in ROH: 0.4109
Merged n=0 gaps < 0.0 M
Called n=8 ROH Blocks > 1.0 cM
Longest Block: 1.926
Successfully saved to ./Empirical/Eigenstrat/Reichall/I2370/chr9/roh.csv
Using Low-Mem Cython Linear Speed Up.
Loaded Pre Processing Model: Eigenstrat
Loading Individual: I2370

Loaded 58804 variants
Loaded 2504 individuals
HDF5 loaded from ./Data/1000Genomes/HDF5/1240kHDF5/all1240/chr10.hdf5
3 Eigenstrat Files with 5081 Individuals and 1233013 SNPs

Intersection on Positions: 58804
Nr of Matching Refs: 58804 / 58804
Full Intersection Ref/Alt Identical: 58763 / 58804
2504 / 2504 Individuals included in Reference
Extraction of 5008 Haplotypes complete
Reduced to markers called 44569 / 58763
(Fraction SNP: 0.758453448598608)
Successfully saved to: ./Empirical/Eigenstrat/Reichall/I2370/chr10/
Successfully loaded Data from: ./Empirical/Eigenstrat/Reichall/I2370/chr10/
Loaded Emission Model: haploid
Loaded Transition Model: model
Loaded Post Processing Model: Standard
Minimum Genetic Map: 0.0001
Maximum Genetic Map: 1.8092
Gaps bigger than 0.1 cM: 207
Maximum Gap: 2.0338 cM
Loaded Transition and Emission Matrix:
(3, 3)
(5009, 44569)
Loaded Observations:
(2, 44569)
Memory Usage: 2244.28032 mB
Reference Number: 5008
Total Log likelihood: -15628.195
Memory Usage: 2244.28032 mB
Finished Calculation State Posteriors
Saved Zero State Posterior to ./Empirical/Eigenstrat/Reichall/I2370/chr10/.
Successfully loaded for PP. from ./Empirical/Eigenstrat/Reichall/I2370/chr10/
Fraction Markers in ROH: 0.4219
Merged n=0 gaps < 0.0 M
Called n=5 ROH Blocks > 1.0 cM
Longest Block: 2.837
Successfully saved to ./Empirical/Eigenstrat/Reichall/I2370/chr10/roh.csv
Using Low-Mem Cython Linear Speed Up.
Loaded Pre Processing Model: Eigenstrat
Loading Individual: I2370

Loaded 54833 variants
Loaded 2504 individuals
HDF5 loaded from ./Data/1000Genomes/HDF5/1240kHDF5/all1240/chr11.hdf5
3 Eigenstrat Files with 5081 Individuals and 1233013 SNPs

Intersection on Positions: 54833
Nr of Matching Refs: 54833 / 54833
Full Intersection Ref/Alt Identical: 54796 / 54833
2504 / 2504 Individuals included in Reference
Extraction of 5008 Haplotypes complete
Reduced to markers called 41107 / 54796
(Fraction SNP: 0.750182495072633)
Successfully saved to: ./Empirical/Eigenstrat/Reichall/I2370/chr11/
Successfully loaded Data from: ./Empirical/Eigenstrat/Reichall/I2370/chr11/
Loaded Emission Model: haploid
Loaded Transition Model: model
Loaded Post Processing Model: Standard
Minimum Genetic Map: 0.0000
Maximum Genetic Map: 1.5822
Gaps bigger than 0.1 cM: 189
Maximum Gap: 0.5366 cM
Loaded Transition and Emission Matrix:
(3, 3)
(5009, 41107)
Loaded Observations:
(2, 41107)
Memory Usage: 2088.542208 mB
Reference Number: 5008
Total Log likelihood: -14635.114
Memory Usage: 2088.542208 mB
Finished Calculation State Posteriors
Saved Zero State Posterior to ./Empirical/Eigenstrat/Reichall/I2370/chr11/.
Successfully loaded for PP. from ./Empirical/Eigenstrat/Reichall/I2370/chr11/
Fraction Markers in ROH: 0.4143
Merged n=0 gaps < 0.0 M
Called n=2 ROH Blocks > 1.0 cM
Longest Block: 2.348
Successfully saved to ./Empirical/Eigenstrat/Reichall/I2370/chr11/roh.csv
Using Low-Mem Cython Linear Speed Up.
Loaded Pre Processing Model: Eigenstrat
Loading Individual: I2370

Loaded 53911 variants
Loaded 2504 individuals
HDF5 loaded from ./Data/1000Genomes/HDF5/1240kHDF5/all1240/chr12.hdf5
3 Eigenstrat Files with 5081 Individuals and 1233013 SNPs

Intersection on Positions: 53911
Nr of Matching Refs: 53911 / 53911
Full Intersection Ref/Alt Identical: 53884 / 53911
2504 / 2504 Individuals included in Reference
Extraction of 5008 Haplotypes complete
Reduced to markers called 39598 / 53884
(Fraction SNP: 0.734874916487269)
Successfully saved to: ./Empirical/Eigenstrat/Reichall/I2370/chr12/
Successfully loaded Data from: ./Empirical/Eigenstrat/Reichall/I2370/chr12/
Loaded Emission Model: haploid
Loaded Transition Model: model
Loaded Post Processing Model: Standard
Minimum Genetic Map: 0.0009
Maximum Genetic Map: 1.7468
Gaps bigger than 0.1 cM: 210
Maximum Gap: 0.8015 cM
Loaded Transition and Emission Matrix:
(3, 3)
(5009, 39598)
Loaded Observations:
(2, 39598)
Memory Usage: 2020.061184 mB
Reference Number: 5008
Total Log likelihood: -13861.426
Memory Usage: 2020.061184 mB
Finished Calculation State Posteriors
Saved Zero State Posterior to ./Empirical/Eigenstrat/Reichall/I2370/chr12/.
Successfully loaded for PP. from ./Empirical/Eigenstrat/Reichall/I2370/chr12/
Fraction Markers in ROH: 0.4531
Merged n=0 gaps < 0.0 M
Called n=10 ROH Blocks > 1.0 cM
Longest Block: 1.804
Successfully saved to ./Empirical/Eigenstrat/Reichall/I2370/chr12/roh.csv
Using Low-Mem Cython Linear Speed Up.
Loaded Pre Processing Model: Eigenstrat
Loading Individual: I2370

Loaded 39018 variants
Loaded 2504 individuals
HDF5 loaded from ./Data/1000Genomes/HDF5/1240kHDF5/all1240/chr13.hdf5
3 Eigenstrat Files with 5081 Individuals and 1233013 SNPs

Intersection on Positions: 39018
Nr of Matching Refs: 39018 / 39018
Full Intersection Ref/Alt Identical: 38994 / 39018
2504 / 2504 Individuals included in Reference
Extraction of 5008 Haplotypes complete
Reduced to markers called 27426 / 38994
(Fraction SNP: 0.703338975226958)
Successfully saved to: ./Empirical/Eigenstrat/Reichall/I2370/chr13/
Successfully loaded Data from: ./Empirical/Eigenstrat/Reichall/I2370/chr13/
Loaded Emission Model: haploid
Loaded Transition Model: model
Loaded Post Processing Model: Standard
Minimum Genetic Map: 0.0021
Maximum Genetic Map: 1.2570
Gaps bigger than 0.1 cM: 171
Maximum Gap: 1.2216 cM
Loaded Transition and Emission Matrix:
(3, 3)
(5009, 27426)
Loaded Observations:
(2, 27426)
Memory Usage: 1471.483904 mB
Reference Number: 5008
Total Log likelihood: -10158.702
Memory Usage: 1471.483904 mB
Finished Calculation State Posteriors
Saved Zero State Posterior to ./Empirical/Eigenstrat/Reichall/I2370/chr13/.
Successfully loaded for PP. from ./Empirical/Eigenstrat/Reichall/I2370/chr13/
Fraction Markers in ROH: 0.3936
Merged n=0 gaps < 0.0 M
Called n=5 ROH Blocks > 1.0 cM
Longest Block: 1.397
Successfully saved to ./Empirical/Eigenstrat/Reichall/I2370/chr13/roh.csv
Using Low-Mem Cython Linear Speed Up.
Loaded Pre Processing Model: Eigenstrat
Loading Individual: I2370

Loaded 36301 variants
Loaded 2504 individuals
HDF5 loaded from ./Data/1000Genomes/HDF5/1240kHDF5/all1240/chr14.hdf5
3 Eigenstrat Files with 5081 Individuals and 1233013 SNPs

Intersection on Positions: 36301
Nr of Matching Refs: 36301 / 36301
Full Intersection Ref/Alt Identical: 36280 / 36301
2504 / 2504 Individuals included in Reference
Extraction of 5008 Haplotypes complete
Reduced to markers called 26467 / 36280
(Fraction SNP: 0.7295203969128997)
Successfully saved to: ./Empirical/Eigenstrat/Reichall/I2370/chr14/
Successfully loaded Data from: ./Empirical/Eigenstrat/Reichall/I2370/chr14/
Loaded Emission Model: haploid
Loaded Transition Model: model
Loaded Post Processing Model: Standard
Minimum Genetic Map: 0.0184
Maximum Genetic Map: 1.2020
Gaps bigger than 0.1 cM: 148
Maximum Gap: 3.0309 cM
Loaded Transition and Emission Matrix:
(3, 3)
(5009, 26467)
Loaded Observations:
(2, 26467)
Memory Usage: 1428.881408 mB
Reference Number: 5008
Total Log likelihood: -9678.325
Memory Usage: 1428.881408 mB
Finished Calculation State Posteriors
Saved Zero State Posterior to ./Empirical/Eigenstrat/Reichall/I2370/chr14/.
Successfully loaded for PP. from ./Empirical/Eigenstrat/Reichall/I2370/chr14/
Fraction Markers in ROH: 0.3997
Merged n=0 gaps < 0.0 M
Called n=6 ROH Blocks > 1.0 cM
Longest Block: 1.977
Successfully saved to ./Empirical/Eigenstrat/Reichall/I2370/chr14/roh.csv
Using Low-Mem Cython Linear Speed Up.
Loaded Pre Processing Model: Eigenstrat
Loading Individual: I2370

Loaded 34429 variants
Loaded 2504 individuals
HDF5 loaded from ./Data/1000Genomes/HDF5/1240kHDF5/all1240/chr15.hdf5
3 Eigenstrat Files with 5081 Individuals and 1233013 SNPs

Intersection on Positions: 34429
Nr of Matching Refs: 34429 / 34429
Full Intersection Ref/Alt Identical: 34407 / 34429
2504 / 2504 Individuals included in Reference
Extraction of 5008 Haplotypes complete
Reduced to markers called 26224 / 34407
(Fraction SNP: 0.7621704885633738)
Successfully saved to: ./Empirical/Eigenstrat/Reichall/I2370/chr15/
Successfully loaded Data from: ./Empirical/Eigenstrat/Reichall/I2370/chr15/
Loaded Emission Model: haploid
Loaded Transition Model: model
Loaded Post Processing Model: Standard
Minimum Genetic Map: 0.0000
Maximum Genetic Map: 1.4134
Gaps bigger than 0.1 cM: 151
Maximum Gap: 11.6560 cM
Loaded Transition and Emission Matrix:
(3, 3)
(5009, 26224)
Loaded Observations:
(2, 26224)
Memory Usage: 1417.986048 mB
Reference Number: 5008
Total Log likelihood: -9484.161
Memory Usage: 1417.986048 mB
Finished Calculation State Posteriors
Saved Zero State Posterior to ./Empirical/Eigenstrat/Reichall/I2370/chr15/.
Successfully loaded for PP. from ./Empirical/Eigenstrat/Reichall/I2370/chr15/
Fraction Markers in ROH: 0.4074
Merged n=0 gaps < 0.0 M
Called n=4 ROH Blocks > 1.0 cM
Longest Block: 1.762
Successfully saved to ./Empirical/Eigenstrat/Reichall/I2370/chr15/roh.csv
Using Low-Mem Cython Linear Speed Up.
Loaded Pre Processing Model: Eigenstrat
Loading Individual: I2370

Loaded 34402 variants
Loaded 2504 individuals
HDF5 loaded from ./Data/1000Genomes/HDF5/1240kHDF5/all1240/chr16.hdf5
3 Eigenstrat Files with 5081 Individuals and 1233013 SNPs

Intersection on Positions: 34402
Nr of Matching Refs: 34402 / 34402
Full Intersection Ref/Alt Identical: 34375 / 34402
2504 / 2504 Individuals included in Reference
Extraction of 5008 Haplotypes complete
Reduced to markers called 27179 / 34375
(Fraction SNP: 0.7906618181818181)
Successfully saved to: ./Empirical/Eigenstrat/Reichall/I2370/chr16/
Successfully loaded Data from: ./Empirical/Eigenstrat/Reichall/I2370/chr16/
Loaded Emission Model: haploid
Loaded Transition Model: model
Loaded Post Processing Model: Standard
Minimum Genetic Map: -0.0000
Maximum Genetic Map: 1.3403
Gaps bigger than 0.1 cM: 172
Maximum Gap: 0.8458 cM
Loaded Transition and Emission Matrix:
(3, 3)
(5009, 27179)
Loaded Observations:
(2, 27179)
Memory Usage: 1461.354496 mB
Reference Number: 5008
Total Log likelihood: -10141.970
Memory Usage: 1461.354496 mB
Finished Calculation State Posteriors
Saved Zero State Posterior to ./Empirical/Eigenstrat/Reichall/I2370/chr16/.
Successfully loaded for PP. from ./Empirical/Eigenstrat/Reichall/I2370/chr16/
Fraction Markers in ROH: 0.3956
Merged n=0 gaps < 0.0 M
Called n=7 ROH Blocks > 1.0 cM
Longest Block: 1.905
Successfully saved to ./Empirical/Eigenstrat/Reichall/I2370/chr16/roh.csv
Using Low-Mem Cython Linear Speed Up.
Loaded Pre Processing Model: Eigenstrat
Loading Individual: I2370

Loaded 29314 variants
Loaded 2504 individuals
HDF5 loaded from ./Data/1000Genomes/HDF5/1240kHDF5/all1240/chr17.hdf5
3 Eigenstrat Files with 5081 Individuals and 1233013 SNPs

Intersection on Positions: 29314
Nr of Matching Refs: 29314 / 29314
Full Intersection Ref/Alt Identical: 29292 / 29314
2504 / 2504 Individuals included in Reference
Extraction of 5008 Haplotypes complete
Reduced to markers called 23462 / 29292
(Fraction SNP: 0.8009695479994537)
Successfully saved to: ./Empirical/Eigenstrat/Reichall/I2370/chr17/
Successfully loaded Data from: ./Empirical/Eigenstrat/Reichall/I2370/chr17/
Loaded Emission Model: haploid
Loaded Transition Model: model
Loaded Post Processing Model: Standard
Minimum Genetic Map: -0.0003
Maximum Genetic Map: 1.2847
Gaps bigger than 0.1 cM: 151
Maximum Gap: 1.2341 cM
Loaded Transition and Emission Matrix:
(3, 3)
(5009, 23462)
Loaded Observations:
(2, 23462)
Memory Usage: 1293.029376 mB
Reference Number: 5008
Total Log likelihood: -8707.671
Memory Usage: 1293.029376 mB
Finished Calculation State Posteriors
Saved Zero State Posterior to ./Empirical/Eigenstrat/Reichall/I2370/chr17/.
Successfully loaded for PP. from ./Empirical/Eigenstrat/Reichall/I2370/chr17/
Fraction Markers in ROH: 0.4019
Merged n=0 gaps < 0.0 M
Called n=9 ROH Blocks > 1.0 cM
Longest Block: 2.450
Successfully saved to ./Empirical/Eigenstrat/Reichall/I2370/chr17/roh.csv
Using Low-Mem Cython Linear Speed Up.
Loaded Pre Processing Model: Eigenstrat
Loading Individual: I2370

Loaded 33917 variants
Loaded 2504 individuals
HDF5 loaded from ./Data/1000Genomes/HDF5/1240kHDF5/all1240/chr18.hdf5
3 Eigenstrat Files with 5081 Individuals and 1233013 SNPs

Intersection on Positions: 33917
Nr of Matching Refs: 33917 / 33917
Full Intersection Ref/Alt Identical: 33902 / 33917
2504 / 2504 Individuals included in Reference
Extraction of 5008 Haplotypes complete
Reduced to markers called 24564 / 33902
(Fraction SNP: 0.7245590230664858)
Successfully saved to: ./Empirical/Eigenstrat/Reichall/I2370/chr18/
Successfully loaded Data from: ./Empirical/Eigenstrat/Reichall/I2370/chr18/
Loaded Emission Model: haploid
Loaded Transition Model: model
Loaded Post Processing Model: Standard
Minimum Genetic Map: 0.0016
Maximum Genetic Map: 1.1771
Gaps bigger than 0.1 cM: 162
Maximum Gap: 0.4827 cM
Loaded Transition and Emission Matrix:
(3, 3)
(5009, 24564)
Loaded Observations:
(2, 24564)
Memory Usage: 1342.738432 mB
Reference Number: 5008
Total Log likelihood: -9065.355
Memory Usage: 1342.672896 mB
Finished Calculation State Posteriors
Saved Zero State Posterior to ./Empirical/Eigenstrat/Reichall/I2370/chr18/.
Successfully loaded for PP. from ./Empirical/Eigenstrat/Reichall/I2370/chr18/
Fraction Markers in ROH: 0.3913
Merged n=0 gaps < 0.0 M
Called n=6 ROH Blocks > 1.0 cM
Longest Block: 1.371
Successfully saved to ./Empirical/Eigenstrat/Reichall/I2370/chr18/roh.csv
Using Low-Mem Cython Linear Speed Up.
Loaded Pre Processing Model: Eigenstrat
Loading Individual: I2370

Loaded 18460 variants
Loaded 2504 individuals
HDF5 loaded from ./Data/1000Genomes/HDF5/1240kHDF5/all1240/chr19.hdf5
3 Eigenstrat Files with 5081 Individuals and 1233013 SNPs

Intersection on Positions: 18460
Nr of Matching Refs: 18460 / 18460
Full Intersection Ref/Alt Identical: 18441 / 18460
2504 / 2504 Individuals included in Reference
Extraction of 5008 Haplotypes complete
Reduced to markers called 15125 / 18441
(Fraction SNP: 0.8201832872403882)
Successfully saved to: ./Empirical/Eigenstrat/Reichall/I2370/chr19/
Successfully loaded Data from: ./Empirical/Eigenstrat/Reichall/I2370/chr19/
Loaded Emission Model: haploid
Loaded Transition Model: model
Loaded Post Processing Model: Standard
Minimum Genetic Map: 0.0000
Maximum Genetic Map: 1.0773
Gaps bigger than 0.1 cM: 159
Maximum Gap: 0.5964 cM
Loaded Transition and Emission Matrix:
(3, 3)
(5009, 15125)
Loaded Observations:
(2, 15125)
Memory Usage: 917.262336 mB
Reference Number: 5008
Total Log likelihood: -5537.896
Memory Usage: 917.262336 mB
Finished Calculation State Posteriors
Saved Zero State Posterior to ./Empirical/Eigenstrat/Reichall/I2370/chr19/.
Successfully loaded for PP. from ./Empirical/Eigenstrat/Reichall/I2370/chr19/
Fraction Markers in ROH: 0.4348
Merged n=0 gaps < 0.0 M
Called n=7 ROH Blocks > 1.0 cM
Longest Block: 1.619
Successfully saved to ./Empirical/Eigenstrat/Reichall/I2370/chr19/roh.csv
Using Low-Mem Cython Linear Speed Up.
Loaded Pre Processing Model: Eigenstrat
Loading Individual: I2370

Loaded 29078 variants
Loaded 2504 individuals
HDF5 loaded from ./Data/1000Genomes/HDF5/1240kHDF5/all1240/chr20.hdf5
3 Eigenstrat Files with 5081 Individuals and 1233013 SNPs

Intersection on Positions: 29078
Nr of Matching Refs: 29078 / 29078
Full Intersection Ref/Alt Identical: 29053 / 29078
2504 / 2504 Individuals included in Reference
Extraction of 5008 Haplotypes complete
Reduced to markers called 23113 / 29053
(Fraction SNP: 0.7955460709737376)
Successfully saved to: ./Empirical/Eigenstrat/Reichall/I2370/chr20/
Successfully loaded Data from: ./Empirical/Eigenstrat/Reichall/I2370/chr20/
Loaded Emission Model: haploid
Loaded Transition Model: model
Loaded Post Processing Model: Standard
Minimum Genetic Map: 0.0000
Maximum Genetic Map: 1.0821
Gaps bigger than 0.1 cM: 144
Maximum Gap: 0.4744 cM
Loaded Transition and Emission Matrix:
(3, 3)
(5009, 23113)
Loaded Observations:
(2, 23113)
Memory Usage: 1277.11232 mB
Reference Number: 5008
Total Log likelihood: -8138.830
Memory Usage: 1277.11232 mB
Finished Calculation State Posteriors
Saved Zero State Posterior to ./Empirical/Eigenstrat/Reichall/I2370/chr20/.
Successfully loaded for PP. from ./Empirical/Eigenstrat/Reichall/I2370/chr20/
Fraction Markers in ROH: 0.4283
Merged n=0 gaps < 0.0 M
Called n=4 ROH Blocks > 1.0 cM
Longest Block: 1.385
Successfully saved to ./Empirical/Eigenstrat/Reichall/I2370/chr20/roh.csv
Using Low-Mem Cython Linear Speed Up.
Loaded Pre Processing Model: Eigenstrat
Loading Individual: I2370

Loaded 16038 variants
Loaded 2504 individuals
HDF5 loaded from ./Data/1000Genomes/HDF5/1240kHDF5/all1240/chr21.hdf5
3 Eigenstrat Files with 5081 Individuals and 1233013 SNPs

Intersection on Positions: 16038
Nr of Matching Refs: 16038 / 16038
Full Intersection Ref/Alt Identical: 16031 / 16038
2504 / 2504 Individuals included in Reference
Extraction of 5008 Haplotypes complete
Reduced to markers called 11609 / 16031
(Fraction SNP: 0.7241594410829019)
Successfully saved to: ./Empirical/Eigenstrat/Reichall/I2370/chr21/
Successfully loaded Data from: ./Empirical/Eigenstrat/Reichall/I2370/chr21/
Loaded Emission Model: haploid
Loaded Transition Model: model
Loaded Post Processing Model: Standard
Minimum Genetic Map: -0.0085
Maximum Genetic Map: 0.6277
Gaps bigger than 0.1 cM: 95
Maximum Gap: 1.7201 cM
Loaded Transition and Emission Matrix:
(3, 3)
(5009, 11609)
Loaded Observations:
(2, 11609)
Memory Usage: 759.07072 mB
Reference Number: 5008
Total Log likelihood: -4596.720
Memory Usage: 759.07072 mB
Finished Calculation State Posteriors
Saved Zero State Posterior to ./Empirical/Eigenstrat/Reichall/I2370/chr21/.
Successfully loaded for PP. from ./Empirical/Eigenstrat/Reichall/I2370/chr21/
Fraction Markers in ROH: 0.3351
Merged n=0 gaps < 0.0 M
Called n=1 ROH Blocks > 1.0 cM
Longest Block: 1.077
Successfully saved to ./Empirical/Eigenstrat/Reichall/I2370/chr21/roh.csv
Using Low-Mem Cython Linear Speed Up.
Loaded Pre Processing Model: Eigenstrat
Loading Individual: I2370

Loaded 15802 variants
Loaded 2504 individuals
HDF5 loaded from ./Data/1000Genomes/HDF5/1240kHDF5/all1240/chr22.hdf5
3 Eigenstrat Files with 5081 Individuals and 1233013 SNPs

Intersection on Positions: 15802
Nr of Matching Refs: 15802 / 15802
Full Intersection Ref/Alt Identical: 15793 / 15802
2504 / 2504 Individuals included in Reference
Extraction of 5008 Haplotypes complete
Reduced to markers called 13269 / 15793
(Fraction SNP: 0.8401823592730957)
Successfully saved to: ./Empirical/Eigenstrat/Reichall/I2370/chr22/
Successfully loaded Data from: ./Empirical/Eigenstrat/Reichall/I2370/chr22/
Loaded Emission Model: haploid
Loaded Transition Model: model
Loaded Post Processing Model: Standard
Minimum Genetic Map: 0.0180
Maximum Genetic Map: 0.7408
Gaps bigger than 0.1 cM: 90
Maximum Gap: 1.6097 cM
Loaded Transition and Emission Matrix:
(3, 3)
(5009, 13269)
Loaded Observations:
(2, 13269)
Memory Usage: 834.220032 mB
Reference Number: 5008
Total Log likelihood: -5064.292
Memory Usage: 834.220032 mB
Finished Calculation State Posteriors
Saved Zero State Posterior to ./Empirical/Eigenstrat/Reichall/I2370/chr22/.
Successfully loaded for PP. from ./Empirical/Eigenstrat/Reichall/I2370/chr22/
Fraction Markers in ROH: 0.3358
Merged n=0 gaps < 0.0 M
Called n=4 ROH Blocks > 1.0 cM
Longest Block: 1.988
Successfully saved to ./Empirical/Eigenstrat/Reichall/I2370/chr22/roh.csv
