Loaded 2106 / 5081 ancient Indivdiuals Anno File.
Doing Individual I1635...
Using Low-Mem Cython Linear Speed Up.
Loaded Pre Processing Model: Eigenstrat
Loading Individual: I1635

Loaded 89147 variants
Loaded 2504 individuals
HDF5 loaded from ./Data/1000Genomes/HDF5/1240kHDF5/all1240/chr1.hdf5
3 Eigenstrat Files with 5081 Individuals and 1233013 SNPs

Intersection on Positions: 89147
Nr of Matching Refs: 89147 / 89147
Full Intersection Ref/Alt Identical: 89082 / 89147
2504 / 2504 Individuals included in Reference
Extraction of 5008 Haplotypes complete
Reduced to markers called 63020 / 89082
(Fraction SNP: 0.7074380907478502)
Successfully saved to: ./Empirical/Eigenstrat/Reichall/I1635/chr1/
Successfully loaded Data from: ./Empirical/Eigenstrat/Reichall/I1635/chr1/
Loaded Emission Model: haploid
Loaded Transition Model: model
Loaded Post Processing Model: Standard
Minimum Genetic Map: 0.0201
Maximum Genetic Map: 2.8627
Gaps bigger than 0.1 cM: 342
Maximum Gap: 2.9476 cM
Loaded Transition and Emission Matrix:
(3, 3)
(5009, 63020)
Loaded Observations:
(2, 63020)
Memory Usage: 3035.922432 mB
Reference Number: 5008
Total Log likelihood: -22916.971
Memory Usage: 3036.38528 mB
Finished Calculation State Posteriors
Saved Zero State Posterior to ./Empirical/Eigenstrat/Reichall/I1635/chr1/.
Successfully loaded for PP. from ./Empirical/Eigenstrat/Reichall/I1635/chr1/
Fraction Markers in ROH: 0.3880
Merged n=0 gaps < 0.0 M
Called n=10 ROH Blocks > 1.0 cM
Longest Block: 1.796
Successfully saved to ./Empirical/Eigenstrat/Reichall/I1635/chr1/roh.csv
Using Low-Mem Cython Linear Speed Up.
Loaded Pre Processing Model: Eigenstrat
Loading Individual: I1635

Loaded 94239 variants
Loaded 2504 individuals
HDF5 loaded from ./Data/1000Genomes/HDF5/1240kHDF5/all1240/chr2.hdf5
3 Eigenstrat Files with 5081 Individuals and 1233013 SNPs

Intersection on Positions: 94239
Nr of Matching Refs: 94239 / 94239
Full Intersection Ref/Alt Identical: 94173 / 94239
2504 / 2504 Individuals included in Reference
Extraction of 5008 Haplotypes complete
Reduced to markers called 64672 / 94173
(Fraction SNP: 0.6867361133233517)
Successfully saved to: ./Empirical/Eigenstrat/Reichall/I1635/chr2/
Successfully loaded Data from: ./Empirical/Eigenstrat/Reichall/I1635/chr2/
Loaded Emission Model: haploid
Loaded Transition Model: model
Loaded Post Processing Model: Standard
Minimum Genetic Map: 0.0001
Maximum Genetic Map: 2.6883
Gaps bigger than 0.1 cM: 315
Maximum Gap: 2.1083 cM
Loaded Transition and Emission Matrix:
(3, 3)
(5009, 64672)
Loaded Observations:
(2, 64672)
Memory Usage: 3149.000704 mB
Reference Number: 5008
Total Log likelihood: -24268.114
Memory Usage: 3149.000704 mB
Finished Calculation State Posteriors
Saved Zero State Posterior to ./Empirical/Eigenstrat/Reichall/I1635/chr2/.
Successfully loaded for PP. from ./Empirical/Eigenstrat/Reichall/I1635/chr2/
Fraction Markers in ROH: 0.3753
Merged n=0 gaps < 0.0 M
Called n=8 ROH Blocks > 1.0 cM
Longest Block: 1.943
Successfully saved to ./Empirical/Eigenstrat/Reichall/I1635/chr2/roh.csv
Using Low-Mem Cython Linear Speed Up.
Loaded Pre Processing Model: Eigenstrat
Loading Individual: I1635

Loaded 77652 variants
Loaded 2504 individuals
HDF5 loaded from ./Data/1000Genomes/HDF5/1240kHDF5/all1240/chr3.hdf5
3 Eigenstrat Files with 5081 Individuals and 1233013 SNPs

Intersection on Positions: 77652
Nr of Matching Refs: 77652 / 77652
Full Intersection Ref/Alt Identical: 77601 / 77652
2504 / 2504 Individuals included in Reference
Extraction of 5008 Haplotypes complete
Reduced to markers called 53252 / 77601
(Fraction SNP: 0.6862282702542493)
Successfully saved to: ./Empirical/Eigenstrat/Reichall/I1635/chr3/
Successfully loaded Data from: ./Empirical/Eigenstrat/Reichall/I1635/chr3/
Loaded Emission Model: haploid
Loaded Transition Model: model
Loaded Post Processing Model: Standard
Minimum Genetic Map: 0.0000
Maximum Genetic Map: 2.2326
Gaps bigger than 0.1 cM: 280
Maximum Gap: 0.3297 cM
Loaded Transition and Emission Matrix:
(3, 3)
(5009, 53252)
Loaded Observations:
(2, 53252)
Memory Usage: 2635.042816 mB
Reference Number: 5008
Total Log likelihood: -19659.772
Memory Usage: 2635.042816 mB
Finished Calculation State Posteriors
Saved Zero State Posterior to ./Empirical/Eigenstrat/Reichall/I1635/chr3/.
Successfully loaded for PP. from ./Empirical/Eigenstrat/Reichall/I1635/chr3/
Fraction Markers in ROH: 0.3961
Merged n=0 gaps < 0.0 M
Called n=4 ROH Blocks > 1.0 cM
Longest Block: 1.610
Successfully saved to ./Empirical/Eigenstrat/Reichall/I1635/chr3/roh.csv
Using Low-Mem Cython Linear Speed Up.
Loaded Pre Processing Model: Eigenstrat
Loading Individual: I1635

Loaded 68759 variants
Loaded 2504 individuals
HDF5 loaded from ./Data/1000Genomes/HDF5/1240kHDF5/all1240/chr4.hdf5
3 Eigenstrat Files with 5081 Individuals and 1233013 SNPs

Intersection on Positions: 68759
Nr of Matching Refs: 68759 / 68759
Full Intersection Ref/Alt Identical: 68720 / 68759
2504 / 2504 Individuals included in Reference
Extraction of 5008 Haplotypes complete
Reduced to markers called 45185 / 68720
(Fraction SNP: 0.657523282887078)
Successfully saved to: ./Empirical/Eigenstrat/Reichall/I1635/chr4/
Successfully loaded Data from: ./Empirical/Eigenstrat/Reichall/I1635/chr4/
Loaded Emission Model: haploid
Loaded Transition Model: model
Loaded Post Processing Model: Standard
Minimum Genetic Map: 0.0034
Maximum Genetic Map: 2.1454
Gaps bigger than 0.1 cM: 276
Maximum Gap: 2.0578 cM
Loaded Transition and Emission Matrix:
(3, 3)
(5009, 45185)
Loaded Observations:
(2, 45185)
Memory Usage: 2272.0512 mB
Reference Number: 5008
Total Log likelihood: -16492.782
Memory Usage: 2272.0512 mB
Finished Calculation State Posteriors
Saved Zero State Posterior to ./Empirical/Eigenstrat/Reichall/I1635/chr4/.
Successfully loaded for PP. from ./Empirical/Eigenstrat/Reichall/I1635/chr4/
Fraction Markers in ROH: 0.4039
Merged n=0 gaps < 0.0 M
Called n=6 ROH Blocks > 1.0 cM
Longest Block: 2.350
Successfully saved to ./Empirical/Eigenstrat/Reichall/I1635/chr4/roh.csv
Using Low-Mem Cython Linear Speed Up.
Loaded Pre Processing Model: Eigenstrat
Loading Individual: I1635

Loaded 69399 variants
Loaded 2504 individuals
HDF5 loaded from ./Data/1000Genomes/HDF5/1240kHDF5/all1240/chr5.hdf5
3 Eigenstrat Files with 5081 Individuals and 1233013 SNPs

Intersection on Positions: 69399
Nr of Matching Refs: 69399 / 69399
Full Intersection Ref/Alt Identical: 69354 / 69399
2504 / 2504 Individuals included in Reference
Extraction of 5008 Haplotypes complete
Reduced to markers called 47539 / 69354
(Fraction SNP: 0.6854543357268507)
Successfully saved to: ./Empirical/Eigenstrat/Reichall/I1635/chr5/
Successfully loaded Data from: ./Empirical/Eigenstrat/Reichall/I1635/chr5/
Loaded Emission Model: haploid
Loaded Transition Model: model
Loaded Post Processing Model: Standard
Minimum Genetic Map: 0.0004
Maximum Genetic Map: 2.0409
Gaps bigger than 0.1 cM: 273
Maximum Gap: 1.0498 cM
Loaded Transition and Emission Matrix:
(3, 3)
(5009, 47539)
Loaded Observations:
(2, 47539)
Memory Usage: 2378.350592 mB
Reference Number: 5008
Total Log likelihood: -15536.286
Memory Usage: 2378.350592 mB
Finished Calculation State Posteriors
Saved Zero State Posterior to ./Empirical/Eigenstrat/Reichall/I1635/chr5/.
Successfully loaded for PP. from ./Empirical/Eigenstrat/Reichall/I1635/chr5/
Fraction Markers in ROH: 0.4783
Merged n=0 gaps < 0.0 M
Called n=9 ROH Blocks > 1.0 cM
Longest Block: 22.962
Successfully saved to ./Empirical/Eigenstrat/Reichall/I1635/chr5/roh.csv
Using Low-Mem Cython Linear Speed Up.
Loaded Pre Processing Model: Eigenstrat
Loading Individual: I1635

Loaded 75870 variants
Loaded 2504 individuals
HDF5 loaded from ./Data/1000Genomes/HDF5/1240kHDF5/all1240/chr6.hdf5
3 Eigenstrat Files with 5081 Individuals and 1233013 SNPs

Intersection on Positions: 75870
Nr of Matching Refs: 75870 / 75870
Full Intersection Ref/Alt Identical: 75816 / 75870
2504 / 2504 Individuals included in Reference
Extraction of 5008 Haplotypes complete
Reduced to markers called 51858 / 75816
(Fraction SNP: 0.6839981006647673)
Successfully saved to: ./Empirical/Eigenstrat/Reichall/I1635/chr6/
Successfully loaded Data from: ./Empirical/Eigenstrat/Reichall/I1635/chr6/
Loaded Emission Model: haploid
Loaded Transition Model: model
Loaded Post Processing Model: Standard
Minimum Genetic Map: 0.0035
Maximum Genetic Map: 1.9203
Gaps bigger than 0.1 cM: 218
Maximum Gap: 0.5076 cM
Loaded Transition and Emission Matrix:
(3, 3)
(5009, 51858)
Loaded Observations:
(2, 51858)
Memory Usage: 2573.2096 mB
Reference Number: 5008
Total Log likelihood: -18364.850
Memory Usage: 2573.2096 mB
Finished Calculation State Posteriors
Saved Zero State Posterior to ./Empirical/Eigenstrat/Reichall/I1635/chr6/.
Successfully loaded for PP. from ./Empirical/Eigenstrat/Reichall/I1635/chr6/
Fraction Markers in ROH: 0.4088
Merged n=0 gaps < 0.0 M
Called n=5 ROH Blocks > 1.0 cM
Longest Block: 2.121
Successfully saved to ./Empirical/Eigenstrat/Reichall/I1635/chr6/roh.csv
Using Low-Mem Cython Linear Speed Up.
Loaded Pre Processing Model: Eigenstrat
Loading Individual: I1635

Loaded 59890 variants
Loaded 2504 individuals
HDF5 loaded from ./Data/1000Genomes/HDF5/1240kHDF5/all1240/chr7.hdf5
3 Eigenstrat Files with 5081 Individuals and 1233013 SNPs

Intersection on Positions: 59890
Nr of Matching Refs: 59890 / 59890
Full Intersection Ref/Alt Identical: 59836 / 59890
2504 / 2504 Individuals included in Reference
Extraction of 5008 Haplotypes complete
Reduced to markers called 40822 / 59836
(Fraction SNP: 0.6822314325823918)
Successfully saved to: ./Empirical/Eigenstrat/Reichall/I1635/chr7/
Successfully loaded Data from: ./Empirical/Eigenstrat/Reichall/I1635/chr7/
Loaded Emission Model: haploid
Loaded Transition Model: model
Loaded Post Processing Model: Standard
Minimum Genetic Map: 0.0001
Maximum Genetic Map: 1.8715
Gaps bigger than 0.1 cM: 252
Maximum Gap: 0.8545 cM
Loaded Transition and Emission Matrix:
(3, 3)
(5009, 40822)
Loaded Observations:
(2, 40822)
Memory Usage: 2075.455488 mB
Reference Number: 5008
Total Log likelihood: -15434.468
Memory Usage: 2075.455488 mB
Finished Calculation State Posteriors
Saved Zero State Posterior to ./Empirical/Eigenstrat/Reichall/I1635/chr7/.
Successfully loaded for PP. from ./Empirical/Eigenstrat/Reichall/I1635/chr7/
Fraction Markers in ROH: 0.3723
Merged n=0 gaps < 0.0 M
Called n=3 ROH Blocks > 1.0 cM
Longest Block: 1.483
Successfully saved to ./Empirical/Eigenstrat/Reichall/I1635/chr7/roh.csv
Using Low-Mem Cython Linear Speed Up.
Loaded Pre Processing Model: Eigenstrat
Loading Individual: I1635

Loaded 61133 variants
Loaded 2504 individuals
HDF5 loaded from ./Data/1000Genomes/HDF5/1240kHDF5/all1240/chr8.hdf5
3 Eigenstrat Files with 5081 Individuals and 1233013 SNPs

Intersection on Positions: 61133
Nr of Matching Refs: 61133 / 61133
Full Intersection Ref/Alt Identical: 61091 / 61133
2504 / 2504 Individuals included in Reference
Extraction of 5008 Haplotypes complete
Reduced to markers called 42452 / 61091
(Fraction SNP: 0.694897775449739)
Successfully saved to: ./Empirical/Eigenstrat/Reichall/I1635/chr8/
Successfully loaded Data from: ./Empirical/Eigenstrat/Reichall/I1635/chr8/
Loaded Emission Model: haploid
Loaded Transition Model: model
Loaded Post Processing Model: Standard
Minimum Genetic Map: 0.0000
Maximum Genetic Map: 1.6800
Gaps bigger than 0.1 cM: 185
Maximum Gap: 3.4356 cM
Loaded Transition and Emission Matrix:
(3, 3)
(5009, 42452)
Loaded Observations:
(2, 42452)
Memory Usage: 2148.94592 mB
Reference Number: 5008
Total Log likelihood: -15659.626
Memory Usage: 2148.94592 mB
Finished Calculation State Posteriors
Saved Zero State Posterior to ./Empirical/Eigenstrat/Reichall/I1635/chr8/.
Successfully loaded for PP. from ./Empirical/Eigenstrat/Reichall/I1635/chr8/
Fraction Markers in ROH: 0.3896
Merged n=0 gaps < 0.0 M
Called n=6 ROH Blocks > 1.0 cM
Longest Block: 2.561
Successfully saved to ./Empirical/Eigenstrat/Reichall/I1635/chr8/roh.csv
Using Low-Mem Cython Linear Speed Up.
Loaded Pre Processing Model: Eigenstrat
Loading Individual: I1635

Loaded 50668 variants
Loaded 2504 individuals
HDF5 loaded from ./Data/1000Genomes/HDF5/1240kHDF5/all1240/chr9.hdf5
3 Eigenstrat Files with 5081 Individuals and 1233013 SNPs

Intersection on Positions: 50668
Nr of Matching Refs: 50668 / 50668
Full Intersection Ref/Alt Identical: 50629 / 50668
2504 / 2504 Individuals included in Reference
Extraction of 5008 Haplotypes complete
Reduced to markers called 35407 / 50629
(Fraction SNP: 0.6993422741906812)
Successfully saved to: ./Empirical/Eigenstrat/Reichall/I1635/chr9/
Successfully loaded Data from: ./Empirical/Eigenstrat/Reichall/I1635/chr9/
Loaded Emission Model: haploid
Loaded Transition Model: model
Loaded Post Processing Model: Standard
Minimum Genetic Map: 0.0016
Maximum Genetic Map: 1.6630
Gaps bigger than 0.1 cM: 227
Maximum Gap: 2.3102 cM
Loaded Transition and Emission Matrix:
(3, 3)
(5009, 35407)
Loaded Observations:
(2, 35407)
Memory Usage: 1831.714816 mB
Reference Number: 5008
Total Log likelihood: -12857.309
Memory Usage: 1831.616512 mB
Finished Calculation State Posteriors
Saved Zero State Posterior to ./Empirical/Eigenstrat/Reichall/I1635/chr9/.
Successfully loaded for PP. from ./Empirical/Eigenstrat/Reichall/I1635/chr9/
Fraction Markers in ROH: 0.4007
Merged n=0 gaps < 0.0 M
Called n=1 ROH Blocks > 1.0 cM
Longest Block: 1.001
Successfully saved to ./Empirical/Eigenstrat/Reichall/I1635/chr9/roh.csv
Using Low-Mem Cython Linear Speed Up.
Loaded Pre Processing Model: Eigenstrat
Loading Individual: I1635

Loaded 58804 variants
Loaded 2504 individuals
HDF5 loaded from ./Data/1000Genomes/HDF5/1240kHDF5/all1240/chr10.hdf5
3 Eigenstrat Files with 5081 Individuals and 1233013 SNPs

Intersection on Positions: 58804
Nr of Matching Refs: 58804 / 58804
Full Intersection Ref/Alt Identical: 58763 / 58804
2504 / 2504 Individuals included in Reference
Extraction of 5008 Haplotypes complete
Reduced to markers called 41470 / 58763
(Fraction SNP: 0.7057161819512278)
Successfully saved to: ./Empirical/Eigenstrat/Reichall/I1635/chr10/
Successfully loaded Data from: ./Empirical/Eigenstrat/Reichall/I1635/chr10/
Loaded Emission Model: haploid
Loaded Transition Model: model
Loaded Post Processing Model: Standard
Minimum Genetic Map: 0.0001
Maximum Genetic Map: 1.8092
Gaps bigger than 0.1 cM: 221
Maximum Gap: 2.0340 cM
Loaded Transition and Emission Matrix:
(3, 3)
(5009, 41470)
Loaded Observations:
(2, 41470)
Memory Usage: 2105.208832 mB
Reference Number: 5008
Total Log likelihood: -14880.847
Memory Usage: 2105.208832 mB
Finished Calculation State Posteriors
Saved Zero State Posterior to ./Empirical/Eigenstrat/Reichall/I1635/chr10/.
Successfully loaded for PP. from ./Empirical/Eigenstrat/Reichall/I1635/chr10/
Fraction Markers in ROH: 0.4034
Merged n=0 gaps < 0.0 M
Called n=7 ROH Blocks > 1.0 cM
Longest Block: 2.222
Successfully saved to ./Empirical/Eigenstrat/Reichall/I1635/chr10/roh.csv
Using Low-Mem Cython Linear Speed Up.
Loaded Pre Processing Model: Eigenstrat
Loading Individual: I1635

Loaded 54833 variants
Loaded 2504 individuals
HDF5 loaded from ./Data/1000Genomes/HDF5/1240kHDF5/all1240/chr11.hdf5
3 Eigenstrat Files with 5081 Individuals and 1233013 SNPs

Intersection on Positions: 54833
Nr of Matching Refs: 54833 / 54833
Full Intersection Ref/Alt Identical: 54796 / 54833
2504 / 2504 Individuals included in Reference
Extraction of 5008 Haplotypes complete
Reduced to markers called 38319 / 54796
(Fraction SNP: 0.6993028688225418)
Successfully saved to: ./Empirical/Eigenstrat/Reichall/I1635/chr11/
Successfully loaded Data from: ./Empirical/Eigenstrat/Reichall/I1635/chr11/
Loaded Emission Model: haploid
Loaded Transition Model: model
Loaded Post Processing Model: Standard
Minimum Genetic Map: 0.0000
Maximum Genetic Map: 1.5822
Gaps bigger than 0.1 cM: 202
Maximum Gap: 0.5279 cM
Loaded Transition and Emission Matrix:
(3, 3)
(5009, 38319)
Loaded Observations:
(2, 38319)
Memory Usage: 1963.76576 mB
Reference Number: 5008
Total Log likelihood: -13563.906
Memory Usage: 1963.76576 mB
Finished Calculation State Posteriors
Saved Zero State Posterior to ./Empirical/Eigenstrat/Reichall/I1635/chr11/.
Successfully loaded for PP. from ./Empirical/Eigenstrat/Reichall/I1635/chr11/
Fraction Markers in ROH: 0.4360
Merged n=0 gaps < 0.0 M
Called n=9 ROH Blocks > 1.0 cM
Longest Block: 1.890
Successfully saved to ./Empirical/Eigenstrat/Reichall/I1635/chr11/roh.csv
Using Low-Mem Cython Linear Speed Up.
Loaded Pre Processing Model: Eigenstrat
Loading Individual: I1635

Loaded 53911 variants
Loaded 2504 individuals
HDF5 loaded from ./Data/1000Genomes/HDF5/1240kHDF5/all1240/chr12.hdf5
3 Eigenstrat Files with 5081 Individuals and 1233013 SNPs

Intersection on Positions: 53911
Nr of Matching Refs: 53911 / 53911
Full Intersection Ref/Alt Identical: 53884 / 53911
2504 / 2504 Individuals included in Reference
Extraction of 5008 Haplotypes complete
Reduced to markers called 37291 / 53884
(Fraction SNP: 0.692060723034667)
Successfully saved to: ./Empirical/Eigenstrat/Reichall/I1635/chr12/
Successfully loaded Data from: ./Empirical/Eigenstrat/Reichall/I1635/chr12/
Loaded Emission Model: haploid
Loaded Transition Model: model
Loaded Post Processing Model: Standard
Minimum Genetic Map: 0.0017
Maximum Genetic Map: 1.7468
Gaps bigger than 0.1 cM: 231
Maximum Gap: 0.8015 cM
Loaded Transition and Emission Matrix:
(3, 3)
(5009, 37291)
Loaded Observations:
(2, 37291)
Memory Usage: 1916.43648 mB
Reference Number: 5008
Total Log likelihood: -13809.206
Memory Usage: 1916.43648 mB
Finished Calculation State Posteriors
Saved Zero State Posterior to ./Empirical/Eigenstrat/Reichall/I1635/chr12/.
Successfully loaded for PP. from ./Empirical/Eigenstrat/Reichall/I1635/chr12/
Fraction Markers in ROH: 0.3811
Merged n=0 gaps < 0.0 M
Called n=8 ROH Blocks > 1.0 cM
Longest Block: 2.022
Successfully saved to ./Empirical/Eigenstrat/Reichall/I1635/chr12/roh.csv
Using Low-Mem Cython Linear Speed Up.
Loaded Pre Processing Model: Eigenstrat
Loading Individual: I1635

Loaded 39018 variants
Loaded 2504 individuals
HDF5 loaded from ./Data/1000Genomes/HDF5/1240kHDF5/all1240/chr13.hdf5
3 Eigenstrat Files with 5081 Individuals and 1233013 SNPs

Intersection on Positions: 39018
Nr of Matching Refs: 39018 / 39018
Full Intersection Ref/Alt Identical: 38994 / 39018
2504 / 2504 Individuals included in Reference
Extraction of 5008 Haplotypes complete
Reduced to markers called 25886 / 38994
(Fraction SNP: 0.6638457198543366)
Successfully saved to: ./Empirical/Eigenstrat/Reichall/I1635/chr13/
Successfully loaded Data from: ./Empirical/Eigenstrat/Reichall/I1635/chr13/
Loaded Emission Model: haploid
Loaded Transition Model: model
Loaded Post Processing Model: Standard
Minimum Genetic Map: 0.0019
Maximum Genetic Map: 1.2570
Gaps bigger than 0.1 cM: 180
Maximum Gap: 1.2216 cM
Loaded Transition and Emission Matrix:
(3, 3)
(5009, 25886)
Loaded Observations:
(2, 25886)
Memory Usage: 1402.945536 mB
Reference Number: 5008
Total Log likelihood: -9538.556
Memory Usage: 1402.945536 mB
Finished Calculation State Posteriors
Saved Zero State Posterior to ./Empirical/Eigenstrat/Reichall/I1635/chr13/.
Successfully loaded for PP. from ./Empirical/Eigenstrat/Reichall/I1635/chr13/
Fraction Markers in ROH: 0.3829
Merged n=0 gaps < 0.0 M
Called n=7 ROH Blocks > 1.0 cM
Longest Block: 1.395
Successfully saved to ./Empirical/Eigenstrat/Reichall/I1635/chr13/roh.csv
Using Low-Mem Cython Linear Speed Up.
Loaded Pre Processing Model: Eigenstrat
Loading Individual: I1635

Loaded 36301 variants
Loaded 2504 individuals
HDF5 loaded from ./Data/1000Genomes/HDF5/1240kHDF5/all1240/chr14.hdf5
3 Eigenstrat Files with 5081 Individuals and 1233013 SNPs

Intersection on Positions: 36301
Nr of Matching Refs: 36301 / 36301
Full Intersection Ref/Alt Identical: 36280 / 36301
2504 / 2504 Individuals included in Reference
Extraction of 5008 Haplotypes complete
Reduced to markers called 24802 / 36280
(Fraction SNP: 0.6836273428886439)
Successfully saved to: ./Empirical/Eigenstrat/Reichall/I1635/chr14/
Successfully loaded Data from: ./Empirical/Eigenstrat/Reichall/I1635/chr14/
Loaded Emission Model: haploid
Loaded Transition Model: model
Loaded Post Processing Model: Standard
Minimum Genetic Map: 0.0184
Maximum Genetic Map: 1.2020
Gaps bigger than 0.1 cM: 150
Maximum Gap: 3.0774 cM
Loaded Transition and Emission Matrix:
(3, 3)
(5009, 24802)
Loaded Observations:
(2, 24802)
Memory Usage: 1353.9328 mB
Reference Number: 5008
Total Log likelihood: -9015.109
Memory Usage: 1353.9328 mB
Finished Calculation State Posteriors
Saved Zero State Posterior to ./Empirical/Eigenstrat/Reichall/I1635/chr14/.
Successfully loaded for PP. from ./Empirical/Eigenstrat/Reichall/I1635/chr14/
Fraction Markers in ROH: 0.4077
Merged n=0 gaps < 0.0 M
Called n=3 ROH Blocks > 1.0 cM
Longest Block: 2.042
Successfully saved to ./Empirical/Eigenstrat/Reichall/I1635/chr14/roh.csv
Using Low-Mem Cython Linear Speed Up.
Loaded Pre Processing Model: Eigenstrat
Loading Individual: I1635

Loaded 34429 variants
Loaded 2504 individuals
HDF5 loaded from ./Data/1000Genomes/HDF5/1240kHDF5/all1240/chr15.hdf5
3 Eigenstrat Files with 5081 Individuals and 1233013 SNPs

Intersection on Positions: 34429
Nr of Matching Refs: 34429 / 34429
Full Intersection Ref/Alt Identical: 34407 / 34429
2504 / 2504 Individuals included in Reference
Extraction of 5008 Haplotypes complete
Reduced to markers called 24470 / 34407
(Fraction SNP: 0.711192489900311)
Successfully saved to: ./Empirical/Eigenstrat/Reichall/I1635/chr15/
Successfully loaded Data from: ./Empirical/Eigenstrat/Reichall/I1635/chr15/
Loaded Emission Model: haploid
Loaded Transition Model: model
Loaded Post Processing Model: Standard
Minimum Genetic Map: 0.0000
Maximum Genetic Map: 1.4134
Gaps bigger than 0.1 cM: 166
Maximum Gap: 11.6560 cM
Loaded Transition and Emission Matrix:
(3, 3)
(5009, 24470)
Loaded Observations:
(2, 24470)
Memory Usage: 1339.547648 mB
Reference Number: 5008
Total Log likelihood: -9007.547
Memory Usage: 1339.547648 mB
Finished Calculation State Posteriors
Saved Zero State Posterior to ./Empirical/Eigenstrat/Reichall/I1635/chr15/.
Successfully loaded for PP. from ./Empirical/Eigenstrat/Reichall/I1635/chr15/
Fraction Markers in ROH: 0.3920
Merged n=0 gaps < 0.0 M
Called n=7 ROH Blocks > 1.0 cM
Longest Block: 1.395
Successfully saved to ./Empirical/Eigenstrat/Reichall/I1635/chr15/roh.csv
Using Low-Mem Cython Linear Speed Up.
Loaded Pre Processing Model: Eigenstrat
Loading Individual: I1635

Loaded 34402 variants
Loaded 2504 individuals
HDF5 loaded from ./Data/1000Genomes/HDF5/1240kHDF5/all1240/chr16.hdf5
3 Eigenstrat Files with 5081 Individuals and 1233013 SNPs

Intersection on Positions: 34402
Nr of Matching Refs: 34402 / 34402
Full Intersection Ref/Alt Identical: 34375 / 34402
2504 / 2504 Individuals included in Reference
Extraction of 5008 Haplotypes complete
Reduced to markers called 25277 / 34375
(Fraction SNP: 0.7353309090909091)
Successfully saved to: ./Empirical/Eigenstrat/Reichall/I1635/chr16/
Successfully loaded Data from: ./Empirical/Eigenstrat/Reichall/I1635/chr16/
Loaded Emission Model: haploid
Loaded Transition Model: model
Loaded Post Processing Model: Standard
Minimum Genetic Map: -0.0000
Maximum Genetic Map: 1.3403
Gaps bigger than 0.1 cM: 185
Maximum Gap: 0.8458 cM
Loaded Transition and Emission Matrix:
(3, 3)
(5009, 25277)
Loaded Observations:
(2, 25277)
Memory Usage: 1375.997952 mB
Reference Number: 5008
Total Log likelihood: -9134.777
Memory Usage: 1375.997952 mB
Finished Calculation State Posteriors
Saved Zero State Posterior to ./Empirical/Eigenstrat/Reichall/I1635/chr16/.
Successfully loaded for PP. from ./Empirical/Eigenstrat/Reichall/I1635/chr16/
Fraction Markers in ROH: 0.4176
Merged n=0 gaps < 0.0 M
Called n=7 ROH Blocks > 1.0 cM
Longest Block: 1.956
Successfully saved to ./Empirical/Eigenstrat/Reichall/I1635/chr16/roh.csv
Using Low-Mem Cython Linear Speed Up.
Loaded Pre Processing Model: Eigenstrat
Loading Individual: I1635

Loaded 29314 variants
Loaded 2504 individuals
HDF5 loaded from ./Data/1000Genomes/HDF5/1240kHDF5/all1240/chr17.hdf5
3 Eigenstrat Files with 5081 Individuals and 1233013 SNPs

Intersection on Positions: 29314
Nr of Matching Refs: 29314 / 29314
Full Intersection Ref/Alt Identical: 29292 / 29314
2504 / 2504 Individuals included in Reference
Extraction of 5008 Haplotypes complete
Reduced to markers called 21586 / 29292
(Fraction SNP: 0.7369247576130001)
Successfully saved to: ./Empirical/Eigenstrat/Reichall/I1635/chr17/
Successfully loaded Data from: ./Empirical/Eigenstrat/Reichall/I1635/chr17/
Loaded Emission Model: haploid
Loaded Transition Model: model
Loaded Post Processing Model: Standard
Minimum Genetic Map: -0.0003
Maximum Genetic Map: 1.2847
Gaps bigger than 0.1 cM: 163
Maximum Gap: 1.2341 cM
Loaded Transition and Emission Matrix:
(3, 3)
(5009, 21586)
Loaded Observations:
(2, 21586)
Memory Usage: 1209.090048 mB
Reference Number: 5008
Total Log likelihood: -8143.469
Memory Usage: 1209.090048 mB
Finished Calculation State Posteriors
Saved Zero State Posterior to ./Empirical/Eigenstrat/Reichall/I1635/chr17/.
Successfully loaded for PP. from ./Empirical/Eigenstrat/Reichall/I1635/chr17/
Fraction Markers in ROH: 0.4059
Merged n=0 gaps < 0.0 M
Called n=9 ROH Blocks > 1.0 cM
Longest Block: 1.598
Successfully saved to ./Empirical/Eigenstrat/Reichall/I1635/chr17/roh.csv
Using Low-Mem Cython Linear Speed Up.
Loaded Pre Processing Model: Eigenstrat
Loading Individual: I1635

Loaded 33917 variants
Loaded 2504 individuals
HDF5 loaded from ./Data/1000Genomes/HDF5/1240kHDF5/all1240/chr18.hdf5
3 Eigenstrat Files with 5081 Individuals and 1233013 SNPs

Intersection on Positions: 33917
Nr of Matching Refs: 33917 / 33917
Full Intersection Ref/Alt Identical: 33902 / 33917
2504 / 2504 Individuals included in Reference
Extraction of 5008 Haplotypes complete
Reduced to markers called 23231 / 33902
(Fraction SNP: 0.6852398088608341)
Successfully saved to: ./Empirical/Eigenstrat/Reichall/I1635/chr18/
Successfully loaded Data from: ./Empirical/Eigenstrat/Reichall/I1635/chr18/
Loaded Emission Model: haploid
Loaded Transition Model: model
Loaded Post Processing Model: Standard
Minimum Genetic Map: 0.0016
Maximum Genetic Map: 1.1771
Gaps bigger than 0.1 cM: 164
Maximum Gap: 0.4827 cM
Loaded Transition and Emission Matrix:
(3, 3)
(5009, 23231)
Loaded Observations:
(2, 23231)
Memory Usage: 1283.280896 mB
Reference Number: 5008
Total Log likelihood: -8388.817
Memory Usage: 1283.280896 mB
Finished Calculation State Posteriors
Saved Zero State Posterior to ./Empirical/Eigenstrat/Reichall/I1635/chr18/.
Successfully loaded for PP. from ./Empirical/Eigenstrat/Reichall/I1635/chr18/
Fraction Markers in ROH: 0.4234
Merged n=0 gaps < 0.0 M
Called n=8 ROH Blocks > 1.0 cM
Longest Block: 1.651
Successfully saved to ./Empirical/Eigenstrat/Reichall/I1635/chr18/roh.csv
Using Low-Mem Cython Linear Speed Up.
Loaded Pre Processing Model: Eigenstrat
Loading Individual: I1635

Loaded 18460 variants
Loaded 2504 individuals
HDF5 loaded from ./Data/1000Genomes/HDF5/1240kHDF5/all1240/chr19.hdf5
3 Eigenstrat Files with 5081 Individuals and 1233013 SNPs

Intersection on Positions: 18460
Nr of Matching Refs: 18460 / 18460
Full Intersection Ref/Alt Identical: 18441 / 18460
2504 / 2504 Individuals included in Reference
Extraction of 5008 Haplotypes complete
Reduced to markers called 13858 / 18441
(Fraction SNP: 0.7514776855918877)
Successfully saved to: ./Empirical/Eigenstrat/Reichall/I1635/chr19/
Successfully loaded Data from: ./Empirical/Eigenstrat/Reichall/I1635/chr19/
Loaded Emission Model: haploid
Loaded Transition Model: model
Loaded Post Processing Model: Standard
Minimum Genetic Map: 0.0000
Maximum Genetic Map: 1.0773
Gaps bigger than 0.1 cM: 167
Maximum Gap: 0.6114 cM
Loaded Transition and Emission Matrix:
(3, 3)
(5009, 13858)
Loaded Observations:
(2, 13858)
Memory Usage: 860.348416 mB
Reference Number: 5008
Total Log likelihood: -5651.117
Memory Usage: 860.348416 mB
Finished Calculation State Posteriors
Saved Zero State Posterior to ./Empirical/Eigenstrat/Reichall/I1635/chr19/.
Successfully loaded for PP. from ./Empirical/Eigenstrat/Reichall/I1635/chr19/
Fraction Markers in ROH: 0.3482
Merged n=0 gaps < 0.0 M
Called n=6 ROH Blocks > 1.0 cM
Longest Block: 2.191
Successfully saved to ./Empirical/Eigenstrat/Reichall/I1635/chr19/roh.csv
Using Low-Mem Cython Linear Speed Up.
Loaded Pre Processing Model: Eigenstrat
Loading Individual: I1635

Loaded 29078 variants
Loaded 2504 individuals
HDF5 loaded from ./Data/1000Genomes/HDF5/1240kHDF5/all1240/chr20.hdf5
3 Eigenstrat Files with 5081 Individuals and 1233013 SNPs

Intersection on Positions: 29078
Nr of Matching Refs: 29078 / 29078
Full Intersection Ref/Alt Identical: 29053 / 29078
2504 / 2504 Individuals included in Reference
Extraction of 5008 Haplotypes complete
Reduced to markers called 21395 / 29053
(Fraction SNP: 0.7364127628816302)
Successfully saved to: ./Empirical/Eigenstrat/Reichall/I1635/chr20/
Successfully loaded Data from: ./Empirical/Eigenstrat/Reichall/I1635/chr20/
Loaded Emission Model: haploid
Loaded Transition Model: model
Loaded Post Processing Model: Standard
Minimum Genetic Map: 0.0000
Maximum Genetic Map: 1.0821
Gaps bigger than 0.1 cM: 154
Maximum Gap: 0.4744 cM
Loaded Transition and Emission Matrix:
(3, 3)
(5009, 21395)
Loaded Observations:
(2, 21395)
Memory Usage: 1200.644096 mB
Reference Number: 5008
Total Log likelihood: -7779.653
Memory Usage: 1200.644096 mB
Finished Calculation State Posteriors
Saved Zero State Posterior to ./Empirical/Eigenstrat/Reichall/I1635/chr20/.
Successfully loaded for PP. from ./Empirical/Eigenstrat/Reichall/I1635/chr20/
Fraction Markers in ROH: 0.4124
Merged n=0 gaps < 0.0 M
Called n=5 ROH Blocks > 1.0 cM
Longest Block: 1.351
Successfully saved to ./Empirical/Eigenstrat/Reichall/I1635/chr20/roh.csv
Using Low-Mem Cython Linear Speed Up.
Loaded Pre Processing Model: Eigenstrat
Loading Individual: I1635

Loaded 16038 variants
Loaded 2504 individuals
HDF5 loaded from ./Data/1000Genomes/HDF5/1240kHDF5/all1240/chr21.hdf5
3 Eigenstrat Files with 5081 Individuals and 1233013 SNPs

Intersection on Positions: 16038
Nr of Matching Refs: 16038 / 16038
Full Intersection Ref/Alt Identical: 16031 / 16038
2504 / 2504 Individuals included in Reference
Extraction of 5008 Haplotypes complete
Reduced to markers called 10982 / 16031
(Fraction SNP: 0.6850477200424178)
Successfully saved to: ./Empirical/Eigenstrat/Reichall/I1635/chr21/
Successfully loaded Data from: ./Empirical/Eigenstrat/Reichall/I1635/chr21/
Loaded Emission Model: haploid
Loaded Transition Model: model
Loaded Post Processing Model: Standard
Minimum Genetic Map: -0.0085
Maximum Genetic Map: 0.6277
Gaps bigger than 0.1 cM: 105
Maximum Gap: 1.7201 cM
Loaded Transition and Emission Matrix:
(3, 3)
(5009, 10982)
Loaded Observations:
(2, 10982)
Memory Usage: 737.366016 mB
Reference Number: 5008
Total Log likelihood: -4089.915
Memory Usage: 737.366016 mB
Finished Calculation State Posteriors
Saved Zero State Posterior to ./Empirical/Eigenstrat/Reichall/I1635/chr21/.
Successfully loaded for PP. from ./Empirical/Eigenstrat/Reichall/I1635/chr21/
Fraction Markers in ROH: 0.4298
Merged n=0 gaps < 0.0 M
Called n=5 ROH Blocks > 1.0 cM
Longest Block: 1.655
Successfully saved to ./Empirical/Eigenstrat/Reichall/I1635/chr21/roh.csv
Using Low-Mem Cython Linear Speed Up.
Loaded Pre Processing Model: Eigenstrat
Loading Individual: I1635

Loaded 15802 variants
Loaded 2504 individuals
HDF5 loaded from ./Data/1000Genomes/HDF5/1240kHDF5/all1240/chr22.hdf5
3 Eigenstrat Files with 5081 Individuals and 1233013 SNPs

Intersection on Positions: 15802
Nr of Matching Refs: 15802 / 15802
Full Intersection Ref/Alt Identical: 15793 / 15802
2504 / 2504 Individuals included in Reference
Extraction of 5008 Haplotypes complete
Reduced to markers called 12088 / 15793
(Fraction SNP: 0.7654023934654594)
Successfully saved to: ./Empirical/Eigenstrat/Reichall/I1635/chr22/
Successfully loaded Data from: ./Empirical/Eigenstrat/Reichall/I1635/chr22/
Loaded Emission Model: haploid
Loaded Transition Model: model
Loaded Post Processing Model: Standard
Minimum Genetic Map: 0.0172
Maximum Genetic Map: 0.7408
Gaps bigger than 0.1 cM: 92
Maximum Gap: 1.6153 cM
Loaded Transition and Emission Matrix:
(3, 3)
(5009, 12088)
Loaded Observations:
(2, 12088)
Memory Usage: 788.013056 mB
Reference Number: 5008
Total Log likelihood: -4579.831
Memory Usage: 788.013056 mB
Finished Calculation State Posteriors
Saved Zero State Posterior to ./Empirical/Eigenstrat/Reichall/I1635/chr22/.
Successfully loaded for PP. from ./Empirical/Eigenstrat/Reichall/I1635/chr22/
Fraction Markers in ROH: 0.3831
Merged n=0 gaps < 0.0 M
Called n=2 ROH Blocks > 1.0 cM
Longest Block: 2.435
Successfully saved to ./Empirical/Eigenstrat/Reichall/I1635/chr22/roh.csv
