Loaded 2106 / 5081 ancient Indivdiuals Anno File.
Doing Individual RISE600.SG...
Using Low-Mem Cython Linear Speed Up.
Loaded Pre Processing Model: Eigenstrat
Loading Individual: RISE600.SG

Loaded 89147 variants
Loaded 2504 individuals
HDF5 loaded from ./Data/1000Genomes/HDF5/1240kHDF5/all1240/chr1.hdf5
3 Eigenstrat Files with 5081 Individuals and 1233013 SNPs

Intersection on Positions: 89147
Nr of Matching Refs: 89147 / 89147
Full Intersection Ref/Alt Identical: 89082 / 89147
2504 / 2504 Individuals included in Reference
Extraction of 5008 Haplotypes complete
Reduced to markers called 37553 / 89082
(Fraction SNP: 0.4215554208482073)
Successfully saved to: ./Empirical/Eigenstrat/Reichall/RISE600.SG/chr1/
Successfully loaded Data from: ./Empirical/Eigenstrat/Reichall/RISE600.SG/chr1/
Loaded Emission Model: haploid
Loaded Transition Model: model
Loaded Post Processing Model: Standard
Minimum Genetic Map: 0.0201
Maximum Genetic Map: 2.8626
Gaps bigger than 0.1 cM: 482
Maximum Gap: 3.1359 cM
Loaded Transition and Emission Matrix:
(3, 3)
(5009, 37553)
Loaded Observations:
(2, 37553)
Memory Usage: 1887.60064 mB
Reference Number: 5008
Total Log likelihood: -13678.659
Memory Usage: 1888.063488 mB
Finished Calculation State Posteriors
Saved Zero State Posterior to ./Empirical/Eigenstrat/Reichall/RISE600.SG/chr1/.
Successfully loaded for PP. from ./Empirical/Eigenstrat/Reichall/RISE600.SG/chr1/
Fraction Markers in ROH: 0.3962
Merged n=0 gaps < 0.0 M
Called n=11 ROH Blocks > 1.0 cM
Longest Block: 1.647
Successfully saved to ./Empirical/Eigenstrat/Reichall/RISE600.SG/chr1/roh.csv
Using Low-Mem Cython Linear Speed Up.
Loaded Pre Processing Model: Eigenstrat
Loading Individual: RISE600.SG

Loaded 94239 variants
Loaded 2504 individuals
HDF5 loaded from ./Data/1000Genomes/HDF5/1240kHDF5/all1240/chr2.hdf5
3 Eigenstrat Files with 5081 Individuals and 1233013 SNPs

Intersection on Positions: 94239
Nr of Matching Refs: 94239 / 94239
Full Intersection Ref/Alt Identical: 94173 / 94239
2504 / 2504 Individuals included in Reference
Extraction of 5008 Haplotypes complete
Reduced to markers called 39663 / 94173
(Fraction SNP: 0.421171673409576)
Successfully saved to: ./Empirical/Eigenstrat/Reichall/RISE600.SG/chr2/
Successfully loaded Data from: ./Empirical/Eigenstrat/Reichall/RISE600.SG/chr2/
Loaded Emission Model: haploid
Loaded Transition Model: model
Loaded Post Processing Model: Standard
Minimum Genetic Map: 0.0002
Maximum Genetic Map: 2.6883
Gaps bigger than 0.1 cM: 422
Maximum Gap: 1.8310 cM
Loaded Transition and Emission Matrix:
(3, 3)
(5009, 39663)
Loaded Observations:
(2, 39663)
Memory Usage: 2020.421632 mB
Reference Number: 5008
Total Log likelihood: -14274.748
Memory Usage: 2020.417536 mB
Finished Calculation State Posteriors
Saved Zero State Posterior to ./Empirical/Eigenstrat/Reichall/RISE600.SG/chr2/.
Successfully loaded for PP. from ./Empirical/Eigenstrat/Reichall/RISE600.SG/chr2/
Fraction Markers in ROH: 0.4246
Merged n=0 gaps < 0.0 M
Called n=14 ROH Blocks > 1.0 cM
Longest Block: 3.430
Successfully saved to ./Empirical/Eigenstrat/Reichall/RISE600.SG/chr2/roh.csv
Using Low-Mem Cython Linear Speed Up.
Loaded Pre Processing Model: Eigenstrat
Loading Individual: RISE600.SG

Loaded 77652 variants
Loaded 2504 individuals
HDF5 loaded from ./Data/1000Genomes/HDF5/1240kHDF5/all1240/chr3.hdf5
3 Eigenstrat Files with 5081 Individuals and 1233013 SNPs

Intersection on Positions: 77652
Nr of Matching Refs: 77652 / 77652
Full Intersection Ref/Alt Identical: 77601 / 77652
2504 / 2504 Individuals included in Reference
Extraction of 5008 Haplotypes complete
Reduced to markers called 32871 / 77601
(Fraction SNP: 0.42358990219198206)
Successfully saved to: ./Empirical/Eigenstrat/Reichall/RISE600.SG/chr3/
Successfully loaded Data from: ./Empirical/Eigenstrat/Reichall/RISE600.SG/chr3/
Loaded Emission Model: haploid
Loaded Transition Model: model
Loaded Post Processing Model: Standard
Minimum Genetic Map: 0.0000
Maximum Genetic Map: 2.2325
Gaps bigger than 0.1 cM: 391
Maximum Gap: 0.3340 cM
Loaded Transition and Emission Matrix:
(3, 3)
(5009, 32871)
Loaded Observations:
(2, 32871)
Memory Usage: 1724.624896 mB
Reference Number: 5008
Total Log likelihood: -11960.747
Memory Usage: 1724.624896 mB
Finished Calculation State Posteriors
Saved Zero State Posterior to ./Empirical/Eigenstrat/Reichall/RISE600.SG/chr3/.
Successfully loaded for PP. from ./Empirical/Eigenstrat/Reichall/RISE600.SG/chr3/
Fraction Markers in ROH: 0.4040
Merged n=0 gaps < 0.0 M
Called n=11 ROH Blocks > 1.0 cM
Longest Block: 2.786
Successfully saved to ./Empirical/Eigenstrat/Reichall/RISE600.SG/chr3/roh.csv
Using Low-Mem Cython Linear Speed Up.
Loaded Pre Processing Model: Eigenstrat
Loading Individual: RISE600.SG

Loaded 68759 variants
Loaded 2504 individuals
HDF5 loaded from ./Data/1000Genomes/HDF5/1240kHDF5/all1240/chr4.hdf5
3 Eigenstrat Files with 5081 Individuals and 1233013 SNPs

Intersection on Positions: 68759
Nr of Matching Refs: 68759 / 68759
Full Intersection Ref/Alt Identical: 68720 / 68759
2504 / 2504 Individuals included in Reference
Extraction of 5008 Haplotypes complete
Reduced to markers called 29074 / 68720
(Fraction SNP: 0.4230791618160652)
Successfully saved to: ./Empirical/Eigenstrat/Reichall/RISE600.SG/chr4/
Successfully loaded Data from: ./Empirical/Eigenstrat/Reichall/RISE600.SG/chr4/
Loaded Emission Model: haploid
Loaded Transition Model: model
Loaded Post Processing Model: Standard
Minimum Genetic Map: 0.0034
Maximum Genetic Map: 2.1454
Gaps bigger than 0.1 cM: 379
Maximum Gap: 2.0482 cM
Loaded Transition and Emission Matrix:
(3, 3)
(5009, 29074)
Loaded Observations:
(2, 29074)
Memory Usage: 1553.862656 mB
Reference Number: 5008
Total Log likelihood: -11065.452
Memory Usage: 1553.862656 mB
Finished Calculation State Posteriors
Saved Zero State Posterior to ./Empirical/Eigenstrat/Reichall/RISE600.SG/chr4/.
Successfully loaded for PP. from ./Empirical/Eigenstrat/Reichall/RISE600.SG/chr4/
Fraction Markers in ROH: 0.3432
Merged n=0 gaps < 0.0 M
Called n=8 ROH Blocks > 1.0 cM
Longest Block: 1.460
Successfully saved to ./Empirical/Eigenstrat/Reichall/RISE600.SG/chr4/roh.csv
Using Low-Mem Cython Linear Speed Up.
Loaded Pre Processing Model: Eigenstrat
Loading Individual: RISE600.SG

Loaded 69399 variants
Loaded 2504 individuals
HDF5 loaded from ./Data/1000Genomes/HDF5/1240kHDF5/all1240/chr5.hdf5
3 Eigenstrat Files with 5081 Individuals and 1233013 SNPs

Intersection on Positions: 69399
Nr of Matching Refs: 69399 / 69399
Full Intersection Ref/Alt Identical: 69354 / 69399
2504 / 2504 Individuals included in Reference
Extraction of 5008 Haplotypes complete
Reduced to markers called 29278 / 69354
(Fraction SNP: 0.4221530120829368)
Successfully saved to: ./Empirical/Eigenstrat/Reichall/RISE600.SG/chr5/
Successfully loaded Data from: ./Empirical/Eigenstrat/Reichall/RISE600.SG/chr5/
Loaded Emission Model: haploid
Loaded Transition Model: model
Loaded Post Processing Model: Standard
Minimum Genetic Map: 0.0004
Maximum Genetic Map: 2.0409
Gaps bigger than 0.1 cM: 370
Maximum Gap: 1.0498 cM
Loaded Transition and Emission Matrix:
(3, 3)
(5009, 29278)
Loaded Observations:
(2, 29278)
Memory Usage: 1563.234304 mB
Reference Number: 5008
Total Log likelihood: -10757.899
Memory Usage: 1563.234304 mB
Finished Calculation State Posteriors
Saved Zero State Posterior to ./Empirical/Eigenstrat/Reichall/RISE600.SG/chr5/.
Successfully loaded for PP. from ./Empirical/Eigenstrat/Reichall/RISE600.SG/chr5/
Fraction Markers in ROH: 0.3885
Merged n=0 gaps < 0.0 M
Called n=7 ROH Blocks > 1.0 cM
Longest Block: 1.908
Successfully saved to ./Empirical/Eigenstrat/Reichall/RISE600.SG/chr5/roh.csv
Using Low-Mem Cython Linear Speed Up.
Loaded Pre Processing Model: Eigenstrat
Loading Individual: RISE600.SG

Loaded 75870 variants
Loaded 2504 individuals
HDF5 loaded from ./Data/1000Genomes/HDF5/1240kHDF5/all1240/chr6.hdf5
3 Eigenstrat Files with 5081 Individuals and 1233013 SNPs

Intersection on Positions: 75870
Nr of Matching Refs: 75870 / 75870
Full Intersection Ref/Alt Identical: 75816 / 75870
2504 / 2504 Individuals included in Reference
Extraction of 5008 Haplotypes complete
Reduced to markers called 32008 / 75816
(Fraction SNP: 0.42218001477260736)
Successfully saved to: ./Empirical/Eigenstrat/Reichall/RISE600.SG/chr6/
Successfully loaded Data from: ./Empirical/Eigenstrat/Reichall/RISE600.SG/chr6/
Loaded Emission Model: haploid
Loaded Transition Model: model
Loaded Post Processing Model: Standard
Minimum Genetic Map: 0.0032
Maximum Genetic Map: 1.9203
Gaps bigger than 0.1 cM: 311
Maximum Gap: 0.5062 cM
Loaded Transition and Emission Matrix:
(3, 3)
(5009, 32008)
Loaded Observations:
(2, 32008)
Memory Usage: 1632.3584 mB
Reference Number: 5008
Total Log likelihood: -11656.946
Memory Usage: 1632.3584 mB
Finished Calculation State Posteriors
Saved Zero State Posterior to ./Empirical/Eigenstrat/Reichall/RISE600.SG/chr6/.
Successfully loaded for PP. from ./Empirical/Eigenstrat/Reichall/RISE600.SG/chr6/
Fraction Markers in ROH: 0.3826
Merged n=0 gaps < 0.0 M
Called n=7 ROH Blocks > 1.0 cM
Longest Block: 13.735
Successfully saved to ./Empirical/Eigenstrat/Reichall/RISE600.SG/chr6/roh.csv
Using Low-Mem Cython Linear Speed Up.
Loaded Pre Processing Model: Eigenstrat
Loading Individual: RISE600.SG

Loaded 59890 variants
Loaded 2504 individuals
HDF5 loaded from ./Data/1000Genomes/HDF5/1240kHDF5/all1240/chr7.hdf5
3 Eigenstrat Files with 5081 Individuals and 1233013 SNPs

Intersection on Positions: 59890
Nr of Matching Refs: 59890 / 59890
Full Intersection Ref/Alt Identical: 59836 / 59890
2504 / 2504 Individuals included in Reference
Extraction of 5008 Haplotypes complete
Reduced to markers called 25163 / 59836
(Fraction SNP: 0.4205327896249749)
Successfully saved to: ./Empirical/Eigenstrat/Reichall/RISE600.SG/chr7/
Successfully loaded Data from: ./Empirical/Eigenstrat/Reichall/RISE600.SG/chr7/
Loaded Emission Model: haploid
Loaded Transition Model: model
Loaded Post Processing Model: Standard
Minimum Genetic Map: 0.0001
Maximum Genetic Map: 1.8715
Gaps bigger than 0.1 cM: 334
Maximum Gap: 1.0852 cM
Loaded Transition and Emission Matrix:
(3, 3)
(5009, 25163)
Loaded Observations:
(2, 25163)
Memory Usage: 1367.232512 mB
Reference Number: 5008
Total Log likelihood: -9656.467
Memory Usage: 1367.232512 mB
Finished Calculation State Posteriors
Saved Zero State Posterior to ./Empirical/Eigenstrat/Reichall/RISE600.SG/chr7/.
Successfully loaded for PP. from ./Empirical/Eigenstrat/Reichall/RISE600.SG/chr7/
Fraction Markers in ROH: 0.3742
Merged n=0 gaps < 0.0 M
Called n=8 ROH Blocks > 1.0 cM
Longest Block: 2.769
Successfully saved to ./Empirical/Eigenstrat/Reichall/RISE600.SG/chr7/roh.csv
Using Low-Mem Cython Linear Speed Up.
Loaded Pre Processing Model: Eigenstrat
Loading Individual: RISE600.SG

Loaded 61133 variants
Loaded 2504 individuals
HDF5 loaded from ./Data/1000Genomes/HDF5/1240kHDF5/all1240/chr8.hdf5
3 Eigenstrat Files with 5081 Individuals and 1233013 SNPs

Intersection on Positions: 61133
Nr of Matching Refs: 61133 / 61133
Full Intersection Ref/Alt Identical: 61091 / 61133
2504 / 2504 Individuals included in Reference
Extraction of 5008 Haplotypes complete
Reduced to markers called 25761 / 61091
(Fraction SNP: 0.4216824082107021)
Successfully saved to: ./Empirical/Eigenstrat/Reichall/RISE600.SG/chr8/
Successfully loaded Data from: ./Empirical/Eigenstrat/Reichall/RISE600.SG/chr8/
Loaded Emission Model: haploid
Loaded Transition Model: model
Loaded Post Processing Model: Standard
Minimum Genetic Map: 0.0000
Maximum Genetic Map: 1.6800
Gaps bigger than 0.1 cM: 251
Maximum Gap: 1.8932 cM
Loaded Transition and Emission Matrix:
(3, 3)
(5009, 25761)
Loaded Observations:
(2, 25761)
Memory Usage: 1394.9952 mB
Reference Number: 5008
Total Log likelihood: -9408.162
Memory Usage: 1394.9952 mB
Finished Calculation State Posteriors
Saved Zero State Posterior to ./Empirical/Eigenstrat/Reichall/RISE600.SG/chr8/.
Successfully loaded for PP. from ./Empirical/Eigenstrat/Reichall/RISE600.SG/chr8/
Fraction Markers in ROH: 0.3859
Merged n=0 gaps < 0.0 M
Called n=9 ROH Blocks > 1.0 cM
Longest Block: 1.513
Successfully saved to ./Empirical/Eigenstrat/Reichall/RISE600.SG/chr8/roh.csv
Using Low-Mem Cython Linear Speed Up.
Loaded Pre Processing Model: Eigenstrat
Loading Individual: RISE600.SG

Loaded 50668 variants
Loaded 2504 individuals
HDF5 loaded from ./Data/1000Genomes/HDF5/1240kHDF5/all1240/chr9.hdf5
3 Eigenstrat Files with 5081 Individuals and 1233013 SNPs

Intersection on Positions: 50668
Nr of Matching Refs: 50668 / 50668
Full Intersection Ref/Alt Identical: 50629 / 50668
2504 / 2504 Individuals included in Reference
Extraction of 5008 Haplotypes complete
Reduced to markers called 21215 / 50629
(Fraction SNP: 0.41902861996089197)
Successfully saved to: ./Empirical/Eigenstrat/Reichall/RISE600.SG/chr9/
Successfully loaded Data from: ./Empirical/Eigenstrat/Reichall/RISE600.SG/chr9/
Loaded Emission Model: haploid
Loaded Transition Model: model
Loaded Post Processing Model: Standard
Minimum Genetic Map: 0.0016
Maximum Genetic Map: 1.6630
Gaps bigger than 0.1 cM: 303
Maximum Gap: 2.3428 cM
Loaded Transition and Emission Matrix:
(3, 3)
(5009, 21215)
Loaded Observations:
(2, 21215)
Memory Usage: 1189.90848 mB
Reference Number: 5008
Total Log likelihood: -8018.519
Memory Usage: 1189.90848 mB
Finished Calculation State Posteriors
Saved Zero State Posterior to ./Empirical/Eigenstrat/Reichall/RISE600.SG/chr9/.
Successfully loaded for PP. from ./Empirical/Eigenstrat/Reichall/RISE600.SG/chr9/
Fraction Markers in ROH: 0.3706
Merged n=0 gaps < 0.0 M
Called n=6 ROH Blocks > 1.0 cM
Longest Block: 2.054
Successfully saved to ./Empirical/Eigenstrat/Reichall/RISE600.SG/chr9/roh.csv
Using Low-Mem Cython Linear Speed Up.
Loaded Pre Processing Model: Eigenstrat
Loading Individual: RISE600.SG

Loaded 58804 variants
Loaded 2504 individuals
HDF5 loaded from ./Data/1000Genomes/HDF5/1240kHDF5/all1240/chr10.hdf5
3 Eigenstrat Files with 5081 Individuals and 1233013 SNPs

Intersection on Positions: 58804
Nr of Matching Refs: 58804 / 58804
Full Intersection Ref/Alt Identical: 58763 / 58804
2504 / 2504 Individuals included in Reference
Extraction of 5008 Haplotypes complete
Reduced to markers called 24755 / 58763
(Fraction SNP: 0.4212684852713442)
Successfully saved to: ./Empirical/Eigenstrat/Reichall/RISE600.SG/chr10/
Successfully loaded Data from: ./Empirical/Eigenstrat/Reichall/RISE600.SG/chr10/
Loaded Emission Model: haploid
Loaded Transition Model: model
Loaded Post Processing Model: Standard
Minimum Genetic Map: 0.0001
Maximum Genetic Map: 1.8091
Gaps bigger than 0.1 cM: 297
Maximum Gap: 2.0839 cM
Loaded Transition and Emission Matrix:
(3, 3)
(5009, 24755)
Loaded Observations:
(2, 24755)
Memory Usage: 1350.02112 mB
Reference Number: 5008
Total Log likelihood: -9370.961
Memory Usage: 1350.02112 mB
Finished Calculation State Posteriors
Saved Zero State Posterior to ./Empirical/Eigenstrat/Reichall/RISE600.SG/chr10/.
Successfully loaded for PP. from ./Empirical/Eigenstrat/Reichall/RISE600.SG/chr10/
Fraction Markers in ROH: 0.3595
Merged n=0 gaps < 0.0 M
Called n=7 ROH Blocks > 1.0 cM
Longest Block: 2.774
Successfully saved to ./Empirical/Eigenstrat/Reichall/RISE600.SG/chr10/roh.csv
Using Low-Mem Cython Linear Speed Up.
Loaded Pre Processing Model: Eigenstrat
Loading Individual: RISE600.SG

Loaded 54833 variants
Loaded 2504 individuals
HDF5 loaded from ./Data/1000Genomes/HDF5/1240kHDF5/all1240/chr11.hdf5
3 Eigenstrat Files with 5081 Individuals and 1233013 SNPs

Intersection on Positions: 54833
Nr of Matching Refs: 54833 / 54833
Full Intersection Ref/Alt Identical: 54796 / 54833
2504 / 2504 Individuals included in Reference
Extraction of 5008 Haplotypes complete
Reduced to markers called 22873 / 54796
(Fraction SNP: 0.4174209796335499)
Successfully saved to: ./Empirical/Eigenstrat/Reichall/RISE600.SG/chr11/
Successfully loaded Data from: ./Empirical/Eigenstrat/Reichall/RISE600.SG/chr11/
Loaded Emission Model: haploid
Loaded Transition Model: model
Loaded Post Processing Model: Standard
Minimum Genetic Map: 0.0002
Maximum Genetic Map: 1.5822
Gaps bigger than 0.1 cM: 272
Maximum Gap: 0.5679 cM
Loaded Transition and Emission Matrix:
(3, 3)
(5009, 22873)
Loaded Observations:
(2, 22873)
Memory Usage: 1265.262592 mB
Reference Number: 5008
Total Log likelihood: -8583.773
Memory Usage: 1265.262592 mB
Finished Calculation State Posteriors
Saved Zero State Posterior to ./Empirical/Eigenstrat/Reichall/RISE600.SG/chr11/.
Successfully loaded for PP. from ./Empirical/Eigenstrat/Reichall/RISE600.SG/chr11/
Fraction Markers in ROH: 0.3800
Merged n=0 gaps < 0.0 M
Called n=6 ROH Blocks > 1.0 cM
Longest Block: 2.292
Successfully saved to ./Empirical/Eigenstrat/Reichall/RISE600.SG/chr11/roh.csv
Using Low-Mem Cython Linear Speed Up.
Loaded Pre Processing Model: Eigenstrat
Loading Individual: RISE600.SG

Loaded 53911 variants
Loaded 2504 individuals
HDF5 loaded from ./Data/1000Genomes/HDF5/1240kHDF5/all1240/chr12.hdf5
3 Eigenstrat Files with 5081 Individuals and 1233013 SNPs

Intersection on Positions: 53911
Nr of Matching Refs: 53911 / 53911
Full Intersection Ref/Alt Identical: 53884 / 53911
2504 / 2504 Individuals included in Reference
Extraction of 5008 Haplotypes complete
Reduced to markers called 22974 / 53884
(Fraction SNP: 0.4263603295969119)
Successfully saved to: ./Empirical/Eigenstrat/Reichall/RISE600.SG/chr12/
Successfully loaded Data from: ./Empirical/Eigenstrat/Reichall/RISE600.SG/chr12/
Loaded Emission Model: haploid
Loaded Transition Model: model
Loaded Post Processing Model: Standard
Minimum Genetic Map: 0.0018
Maximum Genetic Map: 1.7468
Gaps bigger than 0.1 cM: 322
Maximum Gap: 0.8437 cM
Loaded Transition and Emission Matrix:
(3, 3)
(5009, 22974)
Loaded Observations:
(2, 22974)
Memory Usage: 1269.362688 mB
Reference Number: 5008
Total Log likelihood: -8639.192
Memory Usage: 1269.362688 mB
Finished Calculation State Posteriors
Saved Zero State Posterior to ./Empirical/Eigenstrat/Reichall/RISE600.SG/chr12/.
Successfully loaded for PP. from ./Empirical/Eigenstrat/Reichall/RISE600.SG/chr12/
Fraction Markers in ROH: 0.3767
Merged n=0 gaps < 0.0 M
Called n=8 ROH Blocks > 1.0 cM
Longest Block: 3.936
Successfully saved to ./Empirical/Eigenstrat/Reichall/RISE600.SG/chr12/roh.csv
Using Low-Mem Cython Linear Speed Up.
Loaded Pre Processing Model: Eigenstrat
Loading Individual: RISE600.SG

Loaded 39018 variants
Loaded 2504 individuals
HDF5 loaded from ./Data/1000Genomes/HDF5/1240kHDF5/all1240/chr13.hdf5
3 Eigenstrat Files with 5081 Individuals and 1233013 SNPs

Intersection on Positions: 39018
Nr of Matching Refs: 39018 / 39018
Full Intersection Ref/Alt Identical: 38994 / 39018
2504 / 2504 Individuals included in Reference
Extraction of 5008 Haplotypes complete
Reduced to markers called 16616 / 38994
(Fraction SNP: 0.4261168384879725)
Successfully saved to: ./Empirical/Eigenstrat/Reichall/RISE600.SG/chr13/
Successfully loaded Data from: ./Empirical/Eigenstrat/Reichall/RISE600.SG/chr13/
Loaded Emission Model: haploid
Loaded Transition Model: model
Loaded Post Processing Model: Standard
Minimum Genetic Map: 0.0019
Maximum Genetic Map: 1.2570
Gaps bigger than 0.1 cM: 219
Maximum Gap: 1.2285 cM
Loaded Transition and Emission Matrix:
(3, 3)
(5009, 16616)
Loaded Observations:
(2, 16616)
Memory Usage: 983.158784 mB
Reference Number: 5008
Total Log likelihood: -6466.398
Memory Usage: 983.158784 mB
Finished Calculation State Posteriors
Saved Zero State Posterior to ./Empirical/Eigenstrat/Reichall/RISE600.SG/chr13/.
Successfully loaded for PP. from ./Empirical/Eigenstrat/Reichall/RISE600.SG/chr13/
Fraction Markers in ROH: 0.3584
Merged n=0 gaps < 0.0 M
Called n=4 ROH Blocks > 1.0 cM
Longest Block: 1.332
Successfully saved to ./Empirical/Eigenstrat/Reichall/RISE600.SG/chr13/roh.csv
Using Low-Mem Cython Linear Speed Up.
Loaded Pre Processing Model: Eigenstrat
Loading Individual: RISE600.SG

Loaded 36301 variants
Loaded 2504 individuals
HDF5 loaded from ./Data/1000Genomes/HDF5/1240kHDF5/all1240/chr14.hdf5
3 Eigenstrat Files with 5081 Individuals and 1233013 SNPs

Intersection on Positions: 36301
Nr of Matching Refs: 36301 / 36301
Full Intersection Ref/Alt Identical: 36280 / 36301
2504 / 2504 Individuals included in Reference
Extraction of 5008 Haplotypes complete
Reduced to markers called 15286 / 36280
(Fraction SNP: 0.4213340683572216)
Successfully saved to: ./Empirical/Eigenstrat/Reichall/RISE600.SG/chr14/
Successfully loaded Data from: ./Empirical/Eigenstrat/Reichall/RISE600.SG/chr14/
Loaded Emission Model: haploid
Loaded Transition Model: model
Loaded Post Processing Model: Standard
Minimum Genetic Map: 0.0161
Maximum Genetic Map: 1.2020
Gaps bigger than 0.1 cM: 213
Maximum Gap: 3.2689 cM
Loaded Transition and Emission Matrix:
(3, 3)
(5009, 15286)
Loaded Observations:
(2, 15286)
Memory Usage: 923.328512 mB
Reference Number: 5008
Total Log likelihood: -5866.128
Memory Usage: 923.328512 mB
Finished Calculation State Posteriors
Saved Zero State Posterior to ./Empirical/Eigenstrat/Reichall/RISE600.SG/chr14/.
Successfully loaded for PP. from ./Empirical/Eigenstrat/Reichall/RISE600.SG/chr14/
Fraction Markers in ROH: 0.3730
Merged n=0 gaps < 0.0 M
Called n=4 ROH Blocks > 1.0 cM
Longest Block: 1.724
Successfully saved to ./Empirical/Eigenstrat/Reichall/RISE600.SG/chr14/roh.csv
Using Low-Mem Cython Linear Speed Up.
Loaded Pre Processing Model: Eigenstrat
Loading Individual: RISE600.SG

Loaded 34429 variants
Loaded 2504 individuals
HDF5 loaded from ./Data/1000Genomes/HDF5/1240kHDF5/all1240/chr15.hdf5
3 Eigenstrat Files with 5081 Individuals and 1233013 SNPs

Intersection on Positions: 34429
Nr of Matching Refs: 34429 / 34429
Full Intersection Ref/Alt Identical: 34407 / 34429
2504 / 2504 Individuals included in Reference
Extraction of 5008 Haplotypes complete
Reduced to markers called 14532 / 34407
(Fraction SNP: 0.4223559159473363)
Successfully saved to: ./Empirical/Eigenstrat/Reichall/RISE600.SG/chr15/
Successfully loaded Data from: ./Empirical/Eigenstrat/Reichall/RISE600.SG/chr15/
Loaded Emission Model: haploid
Loaded Transition Model: model
Loaded Post Processing Model: Standard
Minimum Genetic Map: 0.0002
Maximum Genetic Map: 1.4135
Gaps bigger than 0.1 cM: 239
Maximum Gap: 11.6605 cM
Loaded Transition and Emission Matrix:
(3, 3)
(5009, 14532)
Loaded Observations:
(2, 14532)
Memory Usage: 889.40544 mB
Reference Number: 5008
Total Log likelihood: -5687.870
Memory Usage: 889.40544 mB
Finished Calculation State Posteriors
Saved Zero State Posterior to ./Empirical/Eigenstrat/Reichall/RISE600.SG/chr15/.
Successfully loaded for PP. from ./Empirical/Eigenstrat/Reichall/RISE600.SG/chr15/
Fraction Markers in ROH: 0.3539
Merged n=0 gaps < 0.0 M
Called n=6 ROH Blocks > 1.0 cM
Longest Block: 1.875
Successfully saved to ./Empirical/Eigenstrat/Reichall/RISE600.SG/chr15/roh.csv
Using Low-Mem Cython Linear Speed Up.
Loaded Pre Processing Model: Eigenstrat
Loading Individual: RISE600.SG

Loaded 34402 variants
Loaded 2504 individuals
HDF5 loaded from ./Data/1000Genomes/HDF5/1240kHDF5/all1240/chr16.hdf5
3 Eigenstrat Files with 5081 Individuals and 1233013 SNPs

Intersection on Positions: 34402
Nr of Matching Refs: 34402 / 34402
Full Intersection Ref/Alt Identical: 34375 / 34402
2504 / 2504 Individuals included in Reference
Extraction of 5008 Haplotypes complete
Reduced to markers called 14482 / 34375
(Fraction SNP: 0.4212945454545455)
Successfully saved to: ./Empirical/Eigenstrat/Reichall/RISE600.SG/chr16/
Successfully loaded Data from: ./Empirical/Eigenstrat/Reichall/RISE600.SG/chr16/
Loaded Emission Model: haploid
Loaded Transition Model: model
Loaded Post Processing Model: Standard
Minimum Genetic Map: 0.0000
Maximum Genetic Map: 1.3402
Gaps bigger than 0.1 cM: 250
Maximum Gap: 1.0014 cM
Loaded Transition and Emission Matrix:
(3, 3)
(5009, 14482)
Loaded Observations:
(2, 14482)
Memory Usage: 887.472128 mB
Reference Number: 5008
Total Log likelihood: -5596.396
Memory Usage: 887.472128 mB
Finished Calculation State Posteriors
Saved Zero State Posterior to ./Empirical/Eigenstrat/Reichall/RISE600.SG/chr16/.
Successfully loaded for PP. from ./Empirical/Eigenstrat/Reichall/RISE600.SG/chr16/
Fraction Markers in ROH: 0.3624
Merged n=0 gaps < 0.0 M
Called n=4 ROH Blocks > 1.0 cM
Longest Block: 1.412
Successfully saved to ./Empirical/Eigenstrat/Reichall/RISE600.SG/chr16/roh.csv
Using Low-Mem Cython Linear Speed Up.
Loaded Pre Processing Model: Eigenstrat
Loading Individual: RISE600.SG

Loaded 29314 variants
Loaded 2504 individuals
HDF5 loaded from ./Data/1000Genomes/HDF5/1240kHDF5/all1240/chr17.hdf5
3 Eigenstrat Files with 5081 Individuals and 1233013 SNPs

Intersection on Positions: 29314
Nr of Matching Refs: 29314 / 29314
Full Intersection Ref/Alt Identical: 29292 / 29314
2504 / 2504 Individuals included in Reference
Extraction of 5008 Haplotypes complete
Reduced to markers called 12364 / 29292
(Fraction SNP: 0.4220947699030452)
Successfully saved to: ./Empirical/Eigenstrat/Reichall/RISE600.SG/chr17/
Successfully loaded Data from: ./Empirical/Eigenstrat/Reichall/RISE600.SG/chr17/
Loaded Emission Model: haploid
Loaded Transition Model: model
Loaded Post Processing Model: Standard
Minimum Genetic Map: -0.0002
Maximum Genetic Map: 1.2847
Gaps bigger than 0.1 cM: 249
Maximum Gap: 1.4929 cM
Loaded Transition and Emission Matrix:
(3, 3)
(5009, 12364)
Loaded Observations:
(2, 12364)
Memory Usage: 791.486464 mB
Reference Number: 5008
Total Log likelihood: -4920.674
Memory Usage: 791.486464 mB
Finished Calculation State Posteriors
Saved Zero State Posterior to ./Empirical/Eigenstrat/Reichall/RISE600.SG/chr17/.
Successfully loaded for PP. from ./Empirical/Eigenstrat/Reichall/RISE600.SG/chr17/
Fraction Markers in ROH: 0.3049
Merged n=0 gaps < 0.0 M
Called n=4 ROH Blocks > 1.0 cM
Longest Block: 3.330
Successfully saved to ./Empirical/Eigenstrat/Reichall/RISE600.SG/chr17/roh.csv
Using Low-Mem Cython Linear Speed Up.
Loaded Pre Processing Model: Eigenstrat
Loading Individual: RISE600.SG

Loaded 33917 variants
Loaded 2504 individuals
HDF5 loaded from ./Data/1000Genomes/HDF5/1240kHDF5/all1240/chr18.hdf5
3 Eigenstrat Files with 5081 Individuals and 1233013 SNPs

Intersection on Positions: 33917
Nr of Matching Refs: 33917 / 33917
Full Intersection Ref/Alt Identical: 33902 / 33917
2504 / 2504 Individuals included in Reference
Extraction of 5008 Haplotypes complete
Reduced to markers called 14276 / 33902
(Fraction SNP: 0.42109610052504276)
Successfully saved to: ./Empirical/Eigenstrat/Reichall/RISE600.SG/chr18/
Successfully loaded Data from: ./Empirical/Eigenstrat/Reichall/RISE600.SG/chr18/
Loaded Emission Model: haploid
Loaded Transition Model: model
Loaded Post Processing Model: Standard
Minimum Genetic Map: 0.0016
Maximum Genetic Map: 1.1771
Gaps bigger than 0.1 cM: 209
Maximum Gap: 0.4864 cM
Loaded Transition and Emission Matrix:
(3, 3)
(5009, 14276)
Loaded Observations:
(2, 14276)
Memory Usage: 877.989888 mB
Reference Number: 5008
Total Log likelihood: -5391.323
Memory Usage: 877.989888 mB
Finished Calculation State Posteriors
Saved Zero State Posterior to ./Empirical/Eigenstrat/Reichall/RISE600.SG/chr18/.
Successfully loaded for PP. from ./Empirical/Eigenstrat/Reichall/RISE600.SG/chr18/
Fraction Markers in ROH: 0.3865
Merged n=0 gaps < 0.0 M
Called n=9 ROH Blocks > 1.0 cM
Longest Block: 1.753
Successfully saved to ./Empirical/Eigenstrat/Reichall/RISE600.SG/chr18/roh.csv
Using Low-Mem Cython Linear Speed Up.
Loaded Pre Processing Model: Eigenstrat
Loading Individual: RISE600.SG

Loaded 18460 variants
Loaded 2504 individuals
HDF5 loaded from ./Data/1000Genomes/HDF5/1240kHDF5/all1240/chr19.hdf5
3 Eigenstrat Files with 5081 Individuals and 1233013 SNPs

Intersection on Positions: 18460
Nr of Matching Refs: 18460 / 18460
Full Intersection Ref/Alt Identical: 18441 / 18460
2504 / 2504 Individuals included in Reference
Extraction of 5008 Haplotypes complete
Reduced to markers called 7875 / 18441
(Fraction SNP: 0.427037579306979)
Successfully saved to: ./Empirical/Eigenstrat/Reichall/RISE600.SG/chr19/
Successfully loaded Data from: ./Empirical/Eigenstrat/Reichall/RISE600.SG/chr19/
Loaded Emission Model: haploid
Loaded Transition Model: model
Loaded Post Processing Model: Standard
Minimum Genetic Map: 0.0000
Maximum Genetic Map: 1.0773
Gaps bigger than 0.1 cM: 252
Maximum Gap: 0.6717 cM
Loaded Transition and Emission Matrix:
(3, 3)
(5009, 7875)
Loaded Observations:
(2, 7875)
Memory Usage: 589.55776 mB
Reference Number: 5008
Total Log likelihood: -3187.628
Memory Usage: 589.55776 mB
Finished Calculation State Posteriors
Saved Zero State Posterior to ./Empirical/Eigenstrat/Reichall/RISE600.SG/chr19/.
Successfully loaded for PP. from ./Empirical/Eigenstrat/Reichall/RISE600.SG/chr19/
Fraction Markers in ROH: 0.3002
Merged n=0 gaps < 0.0 M
Called n=5 ROH Blocks > 1.0 cM
Longest Block: 2.460
Successfully saved to ./Empirical/Eigenstrat/Reichall/RISE600.SG/chr19/roh.csv
Using Low-Mem Cython Linear Speed Up.
Loaded Pre Processing Model: Eigenstrat
Loading Individual: RISE600.SG

Loaded 29078 variants
Loaded 2504 individuals
HDF5 loaded from ./Data/1000Genomes/HDF5/1240kHDF5/all1240/chr20.hdf5
3 Eigenstrat Files with 5081 Individuals and 1233013 SNPs

Intersection on Positions: 29078
Nr of Matching Refs: 29078 / 29078
Full Intersection Ref/Alt Identical: 29053 / 29078
2504 / 2504 Individuals included in Reference
Extraction of 5008 Haplotypes complete
Reduced to markers called 12287 / 29053
(Fraction SNP: 0.4229167383746945)
Successfully saved to: ./Empirical/Eigenstrat/Reichall/RISE600.SG/chr20/
Successfully loaded Data from: ./Empirical/Eigenstrat/Reichall/RISE600.SG/chr20/
Loaded Emission Model: haploid
Loaded Transition Model: model
Loaded Post Processing Model: Standard
Minimum Genetic Map: 0.0000
Maximum Genetic Map: 1.0821
Gaps bigger than 0.1 cM: 222
Maximum Gap: 0.5669 cM
Loaded Transition and Emission Matrix:
(3, 3)
(5009, 12287)
Loaded Observations:
(2, 12287)
Memory Usage: 788.717568 mB
Reference Number: 5008
Total Log likelihood: -4548.827
Memory Usage: 788.717568 mB
Finished Calculation State Posteriors
Saved Zero State Posterior to ./Empirical/Eigenstrat/Reichall/RISE600.SG/chr20/.
Successfully loaded for PP. from ./Empirical/Eigenstrat/Reichall/RISE600.SG/chr20/
Fraction Markers in ROH: 0.3228
Merged n=0 gaps < 0.0 M
Called n=7 ROH Blocks > 1.0 cM
Longest Block: 1.881
Successfully saved to ./Empirical/Eigenstrat/Reichall/RISE600.SG/chr20/roh.csv
Using Low-Mem Cython Linear Speed Up.
Loaded Pre Processing Model: Eigenstrat
Loading Individual: RISE600.SG

Loaded 16038 variants
Loaded 2504 individuals
HDF5 loaded from ./Data/1000Genomes/HDF5/1240kHDF5/all1240/chr21.hdf5
3 Eigenstrat Files with 5081 Individuals and 1233013 SNPs

Intersection on Positions: 16038
Nr of Matching Refs: 16038 / 16038
Full Intersection Ref/Alt Identical: 16031 / 16038
2504 / 2504 Individuals included in Reference
Extraction of 5008 Haplotypes complete
Reduced to markers called 6718 / 16031
(Fraction SNP: 0.41906306531096)
Successfully saved to: ./Empirical/Eigenstrat/Reichall/RISE600.SG/chr21/
Successfully loaded Data from: ./Empirical/Eigenstrat/Reichall/RISE600.SG/chr21/
Loaded Emission Model: haploid
Loaded Transition Model: model
Loaded Post Processing Model: Standard
Minimum Genetic Map: 0.0089
Maximum Genetic Map: 0.6277
Gaps bigger than 0.1 cM: 131
Maximum Gap: 0.4884 cM
Loaded Transition and Emission Matrix:
(3, 3)
(5009, 6718)
Loaded Observations:
(2, 6718)
Memory Usage: 537.448448 mB
Reference Number: 5008
Total Log likelihood: -2545.031
Memory Usage: 537.448448 mB
Finished Calculation State Posteriors
Saved Zero State Posterior to ./Empirical/Eigenstrat/Reichall/RISE600.SG/chr21/.
Successfully loaded for PP. from ./Empirical/Eigenstrat/Reichall/RISE600.SG/chr21/
Fraction Markers in ROH: 0.3230
Merged n=0 gaps < 0.0 M
Called n=1 ROH Blocks > 1.0 cM
Longest Block: 1.495
Successfully saved to ./Empirical/Eigenstrat/Reichall/RISE600.SG/chr21/roh.csv
Using Low-Mem Cython Linear Speed Up.
Loaded Pre Processing Model: Eigenstrat
Loading Individual: RISE600.SG

Loaded 15802 variants
Loaded 2504 individuals
HDF5 loaded from ./Data/1000Genomes/HDF5/1240kHDF5/all1240/chr22.hdf5
3 Eigenstrat Files with 5081 Individuals and 1233013 SNPs

Intersection on Positions: 15802
Nr of Matching Refs: 15802 / 15802
Full Intersection Ref/Alt Identical: 15793 / 15802
2504 / 2504 Individuals included in Reference
Extraction of 5008 Haplotypes complete
Reduced to markers called 6616 / 15793
(Fraction SNP: 0.4189197745836763)
Successfully saved to: ./Empirical/Eigenstrat/Reichall/RISE600.SG/chr22/
Successfully loaded Data from: ./Empirical/Eigenstrat/Reichall/RISE600.SG/chr22/
Loaded Emission Model: haploid
Loaded Transition Model: model
Loaded Post Processing Model: Standard
Minimum Genetic Map: 0.0171
Maximum Genetic Map: 0.7408
Gaps bigger than 0.1 cM: 147
Maximum Gap: 1.7660 cM
Loaded Transition and Emission Matrix:
(3, 3)
(5009, 6616)
Loaded Observations:
(2, 6616)
Memory Usage: 532.635648 mB
Reference Number: 5008
Total Log likelihood: -2388.600
Memory Usage: 532.64384 mB
Finished Calculation State Posteriors
Saved Zero State Posterior to ./Empirical/Eigenstrat/Reichall/RISE600.SG/chr22/.
Successfully loaded for PP. from ./Empirical/Eigenstrat/Reichall/RISE600.SG/chr22/
Fraction Markers in ROH: 0.4407
Merged n=0 gaps < 0.0 M
Called n=5 ROH Blocks > 1.0 cM
Longest Block: 1.762
Successfully saved to ./Empirical/Eigenstrat/Reichall/RISE600.SG/chr22/roh.csv
