Loaded 2106 / 5081 ancient Indivdiuals Anno File.
Doing Individual I0015...
Using Low-Mem Cython Linear Speed Up.
Loaded Pre Processing Model: Eigenstrat
Loading Individual: I0015

Loaded 89147 variants
Loaded 2504 individuals
HDF5 loaded from ./Data/1000Genomes/HDF5/1240kHDF5/all1240/chr1.hdf5
3 Eigenstrat Files with 5081 Individuals and 1233013 SNPs

Intersection on Positions: 89147
Nr of Matching Refs: 89147 / 89147
Full Intersection Ref/Alt Identical: 89082 / 89147
2504 / 2504 Individuals included in Reference
Extraction of 5008 Haplotypes complete
Reduced to markers called 46983 / 89082
(Fraction SNP: 0.5274129453761702)
Successfully saved to: ./Empirical/Eigenstrat/Reichall/I0015/chr1/
Successfully loaded Data from: ./Empirical/Eigenstrat/Reichall/I0015/chr1/
Loaded Emission Model: haploid
Loaded Transition Model: model
Loaded Post Processing Model: Standard
Minimum Genetic Map: 0.0201
Maximum Genetic Map: 2.8627
Gaps bigger than 0.1 cM: 403
Maximum Gap: 2.9492 cM
Loaded Transition and Emission Matrix:
(3, 3)
(5009, 46983)
Loaded Observations:
(2, 46983)
Memory Usage: 2312.183808 mB
Reference Number: 5008
Total Log likelihood: -15405.363
Memory Usage: 2312.646656 mB
Finished Calculation State Posteriors
Saved Zero State Posterior to ./Empirical/Eigenstrat/Reichall/I0015/chr1/.
Successfully loaded for PP. from ./Empirical/Eigenstrat/Reichall/I0015/chr1/
Fraction Markers in ROH: 0.4488
Merged n=0 gaps < 0.0 M
Called n=21 ROH Blocks > 1.0 cM
Longest Block: 3.239
Successfully saved to ./Empirical/Eigenstrat/Reichall/I0015/chr1/roh.csv
Using Low-Mem Cython Linear Speed Up.
Loaded Pre Processing Model: Eigenstrat
Loading Individual: I0015

Loaded 94239 variants
Loaded 2504 individuals
HDF5 loaded from ./Data/1000Genomes/HDF5/1240kHDF5/all1240/chr2.hdf5
3 Eigenstrat Files with 5081 Individuals and 1233013 SNPs

Intersection on Positions: 94239
Nr of Matching Refs: 94239 / 94239
Full Intersection Ref/Alt Identical: 94173 / 94239
2504 / 2504 Individuals included in Reference
Extraction of 5008 Haplotypes complete
Reduced to markers called 47625 / 94173
(Fraction SNP: 0.5057181994839285)
Successfully saved to: ./Empirical/Eigenstrat/Reichall/I0015/chr2/
Successfully loaded Data from: ./Empirical/Eigenstrat/Reichall/I0015/chr2/
Loaded Emission Model: haploid
Loaded Transition Model: model
Loaded Post Processing Model: Standard
Minimum Genetic Map: 0.0001
Maximum Genetic Map: 2.6883
Gaps bigger than 0.1 cM: 387
Maximum Gap: 1.8354 cM
Loaded Transition and Emission Matrix:
(3, 3)
(5009, 47625)
Loaded Observations:
(2, 47625)
Memory Usage: 2380.013568 mB
Reference Number: 5008
Total Log likelihood: -15236.288
Memory Usage: 2380.013568 mB
Finished Calculation State Posteriors
Saved Zero State Posterior to ./Empirical/Eigenstrat/Reichall/I0015/chr2/.
Successfully loaded for PP. from ./Empirical/Eigenstrat/Reichall/I0015/chr2/
Fraction Markers in ROH: 0.4797
Merged n=0 gaps < 0.0 M
Called n=31 ROH Blocks > 1.0 cM
Longest Block: 3.440
Successfully saved to ./Empirical/Eigenstrat/Reichall/I0015/chr2/roh.csv
Using Low-Mem Cython Linear Speed Up.
Loaded Pre Processing Model: Eigenstrat
Loading Individual: I0015

Loaded 77652 variants
Loaded 2504 individuals
HDF5 loaded from ./Data/1000Genomes/HDF5/1240kHDF5/all1240/chr3.hdf5
3 Eigenstrat Files with 5081 Individuals and 1233013 SNPs

Intersection on Positions: 77652
Nr of Matching Refs: 77652 / 77652
Full Intersection Ref/Alt Identical: 77601 / 77652
2504 / 2504 Individuals included in Reference
Extraction of 5008 Haplotypes complete
Reduced to markers called 39118 / 77601
(Fraction SNP: 0.5040914421205912)
Successfully saved to: ./Empirical/Eigenstrat/Reichall/I0015/chr3/
Successfully loaded Data from: ./Empirical/Eigenstrat/Reichall/I0015/chr3/
Loaded Emission Model: haploid
Loaded Transition Model: model
Loaded Post Processing Model: Standard
Minimum Genetic Map: 0.0001
Maximum Genetic Map: 2.2326
Gaps bigger than 0.1 cM: 359
Maximum Gap: 0.3297 cM
Loaded Transition and Emission Matrix:
(3, 3)
(5009, 39118)
Loaded Observations:
(2, 39118)
Memory Usage: 1997.1072 mB
Reference Number: 5008
Total Log likelihood: -12775.856
Memory Usage: 1997.1072 mB
Finished Calculation State Posteriors
Saved Zero State Posterior to ./Empirical/Eigenstrat/Reichall/I0015/chr3/.
Successfully loaded for PP. from ./Empirical/Eigenstrat/Reichall/I0015/chr3/
Fraction Markers in ROH: 0.4797
Merged n=0 gaps < 0.0 M
Called n=18 ROH Blocks > 1.0 cM
Longest Block: 2.745
Successfully saved to ./Empirical/Eigenstrat/Reichall/I0015/chr3/roh.csv
Using Low-Mem Cython Linear Speed Up.
Loaded Pre Processing Model: Eigenstrat
Loading Individual: I0015

Loaded 68759 variants
Loaded 2504 individuals
HDF5 loaded from ./Data/1000Genomes/HDF5/1240kHDF5/all1240/chr4.hdf5
3 Eigenstrat Files with 5081 Individuals and 1233013 SNPs

Intersection on Positions: 68759
Nr of Matching Refs: 68759 / 68759
Full Intersection Ref/Alt Identical: 68720 / 68759
2504 / 2504 Individuals included in Reference
Extraction of 5008 Haplotypes complete
Reduced to markers called 32589 / 68720
(Fraction SNP: 0.47422875436554135)
Successfully saved to: ./Empirical/Eigenstrat/Reichall/I0015/chr4/
Successfully loaded Data from: ./Empirical/Eigenstrat/Reichall/I0015/chr4/
Loaded Emission Model: haploid
Loaded Transition Model: model
Loaded Post Processing Model: Standard
Minimum Genetic Map: 0.0034
Maximum Genetic Map: 2.1454
Gaps bigger than 0.1 cM: 334
Maximum Gap: 2.0578 cM
Loaded Transition and Emission Matrix:
(3, 3)
(5009, 32589)
Loaded Observations:
(2, 32589)
Memory Usage: 1702.678528 mB
Reference Number: 5008
Total Log likelihood: -10761.290
Memory Usage: 1702.678528 mB
Finished Calculation State Posteriors
Saved Zero State Posterior to ./Empirical/Eigenstrat/Reichall/I0015/chr4/.
Successfully loaded for PP. from ./Empirical/Eigenstrat/Reichall/I0015/chr4/
Fraction Markers in ROH: 0.4754
Merged n=0 gaps < 0.0 M
Called n=19 ROH Blocks > 1.0 cM
Longest Block: 6.364
Successfully saved to ./Empirical/Eigenstrat/Reichall/I0015/chr4/roh.csv
Using Low-Mem Cython Linear Speed Up.
Loaded Pre Processing Model: Eigenstrat
Loading Individual: I0015

Loaded 69399 variants
Loaded 2504 individuals
HDF5 loaded from ./Data/1000Genomes/HDF5/1240kHDF5/all1240/chr5.hdf5
3 Eigenstrat Files with 5081 Individuals and 1233013 SNPs

Intersection on Positions: 69399
Nr of Matching Refs: 69399 / 69399
Full Intersection Ref/Alt Identical: 69354 / 69399
2504 / 2504 Individuals included in Reference
Extraction of 5008 Haplotypes complete
Reduced to markers called 34482 / 69354
(Fraction SNP: 0.4971883380915304)
Successfully saved to: ./Empirical/Eigenstrat/Reichall/I0015/chr5/
Successfully loaded Data from: ./Empirical/Eigenstrat/Reichall/I0015/chr5/
Loaded Emission Model: haploid
Loaded Transition Model: model
Loaded Post Processing Model: Standard
Minimum Genetic Map: 0.0004
Maximum Genetic Map: 2.0409
Gaps bigger than 0.1 cM: 328
Maximum Gap: 1.3683 cM
Loaded Transition and Emission Matrix:
(3, 3)
(5009, 34482)
Loaded Observations:
(2, 34482)
Memory Usage: 1788.440576 mB
Reference Number: 5008
Total Log likelihood: -11113.927
Memory Usage: 1788.440576 mB
Finished Calculation State Posteriors
Saved Zero State Posterior to ./Empirical/Eigenstrat/Reichall/I0015/chr5/.
Successfully loaded for PP. from ./Empirical/Eigenstrat/Reichall/I0015/chr5/
Fraction Markers in ROH: 0.5112
Merged n=0 gaps < 0.0 M
Called n=18 ROH Blocks > 1.0 cM
Longest Block: 4.027
Successfully saved to ./Empirical/Eigenstrat/Reichall/I0015/chr5/roh.csv
Using Low-Mem Cython Linear Speed Up.
Loaded Pre Processing Model: Eigenstrat
Loading Individual: I0015

Loaded 75870 variants
Loaded 2504 individuals
HDF5 loaded from ./Data/1000Genomes/HDF5/1240kHDF5/all1240/chr6.hdf5
3 Eigenstrat Files with 5081 Individuals and 1233013 SNPs

Intersection on Positions: 75870
Nr of Matching Refs: 75870 / 75870
Full Intersection Ref/Alt Identical: 75816 / 75870
2504 / 2504 Individuals included in Reference
Extraction of 5008 Haplotypes complete
Reduced to markers called 38965 / 75816
(Fraction SNP: 0.5139416482009075)
Successfully saved to: ./Empirical/Eigenstrat/Reichall/I0015/chr6/
Successfully loaded Data from: ./Empirical/Eigenstrat/Reichall/I0015/chr6/
Loaded Emission Model: haploid
Loaded Transition Model: model
Loaded Post Processing Model: Standard
Minimum Genetic Map: 0.0035
Maximum Genetic Map: 1.9203
Gaps bigger than 0.1 cM: 265
Maximum Gap: 0.5076 cM
Loaded Transition and Emission Matrix:
(3, 3)
(5009, 38965)
Loaded Observations:
(2, 38965)
Memory Usage: 1991.20896 mB
Reference Number: 5008
Total Log likelihood: -12282.845
Memory Usage: 1991.20896 mB
Finished Calculation State Posteriors
Saved Zero State Posterior to ./Empirical/Eigenstrat/Reichall/I0015/chr6/.
Successfully loaded for PP. from ./Empirical/Eigenstrat/Reichall/I0015/chr6/
Fraction Markers in ROH: 0.4878
Merged n=0 gaps < 0.0 M
Called n=15 ROH Blocks > 1.0 cM
Longest Block: 6.201
Successfully saved to ./Empirical/Eigenstrat/Reichall/I0015/chr6/roh.csv
Using Low-Mem Cython Linear Speed Up.
Loaded Pre Processing Model: Eigenstrat
Loading Individual: I0015

Loaded 59890 variants
Loaded 2504 individuals
HDF5 loaded from ./Data/1000Genomes/HDF5/1240kHDF5/all1240/chr7.hdf5
3 Eigenstrat Files with 5081 Individuals and 1233013 SNPs

Intersection on Positions: 59890
Nr of Matching Refs: 59890 / 59890
Full Intersection Ref/Alt Identical: 59836 / 59890
2504 / 2504 Individuals included in Reference
Extraction of 5008 Haplotypes complete
Reduced to markers called 29273 / 59836
(Fraction SNP: 0.4892205361320944)
Successfully saved to: ./Empirical/Eigenstrat/Reichall/I0015/chr7/
Successfully loaded Data from: ./Empirical/Eigenstrat/Reichall/I0015/chr7/
Loaded Emission Model: haploid
Loaded Transition Model: model
Loaded Post Processing Model: Standard
Minimum Genetic Map: 0.0003
Maximum Genetic Map: 1.8715
Gaps bigger than 0.1 cM: 309
Maximum Gap: 1.0508 cM
Loaded Transition and Emission Matrix:
(3, 3)
(5009, 29273)
Loaded Observations:
(2, 29273)
Memory Usage: 1553.522688 mB
Reference Number: 5008
Total Log likelihood: -9857.886
Memory Usage: 1553.522688 mB
Finished Calculation State Posteriors
Saved Zero State Posterior to ./Empirical/Eigenstrat/Reichall/I0015/chr7/.
Successfully loaded for PP. from ./Empirical/Eigenstrat/Reichall/I0015/chr7/
Fraction Markers in ROH: 0.4614
Merged n=0 gaps < 0.0 M
Called n=17 ROH Blocks > 1.0 cM
Longest Block: 1.956
Successfully saved to ./Empirical/Eigenstrat/Reichall/I0015/chr7/roh.csv
Using Low-Mem Cython Linear Speed Up.
Loaded Pre Processing Model: Eigenstrat
Loading Individual: I0015

Loaded 61133 variants
Loaded 2504 individuals
HDF5 loaded from ./Data/1000Genomes/HDF5/1240kHDF5/all1240/chr8.hdf5
3 Eigenstrat Files with 5081 Individuals and 1233013 SNPs

Intersection on Positions: 61133
Nr of Matching Refs: 61133 / 61133
Full Intersection Ref/Alt Identical: 61091 / 61133
2504 / 2504 Individuals included in Reference
Extraction of 5008 Haplotypes complete
Reduced to markers called 30238 / 61091
(Fraction SNP: 0.4949665253474325)
Successfully saved to: ./Empirical/Eigenstrat/Reichall/I0015/chr8/
Successfully loaded Data from: ./Empirical/Eigenstrat/Reichall/I0015/chr8/
Loaded Emission Model: haploid
Loaded Transition Model: model
Loaded Post Processing Model: Standard
Minimum Genetic Map: 0.0000
Maximum Genetic Map: 1.6800
Gaps bigger than 0.1 cM: 227
Maximum Gap: 3.4635 cM
Loaded Transition and Emission Matrix:
(3, 3)
(5009, 30238)
Loaded Observations:
(2, 30238)
Memory Usage: 1597.812736 mB
Reference Number: 5008
Total Log likelihood: -9650.834
Memory Usage: 1597.812736 mB
Finished Calculation State Posteriors
Saved Zero State Posterior to ./Empirical/Eigenstrat/Reichall/I0015/chr8/.
Successfully loaded for PP. from ./Empirical/Eigenstrat/Reichall/I0015/chr8/
Fraction Markers in ROH: 0.4932
Merged n=0 gaps < 0.0 M
Called n=12 ROH Blocks > 1.0 cM
Longest Block: 2.806
Successfully saved to ./Empirical/Eigenstrat/Reichall/I0015/chr8/roh.csv
Using Low-Mem Cython Linear Speed Up.
Loaded Pre Processing Model: Eigenstrat
Loading Individual: I0015

Loaded 50668 variants
Loaded 2504 individuals
HDF5 loaded from ./Data/1000Genomes/HDF5/1240kHDF5/all1240/chr9.hdf5
3 Eigenstrat Files with 5081 Individuals and 1233013 SNPs

Intersection on Positions: 50668
Nr of Matching Refs: 50668 / 50668
Full Intersection Ref/Alt Identical: 50629 / 50668
2504 / 2504 Individuals included in Reference
Extraction of 5008 Haplotypes complete
Reduced to markers called 25314 / 50629
(Fraction SNP: 0.4999901242370973)
Successfully saved to: ./Empirical/Eigenstrat/Reichall/I0015/chr9/
Successfully loaded Data from: ./Empirical/Eigenstrat/Reichall/I0015/chr9/
Loaded Emission Model: haploid
Loaded Transition Model: model
Loaded Post Processing Model: Standard
Minimum Genetic Map: 0.0016
Maximum Genetic Map: 1.6630
Gaps bigger than 0.1 cM: 282
Maximum Gap: 2.3102 cM
Loaded Transition and Emission Matrix:
(3, 3)
(5009, 25314)
Loaded Observations:
(2, 25314)
Memory Usage: 1375.666176 mB
Reference Number: 5008
Total Log likelihood: -8111.809
Memory Usage: 1375.666176 mB
Finished Calculation State Posteriors
Saved Zero State Posterior to ./Empirical/Eigenstrat/Reichall/I0015/chr9/.
Successfully loaded for PP. from ./Empirical/Eigenstrat/Reichall/I0015/chr9/
Fraction Markers in ROH: 0.5028
Merged n=0 gaps < 0.0 M
Called n=18 ROH Blocks > 1.0 cM
Longest Block: 3.110
Successfully saved to ./Empirical/Eigenstrat/Reichall/I0015/chr9/roh.csv
Using Low-Mem Cython Linear Speed Up.
Loaded Pre Processing Model: Eigenstrat
Loading Individual: I0015

Loaded 58804 variants
Loaded 2504 individuals
HDF5 loaded from ./Data/1000Genomes/HDF5/1240kHDF5/all1240/chr10.hdf5
3 Eigenstrat Files with 5081 Individuals and 1233013 SNPs

Intersection on Positions: 58804
Nr of Matching Refs: 58804 / 58804
Full Intersection Ref/Alt Identical: 58763 / 58804
2504 / 2504 Individuals included in Reference
Extraction of 5008 Haplotypes complete
Reduced to markers called 30756 / 58763
(Fraction SNP: 0.5233905688953934)
Successfully saved to: ./Empirical/Eigenstrat/Reichall/I0015/chr10/
Successfully loaded Data from: ./Empirical/Eigenstrat/Reichall/I0015/chr10/
Loaded Emission Model: haploid
Loaded Transition Model: model
Loaded Post Processing Model: Standard
Minimum Genetic Map: 0.0001
Maximum Genetic Map: 1.8091
Gaps bigger than 0.1 cM: 270
Maximum Gap: 2.0338 cM
Loaded Transition and Emission Matrix:
(3, 3)
(5009, 30756)
Loaded Observations:
(2, 30756)
Memory Usage: 1621.266432 mB
Reference Number: 5008
Total Log likelihood: -9954.189
Memory Usage: 1621.266432 mB
Finished Calculation State Posteriors
Saved Zero State Posterior to ./Empirical/Eigenstrat/Reichall/I0015/chr10/.
Successfully loaded for PP. from ./Empirical/Eigenstrat/Reichall/I0015/chr10/
Fraction Markers in ROH: 0.5022
Merged n=0 gaps < 0.0 M
Called n=20 ROH Blocks > 1.0 cM
Longest Block: 2.891
Successfully saved to ./Empirical/Eigenstrat/Reichall/I0015/chr10/roh.csv
Using Low-Mem Cython Linear Speed Up.
Loaded Pre Processing Model: Eigenstrat
Loading Individual: I0015

Loaded 54833 variants
Loaded 2504 individuals
HDF5 loaded from ./Data/1000Genomes/HDF5/1240kHDF5/all1240/chr11.hdf5
3 Eigenstrat Files with 5081 Individuals and 1233013 SNPs

Intersection on Positions: 54833
Nr of Matching Refs: 54833 / 54833
Full Intersection Ref/Alt Identical: 54796 / 54833
2504 / 2504 Individuals included in Reference
Extraction of 5008 Haplotypes complete
Reduced to markers called 28341 / 54796
(Fraction SNP: 0.5172092853492956)
Successfully saved to: ./Empirical/Eigenstrat/Reichall/I0015/chr11/
Successfully loaded Data from: ./Empirical/Eigenstrat/Reichall/I0015/chr11/
Loaded Emission Model: haploid
Loaded Transition Model: model
Loaded Post Processing Model: Standard
Minimum Genetic Map: 0.0000
Maximum Genetic Map: 1.5822
Gaps bigger than 0.1 cM: 240
Maximum Gap: 0.5585 cM
Loaded Transition and Emission Matrix:
(3, 3)
(5009, 28341)
Loaded Observations:
(2, 28341)
Memory Usage: 1512.726528 mB
Reference Number: 5008
Total Log likelihood: -8686.265
Memory Usage: 1512.726528 mB
Finished Calculation State Posteriors
Saved Zero State Posterior to ./Empirical/Eigenstrat/Reichall/I0015/chr11/.
Successfully loaded for PP. from ./Empirical/Eigenstrat/Reichall/I0015/chr11/
Fraction Markers in ROH: 0.5088
Merged n=0 gaps < 0.0 M
Called n=20 ROH Blocks > 1.0 cM
Longest Block: 2.955
Successfully saved to ./Empirical/Eigenstrat/Reichall/I0015/chr11/roh.csv
Using Low-Mem Cython Linear Speed Up.
Loaded Pre Processing Model: Eigenstrat
Loading Individual: I0015

Loaded 53911 variants
Loaded 2504 individuals
HDF5 loaded from ./Data/1000Genomes/HDF5/1240kHDF5/all1240/chr12.hdf5
3 Eigenstrat Files with 5081 Individuals and 1233013 SNPs

Intersection on Positions: 53911
Nr of Matching Refs: 53911 / 53911
Full Intersection Ref/Alt Identical: 53884 / 53911
2504 / 2504 Individuals included in Reference
Extraction of 5008 Haplotypes complete
Reduced to markers called 27608 / 53884
(Fraction SNP: 0.5123598841956796)
Successfully saved to: ./Empirical/Eigenstrat/Reichall/I0015/chr12/
Successfully loaded Data from: ./Empirical/Eigenstrat/Reichall/I0015/chr12/
Loaded Emission Model: haploid
Loaded Transition Model: model
Loaded Post Processing Model: Standard
Minimum Genetic Map: 0.0017
Maximum Genetic Map: 1.7468
Gaps bigger than 0.1 cM: 285
Maximum Gap: 0.8015 cM
Loaded Transition and Emission Matrix:
(3, 3)
(5009, 27608)
Loaded Observations:
(2, 27608)
Memory Usage: 1479.233536 mB
Reference Number: 5008
Total Log likelihood: -8912.897
Memory Usage: 1479.233536 mB
Finished Calculation State Posteriors
Saved Zero State Posterior to ./Empirical/Eigenstrat/Reichall/I0015/chr12/.
Successfully loaded for PP. from ./Empirical/Eigenstrat/Reichall/I0015/chr12/
Fraction Markers in ROH: 0.5022
Merged n=0 gaps < 0.0 M
Called n=16 ROH Blocks > 1.0 cM
Longest Block: 8.756
Successfully saved to ./Empirical/Eigenstrat/Reichall/I0015/chr12/roh.csv
Using Low-Mem Cython Linear Speed Up.
Loaded Pre Processing Model: Eigenstrat
Loading Individual: I0015

Loaded 39018 variants
Loaded 2504 individuals
HDF5 loaded from ./Data/1000Genomes/HDF5/1240kHDF5/all1240/chr13.hdf5
3 Eigenstrat Files with 5081 Individuals and 1233013 SNPs

Intersection on Positions: 39018
Nr of Matching Refs: 39018 / 39018
Full Intersection Ref/Alt Identical: 38994 / 39018
2504 / 2504 Individuals included in Reference
Extraction of 5008 Haplotypes complete
Reduced to markers called 18485 / 38994
(Fraction SNP: 0.47404728932656304)
Successfully saved to: ./Empirical/Eigenstrat/Reichall/I0015/chr13/
Successfully loaded Data from: ./Empirical/Eigenstrat/Reichall/I0015/chr13/
Loaded Emission Model: haploid
Loaded Transition Model: model
Loaded Post Processing Model: Standard
Minimum Genetic Map: 0.0028
Maximum Genetic Map: 1.2570
Gaps bigger than 0.1 cM: 223
Maximum Gap: 1.2285 cM
Loaded Transition and Emission Matrix:
(3, 3)
(5009, 18485)
Loaded Observations:
(2, 18485)
Memory Usage: 1068.376064 mB
Reference Number: 5008
Total Log likelihood: -5954.886
Memory Usage: 1068.376064 mB
Finished Calculation State Posteriors
Saved Zero State Posterior to ./Empirical/Eigenstrat/Reichall/I0015/chr13/.
Successfully loaded for PP. from ./Empirical/Eigenstrat/Reichall/I0015/chr13/
Fraction Markers in ROH: 0.5294
Merged n=0 gaps < 0.0 M
Called n=18 ROH Blocks > 1.0 cM
Longest Block: 3.265
Successfully saved to ./Empirical/Eigenstrat/Reichall/I0015/chr13/roh.csv
Using Low-Mem Cython Linear Speed Up.
Loaded Pre Processing Model: Eigenstrat
Loading Individual: I0015

Loaded 36301 variants
Loaded 2504 individuals
HDF5 loaded from ./Data/1000Genomes/HDF5/1240kHDF5/all1240/chr14.hdf5
3 Eigenstrat Files with 5081 Individuals and 1233013 SNPs

Intersection on Positions: 36301
Nr of Matching Refs: 36301 / 36301
Full Intersection Ref/Alt Identical: 36280 / 36301
2504 / 2504 Individuals included in Reference
Extraction of 5008 Haplotypes complete
Reduced to markers called 18362 / 36280
(Fraction SNP: 0.5061190738699007)
Successfully saved to: ./Empirical/Eigenstrat/Reichall/I0015/chr14/
Successfully loaded Data from: ./Empirical/Eigenstrat/Reichall/I0015/chr14/
Loaded Emission Model: haploid
Loaded Transition Model: model
Loaded Post Processing Model: Standard
Minimum Genetic Map: 0.0184
Maximum Genetic Map: 1.2020
Gaps bigger than 0.1 cM: 199
Maximum Gap: 3.1346 cM
Loaded Transition and Emission Matrix:
(3, 3)
(5009, 18362)
Loaded Observations:
(2, 18362)
Memory Usage: 1062.940672 mB
Reference Number: 5008
Total Log likelihood: -5599.877
Memory Usage: 1062.940672 mB
Finished Calculation State Posteriors
Saved Zero State Posterior to ./Empirical/Eigenstrat/Reichall/I0015/chr14/.
Successfully loaded for PP. from ./Empirical/Eigenstrat/Reichall/I0015/chr14/
Fraction Markers in ROH: 0.5646
Merged n=0 gaps < 0.0 M
Called n=12 ROH Blocks > 1.0 cM
Longest Block: 3.195
Successfully saved to ./Empirical/Eigenstrat/Reichall/I0015/chr14/roh.csv
Using Low-Mem Cython Linear Speed Up.
Loaded Pre Processing Model: Eigenstrat
Loading Individual: I0015

Loaded 34429 variants
Loaded 2504 individuals
HDF5 loaded from ./Data/1000Genomes/HDF5/1240kHDF5/all1240/chr15.hdf5
3 Eigenstrat Files with 5081 Individuals and 1233013 SNPs

Intersection on Positions: 34429
Nr of Matching Refs: 34429 / 34429
Full Intersection Ref/Alt Identical: 34407 / 34429
2504 / 2504 Individuals included in Reference
Extraction of 5008 Haplotypes complete
Reduced to markers called 18195 / 34407
(Fraction SNP: 0.5288168105327404)
Successfully saved to: ./Empirical/Eigenstrat/Reichall/I0015/chr15/
Successfully loaded Data from: ./Empirical/Eigenstrat/Reichall/I0015/chr15/
Loaded Emission Model: haploid
Loaded Transition Model: model
Loaded Post Processing Model: Standard
Minimum Genetic Map: 0.0002
Maximum Genetic Map: 1.4135
Gaps bigger than 0.1 cM: 195
Maximum Gap: 11.6560 cM
Loaded Transition and Emission Matrix:
(3, 3)
(5009, 18195)
Loaded Observations:
(2, 18195)
Memory Usage: 1055.21152 mB
Reference Number: 5008
Total Log likelihood: -5719.391
Memory Usage: 1055.21152 mB
Finished Calculation State Posteriors
Saved Zero State Posterior to ./Empirical/Eigenstrat/Reichall/I0015/chr15/.
Successfully loaded for PP. from ./Empirical/Eigenstrat/Reichall/I0015/chr15/
Fraction Markers in ROH: 0.5129
Merged n=0 gaps < 0.0 M
Called n=13 ROH Blocks > 1.0 cM
Longest Block: 3.159
Successfully saved to ./Empirical/Eigenstrat/Reichall/I0015/chr15/roh.csv
Using Low-Mem Cython Linear Speed Up.
Loaded Pre Processing Model: Eigenstrat
Loading Individual: I0015

Loaded 34402 variants
Loaded 2504 individuals
HDF5 loaded from ./Data/1000Genomes/HDF5/1240kHDF5/all1240/chr16.hdf5
3 Eigenstrat Files with 5081 Individuals and 1233013 SNPs

Intersection on Positions: 34402
Nr of Matching Refs: 34402 / 34402
Full Intersection Ref/Alt Identical: 34375 / 34402
2504 / 2504 Individuals included in Reference
Extraction of 5008 Haplotypes complete
Reduced to markers called 18877 / 34375
(Fraction SNP: 0.5491490909090909)
Successfully saved to: ./Empirical/Eigenstrat/Reichall/I0015/chr16/
Successfully loaded Data from: ./Empirical/Eigenstrat/Reichall/I0015/chr16/
Loaded Emission Model: haploid
Loaded Transition Model: model
Loaded Post Processing Model: Standard
Minimum Genetic Map: 0.0000
Maximum Genetic Map: 1.3403
Gaps bigger than 0.1 cM: 226
Maximum Gap: 0.8473 cM
Loaded Transition and Emission Matrix:
(3, 3)
(5009, 18877)
Loaded Observations:
(2, 18877)
Memory Usage: 1084.37504 mB
Reference Number: 5008
Total Log likelihood: -6500.395
Memory Usage: 1084.719104 mB
Finished Calculation State Posteriors
Saved Zero State Posterior to ./Empirical/Eigenstrat/Reichall/I0015/chr16/.
Successfully loaded for PP. from ./Empirical/Eigenstrat/Reichall/I0015/chr16/
Fraction Markers in ROH: 0.4790
Merged n=0 gaps < 0.0 M
Called n=14 ROH Blocks > 1.0 cM
Longest Block: 2.677
Successfully saved to ./Empirical/Eigenstrat/Reichall/I0015/chr16/roh.csv
Using Low-Mem Cython Linear Speed Up.
Loaded Pre Processing Model: Eigenstrat
Loading Individual: I0015

Loaded 29314 variants
Loaded 2504 individuals
HDF5 loaded from ./Data/1000Genomes/HDF5/1240kHDF5/all1240/chr17.hdf5
3 Eigenstrat Files with 5081 Individuals and 1233013 SNPs

Intersection on Positions: 29314
Nr of Matching Refs: 29314 / 29314
Full Intersection Ref/Alt Identical: 29292 / 29314
2504 / 2504 Individuals included in Reference
Extraction of 5008 Haplotypes complete
Reduced to markers called 15889 / 29292
(Fraction SNP: 0.5424347944831354)
Successfully saved to: ./Empirical/Eigenstrat/Reichall/I0015/chr17/
Successfully loaded Data from: ./Empirical/Eigenstrat/Reichall/I0015/chr17/
Loaded Emission Model: haploid
Loaded Transition Model: model
Loaded Post Processing Model: Standard
Minimum Genetic Map: 0.0002
Maximum Genetic Map: 1.2846
Gaps bigger than 0.1 cM: 215
Maximum Gap: 1.2355 cM
Loaded Transition and Emission Matrix:
(3, 3)
(5009, 15889)
Loaded Observations:
(2, 15889)
Memory Usage: 950.030336 mB
Reference Number: 5008
Total Log likelihood: -5246.926
Memory Usage: 950.00576 mB
Finished Calculation State Posteriors
Saved Zero State Posterior to ./Empirical/Eigenstrat/Reichall/I0015/chr17/.
Successfully loaded for PP. from ./Empirical/Eigenstrat/Reichall/I0015/chr17/
Fraction Markers in ROH: 0.5009
Merged n=0 gaps < 0.0 M
Called n=21 ROH Blocks > 1.0 cM
Longest Block: 3.547
Successfully saved to ./Empirical/Eigenstrat/Reichall/I0015/chr17/roh.csv
Using Low-Mem Cython Linear Speed Up.
Loaded Pre Processing Model: Eigenstrat
Loading Individual: I0015

Loaded 33917 variants
Loaded 2504 individuals
HDF5 loaded from ./Data/1000Genomes/HDF5/1240kHDF5/all1240/chr18.hdf5
3 Eigenstrat Files with 5081 Individuals and 1233013 SNPs

Intersection on Positions: 33917
Nr of Matching Refs: 33917 / 33917
Full Intersection Ref/Alt Identical: 33902 / 33917
2504 / 2504 Individuals included in Reference
Extraction of 5008 Haplotypes complete
Reduced to markers called 16951 / 33902
(Fraction SNP: 0.5)
Successfully saved to: ./Empirical/Eigenstrat/Reichall/I0015/chr18/
Successfully loaded Data from: ./Empirical/Eigenstrat/Reichall/I0015/chr18/
Loaded Emission Model: haploid
Loaded Transition Model: model
Loaded Post Processing Model: Standard
Minimum Genetic Map: 0.0027
Maximum Genetic Map: 1.1771
Gaps bigger than 0.1 cM: 198
Maximum Gap: 0.4879 cM
Loaded Transition and Emission Matrix:
(3, 3)
(5009, 16951)
Loaded Observations:
(2, 16951)
Memory Usage: 997.66272 mB
Reference Number: 5008
Total Log likelihood: -5491.173
Memory Usage: 997.66272 mB
Finished Calculation State Posteriors
Saved Zero State Posterior to ./Empirical/Eigenstrat/Reichall/I0015/chr18/.
Successfully loaded for PP. from ./Empirical/Eigenstrat/Reichall/I0015/chr18/
Fraction Markers in ROH: 0.4581
Merged n=0 gaps < 0.0 M
Called n=12 ROH Blocks > 1.0 cM
Longest Block: 2.946
Successfully saved to ./Empirical/Eigenstrat/Reichall/I0015/chr18/roh.csv
Using Low-Mem Cython Linear Speed Up.
Loaded Pre Processing Model: Eigenstrat
Loading Individual: I0015

Loaded 18460 variants
Loaded 2504 individuals
HDF5 loaded from ./Data/1000Genomes/HDF5/1240kHDF5/all1240/chr19.hdf5
3 Eigenstrat Files with 5081 Individuals and 1233013 SNPs

Intersection on Positions: 18460
Nr of Matching Refs: 18460 / 18460
Full Intersection Ref/Alt Identical: 18441 / 18460
2504 / 2504 Individuals included in Reference
Extraction of 5008 Haplotypes complete
Reduced to markers called 10026 / 18441
(Fraction SNP: 0.5436798438262567)
Successfully saved to: ./Empirical/Eigenstrat/Reichall/I0015/chr19/
Successfully loaded Data from: ./Empirical/Eigenstrat/Reichall/I0015/chr19/
Loaded Emission Model: haploid
Loaded Transition Model: model
Loaded Post Processing Model: Standard
Minimum Genetic Map: 0.0000
Maximum Genetic Map: 1.0773
Gaps bigger than 0.1 cM: 223
Maximum Gap: 0.6534 cM
Loaded Transition and Emission Matrix:
(3, 3)
(5009, 10026)
Loaded Observations:
(2, 10026)
Memory Usage: 688.738304 mB
Reference Number: 5008
Total Log likelihood: -3407.571
Memory Usage: 688.738304 mB
Finished Calculation State Posteriors
Saved Zero State Posterior to ./Empirical/Eigenstrat/Reichall/I0015/chr19/.
Successfully loaded for PP. from ./Empirical/Eigenstrat/Reichall/I0015/chr19/
Fraction Markers in ROH: 0.4861
Merged n=0 gaps < 0.0 M
Called n=13 ROH Blocks > 1.0 cM
Longest Block: 3.689
Successfully saved to ./Empirical/Eigenstrat/Reichall/I0015/chr19/roh.csv
Using Low-Mem Cython Linear Speed Up.
Loaded Pre Processing Model: Eigenstrat
Loading Individual: I0015

Loaded 29078 variants
Loaded 2504 individuals
HDF5 loaded from ./Data/1000Genomes/HDF5/1240kHDF5/all1240/chr20.hdf5
3 Eigenstrat Files with 5081 Individuals and 1233013 SNPs

Intersection on Positions: 29078
Nr of Matching Refs: 29078 / 29078
Full Intersection Ref/Alt Identical: 29053 / 29078
2504 / 2504 Individuals included in Reference
Extraction of 5008 Haplotypes complete
Reduced to markers called 15962 / 29053
(Fraction SNP: 0.5494096995146801)
Successfully saved to: ./Empirical/Eigenstrat/Reichall/I0015/chr20/
Successfully loaded Data from: ./Empirical/Eigenstrat/Reichall/I0015/chr20/
Loaded Emission Model: haploid
Loaded Transition Model: model
Loaded Post Processing Model: Standard
Minimum Genetic Map: 0.0006
Maximum Genetic Map: 1.0821
Gaps bigger than 0.1 cM: 183
Maximum Gap: 0.4744 cM
Loaded Transition and Emission Matrix:
(3, 3)
(5009, 15962)
Loaded Observations:
(2, 15962)
Memory Usage: 955.817984 mB
Reference Number: 5008
Total Log likelihood: -4890.028
Memory Usage: 955.817984 mB
Finished Calculation State Posteriors
Saved Zero State Posterior to ./Empirical/Eigenstrat/Reichall/I0015/chr20/.
Successfully loaded for PP. from ./Empirical/Eigenstrat/Reichall/I0015/chr20/
Fraction Markers in ROH: 0.5400
Merged n=0 gaps < 0.0 M
Called n=14 ROH Blocks > 1.0 cM
Longest Block: 3.065
Successfully saved to ./Empirical/Eigenstrat/Reichall/I0015/chr20/roh.csv
Using Low-Mem Cython Linear Speed Up.
Loaded Pre Processing Model: Eigenstrat
Loading Individual: I0015

Loaded 16038 variants
Loaded 2504 individuals
HDF5 loaded from ./Data/1000Genomes/HDF5/1240kHDF5/all1240/chr21.hdf5
3 Eigenstrat Files with 5081 Individuals and 1233013 SNPs

Intersection on Positions: 16038
Nr of Matching Refs: 16038 / 16038
Full Intersection Ref/Alt Identical: 16031 / 16038
2504 / 2504 Individuals included in Reference
Extraction of 5008 Haplotypes complete
Reduced to markers called 7867 / 16031
(Fraction SNP: 0.4907366976483064)
Successfully saved to: ./Empirical/Eigenstrat/Reichall/I0015/chr21/
Successfully loaded Data from: ./Empirical/Eigenstrat/Reichall/I0015/chr21/
Loaded Emission Model: haploid
Loaded Transition Model: model
Loaded Post Processing Model: Standard
Minimum Genetic Map: -0.0085
Maximum Genetic Map: 0.6277
Gaps bigger than 0.1 cM: 125
Maximum Gap: 1.7201 cM
Loaded Transition and Emission Matrix:
(3, 3)
(5009, 7867)
Loaded Observations:
(2, 7867)
Memory Usage: 590.921728 mB
Reference Number: 5008
Total Log likelihood: -2732.912
Memory Usage: 590.921728 mB
Finished Calculation State Posteriors
Saved Zero State Posterior to ./Empirical/Eigenstrat/Reichall/I0015/chr21/.
Successfully loaded for PP. from ./Empirical/Eigenstrat/Reichall/I0015/chr21/
Fraction Markers in ROH: 0.5125
Merged n=0 gaps < 0.0 M
Called n=5 ROH Blocks > 1.0 cM
Longest Block: 3.208
Successfully saved to ./Empirical/Eigenstrat/Reichall/I0015/chr21/roh.csv
Using Low-Mem Cython Linear Speed Up.
Loaded Pre Processing Model: Eigenstrat
Loading Individual: I0015

Loaded 15802 variants
Loaded 2504 individuals
HDF5 loaded from ./Data/1000Genomes/HDF5/1240kHDF5/all1240/chr22.hdf5
3 Eigenstrat Files with 5081 Individuals and 1233013 SNPs

Intersection on Positions: 15802
Nr of Matching Refs: 15802 / 15802
Full Intersection Ref/Alt Identical: 15793 / 15802
2504 / 2504 Individuals included in Reference
Extraction of 5008 Haplotypes complete
Reduced to markers called 8836 / 15793
(Fraction SNP: 0.5594883809282594)
Successfully saved to: ./Empirical/Eigenstrat/Reichall/I0015/chr22/
Successfully loaded Data from: ./Empirical/Eigenstrat/Reichall/I0015/chr22/
Loaded Emission Model: haploid
Loaded Transition Model: model
Loaded Post Processing Model: Standard
Minimum Genetic Map: 0.0184
Maximum Genetic Map: 0.7408
Gaps bigger than 0.1 cM: 129
Maximum Gap: 1.6949 cM
Loaded Transition and Emission Matrix:
(3, 3)
(5009, 8836)
Loaded Observations:
(2, 8836)
Memory Usage: 634.65472 mB
Reference Number: 5008
Total Log likelihood: -2904.444
Memory Usage: 634.65472 mB
Finished Calculation State Posteriors
Saved Zero State Posterior to ./Empirical/Eigenstrat/Reichall/I0015/chr22/.
Successfully loaded for PP. from ./Empirical/Eigenstrat/Reichall/I0015/chr22/
Fraction Markers in ROH: 0.5443
Merged n=0 gaps < 0.0 M
Called n=9 ROH Blocks > 1.0 cM
Longest Block: 2.420
Successfully saved to ./Empirical/Eigenstrat/Reichall/I0015/chr22/roh.csv
