Loaded 2106 / 5081 ancient Indivdiuals Anno File.
Doing Individual I1909...
Using Low-Mem Cython Linear Speed Up.
Loaded Pre Processing Model: Eigenstrat
Loading Individual: I1909

Loaded 89147 variants
Loaded 2504 individuals
HDF5 loaded from ./Data/1000Genomes/HDF5/1240kHDF5/all1240/chr1.hdf5
3 Eigenstrat Files with 5081 Individuals and 1233013 SNPs

Intersection on Positions: 89147
Nr of Matching Refs: 89147 / 89147
Full Intersection Ref/Alt Identical: 89082 / 89147
2504 / 2504 Individuals included in Reference
Extraction of 5008 Haplotypes complete
Reduced to markers called 38942 / 89082
(Fraction SNP: 0.4371477964122943)
Successfully saved to: ./Empirical/Eigenstrat/Reichall/I1909/chr1/
Successfully loaded Data from: ./Empirical/Eigenstrat/Reichall/I1909/chr1/
Loaded Emission Model: haploid
Loaded Transition Model: model
Loaded Post Processing Model: Standard
Minimum Genetic Map: 0.0202
Maximum Genetic Map: 2.8627
Gaps bigger than 0.1 cM: 458
Maximum Gap: 2.9727 cM
Loaded Transition and Emission Matrix:
(3, 3)
(5009, 38942)
Loaded Observations:
(2, 38942)
Memory Usage: 1950.216192 mB
Reference Number: 5008
Total Log likelihood: -13614.871
Memory Usage: 1950.67904 mB
Finished Calculation State Posteriors
Saved Zero State Posterior to ./Empirical/Eigenstrat/Reichall/I1909/chr1/.
Successfully loaded for PP. from ./Empirical/Eigenstrat/Reichall/I1909/chr1/
Fraction Markers in ROH: 0.4686
Merged n=0 gaps < 0.0 M
Called n=30 ROH Blocks > 1.0 cM
Longest Block: 3.782
Successfully saved to ./Empirical/Eigenstrat/Reichall/I1909/chr1/roh.csv
Using Low-Mem Cython Linear Speed Up.
Loaded Pre Processing Model: Eigenstrat
Loading Individual: I1909

Loaded 94239 variants
Loaded 2504 individuals
HDF5 loaded from ./Data/1000Genomes/HDF5/1240kHDF5/all1240/chr2.hdf5
3 Eigenstrat Files with 5081 Individuals and 1233013 SNPs

Intersection on Positions: 94239
Nr of Matching Refs: 94239 / 94239
Full Intersection Ref/Alt Identical: 94173 / 94239
2504 / 2504 Individuals included in Reference
Extraction of 5008 Haplotypes complete
Reduced to markers called 38966 / 94173
(Fraction SNP: 0.41377040128274556)
Successfully saved to: ./Empirical/Eigenstrat/Reichall/I1909/chr2/
Successfully loaded Data from: ./Empirical/Eigenstrat/Reichall/I1909/chr2/
Loaded Emission Model: haploid
Loaded Transition Model: model
Loaded Post Processing Model: Standard
Minimum Genetic Map: 0.0002
Maximum Genetic Map: 2.6883
Gaps bigger than 0.1 cM: 421
Maximum Gap: 2.1083 cM
Loaded Transition and Emission Matrix:
(3, 3)
(5009, 38966)
Loaded Observations:
(2, 38966)
Memory Usage: 1991.24992 mB
Reference Number: 5008
Total Log likelihood: -14261.138
Memory Usage: 1991.24992 mB
Finished Calculation State Posteriors
Saved Zero State Posterior to ./Empirical/Eigenstrat/Reichall/I1909/chr2/.
Successfully loaded for PP. from ./Empirical/Eigenstrat/Reichall/I1909/chr2/
Fraction Markers in ROH: 0.4271
Merged n=0 gaps < 0.0 M
Called n=17 ROH Blocks > 1.0 cM
Longest Block: 2.085
Successfully saved to ./Empirical/Eigenstrat/Reichall/I1909/chr2/roh.csv
Using Low-Mem Cython Linear Speed Up.
Loaded Pre Processing Model: Eigenstrat
Loading Individual: I1909

Loaded 77652 variants
Loaded 2504 individuals
HDF5 loaded from ./Data/1000Genomes/HDF5/1240kHDF5/all1240/chr3.hdf5
3 Eigenstrat Files with 5081 Individuals and 1233013 SNPs

Intersection on Positions: 77652
Nr of Matching Refs: 77652 / 77652
Full Intersection Ref/Alt Identical: 77601 / 77652
2504 / 2504 Individuals included in Reference
Extraction of 5008 Haplotypes complete
Reduced to markers called 31625 / 77601
(Fraction SNP: 0.4075334080746382)
Successfully saved to: ./Empirical/Eigenstrat/Reichall/I1909/chr3/
Successfully loaded Data from: ./Empirical/Eigenstrat/Reichall/I1909/chr3/
Loaded Emission Model: haploid
Loaded Transition Model: model
Loaded Post Processing Model: Standard
Minimum Genetic Map: 0.0001
Maximum Genetic Map: 2.2325
Gaps bigger than 0.1 cM: 383
Maximum Gap: 0.3985 cM
Loaded Transition and Emission Matrix:
(3, 3)
(5009, 31625)
Loaded Observations:
(2, 31625)
Memory Usage: 1660.1088 mB
Reference Number: 5008
Total Log likelihood: -11629.197
Memory Usage: 1660.1088 mB
Finished Calculation State Posteriors
Saved Zero State Posterior to ./Empirical/Eigenstrat/Reichall/I1909/chr3/.
Successfully loaded for PP. from ./Empirical/Eigenstrat/Reichall/I1909/chr3/
Fraction Markers in ROH: 0.4020
Merged n=0 gaps < 0.0 M
Called n=13 ROH Blocks > 1.0 cM
Longest Block: 2.275
Successfully saved to ./Empirical/Eigenstrat/Reichall/I1909/chr3/roh.csv
Using Low-Mem Cython Linear Speed Up.
Loaded Pre Processing Model: Eigenstrat
Loading Individual: I1909

Loaded 68759 variants
Loaded 2504 individuals
HDF5 loaded from ./Data/1000Genomes/HDF5/1240kHDF5/all1240/chr4.hdf5
3 Eigenstrat Files with 5081 Individuals and 1233013 SNPs

Intersection on Positions: 68759
Nr of Matching Refs: 68759 / 68759
Full Intersection Ref/Alt Identical: 68720 / 68759
2504 / 2504 Individuals included in Reference
Extraction of 5008 Haplotypes complete
Reduced to markers called 25961 / 68720
(Fraction SNP: 0.377779394644936)
Successfully saved to: ./Empirical/Eigenstrat/Reichall/I1909/chr4/
Successfully loaded Data from: ./Empirical/Eigenstrat/Reichall/I1909/chr4/
Loaded Emission Model: haploid
Loaded Transition Model: model
Loaded Post Processing Model: Standard
Minimum Genetic Map: 0.0035
Maximum Genetic Map: 2.1454
Gaps bigger than 0.1 cM: 370
Maximum Gap: 2.0581 cM
Loaded Transition and Emission Matrix:
(3, 3)
(5009, 25961)
Loaded Observations:
(2, 25961)
Memory Usage: 1404.940288 mB
Reference Number: 5008
Total Log likelihood: -9600.434
Memory Usage: 1404.940288 mB
Finished Calculation State Posteriors
Saved Zero State Posterior to ./Empirical/Eigenstrat/Reichall/I1909/chr4/.
Successfully loaded for PP. from ./Empirical/Eigenstrat/Reichall/I1909/chr4/
Fraction Markers in ROH: 0.4302
Merged n=0 gaps < 0.0 M
Called n=16 ROH Blocks > 1.0 cM
Longest Block: 3.024
Successfully saved to ./Empirical/Eigenstrat/Reichall/I1909/chr4/roh.csv
Using Low-Mem Cython Linear Speed Up.
Loaded Pre Processing Model: Eigenstrat
Loading Individual: I1909

Loaded 69399 variants
Loaded 2504 individuals
HDF5 loaded from ./Data/1000Genomes/HDF5/1240kHDF5/all1240/chr5.hdf5
3 Eigenstrat Files with 5081 Individuals and 1233013 SNPs

Intersection on Positions: 69399
Nr of Matching Refs: 69399 / 69399
Full Intersection Ref/Alt Identical: 69354 / 69399
2504 / 2504 Individuals included in Reference
Extraction of 5008 Haplotypes complete
Reduced to markers called 28560 / 69354
(Fraction SNP: 0.4118003287481616)
Successfully saved to: ./Empirical/Eigenstrat/Reichall/I1909/chr5/
Successfully loaded Data from: ./Empirical/Eigenstrat/Reichall/I1909/chr5/
Loaded Emission Model: haploid
Loaded Transition Model: model
Loaded Post Processing Model: Standard
Minimum Genetic Map: 0.0004
Maximum Genetic Map: 2.0409
Gaps bigger than 0.1 cM: 346
Maximum Gap: 1.0498 cM
Loaded Transition and Emission Matrix:
(3, 3)
(5009, 28560)
Loaded Observations:
(2, 28560)
Memory Usage: 1522.01216 mB
Reference Number: 5008
Total Log likelihood: -10182.885
Memory Usage: 1522.01216 mB
Finished Calculation State Posteriors
Saved Zero State Posterior to ./Empirical/Eigenstrat/Reichall/I1909/chr5/.
Successfully loaded for PP. from ./Empirical/Eigenstrat/Reichall/I1909/chr5/
Fraction Markers in ROH: 0.4227
Merged n=0 gaps < 0.0 M
Called n=12 ROH Blocks > 1.0 cM
Longest Block: 1.747
Successfully saved to ./Empirical/Eigenstrat/Reichall/I1909/chr5/roh.csv
Using Low-Mem Cython Linear Speed Up.
Loaded Pre Processing Model: Eigenstrat
Loading Individual: I1909

Loaded 75870 variants
Loaded 2504 individuals
HDF5 loaded from ./Data/1000Genomes/HDF5/1240kHDF5/all1240/chr6.hdf5
3 Eigenstrat Files with 5081 Individuals and 1233013 SNPs

Intersection on Positions: 75870
Nr of Matching Refs: 75870 / 75870
Full Intersection Ref/Alt Identical: 75816 / 75870
2504 / 2504 Individuals included in Reference
Extraction of 5008 Haplotypes complete
Reduced to markers called 30917 / 75816
(Fraction SNP: 0.40778991241954204)
Successfully saved to: ./Empirical/Eigenstrat/Reichall/I1909/chr6/
Successfully loaded Data from: ./Empirical/Eigenstrat/Reichall/I1909/chr6/
Loaded Emission Model: haploid
Loaded Transition Model: model
Loaded Post Processing Model: Standard
Minimum Genetic Map: 0.0035
Maximum Genetic Map: 1.9203
Gaps bigger than 0.1 cM: 290
Maximum Gap: 0.5066 cM
Loaded Transition and Emission Matrix:
(3, 3)
(5009, 30917)
Loaded Observations:
(2, 30917)
Memory Usage: 1628.409856 mB
Reference Number: 5008
Total Log likelihood: -11643.024
Memory Usage: 1628.409856 mB
Finished Calculation State Posteriors
Saved Zero State Posterior to ./Empirical/Eigenstrat/Reichall/I1909/chr6/.
Successfully loaded for PP. from ./Empirical/Eigenstrat/Reichall/I1909/chr6/
Fraction Markers in ROH: 0.3739
Merged n=0 gaps < 0.0 M
Called n=8 ROH Blocks > 1.0 cM
Longest Block: 1.868
Successfully saved to ./Empirical/Eigenstrat/Reichall/I1909/chr6/roh.csv
Using Low-Mem Cython Linear Speed Up.
Loaded Pre Processing Model: Eigenstrat
Loading Individual: I1909

Loaded 59890 variants
Loaded 2504 individuals
HDF5 loaded from ./Data/1000Genomes/HDF5/1240kHDF5/all1240/chr7.hdf5
3 Eigenstrat Files with 5081 Individuals and 1233013 SNPs

Intersection on Positions: 59890
Nr of Matching Refs: 59890 / 59890
Full Intersection Ref/Alt Identical: 59836 / 59890
2504 / 2504 Individuals included in Reference
Extraction of 5008 Haplotypes complete
Reduced to markers called 24416 / 59836
(Fraction SNP: 0.4080486663547028)
Successfully saved to: ./Empirical/Eigenstrat/Reichall/I1909/chr7/
Successfully loaded Data from: ./Empirical/Eigenstrat/Reichall/I1909/chr7/
Loaded Emission Model: haploid
Loaded Transition Model: model
Loaded Post Processing Model: Standard
Minimum Genetic Map: 0.0000
Maximum Genetic Map: 1.8715
Gaps bigger than 0.1 cM: 318
Maximum Gap: 1.0220 cM
Loaded Transition and Emission Matrix:
(3, 3)
(5009, 24416)
Loaded Observations:
(2, 24416)
Memory Usage: 1335.877632 mB
Reference Number: 5008
Total Log likelihood: -9216.758
Memory Usage: 1335.877632 mB
Finished Calculation State Posteriors
Saved Zero State Posterior to ./Empirical/Eigenstrat/Reichall/I1909/chr7/.
Successfully loaded for PP. from ./Empirical/Eigenstrat/Reichall/I1909/chr7/
Fraction Markers in ROH: 0.4015
Merged n=0 gaps < 0.0 M
Called n=8 ROH Blocks > 1.0 cM
Longest Block: 1.550
Successfully saved to ./Empirical/Eigenstrat/Reichall/I1909/chr7/roh.csv
Using Low-Mem Cython Linear Speed Up.
Loaded Pre Processing Model: Eigenstrat
Loading Individual: I1909

Loaded 61133 variants
Loaded 2504 individuals
HDF5 loaded from ./Data/1000Genomes/HDF5/1240kHDF5/all1240/chr8.hdf5
3 Eigenstrat Files with 5081 Individuals and 1233013 SNPs

Intersection on Positions: 61133
Nr of Matching Refs: 61133 / 61133
Full Intersection Ref/Alt Identical: 61091 / 61133
2504 / 2504 Individuals included in Reference
Extraction of 5008 Haplotypes complete
Reduced to markers called 25567 / 61091
(Fraction SNP: 0.4185068176981879)
Successfully saved to: ./Empirical/Eigenstrat/Reichall/I1909/chr8/
Successfully loaded Data from: ./Empirical/Eigenstrat/Reichall/I1909/chr8/
Loaded Emission Model: haploid
Loaded Transition Model: model
Loaded Post Processing Model: Standard
Minimum Genetic Map: 0.0001
Maximum Genetic Map: 1.6800
Gaps bigger than 0.1 cM: 245
Maximum Gap: 1.9070 cM
Loaded Transition and Emission Matrix:
(3, 3)
(5009, 25567)
Loaded Observations:
(2, 25567)
Memory Usage: 1386.991616 mB
Reference Number: 5008
Total Log likelihood: -9053.388
Memory Usage: 1386.991616 mB
Finished Calculation State Posteriors
Saved Zero State Posterior to ./Empirical/Eigenstrat/Reichall/I1909/chr8/.
Successfully loaded for PP. from ./Empirical/Eigenstrat/Reichall/I1909/chr8/
Fraction Markers in ROH: 0.4784
Merged n=0 gaps < 0.0 M
Called n=11 ROH Blocks > 1.0 cM
Longest Block: 2.974
Successfully saved to ./Empirical/Eigenstrat/Reichall/I1909/chr8/roh.csv
Using Low-Mem Cython Linear Speed Up.
Loaded Pre Processing Model: Eigenstrat
Loading Individual: I1909

Loaded 50668 variants
Loaded 2504 individuals
HDF5 loaded from ./Data/1000Genomes/HDF5/1240kHDF5/all1240/chr9.hdf5
3 Eigenstrat Files with 5081 Individuals and 1233013 SNPs

Intersection on Positions: 50668
Nr of Matching Refs: 50668 / 50668
Full Intersection Ref/Alt Identical: 50629 / 50668
2504 / 2504 Individuals included in Reference
Extraction of 5008 Haplotypes complete
Reduced to markers called 21591 / 50629
(Fraction SNP: 0.42645519366371054)
Successfully saved to: ./Empirical/Eigenstrat/Reichall/I1909/chr9/
Successfully loaded Data from: ./Empirical/Eigenstrat/Reichall/I1909/chr9/
Loaded Emission Model: haploid
Loaded Transition Model: model
Loaded Post Processing Model: Standard
Minimum Genetic Map: 0.0016
Maximum Genetic Map: 1.6630
Gaps bigger than 0.1 cM: 286
Maximum Gap: 1.8819 cM
Loaded Transition and Emission Matrix:
(3, 3)
(5009, 21591)
Loaded Observations:
(2, 21591)
Memory Usage: 1208.897536 mB
Reference Number: 5008
Total Log likelihood: -8285.138
Memory Usage: 1208.897536 mB
Finished Calculation State Posteriors
Saved Zero State Posterior to ./Empirical/Eigenstrat/Reichall/I1909/chr9/.
Successfully loaded for PP. from ./Empirical/Eigenstrat/Reichall/I1909/chr9/
Fraction Markers in ROH: 0.3922
Merged n=0 gaps < 0.0 M
Called n=12 ROH Blocks > 1.0 cM
Longest Block: 3.006
Successfully saved to ./Empirical/Eigenstrat/Reichall/I1909/chr9/roh.csv
Using Low-Mem Cython Linear Speed Up.
Loaded Pre Processing Model: Eigenstrat
Loading Individual: I1909

Loaded 58804 variants
Loaded 2504 individuals
HDF5 loaded from ./Data/1000Genomes/HDF5/1240kHDF5/all1240/chr10.hdf5
3 Eigenstrat Files with 5081 Individuals and 1233013 SNPs

Intersection on Positions: 58804
Nr of Matching Refs: 58804 / 58804
Full Intersection Ref/Alt Identical: 58763 / 58804
2504 / 2504 Individuals included in Reference
Extraction of 5008 Haplotypes complete
Reduced to markers called 25698 / 58763
(Fraction SNP: 0.4373159981621088)
Successfully saved to: ./Empirical/Eigenstrat/Reichall/I1909/chr10/
Successfully loaded Data from: ./Empirical/Eigenstrat/Reichall/I1909/chr10/
Loaded Emission Model: haploid
Loaded Transition Model: model
Loaded Post Processing Model: Standard
Minimum Genetic Map: 0.0001
Maximum Genetic Map: 1.8092
Gaps bigger than 0.1 cM: 286
Maximum Gap: 2.0338 cM
Loaded Transition and Emission Matrix:
(3, 3)
(5009, 25698)
Loaded Observations:
(2, 25698)
Memory Usage: 1393.528832 mB
Reference Number: 5008
Total Log likelihood: -9641.528
Memory Usage: 1393.528832 mB
Finished Calculation State Posteriors
Saved Zero State Posterior to ./Empirical/Eigenstrat/Reichall/I1909/chr10/.
Successfully loaded for PP. from ./Empirical/Eigenstrat/Reichall/I1909/chr10/
Fraction Markers in ROH: 0.3849
Merged n=0 gaps < 0.0 M
Called n=7 ROH Blocks > 1.0 cM
Longest Block: 3.006
Successfully saved to ./Empirical/Eigenstrat/Reichall/I1909/chr10/roh.csv
Using Low-Mem Cython Linear Speed Up.
Loaded Pre Processing Model: Eigenstrat
Loading Individual: I1909

Loaded 54833 variants
Loaded 2504 individuals
HDF5 loaded from ./Data/1000Genomes/HDF5/1240kHDF5/all1240/chr11.hdf5
3 Eigenstrat Files with 5081 Individuals and 1233013 SNPs

Intersection on Positions: 54833
Nr of Matching Refs: 54833 / 54833
Full Intersection Ref/Alt Identical: 54796 / 54833
2504 / 2504 Individuals included in Reference
Extraction of 5008 Haplotypes complete
Reduced to markers called 23549 / 54796
(Fraction SNP: 0.4297576465435433)
Successfully saved to: ./Empirical/Eigenstrat/Reichall/I1909/chr11/
Successfully loaded Data from: ./Empirical/Eigenstrat/Reichall/I1909/chr11/
Loaded Emission Model: haploid
Loaded Transition Model: model
Loaded Post Processing Model: Standard
Minimum Genetic Map: 0.0000
Maximum Genetic Map: 1.5822
Gaps bigger than 0.1 cM: 249
Maximum Gap: 0.5377 cM
Loaded Transition and Emission Matrix:
(3, 3)
(5009, 23549)
Loaded Observations:
(2, 23549)
Memory Usage: 1296.719872 mB
Reference Number: 5008
Total Log likelihood: -8565.430
Memory Usage: 1296.719872 mB
Finished Calculation State Posteriors
Saved Zero State Posterior to ./Empirical/Eigenstrat/Reichall/I1909/chr11/.
Successfully loaded for PP. from ./Empirical/Eigenstrat/Reichall/I1909/chr11/
Fraction Markers in ROH: 0.4130
Merged n=0 gaps < 0.0 M
Called n=15 ROH Blocks > 1.0 cM
Longest Block: 2.270
Successfully saved to ./Empirical/Eigenstrat/Reichall/I1909/chr11/roh.csv
Using Low-Mem Cython Linear Speed Up.
Loaded Pre Processing Model: Eigenstrat
Loading Individual: I1909

Loaded 53911 variants
Loaded 2504 individuals
HDF5 loaded from ./Data/1000Genomes/HDF5/1240kHDF5/all1240/chr12.hdf5
3 Eigenstrat Files with 5081 Individuals and 1233013 SNPs

Intersection on Positions: 53911
Nr of Matching Refs: 53911 / 53911
Full Intersection Ref/Alt Identical: 53884 / 53911
2504 / 2504 Individuals included in Reference
Extraction of 5008 Haplotypes complete
Reduced to markers called 22356 / 53884
(Fraction SNP: 0.41489124786578574)
Successfully saved to: ./Empirical/Eigenstrat/Reichall/I1909/chr12/
Successfully loaded Data from: ./Empirical/Eigenstrat/Reichall/I1909/chr12/
Loaded Emission Model: haploid
Loaded Transition Model: model
Loaded Post Processing Model: Standard
Minimum Genetic Map: 0.0017
Maximum Genetic Map: 1.7468
Gaps bigger than 0.1 cM: 288
Maximum Gap: 0.8015 cM
Loaded Transition and Emission Matrix:
(3, 3)
(5009, 22356)
Loaded Observations:
(2, 22356)
Memory Usage: 1243.004928 mB
Reference Number: 5008
Total Log likelihood: -8285.006
Memory Usage: 1243.004928 mB
Finished Calculation State Posteriors
Saved Zero State Posterior to ./Empirical/Eigenstrat/Reichall/I1909/chr12/.
Successfully loaded for PP. from ./Empirical/Eigenstrat/Reichall/I1909/chr12/
Fraction Markers in ROH: 0.4100
Merged n=0 gaps < 0.0 M
Called n=12 ROH Blocks > 1.0 cM
Longest Block: 3.134
Successfully saved to ./Empirical/Eigenstrat/Reichall/I1909/chr12/roh.csv
Using Low-Mem Cython Linear Speed Up.
Loaded Pre Processing Model: Eigenstrat
Loading Individual: I1909

Loaded 39018 variants
Loaded 2504 individuals
HDF5 loaded from ./Data/1000Genomes/HDF5/1240kHDF5/all1240/chr13.hdf5
3 Eigenstrat Files with 5081 Individuals and 1233013 SNPs

Intersection on Positions: 39018
Nr of Matching Refs: 39018 / 39018
Full Intersection Ref/Alt Identical: 38994 / 39018
2504 / 2504 Individuals included in Reference
Extraction of 5008 Haplotypes complete
Reduced to markers called 15105 / 38994
(Fraction SNP: 0.3873672872749654)
Successfully saved to: ./Empirical/Eigenstrat/Reichall/I1909/chr13/
Successfully loaded Data from: ./Empirical/Eigenstrat/Reichall/I1909/chr13/
Loaded Emission Model: haploid
Loaded Transition Model: model
Loaded Post Processing Model: Standard
Minimum Genetic Map: 0.0019
Maximum Genetic Map: 1.2570
Gaps bigger than 0.1 cM: 234
Maximum Gap: 1.2216 cM
Loaded Transition and Emission Matrix:
(3, 3)
(5009, 15105)
Loaded Observations:
(2, 15105)
Memory Usage: 916.799488 mB
Reference Number: 5008
Total Log likelihood: -5928.739
Memory Usage: 916.799488 mB
Finished Calculation State Posteriors
Saved Zero State Posterior to ./Empirical/Eigenstrat/Reichall/I1909/chr13/.
Successfully loaded for PP. from ./Empirical/Eigenstrat/Reichall/I1909/chr13/
Fraction Markers in ROH: 0.3545
Merged n=0 gaps < 0.0 M
Called n=7 ROH Blocks > 1.0 cM
Longest Block: 1.856
Successfully saved to ./Empirical/Eigenstrat/Reichall/I1909/chr13/roh.csv
Using Low-Mem Cython Linear Speed Up.
Loaded Pre Processing Model: Eigenstrat
Loading Individual: I1909

Loaded 36301 variants
Loaded 2504 individuals
HDF5 loaded from ./Data/1000Genomes/HDF5/1240kHDF5/all1240/chr14.hdf5
3 Eigenstrat Files with 5081 Individuals and 1233013 SNPs

Intersection on Positions: 36301
Nr of Matching Refs: 36301 / 36301
Full Intersection Ref/Alt Identical: 36280 / 36301
2504 / 2504 Individuals included in Reference
Extraction of 5008 Haplotypes complete
Reduced to markers called 15215 / 36280
(Fraction SNP: 0.41937706725468576)
Successfully saved to: ./Empirical/Eigenstrat/Reichall/I1909/chr14/
Successfully loaded Data from: ./Empirical/Eigenstrat/Reichall/I1909/chr14/
Loaded Emission Model: haploid
Loaded Transition Model: model
Loaded Post Processing Model: Standard
Minimum Genetic Map: 0.0192
Maximum Genetic Map: 1.2020
Gaps bigger than 0.1 cM: 213
Maximum Gap: 3.0774 cM
Loaded Transition and Emission Matrix:
(3, 3)
(5009, 15215)
Loaded Observations:
(2, 15215)
Memory Usage: 921.587712 mB
Reference Number: 5008
Total Log likelihood: -5827.540
Memory Usage: 921.587712 mB
Finished Calculation State Posteriors
Saved Zero State Posterior to ./Empirical/Eigenstrat/Reichall/I1909/chr14/.
Successfully loaded for PP. from ./Empirical/Eigenstrat/Reichall/I1909/chr14/
Fraction Markers in ROH: 0.3604
Merged n=0 gaps < 0.0 M
Called n=8 ROH Blocks > 1.0 cM
Longest Block: 1.404
Successfully saved to ./Empirical/Eigenstrat/Reichall/I1909/chr14/roh.csv
Using Low-Mem Cython Linear Speed Up.
Loaded Pre Processing Model: Eigenstrat
Loading Individual: I1909

Loaded 34429 variants
Loaded 2504 individuals
HDF5 loaded from ./Data/1000Genomes/HDF5/1240kHDF5/all1240/chr15.hdf5
3 Eigenstrat Files with 5081 Individuals and 1233013 SNPs

Intersection on Positions: 34429
Nr of Matching Refs: 34429 / 34429
Full Intersection Ref/Alt Identical: 34407 / 34429
2504 / 2504 Individuals included in Reference
Extraction of 5008 Haplotypes complete
Reduced to markers called 15188 / 34407
(Fraction SNP: 0.4414218037027349)
Successfully saved to: ./Empirical/Eigenstrat/Reichall/I1909/chr15/
Successfully loaded Data from: ./Empirical/Eigenstrat/Reichall/I1909/chr15/
Loaded Emission Model: haploid
Loaded Transition Model: model
Loaded Post Processing Model: Standard
Minimum Genetic Map: 0.0002
Maximum Genetic Map: 1.4134
Gaps bigger than 0.1 cM: 233
Maximum Gap: 13.8948 cM
Loaded Transition and Emission Matrix:
(3, 3)
(5009, 15188)
Loaded Observations:
(2, 15188)
Memory Usage: 920.690688 mB
Reference Number: 5008
Total Log likelihood: -5473.275
Memory Usage: 920.690688 mB
Finished Calculation State Posteriors
Saved Zero State Posterior to ./Empirical/Eigenstrat/Reichall/I1909/chr15/.
Successfully loaded for PP. from ./Empirical/Eigenstrat/Reichall/I1909/chr15/
Fraction Markers in ROH: 0.4367
Merged n=0 gaps < 0.0 M
Called n=11 ROH Blocks > 1.0 cM
Longest Block: 2.059
Successfully saved to ./Empirical/Eigenstrat/Reichall/I1909/chr15/roh.csv
Using Low-Mem Cython Linear Speed Up.
Loaded Pre Processing Model: Eigenstrat
Loading Individual: I1909

Loaded 34402 variants
Loaded 2504 individuals
HDF5 loaded from ./Data/1000Genomes/HDF5/1240kHDF5/all1240/chr16.hdf5
3 Eigenstrat Files with 5081 Individuals and 1233013 SNPs

Intersection on Positions: 34402
Nr of Matching Refs: 34402 / 34402
Full Intersection Ref/Alt Identical: 34375 / 34402
2504 / 2504 Individuals included in Reference
Extraction of 5008 Haplotypes complete
Reduced to markers called 15902 / 34375
(Fraction SNP: 0.4626036363636364)
Successfully saved to: ./Empirical/Eigenstrat/Reichall/I1909/chr16/
Successfully loaded Data from: ./Empirical/Eigenstrat/Reichall/I1909/chr16/
Loaded Emission Model: haploid
Loaded Transition Model: model
Loaded Post Processing Model: Standard
Minimum Genetic Map: -0.0000
Maximum Genetic Map: 1.3402
Gaps bigger than 0.1 cM: 233
Maximum Gap: 1.0014 cM
Loaded Transition and Emission Matrix:
(3, 3)
(5009, 15902)
Loaded Observations:
(2, 15902)
Memory Usage: 952.659968 mB
Reference Number: 5008
Total Log likelihood: -5921.271
Memory Usage: 952.659968 mB
Finished Calculation State Posteriors
Saved Zero State Posterior to ./Empirical/Eigenstrat/Reichall/I1909/chr16/.
Successfully loaded for PP. from ./Empirical/Eigenstrat/Reichall/I1909/chr16/
Fraction Markers in ROH: 0.4232
Merged n=0 gaps < 0.0 M
Called n=8 ROH Blocks > 1.0 cM
Longest Block: 2.573
Successfully saved to ./Empirical/Eigenstrat/Reichall/I1909/chr16/roh.csv
Using Low-Mem Cython Linear Speed Up.
Loaded Pre Processing Model: Eigenstrat
Loading Individual: I1909

Loaded 29314 variants
Loaded 2504 individuals
HDF5 loaded from ./Data/1000Genomes/HDF5/1240kHDF5/all1240/chr17.hdf5
3 Eigenstrat Files with 5081 Individuals and 1233013 SNPs

Intersection on Positions: 29314
Nr of Matching Refs: 29314 / 29314
Full Intersection Ref/Alt Identical: 29292 / 29314
2504 / 2504 Individuals included in Reference
Extraction of 5008 Haplotypes complete
Reduced to markers called 13996 / 29292
(Fraction SNP: 0.47780964085757205)
Successfully saved to: ./Empirical/Eigenstrat/Reichall/I1909/chr17/
Successfully loaded Data from: ./Empirical/Eigenstrat/Reichall/I1909/chr17/
Loaded Emission Model: haploid
Loaded Transition Model: model
Loaded Post Processing Model: Standard
Minimum Genetic Map: 0.0004
Maximum Genetic Map: 1.2847
Gaps bigger than 0.1 cM: 226
Maximum Gap: 1.2341 cM
Loaded Transition and Emission Matrix:
(3, 3)
(5009, 13996)
Loaded Observations:
(2, 13996)
Memory Usage: 866.75456 mB
Reference Number: 5008
Total Log likelihood: -5097.832
Memory Usage: 866.75456 mB
Finished Calculation State Posteriors
Saved Zero State Posterior to ./Empirical/Eigenstrat/Reichall/I1909/chr17/.
Successfully loaded for PP. from ./Empirical/Eigenstrat/Reichall/I1909/chr17/
Fraction Markers in ROH: 0.4668
Merged n=0 gaps < 0.0 M
Called n=15 ROH Blocks > 1.0 cM
Longest Block: 4.579
Successfully saved to ./Empirical/Eigenstrat/Reichall/I1909/chr17/roh.csv
Using Low-Mem Cython Linear Speed Up.
Loaded Pre Processing Model: Eigenstrat
Loading Individual: I1909

Loaded 33917 variants
Loaded 2504 individuals
HDF5 loaded from ./Data/1000Genomes/HDF5/1240kHDF5/all1240/chr18.hdf5
3 Eigenstrat Files with 5081 Individuals and 1233013 SNPs

Intersection on Positions: 33917
Nr of Matching Refs: 33917 / 33917
Full Intersection Ref/Alt Identical: 33902 / 33917
2504 / 2504 Individuals included in Reference
Extraction of 5008 Haplotypes complete
Reduced to markers called 14018 / 33902
(Fraction SNP: 0.4134859300336263)
Successfully saved to: ./Empirical/Eigenstrat/Reichall/I1909/chr18/
Successfully loaded Data from: ./Empirical/Eigenstrat/Reichall/I1909/chr18/
Loaded Emission Model: haploid
Loaded Transition Model: model
Loaded Post Processing Model: Standard
Minimum Genetic Map: 0.0025
Maximum Genetic Map: 1.1771
Gaps bigger than 0.1 cM: 218
Maximum Gap: 0.5108 cM
Loaded Transition and Emission Matrix:
(3, 3)
(5009, 14018)
Loaded Observations:
(2, 14018)
Memory Usage: 867.786752 mB
Reference Number: 5008
Total Log likelihood: -5213.800
Memory Usage: 867.786752 mB
Finished Calculation State Posteriors
Saved Zero State Posterior to ./Empirical/Eigenstrat/Reichall/I1909/chr18/.
Successfully loaded for PP. from ./Empirical/Eigenstrat/Reichall/I1909/chr18/
Fraction Markers in ROH: 0.3988
Merged n=0 gaps < 0.0 M
Called n=10 ROH Blocks > 1.0 cM
Longest Block: 1.637
Successfully saved to ./Empirical/Eigenstrat/Reichall/I1909/chr18/roh.csv
Using Low-Mem Cython Linear Speed Up.
Loaded Pre Processing Model: Eigenstrat
Loading Individual: I1909

Loaded 18460 variants
Loaded 2504 individuals
HDF5 loaded from ./Data/1000Genomes/HDF5/1240kHDF5/all1240/chr19.hdf5
3 Eigenstrat Files with 5081 Individuals and 1233013 SNPs

Intersection on Positions: 18460
Nr of Matching Refs: 18460 / 18460
Full Intersection Ref/Alt Identical: 18441 / 18460
2504 / 2504 Individuals included in Reference
Extraction of 5008 Haplotypes complete
Reduced to markers called 8955 / 18441
(Fraction SNP: 0.48560273304050755)
Successfully saved to: ./Empirical/Eigenstrat/Reichall/I1909/chr19/
Successfully loaded Data from: ./Empirical/Eigenstrat/Reichall/I1909/chr19/
Loaded Emission Model: haploid
Loaded Transition Model: model
Loaded Post Processing Model: Standard
Minimum Genetic Map: 0.0000
Maximum Genetic Map: 1.0773
Gaps bigger than 0.1 cM: 224
Maximum Gap: 0.6114 cM
Loaded Transition and Emission Matrix:
(3, 3)
(5009, 8955)
Loaded Observations:
(2, 8955)
Memory Usage: 639.401984 mB
Reference Number: 5008
Total Log likelihood: -3630.126
Memory Usage: 639.401984 mB
Finished Calculation State Posteriors
Saved Zero State Posterior to ./Empirical/Eigenstrat/Reichall/I1909/chr19/.
Successfully loaded for PP. from ./Empirical/Eigenstrat/Reichall/I1909/chr19/
Fraction Markers in ROH: 0.3599
Merged n=0 gaps < 0.0 M
Called n=8 ROH Blocks > 1.0 cM
Longest Block: 1.791
Successfully saved to ./Empirical/Eigenstrat/Reichall/I1909/chr19/roh.csv
Using Low-Mem Cython Linear Speed Up.
Loaded Pre Processing Model: Eigenstrat
Loading Individual: I1909

Loaded 29078 variants
Loaded 2504 individuals
HDF5 loaded from ./Data/1000Genomes/HDF5/1240kHDF5/all1240/chr20.hdf5
3 Eigenstrat Files with 5081 Individuals and 1233013 SNPs

Intersection on Positions: 29078
Nr of Matching Refs: 29078 / 29078
Full Intersection Ref/Alt Identical: 29053 / 29078
2504 / 2504 Individuals included in Reference
Extraction of 5008 Haplotypes complete
Reduced to markers called 13620 / 29053
(Fraction SNP: 0.4687984029188036)
Successfully saved to: ./Empirical/Eigenstrat/Reichall/I1909/chr20/
Successfully loaded Data from: ./Empirical/Eigenstrat/Reichall/I1909/chr20/
Loaded Emission Model: haploid
Loaded Transition Model: model
Loaded Post Processing Model: Standard
Minimum Genetic Map: 0.0002
Maximum Genetic Map: 1.0821
Gaps bigger than 0.1 cM: 204
Maximum Gap: 0.6809 cM
Loaded Transition and Emission Matrix:
(3, 3)
(5009, 13620)
Loaded Observations:
(2, 13620)
Memory Usage: 850.231296 mB
Reference Number: 5008
Total Log likelihood: -4906.858
Memory Usage: 850.231296 mB
Finished Calculation State Posteriors
Saved Zero State Posterior to ./Empirical/Eigenstrat/Reichall/I1909/chr20/.
Successfully loaded for PP. from ./Empirical/Eigenstrat/Reichall/I1909/chr20/
Fraction Markers in ROH: 0.4106
Merged n=0 gaps < 0.0 M
Called n=10 ROH Blocks > 1.0 cM
Longest Block: 4.334
Successfully saved to ./Empirical/Eigenstrat/Reichall/I1909/chr20/roh.csv
Using Low-Mem Cython Linear Speed Up.
Loaded Pre Processing Model: Eigenstrat
Loading Individual: I1909

Loaded 16038 variants
Loaded 2504 individuals
HDF5 loaded from ./Data/1000Genomes/HDF5/1240kHDF5/all1240/chr21.hdf5
3 Eigenstrat Files with 5081 Individuals and 1233013 SNPs

Intersection on Positions: 16038
Nr of Matching Refs: 16038 / 16038
Full Intersection Ref/Alt Identical: 16031 / 16038
2504 / 2504 Individuals included in Reference
Extraction of 5008 Haplotypes complete
Reduced to markers called 6670 / 16031
(Fraction SNP: 0.41606886657101866)
Successfully saved to: ./Empirical/Eigenstrat/Reichall/I1909/chr21/
Successfully loaded Data from: ./Empirical/Eigenstrat/Reichall/I1909/chr21/
Loaded Emission Model: haploid
Loaded Transition Model: model
Loaded Post Processing Model: Standard
Minimum Genetic Map: -0.0085
Maximum Genetic Map: 0.6277
Gaps bigger than 0.1 cM: 140
Maximum Gap: 1.7201 cM
Loaded Transition and Emission Matrix:
(3, 3)
(5009, 6670)
Loaded Observations:
(2, 6670)
Memory Usage: 536.702976 mB
Reference Number: 5008
Total Log likelihood: -2484.522
Memory Usage: 536.702976 mB
Finished Calculation State Posteriors
Saved Zero State Posterior to ./Empirical/Eigenstrat/Reichall/I1909/chr21/.
Successfully loaded for PP. from ./Empirical/Eigenstrat/Reichall/I1909/chr21/
Fraction Markers in ROH: 0.4343
Merged n=0 gaps < 0.0 M
Called n=4 ROH Blocks > 1.0 cM
Longest Block: 1.540
Successfully saved to ./Empirical/Eigenstrat/Reichall/I1909/chr21/roh.csv
Using Low-Mem Cython Linear Speed Up.
Loaded Pre Processing Model: Eigenstrat
Loading Individual: I1909

Loaded 15802 variants
Loaded 2504 individuals
HDF5 loaded from ./Data/1000Genomes/HDF5/1240kHDF5/all1240/chr22.hdf5
3 Eigenstrat Files with 5081 Individuals and 1233013 SNPs

Intersection on Positions: 15802
Nr of Matching Refs: 15802 / 15802
Full Intersection Ref/Alt Identical: 15793 / 15802
2504 / 2504 Individuals included in Reference
Extraction of 5008 Haplotypes complete
Reduced to markers called 8000 / 15793
(Fraction SNP: 0.5065535363768758)
Successfully saved to: ./Empirical/Eigenstrat/Reichall/I1909/chr22/
Successfully loaded Data from: ./Empirical/Eigenstrat/Reichall/I1909/chr22/
Loaded Emission Model: haploid
Loaded Transition Model: model
Loaded Post Processing Model: Standard
Minimum Genetic Map: 0.0178
Maximum Genetic Map: 0.7408
Gaps bigger than 0.1 cM: 129
Maximum Gap: 1.6949 cM
Loaded Transition and Emission Matrix:
(3, 3)
(5009, 8000)
Loaded Observations:
(2, 8000)
Memory Usage: 596.701184 mB
Reference Number: 5008
Total Log likelihood: -2898.611
Memory Usage: 596.701184 mB
Finished Calculation State Posteriors
Saved Zero State Posterior to ./Empirical/Eigenstrat/Reichall/I1909/chr22/.
Successfully loaded for PP. from ./Empirical/Eigenstrat/Reichall/I1909/chr22/
Fraction Markers in ROH: 0.4804
Merged n=0 gaps < 0.0 M
Called n=8 ROH Blocks > 1.0 cM
Longest Block: 2.074
Successfully saved to ./Empirical/Eigenstrat/Reichall/I1909/chr22/roh.csv
