Loaded 2106 / 5081 ancient Indivdiuals Anno File.
Doing Individual I3269...
Using Low-Mem Cython Linear Speed Up.
Loaded Pre Processing Model: Eigenstrat
Loading Individual: I3269

Loaded 89147 variants
Loaded 2504 individuals
HDF5 loaded from ./Data/1000Genomes/HDF5/1240kHDF5/all1240/chr1.hdf5
3 Eigenstrat Files with 5081 Individuals and 1233013 SNPs

Intersection on Positions: 89147
Nr of Matching Refs: 89147 / 89147
Full Intersection Ref/Alt Identical: 89082 / 89147
2504 / 2504 Individuals included in Reference
Extraction of 5008 Haplotypes complete
Reduced to markers called 52782 / 89082
(Fraction SNP: 0.5925102714353068)
Successfully saved to: ./Empirical/Eigenstrat/Reichall/I3269/chr1/
Successfully loaded Data from: ./Empirical/Eigenstrat/Reichall/I3269/chr1/
Loaded Emission Model: haploid
Loaded Transition Model: model
Loaded Post Processing Model: Standard
Minimum Genetic Map: 0.0202
Maximum Genetic Map: 2.8627
Gaps bigger than 0.1 cM: 352
Maximum Gap: 3.3404 cM
Loaded Transition and Emission Matrix:
(3, 3)
(5009, 52782)
Loaded Observations:
(2, 52782)
Memory Usage: 2574.393344 mB
Reference Number: 5008
Total Log likelihood: -18015.714
Memory Usage: 2574.856192 mB
Finished Calculation State Posteriors
Saved Zero State Posterior to ./Empirical/Eigenstrat/Reichall/I3269/chr1/.
Successfully loaded for PP. from ./Empirical/Eigenstrat/Reichall/I3269/chr1/
Fraction Markers in ROH: 0.4575
Merged n=0 gaps < 0.0 M
Called n=19 ROH Blocks > 1.0 cM
Longest Block: 5.760
Successfully saved to ./Empirical/Eigenstrat/Reichall/I3269/chr1/roh.csv
Using Low-Mem Cython Linear Speed Up.
Loaded Pre Processing Model: Eigenstrat
Loading Individual: I3269

Loaded 94239 variants
Loaded 2504 individuals
HDF5 loaded from ./Data/1000Genomes/HDF5/1240kHDF5/all1240/chr2.hdf5
3 Eigenstrat Files with 5081 Individuals and 1233013 SNPs

Intersection on Positions: 94239
Nr of Matching Refs: 94239 / 94239
Full Intersection Ref/Alt Identical: 94173 / 94239
2504 / 2504 Individuals included in Reference
Extraction of 5008 Haplotypes complete
Reduced to markers called 52348 / 94173
(Fraction SNP: 0.5558705786159515)
Successfully saved to: ./Empirical/Eigenstrat/Reichall/I3269/chr2/
Successfully loaded Data from: ./Empirical/Eigenstrat/Reichall/I3269/chr2/
Loaded Emission Model: haploid
Loaded Transition Model: model
Loaded Post Processing Model: Standard
Minimum Genetic Map: 0.0001
Maximum Genetic Map: 2.6883
Gaps bigger than 0.1 cM: 337
Maximum Gap: 2.9097 cM
Loaded Transition and Emission Matrix:
(3, 3)
(5009, 52348)
Loaded Observations:
(2, 52348)
Memory Usage: 2593.447936 mB
Reference Number: 5008
Total Log likelihood: -18554.011
Memory Usage: 2593.447936 mB
Finished Calculation State Posteriors
Saved Zero State Posterior to ./Empirical/Eigenstrat/Reichall/I3269/chr2/.
Successfully loaded for PP. from ./Empirical/Eigenstrat/Reichall/I3269/chr2/
Fraction Markers in ROH: 0.4373
Merged n=0 gaps < 0.0 M
Called n=11 ROH Blocks > 1.0 cM
Longest Block: 1.967
Successfully saved to ./Empirical/Eigenstrat/Reichall/I3269/chr2/roh.csv
Using Low-Mem Cython Linear Speed Up.
Loaded Pre Processing Model: Eigenstrat
Loading Individual: I3269

Loaded 77652 variants
Loaded 2504 individuals
HDF5 loaded from ./Data/1000Genomes/HDF5/1240kHDF5/all1240/chr3.hdf5
3 Eigenstrat Files with 5081 Individuals and 1233013 SNPs

Intersection on Positions: 77652
Nr of Matching Refs: 77652 / 77652
Full Intersection Ref/Alt Identical: 77601 / 77652
2504 / 2504 Individuals included in Reference
Extraction of 5008 Haplotypes complete
Reduced to markers called 42279 / 77601
(Fraction SNP: 0.5448254532802412)
Successfully saved to: ./Empirical/Eigenstrat/Reichall/I3269/chr3/
Successfully loaded Data from: ./Empirical/Eigenstrat/Reichall/I3269/chr3/
Loaded Emission Model: haploid
Loaded Transition Model: model
Loaded Post Processing Model: Standard
Minimum Genetic Map: 0.0001
Maximum Genetic Map: 2.2326
Gaps bigger than 0.1 cM: 327
Maximum Gap: 0.3910 cM
Loaded Transition and Emission Matrix:
(3, 3)
(5009, 42279)
Loaded Observations:
(2, 42279)
Memory Usage: 2139.89376 mB
Reference Number: 5008
Total Log likelihood: -15015.925
Memory Usage: 2139.89376 mB
Finished Calculation State Posteriors
Saved Zero State Posterior to ./Empirical/Eigenstrat/Reichall/I3269/chr3/.
Successfully loaded for PP. from ./Empirical/Eigenstrat/Reichall/I3269/chr3/
Fraction Markers in ROH: 0.4145
Merged n=0 gaps < 0.0 M
Called n=11 ROH Blocks > 1.0 cM
Longest Block: 2.068
Successfully saved to ./Empirical/Eigenstrat/Reichall/I3269/chr3/roh.csv
Using Low-Mem Cython Linear Speed Up.
Loaded Pre Processing Model: Eigenstrat
Loading Individual: I3269

Loaded 68759 variants
Loaded 2504 individuals
HDF5 loaded from ./Data/1000Genomes/HDF5/1240kHDF5/all1240/chr4.hdf5
3 Eigenstrat Files with 5081 Individuals and 1233013 SNPs

Intersection on Positions: 68759
Nr of Matching Refs: 68759 / 68759
Full Intersection Ref/Alt Identical: 68720 / 68759
2504 / 2504 Individuals included in Reference
Extraction of 5008 Haplotypes complete
Reduced to markers called 34069 / 68720
(Fraction SNP: 0.49576542491268916)
Successfully saved to: ./Empirical/Eigenstrat/Reichall/I3269/chr4/
Successfully loaded Data from: ./Empirical/Eigenstrat/Reichall/I3269/chr4/
Loaded Emission Model: haploid
Loaded Transition Model: model
Loaded Post Processing Model: Standard
Minimum Genetic Map: 0.0034
Maximum Genetic Map: 2.1454
Gaps bigger than 0.1 cM: 330
Maximum Gap: 2.1373 cM
Loaded Transition and Emission Matrix:
(3, 3)
(5009, 34069)
Loaded Observations:
(2, 34069)
Memory Usage: 1770.22976 mB
Reference Number: 5008
Total Log likelihood: -11790.538
Memory Usage: 1770.22976 mB
Finished Calculation State Posteriors
Saved Zero State Posterior to ./Empirical/Eigenstrat/Reichall/I3269/chr4/.
Successfully loaded for PP. from ./Empirical/Eigenstrat/Reichall/I3269/chr4/
Fraction Markers in ROH: 0.4573
Merged n=0 gaps < 0.0 M
Called n=15 ROH Blocks > 1.0 cM
Longest Block: 3.351
Successfully saved to ./Empirical/Eigenstrat/Reichall/I3269/chr4/roh.csv
Using Low-Mem Cython Linear Speed Up.
Loaded Pre Processing Model: Eigenstrat
Loading Individual: I3269

Loaded 69399 variants
Loaded 2504 individuals
HDF5 loaded from ./Data/1000Genomes/HDF5/1240kHDF5/all1240/chr5.hdf5
3 Eigenstrat Files with 5081 Individuals and 1233013 SNPs

Intersection on Positions: 69399
Nr of Matching Refs: 69399 / 69399
Full Intersection Ref/Alt Identical: 69354 / 69399
2504 / 2504 Individuals included in Reference
Extraction of 5008 Haplotypes complete
Reduced to markers called 37928 / 69354
(Fraction SNP: 0.5468754505868443)
Successfully saved to: ./Empirical/Eigenstrat/Reichall/I3269/chr5/
Successfully loaded Data from: ./Empirical/Eigenstrat/Reichall/I3269/chr5/
Loaded Emission Model: haploid
Loaded Transition Model: model
Loaded Post Processing Model: Standard
Minimum Genetic Map: 0.0004
Maximum Genetic Map: 2.0409
Gaps bigger than 0.1 cM: 298
Maximum Gap: 1.1308 cM
Loaded Transition and Emission Matrix:
(3, 3)
(5009, 37928)
Loaded Observations:
(2, 37928)
Memory Usage: 1944.383488 mB
Reference Number: 5008
Total Log likelihood: -13258.933
Memory Usage: 1944.383488 mB
Finished Calculation State Posteriors
Saved Zero State Posterior to ./Empirical/Eigenstrat/Reichall/I3269/chr5/.
Successfully loaded for PP. from ./Empirical/Eigenstrat/Reichall/I3269/chr5/
Fraction Markers in ROH: 0.4510
Merged n=0 gaps < 0.0 M
Called n=17 ROH Blocks > 1.0 cM
Longest Block: 1.955
Successfully saved to ./Empirical/Eigenstrat/Reichall/I3269/chr5/roh.csv
Using Low-Mem Cython Linear Speed Up.
Loaded Pre Processing Model: Eigenstrat
Loading Individual: I3269

Loaded 75870 variants
Loaded 2504 individuals
HDF5 loaded from ./Data/1000Genomes/HDF5/1240kHDF5/all1240/chr6.hdf5
3 Eigenstrat Files with 5081 Individuals and 1233013 SNPs

Intersection on Positions: 75870
Nr of Matching Refs: 75870 / 75870
Full Intersection Ref/Alt Identical: 75816 / 75870
2504 / 2504 Individuals included in Reference
Extraction of 5008 Haplotypes complete
Reduced to markers called 41503 / 75816
(Fraction SNP: 0.547417431676691)
Successfully saved to: ./Empirical/Eigenstrat/Reichall/I3269/chr6/
Successfully loaded Data from: ./Empirical/Eigenstrat/Reichall/I3269/chr6/
Loaded Emission Model: haploid
Loaded Transition Model: model
Loaded Post Processing Model: Standard
Minimum Genetic Map: 0.0035
Maximum Genetic Map: 1.9203
Gaps bigger than 0.1 cM: 249
Maximum Gap: 0.5122 cM
Loaded Transition and Emission Matrix:
(3, 3)
(5009, 41503)
Loaded Observations:
(2, 41503)
Memory Usage: 2105.9584 mB
Reference Number: 5008
Total Log likelihood: -14284.159
Memory Usage: 2105.9584 mB
Finished Calculation State Posteriors
Saved Zero State Posterior to ./Empirical/Eigenstrat/Reichall/I3269/chr6/.
Successfully loaded for PP. from ./Empirical/Eigenstrat/Reichall/I3269/chr6/
Fraction Markers in ROH: 0.4256
Merged n=0 gaps < 0.0 M
Called n=9 ROH Blocks > 1.0 cM
Longest Block: 1.387
Successfully saved to ./Empirical/Eigenstrat/Reichall/I3269/chr6/roh.csv
Using Low-Mem Cython Linear Speed Up.
Loaded Pre Processing Model: Eigenstrat
Loading Individual: I3269

Loaded 59890 variants
Loaded 2504 individuals
HDF5 loaded from ./Data/1000Genomes/HDF5/1240kHDF5/all1240/chr7.hdf5
3 Eigenstrat Files with 5081 Individuals and 1233013 SNPs

Intersection on Positions: 59890
Nr of Matching Refs: 59890 / 59890
Full Intersection Ref/Alt Identical: 59836 / 59890
2504 / 2504 Individuals included in Reference
Extraction of 5008 Haplotypes complete
Reduced to markers called 32667 / 59836
(Fraction SNP: 0.5459422421284845)
Successfully saved to: ./Empirical/Eigenstrat/Reichall/I3269/chr7/
Successfully loaded Data from: ./Empirical/Eigenstrat/Reichall/I3269/chr7/
Loaded Emission Model: haploid
Loaded Transition Model: model
Loaded Post Processing Model: Standard
Minimum Genetic Map: 0.0001
Maximum Genetic Map: 1.8715
Gaps bigger than 0.1 cM: 267
Maximum Gap: 0.8416 cM
Loaded Transition and Emission Matrix:
(3, 3)
(5009, 32667)
Loaded Observations:
(2, 32667)
Memory Usage: 1707.905024 mB
Reference Number: 5008
Total Log likelihood: -12048.833
Memory Usage: 1707.905024 mB
Finished Calculation State Posteriors
Saved Zero State Posterior to ./Empirical/Eigenstrat/Reichall/I3269/chr7/.
Successfully loaded for PP. from ./Empirical/Eigenstrat/Reichall/I3269/chr7/
Fraction Markers in ROH: 0.4062
Merged n=0 gaps < 0.0 M
Called n=12 ROH Blocks > 1.0 cM
Longest Block: 2.383
Successfully saved to ./Empirical/Eigenstrat/Reichall/I3269/chr7/roh.csv
Using Low-Mem Cython Linear Speed Up.
Loaded Pre Processing Model: Eigenstrat
Loading Individual: I3269

Loaded 61133 variants
Loaded 2504 individuals
HDF5 loaded from ./Data/1000Genomes/HDF5/1240kHDF5/all1240/chr8.hdf5
3 Eigenstrat Files with 5081 Individuals and 1233013 SNPs

Intersection on Positions: 61133
Nr of Matching Refs: 61133 / 61133
Full Intersection Ref/Alt Identical: 61091 / 61133
2504 / 2504 Individuals included in Reference
Extraction of 5008 Haplotypes complete
Reduced to markers called 34051 / 61091
(Fraction SNP: 0.5573816110392693)
Successfully saved to: ./Empirical/Eigenstrat/Reichall/I3269/chr8/
Successfully loaded Data from: ./Empirical/Eigenstrat/Reichall/I3269/chr8/
Loaded Emission Model: haploid
Loaded Transition Model: model
Loaded Post Processing Model: Standard
Minimum Genetic Map: 0.0000
Maximum Genetic Map: 1.6800
Gaps bigger than 0.1 cM: 199
Maximum Gap: 1.8932 cM
Loaded Transition and Emission Matrix:
(3, 3)
(5009, 34051)
Loaded Observations:
(2, 34051)
Memory Usage: 1770.307584 mB
Reference Number: 5008
Total Log likelihood: -12023.100
Memory Usage: 1770.307584 mB
Finished Calculation State Posteriors
Saved Zero State Posterior to ./Empirical/Eigenstrat/Reichall/I3269/chr8/.
Successfully loaded for PP. from ./Empirical/Eigenstrat/Reichall/I3269/chr8/
Fraction Markers in ROH: 0.4194
Merged n=0 gaps < 0.0 M
Called n=5 ROH Blocks > 1.0 cM
Longest Block: 5.440
Successfully saved to ./Empirical/Eigenstrat/Reichall/I3269/chr8/roh.csv
Using Low-Mem Cython Linear Speed Up.
Loaded Pre Processing Model: Eigenstrat
Loading Individual: I3269

Loaded 50668 variants
Loaded 2504 individuals
HDF5 loaded from ./Data/1000Genomes/HDF5/1240kHDF5/all1240/chr9.hdf5
3 Eigenstrat Files with 5081 Individuals and 1233013 SNPs

Intersection on Positions: 50668
Nr of Matching Refs: 50668 / 50668
Full Intersection Ref/Alt Identical: 50629 / 50668
2504 / 2504 Individuals included in Reference
Extraction of 5008 Haplotypes complete
Reduced to markers called 28985 / 50629
(Fraction SNP: 0.5724979754686049)
Successfully saved to: ./Empirical/Eigenstrat/Reichall/I3269/chr9/
Successfully loaded Data from: ./Empirical/Eigenstrat/Reichall/I3269/chr9/
Loaded Emission Model: haploid
Loaded Transition Model: model
Loaded Post Processing Model: Standard
Minimum Genetic Map: 0.0016
Maximum Genetic Map: 1.6630
Gaps bigger than 0.1 cM: 259
Maximum Gap: 1.8819 cM
Loaded Transition and Emission Matrix:
(3, 3)
(5009, 28985)
Loaded Observations:
(2, 28985)
Memory Usage: 1542.299648 mB
Reference Number: 5008
Total Log likelihood: -10000.004
Memory Usage: 1542.299648 mB
Finished Calculation State Posteriors
Saved Zero State Posterior to ./Empirical/Eigenstrat/Reichall/I3269/chr9/.
Successfully loaded for PP. from ./Empirical/Eigenstrat/Reichall/I3269/chr9/
Fraction Markers in ROH: 0.4581
Merged n=0 gaps < 0.0 M
Called n=15 ROH Blocks > 1.0 cM
Longest Block: 2.760
Successfully saved to ./Empirical/Eigenstrat/Reichall/I3269/chr9/roh.csv
Using Low-Mem Cython Linear Speed Up.
Loaded Pre Processing Model: Eigenstrat
Loading Individual: I3269

Loaded 58804 variants
Loaded 2504 individuals
HDF5 loaded from ./Data/1000Genomes/HDF5/1240kHDF5/all1240/chr10.hdf5
3 Eigenstrat Files with 5081 Individuals and 1233013 SNPs

Intersection on Positions: 58804
Nr of Matching Refs: 58804 / 58804
Full Intersection Ref/Alt Identical: 58763 / 58804
2504 / 2504 Individuals included in Reference
Extraction of 5008 Haplotypes complete
Reduced to markers called 34758 / 58763
(Fraction SNP: 0.5914946479927846)
Successfully saved to: ./Empirical/Eigenstrat/Reichall/I3269/chr10/
Successfully loaded Data from: ./Empirical/Eigenstrat/Reichall/I3269/chr10/
Loaded Emission Model: haploid
Loaded Transition Model: model
Loaded Post Processing Model: Standard
Minimum Genetic Map: 0.0001
Maximum Genetic Map: 1.8091
Gaps bigger than 0.1 cM: 243
Maximum Gap: 2.0338 cM
Loaded Transition and Emission Matrix:
(3, 3)
(5009, 34758)
Loaded Observations:
(2, 34758)
Memory Usage: 1802.30144 mB
Reference Number: 5008
Total Log likelihood: -12044.843
Memory Usage: 1802.30144 mB
Finished Calculation State Posteriors
Saved Zero State Posterior to ./Empirical/Eigenstrat/Reichall/I3269/chr10/.
Successfully loaded for PP. from ./Empirical/Eigenstrat/Reichall/I3269/chr10/
Fraction Markers in ROH: 0.4720
Merged n=0 gaps < 0.0 M
Called n=20 ROH Blocks > 1.0 cM
Longest Block: 2.370
Successfully saved to ./Empirical/Eigenstrat/Reichall/I3269/chr10/roh.csv
Using Low-Mem Cython Linear Speed Up.
Loaded Pre Processing Model: Eigenstrat
Loading Individual: I3269

Loaded 54833 variants
Loaded 2504 individuals
HDF5 loaded from ./Data/1000Genomes/HDF5/1240kHDF5/all1240/chr11.hdf5
3 Eigenstrat Files with 5081 Individuals and 1233013 SNPs

Intersection on Positions: 54833
Nr of Matching Refs: 54833 / 54833
Full Intersection Ref/Alt Identical: 54796 / 54833
2504 / 2504 Individuals included in Reference
Extraction of 5008 Haplotypes complete
Reduced to markers called 31856 / 54796
(Fraction SNP: 0.5813563033798087)
Successfully saved to: ./Empirical/Eigenstrat/Reichall/I3269/chr11/
Successfully loaded Data from: ./Empirical/Eigenstrat/Reichall/I3269/chr11/
Loaded Emission Model: haploid
Loaded Transition Model: model
Loaded Post Processing Model: Standard
Minimum Genetic Map: 0.0000
Maximum Genetic Map: 1.5822
Gaps bigger than 0.1 cM: 224
Maximum Gap: 0.5373 cM
Loaded Transition and Emission Matrix:
(3, 3)
(5009, 31856)
Loaded Observations:
(2, 31856)
Memory Usage: 1671.540736 mB
Reference Number: 5008
Total Log likelihood: -11423.048
Memory Usage: 1671.540736 mB
Finished Calculation State Posteriors
Saved Zero State Posterior to ./Empirical/Eigenstrat/Reichall/I3269/chr11/.
Successfully loaded for PP. from ./Empirical/Eigenstrat/Reichall/I3269/chr11/
Fraction Markers in ROH: 0.4332
Merged n=0 gaps < 0.0 M
Called n=8 ROH Blocks > 1.0 cM
Longest Block: 1.735
Successfully saved to ./Empirical/Eigenstrat/Reichall/I3269/chr11/roh.csv
Using Low-Mem Cython Linear Speed Up.
Loaded Pre Processing Model: Eigenstrat
Loading Individual: I3269

Loaded 53911 variants
Loaded 2504 individuals
HDF5 loaded from ./Data/1000Genomes/HDF5/1240kHDF5/all1240/chr12.hdf5
3 Eigenstrat Files with 5081 Individuals and 1233013 SNPs

Intersection on Positions: 53911
Nr of Matching Refs: 53911 / 53911
Full Intersection Ref/Alt Identical: 53884 / 53911
2504 / 2504 Individuals included in Reference
Extraction of 5008 Haplotypes complete
Reduced to markers called 30206 / 53884
(Fraction SNP: 0.560574567589637)
Successfully saved to: ./Empirical/Eigenstrat/Reichall/I3269/chr12/
Successfully loaded Data from: ./Empirical/Eigenstrat/Reichall/I3269/chr12/
Loaded Emission Model: haploid
Loaded Transition Model: model
Loaded Post Processing Model: Standard
Minimum Genetic Map: 0.0017
Maximum Genetic Map: 1.7468
Gaps bigger than 0.1 cM: 267
Maximum Gap: 0.8015 cM
Loaded Transition and Emission Matrix:
(3, 3)
(5009, 30206)
Loaded Observations:
(2, 30206)
Memory Usage: 1597.489152 mB
Reference Number: 5008
Total Log likelihood: -10274.299
Memory Usage: 1597.489152 mB
Finished Calculation State Posteriors
Saved Zero State Posterior to ./Empirical/Eigenstrat/Reichall/I3269/chr12/.
Successfully loaded for PP. from ./Empirical/Eigenstrat/Reichall/I3269/chr12/
Fraction Markers in ROH: 0.4309
Merged n=0 gaps < 0.0 M
Called n=10 ROH Blocks > 1.0 cM
Longest Block: 11.803
Successfully saved to ./Empirical/Eigenstrat/Reichall/I3269/chr12/roh.csv
Using Low-Mem Cython Linear Speed Up.
Loaded Pre Processing Model: Eigenstrat
Loading Individual: I3269

Loaded 39018 variants
Loaded 2504 individuals
HDF5 loaded from ./Data/1000Genomes/HDF5/1240kHDF5/all1240/chr13.hdf5
3 Eigenstrat Files with 5081 Individuals and 1233013 SNPs

Intersection on Positions: 39018
Nr of Matching Refs: 39018 / 39018
Full Intersection Ref/Alt Identical: 38994 / 39018
2504 / 2504 Individuals included in Reference
Extraction of 5008 Haplotypes complete
Reduced to markers called 20084 / 38994
(Fraction SNP: 0.5150535979894343)
Successfully saved to: ./Empirical/Eigenstrat/Reichall/I3269/chr13/
Successfully loaded Data from: ./Empirical/Eigenstrat/Reichall/I3269/chr13/
Loaded Emission Model: haploid
Loaded Transition Model: model
Loaded Post Processing Model: Standard
Minimum Genetic Map: 0.0021
Maximum Genetic Map: 1.2570
Gaps bigger than 0.1 cM: 202
Maximum Gap: 1.2216 cM
Loaded Transition and Emission Matrix:
(3, 3)
(5009, 20084)
Loaded Observations:
(2, 20084)
Memory Usage: 1141.06368 mB
Reference Number: 5008
Total Log likelihood: -7323.694
Memory Usage: 1141.06368 mB
Finished Calculation State Posteriors
Saved Zero State Posterior to ./Empirical/Eigenstrat/Reichall/I3269/chr13/.
Successfully loaded for PP. from ./Empirical/Eigenstrat/Reichall/I3269/chr13/
Fraction Markers in ROH: 0.4178
Merged n=0 gaps < 0.0 M
Called n=5 ROH Blocks > 1.0 cM
Longest Block: 1.965
Successfully saved to ./Empirical/Eigenstrat/Reichall/I3269/chr13/roh.csv
Using Low-Mem Cython Linear Speed Up.
Loaded Pre Processing Model: Eigenstrat
Loading Individual: I3269

Loaded 36301 variants
Loaded 2504 individuals
HDF5 loaded from ./Data/1000Genomes/HDF5/1240kHDF5/all1240/chr14.hdf5
3 Eigenstrat Files with 5081 Individuals and 1233013 SNPs

Intersection on Positions: 36301
Nr of Matching Refs: 36301 / 36301
Full Intersection Ref/Alt Identical: 36280 / 36301
2504 / 2504 Individuals included in Reference
Extraction of 5008 Haplotypes complete
Reduced to markers called 20355 / 36280
(Fraction SNP: 0.5610529217199559)
Successfully saved to: ./Empirical/Eigenstrat/Reichall/I3269/chr14/
Successfully loaded Data from: ./Empirical/Eigenstrat/Reichall/I3269/chr14/
Loaded Emission Model: haploid
Loaded Transition Model: model
Loaded Post Processing Model: Standard
Minimum Genetic Map: 0.0184
Maximum Genetic Map: 1.2020
Gaps bigger than 0.1 cM: 179
Maximum Gap: 2.8973 cM
Loaded Transition and Emission Matrix:
(3, 3)
(5009, 20355)
Loaded Observations:
(2, 20355)
Memory Usage: 1153.667072 mB
Reference Number: 5008
Total Log likelihood: -7233.713
Memory Usage: 1153.667072 mB
Finished Calculation State Posteriors
Saved Zero State Posterior to ./Empirical/Eigenstrat/Reichall/I3269/chr14/.
Successfully loaded for PP. from ./Empirical/Eigenstrat/Reichall/I3269/chr14/
Fraction Markers in ROH: 0.4024
Merged n=0 gaps < 0.0 M
Called n=5 ROH Blocks > 1.0 cM
Longest Block: 2.161
Successfully saved to ./Empirical/Eigenstrat/Reichall/I3269/chr14/roh.csv
Using Low-Mem Cython Linear Speed Up.
Loaded Pre Processing Model: Eigenstrat
Loading Individual: I3269

Loaded 34429 variants
Loaded 2504 individuals
HDF5 loaded from ./Data/1000Genomes/HDF5/1240kHDF5/all1240/chr15.hdf5
3 Eigenstrat Files with 5081 Individuals and 1233013 SNPs

Intersection on Positions: 34429
Nr of Matching Refs: 34429 / 34429
Full Intersection Ref/Alt Identical: 34407 / 34429
2504 / 2504 Individuals included in Reference
Extraction of 5008 Haplotypes complete
Reduced to markers called 20616 / 34407
(Fraction SNP: 0.5991803993373441)
Successfully saved to: ./Empirical/Eigenstrat/Reichall/I3269/chr15/
Successfully loaded Data from: ./Empirical/Eigenstrat/Reichall/I3269/chr15/
Loaded Emission Model: haploid
Loaded Transition Model: model
Loaded Post Processing Model: Standard
Minimum Genetic Map: 0.0000
Maximum Genetic Map: 1.4134
Gaps bigger than 0.1 cM: 187
Maximum Gap: 13.7349 cM
Loaded Transition and Emission Matrix:
(3, 3)
(5009, 20616)
Loaded Observations:
(2, 20616)
Memory Usage: 1165.770752 mB
Reference Number: 5008
Total Log likelihood: -7061.006
Memory Usage: 1165.770752 mB
Finished Calculation State Posteriors
Saved Zero State Posterior to ./Empirical/Eigenstrat/Reichall/I3269/chr15/.
Successfully loaded for PP. from ./Empirical/Eigenstrat/Reichall/I3269/chr15/
Fraction Markers in ROH: 0.4761
Merged n=0 gaps < 0.0 M
Called n=7 ROH Blocks > 1.0 cM
Longest Block: 1.654
Successfully saved to ./Empirical/Eigenstrat/Reichall/I3269/chr15/roh.csv
Using Low-Mem Cython Linear Speed Up.
Loaded Pre Processing Model: Eigenstrat
Loading Individual: I3269

Loaded 34402 variants
Loaded 2504 individuals
HDF5 loaded from ./Data/1000Genomes/HDF5/1240kHDF5/all1240/chr16.hdf5
3 Eigenstrat Files with 5081 Individuals and 1233013 SNPs

Intersection on Positions: 34402
Nr of Matching Refs: 34402 / 34402
Full Intersection Ref/Alt Identical: 34375 / 34402
2504 / 2504 Individuals included in Reference
Extraction of 5008 Haplotypes complete
Reduced to markers called 22030 / 34375
(Fraction SNP: 0.6408727272727273)
Successfully saved to: ./Empirical/Eigenstrat/Reichall/I3269/chr16/
Successfully loaded Data from: ./Empirical/Eigenstrat/Reichall/I3269/chr16/
Loaded Emission Model: haploid
Loaded Transition Model: model
Loaded Post Processing Model: Standard
Minimum Genetic Map: -0.0000
Maximum Genetic Map: 1.3403
Gaps bigger than 0.1 cM: 195
Maximum Gap: 0.8476 cM
Loaded Transition and Emission Matrix:
(3, 3)
(5009, 22030)
Loaded Observations:
(2, 22030)
Memory Usage: 1229.832192 mB
Reference Number: 5008
Total Log likelihood: -8117.348
Memory Usage: 1229.832192 mB
Finished Calculation State Posteriors
Saved Zero State Posterior to ./Empirical/Eigenstrat/Reichall/I3269/chr16/.
Successfully loaded for PP. from ./Empirical/Eigenstrat/Reichall/I3269/chr16/
Fraction Markers in ROH: 0.4005
Merged n=0 gaps < 0.0 M
Called n=10 ROH Blocks > 1.0 cM
Longest Block: 2.580
Successfully saved to ./Empirical/Eigenstrat/Reichall/I3269/chr16/roh.csv
Using Low-Mem Cython Linear Speed Up.
Loaded Pre Processing Model: Eigenstrat
Loading Individual: I3269

Loaded 29314 variants
Loaded 2504 individuals
HDF5 loaded from ./Data/1000Genomes/HDF5/1240kHDF5/all1240/chr17.hdf5
3 Eigenstrat Files with 5081 Individuals and 1233013 SNPs

Intersection on Positions: 29314
Nr of Matching Refs: 29314 / 29314
Full Intersection Ref/Alt Identical: 29292 / 29314
2504 / 2504 Individuals included in Reference
Extraction of 5008 Haplotypes complete
Reduced to markers called 19456 / 29292
(Fraction SNP: 0.664208657653967)
Successfully saved to: ./Empirical/Eigenstrat/Reichall/I3269/chr17/
Successfully loaded Data from: ./Empirical/Eigenstrat/Reichall/I3269/chr17/
Loaded Emission Model: haploid
Loaded Transition Model: model
Loaded Post Processing Model: Standard
Minimum Genetic Map: 0.0002
Maximum Genetic Map: 1.2847
Gaps bigger than 0.1 cM: 182
Maximum Gap: 1.2341 cM
Loaded Transition and Emission Matrix:
(3, 3)
(5009, 19456)
Loaded Observations:
(2, 19456)
Memory Usage: 1113.2928 mB
Reference Number: 5008
Total Log likelihood: -6648.415
Memory Usage: 1113.2928 mB
Finished Calculation State Posteriors
Saved Zero State Posterior to ./Empirical/Eigenstrat/Reichall/I3269/chr17/.
Successfully loaded for PP. from ./Empirical/Eigenstrat/Reichall/I3269/chr17/
Fraction Markers in ROH: 0.4711
Merged n=0 gaps < 0.0 M
Called n=10 ROH Blocks > 1.0 cM
Longest Block: 8.774
Successfully saved to ./Empirical/Eigenstrat/Reichall/I3269/chr17/roh.csv
Using Low-Mem Cython Linear Speed Up.
Loaded Pre Processing Model: Eigenstrat
Loading Individual: I3269

Loaded 33917 variants
Loaded 2504 individuals
HDF5 loaded from ./Data/1000Genomes/HDF5/1240kHDF5/all1240/chr18.hdf5
3 Eigenstrat Files with 5081 Individuals and 1233013 SNPs

Intersection on Positions: 33917
Nr of Matching Refs: 33917 / 33917
Full Intersection Ref/Alt Identical: 33902 / 33917
2504 / 2504 Individuals included in Reference
Extraction of 5008 Haplotypes complete
Reduced to markers called 18675 / 33902
(Fraction SNP: 0.550852457082178)
Successfully saved to: ./Empirical/Eigenstrat/Reichall/I3269/chr18/
Successfully loaded Data from: ./Empirical/Eigenstrat/Reichall/I3269/chr18/
Loaded Emission Model: haploid
Loaded Transition Model: model
Loaded Post Processing Model: Standard
Minimum Genetic Map: 0.0025
Maximum Genetic Map: 1.1771
Gaps bigger than 0.1 cM: 189
Maximum Gap: 0.4827 cM
Loaded Transition and Emission Matrix:
(3, 3)
(5009, 18675)
Loaded Observations:
(2, 18675)
Memory Usage: 1077.604352 mB
Reference Number: 5008
Total Log likelihood: -6750.190
Memory Usage: 1077.604352 mB
Finished Calculation State Posteriors
Saved Zero State Posterior to ./Empirical/Eigenstrat/Reichall/I3269/chr18/.
Successfully loaded for PP. from ./Empirical/Eigenstrat/Reichall/I3269/chr18/
Fraction Markers in ROH: 0.4103
Merged n=0 gaps < 0.0 M
Called n=2 ROH Blocks > 1.0 cM
Longest Block: 2.911
Successfully saved to ./Empirical/Eigenstrat/Reichall/I3269/chr18/roh.csv
Using Low-Mem Cython Linear Speed Up.
Loaded Pre Processing Model: Eigenstrat
Loading Individual: I3269

Loaded 18460 variants
Loaded 2504 individuals
HDF5 loaded from ./Data/1000Genomes/HDF5/1240kHDF5/all1240/chr19.hdf5
3 Eigenstrat Files with 5081 Individuals and 1233013 SNPs

Intersection on Positions: 18460
Nr of Matching Refs: 18460 / 18460
Full Intersection Ref/Alt Identical: 18441 / 18460
2504 / 2504 Individuals included in Reference
Extraction of 5008 Haplotypes complete
Reduced to markers called 13032 / 18441
(Fraction SNP: 0.7066861883845779)
Successfully saved to: ./Empirical/Eigenstrat/Reichall/I3269/chr19/
Successfully loaded Data from: ./Empirical/Eigenstrat/Reichall/I3269/chr19/
Loaded Emission Model: haploid
Loaded Transition Model: model
Loaded Post Processing Model: Standard
Minimum Genetic Map: 0.0000
Maximum Genetic Map: 1.0773
Gaps bigger than 0.1 cM: 161
Maximum Gap: 0.6114 cM
Loaded Transition and Emission Matrix:
(3, 3)
(5009, 13032)
Loaded Observations:
(2, 13032)
Memory Usage: 823.840768 mB
Reference Number: 5008
Total Log likelihood: -4850.085
Memory Usage: 823.840768 mB
Finished Calculation State Posteriors
Saved Zero State Posterior to ./Empirical/Eigenstrat/Reichall/I3269/chr19/.
Successfully loaded for PP. from ./Empirical/Eigenstrat/Reichall/I3269/chr19/
Fraction Markers in ROH: 0.4198
Merged n=0 gaps < 0.0 M
Called n=8 ROH Blocks > 1.0 cM
Longest Block: 1.671
Successfully saved to ./Empirical/Eigenstrat/Reichall/I3269/chr19/roh.csv
Using Low-Mem Cython Linear Speed Up.
Loaded Pre Processing Model: Eigenstrat
Loading Individual: I3269

Loaded 29078 variants
Loaded 2504 individuals
HDF5 loaded from ./Data/1000Genomes/HDF5/1240kHDF5/all1240/chr20.hdf5
3 Eigenstrat Files with 5081 Individuals and 1233013 SNPs

Intersection on Positions: 29078
Nr of Matching Refs: 29078 / 29078
Full Intersection Ref/Alt Identical: 29053 / 29078
2504 / 2504 Individuals included in Reference
Extraction of 5008 Haplotypes complete
Reduced to markers called 18719 / 29053
(Fraction SNP: 0.6443052352596977)
Successfully saved to: ./Empirical/Eigenstrat/Reichall/I3269/chr20/
Successfully loaded Data from: ./Empirical/Eigenstrat/Reichall/I3269/chr20/
Loaded Emission Model: haploid
Loaded Transition Model: model
Loaded Post Processing Model: Standard
Minimum Genetic Map: 0.0000
Maximum Genetic Map: 1.0821
Gaps bigger than 0.1 cM: 167
Maximum Gap: 0.8977 cM
Loaded Transition and Emission Matrix:
(3, 3)
(5009, 18719)
Loaded Observations:
(2, 18719)
Memory Usage: 1079.697408 mB
Reference Number: 5008
Total Log likelihood: -6727.734
Memory Usage: 1079.697408 mB
Finished Calculation State Posteriors
Saved Zero State Posterior to ./Empirical/Eigenstrat/Reichall/I3269/chr20/.
Successfully loaded for PP. from ./Empirical/Eigenstrat/Reichall/I3269/chr20/
Fraction Markers in ROH: 0.4139
Merged n=0 gaps < 0.0 M
Called n=6 ROH Blocks > 1.0 cM
Longest Block: 2.076
Successfully saved to ./Empirical/Eigenstrat/Reichall/I3269/chr20/roh.csv
Using Low-Mem Cython Linear Speed Up.
Loaded Pre Processing Model: Eigenstrat
Loading Individual: I3269

Loaded 16038 variants
Loaded 2504 individuals
HDF5 loaded from ./Data/1000Genomes/HDF5/1240kHDF5/all1240/chr21.hdf5
3 Eigenstrat Files with 5081 Individuals and 1233013 SNPs

Intersection on Positions: 16038
Nr of Matching Refs: 16038 / 16038
Full Intersection Ref/Alt Identical: 16031 / 16038
2504 / 2504 Individuals included in Reference
Extraction of 5008 Haplotypes complete
Reduced to markers called 8945 / 16031
(Fraction SNP: 0.5579814110161562)
Successfully saved to: ./Empirical/Eigenstrat/Reichall/I3269/chr21/
Successfully loaded Data from: ./Empirical/Eigenstrat/Reichall/I3269/chr21/
Loaded Emission Model: haploid
Loaded Transition Model: model
Loaded Post Processing Model: Standard
Minimum Genetic Map: -0.0085
Maximum Genetic Map: 0.6277
Gaps bigger than 0.1 cM: 112
Maximum Gap: 1.7444 cM
Loaded Transition and Emission Matrix:
(3, 3)
(5009, 8945)
Loaded Observations:
(2, 8945)
Memory Usage: 639.381504 mB
Reference Number: 5008
Total Log likelihood: -3389.011
Memory Usage: 639.381504 mB
Finished Calculation State Posteriors
Saved Zero State Posterior to ./Empirical/Eigenstrat/Reichall/I3269/chr21/.
Successfully loaded for PP. from ./Empirical/Eigenstrat/Reichall/I3269/chr21/
Fraction Markers in ROH: 0.4246
Merged n=0 gaps < 0.0 M
Called n=3 ROH Blocks > 1.0 cM
Longest Block: 1.915
Successfully saved to ./Empirical/Eigenstrat/Reichall/I3269/chr21/roh.csv
Using Low-Mem Cython Linear Speed Up.
Loaded Pre Processing Model: Eigenstrat
Loading Individual: I3269

Loaded 15802 variants
Loaded 2504 individuals
HDF5 loaded from ./Data/1000Genomes/HDF5/1240kHDF5/all1240/chr22.hdf5
3 Eigenstrat Files with 5081 Individuals and 1233013 SNPs

Intersection on Positions: 15802
Nr of Matching Refs: 15802 / 15802
Full Intersection Ref/Alt Identical: 15793 / 15802
2504 / 2504 Individuals included in Reference
Extraction of 5008 Haplotypes complete
Reduced to markers called 11397 / 15793
(Fraction SNP: 0.7216488317609068)
Successfully saved to: ./Empirical/Eigenstrat/Reichall/I3269/chr22/
Successfully loaded Data from: ./Empirical/Eigenstrat/Reichall/I3269/chr22/
Loaded Emission Model: haploid
Loaded Transition Model: model
Loaded Post Processing Model: Standard
Minimum Genetic Map: 0.0180
Maximum Genetic Map: 0.7408
Gaps bigger than 0.1 cM: 103
Maximum Gap: 1.7129 cM
Loaded Transition and Emission Matrix:
(3, 3)
(5009, 11397)
Loaded Observations:
(2, 11397)
Memory Usage: 750.239744 mB
Reference Number: 5008
Total Log likelihood: -4160.221
Memory Usage: 750.239744 mB
Finished Calculation State Posteriors
Saved Zero State Posterior to ./Empirical/Eigenstrat/Reichall/I3269/chr22/.
Successfully loaded for PP. from ./Empirical/Eigenstrat/Reichall/I3269/chr22/
Fraction Markers in ROH: 0.4026
Merged n=0 gaps < 0.0 M
Called n=5 ROH Blocks > 1.0 cM
Longest Block: 1.853
Successfully saved to ./Empirical/Eigenstrat/Reichall/I3269/chr22/roh.csv
