Loaded 2106 / 5081 ancient Indivdiuals Anno File.
Doing Individual I7200...
Using Low-Mem Cython Linear Speed Up.
Loaded Pre Processing Model: Eigenstrat
Loading Individual: I7200

Loaded 89147 variants
Loaded 2504 individuals
HDF5 loaded from ./Data/1000Genomes/HDF5/1240kHDF5/all1240/chr1.hdf5
3 Eigenstrat Files with 5081 Individuals and 1233013 SNPs

Intersection on Positions: 89147
Nr of Matching Refs: 89147 / 89147
Full Intersection Ref/Alt Identical: 89082 / 89147
2504 / 2504 Individuals included in Reference
Extraction of 5008 Haplotypes complete
Reduced to markers called 58640 / 89082
(Fraction SNP: 0.6582699086235154)
Successfully saved to: ./Empirical/Eigenstrat/Reichall/I7200/chr1/
Successfully loaded Data from: ./Empirical/Eigenstrat/Reichall/I7200/chr1/
Loaded Emission Model: haploid
Loaded Transition Model: model
Loaded Post Processing Model: Standard
Minimum Genetic Map: 0.0201
Maximum Genetic Map: 2.8627
Gaps bigger than 0.1 cM: 349
Maximum Gap: 2.9246 cM
Loaded Transition and Emission Matrix:
(3, 3)
(5009, 58640)
Loaded Observations:
(2, 58640)
Memory Usage: 2837.946368 mB
Reference Number: 5008
Total Log likelihood: -21361.007
Memory Usage: 2838.3232 mB
Finished Calculation State Posteriors
Saved Zero State Posterior to ./Empirical/Eigenstrat/Reichall/I7200/chr1/.
Successfully loaded for PP. from ./Empirical/Eigenstrat/Reichall/I7200/chr1/
Fraction Markers in ROH: 0.3889
Merged n=0 gaps < 0.0 M
Called n=11 ROH Blocks > 1.0 cM
Longest Block: 2.394
Successfully saved to ./Empirical/Eigenstrat/Reichall/I7200/chr1/roh.csv
Using Low-Mem Cython Linear Speed Up.
Loaded Pre Processing Model: Eigenstrat
Loading Individual: I7200

Loaded 94239 variants
Loaded 2504 individuals
HDF5 loaded from ./Data/1000Genomes/HDF5/1240kHDF5/all1240/chr2.hdf5
3 Eigenstrat Files with 5081 Individuals and 1233013 SNPs

Intersection on Positions: 94239
Nr of Matching Refs: 94239 / 94239
Full Intersection Ref/Alt Identical: 94173 / 94239
2504 / 2504 Individuals included in Reference
Extraction of 5008 Haplotypes complete
Reduced to markers called 58849 / 94173
(Fraction SNP: 0.6249031038620412)
Successfully saved to: ./Empirical/Eigenstrat/Reichall/I7200/chr2/
Successfully loaded Data from: ./Empirical/Eigenstrat/Reichall/I7200/chr2/
Loaded Emission Model: haploid
Loaded Transition Model: model
Loaded Post Processing Model: Standard
Minimum Genetic Map: 0.0001
Maximum Genetic Map: 2.6883
Gaps bigger than 0.1 cM: 319
Maximum Gap: 1.8302 cM
Loaded Transition and Emission Matrix:
(3, 3)
(5009, 58849)
Loaded Observations:
(2, 58849)
Memory Usage: 2885.894144 mB
Reference Number: 5008
Total Log likelihood: -21469.692
Memory Usage: 2885.894144 mB
Finished Calculation State Posteriors
Saved Zero State Posterior to ./Empirical/Eigenstrat/Reichall/I7200/chr2/.
Successfully loaded for PP. from ./Empirical/Eigenstrat/Reichall/I7200/chr2/
Fraction Markers in ROH: 0.4037
Merged n=0 gaps < 0.0 M
Called n=10 ROH Blocks > 1.0 cM
Longest Block: 2.126
Successfully saved to ./Empirical/Eigenstrat/Reichall/I7200/chr2/roh.csv
Using Low-Mem Cython Linear Speed Up.
Loaded Pre Processing Model: Eigenstrat
Loading Individual: I7200

Loaded 77652 variants
Loaded 2504 individuals
HDF5 loaded from ./Data/1000Genomes/HDF5/1240kHDF5/all1240/chr3.hdf5
3 Eigenstrat Files with 5081 Individuals and 1233013 SNPs

Intersection on Positions: 77652
Nr of Matching Refs: 77652 / 77652
Full Intersection Ref/Alt Identical: 77601 / 77652
2504 / 2504 Individuals included in Reference
Extraction of 5008 Haplotypes complete
Reduced to markers called 47529 / 77601
(Fraction SNP: 0.6124792206286002)
Successfully saved to: ./Empirical/Eigenstrat/Reichall/I7200/chr3/
Successfully loaded Data from: ./Empirical/Eigenstrat/Reichall/I7200/chr3/
Loaded Emission Model: haploid
Loaded Transition Model: model
Loaded Post Processing Model: Standard
Minimum Genetic Map: 0.0000
Maximum Genetic Map: 2.2326
Gaps bigger than 0.1 cM: 294
Maximum Gap: 0.3910 cM
Loaded Transition and Emission Matrix:
(3, 3)
(5009, 47529)
Loaded Observations:
(2, 47529)
Memory Usage: 2375.917568 mB
Reference Number: 5008
Total Log likelihood: -17252.268
Memory Usage: 2375.917568 mB
Finished Calculation State Posteriors
Saved Zero State Posterior to ./Empirical/Eigenstrat/Reichall/I7200/chr3/.
Successfully loaded for PP. from ./Empirical/Eigenstrat/Reichall/I7200/chr3/
Fraction Markers in ROH: 0.4014
Merged n=0 gaps < 0.0 M
Called n=6 ROH Blocks > 1.0 cM
Longest Block: 1.756
Successfully saved to ./Empirical/Eigenstrat/Reichall/I7200/chr3/roh.csv
Using Low-Mem Cython Linear Speed Up.
Loaded Pre Processing Model: Eigenstrat
Loading Individual: I7200

Loaded 68759 variants
Loaded 2504 individuals
HDF5 loaded from ./Data/1000Genomes/HDF5/1240kHDF5/all1240/chr4.hdf5
3 Eigenstrat Files with 5081 Individuals and 1233013 SNPs

Intersection on Positions: 68759
Nr of Matching Refs: 68759 / 68759
Full Intersection Ref/Alt Identical: 68720 / 68759
2504 / 2504 Individuals included in Reference
Extraction of 5008 Haplotypes complete
Reduced to markers called 38803 / 68720
(Fraction SNP: 0.5646536670547148)
Successfully saved to: ./Empirical/Eigenstrat/Reichall/I7200/chr4/
Successfully loaded Data from: ./Empirical/Eigenstrat/Reichall/I7200/chr4/
Loaded Emission Model: haploid
Loaded Transition Model: model
Loaded Post Processing Model: Standard
Minimum Genetic Map: 0.0034
Maximum Genetic Map: 2.1454
Gaps bigger than 0.1 cM: 292
Maximum Gap: 2.0422 cM
Loaded Transition and Emission Matrix:
(3, 3)
(5009, 38803)
Loaded Observations:
(2, 38803)
Memory Usage: 1982.980096 mB
Reference Number: 5008
Total Log likelihood: -13757.275
Memory Usage: 1982.980096 mB
Finished Calculation State Posteriors
Saved Zero State Posterior to ./Empirical/Eigenstrat/Reichall/I7200/chr4/.
Successfully loaded for PP. from ./Empirical/Eigenstrat/Reichall/I7200/chr4/
Fraction Markers in ROH: 0.4149
Merged n=0 gaps < 0.0 M
Called n=10 ROH Blocks > 1.0 cM
Longest Block: 4.664
Successfully saved to ./Empirical/Eigenstrat/Reichall/I7200/chr4/roh.csv
Using Low-Mem Cython Linear Speed Up.
Loaded Pre Processing Model: Eigenstrat
Loading Individual: I7200

Loaded 69399 variants
Loaded 2504 individuals
HDF5 loaded from ./Data/1000Genomes/HDF5/1240kHDF5/all1240/chr5.hdf5
3 Eigenstrat Files with 5081 Individuals and 1233013 SNPs

Intersection on Positions: 69399
Nr of Matching Refs: 69399 / 69399
Full Intersection Ref/Alt Identical: 69354 / 69399
2504 / 2504 Individuals included in Reference
Extraction of 5008 Haplotypes complete
Reduced to markers called 42639 / 69354
(Fraction SNP: 0.614802318539666)
Successfully saved to: ./Empirical/Eigenstrat/Reichall/I7200/chr5/
Successfully loaded Data from: ./Empirical/Eigenstrat/Reichall/I7200/chr5/
Loaded Emission Model: haploid
Loaded Transition Model: model
Loaded Post Processing Model: Standard
Minimum Genetic Map: 0.0004
Maximum Genetic Map: 2.0409
Gaps bigger than 0.1 cM: 281
Maximum Gap: 1.1070 cM
Loaded Transition and Emission Matrix:
(3, 3)
(5009, 42639)
Loaded Observations:
(2, 42639)
Memory Usage: 2156.081152 mB
Reference Number: 5008
Total Log likelihood: -15424.861
Memory Usage: 2156.081152 mB
Finished Calculation State Posteriors
Saved Zero State Posterior to ./Empirical/Eigenstrat/Reichall/I7200/chr5/.
Successfully loaded for PP. from ./Empirical/Eigenstrat/Reichall/I7200/chr5/
Fraction Markers in ROH: 0.4003
Merged n=0 gaps < 0.0 M
Called n=5 ROH Blocks > 1.0 cM
Longest Block: 1.586
Successfully saved to ./Empirical/Eigenstrat/Reichall/I7200/chr5/roh.csv
Using Low-Mem Cython Linear Speed Up.
Loaded Pre Processing Model: Eigenstrat
Loading Individual: I7200

Loaded 75870 variants
Loaded 2504 individuals
HDF5 loaded from ./Data/1000Genomes/HDF5/1240kHDF5/all1240/chr6.hdf5
3 Eigenstrat Files with 5081 Individuals and 1233013 SNPs

Intersection on Positions: 75870
Nr of Matching Refs: 75870 / 75870
Full Intersection Ref/Alt Identical: 75816 / 75870
2504 / 2504 Individuals included in Reference
Extraction of 5008 Haplotypes complete
Reduced to markers called 46790 / 75816
(Fraction SNP: 0.6171520523372376)
Successfully saved to: ./Empirical/Eigenstrat/Reichall/I7200/chr6/
Successfully loaded Data from: ./Empirical/Eigenstrat/Reichall/I7200/chr6/
Loaded Emission Model: haploid
Loaded Transition Model: model
Loaded Post Processing Model: Standard
Minimum Genetic Map: 0.0035
Maximum Genetic Map: 1.9203
Gaps bigger than 0.1 cM: 226
Maximum Gap: 0.5122 cM
Loaded Transition and Emission Matrix:
(3, 3)
(5009, 46790)
Loaded Observations:
(2, 46790)
Memory Usage: 2344.148992 mB
Reference Number: 5008
Total Log likelihood: -16890.638
Memory Usage: 2344.148992 mB
Finished Calculation State Posteriors
Saved Zero State Posterior to ./Empirical/Eigenstrat/Reichall/I7200/chr6/.
Successfully loaded for PP. from ./Empirical/Eigenstrat/Reichall/I7200/chr6/
Fraction Markers in ROH: 0.4132
Merged n=0 gaps < 0.0 M
Called n=7 ROH Blocks > 1.0 cM
Longest Block: 2.881
Successfully saved to ./Empirical/Eigenstrat/Reichall/I7200/chr6/roh.csv
Using Low-Mem Cython Linear Speed Up.
Loaded Pre Processing Model: Eigenstrat
Loading Individual: I7200

Loaded 59890 variants
Loaded 2504 individuals
HDF5 loaded from ./Data/1000Genomes/HDF5/1240kHDF5/all1240/chr7.hdf5
3 Eigenstrat Files with 5081 Individuals and 1233013 SNPs

Intersection on Positions: 59890
Nr of Matching Refs: 59890 / 59890
Full Intersection Ref/Alt Identical: 59836 / 59890
2504 / 2504 Individuals included in Reference
Extraction of 5008 Haplotypes complete
Reduced to markers called 36824 / 59836
(Fraction SNP: 0.6154154689484591)
Successfully saved to: ./Empirical/Eigenstrat/Reichall/I7200/chr7/
Successfully loaded Data from: ./Empirical/Eigenstrat/Reichall/I7200/chr7/
Loaded Emission Model: haploid
Loaded Transition Model: model
Loaded Post Processing Model: Standard
Minimum Genetic Map: 0.0000
Maximum Genetic Map: 1.8715
Gaps bigger than 0.1 cM: 259
Maximum Gap: 0.8416 cM
Loaded Transition and Emission Matrix:
(3, 3)
(5009, 36824)
Loaded Observations:
(2, 36824)
Memory Usage: 1893.793792 mB
Reference Number: 5008
Total Log likelihood: -13510.624
Memory Usage: 1893.810176 mB
Finished Calculation State Posteriors
Saved Zero State Posterior to ./Empirical/Eigenstrat/Reichall/I7200/chr7/.
Successfully loaded for PP. from ./Empirical/Eigenstrat/Reichall/I7200/chr7/
Fraction Markers in ROH: 0.3880
Merged n=0 gaps < 0.0 M
Called n=5 ROH Blocks > 1.0 cM
Longest Block: 1.112
Successfully saved to ./Empirical/Eigenstrat/Reichall/I7200/chr7/roh.csv
Using Low-Mem Cython Linear Speed Up.
Loaded Pre Processing Model: Eigenstrat
Loading Individual: I7200

Loaded 61133 variants
Loaded 2504 individuals
HDF5 loaded from ./Data/1000Genomes/HDF5/1240kHDF5/all1240/chr8.hdf5
3 Eigenstrat Files with 5081 Individuals and 1233013 SNPs

Intersection on Positions: 61133
Nr of Matching Refs: 61133 / 61133
Full Intersection Ref/Alt Identical: 61091 / 61133
2504 / 2504 Individuals included in Reference
Extraction of 5008 Haplotypes complete
Reduced to markers called 38332 / 61091
(Fraction SNP: 0.6274573996169649)
Successfully saved to: ./Empirical/Eigenstrat/Reichall/I7200/chr8/
Successfully loaded Data from: ./Empirical/Eigenstrat/Reichall/I7200/chr8/
Loaded Emission Model: haploid
Loaded Transition Model: model
Loaded Post Processing Model: Standard
Minimum Genetic Map: 0.0000
Maximum Genetic Map: 1.6800
Gaps bigger than 0.1 cM: 188
Maximum Gap: 1.8932 cM
Loaded Transition and Emission Matrix:
(3, 3)
(5009, 38332)
Loaded Observations:
(2, 38332)
Memory Usage: 1961.844736 mB
Reference Number: 5008
Total Log likelihood: -14140.105
Memory Usage: 1961.844736 mB
Finished Calculation State Posteriors
Saved Zero State Posterior to ./Empirical/Eigenstrat/Reichall/I7200/chr8/.
Successfully loaded for PP. from ./Empirical/Eigenstrat/Reichall/I7200/chr8/
Fraction Markers in ROH: 0.3841
Merged n=0 gaps < 0.0 M
Called n=7 ROH Blocks > 1.0 cM
Longest Block: 1.775
Successfully saved to ./Empirical/Eigenstrat/Reichall/I7200/chr8/roh.csv
Using Low-Mem Cython Linear Speed Up.
Loaded Pre Processing Model: Eigenstrat
Loading Individual: I7200

Loaded 50668 variants
Loaded 2504 individuals
HDF5 loaded from ./Data/1000Genomes/HDF5/1240kHDF5/all1240/chr9.hdf5
3 Eigenstrat Files with 5081 Individuals and 1233013 SNPs

Intersection on Positions: 50668
Nr of Matching Refs: 50668 / 50668
Full Intersection Ref/Alt Identical: 50629 / 50668
2504 / 2504 Individuals included in Reference
Extraction of 5008 Haplotypes complete
Reduced to markers called 32408 / 50629
(Fraction SNP: 0.6401074483003812)
Successfully saved to: ./Empirical/Eigenstrat/Reichall/I7200/chr9/
Successfully loaded Data from: ./Empirical/Eigenstrat/Reichall/I7200/chr9/
Loaded Emission Model: haploid
Loaded Transition Model: model
Loaded Post Processing Model: Standard
Minimum Genetic Map: 0.0016
Maximum Genetic Map: 1.6630
Gaps bigger than 0.1 cM: 245
Maximum Gap: 1.8819 cM
Loaded Transition and Emission Matrix:
(3, 3)
(5009, 32408)
Loaded Observations:
(2, 32408)
Memory Usage: 1695.158272 mB
Reference Number: 5008
Total Log likelihood: -11851.687
Memory Usage: 1695.158272 mB
Finished Calculation State Posteriors
Saved Zero State Posterior to ./Empirical/Eigenstrat/Reichall/I7200/chr9/.
Successfully loaded for PP. from ./Empirical/Eigenstrat/Reichall/I7200/chr9/
Fraction Markers in ROH: 0.4342
Merged n=0 gaps < 0.0 M
Called n=8 ROH Blocks > 1.0 cM
Longest Block: 2.506
Successfully saved to ./Empirical/Eigenstrat/Reichall/I7200/chr9/roh.csv
Using Low-Mem Cython Linear Speed Up.
Loaded Pre Processing Model: Eigenstrat
Loading Individual: I7200

Loaded 58804 variants
Loaded 2504 individuals
HDF5 loaded from ./Data/1000Genomes/HDF5/1240kHDF5/all1240/chr10.hdf5
3 Eigenstrat Files with 5081 Individuals and 1233013 SNPs

Intersection on Positions: 58804
Nr of Matching Refs: 58804 / 58804
Full Intersection Ref/Alt Identical: 58763 / 58804
2504 / 2504 Individuals included in Reference
Extraction of 5008 Haplotypes complete
Reduced to markers called 38778 / 58763
(Fraction SNP: 0.6599050422885149)
Successfully saved to: ./Empirical/Eigenstrat/Reichall/I7200/chr10/
Successfully loaded Data from: ./Empirical/Eigenstrat/Reichall/I7200/chr10/
Loaded Emission Model: haploid
Loaded Transition Model: model
Loaded Post Processing Model: Standard
Minimum Genetic Map: 0.0001
Maximum Genetic Map: 1.8092
Gaps bigger than 0.1 cM: 219
Maximum Gap: 2.0338 cM
Loaded Transition and Emission Matrix:
(3, 3)
(5009, 38778)
Loaded Observations:
(2, 38778)
Memory Usage: 1982.857216 mB
Reference Number: 5008
Total Log likelihood: -13801.086
Memory Usage: 1982.857216 mB
Finished Calculation State Posteriors
Saved Zero State Posterior to ./Empirical/Eigenstrat/Reichall/I7200/chr10/.
Successfully loaded for PP. from ./Empirical/Eigenstrat/Reichall/I7200/chr10/
Fraction Markers in ROH: 0.4317
Merged n=0 gaps < 0.0 M
Called n=6 ROH Blocks > 1.0 cM
Longest Block: 2.349
Successfully saved to ./Empirical/Eigenstrat/Reichall/I7200/chr10/roh.csv
Using Low-Mem Cython Linear Speed Up.
Loaded Pre Processing Model: Eigenstrat
Loading Individual: I7200

Loaded 54833 variants
Loaded 2504 individuals
HDF5 loaded from ./Data/1000Genomes/HDF5/1240kHDF5/all1240/chr11.hdf5
3 Eigenstrat Files with 5081 Individuals and 1233013 SNPs

Intersection on Positions: 54833
Nr of Matching Refs: 54833 / 54833
Full Intersection Ref/Alt Identical: 54796 / 54833
2504 / 2504 Individuals included in Reference
Extraction of 5008 Haplotypes complete
Reduced to markers called 35550 / 54796
(Fraction SNP: 0.6487699832104533)
Successfully saved to: ./Empirical/Eigenstrat/Reichall/I7200/chr11/
Successfully loaded Data from: ./Empirical/Eigenstrat/Reichall/I7200/chr11/
Loaded Emission Model: haploid
Loaded Transition Model: model
Loaded Post Processing Model: Standard
Minimum Genetic Map: 0.0000
Maximum Genetic Map: 1.5822
Gaps bigger than 0.1 cM: 201
Maximum Gap: 0.5373 cM
Loaded Transition and Emission Matrix:
(3, 3)
(5009, 35550)
Loaded Observations:
(2, 35550)
Memory Usage: 1837.40416 mB
Reference Number: 5008
Total Log likelihood: -13123.780
Memory Usage: 1837.40416 mB
Finished Calculation State Posteriors
Saved Zero State Posterior to ./Empirical/Eigenstrat/Reichall/I7200/chr11/.
Successfully loaded for PP. from ./Empirical/Eigenstrat/Reichall/I7200/chr11/
Fraction Markers in ROH: 0.3913
Merged n=0 gaps < 0.0 M
Called n=5 ROH Blocks > 1.0 cM
Longest Block: 1.285
Successfully saved to ./Empirical/Eigenstrat/Reichall/I7200/chr11/roh.csv
Using Low-Mem Cython Linear Speed Up.
Loaded Pre Processing Model: Eigenstrat
Loading Individual: I7200

Loaded 53911 variants
Loaded 2504 individuals
HDF5 loaded from ./Data/1000Genomes/HDF5/1240kHDF5/all1240/chr12.hdf5
3 Eigenstrat Files with 5081 Individuals and 1233013 SNPs

Intersection on Positions: 53911
Nr of Matching Refs: 53911 / 53911
Full Intersection Ref/Alt Identical: 53884 / 53911
2504 / 2504 Individuals included in Reference
Extraction of 5008 Haplotypes complete
Reduced to markers called 33807 / 53884
(Fraction SNP: 0.6274033108158266)
Successfully saved to: ./Empirical/Eigenstrat/Reichall/I7200/chr12/
Successfully loaded Data from: ./Empirical/Eigenstrat/Reichall/I7200/chr12/
Loaded Emission Model: haploid
Loaded Transition Model: model
Loaded Post Processing Model: Standard
Minimum Genetic Map: 0.0009
Maximum Genetic Map: 1.7468
Gaps bigger than 0.1 cM: 242
Maximum Gap: 1.1095 cM
Loaded Transition and Emission Matrix:
(3, 3)
(5009, 33807)
Loaded Observations:
(2, 33807)
Memory Usage: 1758.097408 mB
Reference Number: 5008
Total Log likelihood: -12106.668
Memory Usage: 1758.097408 mB
Finished Calculation State Posteriors
Saved Zero State Posterior to ./Empirical/Eigenstrat/Reichall/I7200/chr12/.
Successfully loaded for PP. from ./Empirical/Eigenstrat/Reichall/I7200/chr12/
Fraction Markers in ROH: 0.3949
Merged n=0 gaps < 0.0 M
Called n=5 ROH Blocks > 1.0 cM
Longest Block: 2.690
Successfully saved to ./Empirical/Eigenstrat/Reichall/I7200/chr12/roh.csv
Using Low-Mem Cython Linear Speed Up.
Loaded Pre Processing Model: Eigenstrat
Loading Individual: I7200

Loaded 39018 variants
Loaded 2504 individuals
HDF5 loaded from ./Data/1000Genomes/HDF5/1240kHDF5/all1240/chr13.hdf5
3 Eigenstrat Files with 5081 Individuals and 1233013 SNPs

Intersection on Positions: 39018
Nr of Matching Refs: 39018 / 39018
Full Intersection Ref/Alt Identical: 38994 / 39018
2504 / 2504 Individuals included in Reference
Extraction of 5008 Haplotypes complete
Reduced to markers called 22688 / 38994
(Fraction SNP: 0.5818331025285941)
Successfully saved to: ./Empirical/Eigenstrat/Reichall/I7200/chr13/
Successfully loaded Data from: ./Empirical/Eigenstrat/Reichall/I7200/chr13/
Loaded Emission Model: haploid
Loaded Transition Model: model
Loaded Post Processing Model: Standard
Minimum Genetic Map: 0.0021
Maximum Genetic Map: 1.2570
Gaps bigger than 0.1 cM: 187
Maximum Gap: 1.2216 cM
Loaded Transition and Emission Matrix:
(3, 3)
(5009, 22688)
Loaded Observations:
(2, 22688)
Memory Usage: 1257.517056 mB
Reference Number: 5008
Total Log likelihood: -8412.968
Memory Usage: 1257.517056 mB
Finished Calculation State Posteriors
Saved Zero State Posterior to ./Empirical/Eigenstrat/Reichall/I7200/chr13/.
Successfully loaded for PP. from ./Empirical/Eigenstrat/Reichall/I7200/chr13/
Fraction Markers in ROH: 0.4004
Merged n=0 gaps < 0.0 M
Called n=4 ROH Blocks > 1.0 cM
Longest Block: 1.371
Successfully saved to ./Empirical/Eigenstrat/Reichall/I7200/chr13/roh.csv
Using Low-Mem Cython Linear Speed Up.
Loaded Pre Processing Model: Eigenstrat
Loading Individual: I7200

Loaded 36301 variants
Loaded 2504 individuals
HDF5 loaded from ./Data/1000Genomes/HDF5/1240kHDF5/all1240/chr14.hdf5
3 Eigenstrat Files with 5081 Individuals and 1233013 SNPs

Intersection on Positions: 36301
Nr of Matching Refs: 36301 / 36301
Full Intersection Ref/Alt Identical: 36280 / 36301
2504 / 2504 Individuals included in Reference
Extraction of 5008 Haplotypes complete
Reduced to markers called 22987 / 36280
(Fraction SNP: 0.6335997794928335)
Successfully saved to: ./Empirical/Eigenstrat/Reichall/I7200/chr14/
Successfully loaded Data from: ./Empirical/Eigenstrat/Reichall/I7200/chr14/
Loaded Emission Model: haploid
Loaded Transition Model: model
Loaded Post Processing Model: Standard
Minimum Genetic Map: 0.0161
Maximum Genetic Map: 1.2020
Gaps bigger than 0.1 cM: 166
Maximum Gap: 2.8973 cM
Loaded Transition and Emission Matrix:
(3, 3)
(5009, 22987)
Loaded Observations:
(2, 22987)
Memory Usage: 1271.099392 mB
Reference Number: 5008
Total Log likelihood: -8361.401
Memory Usage: 1271.099392 mB
Finished Calculation State Posteriors
Saved Zero State Posterior to ./Empirical/Eigenstrat/Reichall/I7200/chr14/.
Successfully loaded for PP. from ./Empirical/Eigenstrat/Reichall/I7200/chr14/
Fraction Markers in ROH: 0.4075
Merged n=0 gaps < 0.0 M
Called n=6 ROH Blocks > 1.0 cM
Longest Block: 2.869
Successfully saved to ./Empirical/Eigenstrat/Reichall/I7200/chr14/roh.csv
Using Low-Mem Cython Linear Speed Up.
Loaded Pre Processing Model: Eigenstrat
Loading Individual: I7200

Loaded 34429 variants
Loaded 2504 individuals
HDF5 loaded from ./Data/1000Genomes/HDF5/1240kHDF5/all1240/chr15.hdf5
3 Eigenstrat Files with 5081 Individuals and 1233013 SNPs

Intersection on Positions: 34429
Nr of Matching Refs: 34429 / 34429
Full Intersection Ref/Alt Identical: 34407 / 34429
2504 / 2504 Individuals included in Reference
Extraction of 5008 Haplotypes complete
Reduced to markers called 22969 / 34407
(Fraction SNP: 0.6675676461185224)
Successfully saved to: ./Empirical/Eigenstrat/Reichall/I7200/chr15/
Successfully loaded Data from: ./Empirical/Eigenstrat/Reichall/I7200/chr15/
Loaded Emission Model: haploid
Loaded Transition Model: model
Loaded Post Processing Model: Standard
Minimum Genetic Map: 0.0000
Maximum Genetic Map: 1.4134
Gaps bigger than 0.1 cM: 173
Maximum Gap: 11.6609 cM
Loaded Transition and Emission Matrix:
(3, 3)
(5009, 22969)
Loaded Observations:
(2, 22969)
Memory Usage: 1270.882304 mB
Reference Number: 5008
Total Log likelihood: -8381.307
Memory Usage: 1270.882304 mB
Finished Calculation State Posteriors
Saved Zero State Posterior to ./Empirical/Eigenstrat/Reichall/I7200/chr15/.
Successfully loaded for PP. from ./Empirical/Eigenstrat/Reichall/I7200/chr15/
Fraction Markers in ROH: 0.3842
Merged n=0 gaps < 0.0 M
Called n=4 ROH Blocks > 1.0 cM
Longest Block: 1.218
Successfully saved to ./Empirical/Eigenstrat/Reichall/I7200/chr15/roh.csv
Using Low-Mem Cython Linear Speed Up.
Loaded Pre Processing Model: Eigenstrat
Loading Individual: I7200

Loaded 34402 variants
Loaded 2504 individuals
HDF5 loaded from ./Data/1000Genomes/HDF5/1240kHDF5/all1240/chr16.hdf5
3 Eigenstrat Files with 5081 Individuals and 1233013 SNPs

Intersection on Positions: 34402
Nr of Matching Refs: 34402 / 34402
Full Intersection Ref/Alt Identical: 34375 / 34402
2504 / 2504 Individuals included in Reference
Extraction of 5008 Haplotypes complete
Reduced to markers called 24380 / 34375
(Fraction SNP: 0.7092363636363637)
Successfully saved to: ./Empirical/Eigenstrat/Reichall/I7200/chr16/
Successfully loaded Data from: ./Empirical/Eigenstrat/Reichall/I7200/chr16/
Loaded Emission Model: haploid
Loaded Transition Model: model
Loaded Post Processing Model: Standard
Minimum Genetic Map: -0.0000
Maximum Genetic Map: 1.3403
Gaps bigger than 0.1 cM: 190
Maximum Gap: 0.8458 cM
Loaded Transition and Emission Matrix:
(3, 3)
(5009, 24380)
Loaded Observations:
(2, 24380)
Memory Usage: 1334.542336 mB
Reference Number: 5008
Total Log likelihood: -9153.396
Memory Usage: 1334.542336 mB
Finished Calculation State Posteriors
Saved Zero State Posterior to ./Empirical/Eigenstrat/Reichall/I7200/chr16/.
Successfully loaded for PP. from ./Empirical/Eigenstrat/Reichall/I7200/chr16/
Fraction Markers in ROH: 0.3593
Merged n=0 gaps < 0.0 M
Called n=5 ROH Blocks > 1.0 cM
Longest Block: 1.578
Successfully saved to ./Empirical/Eigenstrat/Reichall/I7200/chr16/roh.csv
Using Low-Mem Cython Linear Speed Up.
Loaded Pre Processing Model: Eigenstrat
Loading Individual: I7200

Loaded 29314 variants
Loaded 2504 individuals
HDF5 loaded from ./Data/1000Genomes/HDF5/1240kHDF5/all1240/chr17.hdf5
3 Eigenstrat Files with 5081 Individuals and 1233013 SNPs

Intersection on Positions: 29314
Nr of Matching Refs: 29314 / 29314
Full Intersection Ref/Alt Identical: 29292 / 29314
2504 / 2504 Individuals included in Reference
Extraction of 5008 Haplotypes complete
Reduced to markers called 21541 / 29292
(Fraction SNP: 0.7353885019800628)
Successfully saved to: ./Empirical/Eigenstrat/Reichall/I7200/chr17/
Successfully loaded Data from: ./Empirical/Eigenstrat/Reichall/I7200/chr17/
Loaded Emission Model: haploid
Loaded Transition Model: model
Loaded Post Processing Model: Standard
Minimum Genetic Map: -0.0003
Maximum Genetic Map: 1.2847
Gaps bigger than 0.1 cM: 159
Maximum Gap: 1.2341 cM
Loaded Transition and Emission Matrix:
(3, 3)
(5009, 21541)
Loaded Observations:
(2, 21541)
Memory Usage: 1206.31296 mB
Reference Number: 5008
Total Log likelihood: -7813.795
Memory Usage: 1206.31296 mB
Finished Calculation State Posteriors
Saved Zero State Posterior to ./Empirical/Eigenstrat/Reichall/I7200/chr17/.
Successfully loaded for PP. from ./Empirical/Eigenstrat/Reichall/I7200/chr17/
Fraction Markers in ROH: 0.4412
Merged n=0 gaps < 0.0 M
Called n=10 ROH Blocks > 1.0 cM
Longest Block: 1.876
Successfully saved to ./Empirical/Eigenstrat/Reichall/I7200/chr17/roh.csv
Using Low-Mem Cython Linear Speed Up.
Loaded Pre Processing Model: Eigenstrat
Loading Individual: I7200

Loaded 33917 variants
Loaded 2504 individuals
HDF5 loaded from ./Data/1000Genomes/HDF5/1240kHDF5/all1240/chr18.hdf5
3 Eigenstrat Files with 5081 Individuals and 1233013 SNPs

Intersection on Positions: 33917
Nr of Matching Refs: 33917 / 33917
Full Intersection Ref/Alt Identical: 33902 / 33917
2504 / 2504 Individuals included in Reference
Extraction of 5008 Haplotypes complete
Reduced to markers called 20972 / 33902
(Fraction SNP: 0.6186065718836646)
Successfully saved to: ./Empirical/Eigenstrat/Reichall/I7200/chr18/
Successfully loaded Data from: ./Empirical/Eigenstrat/Reichall/I7200/chr18/
Loaded Emission Model: haploid
Loaded Transition Model: model
Loaded Post Processing Model: Standard
Minimum Genetic Map: 0.0025
Maximum Genetic Map: 1.1771
Gaps bigger than 0.1 cM: 176
Maximum Gap: 0.4827 cM
Loaded Transition and Emission Matrix:
(3, 3)
(5009, 20972)
Loaded Observations:
(2, 20972)
Memory Usage: 1180.700672 mB
Reference Number: 5008
Total Log likelihood: -7449.013
Memory Usage: 1180.700672 mB
Finished Calculation State Posteriors
Saved Zero State Posterior to ./Empirical/Eigenstrat/Reichall/I7200/chr18/.
Successfully loaded for PP. from ./Empirical/Eigenstrat/Reichall/I7200/chr18/
Fraction Markers in ROH: 0.4353
Merged n=0 gaps < 0.0 M
Called n=6 ROH Blocks > 1.0 cM
Longest Block: 2.122
Successfully saved to ./Empirical/Eigenstrat/Reichall/I7200/chr18/roh.csv
Using Low-Mem Cython Linear Speed Up.
Loaded Pre Processing Model: Eigenstrat
Loading Individual: I7200

Loaded 18460 variants
Loaded 2504 individuals
HDF5 loaded from ./Data/1000Genomes/HDF5/1240kHDF5/all1240/chr19.hdf5
3 Eigenstrat Files with 5081 Individuals and 1233013 SNPs

Intersection on Positions: 18460
Nr of Matching Refs: 18460 / 18460
Full Intersection Ref/Alt Identical: 18441 / 18460
2504 / 2504 Individuals included in Reference
Extraction of 5008 Haplotypes complete
Reduced to markers called 14254 / 18441
(Fraction SNP: 0.7729515752941815)
Successfully saved to: ./Empirical/Eigenstrat/Reichall/I7200/chr19/
Successfully loaded Data from: ./Empirical/Eigenstrat/Reichall/I7200/chr19/
Loaded Emission Model: haploid
Loaded Transition Model: model
Loaded Post Processing Model: Standard
Minimum Genetic Map: 0.0000
Maximum Genetic Map: 1.0773
Gaps bigger than 0.1 cM: 171
Maximum Gap: 0.5964 cM
Loaded Transition and Emission Matrix:
(3, 3)
(5009, 14254)
Loaded Observations:
(2, 14254)
Memory Usage: 877.154304 mB
Reference Number: 5008
Total Log likelihood: -5537.944
Memory Usage: 877.154304 mB
Finished Calculation State Posteriors
Saved Zero State Posterior to ./Empirical/Eigenstrat/Reichall/I7200/chr19/.
Successfully loaded for PP. from ./Empirical/Eigenstrat/Reichall/I7200/chr19/
Fraction Markers in ROH: 0.3760
Merged n=0 gaps < 0.0 M
Called n=6 ROH Blocks > 1.0 cM
Longest Block: 2.716
Successfully saved to ./Empirical/Eigenstrat/Reichall/I7200/chr19/roh.csv
Using Low-Mem Cython Linear Speed Up.
Loaded Pre Processing Model: Eigenstrat
Loading Individual: I7200

Loaded 29078 variants
Loaded 2504 individuals
HDF5 loaded from ./Data/1000Genomes/HDF5/1240kHDF5/all1240/chr20.hdf5
3 Eigenstrat Files with 5081 Individuals and 1233013 SNPs

Intersection on Positions: 29078
Nr of Matching Refs: 29078 / 29078
Full Intersection Ref/Alt Identical: 29053 / 29078
2504 / 2504 Individuals included in Reference
Extraction of 5008 Haplotypes complete
Reduced to markers called 20652 / 29053
(Fraction SNP: 0.7108388118266616)
Successfully saved to: ./Empirical/Eigenstrat/Reichall/I7200/chr20/
Successfully loaded Data from: ./Empirical/Eigenstrat/Reichall/I7200/chr20/
Loaded Emission Model: haploid
Loaded Transition Model: model
Loaded Post Processing Model: Standard
Minimum Genetic Map: 0.0000
Maximum Genetic Map: 1.0821
Gaps bigger than 0.1 cM: 152
Maximum Gap: 0.4744 cM
Loaded Transition and Emission Matrix:
(3, 3)
(5009, 20652)
Loaded Observations:
(2, 20652)
Memory Usage: 1166.106624 mB
Reference Number: 5008
Total Log likelihood: -7779.901
Memory Usage: 1166.106624 mB
Finished Calculation State Posteriors
Saved Zero State Posterior to ./Empirical/Eigenstrat/Reichall/I7200/chr20/.
Successfully loaded for PP. from ./Empirical/Eigenstrat/Reichall/I7200/chr20/
Fraction Markers in ROH: 0.3823
Merged n=0 gaps < 0.0 M
Called n=4 ROH Blocks > 1.0 cM
Longest Block: 1.678
Successfully saved to ./Empirical/Eigenstrat/Reichall/I7200/chr20/roh.csv
Using Low-Mem Cython Linear Speed Up.
Loaded Pre Processing Model: Eigenstrat
Loading Individual: I7200

Loaded 16038 variants
Loaded 2504 individuals
HDF5 loaded from ./Data/1000Genomes/HDF5/1240kHDF5/all1240/chr21.hdf5
3 Eigenstrat Files with 5081 Individuals and 1233013 SNPs

Intersection on Positions: 16038
Nr of Matching Refs: 16038 / 16038
Full Intersection Ref/Alt Identical: 16031 / 16038
2504 / 2504 Individuals included in Reference
Extraction of 5008 Haplotypes complete
Reduced to markers called 10133 / 16031
(Fraction SNP: 0.6320878298297049)
Successfully saved to: ./Empirical/Eigenstrat/Reichall/I7200/chr21/
Successfully loaded Data from: ./Empirical/Eigenstrat/Reichall/I7200/chr21/
Loaded Emission Model: haploid
Loaded Transition Model: model
Loaded Post Processing Model: Standard
Minimum Genetic Map: -0.0085
Maximum Genetic Map: 0.6277
Gaps bigger than 0.1 cM: 107
Maximum Gap: 1.7201 cM
Loaded Transition and Emission Matrix:
(3, 3)
(5009, 10133)
Loaded Observations:
(2, 10133)
Memory Usage: 694.788096 mB
Reference Number: 5008
Total Log likelihood: -3870.239
Memory Usage: 694.505472 mB
Finished Calculation State Posteriors
Saved Zero State Posterior to ./Empirical/Eigenstrat/Reichall/I7200/chr21/.
Successfully loaded for PP. from ./Empirical/Eigenstrat/Reichall/I7200/chr21/
Fraction Markers in ROH: 0.3978
Merged n=0 gaps < 0.0 M
Called n=3 ROH Blocks > 1.0 cM
Longest Block: 1.376
Successfully saved to ./Empirical/Eigenstrat/Reichall/I7200/chr21/roh.csv
Using Low-Mem Cython Linear Speed Up.
Loaded Pre Processing Model: Eigenstrat
Loading Individual: I7200

Loaded 15802 variants
Loaded 2504 individuals
HDF5 loaded from ./Data/1000Genomes/HDF5/1240kHDF5/all1240/chr22.hdf5
3 Eigenstrat Files with 5081 Individuals and 1233013 SNPs

Intersection on Positions: 15802
Nr of Matching Refs: 15802 / 15802
Full Intersection Ref/Alt Identical: 15793 / 15802
2504 / 2504 Individuals included in Reference
Extraction of 5008 Haplotypes complete
Reduced to markers called 12410 / 15793
(Fraction SNP: 0.7857911733046287)
Successfully saved to: ./Empirical/Eigenstrat/Reichall/I7200/chr22/
Successfully loaded Data from: ./Empirical/Eigenstrat/Reichall/I7200/chr22/
Loaded Emission Model: haploid
Loaded Transition Model: model
Loaded Post Processing Model: Standard
Minimum Genetic Map: 0.0171
Maximum Genetic Map: 0.7408
Gaps bigger than 0.1 cM: 92
Maximum Gap: 1.6949 cM
Loaded Transition and Emission Matrix:
(3, 3)
(5009, 12410)
Loaded Observations:
(2, 12410)
Memory Usage: 797.986816 mB
Reference Number: 5008
Total Log likelihood: -4841.302
Memory Usage: 797.986816 mB
Finished Calculation State Posteriors
Saved Zero State Posterior to ./Empirical/Eigenstrat/Reichall/I7200/chr22/.
Successfully loaded for PP. from ./Empirical/Eigenstrat/Reichall/I7200/chr22/
Fraction Markers in ROH: 0.2913
Merged n=0 gaps < 0.0 M
Called n=3 ROH Blocks > 1.0 cM
Longest Block: 1.459
Successfully saved to ./Empirical/Eigenstrat/Reichall/I7200/chr22/roh.csv
