Loaded 2106 / 5081 ancient Indivdiuals Anno File.
Doing Individual I1917...
Using Low-Mem Cython Linear Speed Up.
Loaded Pre Processing Model: Eigenstrat
Loading Individual: I1917

Loaded 89147 variants
Loaded 2504 individuals
HDF5 loaded from ./Data/1000Genomes/HDF5/1240kHDF5/all1240/chr1.hdf5
3 Eigenstrat Files with 5081 Individuals and 1233013 SNPs

Intersection on Positions: 89147
Nr of Matching Refs: 89147 / 89147
Full Intersection Ref/Alt Identical: 89082 / 89147
2504 / 2504 Individuals included in Reference
Extraction of 5008 Haplotypes complete
Reduced to markers called 47880 / 89082
(Fraction SNP: 0.5374823196605375)
Successfully saved to: ./Empirical/Eigenstrat/Reichall/I1917/chr1/
Successfully loaded Data from: ./Empirical/Eigenstrat/Reichall/I1917/chr1/
Loaded Emission Model: haploid
Loaded Transition Model: model
Loaded Post Processing Model: Standard
Minimum Genetic Map: 0.0201
Maximum Genetic Map: 2.8627
Gaps bigger than 0.1 cM: 386
Maximum Gap: 2.9727 cM
Loaded Transition and Emission Matrix:
(3, 3)
(5009, 47880)
Loaded Observations:
(2, 47880)
Memory Usage: 2353.037312 mB
Reference Number: 5008
Total Log likelihood: -17955.919
Memory Usage: 2353.50016 mB
Finished Calculation State Posteriors
Saved Zero State Posterior to ./Empirical/Eigenstrat/Reichall/I1917/chr1/.
Successfully loaded for PP. from ./Empirical/Eigenstrat/Reichall/I1917/chr1/
Fraction Markers in ROH: 0.3969
Merged n=0 gaps < 0.0 M
Called n=9 ROH Blocks > 1.0 cM
Longest Block: 1.549
Successfully saved to ./Empirical/Eigenstrat/Reichall/I1917/chr1/roh.csv
Using Low-Mem Cython Linear Speed Up.
Loaded Pre Processing Model: Eigenstrat
Loading Individual: I1917

Loaded 94239 variants
Loaded 2504 individuals
HDF5 loaded from ./Data/1000Genomes/HDF5/1240kHDF5/all1240/chr2.hdf5
3 Eigenstrat Files with 5081 Individuals and 1233013 SNPs

Intersection on Positions: 94239
Nr of Matching Refs: 94239 / 94239
Full Intersection Ref/Alt Identical: 94173 / 94239
2504 / 2504 Individuals included in Reference
Extraction of 5008 Haplotypes complete
Reduced to markers called 48442 / 94173
(Fraction SNP: 0.5143937221921357)
Successfully saved to: ./Empirical/Eigenstrat/Reichall/I1917/chr2/
Successfully loaded Data from: ./Empirical/Eigenstrat/Reichall/I1917/chr2/
Loaded Emission Model: haploid
Loaded Transition Model: model
Loaded Post Processing Model: Standard
Minimum Genetic Map: 0.0002
Maximum Genetic Map: 2.6883
Gaps bigger than 0.1 cM: 398
Maximum Gap: 1.8354 cM
Loaded Transition and Emission Matrix:
(3, 3)
(5009, 48442)
Loaded Observations:
(2, 48442)
Memory Usage: 2417.762304 mB
Reference Number: 5008
Total Log likelihood: -18091.495
Memory Usage: 2417.762304 mB
Finished Calculation State Posteriors
Saved Zero State Posterior to ./Empirical/Eigenstrat/Reichall/I1917/chr2/.
Successfully loaded for PP. from ./Empirical/Eigenstrat/Reichall/I1917/chr2/
Fraction Markers in ROH: 0.3778
Merged n=0 gaps < 0.0 M
Called n=11 ROH Blocks > 1.0 cM
Longest Block: 1.776
Successfully saved to ./Empirical/Eigenstrat/Reichall/I1917/chr2/roh.csv
Using Low-Mem Cython Linear Speed Up.
Loaded Pre Processing Model: Eigenstrat
Loading Individual: I1917

Loaded 77652 variants
Loaded 2504 individuals
HDF5 loaded from ./Data/1000Genomes/HDF5/1240kHDF5/all1240/chr3.hdf5
3 Eigenstrat Files with 5081 Individuals and 1233013 SNPs

Intersection on Positions: 77652
Nr of Matching Refs: 77652 / 77652
Full Intersection Ref/Alt Identical: 77601 / 77652
2504 / 2504 Individuals included in Reference
Extraction of 5008 Haplotypes complete
Reduced to markers called 39606 / 77601
(Fraction SNP: 0.5103800208760196)
Successfully saved to: ./Empirical/Eigenstrat/Reichall/I1917/chr3/
Successfully loaded Data from: ./Empirical/Eigenstrat/Reichall/I1917/chr3/
Loaded Emission Model: haploid
Loaded Transition Model: model
Loaded Post Processing Model: Standard
Minimum Genetic Map: 0.0000
Maximum Genetic Map: 2.2326
Gaps bigger than 0.1 cM: 329
Maximum Gap: 0.4131 cM
Loaded Transition and Emission Matrix:
(3, 3)
(5009, 39606)
Loaded Observations:
(2, 39606)
Memory Usage: 2019.770368 mB
Reference Number: 5008
Total Log likelihood: -14519.928
Memory Usage: 2019.770368 mB
Finished Calculation State Posteriors
Saved Zero State Posterior to ./Empirical/Eigenstrat/Reichall/I1917/chr3/.
Successfully loaded for PP. from ./Empirical/Eigenstrat/Reichall/I1917/chr3/
Fraction Markers in ROH: 0.3909
Merged n=0 gaps < 0.0 M
Called n=7 ROH Blocks > 1.0 cM
Longest Block: 2.527
Successfully saved to ./Empirical/Eigenstrat/Reichall/I1917/chr3/roh.csv
Using Low-Mem Cython Linear Speed Up.
Loaded Pre Processing Model: Eigenstrat
Loading Individual: I1917

Loaded 68759 variants
Loaded 2504 individuals
HDF5 loaded from ./Data/1000Genomes/HDF5/1240kHDF5/all1240/chr4.hdf5
3 Eigenstrat Files with 5081 Individuals and 1233013 SNPs

Intersection on Positions: 68759
Nr of Matching Refs: 68759 / 68759
Full Intersection Ref/Alt Identical: 68720 / 68759
2504 / 2504 Individuals included in Reference
Extraction of 5008 Haplotypes complete
Reduced to markers called 32552 / 68720
(Fraction SNP: 0.47369033760186263)
Successfully saved to: ./Empirical/Eigenstrat/Reichall/I1917/chr4/
Successfully loaded Data from: ./Empirical/Eigenstrat/Reichall/I1917/chr4/
Loaded Emission Model: haploid
Loaded Transition Model: model
Loaded Post Processing Model: Standard
Minimum Genetic Map: 0.0034
Maximum Genetic Map: 2.1454
Gaps bigger than 0.1 cM: 344
Maximum Gap: 2.0513 cM
Loaded Transition and Emission Matrix:
(3, 3)
(5009, 32552)
Loaded Observations:
(2, 32552)
Memory Usage: 1701.675008 mB
Reference Number: 5008
Total Log likelihood: -12243.255
Memory Usage: 1701.675008 mB
Finished Calculation State Posteriors
Saved Zero State Posterior to ./Empirical/Eigenstrat/Reichall/I1917/chr4/.
Successfully loaded for PP. from ./Empirical/Eigenstrat/Reichall/I1917/chr4/
Fraction Markers in ROH: 0.3771
Merged n=0 gaps < 0.0 M
Called n=12 ROH Blocks > 1.0 cM
Longest Block: 2.570
Successfully saved to ./Empirical/Eigenstrat/Reichall/I1917/chr4/roh.csv
Using Low-Mem Cython Linear Speed Up.
Loaded Pre Processing Model: Eigenstrat
Loading Individual: I1917

Loaded 69399 variants
Loaded 2504 individuals
HDF5 loaded from ./Data/1000Genomes/HDF5/1240kHDF5/all1240/chr5.hdf5
3 Eigenstrat Files with 5081 Individuals and 1233013 SNPs

Intersection on Positions: 69399
Nr of Matching Refs: 69399 / 69399
Full Intersection Ref/Alt Identical: 69354 / 69399
2504 / 2504 Individuals included in Reference
Extraction of 5008 Haplotypes complete
Reduced to markers called 35522 / 69354
(Fraction SNP: 0.5121838682700349)
Successfully saved to: ./Empirical/Eigenstrat/Reichall/I1917/chr5/
Successfully loaded Data from: ./Empirical/Eigenstrat/Reichall/I1917/chr5/
Loaded Emission Model: haploid
Loaded Transition Model: model
Loaded Post Processing Model: Standard
Minimum Genetic Map: 0.0004
Maximum Genetic Map: 2.0409
Gaps bigger than 0.1 cM: 320
Maximum Gap: 1.1110 cM
Loaded Transition and Emission Matrix:
(3, 3)
(5009, 35522)
Loaded Observations:
(2, 35522)
Memory Usage: 1835.47904 mB
Reference Number: 5008
Total Log likelihood: -12935.303
Memory Usage: 1835.47904 mB
Finished Calculation State Posteriors
Saved Zero State Posterior to ./Empirical/Eigenstrat/Reichall/I1917/chr5/.
Successfully loaded for PP. from ./Empirical/Eigenstrat/Reichall/I1917/chr5/
Fraction Markers in ROH: 0.3957
Merged n=0 gaps < 0.0 M
Called n=12 ROH Blocks > 1.0 cM
Longest Block: 2.165
Successfully saved to ./Empirical/Eigenstrat/Reichall/I1917/chr5/roh.csv
Using Low-Mem Cython Linear Speed Up.
Loaded Pre Processing Model: Eigenstrat
Loading Individual: I1917

Loaded 75870 variants
Loaded 2504 individuals
HDF5 loaded from ./Data/1000Genomes/HDF5/1240kHDF5/all1240/chr6.hdf5
3 Eigenstrat Files with 5081 Individuals and 1233013 SNPs

Intersection on Positions: 75870
Nr of Matching Refs: 75870 / 75870
Full Intersection Ref/Alt Identical: 75816 / 75870
2504 / 2504 Individuals included in Reference
Extraction of 5008 Haplotypes complete
Reduced to markers called 38673 / 75816
(Fraction SNP: 0.5100902184235517)
Successfully saved to: ./Empirical/Eigenstrat/Reichall/I1917/chr6/
Successfully loaded Data from: ./Empirical/Eigenstrat/Reichall/I1917/chr6/
Loaded Emission Model: haploid
Loaded Transition Model: model
Loaded Post Processing Model: Standard
Minimum Genetic Map: 0.0035
Maximum Genetic Map: 1.9203
Gaps bigger than 0.1 cM: 261
Maximum Gap: 0.5086 cM
Loaded Transition and Emission Matrix:
(3, 3)
(5009, 38673)
Loaded Observations:
(2, 38673)
Memory Usage: 1977.93792 mB
Reference Number: 5008
Total Log likelihood: -14483.524
Memory Usage: 1977.93792 mB
Finished Calculation State Posteriors
Saved Zero State Posterior to ./Empirical/Eigenstrat/Reichall/I1917/chr6/.
Successfully loaded for PP. from ./Empirical/Eigenstrat/Reichall/I1917/chr6/
Fraction Markers in ROH: 0.3703
Merged n=0 gaps < 0.0 M
Called n=6 ROH Blocks > 1.0 cM
Longest Block: 1.404
Successfully saved to ./Empirical/Eigenstrat/Reichall/I1917/chr6/roh.csv
Using Low-Mem Cython Linear Speed Up.
Loaded Pre Processing Model: Eigenstrat
Loading Individual: I1917

Loaded 59890 variants
Loaded 2504 individuals
HDF5 loaded from ./Data/1000Genomes/HDF5/1240kHDF5/all1240/chr7.hdf5
3 Eigenstrat Files with 5081 Individuals and 1233013 SNPs

Intersection on Positions: 59890
Nr of Matching Refs: 59890 / 59890
Full Intersection Ref/Alt Identical: 59836 / 59890
2504 / 2504 Individuals included in Reference
Extraction of 5008 Haplotypes complete
Reduced to markers called 30391 / 59836
(Fraction SNP: 0.5079049401697975)
Successfully saved to: ./Empirical/Eigenstrat/Reichall/I1917/chr7/
Successfully loaded Data from: ./Empirical/Eigenstrat/Reichall/I1917/chr7/
Loaded Emission Model: haploid
Loaded Transition Model: model
Loaded Post Processing Model: Standard
Minimum Genetic Map: 0.0000
Maximum Genetic Map: 1.8715
Gaps bigger than 0.1 cM: 304
Maximum Gap: 0.8484 cM
Loaded Transition and Emission Matrix:
(3, 3)
(5009, 30391)
Loaded Observations:
(2, 30391)
Memory Usage: 1604.595712 mB
Reference Number: 5008
Total Log likelihood: -11737.984
Memory Usage: 1604.595712 mB
Finished Calculation State Posteriors
Saved Zero State Posterior to ./Empirical/Eigenstrat/Reichall/I1917/chr7/.
Successfully loaded for PP. from ./Empirical/Eigenstrat/Reichall/I1917/chr7/
Fraction Markers in ROH: 0.3469
Merged n=0 gaps < 0.0 M
Called n=10 ROH Blocks > 1.0 cM
Longest Block: 1.586
Successfully saved to ./Empirical/Eigenstrat/Reichall/I1917/chr7/roh.csv
Using Low-Mem Cython Linear Speed Up.
Loaded Pre Processing Model: Eigenstrat
Loading Individual: I1917

Loaded 61133 variants
Loaded 2504 individuals
HDF5 loaded from ./Data/1000Genomes/HDF5/1240kHDF5/all1240/chr8.hdf5
3 Eigenstrat Files with 5081 Individuals and 1233013 SNPs

Intersection on Positions: 61133
Nr of Matching Refs: 61133 / 61133
Full Intersection Ref/Alt Identical: 61091 / 61133
2504 / 2504 Individuals included in Reference
Extraction of 5008 Haplotypes complete
Reduced to markers called 31599 / 61091
(Fraction SNP: 0.5172447660048125)
Successfully saved to: ./Empirical/Eigenstrat/Reichall/I1917/chr8/
Successfully loaded Data from: ./Empirical/Eigenstrat/Reichall/I1917/chr8/
Loaded Emission Model: haploid
Loaded Transition Model: model
Loaded Post Processing Model: Standard
Minimum Genetic Map: 0.0000
Maximum Genetic Map: 1.6800
Gaps bigger than 0.1 cM: 218
Maximum Gap: 1.9070 cM
Loaded Transition and Emission Matrix:
(3, 3)
(5009, 31599)
Loaded Observations:
(2, 31599)
Memory Usage: 1659.5968 mB
Reference Number: 5008
Total Log likelihood: -11707.943
Memory Usage: 1659.5968 mB
Finished Calculation State Posteriors
Saved Zero State Posterior to ./Empirical/Eigenstrat/Reichall/I1917/chr8/.
Successfully loaded for PP. from ./Empirical/Eigenstrat/Reichall/I1917/chr8/
Fraction Markers in ROH: 0.3818
Merged n=0 gaps < 0.0 M
Called n=5 ROH Blocks > 1.0 cM
Longest Block: 1.495
Successfully saved to ./Empirical/Eigenstrat/Reichall/I1917/chr8/roh.csv
Using Low-Mem Cython Linear Speed Up.
Loaded Pre Processing Model: Eigenstrat
Loading Individual: I1917

Loaded 50668 variants
Loaded 2504 individuals
HDF5 loaded from ./Data/1000Genomes/HDF5/1240kHDF5/all1240/chr9.hdf5
3 Eigenstrat Files with 5081 Individuals and 1233013 SNPs

Intersection on Positions: 50668
Nr of Matching Refs: 50668 / 50668
Full Intersection Ref/Alt Identical: 50629 / 50668
2504 / 2504 Individuals included in Reference
Extraction of 5008 Haplotypes complete
Reduced to markers called 26616 / 50629
(Fraction SNP: 0.525706610835687)
Successfully saved to: ./Empirical/Eigenstrat/Reichall/I1917/chr9/
Successfully loaded Data from: ./Empirical/Eigenstrat/Reichall/I1917/chr9/
Loaded Emission Model: haploid
Loaded Transition Model: model
Loaded Post Processing Model: Standard
Minimum Genetic Map: 0.0016
Maximum Genetic Map: 1.6630
Gaps bigger than 0.1 cM: 275
Maximum Gap: 1.8819 cM
Loaded Transition and Emission Matrix:
(3, 3)
(5009, 26616)
Loaded Observations:
(2, 26616)
Memory Usage: 1435.058176 mB
Reference Number: 5008
Total Log likelihood: -9813.552
Memory Usage: 1435.058176 mB
Finished Calculation State Posteriors
Saved Zero State Posterior to ./Empirical/Eigenstrat/Reichall/I1917/chr9/.
Successfully loaded for PP. from ./Empirical/Eigenstrat/Reichall/I1917/chr9/
Fraction Markers in ROH: 0.3956
Merged n=0 gaps < 0.0 M
Called n=10 ROH Blocks > 1.0 cM
Longest Block: 3.157
Successfully saved to ./Empirical/Eigenstrat/Reichall/I1917/chr9/roh.csv
Using Low-Mem Cython Linear Speed Up.
Loaded Pre Processing Model: Eigenstrat
Loading Individual: I1917

Loaded 58804 variants
Loaded 2504 individuals
HDF5 loaded from ./Data/1000Genomes/HDF5/1240kHDF5/all1240/chr10.hdf5
3 Eigenstrat Files with 5081 Individuals and 1233013 SNPs

Intersection on Positions: 58804
Nr of Matching Refs: 58804 / 58804
Full Intersection Ref/Alt Identical: 58763 / 58804
2504 / 2504 Individuals included in Reference
Extraction of 5008 Haplotypes complete
Reduced to markers called 31463 / 58763
(Fraction SNP: 0.5354219491857121)
Successfully saved to: ./Empirical/Eigenstrat/Reichall/I1917/chr10/
Successfully loaded Data from: ./Empirical/Eigenstrat/Reichall/I1917/chr10/
Loaded Emission Model: haploid
Loaded Transition Model: model
Loaded Post Processing Model: Standard
Minimum Genetic Map: 0.0001
Maximum Genetic Map: 1.8091
Gaps bigger than 0.1 cM: 268
Maximum Gap: 2.0338 cM
Loaded Transition and Emission Matrix:
(3, 3)
(5009, 31463)
Loaded Observations:
(2, 31463)
Memory Usage: 1653.313536 mB
Reference Number: 5008
Total Log likelihood: -11506.123
Memory Usage: 1653.313536 mB
Finished Calculation State Posteriors
Saved Zero State Posterior to ./Empirical/Eigenstrat/Reichall/I1917/chr10/.
Successfully loaded for PP. from ./Empirical/Eigenstrat/Reichall/I1917/chr10/
Fraction Markers in ROH: 0.4110
Merged n=0 gaps < 0.0 M
Called n=11 ROH Blocks > 1.0 cM
Longest Block: 2.304
Successfully saved to ./Empirical/Eigenstrat/Reichall/I1917/chr10/roh.csv
Using Low-Mem Cython Linear Speed Up.
Loaded Pre Processing Model: Eigenstrat
Loading Individual: I1917

Loaded 54833 variants
Loaded 2504 individuals
HDF5 loaded from ./Data/1000Genomes/HDF5/1240kHDF5/all1240/chr11.hdf5
3 Eigenstrat Files with 5081 Individuals and 1233013 SNPs

Intersection on Positions: 54833
Nr of Matching Refs: 54833 / 54833
Full Intersection Ref/Alt Identical: 54796 / 54833
2504 / 2504 Individuals included in Reference
Extraction of 5008 Haplotypes complete
Reduced to markers called 28991 / 54796
(Fraction SNP: 0.5290714650704431)
Successfully saved to: ./Empirical/Eigenstrat/Reichall/I1917/chr11/
Successfully loaded Data from: ./Empirical/Eigenstrat/Reichall/I1917/chr11/
Loaded Emission Model: haploid
Loaded Transition Model: model
Loaded Post Processing Model: Standard
Minimum Genetic Map: 0.0001
Maximum Genetic Map: 1.5822
Gaps bigger than 0.1 cM: 245
Maximum Gap: 0.5679 cM
Loaded Transition and Emission Matrix:
(3, 3)
(5009, 28991)
Loaded Observations:
(2, 28991)
Memory Usage: 1541.951488 mB
Reference Number: 5008
Total Log likelihood: -10619.664
Memory Usage: 1541.951488 mB
Finished Calculation State Posteriors
Saved Zero State Posterior to ./Empirical/Eigenstrat/Reichall/I1917/chr11/.
Successfully loaded for PP. from ./Empirical/Eigenstrat/Reichall/I1917/chr11/
Fraction Markers in ROH: 0.4085
Merged n=0 gaps < 0.0 M
Called n=9 ROH Blocks > 1.0 cM
Longest Block: 2.203
Successfully saved to ./Empirical/Eigenstrat/Reichall/I1917/chr11/roh.csv
Using Low-Mem Cython Linear Speed Up.
Loaded Pre Processing Model: Eigenstrat
Loading Individual: I1917

Loaded 53911 variants
Loaded 2504 individuals
HDF5 loaded from ./Data/1000Genomes/HDF5/1240kHDF5/all1240/chr12.hdf5
3 Eigenstrat Files with 5081 Individuals and 1233013 SNPs

Intersection on Positions: 53911
Nr of Matching Refs: 53911 / 53911
Full Intersection Ref/Alt Identical: 53884 / 53911
2504 / 2504 Individuals included in Reference
Extraction of 5008 Haplotypes complete
Reduced to markers called 28027 / 53884
(Fraction SNP: 0.5201358473758444)
Successfully saved to: ./Empirical/Eigenstrat/Reichall/I1917/chr12/
Successfully loaded Data from: ./Empirical/Eigenstrat/Reichall/I1917/chr12/
Loaded Emission Model: haploid
Loaded Transition Model: model
Loaded Post Processing Model: Standard
Minimum Genetic Map: 0.0017
Maximum Genetic Map: 1.7468
Gaps bigger than 0.1 cM: 278
Maximum Gap: 0.8015 cM
Loaded Transition and Emission Matrix:
(3, 3)
(5009, 28027)
Loaded Observations:
(2, 28027)
Memory Usage: 1498.284032 mB
Reference Number: 5008
Total Log likelihood: -10262.678
Memory Usage: 1498.284032 mB
Finished Calculation State Posteriors
Saved Zero State Posterior to ./Empirical/Eigenstrat/Reichall/I1917/chr12/.
Successfully loaded for PP. from ./Empirical/Eigenstrat/Reichall/I1917/chr12/
Fraction Markers in ROH: 0.4001
Merged n=0 gaps < 0.0 M
Called n=4 ROH Blocks > 1.0 cM
Longest Block: 1.693
Successfully saved to ./Empirical/Eigenstrat/Reichall/I1917/chr12/roh.csv
Using Low-Mem Cython Linear Speed Up.
Loaded Pre Processing Model: Eigenstrat
Loading Individual: I1917

Loaded 39018 variants
Loaded 2504 individuals
HDF5 loaded from ./Data/1000Genomes/HDF5/1240kHDF5/all1240/chr13.hdf5
3 Eigenstrat Files with 5081 Individuals and 1233013 SNPs

Intersection on Positions: 39018
Nr of Matching Refs: 39018 / 39018
Full Intersection Ref/Alt Identical: 38994 / 39018
2504 / 2504 Individuals included in Reference
Extraction of 5008 Haplotypes complete
Reduced to markers called 19085 / 38994
(Fraction SNP: 0.4894342719392727)
Successfully saved to: ./Empirical/Eigenstrat/Reichall/I1917/chr13/
Successfully loaded Data from: ./Empirical/Eigenstrat/Reichall/I1917/chr13/
Loaded Emission Model: haploid
Loaded Transition Model: model
Loaded Post Processing Model: Standard
Minimum Genetic Map: 0.0028
Maximum Genetic Map: 1.2570
Gaps bigger than 0.1 cM: 215
Maximum Gap: 1.2227 cM
Loaded Transition and Emission Matrix:
(3, 3)
(5009, 19085)
Loaded Observations:
(2, 19085)
Memory Usage: 1095.835648 mB
Reference Number: 5008
Total Log likelihood: -7340.357
Memory Usage: 1095.835648 mB
Finished Calculation State Posteriors
Saved Zero State Posterior to ./Empirical/Eigenstrat/Reichall/I1917/chr13/.
Successfully loaded for PP. from ./Empirical/Eigenstrat/Reichall/I1917/chr13/
Fraction Markers in ROH: 0.3781
Merged n=0 gaps < 0.0 M
Called n=4 ROH Blocks > 1.0 cM
Longest Block: 1.483
Successfully saved to ./Empirical/Eigenstrat/Reichall/I1917/chr13/roh.csv
Using Low-Mem Cython Linear Speed Up.
Loaded Pre Processing Model: Eigenstrat
Loading Individual: I1917

Loaded 36301 variants
Loaded 2504 individuals
HDF5 loaded from ./Data/1000Genomes/HDF5/1240kHDF5/all1240/chr14.hdf5
3 Eigenstrat Files with 5081 Individuals and 1233013 SNPs

Intersection on Positions: 36301
Nr of Matching Refs: 36301 / 36301
Full Intersection Ref/Alt Identical: 36280 / 36301
2504 / 2504 Individuals included in Reference
Extraction of 5008 Haplotypes complete
Reduced to markers called 18643 / 36280
(Fraction SNP: 0.513864388092613)
Successfully saved to: ./Empirical/Eigenstrat/Reichall/I1917/chr14/
Successfully loaded Data from: ./Empirical/Eigenstrat/Reichall/I1917/chr14/
Loaded Emission Model: haploid
Loaded Transition Model: model
Loaded Post Processing Model: Standard
Minimum Genetic Map: 0.0184
Maximum Genetic Map: 1.2020
Gaps bigger than 0.1 cM: 185
Maximum Gap: 3.1346 cM
Loaded Transition and Emission Matrix:
(3, 3)
(5009, 18643)
Loaded Observations:
(2, 18643)
Memory Usage: 1076.0192 mB
Reference Number: 5008
Total Log likelihood: -7163.794
Memory Usage: 1076.0192 mB
Finished Calculation State Posteriors
Saved Zero State Posterior to ./Empirical/Eigenstrat/Reichall/I1917/chr14/.
Successfully loaded for PP. from ./Empirical/Eigenstrat/Reichall/I1917/chr14/
Fraction Markers in ROH: 0.3573
Merged n=0 gaps < 0.0 M
Called n=1 ROH Blocks > 1.0 cM
Longest Block: 1.052
Successfully saved to ./Empirical/Eigenstrat/Reichall/I1917/chr14/roh.csv
Using Low-Mem Cython Linear Speed Up.
Loaded Pre Processing Model: Eigenstrat
Loading Individual: I1917

Loaded 34429 variants
Loaded 2504 individuals
HDF5 loaded from ./Data/1000Genomes/HDF5/1240kHDF5/all1240/chr15.hdf5
3 Eigenstrat Files with 5081 Individuals and 1233013 SNPs

Intersection on Positions: 34429
Nr of Matching Refs: 34429 / 34429
Full Intersection Ref/Alt Identical: 34407 / 34429
2504 / 2504 Individuals included in Reference
Extraction of 5008 Haplotypes complete
Reduced to markers called 18522 / 34407
(Fraction SNP: 0.538320690557154)
Successfully saved to: ./Empirical/Eigenstrat/Reichall/I1917/chr15/
Successfully loaded Data from: ./Empirical/Eigenstrat/Reichall/I1917/chr15/
Loaded Emission Model: haploid
Loaded Transition Model: model
Loaded Post Processing Model: Standard
Minimum Genetic Map: 0.0002
Maximum Genetic Map: 1.4134
Gaps bigger than 0.1 cM: 202
Maximum Gap: 13.7398 cM
Loaded Transition and Emission Matrix:
(3, 3)
(5009, 18522)
Loaded Observations:
(2, 18522)
Memory Usage: 1070.620672 mB
Reference Number: 5008
Total Log likelihood: -6867.950
Memory Usage: 1070.620672 mB
Finished Calculation State Posteriors
Saved Zero State Posterior to ./Empirical/Eigenstrat/Reichall/I1917/chr15/.
Successfully loaded for PP. from ./Empirical/Eigenstrat/Reichall/I1917/chr15/
Fraction Markers in ROH: 0.4103
Merged n=0 gaps < 0.0 M
Called n=5 ROH Blocks > 1.0 cM
Longest Block: 1.485
Successfully saved to ./Empirical/Eigenstrat/Reichall/I1917/chr15/roh.csv
Using Low-Mem Cython Linear Speed Up.
Loaded Pre Processing Model: Eigenstrat
Loading Individual: I1917

Loaded 34402 variants
Loaded 2504 individuals
HDF5 loaded from ./Data/1000Genomes/HDF5/1240kHDF5/all1240/chr16.hdf5
3 Eigenstrat Files with 5081 Individuals and 1233013 SNPs

Intersection on Positions: 34402
Nr of Matching Refs: 34402 / 34402
Full Intersection Ref/Alt Identical: 34375 / 34402
2504 / 2504 Individuals included in Reference
Extraction of 5008 Haplotypes complete
Reduced to markers called 19361 / 34375
(Fraction SNP: 0.5632290909090909)
Successfully saved to: ./Empirical/Eigenstrat/Reichall/I1917/chr16/
Successfully loaded Data from: ./Empirical/Eigenstrat/Reichall/I1917/chr16/
Loaded Emission Model: haploid
Loaded Transition Model: model
Loaded Post Processing Model: Standard
Minimum Genetic Map: -0.0000
Maximum Genetic Map: 1.3403
Gaps bigger than 0.1 cM: 222
Maximum Gap: 0.8461 cM
Loaded Transition and Emission Matrix:
(3, 3)
(5009, 19361)
Loaded Observations:
(2, 19361)
Memory Usage: 1108.758528 mB
Reference Number: 5008
Total Log likelihood: -7029.635
Memory Usage: 1108.758528 mB
Finished Calculation State Posteriors
Saved Zero State Posterior to ./Empirical/Eigenstrat/Reichall/I1917/chr16/.
Successfully loaded for PP. from ./Empirical/Eigenstrat/Reichall/I1917/chr16/
Fraction Markers in ROH: 0.4025
Merged n=0 gaps < 0.0 M
Called n=10 ROH Blocks > 1.0 cM
Longest Block: 1.645
Successfully saved to ./Empirical/Eigenstrat/Reichall/I1917/chr16/roh.csv
Using Low-Mem Cython Linear Speed Up.
Loaded Pre Processing Model: Eigenstrat
Loading Individual: I1917

Loaded 29314 variants
Loaded 2504 individuals
HDF5 loaded from ./Data/1000Genomes/HDF5/1240kHDF5/all1240/chr17.hdf5
3 Eigenstrat Files with 5081 Individuals and 1233013 SNPs

Intersection on Positions: 29314
Nr of Matching Refs: 29314 / 29314
Full Intersection Ref/Alt Identical: 29292 / 29314
2504 / 2504 Individuals included in Reference
Extraction of 5008 Haplotypes complete
Reduced to markers called 16812 / 29292
(Fraction SNP: 0.573945104465383)
Successfully saved to: ./Empirical/Eigenstrat/Reichall/I1917/chr17/
Successfully loaded Data from: ./Empirical/Eigenstrat/Reichall/I1917/chr17/
Loaded Emission Model: haploid
Loaded Transition Model: model
Loaded Post Processing Model: Standard
Minimum Genetic Map: -0.0002
Maximum Genetic Map: 1.2847
Gaps bigger than 0.1 cM: 211
Maximum Gap: 1.5348 cM
Loaded Transition and Emission Matrix:
(3, 3)
(5009, 16812)
Loaded Observations:
(2, 16812)
Memory Usage: 993.603584 mB
Reference Number: 5008
Total Log likelihood: -6221.084
Memory Usage: 993.603584 mB
Finished Calculation State Posteriors
Saved Zero State Posterior to ./Empirical/Eigenstrat/Reichall/I1917/chr17/.
Successfully loaded for PP. from ./Empirical/Eigenstrat/Reichall/I1917/chr17/
Fraction Markers in ROH: 0.3967
Merged n=0 gaps < 0.0 M
Called n=7 ROH Blocks > 1.0 cM
Longest Block: 2.532
Successfully saved to ./Empirical/Eigenstrat/Reichall/I1917/chr17/roh.csv
Using Low-Mem Cython Linear Speed Up.
Loaded Pre Processing Model: Eigenstrat
Loading Individual: I1917

Loaded 33917 variants
Loaded 2504 individuals
HDF5 loaded from ./Data/1000Genomes/HDF5/1240kHDF5/all1240/chr18.hdf5
3 Eigenstrat Files with 5081 Individuals and 1233013 SNPs

Intersection on Positions: 33917
Nr of Matching Refs: 33917 / 33917
Full Intersection Ref/Alt Identical: 33902 / 33917
2504 / 2504 Individuals included in Reference
Extraction of 5008 Haplotypes complete
Reduced to markers called 17358 / 33902
(Fraction SNP: 0.5120051914341337)
Successfully saved to: ./Empirical/Eigenstrat/Reichall/I1917/chr18/
Successfully loaded Data from: ./Empirical/Eigenstrat/Reichall/I1917/chr18/
Loaded Emission Model: haploid
Loaded Transition Model: model
Loaded Post Processing Model: Standard
Minimum Genetic Map: 0.0025
Maximum Genetic Map: 1.1771
Gaps bigger than 0.1 cM: 199
Maximum Gap: 0.4827 cM
Loaded Transition and Emission Matrix:
(3, 3)
(5009, 17358)
Loaded Observations:
(2, 17358)
Memory Usage: 1018.253312 mB
Reference Number: 5008
Total Log likelihood: -6517.794
Memory Usage: 1018.253312 mB
Finished Calculation State Posteriors
Saved Zero State Posterior to ./Empirical/Eigenstrat/Reichall/I1917/chr18/.
Successfully loaded for PP. from ./Empirical/Eigenstrat/Reichall/I1917/chr18/
Fraction Markers in ROH: 0.3855
Merged n=0 gaps < 0.0 M
Called n=5 ROH Blocks > 1.0 cM
Longest Block: 3.016
Successfully saved to ./Empirical/Eigenstrat/Reichall/I1917/chr18/roh.csv
Using Low-Mem Cython Linear Speed Up.
Loaded Pre Processing Model: Eigenstrat
Loading Individual: I1917

Loaded 18460 variants
Loaded 2504 individuals
HDF5 loaded from ./Data/1000Genomes/HDF5/1240kHDF5/all1240/chr19.hdf5
3 Eigenstrat Files with 5081 Individuals and 1233013 SNPs

Intersection on Positions: 18460
Nr of Matching Refs: 18460 / 18460
Full Intersection Ref/Alt Identical: 18441 / 18460
2504 / 2504 Individuals included in Reference
Extraction of 5008 Haplotypes complete
Reduced to markers called 10957 / 18441
(Fraction SNP: 0.5941651754243262)
Successfully saved to: ./Empirical/Eigenstrat/Reichall/I1917/chr19/
Successfully loaded Data from: ./Empirical/Eigenstrat/Reichall/I1917/chr19/
Loaded Emission Model: haploid
Loaded Transition Model: model
Loaded Post Processing Model: Standard
Minimum Genetic Map: 0.0001
Maximum Genetic Map: 1.0773
Gaps bigger than 0.1 cM: 203
Maximum Gap: 0.6601 cM
Loaded Transition and Emission Matrix:
(3, 3)
(5009, 10957)
Loaded Observations:
(2, 10957)
Memory Usage: 736.116736 mB
Reference Number: 5008
Total Log likelihood: -4345.114
Memory Usage: 736.116736 mB
Finished Calculation State Posteriors
Saved Zero State Posterior to ./Empirical/Eigenstrat/Reichall/I1917/chr19/.
Successfully loaded for PP. from ./Empirical/Eigenstrat/Reichall/I1917/chr19/
Fraction Markers in ROH: 0.3468
Merged n=0 gaps < 0.0 M
Called n=10 ROH Blocks > 1.0 cM
Longest Block: 1.798
Successfully saved to ./Empirical/Eigenstrat/Reichall/I1917/chr19/roh.csv
Using Low-Mem Cython Linear Speed Up.
Loaded Pre Processing Model: Eigenstrat
Loading Individual: I1917

Loaded 29078 variants
Loaded 2504 individuals
HDF5 loaded from ./Data/1000Genomes/HDF5/1240kHDF5/all1240/chr20.hdf5
3 Eigenstrat Files with 5081 Individuals and 1233013 SNPs

Intersection on Positions: 29078
Nr of Matching Refs: 29078 / 29078
Full Intersection Ref/Alt Identical: 29053 / 29078
2504 / 2504 Individuals included in Reference
Extraction of 5008 Haplotypes complete
Reduced to markers called 16556 / 29053
(Fraction SNP: 0.5698550924173063)
Successfully saved to: ./Empirical/Eigenstrat/Reichall/I1917/chr20/
Successfully loaded Data from: ./Empirical/Eigenstrat/Reichall/I1917/chr20/
Loaded Emission Model: haploid
Loaded Transition Model: model
Loaded Post Processing Model: Standard
Minimum Genetic Map: 0.0000
Maximum Genetic Map: 1.0821
Gaps bigger than 0.1 cM: 186
Maximum Gap: 0.8977 cM
Loaded Transition and Emission Matrix:
(3, 3)
(5009, 16556)
Loaded Observations:
(2, 16556)
Memory Usage: 988.266496 mB
Reference Number: 5008
Total Log likelihood: -5924.119
Memory Usage: 988.266496 mB
Finished Calculation State Posteriors
Saved Zero State Posterior to ./Empirical/Eigenstrat/Reichall/I1917/chr20/.
Successfully loaded for PP. from ./Empirical/Eigenstrat/Reichall/I1917/chr20/
Fraction Markers in ROH: 0.4417
Merged n=0 gaps < 0.0 M
Called n=3 ROH Blocks > 1.0 cM
Longest Block: 1.820
Successfully saved to ./Empirical/Eigenstrat/Reichall/I1917/chr20/roh.csv
Using Low-Mem Cython Linear Speed Up.
Loaded Pre Processing Model: Eigenstrat
Loading Individual: I1917

Loaded 16038 variants
Loaded 2504 individuals
HDF5 loaded from ./Data/1000Genomes/HDF5/1240kHDF5/all1240/chr21.hdf5
3 Eigenstrat Files with 5081 Individuals and 1233013 SNPs

Intersection on Positions: 16038
Nr of Matching Refs: 16038 / 16038
Full Intersection Ref/Alt Identical: 16031 / 16038
2504 / 2504 Individuals included in Reference
Extraction of 5008 Haplotypes complete
Reduced to markers called 8143 / 16031
(Fraction SNP: 0.5079533404029692)
Successfully saved to: ./Empirical/Eigenstrat/Reichall/I1917/chr21/
Successfully loaded Data from: ./Empirical/Eigenstrat/Reichall/I1917/chr21/
Loaded Emission Model: haploid
Loaded Transition Model: model
Loaded Post Processing Model: Standard
Minimum Genetic Map: -0.0085
Maximum Genetic Map: 0.6277
Gaps bigger than 0.1 cM: 122
Maximum Gap: 1.7201 cM
Loaded Transition and Emission Matrix:
(3, 3)
(5009, 8143)
Loaded Observations:
(2, 8143)
Memory Usage: 609.009664 mB
Reference Number: 5008
Total Log likelihood: -3252.040
Memory Usage: 609.009664 mB
Finished Calculation State Posteriors
Saved Zero State Posterior to ./Empirical/Eigenstrat/Reichall/I1917/chr21/.
Successfully loaded for PP. from ./Empirical/Eigenstrat/Reichall/I1917/chr21/
Fraction Markers in ROH: 0.2735
Merged n=0 gaps < 0.0 M
Called n=1 ROH Blocks > 1.0 cM
Longest Block: 1.311
Successfully saved to ./Empirical/Eigenstrat/Reichall/I1917/chr21/roh.csv
Using Low-Mem Cython Linear Speed Up.
Loaded Pre Processing Model: Eigenstrat
Loading Individual: I1917

Loaded 15802 variants
Loaded 2504 individuals
HDF5 loaded from ./Data/1000Genomes/HDF5/1240kHDF5/all1240/chr22.hdf5
3 Eigenstrat Files with 5081 Individuals and 1233013 SNPs

Intersection on Positions: 15802
Nr of Matching Refs: 15802 / 15802
Full Intersection Ref/Alt Identical: 15793 / 15802
2504 / 2504 Individuals included in Reference
Extraction of 5008 Haplotypes complete
Reduced to markers called 9494 / 15793
(Fraction SNP: 0.6011524092952574)
Successfully saved to: ./Empirical/Eigenstrat/Reichall/I1917/chr22/
Successfully loaded Data from: ./Empirical/Eigenstrat/Reichall/I1917/chr22/
Loaded Emission Model: haploid
Loaded Transition Model: model
Loaded Post Processing Model: Standard
Minimum Genetic Map: 0.0171
Maximum Genetic Map: 0.7408
Gaps bigger than 0.1 cM: 110
Maximum Gap: 1.7139 cM
Loaded Transition and Emission Matrix:
(3, 3)
(5009, 9494)
Loaded Observations:
(2, 9494)
Memory Usage: 669.908992 mB
Reference Number: 5008
Total Log likelihood: -3700.610
Memory Usage: 669.908992 mB
Finished Calculation State Posteriors
Saved Zero State Posterior to ./Empirical/Eigenstrat/Reichall/I1917/chr22/.
Successfully loaded for PP. from ./Empirical/Eigenstrat/Reichall/I1917/chr22/
Fraction Markers in ROH: 0.3549
Merged n=0 gaps < 0.0 M
Called n=3 ROH Blocks > 1.0 cM
Longest Block: 1.237
Successfully saved to ./Empirical/Eigenstrat/Reichall/I1917/chr22/roh.csv
