Doing Individual IAM.5...
Using Low-Mem Cython Linear Speed Up.
Loaded Pre Processing Model: Eigenstrat
Loading Individual: IAM.5

Loaded 89147 variants
Loaded 2504 individuals
HDF5 loaded from ./Data/1000Genomes/HDF5/1240kHDF5/all1240/chr1.hdf5
3 Eigenstrat Files with 5081 Individuals and 1233013 SNPs

Intersection on Positions: 89147
Nr of Matching Refs: 89147 / 89147
Full Intersection Ref/Alt Identical: 89082 / 89147
2504 / 2504 Individuals included in Reference
Extraction of 5008 Haplotypes complete
Reduced to markers called 38501 / 89082
(Fraction SNP: 0.43219730136278933)
Successfully saved to: ./Empirical/Eigenstrat/Reichall/IAM.5/chr1/
Shuffling phase of target...
Successfully loaded Data from: ./Empirical/Eigenstrat/Reichall/IAM.5/chr1/
Loaded Emission Model: haploid
Loaded Transition Model: model
Loaded Post Processing Model: Standard
Minimum Genetic Map: 0.0227
Maximum Genetic Map: 2.8627
Gaps bigger than 0.1 cM: 473
Maximum Gap: 2.9245 cM
Loaded Transition and Emission Matrix:
(3, 3)
(5009, 38501)
Loaded Observations:
(2, 38501)
Memory Usage: 1920.233472 mB
Reference Number: 5008
Total Log likelihood: -13536.717
Memory Usage: 1920.692224 mB
Finished Calculation State Posteriors
Saved Zero State Posterior to ./Empirical/Eigenstrat/Reichall/IAM.5/chr1/.
Successfully loaded for PP. from ./Empirical/Eigenstrat/Reichall/IAM.5/chr1/
Fraction Markers in ROH: 0.4965
Merged n=0 gaps < 0.0 M
Called n=35 ROH Blocks > 1.0 cM
Longest Block: 2.907
Successfully saved to ./Empirical/Eigenstrat/Reichall/IAM.5/chr1/roh.csv
Using Low-Mem Cython Linear Speed Up.
Loaded Pre Processing Model: Eigenstrat
Loading Individual: IAM.5

Loaded 94239 variants
Loaded 2504 individuals
HDF5 loaded from ./Data/1000Genomes/HDF5/1240kHDF5/all1240/chr2.hdf5
3 Eigenstrat Files with 5081 Individuals and 1233013 SNPs

Intersection on Positions: 94239
Nr of Matching Refs: 94239 / 94239
Full Intersection Ref/Alt Identical: 94173 / 94239
2504 / 2504 Individuals included in Reference
Extraction of 5008 Haplotypes complete
Reduced to markers called 41491 / 94173
(Fraction SNP: 0.44058275726588303)
Successfully saved to: ./Empirical/Eigenstrat/Reichall/IAM.5/chr2/
Shuffling phase of target...
Successfully loaded Data from: ./Empirical/Eigenstrat/Reichall/IAM.5/chr2/
Loaded Emission Model: haploid
Loaded Transition Model: model
Loaded Post Processing Model: Standard
Minimum Genetic Map: 0.0001
Maximum Genetic Map: 2.6883
Gaps bigger than 0.1 cM: 447
Maximum Gap: 2.9127 cM
Loaded Transition and Emission Matrix:
(3, 3)
(5009, 41491)
Loaded Observations:
(2, 41491)
Memory Usage: 2046.910464 mB
Reference Number: 5008
Total Log likelihood: -13970.811
Memory Usage: 2046.910464 mB
Finished Calculation State Posteriors
Saved Zero State Posterior to ./Empirical/Eigenstrat/Reichall/IAM.5/chr2/.
Successfully loaded for PP. from ./Empirical/Eigenstrat/Reichall/IAM.5/chr2/
Fraction Markers in ROH: 0.5555
Merged n=0 gaps < 0.0 M
Called n=33 ROH Blocks > 1.0 cM
Longest Block: 4.205
Successfully saved to ./Empirical/Eigenstrat/Reichall/IAM.5/chr2/roh.csv
Using Low-Mem Cython Linear Speed Up.
Loaded Pre Processing Model: Eigenstrat
Loading Individual: IAM.5

Loaded 77652 variants
Loaded 2504 individuals
HDF5 loaded from ./Data/1000Genomes/HDF5/1240kHDF5/all1240/chr3.hdf5
3 Eigenstrat Files with 5081 Individuals and 1233013 SNPs

Intersection on Positions: 77652
Nr of Matching Refs: 77652 / 77652
Full Intersection Ref/Alt Identical: 77601 / 77652
2504 / 2504 Individuals included in Reference
Extraction of 5008 Haplotypes complete
Reduced to markers called 34471 / 77601
(Fraction SNP: 0.44420819319338667)
Successfully saved to: ./Empirical/Eigenstrat/Reichall/IAM.5/chr3/
Shuffling phase of target...
Successfully loaded Data from: ./Empirical/Eigenstrat/Reichall/IAM.5/chr3/
Loaded Emission Model: haploid
Loaded Transition Model: model
Loaded Post Processing Model: Standard
Minimum Genetic Map: 0.0000
Maximum Genetic Map: 2.2326
Gaps bigger than 0.1 cM: 369
Maximum Gap: 0.3085 cM
Loaded Transition and Emission Matrix:
(3, 3)
(5009, 34471)
Loaded Observations:
(2, 34471)
Memory Usage: 1731.50208 mB
Reference Number: 5008
Total Log likelihood: -11699.978
Memory Usage: 1731.50208 mB
Finished Calculation State Posteriors
Saved Zero State Posterior to ./Empirical/Eigenstrat/Reichall/IAM.5/chr3/.
Successfully loaded for PP. from ./Empirical/Eigenstrat/Reichall/IAM.5/chr3/
Fraction Markers in ROH: 0.5369
Merged n=0 gaps < 0.0 M
Called n=28 ROH Blocks > 1.0 cM
Longest Block: 3.794
Successfully saved to ./Empirical/Eigenstrat/Reichall/IAM.5/chr3/roh.csv
Using Low-Mem Cython Linear Speed Up.
Loaded Pre Processing Model: Eigenstrat
Loading Individual: IAM.5

Loaded 68759 variants
Loaded 2504 individuals
HDF5 loaded from ./Data/1000Genomes/HDF5/1240kHDF5/all1240/chr4.hdf5
3 Eigenstrat Files with 5081 Individuals and 1233013 SNPs

Intersection on Positions: 68759
Nr of Matching Refs: 68759 / 68759
Full Intersection Ref/Alt Identical: 68720 / 68759
2504 / 2504 Individuals included in Reference
Extraction of 5008 Haplotypes complete
Reduced to markers called 30991 / 68720
(Fraction SNP: 0.45097497089639116)
Successfully saved to: ./Empirical/Eigenstrat/Reichall/IAM.5/chr4/
Shuffling phase of target...
Successfully loaded Data from: ./Empirical/Eigenstrat/Reichall/IAM.5/chr4/
Loaded Emission Model: haploid
Loaded Transition Model: model
Loaded Post Processing Model: Standard
Minimum Genetic Map: 0.0034
Maximum Genetic Map: 2.1454
Gaps bigger than 0.1 cM: 350
Maximum Gap: 2.0513 cM
Loaded Transition and Emission Matrix:
(3, 3)
(5009, 30991)
Loaded Observations:
(2, 30991)
Memory Usage: 1576.194048 mB
Reference Number: 5008
Total Log likelihood: -10753.485
Memory Usage: 1576.194048 mB
Finished Calculation State Posteriors
Saved Zero State Posterior to ./Empirical/Eigenstrat/Reichall/IAM.5/chr4/.
Successfully loaded for PP. from ./Empirical/Eigenstrat/Reichall/IAM.5/chr4/
Fraction Markers in ROH: 0.5367
Merged n=0 gaps < 0.0 M
Called n=30 ROH Blocks > 1.0 cM
Longest Block: 3.234
Successfully saved to ./Empirical/Eigenstrat/Reichall/IAM.5/chr4/roh.csv
Using Low-Mem Cython Linear Speed Up.
Loaded Pre Processing Model: Eigenstrat
Loading Individual: IAM.5

Loaded 69399 variants
Loaded 2504 individuals
HDF5 loaded from ./Data/1000Genomes/HDF5/1240kHDF5/all1240/chr5.hdf5
3 Eigenstrat Files with 5081 Individuals and 1233013 SNPs

Intersection on Positions: 69399
Nr of Matching Refs: 69399 / 69399
Full Intersection Ref/Alt Identical: 69354 / 69399
2504 / 2504 Individuals included in Reference
Extraction of 5008 Haplotypes complete
Reduced to markers called 30829 / 69354
(Fraction SNP: 0.4445165383395334)
Successfully saved to: ./Empirical/Eigenstrat/Reichall/IAM.5/chr5/
Shuffling phase of target...
Successfully loaded Data from: ./Empirical/Eigenstrat/Reichall/IAM.5/chr5/
Loaded Emission Model: haploid
Loaded Transition Model: model
Loaded Post Processing Model: Standard
Minimum Genetic Map: 0.0004
Maximum Genetic Map: 2.0409
Gaps bigger than 0.1 cM: 338
Maximum Gap: 1.0498 cM
Loaded Transition and Emission Matrix:
(3, 3)
(5009, 30829)
Loaded Observations:
(2, 30829)
Memory Usage: 1569.947648 mB
Reference Number: 5008
Total Log likelihood: -10738.588
Memory Usage: 1569.947648 mB
Finished Calculation State Posteriors
Saved Zero State Posterior to ./Empirical/Eigenstrat/Reichall/IAM.5/chr5/.
Successfully loaded for PP. from ./Empirical/Eigenstrat/Reichall/IAM.5/chr5/
Fraction Markers in ROH: 0.5250
Merged n=0 gaps < 0.0 M
Called n=28 ROH Blocks > 1.0 cM
Longest Block: 3.416
Successfully saved to ./Empirical/Eigenstrat/Reichall/IAM.5/chr5/roh.csv
Using Low-Mem Cython Linear Speed Up.
Loaded Pre Processing Model: Eigenstrat
Loading Individual: IAM.5

Loaded 75870 variants
Loaded 2504 individuals
HDF5 loaded from ./Data/1000Genomes/HDF5/1240kHDF5/all1240/chr6.hdf5
3 Eigenstrat Files with 5081 Individuals and 1233013 SNPs

Intersection on Positions: 75870
Nr of Matching Refs: 75870 / 75870
Full Intersection Ref/Alt Identical: 75816 / 75870
2504 / 2504 Individuals included in Reference
Extraction of 5008 Haplotypes complete
Reduced to markers called 33769 / 75816
(Fraction SNP: 0.44540730188878336)
Successfully saved to: ./Empirical/Eigenstrat/Reichall/IAM.5/chr6/
Shuffling phase of target...
Successfully loaded Data from: ./Empirical/Eigenstrat/Reichall/IAM.5/chr6/
Loaded Emission Model: haploid
Loaded Transition Model: model
Loaded Post Processing Model: Standard
Minimum Genetic Map: 0.0035
Maximum Genetic Map: 1.9203
Gaps bigger than 0.1 cM: 283
Maximum Gap: 0.5066 cM
Loaded Transition and Emission Matrix:
(3, 3)
(5009, 33769)
Loaded Observations:
(2, 33769)
Memory Usage: 1701.179392 mB
Reference Number: 5008
Total Log likelihood: -11162.955
Memory Usage: 1699.381248 mB
Finished Calculation State Posteriors
Saved Zero State Posterior to ./Empirical/Eigenstrat/Reichall/IAM.5/chr6/.
Successfully loaded for PP. from ./Empirical/Eigenstrat/Reichall/IAM.5/chr6/
Fraction Markers in ROH: 0.5450
Merged n=0 gaps < 0.0 M
Called n=23 ROH Blocks > 1.0 cM
Longest Block: 7.301
Successfully saved to ./Empirical/Eigenstrat/Reichall/IAM.5/chr6/roh.csv
Using Low-Mem Cython Linear Speed Up.
Loaded Pre Processing Model: Eigenstrat
Loading Individual: IAM.5

Loaded 59890 variants
Loaded 2504 individuals
HDF5 loaded from ./Data/1000Genomes/HDF5/1240kHDF5/all1240/chr7.hdf5
3 Eigenstrat Files with 5081 Individuals and 1233013 SNPs

Intersection on Positions: 59890
Nr of Matching Refs: 59890 / 59890
Full Intersection Ref/Alt Identical: 59836 / 59890
2504 / 2504 Individuals included in Reference
Extraction of 5008 Haplotypes complete
Reduced to markers called 26451 / 59836
(Fraction SNP: 0.4420582926666221)
Successfully saved to: ./Empirical/Eigenstrat/Reichall/IAM.5/chr7/
Shuffling phase of target...
Successfully loaded Data from: ./Empirical/Eigenstrat/Reichall/IAM.5/chr7/
Loaded Emission Model: haploid
Loaded Transition Model: model
Loaded Post Processing Model: Standard
Minimum Genetic Map: 0.0001
Maximum Genetic Map: 1.8715
Gaps bigger than 0.1 cM: 316
Maximum Gap: 0.8477 cM
Loaded Transition and Emission Matrix:
(3, 3)
(5009, 26451)
Loaded Observations:
(2, 26451)
Memory Usage: 1369.247744 mB
Reference Number: 5008
Total Log likelihood: -9362.600
Memory Usage: 1369.247744 mB
Finished Calculation State Posteriors
Saved Zero State Posterior to ./Empirical/Eigenstrat/Reichall/IAM.5/chr7/.
Successfully loaded for PP. from ./Empirical/Eigenstrat/Reichall/IAM.5/chr7/
Fraction Markers in ROH: 0.5253
Merged n=0 gaps < 0.0 M
Called n=23 ROH Blocks > 1.0 cM
Longest Block: 2.912
Successfully saved to ./Empirical/Eigenstrat/Reichall/IAM.5/chr7/roh.csv
Using Low-Mem Cython Linear Speed Up.
Loaded Pre Processing Model: Eigenstrat
Loading Individual: IAM.5

Loaded 61133 variants
Loaded 2504 individuals
HDF5 loaded from ./Data/1000Genomes/HDF5/1240kHDF5/all1240/chr8.hdf5
3 Eigenstrat Files with 5081 Individuals and 1233013 SNPs

Intersection on Positions: 61133
Nr of Matching Refs: 61133 / 61133
Full Intersection Ref/Alt Identical: 61091 / 61133
2504 / 2504 Individuals included in Reference
Extraction of 5008 Haplotypes complete
Reduced to markers called 26926 / 61091
(Fraction SNP: 0.44075232030904715)
Successfully saved to: ./Empirical/Eigenstrat/Reichall/IAM.5/chr8/
Shuffling phase of target...
Successfully loaded Data from: ./Empirical/Eigenstrat/Reichall/IAM.5/chr8/
Loaded Emission Model: haploid
Loaded Transition Model: model
Loaded Post Processing Model: Standard
Minimum Genetic Map: 0.0000
Maximum Genetic Map: 1.6800
Gaps bigger than 0.1 cM: 260
Maximum Gap: 3.3333 cM
Loaded Transition and Emission Matrix:
(3, 3)
(5009, 26926)
Loaded Observations:
(2, 26926)
Memory Usage: 1391.45216 mB
Reference Number: 5008
Total Log likelihood: -9115.758
Memory Usage: 1391.45216 mB
Finished Calculation State Posteriors
Saved Zero State Posterior to ./Empirical/Eigenstrat/Reichall/IAM.5/chr8/.
Successfully loaded for PP. from ./Empirical/Eigenstrat/Reichall/IAM.5/chr8/
Fraction Markers in ROH: 0.5690
Merged n=0 gaps < 0.0 M
Called n=24 ROH Blocks > 1.0 cM
Longest Block: 9.313
Successfully saved to ./Empirical/Eigenstrat/Reichall/IAM.5/chr8/roh.csv
Using Low-Mem Cython Linear Speed Up.
Loaded Pre Processing Model: Eigenstrat
Loading Individual: IAM.5

Loaded 50668 variants
Loaded 2504 individuals
HDF5 loaded from ./Data/1000Genomes/HDF5/1240kHDF5/all1240/chr9.hdf5
3 Eigenstrat Files with 5081 Individuals and 1233013 SNPs

Intersection on Positions: 50668
Nr of Matching Refs: 50668 / 50668
Full Intersection Ref/Alt Identical: 50629 / 50668
2504 / 2504 Individuals included in Reference
Extraction of 5008 Haplotypes complete
Reduced to markers called 22017 / 50629
(Fraction SNP: 0.43486934365679747)
Successfully saved to: ./Empirical/Eigenstrat/Reichall/IAM.5/chr9/
Shuffling phase of target...
Successfully loaded Data from: ./Empirical/Eigenstrat/Reichall/IAM.5/chr9/
Loaded Emission Model: haploid
Loaded Transition Model: model
Loaded Post Processing Model: Standard
Minimum Genetic Map: 0.0016
Maximum Genetic Map: 1.6630
Gaps bigger than 0.1 cM: 290
Maximum Gap: 1.8819 cM
Loaded Transition and Emission Matrix:
(3, 3)
(5009, 22017)
Loaded Observations:
(2, 22017)
Memory Usage: 1171.468288 mB
Reference Number: 5008
Total Log likelihood: -7481.794
Memory Usage: 1171.468288 mB
Finished Calculation State Posteriors
Saved Zero State Posterior to ./Empirical/Eigenstrat/Reichall/IAM.5/chr9/.
Successfully loaded for PP. from ./Empirical/Eigenstrat/Reichall/IAM.5/chr9/
Fraction Markers in ROH: 0.5545
Merged n=0 gaps < 0.0 M
Called n=19 ROH Blocks > 1.0 cM
Longest Block: 3.541
Successfully saved to ./Empirical/Eigenstrat/Reichall/IAM.5/chr9/roh.csv
Using Low-Mem Cython Linear Speed Up.
Loaded Pre Processing Model: Eigenstrat
Loading Individual: IAM.5

Loaded 58804 variants
Loaded 2504 individuals
HDF5 loaded from ./Data/1000Genomes/HDF5/1240kHDF5/all1240/chr10.hdf5
3 Eigenstrat Files with 5081 Individuals and 1233013 SNPs

Intersection on Positions: 58804
Nr of Matching Refs: 58804 / 58804
Full Intersection Ref/Alt Identical: 58763 / 58804
2504 / 2504 Individuals included in Reference
Extraction of 5008 Haplotypes complete
Reduced to markers called 25410 / 58763
(Fraction SNP: 0.4324149549886834)
Successfully saved to: ./Empirical/Eigenstrat/Reichall/IAM.5/chr10/
Shuffling phase of target...
Successfully loaded Data from: ./Empirical/Eigenstrat/Reichall/IAM.5/chr10/
Loaded Emission Model: haploid
Loaded Transition Model: model
Loaded Post Processing Model: Standard
Minimum Genetic Map: 0.0001
Maximum Genetic Map: 1.8092
Gaps bigger than 0.1 cM: 294
Maximum Gap: 2.0335 cM
Loaded Transition and Emission Matrix:
(3, 3)
(5009, 25410)
Loaded Observations:
(2, 25410)
Memory Usage: 1325.211648 mB
Reference Number: 5008
Total Log likelihood: -8940.351
Memory Usage: 1325.211648 mB
Finished Calculation State Posteriors
Saved Zero State Posterior to ./Empirical/Eigenstrat/Reichall/IAM.5/chr10/.
Successfully loaded for PP. from ./Empirical/Eigenstrat/Reichall/IAM.5/chr10/
Fraction Markers in ROH: 0.5259
Merged n=0 gaps < 0.0 M
Called n=27 ROH Blocks > 1.0 cM
Longest Block: 3.030
Successfully saved to ./Empirical/Eigenstrat/Reichall/IAM.5/chr10/roh.csv
Using Low-Mem Cython Linear Speed Up.
Loaded Pre Processing Model: Eigenstrat
Loading Individual: IAM.5

Loaded 54833 variants
Loaded 2504 individuals
HDF5 loaded from ./Data/1000Genomes/HDF5/1240kHDF5/all1240/chr11.hdf5
3 Eigenstrat Files with 5081 Individuals and 1233013 SNPs

Intersection on Positions: 54833
Nr of Matching Refs: 54833 / 54833
Full Intersection Ref/Alt Identical: 54796 / 54833
2504 / 2504 Individuals included in Reference
Extraction of 5008 Haplotypes complete
Reduced to markers called 23878 / 54796
(Fraction SNP: 0.4357617344331703)
Successfully saved to: ./Empirical/Eigenstrat/Reichall/IAM.5/chr11/
Shuffling phase of target...
Successfully loaded Data from: ./Empirical/Eigenstrat/Reichall/IAM.5/chr11/
Loaded Emission Model: haploid
Loaded Transition Model: model
Loaded Post Processing Model: Standard
Minimum Genetic Map: 0.0000
Maximum Genetic Map: 1.5822
Gaps bigger than 0.1 cM: 257
Maximum Gap: 0.5702 cM
Loaded Transition and Emission Matrix:
(3, 3)
(5009, 23878)
Loaded Observations:
(2, 23878)
Memory Usage: 1257.201664 mB
Reference Number: 5008
Total Log likelihood: -8044.401
Memory Usage: 1257.201664 mB
Finished Calculation State Posteriors
Saved Zero State Posterior to ./Empirical/Eigenstrat/Reichall/IAM.5/chr11/.
Successfully loaded for PP. from ./Empirical/Eigenstrat/Reichall/IAM.5/chr11/
Fraction Markers in ROH: 0.5389
Merged n=0 gaps < 0.0 M
Called n=20 ROH Blocks > 1.0 cM
Longest Block: 14.572
Successfully saved to ./Empirical/Eigenstrat/Reichall/IAM.5/chr11/roh.csv
Using Low-Mem Cython Linear Speed Up.
Loaded Pre Processing Model: Eigenstrat
Loading Individual: IAM.5

Loaded 53911 variants
Loaded 2504 individuals
HDF5 loaded from ./Data/1000Genomes/HDF5/1240kHDF5/all1240/chr12.hdf5
3 Eigenstrat Files with 5081 Individuals and 1233013 SNPs

Intersection on Positions: 53911
Nr of Matching Refs: 53911 / 53911
Full Intersection Ref/Alt Identical: 53884 / 53911
2504 / 2504 Individuals included in Reference
Extraction of 5008 Haplotypes complete
Reduced to markers called 23698 / 53884
(Fraction SNP: 0.43979660010392696)
Successfully saved to: ./Empirical/Eigenstrat/Reichall/IAM.5/chr12/
Shuffling phase of target...
Successfully loaded Data from: ./Empirical/Eigenstrat/Reichall/IAM.5/chr12/
Loaded Emission Model: haploid
Loaded Transition Model: model
Loaded Post Processing Model: Standard
Minimum Genetic Map: 0.0017
Maximum Genetic Map: 1.7468
Gaps bigger than 0.1 cM: 315
Maximum Gap: 0.8015 cM
Loaded Transition and Emission Matrix:
(3, 3)
(5009, 23698)
Loaded Observations:
(2, 23698)
Memory Usage: 1245.405184 mB
Reference Number: 5008
Total Log likelihood: -7807.418
Memory Usage: 1238.061056 mB
Finished Calculation State Posteriors
Saved Zero State Posterior to ./Empirical/Eigenstrat/Reichall/IAM.5/chr12/.
Successfully loaded for PP. from ./Empirical/Eigenstrat/Reichall/IAM.5/chr12/
Fraction Markers in ROH: 0.5614
Merged n=0 gaps < 0.0 M
Called n=24 ROH Blocks > 1.0 cM
Longest Block: 9.711
Successfully saved to ./Empirical/Eigenstrat/Reichall/IAM.5/chr12/roh.csv
Using Low-Mem Cython Linear Speed Up.
Loaded Pre Processing Model: Eigenstrat
Loading Individual: IAM.5

Loaded 39018 variants
Loaded 2504 individuals
HDF5 loaded from ./Data/1000Genomes/HDF5/1240kHDF5/all1240/chr13.hdf5
3 Eigenstrat Files with 5081 Individuals and 1233013 SNPs

Intersection on Positions: 39018
Nr of Matching Refs: 39018 / 39018
Full Intersection Ref/Alt Identical: 38994 / 39018
2504 / 2504 Individuals included in Reference
Extraction of 5008 Haplotypes complete
Reduced to markers called 17514 / 38994
(Fraction SNP: 0.44914602246499463)
Successfully saved to: ./Empirical/Eigenstrat/Reichall/IAM.5/chr13/
Shuffling phase of target...
Successfully loaded Data from: ./Empirical/Eigenstrat/Reichall/IAM.5/chr13/
Loaded Emission Model: haploid
Loaded Transition Model: model
Loaded Post Processing Model: Standard
Minimum Genetic Map: 0.0019
Maximum Genetic Map: 1.2570
Gaps bigger than 0.1 cM: 228
Maximum Gap: 1.2245 cM
Loaded Transition and Emission Matrix:
(3, 3)
(5009, 17514)
Loaded Observations:
(2, 17514)
Memory Usage: 960.991232 mB
Reference Number: 5008
Total Log likelihood: -6216.846
Memory Usage: 961.232896 mB
Finished Calculation State Posteriors
Saved Zero State Posterior to ./Empirical/Eigenstrat/Reichall/IAM.5/chr13/.
Successfully loaded for PP. from ./Empirical/Eigenstrat/Reichall/IAM.5/chr13/
Fraction Markers in ROH: 0.5353
Merged n=0 gaps < 0.0 M
Called n=9 ROH Blocks > 1.0 cM
Longest Block: 2.679
Successfully saved to ./Empirical/Eigenstrat/Reichall/IAM.5/chr13/roh.csv
Using Low-Mem Cython Linear Speed Up.
Loaded Pre Processing Model: Eigenstrat
Loading Individual: IAM.5

Loaded 36301 variants
Loaded 2504 individuals
HDF5 loaded from ./Data/1000Genomes/HDF5/1240kHDF5/all1240/chr14.hdf5
3 Eigenstrat Files with 5081 Individuals and 1233013 SNPs

Intersection on Positions: 36301
Nr of Matching Refs: 36301 / 36301
Full Intersection Ref/Alt Identical: 36280 / 36301
2504 / 2504 Individuals included in Reference
Extraction of 5008 Haplotypes complete
Reduced to markers called 15830 / 36280
(Fraction SNP: 0.43632855567805956)
Successfully saved to: ./Empirical/Eigenstrat/Reichall/IAM.5/chr14/
Shuffling phase of target...
Successfully loaded Data from: ./Empirical/Eigenstrat/Reichall/IAM.5/chr14/
Loaded Emission Model: haploid
Loaded Transition Model: model
Loaded Post Processing Model: Standard
Minimum Genetic Map: 0.0161
Maximum Genetic Map: 1.2020
Gaps bigger than 0.1 cM: 219
Maximum Gap: 3.3826 cM
Loaded Transition and Emission Matrix:
(3, 3)
(5009, 15830)
Loaded Observations:
(2, 15830)
Memory Usage: 886.575104 mB
Reference Number: 5008
Total Log likelihood: -5361.107
Memory Usage: 886.575104 mB
Finished Calculation State Posteriors
Saved Zero State Posterior to ./Empirical/Eigenstrat/Reichall/IAM.5/chr14/.
Successfully loaded for PP. from ./Empirical/Eigenstrat/Reichall/IAM.5/chr14/
Fraction Markers in ROH: 0.5275
Merged n=0 gaps < 0.0 M
Called n=12 ROH Blocks > 1.0 cM
Longest Block: 2.643
Successfully saved to ./Empirical/Eigenstrat/Reichall/IAM.5/chr14/roh.csv
Using Low-Mem Cython Linear Speed Up.
Loaded Pre Processing Model: Eigenstrat
Loading Individual: IAM.5

Loaded 34429 variants
Loaded 2504 individuals
HDF5 loaded from ./Data/1000Genomes/HDF5/1240kHDF5/all1240/chr15.hdf5
3 Eigenstrat Files with 5081 Individuals and 1233013 SNPs

Intersection on Positions: 34429
Nr of Matching Refs: 34429 / 34429
Full Intersection Ref/Alt Identical: 34407 / 34429
2504 / 2504 Individuals included in Reference
Extraction of 5008 Haplotypes complete
Reduced to markers called 14836 / 34407
(Fraction SNP: 0.43119132734617954)
Successfully saved to: ./Empirical/Eigenstrat/Reichall/IAM.5/chr15/
Shuffling phase of target...
Successfully loaded Data from: ./Empirical/Eigenstrat/Reichall/IAM.5/chr15/
Loaded Emission Model: haploid
Loaded Transition Model: model
Loaded Post Processing Model: Standard
Minimum Genetic Map: 0.0002
Maximum Genetic Map: 1.4135
Gaps bigger than 0.1 cM: 228
Maximum Gap: 11.4957 cM
Loaded Transition and Emission Matrix:
(3, 3)
(5009, 14836)
Loaded Observations:
(2, 14836)
Memory Usage: 843.071488 mB
Reference Number: 5008
Total Log likelihood: -5350.143
Memory Usage: 843.071488 mB
Finished Calculation State Posteriors
Saved Zero State Posterior to ./Empirical/Eigenstrat/Reichall/IAM.5/chr15/.
Successfully loaded for PP. from ./Empirical/Eigenstrat/Reichall/IAM.5/chr15/
Fraction Markers in ROH: 0.4931
Merged n=0 gaps < 0.0 M
Called n=19 ROH Blocks > 1.0 cM
Longest Block: 5.163
Successfully saved to ./Empirical/Eigenstrat/Reichall/IAM.5/chr15/roh.csv
Using Low-Mem Cython Linear Speed Up.
Loaded Pre Processing Model: Eigenstrat
Loading Individual: IAM.5

Loaded 34402 variants
Loaded 2504 individuals
HDF5 loaded from ./Data/1000Genomes/HDF5/1240kHDF5/all1240/chr16.hdf5
3 Eigenstrat Files with 5081 Individuals and 1233013 SNPs

Intersection on Positions: 34402
Nr of Matching Refs: 34402 / 34402
Full Intersection Ref/Alt Identical: 34375 / 34402
2504 / 2504 Individuals included in Reference
Extraction of 5008 Haplotypes complete
Reduced to markers called 14661 / 34375
(Fraction SNP: 0.4265018181818182)
Successfully saved to: ./Empirical/Eigenstrat/Reichall/IAM.5/chr16/
Shuffling phase of target...
Successfully loaded Data from: ./Empirical/Eigenstrat/Reichall/IAM.5/chr16/
Loaded Emission Model: haploid
Loaded Transition Model: model
Loaded Post Processing Model: Standard
Minimum Genetic Map: 0.0000
Maximum Genetic Map: 1.3403
Gaps bigger than 0.1 cM: 255
Maximum Gap: 0.8460 cM
Loaded Transition and Emission Matrix:
(3, 3)
(5009, 14661)
Loaded Observations:
(2, 14661)
Memory Usage: 835.448832 mB
Reference Number: 5008
Total Log likelihood: -5344.044
Memory Usage: 835.448832 mB
Finished Calculation State Posteriors
Saved Zero State Posterior to ./Empirical/Eigenstrat/Reichall/IAM.5/chr16/.
Successfully loaded for PP. from ./Empirical/Eigenstrat/Reichall/IAM.5/chr16/
Fraction Markers in ROH: 0.4985
Merged n=0 gaps < 0.0 M
Called n=17 ROH Blocks > 1.0 cM
Longest Block: 2.979
Successfully saved to ./Empirical/Eigenstrat/Reichall/IAM.5/chr16/roh.csv
Using Low-Mem Cython Linear Speed Up.
Loaded Pre Processing Model: Eigenstrat
Loading Individual: IAM.5

Loaded 29314 variants
Loaded 2504 individuals
HDF5 loaded from ./Data/1000Genomes/HDF5/1240kHDF5/all1240/chr17.hdf5
3 Eigenstrat Files with 5081 Individuals and 1233013 SNPs

Intersection on Positions: 29314
Nr of Matching Refs: 29314 / 29314
Full Intersection Ref/Alt Identical: 29292 / 29314
2504 / 2504 Individuals included in Reference
Extraction of 5008 Haplotypes complete
Reduced to markers called 12204 / 29292
(Fraction SNP: 0.4166325276526014)
Successfully saved to: ./Empirical/Eigenstrat/Reichall/IAM.5/chr17/
Shuffling phase of target...
Successfully loaded Data from: ./Empirical/Eigenstrat/Reichall/IAM.5/chr17/
Loaded Emission Model: haploid
Loaded Transition Model: model
Loaded Post Processing Model: Standard
Minimum Genetic Map: 0.0005
Maximum Genetic Map: 1.2846
Gaps bigger than 0.1 cM: 261
Maximum Gap: 1.2733 cM
Loaded Transition and Emission Matrix:
(3, 3)
(5009, 12204)
Loaded Observations:
(2, 12204)
Memory Usage: 721.813504 mB
Reference Number: 5008
Total Log likelihood: -4781.084
Memory Usage: 721.813504 mB
Finished Calculation State Posteriors
Saved Zero State Posterior to ./Empirical/Eigenstrat/Reichall/IAM.5/chr17/.
Successfully loaded for PP. from ./Empirical/Eigenstrat/Reichall/IAM.5/chr17/
Fraction Markers in ROH: 0.4595
Merged n=0 gaps < 0.0 M
Called n=14 ROH Blocks > 1.0 cM
Longest Block: 2.590
Successfully saved to ./Empirical/Eigenstrat/Reichall/IAM.5/chr17/roh.csv
Using Low-Mem Cython Linear Speed Up.
Loaded Pre Processing Model: Eigenstrat
Loading Individual: IAM.5

Loaded 33917 variants
Loaded 2504 individuals
HDF5 loaded from ./Data/1000Genomes/HDF5/1240kHDF5/all1240/chr18.hdf5
3 Eigenstrat Files with 5081 Individuals and 1233013 SNPs

Intersection on Positions: 33917
Nr of Matching Refs: 33917 / 33917
Full Intersection Ref/Alt Identical: 33902 / 33917
2504 / 2504 Individuals included in Reference
Extraction of 5008 Haplotypes complete
Reduced to markers called 15047 / 33902
(Fraction SNP: 0.44383812164474074)
Successfully saved to: ./Empirical/Eigenstrat/Reichall/IAM.5/chr18/
Shuffling phase of target...
Successfully loaded Data from: ./Empirical/Eigenstrat/Reichall/IAM.5/chr18/
Loaded Emission Model: haploid
Loaded Transition Model: model
Loaded Post Processing Model: Standard
Minimum Genetic Map: 0.0016
Maximum Genetic Map: 1.1771
Gaps bigger than 0.1 cM: 225
Maximum Gap: 0.4763 cM
Loaded Transition and Emission Matrix:
(3, 3)
(5009, 15047)
Loaded Observations:
(2, 15047)
Memory Usage: 849.436672 mB
Reference Number: 5008
Total Log likelihood: -5203.161
Memory Usage: 849.436672 mB
Finished Calculation State Posteriors
Saved Zero State Posterior to ./Empirical/Eigenstrat/Reichall/IAM.5/chr18/.
Successfully loaded for PP. from ./Empirical/Eigenstrat/Reichall/IAM.5/chr18/
Fraction Markers in ROH: 0.5669
Merged n=0 gaps < 0.0 M
Called n=14 ROH Blocks > 1.0 cM
Longest Block: 3.604
Successfully saved to ./Empirical/Eigenstrat/Reichall/IAM.5/chr18/roh.csv
Using Low-Mem Cython Linear Speed Up.
Loaded Pre Processing Model: Eigenstrat
Loading Individual: IAM.5

Loaded 18460 variants
Loaded 2504 individuals
HDF5 loaded from ./Data/1000Genomes/HDF5/1240kHDF5/all1240/chr19.hdf5
3 Eigenstrat Files with 5081 Individuals and 1233013 SNPs

Intersection on Positions: 18460
Nr of Matching Refs: 18460 / 18460
Full Intersection Ref/Alt Identical: 18441 / 18460
2504 / 2504 Individuals included in Reference
Extraction of 5008 Haplotypes complete
Reduced to markers called 7453 / 18441
(Fraction SNP: 0.4041537877555447)
Successfully saved to: ./Empirical/Eigenstrat/Reichall/IAM.5/chr19/
Shuffling phase of target...
Successfully loaded Data from: ./Empirical/Eigenstrat/Reichall/IAM.5/chr19/
Loaded Emission Model: haploid
Loaded Transition Model: model
Loaded Post Processing Model: Standard
Minimum Genetic Map: 0.0000
Maximum Genetic Map: 1.0773
Gaps bigger than 0.1 cM: 272
Maximum Gap: 0.6312 cM
Loaded Transition and Emission Matrix:
(3, 3)
(5009, 7453)
Loaded Observations:
(2, 7453)
Memory Usage: 507.633664 mB
Reference Number: 5008
Total Log likelihood: -2682.352
Memory Usage: 507.633664 mB
Finished Calculation State Posteriors
Saved Zero State Posterior to ./Empirical/Eigenstrat/Reichall/IAM.5/chr19/.
Successfully loaded for PP. from ./Empirical/Eigenstrat/Reichall/IAM.5/chr19/
Fraction Markers in ROH: 0.5309
Merged n=0 gaps < 0.0 M
Called n=13 ROH Blocks > 1.0 cM
Longest Block: 4.431
Successfully saved to ./Empirical/Eigenstrat/Reichall/IAM.5/chr19/roh.csv
Using Low-Mem Cython Linear Speed Up.
Loaded Pre Processing Model: Eigenstrat
Loading Individual: IAM.5

Loaded 29078 variants
Loaded 2504 individuals
HDF5 loaded from ./Data/1000Genomes/HDF5/1240kHDF5/all1240/chr20.hdf5
3 Eigenstrat Files with 5081 Individuals and 1233013 SNPs

Intersection on Positions: 29078
Nr of Matching Refs: 29078 / 29078
Full Intersection Ref/Alt Identical: 29053 / 29078
2504 / 2504 Individuals included in Reference
Extraction of 5008 Haplotypes complete
Reduced to markers called 12450 / 29053
(Fraction SNP: 0.4285271744742367)
Successfully saved to: ./Empirical/Eigenstrat/Reichall/IAM.5/chr20/
Shuffling phase of target...
Successfully loaded Data from: ./Empirical/Eigenstrat/Reichall/IAM.5/chr20/
Loaded Emission Model: haploid
Loaded Transition Model: model
Loaded Post Processing Model: Standard
Minimum Genetic Map: 0.0000
Maximum Genetic Map: 1.0821
Gaps bigger than 0.1 cM: 223
Maximum Gap: 0.4744 cM
Loaded Transition and Emission Matrix:
(3, 3)
(5009, 12450)
Loaded Observations:
(2, 12450)
Memory Usage: 734.47424 mB
Reference Number: 5008
Total Log likelihood: -3942.810
Memory Usage: 734.47424 mB
Finished Calculation State Posteriors
Saved Zero State Posterior to ./Empirical/Eigenstrat/Reichall/IAM.5/chr20/.
Successfully loaded for PP. from ./Empirical/Eigenstrat/Reichall/IAM.5/chr20/
Fraction Markers in ROH: 0.6059
Merged n=0 gaps < 0.0 M
Called n=12 ROH Blocks > 1.0 cM
Longest Block: 16.030
Successfully saved to ./Empirical/Eigenstrat/Reichall/IAM.5/chr20/roh.csv
Using Low-Mem Cython Linear Speed Up.
Loaded Pre Processing Model: Eigenstrat
Loading Individual: IAM.5

Loaded 16038 variants
Loaded 2504 individuals
HDF5 loaded from ./Data/1000Genomes/HDF5/1240kHDF5/all1240/chr21.hdf5
3 Eigenstrat Files with 5081 Individuals and 1233013 SNPs

Intersection on Positions: 16038
Nr of Matching Refs: 16038 / 16038
Full Intersection Ref/Alt Identical: 16031 / 16038
2504 / 2504 Individuals included in Reference
Extraction of 5008 Haplotypes complete
Reduced to markers called 6990 / 16031
(Fraction SNP: 0.43603019150396105)
Successfully saved to: ./Empirical/Eigenstrat/Reichall/IAM.5/chr21/
Shuffling phase of target...
Successfully loaded Data from: ./Empirical/Eigenstrat/Reichall/IAM.5/chr21/
Loaded Emission Model: haploid
Loaded Transition Model: model
Loaded Post Processing Model: Standard
Minimum Genetic Map: 0.0087
Maximum Genetic Map: 0.6279
Gaps bigger than 0.1 cM: 123
Maximum Gap: 0.9817 cM
Loaded Transition and Emission Matrix:
(3, 3)
(5009, 6990)
Loaded Observations:
(2, 6990)
Memory Usage: 489.12384 mB
Reference Number: 5008
Total Log likelihood: -2574.410
Memory Usage: 489.12384 mB
Finished Calculation State Posteriors
Saved Zero State Posterior to ./Empirical/Eigenstrat/Reichall/IAM.5/chr21/.
Successfully loaded for PP. from ./Empirical/Eigenstrat/Reichall/IAM.5/chr21/
Fraction Markers in ROH: 0.5070
Merged n=0 gaps < 0.0 M
Called n=10 ROH Blocks > 1.0 cM
Longest Block: 1.680
Successfully saved to ./Empirical/Eigenstrat/Reichall/IAM.5/chr21/roh.csv
Using Low-Mem Cython Linear Speed Up.
Loaded Pre Processing Model: Eigenstrat
Loading Individual: IAM.5

Loaded 15802 variants
Loaded 2504 individuals
HDF5 loaded from ./Data/1000Genomes/HDF5/1240kHDF5/all1240/chr22.hdf5
3 Eigenstrat Files with 5081 Individuals and 1233013 SNPs

Intersection on Positions: 15802
Nr of Matching Refs: 15802 / 15802
Full Intersection Ref/Alt Identical: 15793 / 15802
2504 / 2504 Individuals included in Reference
Extraction of 5008 Haplotypes complete
Reduced to markers called 6426 / 15793
(Fraction SNP: 0.4068891280947255)
Successfully saved to: ./Empirical/Eigenstrat/Reichall/IAM.5/chr22/
Shuffling phase of target...
Successfully loaded Data from: ./Empirical/Eigenstrat/Reichall/IAM.5/chr22/
Loaded Emission Model: haploid
Loaded Transition Model: model
Loaded Post Processing Model: Standard
Minimum Genetic Map: 0.0172
Maximum Genetic Map: 0.7408
Gaps bigger than 0.1 cM: 155
Maximum Gap: 1.6277 cM
Loaded Transition and Emission Matrix:
(3, 3)
(5009, 6426)
Loaded Observations:
(2, 6426)
Memory Usage: 492.863488 mB
Reference Number: 5008
Total Log likelihood: -2377.924
Memory Usage: 492.87168 mB
Finished Calculation State Posteriors
Saved Zero State Posterior to ./Empirical/Eigenstrat/Reichall/IAM.5/chr22/.
Successfully loaded for PP. from ./Empirical/Eigenstrat/Reichall/IAM.5/chr22/
Fraction Markers in ROH: 0.5079
Merged n=0 gaps < 0.0 M
Called n=12 ROH Blocks > 1.0 cM
Longest Block: 3.235
Successfully saved to ./Empirical/Eigenstrat/Reichall/IAM.5/chr22/roh.csv
