Doing Individual I1178...
Using Low-Mem Cython Linear Speed Up.
Loaded Pre Processing Model: Eigenstrat
Loading Individual: I1178

Loaded 89147 variants
Loaded 2504 individuals
HDF5 loaded from ./Data/1000Genomes/HDF5/1240kHDF5/all1240/chr1.hdf5
3 Eigenstrat Files with 5081 Individuals and 1233013 SNPs

Intersection on Positions: 89147
Nr of Matching Refs: 89147 / 89147
Full Intersection Ref/Alt Identical: 89082 / 89147
2504 / 2504 Individuals included in Reference
Extraction of 5008 Haplotypes complete
Reduced to markers called 56321 / 89082
(Fraction SNP: 0.6322377135672751)
Successfully saved to: ./Empirical/Eigenstrat/Reichall/I1178/chr1/
Shuffling phase of target...
Successfully loaded Data from: ./Empirical/Eigenstrat/Reichall/I1178/chr1/
Loaded Emission Model: haploid
Loaded Transition Model: model
Loaded Post Processing Model: Standard
Minimum Genetic Map: 0.0201
Maximum Genetic Map: 2.8627
Gaps bigger than 0.1 cM: 347
Maximum Gap: 2.9229 cM
Loaded Transition and Emission Matrix:
(3, 3)
(5009, 56321)
Loaded Observations:
(2, 56321)
Memory Usage: 2723.299328 mB
Reference Number: 5008
Total Log likelihood: -17889.199
Memory Usage: 2723.75808 mB
Finished Calculation State Posteriors
Saved Zero State Posterior to ./Empirical/Eigenstrat/Reichall/I1178/chr1/.
Successfully loaded for PP. from ./Empirical/Eigenstrat/Reichall/I1178/chr1/
Fraction Markers in ROH: 0.5334
Merged n=0 gaps < 0.0 M
Called n=17 ROH Blocks > 1.0 cM
Longest Block: 28.887
Successfully saved to ./Empirical/Eigenstrat/Reichall/I1178/chr1/roh.csv
Using Low-Mem Cython Linear Speed Up.
Loaded Pre Processing Model: Eigenstrat
Loading Individual: I1178

Loaded 94239 variants
Loaded 2504 individuals
HDF5 loaded from ./Data/1000Genomes/HDF5/1240kHDF5/all1240/chr2.hdf5
3 Eigenstrat Files with 5081 Individuals and 1233013 SNPs

Intersection on Positions: 94239
Nr of Matching Refs: 94239 / 94239
Full Intersection Ref/Alt Identical: 94173 / 94239
2504 / 2504 Individuals included in Reference
Extraction of 5008 Haplotypes complete
Reduced to markers called 56381 / 94173
(Fraction SNP: 0.5986960169050577)
Successfully saved to: ./Empirical/Eigenstrat/Reichall/I1178/chr2/
Shuffling phase of target...
Successfully loaded Data from: ./Empirical/Eigenstrat/Reichall/I1178/chr2/
Loaded Emission Model: haploid
Loaded Transition Model: model
Loaded Post Processing Model: Standard
Minimum Genetic Map: 0.0001
Maximum Genetic Map: 2.6883
Gaps bigger than 0.1 cM: 320
Maximum Gap: 3.9381 cM
Loaded Transition and Emission Matrix:
(3, 3)
(5009, 56381)
Loaded Observations:
(2, 56381)
Memory Usage: 2717.618176 mB
Reference Number: 5008
Total Log likelihood: -19946.831
Memory Usage: 2717.618176 mB
Finished Calculation State Posteriors
Saved Zero State Posterior to ./Empirical/Eigenstrat/Reichall/I1178/chr2/.
Successfully loaded for PP. from ./Empirical/Eigenstrat/Reichall/I1178/chr2/
Fraction Markers in ROH: 0.4250
Merged n=0 gaps < 0.0 M
Called n=12 ROH Blocks > 1.0 cM
Longest Block: 14.091
Successfully saved to ./Empirical/Eigenstrat/Reichall/I1178/chr2/roh.csv
Using Low-Mem Cython Linear Speed Up.
Loaded Pre Processing Model: Eigenstrat
Loading Individual: I1178

Loaded 77652 variants
Loaded 2504 individuals
HDF5 loaded from ./Data/1000Genomes/HDF5/1240kHDF5/all1240/chr3.hdf5
3 Eigenstrat Files with 5081 Individuals and 1233013 SNPs

Intersection on Positions: 77652
Nr of Matching Refs: 77652 / 77652
Full Intersection Ref/Alt Identical: 77601 / 77652
2504 / 2504 Individuals included in Reference
Extraction of 5008 Haplotypes complete
Reduced to markers called 45595 / 77601
(Fraction SNP: 0.5875568613806523)
Successfully saved to: ./Empirical/Eigenstrat/Reichall/I1178/chr3/
Shuffling phase of target...
Successfully loaded Data from: ./Empirical/Eigenstrat/Reichall/I1178/chr3/
Loaded Emission Model: haploid
Loaded Transition Model: model
Loaded Post Processing Model: Standard
Minimum Genetic Map: 0.0000
Maximum Genetic Map: 2.2326
Gaps bigger than 0.1 cM: 312
Maximum Gap: 0.3910 cM
Loaded Transition and Emission Matrix:
(3, 3)
(5009, 45595)
Loaded Observations:
(2, 45595)
Memory Usage: 2232.451072 mB
Reference Number: 5008
Total Log likelihood: -9707.225
Memory Usage: 2232.451072 mB
Finished Calculation State Posteriors
Saved Zero State Posterior to ./Empirical/Eigenstrat/Reichall/I1178/chr3/.
Successfully loaded for PP. from ./Empirical/Eigenstrat/Reichall/I1178/chr3/
Fraction Markers in ROH: 0.7645
Merged n=0 gaps < 0.0 M
Called n=8 ROH Blocks > 1.0 cM
Longest Block: 73.538
Successfully saved to ./Empirical/Eigenstrat/Reichall/I1178/chr3/roh.csv
Using Low-Mem Cython Linear Speed Up.
Loaded Pre Processing Model: Eigenstrat
Loading Individual: I1178

Loaded 68759 variants
Loaded 2504 individuals
HDF5 loaded from ./Data/1000Genomes/HDF5/1240kHDF5/all1240/chr4.hdf5
3 Eigenstrat Files with 5081 Individuals and 1233013 SNPs

Intersection on Positions: 68759
Nr of Matching Refs: 68759 / 68759
Full Intersection Ref/Alt Identical: 68720 / 68759
2504 / 2504 Individuals included in Reference
Extraction of 5008 Haplotypes complete
Reduced to markers called 37522 / 68720
(Fraction SNP: 0.5460128055878929)
Successfully saved to: ./Empirical/Eigenstrat/Reichall/I1178/chr4/
Shuffling phase of target...
Successfully loaded Data from: ./Empirical/Eigenstrat/Reichall/I1178/chr4/
Loaded Emission Model: haploid
Loaded Transition Model: model
Loaded Post Processing Model: Standard
Minimum Genetic Map: 0.0034
Maximum Genetic Map: 2.1454
Gaps bigger than 0.1 cM: 302
Maximum Gap: 2.0495 cM
Loaded Transition and Emission Matrix:
(3, 3)
(5009, 37522)
Loaded Observations:
(2, 37522)
Memory Usage: 1870.09024 mB
Reference Number: 5008
Total Log likelihood: -12899.943
Memory Usage: 1870.09024 mB
Finished Calculation State Posteriors
Saved Zero State Posterior to ./Empirical/Eigenstrat/Reichall/I1178/chr4/.
Successfully loaded for PP. from ./Empirical/Eigenstrat/Reichall/I1178/chr4/
Fraction Markers in ROH: 0.4593
Merged n=0 gaps < 0.0 M
Called n=6 ROH Blocks > 1.0 cM
Longest Block: 17.317
Successfully saved to ./Empirical/Eigenstrat/Reichall/I1178/chr4/roh.csv
Using Low-Mem Cython Linear Speed Up.
Loaded Pre Processing Model: Eigenstrat
Loading Individual: I1178

Loaded 69399 variants
Loaded 2504 individuals
HDF5 loaded from ./Data/1000Genomes/HDF5/1240kHDF5/all1240/chr5.hdf5
3 Eigenstrat Files with 5081 Individuals and 1233013 SNPs

Intersection on Positions: 69399
Nr of Matching Refs: 69399 / 69399
Full Intersection Ref/Alt Identical: 69354 / 69399
2504 / 2504 Individuals included in Reference
Extraction of 5008 Haplotypes complete
Reduced to markers called 40943 / 69354
(Fraction SNP: 0.5903480693254896)
Successfully saved to: ./Empirical/Eigenstrat/Reichall/I1178/chr5/
Shuffling phase of target...
Successfully loaded Data from: ./Empirical/Eigenstrat/Reichall/I1178/chr5/
Loaded Emission Model: haploid
Loaded Transition Model: model
Loaded Post Processing Model: Standard
Minimum Genetic Map: 0.0004
Maximum Genetic Map: 2.0409
Gaps bigger than 0.1 cM: 286
Maximum Gap: 1.1070 cM
Loaded Transition and Emission Matrix:
(3, 3)
(5009, 40943)
Loaded Observations:
(2, 40943)
Memory Usage: 2025.619456 mB
Reference Number: 5008
Total Log likelihood: -13937.482
Memory Usage: 2025.619456 mB
Finished Calculation State Posteriors
Saved Zero State Posterior to ./Empirical/Eigenstrat/Reichall/I1178/chr5/.
Successfully loaded for PP. from ./Empirical/Eigenstrat/Reichall/I1178/chr5/
Fraction Markers in ROH: 0.4797
Merged n=0 gaps < 0.0 M
Called n=5 ROH Blocks > 1.0 cM
Longest Block: 21.705
Successfully saved to ./Empirical/Eigenstrat/Reichall/I1178/chr5/roh.csv
Using Low-Mem Cython Linear Speed Up.
Loaded Pre Processing Model: Eigenstrat
Loading Individual: I1178

Loaded 75870 variants
Loaded 2504 individuals
HDF5 loaded from ./Data/1000Genomes/HDF5/1240kHDF5/all1240/chr6.hdf5
3 Eigenstrat Files with 5081 Individuals and 1233013 SNPs

Intersection on Positions: 75870
Nr of Matching Refs: 75870 / 75870
Full Intersection Ref/Alt Identical: 75816 / 75870
2504 / 2504 Individuals included in Reference
Extraction of 5008 Haplotypes complete
Reduced to markers called 44713 / 75816
(Fraction SNP: 0.5897567795715943)
Successfully saved to: ./Empirical/Eigenstrat/Reichall/I1178/chr6/
Shuffling phase of target...
Successfully loaded Data from: ./Empirical/Eigenstrat/Reichall/I1178/chr6/
Loaded Emission Model: haploid
Loaded Transition Model: model
Loaded Post Processing Model: Standard
Minimum Genetic Map: 0.0035
Maximum Genetic Map: 1.9203
Gaps bigger than 0.1 cM: 238
Maximum Gap: 0.5090 cM
Loaded Transition and Emission Matrix:
(3, 3)
(5009, 44713)
Loaded Observations:
(2, 44713)
Memory Usage: 2194.0224 mB
Reference Number: 5008
Total Log likelihood: -11110.278
Memory Usage: 2194.0224 mB
Finished Calculation State Posteriors
Saved Zero State Posterior to ./Empirical/Eigenstrat/Reichall/I1178/chr6/.
Successfully loaded for PP. from ./Empirical/Eigenstrat/Reichall/I1178/chr6/
Fraction Markers in ROH: 0.6918
Merged n=0 gaps < 0.0 M
Called n=5 ROH Blocks > 1.0 cM
Longest Block: 44.092
Successfully saved to ./Empirical/Eigenstrat/Reichall/I1178/chr6/roh.csv
Using Low-Mem Cython Linear Speed Up.
Loaded Pre Processing Model: Eigenstrat
Loading Individual: I1178

Loaded 59890 variants
Loaded 2504 individuals
HDF5 loaded from ./Data/1000Genomes/HDF5/1240kHDF5/all1240/chr7.hdf5
3 Eigenstrat Files with 5081 Individuals and 1233013 SNPs

Intersection on Positions: 59890
Nr of Matching Refs: 59890 / 59890
Full Intersection Ref/Alt Identical: 59836 / 59890
2504 / 2504 Individuals included in Reference
Extraction of 5008 Haplotypes complete
Reduced to markers called 35365 / 59836
(Fraction SNP: 0.5910321545557858)
Successfully saved to: ./Empirical/Eigenstrat/Reichall/I1178/chr7/
Shuffling phase of target...
Successfully loaded Data from: ./Empirical/Eigenstrat/Reichall/I1178/chr7/
Loaded Emission Model: haploid
Loaded Transition Model: model
Loaded Post Processing Model: Standard
Minimum Genetic Map: 0.0000
Maximum Genetic Map: 1.8715
Gaps bigger than 0.1 cM: 266
Maximum Gap: 0.8792 cM
Loaded Transition and Emission Matrix:
(3, 3)
(5009, 35365)
Loaded Observations:
(2, 35365)
Memory Usage: 1772.867584 mB
Reference Number: 5008
Total Log likelihood: -10979.493
Memory Usage: 1772.867584 mB
Finished Calculation State Posteriors
Saved Zero State Posterior to ./Empirical/Eigenstrat/Reichall/I1178/chr7/.
Successfully loaded for PP. from ./Empirical/Eigenstrat/Reichall/I1178/chr7/
Fraction Markers in ROH: 0.5446
Merged n=0 gaps < 0.0 M
Called n=7 ROH Blocks > 1.0 cM
Longest Block: 26.828
Successfully saved to ./Empirical/Eigenstrat/Reichall/I1178/chr7/roh.csv
Using Low-Mem Cython Linear Speed Up.
Loaded Pre Processing Model: Eigenstrat
Loading Individual: I1178

Loaded 61133 variants
Loaded 2504 individuals
HDF5 loaded from ./Data/1000Genomes/HDF5/1240kHDF5/all1240/chr8.hdf5
3 Eigenstrat Files with 5081 Individuals and 1233013 SNPs

Intersection on Positions: 61133
Nr of Matching Refs: 61133 / 61133
Full Intersection Ref/Alt Identical: 61091 / 61133
2504 / 2504 Individuals included in Reference
Extraction of 5008 Haplotypes complete
Reduced to markers called 36780 / 61091
(Fraction SNP: 0.6020526755168519)
Successfully saved to: ./Empirical/Eigenstrat/Reichall/I1178/chr8/
Shuffling phase of target...
Successfully loaded Data from: ./Empirical/Eigenstrat/Reichall/I1178/chr8/
Loaded Emission Model: haploid
Loaded Transition Model: model
Loaded Post Processing Model: Standard
Minimum Genetic Map: 0.0000
Maximum Genetic Map: 1.6800
Gaps bigger than 0.1 cM: 191
Maximum Gap: 1.8932 cM
Loaded Transition and Emission Matrix:
(3, 3)
(5009, 36780)
Loaded Observations:
(2, 36780)
Memory Usage: 1836.929024 mB
Reference Number: 5008
Total Log likelihood: -13011.039
Memory Usage: 1836.929024 mB
Finished Calculation State Posteriors
Saved Zero State Posterior to ./Empirical/Eigenstrat/Reichall/I1178/chr8/.
Successfully loaded for PP. from ./Empirical/Eigenstrat/Reichall/I1178/chr8/
Fraction Markers in ROH: 0.4480
Merged n=0 gaps < 0.0 M
Called n=7 ROH Blocks > 1.0 cM
Longest Block: 1.983
Successfully saved to ./Empirical/Eigenstrat/Reichall/I1178/chr8/roh.csv
Using Low-Mem Cython Linear Speed Up.
Loaded Pre Processing Model: Eigenstrat
Loading Individual: I1178

Loaded 50668 variants
Loaded 2504 individuals
HDF5 loaded from ./Data/1000Genomes/HDF5/1240kHDF5/all1240/chr9.hdf5
3 Eigenstrat Files with 5081 Individuals and 1233013 SNPs

Intersection on Positions: 50668
Nr of Matching Refs: 50668 / 50668
Full Intersection Ref/Alt Identical: 50629 / 50668
2504 / 2504 Individuals included in Reference
Extraction of 5008 Haplotypes complete
Reduced to markers called 30977 / 50629
(Fraction SNP: 0.6118430148728989)
Successfully saved to: ./Empirical/Eigenstrat/Reichall/I1178/chr9/
Shuffling phase of target...
Successfully loaded Data from: ./Empirical/Eigenstrat/Reichall/I1178/chr9/
Loaded Emission Model: haploid
Loaded Transition Model: model
Loaded Post Processing Model: Standard
Minimum Genetic Map: 0.0016
Maximum Genetic Map: 1.6630
Gaps bigger than 0.1 cM: 243
Maximum Gap: 1.8819 cM
Loaded Transition and Emission Matrix:
(3, 3)
(5009, 30977)
Loaded Observations:
(2, 30977)
Memory Usage: 1576.902656 mB
Reference Number: 5008
Total Log likelihood: -9816.906
Memory Usage: 1576.902656 mB
Finished Calculation State Posteriors
Saved Zero State Posterior to ./Empirical/Eigenstrat/Reichall/I1178/chr9/.
Successfully loaded for PP. from ./Empirical/Eigenstrat/Reichall/I1178/chr9/
Fraction Markers in ROH: 0.5302
Merged n=0 gaps < 0.0 M
Called n=10 ROH Blocks > 1.0 cM
Longest Block: 15.287
Successfully saved to ./Empirical/Eigenstrat/Reichall/I1178/chr9/roh.csv
Using Low-Mem Cython Linear Speed Up.
Loaded Pre Processing Model: Eigenstrat
Loading Individual: I1178

Loaded 58804 variants
Loaded 2504 individuals
HDF5 loaded from ./Data/1000Genomes/HDF5/1240kHDF5/all1240/chr10.hdf5
3 Eigenstrat Files with 5081 Individuals and 1233013 SNPs

Intersection on Positions: 58804
Nr of Matching Refs: 58804 / 58804
Full Intersection Ref/Alt Identical: 58763 / 58804
2504 / 2504 Individuals included in Reference
Extraction of 5008 Haplotypes complete
Reduced to markers called 37097 / 58763
(Fraction SNP: 0.6312986062658476)
Successfully saved to: ./Empirical/Eigenstrat/Reichall/I1178/chr10/
Shuffling phase of target...
Successfully loaded Data from: ./Empirical/Eigenstrat/Reichall/I1178/chr10/
Loaded Emission Model: haploid
Loaded Transition Model: model
Loaded Post Processing Model: Standard
Minimum Genetic Map: 0.0001
Maximum Genetic Map: 1.8091
Gaps bigger than 0.1 cM: 239
Maximum Gap: 2.0338 cM
Loaded Transition and Emission Matrix:
(3, 3)
(5009, 37097)
Loaded Observations:
(2, 37097)
Memory Usage: 1853.31712 mB
Reference Number: 5008
Total Log likelihood: -12838.990
Memory Usage: 1853.31712 mB
Finished Calculation State Posteriors
Saved Zero State Posterior to ./Empirical/Eigenstrat/Reichall/I1178/chr10/.
Successfully loaded for PP. from ./Empirical/Eigenstrat/Reichall/I1178/chr10/
Fraction Markers in ROH: 0.4301
Merged n=0 gaps < 0.0 M
Called n=7 ROH Blocks > 1.0 cM
Longest Block: 9.010
Successfully saved to ./Empirical/Eigenstrat/Reichall/I1178/chr10/roh.csv
Using Low-Mem Cython Linear Speed Up.
Loaded Pre Processing Model: Eigenstrat
Loading Individual: I1178

Loaded 54833 variants
Loaded 2504 individuals
HDF5 loaded from ./Data/1000Genomes/HDF5/1240kHDF5/all1240/chr11.hdf5
3 Eigenstrat Files with 5081 Individuals and 1233013 SNPs

Intersection on Positions: 54833
Nr of Matching Refs: 54833 / 54833
Full Intersection Ref/Alt Identical: 54796 / 54833
2504 / 2504 Individuals included in Reference
Extraction of 5008 Haplotypes complete
Reduced to markers called 34127 / 54796
(Fraction SNP: 0.6228009343747719)
Successfully saved to: ./Empirical/Eigenstrat/Reichall/I1178/chr11/
Shuffling phase of target...
Successfully loaded Data from: ./Empirical/Eigenstrat/Reichall/I1178/chr11/
Loaded Emission Model: haploid
Loaded Transition Model: model
Loaded Post Processing Model: Standard
Minimum Genetic Map: 0.0000
Maximum Genetic Map: 1.5822
Gaps bigger than 0.1 cM: 218
Maximum Gap: 0.5366 cM
Loaded Transition and Emission Matrix:
(3, 3)
(5009, 34127)
Loaded Observations:
(2, 34127)
Memory Usage: 1721.004032 mB
Reference Number: 5008
Total Log likelihood: -12648.260
Memory Usage: 1721.004032 mB
Finished Calculation State Posteriors
Saved Zero State Posterior to ./Empirical/Eigenstrat/Reichall/I1178/chr11/.
Successfully loaded for PP. from ./Empirical/Eigenstrat/Reichall/I1178/chr11/
Fraction Markers in ROH: 0.4038
Merged n=0 gaps < 0.0 M
Called n=7 ROH Blocks > 1.0 cM
Longest Block: 4.170
Successfully saved to ./Empirical/Eigenstrat/Reichall/I1178/chr11/roh.csv
Using Low-Mem Cython Linear Speed Up.
Loaded Pre Processing Model: Eigenstrat
Loading Individual: I1178

Loaded 53911 variants
Loaded 2504 individuals
HDF5 loaded from ./Data/1000Genomes/HDF5/1240kHDF5/all1240/chr12.hdf5
3 Eigenstrat Files with 5081 Individuals and 1233013 SNPs

Intersection on Positions: 53911
Nr of Matching Refs: 53911 / 53911
Full Intersection Ref/Alt Identical: 53884 / 53911
2504 / 2504 Individuals included in Reference
Extraction of 5008 Haplotypes complete
Reduced to markers called 32392 / 53884
(Fraction SNP: 0.601143196496177)
Successfully saved to: ./Empirical/Eigenstrat/Reichall/I1178/chr12/
Shuffling phase of target...
Successfully loaded Data from: ./Empirical/Eigenstrat/Reichall/I1178/chr12/
Loaded Emission Model: haploid
Loaded Transition Model: model
Loaded Post Processing Model: Standard
Minimum Genetic Map: 0.0009
Maximum Genetic Map: 1.7468
Gaps bigger than 0.1 cM: 249
Maximum Gap: 0.8015 cM
Loaded Transition and Emission Matrix:
(3, 3)
(5009, 32392)
Loaded Observations:
(2, 32392)
Memory Usage: 1638.326272 mB
Reference Number: 5008
Total Log likelihood: -11300.705
Memory Usage: 1638.326272 mB
Finished Calculation State Posteriors
Saved Zero State Posterior to ./Empirical/Eigenstrat/Reichall/I1178/chr12/.
Successfully loaded for PP. from ./Empirical/Eigenstrat/Reichall/I1178/chr12/
Fraction Markers in ROH: 0.4559
Merged n=0 gaps < 0.0 M
Called n=12 ROH Blocks > 1.0 cM
Longest Block: 5.981
Successfully saved to ./Empirical/Eigenstrat/Reichall/I1178/chr12/roh.csv
Using Low-Mem Cython Linear Speed Up.
Loaded Pre Processing Model: Eigenstrat
Loading Individual: I1178

Loaded 39018 variants
Loaded 2504 individuals
HDF5 loaded from ./Data/1000Genomes/HDF5/1240kHDF5/all1240/chr13.hdf5
3 Eigenstrat Files with 5081 Individuals and 1233013 SNPs

Intersection on Positions: 39018
Nr of Matching Refs: 39018 / 39018
Full Intersection Ref/Alt Identical: 38994 / 39018
2504 / 2504 Individuals included in Reference
Extraction of 5008 Haplotypes complete
Reduced to markers called 21804 / 38994
(Fraction SNP: 0.5591629481458686)
Successfully saved to: ./Empirical/Eigenstrat/Reichall/I1178/chr13/
Shuffling phase of target...
Successfully loaded Data from: ./Empirical/Eigenstrat/Reichall/I1178/chr13/
Loaded Emission Model: haploid
Loaded Transition Model: model
Loaded Post Processing Model: Standard
Minimum Genetic Map: 0.0019
Maximum Genetic Map: 1.2570
Gaps bigger than 0.1 cM: 190
Maximum Gap: 1.2216 cM
Loaded Transition and Emission Matrix:
(3, 3)
(5009, 21804)
Loaded Observations:
(2, 21804)
Memory Usage: 1161.027584 mB
Reference Number: 5008
Total Log likelihood: -8220.921
Memory Usage: 1161.027584 mB
Finished Calculation State Posteriors
Saved Zero State Posterior to ./Empirical/Eigenstrat/Reichall/I1178/chr13/.
Successfully loaded for PP. from ./Empirical/Eigenstrat/Reichall/I1178/chr13/
Fraction Markers in ROH: 0.3919
Merged n=0 gaps < 0.0 M
Called n=4 ROH Blocks > 1.0 cM
Longest Block: 8.191
Successfully saved to ./Empirical/Eigenstrat/Reichall/I1178/chr13/roh.csv
Using Low-Mem Cython Linear Speed Up.
Loaded Pre Processing Model: Eigenstrat
Loading Individual: I1178

Loaded 36301 variants
Loaded 2504 individuals
HDF5 loaded from ./Data/1000Genomes/HDF5/1240kHDF5/all1240/chr14.hdf5
3 Eigenstrat Files with 5081 Individuals and 1233013 SNPs

Intersection on Positions: 36301
Nr of Matching Refs: 36301 / 36301
Full Intersection Ref/Alt Identical: 36280 / 36301
2504 / 2504 Individuals included in Reference
Extraction of 5008 Haplotypes complete
Reduced to markers called 21915 / 36280
(Fraction SNP: 0.6040518191841234)
Successfully saved to: ./Empirical/Eigenstrat/Reichall/I1178/chr14/
Shuffling phase of target...
Successfully loaded Data from: ./Empirical/Eigenstrat/Reichall/I1178/chr14/
Loaded Emission Model: haploid
Loaded Transition Model: model
Loaded Post Processing Model: Standard
Minimum Genetic Map: 0.0184
Maximum Genetic Map: 1.2020
Gaps bigger than 0.1 cM: 176
Maximum Gap: 3.0853 cM
Loaded Transition and Emission Matrix:
(3, 3)
(5009, 21915)
Loaded Observations:
(2, 21915)
Memory Usage: 1167.863808 mB
Reference Number: 5008
Total Log likelihood: -7716.587
Memory Usage: 1167.863808 mB
Finished Calculation State Posteriors
Saved Zero State Posterior to ./Empirical/Eigenstrat/Reichall/I1178/chr14/.
Successfully loaded for PP. from ./Empirical/Eigenstrat/Reichall/I1178/chr14/
Fraction Markers in ROH: 0.4512
Merged n=0 gaps < 0.0 M
Called n=5 ROH Blocks > 1.0 cM
Longest Block: 3.663
Successfully saved to ./Empirical/Eigenstrat/Reichall/I1178/chr14/roh.csv
Using Low-Mem Cython Linear Speed Up.
Loaded Pre Processing Model: Eigenstrat
Loading Individual: I1178

Loaded 34429 variants
Loaded 2504 individuals
HDF5 loaded from ./Data/1000Genomes/HDF5/1240kHDF5/all1240/chr15.hdf5
3 Eigenstrat Files with 5081 Individuals and 1233013 SNPs

Intersection on Positions: 34429
Nr of Matching Refs: 34429 / 34429
Full Intersection Ref/Alt Identical: 34407 / 34429
2504 / 2504 Individuals included in Reference
Extraction of 5008 Haplotypes complete
Reduced to markers called 21945 / 34407
(Fraction SNP: 0.6378062603539977)
Successfully saved to: ./Empirical/Eigenstrat/Reichall/I1178/chr15/
Shuffling phase of target...
Successfully loaded Data from: ./Empirical/Eigenstrat/Reichall/I1178/chr15/
Loaded Emission Model: haploid
Loaded Transition Model: model
Loaded Post Processing Model: Standard
Minimum Genetic Map: 0.0000
Maximum Genetic Map: 1.4134
Gaps bigger than 0.1 cM: 172
Maximum Gap: 13.7349 cM
Loaded Transition and Emission Matrix:
(3, 3)
(5009, 21945)
Loaded Observations:
(2, 21945)
Memory Usage: 1169.48992 mB
Reference Number: 5008
Total Log likelihood: -5998.149
Memory Usage: 1169.48992 mB
Finished Calculation State Posteriors
Saved Zero State Posterior to ./Empirical/Eigenstrat/Reichall/I1178/chr15/.
Successfully loaded for PP. from ./Empirical/Eigenstrat/Reichall/I1178/chr15/
Fraction Markers in ROH: 0.6428
Merged n=0 gaps < 0.0 M
Called n=9 ROH Blocks > 1.0 cM
Longest Block: 13.631
Successfully saved to ./Empirical/Eigenstrat/Reichall/I1178/chr15/roh.csv
Using Low-Mem Cython Linear Speed Up.
Loaded Pre Processing Model: Eigenstrat
Loading Individual: I1178

Loaded 34402 variants
Loaded 2504 individuals
HDF5 loaded from ./Data/1000Genomes/HDF5/1240kHDF5/all1240/chr16.hdf5
3 Eigenstrat Files with 5081 Individuals and 1233013 SNPs

Intersection on Positions: 34402
Nr of Matching Refs: 34402 / 34402
Full Intersection Ref/Alt Identical: 34375 / 34402
2504 / 2504 Individuals included in Reference
Extraction of 5008 Haplotypes complete
Reduced to markers called 23381 / 34375
(Fraction SNP: 0.6801745454545455)
Successfully saved to: ./Empirical/Eigenstrat/Reichall/I1178/chr16/
Shuffling phase of target...
Successfully loaded Data from: ./Empirical/Eigenstrat/Reichall/I1178/chr16/
Loaded Emission Model: haploid
Loaded Transition Model: model
Loaded Post Processing Model: Standard
Minimum Genetic Map: -0.0000
Maximum Genetic Map: 1.3403
Gaps bigger than 0.1 cM: 182
Maximum Gap: 0.8461 cM
Loaded Transition and Emission Matrix:
(3, 3)
(5009, 23381)
Loaded Observations:
(2, 23381)
Memory Usage: 1235.533824 mB
Reference Number: 5008
Total Log likelihood: -6926.665
Memory Usage: 1235.533824 mB
Finished Calculation State Posteriors
Saved Zero State Posterior to ./Empirical/Eigenstrat/Reichall/I1178/chr16/.
Successfully loaded for PP. from ./Empirical/Eigenstrat/Reichall/I1178/chr16/
Fraction Markers in ROH: 0.6104
Merged n=0 gaps < 0.0 M
Called n=5 ROH Blocks > 1.0 cM
Longest Block: 34.701
Successfully saved to ./Empirical/Eigenstrat/Reichall/I1178/chr16/roh.csv
Using Low-Mem Cython Linear Speed Up.
Loaded Pre Processing Model: Eigenstrat
Loading Individual: I1178

Loaded 29314 variants
Loaded 2504 individuals
HDF5 loaded from ./Data/1000Genomes/HDF5/1240kHDF5/all1240/chr17.hdf5
3 Eigenstrat Files with 5081 Individuals and 1233013 SNPs

Intersection on Positions: 29314
Nr of Matching Refs: 29314 / 29314
Full Intersection Ref/Alt Identical: 29292 / 29314
2504 / 2504 Individuals included in Reference
Extraction of 5008 Haplotypes complete
Reduced to markers called 20525 / 29292
(Fraction SNP: 0.7007032636897447)
Successfully saved to: ./Empirical/Eigenstrat/Reichall/I1178/chr17/
Shuffling phase of target...
Successfully loaded Data from: ./Empirical/Eigenstrat/Reichall/I1178/chr17/
Loaded Emission Model: haploid
Loaded Transition Model: model
Loaded Post Processing Model: Standard
Minimum Genetic Map: -0.0003
Maximum Genetic Map: 1.2847
Gaps bigger than 0.1 cM: 173
Maximum Gap: 1.2341 cM
Loaded Transition and Emission Matrix:
(3, 3)
(5009, 20525)
Loaded Observations:
(2, 20525)
Memory Usage: 1104.965632 mB
Reference Number: 5008
Total Log likelihood: -6670.698
Memory Usage: 1104.965632 mB
Finished Calculation State Posteriors
Saved Zero State Posterior to ./Empirical/Eigenstrat/Reichall/I1178/chr17/.
Successfully loaded for PP. from ./Empirical/Eigenstrat/Reichall/I1178/chr17/
Fraction Markers in ROH: 0.5538
Merged n=0 gaps < 0.0 M
Called n=5 ROH Blocks > 1.0 cM
Longest Block: 25.526
Successfully saved to ./Empirical/Eigenstrat/Reichall/I1178/chr17/roh.csv
Using Low-Mem Cython Linear Speed Up.
Loaded Pre Processing Model: Eigenstrat
Loading Individual: I1178

Loaded 33917 variants
Loaded 2504 individuals
HDF5 loaded from ./Data/1000Genomes/HDF5/1240kHDF5/all1240/chr18.hdf5
3 Eigenstrat Files with 5081 Individuals and 1233013 SNPs

Intersection on Positions: 33917
Nr of Matching Refs: 33917 / 33917
Full Intersection Ref/Alt Identical: 33902 / 33917
2504 / 2504 Individuals included in Reference
Extraction of 5008 Haplotypes complete
Reduced to markers called 20197 / 33902
(Fraction SNP: 0.5957465636245649)
Successfully saved to: ./Empirical/Eigenstrat/Reichall/I1178/chr18/
Shuffling phase of target...
Successfully loaded Data from: ./Empirical/Eigenstrat/Reichall/I1178/chr18/
Loaded Emission Model: haploid
Loaded Transition Model: model
Loaded Post Processing Model: Standard
Minimum Genetic Map: 0.0025
Maximum Genetic Map: 1.1771
Gaps bigger than 0.1 cM: 174
Maximum Gap: 0.4827 cM
Loaded Transition and Emission Matrix:
(3, 3)
(5009, 20197)
Loaded Observations:
(2, 20197)
Memory Usage: 1089.6384 mB
Reference Number: 5008
Total Log likelihood: -6842.994
Memory Usage: 1089.6384 mB
Finished Calculation State Posteriors
Saved Zero State Posterior to ./Empirical/Eigenstrat/Reichall/I1178/chr18/.
Successfully loaded for PP. from ./Empirical/Eigenstrat/Reichall/I1178/chr18/
Fraction Markers in ROH: 0.4675
Merged n=0 gaps < 0.0 M
Called n=4 ROH Blocks > 1.0 cM
Longest Block: 11.549
Successfully saved to ./Empirical/Eigenstrat/Reichall/I1178/chr18/roh.csv
Using Low-Mem Cython Linear Speed Up.
Loaded Pre Processing Model: Eigenstrat
Loading Individual: I1178

Loaded 18460 variants
Loaded 2504 individuals
HDF5 loaded from ./Data/1000Genomes/HDF5/1240kHDF5/all1240/chr19.hdf5
3 Eigenstrat Files with 5081 Individuals and 1233013 SNPs

Intersection on Positions: 18460
Nr of Matching Refs: 18460 / 18460
Full Intersection Ref/Alt Identical: 18441 / 18460
2504 / 2504 Individuals included in Reference
Extraction of 5008 Haplotypes complete
Reduced to markers called 13542 / 18441
(Fraction SNP: 0.7343419554254108)
Successfully saved to: ./Empirical/Eigenstrat/Reichall/I1178/chr19/
Shuffling phase of target...
Successfully loaded Data from: ./Empirical/Eigenstrat/Reichall/I1178/chr19/
Loaded Emission Model: haploid
Loaded Transition Model: model
Loaded Post Processing Model: Standard
Minimum Genetic Map: 0.0000
Maximum Genetic Map: 1.0773
Gaps bigger than 0.1 cM: 169
Maximum Gap: 0.5964 cM
Loaded Transition and Emission Matrix:
(3, 3)
(5009, 13542)
Loaded Observations:
(2, 13542)
Memory Usage: 789.901312 mB
Reference Number: 5008
Total Log likelihood: -3408.860
Memory Usage: 789.901312 mB
Finished Calculation State Posteriors
Saved Zero State Posterior to ./Empirical/Eigenstrat/Reichall/I1178/chr19/.
Successfully loaded for PP. from ./Empirical/Eigenstrat/Reichall/I1178/chr19/
Fraction Markers in ROH: 0.7610
Merged n=0 gaps < 0.0 M
Called n=6 ROH Blocks > 1.0 cM
Longest Block: 30.723
Successfully saved to ./Empirical/Eigenstrat/Reichall/I1178/chr19/roh.csv
Using Low-Mem Cython Linear Speed Up.
Loaded Pre Processing Model: Eigenstrat
Loading Individual: I1178

Loaded 29078 variants
Loaded 2504 individuals
HDF5 loaded from ./Data/1000Genomes/HDF5/1240kHDF5/all1240/chr20.hdf5
3 Eigenstrat Files with 5081 Individuals and 1233013 SNPs

Intersection on Positions: 29078
Nr of Matching Refs: 29078 / 29078
Full Intersection Ref/Alt Identical: 29053 / 29078
2504 / 2504 Individuals included in Reference
Extraction of 5008 Haplotypes complete
Reduced to markers called 19815 / 29053
(Fraction SNP: 0.6820293945547792)
Successfully saved to: ./Empirical/Eigenstrat/Reichall/I1178/chr20/
Shuffling phase of target...
Successfully loaded Data from: ./Empirical/Eigenstrat/Reichall/I1178/chr20/
Loaded Emission Model: haploid
Loaded Transition Model: model
Loaded Post Processing Model: Standard
Minimum Genetic Map: 0.0000
Maximum Genetic Map: 1.0821
Gaps bigger than 0.1 cM: 159
Maximum Gap: 0.4744 cM
Loaded Transition and Emission Matrix:
(3, 3)
(5009, 19815)
Loaded Observations:
(2, 19815)
Memory Usage: 1073.475584 mB
Reference Number: 5008
Total Log likelihood: -5531.021
Memory Usage: 1073.475584 mB
Finished Calculation State Posteriors
Saved Zero State Posterior to ./Empirical/Eigenstrat/Reichall/I1178/chr20/.
Successfully loaded for PP. from ./Empirical/Eigenstrat/Reichall/I1178/chr20/
Fraction Markers in ROH: 0.6218
Merged n=0 gaps < 0.0 M
Called n=7 ROH Blocks > 1.0 cM
Longest Block: 15.877
Successfully saved to ./Empirical/Eigenstrat/Reichall/I1178/chr20/roh.csv
Using Low-Mem Cython Linear Speed Up.
Loaded Pre Processing Model: Eigenstrat
Loading Individual: I1178

Loaded 16038 variants
Loaded 2504 individuals
HDF5 loaded from ./Data/1000Genomes/HDF5/1240kHDF5/all1240/chr21.hdf5
3 Eigenstrat Files with 5081 Individuals and 1233013 SNPs

Intersection on Positions: 16038
Nr of Matching Refs: 16038 / 16038
Full Intersection Ref/Alt Identical: 16031 / 16038
2504 / 2504 Individuals included in Reference
Extraction of 5008 Haplotypes complete
Reduced to markers called 9616 / 16031
(Fraction SNP: 0.5998378142349199)
Successfully saved to: ./Empirical/Eigenstrat/Reichall/I1178/chr21/
Shuffling phase of target...
Successfully loaded Data from: ./Empirical/Eigenstrat/Reichall/I1178/chr21/
Loaded Emission Model: haploid
Loaded Transition Model: model
Loaded Post Processing Model: Standard
Minimum Genetic Map: -0.0085
Maximum Genetic Map: 0.6277
Gaps bigger than 0.1 cM: 112
Maximum Gap: 1.7201 cM
Loaded Transition and Emission Matrix:
(3, 3)
(5009, 9616)
Loaded Observations:
(2, 9616)
Memory Usage: 614.756352 mB
Reference Number: 5008
Total Log likelihood: -3512.872
Memory Usage: 614.756352 mB
Finished Calculation State Posteriors
Saved Zero State Posterior to ./Empirical/Eigenstrat/Reichall/I1178/chr21/.
Successfully loaded for PP. from ./Empirical/Eigenstrat/Reichall/I1178/chr21/
Fraction Markers in ROH: 0.4360
Merged n=0 gaps < 0.0 M
Called n=3 ROH Blocks > 1.0 cM
Longest Block: 5.442
Successfully saved to ./Empirical/Eigenstrat/Reichall/I1178/chr21/roh.csv
Using Low-Mem Cython Linear Speed Up.
Loaded Pre Processing Model: Eigenstrat
Loading Individual: I1178

Loaded 15802 variants
Loaded 2504 individuals
HDF5 loaded from ./Data/1000Genomes/HDF5/1240kHDF5/all1240/chr22.hdf5
3 Eigenstrat Files with 5081 Individuals and 1233013 SNPs

Intersection on Positions: 15802
Nr of Matching Refs: 15802 / 15802
Full Intersection Ref/Alt Identical: 15793 / 15802
2504 / 2504 Individuals included in Reference
Extraction of 5008 Haplotypes complete
Reduced to markers called 11929 / 15793
(Fraction SNP: 0.755334641929969)
Successfully saved to: ./Empirical/Eigenstrat/Reichall/I1178/chr22/
Shuffling phase of target...
Successfully loaded Data from: ./Empirical/Eigenstrat/Reichall/I1178/chr22/
Loaded Emission Model: haploid
Loaded Transition Model: model
Loaded Post Processing Model: Standard
Minimum Genetic Map: 0.0180
Maximum Genetic Map: 0.7408
Gaps bigger than 0.1 cM: 102
Maximum Gap: 1.6949 cM
Loaded Transition and Emission Matrix:
(3, 3)
(5009, 11929)
Loaded Observations:
(2, 11929)
Memory Usage: 716.136448 mB
Reference Number: 5008
Total Log likelihood: -4039.167
Memory Usage: 716.14464 mB
Finished Calculation State Posteriors
Saved Zero State Posterior to ./Empirical/Eigenstrat/Reichall/I1178/chr22/.
Successfully loaded for PP. from ./Empirical/Eigenstrat/Reichall/I1178/chr22/
Fraction Markers in ROH: 0.5228
Merged n=0 gaps < 0.0 M
Called n=4 ROH Blocks > 1.0 cM
Longest Block: 10.648
Successfully saved to ./Empirical/Eigenstrat/Reichall/I1178/chr22/roh.csv
