Doing Individual Denisova_snpAD.DG...
Using Low-Mem Cython Linear Speed Up.
Loaded Pre Processing Model: Eigenstrat
Loading Individual: Denisova_snpAD.DG

Loaded 89147 variants
Loaded 2504 individuals
HDF5 loaded from ./Data/1000Genomes/HDF5/1240kHDF5/all1240/chr1.hdf5
3 Eigenstrat Files with 5081 Individuals and 1233013 SNPs

Intersection on Positions: 89147
Nr of Matching Refs: 89147 / 89147
Full Intersection Ref/Alt Identical: 89082 / 89147
2504 / 2504 Individuals included in Reference
Extraction of 5008 Haplotypes complete
Reduced to markers called 82399 / 89082
(Fraction SNP: 0.9249792326171392)
Successfully saved to: ./Empirical/Eigenstrat/Reichall/Denisova_snpAD.DG/chr1/
Shuffling phase of target...
Successfully loaded Data from: ./Empirical/Eigenstrat/Reichall/Denisova_snpAD.DG/chr1/
Loaded Emission Model: haploid
Loaded Transition Model: model
Loaded Post Processing Model: Standard
Minimum Genetic Map: 0.0225
Maximum Genetic Map: 2.8627
Gaps bigger than 0.1 cM: 266
Maximum Gap: 2.9232 cM
Loaded Transition and Emission Matrix:
(3, 3)
(5009, 82399)
Loaded Observations:
(2, 82399)
Memory Usage: 3899.424768 mB
Reference Number: 5008
Total Log likelihood: -30746.552
Memory Usage: 3899.88352 mB
Finished Calculation State Posteriors
Saved Zero State Posterior to ./Empirical/Eigenstrat/Reichall/Denisova_snpAD.DG/chr1/.
Successfully loaded for PP. from ./Empirical/Eigenstrat/Reichall/Denisova_snpAD.DG/chr1/
Fraction Markers in ROH: 0.7084
Merged n=0 gaps < 0.0 M
Called n=51 ROH Blocks > 1.0 cM
Longest Block: 3.130
Successfully saved to ./Empirical/Eigenstrat/Reichall/Denisova_snpAD.DG/chr1/roh.csv
Using Low-Mem Cython Linear Speed Up.
Loaded Pre Processing Model: Eigenstrat
Loading Individual: Denisova_snpAD.DG

Loaded 94239 variants
Loaded 2504 individuals
HDF5 loaded from ./Data/1000Genomes/HDF5/1240kHDF5/all1240/chr2.hdf5
3 Eigenstrat Files with 5081 Individuals and 1233013 SNPs

Intersection on Positions: 94239
Nr of Matching Refs: 94239 / 94239
Full Intersection Ref/Alt Identical: 94173 / 94239
2504 / 2504 Individuals included in Reference
Extraction of 5008 Haplotypes complete
Reduced to markers called 87103 / 94173
(Fraction SNP: 0.9249254032472153)
Successfully saved to: ./Empirical/Eigenstrat/Reichall/Denisova_snpAD.DG/chr2/
Shuffling phase of target...
Successfully loaded Data from: ./Empirical/Eigenstrat/Reichall/Denisova_snpAD.DG/chr2/
Loaded Emission Model: haploid
Loaded Transition Model: model
Loaded Post Processing Model: Standard
Minimum Genetic Map: 0.0001
Maximum Genetic Map: 2.6883
Gaps bigger than 0.1 cM: 249
Maximum Gap: 2.0166 cM
Loaded Transition and Emission Matrix:
(3, 3)
(5009, 87103)
Loaded Observations:
(2, 87103)
Memory Usage: 4103.368704 mB
Reference Number: 5008
Total Log likelihood: -33420.150
Memory Usage: 4103.368704 mB
Finished Calculation State Posteriors
Saved Zero State Posterior to ./Empirical/Eigenstrat/Reichall/Denisova_snpAD.DG/chr2/.
Successfully loaded for PP. from ./Empirical/Eigenstrat/Reichall/Denisova_snpAD.DG/chr2/
Fraction Markers in ROH: 0.7225
Merged n=0 gaps < 0.0 M
Called n=45 ROH Blocks > 1.0 cM
Longest Block: 3.679
Successfully saved to ./Empirical/Eigenstrat/Reichall/Denisova_snpAD.DG/chr2/roh.csv
Using Low-Mem Cython Linear Speed Up.
Loaded Pre Processing Model: Eigenstrat
Loading Individual: Denisova_snpAD.DG

Loaded 77652 variants
Loaded 2504 individuals
HDF5 loaded from ./Data/1000Genomes/HDF5/1240kHDF5/all1240/chr3.hdf5
3 Eigenstrat Files with 5081 Individuals and 1233013 SNPs

Intersection on Positions: 77652
Nr of Matching Refs: 77652 / 77652
Full Intersection Ref/Alt Identical: 77601 / 77652
2504 / 2504 Individuals included in Reference
Extraction of 5008 Haplotypes complete
Reduced to markers called 71706 / 77601
(Fraction SNP: 0.9240344840916999)
Successfully saved to: ./Empirical/Eigenstrat/Reichall/Denisova_snpAD.DG/chr3/
Shuffling phase of target...
Successfully loaded Data from: ./Empirical/Eigenstrat/Reichall/Denisova_snpAD.DG/chr3/
Loaded Emission Model: haploid
Loaded Transition Model: model
Loaded Post Processing Model: Standard
Minimum Genetic Map: 0.0000
Maximum Genetic Map: 2.2326
Gaps bigger than 0.1 cM: 234
Maximum Gap: 0.4094 cM
Loaded Transition and Emission Matrix:
(3, 3)
(5009, 71706)
Loaded Observations:
(2, 71706)
Memory Usage: 3410.587648 mB
Reference Number: 5008
Total Log likelihood: -27550.274
Memory Usage: 3410.587648 mB
Finished Calculation State Posteriors
Saved Zero State Posterior to ./Empirical/Eigenstrat/Reichall/Denisova_snpAD.DG/chr3/.
Successfully loaded for PP. from ./Empirical/Eigenstrat/Reichall/Denisova_snpAD.DG/chr3/
Fraction Markers in ROH: 0.6990
Merged n=0 gaps < 0.0 M
Called n=31 ROH Blocks > 1.0 cM
Longest Block: 2.956
Successfully saved to ./Empirical/Eigenstrat/Reichall/Denisova_snpAD.DG/chr3/roh.csv
Using Low-Mem Cython Linear Speed Up.
Loaded Pre Processing Model: Eigenstrat
Loading Individual: Denisova_snpAD.DG

Loaded 68759 variants
Loaded 2504 individuals
HDF5 loaded from ./Data/1000Genomes/HDF5/1240kHDF5/all1240/chr4.hdf5
3 Eigenstrat Files with 5081 Individuals and 1233013 SNPs

Intersection on Positions: 68759
Nr of Matching Refs: 68759 / 68759
Full Intersection Ref/Alt Identical: 68720 / 68759
2504 / 2504 Individuals included in Reference
Extraction of 5008 Haplotypes complete
Reduced to markers called 63190 / 68720
(Fraction SNP: 0.9195285215366705)
Successfully saved to: ./Empirical/Eigenstrat/Reichall/Denisova_snpAD.DG/chr4/
Shuffling phase of target...
Successfully loaded Data from: ./Empirical/Eigenstrat/Reichall/Denisova_snpAD.DG/chr4/
Loaded Emission Model: haploid
Loaded Transition Model: model
Loaded Post Processing Model: Standard
Minimum Genetic Map: 0.0034
Maximum Genetic Map: 2.1454
Gaps bigger than 0.1 cM: 211
Maximum Gap: 2.1141 cM
Loaded Transition and Emission Matrix:
(3, 3)
(5009, 63190)
Loaded Observations:
(2, 63190)
Memory Usage: 3028.004864 mB
Reference Number: 5008
Total Log likelihood: -24312.396
Memory Usage: 3028.004864 mB
Finished Calculation State Posteriors
Saved Zero State Posterior to ./Empirical/Eigenstrat/Reichall/Denisova_snpAD.DG/chr4/.
Successfully loaded for PP. from ./Empirical/Eigenstrat/Reichall/Denisova_snpAD.DG/chr4/
Fraction Markers in ROH: 0.7053
Merged n=0 gaps < 0.0 M
Called n=35 ROH Blocks > 1.0 cM
Longest Block: 2.959
Successfully saved to ./Empirical/Eigenstrat/Reichall/Denisova_snpAD.DG/chr4/roh.csv
Using Low-Mem Cython Linear Speed Up.
Loaded Pre Processing Model: Eigenstrat
Loading Individual: Denisova_snpAD.DG

Loaded 69399 variants
Loaded 2504 individuals
HDF5 loaded from ./Data/1000Genomes/HDF5/1240kHDF5/all1240/chr5.hdf5
3 Eigenstrat Files with 5081 Individuals and 1233013 SNPs

Intersection on Positions: 69399
Nr of Matching Refs: 69399 / 69399
Full Intersection Ref/Alt Identical: 69354 / 69399
2504 / 2504 Individuals included in Reference
Extraction of 5008 Haplotypes complete
Reduced to markers called 64199 / 69354
(Fraction SNP: 0.9256711941632783)
Successfully saved to: ./Empirical/Eigenstrat/Reichall/Denisova_snpAD.DG/chr5/
Shuffling phase of target...
Successfully loaded Data from: ./Empirical/Eigenstrat/Reichall/Denisova_snpAD.DG/chr5/
Loaded Emission Model: haploid
Loaded Transition Model: model
Loaded Post Processing Model: Standard
Minimum Genetic Map: 0.0004
Maximum Genetic Map: 2.0409
Gaps bigger than 0.1 cM: 220
Maximum Gap: 1.0985 cM
Loaded Transition and Emission Matrix:
(3, 3)
(5009, 64199)
Loaded Observations:
(2, 64199)
Memory Usage: 3074.543616 mB
Reference Number: 5008
Total Log likelihood: -23852.587
Memory Usage: 3074.543616 mB
Finished Calculation State Posteriors
Saved Zero State Posterior to ./Empirical/Eigenstrat/Reichall/Denisova_snpAD.DG/chr5/.
Successfully loaded for PP. from ./Empirical/Eigenstrat/Reichall/Denisova_snpAD.DG/chr5/
Fraction Markers in ROH: 0.7170
Merged n=0 gaps < 0.0 M
Called n=30 ROH Blocks > 1.0 cM
Longest Block: 2.838
Successfully saved to ./Empirical/Eigenstrat/Reichall/Denisova_snpAD.DG/chr5/roh.csv
Using Low-Mem Cython Linear Speed Up.
Loaded Pre Processing Model: Eigenstrat
Loading Individual: Denisova_snpAD.DG

Loaded 75870 variants
Loaded 2504 individuals
HDF5 loaded from ./Data/1000Genomes/HDF5/1240kHDF5/all1240/chr6.hdf5
3 Eigenstrat Files with 5081 Individuals and 1233013 SNPs

Intersection on Positions: 75870
Nr of Matching Refs: 75870 / 75870
Full Intersection Ref/Alt Identical: 75816 / 75870
2504 / 2504 Individuals included in Reference
Extraction of 5008 Haplotypes complete
Reduced to markers called 69600 / 75816
(Fraction SNP: 0.9180120291231403)
Successfully saved to: ./Empirical/Eigenstrat/Reichall/Denisova_snpAD.DG/chr6/
Shuffling phase of target...
Successfully loaded Data from: ./Empirical/Eigenstrat/Reichall/Denisova_snpAD.DG/chr6/
Loaded Emission Model: haploid
Loaded Transition Model: model
Loaded Post Processing Model: Standard
Minimum Genetic Map: 0.0035
Maximum Genetic Map: 1.9203
Gaps bigger than 0.1 cM: 169
Maximum Gap: 0.5062 cM
Loaded Transition and Emission Matrix:
(3, 3)
(5009, 69600)
Loaded Observations:
(2, 69600)
Memory Usage: 3316.187136 mB
Reference Number: 5008
Total Log likelihood: -26239.120
Memory Usage: 3316.187136 mB
Finished Calculation State Posteriors
Saved Zero State Posterior to ./Empirical/Eigenstrat/Reichall/Denisova_snpAD.DG/chr6/.
Successfully loaded for PP. from ./Empirical/Eigenstrat/Reichall/Denisova_snpAD.DG/chr6/
Fraction Markers in ROH: 0.7071
Merged n=0 gaps < 0.0 M
Called n=30 ROH Blocks > 1.0 cM
Longest Block: 4.070
Successfully saved to ./Empirical/Eigenstrat/Reichall/Denisova_snpAD.DG/chr6/roh.csv
Using Low-Mem Cython Linear Speed Up.
Loaded Pre Processing Model: Eigenstrat
Loading Individual: Denisova_snpAD.DG

Loaded 59890 variants
Loaded 2504 individuals
HDF5 loaded from ./Data/1000Genomes/HDF5/1240kHDF5/all1240/chr7.hdf5
3 Eigenstrat Files with 5081 Individuals and 1233013 SNPs

Intersection on Positions: 59890
Nr of Matching Refs: 59890 / 59890
Full Intersection Ref/Alt Identical: 59836 / 59890
2504 / 2504 Individuals included in Reference
Extraction of 5008 Haplotypes complete
Reduced to markers called 54937 / 59836
(Fraction SNP: 0.9181262116451634)
Successfully saved to: ./Empirical/Eigenstrat/Reichall/Denisova_snpAD.DG/chr7/
Shuffling phase of target...
Successfully loaded Data from: ./Empirical/Eigenstrat/Reichall/Denisova_snpAD.DG/chr7/
Loaded Emission Model: haploid
Loaded Transition Model: model
Loaded Post Processing Model: Standard
Minimum Genetic Map: 0.0000
Maximum Genetic Map: 1.8715
Gaps bigger than 0.1 cM: 198
Maximum Gap: 0.8533 cM
Loaded Transition and Emission Matrix:
(3, 3)
(5009, 54937)
Loaded Observations:
(2, 54937)
Memory Usage: 2654.666752 mB
Reference Number: 5008
Total Log likelihood: -21608.618
Memory Usage: 2654.666752 mB
Finished Calculation State Posteriors
Saved Zero State Posterior to ./Empirical/Eigenstrat/Reichall/Denisova_snpAD.DG/chr7/.
Successfully loaded for PP. from ./Empirical/Eigenstrat/Reichall/Denisova_snpAD.DG/chr7/
Fraction Markers in ROH: 0.6750
Merged n=0 gaps < 0.0 M
Called n=22 ROH Blocks > 1.0 cM
Longest Block: 2.751
Successfully saved to ./Empirical/Eigenstrat/Reichall/Denisova_snpAD.DG/chr7/roh.csv
Using Low-Mem Cython Linear Speed Up.
Loaded Pre Processing Model: Eigenstrat
Loading Individual: Denisova_snpAD.DG

Loaded 61133 variants
Loaded 2504 individuals
HDF5 loaded from ./Data/1000Genomes/HDF5/1240kHDF5/all1240/chr8.hdf5
3 Eigenstrat Files with 5081 Individuals and 1233013 SNPs

Intersection on Positions: 61133
Nr of Matching Refs: 61133 / 61133
Full Intersection Ref/Alt Identical: 61091 / 61133
2504 / 2504 Individuals included in Reference
Extraction of 5008 Haplotypes complete
Reduced to markers called 56591 / 61091
(Fraction SNP: 0.9263393953282808)
Successfully saved to: ./Empirical/Eigenstrat/Reichall/Denisova_snpAD.DG/chr8/
Shuffling phase of target...
Successfully loaded Data from: ./Empirical/Eigenstrat/Reichall/Denisova_snpAD.DG/chr8/
Loaded Emission Model: haploid
Loaded Transition Model: model
Loaded Post Processing Model: Standard
Minimum Genetic Map: 0.0000
Maximum Genetic Map: 1.6800
Gaps bigger than 0.1 cM: 142
Maximum Gap: 3.4628 cM
Loaded Transition and Emission Matrix:
(3, 3)
(5009, 56591)
Loaded Observations:
(2, 56591)
Memory Usage: 2730.27072 mB
Reference Number: 5008
Total Log likelihood: -22642.627
Memory Usage: 2730.27072 mB
Finished Calculation State Posteriors
Saved Zero State Posterior to ./Empirical/Eigenstrat/Reichall/Denisova_snpAD.DG/chr8/.
Successfully loaded for PP. from ./Empirical/Eigenstrat/Reichall/Denisova_snpAD.DG/chr8/
Fraction Markers in ROH: 0.6897
Merged n=0 gaps < 0.0 M
Called n=19 ROH Blocks > 1.0 cM
Longest Block: 4.523
Successfully saved to ./Empirical/Eigenstrat/Reichall/Denisova_snpAD.DG/chr8/roh.csv
Using Low-Mem Cython Linear Speed Up.
Loaded Pre Processing Model: Eigenstrat
Loading Individual: Denisova_snpAD.DG

Loaded 50668 variants
Loaded 2504 individuals
HDF5 loaded from ./Data/1000Genomes/HDF5/1240kHDF5/all1240/chr9.hdf5
3 Eigenstrat Files with 5081 Individuals and 1233013 SNPs

Intersection on Positions: 50668
Nr of Matching Refs: 50668 / 50668
Full Intersection Ref/Alt Identical: 50629 / 50668
2504 / 2504 Individuals included in Reference
Extraction of 5008 Haplotypes complete
Reduced to markers called 46832 / 50629
(Fraction SNP: 0.925003456517016)
Successfully saved to: ./Empirical/Eigenstrat/Reichall/Denisova_snpAD.DG/chr9/
Shuffling phase of target...
Successfully loaded Data from: ./Empirical/Eigenstrat/Reichall/Denisova_snpAD.DG/chr9/
Loaded Emission Model: haploid
Loaded Transition Model: model
Loaded Post Processing Model: Standard
Minimum Genetic Map: 0.0016
Maximum Genetic Map: 1.6630
Gaps bigger than 0.1 cM: 182
Maximum Gap: 2.3102 cM
Loaded Transition and Emission Matrix:
(3, 3)
(5009, 46832)
Loaded Observations:
(2, 46832)
Memory Usage: 2291.38432 mB
Reference Number: 5008
Total Log likelihood: -18092.168
Memory Usage: 2291.38432 mB
Finished Calculation State Posteriors
Saved Zero State Posterior to ./Empirical/Eigenstrat/Reichall/Denisova_snpAD.DG/chr9/.
Successfully loaded for PP. from ./Empirical/Eigenstrat/Reichall/Denisova_snpAD.DG/chr9/
Fraction Markers in ROH: 0.6637
Merged n=0 gaps < 0.0 M
Called n=21 ROH Blocks > 1.0 cM
Longest Block: 3.824
Successfully saved to ./Empirical/Eigenstrat/Reichall/Denisova_snpAD.DG/chr9/roh.csv
Using Low-Mem Cython Linear Speed Up.
Loaded Pre Processing Model: Eigenstrat
Loading Individual: Denisova_snpAD.DG

Loaded 58804 variants
Loaded 2504 individuals
HDF5 loaded from ./Data/1000Genomes/HDF5/1240kHDF5/all1240/chr10.hdf5
3 Eigenstrat Files with 5081 Individuals and 1233013 SNPs

Intersection on Positions: 58804
Nr of Matching Refs: 58804 / 58804
Full Intersection Ref/Alt Identical: 58763 / 58804
2504 / 2504 Individuals included in Reference
Extraction of 5008 Haplotypes complete
Reduced to markers called 54333 / 58763
(Fraction SNP: 0.9246124261865459)
Successfully saved to: ./Empirical/Eigenstrat/Reichall/Denisova_snpAD.DG/chr10/
Shuffling phase of target...
Successfully loaded Data from: ./Empirical/Eigenstrat/Reichall/Denisova_snpAD.DG/chr10/
Loaded Emission Model: haploid
Loaded Transition Model: model
Loaded Post Processing Model: Standard
Minimum Genetic Map: 0.0001
Maximum Genetic Map: 1.8092
Gaps bigger than 0.1 cM: 178
Maximum Gap: 2.0335 cM
Loaded Transition and Emission Matrix:
(3, 3)
(5009, 54333)
Loaded Observations:
(2, 54333)
Memory Usage: 2631.356416 mB
Reference Number: 5008
Total Log likelihood: -19957.329
Memory Usage: 2631.356416 mB
Finished Calculation State Posteriors
Saved Zero State Posterior to ./Empirical/Eigenstrat/Reichall/Denisova_snpAD.DG/chr10/.
Successfully loaded for PP. from ./Empirical/Eigenstrat/Reichall/Denisova_snpAD.DG/chr10/
Fraction Markers in ROH: 0.7576
Merged n=0 gaps < 0.0 M
Called n=36 ROH Blocks > 1.0 cM
Longest Block: 3.980
Successfully saved to ./Empirical/Eigenstrat/Reichall/Denisova_snpAD.DG/chr10/roh.csv
Using Low-Mem Cython Linear Speed Up.
Loaded Pre Processing Model: Eigenstrat
Loading Individual: Denisova_snpAD.DG

Loaded 54833 variants
Loaded 2504 individuals
HDF5 loaded from ./Data/1000Genomes/HDF5/1240kHDF5/all1240/chr11.hdf5
3 Eigenstrat Files with 5081 Individuals and 1233013 SNPs

Intersection on Positions: 54833
Nr of Matching Refs: 54833 / 54833
Full Intersection Ref/Alt Identical: 54796 / 54833
2504 / 2504 Individuals included in Reference
Extraction of 5008 Haplotypes complete
Reduced to markers called 50613 / 54796
(Fraction SNP: 0.9236623111175998)
Successfully saved to: ./Empirical/Eigenstrat/Reichall/Denisova_snpAD.DG/chr11/
Shuffling phase of target...
Successfully loaded Data from: ./Empirical/Eigenstrat/Reichall/Denisova_snpAD.DG/chr11/
Loaded Emission Model: haploid
Loaded Transition Model: model
Loaded Post Processing Model: Standard
Minimum Genetic Map: 0.0000
Maximum Genetic Map: 1.5822
Gaps bigger than 0.1 cM: 159
Maximum Gap: 0.5351 cM
Loaded Transition and Emission Matrix:
(3, 3)
(5009, 50613)
Loaded Observations:
(2, 50613)
Memory Usage: 2461.335552 mB
Reference Number: 5008
Total Log likelihood: -18649.894
Memory Usage: 2461.335552 mB
Finished Calculation State Posteriors
Saved Zero State Posterior to ./Empirical/Eigenstrat/Reichall/Denisova_snpAD.DG/chr11/.
Successfully loaded for PP. from ./Empirical/Eigenstrat/Reichall/Denisova_snpAD.DG/chr11/
Fraction Markers in ROH: 0.7300
Merged n=0 gaps < 0.0 M
Called n=27 ROH Blocks > 1.0 cM
Longest Block: 2.753
Successfully saved to ./Empirical/Eigenstrat/Reichall/Denisova_snpAD.DG/chr11/roh.csv
Using Low-Mem Cython Linear Speed Up.
Loaded Pre Processing Model: Eigenstrat
Loading Individual: Denisova_snpAD.DG

Loaded 53911 variants
Loaded 2504 individuals
HDF5 loaded from ./Data/1000Genomes/HDF5/1240kHDF5/all1240/chr12.hdf5
3 Eigenstrat Files with 5081 Individuals and 1233013 SNPs

Intersection on Positions: 53911
Nr of Matching Refs: 53911 / 53911
Full Intersection Ref/Alt Identical: 53884 / 53911
2504 / 2504 Individuals included in Reference
Extraction of 5008 Haplotypes complete
Reduced to markers called 49534 / 53884
(Fraction SNP: 0.9192710266498404)
Successfully saved to: ./Empirical/Eigenstrat/Reichall/Denisova_snpAD.DG/chr12/
Shuffling phase of target...
Successfully loaded Data from: ./Empirical/Eigenstrat/Reichall/Denisova_snpAD.DG/chr12/
Loaded Emission Model: haploid
Loaded Transition Model: model
Loaded Post Processing Model: Standard
Minimum Genetic Map: 0.0017
Maximum Genetic Map: 1.7468
Gaps bigger than 0.1 cM: 184
Maximum Gap: 0.8015 cM
Loaded Transition and Emission Matrix:
(3, 3)
(5009, 49534)
Loaded Observations:
(2, 49534)
Memory Usage: 2412.150784 mB
Reference Number: 5008
Total Log likelihood: -18251.475
Memory Usage: 2412.150784 mB
Finished Calculation State Posteriors
Saved Zero State Posterior to ./Empirical/Eigenstrat/Reichall/Denisova_snpAD.DG/chr12/.
Successfully loaded for PP. from ./Empirical/Eigenstrat/Reichall/Denisova_snpAD.DG/chr12/
Fraction Markers in ROH: 0.7301
Merged n=0 gaps < 0.0 M
Called n=25 ROH Blocks > 1.0 cM
Longest Block: 4.163
Successfully saved to ./Empirical/Eigenstrat/Reichall/Denisova_snpAD.DG/chr12/roh.csv
Using Low-Mem Cython Linear Speed Up.
Loaded Pre Processing Model: Eigenstrat
Loading Individual: Denisova_snpAD.DG

Loaded 39018 variants
Loaded 2504 individuals
HDF5 loaded from ./Data/1000Genomes/HDF5/1240kHDF5/all1240/chr13.hdf5
3 Eigenstrat Files with 5081 Individuals and 1233013 SNPs

Intersection on Positions: 39018
Nr of Matching Refs: 39018 / 39018
Full Intersection Ref/Alt Identical: 38994 / 39018
2504 / 2504 Individuals included in Reference
Extraction of 5008 Haplotypes complete
Reduced to markers called 35850 / 38994
(Fraction SNP: 0.9193722111094015)
Successfully saved to: ./Empirical/Eigenstrat/Reichall/Denisova_snpAD.DG/chr13/
Shuffling phase of target...
Successfully loaded Data from: ./Empirical/Eigenstrat/Reichall/Denisova_snpAD.DG/chr13/
Loaded Emission Model: haploid
Loaded Transition Model: model
Loaded Post Processing Model: Standard
Minimum Genetic Map: 0.0028
Maximum Genetic Map: 1.2570
Gaps bigger than 0.1 cM: 145
Maximum Gap: 1.2216 cM
Loaded Transition and Emission Matrix:
(3, 3)
(5009, 35850)
Loaded Observations:
(2, 35850)
Memory Usage: 1796.329472 mB
Reference Number: 5008
Total Log likelihood: -13619.875
Memory Usage: 1796.329472 mB
Finished Calculation State Posteriors
Saved Zero State Posterior to ./Empirical/Eigenstrat/Reichall/Denisova_snpAD.DG/chr13/.
Successfully loaded for PP. from ./Empirical/Eigenstrat/Reichall/Denisova_snpAD.DG/chr13/
Fraction Markers in ROH: 0.7051
Merged n=0 gaps < 0.0 M
Called n=21 ROH Blocks > 1.0 cM
Longest Block: 3.988
Successfully saved to ./Empirical/Eigenstrat/Reichall/Denisova_snpAD.DG/chr13/roh.csv
Using Low-Mem Cython Linear Speed Up.
Loaded Pre Processing Model: Eigenstrat
Loading Individual: Denisova_snpAD.DG

Loaded 36301 variants
Loaded 2504 individuals
HDF5 loaded from ./Data/1000Genomes/HDF5/1240kHDF5/all1240/chr14.hdf5
3 Eigenstrat Files with 5081 Individuals and 1233013 SNPs

Intersection on Positions: 36301
Nr of Matching Refs: 36301 / 36301
Full Intersection Ref/Alt Identical: 36280 / 36301
2504 / 2504 Individuals included in Reference
Extraction of 5008 Haplotypes complete
Reduced to markers called 33673 / 36280
(Fraction SNP: 0.9281422271223815)
Successfully saved to: ./Empirical/Eigenstrat/Reichall/Denisova_snpAD.DG/chr14/
Shuffling phase of target...
Successfully loaded Data from: ./Empirical/Eigenstrat/Reichall/Denisova_snpAD.DG/chr14/
Loaded Emission Model: haploid
Loaded Transition Model: model
Loaded Post Processing Model: Standard
Minimum Genetic Map: 0.0161
Maximum Genetic Map: 1.2020
Gaps bigger than 0.1 cM: 128
Maximum Gap: 2.8973 cM
Loaded Transition and Emission Matrix:
(3, 3)
(5009, 33673)
Loaded Observations:
(2, 33673)
Memory Usage: 1698.193408 mB
Reference Number: 5008
Total Log likelihood: -12781.182
Memory Usage: 1698.193408 mB
Finished Calculation State Posteriors
Saved Zero State Posterior to ./Empirical/Eigenstrat/Reichall/Denisova_snpAD.DG/chr14/.
Successfully loaded for PP. from ./Empirical/Eigenstrat/Reichall/Denisova_snpAD.DG/chr14/
Fraction Markers in ROH: 0.7051
Merged n=0 gaps < 0.0 M
Called n=16 ROH Blocks > 1.0 cM
Longest Block: 2.984
Successfully saved to ./Empirical/Eigenstrat/Reichall/Denisova_snpAD.DG/chr14/roh.csv
Using Low-Mem Cython Linear Speed Up.
Loaded Pre Processing Model: Eigenstrat
Loading Individual: Denisova_snpAD.DG

Loaded 34429 variants
Loaded 2504 individuals
HDF5 loaded from ./Data/1000Genomes/HDF5/1240kHDF5/all1240/chr15.hdf5
3 Eigenstrat Files with 5081 Individuals and 1233013 SNPs

Intersection on Positions: 34429
Nr of Matching Refs: 34429 / 34429
Full Intersection Ref/Alt Identical: 34407 / 34429
2504 / 2504 Individuals included in Reference
Extraction of 5008 Haplotypes complete
Reduced to markers called 31696 / 34407
(Fraction SNP: 0.9212078937425524)
Successfully saved to: ./Empirical/Eigenstrat/Reichall/Denisova_snpAD.DG/chr15/
Shuffling phase of target...
Successfully loaded Data from: ./Empirical/Eigenstrat/Reichall/Denisova_snpAD.DG/chr15/
Loaded Emission Model: haploid
Loaded Transition Model: model
Loaded Post Processing Model: Standard
Minimum Genetic Map: 0.0002
Maximum Genetic Map: 1.4135
Gaps bigger than 0.1 cM: 120
Maximum Gap: 11.4957 cM
Loaded Transition and Emission Matrix:
(3, 3)
(5009, 31696)
Loaded Observations:
(2, 31696)
Memory Usage: 1610.113024 mB
Reference Number: 5008
Total Log likelihood: -12525.496
Memory Usage: 1610.113024 mB
Finished Calculation State Posteriors
Saved Zero State Posterior to ./Empirical/Eigenstrat/Reichall/Denisova_snpAD.DG/chr15/.
Successfully loaded for PP. from ./Empirical/Eigenstrat/Reichall/Denisova_snpAD.DG/chr15/
Fraction Markers in ROH: 0.6966
Merged n=0 gaps < 0.0 M
Called n=17 ROH Blocks > 1.0 cM
Longest Block: 7.736
Successfully saved to ./Empirical/Eigenstrat/Reichall/Denisova_snpAD.DG/chr15/roh.csv
Using Low-Mem Cython Linear Speed Up.
Loaded Pre Processing Model: Eigenstrat
Loading Individual: Denisova_snpAD.DG

Loaded 34402 variants
Loaded 2504 individuals
HDF5 loaded from ./Data/1000Genomes/HDF5/1240kHDF5/all1240/chr16.hdf5
3 Eigenstrat Files with 5081 Individuals and 1233013 SNPs

Intersection on Positions: 34402
Nr of Matching Refs: 34402 / 34402
Full Intersection Ref/Alt Identical: 34375 / 34402
2504 / 2504 Individuals included in Reference
Extraction of 5008 Haplotypes complete
Reduced to markers called 31837 / 34375
(Fraction SNP: 0.9261672727272727)
Successfully saved to: ./Empirical/Eigenstrat/Reichall/Denisova_snpAD.DG/chr16/
Shuffling phase of target...
Successfully loaded Data from: ./Empirical/Eigenstrat/Reichall/Denisova_snpAD.DG/chr16/
Loaded Emission Model: haploid
Loaded Transition Model: model
Loaded Post Processing Model: Standard
Minimum Genetic Map: -0.0000
Maximum Genetic Map: 1.3403
Gaps bigger than 0.1 cM: 151
Maximum Gap: 1.0338 cM
Loaded Transition and Emission Matrix:
(3, 3)
(5009, 31837)
Loaded Observations:
(2, 31837)
Memory Usage: 1613.611008 mB
Reference Number: 5008
Total Log likelihood: -13724.764
Memory Usage: 1613.611008 mB
Finished Calculation State Posteriors
Saved Zero State Posterior to ./Empirical/Eigenstrat/Reichall/Denisova_snpAD.DG/chr16/.
Successfully loaded for PP. from ./Empirical/Eigenstrat/Reichall/Denisova_snpAD.DG/chr16/
Fraction Markers in ROH: 0.5902
Merged n=0 gaps < 0.0 M
Called n=16 ROH Blocks > 1.0 cM
Longest Block: 2.298
Successfully saved to ./Empirical/Eigenstrat/Reichall/Denisova_snpAD.DG/chr16/roh.csv
Using Low-Mem Cython Linear Speed Up.
Loaded Pre Processing Model: Eigenstrat
Loading Individual: Denisova_snpAD.DG

Loaded 29314 variants
Loaded 2504 individuals
HDF5 loaded from ./Data/1000Genomes/HDF5/1240kHDF5/all1240/chr17.hdf5
3 Eigenstrat Files with 5081 Individuals and 1233013 SNPs

Intersection on Positions: 29314
Nr of Matching Refs: 29314 / 29314
Full Intersection Ref/Alt Identical: 29292 / 29314
2504 / 2504 Individuals included in Reference
Extraction of 5008 Haplotypes complete
Reduced to markers called 26934 / 29292
(Fraction SNP: 0.9195002048340843)
Successfully saved to: ./Empirical/Eigenstrat/Reichall/Denisova_snpAD.DG/chr17/
Shuffling phase of target...
Successfully loaded Data from: ./Empirical/Eigenstrat/Reichall/Denisova_snpAD.DG/chr17/
Loaded Emission Model: haploid
Loaded Transition Model: model
Loaded Post Processing Model: Standard
Minimum Genetic Map: -0.0003
Maximum Genetic Map: 1.2847
Gaps bigger than 0.1 cM: 137
Maximum Gap: 1.2341 cM
Loaded Transition and Emission Matrix:
(3, 3)
(5009, 26934)
Loaded Observations:
(2, 26934)
Memory Usage: 1392.820224 mB
Reference Number: 5008
Total Log likelihood: -11317.855
Memory Usage: 1392.820224 mB
Finished Calculation State Posteriors
Saved Zero State Posterior to ./Empirical/Eigenstrat/Reichall/Denisova_snpAD.DG/chr17/.
Successfully loaded for PP. from ./Empirical/Eigenstrat/Reichall/Denisova_snpAD.DG/chr17/
Fraction Markers in ROH: 0.6104
Merged n=0 gaps < 0.0 M
Called n=17 ROH Blocks > 1.0 cM
Longest Block: 2.202
Successfully saved to ./Empirical/Eigenstrat/Reichall/Denisova_snpAD.DG/chr17/roh.csv
Using Low-Mem Cython Linear Speed Up.
Loaded Pre Processing Model: Eigenstrat
Loading Individual: Denisova_snpAD.DG

Loaded 33917 variants
Loaded 2504 individuals
HDF5 loaded from ./Data/1000Genomes/HDF5/1240kHDF5/all1240/chr18.hdf5
3 Eigenstrat Files with 5081 Individuals and 1233013 SNPs

Intersection on Positions: 33917
Nr of Matching Refs: 33917 / 33917
Full Intersection Ref/Alt Identical: 33902 / 33917
2504 / 2504 Individuals included in Reference
Extraction of 5008 Haplotypes complete
Reduced to markers called 31492 / 33902
(Fraction SNP: 0.9289127485104124)
Successfully saved to: ./Empirical/Eigenstrat/Reichall/Denisova_snpAD.DG/chr18/
Shuffling phase of target...
Successfully loaded Data from: ./Empirical/Eigenstrat/Reichall/Denisova_snpAD.DG/chr18/
Loaded Emission Model: haploid
Loaded Transition Model: model
Loaded Post Processing Model: Standard
Minimum Genetic Map: 0.0016
Maximum Genetic Map: 1.1771
Gaps bigger than 0.1 cM: 129
Maximum Gap: 0.5577 cM
Loaded Transition and Emission Matrix:
(3, 3)
(5009, 31492)
Loaded Observations:
(2, 31492)
Memory Usage: 1599.868928 mB
Reference Number: 5008
Total Log likelihood: -12514.215
Memory Usage: 1599.868928 mB
Finished Calculation State Posteriors
Saved Zero State Posterior to ./Empirical/Eigenstrat/Reichall/Denisova_snpAD.DG/chr18/.
Successfully loaded for PP. from ./Empirical/Eigenstrat/Reichall/Denisova_snpAD.DG/chr18/
Fraction Markers in ROH: 0.7090
Merged n=0 gaps < 0.0 M
Called n=18 ROH Blocks > 1.0 cM
Longest Block: 2.689
Successfully saved to ./Empirical/Eigenstrat/Reichall/Denisova_snpAD.DG/chr18/roh.csv
Using Low-Mem Cython Linear Speed Up.
Loaded Pre Processing Model: Eigenstrat
Loading Individual: Denisova_snpAD.DG

Loaded 18460 variants
Loaded 2504 individuals
HDF5 loaded from ./Data/1000Genomes/HDF5/1240kHDF5/all1240/chr19.hdf5
3 Eigenstrat Files with 5081 Individuals and 1233013 SNPs

Intersection on Positions: 18460
Nr of Matching Refs: 18460 / 18460
Full Intersection Ref/Alt Identical: 18441 / 18460
2504 / 2504 Individuals included in Reference
Extraction of 5008 Haplotypes complete
Reduced to markers called 16294 / 18441
(Fraction SNP: 0.8835746434575131)
Successfully saved to: ./Empirical/Eigenstrat/Reichall/Denisova_snpAD.DG/chr19/
Shuffling phase of target...
Successfully loaded Data from: ./Empirical/Eigenstrat/Reichall/Denisova_snpAD.DG/chr19/
Loaded Emission Model: haploid
Loaded Transition Model: model
Loaded Post Processing Model: Standard
Minimum Genetic Map: 0.0000
Maximum Genetic Map: 1.0773
Gaps bigger than 0.1 cM: 148
Maximum Gap: 0.5964 cM
Loaded Transition and Emission Matrix:
(3, 3)
(5009, 16294)
Loaded Observations:
(2, 16294)
Memory Usage: 915.529728 mB
Reference Number: 5008
Total Log likelihood: -7134.818
Memory Usage: 915.529728 mB
Finished Calculation State Posteriors
Saved Zero State Posterior to ./Empirical/Eigenstrat/Reichall/Denisova_snpAD.DG/chr19/.
Successfully loaded for PP. from ./Empirical/Eigenstrat/Reichall/Denisova_snpAD.DG/chr19/
Fraction Markers in ROH: 0.6556
Merged n=0 gaps < 0.0 M
Called n=16 ROH Blocks > 1.0 cM
Longest Block: 3.583
Successfully saved to ./Empirical/Eigenstrat/Reichall/Denisova_snpAD.DG/chr19/roh.csv
Using Low-Mem Cython Linear Speed Up.
Loaded Pre Processing Model: Eigenstrat
Loading Individual: Denisova_snpAD.DG

Loaded 29078 variants
Loaded 2504 individuals
HDF5 loaded from ./Data/1000Genomes/HDF5/1240kHDF5/all1240/chr20.hdf5
3 Eigenstrat Files with 5081 Individuals and 1233013 SNPs

Intersection on Positions: 29078
Nr of Matching Refs: 29078 / 29078
Full Intersection Ref/Alt Identical: 29053 / 29078
2504 / 2504 Individuals included in Reference
Extraction of 5008 Haplotypes complete
Reduced to markers called 27144 / 29053
(Fraction SNP: 0.9342924999139504)
Successfully saved to: ./Empirical/Eigenstrat/Reichall/Denisova_snpAD.DG/chr20/
Shuffling phase of target...
Successfully loaded Data from: ./Empirical/Eigenstrat/Reichall/Denisova_snpAD.DG/chr20/
Loaded Emission Model: haploid
Loaded Transition Model: model
Loaded Post Processing Model: Standard
Minimum Genetic Map: 0.0000
Maximum Genetic Map: 1.0821
Gaps bigger than 0.1 cM: 132
Maximum Gap: 0.4744 cM
Loaded Transition and Emission Matrix:
(3, 3)
(5009, 27144)
Loaded Observations:
(2, 27144)
Memory Usage: 1405.70624 mB
Reference Number: 5008
Total Log likelihood: -11147.722
Memory Usage: 1405.70624 mB
Finished Calculation State Posteriors
Saved Zero State Posterior to ./Empirical/Eigenstrat/Reichall/Denisova_snpAD.DG/chr20/.
Successfully loaded for PP. from ./Empirical/Eigenstrat/Reichall/Denisova_snpAD.DG/chr20/
Fraction Markers in ROH: 0.6735
Merged n=0 gaps < 0.0 M
Called n=21 ROH Blocks > 1.0 cM
Longest Block: 3.379
Successfully saved to ./Empirical/Eigenstrat/Reichall/Denisova_snpAD.DG/chr20/roh.csv
Using Low-Mem Cython Linear Speed Up.
Loaded Pre Processing Model: Eigenstrat
Loading Individual: Denisova_snpAD.DG

Loaded 16038 variants
Loaded 2504 individuals
HDF5 loaded from ./Data/1000Genomes/HDF5/1240kHDF5/all1240/chr21.hdf5
3 Eigenstrat Files with 5081 Individuals and 1233013 SNPs

Intersection on Positions: 16038
Nr of Matching Refs: 16038 / 16038
Full Intersection Ref/Alt Identical: 16031 / 16038
2504 / 2504 Individuals included in Reference
Extraction of 5008 Haplotypes complete
Reduced to markers called 14786 / 16031
(Fraction SNP: 0.9223379701827709)
Successfully saved to: ./Empirical/Eigenstrat/Reichall/Denisova_snpAD.DG/chr21/
Shuffling phase of target...
Successfully loaded Data from: ./Empirical/Eigenstrat/Reichall/Denisova_snpAD.DG/chr21/
Loaded Emission Model: haploid
Loaded Transition Model: model
Loaded Post Processing Model: Standard
Minimum Genetic Map: 0.0089
Maximum Genetic Map: 0.6277
Gaps bigger than 0.1 cM: 84
Maximum Gap: 0.4744 cM
Loaded Transition and Emission Matrix:
(3, 3)
(5009, 14786)
Loaded Observations:
(2, 14786)
Memory Usage: 845.467648 mB
Reference Number: 5008
Total Log likelihood: -6392.831
Memory Usage: 845.47584 mB
Finished Calculation State Posteriors
Saved Zero State Posterior to ./Empirical/Eigenstrat/Reichall/Denisova_snpAD.DG/chr21/.
Successfully loaded for PP. from ./Empirical/Eigenstrat/Reichall/Denisova_snpAD.DG/chr21/
Fraction Markers in ROH: 0.6821
Merged n=0 gaps < 0.0 M
Called n=11 ROH Blocks > 1.0 cM
Longest Block: 2.778
Successfully saved to ./Empirical/Eigenstrat/Reichall/Denisova_snpAD.DG/chr21/roh.csv
Using Low-Mem Cython Linear Speed Up.
Loaded Pre Processing Model: Eigenstrat
Loading Individual: Denisova_snpAD.DG

Loaded 15802 variants
Loaded 2504 individuals
HDF5 loaded from ./Data/1000Genomes/HDF5/1240kHDF5/all1240/chr22.hdf5
3 Eigenstrat Files with 5081 Individuals and 1233013 SNPs

Intersection on Positions: 15802
Nr of Matching Refs: 15802 / 15802
Full Intersection Ref/Alt Identical: 15793 / 15802
2504 / 2504 Individuals included in Reference
Extraction of 5008 Haplotypes complete
Reduced to markers called 14521 / 15793
(Fraction SNP: 0.9194579877160768)
Successfully saved to: ./Empirical/Eigenstrat/Reichall/Denisova_snpAD.DG/chr22/
Shuffling phase of target...
Successfully loaded Data from: ./Empirical/Eigenstrat/Reichall/Denisova_snpAD.DG/chr22/
Loaded Emission Model: haploid
Loaded Transition Model: model
Loaded Post Processing Model: Standard
Minimum Genetic Map: 0.0163
Maximum Genetic Map: 0.7408
Gaps bigger than 0.1 cM: 85
Maximum Gap: 1.7129 cM
Loaded Transition and Emission Matrix:
(3, 3)
(5009, 14521)
Loaded Observations:
(2, 14521)
Memory Usage: 833.51552 mB
Reference Number: 5008
Total Log likelihood: -5571.705
Memory Usage: 833.51552 mB
Finished Calculation State Posteriors
Saved Zero State Posterior to ./Empirical/Eigenstrat/Reichall/Denisova_snpAD.DG/chr22/.
Successfully loaded for PP. from ./Empirical/Eigenstrat/Reichall/Denisova_snpAD.DG/chr22/
Fraction Markers in ROH: 0.6533
Merged n=0 gaps < 0.0 M
Called n=12 ROH Blocks > 1.0 cM
Longest Block: 2.788
Successfully saved to ./Empirical/Eigenstrat/Reichall/Denisova_snpAD.DG/chr22/roh.csv
