Doing Individual Sunghir4.SG...
Using Low-Mem Cython Linear Speed Up.
Loaded Pre Processing Model: Eigenstrat
Loading Individual: Sunghir4.SG

Loaded 89147 variants
Loaded 2504 individuals
HDF5 loaded from ./Data/1000Genomes/HDF5/1240kHDF5/all1240/chr1.hdf5
3 Eigenstrat Files with 5081 Individuals and 1233013 SNPs

Intersection on Positions: 89147
Nr of Matching Refs: 89147 / 89147
Full Intersection Ref/Alt Identical: 89082 / 89147
2504 / 2504 Individuals included in Reference
Extraction of 5008 Haplotypes complete
Reduced to markers called 87759 / 89082
(Fraction SNP: 0.9851485148514851)
Successfully saved to: ./Empirical/Eigenstrat/Reichall/Sunghir4.SG/chr1/
Shuffling phase of target...
Successfully loaded Data from: ./Empirical/Eigenstrat/Reichall/Sunghir4.SG/chr1/
Loaded Emission Model: haploid
Loaded Transition Model: model
Loaded Post Processing Model: Standard
Minimum Genetic Map: 0.0201
Maximum Genetic Map: 2.8627
Gaps bigger than 0.1 cM: 255
Maximum Gap: 2.9476 cM
Loaded Transition and Emission Matrix:
(3, 3)
(5009, 87759)
Loaded Observations:
(2, 87759)
Memory Usage: 4140.793856 mB
Reference Number: 5008
Total Log likelihood: -26379.024
Memory Usage: 4141.252608 mB
Finished Calculation State Posteriors
Saved Zero State Posterior to ./Empirical/Eigenstrat/Reichall/Sunghir4.SG/chr1/.
Successfully loaded for PP. from ./Empirical/Eigenstrat/Reichall/Sunghir4.SG/chr1/
Fraction Markers in ROH: 0.5114
Merged n=0 gaps < 0.0 M
Called n=18 ROH Blocks > 1.0 cM
Longest Block: 24.782
Successfully saved to ./Empirical/Eigenstrat/Reichall/Sunghir4.SG/chr1/roh.csv
Using Low-Mem Cython Linear Speed Up.
Loaded Pre Processing Model: Eigenstrat
Loading Individual: Sunghir4.SG

Loaded 94239 variants
Loaded 2504 individuals
HDF5 loaded from ./Data/1000Genomes/HDF5/1240kHDF5/all1240/chr2.hdf5
3 Eigenstrat Files with 5081 Individuals and 1233013 SNPs

Intersection on Positions: 94239
Nr of Matching Refs: 94239 / 94239
Full Intersection Ref/Alt Identical: 94173 / 94239
2504 / 2504 Individuals included in Reference
Extraction of 5008 Haplotypes complete
Reduced to markers called 92797 / 94173
(Fraction SNP: 0.9853885933335457)
Successfully saved to: ./Empirical/Eigenstrat/Reichall/Sunghir4.SG/chr2/
Shuffling phase of target...
Successfully loaded Data from: ./Empirical/Eigenstrat/Reichall/Sunghir4.SG/chr2/
Loaded Emission Model: haploid
Loaded Transition Model: model
Loaded Post Processing Model: Standard
Minimum Genetic Map: 0.0001
Maximum Genetic Map: 2.6883
Gaps bigger than 0.1 cM: 244
Maximum Gap: 1.8302 cM
Loaded Transition and Emission Matrix:
(3, 3)
(5009, 92797)
Loaded Observations:
(2, 92797)
Memory Usage: 4359.51616 mB
Reference Number: 5008
Total Log likelihood: -27848.715
Memory Usage: 4359.51616 mB
Finished Calculation State Posteriors
Saved Zero State Posterior to ./Empirical/Eigenstrat/Reichall/Sunghir4.SG/chr2/.
Successfully loaded for PP. from ./Empirical/Eigenstrat/Reichall/Sunghir4.SG/chr2/
Fraction Markers in ROH: 0.5155
Merged n=0 gaps < 0.0 M
Called n=28 ROH Blocks > 1.0 cM
Longest Block: 13.175
Successfully saved to ./Empirical/Eigenstrat/Reichall/Sunghir4.SG/chr2/roh.csv
Using Low-Mem Cython Linear Speed Up.
Loaded Pre Processing Model: Eigenstrat
Loading Individual: Sunghir4.SG

Loaded 77652 variants
Loaded 2504 individuals
HDF5 loaded from ./Data/1000Genomes/HDF5/1240kHDF5/all1240/chr3.hdf5
3 Eigenstrat Files with 5081 Individuals and 1233013 SNPs

Intersection on Positions: 77652
Nr of Matching Refs: 77652 / 77652
Full Intersection Ref/Alt Identical: 77601 / 77652
2504 / 2504 Individuals included in Reference
Extraction of 5008 Haplotypes complete
Reduced to markers called 76452 / 77601
(Fraction SNP: 0.9851934897746163)
Successfully saved to: ./Empirical/Eigenstrat/Reichall/Sunghir4.SG/chr3/
Shuffling phase of target...
Successfully loaded Data from: ./Empirical/Eigenstrat/Reichall/Sunghir4.SG/chr3/
Loaded Emission Model: haploid
Loaded Transition Model: model
Loaded Post Processing Model: Standard
Minimum Genetic Map: 0.0000
Maximum Genetic Map: 2.2326
Gaps bigger than 0.1 cM: 218
Maximum Gap: 0.2348 cM
Loaded Transition and Emission Matrix:
(3, 3)
(5009, 76452)
Loaded Observations:
(2, 76452)
Memory Usage: 3624.013824 mB
Reference Number: 5008
Total Log likelihood: -24170.258
Memory Usage: 3624.013824 mB
Finished Calculation State Posteriors
Saved Zero State Posterior to ./Empirical/Eigenstrat/Reichall/Sunghir4.SG/chr3/.
Successfully loaded for PP. from ./Empirical/Eigenstrat/Reichall/Sunghir4.SG/chr3/
Fraction Markers in ROH: 0.4807
Merged n=0 gaps < 0.0 M
Called n=13 ROH Blocks > 1.0 cM
Longest Block: 12.410
Successfully saved to ./Empirical/Eigenstrat/Reichall/Sunghir4.SG/chr3/roh.csv
Using Low-Mem Cython Linear Speed Up.
Loaded Pre Processing Model: Eigenstrat
Loading Individual: Sunghir4.SG

Loaded 68759 variants
Loaded 2504 individuals
HDF5 loaded from ./Data/1000Genomes/HDF5/1240kHDF5/all1240/chr4.hdf5
3 Eigenstrat Files with 5081 Individuals and 1233013 SNPs

Intersection on Positions: 68759
Nr of Matching Refs: 68759 / 68759
Full Intersection Ref/Alt Identical: 68720 / 68759
2504 / 2504 Individuals included in Reference
Extraction of 5008 Haplotypes complete
Reduced to markers called 67724 / 68720
(Fraction SNP: 0.9855064027939464)
Successfully saved to: ./Empirical/Eigenstrat/Reichall/Sunghir4.SG/chr4/
Shuffling phase of target...
Successfully loaded Data from: ./Empirical/Eigenstrat/Reichall/Sunghir4.SG/chr4/
Loaded Emission Model: haploid
Loaded Transition Model: model
Loaded Post Processing Model: Standard
Minimum Genetic Map: 0.0034
Maximum Genetic Map: 2.1454
Gaps bigger than 0.1 cM: 194
Maximum Gap: 2.0422 cM
Loaded Transition and Emission Matrix:
(3, 3)
(5009, 67724)
Loaded Observations:
(2, 67724)
Memory Usage: 3230.568448 mB
Reference Number: 5008
Total Log likelihood: -20721.468
Memory Usage: 3230.59712 mB
Finished Calculation State Posteriors
Saved Zero State Posterior to ./Empirical/Eigenstrat/Reichall/Sunghir4.SG/chr4/.
Successfully loaded for PP. from ./Empirical/Eigenstrat/Reichall/Sunghir4.SG/chr4/
Fraction Markers in ROH: 0.5009
Merged n=0 gaps < 0.0 M
Called n=19 ROH Blocks > 1.0 cM
Longest Block: 8.386
Successfully saved to ./Empirical/Eigenstrat/Reichall/Sunghir4.SG/chr4/roh.csv
Using Low-Mem Cython Linear Speed Up.
Loaded Pre Processing Model: Eigenstrat
Loading Individual: Sunghir4.SG

Loaded 69399 variants
Loaded 2504 individuals
HDF5 loaded from ./Data/1000Genomes/HDF5/1240kHDF5/all1240/chr5.hdf5
3 Eigenstrat Files with 5081 Individuals and 1233013 SNPs

Intersection on Positions: 69399
Nr of Matching Refs: 69399 / 69399
Full Intersection Ref/Alt Identical: 69354 / 69399
2504 / 2504 Individuals included in Reference
Extraction of 5008 Haplotypes complete
Reduced to markers called 68337 / 69354
(Fraction SNP: 0.9853361017389047)
Successfully saved to: ./Empirical/Eigenstrat/Reichall/Sunghir4.SG/chr5/
Shuffling phase of target...
Successfully loaded Data from: ./Empirical/Eigenstrat/Reichall/Sunghir4.SG/chr5/
Loaded Emission Model: haploid
Loaded Transition Model: model
Loaded Post Processing Model: Standard
Minimum Genetic Map: 0.0004
Maximum Genetic Map: 2.0409
Gaps bigger than 0.1 cM: 212
Maximum Gap: 1.0498 cM
Loaded Transition and Emission Matrix:
(3, 3)
(5009, 68337)
Loaded Observations:
(2, 68337)
Memory Usage: 3259.826176 mB
Reference Number: 5008
Total Log likelihood: -21810.259
Memory Usage: 3259.826176 mB
Finished Calculation State Posteriors
Saved Zero State Posterior to ./Empirical/Eigenstrat/Reichall/Sunghir4.SG/chr5/.
Successfully loaded for PP. from ./Empirical/Eigenstrat/Reichall/Sunghir4.SG/chr5/
Fraction Markers in ROH: 0.4792
Merged n=0 gaps < 0.0 M
Called n=19 ROH Blocks > 1.0 cM
Longest Block: 6.732
Successfully saved to ./Empirical/Eigenstrat/Reichall/Sunghir4.SG/chr5/roh.csv
Using Low-Mem Cython Linear Speed Up.
Loaded Pre Processing Model: Eigenstrat
Loading Individual: Sunghir4.SG

Loaded 75870 variants
Loaded 2504 individuals
HDF5 loaded from ./Data/1000Genomes/HDF5/1240kHDF5/all1240/chr6.hdf5
3 Eigenstrat Files with 5081 Individuals and 1233013 SNPs

Intersection on Positions: 75870
Nr of Matching Refs: 75870 / 75870
Full Intersection Ref/Alt Identical: 75816 / 75870
2504 / 2504 Individuals included in Reference
Extraction of 5008 Haplotypes complete
Reduced to markers called 74593 / 75816
(Fraction SNP: 0.9838688403503218)
Successfully saved to: ./Empirical/Eigenstrat/Reichall/Sunghir4.SG/chr6/
Shuffling phase of target...
Successfully loaded Data from: ./Empirical/Eigenstrat/Reichall/Sunghir4.SG/chr6/
Loaded Emission Model: haploid
Loaded Transition Model: model
Loaded Post Processing Model: Standard
Minimum Genetic Map: 0.0032
Maximum Genetic Map: 1.9203
Gaps bigger than 0.1 cM: 154
Maximum Gap: 0.5062 cM
Loaded Transition and Emission Matrix:
(3, 3)
(5009, 74593)
Loaded Observations:
(2, 74593)
Memory Usage: 3540.02944 mB
Reference Number: 5008
Total Log likelihood: -22904.232
Memory Usage: 3539.591168 mB
Finished Calculation State Posteriors
Saved Zero State Posterior to ./Empirical/Eigenstrat/Reichall/Sunghir4.SG/chr6/.
Successfully loaded for PP. from ./Empirical/Eigenstrat/Reichall/Sunghir4.SG/chr6/
Fraction Markers in ROH: 0.4916
Merged n=0 gaps < 0.0 M
Called n=13 ROH Blocks > 1.0 cM
Longest Block: 8.875
Successfully saved to ./Empirical/Eigenstrat/Reichall/Sunghir4.SG/chr6/roh.csv
Using Low-Mem Cython Linear Speed Up.
Loaded Pre Processing Model: Eigenstrat
Loading Individual: Sunghir4.SG

Loaded 59890 variants
Loaded 2504 individuals
HDF5 loaded from ./Data/1000Genomes/HDF5/1240kHDF5/all1240/chr7.hdf5
3 Eigenstrat Files with 5081 Individuals and 1233013 SNPs

Intersection on Positions: 59890
Nr of Matching Refs: 59890 / 59890
Full Intersection Ref/Alt Identical: 59836 / 59890
2504 / 2504 Individuals included in Reference
Extraction of 5008 Haplotypes complete
Reduced to markers called 58890 / 59836
(Fraction SNP: 0.9841901196604051)
Successfully saved to: ./Empirical/Eigenstrat/Reichall/Sunghir4.SG/chr7/
Shuffling phase of target...
Successfully loaded Data from: ./Empirical/Eigenstrat/Reichall/Sunghir4.SG/chr7/
Loaded Emission Model: haploid
Loaded Transition Model: model
Loaded Post Processing Model: Standard
Minimum Genetic Map: 0.0000
Maximum Genetic Map: 1.8715
Gaps bigger than 0.1 cM: 190
Maximum Gap: 0.8416 cM
Loaded Transition and Emission Matrix:
(3, 3)
(5009, 58890)
Loaded Observations:
(2, 58890)
Memory Usage: 2823.610368 mB
Reference Number: 5008
Total Log likelihood: -18019.502
Memory Usage: 2824.011776 mB
Finished Calculation State Posteriors
Saved Zero State Posterior to ./Empirical/Eigenstrat/Reichall/Sunghir4.SG/chr7/.
Successfully loaded for PP. from ./Empirical/Eigenstrat/Reichall/Sunghir4.SG/chr7/
Fraction Markers in ROH: 0.5040
Merged n=0 gaps < 0.0 M
Called n=18 ROH Blocks > 1.0 cM
Longest Block: 8.671
Successfully saved to ./Empirical/Eigenstrat/Reichall/Sunghir4.SG/chr7/roh.csv
Using Low-Mem Cython Linear Speed Up.
Loaded Pre Processing Model: Eigenstrat
Loading Individual: Sunghir4.SG

Loaded 61133 variants
Loaded 2504 individuals
HDF5 loaded from ./Data/1000Genomes/HDF5/1240kHDF5/all1240/chr8.hdf5
3 Eigenstrat Files with 5081 Individuals and 1233013 SNPs

Intersection on Positions: 61133
Nr of Matching Refs: 61133 / 61133
Full Intersection Ref/Alt Identical: 61091 / 61133
2504 / 2504 Individuals included in Reference
Extraction of 5008 Haplotypes complete
Reduced to markers called 60203 / 61091
(Fraction SNP: 0.9854643073447807)
Successfully saved to: ./Empirical/Eigenstrat/Reichall/Sunghir4.SG/chr8/
Shuffling phase of target...
Successfully loaded Data from: ./Empirical/Eigenstrat/Reichall/Sunghir4.SG/chr8/
Loaded Emission Model: haploid
Loaded Transition Model: model
Loaded Post Processing Model: Standard
Minimum Genetic Map: 0.0000
Maximum Genetic Map: 1.6800
Gaps bigger than 0.1 cM: 133
Maximum Gap: 1.8932 cM
Loaded Transition and Emission Matrix:
(3, 3)
(5009, 60203)
Loaded Observations:
(2, 60203)
Memory Usage: 2885.070848 mB
Reference Number: 5008
Total Log likelihood: -18524.010
Memory Usage: 2885.070848 mB
Finished Calculation State Posteriors
Saved Zero State Posterior to ./Empirical/Eigenstrat/Reichall/Sunghir4.SG/chr8/.
Successfully loaded for PP. from ./Empirical/Eigenstrat/Reichall/Sunghir4.SG/chr8/
Fraction Markers in ROH: 0.4902
Merged n=0 gaps < 0.0 M
Called n=17 ROH Blocks > 1.0 cM
Longest Block: 2.648
Successfully saved to ./Empirical/Eigenstrat/Reichall/Sunghir4.SG/chr8/roh.csv
Using Low-Mem Cython Linear Speed Up.
Loaded Pre Processing Model: Eigenstrat
Loading Individual: Sunghir4.SG

Loaded 50668 variants
Loaded 2504 individuals
HDF5 loaded from ./Data/1000Genomes/HDF5/1240kHDF5/all1240/chr9.hdf5
3 Eigenstrat Files with 5081 Individuals and 1233013 SNPs

Intersection on Positions: 50668
Nr of Matching Refs: 50668 / 50668
Full Intersection Ref/Alt Identical: 50629 / 50668
2504 / 2504 Individuals included in Reference
Extraction of 5008 Haplotypes complete
Reduced to markers called 49907 / 50629
(Fraction SNP: 0.985739398368524)
Successfully saved to: ./Empirical/Eigenstrat/Reichall/Sunghir4.SG/chr9/
Shuffling phase of target...
Successfully loaded Data from: ./Empirical/Eigenstrat/Reichall/Sunghir4.SG/chr9/
Loaded Emission Model: haploid
Loaded Transition Model: model
Loaded Post Processing Model: Standard
Minimum Genetic Map: 0.0016
Maximum Genetic Map: 1.6630
Gaps bigger than 0.1 cM: 173
Maximum Gap: 1.8819 cM
Loaded Transition and Emission Matrix:
(3, 3)
(5009, 49907)
Loaded Observations:
(2, 49907)
Memory Usage: 2421.714944 mB
Reference Number: 5008
Total Log likelihood: -18280.423
Memory Usage: 2421.714944 mB
Finished Calculation State Posteriors
Saved Zero State Posterior to ./Empirical/Eigenstrat/Reichall/Sunghir4.SG/chr9/.
Successfully loaded for PP. from ./Empirical/Eigenstrat/Reichall/Sunghir4.SG/chr9/
Fraction Markers in ROH: 0.3764
Merged n=0 gaps < 0.0 M
Called n=6 ROH Blocks > 1.0 cM
Longest Block: 2.677
Successfully saved to ./Empirical/Eigenstrat/Reichall/Sunghir4.SG/chr9/roh.csv
Using Low-Mem Cython Linear Speed Up.
Loaded Pre Processing Model: Eigenstrat
Loading Individual: Sunghir4.SG

Loaded 58804 variants
Loaded 2504 individuals
HDF5 loaded from ./Data/1000Genomes/HDF5/1240kHDF5/all1240/chr10.hdf5
3 Eigenstrat Files with 5081 Individuals and 1233013 SNPs

Intersection on Positions: 58804
Nr of Matching Refs: 58804 / 58804
Full Intersection Ref/Alt Identical: 58763 / 58804
2504 / 2504 Individuals included in Reference
Extraction of 5008 Haplotypes complete
Reduced to markers called 57899 / 58763
(Fraction SNP: 0.9852968704797236)
Successfully saved to: ./Empirical/Eigenstrat/Reichall/Sunghir4.SG/chr10/
Shuffling phase of target...
Successfully loaded Data from: ./Empirical/Eigenstrat/Reichall/Sunghir4.SG/chr10/
Loaded Emission Model: haploid
Loaded Transition Model: model
Loaded Post Processing Model: Standard
Minimum Genetic Map: 0.0001
Maximum Genetic Map: 1.8092
Gaps bigger than 0.1 cM: 171
Maximum Gap: 2.0335 cM
Loaded Transition and Emission Matrix:
(3, 3)
(5009, 57899)
Loaded Observations:
(2, 57899)
Memory Usage: 2783.301632 mB
Reference Number: 5008
Total Log likelihood: -18079.962
Memory Usage: 2783.301632 mB
Finished Calculation State Posteriors
Saved Zero State Posterior to ./Empirical/Eigenstrat/Reichall/Sunghir4.SG/chr10/.
Successfully loaded for PP. from ./Empirical/Eigenstrat/Reichall/Sunghir4.SG/chr10/
Fraction Markers in ROH: 0.4910
Merged n=0 gaps < 0.0 M
Called n=7 ROH Blocks > 1.0 cM
Longest Block: 9.353
Successfully saved to ./Empirical/Eigenstrat/Reichall/Sunghir4.SG/chr10/roh.csv
Using Low-Mem Cython Linear Speed Up.
Loaded Pre Processing Model: Eigenstrat
Loading Individual: Sunghir4.SG

Loaded 54833 variants
Loaded 2504 individuals
HDF5 loaded from ./Data/1000Genomes/HDF5/1240kHDF5/all1240/chr11.hdf5
3 Eigenstrat Files with 5081 Individuals and 1233013 SNPs

Intersection on Positions: 54833
Nr of Matching Refs: 54833 / 54833
Full Intersection Ref/Alt Identical: 54796 / 54833
2504 / 2504 Individuals included in Reference
Extraction of 5008 Haplotypes complete
Reduced to markers called 53960 / 54796
(Fraction SNP: 0.984743411927878)
Successfully saved to: ./Empirical/Eigenstrat/Reichall/Sunghir4.SG/chr11/
Shuffling phase of target...
Successfully loaded Data from: ./Empirical/Eigenstrat/Reichall/Sunghir4.SG/chr11/
Loaded Emission Model: haploid
Loaded Transition Model: model
Loaded Post Processing Model: Standard
Minimum Genetic Map: 0.0000
Maximum Genetic Map: 1.5822
Gaps bigger than 0.1 cM: 147
Maximum Gap: 0.5351 cM
Loaded Transition and Emission Matrix:
(3, 3)
(5009, 53960)
Loaded Observations:
(2, 53960)
Memory Usage: 2603.646976 mB
Reference Number: 5008
Total Log likelihood: -17671.311
Memory Usage: 2603.646976 mB
Finished Calculation State Posteriors
Saved Zero State Posterior to ./Empirical/Eigenstrat/Reichall/Sunghir4.SG/chr11/.
Successfully loaded for PP. from ./Empirical/Eigenstrat/Reichall/Sunghir4.SG/chr11/
Fraction Markers in ROH: 0.4558
Merged n=0 gaps < 0.0 M
Called n=13 ROH Blocks > 1.0 cM
Longest Block: 4.442
Successfully saved to ./Empirical/Eigenstrat/Reichall/Sunghir4.SG/chr11/roh.csv
Using Low-Mem Cython Linear Speed Up.
Loaded Pre Processing Model: Eigenstrat
Loading Individual: Sunghir4.SG

Loaded 53911 variants
Loaded 2504 individuals
HDF5 loaded from ./Data/1000Genomes/HDF5/1240kHDF5/all1240/chr12.hdf5
3 Eigenstrat Files with 5081 Individuals and 1233013 SNPs

Intersection on Positions: 53911
Nr of Matching Refs: 53911 / 53911
Full Intersection Ref/Alt Identical: 53884 / 53911
2504 / 2504 Individuals included in Reference
Extraction of 5008 Haplotypes complete
Reduced to markers called 53058 / 53884
(Fraction SNP: 0.9846707742558087)
Successfully saved to: ./Empirical/Eigenstrat/Reichall/Sunghir4.SG/chr12/
Shuffling phase of target...
Successfully loaded Data from: ./Empirical/Eigenstrat/Reichall/Sunghir4.SG/chr12/
Loaded Emission Model: haploid
Loaded Transition Model: model
Loaded Post Processing Model: Standard
Minimum Genetic Map: 0.0009
Maximum Genetic Map: 1.7468
Gaps bigger than 0.1 cM: 176
Maximum Gap: 0.8015 cM
Loaded Transition and Emission Matrix:
(3, 3)
(5009, 53058)
Loaded Observations:
(2, 53058)
Memory Usage: 2562.445312 mB
Reference Number: 5008
Total Log likelihood: -18756.503
Memory Usage: 2562.445312 mB
Finished Calculation State Posteriors
Saved Zero State Posterior to ./Empirical/Eigenstrat/Reichall/Sunghir4.SG/chr12/.
Successfully loaded for PP. from ./Empirical/Eigenstrat/Reichall/Sunghir4.SG/chr12/
Fraction Markers in ROH: 0.3919
Merged n=0 gaps < 0.0 M
Called n=7 ROH Blocks > 1.0 cM
Longest Block: 3.518
Successfully saved to ./Empirical/Eigenstrat/Reichall/Sunghir4.SG/chr12/roh.csv
Using Low-Mem Cython Linear Speed Up.
Loaded Pre Processing Model: Eigenstrat
Loading Individual: Sunghir4.SG

Loaded 39018 variants
Loaded 2504 individuals
HDF5 loaded from ./Data/1000Genomes/HDF5/1240kHDF5/all1240/chr13.hdf5
3 Eigenstrat Files with 5081 Individuals and 1233013 SNPs

Intersection on Positions: 39018
Nr of Matching Refs: 39018 / 39018
Full Intersection Ref/Alt Identical: 38994 / 39018
2504 / 2504 Individuals included in Reference
Extraction of 5008 Haplotypes complete
Reduced to markers called 38400 / 38994
(Fraction SNP: 0.9847668872134174)
Successfully saved to: ./Empirical/Eigenstrat/Reichall/Sunghir4.SG/chr13/
Shuffling phase of target...
Successfully loaded Data from: ./Empirical/Eigenstrat/Reichall/Sunghir4.SG/chr13/
Loaded Emission Model: haploid
Loaded Transition Model: model
Loaded Post Processing Model: Standard
Minimum Genetic Map: 0.0019
Maximum Genetic Map: 1.2570
Gaps bigger than 0.1 cM: 135
Maximum Gap: 1.2216 cM
Loaded Transition and Emission Matrix:
(3, 3)
(5009, 38400)
Loaded Observations:
(2, 38400)
Memory Usage: 1902.731264 mB
Reference Number: 5008
Total Log likelihood: -12708.340
Memory Usage: 1902.731264 mB
Finished Calculation State Posteriors
Saved Zero State Posterior to ./Empirical/Eigenstrat/Reichall/Sunghir4.SG/chr13/.
Successfully loaded for PP. from ./Empirical/Eigenstrat/Reichall/Sunghir4.SG/chr13/
Fraction Markers in ROH: 0.4503
Merged n=0 gaps < 0.0 M
Called n=7 ROH Blocks > 1.0 cM
Longest Block: 9.076
Successfully saved to ./Empirical/Eigenstrat/Reichall/Sunghir4.SG/chr13/roh.csv
Using Low-Mem Cython Linear Speed Up.
Loaded Pre Processing Model: Eigenstrat
Loading Individual: Sunghir4.SG

Loaded 36301 variants
Loaded 2504 individuals
HDF5 loaded from ./Data/1000Genomes/HDF5/1240kHDF5/all1240/chr14.hdf5
3 Eigenstrat Files with 5081 Individuals and 1233013 SNPs

Intersection on Positions: 36301
Nr of Matching Refs: 36301 / 36301
Full Intersection Ref/Alt Identical: 36280 / 36301
2504 / 2504 Individuals included in Reference
Extraction of 5008 Haplotypes complete
Reduced to markers called 35729 / 36280
(Fraction SNP: 0.9848125689084896)
Successfully saved to: ./Empirical/Eigenstrat/Reichall/Sunghir4.SG/chr14/
Shuffling phase of target...
Successfully loaded Data from: ./Empirical/Eigenstrat/Reichall/Sunghir4.SG/chr14/
Loaded Emission Model: haploid
Loaded Transition Model: model
Loaded Post Processing Model: Standard
Minimum Genetic Map: 0.0161
Maximum Genetic Map: 1.2020
Gaps bigger than 0.1 cM: 121
Maximum Gap: 2.8508 cM
Loaded Transition and Emission Matrix:
(3, 3)
(5009, 35729)
Loaded Observations:
(2, 35729)
Memory Usage: 1783.627776 mB
Reference Number: 5008
Total Log likelihood: -10660.507
Memory Usage: 1783.627776 mB
Finished Calculation State Posteriors
Saved Zero State Posterior to ./Empirical/Eigenstrat/Reichall/Sunghir4.SG/chr14/.
Successfully loaded for PP. from ./Empirical/Eigenstrat/Reichall/Sunghir4.SG/chr14/
Fraction Markers in ROH: 0.5229
Merged n=0 gaps < 0.0 M
Called n=8 ROH Blocks > 1.0 cM
Longest Block: 8.769
Successfully saved to ./Empirical/Eigenstrat/Reichall/Sunghir4.SG/chr14/roh.csv
Using Low-Mem Cython Linear Speed Up.
Loaded Pre Processing Model: Eigenstrat
Loading Individual: Sunghir4.SG

Loaded 34429 variants
Loaded 2504 individuals
HDF5 loaded from ./Data/1000Genomes/HDF5/1240kHDF5/all1240/chr15.hdf5
3 Eigenstrat Files with 5081 Individuals and 1233013 SNPs

Intersection on Positions: 34429
Nr of Matching Refs: 34429 / 34429
Full Intersection Ref/Alt Identical: 34407 / 34429
2504 / 2504 Individuals included in Reference
Extraction of 5008 Haplotypes complete
Reduced to markers called 33874 / 34407
(Fraction SNP: 0.9845089661987386)
Successfully saved to: ./Empirical/Eigenstrat/Reichall/Sunghir4.SG/chr15/
Shuffling phase of target...
Successfully loaded Data from: ./Empirical/Eigenstrat/Reichall/Sunghir4.SG/chr15/
Loaded Emission Model: haploid
Loaded Transition Model: model
Loaded Post Processing Model: Standard
Minimum Genetic Map: 0.0000
Maximum Genetic Map: 1.4135
Gaps bigger than 0.1 cM: 121
Maximum Gap: 11.4957 cM
Loaded Transition and Emission Matrix:
(3, 3)
(5009, 33874)
Loaded Observations:
(2, 33874)
Memory Usage: 1700.507648 mB
Reference Number: 5008
Total Log likelihood: -10109.388
Memory Usage: 1695.719424 mB
Finished Calculation State Posteriors
Saved Zero State Posterior to ./Empirical/Eigenstrat/Reichall/Sunghir4.SG/chr15/.
Successfully loaded for PP. from ./Empirical/Eigenstrat/Reichall/Sunghir4.SG/chr15/
Fraction Markers in ROH: 0.5446
Merged n=0 gaps < 0.0 M
Called n=11 ROH Blocks > 1.0 cM
Longest Block: 8.375
Successfully saved to ./Empirical/Eigenstrat/Reichall/Sunghir4.SG/chr15/roh.csv
Using Low-Mem Cython Linear Speed Up.
Loaded Pre Processing Model: Eigenstrat
Loading Individual: Sunghir4.SG

Loaded 34402 variants
Loaded 2504 individuals
HDF5 loaded from ./Data/1000Genomes/HDF5/1240kHDF5/all1240/chr16.hdf5
3 Eigenstrat Files with 5081 Individuals and 1233013 SNPs

Intersection on Positions: 34402
Nr of Matching Refs: 34402 / 34402
Full Intersection Ref/Alt Identical: 34375 / 34402
2504 / 2504 Individuals included in Reference
Extraction of 5008 Haplotypes complete
Reduced to markers called 33869 / 34375
(Fraction SNP: 0.98528)
Successfully saved to: ./Empirical/Eigenstrat/Reichall/Sunghir4.SG/chr16/
Shuffling phase of target...
Successfully loaded Data from: ./Empirical/Eigenstrat/Reichall/Sunghir4.SG/chr16/
Loaded Emission Model: haploid
Loaded Transition Model: model
Loaded Post Processing Model: Standard
Minimum Genetic Map: -0.0000
Maximum Genetic Map: 1.3403
Gaps bigger than 0.1 cM: 143
Maximum Gap: 0.8458 cM
Loaded Transition and Emission Matrix:
(3, 3)
(5009, 33869)
Loaded Observations:
(2, 33869)
Memory Usage: 1697.1776 mB
Reference Number: 5008
Total Log likelihood: -11239.853
Memory Usage: 1697.1776 mB
Finished Calculation State Posteriors
Saved Zero State Posterior to ./Empirical/Eigenstrat/Reichall/Sunghir4.SG/chr16/.
Successfully loaded for PP. from ./Empirical/Eigenstrat/Reichall/Sunghir4.SG/chr16/
Fraction Markers in ROH: 0.4426
Merged n=0 gaps < 0.0 M
Called n=10 ROH Blocks > 1.0 cM
Longest Block: 6.756
Successfully saved to ./Empirical/Eigenstrat/Reichall/Sunghir4.SG/chr16/roh.csv
Using Low-Mem Cython Linear Speed Up.
Loaded Pre Processing Model: Eigenstrat
Loading Individual: Sunghir4.SG

Loaded 29314 variants
Loaded 2504 individuals
HDF5 loaded from ./Data/1000Genomes/HDF5/1240kHDF5/all1240/chr17.hdf5
3 Eigenstrat Files with 5081 Individuals and 1233013 SNPs

Intersection on Positions: 29314
Nr of Matching Refs: 29314 / 29314
Full Intersection Ref/Alt Identical: 29292 / 29314
2504 / 2504 Individuals included in Reference
Extraction of 5008 Haplotypes complete
Reduced to markers called 28873 / 29292
(Fraction SNP: 0.9856957531066503)
Successfully saved to: ./Empirical/Eigenstrat/Reichall/Sunghir4.SG/chr17/
Shuffling phase of target...
Successfully loaded Data from: ./Empirical/Eigenstrat/Reichall/Sunghir4.SG/chr17/
Loaded Emission Model: haploid
Loaded Transition Model: model
Loaded Post Processing Model: Standard
Minimum Genetic Map: -0.0003
Maximum Genetic Map: 1.2847
Gaps bigger than 0.1 cM: 122
Maximum Gap: 1.2341 cM
Loaded Transition and Emission Matrix:
(3, 3)
(5009, 28873)
Loaded Observations:
(2, 28873)
Memory Usage: 1468.219392 mB
Reference Number: 5008
Total Log likelihood: -10453.350
Memory Usage: 1468.219392 mB
Finished Calculation State Posteriors
Saved Zero State Posterior to ./Empirical/Eigenstrat/Reichall/Sunghir4.SG/chr17/.
Successfully loaded for PP. from ./Empirical/Eigenstrat/Reichall/Sunghir4.SG/chr17/
Fraction Markers in ROH: 0.3996
Merged n=0 gaps < 0.0 M
Called n=4 ROH Blocks > 1.0 cM
Longest Block: 3.221
Successfully saved to ./Empirical/Eigenstrat/Reichall/Sunghir4.SG/chr17/roh.csv
Using Low-Mem Cython Linear Speed Up.
Loaded Pre Processing Model: Eigenstrat
Loading Individual: Sunghir4.SG

Loaded 33917 variants
Loaded 2504 individuals
HDF5 loaded from ./Data/1000Genomes/HDF5/1240kHDF5/all1240/chr18.hdf5
3 Eigenstrat Files with 5081 Individuals and 1233013 SNPs

Intersection on Positions: 33917
Nr of Matching Refs: 33917 / 33917
Full Intersection Ref/Alt Identical: 33902 / 33917
2504 / 2504 Individuals included in Reference
Extraction of 5008 Haplotypes complete
Reduced to markers called 33394 / 33902
(Fraction SNP: 0.9850156332959707)
Successfully saved to: ./Empirical/Eigenstrat/Reichall/Sunghir4.SG/chr18/
Shuffling phase of target...
Successfully loaded Data from: ./Empirical/Eigenstrat/Reichall/Sunghir4.SG/chr18/
Loaded Emission Model: haploid
Loaded Transition Model: model
Loaded Post Processing Model: Standard
Minimum Genetic Map: 0.0016
Maximum Genetic Map: 1.1771
Gaps bigger than 0.1 cM: 120
Maximum Gap: 0.4763 cM
Loaded Transition and Emission Matrix:
(3, 3)
(5009, 33394)
Loaded Observations:
(2, 33394)
Memory Usage: 1672.822784 mB
Reference Number: 5008
Total Log likelihood: -11400.657
Memory Usage: 1672.822784 mB
Finished Calculation State Posteriors
Saved Zero State Posterior to ./Empirical/Eigenstrat/Reichall/Sunghir4.SG/chr18/.
Successfully loaded for PP. from ./Empirical/Eigenstrat/Reichall/Sunghir4.SG/chr18/
Fraction Markers in ROH: 0.4503
Merged n=0 gaps < 0.0 M
Called n=8 ROH Blocks > 1.0 cM
Longest Block: 6.661
Successfully saved to ./Empirical/Eigenstrat/Reichall/Sunghir4.SG/chr18/roh.csv
Using Low-Mem Cython Linear Speed Up.
Loaded Pre Processing Model: Eigenstrat
Loading Individual: Sunghir4.SG

Loaded 18460 variants
Loaded 2504 individuals
HDF5 loaded from ./Data/1000Genomes/HDF5/1240kHDF5/all1240/chr19.hdf5
3 Eigenstrat Files with 5081 Individuals and 1233013 SNPs

Intersection on Positions: 18460
Nr of Matching Refs: 18460 / 18460
Full Intersection Ref/Alt Identical: 18441 / 18460
2504 / 2504 Individuals included in Reference
Extraction of 5008 Haplotypes complete
Reduced to markers called 18142 / 18441
(Fraction SNP: 0.9837861287348842)
Successfully saved to: ./Empirical/Eigenstrat/Reichall/Sunghir4.SG/chr19/
Shuffling phase of target...
Successfully loaded Data from: ./Empirical/Eigenstrat/Reichall/Sunghir4.SG/chr19/
Loaded Emission Model: haploid
Loaded Transition Model: model
Loaded Post Processing Model: Standard
Minimum Genetic Map: 0.0000
Maximum Genetic Map: 1.0773
Gaps bigger than 0.1 cM: 134
Maximum Gap: 0.5964 cM
Loaded Transition and Emission Matrix:
(3, 3)
(5009, 18142)
Loaded Observations:
(2, 18142)
Memory Usage: 986.304512 mB
Reference Number: 5008
Total Log likelihood: -6734.188
Memory Usage: 986.304512 mB
Finished Calculation State Posteriors
Saved Zero State Posterior to ./Empirical/Eigenstrat/Reichall/Sunghir4.SG/chr19/.
Successfully loaded for PP. from ./Empirical/Eigenstrat/Reichall/Sunghir4.SG/chr19/
Fraction Markers in ROH: 0.4232
Merged n=0 gaps < 0.0 M
Called n=10 ROH Blocks > 1.0 cM
Longest Block: 3.405
Successfully saved to ./Empirical/Eigenstrat/Reichall/Sunghir4.SG/chr19/roh.csv
Using Low-Mem Cython Linear Speed Up.
Loaded Pre Processing Model: Eigenstrat
Loading Individual: Sunghir4.SG

Loaded 29078 variants
Loaded 2504 individuals
HDF5 loaded from ./Data/1000Genomes/HDF5/1240kHDF5/all1240/chr20.hdf5
3 Eigenstrat Files with 5081 Individuals and 1233013 SNPs

Intersection on Positions: 29078
Nr of Matching Refs: 29078 / 29078
Full Intersection Ref/Alt Identical: 29053 / 29078
2504 / 2504 Individuals included in Reference
Extraction of 5008 Haplotypes complete
Reduced to markers called 28695 / 29053
(Fraction SNP: 0.98767769249303)
Successfully saved to: ./Empirical/Eigenstrat/Reichall/Sunghir4.SG/chr20/
Shuffling phase of target...
Successfully loaded Data from: ./Empirical/Eigenstrat/Reichall/Sunghir4.SG/chr20/
Loaded Emission Model: haploid
Loaded Transition Model: model
Loaded Post Processing Model: Standard
Minimum Genetic Map: 0.0000
Maximum Genetic Map: 1.0821
Gaps bigger than 0.1 cM: 120
Maximum Gap: 0.5865 cM
Loaded Transition and Emission Matrix:
(3, 3)
(5009, 28695)
Loaded Observations:
(2, 28695)
Memory Usage: 1462.571008 mB
Reference Number: 5008
Total Log likelihood: -9552.284
Memory Usage: 1462.571008 mB
Finished Calculation State Posteriors
Saved Zero State Posterior to ./Empirical/Eigenstrat/Reichall/Sunghir4.SG/chr20/.
Successfully loaded for PP. from ./Empirical/Eigenstrat/Reichall/Sunghir4.SG/chr20/
Fraction Markers in ROH: 0.4561
Merged n=0 gaps < 0.0 M
Called n=9 ROH Blocks > 1.0 cM
Longest Block: 5.062
Successfully saved to ./Empirical/Eigenstrat/Reichall/Sunghir4.SG/chr20/roh.csv
Using Low-Mem Cython Linear Speed Up.
Loaded Pre Processing Model: Eigenstrat
Loading Individual: Sunghir4.SG

Loaded 16038 variants
Loaded 2504 individuals
HDF5 loaded from ./Data/1000Genomes/HDF5/1240kHDF5/all1240/chr21.hdf5
3 Eigenstrat Files with 5081 Individuals and 1233013 SNPs

Intersection on Positions: 16038
Nr of Matching Refs: 16038 / 16038
Full Intersection Ref/Alt Identical: 16031 / 16038
2504 / 2504 Individuals included in Reference
Extraction of 5008 Haplotypes complete
Reduced to markers called 15792 / 16031
(Fraction SNP: 0.9850913854407086)
Successfully saved to: ./Empirical/Eigenstrat/Reichall/Sunghir4.SG/chr21/
Shuffling phase of target...
Successfully loaded Data from: ./Empirical/Eigenstrat/Reichall/Sunghir4.SG/chr21/
Loaded Emission Model: haploid
Loaded Transition Model: model
Loaded Post Processing Model: Standard
Minimum Genetic Map: 0.0086
Maximum Genetic Map: 0.6279
Gaps bigger than 0.1 cM: 74
Maximum Gap: 0.4744 cM
Loaded Transition and Emission Matrix:
(3, 3)
(5009, 15792)
Loaded Observations:
(2, 15792)
Memory Usage: 881.422336 mB
Reference Number: 5008
Total Log likelihood: -5898.138
Memory Usage: 881.422336 mB
Finished Calculation State Posteriors
Saved Zero State Posterior to ./Empirical/Eigenstrat/Reichall/Sunghir4.SG/chr21/.
Successfully loaded for PP. from ./Empirical/Eigenstrat/Reichall/Sunghir4.SG/chr21/
Fraction Markers in ROH: 0.3493
Merged n=0 gaps < 0.0 M
Called n=3 ROH Blocks > 1.0 cM
Longest Block: 1.468
Successfully saved to ./Empirical/Eigenstrat/Reichall/Sunghir4.SG/chr21/roh.csv
Using Low-Mem Cython Linear Speed Up.
Loaded Pre Processing Model: Eigenstrat
Loading Individual: Sunghir4.SG

Loaded 15802 variants
Loaded 2504 individuals
HDF5 loaded from ./Data/1000Genomes/HDF5/1240kHDF5/all1240/chr22.hdf5
3 Eigenstrat Files with 5081 Individuals and 1233013 SNPs

Intersection on Positions: 15802
Nr of Matching Refs: 15802 / 15802
Full Intersection Ref/Alt Identical: 15793 / 15802
2504 / 2504 Individuals included in Reference
Extraction of 5008 Haplotypes complete
Reduced to markers called 15558 / 15793
(Fraction SNP: 0.9851199898689292)
Successfully saved to: ./Empirical/Eigenstrat/Reichall/Sunghir4.SG/chr22/
Shuffling phase of target...
Successfully loaded Data from: ./Empirical/Eigenstrat/Reichall/Sunghir4.SG/chr22/
Loaded Emission Model: haploid
Loaded Transition Model: model
Loaded Post Processing Model: Standard
Minimum Genetic Map: 0.0163
Maximum Genetic Map: 0.7408
Gaps bigger than 0.1 cM: 81
Maximum Gap: 1.6097 cM
Loaded Transition and Emission Matrix:
(3, 3)
(5009, 15558)
Loaded Observations:
(2, 15558)
Memory Usage: 867.995648 mB
Reference Number: 5008
Total Log likelihood: -5553.152
Memory Usage: 867.995648 mB
Finished Calculation State Posteriors
Saved Zero State Posterior to ./Empirical/Eigenstrat/Reichall/Sunghir4.SG/chr22/.
Successfully loaded for PP. from ./Empirical/Eigenstrat/Reichall/Sunghir4.SG/chr22/
Fraction Markers in ROH: 0.4369
Merged n=0 gaps < 0.0 M
Called n=2 ROH Blocks > 1.0 cM
Longest Block: 3.534
Successfully saved to ./Empirical/Eigenstrat/Reichall/Sunghir4.SG/chr22/roh.csv
