Doing Individual DA337.SG...
Using Low-Mem Cython Linear Speed Up.
Loaded Pre Processing Model: Eigenstrat
Loading Individual: DA337.SG

Loaded 89147 variants
Loaded 2504 individuals
HDF5 loaded from ./Data/1000Genomes/HDF5/1240kHDF5/all1240/chr1.hdf5
3 Eigenstrat Files with 5081 Individuals and 1233013 SNPs

Intersection on Positions: 89147
Nr of Matching Refs: 89147 / 89147
Full Intersection Ref/Alt Identical: 89082 / 89147
2504 / 2504 Individuals included in Reference
Extraction of 5008 Haplotypes complete
Reduced to markers called 51909 / 89082
(Fraction SNP: 0.5827103118475113)
Successfully saved to: ./Empirical/Eigenstrat/Reichall/DA337.SG/chr1/
Shuffling phase of target...
Successfully loaded Data from: ./Empirical/Eigenstrat/Reichall/DA337.SG/chr1/
Loaded Emission Model: haploid
Loaded Transition Model: model
Loaded Post Processing Model: Standard
Minimum Genetic Map: 0.0201
Maximum Genetic Map: 2.8627
Gaps bigger than 0.1 cM: 389
Maximum Gap: 2.9749 cM
Loaded Transition and Emission Matrix:
(3, 3)
(5009, 51909)
Loaded Observations:
(2, 51909)
Memory Usage: 2524.401664 mB
Reference Number: 5008
Total Log likelihood: -17004.795
Memory Usage: 2524.860416 mB
Finished Calculation State Posteriors
Saved Zero State Posterior to ./Empirical/Eigenstrat/Reichall/DA337.SG/chr1/.
Successfully loaded for PP. from ./Empirical/Eigenstrat/Reichall/DA337.SG/chr1/
Fraction Markers in ROH: 0.4650
Merged n=0 gaps < 0.0 M
Called n=19 ROH Blocks > 1.0 cM
Longest Block: 6.094
Successfully saved to ./Empirical/Eigenstrat/Reichall/DA337.SG/chr1/roh.csv
Using Low-Mem Cython Linear Speed Up.
Loaded Pre Processing Model: Eigenstrat
Loading Individual: DA337.SG

Loaded 94239 variants
Loaded 2504 individuals
HDF5 loaded from ./Data/1000Genomes/HDF5/1240kHDF5/all1240/chr2.hdf5
3 Eigenstrat Files with 5081 Individuals and 1233013 SNPs

Intersection on Positions: 94239
Nr of Matching Refs: 94239 / 94239
Full Intersection Ref/Alt Identical: 94173 / 94239
2504 / 2504 Individuals included in Reference
Extraction of 5008 Haplotypes complete
Reduced to markers called 55330 / 94173
(Fraction SNP: 0.5875357055631657)
Successfully saved to: ./Empirical/Eigenstrat/Reichall/DA337.SG/chr2/
Shuffling phase of target...
Successfully loaded Data from: ./Empirical/Eigenstrat/Reichall/DA337.SG/chr2/
Loaded Emission Model: haploid
Loaded Transition Model: model
Loaded Post Processing Model: Standard
Minimum Genetic Map: 0.0002
Maximum Genetic Map: 2.6883
Gaps bigger than 0.1 cM: 354
Maximum Gap: 1.8332 cM
Loaded Transition and Emission Matrix:
(3, 3)
(5009, 55330)
Loaded Observations:
(2, 55330)
Memory Usage: 2670.764032 mB
Reference Number: 5008
Total Log likelihood: -18246.831
Memory Usage: 2670.764032 mB
Finished Calculation State Posteriors
Saved Zero State Posterior to ./Empirical/Eigenstrat/Reichall/DA337.SG/chr2/.
Successfully loaded for PP. from ./Empirical/Eigenstrat/Reichall/DA337.SG/chr2/
Fraction Markers in ROH: 0.4768
Merged n=0 gaps < 0.0 M
Called n=18 ROH Blocks > 1.0 cM
Longest Block: 11.417
Successfully saved to ./Empirical/Eigenstrat/Reichall/DA337.SG/chr2/roh.csv
Using Low-Mem Cython Linear Speed Up.
Loaded Pre Processing Model: Eigenstrat
Loading Individual: DA337.SG

Loaded 77652 variants
Loaded 2504 individuals
HDF5 loaded from ./Data/1000Genomes/HDF5/1240kHDF5/all1240/chr3.hdf5
3 Eigenstrat Files with 5081 Individuals and 1233013 SNPs

Intersection on Positions: 77652
Nr of Matching Refs: 77652 / 77652
Full Intersection Ref/Alt Identical: 77601 / 77652
2504 / 2504 Individuals included in Reference
Extraction of 5008 Haplotypes complete
Reduced to markers called 45480 / 77601
(Fraction SNP: 0.5860749217149264)
Successfully saved to: ./Empirical/Eigenstrat/Reichall/DA337.SG/chr3/
Shuffling phase of target...
Successfully loaded Data from: ./Empirical/Eigenstrat/Reichall/DA337.SG/chr3/
Loaded Emission Model: haploid
Loaded Transition Model: model
Loaded Post Processing Model: Standard
Minimum Genetic Map: 0.0000
Maximum Genetic Map: 2.2326
Gaps bigger than 0.1 cM: 328
Maximum Gap: 0.2565 cM
Loaded Transition and Emission Matrix:
(3, 3)
(5009, 45480)
Loaded Observations:
(2, 45480)
Memory Usage: 2227.253248 mB
Reference Number: 5008
Total Log likelihood: -15657.802
Memory Usage: 2227.253248 mB
Finished Calculation State Posteriors
Saved Zero State Posterior to ./Empirical/Eigenstrat/Reichall/DA337.SG/chr3/.
Successfully loaded for PP. from ./Empirical/Eigenstrat/Reichall/DA337.SG/chr3/
Fraction Markers in ROH: 0.4299
Merged n=0 gaps < 0.0 M
Called n=11 ROH Blocks > 1.0 cM
Longest Block: 3.405
Successfully saved to ./Empirical/Eigenstrat/Reichall/DA337.SG/chr3/roh.csv
Using Low-Mem Cython Linear Speed Up.
Loaded Pre Processing Model: Eigenstrat
Loading Individual: DA337.SG

Loaded 68759 variants
Loaded 2504 individuals
HDF5 loaded from ./Data/1000Genomes/HDF5/1240kHDF5/all1240/chr4.hdf5
3 Eigenstrat Files with 5081 Individuals and 1233013 SNPs

Intersection on Positions: 68759
Nr of Matching Refs: 68759 / 68759
Full Intersection Ref/Alt Identical: 68720 / 68759
2504 / 2504 Individuals included in Reference
Extraction of 5008 Haplotypes complete
Reduced to markers called 40725 / 68720
(Fraction SNP: 0.5926222351571595)
Successfully saved to: ./Empirical/Eigenstrat/Reichall/DA337.SG/chr4/
Shuffling phase of target...
Successfully loaded Data from: ./Empirical/Eigenstrat/Reichall/DA337.SG/chr4/
Loaded Emission Model: haploid
Loaded Transition Model: model
Loaded Post Processing Model: Standard
Minimum Genetic Map: 0.0034
Maximum Genetic Map: 2.1454
Gaps bigger than 0.1 cM: 295
Maximum Gap: 2.0464 cM
Loaded Transition and Emission Matrix:
(3, 3)
(5009, 40725)
Loaded Observations:
(2, 40725)
Memory Usage: 2014.216192 mB
Reference Number: 5008
Total Log likelihood: -11620.885
Memory Usage: 2014.216192 mB
Finished Calculation State Posteriors
Saved Zero State Posterior to ./Empirical/Eigenstrat/Reichall/DA337.SG/chr4/.
Successfully loaded for PP. from ./Empirical/Eigenstrat/Reichall/DA337.SG/chr4/
Fraction Markers in ROH: 0.5816
Merged n=0 gaps < 0.0 M
Called n=12 ROH Blocks > 1.0 cM
Longest Block: 37.707
Successfully saved to ./Empirical/Eigenstrat/Reichall/DA337.SG/chr4/roh.csv
Using Low-Mem Cython Linear Speed Up.
Loaded Pre Processing Model: Eigenstrat
Loading Individual: DA337.SG

Loaded 69399 variants
Loaded 2504 individuals
HDF5 loaded from ./Data/1000Genomes/HDF5/1240kHDF5/all1240/chr5.hdf5
3 Eigenstrat Files with 5081 Individuals and 1233013 SNPs

Intersection on Positions: 69399
Nr of Matching Refs: 69399 / 69399
Full Intersection Ref/Alt Identical: 69354 / 69399
2504 / 2504 Individuals included in Reference
Extraction of 5008 Haplotypes complete
Reduced to markers called 40942 / 69354
(Fraction SNP: 0.5903336505464717)
Successfully saved to: ./Empirical/Eigenstrat/Reichall/DA337.SG/chr5/
Shuffling phase of target...
Successfully loaded Data from: ./Empirical/Eigenstrat/Reichall/DA337.SG/chr5/
Loaded Emission Model: haploid
Loaded Transition Model: model
Loaded Post Processing Model: Standard
Minimum Genetic Map: 0.0004
Maximum Genetic Map: 2.0409
Gaps bigger than 0.1 cM: 306
Maximum Gap: 1.2671 cM
Loaded Transition and Emission Matrix:
(3, 3)
(5009, 40942)
Loaded Observations:
(2, 40942)
Memory Usage: 2025.578496 mB
Reference Number: 5008
Total Log likelihood: -14391.605
Memory Usage: 2025.578496 mB
Finished Calculation State Posteriors
Saved Zero State Posterior to ./Empirical/Eigenstrat/Reichall/DA337.SG/chr5/.
Successfully loaded for PP. from ./Empirical/Eigenstrat/Reichall/DA337.SG/chr5/
Fraction Markers in ROH: 0.4275
Merged n=0 gaps < 0.0 M
Called n=7 ROH Blocks > 1.0 cM
Longest Block: 2.660
Successfully saved to ./Empirical/Eigenstrat/Reichall/DA337.SG/chr5/roh.csv
Using Low-Mem Cython Linear Speed Up.
Loaded Pre Processing Model: Eigenstrat
Loading Individual: DA337.SG

Loaded 75870 variants
Loaded 2504 individuals
HDF5 loaded from ./Data/1000Genomes/HDF5/1240kHDF5/all1240/chr6.hdf5
3 Eigenstrat Files with 5081 Individuals and 1233013 SNPs

Intersection on Positions: 75870
Nr of Matching Refs: 75870 / 75870
Full Intersection Ref/Alt Identical: 75816 / 75870
2504 / 2504 Individuals included in Reference
Extraction of 5008 Haplotypes complete
Reduced to markers called 44498 / 75816
(Fraction SNP: 0.5869209665505962)
Successfully saved to: ./Empirical/Eigenstrat/Reichall/DA337.SG/chr6/
Shuffling phase of target...
Successfully loaded Data from: ./Empirical/Eigenstrat/Reichall/DA337.SG/chr6/
Loaded Emission Model: haploid
Loaded Transition Model: model
Loaded Post Processing Model: Standard
Minimum Genetic Map: 0.0032
Maximum Genetic Map: 1.9203
Gaps bigger than 0.1 cM: 271
Maximum Gap: 0.5076 cM
Loaded Transition and Emission Matrix:
(3, 3)
(5009, 44498)
Loaded Observations:
(2, 44498)
Memory Usage: 2183.806976 mB
Reference Number: 5008
Total Log likelihood: -13877.475
Memory Usage: 2183.806976 mB
Finished Calculation State Posteriors
Saved Zero State Posterior to ./Empirical/Eigenstrat/Reichall/DA337.SG/chr6/.
Successfully loaded for PP. from ./Empirical/Eigenstrat/Reichall/DA337.SG/chr6/
Fraction Markers in ROH: 0.5048
Merged n=0 gaps < 0.0 M
Called n=6 ROH Blocks > 1.0 cM
Longest Block: 13.374
Successfully saved to ./Empirical/Eigenstrat/Reichall/DA337.SG/chr6/roh.csv
Using Low-Mem Cython Linear Speed Up.
Loaded Pre Processing Model: Eigenstrat
Loading Individual: DA337.SG

Loaded 59890 variants
Loaded 2504 individuals
HDF5 loaded from ./Data/1000Genomes/HDF5/1240kHDF5/all1240/chr7.hdf5
3 Eigenstrat Files with 5081 Individuals and 1233013 SNPs

Intersection on Positions: 59890
Nr of Matching Refs: 59890 / 59890
Full Intersection Ref/Alt Identical: 59836 / 59890
2504 / 2504 Individuals included in Reference
Extraction of 5008 Haplotypes complete
Reduced to markers called 35106 / 59836
(Fraction SNP: 0.5867036566615416)
Successfully saved to: ./Empirical/Eigenstrat/Reichall/DA337.SG/chr7/
Shuffling phase of target...
Successfully loaded Data from: ./Empirical/Eigenstrat/Reichall/DA337.SG/chr7/
Loaded Emission Model: haploid
Loaded Transition Model: model
Loaded Post Processing Model: Standard
Minimum Genetic Map: 0.0000
Maximum Genetic Map: 1.8715
Gaps bigger than 0.1 cM: 273
Maximum Gap: 0.9845 cM
Loaded Transition and Emission Matrix:
(3, 3)
(5009, 35106)
Loaded Observations:
(2, 35106)
Memory Usage: 1760.669696 mB
Reference Number: 5008
Total Log likelihood: -11606.796
Memory Usage: 1760.669696 mB
Finished Calculation State Posteriors
Saved Zero State Posterior to ./Empirical/Eigenstrat/Reichall/DA337.SG/chr7/.
Successfully loaded for PP. from ./Empirical/Eigenstrat/Reichall/DA337.SG/chr7/
Fraction Markers in ROH: 0.4715
Merged n=0 gaps < 0.0 M
Called n=15 ROH Blocks > 1.0 cM
Longest Block: 10.490
Successfully saved to ./Empirical/Eigenstrat/Reichall/DA337.SG/chr7/roh.csv
Using Low-Mem Cython Linear Speed Up.
Loaded Pre Processing Model: Eigenstrat
Loading Individual: DA337.SG

Loaded 61133 variants
Loaded 2504 individuals
HDF5 loaded from ./Data/1000Genomes/HDF5/1240kHDF5/all1240/chr8.hdf5
3 Eigenstrat Files with 5081 Individuals and 1233013 SNPs

Intersection on Positions: 61133
Nr of Matching Refs: 61133 / 61133
Full Intersection Ref/Alt Identical: 61091 / 61133
2504 / 2504 Individuals included in Reference
Extraction of 5008 Haplotypes complete
Reduced to markers called 35801 / 61091
(Fraction SNP: 0.5860274017449378)
Successfully saved to: ./Empirical/Eigenstrat/Reichall/DA337.SG/chr8/
Shuffling phase of target...
Successfully loaded Data from: ./Empirical/Eigenstrat/Reichall/DA337.SG/chr8/
Loaded Emission Model: haploid
Loaded Transition Model: model
Loaded Post Processing Model: Standard
Minimum Genetic Map: 0.0000
Maximum Genetic Map: 1.6800
Gaps bigger than 0.1 cM: 206
Maximum Gap: 1.8932 cM
Loaded Transition and Emission Matrix:
(3, 3)
(5009, 35801)
Loaded Observations:
(2, 35801)
Memory Usage: 1792.528384 mB
Reference Number: 5008
Total Log likelihood: -11702.492
Memory Usage: 1792.528384 mB
Finished Calculation State Posteriors
Saved Zero State Posterior to ./Empirical/Eigenstrat/Reichall/DA337.SG/chr8/.
Successfully loaded for PP. from ./Empirical/Eigenstrat/Reichall/DA337.SG/chr8/
Fraction Markers in ROH: 0.5021
Merged n=0 gaps < 0.0 M
Called n=12 ROH Blocks > 1.0 cM
Longest Block: 9.256
Successfully saved to ./Empirical/Eigenstrat/Reichall/DA337.SG/chr8/roh.csv
Using Low-Mem Cython Linear Speed Up.
Loaded Pre Processing Model: Eigenstrat
Loading Individual: DA337.SG

Loaded 50668 variants
Loaded 2504 individuals
HDF5 loaded from ./Data/1000Genomes/HDF5/1240kHDF5/all1240/chr9.hdf5
3 Eigenstrat Files with 5081 Individuals and 1233013 SNPs

Intersection on Positions: 50668
Nr of Matching Refs: 50668 / 50668
Full Intersection Ref/Alt Identical: 50629 / 50668
2504 / 2504 Individuals included in Reference
Extraction of 5008 Haplotypes complete
Reduced to markers called 29734 / 50629
(Fraction SNP: 0.5872918682968259)
Successfully saved to: ./Empirical/Eigenstrat/Reichall/DA337.SG/chr9/
Shuffling phase of target...
Successfully loaded Data from: ./Empirical/Eigenstrat/Reichall/DA337.SG/chr9/
Loaded Emission Model: haploid
Loaded Transition Model: model
Loaded Post Processing Model: Standard
Minimum Genetic Map: 0.0016
Maximum Genetic Map: 1.6630
Gaps bigger than 0.1 cM: 239
Maximum Gap: 1.9429 cM
Loaded Transition and Emission Matrix:
(3, 3)
(5009, 29734)
Loaded Observations:
(2, 29734)
Memory Usage: 1519.030272 mB
Reference Number: 5008
Total Log likelihood: -9927.210
Memory Usage: 1519.030272 mB
Finished Calculation State Posteriors
Saved Zero State Posterior to ./Empirical/Eigenstrat/Reichall/DA337.SG/chr9/.
Successfully loaded for PP. from ./Empirical/Eigenstrat/Reichall/DA337.SG/chr9/
Fraction Markers in ROH: 0.4708
Merged n=0 gaps < 0.0 M
Called n=11 ROH Blocks > 1.0 cM
Longest Block: 5.443
Successfully saved to ./Empirical/Eigenstrat/Reichall/DA337.SG/chr9/roh.csv
Using Low-Mem Cython Linear Speed Up.
Loaded Pre Processing Model: Eigenstrat
Loading Individual: DA337.SG

Loaded 58804 variants
Loaded 2504 individuals
HDF5 loaded from ./Data/1000Genomes/HDF5/1240kHDF5/all1240/chr10.hdf5
3 Eigenstrat Files with 5081 Individuals and 1233013 SNPs

Intersection on Positions: 58804
Nr of Matching Refs: 58804 / 58804
Full Intersection Ref/Alt Identical: 58763 / 58804
2504 / 2504 Individuals included in Reference
Extraction of 5008 Haplotypes complete
Reduced to markers called 34359 / 58763
(Fraction SNP: 0.5847046610962681)
Successfully saved to: ./Empirical/Eigenstrat/Reichall/DA337.SG/chr10/
Shuffling phase of target...
Successfully loaded Data from: ./Empirical/Eigenstrat/Reichall/DA337.SG/chr10/
Loaded Emission Model: haploid
Loaded Transition Model: model
Loaded Post Processing Model: Standard
Minimum Genetic Map: 0.0001
Maximum Genetic Map: 1.8092
Gaps bigger than 0.1 cM: 267
Maximum Gap: 2.0335 cM
Loaded Transition and Emission Matrix:
(3, 3)
(5009, 34359)
Loaded Observations:
(2, 34359)
Memory Usage: 1728.83968 mB
Reference Number: 5008
Total Log likelihood: -11595.271
Memory Usage: 1728.83968 mB
Finished Calculation State Posteriors
Saved Zero State Posterior to ./Empirical/Eigenstrat/Reichall/DA337.SG/chr10/.
Successfully loaded for PP. from ./Empirical/Eigenstrat/Reichall/DA337.SG/chr10/
Fraction Markers in ROH: 0.4651
Merged n=0 gaps < 0.0 M
Called n=9 ROH Blocks > 1.0 cM
Longest Block: 1.658
Successfully saved to ./Empirical/Eigenstrat/Reichall/DA337.SG/chr10/roh.csv
Using Low-Mem Cython Linear Speed Up.
Loaded Pre Processing Model: Eigenstrat
Loading Individual: DA337.SG

Loaded 54833 variants
Loaded 2504 individuals
HDF5 loaded from ./Data/1000Genomes/HDF5/1240kHDF5/all1240/chr11.hdf5
3 Eigenstrat Files with 5081 Individuals and 1233013 SNPs

Intersection on Positions: 54833
Nr of Matching Refs: 54833 / 54833
Full Intersection Ref/Alt Identical: 54796 / 54833
2504 / 2504 Individuals included in Reference
Extraction of 5008 Haplotypes complete
Reduced to markers called 31892 / 54796
(Fraction SNP: 0.5820132856412877)
Successfully saved to: ./Empirical/Eigenstrat/Reichall/DA337.SG/chr11/
Shuffling phase of target...
Successfully loaded Data from: ./Empirical/Eigenstrat/Reichall/DA337.SG/chr11/
Loaded Emission Model: haploid
Loaded Transition Model: model
Loaded Post Processing Model: Standard
Minimum Genetic Map: 0.0000
Maximum Genetic Map: 1.5822
Gaps bigger than 0.1 cM: 215
Maximum Gap: 0.5673 cM
Loaded Transition and Emission Matrix:
(3, 3)
(5009, 31892)
Loaded Observations:
(2, 31892)
Memory Usage: 1619.726336 mB
Reference Number: 5008
Total Log likelihood: -11167.600
Memory Usage: 1616.5888 mB
Finished Calculation State Posteriors
Saved Zero State Posterior to ./Empirical/Eigenstrat/Reichall/DA337.SG/chr11/.
Successfully loaded for PP. from ./Empirical/Eigenstrat/Reichall/DA337.SG/chr11/
Fraction Markers in ROH: 0.4488
Merged n=0 gaps < 0.0 M
Called n=11 ROH Blocks > 1.0 cM
Longest Block: 6.391
Successfully saved to ./Empirical/Eigenstrat/Reichall/DA337.SG/chr11/roh.csv
Using Low-Mem Cython Linear Speed Up.
Loaded Pre Processing Model: Eigenstrat
Loading Individual: DA337.SG

Loaded 53911 variants
Loaded 2504 individuals
HDF5 loaded from ./Data/1000Genomes/HDF5/1240kHDF5/all1240/chr12.hdf5
3 Eigenstrat Files with 5081 Individuals and 1233013 SNPs

Intersection on Positions: 53911
Nr of Matching Refs: 53911 / 53911
Full Intersection Ref/Alt Identical: 53884 / 53911
2504 / 2504 Individuals included in Reference
Extraction of 5008 Haplotypes complete
Reduced to markers called 31528 / 53884
(Fraction SNP: 0.5851087521342142)
Successfully saved to: ./Empirical/Eigenstrat/Reichall/DA337.SG/chr12/
Shuffling phase of target...
Successfully loaded Data from: ./Empirical/Eigenstrat/Reichall/DA337.SG/chr12/
Loaded Emission Model: haploid
Loaded Transition Model: model
Loaded Post Processing Model: Standard
Minimum Genetic Map: 0.0017
Maximum Genetic Map: 1.7468
Gaps bigger than 0.1 cM: 270
Maximum Gap: 1.1095 cM
Loaded Transition and Emission Matrix:
(3, 3)
(5009, 31528)
Loaded Observations:
(2, 31528)
Memory Usage: 1599.635456 mB
Reference Number: 5008
Total Log likelihood: -8139.392
Memory Usage: 1599.635456 mB
Finished Calculation State Posteriors
Saved Zero State Posterior to ./Empirical/Eigenstrat/Reichall/DA337.SG/chr12/.
Successfully loaded for PP. from ./Empirical/Eigenstrat/Reichall/DA337.SG/chr12/
Fraction Markers in ROH: 0.6696
Merged n=0 gaps < 0.0 M
Called n=14 ROH Blocks > 1.0 cM
Longest Block: 24.779
Successfully saved to ./Empirical/Eigenstrat/Reichall/DA337.SG/chr12/roh.csv
Using Low-Mem Cython Linear Speed Up.
Loaded Pre Processing Model: Eigenstrat
Loading Individual: DA337.SG

Loaded 39018 variants
Loaded 2504 individuals
HDF5 loaded from ./Data/1000Genomes/HDF5/1240kHDF5/all1240/chr13.hdf5
3 Eigenstrat Files with 5081 Individuals and 1233013 SNPs

Intersection on Positions: 39018
Nr of Matching Refs: 39018 / 39018
Full Intersection Ref/Alt Identical: 38994 / 39018
2504 / 2504 Individuals included in Reference
Extraction of 5008 Haplotypes complete
Reduced to markers called 23034 / 38994
(Fraction SNP: 0.5907062625019234)
Successfully saved to: ./Empirical/Eigenstrat/Reichall/DA337.SG/chr13/
Shuffling phase of target...
Successfully loaded Data from: ./Empirical/Eigenstrat/Reichall/DA337.SG/chr13/
Loaded Emission Model: haploid
Loaded Transition Model: model
Loaded Post Processing Model: Standard
Minimum Genetic Map: 0.0019
Maximum Genetic Map: 1.2570
Gaps bigger than 0.1 cM: 190
Maximum Gap: 1.2227 cM
Loaded Transition and Emission Matrix:
(3, 3)
(5009, 23034)
Loaded Observations:
(2, 23034)
Memory Usage: 1217.789952 mB
Reference Number: 5008
Total Log likelihood: -8338.089
Memory Usage: 1217.789952 mB
Finished Calculation State Posteriors
Saved Zero State Posterior to ./Empirical/Eigenstrat/Reichall/DA337.SG/chr13/.
Successfully loaded for PP. from ./Empirical/Eigenstrat/Reichall/DA337.SG/chr13/
Fraction Markers in ROH: 0.4022
Merged n=0 gaps < 0.0 M
Called n=4 ROH Blocks > 1.0 cM
Longest Block: 1.540
Successfully saved to ./Empirical/Eigenstrat/Reichall/DA337.SG/chr13/roh.csv
Using Low-Mem Cython Linear Speed Up.
Loaded Pre Processing Model: Eigenstrat
Loading Individual: DA337.SG

Loaded 36301 variants
Loaded 2504 individuals
HDF5 loaded from ./Data/1000Genomes/HDF5/1240kHDF5/all1240/chr14.hdf5
3 Eigenstrat Files with 5081 Individuals and 1233013 SNPs

Intersection on Positions: 36301
Nr of Matching Refs: 36301 / 36301
Full Intersection Ref/Alt Identical: 36280 / 36301
2504 / 2504 Individuals included in Reference
Extraction of 5008 Haplotypes complete
Reduced to markers called 21418 / 36280
(Fraction SNP: 0.5903528114663726)
Successfully saved to: ./Empirical/Eigenstrat/Reichall/DA337.SG/chr14/
Shuffling phase of target...
Successfully loaded Data from: ./Empirical/Eigenstrat/Reichall/DA337.SG/chr14/
Loaded Emission Model: haploid
Loaded Transition Model: model
Loaded Post Processing Model: Standard
Minimum Genetic Map: 0.0161
Maximum Genetic Map: 1.2020
Gaps bigger than 0.1 cM: 174
Maximum Gap: 3.1346 cM
Loaded Transition and Emission Matrix:
(3, 3)
(5009, 21418)
Loaded Observations:
(2, 21418)
Memory Usage: 1145.987072 mB
Reference Number: 5008
Total Log likelihood: -7247.959
Memory Usage: 1145.987072 mB
Finished Calculation State Posteriors
Saved Zero State Posterior to ./Empirical/Eigenstrat/Reichall/DA337.SG/chr14/.
Successfully loaded for PP. from ./Empirical/Eigenstrat/Reichall/DA337.SG/chr14/
Fraction Markers in ROH: 0.4630
Merged n=0 gaps < 0.0 M
Called n=7 ROH Blocks > 1.0 cM
Longest Block: 2.587
Successfully saved to ./Empirical/Eigenstrat/Reichall/DA337.SG/chr14/roh.csv
Using Low-Mem Cython Linear Speed Up.
Loaded Pre Processing Model: Eigenstrat
Loading Individual: DA337.SG

Loaded 34429 variants
Loaded 2504 individuals
HDF5 loaded from ./Data/1000Genomes/HDF5/1240kHDF5/all1240/chr15.hdf5
3 Eigenstrat Files with 5081 Individuals and 1233013 SNPs

Intersection on Positions: 34429
Nr of Matching Refs: 34429 / 34429
Full Intersection Ref/Alt Identical: 34407 / 34429
2504 / 2504 Individuals included in Reference
Extraction of 5008 Haplotypes complete
Reduced to markers called 19993 / 34407
(Fraction SNP: 0.5810736187403726)
Successfully saved to: ./Empirical/Eigenstrat/Reichall/DA337.SG/chr15/
Shuffling phase of target...
Successfully loaded Data from: ./Empirical/Eigenstrat/Reichall/DA337.SG/chr15/
Loaded Emission Model: haploid
Loaded Transition Model: model
Loaded Post Processing Model: Standard
Minimum Genetic Map: 0.0002
Maximum Genetic Map: 1.4135
Gaps bigger than 0.1 cM: 189
Maximum Gap: 11.4957 cM
Loaded Transition and Emission Matrix:
(3, 3)
(5009, 19993)
Loaded Observations:
(2, 19993)
Memory Usage: 1082.273792 mB
Reference Number: 5008
Total Log likelihood: -6862.810
Memory Usage: 1082.273792 mB
Finished Calculation State Posteriors
Saved Zero State Posterior to ./Empirical/Eigenstrat/Reichall/DA337.SG/chr15/.
Successfully loaded for PP. from ./Empirical/Eigenstrat/Reichall/DA337.SG/chr15/
Fraction Markers in ROH: 0.4682
Merged n=0 gaps < 0.0 M
Called n=7 ROH Blocks > 1.0 cM
Longest Block: 11.840
Successfully saved to ./Empirical/Eigenstrat/Reichall/DA337.SG/chr15/roh.csv
Using Low-Mem Cython Linear Speed Up.
Loaded Pre Processing Model: Eigenstrat
Loading Individual: DA337.SG

Loaded 34402 variants
Loaded 2504 individuals
HDF5 loaded from ./Data/1000Genomes/HDF5/1240kHDF5/all1240/chr16.hdf5
3 Eigenstrat Files with 5081 Individuals and 1233013 SNPs

Intersection on Positions: 34402
Nr of Matching Refs: 34402 / 34402
Full Intersection Ref/Alt Identical: 34375 / 34402
2504 / 2504 Individuals included in Reference
Extraction of 5008 Haplotypes complete
Reduced to markers called 20073 / 34375
(Fraction SNP: 0.5839418181818182)
Successfully saved to: ./Empirical/Eigenstrat/Reichall/DA337.SG/chr16/
Shuffling phase of target...
Successfully loaded Data from: ./Empirical/Eigenstrat/Reichall/DA337.SG/chr16/
Loaded Emission Model: haploid
Loaded Transition Model: model
Loaded Post Processing Model: Standard
Minimum Genetic Map: 0.0000
Maximum Genetic Map: 1.3403
Gaps bigger than 0.1 cM: 216
Maximum Gap: 0.8458 cM
Loaded Transition and Emission Matrix:
(3, 3)
(5009, 20073)
Loaded Observations:
(2, 20073)
Memory Usage: 1087.197184 mB
Reference Number: 5008
Total Log likelihood: -5819.242
Memory Usage: 1087.197184 mB
Finished Calculation State Posteriors
Saved Zero State Posterior to ./Empirical/Eigenstrat/Reichall/DA337.SG/chr16/.
Successfully loaded for PP. from ./Empirical/Eigenstrat/Reichall/DA337.SG/chr16/
Fraction Markers in ROH: 0.6017
Merged n=0 gaps < 0.0 M
Called n=15 ROH Blocks > 1.0 cM
Longest Block: 15.434
Successfully saved to ./Empirical/Eigenstrat/Reichall/DA337.SG/chr16/roh.csv
Using Low-Mem Cython Linear Speed Up.
Loaded Pre Processing Model: Eigenstrat
Loading Individual: DA337.SG

Loaded 29314 variants
Loaded 2504 individuals
HDF5 loaded from ./Data/1000Genomes/HDF5/1240kHDF5/all1240/chr17.hdf5
3 Eigenstrat Files with 5081 Individuals and 1233013 SNPs

Intersection on Positions: 29314
Nr of Matching Refs: 29314 / 29314
Full Intersection Ref/Alt Identical: 29292 / 29314
2504 / 2504 Individuals included in Reference
Extraction of 5008 Haplotypes complete
Reduced to markers called 16765 / 29292
(Fraction SNP: 0.5723405708043152)
Successfully saved to: ./Empirical/Eigenstrat/Reichall/DA337.SG/chr17/
Shuffling phase of target...
Successfully loaded Data from: ./Empirical/Eigenstrat/Reichall/DA337.SG/chr17/
Loaded Emission Model: haploid
Loaded Transition Model: model
Loaded Post Processing Model: Standard
Minimum Genetic Map: -0.0003
Maximum Genetic Map: 1.2847
Gaps bigger than 0.1 cM: 213
Maximum Gap: 1.2341 cM
Loaded Transition and Emission Matrix:
(3, 3)
(5009, 16765)
Loaded Observations:
(2, 16765)
Memory Usage: 933.359616 mB
Reference Number: 5008
Total Log likelihood: -5338.433
Memory Usage: 933.359616 mB
Finished Calculation State Posteriors
Saved Zero State Posterior to ./Empirical/Eigenstrat/Reichall/DA337.SG/chr17/.
Successfully loaded for PP. from ./Empirical/Eigenstrat/Reichall/DA337.SG/chr17/
Fraction Markers in ROH: 0.5392
Merged n=0 gaps < 0.0 M
Called n=9 ROH Blocks > 1.0 cM
Longest Block: 14.364
Successfully saved to ./Empirical/Eigenstrat/Reichall/DA337.SG/chr17/roh.csv
Using Low-Mem Cython Linear Speed Up.
Loaded Pre Processing Model: Eigenstrat
Loading Individual: DA337.SG

Loaded 33917 variants
Loaded 2504 individuals
HDF5 loaded from ./Data/1000Genomes/HDF5/1240kHDF5/all1240/chr18.hdf5
3 Eigenstrat Files with 5081 Individuals and 1233013 SNPs

Intersection on Positions: 33917
Nr of Matching Refs: 33917 / 33917
Full Intersection Ref/Alt Identical: 33902 / 33917
2504 / 2504 Individuals included in Reference
Extraction of 5008 Haplotypes complete
Reduced to markers called 20093 / 33902
(Fraction SNP: 0.592678898000118)
Successfully saved to: ./Empirical/Eigenstrat/Reichall/DA337.SG/chr18/
Shuffling phase of target...
Successfully loaded Data from: ./Empirical/Eigenstrat/Reichall/DA337.SG/chr18/
Loaded Emission Model: haploid
Loaded Transition Model: model
Loaded Post Processing Model: Standard
Minimum Genetic Map: 0.0016
Maximum Genetic Map: 1.1771
Gaps bigger than 0.1 cM: 180
Maximum Gap: 0.4815 cM
Loaded Transition and Emission Matrix:
(3, 3)
(5009, 20093)
Loaded Observations:
(2, 20093)
Memory Usage: 1084.424192 mB
Reference Number: 5008
Total Log likelihood: -6377.507
Memory Usage: 1084.424192 mB
Finished Calculation State Posteriors
Saved Zero State Posterior to ./Empirical/Eigenstrat/Reichall/DA337.SG/chr18/.
Successfully loaded for PP. from ./Empirical/Eigenstrat/Reichall/DA337.SG/chr18/
Fraction Markers in ROH: 0.5223
Merged n=0 gaps < 0.0 M
Called n=6 ROH Blocks > 1.0 cM
Longest Block: 11.841
Successfully saved to ./Empirical/Eigenstrat/Reichall/DA337.SG/chr18/roh.csv
Using Low-Mem Cython Linear Speed Up.
Loaded Pre Processing Model: Eigenstrat
Loading Individual: DA337.SG

Loaded 18460 variants
Loaded 2504 individuals
HDF5 loaded from ./Data/1000Genomes/HDF5/1240kHDF5/all1240/chr19.hdf5
3 Eigenstrat Files with 5081 Individuals and 1233013 SNPs

Intersection on Positions: 18460
Nr of Matching Refs: 18460 / 18460
Full Intersection Ref/Alt Identical: 18441 / 18460
2504 / 2504 Individuals included in Reference
Extraction of 5008 Haplotypes complete
Reduced to markers called 10588 / 18441
(Fraction SNP: 0.5741554145653707)
Successfully saved to: ./Empirical/Eigenstrat/Reichall/DA337.SG/chr19/
Shuffling phase of target...
Successfully loaded Data from: ./Empirical/Eigenstrat/Reichall/DA337.SG/chr19/
Loaded Emission Model: haploid
Loaded Transition Model: model
Loaded Post Processing Model: Standard
Minimum Genetic Map: 0.0000
Maximum Genetic Map: 1.0773
Gaps bigger than 0.1 cM: 207
Maximum Gap: 0.5964 cM
Loaded Transition and Emission Matrix:
(3, 3)
(5009, 10588)
Loaded Observations:
(2, 10588)
Memory Usage: 656.994304 mB
Reference Number: 5008
Total Log likelihood: -3898.634
Memory Usage: 656.994304 mB
Finished Calculation State Posteriors
Saved Zero State Posterior to ./Empirical/Eigenstrat/Reichall/DA337.SG/chr19/.
Successfully loaded for PP. from ./Empirical/Eigenstrat/Reichall/DA337.SG/chr19/
Fraction Markers in ROH: 0.4346
Merged n=0 gaps < 0.0 M
Called n=8 ROH Blocks > 1.0 cM
Longest Block: 2.969
Successfully saved to ./Empirical/Eigenstrat/Reichall/DA337.SG/chr19/roh.csv
Using Low-Mem Cython Linear Speed Up.
Loaded Pre Processing Model: Eigenstrat
Loading Individual: DA337.SG

Loaded 29078 variants
Loaded 2504 individuals
HDF5 loaded from ./Data/1000Genomes/HDF5/1240kHDF5/all1240/chr20.hdf5
3 Eigenstrat Files with 5081 Individuals and 1233013 SNPs

Intersection on Positions: 29078
Nr of Matching Refs: 29078 / 29078
Full Intersection Ref/Alt Identical: 29053 / 29078
2504 / 2504 Individuals included in Reference
Extraction of 5008 Haplotypes complete
Reduced to markers called 16941 / 29053
(Fraction SNP: 0.5831067359653048)
Successfully saved to: ./Empirical/Eigenstrat/Reichall/DA337.SG/chr20/
Shuffling phase of target...
Successfully loaded Data from: ./Empirical/Eigenstrat/Reichall/DA337.SG/chr20/
Loaded Emission Model: haploid
Loaded Transition Model: model
Loaded Post Processing Model: Standard
Minimum Genetic Map: 0.0000
Maximum Genetic Map: 1.0821
Gaps bigger than 0.1 cM: 176
Maximum Gap: 0.4744 cM
Loaded Transition and Emission Matrix:
(3, 3)
(5009, 16941)
Loaded Observations:
(2, 16941)
Memory Usage: 944.705536 mB
Reference Number: 5008
Total Log likelihood: -5757.038
Memory Usage: 944.705536 mB
Finished Calculation State Posteriors
Saved Zero State Posterior to ./Empirical/Eigenstrat/Reichall/DA337.SG/chr20/.
Successfully loaded for PP. from ./Empirical/Eigenstrat/Reichall/DA337.SG/chr20/
Fraction Markers in ROH: 0.4379
Merged n=0 gaps < 0.0 M
Called n=7 ROH Blocks > 1.0 cM
Longest Block: 6.055
Successfully saved to ./Empirical/Eigenstrat/Reichall/DA337.SG/chr20/roh.csv
Using Low-Mem Cython Linear Speed Up.
Loaded Pre Processing Model: Eigenstrat
Loading Individual: DA337.SG

Loaded 16038 variants
Loaded 2504 individuals
HDF5 loaded from ./Data/1000Genomes/HDF5/1240kHDF5/all1240/chr21.hdf5
3 Eigenstrat Files with 5081 Individuals and 1233013 SNPs

Intersection on Positions: 16038
Nr of Matching Refs: 16038 / 16038
Full Intersection Ref/Alt Identical: 16031 / 16038
2504 / 2504 Individuals included in Reference
Extraction of 5008 Haplotypes complete
Reduced to markers called 9474 / 16031
(Fraction SNP: 0.5909799762959267)
Successfully saved to: ./Empirical/Eigenstrat/Reichall/DA337.SG/chr21/
Shuffling phase of target...
Successfully loaded Data from: ./Empirical/Eigenstrat/Reichall/DA337.SG/chr21/
Loaded Emission Model: haploid
Loaded Transition Model: model
Loaded Post Processing Model: Standard
Minimum Genetic Map: 0.0086
Maximum Genetic Map: 0.6279
Gaps bigger than 0.1 cM: 111
Maximum Gap: 0.4775 cM
Loaded Transition and Emission Matrix:
(3, 3)
(5009, 9474)
Loaded Observations:
(2, 9474)
Memory Usage: 608.612352 mB
Reference Number: 5008
Total Log likelihood: -3476.830
Memory Usage: 608.612352 mB
Finished Calculation State Posteriors
Saved Zero State Posterior to ./Empirical/Eigenstrat/Reichall/DA337.SG/chr21/.
Successfully loaded for PP. from ./Empirical/Eigenstrat/Reichall/DA337.SG/chr21/
Fraction Markers in ROH: 0.3796
Merged n=0 gaps < 0.0 M
Called n=5 ROH Blocks > 1.0 cM
Longest Block: 1.889
Successfully saved to ./Empirical/Eigenstrat/Reichall/DA337.SG/chr21/roh.csv
Using Low-Mem Cython Linear Speed Up.
Loaded Pre Processing Model: Eigenstrat
Loading Individual: DA337.SG

Loaded 15802 variants
Loaded 2504 individuals
HDF5 loaded from ./Data/1000Genomes/HDF5/1240kHDF5/all1240/chr22.hdf5
3 Eigenstrat Files with 5081 Individuals and 1233013 SNPs

Intersection on Positions: 15802
Nr of Matching Refs: 15802 / 15802
Full Intersection Ref/Alt Identical: 15793 / 15802
2504 / 2504 Individuals included in Reference
Extraction of 5008 Haplotypes complete
Reduced to markers called 9100 / 15793
(Fraction SNP: 0.5762046476286963)
Successfully saved to: ./Empirical/Eigenstrat/Reichall/DA337.SG/chr22/
Shuffling phase of target...
Successfully loaded Data from: ./Empirical/Eigenstrat/Reichall/DA337.SG/chr22/
Loaded Emission Model: haploid
Loaded Transition Model: model
Loaded Post Processing Model: Standard
Minimum Genetic Map: 0.0171
Maximum Genetic Map: 0.7408
Gaps bigger than 0.1 cM: 127
Maximum Gap: 1.7139 cM
Loaded Transition and Emission Matrix:
(3, 3)
(5009, 9100)
Loaded Observations:
(2, 9100)
Memory Usage: 590.196736 mB
Reference Number: 5008
Total Log likelihood: -3031.840
Memory Usage: 590.196736 mB
Finished Calculation State Posteriors
Saved Zero State Posterior to ./Empirical/Eigenstrat/Reichall/DA337.SG/chr22/.
Successfully loaded for PP. from ./Empirical/Eigenstrat/Reichall/DA337.SG/chr22/
Fraction Markers in ROH: 0.4701
Merged n=0 gaps < 0.0 M
Called n=5 ROH Blocks > 1.0 cM
Longest Block: 5.147
Successfully saved to ./Empirical/Eigenstrat/Reichall/DA337.SG/chr22/roh.csv
