Doing Individual Loschbour_published.DG...
Using Low-Mem Cython Linear Speed Up.
Loaded Pre Processing Model: Eigenstrat
Loading Individual: Loschbour_published.DG

Loaded 89147 variants
Loaded 2504 individuals
HDF5 loaded from ./Data/1000Genomes/HDF5/1240kHDF5/all1240/chr1.hdf5
3 Eigenstrat Files with 5081 Individuals and 1233013 SNPs

Intersection on Positions: 89147
Nr of Matching Refs: 89147 / 89147
Full Intersection Ref/Alt Identical: 89082 / 89147
2504 / 2504 Individuals included in Reference
Extraction of 5008 Haplotypes complete
Reduced to markers called 88177 / 89082
(Fraction SNP: 0.9898408208167756)
Successfully saved to: ./Empirical/Eigenstrat/Reichall/Loschbour_published.DG/chr1/
Shuffling phase of target...
Successfully loaded Data from: ./Empirical/Eigenstrat/Reichall/Loschbour_published.DG/chr1/
Loaded Emission Model: haploid
Loaded Transition Model: model
Loaded Post Processing Model: Standard
Minimum Genetic Map: 0.0201
Maximum Genetic Map: 2.8627
Gaps bigger than 0.1 cM: 256
Maximum Gap: 2.9229 cM
Loaded Transition and Emission Matrix:
(3, 3)
(5009, 88177)
Loaded Observations:
(2, 88177)
Memory Usage: 4159.107072 mB
Reference Number: 5008
Total Log likelihood: -22532.008
Memory Usage: 4159.565824 mB
Finished Calculation State Posteriors
Saved Zero State Posterior to ./Empirical/Eigenstrat/Reichall/Loschbour_published.DG/chr1/.
Successfully loaded for PP. from ./Empirical/Eigenstrat/Reichall/Loschbour_published.DG/chr1/
Fraction Markers in ROH: 0.6113
Merged n=0 gaps < 0.0 M
Called n=27 ROH Blocks > 1.0 cM
Longest Block: 10.094
Successfully saved to ./Empirical/Eigenstrat/Reichall/Loschbour_published.DG/chr1/roh.csv
Using Low-Mem Cython Linear Speed Up.
Loaded Pre Processing Model: Eigenstrat
Loading Individual: Loschbour_published.DG

Loaded 94239 variants
Loaded 2504 individuals
HDF5 loaded from ./Data/1000Genomes/HDF5/1240kHDF5/all1240/chr2.hdf5
3 Eigenstrat Files with 5081 Individuals and 1233013 SNPs

Intersection on Positions: 94239
Nr of Matching Refs: 94239 / 94239
Full Intersection Ref/Alt Identical: 94173 / 94239
2504 / 2504 Individuals included in Reference
Extraction of 5008 Haplotypes complete
Reduced to markers called 93310 / 94173
(Fraction SNP: 0.9908360145689317)
Successfully saved to: ./Empirical/Eigenstrat/Reichall/Loschbour_published.DG/chr2/
Shuffling phase of target...
Successfully loaded Data from: ./Empirical/Eigenstrat/Reichall/Loschbour_published.DG/chr2/
Loaded Emission Model: haploid
Loaded Transition Model: model
Loaded Post Processing Model: Standard
Minimum Genetic Map: 0.0001
Maximum Genetic Map: 2.6883
Gaps bigger than 0.1 cM: 244
Maximum Gap: 2.0159 cM
Loaded Transition and Emission Matrix:
(3, 3)
(5009, 93310)
Loaded Observations:
(2, 93310)
Memory Usage: 4381.868032 mB
Reference Number: 5008
Total Log likelihood: -25479.127
Memory Usage: 4381.868032 mB
Finished Calculation State Posteriors
Saved Zero State Posterior to ./Empirical/Eigenstrat/Reichall/Loschbour_published.DG/chr2/.
Successfully loaded for PP. from ./Empirical/Eigenstrat/Reichall/Loschbour_published.DG/chr2/
Fraction Markers in ROH: 0.5812
Merged n=0 gaps < 0.0 M
Called n=30 ROH Blocks > 1.0 cM
Longest Block: 4.557
Successfully saved to ./Empirical/Eigenstrat/Reichall/Loschbour_published.DG/chr2/roh.csv
Using Low-Mem Cython Linear Speed Up.
Loaded Pre Processing Model: Eigenstrat
Loading Individual: Loschbour_published.DG

Loaded 77652 variants
Loaded 2504 individuals
HDF5 loaded from ./Data/1000Genomes/HDF5/1240kHDF5/all1240/chr3.hdf5
3 Eigenstrat Files with 5081 Individuals and 1233013 SNPs

Intersection on Positions: 77652
Nr of Matching Refs: 77652 / 77652
Full Intersection Ref/Alt Identical: 77601 / 77652
2504 / 2504 Individuals included in Reference
Extraction of 5008 Haplotypes complete
Reduced to markers called 76980 / 77601
(Fraction SNP: 0.9919975258050798)
Successfully saved to: ./Empirical/Eigenstrat/Reichall/Loschbour_published.DG/chr3/
Shuffling phase of target...
Successfully loaded Data from: ./Empirical/Eigenstrat/Reichall/Loschbour_published.DG/chr3/
Loaded Emission Model: haploid
Loaded Transition Model: model
Loaded Post Processing Model: Standard
Minimum Genetic Map: 0.0000
Maximum Genetic Map: 2.2326
Gaps bigger than 0.1 cM: 216
Maximum Gap: 0.2348 cM
Loaded Transition and Emission Matrix:
(3, 3)
(5009, 76980)
Loaded Observations:
(2, 76980)
Memory Usage: 3647.291392 mB
Reference Number: 5008
Total Log likelihood: -21378.533
Memory Usage: 3647.291392 mB
Finished Calculation State Posteriors
Saved Zero State Posterior to ./Empirical/Eigenstrat/Reichall/Loschbour_published.DG/chr3/.
Successfully loaded for PP. from ./Empirical/Eigenstrat/Reichall/Loschbour_published.DG/chr3/
Fraction Markers in ROH: 0.5798
Merged n=0 gaps < 0.0 M
Called n=25 ROH Blocks > 1.0 cM
Longest Block: 3.315
Successfully saved to ./Empirical/Eigenstrat/Reichall/Loschbour_published.DG/chr3/roh.csv
Using Low-Mem Cython Linear Speed Up.
Loaded Pre Processing Model: Eigenstrat
Loading Individual: Loschbour_published.DG

Loaded 68759 variants
Loaded 2504 individuals
HDF5 loaded from ./Data/1000Genomes/HDF5/1240kHDF5/all1240/chr4.hdf5
3 Eigenstrat Files with 5081 Individuals and 1233013 SNPs

Intersection on Positions: 68759
Nr of Matching Refs: 68759 / 68759
Full Intersection Ref/Alt Identical: 68720 / 68759
2504 / 2504 Individuals included in Reference
Extraction of 5008 Haplotypes complete
Reduced to markers called 68220 / 68720
(Fraction SNP: 0.9927240977881258)
Successfully saved to: ./Empirical/Eigenstrat/Reichall/Loschbour_published.DG/chr4/
Shuffling phase of target...
Successfully loaded Data from: ./Empirical/Eigenstrat/Reichall/Loschbour_published.DG/chr4/
Loaded Emission Model: haploid
Loaded Transition Model: model
Loaded Post Processing Model: Standard
Minimum Genetic Map: 0.0034
Maximum Genetic Map: 2.1454
Gaps bigger than 0.1 cM: 196
Maximum Gap: 2.0422 cM
Loaded Transition and Emission Matrix:
(3, 3)
(5009, 68220)
Loaded Observations:
(2, 68220)
Memory Usage: 3253.174272 mB
Reference Number: 5008
Total Log likelihood: -18870.206
Memory Usage: 3253.174272 mB
Finished Calculation State Posteriors
Saved Zero State Posterior to ./Empirical/Eigenstrat/Reichall/Loschbour_published.DG/chr4/.
Successfully loaded for PP. from ./Empirical/Eigenstrat/Reichall/Loschbour_published.DG/chr4/
Fraction Markers in ROH: 0.5670
Merged n=0 gaps < 0.0 M
Called n=20 ROH Blocks > 1.0 cM
Longest Block: 10.629
Successfully saved to ./Empirical/Eigenstrat/Reichall/Loschbour_published.DG/chr4/roh.csv
Using Low-Mem Cython Linear Speed Up.
Loaded Pre Processing Model: Eigenstrat
Loading Individual: Loschbour_published.DG

Loaded 69399 variants
Loaded 2504 individuals
HDF5 loaded from ./Data/1000Genomes/HDF5/1240kHDF5/all1240/chr5.hdf5
3 Eigenstrat Files with 5081 Individuals and 1233013 SNPs

Intersection on Positions: 69399
Nr of Matching Refs: 69399 / 69399
Full Intersection Ref/Alt Identical: 69354 / 69399
2504 / 2504 Individuals included in Reference
Extraction of 5008 Haplotypes complete
Reduced to markers called 68742 / 69354
(Fraction SNP: 0.9911757072411108)
Successfully saved to: ./Empirical/Eigenstrat/Reichall/Loschbour_published.DG/chr5/
Shuffling phase of target...
Successfully loaded Data from: ./Empirical/Eigenstrat/Reichall/Loschbour_published.DG/chr5/
Loaded Emission Model: haploid
Loaded Transition Model: model
Loaded Post Processing Model: Standard
Minimum Genetic Map: 0.0004
Maximum Genetic Map: 2.0409
Gaps bigger than 0.1 cM: 213
Maximum Gap: 1.0498 cM
Loaded Transition and Emission Matrix:
(3, 3)
(5009, 68742)
Loaded Observations:
(2, 68742)
Memory Usage: 3278.016512 mB
Reference Number: 5008
Total Log likelihood: -19543.783
Memory Usage: 3278.016512 mB
Finished Calculation State Posteriors
Saved Zero State Posterior to ./Empirical/Eigenstrat/Reichall/Loschbour_published.DG/chr5/.
Successfully loaded for PP. from ./Empirical/Eigenstrat/Reichall/Loschbour_published.DG/chr5/
Fraction Markers in ROH: 0.5366
Merged n=0 gaps < 0.0 M
Called n=21 ROH Blocks > 1.0 cM
Longest Block: 2.497
Successfully saved to ./Empirical/Eigenstrat/Reichall/Loschbour_published.DG/chr5/roh.csv
Using Low-Mem Cython Linear Speed Up.
Loaded Pre Processing Model: Eigenstrat
Loading Individual: Loschbour_published.DG

Loaded 75870 variants
Loaded 2504 individuals
HDF5 loaded from ./Data/1000Genomes/HDF5/1240kHDF5/all1240/chr6.hdf5
3 Eigenstrat Files with 5081 Individuals and 1233013 SNPs

Intersection on Positions: 75870
Nr of Matching Refs: 75870 / 75870
Full Intersection Ref/Alt Identical: 75816 / 75870
2504 / 2504 Individuals included in Reference
Extraction of 5008 Haplotypes complete
Reduced to markers called 75095 / 75816
(Fraction SNP: 0.9904901340086525)
Successfully saved to: ./Empirical/Eigenstrat/Reichall/Loschbour_published.DG/chr6/
Shuffling phase of target...
Successfully loaded Data from: ./Empirical/Eigenstrat/Reichall/Loschbour_published.DG/chr6/
Loaded Emission Model: haploid
Loaded Transition Model: model
Loaded Post Processing Model: Standard
Minimum Genetic Map: 0.0035
Maximum Genetic Map: 1.9203
Gaps bigger than 0.1 cM: 151
Maximum Gap: 0.5062 cM
Loaded Transition and Emission Matrix:
(3, 3)
(5009, 75095)
Loaded Observations:
(2, 75095)
Memory Usage: 3563.372544 mB
Reference Number: 5008
Total Log likelihood: -23622.279
Memory Usage: 3563.372544 mB
Finished Calculation State Posteriors
Saved Zero State Posterior to ./Empirical/Eigenstrat/Reichall/Loschbour_published.DG/chr6/.
Successfully loaded for PP. from ./Empirical/Eigenstrat/Reichall/Loschbour_published.DG/chr6/
Fraction Markers in ROH: 0.5014
Merged n=0 gaps < 0.0 M
Called n=22 ROH Blocks > 1.0 cM
Longest Block: 2.377
Successfully saved to ./Empirical/Eigenstrat/Reichall/Loschbour_published.DG/chr6/roh.csv
Using Low-Mem Cython Linear Speed Up.
Loaded Pre Processing Model: Eigenstrat
Loading Individual: Loschbour_published.DG

Loaded 59890 variants
Loaded 2504 individuals
HDF5 loaded from ./Data/1000Genomes/HDF5/1240kHDF5/all1240/chr7.hdf5
3 Eigenstrat Files with 5081 Individuals and 1233013 SNPs

Intersection on Positions: 59890
Nr of Matching Refs: 59890 / 59890
Full Intersection Ref/Alt Identical: 59836 / 59890
2504 / 2504 Individuals included in Reference
Extraction of 5008 Haplotypes complete
Reduced to markers called 59325 / 59836
(Fraction SNP: 0.9914599906410856)
Successfully saved to: ./Empirical/Eigenstrat/Reichall/Loschbour_published.DG/chr7/
Shuffling phase of target...
Successfully loaded Data from: ./Empirical/Eigenstrat/Reichall/Loschbour_published.DG/chr7/
Loaded Emission Model: haploid
Loaded Transition Model: model
Loaded Post Processing Model: Standard
Minimum Genetic Map: 0.0000
Maximum Genetic Map: 1.8715
Gaps bigger than 0.1 cM: 190
Maximum Gap: 0.8416 cM
Loaded Transition and Emission Matrix:
(3, 3)
(5009, 59325)
Loaded Observations:
(2, 59325)
Memory Usage: 2852.466688 mB
Reference Number: 5008
Total Log likelihood: -16433.549
Memory Usage: 2852.466688 mB
Finished Calculation State Posteriors
Saved Zero State Posterior to ./Empirical/Eigenstrat/Reichall/Loschbour_published.DG/chr7/.
Successfully loaded for PP. from ./Empirical/Eigenstrat/Reichall/Loschbour_published.DG/chr7/
Fraction Markers in ROH: 0.5919
Merged n=0 gaps < 0.0 M
Called n=19 ROH Blocks > 1.0 cM
Longest Block: 5.750
Successfully saved to ./Empirical/Eigenstrat/Reichall/Loschbour_published.DG/chr7/roh.csv
Using Low-Mem Cython Linear Speed Up.
Loaded Pre Processing Model: Eigenstrat
Loading Individual: Loschbour_published.DG

Loaded 61133 variants
Loaded 2504 individuals
HDF5 loaded from ./Data/1000Genomes/HDF5/1240kHDF5/all1240/chr8.hdf5
3 Eigenstrat Files with 5081 Individuals and 1233013 SNPs

Intersection on Positions: 61133
Nr of Matching Refs: 61133 / 61133
Full Intersection Ref/Alt Identical: 61091 / 61133
2504 / 2504 Individuals included in Reference
Extraction of 5008 Haplotypes complete
Reduced to markers called 60552 / 61091
(Fraction SNP: 0.9911770964626541)
Successfully saved to: ./Empirical/Eigenstrat/Reichall/Loschbour_published.DG/chr8/
Shuffling phase of target...
Successfully loaded Data from: ./Empirical/Eigenstrat/Reichall/Loschbour_published.DG/chr8/
Loaded Emission Model: haploid
Loaded Transition Model: model
Loaded Post Processing Model: Standard
Minimum Genetic Map: 0.0000
Maximum Genetic Map: 1.6800
Gaps bigger than 0.1 cM: 135
Maximum Gap: 1.8932 cM
Loaded Transition and Emission Matrix:
(3, 3)
(5009, 60552)
Loaded Observations:
(2, 60552)
Memory Usage: 2908.827648 mB
Reference Number: 5008
Total Log likelihood: -17329.869
Memory Usage: 2908.827648 mB
Finished Calculation State Posteriors
Saved Zero State Posterior to ./Empirical/Eigenstrat/Reichall/Loschbour_published.DG/chr8/.
Successfully loaded for PP. from ./Empirical/Eigenstrat/Reichall/Loschbour_published.DG/chr8/
Fraction Markers in ROH: 0.5473
Merged n=0 gaps < 0.0 M
Called n=10 ROH Blocks > 1.0 cM
Longest Block: 6.272
Successfully saved to ./Empirical/Eigenstrat/Reichall/Loschbour_published.DG/chr8/roh.csv
Using Low-Mem Cython Linear Speed Up.
Loaded Pre Processing Model: Eigenstrat
Loading Individual: Loschbour_published.DG

Loaded 50668 variants
Loaded 2504 individuals
HDF5 loaded from ./Data/1000Genomes/HDF5/1240kHDF5/all1240/chr9.hdf5
3 Eigenstrat Files with 5081 Individuals and 1233013 SNPs

Intersection on Positions: 50668
Nr of Matching Refs: 50668 / 50668
Full Intersection Ref/Alt Identical: 50629 / 50668
2504 / 2504 Individuals included in Reference
Extraction of 5008 Haplotypes complete
Reduced to markers called 50141 / 50629
(Fraction SNP: 0.9903612554069802)
Successfully saved to: ./Empirical/Eigenstrat/Reichall/Loschbour_published.DG/chr9/
Shuffling phase of target...
Successfully loaded Data from: ./Empirical/Eigenstrat/Reichall/Loschbour_published.DG/chr9/
Loaded Emission Model: haploid
Loaded Transition Model: model
Loaded Post Processing Model: Standard
Minimum Genetic Map: 0.0016
Maximum Genetic Map: 1.6630
Gaps bigger than 0.1 cM: 167
Maximum Gap: 1.8819 cM
Loaded Transition and Emission Matrix:
(3, 3)
(5009, 50141)
Loaded Observations:
(2, 50141)
Memory Usage: 2440.290304 mB
Reference Number: 5008
Total Log likelihood: -14799.280
Memory Usage: 2440.290304 mB
Finished Calculation State Posteriors
Saved Zero State Posterior to ./Empirical/Eigenstrat/Reichall/Loschbour_published.DG/chr9/.
Successfully loaded for PP. from ./Empirical/Eigenstrat/Reichall/Loschbour_published.DG/chr9/
Fraction Markers in ROH: 0.5484
Merged n=0 gaps < 0.0 M
Called n=17 ROH Blocks > 1.0 cM
Longest Block: 3.875
Successfully saved to ./Empirical/Eigenstrat/Reichall/Loschbour_published.DG/chr9/roh.csv
Using Low-Mem Cython Linear Speed Up.
Loaded Pre Processing Model: Eigenstrat
Loading Individual: Loschbour_published.DG

Loaded 58804 variants
Loaded 2504 individuals
HDF5 loaded from ./Data/1000Genomes/HDF5/1240kHDF5/all1240/chr10.hdf5
3 Eigenstrat Files with 5081 Individuals and 1233013 SNPs

Intersection on Positions: 58804
Nr of Matching Refs: 58804 / 58804
Full Intersection Ref/Alt Identical: 58763 / 58804
2504 / 2504 Individuals included in Reference
Extraction of 5008 Haplotypes complete
Reduced to markers called 58151 / 58763
(Fraction SNP: 0.9895852832564709)
Successfully saved to: ./Empirical/Eigenstrat/Reichall/Loschbour_published.DG/chr10/
Shuffling phase of target...
Successfully loaded Data from: ./Empirical/Eigenstrat/Reichall/Loschbour_published.DG/chr10/
Loaded Emission Model: haploid
Loaded Transition Model: model
Loaded Post Processing Model: Standard
Minimum Genetic Map: 0.0001
Maximum Genetic Map: 1.8092
Gaps bigger than 0.1 cM: 175
Maximum Gap: 2.0335 cM
Loaded Transition and Emission Matrix:
(3, 3)
(5009, 58151)
Loaded Observations:
(2, 58151)
Memory Usage: 2802.696192 mB
Reference Number: 5008
Total Log likelihood: -15463.395
Memory Usage: 2802.696192 mB
Finished Calculation State Posteriors
Saved Zero State Posterior to ./Empirical/Eigenstrat/Reichall/Loschbour_published.DG/chr10/.
Successfully loaded for PP. from ./Empirical/Eigenstrat/Reichall/Loschbour_published.DG/chr10/
Fraction Markers in ROH: 0.5964
Merged n=0 gaps < 0.0 M
Called n=20 ROH Blocks > 1.0 cM
Longest Block: 5.916
Successfully saved to ./Empirical/Eigenstrat/Reichall/Loschbour_published.DG/chr10/roh.csv
Using Low-Mem Cython Linear Speed Up.
Loaded Pre Processing Model: Eigenstrat
Loading Individual: Loschbour_published.DG

Loaded 54833 variants
Loaded 2504 individuals
HDF5 loaded from ./Data/1000Genomes/HDF5/1240kHDF5/all1240/chr11.hdf5
3 Eigenstrat Files with 5081 Individuals and 1233013 SNPs

Intersection on Positions: 54833
Nr of Matching Refs: 54833 / 54833
Full Intersection Ref/Alt Identical: 54796 / 54833
2504 / 2504 Individuals included in Reference
Extraction of 5008 Haplotypes complete
Reduced to markers called 54232 / 54796
(Fraction SNP: 0.9897072779034966)
Successfully saved to: ./Empirical/Eigenstrat/Reichall/Loschbour_published.DG/chr11/
Shuffling phase of target...
Successfully loaded Data from: ./Empirical/Eigenstrat/Reichall/Loschbour_published.DG/chr11/
Loaded Emission Model: haploid
Loaded Transition Model: model
Loaded Post Processing Model: Standard
Minimum Genetic Map: 0.0000
Maximum Genetic Map: 1.5822
Gaps bigger than 0.1 cM: 147
Maximum Gap: 0.5279 cM
Loaded Transition and Emission Matrix:
(3, 3)
(5009, 54232)
Loaded Observations:
(2, 54232)
Memory Usage: 2622.09536 mB
Reference Number: 5008
Total Log likelihood: -15371.650
Memory Usage: 2622.09536 mB
Finished Calculation State Posteriors
Saved Zero State Posterior to ./Empirical/Eigenstrat/Reichall/Loschbour_published.DG/chr11/.
Successfully loaded for PP. from ./Empirical/Eigenstrat/Reichall/Loschbour_published.DG/chr11/
Fraction Markers in ROH: 0.5567
Merged n=0 gaps < 0.0 M
Called n=15 ROH Blocks > 1.0 cM
Longest Block: 2.936
Successfully saved to ./Empirical/Eigenstrat/Reichall/Loschbour_published.DG/chr11/roh.csv
Using Low-Mem Cython Linear Speed Up.
Loaded Pre Processing Model: Eigenstrat
Loading Individual: Loschbour_published.DG

Loaded 53911 variants
Loaded 2504 individuals
HDF5 loaded from ./Data/1000Genomes/HDF5/1240kHDF5/all1240/chr12.hdf5
3 Eigenstrat Files with 5081 Individuals and 1233013 SNPs

Intersection on Positions: 53911
Nr of Matching Refs: 53911 / 53911
Full Intersection Ref/Alt Identical: 53884 / 53911
2504 / 2504 Individuals included in Reference
Extraction of 5008 Haplotypes complete
Reduced to markers called 53382 / 53884
(Fraction SNP: 0.9906836908915448)
Successfully saved to: ./Empirical/Eigenstrat/Reichall/Loschbour_published.DG/chr12/
Shuffling phase of target...
Successfully loaded Data from: ./Empirical/Eigenstrat/Reichall/Loschbour_published.DG/chr12/
Loaded Emission Model: haploid
Loaded Transition Model: model
Loaded Post Processing Model: Standard
Minimum Genetic Map: 0.0009
Maximum Genetic Map: 1.7468
Gaps bigger than 0.1 cM: 175
Maximum Gap: 0.8015 cM
Loaded Transition and Emission Matrix:
(3, 3)
(5009, 53382)
Loaded Observations:
(2, 53382)
Memory Usage: 2584.039424 mB
Reference Number: 5008
Total Log likelihood: -15531.702
Memory Usage: 2584.039424 mB
Finished Calculation State Posteriors
Saved Zero State Posterior to ./Empirical/Eigenstrat/Reichall/Loschbour_published.DG/chr12/.
Successfully loaded for PP. from ./Empirical/Eigenstrat/Reichall/Loschbour_published.DG/chr12/
Fraction Markers in ROH: 0.5285
Merged n=0 gaps < 0.0 M
Called n=18 ROH Blocks > 1.0 cM
Longest Block: 4.183
Successfully saved to ./Empirical/Eigenstrat/Reichall/Loschbour_published.DG/chr12/roh.csv
Using Low-Mem Cython Linear Speed Up.
Loaded Pre Processing Model: Eigenstrat
Loading Individual: Loschbour_published.DG

Loaded 39018 variants
Loaded 2504 individuals
HDF5 loaded from ./Data/1000Genomes/HDF5/1240kHDF5/all1240/chr13.hdf5
3 Eigenstrat Files with 5081 Individuals and 1233013 SNPs

Intersection on Positions: 39018
Nr of Matching Refs: 39018 / 39018
Full Intersection Ref/Alt Identical: 38994 / 39018
2504 / 2504 Individuals included in Reference
Extraction of 5008 Haplotypes complete
Reduced to markers called 38681 / 38994
(Fraction SNP: 0.9919731240703697)
Successfully saved to: ./Empirical/Eigenstrat/Reichall/Loschbour_published.DG/chr13/
Shuffling phase of target...
Successfully loaded Data from: ./Empirical/Eigenstrat/Reichall/Loschbour_published.DG/chr13/
Loaded Emission Model: haploid
Loaded Transition Model: model
Loaded Post Processing Model: Standard
Minimum Genetic Map: 0.0019
Maximum Genetic Map: 1.2570
Gaps bigger than 0.1 cM: 130
Maximum Gap: 1.2227 cM
Loaded Transition and Emission Matrix:
(3, 3)
(5009, 38681)
Loaded Observations:
(2, 38681)
Memory Usage: 1922.625536 mB
Reference Number: 5008
Total Log likelihood: -10293.914
Memory Usage: 1922.625536 mB
Finished Calculation State Posteriors
Saved Zero State Posterior to ./Empirical/Eigenstrat/Reichall/Loschbour_published.DG/chr13/.
Successfully loaded for PP. from ./Empirical/Eigenstrat/Reichall/Loschbour_published.DG/chr13/
Fraction Markers in ROH: 0.6071
Merged n=0 gaps < 0.0 M
Called n=18 ROH Blocks > 1.0 cM
Longest Block: 4.127
Successfully saved to ./Empirical/Eigenstrat/Reichall/Loschbour_published.DG/chr13/roh.csv
Using Low-Mem Cython Linear Speed Up.
Loaded Pre Processing Model: Eigenstrat
Loading Individual: Loschbour_published.DG

Loaded 36301 variants
Loaded 2504 individuals
HDF5 loaded from ./Data/1000Genomes/HDF5/1240kHDF5/all1240/chr14.hdf5
3 Eigenstrat Files with 5081 Individuals and 1233013 SNPs

Intersection on Positions: 36301
Nr of Matching Refs: 36301 / 36301
Full Intersection Ref/Alt Identical: 36280 / 36301
2504 / 2504 Individuals included in Reference
Extraction of 5008 Haplotypes complete
Reduced to markers called 35962 / 36280
(Fraction SNP: 0.9912348401323043)
Successfully saved to: ./Empirical/Eigenstrat/Reichall/Loschbour_published.DG/chr14/
Shuffling phase of target...
Successfully loaded Data from: ./Empirical/Eigenstrat/Reichall/Loschbour_published.DG/chr14/
Loaded Emission Model: haploid
Loaded Transition Model: model
Loaded Post Processing Model: Standard
Minimum Genetic Map: 0.0161
Maximum Genetic Map: 1.2020
Gaps bigger than 0.1 cM: 121
Maximum Gap: 2.8508 cM
Loaded Transition and Emission Matrix:
(3, 3)
(5009, 35962)
Loaded Observations:
(2, 35962)
Memory Usage: 1801.367552 mB
Reference Number: 5008
Total Log likelihood: -9884.733
Memory Usage: 1801.367552 mB
Finished Calculation State Posteriors
Saved Zero State Posterior to ./Empirical/Eigenstrat/Reichall/Loschbour_published.DG/chr14/.
Successfully loaded for PP. from ./Empirical/Eigenstrat/Reichall/Loschbour_published.DG/chr14/
Fraction Markers in ROH: 0.5771
Merged n=0 gaps < 0.0 M
Called n=14 ROH Blocks > 1.0 cM
Longest Block: 2.631
Successfully saved to ./Empirical/Eigenstrat/Reichall/Loschbour_published.DG/chr14/roh.csv
Using Low-Mem Cython Linear Speed Up.
Loaded Pre Processing Model: Eigenstrat
Loading Individual: Loschbour_published.DG

Loaded 34429 variants
Loaded 2504 individuals
HDF5 loaded from ./Data/1000Genomes/HDF5/1240kHDF5/all1240/chr15.hdf5
3 Eigenstrat Files with 5081 Individuals and 1233013 SNPs

Intersection on Positions: 34429
Nr of Matching Refs: 34429 / 34429
Full Intersection Ref/Alt Identical: 34407 / 34429
2504 / 2504 Individuals included in Reference
Extraction of 5008 Haplotypes complete
Reduced to markers called 34061 / 34407
(Fraction SNP: 0.9899439067631587)
Successfully saved to: ./Empirical/Eigenstrat/Reichall/Loschbour_published.DG/chr15/
Shuffling phase of target...
Successfully loaded Data from: ./Empirical/Eigenstrat/Reichall/Loschbour_published.DG/chr15/
Loaded Emission Model: haploid
Loaded Transition Model: model
Loaded Post Processing Model: Standard
Minimum Genetic Map: 0.0000
Maximum Genetic Map: 1.4135
Gaps bigger than 0.1 cM: 120
Maximum Gap: 11.4957 cM
Loaded Transition and Emission Matrix:
(3, 3)
(5009, 34061)
Loaded Observations:
(2, 34061)
Memory Usage: 1716.195328 mB
Reference Number: 5008
Total Log likelihood: -10600.527
Memory Usage: 1716.195328 mB
Finished Calculation State Posteriors
Saved Zero State Posterior to ./Empirical/Eigenstrat/Reichall/Loschbour_published.DG/chr15/.
Successfully loaded for PP. from ./Empirical/Eigenstrat/Reichall/Loschbour_published.DG/chr15/
Fraction Markers in ROH: 0.5163
Merged n=0 gaps < 0.0 M
Called n=14 ROH Blocks > 1.0 cM
Longest Block: 2.572
Successfully saved to ./Empirical/Eigenstrat/Reichall/Loschbour_published.DG/chr15/roh.csv
Using Low-Mem Cython Linear Speed Up.
Loaded Pre Processing Model: Eigenstrat
Loading Individual: Loschbour_published.DG

Loaded 34402 variants
Loaded 2504 individuals
HDF5 loaded from ./Data/1000Genomes/HDF5/1240kHDF5/all1240/chr16.hdf5
3 Eigenstrat Files with 5081 Individuals and 1233013 SNPs

Intersection on Positions: 34402
Nr of Matching Refs: 34402 / 34402
Full Intersection Ref/Alt Identical: 34375 / 34402
2504 / 2504 Individuals included in Reference
Extraction of 5008 Haplotypes complete
Reduced to markers called 33999 / 34375
(Fraction SNP: 0.9890618181818182)
Successfully saved to: ./Empirical/Eigenstrat/Reichall/Loschbour_published.DG/chr16/
Shuffling phase of target...
Successfully loaded Data from: ./Empirical/Eigenstrat/Reichall/Loschbour_published.DG/chr16/
Loaded Emission Model: haploid
Loaded Transition Model: model
Loaded Post Processing Model: Standard
Minimum Genetic Map: -0.0000
Maximum Genetic Map: 1.3403
Gaps bigger than 0.1 cM: 145
Maximum Gap: 0.8458 cM
Loaded Transition and Emission Matrix:
(3, 3)
(5009, 33999)
Loaded Observations:
(2, 33999)
Memory Usage: 1712.369664 mB
Reference Number: 5008
Total Log likelihood: -10599.087
Memory Usage: 1712.369664 mB
Finished Calculation State Posteriors
Saved Zero State Posterior to ./Empirical/Eigenstrat/Reichall/Loschbour_published.DG/chr16/.
Successfully loaded for PP. from ./Empirical/Eigenstrat/Reichall/Loschbour_published.DG/chr16/
Fraction Markers in ROH: 0.5428
Merged n=0 gaps < 0.0 M
Called n=12 ROH Blocks > 1.0 cM
Longest Block: 2.031
Successfully saved to ./Empirical/Eigenstrat/Reichall/Loschbour_published.DG/chr16/roh.csv
Using Low-Mem Cython Linear Speed Up.
Loaded Pre Processing Model: Eigenstrat
Loading Individual: Loschbour_published.DG

Loaded 29314 variants
Loaded 2504 individuals
HDF5 loaded from ./Data/1000Genomes/HDF5/1240kHDF5/all1240/chr17.hdf5
3 Eigenstrat Files with 5081 Individuals and 1233013 SNPs

Intersection on Positions: 29314
Nr of Matching Refs: 29314 / 29314
Full Intersection Ref/Alt Identical: 29292 / 29314
2504 / 2504 Individuals included in Reference
Extraction of 5008 Haplotypes complete
Reduced to markers called 28925 / 29292
(Fraction SNP: 0.9874709818380445)
Successfully saved to: ./Empirical/Eigenstrat/Reichall/Loschbour_published.DG/chr17/
Shuffling phase of target...
Successfully loaded Data from: ./Empirical/Eigenstrat/Reichall/Loschbour_published.DG/chr17/
Loaded Emission Model: haploid
Loaded Transition Model: model
Loaded Post Processing Model: Standard
Minimum Genetic Map: -0.0003
Maximum Genetic Map: 1.2847
Gaps bigger than 0.1 cM: 120
Maximum Gap: 1.2341 cM
Loaded Transition and Emission Matrix:
(3, 3)
(5009, 28925)
Loaded Observations:
(2, 28925)
Memory Usage: 1483.108352 mB
Reference Number: 5008
Total Log likelihood: -8973.386
Memory Usage: 1483.108352 mB
Finished Calculation State Posteriors
Saved Zero State Posterior to ./Empirical/Eigenstrat/Reichall/Loschbour_published.DG/chr17/.
Successfully loaded for PP. from ./Empirical/Eigenstrat/Reichall/Loschbour_published.DG/chr17/
Fraction Markers in ROH: 0.5417
Merged n=0 gaps < 0.0 M
Called n=15 ROH Blocks > 1.0 cM
Longest Block: 3.599
Successfully saved to ./Empirical/Eigenstrat/Reichall/Loschbour_published.DG/chr17/roh.csv
Using Low-Mem Cython Linear Speed Up.
Loaded Pre Processing Model: Eigenstrat
Loading Individual: Loschbour_published.DG

Loaded 33917 variants
Loaded 2504 individuals
HDF5 loaded from ./Data/1000Genomes/HDF5/1240kHDF5/all1240/chr18.hdf5
3 Eigenstrat Files with 5081 Individuals and 1233013 SNPs

Intersection on Positions: 33917
Nr of Matching Refs: 33917 / 33917
Full Intersection Ref/Alt Identical: 33902 / 33917
2504 / 2504 Individuals included in Reference
Extraction of 5008 Haplotypes complete
Reduced to markers called 33573 / 33902
(Fraction SNP: 0.9902955577842015)
Successfully saved to: ./Empirical/Eigenstrat/Reichall/Loschbour_published.DG/chr18/
Shuffling phase of target...
Successfully loaded Data from: ./Empirical/Eigenstrat/Reichall/Loschbour_published.DG/chr18/
Loaded Emission Model: haploid
Loaded Transition Model: model
Loaded Post Processing Model: Standard
Minimum Genetic Map: 0.0016
Maximum Genetic Map: 1.1771
Gaps bigger than 0.1 cM: 119
Maximum Gap: 0.4763 cM
Loaded Transition and Emission Matrix:
(3, 3)
(5009, 33573)
Loaded Observations:
(2, 33573)
Memory Usage: 1693.155328 mB
Reference Number: 5008
Total Log likelihood: -9079.316
Memory Usage: 1693.155328 mB
Finished Calculation State Posteriors
Saved Zero State Posterior to ./Empirical/Eigenstrat/Reichall/Loschbour_published.DG/chr18/.
Successfully loaded for PP. from ./Empirical/Eigenstrat/Reichall/Loschbour_published.DG/chr18/
Fraction Markers in ROH: 0.6201
Merged n=0 gaps < 0.0 M
Called n=17 ROH Blocks > 1.0 cM
Longest Block: 12.020
Successfully saved to ./Empirical/Eigenstrat/Reichall/Loschbour_published.DG/chr18/roh.csv
Using Low-Mem Cython Linear Speed Up.
Loaded Pre Processing Model: Eigenstrat
Loading Individual: Loschbour_published.DG

Loaded 18460 variants
Loaded 2504 individuals
HDF5 loaded from ./Data/1000Genomes/HDF5/1240kHDF5/all1240/chr19.hdf5
3 Eigenstrat Files with 5081 Individuals and 1233013 SNPs

Intersection on Positions: 18460
Nr of Matching Refs: 18460 / 18460
Full Intersection Ref/Alt Identical: 18441 / 18460
2504 / 2504 Individuals included in Reference
Extraction of 5008 Haplotypes complete
Reduced to markers called 18188 / 18441
(Fraction SNP: 0.986280570467979)
Successfully saved to: ./Empirical/Eigenstrat/Reichall/Loschbour_published.DG/chr19/
Shuffling phase of target...
Successfully loaded Data from: ./Empirical/Eigenstrat/Reichall/Loschbour_published.DG/chr19/
Loaded Emission Model: haploid
Loaded Transition Model: model
Loaded Post Processing Model: Standard
Minimum Genetic Map: 0.0000
Maximum Genetic Map: 1.0773
Gaps bigger than 0.1 cM: 131
Maximum Gap: 0.5964 cM
Loaded Transition and Emission Matrix:
(3, 3)
(5009, 18188)
Loaded Observations:
(2, 18188)
Memory Usage: 1001.1648 mB
Reference Number: 5008
Total Log likelihood: -5221.460
Memory Usage: 1001.1648 mB
Finished Calculation State Posteriors
Saved Zero State Posterior to ./Empirical/Eigenstrat/Reichall/Loschbour_published.DG/chr19/.
Successfully loaded for PP. from ./Empirical/Eigenstrat/Reichall/Loschbour_published.DG/chr19/
Fraction Markers in ROH: 0.6105
Merged n=0 gaps < 0.0 M
Called n=10 ROH Blocks > 1.0 cM
Longest Block: 13.296
Successfully saved to ./Empirical/Eigenstrat/Reichall/Loschbour_published.DG/chr19/roh.csv
Using Low-Mem Cython Linear Speed Up.
Loaded Pre Processing Model: Eigenstrat
Loading Individual: Loschbour_published.DG

Loaded 29078 variants
Loaded 2504 individuals
HDF5 loaded from ./Data/1000Genomes/HDF5/1240kHDF5/all1240/chr20.hdf5
3 Eigenstrat Files with 5081 Individuals and 1233013 SNPs

Intersection on Positions: 29078
Nr of Matching Refs: 29078 / 29078
Full Intersection Ref/Alt Identical: 29053 / 29078
2504 / 2504 Individuals included in Reference
Extraction of 5008 Haplotypes complete
Reduced to markers called 28733 / 29053
(Fraction SNP: 0.9889856469211441)
Successfully saved to: ./Empirical/Eigenstrat/Reichall/Loschbour_published.DG/chr20/
Shuffling phase of target...
Successfully loaded Data from: ./Empirical/Eigenstrat/Reichall/Loschbour_published.DG/chr20/
Loaded Emission Model: haploid
Loaded Transition Model: model
Loaded Post Processing Model: Standard
Minimum Genetic Map: 0.0000
Maximum Genetic Map: 1.0821
Gaps bigger than 0.1 cM: 122
Maximum Gap: 0.4744 cM
Loaded Transition and Emission Matrix:
(3, 3)
(5009, 28733)
Loaded Observations:
(2, 28733)
Memory Usage: 1477.328896 mB
Reference Number: 5008
Total Log likelihood: -8816.029
Memory Usage: 1477.328896 mB
Finished Calculation State Posteriors
Saved Zero State Posterior to ./Empirical/Eigenstrat/Reichall/Loschbour_published.DG/chr20/.
Successfully loaded for PP. from ./Empirical/Eigenstrat/Reichall/Loschbour_published.DG/chr20/
Fraction Markers in ROH: 0.4928
Merged n=0 gaps < 0.0 M
Called n=9 ROH Blocks > 1.0 cM
Longest Block: 2.728
Successfully saved to ./Empirical/Eigenstrat/Reichall/Loschbour_published.DG/chr20/roh.csv
Using Low-Mem Cython Linear Speed Up.
Loaded Pre Processing Model: Eigenstrat
Loading Individual: Loschbour_published.DG

Loaded 16038 variants
Loaded 2504 individuals
HDF5 loaded from ./Data/1000Genomes/HDF5/1240kHDF5/all1240/chr21.hdf5
3 Eigenstrat Files with 5081 Individuals and 1233013 SNPs

Intersection on Positions: 16038
Nr of Matching Refs: 16038 / 16038
Full Intersection Ref/Alt Identical: 16031 / 16038
2504 / 2504 Individuals included in Reference
Extraction of 5008 Haplotypes complete
Reduced to markers called 15863 / 16031
(Fraction SNP: 0.9895203044102052)
Successfully saved to: ./Empirical/Eigenstrat/Reichall/Loschbour_published.DG/chr21/
Shuffling phase of target...
Successfully loaded Data from: ./Empirical/Eigenstrat/Reichall/Loschbour_published.DG/chr21/
Loaded Emission Model: haploid
Loaded Transition Model: model
Loaded Post Processing Model: Standard
Minimum Genetic Map: -0.0085
Maximum Genetic Map: 0.6279
Gaps bigger than 0.1 cM: 75
Maximum Gap: 1.7139 cM
Loaded Transition and Emission Matrix:
(3, 3)
(5009, 15863)
Loaded Observations:
(2, 15863)
Memory Usage: 895.852544 mB
Reference Number: 5008
Total Log likelihood: -4647.364
Memory Usage: 895.852544 mB
Finished Calculation State Posteriors
Saved Zero State Posterior to ./Empirical/Eigenstrat/Reichall/Loschbour_published.DG/chr21/.
Successfully loaded for PP. from ./Empirical/Eigenstrat/Reichall/Loschbour_published.DG/chr21/
Fraction Markers in ROH: 0.5717
Merged n=0 gaps < 0.0 M
Called n=8 ROH Blocks > 1.0 cM
Longest Block: 3.055
Successfully saved to ./Empirical/Eigenstrat/Reichall/Loschbour_published.DG/chr21/roh.csv
Using Low-Mem Cython Linear Speed Up.
Loaded Pre Processing Model: Eigenstrat
Loading Individual: Loschbour_published.DG

Loaded 15802 variants
Loaded 2504 individuals
HDF5 loaded from ./Data/1000Genomes/HDF5/1240kHDF5/all1240/chr22.hdf5
3 Eigenstrat Files with 5081 Individuals and 1233013 SNPs

Intersection on Positions: 15802
Nr of Matching Refs: 15802 / 15802
Full Intersection Ref/Alt Identical: 15793 / 15802
2504 / 2504 Individuals included in Reference
Extraction of 5008 Haplotypes complete
Reduced to markers called 15545 / 15793
(Fraction SNP: 0.9842968403723168)
Successfully saved to: ./Empirical/Eigenstrat/Reichall/Loschbour_published.DG/chr22/
Shuffling phase of target...
Successfully loaded Data from: ./Empirical/Eigenstrat/Reichall/Loschbour_published.DG/chr22/
Loaded Emission Model: haploid
Loaded Transition Model: model
Loaded Post Processing Model: Standard
Minimum Genetic Map: 0.0163
Maximum Genetic Map: 0.7408
Gaps bigger than 0.1 cM: 79
Maximum Gap: 1.6097 cM
Loaded Transition and Emission Matrix:
(3, 3)
(5009, 15545)
Loaded Observations:
(2, 15545)
Memory Usage: 880.459776 mB
Reference Number: 5008
Total Log likelihood: -4589.388
Memory Usage: 880.459776 mB
Finished Calculation State Posteriors
Saved Zero State Posterior to ./Empirical/Eigenstrat/Reichall/Loschbour_published.DG/chr22/.
Successfully loaded for PP. from ./Empirical/Eigenstrat/Reichall/Loschbour_published.DG/chr22/
Fraction Markers in ROH: 0.5853
Merged n=0 gaps < 0.0 M
Called n=11 ROH Blocks > 1.0 cM
Longest Block: 3.995
Successfully saved to ./Empirical/Eigenstrat/Reichall/Loschbour_published.DG/chr22/roh.csv
