Doing Individual I1357...
Using Low-Mem Cython Linear Speed Up.
Loaded Pre Processing Model: Eigenstrat
Loading Individual: I1357

Loaded 89147 variants
Loaded 2504 individuals
HDF5 loaded from ./Data/1000Genomes/HDF5/1240kHDF5/all1240/chr1.hdf5
3 Eigenstrat Files with 5081 Individuals and 1233013 SNPs

Intersection on Positions: 89147
Nr of Matching Refs: 89147 / 89147
Full Intersection Ref/Alt Identical: 89082 / 89147
2504 / 2504 Individuals included in Reference
Extraction of 5008 Haplotypes complete
Reduced to markers called 55552 / 89082
(Fraction SNP: 0.6236052176646236)
Successfully saved to: ./Empirical/Eigenstrat/Reichall/I1357/chr1/
Shuffling phase of target...
Successfully loaded Data from: ./Empirical/Eigenstrat/Reichall/I1357/chr1/
Loaded Emission Model: haploid
Loaded Transition Model: model
Loaded Post Processing Model: Standard
Minimum Genetic Map: 0.0201
Maximum Genetic Map: 2.8627
Gaps bigger than 0.1 cM: 367
Maximum Gap: 2.9727 cM
Loaded Transition and Emission Matrix:
(3, 3)
(5009, 55552)
Loaded Observations:
(2, 55552)
Memory Usage: 2688.909312 mB
Reference Number: 5008
Total Log likelihood: -15509.645
Memory Usage: 2689.368064 mB
Finished Calculation State Posteriors
Saved Zero State Posterior to ./Empirical/Eigenstrat/Reichall/I1357/chr1/.
Successfully loaded for PP. from ./Empirical/Eigenstrat/Reichall/I1357/chr1/
Fraction Markers in ROH: 0.5919
Merged n=0 gaps < 0.0 M
Called n=41 ROH Blocks > 1.0 cM
Longest Block: 7.526
Successfully saved to ./Empirical/Eigenstrat/Reichall/I1357/chr1/roh.csv
Using Low-Mem Cython Linear Speed Up.
Loaded Pre Processing Model: Eigenstrat
Loading Individual: I1357

Loaded 94239 variants
Loaded 2504 individuals
HDF5 loaded from ./Data/1000Genomes/HDF5/1240kHDF5/all1240/chr2.hdf5
3 Eigenstrat Files with 5081 Individuals and 1233013 SNPs

Intersection on Positions: 94239
Nr of Matching Refs: 94239 / 94239
Full Intersection Ref/Alt Identical: 94173 / 94239
2504 / 2504 Individuals included in Reference
Extraction of 5008 Haplotypes complete
Reduced to markers called 57190 / 94173
(Fraction SNP: 0.6072865895745065)
Successfully saved to: ./Empirical/Eigenstrat/Reichall/I1357/chr2/
Shuffling phase of target...
Successfully loaded Data from: ./Empirical/Eigenstrat/Reichall/I1357/chr2/
Loaded Emission Model: haploid
Loaded Transition Model: model
Loaded Post Processing Model: Standard
Minimum Genetic Map: 0.0001
Maximum Genetic Map: 2.6883
Gaps bigger than 0.1 cM: 335
Maximum Gap: 3.9406 cM
Loaded Transition and Emission Matrix:
(3, 3)
(5009, 57190)
Loaded Observations:
(2, 57190)
Memory Usage: 2754.899968 mB
Reference Number: 5008
Total Log likelihood: -13509.777
Memory Usage: 2754.899968 mB
Finished Calculation State Posteriors
Saved Zero State Posterior to ./Empirical/Eigenstrat/Reichall/I1357/chr2/.
Successfully loaded for PP. from ./Empirical/Eigenstrat/Reichall/I1357/chr2/
Fraction Markers in ROH: 0.6828
Merged n=0 gaps < 0.0 M
Called n=26 ROH Blocks > 1.0 cM
Longest Block: 40.709
Successfully saved to ./Empirical/Eigenstrat/Reichall/I1357/chr2/roh.csv
Using Low-Mem Cython Linear Speed Up.
Loaded Pre Processing Model: Eigenstrat
Loading Individual: I1357

Loaded 77652 variants
Loaded 2504 individuals
HDF5 loaded from ./Data/1000Genomes/HDF5/1240kHDF5/all1240/chr3.hdf5
3 Eigenstrat Files with 5081 Individuals and 1233013 SNPs

Intersection on Positions: 77652
Nr of Matching Refs: 77652 / 77652
Full Intersection Ref/Alt Identical: 77601 / 77652
2504 / 2504 Individuals included in Reference
Extraction of 5008 Haplotypes complete
Reduced to markers called 47245 / 77601
(Fraction SNP: 0.6088194739758508)
Successfully saved to: ./Empirical/Eigenstrat/Reichall/I1357/chr3/
Shuffling phase of target...
Successfully loaded Data from: ./Empirical/Eigenstrat/Reichall/I1357/chr3/
Loaded Emission Model: haploid
Loaded Transition Model: model
Loaded Post Processing Model: Standard
Minimum Genetic Map: 0.0000
Maximum Genetic Map: 2.2326
Gaps bigger than 0.1 cM: 306
Maximum Gap: 0.3910 cM
Loaded Transition and Emission Matrix:
(3, 3)
(5009, 47245)
Loaded Observations:
(2, 47245)
Memory Usage: 2307.637248 mB
Reference Number: 5008
Total Log likelihood: -11765.515
Memory Usage: 2307.637248 mB
Finished Calculation State Posteriors
Saved Zero State Posterior to ./Empirical/Eigenstrat/Reichall/I1357/chr3/.
Successfully loaded for PP. from ./Empirical/Eigenstrat/Reichall/I1357/chr3/
Fraction Markers in ROH: 0.6717
Merged n=0 gaps < 0.0 M
Called n=39 ROH Blocks > 1.0 cM
Longest Block: 13.922
Successfully saved to ./Empirical/Eigenstrat/Reichall/I1357/chr3/roh.csv
Using Low-Mem Cython Linear Speed Up.
Loaded Pre Processing Model: Eigenstrat
Loading Individual: I1357

Loaded 68759 variants
Loaded 2504 individuals
HDF5 loaded from ./Data/1000Genomes/HDF5/1240kHDF5/all1240/chr4.hdf5
3 Eigenstrat Files with 5081 Individuals and 1233013 SNPs

Intersection on Positions: 68759
Nr of Matching Refs: 68759 / 68759
Full Intersection Ref/Alt Identical: 68720 / 68759
2504 / 2504 Individuals included in Reference
Extraction of 5008 Haplotypes complete
Reduced to markers called 39970 / 68720
(Fraction SNP: 0.5816356228172294)
Successfully saved to: ./Empirical/Eigenstrat/Reichall/I1357/chr4/
Shuffling phase of target...
Successfully loaded Data from: ./Empirical/Eigenstrat/Reichall/I1357/chr4/
Loaded Emission Model: haploid
Loaded Transition Model: model
Loaded Post Processing Model: Standard
Minimum Genetic Map: 0.0034
Maximum Genetic Map: 2.1454
Gaps bigger than 0.1 cM: 286
Maximum Gap: 2.0495 cM
Loaded Transition and Emission Matrix:
(3, 3)
(5009, 39970)
Loaded Observations:
(2, 39970)
Memory Usage: 1980.461056 mB
Reference Number: 5008
Total Log likelihood: -10281.958
Memory Usage: 1980.461056 mB
Finished Calculation State Posteriors
Saved Zero State Posterior to ./Empirical/Eigenstrat/Reichall/I1357/chr4/.
Successfully loaded for PP. from ./Empirical/Eigenstrat/Reichall/I1357/chr4/
Fraction Markers in ROH: 0.6467
Merged n=0 gaps < 0.0 M
Called n=31 ROH Blocks > 1.0 cM
Longest Block: 20.245
Successfully saved to ./Empirical/Eigenstrat/Reichall/I1357/chr4/roh.csv
Using Low-Mem Cython Linear Speed Up.
Loaded Pre Processing Model: Eigenstrat
Loading Individual: I1357

Loaded 69399 variants
Loaded 2504 individuals
HDF5 loaded from ./Data/1000Genomes/HDF5/1240kHDF5/all1240/chr5.hdf5
3 Eigenstrat Files with 5081 Individuals and 1233013 SNPs

Intersection on Positions: 69399
Nr of Matching Refs: 69399 / 69399
Full Intersection Ref/Alt Identical: 69354 / 69399
2504 / 2504 Individuals included in Reference
Extraction of 5008 Haplotypes complete
Reduced to markers called 41994 / 69354
(Fraction SNP: 0.6055022060731897)
Successfully saved to: ./Empirical/Eigenstrat/Reichall/I1357/chr5/
Shuffling phase of target...
Successfully loaded Data from: ./Empirical/Eigenstrat/Reichall/I1357/chr5/
Loaded Emission Model: haploid
Loaded Transition Model: model
Loaded Post Processing Model: Standard
Minimum Genetic Map: 0.0004
Maximum Genetic Map: 2.0408
Gaps bigger than 0.1 cM: 290
Maximum Gap: 1.1070 cM
Loaded Transition and Emission Matrix:
(3, 3)
(5009, 41994)
Loaded Observations:
(2, 41994)
Memory Usage: 2073.02656 mB
Reference Number: 5008
Total Log likelihood: -11856.553
Memory Usage: 2073.02656 mB
Finished Calculation State Posteriors
Saved Zero State Posterior to ./Empirical/Eigenstrat/Reichall/I1357/chr5/.
Successfully loaded for PP. from ./Empirical/Eigenstrat/Reichall/I1357/chr5/
Fraction Markers in ROH: 0.5816
Merged n=0 gaps < 0.0 M
Called n=21 ROH Blocks > 1.0 cM
Longest Block: 6.420
Successfully saved to ./Empirical/Eigenstrat/Reichall/I1357/chr5/roh.csv
Using Low-Mem Cython Linear Speed Up.
Loaded Pre Processing Model: Eigenstrat
Loading Individual: I1357

Loaded 75870 variants
Loaded 2504 individuals
HDF5 loaded from ./Data/1000Genomes/HDF5/1240kHDF5/all1240/chr6.hdf5
3 Eigenstrat Files with 5081 Individuals and 1233013 SNPs

Intersection on Positions: 75870
Nr of Matching Refs: 75870 / 75870
Full Intersection Ref/Alt Identical: 75816 / 75870
2504 / 2504 Individuals included in Reference
Extraction of 5008 Haplotypes complete
Reduced to markers called 46272 / 75816
(Fraction SNP: 0.6103197214308326)
Successfully saved to: ./Empirical/Eigenstrat/Reichall/I1357/chr6/
Shuffling phase of target...
Successfully loaded Data from: ./Empirical/Eigenstrat/Reichall/I1357/chr6/
Loaded Emission Model: haploid
Loaded Transition Model: model
Loaded Post Processing Model: Standard
Minimum Genetic Map: 0.0032
Maximum Genetic Map: 1.9203
Gaps bigger than 0.1 cM: 234
Maximum Gap: 0.5122 cM
Loaded Transition and Emission Matrix:
(3, 3)
(5009, 46272)
Loaded Observations:
(2, 46272)
Memory Usage: 2264.317952 mB
Reference Number: 5008
Total Log likelihood: -12854.954
Memory Usage: 2264.317952 mB
Finished Calculation State Posteriors
Saved Zero State Posterior to ./Empirical/Eigenstrat/Reichall/I1357/chr6/.
Successfully loaded for PP. from ./Empirical/Eigenstrat/Reichall/I1357/chr6/
Fraction Markers in ROH: 0.6083
Merged n=0 gaps < 0.0 M
Called n=24 ROH Blocks > 1.0 cM
Longest Block: 23.910
Successfully saved to ./Empirical/Eigenstrat/Reichall/I1357/chr6/roh.csv
Using Low-Mem Cython Linear Speed Up.
Loaded Pre Processing Model: Eigenstrat
Loading Individual: I1357

Loaded 59890 variants
Loaded 2504 individuals
HDF5 loaded from ./Data/1000Genomes/HDF5/1240kHDF5/all1240/chr7.hdf5
3 Eigenstrat Files with 5081 Individuals and 1233013 SNPs

Intersection on Positions: 59890
Nr of Matching Refs: 59890 / 59890
Full Intersection Ref/Alt Identical: 59836 / 59890
2504 / 2504 Individuals included in Reference
Extraction of 5008 Haplotypes complete
Reduced to markers called 36202 / 59836
(Fraction SNP: 0.60502038906344)
Successfully saved to: ./Empirical/Eigenstrat/Reichall/I1357/chr7/
Shuffling phase of target...
Successfully loaded Data from: ./Empirical/Eigenstrat/Reichall/I1357/chr7/
Loaded Emission Model: haploid
Loaded Transition Model: model
Loaded Post Processing Model: Standard
Minimum Genetic Map: 0.0000
Maximum Genetic Map: 1.8715
Gaps bigger than 0.1 cM: 258
Maximum Gap: 0.8724 cM
Loaded Transition and Emission Matrix:
(3, 3)
(5009, 36202)
Loaded Observations:
(2, 36202)
Memory Usage: 1810.092032 mB
Reference Number: 5008
Total Log likelihood: -10849.768
Memory Usage: 1810.092032 mB
Finished Calculation State Posteriors
Saved Zero State Posterior to ./Empirical/Eigenstrat/Reichall/I1357/chr7/.
Successfully loaded for PP. from ./Empirical/Eigenstrat/Reichall/I1357/chr7/
Fraction Markers in ROH: 0.5553
Merged n=0 gaps < 0.0 M
Called n=26 ROH Blocks > 1.0 cM
Longest Block: 3.522
Successfully saved to ./Empirical/Eigenstrat/Reichall/I1357/chr7/roh.csv
Using Low-Mem Cython Linear Speed Up.
Loaded Pre Processing Model: Eigenstrat
Loading Individual: I1357

Loaded 61133 variants
Loaded 2504 individuals
HDF5 loaded from ./Data/1000Genomes/HDF5/1240kHDF5/all1240/chr8.hdf5
3 Eigenstrat Files with 5081 Individuals and 1233013 SNPs

Intersection on Positions: 61133
Nr of Matching Refs: 61133 / 61133
Full Intersection Ref/Alt Identical: 61091 / 61133
2504 / 2504 Individuals included in Reference
Extraction of 5008 Haplotypes complete
Reduced to markers called 37690 / 61091
(Fraction SNP: 0.6169484866837995)
Successfully saved to: ./Empirical/Eigenstrat/Reichall/I1357/chr8/
Shuffling phase of target...
Successfully loaded Data from: ./Empirical/Eigenstrat/Reichall/I1357/chr8/
Loaded Emission Model: haploid
Loaded Transition Model: model
Loaded Post Processing Model: Standard
Minimum Genetic Map: 0.0000
Maximum Genetic Map: 1.6800
Gaps bigger than 0.1 cM: 184
Maximum Gap: 3.3333 cM
Loaded Transition and Emission Matrix:
(3, 3)
(5009, 37690)
Loaded Observations:
(2, 37690)
Memory Usage: 1878.216704 mB
Reference Number: 5008
Total Log likelihood: -9793.998
Memory Usage: 1878.216704 mB
Finished Calculation State Posteriors
Saved Zero State Posterior to ./Empirical/Eigenstrat/Reichall/I1357/chr8/.
Successfully loaded for PP. from ./Empirical/Eigenstrat/Reichall/I1357/chr8/
Fraction Markers in ROH: 0.6325
Merged n=0 gaps < 0.0 M
Called n=17 ROH Blocks > 1.0 cM
Longest Block: 11.772
Successfully saved to ./Empirical/Eigenstrat/Reichall/I1357/chr8/roh.csv
Using Low-Mem Cython Linear Speed Up.
Loaded Pre Processing Model: Eigenstrat
Loading Individual: I1357

Loaded 50668 variants
Loaded 2504 individuals
HDF5 loaded from ./Data/1000Genomes/HDF5/1240kHDF5/all1240/chr9.hdf5
3 Eigenstrat Files with 5081 Individuals and 1233013 SNPs

Intersection on Positions: 50668
Nr of Matching Refs: 50668 / 50668
Full Intersection Ref/Alt Identical: 50629 / 50668
2504 / 2504 Individuals included in Reference
Extraction of 5008 Haplotypes complete
Reduced to markers called 31230 / 50629
(Fraction SNP: 0.6168401509016571)
Successfully saved to: ./Empirical/Eigenstrat/Reichall/I1357/chr9/
Shuffling phase of target...
Successfully loaded Data from: ./Empirical/Eigenstrat/Reichall/I1357/chr9/
Loaded Emission Model: haploid
Loaded Transition Model: model
Loaded Post Processing Model: Standard
Minimum Genetic Map: 0.0017
Maximum Genetic Map: 1.6630
Gaps bigger than 0.1 cM: 255
Maximum Gap: 2.3102 cM
Loaded Transition and Emission Matrix:
(3, 3)
(5009, 31230)
Loaded Observations:
(2, 31230)
Memory Usage: 1588.314112 mB
Reference Number: 5008
Total Log likelihood: -8914.100
Memory Usage: 1588.314112 mB
Finished Calculation State Posteriors
Saved Zero State Posterior to ./Empirical/Eigenstrat/Reichall/I1357/chr9/.
Successfully loaded for PP. from ./Empirical/Eigenstrat/Reichall/I1357/chr9/
Fraction Markers in ROH: 0.5803
Merged n=0 gaps < 0.0 M
Called n=21 ROH Blocks > 1.0 cM
Longest Block: 6.172
Successfully saved to ./Empirical/Eigenstrat/Reichall/I1357/chr9/roh.csv
Using Low-Mem Cython Linear Speed Up.
Loaded Pre Processing Model: Eigenstrat
Loading Individual: I1357

Loaded 58804 variants
Loaded 2504 individuals
HDF5 loaded from ./Data/1000Genomes/HDF5/1240kHDF5/all1240/chr10.hdf5
3 Eigenstrat Files with 5081 Individuals and 1233013 SNPs

Intersection on Positions: 58804
Nr of Matching Refs: 58804 / 58804
Full Intersection Ref/Alt Identical: 58763 / 58804
2504 / 2504 Individuals included in Reference
Extraction of 5008 Haplotypes complete
Reduced to markers called 36724 / 58763
(Fraction SNP: 0.6249510746558209)
Successfully saved to: ./Empirical/Eigenstrat/Reichall/I1357/chr10/
Shuffling phase of target...
Successfully loaded Data from: ./Empirical/Eigenstrat/Reichall/I1357/chr10/
Loaded Emission Model: haploid
Loaded Transition Model: model
Loaded Post Processing Model: Standard
Minimum Genetic Map: 0.0001
Maximum Genetic Map: 1.8092
Gaps bigger than 0.1 cM: 229
Maximum Gap: 2.0338 cM
Loaded Transition and Emission Matrix:
(3, 3)
(5009, 36724)
Loaded Observations:
(2, 36724)
Memory Usage: 1837.039616 mB
Reference Number: 5008
Total Log likelihood: -11227.468
Memory Usage: 1837.039616 mB
Finished Calculation State Posteriors
Saved Zero State Posterior to ./Empirical/Eigenstrat/Reichall/I1357/chr10/.
Successfully loaded for PP. from ./Empirical/Eigenstrat/Reichall/I1357/chr10/
Fraction Markers in ROH: 0.5460
Merged n=0 gaps < 0.0 M
Called n=24 ROH Blocks > 1.0 cM
Longest Block: 2.645
Successfully saved to ./Empirical/Eigenstrat/Reichall/I1357/chr10/roh.csv
Using Low-Mem Cython Linear Speed Up.
Loaded Pre Processing Model: Eigenstrat
Loading Individual: I1357

Loaded 54833 variants
Loaded 2504 individuals
HDF5 loaded from ./Data/1000Genomes/HDF5/1240kHDF5/all1240/chr11.hdf5
3 Eigenstrat Files with 5081 Individuals and 1233013 SNPs

Intersection on Positions: 54833
Nr of Matching Refs: 54833 / 54833
Full Intersection Ref/Alt Identical: 54796 / 54833
2504 / 2504 Individuals included in Reference
Extraction of 5008 Haplotypes complete
Reduced to markers called 33944 / 54796
(Fraction SNP: 0.6194612745455873)
Successfully saved to: ./Empirical/Eigenstrat/Reichall/I1357/chr11/
Shuffling phase of target...
Successfully loaded Data from: ./Empirical/Eigenstrat/Reichall/I1357/chr11/
Loaded Emission Model: haploid
Loaded Transition Model: model
Loaded Post Processing Model: Standard
Minimum Genetic Map: 0.0001
Maximum Genetic Map: 1.5822
Gaps bigger than 0.1 cM: 224
Maximum Gap: 0.5366 cM
Loaded Transition and Emission Matrix:
(3, 3)
(5009, 33944)
Loaded Observations:
(2, 33944)
Memory Usage: 1713.291264 mB
Reference Number: 5008
Total Log likelihood: -10159.322
Memory Usage: 1713.291264 mB
Finished Calculation State Posteriors
Saved Zero State Posterior to ./Empirical/Eigenstrat/Reichall/I1357/chr11/.
Successfully loaded for PP. from ./Empirical/Eigenstrat/Reichall/I1357/chr11/
Fraction Markers in ROH: 0.5320
Merged n=0 gaps < 0.0 M
Called n=21 ROH Blocks > 1.0 cM
Longest Block: 2.320
Successfully saved to ./Empirical/Eigenstrat/Reichall/I1357/chr11/roh.csv
Using Low-Mem Cython Linear Speed Up.
Loaded Pre Processing Model: Eigenstrat
Loading Individual: I1357

Loaded 53911 variants
Loaded 2504 individuals
HDF5 loaded from ./Data/1000Genomes/HDF5/1240kHDF5/all1240/chr12.hdf5
3 Eigenstrat Files with 5081 Individuals and 1233013 SNPs

Intersection on Positions: 53911
Nr of Matching Refs: 53911 / 53911
Full Intersection Ref/Alt Identical: 53884 / 53911
2504 / 2504 Individuals included in Reference
Extraction of 5008 Haplotypes complete
Reduced to markers called 32899 / 53884
(Fraction SNP: 0.6105522975280232)
Successfully saved to: ./Empirical/Eigenstrat/Reichall/I1357/chr12/
Shuffling phase of target...
Successfully loaded Data from: ./Empirical/Eigenstrat/Reichall/I1357/chr12/
Loaded Emission Model: haploid
Loaded Transition Model: model
Loaded Post Processing Model: Standard
Minimum Genetic Map: 0.0017
Maximum Genetic Map: 1.7468
Gaps bigger than 0.1 cM: 237
Maximum Gap: 1.1095 cM
Loaded Transition and Emission Matrix:
(3, 3)
(5009, 32899)
Loaded Observations:
(2, 32899)
Memory Usage: 1661.46048 mB
Reference Number: 5008
Total Log likelihood: -8505.943
Memory Usage: 1661.46048 mB
Finished Calculation State Posteriors
Saved Zero State Posterior to ./Empirical/Eigenstrat/Reichall/I1357/chr12/.
Successfully loaded for PP. from ./Empirical/Eigenstrat/Reichall/I1357/chr12/
Fraction Markers in ROH: 0.6467
Merged n=0 gaps < 0.0 M
Called n=26 ROH Blocks > 1.0 cM
Longest Block: 16.760
Successfully saved to ./Empirical/Eigenstrat/Reichall/I1357/chr12/roh.csv
Using Low-Mem Cython Linear Speed Up.
Loaded Pre Processing Model: Eigenstrat
Loading Individual: I1357

Loaded 39018 variants
Loaded 2504 individuals
HDF5 loaded from ./Data/1000Genomes/HDF5/1240kHDF5/all1240/chr13.hdf5
3 Eigenstrat Files with 5081 Individuals and 1233013 SNPs

Intersection on Positions: 39018
Nr of Matching Refs: 39018 / 39018
Full Intersection Ref/Alt Identical: 38994 / 39018
2504 / 2504 Individuals included in Reference
Extraction of 5008 Haplotypes complete
Reduced to markers called 23036 / 38994
(Fraction SNP: 0.5907575524439658)
Successfully saved to: ./Empirical/Eigenstrat/Reichall/I1357/chr13/
Shuffling phase of target...
Successfully loaded Data from: ./Empirical/Eigenstrat/Reichall/I1357/chr13/
Loaded Emission Model: haploid
Loaded Transition Model: model
Loaded Post Processing Model: Standard
Minimum Genetic Map: 0.0028
Maximum Genetic Map: 1.2570
Gaps bigger than 0.1 cM: 182
Maximum Gap: 1.2227 cM
Loaded Transition and Emission Matrix:
(3, 3)
(5009, 23036)
Loaded Observations:
(2, 23036)
Memory Usage: 1217.630208 mB
Reference Number: 5008
Total Log likelihood: -7145.356
Memory Usage: 1217.630208 mB
Finished Calculation State Posteriors
Saved Zero State Posterior to ./Empirical/Eigenstrat/Reichall/I1357/chr13/.
Successfully loaded for PP. from ./Empirical/Eigenstrat/Reichall/I1357/chr13/
Fraction Markers in ROH: 0.5534
Merged n=0 gaps < 0.0 M
Called n=17 ROH Blocks > 1.0 cM
Longest Block: 1.841
Successfully saved to ./Empirical/Eigenstrat/Reichall/I1357/chr13/roh.csv
Using Low-Mem Cython Linear Speed Up.
Loaded Pre Processing Model: Eigenstrat
Loading Individual: I1357

Loaded 36301 variants
Loaded 2504 individuals
HDF5 loaded from ./Data/1000Genomes/HDF5/1240kHDF5/all1240/chr14.hdf5
3 Eigenstrat Files with 5081 Individuals and 1233013 SNPs

Intersection on Positions: 36301
Nr of Matching Refs: 36301 / 36301
Full Intersection Ref/Alt Identical: 36280 / 36301
2504 / 2504 Individuals included in Reference
Extraction of 5008 Haplotypes complete
Reduced to markers called 22161 / 36280
(Fraction SNP: 0.610832414553473)
Successfully saved to: ./Empirical/Eigenstrat/Reichall/I1357/chr14/
Shuffling phase of target...
Successfully loaded Data from: ./Empirical/Eigenstrat/Reichall/I1357/chr14/
Loaded Emission Model: haploid
Loaded Transition Model: model
Loaded Post Processing Model: Standard
Minimum Genetic Map: 0.0161
Maximum Genetic Map: 1.2020
Gaps bigger than 0.1 cM: 163
Maximum Gap: 3.0784 cM
Loaded Transition and Emission Matrix:
(3, 3)
(5009, 22161)
Loaded Observations:
(2, 22161)
Memory Usage: 1179.754496 mB
Reference Number: 5008
Total Log likelihood: -6645.008
Memory Usage: 1179.754496 mB
Finished Calculation State Posteriors
Saved Zero State Posterior to ./Empirical/Eigenstrat/Reichall/I1357/chr14/.
Successfully loaded for PP. from ./Empirical/Eigenstrat/Reichall/I1357/chr14/
Fraction Markers in ROH: 0.5548
Merged n=0 gaps < 0.0 M
Called n=10 ROH Blocks > 1.0 cM
Longest Block: 3.092
Successfully saved to ./Empirical/Eigenstrat/Reichall/I1357/chr14/roh.csv
Using Low-Mem Cython Linear Speed Up.
Loaded Pre Processing Model: Eigenstrat
Loading Individual: I1357

Loaded 34429 variants
Loaded 2504 individuals
HDF5 loaded from ./Data/1000Genomes/HDF5/1240kHDF5/all1240/chr15.hdf5
3 Eigenstrat Files with 5081 Individuals and 1233013 SNPs

Intersection on Positions: 34429
Nr of Matching Refs: 34429 / 34429
Full Intersection Ref/Alt Identical: 34407 / 34429
2504 / 2504 Individuals included in Reference
Extraction of 5008 Haplotypes complete
Reduced to markers called 21617 / 34407
(Fraction SNP: 0.6282733164762985)
Successfully saved to: ./Empirical/Eigenstrat/Reichall/I1357/chr15/
Shuffling phase of target...
Successfully loaded Data from: ./Empirical/Eigenstrat/Reichall/I1357/chr15/
Loaded Emission Model: haploid
Loaded Transition Model: model
Loaded Post Processing Model: Standard
Minimum Genetic Map: 0.0002
Maximum Genetic Map: 1.4135
Gaps bigger than 0.1 cM: 180
Maximum Gap: 11.6560 cM
Loaded Transition and Emission Matrix:
(3, 3)
(5009, 21617)
Loaded Observations:
(2, 21617)
Memory Usage: 1156.542464 mB
Reference Number: 5008
Total Log likelihood: -6065.845
Memory Usage: 1156.542464 mB
Finished Calculation State Posteriors
Saved Zero State Posterior to ./Empirical/Eigenstrat/Reichall/I1357/chr15/.
Successfully loaded for PP. from ./Empirical/Eigenstrat/Reichall/I1357/chr15/
Fraction Markers in ROH: 0.6242
Merged n=0 gaps < 0.0 M
Called n=17 ROH Blocks > 1.0 cM
Longest Block: 8.634
Successfully saved to ./Empirical/Eigenstrat/Reichall/I1357/chr15/roh.csv
Using Low-Mem Cython Linear Speed Up.
Loaded Pre Processing Model: Eigenstrat
Loading Individual: I1357

Loaded 34402 variants
Loaded 2504 individuals
HDF5 loaded from ./Data/1000Genomes/HDF5/1240kHDF5/all1240/chr16.hdf5
3 Eigenstrat Files with 5081 Individuals and 1233013 SNPs

Intersection on Positions: 34402
Nr of Matching Refs: 34402 / 34402
Full Intersection Ref/Alt Identical: 34375 / 34402
2504 / 2504 Individuals included in Reference
Extraction of 5008 Haplotypes complete
Reduced to markers called 22134 / 34375
(Fraction SNP: 0.6438981818181818)
Successfully saved to: ./Empirical/Eigenstrat/Reichall/I1357/chr16/
Shuffling phase of target...
Successfully loaded Data from: ./Empirical/Eigenstrat/Reichall/I1357/chr16/
Loaded Emission Model: haploid
Loaded Transition Model: model
Loaded Post Processing Model: Standard
Minimum Genetic Map: -0.0000
Maximum Genetic Map: 1.3403
Gaps bigger than 0.1 cM: 189
Maximum Gap: 0.8461 cM
Loaded Transition and Emission Matrix:
(3, 3)
(5009, 22134)
Loaded Observations:
(2, 22134)
Memory Usage: 1180.909568 mB
Reference Number: 5008
Total Log likelihood: -6252.455
Memory Usage: 1180.909568 mB
Finished Calculation State Posteriors
Saved Zero State Posterior to ./Empirical/Eigenstrat/Reichall/I1357/chr16/.
Successfully loaded for PP. from ./Empirical/Eigenstrat/Reichall/I1357/chr16/
Fraction Markers in ROH: 0.6118
Merged n=0 gaps < 0.0 M
Called n=20 ROH Blocks > 1.0 cM
Longest Block: 2.961
Successfully saved to ./Empirical/Eigenstrat/Reichall/I1357/chr16/roh.csv
Using Low-Mem Cython Linear Speed Up.
Loaded Pre Processing Model: Eigenstrat
Loading Individual: I1357

Loaded 29314 variants
Loaded 2504 individuals
HDF5 loaded from ./Data/1000Genomes/HDF5/1240kHDF5/all1240/chr17.hdf5
3 Eigenstrat Files with 5081 Individuals and 1233013 SNPs

Intersection on Positions: 29314
Nr of Matching Refs: 29314 / 29314
Full Intersection Ref/Alt Identical: 29292 / 29314
2504 / 2504 Individuals included in Reference
Extraction of 5008 Haplotypes complete
Reduced to markers called 18852 / 29292
(Fraction SNP: 0.6435886931585416)
Successfully saved to: ./Empirical/Eigenstrat/Reichall/I1357/chr17/
Shuffling phase of target...
Successfully loaded Data from: ./Empirical/Eigenstrat/Reichall/I1357/chr17/
Loaded Emission Model: haploid
Loaded Transition Model: model
Loaded Post Processing Model: Standard
Minimum Genetic Map: -0.0003
Maximum Genetic Map: 1.2845
Gaps bigger than 0.1 cM: 186
Maximum Gap: 1.2341 cM
Loaded Transition and Emission Matrix:
(3, 3)
(5009, 18852)
Loaded Observations:
(2, 18852)
Memory Usage: 1029.554176 mB
Reference Number: 5008
Total Log likelihood: -5711.211
Memory Usage: 1029.554176 mB
Finished Calculation State Posteriors
Saved Zero State Posterior to ./Empirical/Eigenstrat/Reichall/I1357/chr17/.
Successfully loaded for PP. from ./Empirical/Eigenstrat/Reichall/I1357/chr17/
Fraction Markers in ROH: 0.5422
Merged n=0 gaps < 0.0 M
Called n=21 ROH Blocks > 1.0 cM
Longest Block: 5.195
Successfully saved to ./Empirical/Eigenstrat/Reichall/I1357/chr17/roh.csv
Using Low-Mem Cython Linear Speed Up.
Loaded Pre Processing Model: Eigenstrat
Loading Individual: I1357

Loaded 33917 variants
Loaded 2504 individuals
HDF5 loaded from ./Data/1000Genomes/HDF5/1240kHDF5/all1240/chr18.hdf5
3 Eigenstrat Files with 5081 Individuals and 1233013 SNPs

Intersection on Positions: 33917
Nr of Matching Refs: 33917 / 33917
Full Intersection Ref/Alt Identical: 33902 / 33917
2504 / 2504 Individuals included in Reference
Extraction of 5008 Haplotypes complete
Reduced to markers called 20717 / 33902
(Fraction SNP: 0.6110848917467996)
Successfully saved to: ./Empirical/Eigenstrat/Reichall/I1357/chr18/
Shuffling phase of target...
Successfully loaded Data from: ./Empirical/Eigenstrat/Reichall/I1357/chr18/
Loaded Emission Model: haploid
Loaded Transition Model: model
Loaded Post Processing Model: Standard
Minimum Genetic Map: 0.0016
Maximum Genetic Map: 1.1771
Gaps bigger than 0.1 cM: 180
Maximum Gap: 0.4763 cM
Loaded Transition and Emission Matrix:
(3, 3)
(5009, 20717)
Loaded Observations:
(2, 20717)
Memory Usage: 1112.305664 mB
Reference Number: 5008
Total Log likelihood: -5945.527
Memory Usage: 1112.305664 mB
Finished Calculation State Posteriors
Saved Zero State Posterior to ./Empirical/Eigenstrat/Reichall/I1357/chr18/.
Successfully loaded for PP. from ./Empirical/Eigenstrat/Reichall/I1357/chr18/
Fraction Markers in ROH: 0.6120
Merged n=0 gaps < 0.0 M
Called n=11 ROH Blocks > 1.0 cM
Longest Block: 7.504
Successfully saved to ./Empirical/Eigenstrat/Reichall/I1357/chr18/roh.csv
Using Low-Mem Cython Linear Speed Up.
Loaded Pre Processing Model: Eigenstrat
Loading Individual: I1357

Loaded 18460 variants
Loaded 2504 individuals
HDF5 loaded from ./Data/1000Genomes/HDF5/1240kHDF5/all1240/chr19.hdf5
3 Eigenstrat Files with 5081 Individuals and 1233013 SNPs

Intersection on Positions: 18460
Nr of Matching Refs: 18460 / 18460
Full Intersection Ref/Alt Identical: 18441 / 18460
2504 / 2504 Individuals included in Reference
Extraction of 5008 Haplotypes complete
Reduced to markers called 11957 / 18441
(Fraction SNP: 0.6483921696220378)
Successfully saved to: ./Empirical/Eigenstrat/Reichall/I1357/chr19/
Shuffling phase of target...
Successfully loaded Data from: ./Empirical/Eigenstrat/Reichall/I1357/chr19/
Loaded Emission Model: haploid
Loaded Transition Model: model
Loaded Post Processing Model: Standard
Minimum Genetic Map: 0.0000
Maximum Genetic Map: 1.0773
Gaps bigger than 0.1 cM: 187
Maximum Gap: 0.5964 cM
Loaded Transition and Emission Matrix:
(3, 3)
(5009, 11957)
Loaded Observations:
(2, 11957)
Memory Usage: 718.721024 mB
Reference Number: 5008
Total Log likelihood: -3524.944
Memory Usage: 718.721024 mB
Finished Calculation State Posteriors
Saved Zero State Posterior to ./Empirical/Eigenstrat/Reichall/I1357/chr19/.
Successfully loaded for PP. from ./Empirical/Eigenstrat/Reichall/I1357/chr19/
Fraction Markers in ROH: 0.6525
Merged n=0 gaps < 0.0 M
Called n=19 ROH Blocks > 1.0 cM
Longest Block: 7.071
Successfully saved to ./Empirical/Eigenstrat/Reichall/I1357/chr19/roh.csv
Using Low-Mem Cython Linear Speed Up.
Loaded Pre Processing Model: Eigenstrat
Loading Individual: I1357

Loaded 29078 variants
Loaded 2504 individuals
HDF5 loaded from ./Data/1000Genomes/HDF5/1240kHDF5/all1240/chr20.hdf5
3 Eigenstrat Files with 5081 Individuals and 1233013 SNPs

Intersection on Positions: 29078
Nr of Matching Refs: 29078 / 29078
Full Intersection Ref/Alt Identical: 29053 / 29078
2504 / 2504 Individuals included in Reference
Extraction of 5008 Haplotypes complete
Reduced to markers called 18863 / 29053
(Fraction SNP: 0.649261694145183)
Successfully saved to: ./Empirical/Eigenstrat/Reichall/I1357/chr20/
Shuffling phase of target...
Successfully loaded Data from: ./Empirical/Eigenstrat/Reichall/I1357/chr20/
Loaded Emission Model: haploid
Loaded Transition Model: model
Loaded Post Processing Model: Standard
Minimum Genetic Map: 0.0000
Maximum Genetic Map: 1.0821
Gaps bigger than 0.1 cM: 172
Maximum Gap: 0.6226 cM
Loaded Transition and Emission Matrix:
(3, 3)
(5009, 18863)
Loaded Observations:
(2, 18863)
Memory Usage: 1031.08608 mB
Reference Number: 5008
Total Log likelihood: -5247.071
Memory Usage: 1031.08608 mB
Finished Calculation State Posteriors
Saved Zero State Posterior to ./Empirical/Eigenstrat/Reichall/I1357/chr20/.
Successfully loaded for PP. from ./Empirical/Eigenstrat/Reichall/I1357/chr20/
Fraction Markers in ROH: 0.6038
Merged n=0 gaps < 0.0 M
Called n=18 ROH Blocks > 1.0 cM
Longest Block: 3.960
Successfully saved to ./Empirical/Eigenstrat/Reichall/I1357/chr20/roh.csv
Using Low-Mem Cython Linear Speed Up.
Loaded Pre Processing Model: Eigenstrat
Loading Individual: I1357

Loaded 16038 variants
Loaded 2504 individuals
HDF5 loaded from ./Data/1000Genomes/HDF5/1240kHDF5/all1240/chr21.hdf5
3 Eigenstrat Files with 5081 Individuals and 1233013 SNPs

Intersection on Positions: 16038
Nr of Matching Refs: 16038 / 16038
Full Intersection Ref/Alt Identical: 16031 / 16038
2504 / 2504 Individuals included in Reference
Extraction of 5008 Haplotypes complete
Reduced to markers called 9735 / 16031
(Fraction SNP: 0.6072609319443578)
Successfully saved to: ./Empirical/Eigenstrat/Reichall/I1357/chr21/
Shuffling phase of target...
Successfully loaded Data from: ./Empirical/Eigenstrat/Reichall/I1357/chr21/
Loaded Emission Model: haploid
Loaded Transition Model: model
Loaded Post Processing Model: Standard
Minimum Genetic Map: -0.0085
Maximum Genetic Map: 0.6277
Gaps bigger than 0.1 cM: 114
Maximum Gap: 1.7201 cM
Loaded Transition and Emission Matrix:
(3, 3)
(5009, 9735)
Loaded Observations:
(2, 9735)
Memory Usage: 620.388352 mB
Reference Number: 5008
Total Log likelihood: -2885.012
Memory Usage: 620.388352 mB
Finished Calculation State Posteriors
Saved Zero State Posterior to ./Empirical/Eigenstrat/Reichall/I1357/chr21/.
Successfully loaded for PP. from ./Empirical/Eigenstrat/Reichall/I1357/chr21/
Fraction Markers in ROH: 0.5456
Merged n=0 gaps < 0.0 M
Called n=5 ROH Blocks > 1.0 cM
Longest Block: 5.292
Successfully saved to ./Empirical/Eigenstrat/Reichall/I1357/chr21/roh.csv
Using Low-Mem Cython Linear Speed Up.
Loaded Pre Processing Model: Eigenstrat
Loading Individual: I1357

Loaded 15802 variants
Loaded 2504 individuals
HDF5 loaded from ./Data/1000Genomes/HDF5/1240kHDF5/all1240/chr22.hdf5
3 Eigenstrat Files with 5081 Individuals and 1233013 SNPs

Intersection on Positions: 15802
Nr of Matching Refs: 15802 / 15802
Full Intersection Ref/Alt Identical: 15793 / 15802
2504 / 2504 Individuals included in Reference
Extraction of 5008 Haplotypes complete
Reduced to markers called 10583 / 15793
(Fraction SNP: 0.6701070094345596)
Successfully saved to: ./Empirical/Eigenstrat/Reichall/I1357/chr22/
Shuffling phase of target...
Successfully loaded Data from: ./Empirical/Eigenstrat/Reichall/I1357/chr22/
Loaded Emission Model: haploid
Loaded Transition Model: model
Loaded Post Processing Model: Standard
Minimum Genetic Map: 0.0172
Maximum Genetic Map: 0.7408
Gaps bigger than 0.1 cM: 111
Maximum Gap: 1.6949 cM
Loaded Transition and Emission Matrix:
(3, 3)
(5009, 10583)
Loaded Observations:
(2, 10583)
Memory Usage: 656.007168 mB
Reference Number: 5008
Total Log likelihood: -2166.053
Memory Usage: 656.007168 mB
Finished Calculation State Posteriors
Saved Zero State Posterior to ./Empirical/Eigenstrat/Reichall/I1357/chr22/.
Successfully loaded for PP. from ./Empirical/Eigenstrat/Reichall/I1357/chr22/
Fraction Markers in ROH: 0.7938
Merged n=0 gaps < 0.0 M
Called n=4 ROH Blocks > 1.0 cM
Longest Block: 25.000
Successfully saved to ./Empirical/Eigenstrat/Reichall/I1357/chr22/roh.csv
