Doing Individual Sunghir2.SG...
Using Low-Mem Cython Linear Speed Up.
Loaded Pre Processing Model: Eigenstrat
Loading Individual: Sunghir2.SG

Loaded 89147 variants
Loaded 2504 individuals
HDF5 loaded from ./Data/1000Genomes/HDF5/1240kHDF5/all1240/chr1.hdf5
3 Eigenstrat Files with 5081 Individuals and 1233013 SNPs

Intersection on Positions: 89147
Nr of Matching Refs: 89147 / 89147
Full Intersection Ref/Alt Identical: 89082 / 89147
2504 / 2504 Individuals included in Reference
Extraction of 5008 Haplotypes complete
Reduced to markers called 87968 / 89082
(Fraction SNP: 0.9874946678341303)
Successfully saved to: ./Empirical/Eigenstrat/Reichall/Sunghir2.SG/chr1/
Shuffling phase of target...
Successfully loaded Data from: ./Empirical/Eigenstrat/Reichall/Sunghir2.SG/chr1/
Loaded Emission Model: haploid
Loaded Transition Model: model
Loaded Post Processing Model: Standard
Minimum Genetic Map: 0.0201
Maximum Genetic Map: 2.8627
Gaps bigger than 0.1 cM: 255
Maximum Gap: 2.9229 cM
Loaded Transition and Emission Matrix:
(3, 3)
(5009, 87968)
Loaded Observations:
(2, 87968)
Memory Usage: 4149.948416 mB
Reference Number: 5008
Total Log likelihood: -29074.973
Memory Usage: 4150.407168 mB
Finished Calculation State Posteriors
Saved Zero State Posterior to ./Empirical/Eigenstrat/Reichall/Sunghir2.SG/chr1/.
Successfully loaded for PP. from ./Empirical/Eigenstrat/Reichall/Sunghir2.SG/chr1/
Fraction Markers in ROH: 0.4425
Merged n=0 gaps < 0.0 M
Called n=19 ROH Blocks > 1.0 cM
Longest Block: 6.613
Successfully saved to ./Empirical/Eigenstrat/Reichall/Sunghir2.SG/chr1/roh.csv
Using Low-Mem Cython Linear Speed Up.
Loaded Pre Processing Model: Eigenstrat
Loading Individual: Sunghir2.SG

Loaded 94239 variants
Loaded 2504 individuals
HDF5 loaded from ./Data/1000Genomes/HDF5/1240kHDF5/all1240/chr2.hdf5
3 Eigenstrat Files with 5081 Individuals and 1233013 SNPs

Intersection on Positions: 94239
Nr of Matching Refs: 94239 / 94239
Full Intersection Ref/Alt Identical: 94173 / 94239
2504 / 2504 Individuals included in Reference
Extraction of 5008 Haplotypes complete
Reduced to markers called 93024 / 94173
(Fraction SNP: 0.9877990506833169)
Successfully saved to: ./Empirical/Eigenstrat/Reichall/Sunghir2.SG/chr2/
Shuffling phase of target...
Successfully loaded Data from: ./Empirical/Eigenstrat/Reichall/Sunghir2.SG/chr2/
Loaded Emission Model: haploid
Loaded Transition Model: model
Loaded Post Processing Model: Standard
Minimum Genetic Map: 0.0001
Maximum Genetic Map: 2.6883
Gaps bigger than 0.1 cM: 245
Maximum Gap: 1.8302 cM
Loaded Transition and Emission Matrix:
(3, 3)
(5009, 93024)
Loaded Observations:
(2, 93024)
Memory Usage: 4369.752064 mB
Reference Number: 5008
Total Log likelihood: -29036.497
Memory Usage: 4369.752064 mB
Finished Calculation State Posteriors
Saved Zero State Posterior to ./Empirical/Eigenstrat/Reichall/Sunghir2.SG/chr2/.
Successfully loaded for PP. from ./Empirical/Eigenstrat/Reichall/Sunghir2.SG/chr2/
Fraction Markers in ROH: 0.4919
Merged n=0 gaps < 0.0 M
Called n=20 ROH Blocks > 1.0 cM
Longest Block: 9.995
Successfully saved to ./Empirical/Eigenstrat/Reichall/Sunghir2.SG/chr2/roh.csv
Using Low-Mem Cython Linear Speed Up.
Loaded Pre Processing Model: Eigenstrat
Loading Individual: Sunghir2.SG

Loaded 77652 variants
Loaded 2504 individuals
HDF5 loaded from ./Data/1000Genomes/HDF5/1240kHDF5/all1240/chr3.hdf5
3 Eigenstrat Files with 5081 Individuals and 1233013 SNPs

Intersection on Positions: 77652
Nr of Matching Refs: 77652 / 77652
Full Intersection Ref/Alt Identical: 77601 / 77652
2504 / 2504 Individuals included in Reference
Extraction of 5008 Haplotypes complete
Reduced to markers called 76622 / 77601
(Fraction SNP: 0.9873841831935155)
Successfully saved to: ./Empirical/Eigenstrat/Reichall/Sunghir2.SG/chr3/
Shuffling phase of target...
Successfully loaded Data from: ./Empirical/Eigenstrat/Reichall/Sunghir2.SG/chr3/
Loaded Emission Model: haploid
Loaded Transition Model: model
Loaded Post Processing Model: Standard
Minimum Genetic Map: 0.0000
Maximum Genetic Map: 2.2326
Gaps bigger than 0.1 cM: 217
Maximum Gap: 0.2409 cM
Loaded Transition and Emission Matrix:
(3, 3)
(5009, 76622)
Loaded Observations:
(2, 76622)
Memory Usage: 3631.398912 mB
Reference Number: 5008
Total Log likelihood: -25574.527
Memory Usage: 3631.398912 mB
Finished Calculation State Posteriors
Saved Zero State Posterior to ./Empirical/Eigenstrat/Reichall/Sunghir2.SG/chr3/.
Successfully loaded for PP. from ./Empirical/Eigenstrat/Reichall/Sunghir2.SG/chr3/
Fraction Markers in ROH: 0.4512
Merged n=0 gaps < 0.0 M
Called n=13 ROH Blocks > 1.0 cM
Longest Block: 2.219
Successfully saved to ./Empirical/Eigenstrat/Reichall/Sunghir2.SG/chr3/roh.csv
Using Low-Mem Cython Linear Speed Up.
Loaded Pre Processing Model: Eigenstrat
Loading Individual: Sunghir2.SG

Loaded 68759 variants
Loaded 2504 individuals
HDF5 loaded from ./Data/1000Genomes/HDF5/1240kHDF5/all1240/chr4.hdf5
3 Eigenstrat Files with 5081 Individuals and 1233013 SNPs

Intersection on Positions: 68759
Nr of Matching Refs: 68759 / 68759
Full Intersection Ref/Alt Identical: 68720 / 68759
2504 / 2504 Individuals included in Reference
Extraction of 5008 Haplotypes complete
Reduced to markers called 67764 / 68720
(Fraction SNP: 0.9860884749708964)
Successfully saved to: ./Empirical/Eigenstrat/Reichall/Sunghir2.SG/chr4/
Shuffling phase of target...
Successfully loaded Data from: ./Empirical/Eigenstrat/Reichall/Sunghir2.SG/chr4/
Loaded Emission Model: haploid
Loaded Transition Model: model
Loaded Post Processing Model: Standard
Minimum Genetic Map: 0.0034
Maximum Genetic Map: 2.1454
Gaps bigger than 0.1 cM: 197
Maximum Gap: 2.0422 cM
Loaded Transition and Emission Matrix:
(3, 3)
(5009, 67764)
Loaded Observations:
(2, 67764)
Memory Usage: 3233.918976 mB
Reference Number: 5008
Total Log likelihood: -21932.623
Memory Usage: 3233.918976 mB
Finished Calculation State Posteriors
Saved Zero State Posterior to ./Empirical/Eigenstrat/Reichall/Sunghir2.SG/chr4/.
Successfully loaded for PP. from ./Empirical/Eigenstrat/Reichall/Sunghir2.SG/chr4/
Fraction Markers in ROH: 0.4636
Merged n=0 gaps < 0.0 M
Called n=17 ROH Blocks > 1.0 cM
Longest Block: 6.733
Successfully saved to ./Empirical/Eigenstrat/Reichall/Sunghir2.SG/chr4/roh.csv
Using Low-Mem Cython Linear Speed Up.
Loaded Pre Processing Model: Eigenstrat
Loading Individual: Sunghir2.SG

Loaded 69399 variants
Loaded 2504 individuals
HDF5 loaded from ./Data/1000Genomes/HDF5/1240kHDF5/all1240/chr5.hdf5
3 Eigenstrat Files with 5081 Individuals and 1233013 SNPs

Intersection on Positions: 69399
Nr of Matching Refs: 69399 / 69399
Full Intersection Ref/Alt Identical: 69354 / 69399
2504 / 2504 Individuals included in Reference
Extraction of 5008 Haplotypes complete
Reduced to markers called 68524 / 69354
(Fraction SNP: 0.988032413415232)
Successfully saved to: ./Empirical/Eigenstrat/Reichall/Sunghir2.SG/chr5/
Shuffling phase of target...
Successfully loaded Data from: ./Empirical/Eigenstrat/Reichall/Sunghir2.SG/chr5/
Loaded Emission Model: haploid
Loaded Transition Model: model
Loaded Post Processing Model: Standard
Minimum Genetic Map: 0.0004
Maximum Genetic Map: 2.0409
Gaps bigger than 0.1 cM: 210
Maximum Gap: 1.0498 cM
Loaded Transition and Emission Matrix:
(3, 3)
(5009, 68524)
Loaded Observations:
(2, 68524)
Memory Usage: 3269.230592 mB
Reference Number: 5008
Total Log likelihood: -22318.368
Memory Usage: 3269.230592 mB
Finished Calculation State Posteriors
Saved Zero State Posterior to ./Empirical/Eigenstrat/Reichall/Sunghir2.SG/chr5/.
Successfully loaded for PP. from ./Empirical/Eigenstrat/Reichall/Sunghir2.SG/chr5/
Fraction Markers in ROH: 0.4564
Merged n=0 gaps < 0.0 M
Called n=13 ROH Blocks > 1.0 cM
Longest Block: 5.930
Successfully saved to ./Empirical/Eigenstrat/Reichall/Sunghir2.SG/chr5/roh.csv
Using Low-Mem Cython Linear Speed Up.
Loaded Pre Processing Model: Eigenstrat
Loading Individual: Sunghir2.SG

Loaded 75870 variants
Loaded 2504 individuals
HDF5 loaded from ./Data/1000Genomes/HDF5/1240kHDF5/all1240/chr6.hdf5
3 Eigenstrat Files with 5081 Individuals and 1233013 SNPs

Intersection on Positions: 75870
Nr of Matching Refs: 75870 / 75870
Full Intersection Ref/Alt Identical: 75816 / 75870
2504 / 2504 Individuals included in Reference
Extraction of 5008 Haplotypes complete
Reduced to markers called 74841 / 75816
(Fraction SNP: 0.9871399176954733)
Successfully saved to: ./Empirical/Eigenstrat/Reichall/Sunghir2.SG/chr6/
Shuffling phase of target...
Successfully loaded Data from: ./Empirical/Eigenstrat/Reichall/Sunghir2.SG/chr6/
Loaded Emission Model: haploid
Loaded Transition Model: model
Loaded Post Processing Model: Standard
Minimum Genetic Map: 0.0032
Maximum Genetic Map: 1.9203
Gaps bigger than 0.1 cM: 153
Maximum Gap: 0.5062 cM
Loaded Transition and Emission Matrix:
(3, 3)
(5009, 74841)
Loaded Observations:
(2, 74841)
Memory Usage: 3551.920128 mB
Reference Number: 5008
Total Log likelihood: -25085.282
Memory Usage: 3551.920128 mB
Finished Calculation State Posteriors
Saved Zero State Posterior to ./Empirical/Eigenstrat/Reichall/Sunghir2.SG/chr6/.
Successfully loaded for PP. from ./Empirical/Eigenstrat/Reichall/Sunghir2.SG/chr6/
Fraction Markers in ROH: 0.4123
Merged n=0 gaps < 0.0 M
Called n=12 ROH Blocks > 1.0 cM
Longest Block: 3.359
Successfully saved to ./Empirical/Eigenstrat/Reichall/Sunghir2.SG/chr6/roh.csv
Using Low-Mem Cython Linear Speed Up.
Loaded Pre Processing Model: Eigenstrat
Loading Individual: Sunghir2.SG

Loaded 59890 variants
Loaded 2504 individuals
HDF5 loaded from ./Data/1000Genomes/HDF5/1240kHDF5/all1240/chr7.hdf5
3 Eigenstrat Files with 5081 Individuals and 1233013 SNPs

Intersection on Positions: 59890
Nr of Matching Refs: 59890 / 59890
Full Intersection Ref/Alt Identical: 59836 / 59890
2504 / 2504 Individuals included in Reference
Extraction of 5008 Haplotypes complete
Reduced to markers called 59065 / 59836
(Fraction SNP: 0.9871147803997593)
Successfully saved to: ./Empirical/Eigenstrat/Reichall/Sunghir2.SG/chr7/
Shuffling phase of target...
Successfully loaded Data from: ./Empirical/Eigenstrat/Reichall/Sunghir2.SG/chr7/
Loaded Emission Model: haploid
Loaded Transition Model: model
Loaded Post Processing Model: Standard
Minimum Genetic Map: 0.0000
Maximum Genetic Map: 1.8715
Gaps bigger than 0.1 cM: 191
Maximum Gap: 0.8416 cM
Loaded Transition and Emission Matrix:
(3, 3)
(5009, 59065)
Loaded Observations:
(2, 59065)
Memory Usage: 2840.215552 mB
Reference Number: 5008
Total Log likelihood: -18599.367
Memory Usage: 2840.215552 mB
Finished Calculation State Posteriors
Saved Zero State Posterior to ./Empirical/Eigenstrat/Reichall/Sunghir2.SG/chr7/.
Successfully loaded for PP. from ./Empirical/Eigenstrat/Reichall/Sunghir2.SG/chr7/
Fraction Markers in ROH: 0.5003
Merged n=0 gaps < 0.0 M
Called n=20 ROH Blocks > 1.0 cM
Longest Block: 6.746
Successfully saved to ./Empirical/Eigenstrat/Reichall/Sunghir2.SG/chr7/roh.csv
Using Low-Mem Cython Linear Speed Up.
Loaded Pre Processing Model: Eigenstrat
Loading Individual: Sunghir2.SG

Loaded 61133 variants
Loaded 2504 individuals
HDF5 loaded from ./Data/1000Genomes/HDF5/1240kHDF5/all1240/chr8.hdf5
3 Eigenstrat Files with 5081 Individuals and 1233013 SNPs

Intersection on Positions: 61133
Nr of Matching Refs: 61133 / 61133
Full Intersection Ref/Alt Identical: 61091 / 61133
2504 / 2504 Individuals included in Reference
Extraction of 5008 Haplotypes complete
Reduced to markers called 60321 / 61091
(Fraction SNP: 0.9873958520895059)
Successfully saved to: ./Empirical/Eigenstrat/Reichall/Sunghir2.SG/chr8/
Shuffling phase of target...
Successfully loaded Data from: ./Empirical/Eigenstrat/Reichall/Sunghir2.SG/chr8/
Loaded Emission Model: haploid
Loaded Transition Model: model
Loaded Post Processing Model: Standard
Minimum Genetic Map: 0.0000
Maximum Genetic Map: 1.6800
Gaps bigger than 0.1 cM: 135
Maximum Gap: 1.8932 cM
Loaded Transition and Emission Matrix:
(3, 3)
(5009, 60321)
Loaded Observations:
(2, 60321)
Memory Usage: 2897.6128 mB
Reference Number: 5008
Total Log likelihood: -15161.574
Memory Usage: 2897.6128 mB
Finished Calculation State Posteriors
Saved Zero State Posterior to ./Empirical/Eigenstrat/Reichall/Sunghir2.SG/chr8/.
Successfully loaded for PP. from ./Empirical/Eigenstrat/Reichall/Sunghir2.SG/chr8/
Fraction Markers in ROH: 0.6401
Merged n=0 gaps < 0.0 M
Called n=11 ROH Blocks > 1.0 cM
Longest Block: 26.426
Successfully saved to ./Empirical/Eigenstrat/Reichall/Sunghir2.SG/chr8/roh.csv
Using Low-Mem Cython Linear Speed Up.
Loaded Pre Processing Model: Eigenstrat
Loading Individual: Sunghir2.SG

Loaded 50668 variants
Loaded 2504 individuals
HDF5 loaded from ./Data/1000Genomes/HDF5/1240kHDF5/all1240/chr9.hdf5
3 Eigenstrat Files with 5081 Individuals and 1233013 SNPs

Intersection on Positions: 50668
Nr of Matching Refs: 50668 / 50668
Full Intersection Ref/Alt Identical: 50629 / 50668
2504 / 2504 Individuals included in Reference
Extraction of 5008 Haplotypes complete
Reduced to markers called 49995 / 50629
(Fraction SNP: 0.9874775326393964)
Successfully saved to: ./Empirical/Eigenstrat/Reichall/Sunghir2.SG/chr9/
Shuffling phase of target...
Successfully loaded Data from: ./Empirical/Eigenstrat/Reichall/Sunghir2.SG/chr9/
Loaded Emission Model: haploid
Loaded Transition Model: model
Loaded Post Processing Model: Standard
Minimum Genetic Map: 0.0016
Maximum Genetic Map: 1.6630
Gaps bigger than 0.1 cM: 171
Maximum Gap: 1.8819 cM
Loaded Transition and Emission Matrix:
(3, 3)
(5009, 49995)
Loaded Observations:
(2, 49995)
Memory Usage: 2434.23232 mB
Reference Number: 5008
Total Log likelihood: -16493.068
Memory Usage: 2434.23232 mB
Finished Calculation State Posteriors
Saved Zero State Posterior to ./Empirical/Eigenstrat/Reichall/Sunghir2.SG/chr9/.
Successfully loaded for PP. from ./Empirical/Eigenstrat/Reichall/Sunghir2.SG/chr9/
Fraction Markers in ROH: 0.4670
Merged n=0 gaps < 0.0 M
Called n=12 ROH Blocks > 1.0 cM
Longest Block: 5.242
Successfully saved to ./Empirical/Eigenstrat/Reichall/Sunghir2.SG/chr9/roh.csv
Using Low-Mem Cython Linear Speed Up.
Loaded Pre Processing Model: Eigenstrat
Loading Individual: Sunghir2.SG

Loaded 58804 variants
Loaded 2504 individuals
HDF5 loaded from ./Data/1000Genomes/HDF5/1240kHDF5/all1240/chr10.hdf5
3 Eigenstrat Files with 5081 Individuals and 1233013 SNPs

Intersection on Positions: 58804
Nr of Matching Refs: 58804 / 58804
Full Intersection Ref/Alt Identical: 58763 / 58804
2504 / 2504 Individuals included in Reference
Extraction of 5008 Haplotypes complete
Reduced to markers called 58049 / 58763
(Fraction SNP: 0.9878494971325494)
Successfully saved to: ./Empirical/Eigenstrat/Reichall/Sunghir2.SG/chr10/
Shuffling phase of target...
Successfully loaded Data from: ./Empirical/Eigenstrat/Reichall/Sunghir2.SG/chr10/
Loaded Emission Model: haploid
Loaded Transition Model: model
Loaded Post Processing Model: Standard
Minimum Genetic Map: 0.0001
Maximum Genetic Map: 1.8092
Gaps bigger than 0.1 cM: 171
Maximum Gap: 2.0335 cM
Loaded Transition and Emission Matrix:
(3, 3)
(5009, 58049)
Loaded Observations:
(2, 58049)
Memory Usage: 2797.83424 mB
Reference Number: 5008
Total Log likelihood: -18855.377
Memory Usage: 2797.83424 mB
Finished Calculation State Posteriors
Saved Zero State Posterior to ./Empirical/Eigenstrat/Reichall/Sunghir2.SG/chr10/.
Successfully loaded for PP. from ./Empirical/Eigenstrat/Reichall/Sunghir2.SG/chr10/
Fraction Markers in ROH: 0.4366
Merged n=0 gaps < 0.0 M
Called n=9 ROH Blocks > 1.0 cM
Longest Block: 5.639
Successfully saved to ./Empirical/Eigenstrat/Reichall/Sunghir2.SG/chr10/roh.csv
Using Low-Mem Cython Linear Speed Up.
Loaded Pre Processing Model: Eigenstrat
Loading Individual: Sunghir2.SG

Loaded 54833 variants
Loaded 2504 individuals
HDF5 loaded from ./Data/1000Genomes/HDF5/1240kHDF5/all1240/chr11.hdf5
3 Eigenstrat Files with 5081 Individuals and 1233013 SNPs

Intersection on Positions: 54833
Nr of Matching Refs: 54833 / 54833
Full Intersection Ref/Alt Identical: 54796 / 54833
2504 / 2504 Individuals included in Reference
Extraction of 5008 Haplotypes complete
Reduced to markers called 54120 / 54796
(Fraction SNP: 0.9876633330900065)
Successfully saved to: ./Empirical/Eigenstrat/Reichall/Sunghir2.SG/chr11/
Shuffling phase of target...
Successfully loaded Data from: ./Empirical/Eigenstrat/Reichall/Sunghir2.SG/chr11/
Loaded Emission Model: haploid
Loaded Transition Model: model
Loaded Post Processing Model: Standard
Minimum Genetic Map: 0.0000
Maximum Genetic Map: 1.5822
Gaps bigger than 0.1 cM: 148
Maximum Gap: 0.5351 cM
Loaded Transition and Emission Matrix:
(3, 3)
(5009, 54120)
Loaded Observations:
(2, 54120)
Memory Usage: 2617.577472 mB
Reference Number: 5008
Total Log likelihood: -17274.595
Memory Usage: 2617.577472 mB
Finished Calculation State Posteriors
Saved Zero State Posterior to ./Empirical/Eigenstrat/Reichall/Sunghir2.SG/chr11/.
Successfully loaded for PP. from ./Empirical/Eigenstrat/Reichall/Sunghir2.SG/chr11/
Fraction Markers in ROH: 0.4742
Merged n=0 gaps < 0.0 M
Called n=11 ROH Blocks > 1.0 cM
Longest Block: 3.648
Successfully saved to ./Empirical/Eigenstrat/Reichall/Sunghir2.SG/chr11/roh.csv
Using Low-Mem Cython Linear Speed Up.
Loaded Pre Processing Model: Eigenstrat
Loading Individual: Sunghir2.SG

Loaded 53911 variants
Loaded 2504 individuals
HDF5 loaded from ./Data/1000Genomes/HDF5/1240kHDF5/all1240/chr12.hdf5
3 Eigenstrat Files with 5081 Individuals and 1233013 SNPs

Intersection on Positions: 53911
Nr of Matching Refs: 53911 / 53911
Full Intersection Ref/Alt Identical: 53884 / 53911
2504 / 2504 Individuals included in Reference
Extraction of 5008 Haplotypes complete
Reduced to markers called 53229 / 53884
(Fraction SNP: 0.9878442580357806)
Successfully saved to: ./Empirical/Eigenstrat/Reichall/Sunghir2.SG/chr12/
Shuffling phase of target...
Successfully loaded Data from: ./Empirical/Eigenstrat/Reichall/Sunghir2.SG/chr12/
Loaded Emission Model: haploid
Loaded Transition Model: model
Loaded Post Processing Model: Standard
Minimum Genetic Map: 0.0009
Maximum Genetic Map: 1.7468
Gaps bigger than 0.1 cM: 176
Maximum Gap: 0.8015 cM
Loaded Transition and Emission Matrix:
(3, 3)
(5009, 53229)
Loaded Observations:
(2, 53229)
Memory Usage: 2578.182144 mB
Reference Number: 5008
Total Log likelihood: -16279.386
Memory Usage: 2578.182144 mB
Finished Calculation State Posteriors
Saved Zero State Posterior to ./Empirical/Eigenstrat/Reichall/Sunghir2.SG/chr12/.
Successfully loaded for PP. from ./Empirical/Eigenstrat/Reichall/Sunghir2.SG/chr12/
Fraction Markers in ROH: 0.4944
Merged n=0 gaps < 0.0 M
Called n=13 ROH Blocks > 1.0 cM
Longest Block: 9.276
Successfully saved to ./Empirical/Eigenstrat/Reichall/Sunghir2.SG/chr12/roh.csv
Using Low-Mem Cython Linear Speed Up.
Loaded Pre Processing Model: Eigenstrat
Loading Individual: Sunghir2.SG

Loaded 39018 variants
Loaded 2504 individuals
HDF5 loaded from ./Data/1000Genomes/HDF5/1240kHDF5/all1240/chr13.hdf5
3 Eigenstrat Files with 5081 Individuals and 1233013 SNPs

Intersection on Positions: 39018
Nr of Matching Refs: 39018 / 39018
Full Intersection Ref/Alt Identical: 38994 / 39018
2504 / 2504 Individuals included in Reference
Extraction of 5008 Haplotypes complete
Reduced to markers called 38508 / 38994
(Fraction SNP: 0.9875365440837052)
Successfully saved to: ./Empirical/Eigenstrat/Reichall/Sunghir2.SG/chr13/
Shuffling phase of target...
Successfully loaded Data from: ./Empirical/Eigenstrat/Reichall/Sunghir2.SG/chr13/
Loaded Emission Model: haploid
Loaded Transition Model: model
Loaded Post Processing Model: Standard
Minimum Genetic Map: 0.0019
Maximum Genetic Map: 1.2570
Gaps bigger than 0.1 cM: 134
Maximum Gap: 1.2216 cM
Loaded Transition and Emission Matrix:
(3, 3)
(5009, 38508)
Loaded Observations:
(2, 38508)
Memory Usage: 1914.834944 mB
Reference Number: 5008
Total Log likelihood: -11857.267
Memory Usage: 1914.834944 mB
Finished Calculation State Posteriors
Saved Zero State Posterior to ./Empirical/Eigenstrat/Reichall/Sunghir2.SG/chr13/.
Successfully loaded for PP. from ./Empirical/Eigenstrat/Reichall/Sunghir2.SG/chr13/
Fraction Markers in ROH: 0.5070
Merged n=0 gaps < 0.0 M
Called n=8 ROH Blocks > 1.0 cM
Longest Block: 8.175
Successfully saved to ./Empirical/Eigenstrat/Reichall/Sunghir2.SG/chr13/roh.csv
Using Low-Mem Cython Linear Speed Up.
Loaded Pre Processing Model: Eigenstrat
Loading Individual: Sunghir2.SG

Loaded 36301 variants
Loaded 2504 individuals
HDF5 loaded from ./Data/1000Genomes/HDF5/1240kHDF5/all1240/chr14.hdf5
3 Eigenstrat Files with 5081 Individuals and 1233013 SNPs

Intersection on Positions: 36301
Nr of Matching Refs: 36301 / 36301
Full Intersection Ref/Alt Identical: 36280 / 36301
2504 / 2504 Individuals included in Reference
Extraction of 5008 Haplotypes complete
Reduced to markers called 35814 / 36280
(Fraction SNP: 0.9871554575523704)
Successfully saved to: ./Empirical/Eigenstrat/Reichall/Sunghir2.SG/chr14/
Shuffling phase of target...
Successfully loaded Data from: ./Empirical/Eigenstrat/Reichall/Sunghir2.SG/chr14/
Loaded Emission Model: haploid
Loaded Transition Model: model
Loaded Post Processing Model: Standard
Minimum Genetic Map: 0.0161
Maximum Genetic Map: 1.2020
Gaps bigger than 0.1 cM: 121
Maximum Gap: 2.8508 cM
Loaded Transition and Emission Matrix:
(3, 3)
(5009, 35814)
Loaded Observations:
(2, 35814)
Memory Usage: 1794.70336 mB
Reference Number: 5008
Total Log likelihood: -11924.042
Memory Usage: 1794.70336 mB
Finished Calculation State Posteriors
Saved Zero State Posterior to ./Empirical/Eigenstrat/Reichall/Sunghir2.SG/chr14/.
Successfully loaded for PP. from ./Empirical/Eigenstrat/Reichall/Sunghir2.SG/chr14/
Fraction Markers in ROH: 0.4369
Merged n=0 gaps < 0.0 M
Called n=5 ROH Blocks > 1.0 cM
Longest Block: 1.596
Successfully saved to ./Empirical/Eigenstrat/Reichall/Sunghir2.SG/chr14/roh.csv
Using Low-Mem Cython Linear Speed Up.
Loaded Pre Processing Model: Eigenstrat
Loading Individual: Sunghir2.SG

Loaded 34429 variants
Loaded 2504 individuals
HDF5 loaded from ./Data/1000Genomes/HDF5/1240kHDF5/all1240/chr15.hdf5
3 Eigenstrat Files with 5081 Individuals and 1233013 SNPs

Intersection on Positions: 34429
Nr of Matching Refs: 34429 / 34429
Full Intersection Ref/Alt Identical: 34407 / 34429
2504 / 2504 Individuals included in Reference
Extraction of 5008 Haplotypes complete
Reduced to markers called 34002 / 34407
(Fraction SNP: 0.9882291394193042)
Successfully saved to: ./Empirical/Eigenstrat/Reichall/Sunghir2.SG/chr15/
Shuffling phase of target...
Successfully loaded Data from: ./Empirical/Eigenstrat/Reichall/Sunghir2.SG/chr15/
Loaded Emission Model: haploid
Loaded Transition Model: model
Loaded Post Processing Model: Standard
Minimum Genetic Map: 0.0000
Maximum Genetic Map: 1.4135
Gaps bigger than 0.1 cM: 120
Maximum Gap: 11.4957 cM
Loaded Transition and Emission Matrix:
(3, 3)
(5009, 34002)
Loaded Observations:
(2, 34002)
Memory Usage: 1714.065408 mB
Reference Number: 5008
Total Log likelihood: -10027.050
Memory Usage: 1714.065408 mB
Finished Calculation State Posteriors
Saved Zero State Posterior to ./Empirical/Eigenstrat/Reichall/Sunghir2.SG/chr15/.
Successfully loaded for PP. from ./Empirical/Eigenstrat/Reichall/Sunghir2.SG/chr15/
Fraction Markers in ROH: 0.5398
Merged n=0 gaps < 0.0 M
Called n=13 ROH Blocks > 1.0 cM
Longest Block: 14.319
Successfully saved to ./Empirical/Eigenstrat/Reichall/Sunghir2.SG/chr15/roh.csv
Using Low-Mem Cython Linear Speed Up.
Loaded Pre Processing Model: Eigenstrat
Loading Individual: Sunghir2.SG

Loaded 34402 variants
Loaded 2504 individuals
HDF5 loaded from ./Data/1000Genomes/HDF5/1240kHDF5/all1240/chr16.hdf5
3 Eigenstrat Files with 5081 Individuals and 1233013 SNPs

Intersection on Positions: 34402
Nr of Matching Refs: 34402 / 34402
Full Intersection Ref/Alt Identical: 34375 / 34402
2504 / 2504 Individuals included in Reference
Extraction of 5008 Haplotypes complete
Reduced to markers called 33947 / 34375
(Fraction SNP: 0.9875490909090909)
Successfully saved to: ./Empirical/Eigenstrat/Reichall/Sunghir2.SG/chr16/
Shuffling phase of target...
Successfully loaded Data from: ./Empirical/Eigenstrat/Reichall/Sunghir2.SG/chr16/
Loaded Emission Model: haploid
Loaded Transition Model: model
Loaded Post Processing Model: Standard
Minimum Genetic Map: -0.0000
Maximum Genetic Map: 1.3403
Gaps bigger than 0.1 cM: 144
Maximum Gap: 0.8458 cM
Loaded Transition and Emission Matrix:
(3, 3)
(5009, 33947)
Loaded Observations:
(2, 33947)
Memory Usage: 1711.853568 mB
Reference Number: 5008
Total Log likelihood: -11790.015
Memory Usage: 1711.853568 mB
Finished Calculation State Posteriors
Saved Zero State Posterior to ./Empirical/Eigenstrat/Reichall/Sunghir2.SG/chr16/.
Successfully loaded for PP. from ./Empirical/Eigenstrat/Reichall/Sunghir2.SG/chr16/
Fraction Markers in ROH: 0.4151
Merged n=0 gaps < 0.0 M
Called n=13 ROH Blocks > 1.0 cM
Longest Block: 2.139
Successfully saved to ./Empirical/Eigenstrat/Reichall/Sunghir2.SG/chr16/roh.csv
Using Low-Mem Cython Linear Speed Up.
Loaded Pre Processing Model: Eigenstrat
Loading Individual: Sunghir2.SG

Loaded 29314 variants
Loaded 2504 individuals
HDF5 loaded from ./Data/1000Genomes/HDF5/1240kHDF5/all1240/chr17.hdf5
3 Eigenstrat Files with 5081 Individuals and 1233013 SNPs

Intersection on Positions: 29314
Nr of Matching Refs: 29314 / 29314
Full Intersection Ref/Alt Identical: 29292 / 29314
2504 / 2504 Individuals included in Reference
Extraction of 5008 Haplotypes complete
Reduced to markers called 28953 / 29292
(Fraction SNP: 0.9884268742318721)
Successfully saved to: ./Empirical/Eigenstrat/Reichall/Sunghir2.SG/chr17/
Shuffling phase of target...
Successfully loaded Data from: ./Empirical/Eigenstrat/Reichall/Sunghir2.SG/chr17/
Loaded Emission Model: haploid
Loaded Transition Model: model
Loaded Post Processing Model: Standard
Minimum Genetic Map: -0.0003
Maximum Genetic Map: 1.2847
Gaps bigger than 0.1 cM: 122
Maximum Gap: 1.2341 cM
Loaded Transition and Emission Matrix:
(3, 3)
(5009, 28953)
Loaded Observations:
(2, 28953)
Memory Usage: 1482.784768 mB
Reference Number: 5008
Total Log likelihood: -9049.118
Memory Usage: 1482.784768 mB
Finished Calculation State Posteriors
Saved Zero State Posterior to ./Empirical/Eigenstrat/Reichall/Sunghir2.SG/chr17/.
Successfully loaded for PP. from ./Empirical/Eigenstrat/Reichall/Sunghir2.SG/chr17/
Fraction Markers in ROH: 0.5052
Merged n=0 gaps < 0.0 M
Called n=10 ROH Blocks > 1.0 cM
Longest Block: 4.514
Successfully saved to ./Empirical/Eigenstrat/Reichall/Sunghir2.SG/chr17/roh.csv
Using Low-Mem Cython Linear Speed Up.
Loaded Pre Processing Model: Eigenstrat
Loading Individual: Sunghir2.SG

Loaded 33917 variants
Loaded 2504 individuals
HDF5 loaded from ./Data/1000Genomes/HDF5/1240kHDF5/all1240/chr18.hdf5
3 Eigenstrat Files with 5081 Individuals and 1233013 SNPs

Intersection on Positions: 33917
Nr of Matching Refs: 33917 / 33917
Full Intersection Ref/Alt Identical: 33902 / 33917
2504 / 2504 Individuals included in Reference
Extraction of 5008 Haplotypes complete
Reduced to markers called 33483 / 33902
(Fraction SNP: 0.9876408471476609)
Successfully saved to: ./Empirical/Eigenstrat/Reichall/Sunghir2.SG/chr18/
Shuffling phase of target...
Successfully loaded Data from: ./Empirical/Eigenstrat/Reichall/Sunghir2.SG/chr18/
Loaded Emission Model: haploid
Loaded Transition Model: model
Loaded Post Processing Model: Standard
Minimum Genetic Map: 0.0016
Maximum Genetic Map: 1.1771
Gaps bigger than 0.1 cM: 121
Maximum Gap: 0.4763 cM
Loaded Transition and Emission Matrix:
(3, 3)
(5009, 33483)
Loaded Observations:
(2, 33483)
Memory Usage: 1688.838144 mB
Reference Number: 5008
Total Log likelihood: -10620.193
Memory Usage: 1688.838144 mB
Finished Calculation State Posteriors
Saved Zero State Posterior to ./Empirical/Eigenstrat/Reichall/Sunghir2.SG/chr18/.
Successfully loaded for PP. from ./Empirical/Eigenstrat/Reichall/Sunghir2.SG/chr18/
Fraction Markers in ROH: 0.4911
Merged n=0 gaps < 0.0 M
Called n=11 ROH Blocks > 1.0 cM
Longest Block: 4.778
Successfully saved to ./Empirical/Eigenstrat/Reichall/Sunghir2.SG/chr18/roh.csv
Using Low-Mem Cython Linear Speed Up.
Loaded Pre Processing Model: Eigenstrat
Loading Individual: Sunghir2.SG

Loaded 18460 variants
Loaded 2504 individuals
HDF5 loaded from ./Data/1000Genomes/HDF5/1240kHDF5/all1240/chr19.hdf5
3 Eigenstrat Files with 5081 Individuals and 1233013 SNPs

Intersection on Positions: 18460
Nr of Matching Refs: 18460 / 18460
Full Intersection Ref/Alt Identical: 18441 / 18460
2504 / 2504 Individuals included in Reference
Extraction of 5008 Haplotypes complete
Reduced to markers called 18215 / 18441
(Fraction SNP: 0.9877446993113171)
Successfully saved to: ./Empirical/Eigenstrat/Reichall/Sunghir2.SG/chr19/
Shuffling phase of target...
Successfully loaded Data from: ./Empirical/Eigenstrat/Reichall/Sunghir2.SG/chr19/
Loaded Emission Model: haploid
Loaded Transition Model: model
Loaded Post Processing Model: Standard
Minimum Genetic Map: 0.0000
Maximum Genetic Map: 1.0773
Gaps bigger than 0.1 cM: 135
Maximum Gap: 0.5964 cM
Loaded Transition and Emission Matrix:
(3, 3)
(5009, 18215)
Loaded Observations:
(2, 18215)
Memory Usage: 1002.131456 mB
Reference Number: 5008
Total Log likelihood: -6379.093
Memory Usage: 1002.131456 mB
Finished Calculation State Posteriors
Saved Zero State Posterior to ./Empirical/Eigenstrat/Reichall/Sunghir2.SG/chr19/.
Successfully loaded for PP. from ./Empirical/Eigenstrat/Reichall/Sunghir2.SG/chr19/
Fraction Markers in ROH: 0.4598
Merged n=0 gaps < 0.0 M
Called n=12 ROH Blocks > 1.0 cM
Longest Block: 2.026
Successfully saved to ./Empirical/Eigenstrat/Reichall/Sunghir2.SG/chr19/roh.csv
Using Low-Mem Cython Linear Speed Up.
Loaded Pre Processing Model: Eigenstrat
Loading Individual: Sunghir2.SG

Loaded 29078 variants
Loaded 2504 individuals
HDF5 loaded from ./Data/1000Genomes/HDF5/1240kHDF5/all1240/chr20.hdf5
3 Eigenstrat Files with 5081 Individuals and 1233013 SNPs

Intersection on Positions: 29078
Nr of Matching Refs: 29078 / 29078
Full Intersection Ref/Alt Identical: 29053 / 29078
2504 / 2504 Individuals included in Reference
Extraction of 5008 Haplotypes complete
Reduced to markers called 28738 / 29053
(Fraction SNP: 0.9891577461880012)
Successfully saved to: ./Empirical/Eigenstrat/Reichall/Sunghir2.SG/chr20/
Shuffling phase of target...
Successfully loaded Data from: ./Empirical/Eigenstrat/Reichall/Sunghir2.SG/chr20/
Loaded Emission Model: haploid
Loaded Transition Model: model
Loaded Post Processing Model: Standard
Minimum Genetic Map: 0.0000
Maximum Genetic Map: 1.0821
Gaps bigger than 0.1 cM: 122
Maximum Gap: 0.4744 cM
Loaded Transition and Emission Matrix:
(3, 3)
(5009, 28738)
Loaded Observations:
(2, 28738)
Memory Usage: 1477.562368 mB
Reference Number: 5008
Total Log likelihood: -8081.087
Memory Usage: 1477.562368 mB
Finished Calculation State Posteriors
Saved Zero State Posterior to ./Empirical/Eigenstrat/Reichall/Sunghir2.SG/chr20/.
Successfully loaded for PP. from ./Empirical/Eigenstrat/Reichall/Sunghir2.SG/chr20/
Fraction Markers in ROH: 0.5615
Merged n=0 gaps < 0.0 M
Called n=8 ROH Blocks > 1.0 cM
Longest Block: 10.621
Successfully saved to ./Empirical/Eigenstrat/Reichall/Sunghir2.SG/chr20/roh.csv
Using Low-Mem Cython Linear Speed Up.
Loaded Pre Processing Model: Eigenstrat
Loading Individual: Sunghir2.SG

Loaded 16038 variants
Loaded 2504 individuals
HDF5 loaded from ./Data/1000Genomes/HDF5/1240kHDF5/all1240/chr21.hdf5
3 Eigenstrat Files with 5081 Individuals and 1233013 SNPs

Intersection on Positions: 16038
Nr of Matching Refs: 16038 / 16038
Full Intersection Ref/Alt Identical: 16031 / 16038
2504 / 2504 Individuals included in Reference
Extraction of 5008 Haplotypes complete
Reduced to markers called 15824 / 16031
(Fraction SNP: 0.9870875179340028)
Successfully saved to: ./Empirical/Eigenstrat/Reichall/Sunghir2.SG/chr21/
Shuffling phase of target...
Successfully loaded Data from: ./Empirical/Eigenstrat/Reichall/Sunghir2.SG/chr21/
Loaded Emission Model: haploid
Loaded Transition Model: model
Loaded Post Processing Model: Standard
Minimum Genetic Map: 0.0086
Maximum Genetic Map: 0.6279
Gaps bigger than 0.1 cM: 74
Maximum Gap: 0.4744 cM
Loaded Transition and Emission Matrix:
(3, 3)
(5009, 15824)
Loaded Observations:
(2, 15824)
Memory Usage: 895.922176 mB
Reference Number: 5008
Total Log likelihood: -4971.126
Memory Usage: 895.922176 mB
Finished Calculation State Posteriors
Saved Zero State Posterior to ./Empirical/Eigenstrat/Reichall/Sunghir2.SG/chr21/.
Successfully loaded for PP. from ./Empirical/Eigenstrat/Reichall/Sunghir2.SG/chr21/
Fraction Markers in ROH: 0.5349
Merged n=0 gaps < 0.0 M
Called n=3 ROH Blocks > 1.0 cM
Longest Block: 4.757
Successfully saved to ./Empirical/Eigenstrat/Reichall/Sunghir2.SG/chr21/roh.csv
Using Low-Mem Cython Linear Speed Up.
Loaded Pre Processing Model: Eigenstrat
Loading Individual: Sunghir2.SG

Loaded 15802 variants
Loaded 2504 individuals
HDF5 loaded from ./Data/1000Genomes/HDF5/1240kHDF5/all1240/chr22.hdf5
3 Eigenstrat Files with 5081 Individuals and 1233013 SNPs

Intersection on Positions: 15802
Nr of Matching Refs: 15802 / 15802
Full Intersection Ref/Alt Identical: 15793 / 15802
2504 / 2504 Individuals included in Reference
Extraction of 5008 Haplotypes complete
Reduced to markers called 15648 / 15793
(Fraction SNP: 0.9908187171531692)
Successfully saved to: ./Empirical/Eigenstrat/Reichall/Sunghir2.SG/chr22/
Shuffling phase of target...
Successfully loaded Data from: ./Empirical/Eigenstrat/Reichall/Sunghir2.SG/chr22/
Loaded Emission Model: haploid
Loaded Transition Model: model
Loaded Post Processing Model: Standard
Minimum Genetic Map: 0.0169
Maximum Genetic Map: 0.7408
Gaps bigger than 0.1 cM: 79
Maximum Gap: 1.6097 cM
Loaded Transition and Emission Matrix:
(3, 3)
(5009, 15648)
Loaded Observations:
(2, 15648)
Memory Usage: 884.8384 mB
Reference Number: 5008
Total Log likelihood: -5029.366
Memory Usage: 884.8384 mB
Finished Calculation State Posteriors
Saved Zero State Posterior to ./Empirical/Eigenstrat/Reichall/Sunghir2.SG/chr22/.
Successfully loaded for PP. from ./Empirical/Eigenstrat/Reichall/Sunghir2.SG/chr22/
Fraction Markers in ROH: 0.4736
Merged n=0 gaps < 0.0 M
Called n=10 ROH Blocks > 1.0 cM
Longest Block: 6.214
Successfully saved to ./Empirical/Eigenstrat/Reichall/Sunghir2.SG/chr22/roh.csv
