Doing Individual Les_Cottes_final.SG...
Using Low-Mem Cython Linear Speed Up.
Loaded Pre Processing Model: Eigenstrat
Loading Individual: Les_Cottes_final.SG

Loaded 89147 variants
Loaded 2504 individuals
HDF5 loaded from ./Data/1000Genomes/HDF5/1240kHDF5/all1240/chr1.hdf5
3 Eigenstrat Files with 5081 Individuals and 1233013 SNPs

Intersection on Positions: 89147
Nr of Matching Refs: 89147 / 89147
Full Intersection Ref/Alt Identical: 89082 / 89147
2504 / 2504 Individuals included in Reference
Extraction of 5008 Haplotypes complete
Reduced to markers called 36396 / 89082
(Fraction SNP: 0.40856738735097997)
Successfully saved to: ./Empirical/Eigenstrat/Reichall/Les_Cottes_final.SG/chr1/
Shuffling phase of target...
Successfully loaded Data from: ./Empirical/Eigenstrat/Reichall/Les_Cottes_final.SG/chr1/
Loaded Emission Model: haploid
Loaded Transition Model: model
Loaded Post Processing Model: Standard
Minimum Genetic Map: 0.0201
Maximum Genetic Map: 2.8626
Gaps bigger than 0.1 cM: 490
Maximum Gap: 2.9479 cM
Loaded Transition and Emission Matrix:
(3, 3)
(5009, 36396)
Loaded Observations:
(2, 36396)
Memory Usage: 1824.817152 mB
Reference Number: 5008
Total Log likelihood: -13359.318
Memory Usage: 1825.275904 mB
Finished Calculation State Posteriors
Saved Zero State Posterior to ./Empirical/Eigenstrat/Reichall/Les_Cottes_final.SG/chr1/.
Successfully loaded for PP. from ./Empirical/Eigenstrat/Reichall/Les_Cottes_final.SG/chr1/
Fraction Markers in ROH: 0.7085
Merged n=0 gaps < 0.0 M
Called n=53 ROH Blocks > 1.0 cM
Longest Block: 10.639
Successfully saved to ./Empirical/Eigenstrat/Reichall/Les_Cottes_final.SG/chr1/roh.csv
Using Low-Mem Cython Linear Speed Up.
Loaded Pre Processing Model: Eigenstrat
Loading Individual: Les_Cottes_final.SG

Loaded 94239 variants
Loaded 2504 individuals
HDF5 loaded from ./Data/1000Genomes/HDF5/1240kHDF5/all1240/chr2.hdf5
3 Eigenstrat Files with 5081 Individuals and 1233013 SNPs

Intersection on Positions: 94239
Nr of Matching Refs: 94239 / 94239
Full Intersection Ref/Alt Identical: 94173 / 94239
2504 / 2504 Individuals included in Reference
Extraction of 5008 Haplotypes complete
Reduced to markers called 39799 / 94173
(Fraction SNP: 0.42261582406846976)
Successfully saved to: ./Empirical/Eigenstrat/Reichall/Les_Cottes_final.SG/chr2/
Shuffling phase of target...
Successfully loaded Data from: ./Empirical/Eigenstrat/Reichall/Les_Cottes_final.SG/chr2/
Loaded Emission Model: haploid
Loaded Transition Model: model
Loaded Post Processing Model: Standard
Minimum Genetic Map: 0.0001
Maximum Genetic Map: 2.6883
Gaps bigger than 0.1 cM: 446
Maximum Gap: 2.1081 cM
Loaded Transition and Emission Matrix:
(3, 3)
(5009, 39799)
Loaded Observations:
(2, 39799)
Memory Usage: 1969.852416 mB
Reference Number: 5008
Total Log likelihood: -15271.329
Memory Usage: 1969.852416 mB
Finished Calculation State Posteriors
Saved Zero State Posterior to ./Empirical/Eigenstrat/Reichall/Les_Cottes_final.SG/chr2/.
Successfully loaded for PP. from ./Empirical/Eigenstrat/Reichall/Les_Cottes_final.SG/chr2/
Fraction Markers in ROH: 0.6754
Merged n=0 gaps < 0.0 M
Called n=51 ROH Blocks > 1.0 cM
Longest Block: 9.069
Successfully saved to ./Empirical/Eigenstrat/Reichall/Les_Cottes_final.SG/chr2/roh.csv
Using Low-Mem Cython Linear Speed Up.
Loaded Pre Processing Model: Eigenstrat
Loading Individual: Les_Cottes_final.SG

Loaded 77652 variants
Loaded 2504 individuals
HDF5 loaded from ./Data/1000Genomes/HDF5/1240kHDF5/all1240/chr3.hdf5
3 Eigenstrat Files with 5081 Individuals and 1233013 SNPs

Intersection on Positions: 77652
Nr of Matching Refs: 77652 / 77652
Full Intersection Ref/Alt Identical: 77601 / 77652
2504 / 2504 Individuals included in Reference
Extraction of 5008 Haplotypes complete
Reduced to markers called 32898 / 77601
(Fraction SNP: 0.4239378358526308)
Successfully saved to: ./Empirical/Eigenstrat/Reichall/Les_Cottes_final.SG/chr3/
Shuffling phase of target...
Successfully loaded Data from: ./Empirical/Eigenstrat/Reichall/Les_Cottes_final.SG/chr3/
Loaded Emission Model: haploid
Loaded Transition Model: model
Loaded Post Processing Model: Standard
Minimum Genetic Map: 0.0000
Maximum Genetic Map: 2.2326
Gaps bigger than 0.1 cM: 399
Maximum Gap: 0.5635 cM
Loaded Transition and Emission Matrix:
(3, 3)
(5009, 32898)
Loaded Observations:
(2, 32898)
Memory Usage: 1660.325888 mB
Reference Number: 5008
Total Log likelihood: -12293.073
Memory Usage: 1660.325888 mB
Finished Calculation State Posteriors
Saved Zero State Posterior to ./Empirical/Eigenstrat/Reichall/Les_Cottes_final.SG/chr3/.
Successfully loaded for PP. from ./Empirical/Eigenstrat/Reichall/Les_Cottes_final.SG/chr3/
Fraction Markers in ROH: 0.7301
Merged n=0 gaps < 0.0 M
Called n=41 ROH Blocks > 1.0 cM
Longest Block: 8.424
Successfully saved to ./Empirical/Eigenstrat/Reichall/Les_Cottes_final.SG/chr3/roh.csv
Using Low-Mem Cython Linear Speed Up.
Loaded Pre Processing Model: Eigenstrat
Loading Individual: Les_Cottes_final.SG

Loaded 68759 variants
Loaded 2504 individuals
HDF5 loaded from ./Data/1000Genomes/HDF5/1240kHDF5/all1240/chr4.hdf5
3 Eigenstrat Files with 5081 Individuals and 1233013 SNPs

Intersection on Positions: 68759
Nr of Matching Refs: 68759 / 68759
Full Intersection Ref/Alt Identical: 68720 / 68759
2504 / 2504 Individuals included in Reference
Extraction of 5008 Haplotypes complete
Reduced to markers called 30198 / 68720
(Fraction SNP: 0.43943538998835857)
Successfully saved to: ./Empirical/Eigenstrat/Reichall/Les_Cottes_final.SG/chr4/
Shuffling phase of target...
Successfully loaded Data from: ./Empirical/Eigenstrat/Reichall/Les_Cottes_final.SG/chr4/
Loaded Emission Model: haploid
Loaded Transition Model: model
Loaded Post Processing Model: Standard
Minimum Genetic Map: 0.0034
Maximum Genetic Map: 2.1454
Gaps bigger than 0.1 cM: 370
Maximum Gap: 2.0519 cM
Loaded Transition and Emission Matrix:
(3, 3)
(5009, 30198)
Loaded Observations:
(2, 30198)
Memory Usage: 1540.190208 mB
Reference Number: 5008
Total Log likelihood: -11634.583
Memory Usage: 1540.190208 mB
Finished Calculation State Posteriors
Saved Zero State Posterior to ./Empirical/Eigenstrat/Reichall/Les_Cottes_final.SG/chr4/.
Successfully loaded for PP. from ./Empirical/Eigenstrat/Reichall/Les_Cottes_final.SG/chr4/
Fraction Markers in ROH: 0.7124
Merged n=0 gaps < 0.0 M
Called n=35 ROH Blocks > 1.0 cM
Longest Block: 7.806
Successfully saved to ./Empirical/Eigenstrat/Reichall/Les_Cottes_final.SG/chr4/roh.csv
Using Low-Mem Cython Linear Speed Up.
Loaded Pre Processing Model: Eigenstrat
Loading Individual: Les_Cottes_final.SG

Loaded 69399 variants
Loaded 2504 individuals
HDF5 loaded from ./Data/1000Genomes/HDF5/1240kHDF5/all1240/chr5.hdf5
3 Eigenstrat Files with 5081 Individuals and 1233013 SNPs

Intersection on Positions: 69399
Nr of Matching Refs: 69399 / 69399
Full Intersection Ref/Alt Identical: 69354 / 69399
2504 / 2504 Individuals included in Reference
Extraction of 5008 Haplotypes complete
Reduced to markers called 29543 / 69354
(Fraction SNP: 0.4259739885226519)
Successfully saved to: ./Empirical/Eigenstrat/Reichall/Les_Cottes_final.SG/chr5/
Shuffling phase of target...
Successfully loaded Data from: ./Empirical/Eigenstrat/Reichall/Les_Cottes_final.SG/chr5/
Loaded Emission Model: haploid
Loaded Transition Model: model
Loaded Post Processing Model: Standard
Minimum Genetic Map: 0.0004
Maximum Genetic Map: 2.0408
Gaps bigger than 0.1 cM: 366
Maximum Gap: 1.4221 cM
Loaded Transition and Emission Matrix:
(3, 3)
(5009, 29543)
Loaded Observations:
(2, 29543)
Memory Usage: 1511.19872 mB
Reference Number: 5008
Total Log likelihood: -11018.195
Memory Usage: 1511.19872 mB
Finished Calculation State Posteriors
Saved Zero State Posterior to ./Empirical/Eigenstrat/Reichall/Les_Cottes_final.SG/chr5/.
Successfully loaded for PP. from ./Empirical/Eigenstrat/Reichall/Les_Cottes_final.SG/chr5/
Fraction Markers in ROH: 0.7006
Merged n=0 gaps < 0.0 M
Called n=34 ROH Blocks > 1.0 cM
Longest Block: 8.159
Successfully saved to ./Empirical/Eigenstrat/Reichall/Les_Cottes_final.SG/chr5/roh.csv
Using Low-Mem Cython Linear Speed Up.
Loaded Pre Processing Model: Eigenstrat
Loading Individual: Les_Cottes_final.SG

Loaded 75870 variants
Loaded 2504 individuals
HDF5 loaded from ./Data/1000Genomes/HDF5/1240kHDF5/all1240/chr6.hdf5
3 Eigenstrat Files with 5081 Individuals and 1233013 SNPs

Intersection on Positions: 75870
Nr of Matching Refs: 75870 / 75870
Full Intersection Ref/Alt Identical: 75816 / 75870
2504 / 2504 Individuals included in Reference
Extraction of 5008 Haplotypes complete
Reduced to markers called 32118 / 75816
(Fraction SNP: 0.4236308958531181)
Successfully saved to: ./Empirical/Eigenstrat/Reichall/Les_Cottes_final.SG/chr6/
Shuffling phase of target...
Successfully loaded Data from: ./Empirical/Eigenstrat/Reichall/Les_Cottes_final.SG/chr6/
Loaded Emission Model: haploid
Loaded Transition Model: model
Loaded Post Processing Model: Standard
Minimum Genetic Map: 0.0035
Maximum Genetic Map: 1.9203
Gaps bigger than 0.1 cM: 314
Maximum Gap: 0.5076 cM
Loaded Transition and Emission Matrix:
(3, 3)
(5009, 32118)
Loaded Observations:
(2, 32118)
Memory Usage: 1624.65792 mB
Reference Number: 5008
Total Log likelihood: -11067.003
Memory Usage: 1624.65792 mB
Finished Calculation State Posteriors
Saved Zero State Posterior to ./Empirical/Eigenstrat/Reichall/Les_Cottes_final.SG/chr6/.
Successfully loaded for PP. from ./Empirical/Eigenstrat/Reichall/Les_Cottes_final.SG/chr6/
Fraction Markers in ROH: 0.7683
Merged n=0 gaps < 0.0 M
Called n=38 ROH Blocks > 1.0 cM
Longest Block: 8.371
Successfully saved to ./Empirical/Eigenstrat/Reichall/Les_Cottes_final.SG/chr6/roh.csv
Using Low-Mem Cython Linear Speed Up.
Loaded Pre Processing Model: Eigenstrat
Loading Individual: Les_Cottes_final.SG

Loaded 59890 variants
Loaded 2504 individuals
HDF5 loaded from ./Data/1000Genomes/HDF5/1240kHDF5/all1240/chr7.hdf5
3 Eigenstrat Files with 5081 Individuals and 1233013 SNPs

Intersection on Positions: 59890
Nr of Matching Refs: 59890 / 59890
Full Intersection Ref/Alt Identical: 59836 / 59890
2504 / 2504 Individuals included in Reference
Extraction of 5008 Haplotypes complete
Reduced to markers called 26051 / 59836
(Fraction SNP: 0.4353733538338124)
Successfully saved to: ./Empirical/Eigenstrat/Reichall/Les_Cottes_final.SG/chr7/
Shuffling phase of target...
Successfully loaded Data from: ./Empirical/Eigenstrat/Reichall/Les_Cottes_final.SG/chr7/
Loaded Emission Model: haploid
Loaded Transition Model: model
Loaded Post Processing Model: Standard
Minimum Genetic Map: 0.0001
Maximum Genetic Map: 1.8715
Gaps bigger than 0.1 cM: 335
Maximum Gap: 1.0899 cM
Loaded Transition and Emission Matrix:
(3, 3)
(5009, 26051)
Loaded Observations:
(2, 26051)
Memory Usage: 1352.21248 mB
Reference Number: 5008
Total Log likelihood: -10109.424
Memory Usage: 1352.21248 mB
Finished Calculation State Posteriors
Saved Zero State Posterior to ./Empirical/Eigenstrat/Reichall/Les_Cottes_final.SG/chr7/.
Successfully loaded for PP. from ./Empirical/Eigenstrat/Reichall/Les_Cottes_final.SG/chr7/
Fraction Markers in ROH: 0.6964
Merged n=0 gaps < 0.0 M
Called n=31 ROH Blocks > 1.0 cM
Longest Block: 6.095
Successfully saved to ./Empirical/Eigenstrat/Reichall/Les_Cottes_final.SG/chr7/roh.csv
Using Low-Mem Cython Linear Speed Up.
Loaded Pre Processing Model: Eigenstrat
Loading Individual: Les_Cottes_final.SG

Loaded 61133 variants
Loaded 2504 individuals
HDF5 loaded from ./Data/1000Genomes/HDF5/1240kHDF5/all1240/chr8.hdf5
3 Eigenstrat Files with 5081 Individuals and 1233013 SNPs

Intersection on Positions: 61133
Nr of Matching Refs: 61133 / 61133
Full Intersection Ref/Alt Identical: 61091 / 61133
2504 / 2504 Individuals included in Reference
Extraction of 5008 Haplotypes complete
Reduced to markers called 25843 / 61091
(Fraction SNP: 0.4230246681180534)
Successfully saved to: ./Empirical/Eigenstrat/Reichall/Les_Cottes_final.SG/chr8/
Shuffling phase of target...
Successfully loaded Data from: ./Empirical/Eigenstrat/Reichall/Les_Cottes_final.SG/chr8/
Loaded Emission Model: haploid
Loaded Transition Model: model
Loaded Post Processing Model: Standard
Minimum Genetic Map: 0.0001
Maximum Genetic Map: 1.6800
Gaps bigger than 0.1 cM: 251
Maximum Gap: 3.3471 cM
Loaded Transition and Emission Matrix:
(3, 3)
(5009, 25843)
Loaded Observations:
(2, 25843)
Memory Usage: 1344.4096 mB
Reference Number: 5008
Total Log likelihood: -10712.733
Memory Usage: 1344.4096 mB
Finished Calculation State Posteriors
Saved Zero State Posterior to ./Empirical/Eigenstrat/Reichall/Les_Cottes_final.SG/chr8/.
Successfully loaded for PP. from ./Empirical/Eigenstrat/Reichall/Les_Cottes_final.SG/chr8/
Fraction Markers in ROH: 0.6266
Merged n=0 gaps < 0.0 M
Called n=28 ROH Blocks > 1.0 cM
Longest Block: 7.191
Successfully saved to ./Empirical/Eigenstrat/Reichall/Les_Cottes_final.SG/chr8/roh.csv
Using Low-Mem Cython Linear Speed Up.
Loaded Pre Processing Model: Eigenstrat
Loading Individual: Les_Cottes_final.SG

Loaded 50668 variants
Loaded 2504 individuals
HDF5 loaded from ./Data/1000Genomes/HDF5/1240kHDF5/all1240/chr9.hdf5
3 Eigenstrat Files with 5081 Individuals and 1233013 SNPs

Intersection on Positions: 50668
Nr of Matching Refs: 50668 / 50668
Full Intersection Ref/Alt Identical: 50629 / 50668
2504 / 2504 Individuals included in Reference
Extraction of 5008 Haplotypes complete
Reduced to markers called 21081 / 50629
(Fraction SNP: 0.4163819155029726)
Successfully saved to: ./Empirical/Eigenstrat/Reichall/Les_Cottes_final.SG/chr9/
Shuffling phase of target...
Successfully loaded Data from: ./Empirical/Eigenstrat/Reichall/Les_Cottes_final.SG/chr9/
Loaded Emission Model: haploid
Loaded Transition Model: model
Loaded Post Processing Model: Standard
Minimum Genetic Map: 0.0016
Maximum Genetic Map: 1.6628
Gaps bigger than 0.1 cM: 320
Maximum Gap: 2.3442 cM
Loaded Transition and Emission Matrix:
(3, 3)
(5009, 21081)
Loaded Observations:
(2, 21081)
Memory Usage: 1131.302912 mB
Reference Number: 5008
Total Log likelihood: -7857.654
Memory Usage: 1131.302912 mB
Finished Calculation State Posteriors
Saved Zero State Posterior to ./Empirical/Eigenstrat/Reichall/Les_Cottes_final.SG/chr9/.
Successfully loaded for PP. from ./Empirical/Eigenstrat/Reichall/Les_Cottes_final.SG/chr9/
Fraction Markers in ROH: 0.7162
Merged n=0 gaps < 0.0 M
Called n=31 ROH Blocks > 1.0 cM
Longest Block: 9.515
Successfully saved to ./Empirical/Eigenstrat/Reichall/Les_Cottes_final.SG/chr9/roh.csv
Using Low-Mem Cython Linear Speed Up.
Loaded Pre Processing Model: Eigenstrat
Loading Individual: Les_Cottes_final.SG

Loaded 58804 variants
Loaded 2504 individuals
HDF5 loaded from ./Data/1000Genomes/HDF5/1240kHDF5/all1240/chr10.hdf5
3 Eigenstrat Files with 5081 Individuals and 1233013 SNPs

Intersection on Positions: 58804
Nr of Matching Refs: 58804 / 58804
Full Intersection Ref/Alt Identical: 58763 / 58804
2504 / 2504 Individuals included in Reference
Extraction of 5008 Haplotypes complete
Reduced to markers called 24337 / 58763
(Fraction SNP: 0.4141551656654698)
Successfully saved to: ./Empirical/Eigenstrat/Reichall/Les_Cottes_final.SG/chr10/
Shuffling phase of target...
Successfully loaded Data from: ./Empirical/Eigenstrat/Reichall/Les_Cottes_final.SG/chr10/
Loaded Emission Model: haploid
Loaded Transition Model: model
Loaded Post Processing Model: Standard
Minimum Genetic Map: 0.0001
Maximum Genetic Map: 1.8092
Gaps bigger than 0.1 cM: 302
Maximum Gap: 2.0335 cM
Loaded Transition and Emission Matrix:
(3, 3)
(5009, 24337)
Loaded Observations:
(2, 24337)
Memory Usage: 1278.623744 mB
Reference Number: 5008
Total Log likelihood: -8545.986
Memory Usage: 1278.623744 mB
Finished Calculation State Posteriors
Saved Zero State Posterior to ./Empirical/Eigenstrat/Reichall/Les_Cottes_final.SG/chr10/.
Successfully loaded for PP. from ./Empirical/Eigenstrat/Reichall/Les_Cottes_final.SG/chr10/
Fraction Markers in ROH: 0.8114
Merged n=0 gaps < 0.0 M
Called n=38 ROH Blocks > 1.0 cM
Longest Block: 12.498
Successfully saved to ./Empirical/Eigenstrat/Reichall/Les_Cottes_final.SG/chr10/roh.csv
Using Low-Mem Cython Linear Speed Up.
Loaded Pre Processing Model: Eigenstrat
Loading Individual: Les_Cottes_final.SG

Loaded 54833 variants
Loaded 2504 individuals
HDF5 loaded from ./Data/1000Genomes/HDF5/1240kHDF5/all1240/chr11.hdf5
3 Eigenstrat Files with 5081 Individuals and 1233013 SNPs

Intersection on Positions: 54833
Nr of Matching Refs: 54833 / 54833
Full Intersection Ref/Alt Identical: 54796 / 54833
2504 / 2504 Individuals included in Reference
Extraction of 5008 Haplotypes complete
Reduced to markers called 22521 / 54796
(Fraction SNP: 0.4109971530768669)
Successfully saved to: ./Empirical/Eigenstrat/Reichall/Les_Cottes_final.SG/chr11/
Shuffling phase of target...
Successfully loaded Data from: ./Empirical/Eigenstrat/Reichall/Les_Cottes_final.SG/chr11/
Loaded Emission Model: haploid
Loaded Transition Model: model
Loaded Post Processing Model: Standard
Minimum Genetic Map: 0.0001
Maximum Genetic Map: 1.5821
Gaps bigger than 0.1 cM: 272
Maximum Gap: 0.5351 cM
Loaded Transition and Emission Matrix:
(3, 3)
(5009, 22521)
Loaded Observations:
(2, 22521)
Memory Usage: 1193.099264 mB
Reference Number: 5008
Total Log likelihood: -8140.039
Memory Usage: 1193.099264 mB
Finished Calculation State Posteriors
Saved Zero State Posterior to ./Empirical/Eigenstrat/Reichall/Les_Cottes_final.SG/chr11/.
Successfully loaded for PP. from ./Empirical/Eigenstrat/Reichall/Les_Cottes_final.SG/chr11/
Fraction Markers in ROH: 0.7120
Merged n=0 gaps < 0.0 M
Called n=31 ROH Blocks > 1.0 cM
Longest Block: 6.800
Successfully saved to ./Empirical/Eigenstrat/Reichall/Les_Cottes_final.SG/chr11/roh.csv
Using Low-Mem Cython Linear Speed Up.
Loaded Pre Processing Model: Eigenstrat
Loading Individual: Les_Cottes_final.SG

Loaded 53911 variants
Loaded 2504 individuals
HDF5 loaded from ./Data/1000Genomes/HDF5/1240kHDF5/all1240/chr12.hdf5
3 Eigenstrat Files with 5081 Individuals and 1233013 SNPs

Intersection on Positions: 53911
Nr of Matching Refs: 53911 / 53911
Full Intersection Ref/Alt Identical: 53884 / 53911
2504 / 2504 Individuals included in Reference
Extraction of 5008 Haplotypes complete
Reduced to markers called 22563 / 53884
(Fraction SNP: 0.4187328334941727)
Successfully saved to: ./Empirical/Eigenstrat/Reichall/Les_Cottes_final.SG/chr12/
Shuffling phase of target...
Successfully loaded Data from: ./Empirical/Eigenstrat/Reichall/Les_Cottes_final.SG/chr12/
Loaded Emission Model: haploid
Loaded Transition Model: model
Loaded Post Processing Model: Standard
Minimum Genetic Map: 0.0017
Maximum Genetic Map: 1.7468
Gaps bigger than 0.1 cM: 324
Maximum Gap: 0.9833 cM
Loaded Transition and Emission Matrix:
(3, 3)
(5009, 22563)
Loaded Observations:
(2, 22563)
Memory Usage: 1195.491328 mB
Reference Number: 5008
Total Log likelihood: -7664.005
Memory Usage: 1195.491328 mB
Finished Calculation State Posteriors
Saved Zero State Posterior to ./Empirical/Eigenstrat/Reichall/Les_Cottes_final.SG/chr12/.
Successfully loaded for PP. from ./Empirical/Eigenstrat/Reichall/Les_Cottes_final.SG/chr12/
Fraction Markers in ROH: 0.7801
Merged n=0 gaps < 0.0 M
Called n=33 ROH Blocks > 1.0 cM
Longest Block: 11.095
Successfully saved to ./Empirical/Eigenstrat/Reichall/Les_Cottes_final.SG/chr12/roh.csv
Using Low-Mem Cython Linear Speed Up.
Loaded Pre Processing Model: Eigenstrat
Loading Individual: Les_Cottes_final.SG

Loaded 39018 variants
Loaded 2504 individuals
HDF5 loaded from ./Data/1000Genomes/HDF5/1240kHDF5/all1240/chr13.hdf5
3 Eigenstrat Files with 5081 Individuals and 1233013 SNPs

Intersection on Positions: 39018
Nr of Matching Refs: 39018 / 39018
Full Intersection Ref/Alt Identical: 38994 / 39018
2504 / 2504 Individuals included in Reference
Extraction of 5008 Haplotypes complete
Reduced to markers called 16951 / 38994
(Fraction SNP: 0.43470790378006874)
Successfully saved to: ./Empirical/Eigenstrat/Reichall/Les_Cottes_final.SG/chr13/
Shuffling phase of target...
Successfully loaded Data from: ./Empirical/Eigenstrat/Reichall/Les_Cottes_final.SG/chr13/
Loaded Emission Model: haploid
Loaded Transition Model: model
Loaded Post Processing Model: Standard
Minimum Genetic Map: 0.0021
Maximum Genetic Map: 1.2570
Gaps bigger than 0.1 cM: 245
Maximum Gap: 1.2520 cM
Loaded Transition and Emission Matrix:
(3, 3)
(5009, 16951)
Loaded Observations:
(2, 16951)
Memory Usage: 943.570944 mB
Reference Number: 5008
Total Log likelihood: -6257.473
Memory Usage: 943.570944 mB
Finished Calculation State Posteriors
Saved Zero State Posterior to ./Empirical/Eigenstrat/Reichall/Les_Cottes_final.SG/chr13/.
Successfully loaded for PP. from ./Empirical/Eigenstrat/Reichall/Les_Cottes_final.SG/chr13/
Fraction Markers in ROH: 0.6971
Merged n=0 gaps < 0.0 M
Called n=27 ROH Blocks > 1.0 cM
Longest Block: 12.780
Successfully saved to ./Empirical/Eigenstrat/Reichall/Les_Cottes_final.SG/chr13/roh.csv
Using Low-Mem Cython Linear Speed Up.
Loaded Pre Processing Model: Eigenstrat
Loading Individual: Les_Cottes_final.SG

Loaded 36301 variants
Loaded 2504 individuals
HDF5 loaded from ./Data/1000Genomes/HDF5/1240kHDF5/all1240/chr14.hdf5
3 Eigenstrat Files with 5081 Individuals and 1233013 SNPs

Intersection on Positions: 36301
Nr of Matching Refs: 36301 / 36301
Full Intersection Ref/Alt Identical: 36280 / 36301
2504 / 2504 Individuals included in Reference
Extraction of 5008 Haplotypes complete
Reduced to markers called 15215 / 36280
(Fraction SNP: 0.41937706725468576)
Successfully saved to: ./Empirical/Eigenstrat/Reichall/Les_Cottes_final.SG/chr14/
Shuffling phase of target...
Successfully loaded Data from: ./Empirical/Eigenstrat/Reichall/Les_Cottes_final.SG/chr14/
Loaded Emission Model: haploid
Loaded Transition Model: model
Loaded Post Processing Model: Standard
Minimum Genetic Map: 0.0161
Maximum Genetic Map: 1.2020
Gaps bigger than 0.1 cM: 209
Maximum Gap: 3.0774 cM
Loaded Transition and Emission Matrix:
(3, 3)
(5009, 15215)
Loaded Observations:
(2, 15215)
Memory Usage: 865.570816 mB
Reference Number: 5008
Total Log likelihood: -5561.510
Memory Usage: 865.570816 mB
Finished Calculation State Posteriors
Saved Zero State Posterior to ./Empirical/Eigenstrat/Reichall/Les_Cottes_final.SG/chr14/.
Successfully loaded for PP. from ./Empirical/Eigenstrat/Reichall/Les_Cottes_final.SG/chr14/
Fraction Markers in ROH: 0.7959
Merged n=0 gaps < 0.0 M
Called n=27 ROH Blocks > 1.0 cM
Longest Block: 5.780
Successfully saved to ./Empirical/Eigenstrat/Reichall/Les_Cottes_final.SG/chr14/roh.csv
Using Low-Mem Cython Linear Speed Up.
Loaded Pre Processing Model: Eigenstrat
Loading Individual: Les_Cottes_final.SG

Loaded 34429 variants
Loaded 2504 individuals
HDF5 loaded from ./Data/1000Genomes/HDF5/1240kHDF5/all1240/chr15.hdf5
3 Eigenstrat Files with 5081 Individuals and 1233013 SNPs

Intersection on Positions: 34429
Nr of Matching Refs: 34429 / 34429
Full Intersection Ref/Alt Identical: 34407 / 34429
2504 / 2504 Individuals included in Reference
Extraction of 5008 Haplotypes complete
Reduced to markers called 14160 / 34407
(Fraction SNP: 0.4115441625250676)
Successfully saved to: ./Empirical/Eigenstrat/Reichall/Les_Cottes_final.SG/chr15/
Shuffling phase of target...
Successfully loaded Data from: ./Empirical/Eigenstrat/Reichall/Les_Cottes_final.SG/chr15/
Loaded Emission Model: haploid
Loaded Transition Model: model
Loaded Post Processing Model: Standard
Minimum Genetic Map: 0.0002
Maximum Genetic Map: 1.4134
Gaps bigger than 0.1 cM: 237
Maximum Gap: 11.5002 cM
Loaded Transition and Emission Matrix:
(3, 3)
(5009, 14160)
Loaded Observations:
(2, 14160)
Memory Usage: 819.32288 mB
Reference Number: 5008
Total Log likelihood: -5643.843
Memory Usage: 819.32288 mB
Finished Calculation State Posteriors
Saved Zero State Posterior to ./Empirical/Eigenstrat/Reichall/Les_Cottes_final.SG/chr15/.
Successfully loaded for PP. from ./Empirical/Eigenstrat/Reichall/Les_Cottes_final.SG/chr15/
Fraction Markers in ROH: 0.7116
Merged n=0 gaps < 0.0 M
Called n=24 ROH Blocks > 1.0 cM
Longest Block: 4.341
Successfully saved to ./Empirical/Eigenstrat/Reichall/Les_Cottes_final.SG/chr15/roh.csv
Using Low-Mem Cython Linear Speed Up.
Loaded Pre Processing Model: Eigenstrat
Loading Individual: Les_Cottes_final.SG

Loaded 34402 variants
Loaded 2504 individuals
HDF5 loaded from ./Data/1000Genomes/HDF5/1240kHDF5/all1240/chr16.hdf5
3 Eigenstrat Files with 5081 Individuals and 1233013 SNPs

Intersection on Positions: 34402
Nr of Matching Refs: 34402 / 34402
Full Intersection Ref/Alt Identical: 34375 / 34402
2504 / 2504 Individuals included in Reference
Extraction of 5008 Haplotypes complete
Reduced to markers called 13574 / 34375
(Fraction SNP: 0.39488)
Successfully saved to: ./Empirical/Eigenstrat/Reichall/Les_Cottes_final.SG/chr16/
Shuffling phase of target...
Successfully loaded Data from: ./Empirical/Eigenstrat/Reichall/Les_Cottes_final.SG/chr16/
Loaded Emission Model: haploid
Loaded Transition Model: model
Loaded Post Processing Model: Standard
Minimum Genetic Map: 0.0000
Maximum Genetic Map: 1.3403
Gaps bigger than 0.1 cM: 289
Maximum Gap: 1.0495 cM
Loaded Transition and Emission Matrix:
(3, 3)
(5009, 13574)
Loaded Observations:
(2, 13574)
Memory Usage: 790.298624 mB
Reference Number: 5008
Total Log likelihood: -5867.180
Memory Usage: 790.298624 mB
Finished Calculation State Posteriors
Saved Zero State Posterior to ./Empirical/Eigenstrat/Reichall/Les_Cottes_final.SG/chr16/.
Successfully loaded for PP. from ./Empirical/Eigenstrat/Reichall/Les_Cottes_final.SG/chr16/
Fraction Markers in ROH: 0.5560
Merged n=0 gaps < 0.0 M
Called n=21 ROH Blocks > 1.0 cM
Longest Block: 3.560
Successfully saved to ./Empirical/Eigenstrat/Reichall/Les_Cottes_final.SG/chr16/roh.csv
Using Low-Mem Cython Linear Speed Up.
Loaded Pre Processing Model: Eigenstrat
Loading Individual: Les_Cottes_final.SG

Loaded 29314 variants
Loaded 2504 individuals
HDF5 loaded from ./Data/1000Genomes/HDF5/1240kHDF5/all1240/chr17.hdf5
3 Eigenstrat Files with 5081 Individuals and 1233013 SNPs

Intersection on Positions: 29314
Nr of Matching Refs: 29314 / 29314
Full Intersection Ref/Alt Identical: 29292 / 29314
2504 / 2504 Individuals included in Reference
Extraction of 5008 Haplotypes complete
Reduced to markers called 11172 / 29292
(Fraction SNP: 0.3814010651372388)
Successfully saved to: ./Empirical/Eigenstrat/Reichall/Les_Cottes_final.SG/chr17/
Shuffling phase of target...
Successfully loaded Data from: ./Empirical/Eigenstrat/Reichall/Les_Cottes_final.SG/chr17/
Loaded Emission Model: haploid
Loaded Transition Model: model
Loaded Post Processing Model: Standard
Minimum Genetic Map: -0.0003
Maximum Genetic Map: 1.2846
Gaps bigger than 0.1 cM: 291
Maximum Gap: 1.3414 cM
Loaded Transition and Emission Matrix:
(3, 3)
(5009, 11172)
Loaded Observations:
(2, 11172)
Memory Usage: 681.480192 mB
Reference Number: 5008
Total Log likelihood: -4872.629
Memory Usage: 681.480192 mB
Finished Calculation State Posteriors
Saved Zero State Posterior to ./Empirical/Eigenstrat/Reichall/Les_Cottes_final.SG/chr17/.
Successfully loaded for PP. from ./Empirical/Eigenstrat/Reichall/Les_Cottes_final.SG/chr17/
Fraction Markers in ROH: 0.5877
Merged n=0 gaps < 0.0 M
Called n=26 ROH Blocks > 1.0 cM
Longest Block: 3.330
Successfully saved to ./Empirical/Eigenstrat/Reichall/Les_Cottes_final.SG/chr17/roh.csv
Using Low-Mem Cython Linear Speed Up.
Loaded Pre Processing Model: Eigenstrat
Loading Individual: Les_Cottes_final.SG

Loaded 33917 variants
Loaded 2504 individuals
HDF5 loaded from ./Data/1000Genomes/HDF5/1240kHDF5/all1240/chr18.hdf5
3 Eigenstrat Files with 5081 Individuals and 1233013 SNPs

Intersection on Positions: 33917
Nr of Matching Refs: 33917 / 33917
Full Intersection Ref/Alt Identical: 33902 / 33917
2504 / 2504 Individuals included in Reference
Extraction of 5008 Haplotypes complete
Reduced to markers called 14413 / 33902
(Fraction SNP: 0.4251371600495546)
Successfully saved to: ./Empirical/Eigenstrat/Reichall/Les_Cottes_final.SG/chr18/
Shuffling phase of target...
Successfully loaded Data from: ./Empirical/Eigenstrat/Reichall/Les_Cottes_final.SG/chr18/
Loaded Emission Model: haploid
Loaded Transition Model: model
Loaded Post Processing Model: Standard
Minimum Genetic Map: 0.0025
Maximum Genetic Map: 1.1771
Gaps bigger than 0.1 cM: 227
Maximum Gap: 0.7913 cM
Loaded Transition and Emission Matrix:
(3, 3)
(5009, 14413)
Loaded Observations:
(2, 14413)
Memory Usage: 828.37504 mB
Reference Number: 5008
Total Log likelihood: -5863.305
Memory Usage: 828.37504 mB
Finished Calculation State Posteriors
Saved Zero State Posterior to ./Empirical/Eigenstrat/Reichall/Les_Cottes_final.SG/chr18/.
Successfully loaded for PP. from ./Empirical/Eigenstrat/Reichall/Les_Cottes_final.SG/chr18/
Fraction Markers in ROH: 0.6777
Merged n=0 gaps < 0.0 M
Called n=21 ROH Blocks > 1.0 cM
Longest Block: 9.184
Successfully saved to ./Empirical/Eigenstrat/Reichall/Les_Cottes_final.SG/chr18/roh.csv
Using Low-Mem Cython Linear Speed Up.
Loaded Pre Processing Model: Eigenstrat
Loading Individual: Les_Cottes_final.SG

Loaded 18460 variants
Loaded 2504 individuals
HDF5 loaded from ./Data/1000Genomes/HDF5/1240kHDF5/all1240/chr19.hdf5
3 Eigenstrat Files with 5081 Individuals and 1233013 SNPs

Intersection on Positions: 18460
Nr of Matching Refs: 18460 / 18460
Full Intersection Ref/Alt Identical: 18441 / 18460
2504 / 2504 Individuals included in Reference
Extraction of 5008 Haplotypes complete
Reduced to markers called 6747 / 18441
(Fraction SNP: 0.3658695298519603)
Successfully saved to: ./Empirical/Eigenstrat/Reichall/Les_Cottes_final.SG/chr19/
Shuffling phase of target...
Successfully loaded Data from: ./Empirical/Eigenstrat/Reichall/Les_Cottes_final.SG/chr19/
Loaded Emission Model: haploid
Loaded Transition Model: model
Loaded Post Processing Model: Standard
Minimum Genetic Map: 0.0002
Maximum Genetic Map: 1.0773
Gaps bigger than 0.1 cM: 265
Maximum Gap: 0.6167 cM
Loaded Transition and Emission Matrix:
(3, 3)
(5009, 6747)
Loaded Observations:
(2, 6747)
Memory Usage: 484.102144 mB
Reference Number: 5008
Total Log likelihood: -3049.819
Memory Usage: 484.102144 mB
Finished Calculation State Posteriors
Saved Zero State Posterior to ./Empirical/Eigenstrat/Reichall/Les_Cottes_final.SG/chr19/.
Successfully loaded for PP. from ./Empirical/Eigenstrat/Reichall/Les_Cottes_final.SG/chr19/
Fraction Markers in ROH: 0.5551
Merged n=0 gaps < 0.0 M
Called n=15 ROH Blocks > 1.0 cM
Longest Block: 3.591
Successfully saved to ./Empirical/Eigenstrat/Reichall/Les_Cottes_final.SG/chr19/roh.csv
Using Low-Mem Cython Linear Speed Up.
Loaded Pre Processing Model: Eigenstrat
Loading Individual: Les_Cottes_final.SG

Loaded 29078 variants
Loaded 2504 individuals
HDF5 loaded from ./Data/1000Genomes/HDF5/1240kHDF5/all1240/chr20.hdf5
3 Eigenstrat Files with 5081 Individuals and 1233013 SNPs

Intersection on Positions: 29078
Nr of Matching Refs: 29078 / 29078
Full Intersection Ref/Alt Identical: 29053 / 29078
2504 / 2504 Individuals included in Reference
Extraction of 5008 Haplotypes complete
Reduced to markers called 11519 / 29053
(Fraction SNP: 0.3964822909854404)
Successfully saved to: ./Empirical/Eigenstrat/Reichall/Les_Cottes_final.SG/chr20/
Shuffling phase of target...
Successfully loaded Data from: ./Empirical/Eigenstrat/Reichall/Les_Cottes_final.SG/chr20/
Loaded Emission Model: haploid
Loaded Transition Model: model
Loaded Post Processing Model: Standard
Minimum Genetic Map: 0.0000
Maximum Genetic Map: 1.0821
Gaps bigger than 0.1 cM: 232
Maximum Gap: 0.5669 cM
Loaded Transition and Emission Matrix:
(3, 3)
(5009, 11519)
Loaded Observations:
(2, 11519)
Memory Usage: 699.752448 mB
Reference Number: 5008
Total Log likelihood: -4788.863
Memory Usage: 699.752448 mB
Finished Calculation State Posteriors
Saved Zero State Posterior to ./Empirical/Eigenstrat/Reichall/Les_Cottes_final.SG/chr20/.
Successfully loaded for PP. from ./Empirical/Eigenstrat/Reichall/Les_Cottes_final.SG/chr20/
Fraction Markers in ROH: 0.6210
Merged n=0 gaps < 0.0 M
Called n=17 ROH Blocks > 1.0 cM
Longest Block: 8.507
Successfully saved to ./Empirical/Eigenstrat/Reichall/Les_Cottes_final.SG/chr20/roh.csv
Using Low-Mem Cython Linear Speed Up.
Loaded Pre Processing Model: Eigenstrat
Loading Individual: Les_Cottes_final.SG

Loaded 16038 variants
Loaded 2504 individuals
HDF5 loaded from ./Data/1000Genomes/HDF5/1240kHDF5/all1240/chr21.hdf5
3 Eigenstrat Files with 5081 Individuals and 1233013 SNPs

Intersection on Positions: 16038
Nr of Matching Refs: 16038 / 16038
Full Intersection Ref/Alt Identical: 16031 / 16038
2504 / 2504 Individuals included in Reference
Extraction of 5008 Haplotypes complete
Reduced to markers called 6743 / 16031
(Fraction SNP: 0.4206225438213461)
Successfully saved to: ./Empirical/Eigenstrat/Reichall/Les_Cottes_final.SG/chr21/
Shuffling phase of target...
Successfully loaded Data from: ./Empirical/Eigenstrat/Reichall/Les_Cottes_final.SG/chr21/
Loaded Emission Model: haploid
Loaded Transition Model: model
Loaded Post Processing Model: Standard
Minimum Genetic Map: 0.0136
Maximum Genetic Map: 0.6277
Gaps bigger than 0.1 cM: 125
Maximum Gap: 0.5805 cM
Loaded Transition and Emission Matrix:
(3, 3)
(5009, 6743)
Loaded Observations:
(2, 6743)
Memory Usage: 482.0992 mB
Reference Number: 5008
Total Log likelihood: -2987.211
Memory Usage: 482.0992 mB
Finished Calculation State Posteriors
Saved Zero State Posterior to ./Empirical/Eigenstrat/Reichall/Les_Cottes_final.SG/chr21/.
Successfully loaded for PP. from ./Empirical/Eigenstrat/Reichall/Les_Cottes_final.SG/chr21/
Fraction Markers in ROH: 0.5673
Merged n=0 gaps < 0.0 M
Called n=10 ROH Blocks > 1.0 cM
Longest Block: 3.576
Successfully saved to ./Empirical/Eigenstrat/Reichall/Les_Cottes_final.SG/chr21/roh.csv
Using Low-Mem Cython Linear Speed Up.
Loaded Pre Processing Model: Eigenstrat
Loading Individual: Les_Cottes_final.SG

Loaded 15802 variants
Loaded 2504 individuals
HDF5 loaded from ./Data/1000Genomes/HDF5/1240kHDF5/all1240/chr22.hdf5
3 Eigenstrat Files with 5081 Individuals and 1233013 SNPs

Intersection on Positions: 15802
Nr of Matching Refs: 15802 / 15802
Full Intersection Ref/Alt Identical: 15793 / 15802
2504 / 2504 Individuals included in Reference
Extraction of 5008 Haplotypes complete
Reduced to markers called 5786 / 15793
(Fraction SNP: 0.36636484518457546)
Successfully saved to: ./Empirical/Eigenstrat/Reichall/Les_Cottes_final.SG/chr22/
Shuffling phase of target...
Successfully loaded Data from: ./Empirical/Eigenstrat/Reichall/Les_Cottes_final.SG/chr22/
Loaded Emission Model: haploid
Loaded Transition Model: model
Loaded Post Processing Model: Standard
Minimum Genetic Map: 0.0171
Maximum Genetic Map: 0.7408
Gaps bigger than 0.1 cM: 149
Maximum Gap: 1.7827 cM
Loaded Transition and Emission Matrix:
(3, 3)
(5009, 5786)
Loaded Observations:
(2, 5786)
Memory Usage: 498.794496 mB
Reference Number: 5008
Total Log likelihood: -2388.124
Memory Usage: 498.794496 mB
Finished Calculation State Posteriors
Saved Zero State Posterior to ./Empirical/Eigenstrat/Reichall/Les_Cottes_final.SG/chr22/.
Successfully loaded for PP. from ./Empirical/Eigenstrat/Reichall/Les_Cottes_final.SG/chr22/
Fraction Markers in ROH: 0.6338
Merged n=0 gaps < 0.0 M
Called n=12 ROH Blocks > 1.0 cM
Longest Block: 3.516
Successfully saved to ./Empirical/Eigenstrat/Reichall/Les_Cottes_final.SG/chr22/roh.csv
