Doing Individual I4626...
Using Low-Mem Cython Linear Speed Up.
Loaded Pre Processing Model: Eigenstrat
Loading Individual: I4626

Loaded 89147 variants
Loaded 2504 individuals
HDF5 loaded from ./Data/1000Genomes/HDF5/1240kHDF5/all1240/chr1.hdf5
3 Eigenstrat Files with 5081 Individuals and 1233013 SNPs

Intersection on Positions: 89147
Nr of Matching Refs: 89147 / 89147
Full Intersection Ref/Alt Identical: 89082 / 89147
2504 / 2504 Individuals included in Reference
Extraction of 5008 Haplotypes complete
Reduced to markers called 30316 / 89082
(Fraction SNP: 0.34031566421948317)
Successfully saved to: ./Empirical/Eigenstrat/Reichall/I4626/chr1/
Shuffling phase of target...
Successfully loaded Data from: ./Empirical/Eigenstrat/Reichall/I4626/chr1/
Loaded Emission Model: haploid
Loaded Transition Model: model
Loaded Post Processing Model: Standard
Minimum Genetic Map: 0.0201
Maximum Genetic Map: 2.8627
Gaps bigger than 0.1 cM: 515
Maximum Gap: 2.9229 cM
Loaded Transition and Emission Matrix:
(3, 3)
(5009, 30316)
Loaded Observations:
(2, 30316)
Memory Usage: 1551.233024 mB
Reference Number: 5008
Total Log likelihood: -10469.295
Memory Usage: 1551.691776 mB
Finished Calculation State Posteriors
Saved Zero State Posterior to ./Empirical/Eigenstrat/Reichall/I4626/chr1/.
Successfully loaded for PP. from ./Empirical/Eigenstrat/Reichall/I4626/chr1/
Fraction Markers in ROH: 0.4707
Merged n=0 gaps < 0.0 M
Called n=29 ROH Blocks > 1.0 cM
Longest Block: 7.431
Successfully saved to ./Empirical/Eigenstrat/Reichall/I4626/chr1/roh.csv
Using Low-Mem Cython Linear Speed Up.
Loaded Pre Processing Model: Eigenstrat
Loading Individual: I4626

Loaded 94239 variants
Loaded 2504 individuals
HDF5 loaded from ./Data/1000Genomes/HDF5/1240kHDF5/all1240/chr2.hdf5
3 Eigenstrat Files with 5081 Individuals and 1233013 SNPs

Intersection on Positions: 94239
Nr of Matching Refs: 94239 / 94239
Full Intersection Ref/Alt Identical: 94173 / 94239
2504 / 2504 Individuals included in Reference
Extraction of 5008 Haplotypes complete
Reduced to markers called 29256 / 94173
(Fraction SNP: 0.3106622917396706)
Successfully saved to: ./Empirical/Eigenstrat/Reichall/I4626/chr2/
Shuffling phase of target...
Successfully loaded Data from: ./Empirical/Eigenstrat/Reichall/I4626/chr2/
Loaded Emission Model: haploid
Loaded Transition Model: model
Loaded Post Processing Model: Standard
Minimum Genetic Map: 0.0002
Maximum Genetic Map: 2.6883
Gaps bigger than 0.1 cM: 466
Maximum Gap: 2.1079 cM
Loaded Transition and Emission Matrix:
(3, 3)
(5009, 29256)
Loaded Observations:
(2, 29256)
Memory Usage: 1494.827008 mB
Reference Number: 5008
Total Log likelihood: -9876.873
Memory Usage: 1494.827008 mB
Finished Calculation State Posteriors
Saved Zero State Posterior to ./Empirical/Eigenstrat/Reichall/I4626/chr2/.
Successfully loaded for PP. from ./Empirical/Eigenstrat/Reichall/I4626/chr2/
Fraction Markers in ROH: 0.5229
Merged n=0 gaps < 0.0 M
Called n=31 ROH Blocks > 1.0 cM
Longest Block: 6.650
Successfully saved to ./Empirical/Eigenstrat/Reichall/I4626/chr2/roh.csv
Using Low-Mem Cython Linear Speed Up.
Loaded Pre Processing Model: Eigenstrat
Loading Individual: I4626

Loaded 77652 variants
Loaded 2504 individuals
HDF5 loaded from ./Data/1000Genomes/HDF5/1240kHDF5/all1240/chr3.hdf5
3 Eigenstrat Files with 5081 Individuals and 1233013 SNPs

Intersection on Positions: 77652
Nr of Matching Refs: 77652 / 77652
Full Intersection Ref/Alt Identical: 77601 / 77652
2504 / 2504 Individuals included in Reference
Extraction of 5008 Haplotypes complete
Reduced to markers called 23410 / 77601
(Fraction SNP: 0.30167137021430135)
Successfully saved to: ./Empirical/Eigenstrat/Reichall/I4626/chr3/
Shuffling phase of target...
Successfully loaded Data from: ./Empirical/Eigenstrat/Reichall/I4626/chr3/
Loaded Emission Model: haploid
Loaded Transition Model: model
Loaded Post Processing Model: Standard
Minimum Genetic Map: 0.0001
Maximum Genetic Map: 2.2325
Gaps bigger than 0.1 cM: 439
Maximum Gap: 0.3929 cM
Loaded Transition and Emission Matrix:
(3, 3)
(5009, 23410)
Loaded Observations:
(2, 23410)
Memory Usage: 1232.863232 mB
Reference Number: 5008
Total Log likelihood: -7967.197
Memory Usage: 1232.863232 mB
Finished Calculation State Posteriors
Saved Zero State Posterior to ./Empirical/Eigenstrat/Reichall/I4626/chr3/.
Successfully loaded for PP. from ./Empirical/Eigenstrat/Reichall/I4626/chr3/
Fraction Markers in ROH: 0.4892
Merged n=0 gaps < 0.0 M
Called n=35 ROH Blocks > 1.0 cM
Longest Block: 5.327
Successfully saved to ./Empirical/Eigenstrat/Reichall/I4626/chr3/roh.csv
Using Low-Mem Cython Linear Speed Up.
Loaded Pre Processing Model: Eigenstrat
Loading Individual: I4626

Loaded 68759 variants
Loaded 2504 individuals
HDF5 loaded from ./Data/1000Genomes/HDF5/1240kHDF5/all1240/chr4.hdf5
3 Eigenstrat Files with 5081 Individuals and 1233013 SNPs

Intersection on Positions: 68759
Nr of Matching Refs: 68759 / 68759
Full Intersection Ref/Alt Identical: 68720 / 68759
2504 / 2504 Individuals included in Reference
Extraction of 5008 Haplotypes complete
Reduced to markers called 18176 / 68720
(Fraction SNP: 0.26449359720605353)
Successfully saved to: ./Empirical/Eigenstrat/Reichall/I4626/chr4/
Shuffling phase of target...
Successfully loaded Data from: ./Empirical/Eigenstrat/Reichall/I4626/chr4/
Loaded Emission Model: haploid
Loaded Transition Model: model
Loaded Post Processing Model: Standard
Minimum Genetic Map: 0.0035
Maximum Genetic Map: 2.1454
Gaps bigger than 0.1 cM: 437
Maximum Gap: 2.1355 cM
Loaded Transition and Emission Matrix:
(3, 3)
(5009, 18176)
Loaded Observations:
(2, 18176)
Memory Usage: 998.490112 mB
Reference Number: 5008
Total Log likelihood: -6584.592
Memory Usage: 998.490112 mB
Finished Calculation State Posteriors
Saved Zero State Posterior to ./Empirical/Eigenstrat/Reichall/I4626/chr4/.
Successfully loaded for PP. from ./Empirical/Eigenstrat/Reichall/I4626/chr4/
Fraction Markers in ROH: 0.4752
Merged n=0 gaps < 0.0 M
Called n=31 ROH Blocks > 1.0 cM
Longest Block: 3.623
Successfully saved to ./Empirical/Eigenstrat/Reichall/I4626/chr4/roh.csv
Using Low-Mem Cython Linear Speed Up.
Loaded Pre Processing Model: Eigenstrat
Loading Individual: I4626

Loaded 69399 variants
Loaded 2504 individuals
HDF5 loaded from ./Data/1000Genomes/HDF5/1240kHDF5/all1240/chr5.hdf5
3 Eigenstrat Files with 5081 Individuals and 1233013 SNPs

Intersection on Positions: 69399
Nr of Matching Refs: 69399 / 69399
Full Intersection Ref/Alt Identical: 69354 / 69399
2504 / 2504 Individuals included in Reference
Extraction of 5008 Haplotypes complete
Reduced to markers called 21025 / 69354
(Fraction SNP: 0.30315482884909306)
Successfully saved to: ./Empirical/Eigenstrat/Reichall/I4626/chr5/
Shuffling phase of target...
Successfully loaded Data from: ./Empirical/Eigenstrat/Reichall/I4626/chr5/
Loaded Emission Model: haploid
Loaded Transition Model: model
Loaded Post Processing Model: Standard
Minimum Genetic Map: 0.0004
Maximum Genetic Map: 2.0409
Gaps bigger than 0.1 cM: 406
Maximum Gap: 1.1667 cM
Loaded Transition and Emission Matrix:
(3, 3)
(5009, 21025)
Loaded Observations:
(2, 21025)
Memory Usage: 1128.501248 mB
Reference Number: 5008
Total Log likelihood: -7217.088
Memory Usage: 1128.501248 mB
Finished Calculation State Posteriors
Saved Zero State Posterior to ./Empirical/Eigenstrat/Reichall/I4626/chr5/.
Successfully loaded for PP. from ./Empirical/Eigenstrat/Reichall/I4626/chr5/
Fraction Markers in ROH: 0.5278
Merged n=0 gaps < 0.0 M
Called n=23 ROH Blocks > 1.0 cM
Longest Block: 7.043
Successfully saved to ./Empirical/Eigenstrat/Reichall/I4626/chr5/roh.csv
Using Low-Mem Cython Linear Speed Up.
Loaded Pre Processing Model: Eigenstrat
Loading Individual: I4626

Loaded 75870 variants
Loaded 2504 individuals
HDF5 loaded from ./Data/1000Genomes/HDF5/1240kHDF5/all1240/chr6.hdf5
3 Eigenstrat Files with 5081 Individuals and 1233013 SNPs

Intersection on Positions: 75870
Nr of Matching Refs: 75870 / 75870
Full Intersection Ref/Alt Identical: 75816 / 75870
2504 / 2504 Individuals included in Reference
Extraction of 5008 Haplotypes complete
Reduced to markers called 23056 / 75816
(Fraction SNP: 0.30410467447504486)
Successfully saved to: ./Empirical/Eigenstrat/Reichall/I4626/chr6/
Shuffling phase of target...
Successfully loaded Data from: ./Empirical/Eigenstrat/Reichall/I4626/chr6/
Loaded Emission Model: haploid
Loaded Transition Model: model
Loaded Post Processing Model: Standard
Minimum Genetic Map: 0.0035
Maximum Genetic Map: 1.9203
Gaps bigger than 0.1 cM: 333
Maximum Gap: 0.5710 cM
Loaded Transition and Emission Matrix:
(3, 3)
(5009, 23056)
Loaded Observations:
(2, 23056)
Memory Usage: 1217.96608 mB
Reference Number: 5008
Total Log likelihood: -8305.499
Memory Usage: 1217.96608 mB
Finished Calculation State Posteriors
Saved Zero State Posterior to ./Empirical/Eigenstrat/Reichall/I4626/chr6/.
Successfully loaded for PP. from ./Empirical/Eigenstrat/Reichall/I4626/chr6/
Fraction Markers in ROH: 0.4457
Merged n=0 gaps < 0.0 M
Called n=16 ROH Blocks > 1.0 cM
Longest Block: 2.925
Successfully saved to ./Empirical/Eigenstrat/Reichall/I4626/chr6/roh.csv
Using Low-Mem Cython Linear Speed Up.
Loaded Pre Processing Model: Eigenstrat
Loading Individual: I4626

Loaded 59890 variants
Loaded 2504 individuals
HDF5 loaded from ./Data/1000Genomes/HDF5/1240kHDF5/all1240/chr7.hdf5
3 Eigenstrat Files with 5081 Individuals and 1233013 SNPs

Intersection on Positions: 59890
Nr of Matching Refs: 59890 / 59890
Full Intersection Ref/Alt Identical: 59836 / 59890
2504 / 2504 Individuals included in Reference
Extraction of 5008 Haplotypes complete
Reduced to markers called 18313 / 59836
(Fraction SNP: 0.30605321211310915)
Successfully saved to: ./Empirical/Eigenstrat/Reichall/I4626/chr7/
Shuffling phase of target...
Successfully loaded Data from: ./Empirical/Eigenstrat/Reichall/I4626/chr7/
Loaded Emission Model: haploid
Loaded Transition Model: model
Loaded Post Processing Model: Standard
Minimum Genetic Map: 0.0000
Maximum Genetic Map: 1.8715
Gaps bigger than 0.1 cM: 377
Maximum Gap: 1.0528 cM
Loaded Transition and Emission Matrix:
(3, 3)
(5009, 18313)
Loaded Observations:
(2, 18313)
Memory Usage: 1004.158976 mB
Reference Number: 5008
Total Log likelihood: -6231.737
Memory Usage: 1004.158976 mB
Finished Calculation State Posteriors
Saved Zero State Posterior to ./Empirical/Eigenstrat/Reichall/I4626/chr7/.
Successfully loaded for PP. from ./Empirical/Eigenstrat/Reichall/I4626/chr7/
Fraction Markers in ROH: 0.5129
Merged n=0 gaps < 0.0 M
Called n=27 ROH Blocks > 1.0 cM
Longest Block: 3.682
Successfully saved to ./Empirical/Eigenstrat/Reichall/I4626/chr7/roh.csv
Using Low-Mem Cython Linear Speed Up.
Loaded Pre Processing Model: Eigenstrat
Loading Individual: I4626

Loaded 61133 variants
Loaded 2504 individuals
HDF5 loaded from ./Data/1000Genomes/HDF5/1240kHDF5/all1240/chr8.hdf5
3 Eigenstrat Files with 5081 Individuals and 1233013 SNPs

Intersection on Positions: 61133
Nr of Matching Refs: 61133 / 61133
Full Intersection Ref/Alt Identical: 61091 / 61133
2504 / 2504 Individuals included in Reference
Extraction of 5008 Haplotypes complete
Reduced to markers called 19050 / 61091
(Fraction SNP: 0.3118298931102781)
Successfully saved to: ./Empirical/Eigenstrat/Reichall/I4626/chr8/
Shuffling phase of target...
Successfully loaded Data from: ./Empirical/Eigenstrat/Reichall/I4626/chr8/
Loaded Emission Model: haploid
Loaded Transition Model: model
Loaded Post Processing Model: Standard
Minimum Genetic Map: 0.0000
Maximum Genetic Map: 1.6800
Gaps bigger than 0.1 cM: 287
Maximum Gap: 3.4841 cM
Loaded Transition and Emission Matrix:
(3, 3)
(5009, 19050)
Loaded Observations:
(2, 19050)
Memory Usage: 1037.643776 mB
Reference Number: 5008
Total Log likelihood: -6421.392
Memory Usage: 1037.643776 mB
Finished Calculation State Posteriors
Saved Zero State Posterior to ./Empirical/Eigenstrat/Reichall/I4626/chr8/.
Successfully loaded for PP. from ./Empirical/Eigenstrat/Reichall/I4626/chr8/
Fraction Markers in ROH: 0.4983
Merged n=0 gaps < 0.0 M
Called n=19 ROH Blocks > 1.0 cM
Longest Block: 3.776
Successfully saved to ./Empirical/Eigenstrat/Reichall/I4626/chr8/roh.csv
Using Low-Mem Cython Linear Speed Up.
Loaded Pre Processing Model: Eigenstrat
Loading Individual: I4626

Loaded 50668 variants
Loaded 2504 individuals
HDF5 loaded from ./Data/1000Genomes/HDF5/1240kHDF5/all1240/chr9.hdf5
3 Eigenstrat Files with 5081 Individuals and 1233013 SNPs

Intersection on Positions: 50668
Nr of Matching Refs: 50668 / 50668
Full Intersection Ref/Alt Identical: 50629 / 50668
2504 / 2504 Individuals included in Reference
Extraction of 5008 Haplotypes complete
Reduced to markers called 16464 / 50629
(Fraction SNP: 0.3251891208595864)
Successfully saved to: ./Empirical/Eigenstrat/Reichall/I4626/chr9/
Shuffling phase of target...
Successfully loaded Data from: ./Empirical/Eigenstrat/Reichall/I4626/chr9/
Loaded Emission Model: haploid
Loaded Transition Model: model
Loaded Post Processing Model: Standard
Minimum Genetic Map: 0.0017
Maximum Genetic Map: 1.6630
Gaps bigger than 0.1 cM: 331
Maximum Gap: 1.9151 cM
Loaded Transition and Emission Matrix:
(3, 3)
(5009, 16464)
Loaded Observations:
(2, 16464)
Memory Usage: 922.636288 mB
Reference Number: 5008
Total Log likelihood: -5714.368
Memory Usage: 922.636288 mB
Finished Calculation State Posteriors
Saved Zero State Posterior to ./Empirical/Eigenstrat/Reichall/I4626/chr9/.
Successfully loaded for PP. from ./Empirical/Eigenstrat/Reichall/I4626/chr9/
Fraction Markers in ROH: 0.4890
Merged n=0 gaps < 0.0 M
Called n=21 ROH Blocks > 1.0 cM
Longest Block: 5.188
Successfully saved to ./Empirical/Eigenstrat/Reichall/I4626/chr9/roh.csv
Using Low-Mem Cython Linear Speed Up.
Loaded Pre Processing Model: Eigenstrat
Loading Individual: I4626

Loaded 58804 variants
Loaded 2504 individuals
HDF5 loaded from ./Data/1000Genomes/HDF5/1240kHDF5/all1240/chr10.hdf5
3 Eigenstrat Files with 5081 Individuals and 1233013 SNPs

Intersection on Positions: 58804
Nr of Matching Refs: 58804 / 58804
Full Intersection Ref/Alt Identical: 58763 / 58804
2504 / 2504 Individuals included in Reference
Extraction of 5008 Haplotypes complete
Reduced to markers called 20145 / 58763
(Fraction SNP: 0.3428177594744993)
Successfully saved to: ./Empirical/Eigenstrat/Reichall/I4626/chr10/
Shuffling phase of target...
Successfully loaded Data from: ./Empirical/Eigenstrat/Reichall/I4626/chr10/
Loaded Emission Model: haploid
Loaded Transition Model: model
Loaded Post Processing Model: Standard
Minimum Genetic Map: 0.0001
Maximum Genetic Map: 1.8091
Gaps bigger than 0.1 cM: 340
Maximum Gap: 2.0340 cM
Loaded Transition and Emission Matrix:
(3, 3)
(5009, 20145)
Loaded Observations:
(2, 20145)
Memory Usage: 1089.888256 mB
Reference Number: 5008
Total Log likelihood: -6735.223
Memory Usage: 1089.888256 mB
Finished Calculation State Posteriors
Saved Zero State Posterior to ./Empirical/Eigenstrat/Reichall/I4626/chr10/.
Successfully loaded for PP. from ./Empirical/Eigenstrat/Reichall/I4626/chr10/
Fraction Markers in ROH: 0.5195
Merged n=0 gaps < 0.0 M
Called n=24 ROH Blocks > 1.0 cM
Longest Block: 11.256
Successfully saved to ./Empirical/Eigenstrat/Reichall/I4626/chr10/roh.csv
Using Low-Mem Cython Linear Speed Up.
Loaded Pre Processing Model: Eigenstrat
Loading Individual: I4626

Loaded 54833 variants
Loaded 2504 individuals
HDF5 loaded from ./Data/1000Genomes/HDF5/1240kHDF5/all1240/chr11.hdf5
3 Eigenstrat Files with 5081 Individuals and 1233013 SNPs

Intersection on Positions: 54833
Nr of Matching Refs: 54833 / 54833
Full Intersection Ref/Alt Identical: 54796 / 54833
2504 / 2504 Individuals included in Reference
Extraction of 5008 Haplotypes complete
Reduced to markers called 17992 / 54796
(Fraction SNP: 0.3283451346813636)
Successfully saved to: ./Empirical/Eigenstrat/Reichall/I4626/chr11/
Shuffling phase of target...
Successfully loaded Data from: ./Empirical/Eigenstrat/Reichall/I4626/chr11/
Loaded Emission Model: haploid
Loaded Transition Model: model
Loaded Post Processing Model: Standard
Minimum Genetic Map: 0.0000
Maximum Genetic Map: 1.5822
Gaps bigger than 0.1 cM: 308
Maximum Gap: 0.5279 cM
Loaded Transition and Emission Matrix:
(3, 3)
(5009, 17992)
Loaded Observations:
(2, 17992)
Memory Usage: 993.624064 mB
Reference Number: 5008
Total Log likelihood: -6504.987
Memory Usage: 993.624064 mB
Finished Calculation State Posteriors
Saved Zero State Posterior to ./Empirical/Eigenstrat/Reichall/I4626/chr11/.
Successfully loaded for PP. from ./Empirical/Eigenstrat/Reichall/I4626/chr11/
Fraction Markers in ROH: 0.4496
Merged n=0 gaps < 0.0 M
Called n=13 ROH Blocks > 1.0 cM
Longest Block: 1.656
Successfully saved to ./Empirical/Eigenstrat/Reichall/I4626/chr11/roh.csv
Using Low-Mem Cython Linear Speed Up.
Loaded Pre Processing Model: Eigenstrat
Loading Individual: I4626

Loaded 53911 variants
Loaded 2504 individuals
HDF5 loaded from ./Data/1000Genomes/HDF5/1240kHDF5/all1240/chr12.hdf5
3 Eigenstrat Files with 5081 Individuals and 1233013 SNPs

Intersection on Positions: 53911
Nr of Matching Refs: 53911 / 53911
Full Intersection Ref/Alt Identical: 53884 / 53911
2504 / 2504 Individuals included in Reference
Extraction of 5008 Haplotypes complete
Reduced to markers called 16982 / 53884
(Fraction SNP: 0.31515848860515183)
Successfully saved to: ./Empirical/Eigenstrat/Reichall/I4626/chr12/
Shuffling phase of target...
Successfully loaded Data from: ./Empirical/Eigenstrat/Reichall/I4626/chr12/
Loaded Emission Model: haploid
Loaded Transition Model: model
Loaded Post Processing Model: Standard
Minimum Genetic Map: 0.0017
Maximum Genetic Map: 1.7468
Gaps bigger than 0.1 cM: 357
Maximum Gap: 1.1537 cM
Loaded Transition and Emission Matrix:
(3, 3)
(5009, 16982)
Loaded Observations:
(2, 16982)
Memory Usage: 943.894528 mB
Reference Number: 5008
Total Log likelihood: -6272.547
Memory Usage: 943.894528 mB
Finished Calculation State Posteriors
Saved Zero State Posterior to ./Empirical/Eigenstrat/Reichall/I4626/chr12/.
Successfully loaded for PP. from ./Empirical/Eigenstrat/Reichall/I4626/chr12/
Fraction Markers in ROH: 0.4353
Merged n=0 gaps < 0.0 M
Called n=11 ROH Blocks > 1.0 cM
Longest Block: 2.487
Successfully saved to ./Empirical/Eigenstrat/Reichall/I4626/chr12/roh.csv
Using Low-Mem Cython Linear Speed Up.
Loaded Pre Processing Model: Eigenstrat
Loading Individual: I4626

Loaded 39018 variants
Loaded 2504 individuals
HDF5 loaded from ./Data/1000Genomes/HDF5/1240kHDF5/all1240/chr13.hdf5
3 Eigenstrat Files with 5081 Individuals and 1233013 SNPs

Intersection on Positions: 39018
Nr of Matching Refs: 39018 / 39018
Full Intersection Ref/Alt Identical: 38994 / 39018
2504 / 2504 Individuals included in Reference
Extraction of 5008 Haplotypes complete
Reduced to markers called 10827 / 38994
(Fraction SNP: 0.2776581012463456)
Successfully saved to: ./Empirical/Eigenstrat/Reichall/I4626/chr13/
Shuffling phase of target...
Successfully loaded Data from: ./Empirical/Eigenstrat/Reichall/I4626/chr13/
Loaded Emission Model: haploid
Loaded Transition Model: model
Loaded Post Processing Model: Standard
Minimum Genetic Map: 0.0021
Maximum Genetic Map: 1.2570
Gaps bigger than 0.1 cM: 276
Maximum Gap: 1.2234 cM
Loaded Transition and Emission Matrix:
(3, 3)
(5009, 10827)
Loaded Observations:
(2, 10827)
Memory Usage: 666.955776 mB
Reference Number: 5008
Total Log likelihood: -3791.275
Memory Usage: 666.955776 mB
Finished Calculation State Posteriors
Saved Zero State Posterior to ./Empirical/Eigenstrat/Reichall/I4626/chr13/.
Successfully loaded for PP. from ./Empirical/Eigenstrat/Reichall/I4626/chr13/
Fraction Markers in ROH: 0.4860
Merged n=0 gaps < 0.0 M
Called n=16 ROH Blocks > 1.0 cM
Longest Block: 3.328
Successfully saved to ./Empirical/Eigenstrat/Reichall/I4626/chr13/roh.csv
Using Low-Mem Cython Linear Speed Up.
Loaded Pre Processing Model: Eigenstrat
Loading Individual: I4626

Loaded 36301 variants
Loaded 2504 individuals
HDF5 loaded from ./Data/1000Genomes/HDF5/1240kHDF5/all1240/chr14.hdf5
3 Eigenstrat Files with 5081 Individuals and 1233013 SNPs

Intersection on Positions: 36301
Nr of Matching Refs: 36301 / 36301
Full Intersection Ref/Alt Identical: 36280 / 36301
2504 / 2504 Individuals included in Reference
Extraction of 5008 Haplotypes complete
Reduced to markers called 11705 / 36280
(Fraction SNP: 0.3226295479603087)
Successfully saved to: ./Empirical/Eigenstrat/Reichall/I4626/chr14/
Shuffling phase of target...
Successfully loaded Data from: ./Empirical/Eigenstrat/Reichall/I4626/chr14/
Loaded Emission Model: haploid
Loaded Transition Model: model
Loaded Post Processing Model: Standard
Minimum Genetic Map: 0.0184
Maximum Genetic Map: 1.2020
Gaps bigger than 0.1 cM: 236
Maximum Gap: 3.0853 cM
Loaded Transition and Emission Matrix:
(3, 3)
(5009, 11705)
Loaded Observations:
(2, 11705)
Memory Usage: 707.584 mB
Reference Number: 5008
Total Log likelihood: -3458.367
Memory Usage: 707.584 mB
Finished Calculation State Posteriors
Saved Zero State Posterior to ./Empirical/Eigenstrat/Reichall/I4626/chr14/.
Successfully loaded for PP. from ./Empirical/Eigenstrat/Reichall/I4626/chr14/
Fraction Markers in ROH: 0.6220
Merged n=0 gaps < 0.0 M
Called n=5 ROH Blocks > 1.0 cM
Longest Block: 25.191
Successfully saved to ./Empirical/Eigenstrat/Reichall/I4626/chr14/roh.csv
Using Low-Mem Cython Linear Speed Up.
Loaded Pre Processing Model: Eigenstrat
Loading Individual: I4626

Loaded 34429 variants
Loaded 2504 individuals
HDF5 loaded from ./Data/1000Genomes/HDF5/1240kHDF5/all1240/chr15.hdf5
3 Eigenstrat Files with 5081 Individuals and 1233013 SNPs

Intersection on Positions: 34429
Nr of Matching Refs: 34429 / 34429
Full Intersection Ref/Alt Identical: 34407 / 34429
2504 / 2504 Individuals included in Reference
Extraction of 5008 Haplotypes complete
Reduced to markers called 11960 / 34407
(Fraction SNP: 0.34760368529659663)
Successfully saved to: ./Empirical/Eigenstrat/Reichall/I4626/chr15/
Shuffling phase of target...
Successfully loaded Data from: ./Empirical/Eigenstrat/Reichall/I4626/chr15/
Loaded Emission Model: haploid
Loaded Transition Model: model
Loaded Post Processing Model: Standard
Minimum Genetic Map: 0.0002
Maximum Genetic Map: 1.4134
Gaps bigger than 0.1 cM: 254
Maximum Gap: 11.4957 cM
Loaded Transition and Emission Matrix:
(3, 3)
(5009, 11960)
Loaded Observations:
(2, 11960)
Memory Usage: 721.178624 mB
Reference Number: 5008
Total Log likelihood: -4276.437
Memory Usage: 721.178624 mB
Finished Calculation State Posteriors
Saved Zero State Posterior to ./Empirical/Eigenstrat/Reichall/I4626/chr15/.
Successfully loaded for PP. from ./Empirical/Eigenstrat/Reichall/I4626/chr15/
Fraction Markers in ROH: 0.4798
Merged n=0 gaps < 0.0 M
Called n=20 ROH Blocks > 1.0 cM
Longest Block: 2.888
Successfully saved to ./Empirical/Eigenstrat/Reichall/I4626/chr15/roh.csv
Using Low-Mem Cython Linear Speed Up.
Loaded Pre Processing Model: Eigenstrat
Loading Individual: I4626

Loaded 34402 variants
Loaded 2504 individuals
HDF5 loaded from ./Data/1000Genomes/HDF5/1240kHDF5/all1240/chr16.hdf5
3 Eigenstrat Files with 5081 Individuals and 1233013 SNPs

Intersection on Positions: 34402
Nr of Matching Refs: 34402 / 34402
Full Intersection Ref/Alt Identical: 34375 / 34402
2504 / 2504 Individuals included in Reference
Extraction of 5008 Haplotypes complete
Reduced to markers called 13148 / 34375
(Fraction SNP: 0.38248727272727273)
Successfully saved to: ./Empirical/Eigenstrat/Reichall/I4626/chr16/
Shuffling phase of target...
Successfully loaded Data from: ./Empirical/Eigenstrat/Reichall/I4626/chr16/
Loaded Emission Model: haploid
Loaded Transition Model: model
Loaded Post Processing Model: Standard
Minimum Genetic Map: -0.0000
Maximum Genetic Map: 1.3403
Gaps bigger than 0.1 cM: 272
Maximum Gap: 0.8485 cM
Loaded Transition and Emission Matrix:
(3, 3)
(5009, 13148)
Loaded Observations:
(2, 13148)
Memory Usage: 774.995968 mB
Reference Number: 5008
Total Log likelihood: -4661.162
Memory Usage: 774.995968 mB
Finished Calculation State Posteriors
Saved Zero State Posterior to ./Empirical/Eigenstrat/Reichall/I4626/chr16/.
Successfully loaded for PP. from ./Empirical/Eigenstrat/Reichall/I4626/chr16/
Fraction Markers in ROH: 0.5014
Merged n=0 gaps < 0.0 M
Called n=15 ROH Blocks > 1.0 cM
Longest Block: 2.666
Successfully saved to ./Empirical/Eigenstrat/Reichall/I4626/chr16/roh.csv
Using Low-Mem Cython Linear Speed Up.
Loaded Pre Processing Model: Eigenstrat
Loading Individual: I4626

Loaded 29314 variants
Loaded 2504 individuals
HDF5 loaded from ./Data/1000Genomes/HDF5/1240kHDF5/all1240/chr17.hdf5
3 Eigenstrat Files with 5081 Individuals and 1233013 SNPs

Intersection on Positions: 29314
Nr of Matching Refs: 29314 / 29314
Full Intersection Ref/Alt Identical: 29292 / 29314
2504 / 2504 Individuals included in Reference
Extraction of 5008 Haplotypes complete
Reduced to markers called 11864 / 29292
(Fraction SNP: 0.4050252628704083)
Successfully saved to: ./Empirical/Eigenstrat/Reichall/I4626/chr17/
Shuffling phase of target...
Successfully loaded Data from: ./Empirical/Eigenstrat/Reichall/I4626/chr17/
Loaded Emission Model: haploid
Loaded Transition Model: model
Loaded Post Processing Model: Standard
Minimum Genetic Map: -0.0003
Maximum Genetic Map: 1.2847
Gaps bigger than 0.1 cM: 255
Maximum Gap: 1.5348 cM
Loaded Transition and Emission Matrix:
(3, 3)
(5009, 11864)
Loaded Observations:
(2, 11864)
Memory Usage: 714.776576 mB
Reference Number: 5008
Total Log likelihood: -4426.918
Memory Usage: 714.776576 mB
Finished Calculation State Posteriors
Saved Zero State Posterior to ./Empirical/Eigenstrat/Reichall/I4626/chr17/.
Successfully loaded for PP. from ./Empirical/Eigenstrat/Reichall/I4626/chr17/
Fraction Markers in ROH: 0.4155
Merged n=0 gaps < 0.0 M
Called n=12 ROH Blocks > 1.0 cM
Longest Block: 2.606
Successfully saved to ./Empirical/Eigenstrat/Reichall/I4626/chr17/roh.csv
Using Low-Mem Cython Linear Speed Up.
Loaded Pre Processing Model: Eigenstrat
Loading Individual: I4626

Loaded 33917 variants
Loaded 2504 individuals
HDF5 loaded from ./Data/1000Genomes/HDF5/1240kHDF5/all1240/chr18.hdf5
3 Eigenstrat Files with 5081 Individuals and 1233013 SNPs

Intersection on Positions: 33917
Nr of Matching Refs: 33917 / 33917
Full Intersection Ref/Alt Identical: 33902 / 33917
2504 / 2504 Individuals included in Reference
Extraction of 5008 Haplotypes complete
Reduced to markers called 10492 / 33902
(Fraction SNP: 0.30948026665093503)
Successfully saved to: ./Empirical/Eigenstrat/Reichall/I4626/chr18/
Shuffling phase of target...
Successfully loaded Data from: ./Empirical/Eigenstrat/Reichall/I4626/chr18/
Loaded Emission Model: haploid
Loaded Transition Model: model
Loaded Post Processing Model: Standard
Minimum Genetic Map: 0.0027
Maximum Genetic Map: 1.1771
Gaps bigger than 0.1 cM: 252
Maximum Gap: 0.6104 cM
Loaded Transition and Emission Matrix:
(3, 3)
(5009, 10492)
Loaded Observations:
(2, 10492)
Memory Usage: 651.599872 mB
Reference Number: 5008
Total Log likelihood: -3432.012
Memory Usage: 651.599872 mB
Finished Calculation State Posteriors
Saved Zero State Posterior to ./Empirical/Eigenstrat/Reichall/I4626/chr18/.
Successfully loaded for PP. from ./Empirical/Eigenstrat/Reichall/I4626/chr18/
Fraction Markers in ROH: 0.5732
Merged n=0 gaps < 0.0 M
Called n=14 ROH Blocks > 1.0 cM
Longest Block: 5.083
Successfully saved to ./Empirical/Eigenstrat/Reichall/I4626/chr18/roh.csv
Using Low-Mem Cython Linear Speed Up.
Loaded Pre Processing Model: Eigenstrat
Loading Individual: I4626

Loaded 18460 variants
Loaded 2504 individuals
HDF5 loaded from ./Data/1000Genomes/HDF5/1240kHDF5/all1240/chr19.hdf5
3 Eigenstrat Files with 5081 Individuals and 1233013 SNPs

Intersection on Positions: 18460
Nr of Matching Refs: 18460 / 18460
Full Intersection Ref/Alt Identical: 18441 / 18460
2504 / 2504 Individuals included in Reference
Extraction of 5008 Haplotypes complete
Reduced to markers called 8338 / 18441
(Fraction SNP: 0.4521446776205195)
Successfully saved to: ./Empirical/Eigenstrat/Reichall/I4626/chr19/
Shuffling phase of target...
Successfully loaded Data from: ./Empirical/Eigenstrat/Reichall/I4626/chr19/
Loaded Emission Model: haploid
Loaded Transition Model: model
Loaded Post Processing Model: Standard
Minimum Genetic Map: 0.0000
Maximum Genetic Map: 1.0773
Gaps bigger than 0.1 cM: 234
Maximum Gap: 0.5964 cM
Loaded Transition and Emission Matrix:
(3, 3)
(5009, 8338)
Loaded Observations:
(2, 8338)
Memory Usage: 555.552768 mB
Reference Number: 5008
Total Log likelihood: -3126.721
Memory Usage: 555.552768 mB
Finished Calculation State Posteriors
Saved Zero State Posterior to ./Empirical/Eigenstrat/Reichall/I4626/chr19/.
Successfully loaded for PP. from ./Empirical/Eigenstrat/Reichall/I4626/chr19/
Fraction Markers in ROH: 0.4771
Merged n=0 gaps < 0.0 M
Called n=11 ROH Blocks > 1.0 cM
Longest Block: 9.116
Successfully saved to ./Empirical/Eigenstrat/Reichall/I4626/chr19/roh.csv
Using Low-Mem Cython Linear Speed Up.
Loaded Pre Processing Model: Eigenstrat
Loading Individual: I4626

Loaded 29078 variants
Loaded 2504 individuals
HDF5 loaded from ./Data/1000Genomes/HDF5/1240kHDF5/all1240/chr20.hdf5
3 Eigenstrat Files with 5081 Individuals and 1233013 SNPs

Intersection on Positions: 29078
Nr of Matching Refs: 29078 / 29078
Full Intersection Ref/Alt Identical: 29053 / 29078
2504 / 2504 Individuals included in Reference
Extraction of 5008 Haplotypes complete
Reduced to markers called 11336 / 29053
(Fraction SNP: 0.3901834578184697)
Successfully saved to: ./Empirical/Eigenstrat/Reichall/I4626/chr20/
Shuffling phase of target...
Successfully loaded Data from: ./Empirical/Eigenstrat/Reichall/I4626/chr20/
Loaded Emission Model: haploid
Loaded Transition Model: model
Loaded Post Processing Model: Standard
Minimum Genetic Map: 0.0000
Maximum Genetic Map: 1.0821
Gaps bigger than 0.1 cM: 215
Maximum Gap: 0.6834 cM
Loaded Transition and Emission Matrix:
(3, 3)
(5009, 11336)
Loaded Observations:
(2, 11336)
Memory Usage: 691.228672 mB
Reference Number: 5008
Total Log likelihood: -3680.950
Memory Usage: 691.228672 mB
Finished Calculation State Posteriors
Saved Zero State Posterior to ./Empirical/Eigenstrat/Reichall/I4626/chr20/.
Successfully loaded for PP. from ./Empirical/Eigenstrat/Reichall/I4626/chr20/
Fraction Markers in ROH: 0.5309
Merged n=0 gaps < 0.0 M
Called n=16 ROH Blocks > 1.0 cM
Longest Block: 5.936
Successfully saved to ./Empirical/Eigenstrat/Reichall/I4626/chr20/roh.csv
Using Low-Mem Cython Linear Speed Up.
Loaded Pre Processing Model: Eigenstrat
Loading Individual: I4626

Loaded 16038 variants
Loaded 2504 individuals
HDF5 loaded from ./Data/1000Genomes/HDF5/1240kHDF5/all1240/chr21.hdf5
3 Eigenstrat Files with 5081 Individuals and 1233013 SNPs

Intersection on Positions: 16038
Nr of Matching Refs: 16038 / 16038
Full Intersection Ref/Alt Identical: 16031 / 16038
2504 / 2504 Individuals included in Reference
Extraction of 5008 Haplotypes complete
Reduced to markers called 5051 / 16031
(Fraction SNP: 0.3150770382384131)
Successfully saved to: ./Empirical/Eigenstrat/Reichall/I4626/chr21/
Shuffling phase of target...
Successfully loaded Data from: ./Empirical/Eigenstrat/Reichall/I4626/chr21/
Loaded Emission Model: haploid
Loaded Transition Model: model
Loaded Post Processing Model: Standard
Minimum Genetic Map: 0.0145
Maximum Genetic Map: 0.6277
Gaps bigger than 0.1 cM: 150
Maximum Gap: 0.6893 cM
Loaded Transition and Emission Matrix:
(3, 3)
(5009, 5051)
Loaded Observations:
(2, 5051)
Memory Usage: 408.817664 mB
Reference Number: 5008
Total Log likelihood: -1840.835
Memory Usage: 408.817664 mB
Finished Calculation State Posteriors
Saved Zero State Posterior to ./Empirical/Eigenstrat/Reichall/I4626/chr21/.
Successfully loaded for PP. from ./Empirical/Eigenstrat/Reichall/I4626/chr21/
Fraction Markers in ROH: 0.4819
Merged n=0 gaps < 0.0 M
Called n=8 ROH Blocks > 1.0 cM
Longest Block: 3.504
Successfully saved to ./Empirical/Eigenstrat/Reichall/I4626/chr21/roh.csv
Using Low-Mem Cython Linear Speed Up.
Loaded Pre Processing Model: Eigenstrat
Loading Individual: I4626

Loaded 15802 variants
Loaded 2504 individuals
HDF5 loaded from ./Data/1000Genomes/HDF5/1240kHDF5/all1240/chr22.hdf5
3 Eigenstrat Files with 5081 Individuals and 1233013 SNPs

Intersection on Positions: 15802
Nr of Matching Refs: 15802 / 15802
Full Intersection Ref/Alt Identical: 15793 / 15802
2504 / 2504 Individuals included in Reference
Extraction of 5008 Haplotypes complete
Reduced to markers called 7401 / 15793
(Fraction SNP: 0.4686253403406572)
Successfully saved to: ./Empirical/Eigenstrat/Reichall/I4626/chr22/
Shuffling phase of target...
Successfully loaded Data from: ./Empirical/Eigenstrat/Reichall/I4626/chr22/
Loaded Emission Model: haploid
Loaded Transition Model: model
Loaded Post Processing Model: Standard
Minimum Genetic Map: 0.0180
Maximum Genetic Map: 0.7408
Gaps bigger than 0.1 cM: 141
Maximum Gap: 1.6949 cM
Loaded Transition and Emission Matrix:
(3, 3)
(5009, 7401)
Loaded Observations:
(2, 7401)
Memory Usage: 511.475712 mB
Reference Number: 5008
Total Log likelihood: -2581.772
Memory Usage: 511.483904 mB
Finished Calculation State Posteriors
Saved Zero State Posterior to ./Empirical/Eigenstrat/Reichall/I4626/chr22/.
Successfully loaded for PP. from ./Empirical/Eigenstrat/Reichall/I4626/chr22/
Fraction Markers in ROH: 0.4886
Merged n=0 gaps < 0.0 M
Called n=9 ROH Blocks > 1.0 cM
Longest Block: 2.555
Successfully saved to ./Empirical/Eigenstrat/Reichall/I4626/chr22/roh.csv
