Doing Individual I11974...
Using Low-Mem Cython Linear Speed Up.
Loaded Pre Processing Model: Eigenstrat
Loading Individual: I11974

Loaded 89147 variants
Loaded 2504 individuals
HDF5 loaded from ./Data/1000Genomes/HDF5/1240kHDF5/all1240/chr1.hdf5
3 Eigenstrat Files with 5081 Individuals and 1233013 SNPs

Intersection on Positions: 89147
Nr of Matching Refs: 89147 / 89147
Full Intersection Ref/Alt Identical: 89082 / 89147
2504 / 2504 Individuals included in Reference
Extraction of 5008 Haplotypes complete
Reduced to markers called 64221 / 89082
(Fraction SNP: 0.7209200511887923)
Successfully saved to: ./Empirical/Eigenstrat/Reichall/I11974/chr1/
Shuffling phase of target...
Successfully loaded Data from: ./Empirical/Eigenstrat/Reichall/I11974/chr1/
Loaded Emission Model: haploid
Loaded Transition Model: model
Loaded Post Processing Model: Standard
Minimum Genetic Map: 0.0201
Maximum Genetic Map: 2.8627
Gaps bigger than 0.1 cM: 320
Maximum Gap: 3.3404 cM
Loaded Transition and Emission Matrix:
(3, 3)
(5009, 64221)
Loaded Observations:
(2, 64221)
Memory Usage: 3079.438336 mB
Reference Number: 5008
Total Log likelihood: -18601.593
Memory Usage: 3079.897088 mB
Finished Calculation State Posteriors
Saved Zero State Posterior to ./Empirical/Eigenstrat/Reichall/I11974/chr1/.
Successfully loaded for PP. from ./Empirical/Eigenstrat/Reichall/I11974/chr1/
Fraction Markers in ROH: 0.5478
Merged n=0 gaps < 0.0 M
Called n=35 ROH Blocks > 1.0 cM
Longest Block: 7.503
Successfully saved to ./Empirical/Eigenstrat/Reichall/I11974/chr1/roh.csv
Using Low-Mem Cython Linear Speed Up.
Loaded Pre Processing Model: Eigenstrat
Loading Individual: I11974

Loaded 94239 variants
Loaded 2504 individuals
HDF5 loaded from ./Data/1000Genomes/HDF5/1240kHDF5/all1240/chr2.hdf5
3 Eigenstrat Files with 5081 Individuals and 1233013 SNPs

Intersection on Positions: 94239
Nr of Matching Refs: 94239 / 94239
Full Intersection Ref/Alt Identical: 94173 / 94239
2504 / 2504 Individuals included in Reference
Extraction of 5008 Haplotypes complete
Reduced to markers called 65519 / 94173
(Fraction SNP: 0.6957301986769031)
Successfully saved to: ./Empirical/Eigenstrat/Reichall/I11974/chr2/
Shuffling phase of target...
Successfully loaded Data from: ./Empirical/Eigenstrat/Reichall/I11974/chr2/
Loaded Emission Model: haploid
Loaded Transition Model: model
Loaded Post Processing Model: Standard
Minimum Genetic Map: 0.0001
Maximum Genetic Map: 2.6883
Gaps bigger than 0.1 cM: 308
Maximum Gap: 1.8302 cM
Loaded Transition and Emission Matrix:
(3, 3)
(5009, 65519)
Loaded Observations:
(2, 65519)
Memory Usage: 3129.581568 mB
Reference Number: 5008
Total Log likelihood: -17440.901
Memory Usage: 3129.581568 mB
Finished Calculation State Posteriors
Saved Zero State Posterior to ./Empirical/Eigenstrat/Reichall/I11974/chr2/.
Successfully loaded for PP. from ./Empirical/Eigenstrat/Reichall/I11974/chr2/
Fraction Markers in ROH: 0.5985
Merged n=0 gaps < 0.0 M
Called n=27 ROH Blocks > 1.0 cM
Longest Block: 9.648
Successfully saved to ./Empirical/Eigenstrat/Reichall/I11974/chr2/roh.csv
Using Low-Mem Cython Linear Speed Up.
Loaded Pre Processing Model: Eigenstrat
Loading Individual: I11974

Loaded 77652 variants
Loaded 2504 individuals
HDF5 loaded from ./Data/1000Genomes/HDF5/1240kHDF5/all1240/chr3.hdf5
3 Eigenstrat Files with 5081 Individuals and 1233013 SNPs

Intersection on Positions: 77652
Nr of Matching Refs: 77652 / 77652
Full Intersection Ref/Alt Identical: 77601 / 77652
2504 / 2504 Individuals included in Reference
Extraction of 5008 Haplotypes complete
Reduced to markers called 53604 / 77601
(Fraction SNP: 0.6907642942745583)
Successfully saved to: ./Empirical/Eigenstrat/Reichall/I11974/chr3/
Shuffling phase of target...
Successfully loaded Data from: ./Empirical/Eigenstrat/Reichall/I11974/chr3/
Loaded Emission Model: haploid
Loaded Transition Model: model
Loaded Post Processing Model: Standard
Minimum Genetic Map: 0.0000
Maximum Genetic Map: 2.2326
Gaps bigger than 0.1 cM: 272
Maximum Gap: 0.3910 cM
Loaded Transition and Emission Matrix:
(3, 3)
(5009, 53604)
Loaded Observations:
(2, 53604)
Memory Usage: 2593.763328 mB
Reference Number: 5008
Total Log likelihood: -16682.734
Memory Usage: 2593.763328 mB
Finished Calculation State Posteriors
Saved Zero State Posterior to ./Empirical/Eigenstrat/Reichall/I11974/chr3/.
Successfully loaded for PP. from ./Empirical/Eigenstrat/Reichall/I11974/chr3/
Fraction Markers in ROH: 0.4855
Merged n=0 gaps < 0.0 M
Called n=19 ROH Blocks > 1.0 cM
Longest Block: 6.210
Successfully saved to ./Empirical/Eigenstrat/Reichall/I11974/chr3/roh.csv
Using Low-Mem Cython Linear Speed Up.
Loaded Pre Processing Model: Eigenstrat
Loading Individual: I11974

Loaded 68759 variants
Loaded 2504 individuals
HDF5 loaded from ./Data/1000Genomes/HDF5/1240kHDF5/all1240/chr4.hdf5
3 Eigenstrat Files with 5081 Individuals and 1233013 SNPs

Intersection on Positions: 68759
Nr of Matching Refs: 68759 / 68759
Full Intersection Ref/Alt Identical: 68720 / 68759
2504 / 2504 Individuals included in Reference
Extraction of 5008 Haplotypes complete
Reduced to markers called 44911 / 68720
(Fraction SNP: 0.6535360884749709)
Successfully saved to: ./Empirical/Eigenstrat/Reichall/I11974/chr4/
Shuffling phase of target...
Successfully loaded Data from: ./Empirical/Eigenstrat/Reichall/I11974/chr4/
Loaded Emission Model: haploid
Loaded Transition Model: model
Loaded Post Processing Model: Standard
Minimum Genetic Map: 0.0035
Maximum Genetic Map: 2.1454
Gaps bigger than 0.1 cM: 270
Maximum Gap: 2.0422 cM
Loaded Transition and Emission Matrix:
(3, 3)
(5009, 44911)
Loaded Observations:
(2, 44911)
Memory Usage: 2203.193344 mB
Reference Number: 5008
Total Log likelihood: -12935.455
Memory Usage: 2203.193344 mB
Finished Calculation State Posteriors
Saved Zero State Posterior to ./Empirical/Eigenstrat/Reichall/I11974/chr4/.
Successfully loaded for PP. from ./Empirical/Eigenstrat/Reichall/I11974/chr4/
Fraction Markers in ROH: 0.5540
Merged n=0 gaps < 0.0 M
Called n=21 ROH Blocks > 1.0 cM
Longest Block: 13.029
Successfully saved to ./Empirical/Eigenstrat/Reichall/I11974/chr4/roh.csv
Using Low-Mem Cython Linear Speed Up.
Loaded Pre Processing Model: Eigenstrat
Loading Individual: I11974

Loaded 69399 variants
Loaded 2504 individuals
HDF5 loaded from ./Data/1000Genomes/HDF5/1240kHDF5/all1240/chr5.hdf5
3 Eigenstrat Files with 5081 Individuals and 1233013 SNPs

Intersection on Positions: 69399
Nr of Matching Refs: 69399 / 69399
Full Intersection Ref/Alt Identical: 69354 / 69399
2504 / 2504 Individuals included in Reference
Extraction of 5008 Haplotypes complete
Reduced to markers called 47683 / 69354
(Fraction SNP: 0.6875306399054129)
Successfully saved to: ./Empirical/Eigenstrat/Reichall/I11974/chr5/
Shuffling phase of target...
Successfully loaded Data from: ./Empirical/Eigenstrat/Reichall/I11974/chr5/
Loaded Emission Model: haploid
Loaded Transition Model: model
Loaded Post Processing Model: Standard
Minimum Genetic Map: 0.0004
Maximum Genetic Map: 2.0409
Gaps bigger than 0.1 cM: 270
Maximum Gap: 1.0498 cM
Loaded Transition and Emission Matrix:
(3, 3)
(5009, 47683)
Loaded Observations:
(2, 47683)
Memory Usage: 2329.735168 mB
Reference Number: 5008
Total Log likelihood: -14655.295
Memory Usage: 2329.735168 mB
Finished Calculation State Posteriors
Saved Zero State Posterior to ./Empirical/Eigenstrat/Reichall/I11974/chr5/.
Successfully loaded for PP. from ./Empirical/Eigenstrat/Reichall/I11974/chr5/
Fraction Markers in ROH: 0.5135
Merged n=0 gaps < 0.0 M
Called n=17 ROH Blocks > 1.0 cM
Longest Block: 6.298
Successfully saved to ./Empirical/Eigenstrat/Reichall/I11974/chr5/roh.csv
Using Low-Mem Cython Linear Speed Up.
Loaded Pre Processing Model: Eigenstrat
Loading Individual: I11974

Loaded 75870 variants
Loaded 2504 individuals
HDF5 loaded from ./Data/1000Genomes/HDF5/1240kHDF5/all1240/chr6.hdf5
3 Eigenstrat Files with 5081 Individuals and 1233013 SNPs

Intersection on Positions: 75870
Nr of Matching Refs: 75870 / 75870
Full Intersection Ref/Alt Identical: 75816 / 75870
2504 / 2504 Individuals included in Reference
Extraction of 5008 Haplotypes complete
Reduced to markers called 52244 / 75816
(Fraction SNP: 0.6890893742745594)
Successfully saved to: ./Empirical/Eigenstrat/Reichall/I11974/chr6/
Shuffling phase of target...
Successfully loaded Data from: ./Empirical/Eigenstrat/Reichall/I11974/chr6/
Loaded Emission Model: haploid
Loaded Transition Model: model
Loaded Post Processing Model: Standard
Minimum Genetic Map: 0.0035
Maximum Genetic Map: 1.9203
Gaps bigger than 0.1 cM: 212
Maximum Gap: 0.5090 cM
Loaded Transition and Emission Matrix:
(3, 3)
(5009, 52244)
Loaded Observations:
(2, 52244)
Memory Usage: 2533.00736 mB
Reference Number: 5008
Total Log likelihood: -15197.864
Memory Usage: 2533.00736 mB
Finished Calculation State Posteriors
Saved Zero State Posterior to ./Empirical/Eigenstrat/Reichall/I11974/chr6/.
Successfully loaded for PP. from ./Empirical/Eigenstrat/Reichall/I11974/chr6/
Fraction Markers in ROH: 0.5419
Merged n=0 gaps < 0.0 M
Called n=16 ROH Blocks > 1.0 cM
Longest Block: 8.030
Successfully saved to ./Empirical/Eigenstrat/Reichall/I11974/chr6/roh.csv
Using Low-Mem Cython Linear Speed Up.
Loaded Pre Processing Model: Eigenstrat
Loading Individual: I11974

Loaded 59890 variants
Loaded 2504 individuals
HDF5 loaded from ./Data/1000Genomes/HDF5/1240kHDF5/all1240/chr7.hdf5
3 Eigenstrat Files with 5081 Individuals and 1233013 SNPs

Intersection on Positions: 59890
Nr of Matching Refs: 59890 / 59890
Full Intersection Ref/Alt Identical: 59836 / 59890
2504 / 2504 Individuals included in Reference
Extraction of 5008 Haplotypes complete
Reduced to markers called 41091 / 59836
(Fraction SNP: 0.6867270539474564)
Successfully saved to: ./Empirical/Eigenstrat/Reichall/I11974/chr7/
Shuffling phase of target...
Successfully loaded Data from: ./Empirical/Eigenstrat/Reichall/I11974/chr7/
Loaded Emission Model: haploid
Loaded Transition Model: model
Loaded Post Processing Model: Standard
Minimum Genetic Map: 0.0000
Maximum Genetic Map: 1.8715
Gaps bigger than 0.1 cM: 250
Maximum Gap: 0.8416 cM
Loaded Transition and Emission Matrix:
(3, 3)
(5009, 41091)
Loaded Observations:
(2, 41091)
Memory Usage: 2029.686784 mB
Reference Number: 5008
Total Log likelihood: -11313.196
Memory Usage: 2029.686784 mB
Finished Calculation State Posteriors
Saved Zero State Posterior to ./Empirical/Eigenstrat/Reichall/I11974/chr7/.
Successfully loaded for PP. from ./Empirical/Eigenstrat/Reichall/I11974/chr7/
Fraction Markers in ROH: 0.5739
Merged n=0 gaps < 0.0 M
Called n=23 ROH Blocks > 1.0 cM
Longest Block: 16.005
Successfully saved to ./Empirical/Eigenstrat/Reichall/I11974/chr7/roh.csv
Using Low-Mem Cython Linear Speed Up.
Loaded Pre Processing Model: Eigenstrat
Loading Individual: I11974

Loaded 61133 variants
Loaded 2504 individuals
HDF5 loaded from ./Data/1000Genomes/HDF5/1240kHDF5/all1240/chr8.hdf5
3 Eigenstrat Files with 5081 Individuals and 1233013 SNPs

Intersection on Positions: 61133
Nr of Matching Refs: 61133 / 61133
Full Intersection Ref/Alt Identical: 61091 / 61133
2504 / 2504 Individuals included in Reference
Extraction of 5008 Haplotypes complete
Reduced to markers called 42821 / 61091
(Fraction SNP: 0.7009379450328199)
Successfully saved to: ./Empirical/Eigenstrat/Reichall/I11974/chr8/
Shuffling phase of target...
Successfully loaded Data from: ./Empirical/Eigenstrat/Reichall/I11974/chr8/
Loaded Emission Model: haploid
Loaded Transition Model: model
Loaded Post Processing Model: Standard
Minimum Genetic Map: 0.0000
Maximum Genetic Map: 1.6800
Gaps bigger than 0.1 cM: 169
Maximum Gap: 1.8932 cM
Loaded Transition and Emission Matrix:
(3, 3)
(5009, 42821)
Loaded Observations:
(2, 42821)
Memory Usage: 2108.473344 mB
Reference Number: 5008
Total Log likelihood: -13489.990
Memory Usage: 2108.473344 mB
Finished Calculation State Posteriors
Saved Zero State Posterior to ./Empirical/Eigenstrat/Reichall/I11974/chr8/.
Successfully loaded for PP. from ./Empirical/Eigenstrat/Reichall/I11974/chr8/
Fraction Markers in ROH: 0.4956
Merged n=0 gaps < 0.0 M
Called n=13 ROH Blocks > 1.0 cM
Longest Block: 7.196
Successfully saved to ./Empirical/Eigenstrat/Reichall/I11974/chr8/roh.csv
Using Low-Mem Cython Linear Speed Up.
Loaded Pre Processing Model: Eigenstrat
Loading Individual: I11974

Loaded 50668 variants
Loaded 2504 individuals
HDF5 loaded from ./Data/1000Genomes/HDF5/1240kHDF5/all1240/chr9.hdf5
3 Eigenstrat Files with 5081 Individuals and 1233013 SNPs

Intersection on Positions: 50668
Nr of Matching Refs: 50668 / 50668
Full Intersection Ref/Alt Identical: 50629 / 50668
2504 / 2504 Individuals included in Reference
Extraction of 5008 Haplotypes complete
Reduced to markers called 35881 / 50629
(Fraction SNP: 0.7087044974224259)
Successfully saved to: ./Empirical/Eigenstrat/Reichall/I11974/chr9/
Shuffling phase of target...
Successfully loaded Data from: ./Empirical/Eigenstrat/Reichall/I11974/chr9/
Loaded Emission Model: haploid
Loaded Transition Model: model
Loaded Post Processing Model: Standard
Minimum Genetic Map: 0.0016
Maximum Genetic Map: 1.6630
Gaps bigger than 0.1 cM: 231
Maximum Gap: 1.8819 cM
Loaded Transition and Emission Matrix:
(3, 3)
(5009, 35881)
Loaded Observations:
(2, 35881)
Memory Usage: 1797.455872 mB
Reference Number: 5008
Total Log likelihood: -11195.948
Memory Usage: 1797.455872 mB
Finished Calculation State Posteriors
Saved Zero State Posterior to ./Empirical/Eigenstrat/Reichall/I11974/chr9/.
Successfully loaded for PP. from ./Empirical/Eigenstrat/Reichall/I11974/chr9/
Fraction Markers in ROH: 0.5305
Merged n=0 gaps < 0.0 M
Called n=14 ROH Blocks > 1.0 cM
Longest Block: 3.217
Successfully saved to ./Empirical/Eigenstrat/Reichall/I11974/chr9/roh.csv
Using Low-Mem Cython Linear Speed Up.
Loaded Pre Processing Model: Eigenstrat
Loading Individual: I11974

Loaded 58804 variants
Loaded 2504 individuals
HDF5 loaded from ./Data/1000Genomes/HDF5/1240kHDF5/all1240/chr10.hdf5
3 Eigenstrat Files with 5081 Individuals and 1233013 SNPs

Intersection on Positions: 58804
Nr of Matching Refs: 58804 / 58804
Full Intersection Ref/Alt Identical: 58763 / 58804
2504 / 2504 Individuals included in Reference
Extraction of 5008 Haplotypes complete
Reduced to markers called 42501 / 58763
(Fraction SNP: 0.7232612358116501)
Successfully saved to: ./Empirical/Eigenstrat/Reichall/I11974/chr10/
Shuffling phase of target...
Successfully loaded Data from: ./Empirical/Eigenstrat/Reichall/I11974/chr10/
Loaded Emission Model: haploid
Loaded Transition Model: model
Loaded Post Processing Model: Standard
Minimum Genetic Map: 0.0001
Maximum Genetic Map: 1.8092
Gaps bigger than 0.1 cM: 219
Maximum Gap: 2.0338 cM
Loaded Transition and Emission Matrix:
(3, 3)
(5009, 42501)
Loaded Observations:
(2, 42501)
Memory Usage: 2096.41472 mB
Reference Number: 5008
Total Log likelihood: -13055.853
Memory Usage: 2096.41472 mB
Finished Calculation State Posteriors
Saved Zero State Posterior to ./Empirical/Eigenstrat/Reichall/I11974/chr10/.
Successfully loaded for PP. from ./Empirical/Eigenstrat/Reichall/I11974/chr10/
Fraction Markers in ROH: 0.4997
Merged n=0 gaps < 0.0 M
Called n=12 ROH Blocks > 1.0 cM
Longest Block: 15.656
Successfully saved to ./Empirical/Eigenstrat/Reichall/I11974/chr10/roh.csv
Using Low-Mem Cython Linear Speed Up.
Loaded Pre Processing Model: Eigenstrat
Loading Individual: I11974

Loaded 54833 variants
Loaded 2504 individuals
HDF5 loaded from ./Data/1000Genomes/HDF5/1240kHDF5/all1240/chr11.hdf5
3 Eigenstrat Files with 5081 Individuals and 1233013 SNPs

Intersection on Positions: 54833
Nr of Matching Refs: 54833 / 54833
Full Intersection Ref/Alt Identical: 54796 / 54833
2504 / 2504 Individuals included in Reference
Extraction of 5008 Haplotypes complete
Reduced to markers called 38835 / 54796
(Fraction SNP: 0.7087196145704066)
Successfully saved to: ./Empirical/Eigenstrat/Reichall/I11974/chr11/
Shuffling phase of target...
Successfully loaded Data from: ./Empirical/Eigenstrat/Reichall/I11974/chr11/
Loaded Emission Model: haploid
Loaded Transition Model: model
Loaded Post Processing Model: Standard
Minimum Genetic Map: 0.0000
Maximum Genetic Map: 1.5822
Gaps bigger than 0.1 cM: 202
Maximum Gap: 0.5366 cM
Loaded Transition and Emission Matrix:
(3, 3)
(5009, 38835)
Loaded Observations:
(2, 38835)
Memory Usage: 1933.242368 mB
Reference Number: 5008
Total Log likelihood: -11490.815
Memory Usage: 1933.242368 mB
Finished Calculation State Posteriors
Saved Zero State Posterior to ./Empirical/Eigenstrat/Reichall/I11974/chr11/.
Successfully loaded for PP. from ./Empirical/Eigenstrat/Reichall/I11974/chr11/
Fraction Markers in ROH: 0.5411
Merged n=0 gaps < 0.0 M
Called n=15 ROH Blocks > 1.0 cM
Longest Block: 4.527
Successfully saved to ./Empirical/Eigenstrat/Reichall/I11974/chr11/roh.csv
Using Low-Mem Cython Linear Speed Up.
Loaded Pre Processing Model: Eigenstrat
Loading Individual: I11974

Loaded 53911 variants
Loaded 2504 individuals
HDF5 loaded from ./Data/1000Genomes/HDF5/1240kHDF5/all1240/chr12.hdf5
3 Eigenstrat Files with 5081 Individuals and 1233013 SNPs

Intersection on Positions: 53911
Nr of Matching Refs: 53911 / 53911
Full Intersection Ref/Alt Identical: 53884 / 53911
2504 / 2504 Individuals included in Reference
Extraction of 5008 Haplotypes complete
Reduced to markers called 37612 / 53884
(Fraction SNP: 0.6980179645163685)
Successfully saved to: ./Empirical/Eigenstrat/Reichall/I11974/chr12/
Shuffling phase of target...
Successfully loaded Data from: ./Empirical/Eigenstrat/Reichall/I11974/chr12/
Loaded Emission Model: haploid
Loaded Transition Model: model
Loaded Post Processing Model: Standard
Minimum Genetic Map: 0.0017
Maximum Genetic Map: 1.7468
Gaps bigger than 0.1 cM: 214
Maximum Gap: 0.8015 cM
Loaded Transition and Emission Matrix:
(3, 3)
(5009, 37612)
Loaded Observations:
(2, 37612)
Memory Usage: 1873.645568 mB
Reference Number: 5008
Total Log likelihood: -12014.103
Memory Usage: 1873.645568 mB
Finished Calculation State Posteriors
Saved Zero State Posterior to ./Empirical/Eigenstrat/Reichall/I11974/chr12/.
Successfully loaded for PP. from ./Empirical/Eigenstrat/Reichall/I11974/chr12/
Fraction Markers in ROH: 0.4729
Merged n=0 gaps < 0.0 M
Called n=11 ROH Blocks > 1.0 cM
Longest Block: 6.724
Successfully saved to ./Empirical/Eigenstrat/Reichall/I11974/chr12/roh.csv
Using Low-Mem Cython Linear Speed Up.
Loaded Pre Processing Model: Eigenstrat
Loading Individual: I11974

Loaded 39018 variants
Loaded 2504 individuals
HDF5 loaded from ./Data/1000Genomes/HDF5/1240kHDF5/all1240/chr13.hdf5
3 Eigenstrat Files with 5081 Individuals and 1233013 SNPs

Intersection on Positions: 39018
Nr of Matching Refs: 39018 / 39018
Full Intersection Ref/Alt Identical: 38994 / 39018
2504 / 2504 Individuals included in Reference
Extraction of 5008 Haplotypes complete
Reduced to markers called 25975 / 38994
(Fraction SNP: 0.6661281222752218)
Successfully saved to: ./Empirical/Eigenstrat/Reichall/I11974/chr13/
Shuffling phase of target...
Successfully loaded Data from: ./Empirical/Eigenstrat/Reichall/I11974/chr13/
Loaded Emission Model: haploid
Loaded Transition Model: model
Loaded Post Processing Model: Standard
Minimum Genetic Map: 0.0019
Maximum Genetic Map: 1.2570
Gaps bigger than 0.1 cM: 171
Maximum Gap: 1.2216 cM
Loaded Transition and Emission Matrix:
(3, 3)
(5009, 25975)
Loaded Observations:
(2, 25975)
Memory Usage: 1349.849088 mB
Reference Number: 5008
Total Log likelihood: -8870.379
Memory Usage: 1349.849088 mB
Finished Calculation State Posteriors
Saved Zero State Posterior to ./Empirical/Eigenstrat/Reichall/I11974/chr13/.
Successfully loaded for PP. from ./Empirical/Eigenstrat/Reichall/I11974/chr13/
Fraction Markers in ROH: 0.4207
Merged n=0 gaps < 0.0 M
Called n=6 ROH Blocks > 1.0 cM
Longest Block: 3.505
Successfully saved to ./Empirical/Eigenstrat/Reichall/I11974/chr13/roh.csv
Using Low-Mem Cython Linear Speed Up.
Loaded Pre Processing Model: Eigenstrat
Loading Individual: I11974

Loaded 36301 variants
Loaded 2504 individuals
HDF5 loaded from ./Data/1000Genomes/HDF5/1240kHDF5/all1240/chr14.hdf5
3 Eigenstrat Files with 5081 Individuals and 1233013 SNPs

Intersection on Positions: 36301
Nr of Matching Refs: 36301 / 36301
Full Intersection Ref/Alt Identical: 36280 / 36301
2504 / 2504 Individuals included in Reference
Extraction of 5008 Haplotypes complete
Reduced to markers called 25247 / 36280
(Fraction SNP: 0.6958930540242558)
Successfully saved to: ./Empirical/Eigenstrat/Reichall/I11974/chr14/
Shuffling phase of target...
Successfully loaded Data from: ./Empirical/Eigenstrat/Reichall/I11974/chr14/
Loaded Emission Model: haploid
Loaded Transition Model: model
Loaded Post Processing Model: Standard
Minimum Genetic Map: 0.0161
Maximum Genetic Map: 1.2020
Gaps bigger than 0.1 cM: 152
Maximum Gap: 3.1346 cM
Loaded Transition and Emission Matrix:
(3, 3)
(5009, 25247)
Loaded Observations:
(2, 25247)
Memory Usage: 1318.084608 mB
Reference Number: 5008
Total Log likelihood: -7932.872
Memory Usage: 1318.084608 mB
Finished Calculation State Posteriors
Saved Zero State Posterior to ./Empirical/Eigenstrat/Reichall/I11974/chr14/.
Successfully loaded for PP. from ./Empirical/Eigenstrat/Reichall/I11974/chr14/
Fraction Markers in ROH: 0.5161
Merged n=0 gaps < 0.0 M
Called n=13 ROH Blocks > 1.0 cM
Longest Block: 4.414
Successfully saved to ./Empirical/Eigenstrat/Reichall/I11974/chr14/roh.csv
Using Low-Mem Cython Linear Speed Up.
Loaded Pre Processing Model: Eigenstrat
Loading Individual: I11974

Loaded 34429 variants
Loaded 2504 individuals
HDF5 loaded from ./Data/1000Genomes/HDF5/1240kHDF5/all1240/chr15.hdf5
3 Eigenstrat Files with 5081 Individuals and 1233013 SNPs

Intersection on Positions: 34429
Nr of Matching Refs: 34429 / 34429
Full Intersection Ref/Alt Identical: 34407 / 34429
2504 / 2504 Individuals included in Reference
Extraction of 5008 Haplotypes complete
Reduced to markers called 24975 / 34407
(Fraction SNP: 0.7258697358095736)
Successfully saved to: ./Empirical/Eigenstrat/Reichall/I11974/chr15/
Shuffling phase of target...
Successfully loaded Data from: ./Empirical/Eigenstrat/Reichall/I11974/chr15/
Loaded Emission Model: haploid
Loaded Transition Model: model
Loaded Post Processing Model: Standard
Minimum Genetic Map: 0.0002
Maximum Genetic Map: 1.4135
Gaps bigger than 0.1 cM: 155
Maximum Gap: 13.7349 cM
Loaded Transition and Emission Matrix:
(3, 3)
(5009, 24975)
Loaded Observations:
(2, 24975)
Memory Usage: 1306.341376 mB
Reference Number: 5008
Total Log likelihood: -7792.211
Memory Usage: 1306.341376 mB
Finished Calculation State Posteriors
Saved Zero State Posterior to ./Empirical/Eigenstrat/Reichall/I11974/chr15/.
Successfully loaded for PP. from ./Empirical/Eigenstrat/Reichall/I11974/chr15/
Fraction Markers in ROH: 0.5109
Merged n=0 gaps < 0.0 M
Called n=10 ROH Blocks > 1.0 cM
Longest Block: 6.903
Successfully saved to ./Empirical/Eigenstrat/Reichall/I11974/chr15/roh.csv
Using Low-Mem Cython Linear Speed Up.
Loaded Pre Processing Model: Eigenstrat
Loading Individual: I11974

Loaded 34402 variants
Loaded 2504 individuals
HDF5 loaded from ./Data/1000Genomes/HDF5/1240kHDF5/all1240/chr16.hdf5
3 Eigenstrat Files with 5081 Individuals and 1233013 SNPs

Intersection on Positions: 34402
Nr of Matching Refs: 34402 / 34402
Full Intersection Ref/Alt Identical: 34375 / 34402
2504 / 2504 Individuals included in Reference
Extraction of 5008 Haplotypes complete
Reduced to markers called 25973 / 34375
(Fraction SNP: 0.7555781818181818)
Successfully saved to: ./Empirical/Eigenstrat/Reichall/I11974/chr16/
Shuffling phase of target...
Successfully loaded Data from: ./Empirical/Eigenstrat/Reichall/I11974/chr16/
Loaded Emission Model: haploid
Loaded Transition Model: model
Loaded Post Processing Model: Standard
Minimum Genetic Map: -0.0000
Maximum Genetic Map: 1.3403
Gaps bigger than 0.1 cM: 174
Maximum Gap: 0.8458 cM
Loaded Transition and Emission Matrix:
(3, 3)
(5009, 25973)
Loaded Observations:
(2, 25973)
Memory Usage: 1352.912896 mB
Reference Number: 5008
Total Log likelihood: -7266.274
Memory Usage: 1352.912896 mB
Finished Calculation State Posteriors
Saved Zero State Posterior to ./Empirical/Eigenstrat/Reichall/I11974/chr16/.
Successfully loaded for PP. from ./Empirical/Eigenstrat/Reichall/I11974/chr16/
Fraction Markers in ROH: 0.5980
Merged n=0 gaps < 0.0 M
Called n=17 ROH Blocks > 1.0 cM
Longest Block: 9.247
Successfully saved to ./Empirical/Eigenstrat/Reichall/I11974/chr16/roh.csv
Using Low-Mem Cython Linear Speed Up.
Loaded Pre Processing Model: Eigenstrat
Loading Individual: I11974

Loaded 29314 variants
Loaded 2504 individuals
HDF5 loaded from ./Data/1000Genomes/HDF5/1240kHDF5/all1240/chr17.hdf5
3 Eigenstrat Files with 5081 Individuals and 1233013 SNPs

Intersection on Positions: 29314
Nr of Matching Refs: 29314 / 29314
Full Intersection Ref/Alt Identical: 29292 / 29314
2504 / 2504 Individuals included in Reference
Extraction of 5008 Haplotypes complete
Reduced to markers called 22393 / 29292
(Fraction SNP: 0.764474941963676)
Successfully saved to: ./Empirical/Eigenstrat/Reichall/I11974/chr17/
Shuffling phase of target...
Successfully loaded Data from: ./Empirical/Eigenstrat/Reichall/I11974/chr17/
Loaded Emission Model: haploid
Loaded Transition Model: model
Loaded Post Processing Model: Standard
Minimum Genetic Map: -0.0003
Maximum Genetic Map: 1.2847
Gaps bigger than 0.1 cM: 159
Maximum Gap: 1.2341 cM
Loaded Transition and Emission Matrix:
(3, 3)
(5009, 22393)
Loaded Observations:
(2, 22393)
Memory Usage: 1187.328 mB
Reference Number: 5008
Total Log likelihood: -6188.355
Memory Usage: 1187.328 mB
Finished Calculation State Posteriors
Saved Zero State Posterior to ./Empirical/Eigenstrat/Reichall/I11974/chr17/.
Successfully loaded for PP. from ./Empirical/Eigenstrat/Reichall/I11974/chr17/
Fraction Markers in ROH: 0.6007
Merged n=0 gaps < 0.0 M
Called n=20 ROH Blocks > 1.0 cM
Longest Block: 9.093
Successfully saved to ./Empirical/Eigenstrat/Reichall/I11974/chr17/roh.csv
Using Low-Mem Cython Linear Speed Up.
Loaded Pre Processing Model: Eigenstrat
Loading Individual: I11974

Loaded 33917 variants
Loaded 2504 individuals
HDF5 loaded from ./Data/1000Genomes/HDF5/1240kHDF5/all1240/chr18.hdf5
3 Eigenstrat Files with 5081 Individuals and 1233013 SNPs

Intersection on Positions: 33917
Nr of Matching Refs: 33917 / 33917
Full Intersection Ref/Alt Identical: 33902 / 33917
2504 / 2504 Individuals included in Reference
Extraction of 5008 Haplotypes complete
Reduced to markers called 23356 / 33902
(Fraction SNP: 0.6889269069671405)
Successfully saved to: ./Empirical/Eigenstrat/Reichall/I11974/chr18/
Shuffling phase of target...
Successfully loaded Data from: ./Empirical/Eigenstrat/Reichall/I11974/chr18/
Loaded Emission Model: haploid
Loaded Transition Model: model
Loaded Post Processing Model: Standard
Minimum Genetic Map: 0.0025
Maximum Genetic Map: 1.1771
Gaps bigger than 0.1 cM: 165
Maximum Gap: 0.4763 cM
Loaded Transition and Emission Matrix:
(3, 3)
(5009, 23356)
Loaded Observations:
(2, 23356)
Memory Usage: 1230.999552 mB
Reference Number: 5008
Total Log likelihood: -7270.707
Memory Usage: 1230.999552 mB
Finished Calculation State Posteriors
Saved Zero State Posterior to ./Empirical/Eigenstrat/Reichall/I11974/chr18/.
Successfully loaded for PP. from ./Empirical/Eigenstrat/Reichall/I11974/chr18/
Fraction Markers in ROH: 0.5128
Merged n=0 gaps < 0.0 M
Called n=15 ROH Blocks > 1.0 cM
Longest Block: 4.457
Successfully saved to ./Empirical/Eigenstrat/Reichall/I11974/chr18/roh.csv
Using Low-Mem Cython Linear Speed Up.
Loaded Pre Processing Model: Eigenstrat
Loading Individual: I11974

Loaded 18460 variants
Loaded 2504 individuals
HDF5 loaded from ./Data/1000Genomes/HDF5/1240kHDF5/all1240/chr19.hdf5
3 Eigenstrat Files with 5081 Individuals and 1233013 SNPs

Intersection on Positions: 18460
Nr of Matching Refs: 18460 / 18460
Full Intersection Ref/Alt Identical: 18441 / 18460
2504 / 2504 Individuals included in Reference
Extraction of 5008 Haplotypes complete
Reduced to markers called 14472 / 18441
(Fraction SNP: 0.7847730600292826)
Successfully saved to: ./Empirical/Eigenstrat/Reichall/I11974/chr19/
Shuffling phase of target...
Successfully loaded Data from: ./Empirical/Eigenstrat/Reichall/I11974/chr19/
Loaded Emission Model: haploid
Loaded Transition Model: model
Loaded Post Processing Model: Standard
Minimum Genetic Map: 0.0000
Maximum Genetic Map: 1.0773
Gaps bigger than 0.1 cM: 172
Maximum Gap: 0.6114 cM
Loaded Transition and Emission Matrix:
(3, 3)
(5009, 14472)
Loaded Observations:
(2, 14472)
Memory Usage: 831.561728 mB
Reference Number: 5008
Total Log likelihood: -4837.673
Memory Usage: 831.561728 mB
Finished Calculation State Posteriors
Saved Zero State Posterior to ./Empirical/Eigenstrat/Reichall/I11974/chr19/.
Successfully loaded for PP. from ./Empirical/Eigenstrat/Reichall/I11974/chr19/
Fraction Markers in ROH: 0.4885
Merged n=0 gaps < 0.0 M
Called n=9 ROH Blocks > 1.0 cM
Longest Block: 5.971
Successfully saved to ./Empirical/Eigenstrat/Reichall/I11974/chr19/roh.csv
Using Low-Mem Cython Linear Speed Up.
Loaded Pre Processing Model: Eigenstrat
Loading Individual: I11974

Loaded 29078 variants
Loaded 2504 individuals
HDF5 loaded from ./Data/1000Genomes/HDF5/1240kHDF5/all1240/chr20.hdf5
3 Eigenstrat Files with 5081 Individuals and 1233013 SNPs

Intersection on Positions: 29078
Nr of Matching Refs: 29078 / 29078
Full Intersection Ref/Alt Identical: 29053 / 29078
2504 / 2504 Individuals included in Reference
Extraction of 5008 Haplotypes complete
Reduced to markers called 21986 / 29053
(Fraction SNP: 0.756754896224142)
Successfully saved to: ./Empirical/Eigenstrat/Reichall/I11974/chr20/
Shuffling phase of target...
Successfully loaded Data from: ./Empirical/Eigenstrat/Reichall/I11974/chr20/
Loaded Emission Model: haploid
Loaded Transition Model: model
Loaded Post Processing Model: Standard
Minimum Genetic Map: 0.0000
Maximum Genetic Map: 1.0821
Gaps bigger than 0.1 cM: 152
Maximum Gap: 0.4744 cM
Loaded Transition and Emission Matrix:
(3, 3)
(5009, 21986)
Loaded Observations:
(2, 21986)
Memory Usage: 1172.393984 mB
Reference Number: 5008
Total Log likelihood: -7214.594
Memory Usage: 1172.393984 mB
Finished Calculation State Posteriors
Saved Zero State Posterior to ./Empirical/Eigenstrat/Reichall/I11974/chr20/.
Successfully loaded for PP. from ./Empirical/Eigenstrat/Reichall/I11974/chr20/
Fraction Markers in ROH: 0.4632
Merged n=0 gaps < 0.0 M
Called n=9 ROH Blocks > 1.0 cM
Longest Block: 3.962
Successfully saved to ./Empirical/Eigenstrat/Reichall/I11974/chr20/roh.csv
Using Low-Mem Cython Linear Speed Up.
Loaded Pre Processing Model: Eigenstrat
Loading Individual: I11974

Loaded 16038 variants
Loaded 2504 individuals
HDF5 loaded from ./Data/1000Genomes/HDF5/1240kHDF5/all1240/chr21.hdf5
3 Eigenstrat Files with 5081 Individuals and 1233013 SNPs

Intersection on Positions: 16038
Nr of Matching Refs: 16038 / 16038
Full Intersection Ref/Alt Identical: 16031 / 16038
2504 / 2504 Individuals included in Reference
Extraction of 5008 Haplotypes complete
Reduced to markers called 11061 / 16031
(Fraction SNP: 0.689975672135238)
Successfully saved to: ./Empirical/Eigenstrat/Reichall/I11974/chr21/
Shuffling phase of target...
Successfully loaded Data from: ./Empirical/Eigenstrat/Reichall/I11974/chr21/
Loaded Emission Model: haploid
Loaded Transition Model: model
Loaded Post Processing Model: Standard
Minimum Genetic Map: -0.0085
Maximum Genetic Map: 0.6277
Gaps bigger than 0.1 cM: 101
Maximum Gap: 1.7444 cM
Loaded Transition and Emission Matrix:
(3, 3)
(5009, 11061)
Loaded Observations:
(2, 11061)
Memory Usage: 680.689664 mB
Reference Number: 5008
Total Log likelihood: -3122.328
Memory Usage: 680.689664 mB
Finished Calculation State Posteriors
Saved Zero State Posterior to ./Empirical/Eigenstrat/Reichall/I11974/chr21/.
Successfully loaded for PP. from ./Empirical/Eigenstrat/Reichall/I11974/chr21/
Fraction Markers in ROH: 0.5900
Merged n=0 gaps < 0.0 M
Called n=8 ROH Blocks > 1.0 cM
Longest Block: 7.613
Successfully saved to ./Empirical/Eigenstrat/Reichall/I11974/chr21/roh.csv
Using Low-Mem Cython Linear Speed Up.
Loaded Pre Processing Model: Eigenstrat
Loading Individual: I11974

Loaded 15802 variants
Loaded 2504 individuals
HDF5 loaded from ./Data/1000Genomes/HDF5/1240kHDF5/all1240/chr22.hdf5
3 Eigenstrat Files with 5081 Individuals and 1233013 SNPs

Intersection on Positions: 15802
Nr of Matching Refs: 15802 / 15802
Full Intersection Ref/Alt Identical: 15793 / 15802
2504 / 2504 Individuals included in Reference
Extraction of 5008 Haplotypes complete
Reduced to markers called 12708 / 15793
(Fraction SNP: 0.8046602925346673)
Successfully saved to: ./Empirical/Eigenstrat/Reichall/I11974/chr22/
Shuffling phase of target...
Successfully loaded Data from: ./Empirical/Eigenstrat/Reichall/I11974/chr22/
Loaded Emission Model: haploid
Loaded Transition Model: model
Loaded Post Processing Model: Standard
Minimum Genetic Map: 0.0171
Maximum Genetic Map: 0.7408
Gaps bigger than 0.1 cM: 96
Maximum Gap: 1.6097 cM
Loaded Transition and Emission Matrix:
(3, 3)
(5009, 12708)
Loaded Observations:
(2, 12708)
Memory Usage: 751.529984 mB
Reference Number: 5008
Total Log likelihood: -3931.608
Memory Usage: 751.529984 mB
Finished Calculation State Posteriors
Saved Zero State Posterior to ./Empirical/Eigenstrat/Reichall/I11974/chr22/.
Successfully loaded for PP. from ./Empirical/Eigenstrat/Reichall/I11974/chr22/
Fraction Markers in ROH: 0.5315
Merged n=0 gaps < 0.0 M
Called n=10 ROH Blocks > 1.0 cM
Longest Block: 3.340
Successfully saved to ./Empirical/Eigenstrat/Reichall/I11974/chr22/roh.csv
