Doing Individual Loschbour_snpAD.DG...
Using Low-Mem Cython Linear Speed Up.
Loaded Pre Processing Model: Eigenstrat
Loading Individual: Loschbour_snpAD.DG

Loaded 89147 variants
Loaded 2504 individuals
HDF5 loaded from ./Data/1000Genomes/HDF5/1240kHDF5/all1240/chr1.hdf5
3 Eigenstrat Files with 5081 Individuals and 1233013 SNPs

Intersection on Positions: 89147
Nr of Matching Refs: 89147 / 89147
Full Intersection Ref/Alt Identical: 89082 / 89147
2504 / 2504 Individuals included in Reference
Extraction of 5008 Haplotypes complete
Reduced to markers called 82435 / 89082
(Fraction SNP: 0.9253833546619968)
Successfully saved to: ./Empirical/Eigenstrat/Reichall/Loschbour_snpAD.DG/chr1/
Shuffling phase of target...
Successfully loaded Data from: ./Empirical/Eigenstrat/Reichall/Loschbour_snpAD.DG/chr1/
Loaded Emission Model: haploid
Loaded Transition Model: model
Loaded Post Processing Model: Standard
Minimum Genetic Map: 0.0225
Maximum Genetic Map: 2.8627
Gaps bigger than 0.1 cM: 267
Maximum Gap: 2.9232 cM
Loaded Transition and Emission Matrix:
(3, 3)
(5009, 82435)
Loaded Observations:
(2, 82435)
Memory Usage: 3901.046784 mB
Reference Number: 5008
Total Log likelihood: -21193.455
Memory Usage: 3899.76064 mB
Finished Calculation State Posteriors
Saved Zero State Posterior to ./Empirical/Eigenstrat/Reichall/Loschbour_snpAD.DG/chr1/.
Successfully loaded for PP. from ./Empirical/Eigenstrat/Reichall/Loschbour_snpAD.DG/chr1/
Fraction Markers in ROH: 0.6200
Merged n=0 gaps < 0.0 M
Called n=31 ROH Blocks > 1.0 cM
Longest Block: 9.533
Successfully saved to ./Empirical/Eigenstrat/Reichall/Loschbour_snpAD.DG/chr1/roh.csv
Using Low-Mem Cython Linear Speed Up.
Loaded Pre Processing Model: Eigenstrat
Loading Individual: Loschbour_snpAD.DG

Loaded 94239 variants
Loaded 2504 individuals
HDF5 loaded from ./Data/1000Genomes/HDF5/1240kHDF5/all1240/chr2.hdf5
3 Eigenstrat Files with 5081 Individuals and 1233013 SNPs

Intersection on Positions: 94239
Nr of Matching Refs: 94239 / 94239
Full Intersection Ref/Alt Identical: 94173 / 94239
2504 / 2504 Individuals included in Reference
Extraction of 5008 Haplotypes complete
Reduced to markers called 87124 / 94173
(Fraction SNP: 0.9251483970989561)
Successfully saved to: ./Empirical/Eigenstrat/Reichall/Loschbour_snpAD.DG/chr2/
Shuffling phase of target...
Successfully loaded Data from: ./Empirical/Eigenstrat/Reichall/Loschbour_snpAD.DG/chr2/
Loaded Emission Model: haploid
Loaded Transition Model: model
Loaded Post Processing Model: Standard
Minimum Genetic Map: 0.0001
Maximum Genetic Map: 2.6883
Gaps bigger than 0.1 cM: 249
Maximum Gap: 2.0166 cM
Loaded Transition and Emission Matrix:
(3, 3)
(5009, 87124)
Loaded Observations:
(2, 87124)
Memory Usage: 4103.385088 mB
Reference Number: 5008
Total Log likelihood: -23851.884
Memory Usage: 4103.385088 mB
Finished Calculation State Posteriors
Saved Zero State Posterior to ./Empirical/Eigenstrat/Reichall/Loschbour_snpAD.DG/chr2/.
Successfully loaded for PP. from ./Empirical/Eigenstrat/Reichall/Loschbour_snpAD.DG/chr2/
Fraction Markers in ROH: 0.5766
Merged n=0 gaps < 0.0 M
Called n=31 ROH Blocks > 1.0 cM
Longest Block: 4.500
Successfully saved to ./Empirical/Eigenstrat/Reichall/Loschbour_snpAD.DG/chr2/roh.csv
Using Low-Mem Cython Linear Speed Up.
Loaded Pre Processing Model: Eigenstrat
Loading Individual: Loschbour_snpAD.DG

Loaded 77652 variants
Loaded 2504 individuals
HDF5 loaded from ./Data/1000Genomes/HDF5/1240kHDF5/all1240/chr3.hdf5
3 Eigenstrat Files with 5081 Individuals and 1233013 SNPs

Intersection on Positions: 77652
Nr of Matching Refs: 77652 / 77652
Full Intersection Ref/Alt Identical: 77601 / 77652
2504 / 2504 Individuals included in Reference
Extraction of 5008 Haplotypes complete
Reduced to markers called 71750 / 77601
(Fraction SNP: 0.9246014870942385)
Successfully saved to: ./Empirical/Eigenstrat/Reichall/Loschbour_snpAD.DG/chr3/
Shuffling phase of target...
Successfully loaded Data from: ./Empirical/Eigenstrat/Reichall/Loschbour_snpAD.DG/chr3/
Loaded Emission Model: haploid
Loaded Transition Model: model
Loaded Post Processing Model: Standard
Minimum Genetic Map: 0.0000
Maximum Genetic Map: 2.2326
Gaps bigger than 0.1 cM: 233
Maximum Gap: 0.4094 cM
Loaded Transition and Emission Matrix:
(3, 3)
(5009, 71750)
Loaded Observations:
(2, 71750)
Memory Usage: 3411.644416 mB
Reference Number: 5008
Total Log likelihood: -20003.062
Memory Usage: 3411.644416 mB
Finished Calculation State Posteriors
Saved Zero State Posterior to ./Empirical/Eigenstrat/Reichall/Loschbour_snpAD.DG/chr3/.
Successfully loaded for PP. from ./Empirical/Eigenstrat/Reichall/Loschbour_snpAD.DG/chr3/
Fraction Markers in ROH: 0.5705
Merged n=0 gaps < 0.0 M
Called n=23 ROH Blocks > 1.0 cM
Longest Block: 3.626
Successfully saved to ./Empirical/Eigenstrat/Reichall/Loschbour_snpAD.DG/chr3/roh.csv
Using Low-Mem Cython Linear Speed Up.
Loaded Pre Processing Model: Eigenstrat
Loading Individual: Loschbour_snpAD.DG

Loaded 68759 variants
Loaded 2504 individuals
HDF5 loaded from ./Data/1000Genomes/HDF5/1240kHDF5/all1240/chr4.hdf5
3 Eigenstrat Files with 5081 Individuals and 1233013 SNPs

Intersection on Positions: 68759
Nr of Matching Refs: 68759 / 68759
Full Intersection Ref/Alt Identical: 68720 / 68759
2504 / 2504 Individuals included in Reference
Extraction of 5008 Haplotypes complete
Reduced to markers called 63233 / 68720
(Fraction SNP: 0.9201542491268917)
Successfully saved to: ./Empirical/Eigenstrat/Reichall/Loschbour_snpAD.DG/chr4/
Shuffling phase of target...
Successfully loaded Data from: ./Empirical/Eigenstrat/Reichall/Loschbour_snpAD.DG/chr4/
Loaded Emission Model: haploid
Loaded Transition Model: model
Loaded Post Processing Model: Standard
Minimum Genetic Map: 0.0034
Maximum Genetic Map: 2.1454
Gaps bigger than 0.1 cM: 211
Maximum Gap: 2.1141 cM
Loaded Transition and Emission Matrix:
(3, 3)
(5009, 63233)
Loaded Observations:
(2, 63233)
Memory Usage: 3028.19328 mB
Reference Number: 5008
Total Log likelihood: -17799.726
Memory Usage: 3028.393984 mB
Finished Calculation State Posteriors
Saved Zero State Posterior to ./Empirical/Eigenstrat/Reichall/Loschbour_snpAD.DG/chr4/.
Successfully loaded for PP. from ./Empirical/Eigenstrat/Reichall/Loschbour_snpAD.DG/chr4/
Fraction Markers in ROH: 0.5726
Merged n=0 gaps < 0.0 M
Called n=20 ROH Blocks > 1.0 cM
Longest Block: 10.480
Successfully saved to ./Empirical/Eigenstrat/Reichall/Loschbour_snpAD.DG/chr4/roh.csv
Using Low-Mem Cython Linear Speed Up.
Loaded Pre Processing Model: Eigenstrat
Loading Individual: Loschbour_snpAD.DG

Loaded 69399 variants
Loaded 2504 individuals
HDF5 loaded from ./Data/1000Genomes/HDF5/1240kHDF5/all1240/chr5.hdf5
3 Eigenstrat Files with 5081 Individuals and 1233013 SNPs

Intersection on Positions: 69399
Nr of Matching Refs: 69399 / 69399
Full Intersection Ref/Alt Identical: 69354 / 69399
2504 / 2504 Individuals included in Reference
Extraction of 5008 Haplotypes complete
Reduced to markers called 64237 / 69354
(Fraction SNP: 0.9262191077659544)
Successfully saved to: ./Empirical/Eigenstrat/Reichall/Loschbour_snpAD.DG/chr5/
Shuffling phase of target...
Successfully loaded Data from: ./Empirical/Eigenstrat/Reichall/Loschbour_snpAD.DG/chr5/
Loaded Emission Model: haploid
Loaded Transition Model: model
Loaded Post Processing Model: Standard
Minimum Genetic Map: 0.0004
Maximum Genetic Map: 2.0409
Gaps bigger than 0.1 cM: 220
Maximum Gap: 1.0985 cM
Loaded Transition and Emission Matrix:
(3, 3)
(5009, 64237)
Loaded Observations:
(2, 64237)
Memory Usage: 3075.25632 mB
Reference Number: 5008
Total Log likelihood: -18407.197
Memory Usage: 3075.25632 mB
Finished Calculation State Posteriors
Saved Zero State Posterior to ./Empirical/Eigenstrat/Reichall/Loschbour_snpAD.DG/chr5/.
Successfully loaded for PP. from ./Empirical/Eigenstrat/Reichall/Loschbour_snpAD.DG/chr5/
Fraction Markers in ROH: 0.5349
Merged n=0 gaps < 0.0 M
Called n=17 ROH Blocks > 1.0 cM
Longest Block: 2.168
Successfully saved to ./Empirical/Eigenstrat/Reichall/Loschbour_snpAD.DG/chr5/roh.csv
Using Low-Mem Cython Linear Speed Up.
Loaded Pre Processing Model: Eigenstrat
Loading Individual: Loschbour_snpAD.DG

Loaded 75870 variants
Loaded 2504 individuals
HDF5 loaded from ./Data/1000Genomes/HDF5/1240kHDF5/all1240/chr6.hdf5
3 Eigenstrat Files with 5081 Individuals and 1233013 SNPs

Intersection on Positions: 75870
Nr of Matching Refs: 75870 / 75870
Full Intersection Ref/Alt Identical: 75816 / 75870
2504 / 2504 Individuals included in Reference
Extraction of 5008 Haplotypes complete
Reduced to markers called 69619 / 75816
(Fraction SNP: 0.9182626358552285)
Successfully saved to: ./Empirical/Eigenstrat/Reichall/Loschbour_snpAD.DG/chr6/
Shuffling phase of target...
Successfully loaded Data from: ./Empirical/Eigenstrat/Reichall/Loschbour_snpAD.DG/chr6/
Loaded Emission Model: haploid
Loaded Transition Model: model
Loaded Post Processing Model: Standard
Minimum Genetic Map: 0.0035
Maximum Genetic Map: 1.9203
Gaps bigger than 0.1 cM: 168
Maximum Gap: 0.5062 cM
Loaded Transition and Emission Matrix:
(3, 3)
(5009, 69619)
Loaded Observations:
(2, 69619)
Memory Usage: 3316.8384 mB
Reference Number: 5008
Total Log likelihood: -21863.551
Memory Usage: 3316.8384 mB
Finished Calculation State Posteriors
Saved Zero State Posterior to ./Empirical/Eigenstrat/Reichall/Loschbour_snpAD.DG/chr6/.
Successfully loaded for PP. from ./Empirical/Eigenstrat/Reichall/Loschbour_snpAD.DG/chr6/
Fraction Markers in ROH: 0.4967
Merged n=0 gaps < 0.0 M
Called n=19 ROH Blocks > 1.0 cM
Longest Block: 2.377
Successfully saved to ./Empirical/Eigenstrat/Reichall/Loschbour_snpAD.DG/chr6/roh.csv
Using Low-Mem Cython Linear Speed Up.
Loaded Pre Processing Model: Eigenstrat
Loading Individual: Loschbour_snpAD.DG

Loaded 59890 variants
Loaded 2504 individuals
HDF5 loaded from ./Data/1000Genomes/HDF5/1240kHDF5/all1240/chr7.hdf5
3 Eigenstrat Files with 5081 Individuals and 1233013 SNPs

Intersection on Positions: 59890
Nr of Matching Refs: 59890 / 59890
Full Intersection Ref/Alt Identical: 59836 / 59890
2504 / 2504 Individuals included in Reference
Extraction of 5008 Haplotypes complete
Reduced to markers called 54974 / 59836
(Fraction SNP: 0.9187445684871983)
Successfully saved to: ./Empirical/Eigenstrat/Reichall/Loschbour_snpAD.DG/chr7/
Shuffling phase of target...
Successfully loaded Data from: ./Empirical/Eigenstrat/Reichall/Loschbour_snpAD.DG/chr7/
Loaded Emission Model: haploid
Loaded Transition Model: model
Loaded Post Processing Model: Standard
Minimum Genetic Map: 0.0000
Maximum Genetic Map: 1.8715
Gaps bigger than 0.1 cM: 196
Maximum Gap: 0.8533 cM
Loaded Transition and Emission Matrix:
(3, 3)
(5009, 54974)
Loaded Observations:
(2, 54974)
Memory Usage: 2652.299264 mB
Reference Number: 5008
Total Log likelihood: -15314.394
Memory Usage: 2647.965696 mB
Finished Calculation State Posteriors
Saved Zero State Posterior to ./Empirical/Eigenstrat/Reichall/Loschbour_snpAD.DG/chr7/.
Successfully loaded for PP. from ./Empirical/Eigenstrat/Reichall/Loschbour_snpAD.DG/chr7/
Fraction Markers in ROH: 0.5952
Merged n=0 gaps < 0.0 M
Called n=20 ROH Blocks > 1.0 cM
Longest Block: 5.838
Successfully saved to ./Empirical/Eigenstrat/Reichall/Loschbour_snpAD.DG/chr7/roh.csv
Using Low-Mem Cython Linear Speed Up.
Loaded Pre Processing Model: Eigenstrat
Loading Individual: Loschbour_snpAD.DG

Loaded 61133 variants
Loaded 2504 individuals
HDF5 loaded from ./Data/1000Genomes/HDF5/1240kHDF5/all1240/chr8.hdf5
3 Eigenstrat Files with 5081 Individuals and 1233013 SNPs

Intersection on Positions: 61133
Nr of Matching Refs: 61133 / 61133
Full Intersection Ref/Alt Identical: 61091 / 61133
2504 / 2504 Individuals included in Reference
Extraction of 5008 Haplotypes complete
Reduced to markers called 56621 / 61091
(Fraction SNP: 0.9268304660260922)
Successfully saved to: ./Empirical/Eigenstrat/Reichall/Loschbour_snpAD.DG/chr8/
Shuffling phase of target...
Successfully loaded Data from: ./Empirical/Eigenstrat/Reichall/Loschbour_snpAD.DG/chr8/
Loaded Emission Model: haploid
Loaded Transition Model: model
Loaded Post Processing Model: Standard
Minimum Genetic Map: 0.0000
Maximum Genetic Map: 1.6800
Gaps bigger than 0.1 cM: 142
Maximum Gap: 3.3395 cM
Loaded Transition and Emission Matrix:
(3, 3)
(5009, 56621)
Loaded Observations:
(2, 56621)
Memory Usage: 2725.687296 mB
Reference Number: 5008
Total Log likelihood: -16390.485
Memory Usage: 2725.687296 mB
Finished Calculation State Posteriors
Saved Zero State Posterior to ./Empirical/Eigenstrat/Reichall/Loschbour_snpAD.DG/chr8/.
Successfully loaded for PP. from ./Empirical/Eigenstrat/Reichall/Loschbour_snpAD.DG/chr8/
Fraction Markers in ROH: 0.5559
Merged n=0 gaps < 0.0 M
Called n=13 ROH Blocks > 1.0 cM
Longest Block: 6.707
Successfully saved to ./Empirical/Eigenstrat/Reichall/Loschbour_snpAD.DG/chr8/roh.csv
Using Low-Mem Cython Linear Speed Up.
Loaded Pre Processing Model: Eigenstrat
Loading Individual: Loschbour_snpAD.DG

Loaded 50668 variants
Loaded 2504 individuals
HDF5 loaded from ./Data/1000Genomes/HDF5/1240kHDF5/all1240/chr9.hdf5
3 Eigenstrat Files with 5081 Individuals and 1233013 SNPs

Intersection on Positions: 50668
Nr of Matching Refs: 50668 / 50668
Full Intersection Ref/Alt Identical: 50629 / 50668
2504 / 2504 Individuals included in Reference
Extraction of 5008 Haplotypes complete
Reduced to markers called 46860 / 50629
(Fraction SNP: 0.9255564992395663)
Successfully saved to: ./Empirical/Eigenstrat/Reichall/Loschbour_snpAD.DG/chr9/
Shuffling phase of target...
Successfully loaded Data from: ./Empirical/Eigenstrat/Reichall/Loschbour_snpAD.DG/chr9/
Loaded Emission Model: haploid
Loaded Transition Model: model
Loaded Post Processing Model: Standard
Minimum Genetic Map: 0.0016
Maximum Genetic Map: 1.6630
Gaps bigger than 0.1 cM: 181
Maximum Gap: 2.3102 cM
Loaded Transition and Emission Matrix:
(3, 3)
(5009, 46860)
Loaded Observations:
(2, 46860)
Memory Usage: 2286.977024 mB
Reference Number: 5008
Total Log likelihood: -13816.435
Memory Usage: 2286.977024 mB
Finished Calculation State Posteriors
Saved Zero State Posterior to ./Empirical/Eigenstrat/Reichall/Loschbour_snpAD.DG/chr9/.
Successfully loaded for PP. from ./Empirical/Eigenstrat/Reichall/Loschbour_snpAD.DG/chr9/
Fraction Markers in ROH: 0.5541
Merged n=0 gaps < 0.0 M
Called n=19 ROH Blocks > 1.0 cM
Longest Block: 3.979
Successfully saved to ./Empirical/Eigenstrat/Reichall/Loschbour_snpAD.DG/chr9/roh.csv
Using Low-Mem Cython Linear Speed Up.
Loaded Pre Processing Model: Eigenstrat
Loading Individual: Loschbour_snpAD.DG

Loaded 58804 variants
Loaded 2504 individuals
HDF5 loaded from ./Data/1000Genomes/HDF5/1240kHDF5/all1240/chr10.hdf5
3 Eigenstrat Files with 5081 Individuals and 1233013 SNPs

Intersection on Positions: 58804
Nr of Matching Refs: 58804 / 58804
Full Intersection Ref/Alt Identical: 58763 / 58804
2504 / 2504 Individuals included in Reference
Extraction of 5008 Haplotypes complete
Reduced to markers called 54369 / 58763
(Fraction SNP: 0.9252250565832242)
Successfully saved to: ./Empirical/Eigenstrat/Reichall/Loschbour_snpAD.DG/chr10/
Shuffling phase of target...
Successfully loaded Data from: ./Empirical/Eigenstrat/Reichall/Loschbour_snpAD.DG/chr10/
Loaded Emission Model: haploid
Loaded Transition Model: model
Loaded Post Processing Model: Standard
Minimum Genetic Map: 0.0001
Maximum Genetic Map: 1.8092
Gaps bigger than 0.1 cM: 178
Maximum Gap: 2.0335 cM
Loaded Transition and Emission Matrix:
(3, 3)
(5009, 54369)
Loaded Observations:
(2, 54369)
Memory Usage: 2626.78528 mB
Reference Number: 5008
Total Log likelihood: -14621.828
Memory Usage: 2626.78528 mB
Finished Calculation State Posteriors
Saved Zero State Posterior to ./Empirical/Eigenstrat/Reichall/Loschbour_snpAD.DG/chr10/.
Successfully loaded for PP. from ./Empirical/Eigenstrat/Reichall/Loschbour_snpAD.DG/chr10/
Fraction Markers in ROH: 0.5830
Merged n=0 gaps < 0.0 M
Called n=15 ROH Blocks > 1.0 cM
Longest Block: 5.917
Successfully saved to ./Empirical/Eigenstrat/Reichall/Loschbour_snpAD.DG/chr10/roh.csv
Using Low-Mem Cython Linear Speed Up.
Loaded Pre Processing Model: Eigenstrat
Loading Individual: Loschbour_snpAD.DG

Loaded 54833 variants
Loaded 2504 individuals
HDF5 loaded from ./Data/1000Genomes/HDF5/1240kHDF5/all1240/chr11.hdf5
3 Eigenstrat Files with 5081 Individuals and 1233013 SNPs

Intersection on Positions: 54833
Nr of Matching Refs: 54833 / 54833
Full Intersection Ref/Alt Identical: 54796 / 54833
2504 / 2504 Individuals included in Reference
Extraction of 5008 Haplotypes complete
Reduced to markers called 50641 / 54796
(Fraction SNP: 0.9241732973209723)
Successfully saved to: ./Empirical/Eigenstrat/Reichall/Loschbour_snpAD.DG/chr11/
Shuffling phase of target...
Successfully loaded Data from: ./Empirical/Eigenstrat/Reichall/Loschbour_snpAD.DG/chr11/
Loaded Emission Model: haploid
Loaded Transition Model: model
Loaded Post Processing Model: Standard
Minimum Genetic Map: 0.0000
Maximum Genetic Map: 1.5822
Gaps bigger than 0.1 cM: 158
Maximum Gap: 0.5351 cM
Loaded Transition and Emission Matrix:
(3, 3)
(5009, 50641)
Loaded Observations:
(2, 50641)
Memory Usage: 2455.355392 mB
Reference Number: 5008
Total Log likelihood: -14497.271
Memory Usage: 2455.355392 mB
Finished Calculation State Posteriors
Saved Zero State Posterior to ./Empirical/Eigenstrat/Reichall/Loschbour_snpAD.DG/chr11/.
Successfully loaded for PP. from ./Empirical/Eigenstrat/Reichall/Loschbour_snpAD.DG/chr11/
Fraction Markers in ROH: 0.5557
Merged n=0 gaps < 0.0 M
Called n=16 ROH Blocks > 1.0 cM
Longest Block: 2.862
Successfully saved to ./Empirical/Eigenstrat/Reichall/Loschbour_snpAD.DG/chr11/roh.csv
Using Low-Mem Cython Linear Speed Up.
Loaded Pre Processing Model: Eigenstrat
Loading Individual: Loschbour_snpAD.DG

Loaded 53911 variants
Loaded 2504 individuals
HDF5 loaded from ./Data/1000Genomes/HDF5/1240kHDF5/all1240/chr12.hdf5
3 Eigenstrat Files with 5081 Individuals and 1233013 SNPs

Intersection on Positions: 53911
Nr of Matching Refs: 53911 / 53911
Full Intersection Ref/Alt Identical: 53884 / 53911
2504 / 2504 Individuals included in Reference
Extraction of 5008 Haplotypes complete
Reduced to markers called 49555 / 53884
(Fraction SNP: 0.9196607527280826)
Successfully saved to: ./Empirical/Eigenstrat/Reichall/Loschbour_snpAD.DG/chr12/
Shuffling phase of target...
Successfully loaded Data from: ./Empirical/Eigenstrat/Reichall/Loschbour_snpAD.DG/chr12/
Loaded Emission Model: haploid
Loaded Transition Model: model
Loaded Post Processing Model: Standard
Minimum Genetic Map: 0.0017
Maximum Genetic Map: 1.7468
Gaps bigger than 0.1 cM: 184
Maximum Gap: 0.8015 cM
Loaded Transition and Emission Matrix:
(3, 3)
(5009, 49555)
Loaded Observations:
(2, 49555)
Memory Usage: 2405.318656 mB
Reference Number: 5008
Total Log likelihood: -14550.461
Memory Usage: 2405.318656 mB
Finished Calculation State Posteriors
Saved Zero State Posterior to ./Empirical/Eigenstrat/Reichall/Loschbour_snpAD.DG/chr12/.
Successfully loaded for PP. from ./Empirical/Eigenstrat/Reichall/Loschbour_snpAD.DG/chr12/
Fraction Markers in ROH: 0.5244
Merged n=0 gaps < 0.0 M
Called n=13 ROH Blocks > 1.0 cM
Longest Block: 4.264
Successfully saved to ./Empirical/Eigenstrat/Reichall/Loschbour_snpAD.DG/chr12/roh.csv
Using Low-Mem Cython Linear Speed Up.
Loaded Pre Processing Model: Eigenstrat
Loading Individual: Loschbour_snpAD.DG

Loaded 39018 variants
Loaded 2504 individuals
HDF5 loaded from ./Data/1000Genomes/HDF5/1240kHDF5/all1240/chr13.hdf5
3 Eigenstrat Files with 5081 Individuals and 1233013 SNPs

Intersection on Positions: 39018
Nr of Matching Refs: 39018 / 39018
Full Intersection Ref/Alt Identical: 38994 / 39018
2504 / 2504 Individuals included in Reference
Extraction of 5008 Haplotypes complete
Reduced to markers called 35870 / 38994
(Fraction SNP: 0.9198851105298251)
Successfully saved to: ./Empirical/Eigenstrat/Reichall/Loschbour_snpAD.DG/chr13/
Shuffling phase of target...
Successfully loaded Data from: ./Empirical/Eigenstrat/Reichall/Loschbour_snpAD.DG/chr13/
Loaded Emission Model: haploid
Loaded Transition Model: model
Loaded Post Processing Model: Standard
Minimum Genetic Map: 0.0028
Maximum Genetic Map: 1.2570
Gaps bigger than 0.1 cM: 145
Maximum Gap: 1.2216 cM
Loaded Transition and Emission Matrix:
(3, 3)
(5009, 35870)
Loaded Observations:
(2, 35870)
Memory Usage: 1789.19424 mB
Reference Number: 5008
Total Log likelihood: -9570.458
Memory Usage: 1789.19424 mB
Finished Calculation State Posteriors
Saved Zero State Posterior to ./Empirical/Eigenstrat/Reichall/Loschbour_snpAD.DG/chr13/.
Successfully loaded for PP. from ./Empirical/Eigenstrat/Reichall/Loschbour_snpAD.DG/chr13/
Fraction Markers in ROH: 0.6049
Merged n=0 gaps < 0.0 M
Called n=17 ROH Blocks > 1.0 cM
Longest Block: 4.116
Successfully saved to ./Empirical/Eigenstrat/Reichall/Loschbour_snpAD.DG/chr13/roh.csv
Using Low-Mem Cython Linear Speed Up.
Loaded Pre Processing Model: Eigenstrat
Loading Individual: Loschbour_snpAD.DG

Loaded 36301 variants
Loaded 2504 individuals
HDF5 loaded from ./Data/1000Genomes/HDF5/1240kHDF5/all1240/chr14.hdf5
3 Eigenstrat Files with 5081 Individuals and 1233013 SNPs

Intersection on Positions: 36301
Nr of Matching Refs: 36301 / 36301
Full Intersection Ref/Alt Identical: 36280 / 36301
2504 / 2504 Individuals included in Reference
Extraction of 5008 Haplotypes complete
Reduced to markers called 33676 / 36280
(Fraction SNP: 0.9282249173098126)
Successfully saved to: ./Empirical/Eigenstrat/Reichall/Loschbour_snpAD.DG/chr14/
Shuffling phase of target...
Successfully loaded Data from: ./Empirical/Eigenstrat/Reichall/Loschbour_snpAD.DG/chr14/
Loaded Emission Model: haploid
Loaded Transition Model: model
Loaded Post Processing Model: Standard
Minimum Genetic Map: 0.0161
Maximum Genetic Map: 1.2020
Gaps bigger than 0.1 cM: 128
Maximum Gap: 2.8973 cM
Loaded Transition and Emission Matrix:
(3, 3)
(5009, 33676)
Loaded Observations:
(2, 33676)
Memory Usage: 1691.856896 mB
Reference Number: 5008
Total Log likelihood: -9178.488
Memory Usage: 1691.856896 mB
Finished Calculation State Posteriors
Saved Zero State Posterior to ./Empirical/Eigenstrat/Reichall/Loschbour_snpAD.DG/chr14/.
Successfully loaded for PP. from ./Empirical/Eigenstrat/Reichall/Loschbour_snpAD.DG/chr14/
Fraction Markers in ROH: 0.5757
Merged n=0 gaps < 0.0 M
Called n=11 ROH Blocks > 1.0 cM
Longest Block: 2.546
Successfully saved to ./Empirical/Eigenstrat/Reichall/Loschbour_snpAD.DG/chr14/roh.csv
Using Low-Mem Cython Linear Speed Up.
Loaded Pre Processing Model: Eigenstrat
Loading Individual: Loschbour_snpAD.DG

Loaded 34429 variants
Loaded 2504 individuals
HDF5 loaded from ./Data/1000Genomes/HDF5/1240kHDF5/all1240/chr15.hdf5
3 Eigenstrat Files with 5081 Individuals and 1233013 SNPs

Intersection on Positions: 34429
Nr of Matching Refs: 34429 / 34429
Full Intersection Ref/Alt Identical: 34407 / 34429
2504 / 2504 Individuals included in Reference
Extraction of 5008 Haplotypes complete
Reduced to markers called 31723 / 34407
(Fraction SNP: 0.9219926177812654)
Successfully saved to: ./Empirical/Eigenstrat/Reichall/Loschbour_snpAD.DG/chr15/
Shuffling phase of target...
Successfully loaded Data from: ./Empirical/Eigenstrat/Reichall/Loschbour_snpAD.DG/chr15/
Loaded Emission Model: haploid
Loaded Transition Model: model
Loaded Post Processing Model: Standard
Minimum Genetic Map: 0.0002
Maximum Genetic Map: 1.4135
Gaps bigger than 0.1 cM: 119
Maximum Gap: 11.4957 cM
Loaded Transition and Emission Matrix:
(3, 3)
(5009, 31723)
Loaded Observations:
(2, 31723)
Memory Usage: 1605.398528 mB
Reference Number: 5008
Total Log likelihood: -9812.199
Memory Usage: 1605.398528 mB
Finished Calculation State Posteriors
Saved Zero State Posterior to ./Empirical/Eigenstrat/Reichall/Loschbour_snpAD.DG/chr15/.
Successfully loaded for PP. from ./Empirical/Eigenstrat/Reichall/Loschbour_snpAD.DG/chr15/
Fraction Markers in ROH: 0.5328
Merged n=0 gaps < 0.0 M
Called n=10 ROH Blocks > 1.0 cM
Longest Block: 3.273
Successfully saved to ./Empirical/Eigenstrat/Reichall/Loschbour_snpAD.DG/chr15/roh.csv
Using Low-Mem Cython Linear Speed Up.
Loaded Pre Processing Model: Eigenstrat
Loading Individual: Loschbour_snpAD.DG

Loaded 34402 variants
Loaded 2504 individuals
HDF5 loaded from ./Data/1000Genomes/HDF5/1240kHDF5/all1240/chr16.hdf5
3 Eigenstrat Files with 5081 Individuals and 1233013 SNPs

Intersection on Positions: 34402
Nr of Matching Refs: 34402 / 34402
Full Intersection Ref/Alt Identical: 34375 / 34402
2504 / 2504 Individuals included in Reference
Extraction of 5008 Haplotypes complete
Reduced to markers called 31855 / 34375
(Fraction SNP: 0.9266909090909091)
Successfully saved to: ./Empirical/Eigenstrat/Reichall/Loschbour_snpAD.DG/chr16/
Shuffling phase of target...
Successfully loaded Data from: ./Empirical/Eigenstrat/Reichall/Loschbour_snpAD.DG/chr16/
Loaded Emission Model: haploid
Loaded Transition Model: model
Loaded Post Processing Model: Standard
Minimum Genetic Map: -0.0000
Maximum Genetic Map: 1.3403
Gaps bigger than 0.1 cM: 152
Maximum Gap: 1.0338 cM
Loaded Transition and Emission Matrix:
(3, 3)
(5009, 31855)
Loaded Observations:
(2, 31855)
Memory Usage: 1607.430144 mB
Reference Number: 5008
Total Log likelihood: -9964.578
Memory Usage: 1607.389184 mB
Finished Calculation State Posteriors
Saved Zero State Posterior to ./Empirical/Eigenstrat/Reichall/Loschbour_snpAD.DG/chr16/.
Successfully loaded for PP. from ./Empirical/Eigenstrat/Reichall/Loschbour_snpAD.DG/chr16/
Fraction Markers in ROH: 0.5343
Merged n=0 gaps < 0.0 M
Called n=14 ROH Blocks > 1.0 cM
Longest Block: 3.767
Successfully saved to ./Empirical/Eigenstrat/Reichall/Loschbour_snpAD.DG/chr16/roh.csv
Using Low-Mem Cython Linear Speed Up.
Loaded Pre Processing Model: Eigenstrat
Loading Individual: Loschbour_snpAD.DG

Loaded 29314 variants
Loaded 2504 individuals
HDF5 loaded from ./Data/1000Genomes/HDF5/1240kHDF5/all1240/chr17.hdf5
3 Eigenstrat Files with 5081 Individuals and 1233013 SNPs

Intersection on Positions: 29314
Nr of Matching Refs: 29314 / 29314
Full Intersection Ref/Alt Identical: 29292 / 29314
2504 / 2504 Individuals included in Reference
Extraction of 5008 Haplotypes complete
Reduced to markers called 26958 / 29292
(Fraction SNP: 0.9203195411716509)
Successfully saved to: ./Empirical/Eigenstrat/Reichall/Loschbour_snpAD.DG/chr17/
Shuffling phase of target...
Successfully loaded Data from: ./Empirical/Eigenstrat/Reichall/Loschbour_snpAD.DG/chr17/
Loaded Emission Model: haploid
Loaded Transition Model: model
Loaded Post Processing Model: Standard
Minimum Genetic Map: -0.0003
Maximum Genetic Map: 1.2847
Gaps bigger than 0.1 cM: 137
Maximum Gap: 1.2341 cM
Loaded Transition and Emission Matrix:
(3, 3)
(5009, 26958)
Loaded Observations:
(2, 26958)
Memory Usage: 1381.892096 mB
Reference Number: 5008
Total Log likelihood: -8390.717
Memory Usage: 1381.892096 mB
Finished Calculation State Posteriors
Saved Zero State Posterior to ./Empirical/Eigenstrat/Reichall/Loschbour_snpAD.DG/chr17/.
Successfully loaded for PP. from ./Empirical/Eigenstrat/Reichall/Loschbour_snpAD.DG/chr17/
Fraction Markers in ROH: 0.5223
Merged n=0 gaps < 0.0 M
Called n=16 ROH Blocks > 1.0 cM
Longest Block: 2.026
Successfully saved to ./Empirical/Eigenstrat/Reichall/Loschbour_snpAD.DG/chr17/roh.csv
Using Low-Mem Cython Linear Speed Up.
Loaded Pre Processing Model: Eigenstrat
Loading Individual: Loschbour_snpAD.DG

Loaded 33917 variants
Loaded 2504 individuals
HDF5 loaded from ./Data/1000Genomes/HDF5/1240kHDF5/all1240/chr18.hdf5
3 Eigenstrat Files with 5081 Individuals and 1233013 SNPs

Intersection on Positions: 33917
Nr of Matching Refs: 33917 / 33917
Full Intersection Ref/Alt Identical: 33902 / 33917
2504 / 2504 Individuals included in Reference
Extraction of 5008 Haplotypes complete
Reduced to markers called 31514 / 33902
(Fraction SNP: 0.9295616777771223)
Successfully saved to: ./Empirical/Eigenstrat/Reichall/Loschbour_snpAD.DG/chr18/
Shuffling phase of target...
Successfully loaded Data from: ./Empirical/Eigenstrat/Reichall/Loschbour_snpAD.DG/chr18/
Loaded Emission Model: haploid
Loaded Transition Model: model
Loaded Post Processing Model: Standard
Minimum Genetic Map: 0.0016
Maximum Genetic Map: 1.1771
Gaps bigger than 0.1 cM: 128
Maximum Gap: 0.5577 cM
Loaded Transition and Emission Matrix:
(3, 3)
(5009, 31514)
Loaded Observations:
(2, 31514)
Memory Usage: 1587.859456 mB
Reference Number: 5008
Total Log likelihood: -8498.086
Memory Usage: 1587.79392 mB
Finished Calculation State Posteriors
Saved Zero State Posterior to ./Empirical/Eigenstrat/Reichall/Loschbour_snpAD.DG/chr18/.
Successfully loaded for PP. from ./Empirical/Eigenstrat/Reichall/Loschbour_snpAD.DG/chr18/
Fraction Markers in ROH: 0.6257
Merged n=0 gaps < 0.0 M
Called n=17 ROH Blocks > 1.0 cM
Longest Block: 11.821
Successfully saved to ./Empirical/Eigenstrat/Reichall/Loschbour_snpAD.DG/chr18/roh.csv
Using Low-Mem Cython Linear Speed Up.
Loaded Pre Processing Model: Eigenstrat
Loading Individual: Loschbour_snpAD.DG

Loaded 18460 variants
Loaded 2504 individuals
HDF5 loaded from ./Data/1000Genomes/HDF5/1240kHDF5/all1240/chr19.hdf5
3 Eigenstrat Files with 5081 Individuals and 1233013 SNPs

Intersection on Positions: 18460
Nr of Matching Refs: 18460 / 18460
Full Intersection Ref/Alt Identical: 18441 / 18460
2504 / 2504 Individuals included in Reference
Extraction of 5008 Haplotypes complete
Reduced to markers called 16306 / 18441
(Fraction SNP: 0.8842253673878857)
Successfully saved to: ./Empirical/Eigenstrat/Reichall/Loschbour_snpAD.DG/chr19/
Shuffling phase of target...
Successfully loaded Data from: ./Empirical/Eigenstrat/Reichall/Loschbour_snpAD.DG/chr19/
Loaded Emission Model: haploid
Loaded Transition Model: model
Loaded Post Processing Model: Standard
Minimum Genetic Map: 0.0000
Maximum Genetic Map: 1.0773
Gaps bigger than 0.1 cM: 147
Maximum Gap: 0.5964 cM
Loaded Transition and Emission Matrix:
(3, 3)
(5009, 16306)
Loaded Observations:
(2, 16306)
Memory Usage: 903.524352 mB
Reference Number: 5008
Total Log likelihood: -4716.934
Memory Usage: 903.524352 mB
Finished Calculation State Posteriors
Saved Zero State Posterior to ./Empirical/Eigenstrat/Reichall/Loschbour_snpAD.DG/chr19/.
Successfully loaded for PP. from ./Empirical/Eigenstrat/Reichall/Loschbour_snpAD.DG/chr19/
Fraction Markers in ROH: 0.6245
Merged n=0 gaps < 0.0 M
Called n=15 ROH Blocks > 1.0 cM
Longest Block: 13.494
Successfully saved to ./Empirical/Eigenstrat/Reichall/Loschbour_snpAD.DG/chr19/roh.csv
Using Low-Mem Cython Linear Speed Up.
Loaded Pre Processing Model: Eigenstrat
Loading Individual: Loschbour_snpAD.DG

Loaded 29078 variants
Loaded 2504 individuals
HDF5 loaded from ./Data/1000Genomes/HDF5/1240kHDF5/all1240/chr20.hdf5
3 Eigenstrat Files with 5081 Individuals and 1233013 SNPs

Intersection on Positions: 29078
Nr of Matching Refs: 29078 / 29078
Full Intersection Ref/Alt Identical: 29053 / 29078
2504 / 2504 Individuals included in Reference
Extraction of 5008 Haplotypes complete
Reduced to markers called 27155 / 29053
(Fraction SNP: 0.934671118301036)
Successfully saved to: ./Empirical/Eigenstrat/Reichall/Loschbour_snpAD.DG/chr20/
Shuffling phase of target...
Successfully loaded Data from: ./Empirical/Eigenstrat/Reichall/Loschbour_snpAD.DG/chr20/
Loaded Emission Model: haploid
Loaded Transition Model: model
Loaded Post Processing Model: Standard
Minimum Genetic Map: 0.0000
Maximum Genetic Map: 1.0821
Gaps bigger than 0.1 cM: 132
Maximum Gap: 0.4744 cM
Loaded Transition and Emission Matrix:
(3, 3)
(5009, 27155)
Loaded Observations:
(2, 27155)
Memory Usage: 1394.171904 mB
Reference Number: 5008
Total Log likelihood: -8372.446
Memory Usage: 1394.171904 mB
Finished Calculation State Posteriors
Saved Zero State Posterior to ./Empirical/Eigenstrat/Reichall/Loschbour_snpAD.DG/chr20/.
Successfully loaded for PP. from ./Empirical/Eigenstrat/Reichall/Loschbour_snpAD.DG/chr20/
Fraction Markers in ROH: 0.5158
Merged n=0 gaps < 0.0 M
Called n=10 ROH Blocks > 1.0 cM
Longest Block: 3.603
Successfully saved to ./Empirical/Eigenstrat/Reichall/Loschbour_snpAD.DG/chr20/roh.csv
Using Low-Mem Cython Linear Speed Up.
Loaded Pre Processing Model: Eigenstrat
Loading Individual: Loschbour_snpAD.DG

Loaded 16038 variants
Loaded 2504 individuals
HDF5 loaded from ./Data/1000Genomes/HDF5/1240kHDF5/all1240/chr21.hdf5
3 Eigenstrat Files with 5081 Individuals and 1233013 SNPs

Intersection on Positions: 16038
Nr of Matching Refs: 16038 / 16038
Full Intersection Ref/Alt Identical: 16031 / 16038
2504 / 2504 Individuals included in Reference
Extraction of 5008 Haplotypes complete
Reduced to markers called 14798 / 16031
(Fraction SNP: 0.9230865198677562)
Successfully saved to: ./Empirical/Eigenstrat/Reichall/Loschbour_snpAD.DG/chr21/
Shuffling phase of target...
Successfully loaded Data from: ./Empirical/Eigenstrat/Reichall/Loschbour_snpAD.DG/chr21/
Loaded Emission Model: haploid
Loaded Transition Model: model
Loaded Post Processing Model: Standard
Minimum Genetic Map: 0.0089
Maximum Genetic Map: 0.6277
Gaps bigger than 0.1 cM: 84
Maximum Gap: 0.4744 cM
Loaded Transition and Emission Matrix:
(3, 3)
(5009, 14798)
Loaded Observations:
(2, 14798)
Memory Usage: 834.2528 mB
Reference Number: 5008
Total Log likelihood: -4430.521
Memory Usage: 834.2528 mB
Finished Calculation State Posteriors
Saved Zero State Posterior to ./Empirical/Eigenstrat/Reichall/Loschbour_snpAD.DG/chr21/.
Successfully loaded for PP. from ./Empirical/Eigenstrat/Reichall/Loschbour_snpAD.DG/chr21/
Fraction Markers in ROH: 0.5435
Merged n=0 gaps < 0.0 M
Called n=6 ROH Blocks > 1.0 cM
Longest Block: 2.302
Successfully saved to ./Empirical/Eigenstrat/Reichall/Loschbour_snpAD.DG/chr21/roh.csv
Using Low-Mem Cython Linear Speed Up.
Loaded Pre Processing Model: Eigenstrat
Loading Individual: Loschbour_snpAD.DG

Loaded 15802 variants
Loaded 2504 individuals
HDF5 loaded from ./Data/1000Genomes/HDF5/1240kHDF5/all1240/chr22.hdf5
3 Eigenstrat Files with 5081 Individuals and 1233013 SNPs

Intersection on Positions: 15802
Nr of Matching Refs: 15802 / 15802
Full Intersection Ref/Alt Identical: 15793 / 15802
2504 / 2504 Individuals included in Reference
Extraction of 5008 Haplotypes complete
Reduced to markers called 14538 / 15793
(Fraction SNP: 0.9205344139808777)
Successfully saved to: ./Empirical/Eigenstrat/Reichall/Loschbour_snpAD.DG/chr22/
Shuffling phase of target...
Successfully loaded Data from: ./Empirical/Eigenstrat/Reichall/Loschbour_snpAD.DG/chr22/
Loaded Emission Model: haploid
Loaded Transition Model: model
Loaded Post Processing Model: Standard
Minimum Genetic Map: 0.0163
Maximum Genetic Map: 0.7408
Gaps bigger than 0.1 cM: 84
Maximum Gap: 1.7129 cM
Loaded Transition and Emission Matrix:
(3, 3)
(5009, 14538)
Loaded Observations:
(2, 14538)
Memory Usage: 822.788096 mB
Reference Number: 5008
Total Log likelihood: -4249.841
Memory Usage: 822.788096 mB
Finished Calculation State Posteriors
Saved Zero State Posterior to ./Empirical/Eigenstrat/Reichall/Loschbour_snpAD.DG/chr22/.
Successfully loaded for PP. from ./Empirical/Eigenstrat/Reichall/Loschbour_snpAD.DG/chr22/
Fraction Markers in ROH: 0.5828
Merged n=0 gaps < 0.0 M
Called n=14 ROH Blocks > 1.0 cM
Longest Block: 3.238
Successfully saved to ./Empirical/Eigenstrat/Reichall/Loschbour_snpAD.DG/chr22/roh.csv
