Doing Individual Stuttgart_published.DG...
Using Low-Mem Cython Linear Speed Up.
Loaded Pre Processing Model: Eigenstrat
Loading Individual: Stuttgart_published.DG

Loaded 89147 variants
Loaded 2504 individuals
HDF5 loaded from ./Data/1000Genomes/HDF5/1240kHDF5/all1240/chr1.hdf5
3 Eigenstrat Files with 5081 Individuals and 1233013 SNPs

Intersection on Positions: 89147
Nr of Matching Refs: 89147 / 89147
Full Intersection Ref/Alt Identical: 89082 / 89147
2504 / 2504 Individuals included in Reference
Extraction of 5008 Haplotypes complete
Reduced to markers called 87593 / 89082
(Fraction SNP: 0.9832850632001976)
Successfully saved to: ./Empirical/Eigenstrat/Reichall/Stuttgart_published.DG/chr1/
Shuffling phase of target...
Successfully loaded Data from: ./Empirical/Eigenstrat/Reichall/Stuttgart_published.DG/chr1/
Loaded Emission Model: haploid
Loaded Transition Model: model
Loaded Post Processing Model: Standard
Minimum Genetic Map: 0.0201
Maximum Genetic Map: 2.8627
Gaps bigger than 0.1 cM: 254
Maximum Gap: 2.9229 cM
Loaded Transition and Emission Matrix:
(3, 3)
(5009, 87593)
Loaded Observations:
(2, 87593)
Memory Usage: 4133.302272 mB
Reference Number: 5008
Total Log likelihood: -29546.500
Memory Usage: 4133.761024 mB
Finished Calculation State Posteriors
Saved Zero State Posterior to ./Empirical/Eigenstrat/Reichall/Stuttgart_published.DG/chr1/.
Successfully loaded for PP. from ./Empirical/Eigenstrat/Reichall/Stuttgart_published.DG/chr1/
Fraction Markers in ROH: 0.4406
Merged n=0 gaps < 0.0 M
Called n=11 ROH Blocks > 1.0 cM
Longest Block: 1.833
Successfully saved to ./Empirical/Eigenstrat/Reichall/Stuttgart_published.DG/chr1/roh.csv
Using Low-Mem Cython Linear Speed Up.
Loaded Pre Processing Model: Eigenstrat
Loading Individual: Stuttgart_published.DG

Loaded 94239 variants
Loaded 2504 individuals
HDF5 loaded from ./Data/1000Genomes/HDF5/1240kHDF5/all1240/chr2.hdf5
3 Eigenstrat Files with 5081 Individuals and 1233013 SNPs

Intersection on Positions: 94239
Nr of Matching Refs: 94239 / 94239
Full Intersection Ref/Alt Identical: 94173 / 94239
2504 / 2504 Individuals included in Reference
Extraction of 5008 Haplotypes complete
Reduced to markers called 92561 / 94173
(Fraction SNP: 0.9828825671901713)
Successfully saved to: ./Empirical/Eigenstrat/Reichall/Stuttgart_published.DG/chr2/
Shuffling phase of target...
Successfully loaded Data from: ./Empirical/Eigenstrat/Reichall/Stuttgart_published.DG/chr2/
Loaded Emission Model: haploid
Loaded Transition Model: model
Loaded Post Processing Model: Standard
Minimum Genetic Map: 0.0001
Maximum Genetic Map: 2.6883
Gaps bigger than 0.1 cM: 249
Maximum Gap: 1.8302 cM
Loaded Transition and Emission Matrix:
(3, 3)
(5009, 92561)
Loaded Observations:
(2, 92561)
Memory Usage: 4348.858368 mB
Reference Number: 5008
Total Log likelihood: -29936.815
Memory Usage: 4348.858368 mB
Finished Calculation State Posteriors
Saved Zero State Posterior to ./Empirical/Eigenstrat/Reichall/Stuttgart_published.DG/chr2/.
Successfully loaded for PP. from ./Empirical/Eigenstrat/Reichall/Stuttgart_published.DG/chr2/
Fraction Markers in ROH: 0.4778
Merged n=0 gaps < 0.0 M
Called n=12 ROH Blocks > 1.0 cM
Longest Block: 12.652
Successfully saved to ./Empirical/Eigenstrat/Reichall/Stuttgart_published.DG/chr2/roh.csv
Using Low-Mem Cython Linear Speed Up.
Loaded Pre Processing Model: Eigenstrat
Loading Individual: Stuttgart_published.DG

Loaded 77652 variants
Loaded 2504 individuals
HDF5 loaded from ./Data/1000Genomes/HDF5/1240kHDF5/all1240/chr3.hdf5
3 Eigenstrat Files with 5081 Individuals and 1233013 SNPs

Intersection on Positions: 77652
Nr of Matching Refs: 77652 / 77652
Full Intersection Ref/Alt Identical: 77601 / 77652
2504 / 2504 Individuals included in Reference
Extraction of 5008 Haplotypes complete
Reduced to markers called 76370 / 77601
(Fraction SNP: 0.9841368023607944)
Successfully saved to: ./Empirical/Eigenstrat/Reichall/Stuttgart_published.DG/chr3/
Shuffling phase of target...
Successfully loaded Data from: ./Empirical/Eigenstrat/Reichall/Stuttgart_published.DG/chr3/
Loaded Emission Model: haploid
Loaded Transition Model: model
Loaded Post Processing Model: Standard
Minimum Genetic Map: 0.0000
Maximum Genetic Map: 2.2326
Gaps bigger than 0.1 cM: 214
Maximum Gap: 0.2348 cM
Loaded Transition and Emission Matrix:
(3, 3)
(5009, 76370)
Loaded Observations:
(2, 76370)
Memory Usage: 3620.29056 mB
Reference Number: 5008
Total Log likelihood: -26132.189
Memory Usage: 3620.29056 mB
Finished Calculation State Posteriors
Saved Zero State Posterior to ./Empirical/Eigenstrat/Reichall/Stuttgart_published.DG/chr3/.
Successfully loaded for PP. from ./Empirical/Eigenstrat/Reichall/Stuttgart_published.DG/chr3/
Fraction Markers in ROH: 0.4484
Merged n=0 gaps < 0.0 M
Called n=10 ROH Blocks > 1.0 cM
Longest Block: 2.069
Successfully saved to ./Empirical/Eigenstrat/Reichall/Stuttgart_published.DG/chr3/roh.csv
Using Low-Mem Cython Linear Speed Up.
Loaded Pre Processing Model: Eigenstrat
Loading Individual: Stuttgart_published.DG

Loaded 68759 variants
Loaded 2504 individuals
HDF5 loaded from ./Data/1000Genomes/HDF5/1240kHDF5/all1240/chr4.hdf5
3 Eigenstrat Files with 5081 Individuals and 1233013 SNPs

Intersection on Positions: 68759
Nr of Matching Refs: 68759 / 68759
Full Intersection Ref/Alt Identical: 68720 / 68759
2504 / 2504 Individuals included in Reference
Extraction of 5008 Haplotypes complete
Reduced to markers called 67548 / 68720
(Fraction SNP: 0.9829452852153667)
Successfully saved to: ./Empirical/Eigenstrat/Reichall/Stuttgart_published.DG/chr4/
Shuffling phase of target...
Successfully loaded Data from: ./Empirical/Eigenstrat/Reichall/Stuttgart_published.DG/chr4/
Loaded Emission Model: haploid
Loaded Transition Model: model
Loaded Post Processing Model: Standard
Minimum Genetic Map: 0.0034
Maximum Genetic Map: 2.1454
Gaps bigger than 0.1 cM: 198
Maximum Gap: 2.0422 cM
Loaded Transition and Emission Matrix:
(3, 3)
(5009, 67548)
Loaded Observations:
(2, 67548)
Memory Usage: 3222.847488 mB
Reference Number: 5008
Total Log likelihood: -22468.760
Memory Usage: 3222.89664 mB
Finished Calculation State Posteriors
Saved Zero State Posterior to ./Empirical/Eigenstrat/Reichall/Stuttgart_published.DG/chr4/.
Successfully loaded for PP. from ./Empirical/Eigenstrat/Reichall/Stuttgart_published.DG/chr4/
Fraction Markers in ROH: 0.4608
Merged n=0 gaps < 0.0 M
Called n=15 ROH Blocks > 1.0 cM
Longest Block: 2.023
Successfully saved to ./Empirical/Eigenstrat/Reichall/Stuttgart_published.DG/chr4/roh.csv
Using Low-Mem Cython Linear Speed Up.
Loaded Pre Processing Model: Eigenstrat
Loading Individual: Stuttgart_published.DG

Loaded 69399 variants
Loaded 2504 individuals
HDF5 loaded from ./Data/1000Genomes/HDF5/1240kHDF5/all1240/chr5.hdf5
3 Eigenstrat Files with 5081 Individuals and 1233013 SNPs

Intersection on Positions: 69399
Nr of Matching Refs: 69399 / 69399
Full Intersection Ref/Alt Identical: 69354 / 69399
2504 / 2504 Individuals included in Reference
Extraction of 5008 Haplotypes complete
Reduced to markers called 68276 / 69354
(Fraction SNP: 0.9844565562188194)
Successfully saved to: ./Empirical/Eigenstrat/Reichall/Stuttgart_published.DG/chr5/
Shuffling phase of target...
Successfully loaded Data from: ./Empirical/Eigenstrat/Reichall/Stuttgart_published.DG/chr5/
Loaded Emission Model: haploid
Loaded Transition Model: model
Loaded Post Processing Model: Standard
Minimum Genetic Map: 0.0004
Maximum Genetic Map: 2.0409
Gaps bigger than 0.1 cM: 211
Maximum Gap: 1.0498 cM
Loaded Transition and Emission Matrix:
(3, 3)
(5009, 68276)
Loaded Observations:
(2, 68276)
Memory Usage: 3257.065472 mB
Reference Number: 5008
Total Log likelihood: -22525.144
Memory Usage: 3257.065472 mB
Finished Calculation State Posteriors
Saved Zero State Posterior to ./Empirical/Eigenstrat/Reichall/Stuttgart_published.DG/chr5/.
Successfully loaded for PP. from ./Empirical/Eigenstrat/Reichall/Stuttgart_published.DG/chr5/
Fraction Markers in ROH: 0.4528
Merged n=0 gaps < 0.0 M
Called n=5 ROH Blocks > 1.0 cM
Longest Block: 1.458
Successfully saved to ./Empirical/Eigenstrat/Reichall/Stuttgart_published.DG/chr5/roh.csv
Using Low-Mem Cython Linear Speed Up.
Loaded Pre Processing Model: Eigenstrat
Loading Individual: Stuttgart_published.DG

Loaded 75870 variants
Loaded 2504 individuals
HDF5 loaded from ./Data/1000Genomes/HDF5/1240kHDF5/all1240/chr6.hdf5
3 Eigenstrat Files with 5081 Individuals and 1233013 SNPs

Intersection on Positions: 75870
Nr of Matching Refs: 75870 / 75870
Full Intersection Ref/Alt Identical: 75816 / 75870
2504 / 2504 Individuals included in Reference
Extraction of 5008 Haplotypes complete
Reduced to markers called 74480 / 75816
(Fraction SNP: 0.9823783897857972)
Successfully saved to: ./Empirical/Eigenstrat/Reichall/Stuttgart_published.DG/chr6/
Shuffling phase of target...
Successfully loaded Data from: ./Empirical/Eigenstrat/Reichall/Stuttgart_published.DG/chr6/
Loaded Emission Model: haploid
Loaded Transition Model: model
Loaded Post Processing Model: Standard
Minimum Genetic Map: 0.0032
Maximum Genetic Map: 1.9203
Gaps bigger than 0.1 cM: 156
Maximum Gap: 0.5062 cM
Loaded Transition and Emission Matrix:
(3, 3)
(5009, 74480)
Loaded Observations:
(2, 74480)
Memory Usage: 3534.381056 mB
Reference Number: 5008
Total Log likelihood: -25299.991
Memory Usage: 3534.381056 mB
Finished Calculation State Posteriors
Saved Zero State Posterior to ./Empirical/Eigenstrat/Reichall/Stuttgart_published.DG/chr6/.
Successfully loaded for PP. from ./Empirical/Eigenstrat/Reichall/Stuttgart_published.DG/chr6/
Fraction Markers in ROH: 0.4303
Merged n=0 gaps < 0.0 M
Called n=4 ROH Blocks > 1.0 cM
Longest Block: 1.403
Successfully saved to ./Empirical/Eigenstrat/Reichall/Stuttgart_published.DG/chr6/roh.csv
Using Low-Mem Cython Linear Speed Up.
Loaded Pre Processing Model: Eigenstrat
Loading Individual: Stuttgart_published.DG

Loaded 59890 variants
Loaded 2504 individuals
HDF5 loaded from ./Data/1000Genomes/HDF5/1240kHDF5/all1240/chr7.hdf5
3 Eigenstrat Files with 5081 Individuals and 1233013 SNPs

Intersection on Positions: 59890
Nr of Matching Refs: 59890 / 59890
Full Intersection Ref/Alt Identical: 59836 / 59890
2504 / 2504 Individuals included in Reference
Extraction of 5008 Haplotypes complete
Reduced to markers called 58829 / 59836
(Fraction SNP: 0.9831706664884017)
Successfully saved to: ./Empirical/Eigenstrat/Reichall/Stuttgart_published.DG/chr7/
Shuffling phase of target...
Successfully loaded Data from: ./Empirical/Eigenstrat/Reichall/Stuttgart_published.DG/chr7/
Loaded Emission Model: haploid
Loaded Transition Model: model
Loaded Post Processing Model: Standard
Minimum Genetic Map: 0.0000
Maximum Genetic Map: 1.8715
Gaps bigger than 0.1 cM: 191
Maximum Gap: 0.8416 cM
Loaded Transition and Emission Matrix:
(3, 3)
(5009, 58829)
Loaded Observations:
(2, 58829)
Memory Usage: 2821.152768 mB
Reference Number: 5008
Total Log likelihood: -20114.898
Memory Usage: 2821.57056 mB
Finished Calculation State Posteriors
Saved Zero State Posterior to ./Empirical/Eigenstrat/Reichall/Stuttgart_published.DG/chr7/.
Successfully loaded for PP. from ./Empirical/Eigenstrat/Reichall/Stuttgart_published.DG/chr7/
Fraction Markers in ROH: 0.4314
Merged n=0 gaps < 0.0 M
Called n=6 ROH Blocks > 1.0 cM
Longest Block: 2.156
Successfully saved to ./Empirical/Eigenstrat/Reichall/Stuttgart_published.DG/chr7/roh.csv
Using Low-Mem Cython Linear Speed Up.
Loaded Pre Processing Model: Eigenstrat
Loading Individual: Stuttgart_published.DG

Loaded 61133 variants
Loaded 2504 individuals
HDF5 loaded from ./Data/1000Genomes/HDF5/1240kHDF5/all1240/chr8.hdf5
3 Eigenstrat Files with 5081 Individuals and 1233013 SNPs

Intersection on Positions: 61133
Nr of Matching Refs: 61133 / 61133
Full Intersection Ref/Alt Identical: 61091 / 61133
2504 / 2504 Individuals included in Reference
Extraction of 5008 Haplotypes complete
Reduced to markers called 60040 / 61091
(Fraction SNP: 0.9827961565533384)
Successfully saved to: ./Empirical/Eigenstrat/Reichall/Stuttgart_published.DG/chr8/
Shuffling phase of target...
Successfully loaded Data from: ./Empirical/Eigenstrat/Reichall/Stuttgart_published.DG/chr8/
Loaded Emission Model: haploid
Loaded Transition Model: model
Loaded Post Processing Model: Standard
Minimum Genetic Map: 0.0000
Maximum Genetic Map: 1.6800
Gaps bigger than 0.1 cM: 134
Maximum Gap: 1.8932 cM
Loaded Transition and Emission Matrix:
(3, 3)
(5009, 60040)
Loaded Observations:
(2, 60040)
Memory Usage: 2878.234624 mB
Reference Number: 5008
Total Log likelihood: -20272.848
Memory Usage: 2878.234624 mB
Finished Calculation State Posteriors
Saved Zero State Posterior to ./Empirical/Eigenstrat/Reichall/Stuttgart_published.DG/chr8/.
Successfully loaded for PP. from ./Empirical/Eigenstrat/Reichall/Stuttgart_published.DG/chr8/
Fraction Markers in ROH: 0.4626
Merged n=0 gaps < 0.0 M
Called n=8 ROH Blocks > 1.0 cM
Longest Block: 3.157
Successfully saved to ./Empirical/Eigenstrat/Reichall/Stuttgart_published.DG/chr8/roh.csv
Using Low-Mem Cython Linear Speed Up.
Loaded Pre Processing Model: Eigenstrat
Loading Individual: Stuttgart_published.DG

Loaded 50668 variants
Loaded 2504 individuals
HDF5 loaded from ./Data/1000Genomes/HDF5/1240kHDF5/all1240/chr9.hdf5
3 Eigenstrat Files with 5081 Individuals and 1233013 SNPs

Intersection on Positions: 50668
Nr of Matching Refs: 50668 / 50668
Full Intersection Ref/Alt Identical: 50629 / 50668
2504 / 2504 Individuals included in Reference
Extraction of 5008 Haplotypes complete
Reduced to markers called 49781 / 50629
(Fraction SNP: 0.9832507061170476)
Successfully saved to: ./Empirical/Eigenstrat/Reichall/Stuttgart_published.DG/chr9/
Shuffling phase of target...
Successfully loaded Data from: ./Empirical/Eigenstrat/Reichall/Stuttgart_published.DG/chr9/
Loaded Emission Model: haploid
Loaded Transition Model: model
Loaded Post Processing Model: Standard
Minimum Genetic Map: 0.0016
Maximum Genetic Map: 1.6630
Gaps bigger than 0.1 cM: 170
Maximum Gap: 1.8819 cM
Loaded Transition and Emission Matrix:
(3, 3)
(5009, 49781)
Loaded Observations:
(2, 49781)
Memory Usage: 2416.812032 mB
Reference Number: 5008
Total Log likelihood: -17237.499
Memory Usage: 2416.812032 mB
Finished Calculation State Posteriors
Saved Zero State Posterior to ./Empirical/Eigenstrat/Reichall/Stuttgart_published.DG/chr9/.
Successfully loaded for PP. from ./Empirical/Eigenstrat/Reichall/Stuttgart_published.DG/chr9/
Fraction Markers in ROH: 0.4332
Merged n=0 gaps < 0.0 M
Called n=6 ROH Blocks > 1.0 cM
Longest Block: 2.677
Successfully saved to ./Empirical/Eigenstrat/Reichall/Stuttgart_published.DG/chr9/roh.csv
Using Low-Mem Cython Linear Speed Up.
Loaded Pre Processing Model: Eigenstrat
Loading Individual: Stuttgart_published.DG

Loaded 58804 variants
Loaded 2504 individuals
HDF5 loaded from ./Data/1000Genomes/HDF5/1240kHDF5/all1240/chr10.hdf5
3 Eigenstrat Files with 5081 Individuals and 1233013 SNPs

Intersection on Positions: 58804
Nr of Matching Refs: 58804 / 58804
Full Intersection Ref/Alt Identical: 58763 / 58804
2504 / 2504 Individuals included in Reference
Extraction of 5008 Haplotypes complete
Reduced to markers called 57761 / 58763
(Fraction SNP: 0.9829484539591239)
Successfully saved to: ./Empirical/Eigenstrat/Reichall/Stuttgart_published.DG/chr10/
Shuffling phase of target...
Successfully loaded Data from: ./Empirical/Eigenstrat/Reichall/Stuttgart_published.DG/chr10/
Loaded Emission Model: haploid
Loaded Transition Model: model
Loaded Post Processing Model: Standard
Minimum Genetic Map: 0.0001
Maximum Genetic Map: 1.8092
Gaps bigger than 0.1 cM: 174
Maximum Gap: 2.0335 cM
Loaded Transition and Emission Matrix:
(3, 3)
(5009, 57761)
Loaded Observations:
(2, 57761)
Memory Usage: 2776.805376 mB
Reference Number: 5008
Total Log likelihood: -19668.282
Memory Usage: 2776.805376 mB
Finished Calculation State Posteriors
Saved Zero State Posterior to ./Empirical/Eigenstrat/Reichall/Stuttgart_published.DG/chr10/.
Successfully loaded for PP. from ./Empirical/Eigenstrat/Reichall/Stuttgart_published.DG/chr10/
Fraction Markers in ROH: 0.4386
Merged n=0 gaps < 0.0 M
Called n=5 ROH Blocks > 1.0 cM
Longest Block: 1.220
Successfully saved to ./Empirical/Eigenstrat/Reichall/Stuttgart_published.DG/chr10/roh.csv
Using Low-Mem Cython Linear Speed Up.
Loaded Pre Processing Model: Eigenstrat
Loading Individual: Stuttgart_published.DG

Loaded 54833 variants
Loaded 2504 individuals
HDF5 loaded from ./Data/1000Genomes/HDF5/1240kHDF5/all1240/chr11.hdf5
3 Eigenstrat Files with 5081 Individuals and 1233013 SNPs

Intersection on Positions: 54833
Nr of Matching Refs: 54833 / 54833
Full Intersection Ref/Alt Identical: 54796 / 54833
2504 / 2504 Individuals included in Reference
Extraction of 5008 Haplotypes complete
Reduced to markers called 53824 / 54796
(Fraction SNP: 0.9822614789400687)
Successfully saved to: ./Empirical/Eigenstrat/Reichall/Stuttgart_published.DG/chr11/
Shuffling phase of target...
Successfully loaded Data from: ./Empirical/Eigenstrat/Reichall/Stuttgart_published.DG/chr11/
Loaded Emission Model: haploid
Loaded Transition Model: model
Loaded Post Processing Model: Standard
Minimum Genetic Map: 0.0000
Maximum Genetic Map: 1.5822
Gaps bigger than 0.1 cM: 146
Maximum Gap: 0.5351 cM
Loaded Transition and Emission Matrix:
(3, 3)
(5009, 53824)
Loaded Observations:
(2, 53824)
Memory Usage: 2596.974592 mB
Reference Number: 5008
Total Log likelihood: -18897.659
Memory Usage: 2596.974592 mB
Finished Calculation State Posteriors
Saved Zero State Posterior to ./Empirical/Eigenstrat/Reichall/Stuttgart_published.DG/chr11/.
Successfully loaded for PP. from ./Empirical/Eigenstrat/Reichall/Stuttgart_published.DG/chr11/
Fraction Markers in ROH: 0.4204
Merged n=0 gaps < 0.0 M
Called n=3 ROH Blocks > 1.0 cM
Longest Block: 2.059
Successfully saved to ./Empirical/Eigenstrat/Reichall/Stuttgart_published.DG/chr11/roh.csv
Using Low-Mem Cython Linear Speed Up.
Loaded Pre Processing Model: Eigenstrat
Loading Individual: Stuttgart_published.DG

Loaded 53911 variants
Loaded 2504 individuals
HDF5 loaded from ./Data/1000Genomes/HDF5/1240kHDF5/all1240/chr12.hdf5
3 Eigenstrat Files with 5081 Individuals and 1233013 SNPs

Intersection on Positions: 53911
Nr of Matching Refs: 53911 / 53911
Full Intersection Ref/Alt Identical: 53884 / 53911
2504 / 2504 Individuals included in Reference
Extraction of 5008 Haplotypes complete
Reduced to markers called 52933 / 53884
(Fraction SNP: 0.9823509761710341)
Successfully saved to: ./Empirical/Eigenstrat/Reichall/Stuttgart_published.DG/chr12/
Shuffling phase of target...
Successfully loaded Data from: ./Empirical/Eigenstrat/Reichall/Stuttgart_published.DG/chr12/
Loaded Emission Model: haploid
Loaded Transition Model: model
Loaded Post Processing Model: Standard
Minimum Genetic Map: 0.0009
Maximum Genetic Map: 1.7468
Gaps bigger than 0.1 cM: 176
Maximum Gap: 0.8015 cM
Loaded Transition and Emission Matrix:
(3, 3)
(5009, 52933)
Loaded Observations:
(2, 52933)
Memory Usage: 2557.063168 mB
Reference Number: 5008
Total Log likelihood: -18924.531
Memory Usage: 2557.063168 mB
Finished Calculation State Posteriors
Saved Zero State Posterior to ./Empirical/Eigenstrat/Reichall/Stuttgart_published.DG/chr12/.
Successfully loaded for PP. from ./Empirical/Eigenstrat/Reichall/Stuttgart_published.DG/chr12/
Fraction Markers in ROH: 0.4114
Merged n=0 gaps < 0.0 M
Called n=4 ROH Blocks > 1.0 cM
Longest Block: 2.850
Successfully saved to ./Empirical/Eigenstrat/Reichall/Stuttgart_published.DG/chr12/roh.csv
Using Low-Mem Cython Linear Speed Up.
Loaded Pre Processing Model: Eigenstrat
Loading Individual: Stuttgart_published.DG

Loaded 39018 variants
Loaded 2504 individuals
HDF5 loaded from ./Data/1000Genomes/HDF5/1240kHDF5/all1240/chr13.hdf5
3 Eigenstrat Files with 5081 Individuals and 1233013 SNPs

Intersection on Positions: 39018
Nr of Matching Refs: 39018 / 39018
Full Intersection Ref/Alt Identical: 38994 / 39018
2504 / 2504 Individuals included in Reference
Extraction of 5008 Haplotypes complete
Reduced to markers called 38349 / 38994
(Fraction SNP: 0.9834589936913372)
Successfully saved to: ./Empirical/Eigenstrat/Reichall/Stuttgart_published.DG/chr13/
Shuffling phase of target...
Successfully loaded Data from: ./Empirical/Eigenstrat/Reichall/Stuttgart_published.DG/chr13/
Loaded Emission Model: haploid
Loaded Transition Model: model
Loaded Post Processing Model: Standard
Minimum Genetic Map: 0.0019
Maximum Genetic Map: 1.2570
Gaps bigger than 0.1 cM: 133
Maximum Gap: 1.2216 cM
Loaded Transition and Emission Matrix:
(3, 3)
(5009, 38349)
Loaded Observations:
(2, 38349)
Memory Usage: 1899.630592 mB
Reference Number: 5008
Total Log likelihood: -13353.234
Memory Usage: 1899.630592 mB
Finished Calculation State Posteriors
Saved Zero State Posterior to ./Empirical/Eigenstrat/Reichall/Stuttgart_published.DG/chr13/.
Successfully loaded for PP. from ./Empirical/Eigenstrat/Reichall/Stuttgart_published.DG/chr13/
Fraction Markers in ROH: 0.4162
Merged n=0 gaps < 0.0 M
Called n=1 ROH Blocks > 1.0 cM
Longest Block: 1.188
Successfully saved to ./Empirical/Eigenstrat/Reichall/Stuttgart_published.DG/chr13/roh.csv
Using Low-Mem Cython Linear Speed Up.
Loaded Pre Processing Model: Eigenstrat
Loading Individual: Stuttgart_published.DG

Loaded 36301 variants
Loaded 2504 individuals
HDF5 loaded from ./Data/1000Genomes/HDF5/1240kHDF5/all1240/chr14.hdf5
3 Eigenstrat Files with 5081 Individuals and 1233013 SNPs

Intersection on Positions: 36301
Nr of Matching Refs: 36301 / 36301
Full Intersection Ref/Alt Identical: 36280 / 36301
2504 / 2504 Individuals included in Reference
Extraction of 5008 Haplotypes complete
Reduced to markers called 35629 / 36280
(Fraction SNP: 0.9820562293274532)
Successfully saved to: ./Empirical/Eigenstrat/Reichall/Stuttgart_published.DG/chr14/
Shuffling phase of target...
Successfully loaded Data from: ./Empirical/Eigenstrat/Reichall/Stuttgart_published.DG/chr14/
Loaded Emission Model: haploid
Loaded Transition Model: model
Loaded Post Processing Model: Standard
Minimum Genetic Map: 0.0161
Maximum Genetic Map: 1.2020
Gaps bigger than 0.1 cM: 121
Maximum Gap: 2.8508 cM
Loaded Transition and Emission Matrix:
(3, 3)
(5009, 35629)
Loaded Observations:
(2, 35629)
Memory Usage: 1778.569216 mB
Reference Number: 5008
Total Log likelihood: -12858.447
Memory Usage: 1778.569216 mB
Finished Calculation State Posteriors
Saved Zero State Posterior to ./Empirical/Eigenstrat/Reichall/Stuttgart_published.DG/chr14/.
Successfully loaded for PP. from ./Empirical/Eigenstrat/Reichall/Stuttgart_published.DG/chr14/
Fraction Markers in ROH: 0.4007
Merged n=0 gaps < 0.0 M
Called n=2 ROH Blocks > 1.0 cM
Longest Block: 1.159
Successfully saved to ./Empirical/Eigenstrat/Reichall/Stuttgart_published.DG/chr14/roh.csv
Using Low-Mem Cython Linear Speed Up.
Loaded Pre Processing Model: Eigenstrat
Loading Individual: Stuttgart_published.DG

Loaded 34429 variants
Loaded 2504 individuals
HDF5 loaded from ./Data/1000Genomes/HDF5/1240kHDF5/all1240/chr15.hdf5
3 Eigenstrat Files with 5081 Individuals and 1233013 SNPs

Intersection on Positions: 34429
Nr of Matching Refs: 34429 / 34429
Full Intersection Ref/Alt Identical: 34407 / 34429
2504 / 2504 Individuals included in Reference
Extraction of 5008 Haplotypes complete
Reduced to markers called 33805 / 34407
(Fraction SNP: 0.9825035603220275)
Successfully saved to: ./Empirical/Eigenstrat/Reichall/Stuttgart_published.DG/chr15/
Shuffling phase of target...
Successfully loaded Data from: ./Empirical/Eigenstrat/Reichall/Stuttgart_published.DG/chr15/
Loaded Emission Model: haploid
Loaded Transition Model: model
Loaded Post Processing Model: Standard
Minimum Genetic Map: 0.0000
Maximum Genetic Map: 1.4135
Gaps bigger than 0.1 cM: 124
Maximum Gap: 11.4957 cM
Loaded Transition and Emission Matrix:
(3, 3)
(5009, 33805)
Loaded Observations:
(2, 33805)
Memory Usage: 1697.140736 mB
Reference Number: 5008
Total Log likelihood: -11599.509
Memory Usage: 1697.140736 mB
Finished Calculation State Posteriors
Saved Zero State Posterior to ./Empirical/Eigenstrat/Reichall/Stuttgart_published.DG/chr15/.
Successfully loaded for PP. from ./Empirical/Eigenstrat/Reichall/Stuttgart_published.DG/chr15/
Fraction Markers in ROH: 0.4386
Merged n=0 gaps < 0.0 M
Called n=2 ROH Blocks > 1.0 cM
Longest Block: 1.213
Successfully saved to ./Empirical/Eigenstrat/Reichall/Stuttgart_published.DG/chr15/roh.csv
Using Low-Mem Cython Linear Speed Up.
Loaded Pre Processing Model: Eigenstrat
Loading Individual: Stuttgart_published.DG

Loaded 34402 variants
Loaded 2504 individuals
HDF5 loaded from ./Data/1000Genomes/HDF5/1240kHDF5/all1240/chr16.hdf5
3 Eigenstrat Files with 5081 Individuals and 1233013 SNPs

Intersection on Positions: 34402
Nr of Matching Refs: 34402 / 34402
Full Intersection Ref/Alt Identical: 34375 / 34402
2504 / 2504 Individuals included in Reference
Extraction of 5008 Haplotypes complete
Reduced to markers called 33776 / 34375
(Fraction SNP: 0.9825745454545455)
Successfully saved to: ./Empirical/Eigenstrat/Reichall/Stuttgart_published.DG/chr16/
Shuffling phase of target...
Successfully loaded Data from: ./Empirical/Eigenstrat/Reichall/Stuttgart_published.DG/chr16/
Loaded Emission Model: haploid
Loaded Transition Model: model
Loaded Post Processing Model: Standard
Minimum Genetic Map: -0.0000
Maximum Genetic Map: 1.3403
Gaps bigger than 0.1 cM: 143
Maximum Gap: 0.8458 cM
Loaded Transition and Emission Matrix:
(3, 3)
(5009, 33776)
Loaded Observations:
(2, 33776)
Memory Usage: 1693.966336 mB
Reference Number: 5008
Total Log likelihood: -11904.207
Memory Usage: 1689.1904 mB
Finished Calculation State Posteriors
Saved Zero State Posterior to ./Empirical/Eigenstrat/Reichall/Stuttgart_published.DG/chr16/.
Successfully loaded for PP. from ./Empirical/Eigenstrat/Reichall/Stuttgart_published.DG/chr16/
Fraction Markers in ROH: 0.4123
Merged n=0 gaps < 0.0 M
Called n=5 ROH Blocks > 1.0 cM
Longest Block: 2.465
Successfully saved to ./Empirical/Eigenstrat/Reichall/Stuttgart_published.DG/chr16/roh.csv
Using Low-Mem Cython Linear Speed Up.
Loaded Pre Processing Model: Eigenstrat
Loading Individual: Stuttgart_published.DG

Loaded 29314 variants
Loaded 2504 individuals
HDF5 loaded from ./Data/1000Genomes/HDF5/1240kHDF5/all1240/chr17.hdf5
3 Eigenstrat Files with 5081 Individuals and 1233013 SNPs

Intersection on Positions: 29314
Nr of Matching Refs: 29314 / 29314
Full Intersection Ref/Alt Identical: 29292 / 29314
2504 / 2504 Individuals included in Reference
Extraction of 5008 Haplotypes complete
Reduced to markers called 28800 / 29292
(Fraction SNP: 0.9832036050798852)
Successfully saved to: ./Empirical/Eigenstrat/Reichall/Stuttgart_published.DG/chr17/
Shuffling phase of target...
Successfully loaded Data from: ./Empirical/Eigenstrat/Reichall/Stuttgart_published.DG/chr17/
Loaded Emission Model: haploid
Loaded Transition Model: model
Loaded Post Processing Model: Standard
Minimum Genetic Map: -0.0003
Maximum Genetic Map: 1.2847
Gaps bigger than 0.1 cM: 123
Maximum Gap: 1.2341 cM
Loaded Transition and Emission Matrix:
(3, 3)
(5009, 28800)
Loaded Observations:
(2, 28800)
Memory Usage: 1464.459264 mB
Reference Number: 5008
Total Log likelihood: -9750.438
Memory Usage: 1464.459264 mB
Finished Calculation State Posteriors
Saved Zero State Posterior to ./Empirical/Eigenstrat/Reichall/Stuttgart_published.DG/chr17/.
Successfully loaded for PP. from ./Empirical/Eigenstrat/Reichall/Stuttgart_published.DG/chr17/
Fraction Markers in ROH: 0.4569
Merged n=0 gaps < 0.0 M
Called n=9 ROH Blocks > 1.0 cM
Longest Block: 2.640
Successfully saved to ./Empirical/Eigenstrat/Reichall/Stuttgart_published.DG/chr17/roh.csv
Using Low-Mem Cython Linear Speed Up.
Loaded Pre Processing Model: Eigenstrat
Loading Individual: Stuttgart_published.DG

Loaded 33917 variants
Loaded 2504 individuals
HDF5 loaded from ./Data/1000Genomes/HDF5/1240kHDF5/all1240/chr18.hdf5
3 Eigenstrat Files with 5081 Individuals and 1233013 SNPs

Intersection on Positions: 33917
Nr of Matching Refs: 33917 / 33917
Full Intersection Ref/Alt Identical: 33902 / 33917
2504 / 2504 Individuals included in Reference
Extraction of 5008 Haplotypes complete
Reduced to markers called 33306 / 33902
(Fraction SNP: 0.982419916229131)
Successfully saved to: ./Empirical/Eigenstrat/Reichall/Stuttgart_published.DG/chr18/
Shuffling phase of target...
Successfully loaded Data from: ./Empirical/Eigenstrat/Reichall/Stuttgart_published.DG/chr18/
Loaded Emission Model: haploid
Loaded Transition Model: model
Loaded Post Processing Model: Standard
Minimum Genetic Map: 0.0016
Maximum Genetic Map: 1.1771
Gaps bigger than 0.1 cM: 122
Maximum Gap: 0.4763 cM
Loaded Transition and Emission Matrix:
(3, 3)
(5009, 33306)
Loaded Observations:
(2, 33306)
Memory Usage: 1669.103616 mB
Reference Number: 5008
Total Log likelihood: -11259.177
Memory Usage: 1669.103616 mB
Finished Calculation State Posteriors
Saved Zero State Posterior to ./Empirical/Eigenstrat/Reichall/Stuttgart_published.DG/chr18/.
Successfully loaded for PP. from ./Empirical/Eigenstrat/Reichall/Stuttgart_published.DG/chr18/
Fraction Markers in ROH: 0.4601
Merged n=0 gaps < 0.0 M
Called n=3 ROH Blocks > 1.0 cM
Longest Block: 1.877
Successfully saved to ./Empirical/Eigenstrat/Reichall/Stuttgart_published.DG/chr18/roh.csv
Using Low-Mem Cython Linear Speed Up.
Loaded Pre Processing Model: Eigenstrat
Loading Individual: Stuttgart_published.DG

Loaded 18460 variants
Loaded 2504 individuals
HDF5 loaded from ./Data/1000Genomes/HDF5/1240kHDF5/all1240/chr19.hdf5
3 Eigenstrat Files with 5081 Individuals and 1233013 SNPs

Intersection on Positions: 18460
Nr of Matching Refs: 18460 / 18460
Full Intersection Ref/Alt Identical: 18441 / 18460
2504 / 2504 Individuals included in Reference
Extraction of 5008 Haplotypes complete
Reduced to markers called 18146 / 18441
(Fraction SNP: 0.9840030367116751)
Successfully saved to: ./Empirical/Eigenstrat/Reichall/Stuttgart_published.DG/chr19/
Shuffling phase of target...
Successfully loaded Data from: ./Empirical/Eigenstrat/Reichall/Stuttgart_published.DG/chr19/
Loaded Emission Model: haploid
Loaded Transition Model: model
Loaded Post Processing Model: Standard
Minimum Genetic Map: 0.0000
Maximum Genetic Map: 1.0773
Gaps bigger than 0.1 cM: 135
Maximum Gap: 0.5964 cM
Loaded Transition and Emission Matrix:
(3, 3)
(5009, 18146)
Loaded Observations:
(2, 18146)
Memory Usage: 986.99264 mB
Reference Number: 5008
Total Log likelihood: -6919.577
Memory Usage: 986.99264 mB
Finished Calculation State Posteriors
Saved Zero State Posterior to ./Empirical/Eigenstrat/Reichall/Stuttgart_published.DG/chr19/.
Successfully loaded for PP. from ./Empirical/Eigenstrat/Reichall/Stuttgart_published.DG/chr19/
Fraction Markers in ROH: 0.3956
Merged n=0 gaps < 0.0 M
Called n=4 ROH Blocks > 1.0 cM
Longest Block: 1.488
Successfully saved to ./Empirical/Eigenstrat/Reichall/Stuttgart_published.DG/chr19/roh.csv
Using Low-Mem Cython Linear Speed Up.
Loaded Pre Processing Model: Eigenstrat
Loading Individual: Stuttgart_published.DG

Loaded 29078 variants
Loaded 2504 individuals
HDF5 loaded from ./Data/1000Genomes/HDF5/1240kHDF5/all1240/chr20.hdf5
3 Eigenstrat Files with 5081 Individuals and 1233013 SNPs

Intersection on Positions: 29078
Nr of Matching Refs: 29078 / 29078
Full Intersection Ref/Alt Identical: 29053 / 29078
2504 / 2504 Individuals included in Reference
Extraction of 5008 Haplotypes complete
Reduced to markers called 28558 / 29053
(Fraction SNP: 0.9829621725811448)
Successfully saved to: ./Empirical/Eigenstrat/Reichall/Stuttgart_published.DG/chr20/
Shuffling phase of target...
Successfully loaded Data from: ./Empirical/Eigenstrat/Reichall/Stuttgart_published.DG/chr20/
Loaded Emission Model: haploid
Loaded Transition Model: model
Loaded Post Processing Model: Standard
Minimum Genetic Map: 0.0000
Maximum Genetic Map: 1.0821
Gaps bigger than 0.1 cM: 121
Maximum Gap: 0.4744 cM
Loaded Transition and Emission Matrix:
(3, 3)
(5009, 28558)
Loaded Observations:
(2, 28558)
Memory Usage: 1456.115712 mB
Reference Number: 5008
Total Log likelihood: -9977.992
Memory Usage: 1456.115712 mB
Finished Calculation State Posteriors
Saved Zero State Posterior to ./Empirical/Eigenstrat/Reichall/Stuttgart_published.DG/chr20/.
Successfully loaded for PP. from ./Empirical/Eigenstrat/Reichall/Stuttgart_published.DG/chr20/
Fraction Markers in ROH: 0.4421
Merged n=0 gaps < 0.0 M
Called n=7 ROH Blocks > 1.0 cM
Longest Block: 1.407
Successfully saved to ./Empirical/Eigenstrat/Reichall/Stuttgart_published.DG/chr20/roh.csv
Using Low-Mem Cython Linear Speed Up.
Loaded Pre Processing Model: Eigenstrat
Loading Individual: Stuttgart_published.DG

Loaded 16038 variants
Loaded 2504 individuals
HDF5 loaded from ./Data/1000Genomes/HDF5/1240kHDF5/all1240/chr21.hdf5
3 Eigenstrat Files with 5081 Individuals and 1233013 SNPs

Intersection on Positions: 16038
Nr of Matching Refs: 16038 / 16038
Full Intersection Ref/Alt Identical: 16031 / 16038
2504 / 2504 Individuals included in Reference
Extraction of 5008 Haplotypes complete
Reduced to markers called 15745 / 16031
(Fraction SNP: 0.9821595658411827)
Successfully saved to: ./Empirical/Eigenstrat/Reichall/Stuttgart_published.DG/chr21/
Shuffling phase of target...
Successfully loaded Data from: ./Empirical/Eigenstrat/Reichall/Stuttgart_published.DG/chr21/
Loaded Emission Model: haploid
Loaded Transition Model: model
Loaded Post Processing Model: Standard
Minimum Genetic Map: -0.0085
Maximum Genetic Map: 0.6279
Gaps bigger than 0.1 cM: 77
Maximum Gap: 1.7139 cM
Loaded Transition and Emission Matrix:
(3, 3)
(5009, 15745)
Loaded Observations:
(2, 15745)
Memory Usage: 876.93312 mB
Reference Number: 5008
Total Log likelihood: -5556.233
Memory Usage: 876.93312 mB
Finished Calculation State Posteriors
Saved Zero State Posterior to ./Empirical/Eigenstrat/Reichall/Stuttgart_published.DG/chr21/.
Successfully loaded for PP. from ./Empirical/Eigenstrat/Reichall/Stuttgart_published.DG/chr21/
Fraction Markers in ROH: 0.4185
Merged n=0 gaps < 0.0 M
Called n=4 ROH Blocks > 1.0 cM
Longest Block: 1.823
Successfully saved to ./Empirical/Eigenstrat/Reichall/Stuttgart_published.DG/chr21/roh.csv
Using Low-Mem Cython Linear Speed Up.
Loaded Pre Processing Model: Eigenstrat
Loading Individual: Stuttgart_published.DG

Loaded 15802 variants
Loaded 2504 individuals
HDF5 loaded from ./Data/1000Genomes/HDF5/1240kHDF5/all1240/chr22.hdf5
3 Eigenstrat Files with 5081 Individuals and 1233013 SNPs

Intersection on Positions: 15802
Nr of Matching Refs: 15802 / 15802
Full Intersection Ref/Alt Identical: 15793 / 15802
2504 / 2504 Individuals included in Reference
Extraction of 5008 Haplotypes complete
Reduced to markers called 15512 / 15793
(Fraction SNP: 0.9822073070347622)
Successfully saved to: ./Empirical/Eigenstrat/Reichall/Stuttgart_published.DG/chr22/
Shuffling phase of target...
Successfully loaded Data from: ./Empirical/Eigenstrat/Reichall/Stuttgart_published.DG/chr22/
Loaded Emission Model: haploid
Loaded Transition Model: model
Loaded Post Processing Model: Standard
Minimum Genetic Map: 0.0163
Maximum Genetic Map: 0.7408
Gaps bigger than 0.1 cM: 80
Maximum Gap: 1.6097 cM
Loaded Transition and Emission Matrix:
(3, 3)
(5009, 15512)
Loaded Observations:
(2, 15512)
Memory Usage: 865.898496 mB
Reference Number: 5008
Total Log likelihood: -5554.427
Memory Usage: 865.898496 mB
Finished Calculation State Posteriors
Saved Zero State Posterior to ./Empirical/Eigenstrat/Reichall/Stuttgart_published.DG/chr22/.
Successfully loaded for PP. from ./Empirical/Eigenstrat/Reichall/Stuttgart_published.DG/chr22/
Fraction Markers in ROH: 0.4190
Merged n=0 gaps < 0.0 M
Called n=6 ROH Blocks > 1.0 cM
Longest Block: 2.342
Successfully saved to ./Empirical/Eigenstrat/Reichall/Stuttgart_published.DG/chr22/roh.csv
